2020-08-23 16:29:44,764 - root - INFO - Package version 0.1.1
2020-08-23 16:29:44,764 - root - INFO - Saving data at /vol/fob-vol1/mi15/plonerma/Lab/rewann/gruenau7/complexity_measure/data/2020-08-23_Iris -n_mutations; uniform -2,2; signed: False; seed: 4_000.
2020-08-23 16:29:44,764 - root - DEBUG - Loading training dataset
2020-08-23 16:29:44,827 - root - DEBUG - Loaded 150 samples.
2020-08-23 16:29:44,828 - root - DEBUG - Running experiments with the following parameters:
debug = true
experiment_name = "Iris -n_mutations; uniform -2,2; signed: False; seed: 4"
experiment_path = "data/2020-08-23_Iris -n_mutations; uniform -2,2; signed: False; seed: 4_000"

[config]
num_workers = 1
debug = true
backend = "numpy"

[postopt]
run_postopt = true
compile_report = false
num_weights = 100
num_samples = -1

[sampling]
seed = 4
post_init_seed = false
distribution = "uniform"
lower_bound = -2
upper_bound = 2
mean = 0
sigma = 1
num_weights_per_iteration = 5
num_samples_per_iteration = -1
hof_evaluation_iterations = 20

[task]
name = "iris"
sample_order_seed = 0
test_portion = 0.2
sample_length = 10
num_categories = 8

[storage]
data_base_path = "data"
log_filename = "execution.log"
commit_elite_freq = -1
commit_metrics_freq = 10

[population]
num_generations = 200
size = 100
initial_enabled_edge_prob = 0.05
initial_genes = "full"
initial_func = "random"
hof_size = 10
enable_edge_signs = false
enabled_activation_funcs = "all"

[selection]
use_tournaments = true
elite_ratio = 0.1
culling_ratio = 0.2
tournament_size = 5
objectives = [ "-log_loss.min", "-log_loss.mean", "-n_mutations",]
recorded_metrics = [ "accuracy", "kappa", "log_loss",]
hof_metric = "accuracy.mean"

[mutation.new_edge]
probability = 0.2
strategy = "layer_agnostic"
propability = 0.2

[mutation.new_node]
probability = 0.25
propability = 0.3

[mutation.reenable_edge]
probability = 0.05
propability = 0.1

[mutation.change_activation]
probability = 0.5
propability = 0.4

[mutation.change_edge_sign]
probability = 0.2

[mutation.new_recurrent_edge]
probability = 0.2
strategy = "any"

2020-08-23 16:29:44,840 - root - INFO - Starting evolutionary algorithm
2020-08-23 16:29:44,859 - root - DEBUG - Sampled weight [-0.78761096 -1.69494546 -0.42460958  1.93702564  0.58480452]
2020-08-23 16:29:45,933 - root - DEBUG - Updating hall of fame
2020-08-23 16:29:47,856 - root - INFO - Completed generation 1; 3.0s elapsed, 3.0s avg, 3.0s total. Expected time remaining: 6e+02s
2020-08-23 16:29:47,923 - root - INFO - #1 MAX:accuracy.mean: 0.46
2020-08-23 16:29:47,965 - root - DEBUG - Sampled weight [ 0.54645259  0.73867613  0.28382238  1.64192507 -0.32044043]
2020-08-23 16:29:49,022 - root - DEBUG - Updating hall of fame
2020-08-23 16:29:50,884 - root - INFO - Completed generation 2; 3.0s elapsed, 3.0s avg, 6.0s total. Expected time remaining: 5.9e+02s
2020-08-23 16:29:50,945 - root - INFO - #2 MAX:accuracy.mean: 0.46
2020-08-23 16:29:50,986 - root - DEBUG - Sampled weight [-0.82851159  1.12034269 -1.41879899 -0.58925943  0.34938075]
2020-08-23 16:29:52,043 - root - DEBUG - Updating hall of fame
2020-08-23 16:29:53,330 - root - INFO - Completed generation 3; 2.4s elapsed, 2.8s avg, 8.4s total. Expected time remaining: 5.5e+02s
2020-08-23 16:29:53,391 - root - INFO - #3 MAX:accuracy.mean: 0.61
2020-08-23 16:29:53,432 - root - DEBUG - Sampled weight [-1.14651701 -1.45248711  1.06482203 -0.15629492  1.264617  ]
2020-08-23 16:29:54,492 - root - DEBUG - Updating hall of fame
2020-08-23 16:29:55,976 - root - INFO - Completed generation 4; 2.6s elapsed, 2.7s avg, 1.1e+01s total. Expected time remaining: 5.4e+02s
2020-08-23 16:29:56,037 - root - INFO - #4 MAX:accuracy.mean: 0.6
2020-08-23 16:29:56,079 - root - DEBUG - Sampled weight [ 1.57588108 -0.87747693  1.33350959  0.86376605 -1.36517707]
2020-08-23 16:29:57,141 - root - DEBUG - Updating hall of fame
2020-08-23 16:29:58,485 - root - INFO - Completed generation 5; 2.4s elapsed, 2.7s avg, 1.3e+01s total. Expected time remaining: 5.2e+02s
2020-08-23 16:29:58,546 - root - INFO - #5 MAX:accuracy.mean: 0.7
2020-08-23 16:29:58,588 - root - DEBUG - Sampled weight [ 0.74768044  0.99593203  1.69459922  0.2435378  -1.90844692]
2020-08-23 16:29:59,654 - root - DEBUG - Updating hall of fame
2020-08-23 16:30:00,992 - root - INFO - Completed generation 6; 2.4s elapsed, 2.6s avg, 1.6e+01s total. Expected time remaining: 5.1e+02s
2020-08-23 16:30:01,053 - root - INFO - #6 MAX:accuracy.mean: 0.64
2020-08-23 16:30:01,094 - root - DEBUG - Sampled weight [ 1.79105859 -0.89763867  1.79252719  0.33892281 -1.80874266]
2020-08-23 16:30:02,180 - root - DEBUG - Updating hall of fame
2020-08-23 16:30:03,619 - root - INFO - Completed generation 7; 2.6s elapsed, 2.6s avg, 1.8e+01s total. Expected time remaining: 5.1e+02s
2020-08-23 16:30:03,685 - root - INFO - #7 MAX:accuracy.mean: 0.6
2020-08-23 16:30:03,729 - root - DEBUG - Sampled weight [-0.95694357 -1.92209502  0.83329226 -1.32760389  0.18256552]
2020-08-23 16:30:04,867 - root - DEBUG - Updating hall of fame
2020-08-23 16:30:05,868 - root - INFO - Completed generation 8; 2.2s elapsed, 2.6s avg, 2.1e+01s total. Expected time remaining: 4.9e+02s
2020-08-23 16:30:05,930 - root - INFO - #8 MAX:accuracy.mean: 0.66
2020-08-23 16:30:05,971 - root - DEBUG - Sampled weight [-0.86287568  0.7019026   0.88188884 -0.74636858  0.25389542]
2020-08-23 16:30:07,042 - root - DEBUG - Updating hall of fame
2020-08-23 16:30:08,200 - root - INFO - Completed generation 9; 2.3s elapsed, 2.5s avg, 2.3e+01s total. Expected time remaining: 4.9e+02s
2020-08-23 16:30:08,261 - root - INFO - #9 MAX:accuracy.mean: 0.69
2020-08-23 16:30:08,302 - root - DEBUG - Sampled weight [ 0.93832115  0.11534828 -0.21489013  0.53485581  0.14658086]
2020-08-23 16:30:09,366 - root - DEBUG - Updating hall of fame
2020-08-23 16:30:10,886 - root - INFO - Completed generation 10; 2.6s elapsed, 2.5s avg, 2.5e+01s total. Expected time remaining: 4.8e+02s
2020-08-23 16:30:10,947 - root - INFO - #10 MAX:accuracy.mean: 0.6
2020-08-23 16:30:11,036 - root - DEBUG - Sampled weight [-0.8136276   0.91408007 -0.21284796 -1.17098287  0.3796846 ]
2020-08-23 16:30:12,108 - root - DEBUG - Updating hall of fame
2020-08-23 16:30:13,449 - root - INFO - Completed generation 11; 2.5s elapsed, 2.5s avg, 2.8e+01s total. Expected time remaining: 4.8e+02s
2020-08-23 16:30:13,511 - root - INFO - #11 MAX:accuracy.mean: 0.61
2020-08-23 16:30:13,552 - root - DEBUG - Sampled weight [-0.48273857  0.22519539 -0.65663134  0.22398602 -1.85211378]
2020-08-23 16:30:14,623 - root - DEBUG - Updating hall of fame
2020-08-23 16:30:15,578 - root - INFO - Completed generation 12; 2.1s elapsed, 2.5s avg, 3e+01s total. Expected time remaining: 4.7e+02s
2020-08-23 16:30:15,639 - root - INFO - #12 MAX:accuracy.mean: 0.59
2020-08-23 16:30:15,679 - root - DEBUG - Sampled weight [ 0.51364437  0.17987157  1.26755853  1.73457919 -0.06649756]
2020-08-23 16:30:16,746 - root - DEBUG - Updating hall of fame
2020-08-23 16:30:17,332 - root - INFO - Completed generation 13; 1.7s elapsed, 2.4s avg, 3.2e+01s total. Expected time remaining: 4.6e+02s
2020-08-23 16:30:17,393 - root - INFO - #13 MAX:accuracy.mean: 0.59
2020-08-23 16:30:17,433 - root - DEBUG - Sampled weight [ 0.95582069 -1.08079111 -0.48239467 -0.28963455 -0.05676886]
2020-08-23 16:30:18,503 - root - DEBUG - Updating hall of fame
2020-08-23 16:30:19,089 - root - INFO - Completed generation 14; 1.7s elapsed, 2.4s avg, 3.3e+01s total. Expected time remaining: 4.4e+02s
2020-08-23 16:30:19,150 - root - INFO - #14 MAX:accuracy.mean: 0.58
2020-08-23 16:30:19,191 - root - DEBUG - Sampled weight [ 0.75820057  0.80213101 -0.61458212  0.1737096   1.73785383]
2020-08-23 16:30:20,260 - root - DEBUG - Updating hall of fame
2020-08-23 16:30:21,212 - root - INFO - Completed generation 15; 2.1s elapsed, 2.4s avg, 3.5e+01s total. Expected time remaining: 4.4e+02s
2020-08-23 16:30:21,273 - root - INFO - #15 MAX:accuracy.mean: 0.64
2020-08-23 16:30:21,314 - root - DEBUG - Sampled weight [-1.31191572 -1.02379228  0.64416981  1.97044512  0.58053712]
2020-08-23 16:30:22,379 - root - DEBUG - Updating hall of fame
2020-08-23 16:30:23,328 - root - INFO - Completed generation 16; 2.1s elapsed, 2.3s avg, 3.8e+01s total. Expected time remaining: 4.3e+02s
2020-08-23 16:30:23,389 - root - INFO - #16 MAX:accuracy.mean: 0.71
2020-08-23 16:30:23,430 - root - DEBUG - Sampled weight [ 1.28998499 -1.8886617  -0.18146195  1.4285888   0.6603545 ]
2020-08-23 16:30:24,501 - root - DEBUG - Updating hall of fame
2020-08-23 16:30:25,462 - root - INFO - Completed generation 17; 2.1s elapsed, 2.3s avg, 4e+01s total. Expected time remaining: 4.3e+02s
2020-08-23 16:30:25,523 - root - INFO - #17 MAX:accuracy.mean: 0.65
2020-08-23 16:30:25,565 - root - DEBUG - Sampled weight [-1.51197657 -1.29422332 -1.63029482  0.40551729  0.17031052]
2020-08-23 16:30:26,646 - root - DEBUG - Updating hall of fame
2020-08-23 16:30:27,596 - root - INFO - Completed generation 18; 2.1s elapsed, 2.3s avg, 4.2e+01s total. Expected time remaining: 4.2e+02s
2020-08-23 16:30:27,657 - root - INFO - #18 MAX:accuracy.mean: 0.63
2020-08-23 16:30:27,698 - root - DEBUG - Sampled weight [-1.4426499  -0.10338535  0.89779408 -0.54614315 -0.51481455]
2020-08-23 16:30:28,773 - root - DEBUG - Updating hall of fame
2020-08-23 16:30:29,718 - root - INFO - Completed generation 19; 2.1s elapsed, 2.3s avg, 4.4e+01s total. Expected time remaining: 4.2e+02s
2020-08-23 16:30:29,779 - root - INFO - #19 MAX:accuracy.mean: 0.64
2020-08-23 16:30:29,820 - root - DEBUG - Sampled weight [ 1.88027027  1.20872997 -0.72088551  0.93214784 -0.6003161 ]
2020-08-23 16:30:30,892 - root - DEBUG - Updating hall of fame
2020-08-23 16:30:31,837 - root - INFO - Completed generation 20; 2.1s elapsed, 2.3s avg, 4.6e+01s total. Expected time remaining: 4.1e+02s
2020-08-23 16:30:31,898 - root - INFO - #20 MAX:accuracy.mean: 0.67
2020-08-23 16:30:31,983 - root - DEBUG - Sampled weight [ 1.52045932  1.81457966 -1.34943749  1.36173243  1.34815322]
2020-08-23 16:30:33,057 - root - DEBUG - Updating hall of fame
2020-08-23 16:30:33,822 - root - INFO - Completed generation 21; 1.9s elapsed, 2.3s avg, 4.8e+01s total. Expected time remaining: 4.1e+02s
2020-08-23 16:30:33,884 - root - INFO - #21 MAX:accuracy.mean: 0.78
2020-08-23 16:30:33,925 - root - DEBUG - Sampled weight [-0.41713156  1.65671828 -1.41786337  1.53101452 -1.59255022]
2020-08-23 16:30:34,993 - root - DEBUG - Updating hall of fame
2020-08-23 16:30:35,755 - root - INFO - Completed generation 22; 1.9s elapsed, 2.3s avg, 5e+01s total. Expected time remaining: 4e+02s
2020-08-23 16:30:35,816 - root - INFO - #22 MAX:accuracy.mean: 0.75
2020-08-23 16:30:35,857 - root - DEBUG - Sampled weight [-0.11959691  0.94840511  1.50453478 -0.86922631 -1.91522396]
2020-08-23 16:30:36,928 - root - DEBUG - Updating hall of fame
2020-08-23 16:30:37,702 - root - INFO - Completed generation 23; 1.9s elapsed, 2.2s avg, 5.1e+01s total. Expected time remaining: 4e+02s
2020-08-23 16:30:37,763 - root - INFO - #23 MAX:accuracy.mean: 0.64
2020-08-23 16:30:37,804 - root - DEBUG - Sampled weight [-0.47267026 -1.28878445 -1.37428937  1.67229756 -0.677424  ]
2020-08-23 16:30:38,877 - root - DEBUG - Updating hall of fame
2020-08-23 16:30:39,814 - root - INFO - Completed generation 24; 2.1s elapsed, 2.2s avg, 5.3e+01s total. Expected time remaining: 3.9e+02s
2020-08-23 16:30:39,875 - root - INFO - #24 MAX:accuracy.mean: 0.66
2020-08-23 16:30:39,916 - root - DEBUG - Sampled weight [-1.30987291  1.3147312  -1.73236708  1.42055793 -0.73794677]
2020-08-23 16:30:40,985 - root - DEBUG - Updating hall of fame
2020-08-23 16:30:41,739 - root - INFO - Completed generation 25; 1.9s elapsed, 2.2s avg, 5.5e+01s total. Expected time remaining: 3.9e+02s
2020-08-23 16:30:41,800 - root - INFO - #25 MAX:accuracy.mean: 0.74
2020-08-23 16:30:41,841 - root - DEBUG - Sampled weight [ 1.72740492  0.5566215   1.00428827  0.75417543 -0.69759382]
2020-08-23 16:30:42,916 - root - DEBUG - Updating hall of fame
2020-08-23 16:30:43,482 - root - INFO - Completed generation 26; 1.7s elapsed, 2.2s avg, 5.7e+01s total. Expected time remaining: 3.8e+02s
2020-08-23 16:30:43,543 - root - INFO - #26 MAX:accuracy.mean: 0.7
2020-08-23 16:30:43,584 - root - DEBUG - Sampled weight [-1.34021623  1.1629853  -1.36292388 -1.09538952  1.85478219]
2020-08-23 16:30:44,660 - root - DEBUG - Updating hall of fame
2020-08-23 16:30:45,226 - root - INFO - Completed generation 27; 1.7s elapsed, 2.2s avg, 5.9e+01s total. Expected time remaining: 3.8e+02s
2020-08-23 16:30:45,287 - root - INFO - #27 MAX:accuracy.mean: 0.7
2020-08-23 16:30:45,328 - root - DEBUG - Sampled weight [-0.38425148  0.45278264  0.3764623   0.26060764  1.33631266]
2020-08-23 16:30:46,402 - root - DEBUG - Updating hall of fame
2020-08-23 16:30:47,156 - root - INFO - Completed generation 28; 1.9s elapsed, 2.2s avg, 6.1e+01s total. Expected time remaining: 3.7e+02s
2020-08-23 16:30:47,217 - root - INFO - #28 MAX:accuracy.mean: 0.62
2020-08-23 16:30:47,257 - root - DEBUG - Sampled weight [ 1.84279017  1.41833036 -1.12799318  0.66577701 -1.53173343]
2020-08-23 16:30:48,325 - root - DEBUG - Updating hall of fame
2020-08-23 16:30:48,518 - root - INFO - Completed generation 29; 1.3s elapsed, 2.1s avg, 6.2e+01s total. Expected time remaining: 3.6e+02s
2020-08-23 16:30:48,579 - root - INFO - #29 MAX:accuracy.mean: 0.72
2020-08-23 16:30:48,620 - root - DEBUG - Sampled weight [ 0.64876745 -1.89240929  0.02855955  1.57104071  1.25336147]
2020-08-23 16:30:49,691 - root - DEBUG - Updating hall of fame
2020-08-23 16:30:50,074 - root - INFO - Completed generation 30; 1.5s elapsed, 2.1s avg, 6.3e+01s total. Expected time remaining: 3.6e+02s
2020-08-23 16:30:50,135 - root - INFO - #30 MAX:accuracy.mean: 0.75
2020-08-23 16:30:50,222 - root - DEBUG - Sampled weight [-1.52335884 -1.46836554  1.2943     -0.06572073 -0.52687522]
2020-08-23 16:30:51,305 - root - DEBUG - Updating hall of fame
2020-08-23 16:30:51,879 - root - INFO - Completed generation 31; 1.7s elapsed, 2.1s avg, 6.5e+01s total. Expected time remaining: 3.5e+02s
2020-08-23 16:30:51,940 - root - INFO - #31 MAX:accuracy.mean: 0.79
2020-08-23 16:30:51,982 - root - DEBUG - Sampled weight [ 1.96342665 -0.26148568  0.51564645  0.01107354 -1.56849891]
2020-08-23 16:30:53,066 - root - DEBUG - Updating hall of fame
2020-08-23 16:30:53,643 - root - INFO - Completed generation 32; 1.7s elapsed, 2.1s avg, 6.7e+01s total. Expected time remaining: 3.5e+02s
2020-08-23 16:30:53,705 - root - INFO - #32 MAX:accuracy.mean: 0.76
2020-08-23 16:30:53,747 - root - DEBUG - Sampled weight [ 0.05190239  0.56244613 -0.54887973 -0.73204008  1.15666356]
2020-08-23 16:30:54,834 - root - DEBUG - Updating hall of fame
2020-08-23 16:30:55,431 - root - INFO - Completed generation 33; 1.7s elapsed, 2.1s avg, 6.8e+01s total. Expected time remaining: 3.5e+02s
2020-08-23 16:30:55,494 - root - INFO - #33 MAX:accuracy.mean: 0.75
2020-08-23 16:30:55,537 - root - DEBUG - Sampled weight [-0.56610446 -0.86705149 -0.31436031  1.87028973  1.63187614]
2020-08-23 16:30:56,620 - root - DEBUG - Updating hall of fame
2020-08-23 16:30:57,206 - root - INFO - Completed generation 34; 1.7s elapsed, 2.1s avg, 7e+01s total. Expected time remaining: 3.4e+02s
2020-08-23 16:30:57,268 - root - INFO - #34 MAX:accuracy.mean: 0.77
2020-08-23 16:30:57,308 - root - DEBUG - Sampled weight [ 1.52487632 -0.24990857 -1.90600946 -0.75327207 -0.52651327]
2020-08-23 16:30:58,392 - root - DEBUG - Updating hall of fame
2020-08-23 16:30:58,979 - root - INFO - Completed generation 35; 1.7s elapsed, 2.1s avg, 7.2e+01s total. Expected time remaining: 3.4e+02s
2020-08-23 16:30:59,149 - root - INFO - #35 MAX:accuracy.mean: 0.77
2020-08-23 16:30:59,190 - root - DEBUG - Sampled weight [-1.84141553 -0.76720952 -0.87372365  0.50779716 -1.29685444]
2020-08-23 16:31:00,281 - root - DEBUG - Updating hall of fame
2020-08-23 16:31:01,051 - root - INFO - Completed generation 36; 1.9s elapsed, 2.1s avg, 7.4e+01s total. Expected time remaining: 3.4e+02s
2020-08-23 16:31:01,117 - root - INFO - #36 MAX:accuracy.mean: 0.77
2020-08-23 16:31:01,158 - root - DEBUG - Sampled weight [-1.2013296   1.88186991 -1.81535586 -0.60018364  1.25619865]
2020-08-23 16:31:02,268 - root - DEBUG - Updating hall of fame
2020-08-23 16:31:03,232 - root - INFO - Completed generation 37; 2.1s elapsed, 2.1s avg, 7.6e+01s total. Expected time remaining: 3.3e+02s
2020-08-23 16:31:03,294 - root - INFO - #37 MAX:accuracy.mean: 0.79
2020-08-23 16:31:03,335 - root - DEBUG - Sampled weight [-1.75944733 -0.44471694 -1.55141694  0.00543772 -0.48072698]
2020-08-23 16:31:04,427 - root - DEBUG - Updating hall of fame
2020-08-23 16:31:05,196 - root - INFO - Completed generation 38; 1.9s elapsed, 2.0s avg, 7.8e+01s total. Expected time remaining: 3.3e+02s
2020-08-23 16:31:05,258 - root - INFO - #38 MAX:accuracy.mean: 0.78
2020-08-23 16:31:05,299 - root - DEBUG - Sampled weight [ 1.06332426 -0.47849486 -1.05441823 -0.48512065 -1.0011837 ]
2020-08-23 16:31:06,387 - root - DEBUG - Updating hall of fame
2020-08-23 16:31:06,988 - root - INFO - Completed generation 39; 1.7s elapsed, 2.0s avg, 8e+01s total. Expected time remaining: 3.3e+02s
2020-08-23 16:31:07,049 - root - INFO - #39 MAX:accuracy.mean: 0.78
2020-08-23 16:31:07,091 - root - DEBUG - Sampled weight [-0.17602188  1.70778821  1.69118598 -1.78283602 -1.01679164]
2020-08-23 16:31:08,171 - root - DEBUG - Updating hall of fame
2020-08-23 16:31:08,751 - root - INFO - Completed generation 40; 1.7s elapsed, 2.0s avg, 8.1e+01s total. Expected time remaining: 3.3e+02s
2020-08-23 16:31:08,813 - root - INFO - #40 MAX:accuracy.mean: 0.84
2020-08-23 16:31:08,901 - root - DEBUG - Sampled weight [-0.58348688  1.54842636  1.82991572 -1.25752258 -0.35266867]
2020-08-23 16:31:09,998 - root - DEBUG - Updating hall of fame
2020-08-23 16:31:10,573 - root - INFO - Completed generation 41; 1.7s elapsed, 2.0s avg, 8.3e+01s total. Expected time remaining: 3.2e+02s
2020-08-23 16:31:10,635 - root - INFO - #41 MAX:accuracy.mean: 0.79
2020-08-23 16:31:10,676 - root - DEBUG - Sampled weight [-0.28846278  1.41790201 -0.4528937   0.54310472  0.03740897]
2020-08-23 16:31:11,763 - root - DEBUG - Updating hall of fame
2020-08-23 16:31:12,346 - root - INFO - Completed generation 42; 1.7s elapsed, 2.0s avg, 8.5e+01s total. Expected time remaining: 3.2e+02s
2020-08-23 16:31:12,408 - root - INFO - #42 MAX:accuracy.mean: 0.77
2020-08-23 16:31:12,449 - root - DEBUG - Sampled weight [-0.62817441  0.59494821 -1.89360657 -1.69212013 -1.21845447]
2020-08-23 16:31:13,532 - root - DEBUG - Updating hall of fame
2020-08-23 16:31:13,928 - root - INFO - Completed generation 43; 1.5s elapsed, 2.0s avg, 8.6e+01s total. Expected time remaining: 3.1e+02s
2020-08-23 16:31:13,990 - root - INFO - #43 MAX:accuracy.mean: 0.83
2020-08-23 16:31:14,031 - root - DEBUG - Sampled weight [-1.17098675  0.57585637 -0.82411392 -0.31563312 -1.22495243]
2020-08-23 16:31:15,121 - root - DEBUG - Updating hall of fame
2020-08-23 16:31:15,883 - root - INFO - Completed generation 44; 1.9s elapsed, 2.0s avg, 8.8e+01s total. Expected time remaining: 3.1e+02s
2020-08-23 16:31:15,945 - root - INFO - #44 MAX:accuracy.mean: 0.79
2020-08-23 16:31:15,987 - root - DEBUG - Sampled weight [ 1.34369143  0.82690726 -0.64401009  0.06429336  0.19331155]
2020-08-23 16:31:17,069 - root - DEBUG - Updating hall of fame
2020-08-23 16:31:17,460 - root - INFO - Completed generation 45; 1.5s elapsed, 2.0s avg, 9e+01s total. Expected time remaining: 3.1e+02s
2020-08-23 16:31:17,522 - root - INFO - #45 MAX:accuracy.mean: 0.76
2020-08-23 16:31:17,563 - root - DEBUG - Sampled weight [ 0.27250084 -0.40326631 -1.49204464 -0.36289163  0.22327457]
2020-08-23 16:31:18,644 - root - DEBUG - Updating hall of fame
2020-08-23 16:31:19,028 - root - INFO - Completed generation 46; 1.5s elapsed, 2.0s avg, 9.1e+01s total. Expected time remaining: 3.1e+02s
2020-08-23 16:31:19,090 - root - INFO - #46 MAX:accuracy.mean: 0.76
2020-08-23 16:31:19,131 - root - DEBUG - Sampled weight [-1.19349034 -0.69415554  0.37732108  0.08820182 -1.22275729]
2020-08-23 16:31:20,219 - root - DEBUG - Updating hall of fame
2020-08-23 16:31:20,418 - root - INFO - Completed generation 47; 1.3s elapsed, 2.0s avg, 9.2e+01s total. Expected time remaining: 3e+02s
2020-08-23 16:31:20,479 - root - INFO - #47 MAX:accuracy.mean: 0.76
2020-08-23 16:31:20,520 - root - DEBUG - Sampled weight [ 1.72915521  1.77069171 -0.46704288  0.64558145 -0.67746197]
2020-08-23 16:31:21,609 - root - DEBUG - Updating hall of fame
2020-08-23 16:31:21,991 - root - INFO - Completed generation 48; 1.5s elapsed, 2.0s avg, 9.4e+01s total. Expected time remaining: 3e+02s
2020-08-23 16:31:22,053 - root - INFO - #48 MAX:accuracy.mean: 0.78
2020-08-23 16:31:22,095 - root - DEBUG - Sampled weight [-1.89686237  1.97002057  1.78105382  1.00751095 -1.36539667]
2020-08-23 16:31:23,192 - root - DEBUG - Updating hall of fame
2020-08-23 16:31:24,144 - root - INFO - Completed generation 49; 2.1s elapsed, 2.0s avg, 9.6e+01s total. Expected time remaining: 3e+02s
2020-08-23 16:31:24,206 - root - INFO - #49 MAX:accuracy.mean: 0.88
2020-08-23 16:31:24,248 - root - DEBUG - Sampled weight [1.36905087 0.48004298 1.96022244 1.86098075 0.98374163]
2020-08-23 16:31:25,337 - root - DEBUG - Updating hall of fame
2020-08-23 16:31:26,101 - root - INFO - Completed generation 50; 1.9s elapsed, 2.0s avg, 9.8e+01s total. Expected time remaining: 2.9e+02s
2020-08-23 16:31:26,163 - root - INFO - #50 MAX:accuracy.mean: 0.79
2020-08-23 16:31:26,258 - root - DEBUG - Sampled weight [ 1.72278115 -1.36599616  0.01681208 -1.70118227 -0.85299969]
2020-08-23 16:31:27,356 - root - DEBUG - Updating hall of fame
2020-08-23 16:31:28,130 - root - INFO - Completed generation 51; 1.9s elapsed, 2.0s avg, 1e+02s total. Expected time remaining: 2.9e+02s
2020-08-23 16:31:28,191 - root - INFO - #51 MAX:accuracy.mean: 0.84
2020-08-23 16:31:28,233 - root - DEBUG - Sampled weight [ 0.1072954   1.48323188  1.95493883  0.50484634 -0.33159623]
2020-08-23 16:31:29,316 - root - DEBUG - Updating hall of fame
2020-08-23 16:31:30,074 - root - INFO - Completed generation 52; 1.9s elapsed, 2.0s avg, 1e+02s total. Expected time remaining: 2.9e+02s
2020-08-23 16:31:30,136 - root - INFO - #52 MAX:accuracy.mean: 0.77
2020-08-23 16:31:30,177 - root - DEBUG - Sampled weight [-1.16500745  1.99453238  1.9304932   0.56746816  0.60656557]
2020-08-23 16:31:31,292 - root - DEBUG - Updating hall of fame
2020-08-23 16:31:31,501 - root - INFO - Completed generation 53; 1.4s elapsed, 1.9s avg, 1e+02s total. Expected time remaining: 2.9e+02s
2020-08-23 16:31:31,567 - root - INFO - #53 MAX:accuracy.mean: 0.77
2020-08-23 16:31:31,612 - root - DEBUG - Sampled weight [-0.60467723  0.60073968  0.31102036  1.9724759  -0.87124236]
2020-08-23 16:31:32,759 - root - DEBUG - Updating hall of fame
2020-08-23 16:31:33,338 - root - INFO - Completed generation 54; 1.8s elapsed, 1.9s avg, 1e+02s total. Expected time remaining: 2.8e+02s
2020-08-23 16:31:33,400 - root - INFO - #54 MAX:accuracy.mean: 0.76
2020-08-23 16:31:33,440 - root - DEBUG - Sampled weight [-1.26397023 -1.82560076 -0.90144571  0.52419531  1.33488801]
2020-08-23 16:31:34,525 - root - DEBUG - Updating hall of fame
2020-08-23 16:31:35,112 - root - INFO - Completed generation 55; 1.7s elapsed, 1.9s avg, 1.1e+02s total. Expected time remaining: 2.8e+02s
2020-08-23 16:31:35,179 - root - INFO - #55 MAX:accuracy.mean: 0.76
2020-08-23 16:31:35,223 - root - DEBUG - Sampled weight [-0.70211056 -0.34550706  1.53376305  1.59793529  1.63645928]
2020-08-23 16:31:36,379 - root - DEBUG - Updating hall of fame
2020-08-23 16:31:36,980 - root - INFO - Completed generation 56; 1.8s elapsed, 1.9s avg, 1.1e+02s total. Expected time remaining: 2.8e+02s
2020-08-23 16:31:37,046 - root - INFO - #56 MAX:accuracy.mean: 0.81
2020-08-23 16:31:37,089 - root - DEBUG - Sampled weight [-0.4873295  -1.63585136  1.02240473  1.66669561  0.73447914]
2020-08-23 16:31:38,248 - root - DEBUG - Updating hall of fame
2020-08-23 16:31:38,654 - root - INFO - Completed generation 57; 1.6s elapsed, 1.9s avg, 1.1e+02s total. Expected time remaining: 2.8e+02s
2020-08-23 16:31:38,719 - root - INFO - #57 MAX:accuracy.mean: 0.81
2020-08-23 16:31:38,764 - root - DEBUG - Sampled weight [-0.8978003   1.9870336  -1.58732052  1.37847471 -1.39639264]
2020-08-23 16:31:39,927 - root - DEBUG - Updating hall of fame
2020-08-23 16:31:40,938 - root - INFO - Completed generation 58; 2.2s elapsed, 1.9s avg, 1.1e+02s total. Expected time remaining: 2.7e+02s
2020-08-23 16:31:41,004 - root - INFO - #58 MAX:accuracy.mean: 0.82
2020-08-23 16:31:41,048 - root - DEBUG - Sampled weight [ 0.05330805 -1.53662847  0.46418926  1.74092762  0.50923992]
2020-08-23 16:31:42,157 - root - DEBUG - Updating hall of fame
2020-08-23 16:31:42,913 - root - INFO - Completed generation 59; 1.9s elapsed, 1.9s avg, 1.1e+02s total. Expected time remaining: 2.7e+02s
2020-08-23 16:31:42,974 - root - INFO - #59 MAX:accuracy.mean: 0.77
2020-08-23 16:31:43,015 - root - DEBUG - Sampled weight [-1.96529257 -0.55556528 -0.32498775  0.02355113 -0.94141398]
2020-08-23 16:31:44,103 - root - DEBUG - Updating hall of fame
2020-08-23 16:31:44,295 - root - INFO - Completed generation 60; 1.3s elapsed, 1.9s avg, 1.2e+02s total. Expected time remaining: 2.7e+02s
2020-08-23 16:31:44,357 - root - INFO - #60 MAX:accuracy.mean: 0.71
2020-08-23 16:31:44,447 - root - DEBUG - Sampled weight [-0.34058916  0.656745   -1.49031079  0.50470905  1.59978069]
2020-08-23 16:31:45,541 - root - DEBUG - Updating hall of fame
2020-08-23 16:31:45,732 - root - INFO - Completed generation 61; 1.3s elapsed, 1.9s avg, 1.2e+02s total. Expected time remaining: 2.7e+02s
2020-08-23 16:31:45,794 - root - INFO - #61 MAX:accuracy.mean: 0.79
2020-08-23 16:31:45,835 - root - DEBUG - Sampled weight [ 1.5616452   1.42913877  0.42833469  1.18901046 -0.05674298]
2020-08-23 16:31:46,921 - root - DEBUG - Updating hall of fame
2020-08-23 16:31:46,921 - root - INFO - Completed generation 62; 1.1s elapsed, 1.9s avg, 1.2e+02s total. Expected time remaining: 2.6e+02s
2020-08-23 16:31:46,983 - root - INFO - #62 MAX:accuracy.mean: 0.76
2020-08-23 16:31:47,025 - root - DEBUG - Sampled weight [ 1.44365624  1.27303671  0.44756066  0.52773027 -0.01721944]
2020-08-23 16:31:48,120 - root - DEBUG - Updating hall of fame
2020-08-23 16:31:48,693 - root - INFO - Completed generation 63; 1.7s elapsed, 1.9s avg, 1.2e+02s total. Expected time remaining: 2.6e+02s
2020-08-23 16:31:48,755 - root - INFO - #63 MAX:accuracy.mean: 0.74
2020-08-23 16:31:48,796 - root - DEBUG - Sampled weight [-1.44598835  1.62976522  1.06790086  0.16087529 -0.94027453]
2020-08-23 16:31:49,892 - root - DEBUG - Updating hall of fame
2020-08-23 16:31:49,892 - root - INFO - Completed generation 64; 1.1s elapsed, 1.9s avg, 1.2e+02s total. Expected time remaining: 2.6e+02s
2020-08-23 16:31:49,954 - root - INFO - #64 MAX:accuracy.mean: 0.77
2020-08-23 16:31:49,995 - root - DEBUG - Sampled weight [ 0.02065177 -1.25493984 -0.72196975 -1.37165803 -1.64890497]
2020-08-23 16:31:51,089 - root - DEBUG - Updating hall of fame
2020-08-23 16:31:51,658 - root - INFO - Completed generation 65; 1.7s elapsed, 1.9s avg, 1.2e+02s total. Expected time remaining: 2.5e+02s
2020-08-23 16:31:51,720 - root - INFO - #65 MAX:accuracy.mean: 0.78
2020-08-23 16:31:51,762 - root - DEBUG - Sampled weight [ 0.57885544 -0.62921257  1.27346775  1.34263135  0.35714288]
2020-08-23 16:31:52,850 - root - DEBUG - Updating hall of fame
2020-08-23 16:31:53,222 - root - INFO - Completed generation 66; 1.5s elapsed, 1.9s avg, 1.2e+02s total. Expected time remaining: 2.5e+02s
2020-08-23 16:31:53,283 - root - INFO - #66 MAX:accuracy.mean: 0.77
2020-08-23 16:31:53,325 - root - DEBUG - Sampled weight [ 1.07437676  1.67994439  1.21240018 -0.64786656 -0.78912238]
2020-08-23 16:31:54,420 - root - DEBUG - Updating hall of fame
2020-08-23 16:31:54,605 - root - INFO - Completed generation 67; 1.3s elapsed, 1.9s avg, 1.3e+02s total. Expected time remaining: 2.5e+02s
2020-08-23 16:31:54,667 - root - INFO - #67 MAX:accuracy.mean: 0.75
2020-08-23 16:31:54,708 - root - DEBUG - Sampled weight [-1.0063617   1.50256307  1.10873761  0.66255552 -1.85506994]
2020-08-23 16:31:55,812 - root - DEBUG - Updating hall of fame
2020-08-23 16:31:56,204 - root - INFO - Completed generation 68; 1.5s elapsed, 1.9s avg, 1.3e+02s total. Expected time remaining: 2.5e+02s
2020-08-23 16:31:56,266 - root - INFO - #68 MAX:accuracy.mean: 0.83
2020-08-23 16:31:56,308 - root - DEBUG - Sampled weight [ 1.35662038 -0.76451529  0.76106023 -0.51412883 -0.03876149]
2020-08-23 16:31:57,408 - root - DEBUG - Updating hall of fame
2020-08-23 16:31:57,986 - root - INFO - Completed generation 69; 1.7s elapsed, 1.9s avg, 1.3e+02s total. Expected time remaining: 2.4e+02s
2020-08-23 16:31:58,047 - root - INFO - #69 MAX:accuracy.mean: 0.8
2020-08-23 16:31:58,088 - root - DEBUG - Sampled weight [-0.45703862  0.75991513 -0.7168596  -0.45738134 -1.63864482]
2020-08-23 16:31:59,184 - root - DEBUG - Updating hall of fame
2020-08-23 16:31:59,948 - root - INFO - Completed generation 70; 1.9s elapsed, 1.9s avg, 1.3e+02s total. Expected time remaining: 2.4e+02s
2020-08-23 16:32:00,010 - root - INFO - #70 MAX:accuracy.mean: 0.76
2020-08-23 16:32:00,121 - root - DEBUG - Sampled weight [ 0.42836514 -1.69885688  1.07576533  1.86833081  1.37352697]
2020-08-23 16:32:01,212 - root - DEBUG - Updating hall of fame
2020-08-23 16:32:01,611 - root - INFO - Completed generation 71; 1.5s elapsed, 1.9s avg, 1.3e+02s total. Expected time remaining: 2.4e+02s
2020-08-23 16:32:01,673 - root - INFO - #71 MAX:accuracy.mean: 0.84
2020-08-23 16:32:01,714 - root - DEBUG - Sampled weight [-1.22478695  0.69880467  0.24600285  1.91416059  1.93023761]
2020-08-23 16:32:02,874 - root - DEBUG - Updating hall of fame
2020-08-23 16:32:03,473 - root - INFO - Completed generation 72; 1.8s elapsed, 1.9s avg, 1.3e+02s total. Expected time remaining: 2.4e+02s
2020-08-23 16:32:03,538 - root - INFO - #72 MAX:accuracy.mean: 0.78
2020-08-23 16:32:03,583 - root - DEBUG - Sampled weight [-1.24872538 -0.27097097  1.49730442 -0.61401143  1.98320363]
2020-08-23 16:32:04,742 - root - DEBUG - Updating hall of fame
2020-08-23 16:32:05,159 - root - INFO - Completed generation 73; 1.6s elapsed, 1.9s avg, 1.4e+02s total. Expected time remaining: 2.4e+02s
2020-08-23 16:32:05,224 - root - INFO - #73 MAX:accuracy.mean: 0.78
2020-08-23 16:32:05,269 - root - DEBUG - Sampled weight [-0.10899487  0.36610637 -1.38881332 -1.00761322  1.44899533]
2020-08-23 16:32:06,416 - root - DEBUG - Updating hall of fame
2020-08-23 16:32:06,619 - root - INFO - Completed generation 74; 1.4s elapsed, 1.8s avg, 1.4e+02s total. Expected time remaining: 2.3e+02s
2020-08-23 16:32:06,682 - root - INFO - #74 MAX:accuracy.mean: 0.78
2020-08-23 16:32:06,724 - root - DEBUG - Sampled weight [-0.60758214 -1.22705498 -0.36175105  1.71063914 -1.4598228 ]
2020-08-23 16:32:07,848 - root - DEBUG - Updating hall of fame
2020-08-23 16:32:08,242 - root - INFO - Completed generation 75; 1.6s elapsed, 1.8s avg, 1.4e+02s total. Expected time remaining: 2.3e+02s
2020-08-23 16:32:08,305 - root - INFO - #75 MAX:accuracy.mean: 0.79
2020-08-23 16:32:08,348 - root - DEBUG - Sampled weight [-1.98978626  1.86432054  0.91657113 -0.91394787 -0.54953059]
2020-08-23 16:32:09,464 - root - DEBUG - Updating hall of fame
2020-08-23 16:32:10,036 - root - INFO - Completed generation 76; 1.7s elapsed, 1.8s avg, 1.4e+02s total. Expected time remaining: 2.3e+02s
2020-08-23 16:32:10,097 - root - INFO - #76 MAX:accuracy.mean: 0.76
2020-08-23 16:32:10,139 - root - DEBUG - Sampled weight [-0.65726389  0.76285643  0.64027694  1.3071488  -1.82791018]
2020-08-23 16:32:11,237 - root - DEBUG - Updating hall of fame
2020-08-23 16:32:11,801 - root - INFO - Completed generation 77; 1.7s elapsed, 1.8s avg, 1.4e+02s total. Expected time remaining: 2.3e+02s
2020-08-23 16:32:11,862 - root - INFO - #77 MAX:accuracy.mean: 0.77
2020-08-23 16:32:11,903 - root - DEBUG - Sampled weight [-0.86393899  0.65284879 -0.77491739  1.5881909   1.98346171]
2020-08-23 16:32:13,008 - root - DEBUG - Updating hall of fame
2020-08-23 16:32:13,956 - root - INFO - Completed generation 78; 2.1s elapsed, 1.8s avg, 1.4e+02s total. Expected time remaining: 2.3e+02s
2020-08-23 16:32:14,017 - root - INFO - #78 MAX:accuracy.mean: 0.8
2020-08-23 16:32:14,059 - root - DEBUG - Sampled weight [-1.70904951  0.46250245 -1.26161947  1.80713961 -1.92240166]
2020-08-23 16:32:15,148 - root - DEBUG - Updating hall of fame
2020-08-23 16:32:15,708 - root - INFO - Completed generation 79; 1.7s elapsed, 1.8s avg, 1.5e+02s total. Expected time remaining: 2.2e+02s
2020-08-23 16:32:15,769 - root - INFO - #79 MAX:accuracy.mean: 0.82
2020-08-23 16:32:15,811 - root - DEBUG - Sampled weight [ 1.98955288 -1.28752564 -1.05541928 -1.2014894   0.25464915]
2020-08-23 16:32:16,906 - root - DEBUG - Updating hall of fame
2020-08-23 16:32:17,482 - root - INFO - Completed generation 80; 1.7s elapsed, 1.8s avg, 1.5e+02s total. Expected time remaining: 2.2e+02s
2020-08-23 16:32:17,543 - root - INFO - #80 MAX:accuracy.mean: 0.75
2020-08-23 16:32:17,659 - root - DEBUG - Sampled weight [ 1.96925577  1.28736168  1.25297217 -0.01468139  0.98502764]
2020-08-23 16:32:18,737 - root - DEBUG - Updating hall of fame
2020-08-23 16:32:18,737 - root - INFO - Completed generation 81; 1.1s elapsed, 1.8s avg, 1.5e+02s total. Expected time remaining: 2.2e+02s
2020-08-23 16:32:18,798 - root - INFO - #81 MAX:accuracy.mean: 0.85
2020-08-23 16:32:18,838 - root - DEBUG - Sampled weight [-1.88539121  0.88584708  1.27165244 -1.07570334  0.91559739]
2020-08-23 16:32:19,929 - root - DEBUG - Updating hall of fame
2020-08-23 16:32:20,856 - root - INFO - Completed generation 82; 2.1s elapsed, 1.8s avg, 1.5e+02s total. Expected time remaining: 2.2e+02s
2020-08-23 16:32:20,916 - root - INFO - #82 MAX:accuracy.mean: 0.86
2020-08-23 16:32:20,958 - root - DEBUG - Sampled weight [-0.66505466 -1.43242247  0.73464311 -0.55801625  1.31937067]
2020-08-23 16:32:22,040 - root - DEBUG - Updating hall of fame
2020-08-23 16:32:22,414 - root - INFO - Completed generation 83; 1.5s elapsed, 1.8s avg, 1.5e+02s total. Expected time remaining: 2.1e+02s
2020-08-23 16:32:22,474 - root - INFO - #83 MAX:accuracy.mean: 0.79
2020-08-23 16:32:22,516 - root - DEBUG - Sampled weight [ 1.7209907   1.30903782 -0.11793458  1.38116067  0.24327213]
2020-08-23 16:32:23,600 - root - DEBUG - Updating hall of fame
2020-08-23 16:32:23,978 - root - INFO - Completed generation 84; 1.5s elapsed, 1.8s avg, 1.5e+02s total. Expected time remaining: 2.1e+02s
2020-08-23 16:32:24,038 - root - INFO - #84 MAX:accuracy.mean: 0.82
2020-08-23 16:32:24,080 - root - DEBUG - Sampled weight [-1.76370454  1.12697008 -1.08641784 -1.18453098 -0.58946421]
2020-08-23 16:32:25,158 - root - DEBUG - Updating hall of fame
2020-08-23 16:32:25,544 - root - INFO - Completed generation 85; 1.5s elapsed, 1.8s avg, 1.5e+02s total. Expected time remaining: 2.1e+02s
2020-08-23 16:32:25,605 - root - INFO - #85 MAX:accuracy.mean: 0.79
2020-08-23 16:32:25,646 - root - DEBUG - Sampled weight [ 0.40899265 -1.66379513 -1.59569835  0.22898148 -0.36003858]
2020-08-23 16:32:26,735 - root - DEBUG - Updating hall of fame
2020-08-23 16:32:27,506 - root - INFO - Completed generation 86; 1.9s elapsed, 1.8s avg, 1.6e+02s total. Expected time remaining: 2.1e+02s
2020-08-23 16:32:27,566 - root - INFO - #86 MAX:accuracy.mean: 0.83
2020-08-23 16:32:27,607 - root - DEBUG - Sampled weight [-0.53819298  0.71564731 -1.0598724   1.74649922  0.49403657]
2020-08-23 16:32:28,685 - root - DEBUG - Updating hall of fame
2020-08-23 16:32:29,071 - root - INFO - Completed generation 87; 1.5s elapsed, 1.8s avg, 1.6e+02s total. Expected time remaining: 2.1e+02s
2020-08-23 16:32:29,131 - root - INFO - #87 MAX:accuracy.mean: 0.78
2020-08-23 16:32:29,172 - root - DEBUG - Sampled weight [-1.56463978  1.27167306  0.67656796  1.00242208  1.74918309]
2020-08-23 16:32:30,263 - root - DEBUG - Updating hall of fame
2020-08-23 16:32:31,041 - root - INFO - Completed generation 88; 1.9s elapsed, 1.8s avg, 1.6e+02s total. Expected time remaining: 2e+02s
2020-08-23 16:32:31,102 - root - INFO - #88 MAX:accuracy.mean: 0.88
2020-08-23 16:32:31,143 - root - DEBUG - Sampled weight [-0.78007727 -1.40747394 -0.9197194   0.68209718  0.13575222]
2020-08-23 16:32:32,222 - root - DEBUG - Updating hall of fame
2020-08-23 16:32:32,990 - root - INFO - Completed generation 89; 1.9s elapsed, 1.8s avg, 1.6e+02s total. Expected time remaining: 2e+02s
2020-08-23 16:32:33,051 - root - INFO - #89 MAX:accuracy.mean: 0.79
2020-08-23 16:32:33,091 - root - DEBUG - Sampled weight [ 0.39721322 -1.95879153  1.83339284  1.98065318 -0.81071492]
2020-08-23 16:32:34,176 - root - DEBUG - Updating hall of fame
2020-08-23 16:32:34,745 - root - INFO - Completed generation 90; 1.7s elapsed, 1.8s avg, 1.6e+02s total. Expected time remaining: 2e+02s
2020-08-23 16:32:34,806 - root - INFO - #90 MAX:accuracy.mean: 0.8
2020-08-23 16:32:34,908 - root - DEBUG - Sampled weight [-1.00219832  1.06939375 -1.28845233  0.23460141 -1.68790482]
2020-08-23 16:32:35,997 - root - DEBUG - Updating hall of fame
2020-08-23 16:32:36,374 - root - INFO - Completed generation 91; 1.5s elapsed, 1.8s avg, 1.7e+02s total. Expected time remaining: 2e+02s
2020-08-23 16:32:36,434 - root - INFO - #91 MAX:accuracy.mean: 0.8
2020-08-23 16:32:36,475 - root - DEBUG - Sampled weight [-0.07464403  1.87058236 -0.50556068 -1.99318784 -0.18500237]
2020-08-23 16:32:37,568 - root - DEBUG - Updating hall of fame
2020-08-23 16:32:38,125 - root - INFO - Completed generation 92; 1.7s elapsed, 1.8s avg, 1.7e+02s total. Expected time remaining: 2e+02s
2020-08-23 16:32:38,185 - root - INFO - #92 MAX:accuracy.mean: 0.79
2020-08-23 16:32:38,227 - root - DEBUG - Sampled weight [-0.43978725 -0.96095396  1.34242306  0.70647304 -0.79674148]
2020-08-23 16:32:39,306 - root - DEBUG - Updating hall of fame
2020-08-23 16:32:39,671 - root - INFO - Completed generation 93; 1.5s elapsed, 1.8s avg, 1.7e+02s total. Expected time remaining: 1.9e+02s
2020-08-23 16:32:39,731 - root - INFO - #93 MAX:accuracy.mean: 0.76
2020-08-23 16:32:39,772 - root - DEBUG - Sampled weight [ 0.56990943  0.50250053 -0.87021596  1.72903456 -0.50358809]
2020-08-23 16:32:40,854 - root - DEBUG - Updating hall of fame
2020-08-23 16:32:41,402 - root - INFO - Completed generation 94; 1.7s elapsed, 1.8s avg, 1.7e+02s total. Expected time remaining: 1.9e+02s
2020-08-23 16:32:41,463 - root - INFO - #94 MAX:accuracy.mean: 0.76
2020-08-23 16:32:41,503 - root - DEBUG - Sampled weight [-0.84836128 -1.72979518 -0.02962174 -1.2736889  -1.86618509]
2020-08-23 16:32:42,578 - root - DEBUG - Updating hall of fame
2020-08-23 16:32:43,320 - root - INFO - Completed generation 95; 1.9s elapsed, 1.8s avg, 1.7e+02s total. Expected time remaining: 1.9e+02s
2020-08-23 16:32:43,381 - root - INFO - #95 MAX:accuracy.mean: 0.79
2020-08-23 16:32:43,421 - root - DEBUG - Sampled weight [ 1.5701097   1.38517635  0.11643553 -1.28617981  1.03890938]
2020-08-23 16:32:44,506 - root - DEBUG - Updating hall of fame
2020-08-23 16:32:45,063 - root - INFO - Completed generation 96; 1.7s elapsed, 1.8s avg, 1.7e+02s total. Expected time remaining: 1.9e+02s
2020-08-23 16:32:45,124 - root - INFO - #96 MAX:accuracy.mean: 0.84
2020-08-23 16:32:45,165 - root - DEBUG - Sampled weight [ 1.94602897  1.41871327  0.73659341 -0.57848119 -1.51834082]
2020-08-23 16:32:46,250 - root - DEBUG - Updating hall of fame
2020-08-23 16:32:47,000 - root - INFO - Completed generation 97; 1.9s elapsed, 1.8s avg, 1.8e+02s total. Expected time remaining: 1.9e+02s
2020-08-23 16:32:47,060 - root - INFO - #97 MAX:accuracy.mean: 0.8
2020-08-23 16:32:47,101 - root - DEBUG - Sampled weight [ 0.24374876 -1.32436923  1.53275432  0.10346237 -0.93770935]
2020-08-23 16:32:48,178 - root - DEBUG - Updating hall of fame
2020-08-23 16:32:48,374 - root - INFO - Completed generation 98; 1.3s elapsed, 1.8s avg, 1.8e+02s total. Expected time remaining: 1.8e+02s
2020-08-23 16:32:48,434 - root - INFO - #98 MAX:accuracy.mean: 0.8
2020-08-23 16:32:48,475 - root - DEBUG - Sampled weight [-1.56298193  0.61240122 -0.76110136 -0.26679752  0.50015839]
2020-08-23 16:32:49,561 - root - DEBUG - Updating hall of fame
2020-08-23 16:32:50,111 - root - INFO - Completed generation 99; 1.7s elapsed, 1.8s avg, 1.8e+02s total. Expected time remaining: 1.8e+02s
2020-08-23 16:32:50,171 - root - INFO - #99 MAX:accuracy.mean: 0.82
2020-08-23 16:32:50,212 - root - DEBUG - Sampled weight [ 1.6137303   1.55600236  0.15066573 -0.63465416  1.59577044]
2020-08-23 16:32:51,296 - root - DEBUG - Updating hall of fame
2020-08-23 16:32:51,660 - root - INFO - Completed generation 100; 1.5s elapsed, 1.8s avg, 1.8e+02s total. Expected time remaining: 1.8e+02s
2020-08-23 16:32:51,720 - root - INFO - #100 MAX:accuracy.mean: 0.84
2020-08-23 16:32:51,819 - root - DEBUG - Sampled weight [-0.73177939  0.75828722  0.52740435  1.72171718  0.66627772]
2020-08-23 16:32:52,896 - root - DEBUG - Updating hall of fame
2020-08-23 16:32:53,282 - root - INFO - Completed generation 101; 1.5s elapsed, 1.8s avg, 1.8e+02s total. Expected time remaining: 1.8e+02s
2020-08-23 16:32:53,342 - root - INFO - #101 MAX:accuracy.mean: 0.81
2020-08-23 16:32:53,383 - root - DEBUG - Sampled weight [-1.6533339  -1.30939787 -0.21117557  1.82135635 -0.74832371]
2020-08-23 16:32:54,458 - root - DEBUG - Updating hall of fame
2020-08-23 16:32:54,838 - root - INFO - Completed generation 102; 1.5s elapsed, 1.8s avg, 1.8e+02s total. Expected time remaining: 1.8e+02s
2020-08-23 16:32:54,899 - root - INFO - #102 MAX:accuracy.mean: 0.81
2020-08-23 16:32:54,940 - root - DEBUG - Sampled weight [ 0.47685355 -1.33775375 -1.81927684  1.98362138 -0.39776567]
2020-08-23 16:32:56,028 - root - DEBUG - Updating hall of fame
2020-08-23 16:32:56,420 - root - INFO - Completed generation 103; 1.5s elapsed, 1.8s avg, 1.8e+02s total. Expected time remaining: 1.7e+02s
2020-08-23 16:32:56,480 - root - INFO - #103 MAX:accuracy.mean: 0.81
2020-08-23 16:32:56,522 - root - DEBUG - Sampled weight [-1.35962518  0.06732334 -1.3458611  -0.067211    0.07050442]
2020-08-23 16:32:57,610 - root - DEBUG - Updating hall of fame
2020-08-23 16:32:57,611 - root - INFO - Completed generation 104; 1.1s elapsed, 1.8s avg, 1.9e+02s total. Expected time remaining: 1.7e+02s
2020-08-23 16:32:57,671 - root - INFO - #104 MAX:accuracy.mean: 0.76
2020-08-23 16:32:57,712 - root - DEBUG - Sampled weight [ 1.19550922  0.59109474  0.23710739  0.37127489 -1.43505626]
2020-08-23 16:32:58,795 - root - DEBUG - Updating hall of fame
2020-08-23 16:32:58,796 - root - INFO - Completed generation 105; 1.1s elapsed, 1.8s avg, 1.9e+02s total. Expected time remaining: 1.7e+02s
2020-08-23 16:32:58,856 - root - INFO - #105 MAX:accuracy.mean: 0.78
2020-08-23 16:32:58,897 - root - DEBUG - Sampled weight [-0.49081412 -0.47286535  0.68568536 -0.13443455  0.98307116]
2020-08-23 16:32:59,976 - root - DEBUG - Updating hall of fame
2020-08-23 16:33:00,158 - root - INFO - Completed generation 106; 1.3s elapsed, 1.8s avg, 1.9e+02s total. Expected time remaining: 1.7e+02s
2020-08-23 16:33:00,218 - root - INFO - #106 MAX:accuracy.mean: 0.78
2020-08-23 16:33:00,258 - root - DEBUG - Sampled weight [-0.52627876  0.62897555 -1.84317625 -1.61699047  1.90682157]
2020-08-23 16:33:01,339 - root - DEBUG - Updating hall of fame
2020-08-23 16:33:01,532 - root - INFO - Completed generation 107; 1.3s elapsed, 1.8s avg, 1.9e+02s total. Expected time remaining: 1.6e+02s
2020-08-23 16:33:01,597 - root - INFO - #107 MAX:accuracy.mean: 0.81
2020-08-23 16:33:01,641 - root - DEBUG - Sampled weight [-1.70539343  0.30118212 -1.40018198  1.7799738  -0.27713728]
2020-08-23 16:33:02,761 - root - DEBUG - Updating hall of fame
2020-08-23 16:33:03,334 - root - INFO - Completed generation 108; 1.7s elapsed, 1.8s avg, 1.9e+02s total. Expected time remaining: 1.6e+02s
2020-08-23 16:33:03,395 - root - INFO - #108 MAX:accuracy.mean: 0.83
2020-08-23 16:33:03,435 - root - DEBUG - Sampled weight [ 0.35156608  1.89813137  0.90264734 -1.26346808 -0.48686076]
2020-08-23 16:33:04,524 - root - DEBUG - Updating hall of fame
2020-08-23 16:33:04,916 - root - INFO - Completed generation 109; 1.5s elapsed, 1.8s avg, 1.9e+02s total. Expected time remaining: 1.6e+02s
2020-08-23 16:33:04,976 - root - INFO - #109 MAX:accuracy.mean: 0.78
2020-08-23 16:33:05,017 - root - DEBUG - Sampled weight [ 0.55084185  1.77740538  0.02920664 -0.47900925 -0.83498482]
2020-08-23 16:33:06,096 - root - DEBUG - Updating hall of fame
2020-08-23 16:33:06,652 - root - INFO - Completed generation 110; 1.7s elapsed, 1.8s avg, 1.9e+02s total. Expected time remaining: 1.6e+02s
2020-08-23 16:33:06,713 - root - INFO - #110 MAX:accuracy.mean: 0.79
2020-08-23 16:33:06,827 - root - DEBUG - Sampled weight [ 0.48569678  0.54189154 -1.20293065 -1.15155495 -1.60190243]
2020-08-23 16:33:07,924 - root - DEBUG - Updating hall of fame
2020-08-23 16:33:08,483 - root - INFO - Completed generation 111; 1.7s elapsed, 1.8s avg, 2e+02s total. Expected time remaining: 1.6e+02s
2020-08-23 16:33:08,543 - root - INFO - #111 MAX:accuracy.mean: 0.77
2020-08-23 16:33:08,585 - root - DEBUG - Sampled weight [ 1.73344895  1.13514546  0.65690133  0.97194685 -0.93850373]
2020-08-23 16:33:09,670 - root - DEBUG - Updating hall of fame
2020-08-23 16:33:09,866 - root - INFO - Completed generation 112; 1.3s elapsed, 1.8s avg, 2e+02s total. Expected time remaining: 1.6e+02s
2020-08-23 16:33:09,926 - root - INFO - #112 MAX:accuracy.mean: 0.87
2020-08-23 16:33:09,966 - root - DEBUG - Sampled weight [-1.09964192  1.5905214  -0.600856   -0.43688036  0.52625057]
2020-08-23 16:33:11,055 - root - DEBUG - Updating hall of fame
2020-08-23 16:33:11,987 - root - INFO - Completed generation 113; 2.1s elapsed, 1.8s avg, 2e+02s total. Expected time remaining: 1.5e+02s
2020-08-23 16:33:12,047 - root - INFO - #113 MAX:accuracy.mean: 0.76
2020-08-23 16:33:12,088 - root - DEBUG - Sampled weight [-0.40437896 -1.94285836  1.45259601 -1.32055763  1.64118285]
2020-08-23 16:33:13,161 - root - DEBUG - Updating hall of fame
2020-08-23 16:33:13,162 - root - INFO - Completed generation 114; 1.1s elapsed, 1.8s avg, 2e+02s total. Expected time remaining: 1.5e+02s
2020-08-23 16:33:13,222 - root - INFO - #114 MAX:accuracy.mean: 0.84
2020-08-23 16:33:13,262 - root - DEBUG - Sampled weight [ 1.91209056  0.6732438   0.44246208  0.43300488 -0.66269018]
2020-08-23 16:33:14,359 - root - DEBUG - Updating hall of fame
2020-08-23 16:33:14,556 - root - INFO - Completed generation 115; 1.3s elapsed, 1.8s avg, 2e+02s total. Expected time remaining: 1.5e+02s
2020-08-23 16:33:14,616 - root - INFO - #115 MAX:accuracy.mean: 0.76
2020-08-23 16:33:14,657 - root - DEBUG - Sampled weight [ 1.55843547  1.82187979  1.78742522  1.75280764 -0.97742255]
2020-08-23 16:33:15,742 - root - DEBUG - Updating hall of fame
2020-08-23 16:33:15,742 - root - INFO - Completed generation 116; 1.1s elapsed, 1.8s avg, 2e+02s total. Expected time remaining: 1.5e+02s
2020-08-23 16:33:15,802 - root - INFO - #116 MAX:accuracy.mean: 0.93
2020-08-23 16:33:15,843 - root - DEBUG - Sampled weight [-1.5443835  -0.1301212   1.0806001  -1.86613946 -0.98631442]
2020-08-23 16:33:16,949 - root - DEBUG - Updating hall of fame
2020-08-23 16:33:17,522 - root - INFO - Completed generation 117; 1.7s elapsed, 1.8s avg, 2e+02s total. Expected time remaining: 1.5e+02s
2020-08-23 16:33:17,583 - root - INFO - #117 MAX:accuracy.mean: 0.82
2020-08-23 16:33:17,623 - root - DEBUG - Sampled weight [-0.16001389  0.95206001 -0.30712821  1.43791689  1.91953443]
2020-08-23 16:33:18,714 - root - DEBUG - Updating hall of fame
2020-08-23 16:33:18,895 - root - INFO - Completed generation 118; 1.3s elapsed, 1.7s avg, 2.1e+02s total. Expected time remaining: 1.4e+02s
2020-08-23 16:33:18,955 - root - INFO - #118 MAX:accuracy.mean: 0.81
2020-08-23 16:33:18,995 - root - DEBUG - Sampled weight [-1.72541543 -1.56175859  1.01789564  0.88635132 -0.46620422]
2020-08-23 16:33:20,061 - root - DEBUG - Updating hall of fame
2020-08-23 16:33:20,421 - root - INFO - Completed generation 119; 1.5s elapsed, 1.7s avg, 2.1e+02s total. Expected time remaining: 1.4e+02s
2020-08-23 16:33:20,481 - root - INFO - #119 MAX:accuracy.mean: 0.77
2020-08-23 16:33:20,522 - root - DEBUG - Sampled weight [ 1.74588238 -0.41039052 -1.2776016  -0.71403681 -1.79265103]
2020-08-23 16:33:21,607 - root - DEBUG - Updating hall of fame
2020-08-23 16:33:22,171 - root - INFO - Completed generation 120; 1.7s elapsed, 1.7s avg, 2.1e+02s total. Expected time remaining: 1.4e+02s
2020-08-23 16:33:22,231 - root - INFO - #120 MAX:accuracy.mean: 0.8
2020-08-23 16:33:22,352 - root - DEBUG - Sampled weight [ 1.66444749  0.94000488 -1.23326821  1.43234954  1.06794643]
2020-08-23 16:33:23,450 - root - DEBUG - Updating hall of fame
2020-08-23 16:33:24,206 - root - INFO - Completed generation 121; 1.9s elapsed, 1.7s avg, 2.1e+02s total. Expected time remaining: 1.4e+02s
2020-08-23 16:33:24,266 - root - INFO - #121 MAX:accuracy.mean: 0.85
2020-08-23 16:33:24,307 - root - DEBUG - Sampled weight [ 1.52907808 -0.45133619 -1.02485964 -0.92643932 -0.40559931]
2020-08-23 16:33:25,408 - root - DEBUG - Updating hall of fame
2020-08-23 16:33:25,785 - root - INFO - Completed generation 122; 1.5s elapsed, 1.7s avg, 2.1e+02s total. Expected time remaining: 1.4e+02s
2020-08-23 16:33:25,845 - root - INFO - #122 MAX:accuracy.mean: 0.77
2020-08-23 16:33:25,885 - root - DEBUG - Sampled weight [0.04691897 1.46466679 0.23059843 1.27200798 0.34111585]
2020-08-23 16:33:27,000 - root - DEBUG - Updating hall of fame
2020-08-23 16:33:27,185 - root - INFO - Completed generation 123; 1.3s elapsed, 1.7s avg, 2.1e+02s total. Expected time remaining: 1.3e+02s
2020-08-23 16:33:27,245 - root - INFO - #123 MAX:accuracy.mean: 0.77
2020-08-23 16:33:27,286 - root - DEBUG - Sampled weight [ 0.76624616  1.94055173 -1.95382841  1.05564801 -1.76904051]
2020-08-23 16:33:28,377 - root - DEBUG - Updating hall of fame
2020-08-23 16:33:28,377 - root - INFO - Completed generation 124; 1.1s elapsed, 1.7s avg, 2.2e+02s total. Expected time remaining: 1.3e+02s
2020-08-23 16:33:28,437 - root - INFO - #124 MAX:accuracy.mean: 0.9
2020-08-23 16:33:28,477 - root - DEBUG - Sampled weight [ 1.15959826  0.24266179 -0.63039516 -1.04876796 -1.53008494]
2020-08-23 16:33:29,565 - root - DEBUG - Updating hall of fame
2020-08-23 16:33:30,122 - root - INFO - Completed generation 125; 1.7s elapsed, 1.7s avg, 2.2e+02s total. Expected time remaining: 1.3e+02s
2020-08-23 16:33:30,182 - root - INFO - #125 MAX:accuracy.mean: 0.82
2020-08-23 16:33:30,223 - root - DEBUG - Sampled weight [ 0.44403435 -1.35415449  0.91599374  0.26742616 -1.63568706]
2020-08-23 16:33:31,309 - root - DEBUG - Updating hall of fame
2020-08-23 16:33:31,503 - root - INFO - Completed generation 126; 1.3s elapsed, 1.7s avg, 2.2e+02s total. Expected time remaining: 1.3e+02s
2020-08-23 16:33:31,563 - root - INFO - #126 MAX:accuracy.mean: 0.81
2020-08-23 16:33:31,603 - root - DEBUG - Sampled weight [-0.95911301 -1.34801303  0.33309719 -0.86610906  1.24434657]
2020-08-23 16:33:32,664 - root - DEBUG - Updating hall of fame
2020-08-23 16:33:33,024 - root - INFO - Completed generation 127; 1.5s elapsed, 1.7s avg, 2.2e+02s total. Expected time remaining: 1.3e+02s
2020-08-23 16:33:33,084 - root - INFO - #127 MAX:accuracy.mean: 0.76
2020-08-23 16:33:33,124 - root - DEBUG - Sampled weight [ 0.45100663  0.58046428  1.10825609 -1.51459625 -1.15967587]
2020-08-23 16:33:34,186 - root - DEBUG - Updating hall of fame
2020-08-23 16:33:34,548 - root - INFO - Completed generation 128; 1.5s elapsed, 1.7s avg, 2.2e+02s total. Expected time remaining: 1.2e+02s
2020-08-23 16:33:34,608 - root - INFO - #128 MAX:accuracy.mean: 0.81
2020-08-23 16:33:34,648 - root - DEBUG - Sampled weight [ 1.16947478  1.32614332  1.31118547 -0.84980579  0.01303297]
2020-08-23 16:33:35,715 - root - DEBUG - Updating hall of fame
2020-08-23 16:33:35,895 - root - INFO - Completed generation 129; 1.3s elapsed, 1.7s avg, 2.2e+02s total. Expected time remaining: 1.2e+02s
2020-08-23 16:33:35,955 - root - INFO - #129 MAX:accuracy.mean: 0.79
2020-08-23 16:33:35,996 - root - DEBUG - Sampled weight [-0.98246024 -0.78991068  1.03168828  0.84682957  1.60717506]
2020-08-23 16:33:37,086 - root - DEBUG - Updating hall of fame
2020-08-23 16:33:37,657 - root - INFO - Completed generation 130; 1.7s elapsed, 1.7s avg, 2.2e+02s total. Expected time remaining: 1.2e+02s
2020-08-23 16:33:37,717 - root - INFO - #130 MAX:accuracy.mean: 0.83
2020-08-23 16:33:37,841 - root - DEBUG - Sampled weight [-1.11029471  0.47601975  0.92331693 -0.59193078  1.52373817]
2020-08-23 16:33:38,951 - root - DEBUG - Updating hall of fame
2020-08-23 16:33:39,152 - root - INFO - Completed generation 131; 1.4s elapsed, 1.7s avg, 2.3e+02s total. Expected time remaining: 1.2e+02s
2020-08-23 16:33:39,213 - root - INFO - #131 MAX:accuracy.mean: 0.79
2020-08-23 16:33:39,255 - root - DEBUG - Sampled weight [ 1.18844869  1.11811911  1.25516966 -0.40303943  1.66321401]
2020-08-23 16:33:40,337 - root - DEBUG - Updating hall of fame
2020-08-23 16:33:40,703 - root - INFO - Completed generation 132; 1.5s elapsed, 1.7s avg, 2.3e+02s total. Expected time remaining: 1.2e+02s
2020-08-23 16:33:40,764 - root - INFO - #132 MAX:accuracy.mean: 0.87
2020-08-23 16:33:40,805 - root - DEBUG - Sampled weight [-0.58954203  0.92819234 -1.88091412  1.57521657  0.46450541]
2020-08-23 16:33:41,912 - root - DEBUG - Updating hall of fame
2020-08-23 16:33:42,311 - root - INFO - Completed generation 133; 1.5s elapsed, 1.7s avg, 2.3e+02s total. Expected time remaining: 1.2e+02s
2020-08-23 16:33:42,372 - root - INFO - #133 MAX:accuracy.mean: 0.81
2020-08-23 16:33:42,414 - root - DEBUG - Sampled weight [ 0.0719826  -0.09601307  0.25103669  1.06971141 -0.09496447]
2020-08-23 16:33:43,545 - root - DEBUG - Updating hall of fame
2020-08-23 16:33:43,728 - root - INFO - Completed generation 134; 1.4s elapsed, 1.7s avg, 2.3e+02s total. Expected time remaining: 1.1e+02s
2020-08-23 16:33:43,789 - root - INFO - #134 MAX:accuracy.mean: 0.76
2020-08-23 16:33:43,830 - root - DEBUG - Sampled weight [ 1.49117407 -1.47132104 -0.32493888 -0.12020868 -1.17540117]
2020-08-23 16:33:44,917 - root - DEBUG - Updating hall of fame
2020-08-23 16:33:45,285 - root - INFO - Completed generation 135; 1.5s elapsed, 1.7s avg, 2.3e+02s total. Expected time remaining: 1.1e+02s
2020-08-23 16:33:45,346 - root - INFO - #135 MAX:accuracy.mean: 0.78
2020-08-23 16:33:45,387 - root - DEBUG - Sampled weight [-0.61307155  1.14711643 -0.05398456 -0.94252279  0.71784455]
2020-08-23 16:33:46,476 - root - DEBUG - Updating hall of fame
2020-08-23 16:33:46,476 - root - INFO - Completed generation 136; 1.1s elapsed, 1.7s avg, 2.3e+02s total. Expected time remaining: 1.1e+02s
2020-08-23 16:33:46,537 - root - INFO - #136 MAX:accuracy.mean: 0.76
2020-08-23 16:33:46,578 - root - DEBUG - Sampled weight [-0.0655087  -1.4322871  -0.03606316  1.75845043  1.94229298]
2020-08-23 16:33:47,670 - root - DEBUG - Updating hall of fame
2020-08-23 16:33:48,040 - root - INFO - Completed generation 137; 1.5s elapsed, 1.7s avg, 2.3e+02s total. Expected time remaining: 1.1e+02s
2020-08-23 16:33:48,101 - root - INFO - #137 MAX:accuracy.mean: 0.81
2020-08-23 16:33:48,143 - root - DEBUG - Sampled weight [-0.30322051 -1.80931187 -1.97984058 -0.67151698 -0.76579953]
2020-08-23 16:33:49,250 - root - DEBUG - Updating hall of fame
2020-08-23 16:33:49,636 - root - INFO - Completed generation 138; 1.5s elapsed, 1.7s avg, 2.4e+02s total. Expected time remaining: 1.1e+02s
2020-08-23 16:33:49,697 - root - INFO - #138 MAX:accuracy.mean: 0.76
2020-08-23 16:33:49,737 - root - DEBUG - Sampled weight [-1.6538051   1.95040262  0.61681777  1.58760784  1.91885656]
2020-08-23 16:33:50,830 - root - DEBUG - Updating hall of fame
2020-08-23 16:33:51,195 - root - INFO - Completed generation 139; 1.5s elapsed, 1.7s avg, 2.4e+02s total. Expected time remaining: 1e+02s
2020-08-23 16:33:51,256 - root - INFO - #139 MAX:accuracy.mean: 0.85
2020-08-23 16:33:51,298 - root - DEBUG - Sampled weight [ 1.75402054 -0.61818207 -0.86436086  0.89890763  1.39966777]
2020-08-23 16:33:52,414 - root - DEBUG - Updating hall of fame
2020-08-23 16:33:52,798 - root - INFO - Completed generation 140; 1.5s elapsed, 1.7s avg, 2.4e+02s total. Expected time remaining: 1e+02s
2020-08-23 16:33:52,859 - root - INFO - #140 MAX:accuracy.mean: 0.81
2020-08-23 16:33:52,966 - root - DEBUG - Sampled weight [-1.51358991 -0.59099435 -0.96688759 -0.20659324  1.18399598]
2020-08-23 16:33:54,075 - root - DEBUG - Updating hall of fame
2020-08-23 16:33:54,278 - root - INFO - Completed generation 141; 1.4s elapsed, 1.7s avg, 2.4e+02s total. Expected time remaining: 1e+02s
2020-08-23 16:33:54,340 - root - INFO - #141 MAX:accuracy.mean: 0.76
2020-08-23 16:33:54,380 - root - DEBUG - Sampled weight [ 1.53118129 -1.44582066 -0.94164766 -0.80298691  0.32535487]
2020-08-23 16:33:55,467 - root - DEBUG - Updating hall of fame
2020-08-23 16:33:55,832 - root - INFO - Completed generation 142; 1.5s elapsed, 1.7s avg, 2.4e+02s total. Expected time remaining: 9.9e+01s
2020-08-23 16:33:55,893 - root - INFO - #142 MAX:accuracy.mean: 0.77
2020-08-23 16:33:55,935 - root - DEBUG - Sampled weight [ 1.40285925 -0.22293733  0.72444166  1.00615001 -0.09701185]
2020-08-23 16:33:57,038 - root - DEBUG - Updating hall of fame
2020-08-23 16:33:57,607 - root - INFO - Completed generation 143; 1.7s elapsed, 1.7s avg, 2.4e+02s total. Expected time remaining: 9.7e+01s
2020-08-23 16:33:57,668 - root - INFO - #143 MAX:accuracy.mean: 0.82
2020-08-23 16:33:57,708 - root - DEBUG - Sampled weight [ 1.52775054 -0.48231918  1.89234975 -0.11813975 -1.84478741]
2020-08-23 16:33:58,798 - root - DEBUG - Updating hall of fame
2020-08-23 16:33:58,984 - root - INFO - Completed generation 144; 1.3s elapsed, 1.7s avg, 2.4e+02s total. Expected time remaining: 9.5e+01s
2020-08-23 16:33:59,045 - root - INFO - #144 MAX:accuracy.mean: 0.81
2020-08-23 16:33:59,086 - root - DEBUG - Sampled weight [ 0.53274948  0.48101107 -1.13670117 -1.49776373 -1.80994673]
2020-08-23 16:34:00,180 - root - DEBUG - Updating hall of fame
2020-08-23 16:34:00,382 - root - INFO - Completed generation 145; 1.3s elapsed, 1.7s avg, 2.5e+02s total. Expected time remaining: 9.3e+01s
2020-08-23 16:34:00,443 - root - INFO - #145 MAX:accuracy.mean: 0.76
2020-08-23 16:34:00,484 - root - DEBUG - Sampled weight [ 0.37513896  0.88352919 -0.87074003 -1.94995314  1.64939804]
2020-08-23 16:34:01,605 - root - DEBUG - Updating hall of fame
2020-08-23 16:34:01,808 - root - INFO - Completed generation 146; 1.4s elapsed, 1.7s avg, 2.5e+02s total. Expected time remaining: 9.1e+01s
2020-08-23 16:34:01,869 - root - INFO - #146 MAX:accuracy.mean: 0.82
2020-08-23 16:34:01,912 - root - DEBUG - Sampled weight [ 0.27055498 -1.88603961  1.1414307  -1.73300876 -1.15165299]
2020-08-23 16:34:03,095 - root - DEBUG - Updating hall of fame
2020-08-23 16:34:03,702 - root - INFO - Completed generation 147; 1.8s elapsed, 1.7s avg, 2.5e+02s total. Expected time remaining: 9e+01s
2020-08-23 16:34:03,768 - root - INFO - #147 MAX:accuracy.mean: 0.81
2020-08-23 16:34:03,813 - root - DEBUG - Sampled weight [-1.61585026 -1.69515245  0.72362419 -0.72163016 -1.0181786 ]
2020-08-23 16:34:05,014 - root - DEBUG - Updating hall of fame
2020-08-23 16:34:05,427 - root - INFO - Completed generation 148; 1.7s elapsed, 1.7s avg, 2.5e+02s total. Expected time remaining: 8.8e+01s
2020-08-23 16:34:05,492 - root - INFO - #148 MAX:accuracy.mean: 0.82
2020-08-23 16:34:05,536 - root - DEBUG - Sampled weight [-1.14057815  1.43397653 -0.95971762 -1.17154177  0.56167929]
2020-08-23 16:34:06,663 - root - DEBUG - Updating hall of fame
2020-08-23 16:34:07,041 - root - INFO - Completed generation 149; 1.5s elapsed, 1.7s avg, 2.5e+02s total. Expected time remaining: 8.6e+01s
2020-08-23 16:34:07,102 - root - INFO - #149 MAX:accuracy.mean: 0.78
2020-08-23 16:34:07,143 - root - DEBUG - Sampled weight [ 1.77831055 -0.57181416 -1.67550875 -1.39208122  0.77230764]
2020-08-23 16:34:08,247 - root - DEBUG - Updating hall of fame
2020-08-23 16:34:08,451 - root - INFO - Completed generation 150; 1.3s elapsed, 1.7s avg, 2.5e+02s total. Expected time remaining: 8.4e+01s
2020-08-23 16:34:08,513 - root - INFO - #150 MAX:accuracy.mean: 0.82
2020-08-23 16:34:08,673 - root - DEBUG - Sampled weight [-0.6824156  -0.13832909  1.40903499  1.49730863  1.47401065]
2020-08-23 16:34:09,874 - root - DEBUG - Updating hall of fame
2020-08-23 16:34:10,295 - root - INFO - Completed generation 151; 1.7s elapsed, 1.7s avg, 2.6e+02s total. Expected time remaining: 8.3e+01s
2020-08-23 16:34:10,357 - root - INFO - #151 MAX:accuracy.mean: 0.83
2020-08-23 16:34:10,398 - root - DEBUG - Sampled weight [ 1.27591269 -0.43802999  0.56540224  1.370567    0.83150707]
2020-08-23 16:34:11,510 - root - DEBUG - Updating hall of fame
2020-08-23 16:34:11,694 - root - INFO - Completed generation 152; 1.3s elapsed, 1.7s avg, 2.6e+02s total. Expected time remaining: 8.1e+01s
2020-08-23 16:34:11,756 - root - INFO - #152 MAX:accuracy.mean: 0.85
2020-08-23 16:34:11,798 - root - DEBUG - Sampled weight [-1.39031947 -1.59659756  1.12613297 -1.90986276  0.95966742]
2020-08-23 16:34:12,918 - root - DEBUG - Updating hall of fame
2020-08-23 16:34:13,122 - root - INFO - Completed generation 153; 1.4s elapsed, 1.7s avg, 2.6e+02s total. Expected time remaining: 7.9e+01s
2020-08-23 16:34:13,184 - root - INFO - #153 MAX:accuracy.mean: 0.91
2020-08-23 16:34:13,230 - root - DEBUG - Sampled weight [-1.59361867 -1.1137161  -0.56374679  1.41233173  1.10573102]
2020-08-23 16:34:14,440 - root - DEBUG - Updating hall of fame
2020-08-23 16:34:15,051 - root - INFO - Completed generation 154; 1.9s elapsed, 1.7s avg, 2.6e+02s total. Expected time remaining: 7.8e+01s
2020-08-23 16:34:15,117 - root - INFO - #154 MAX:accuracy.mean: 0.86
2020-08-23 16:34:15,161 - root - DEBUG - Sampled weight [-1.71632314 -1.49988585  0.1799904   0.66338449 -0.57661401]
2020-08-23 16:34:16,369 - root - DEBUG - Updating hall of fame
2020-08-23 16:34:16,578 - root - INFO - Completed generation 155; 1.5s elapsed, 1.7s avg, 2.6e+02s total. Expected time remaining: 7.6e+01s
2020-08-23 16:34:16,644 - root - INFO - #155 MAX:accuracy.mean: 0.82
2020-08-23 16:34:16,689 - root - DEBUG - Sampled weight [ 0.85932772 -0.2261404   1.72162642 -0.67986728 -1.63364926]
2020-08-23 16:34:17,884 - root - DEBUG - Updating hall of fame
2020-08-23 16:34:18,083 - root - INFO - Completed generation 156; 1.4s elapsed, 1.7s avg, 2.6e+02s total. Expected time remaining: 7.4e+01s
2020-08-23 16:34:18,144 - root - INFO - #156 MAX:accuracy.mean: 0.83
2020-08-23 16:34:18,186 - root - DEBUG - Sampled weight [-0.01993278  1.70857227  0.34877523 -0.22135709 -1.19411813]
2020-08-23 16:34:19,311 - root - DEBUG - Updating hall of fame
2020-08-23 16:34:19,729 - root - INFO - Completed generation 157; 1.6s elapsed, 1.7s avg, 2.6e+02s total. Expected time remaining: 7.2e+01s
2020-08-23 16:34:19,791 - root - INFO - #157 MAX:accuracy.mean: 0.81
2020-08-23 16:34:19,833 - root - DEBUG - Sampled weight [-1.28751275  0.77747373 -0.64551874  1.76916848 -0.21154785]
2020-08-23 16:34:20,955 - root - DEBUG - Updating hall of fame
2020-08-23 16:34:21,371 - root - INFO - Completed generation 158; 1.6s elapsed, 1.7s avg, 2.7e+02s total. Expected time remaining: 7.1e+01s
2020-08-23 16:34:21,433 - root - INFO - #158 MAX:accuracy.mean: 0.81
2020-08-23 16:34:21,474 - root - DEBUG - Sampled weight [ 0.81749205 -1.82024864  1.58367272  1.86339766 -1.40987331]
2020-08-23 16:34:22,589 - root - DEBUG - Updating hall of fame
2020-08-23 16:34:22,783 - root - INFO - Completed generation 159; 1.4s elapsed, 1.7s avg, 2.7e+02s total. Expected time remaining: 6.9e+01s
2020-08-23 16:34:22,845 - root - INFO - #159 MAX:accuracy.mean: 0.85
2020-08-23 16:34:22,887 - root - DEBUG - Sampled weight [ 1.90698188 -0.29703033  0.0596023  -0.43664433  1.85598273]
2020-08-23 16:34:24,003 - root - DEBUG - Updating hall of fame
2020-08-23 16:34:24,575 - root - INFO - Completed generation 160; 1.7s elapsed, 1.7s avg, 2.7e+02s total. Expected time remaining: 6.7e+01s
2020-08-23 16:34:24,636 - root - INFO - #160 MAX:accuracy.mean: 0.76
2020-08-23 16:34:24,762 - root - DEBUG - Sampled weight [-0.36507449 -0.32450862 -1.21897113  1.19740465  1.85371124]
2020-08-23 16:34:25,880 - root - DEBUG - Updating hall of fame
2020-08-23 16:34:25,880 - root - INFO - Completed generation 161; 1.2s elapsed, 1.7s avg, 2.7e+02s total. Expected time remaining: 6.5e+01s
2020-08-23 16:34:25,942 - root - INFO - #161 MAX:accuracy.mean: 0.78
2020-08-23 16:34:25,984 - root - DEBUG - Sampled weight [-1.82455001 -0.14955904 -1.24805521 -1.54207867 -1.20624149]
2020-08-23 16:34:27,104 - root - DEBUG - Updating hall of fame
2020-08-23 16:34:27,307 - root - INFO - Completed generation 162; 1.4s elapsed, 1.7s avg, 2.7e+02s total. Expected time remaining: 6.4e+01s
2020-08-23 16:34:27,368 - root - INFO - #162 MAX:accuracy.mean: 0.85
2020-08-23 16:34:27,409 - root - DEBUG - Sampled weight [-0.81975873 -1.37345373  1.06241288 -0.7841064  -1.11035836]
2020-08-23 16:34:28,531 - root - DEBUG - Updating hall of fame
2020-08-23 16:34:28,935 - root - INFO - Completed generation 163; 1.6s elapsed, 1.7s avg, 2.7e+02s total. Expected time remaining: 6.2e+01s
2020-08-23 16:34:28,996 - root - INFO - #163 MAX:accuracy.mean: 0.77
2020-08-23 16:34:29,037 - root - DEBUG - Sampled weight [-0.98353284 -1.27378423  1.12353188 -0.21128619  0.91850972]
2020-08-23 16:34:30,141 - root - DEBUG - Updating hall of fame
2020-08-23 16:34:30,141 - root - INFO - Completed generation 164; 1.1s elapsed, 1.7s avg, 2.7e+02s total. Expected time remaining: 6e+01s
2020-08-23 16:34:30,202 - root - INFO - #164 MAX:accuracy.mean: 0.78
2020-08-23 16:34:30,245 - root - DEBUG - Sampled weight [ 0.30497781 -0.85550163 -1.86295734  1.73965985 -0.97535424]
2020-08-23 16:34:31,355 - root - DEBUG - Updating hall of fame
2020-08-23 16:34:31,561 - root - INFO - Completed generation 165; 1.4s elapsed, 1.7s avg, 2.8e+02s total. Expected time remaining: 5.8e+01s
2020-08-23 16:34:31,622 - root - INFO - #165 MAX:accuracy.mean: 0.79
2020-08-23 16:34:31,665 - root - DEBUG - Sampled weight [-0.64930871  1.30537453 -1.64632126 -1.05340719  0.82285581]
2020-08-23 16:34:32,842 - root - DEBUG - Updating hall of fame
2020-08-23 16:34:33,058 - root - INFO - Completed generation 166; 1.4s elapsed, 1.7s avg, 2.8e+02s total. Expected time remaining: 5.7e+01s
2020-08-23 16:34:33,124 - root - INFO - #166 MAX:accuracy.mean: 0.85
2020-08-23 16:34:33,169 - root - DEBUG - Sampled weight [-0.32954176  1.66688653 -1.60306448 -0.15009166 -0.76140759]
2020-08-23 16:34:34,343 - root - DEBUG - Updating hall of fame
2020-08-23 16:34:34,742 - root - INFO - Completed generation 167; 1.6s elapsed, 1.7s avg, 2.8e+02s total. Expected time remaining: 5.5e+01s
2020-08-23 16:34:34,805 - root - INFO - #167 MAX:accuracy.mean: 0.81
2020-08-23 16:34:34,848 - root - DEBUG - Sampled weight [ 1.23313798  0.8848539   0.5309521   0.61153102 -1.39330382]
2020-08-23 16:34:36,002 - root - DEBUG - Updating hall of fame
2020-08-23 16:34:36,419 - root - INFO - Completed generation 168; 1.6s elapsed, 1.7s avg, 2.8e+02s total. Expected time remaining: 5.3e+01s
2020-08-23 16:34:36,482 - root - INFO - #168 MAX:accuracy.mean: 0.93
2020-08-23 16:34:36,525 - root - DEBUG - Sampled weight [ 0.02135033  1.15588395 -0.20762604 -0.72251637  1.34401951]
2020-08-23 16:34:37,679 - root - DEBUG - Updating hall of fame
2020-08-23 16:34:38,465 - root - INFO - Completed generation 169; 2.0s elapsed, 1.7s avg, 2.8e+02s total. Expected time remaining: 5.2e+01s
2020-08-23 16:34:38,526 - root - INFO - #169 MAX:accuracy.mean: 0.84
2020-08-23 16:34:38,568 - root - DEBUG - Sampled weight [-1.99100545  0.18445212 -0.65004761 -1.29626498  0.90973643]
2020-08-23 16:34:39,659 - root - DEBUG - Updating hall of fame
2020-08-23 16:34:40,225 - root - INFO - Completed generation 170; 1.7s elapsed, 1.7s avg, 2.8e+02s total. Expected time remaining: 5e+01s
2020-08-23 16:34:40,287 - root - INFO - #170 MAX:accuracy.mean: 0.83
2020-08-23 16:34:40,422 - root - DEBUG - Sampled weight [-0.34628541 -1.77418089  1.01314165 -1.03317559 -0.55428336]
2020-08-23 16:34:41,533 - root - DEBUG - Updating hall of fame
2020-08-23 16:34:42,282 - root - INFO - Completed generation 171; 1.9s elapsed, 1.7s avg, 2.9e+02s total. Expected time remaining: 4.8e+01s
2020-08-23 16:34:42,343 - root - INFO - #171 MAX:accuracy.mean: 0.83
2020-08-23 16:34:42,385 - root - DEBUG - Sampled weight [-0.70206969  1.24771638  1.23582365 -1.86182108 -0.39948908]
2020-08-23 16:34:43,495 - root - DEBUG - Updating hall of fame
2020-08-23 16:34:43,694 - root - INFO - Completed generation 172; 1.4s elapsed, 1.7s avg, 2.9e+02s total. Expected time remaining: 4.7e+01s
2020-08-23 16:34:43,756 - root - INFO - #172 MAX:accuracy.mean: 0.84
2020-08-23 16:34:43,799 - root - DEBUG - Sampled weight [ 0.44213708  1.77478941 -1.07843095  0.5002342  -1.11816115]
2020-08-23 16:34:44,902 - root - DEBUG - Updating hall of fame
2020-08-23 16:34:45,694 - root - INFO - Completed generation 173; 1.9s elapsed, 1.7s avg, 2.9e+02s total. Expected time remaining: 4.5e+01s
2020-08-23 16:34:45,756 - root - INFO - #173 MAX:accuracy.mean: 0.85
2020-08-23 16:34:45,798 - root - DEBUG - Sampled weight [ 0.93273118 -1.21368138 -1.11376667  0.54130965 -1.11285443]
2020-08-23 16:34:46,932 - root - DEBUG - Updating hall of fame
2020-08-23 16:34:47,311 - root - INFO - Completed generation 174; 1.6s elapsed, 1.7s avg, 2.9e+02s total. Expected time remaining: 4.3e+01s
2020-08-23 16:34:47,372 - root - INFO - #174 MAX:accuracy.mean: 0.87
2020-08-23 16:34:47,414 - root - DEBUG - Sampled weight [ 1.78101853  1.55436213 -0.66787421  1.49622272  1.29251613]
2020-08-23 16:34:48,526 - root - DEBUG - Updating hall of fame
2020-08-23 16:34:48,932 - root - INFO - Completed generation 175; 1.6s elapsed, 1.7s avg, 2.9e+02s total. Expected time remaining: 4.2e+01s
2020-08-23 16:34:48,993 - root - INFO - #175 MAX:accuracy.mean: 0.9
2020-08-23 16:34:49,035 - root - DEBUG - Sampled weight [ 0.19714643  1.79861459  1.52701046 -0.41005935 -1.38840912]
2020-08-23 16:34:50,155 - root - DEBUG - Updating hall of fame
2020-08-23 16:34:50,744 - root - INFO - Completed generation 176; 1.7s elapsed, 1.7s avg, 2.9e+02s total. Expected time remaining: 4e+01s
2020-08-23 16:34:50,805 - root - INFO - #176 MAX:accuracy.mean: 0.83
2020-08-23 16:34:50,847 - root - DEBUG - Sampled weight [-1.57605984  1.41210595 -0.88627943  1.67932378 -1.56272348]
2020-08-23 16:34:51,963 - root - DEBUG - Updating hall of fame
2020-08-23 16:34:52,548 - root - INFO - Completed generation 177; 1.7s elapsed, 1.7s avg, 3e+02s total. Expected time remaining: 3.8e+01s
2020-08-23 16:34:52,609 - root - INFO - #177 MAX:accuracy.mean: 0.95
2020-08-23 16:34:52,651 - root - DEBUG - Sampled weight [ 1.88700104 -0.12388575  1.80487491 -0.38100996  1.61195629]
2020-08-23 16:34:53,764 - root - DEBUG - Updating hall of fame
2020-08-23 16:34:54,372 - root - INFO - Completed generation 178; 1.8s elapsed, 1.7s avg, 3e+02s total. Expected time remaining: 3.7e+01s
2020-08-23 16:34:54,433 - root - INFO - #178 MAX:accuracy.mean: 0.82
2020-08-23 16:34:54,474 - root - DEBUG - Sampled weight [-1.97643967  1.54760212  1.27088261  0.02914377  0.34144076]
2020-08-23 16:34:55,602 - root - DEBUG - Updating hall of fame
2020-08-23 16:34:55,798 - root - INFO - Completed generation 179; 1.4s elapsed, 1.7s avg, 3e+02s total. Expected time remaining: 3.5e+01s
2020-08-23 16:34:55,859 - root - INFO - #179 MAX:accuracy.mean: 0.83
2020-08-23 16:34:55,910 - root - DEBUG - Sampled weight [-1.99047188 -0.83998094 -1.61986523  1.99299951 -0.85209924]
2020-08-23 16:34:57,012 - root - DEBUG - Updating hall of fame
2020-08-23 16:34:57,433 - root - INFO - Completed generation 180; 1.6s elapsed, 1.7s avg, 3e+02s total. Expected time remaining: 3.3e+01s
2020-08-23 16:34:57,494 - root - INFO - #180 MAX:accuracy.mean: 0.84
2020-08-23 16:34:57,603 - root - DEBUG - Sampled weight [-1.68652445 -1.82701754 -0.8392001   0.14543655 -0.84375992]
2020-08-23 16:34:58,742 - root - DEBUG - Updating hall of fame
2020-08-23 16:34:59,538 - root - INFO - Completed generation 181; 2.0s elapsed, 1.7s avg, 3e+02s total. Expected time remaining: 3.2e+01s
2020-08-23 16:34:59,600 - root - INFO - #181 MAX:accuracy.mean: 0.81
2020-08-23 16:34:59,642 - root - DEBUG - Sampled weight [ 1.98320617  0.7039261  -0.91267145 -0.34954696 -1.35086868]
2020-08-23 16:35:00,780 - root - DEBUG - Updating hall of fame
2020-08-23 16:35:01,381 - root - INFO - Completed generation 182; 1.8s elapsed, 1.7s avg, 3e+02s total. Expected time remaining: 3e+01s
2020-08-23 16:35:01,443 - root - INFO - #182 MAX:accuracy.mean: 0.82
2020-08-23 16:35:01,485 - root - DEBUG - Sampled weight [1.37233516 0.86209581 1.68827891 1.98395499 1.79753677]
2020-08-23 16:35:02,645 - root - DEBUG - Updating hall of fame
2020-08-23 16:35:03,215 - root - INFO - Completed generation 183; 1.8s elapsed, 1.7s avg, 3.1e+02s total. Expected time remaining: 2.8e+01s
2020-08-23 16:35:03,277 - root - INFO - #183 MAX:accuracy.mean: 0.92
2020-08-23 16:35:03,319 - root - DEBUG - Sampled weight [-1.52459731  1.55634427 -0.54094366  0.43878361  0.19714675]
2020-08-23 16:35:04,448 - root - DEBUG - Updating hall of fame
2020-08-23 16:35:05,241 - root - INFO - Completed generation 184; 2.0s elapsed, 1.7s avg, 3.1e+02s total. Expected time remaining: 2.7e+01s
2020-08-23 16:35:05,303 - root - INFO - #184 MAX:accuracy.mean: 0.84
2020-08-23 16:35:05,346 - root - DEBUG - Sampled weight [-0.52667032  0.96516334  1.36588239  1.78365073 -0.24336667]
2020-08-23 16:35:06,471 - root - DEBUG - Updating hall of fame
2020-08-23 16:35:07,105 - root - INFO - Completed generation 185; 1.8s elapsed, 1.7s avg, 3.1e+02s total. Expected time remaining: 2.5e+01s
2020-08-23 16:35:07,167 - root - INFO - #185 MAX:accuracy.mean: 0.84
2020-08-23 16:35:07,208 - root - DEBUG - Sampled weight [ 0.75789284  0.25022715 -0.96154653 -0.40782467 -1.64348243]
2020-08-23 16:35:08,326 - root - DEBUG - Updating hall of fame
2020-08-23 16:35:09,095 - root - INFO - Completed generation 186; 1.9s elapsed, 1.7s avg, 3.1e+02s total. Expected time remaining: 2.3e+01s
2020-08-23 16:35:09,156 - root - INFO - #186 MAX:accuracy.mean: 0.84
2020-08-23 16:35:09,199 - root - DEBUG - Sampled weight [-0.47685848 -1.09827826 -0.30660466 -1.39439684  1.96269071]
2020-08-23 16:35:10,317 - root - DEBUG - Updating hall of fame
2020-08-23 16:35:11,087 - root - INFO - Completed generation 187; 1.9s elapsed, 1.7s avg, 3.1e+02s total. Expected time remaining: 2.2e+01s
2020-08-23 16:35:11,149 - root - INFO - #187 MAX:accuracy.mean: 0.84
2020-08-23 16:35:11,191 - root - DEBUG - Sampled weight [ 1.06244399 -1.68444128 -1.24925014  0.68239826 -0.23874183]
2020-08-23 16:35:12,319 - root - DEBUG - Updating hall of fame
2020-08-23 16:35:12,736 - root - INFO - Completed generation 188; 1.6s elapsed, 1.7s avg, 3.2e+02s total. Expected time remaining: 2e+01s
2020-08-23 16:35:12,798 - root - INFO - #188 MAX:accuracy.mean: 0.86
2020-08-23 16:35:12,840 - root - DEBUG - Sampled weight [ 1.82589959 -0.75174058 -0.9833977  -1.99578033 -0.38295816]
2020-08-23 16:35:13,968 - root - DEBUG - Updating hall of fame
2020-08-23 16:35:14,749 - root - INFO - Completed generation 189; 2.0s elapsed, 1.7s avg, 3.2e+02s total. Expected time remaining: 1.8e+01s
2020-08-23 16:35:14,811 - root - INFO - #189 MAX:accuracy.mean: 0.84
2020-08-23 16:35:14,852 - root - DEBUG - Sampled weight [ 1.7247047  -1.43309549 -0.08302988  0.18134062 -0.10869633]
2020-08-23 16:35:15,983 - root - DEBUG - Updating hall of fame
2020-08-23 16:35:16,617 - root - INFO - Completed generation 190; 1.8s elapsed, 1.7s avg, 3.2e+02s total. Expected time remaining: 1.7e+01s
2020-08-23 16:35:16,679 - root - INFO - #190 MAX:accuracy.mean: 0.84
2020-08-23 16:35:16,812 - root - DEBUG - Sampled weight [-0.31241845 -0.28844973 -1.45013488 -0.76716202  1.55430362]
2020-08-23 16:35:17,957 - root - DEBUG - Updating hall of fame
2020-08-23 16:35:18,612 - root - INFO - Completed generation 191; 1.8s elapsed, 1.7s avg, 3.2e+02s total. Expected time remaining: 1.5e+01s
2020-08-23 16:35:18,674 - root - INFO - #191 MAX:accuracy.mean: 0.84
2020-08-23 16:35:18,716 - root - DEBUG - Sampled weight [-0.24316542  1.64792976  1.19989858 -1.85410925  0.66295506]
2020-08-23 16:35:19,843 - root - DEBUG - Updating hall of fame
2020-08-23 16:35:20,460 - root - INFO - Completed generation 192; 1.8s elapsed, 1.7s avg, 3.2e+02s total. Expected time remaining: 1.3e+01s
2020-08-23 16:35:20,522 - root - INFO - #192 MAX:accuracy.mean: 0.87
2020-08-23 16:35:20,564 - root - DEBUG - Sampled weight [ 0.81647985 -0.37107697  0.44526773  0.83823917  0.73102049]
2020-08-23 16:35:21,701 - root - DEBUG - Updating hall of fame
2020-08-23 16:35:22,497 - root - INFO - Completed generation 193; 2.0s elapsed, 1.7s avg, 3.2e+02s total. Expected time remaining: 1.2e+01s
2020-08-23 16:35:22,559 - root - INFO - #193 MAX:accuracy.mean: 0.84
2020-08-23 16:35:22,601 - root - DEBUG - Sampled weight [ 1.92439092  0.37668846  1.7913021  -1.73513862 -1.84212287]
2020-08-23 16:35:23,732 - root - DEBUG - Updating hall of fame
2020-08-23 16:35:24,526 - root - INFO - Completed generation 194; 2.0s elapsed, 1.7s avg, 3.3e+02s total. Expected time remaining: 1e+01s
2020-08-23 16:35:24,587 - root - INFO - #194 MAX:accuracy.mean: 0.87
2020-08-23 16:35:24,630 - root - DEBUG - Sampled weight [ 1.37268841 -0.17654183 -0.88367476  1.14849214  0.54489667]
2020-08-23 16:35:25,779 - root - DEBUG - Updating hall of fame
2020-08-23 16:35:26,616 - root - INFO - Completed generation 195; 2.0s elapsed, 1.7s avg, 3.3e+02s total. Expected time remaining: 8.4s
2020-08-23 16:35:26,678 - root - INFO - #195 MAX:accuracy.mean: 0.87
2020-08-23 16:35:26,720 - root - DEBUG - Sampled weight [-0.12525133  0.02670218 -1.94447401 -0.81018193 -0.20157089]
2020-08-23 16:35:27,857 - root - DEBUG - Updating hall of fame
2020-08-23 16:35:28,275 - root - INFO - Completed generation 196; 1.6s elapsed, 1.7s avg, 3.3e+02s total. Expected time remaining: 6.7s
2020-08-23 16:35:28,337 - root - INFO - #196 MAX:accuracy.mean: 0.83
2020-08-23 16:35:28,380 - root - DEBUG - Sampled weight [ 0.84233232  1.53559598  0.5895081  -0.48614759  1.97451868]
2020-08-23 16:35:29,526 - root - DEBUG - Updating hall of fame
2020-08-23 16:35:29,931 - root - INFO - Completed generation 197; 1.6s elapsed, 1.7s avg, 3.3e+02s total. Expected time remaining: 5.0s
2020-08-23 16:35:29,993 - root - INFO - #197 MAX:accuracy.mean: 0.85
2020-08-23 16:35:30,036 - root - DEBUG - Sampled weight [-0.07931207  0.4291211   0.19145384 -0.538571   -0.15301821]
2020-08-23 16:35:31,213 - root - DEBUG - Updating hall of fame
2020-08-23 16:35:31,831 - root - INFO - Completed generation 198; 1.8s elapsed, 1.7s avg, 3.3e+02s total. Expected time remaining: 3.4s
2020-08-23 16:35:31,894 - root - INFO - #198 MAX:accuracy.mean: 0.83
2020-08-23 16:35:31,936 - root - DEBUG - Sampled weight [ 1.6047601   1.95125785  0.39450823 -0.44302774  1.9412592 ]
2020-08-23 16:35:33,074 - root - DEBUG - Updating hall of fame
2020-08-23 16:35:33,274 - root - INFO - Completed generation 199; 1.4s elapsed, 1.7s avg, 3.3e+02s total. Expected time remaining: 1.7s
2020-08-23 16:35:33,336 - root - INFO - #199 MAX:accuracy.mean: 0.85
2020-08-23 16:35:33,379 - root - DEBUG - Sampled weight [ 0.05963978 -1.81038052 -0.51011976 -1.63364326 -0.21144547]
2020-08-23 16:35:34,519 - root - DEBUG - Updating hall of fame
2020-08-23 16:35:35,115 - root - INFO - Completed generation 200; 1.8s elapsed, 1.7s avg, 3.4e+02s total. Expected time remaining: 0.0s
2020-08-23 16:35:35,195 - root - INFO - #200 MAX:accuracy.mean: 0.83
2020-08-23 16:35:35,346 - root - DEBUG - Loaded 150 samples.
2020-08-23 16:35:35,352 - root - INFO - Evaluating indivs in hall of fame.
2020-08-23 16:35:37,412 - root - INFO - Completed excution.
