2020-07-28 07:00:44,569 - root - INFO - Package version 0.1.1
2020-07-28 07:00:44,569 - root - INFO - Saving data at /vol/fob-vol1/mi15/plonerma/Lab/rewann/data/2020-07-28_Iris [1, 2, 5, 6, 7, 8, 10]; lognormal 0,0.5; signed: False_000.
2020-07-28 07:00:44,569 - root - DEBUG - Loading training dataset
2020-07-28 07:00:44,667 - root - DEBUG - Loaded 150 samples.
2020-07-28 07:00:44,668 - root - DEBUG - Running experiments with the following parameters:
debug = true
experiment_name = "Iris [1, 2, 5, 6, 7, 8, 10]; lognormal 0,0.5; signed: False"
experiment_path = "data/2020-07-28_Iris [1, 2, 5, 6, 7, 8, 10]; lognormal 0,0.5; signed: False_000"

[config]
num_workers = 1
debug = true
backend = "numpy"

[postopt]
run_postopt = true
compile_report = false
num_weights = 100
num_samples = -1

[sampling]
seed = 0
post_init_seed = false
distribution = "lognormal"
lower_bound = -2
upper_bound = 2
mean = 0
sigma = 0.5
num_weights_per_iteration = 5
num_samples_per_iteration = -1
hof_evaluation_iterations = 20

[task]
name = "iris"
sample_order_seed = 0
test_portion = 0.2
sample_length = 10
num_categories = 8

[storage]
data_base_path = "data"
log_filename = "execution.log"
commit_elite_freq = -1
commit_metrics_freq = 10

[population]
num_generations = 200
size = 100
initial_enabled_edge_prob = 0.05
initial_genes = "full"
hof_size = 10
enable_edge_signs = false
enabled_activation_funcs = [ 1, 2, 5, 6, 7, 8, 10,]

[selection]
use_tournaments = true
elite_ratio = 0.1
culling_ratio = 0.2
tournament_size = 5
objectives = [ "-log_loss.min", "-log_loss.mean", "-n_hidden",]
recorded_metrics = [ "accuracy", "kappa", "log_loss",]
hof_metric = "accuracy.mean"

[mutation.new_edge]
probability = 0.2
strategy = "layer_agnostic"
propability = 0.2

[mutation.new_node]
probability = 0.25
propability = 0.3

[mutation.reenable_edge]
probability = 0.05
propability = 0.1

[mutation.change_activation]
probability = 0.5
propability = 0.4

[mutation.change_edge_sign]
probability = 0.2

[mutation.new_recurrent_edge]
probability = 0.2
strategy = "any"

2020-07-28 07:00:44,729 - root - INFO - Starting evolutionary algorithm
2020-07-28 07:00:44,754 - root - DEBUG - Sampled weight [1.8417063  0.90808171 0.98347836 0.46514702 1.10887419]
2020-07-28 07:00:45,933 - root - DEBUG - Updating hall of fame
2020-07-28 07:00:47,858 - root - INFO - Completed generation 1; 3.1s elapsed, 3.1s avg, 3.1s total. Expected time remaining: 6.2e+02s
2020-07-28 07:00:47,921 - root - INFO - #1 MAX:accuracy.mean: 0.67
2020-07-28 07:00:47,962 - root - DEBUG - Sampled weight [0.43561745 0.9023585  0.54818185 2.16336566 0.54472831]
2020-07-28 07:00:49,018 - root - DEBUG - Updating hall of fame
2020-07-28 07:00:50,864 - root - INFO - Completed generation 2; 2.9s elapsed, 3.0s avg, 6.1s total. Expected time remaining: 6e+02s
2020-07-28 07:00:50,920 - root - INFO - #2 MAX:accuracy.mean: 0.67
2020-07-28 07:00:50,962 - root - DEBUG - Sampled weight [0.89656821 1.86013601 0.92501161 0.69102132 0.97106381]
2020-07-28 07:00:52,060 - root - DEBUG - Updating hall of fame
2020-07-28 07:00:53,925 - root - INFO - Completed generation 3; 3.0s elapsed, 3.0s avg, 9.1s total. Expected time remaining: 6e+02s
2020-07-28 07:00:53,980 - root - INFO - #3 MAX:accuracy.mean: 0.67
2020-07-28 07:00:54,020 - root - DEBUG - Sampled weight [1.56530955 0.65223974 0.58560082 0.92307622 0.66765171]
2020-07-28 07:00:55,081 - root - DEBUG - Updating hall of fame
2020-07-28 07:00:56,926 - root - INFO - Completed generation 4; 2.9s elapsed, 3.0s avg, 1.2e+01s total. Expected time remaining: 5.9e+02s
2020-07-28 07:00:56,980 - root - INFO - #4 MAX:accuracy.mean: 0.66
2020-07-28 07:00:57,021 - root - DEBUG - Sampled weight [0.768277   1.41994137 0.5297733  1.7078528  1.13478206]
2020-07-28 07:00:58,086 - root - DEBUG - Updating hall of fame
2020-07-28 07:00:59,558 - root - INFO - Completed generation 5; 2.6s elapsed, 2.9s avg, 1.5e+01s total. Expected time remaining: 5.7e+02s
2020-07-28 07:00:59,613 - root - INFO - #5 MAX:accuracy.mean: 0.64
2020-07-28 07:00:59,655 - root - DEBUG - Sampled weight [1.05502443 1.09862648 0.48704991 1.1206669  0.59744926]
2020-07-28 07:01:00,713 - root - DEBUG - Updating hall of fame
2020-07-28 07:01:02,055 - root - INFO - Completed generation 6; 2.4s elapsed, 2.8s avg, 1.7e+01s total. Expected time remaining: 5.5e+02s
2020-07-28 07:01:02,112 - root - INFO - #6 MAX:accuracy.mean: 0.67
2020-07-28 07:01:02,153 - root - DEBUG - Sampled weight [1.4495743  1.47254263 2.46823936 0.50040722 1.09856055]
2020-07-28 07:01:03,217 - root - DEBUG - Updating hall of fame
2020-07-28 07:01:04,507 - root - INFO - Completed generation 7; 2.4s elapsed, 2.8s avg, 1.9e+01s total. Expected time remaining: 5.4e+02s
2020-07-28 07:01:04,561 - root - INFO - #7 MAX:accuracy.mean: 0.64
2020-07-28 07:01:04,602 - root - DEBUG - Sampled weight [0.55473855 0.78279021 0.81256615 1.01897981 0.40702528]
2020-07-28 07:01:05,660 - root - DEBUG - Updating hall of fame
2020-07-28 07:01:07,127 - root - INFO - Completed generation 8; 2.6s elapsed, 2.8s avg, 2.2e+01s total. Expected time remaining: 5.3e+02s
2020-07-28 07:01:07,184 - root - INFO - #8 MAX:accuracy.mean: 0.77
2020-07-28 07:01:07,224 - root - DEBUG - Sampled weight [0.84127122 0.71866067 1.22427763 0.48277252 0.79662307]
2020-07-28 07:01:08,289 - root - DEBUG - Updating hall of fame
2020-07-28 07:01:09,767 - root - INFO - Completed generation 9; 2.6s elapsed, 2.7s avg, 2.5e+01s total. Expected time remaining: 5.2e+02s
2020-07-28 07:01:09,823 - root - INFO - #9 MAX:accuracy.mean: 0.8
2020-07-28 07:01:09,863 - root - DEBUG - Sampled weight [0.65724556 1.02142278 1.43645295 0.92643282 1.02369488]
2020-07-28 07:01:10,933 - root - DEBUG - Updating hall of fame
2020-07-28 07:01:12,053 - root - INFO - Completed generation 10; 2.2s elapsed, 2.7s avg, 2.7e+01s total. Expected time remaining: 5.1e+02s
2020-07-28 07:01:12,109 - root - INFO - #10 MAX:accuracy.mean: 0.73
2020-07-28 07:01:12,190 - root - DEBUG - Sampled weight [1.2057254  2.16576103 1.46778237 0.48827199 1.26461281]
2020-07-28 07:01:13,262 - root - DEBUG - Updating hall of fame
2020-07-28 07:01:14,558 - root - INFO - Completed generation 11; 2.4s elapsed, 2.7s avg, 2.9e+01s total. Expected time remaining: 5e+02s
2020-07-28 07:01:14,613 - root - INFO - #11 MAX:accuracy.mean: 0.71
2020-07-28 07:01:14,652 - root - DEBUG - Sampled weight [0.94188905 1.57110914 0.89127787 2.46666003 1.00674677]
2020-07-28 07:01:15,720 - root - DEBUG - Updating hall of fame
2020-07-28 07:01:16,663 - root - INFO - Completed generation 12; 2.0s elapsed, 2.6s avg, 3.1e+01s total. Expected time remaining: 4.9e+02s
2020-07-28 07:01:16,718 - root - INFO - #12 MAX:accuracy.mean: 0.71
2020-07-28 07:01:16,758 - root - DEBUG - Sampled weight [1.94481206 0.36863814 0.7660009  1.71577727 0.7806489 ]
2020-07-28 07:01:17,822 - root - DEBUG - Updating hall of fame
2020-07-28 07:01:18,575 - root - INFO - Completed generation 13; 1.9s elapsed, 2.5s avg, 3.3e+01s total. Expected time remaining: 4.8e+02s
2020-07-28 07:01:18,630 - root - INFO - #13 MAX:accuracy.mean: 0.78
2020-07-28 07:01:18,670 - root - DEBUG - Sampled weight [1.29007141 0.60869132 0.4163061  0.52260138 0.61156615]
2020-07-28 07:01:19,729 - root - DEBUG - Updating hall of fame
2020-07-28 07:01:20,654 - root - INFO - Completed generation 14; 2.0s elapsed, 2.5s avg, 3.5e+01s total. Expected time remaining: 4.7e+02s
2020-07-28 07:01:20,709 - root - INFO - #14 MAX:accuracy.mean: 0.75
2020-07-28 07:01:20,749 - root - DEBUG - Sampled weight [0.70561176 1.99064186 1.8356162  0.79325356 2.09774772]
2020-07-28 07:01:21,810 - root - DEBUG - Updating hall of fame
2020-07-28 07:01:23,312 - root - INFO - Completed generation 15; 2.6s elapsed, 2.5s avg, 3.8e+01s total. Expected time remaining: 4.7e+02s
2020-07-28 07:01:23,367 - root - INFO - #15 MAX:accuracy.mean: 0.82
2020-07-28 07:01:23,407 - root - DEBUG - Sampled weight [0.63972874 0.71126368 0.71321    0.49409913 1.10950119]
2020-07-28 07:01:24,458 - root - DEBUG - Updating hall of fame
2020-07-28 07:01:26,324 - root - INFO - Completed generation 16; 3.0s elapsed, 2.5s avg, 4.1e+01s total. Expected time remaining: 4.7e+02s
2020-07-28 07:01:26,379 - root - INFO - #16 MAX:accuracy.mean: 0.76
2020-07-28 07:01:26,420 - root - DEBUG - Sampled weight [0.75862924 1.903754   2.19337175 0.87332379 1.75402028]
2020-07-28 07:01:27,473 - root - DEBUG - Updating hall of fame
2020-07-28 07:01:29,211 - root - INFO - Completed generation 17; 2.8s elapsed, 2.6s avg, 4.4e+01s total. Expected time remaining: 4.7e+02s
2020-07-28 07:01:29,265 - root - INFO - #17 MAX:accuracy.mean: 0.81
2020-07-28 07:01:29,306 - root - DEBUG - Sampled weight [1.97641547 0.69290964 0.59431922 0.88814019 0.67163363]
2020-07-28 07:01:30,361 - root - DEBUG - Updating hall of fame
2020-07-28 07:01:32,076 - root - INFO - Completed generation 18; 2.8s elapsed, 2.6s avg, 4.6e+01s total. Expected time remaining: 4.7e+02s
2020-07-28 07:01:32,131 - root - INFO - #18 MAX:accuracy.mean: 0.76
2020-07-28 07:01:32,171 - root - DEBUG - Sampled weight [1.18241553 0.9993031  1.51189785 0.37158308 0.71077389]
2020-07-28 07:01:33,252 - root - DEBUG - Updating hall of fame
2020-07-28 07:01:34,663 - root - INFO - Completed generation 19; 2.5s elapsed, 2.6s avg, 4.9e+01s total. Expected time remaining: 4.7e+02s
2020-07-28 07:01:34,720 - root - INFO - #19 MAX:accuracy.mean: 0.76
2020-07-28 07:01:34,761 - root - DEBUG - Sampled weight [0.53065241 0.78889463 0.84284945 0.82024516 0.90626044]
2020-07-28 07:01:35,843 - root - DEBUG - Updating hall of fame
2020-07-28 07:01:37,231 - root - INFO - Completed generation 20; 2.5s elapsed, 2.6s avg, 5.1e+01s total. Expected time remaining: 4.6e+02s
2020-07-28 07:01:37,287 - root - INFO - #20 MAX:accuracy.mean: 0.75
2020-07-28 07:01:37,385 - root - DEBUG - Sampled weight [1.00506365 1.56762343 2.22722905 2.55645238 1.15893864]
2020-07-28 07:01:38,446 - root - DEBUG - Updating hall of fame
2020-07-28 07:01:39,802 - root - INFO - Completed generation 21; 2.5s elapsed, 2.6s avg, 5.4e+01s total. Expected time remaining: 4.6e+02s
2020-07-28 07:01:39,857 - root - INFO - #21 MAX:accuracy.mean: 0.81
2020-07-28 07:01:39,898 - root - DEBUG - Sampled weight [2.06442514 1.1131465  0.6674231  0.97423749 0.9174056 ]
2020-07-28 07:01:40,953 - root - DEBUG - Updating hall of fame
2020-07-28 07:01:42,276 - root - INFO - Completed generation 22; 2.4s elapsed, 2.6s avg, 5.6e+01s total. Expected time remaining: 4.6e+02s
2020-07-28 07:01:42,331 - root - INFO - #22 MAX:accuracy.mean: 0.81
2020-07-28 07:01:42,371 - root - DEBUG - Sampled weight [1.14818927 1.19250715 0.38825773 1.21398849 0.98780015]
2020-07-28 07:01:43,434 - root - DEBUG - Updating hall of fame
2020-07-28 07:01:44,203 - root - INFO - Completed generation 23; 1.9s elapsed, 2.5s avg, 5.8e+01s total. Expected time remaining: 4.5e+02s
2020-07-28 07:01:44,258 - root - INFO - #23 MAX:accuracy.mean: 0.82
2020-07-28 07:01:44,298 - root - DEBUG - Sampled weight [0.36167624 0.60457197 1.69465061 0.52136086 1.62370198]
2020-07-28 07:01:45,355 - root - DEBUG - Updating hall of fame
2020-07-28 07:01:46,119 - root - INFO - Completed generation 24; 1.9s elapsed, 2.5s avg, 6e+01s total. Expected time remaining: 4.4e+02s
2020-07-28 07:01:46,175 - root - INFO - #24 MAX:accuracy.mean: 0.77
2020-07-28 07:01:46,215 - root - DEBUG - Sampled weight [1.19501753 0.98505765 2.25171414 1.18261259 0.85603731]
2020-07-28 07:01:47,267 - root - DEBUG - Updating hall of fame
2020-07-28 07:01:48,035 - root - INFO - Completed generation 25; 1.9s elapsed, 2.5s avg, 6.2e+01s total. Expected time remaining: 4.3e+02s
2020-07-28 07:01:48,090 - root - INFO - #25 MAX:accuracy.mean: 0.78
2020-07-28 07:01:48,130 - root - DEBUG - Sampled weight [0.70225354 1.68605954 0.70016109 0.98784317 0.85787115]
2020-07-28 07:01:49,183 - root - DEBUG - Updating hall of fame
2020-07-28 07:01:50,484 - root - INFO - Completed generation 26; 2.4s elapsed, 2.5s avg, 6.4e+01s total. Expected time remaining: 4.3e+02s
2020-07-28 07:01:50,540 - root - INFO - #26 MAX:accuracy.mean: 0.8
2020-07-28 07:01:50,580 - root - DEBUG - Sampled weight [0.6714834  0.57237474 0.58221247 0.82779143 1.20221162]
2020-07-28 07:01:51,635 - root - DEBUG - Updating hall of fame
2020-07-28 07:01:52,411 - root - INFO - Completed generation 27; 1.9s elapsed, 2.4s avg, 6.6e+01s total. Expected time remaining: 4.2e+02s
2020-07-28 07:01:52,466 - root - INFO - #27 MAX:accuracy.mean: 0.76
2020-07-28 07:01:52,505 - root - DEBUG - Sampled weight [0.83498004 0.46590239 0.93890081 1.8064705  0.52200436]
2020-07-28 07:01:53,563 - root - DEBUG - Updating hall of fame
2020-07-28 07:01:54,331 - root - INFO - Completed generation 28; 1.9s elapsed, 2.4s avg, 6.8e+01s total. Expected time remaining: 4.2e+02s
2020-07-28 07:01:54,386 - root - INFO - #28 MAX:accuracy.mean: 0.77
2020-07-28 07:01:54,427 - root - DEBUG - Sampled weight [0.52500567 0.97673436 1.03254942 1.61605643 1.06204708]
2020-07-28 07:01:55,483 - root - DEBUG - Updating hall of fame
2020-07-28 07:01:56,051 - root - INFO - Completed generation 29; 1.7s elapsed, 2.4s avg, 7e+01s total. Expected time remaining: 4.1e+02s
2020-07-28 07:01:56,106 - root - INFO - #29 MAX:accuracy.mean: 0.77
2020-07-28 07:01:56,147 - root - DEBUG - Sampled weight [1.47845274 1.56386825 0.59604987 0.82134119 3.43425174]
2020-07-28 07:01:57,202 - root - DEBUG - Updating hall of fame
2020-07-28 07:01:57,777 - root - INFO - Completed generation 30; 1.7s elapsed, 2.4s avg, 7.1e+01s total. Expected time remaining: 4e+02s
2020-07-28 07:01:57,833 - root - INFO - #30 MAX:accuracy.mean: 0.76
2020-07-28 07:01:57,922 - root - DEBUG - Sampled weight [1.70232843 1.48753879 1.24422169 0.74660976 0.59614227]
2020-07-28 07:01:58,981 - root - DEBUG - Updating hall of fame
2020-07-28 07:01:59,373 - root - INFO - Completed generation 31; 1.5s elapsed, 2.3s avg, 7.3e+01s total. Expected time remaining: 4e+02s
2020-07-28 07:01:59,428 - root - INFO - #31 MAX:accuracy.mean: 0.79
2020-07-28 07:01:59,468 - root - DEBUG - Sampled weight [1.65248016 1.32098004 0.70874055 0.49521533 0.83209256]
2020-07-28 07:02:00,526 - root - DEBUG - Updating hall of fame
2020-07-28 07:02:01,277 - root - INFO - Completed generation 32; 1.8s elapsed, 2.3s avg, 7.5e+01s total. Expected time remaining: 3.9e+02s
2020-07-28 07:02:01,331 - root - INFO - #32 MAX:accuracy.mean: 0.76
2020-07-28 07:02:01,372 - root - DEBUG - Sampled weight [1.457415   1.97584089 1.79358316 0.6571814  2.5951255 ]
2020-07-28 07:02:02,437 - root - DEBUG - Updating hall of fame
2020-07-28 07:02:03,213 - root - INFO - Completed generation 33; 1.9s elapsed, 2.3s avg, 7.7e+01s total. Expected time remaining: 3.9e+02s
2020-07-28 07:02:03,268 - root - INFO - #33 MAX:accuracy.mean: 0.84
2020-07-28 07:02:03,308 - root - DEBUG - Sampled weight [0.97522148 0.6073991  1.32751322 0.67929226 2.88831614]
2020-07-28 07:02:04,370 - root - DEBUG - Updating hall of fame
2020-07-28 07:02:05,466 - root - INFO - Completed generation 34; 2.2s elapsed, 2.3s avg, 7.9e+01s total. Expected time remaining: 3.8e+02s
2020-07-28 07:02:05,521 - root - INFO - #34 MAX:accuracy.mean: 0.75
2020-07-28 07:02:05,562 - root - DEBUG - Sampled weight [0.7226828  1.16298072 1.52146179 1.16972576 0.96010665]
2020-07-28 07:02:06,620 - root - DEBUG - Updating hall of fame
2020-07-28 07:02:06,620 - root - INFO - Completed generation 35; 1.1s elapsed, 2.3s avg, 8e+01s total. Expected time remaining: 3.8e+02s
2020-07-28 07:02:06,676 - root - INFO - #35 MAX:accuracy.mean: 0.77
2020-07-28 07:02:06,717 - root - DEBUG - Sampled weight [1.50966201 0.80093319 0.70851438 1.82877113 0.83473232]
2020-07-28 07:02:07,783 - root - DEBUG - Updating hall of fame
2020-07-28 07:02:08,334 - root - INFO - Completed generation 36; 1.7s elapsed, 2.3s avg, 8.2e+01s total. Expected time remaining: 3.7e+02s
2020-07-28 07:02:08,389 - root - INFO - #36 MAX:accuracy.mean: 0.77
2020-07-28 07:02:08,428 - root - DEBUG - Sampled weight [0.99868535 0.96341372 0.6182217  0.80688242 1.17556687]
2020-07-28 07:02:09,491 - root - DEBUG - Updating hall of fame
2020-07-28 07:02:10,072 - root - INFO - Completed generation 37; 1.7s elapsed, 2.2s avg, 8.3e+01s total. Expected time remaining: 3.7e+02s
2020-07-28 07:02:10,127 - root - INFO - #37 MAX:accuracy.mean: 0.83
2020-07-28 07:02:10,168 - root - DEBUG - Sampled weight [0.5982907  0.91425352 1.08743478 1.62566626 0.84673188]
2020-07-28 07:02:11,231 - root - DEBUG - Updating hall of fame
2020-07-28 07:02:11,801 - root - INFO - Completed generation 38; 1.7s elapsed, 2.2s avg, 8.5e+01s total. Expected time remaining: 3.6e+02s
2020-07-28 07:02:11,961 - root - INFO - #38 MAX:accuracy.mean: 0.79
2020-07-28 07:02:12,003 - root - DEBUG - Sampled weight [0.40579898 0.8873716  0.46699224 1.67763375 1.64645264]
2020-07-28 07:02:13,069 - root - DEBUG - Updating hall of fame
2020-07-28 07:02:13,829 - root - INFO - Completed generation 39; 1.9s elapsed, 2.2s avg, 8.7e+01s total. Expected time remaining: 3.6e+02s
2020-07-28 07:02:13,884 - root - INFO - #39 MAX:accuracy.mean: 0.78
2020-07-28 07:02:13,925 - root - DEBUG - Sampled weight [0.71903621 0.8376401  0.78531911 1.62525258 0.87639308]
2020-07-28 07:02:14,994 - root - DEBUG - Updating hall of fame
2020-07-28 07:02:15,383 - root - INFO - Completed generation 40; 1.5s elapsed, 2.2s avg, 8.8e+01s total. Expected time remaining: 3.5e+02s
2020-07-28 07:02:15,438 - root - INFO - #40 MAX:accuracy.mean: 0.84
2020-07-28 07:02:15,533 - root - DEBUG - Sampled weight [0.78525345 0.92476197 1.09996509 0.84006635 1.12025068]
2020-07-28 07:02:16,599 - root - DEBUG - Updating hall of fame
2020-07-28 07:02:17,360 - root - INFO - Completed generation 41; 1.9s elapsed, 2.2s avg, 9e+01s total. Expected time remaining: 3.5e+02s
2020-07-28 07:02:17,416 - root - INFO - #41 MAX:accuracy.mean: 0.76
2020-07-28 07:02:17,457 - root - DEBUG - Sampled weight [1.28965583 1.34478277 1.41045263 0.69721996 0.96565463]
2020-07-28 07:02:18,528 - root - DEBUG - Updating hall of fame
2020-07-28 07:02:19,106 - root - INFO - Completed generation 42; 1.7s elapsed, 2.2s avg, 9.2e+01s total. Expected time remaining: 3.5e+02s
2020-07-28 07:02:19,161 - root - INFO - #42 MAX:accuracy.mean: 0.79
2020-07-28 07:02:19,202 - root - DEBUG - Sampled weight [0.52071538 2.90140844 1.4143267  1.50008944 2.25304444]
2020-07-28 07:02:20,276 - root - DEBUG - Updating hall of fame
2020-07-28 07:02:21,397 - root - INFO - Completed generation 43; 2.2s elapsed, 2.2s avg, 9.4e+01s total. Expected time remaining: 3.4e+02s
2020-07-28 07:02:21,453 - root - INFO - #43 MAX:accuracy.mean: 0.83
2020-07-28 07:02:21,494 - root - DEBUG - Sampled weight [0.88281345 0.6275014  1.46103909 0.60965327 0.56697567]
2020-07-28 07:02:22,554 - root - DEBUG - Updating hall of fame
2020-07-28 07:02:24,061 - root - INFO - Completed generation 44; 2.6s elapsed, 2.2s avg, 9.7e+01s total. Expected time remaining: 3.4e+02s
2020-07-28 07:02:24,117 - root - INFO - #44 MAX:accuracy.mean: 0.76
2020-07-28 07:02:24,158 - root - DEBUG - Sampled weight [0.59888831 0.79281329 1.33746501 0.36456576 1.405003  ]
2020-07-28 07:02:25,220 - root - DEBUG - Updating hall of fame
2020-07-28 07:02:25,804 - root - INFO - Completed generation 45; 1.7s elapsed, 2.2s avg, 9.8e+01s total. Expected time remaining: 3.4e+02s
2020-07-28 07:02:25,859 - root - INFO - #45 MAX:accuracy.mean: 0.76
2020-07-28 07:02:25,899 - root - DEBUG - Sampled weight [1.50990728 2.36303387 0.8802047  0.43894019 1.78341197]
2020-07-28 07:02:26,963 - root - DEBUG - Updating hall of fame
2020-07-28 07:02:27,551 - root - INFO - Completed generation 46; 1.7s elapsed, 2.2s avg, 1e+02s total. Expected time remaining: 3.3e+02s
2020-07-28 07:02:27,607 - root - INFO - #46 MAX:accuracy.mean: 0.81
2020-07-28 07:02:27,649 - root - DEBUG - Sampled weight [0.98700107 1.30549559 0.50739877 2.66579127 1.16815078]
2020-07-28 07:02:28,720 - root - DEBUG - Updating hall of fame
2020-07-28 07:02:29,846 - root - INFO - Completed generation 47; 2.2s elapsed, 2.2s avg, 1e+02s total. Expected time remaining: 3.3e+02s
2020-07-28 07:02:29,901 - root - INFO - #47 MAX:accuracy.mean: 0.76
2020-07-28 07:02:29,942 - root - DEBUG - Sampled weight [1.25915984 0.90418335 1.51658513 1.15239911 0.5131541 ]
2020-07-28 07:02:31,011 - root - DEBUG - Updating hall of fame
2020-07-28 07:02:31,196 - root - INFO - Completed generation 48; 1.3s elapsed, 2.2s avg, 1e+02s total. Expected time remaining: 3.3e+02s
2020-07-28 07:02:31,251 - root - INFO - #48 MAX:accuracy.mean: 0.85
2020-07-28 07:02:31,291 - root - DEBUG - Sampled weight [0.92820505 0.83872422 0.36411205 1.4199286  1.58505839]
2020-07-28 07:02:32,365 - root - DEBUG - Updating hall of fame
2020-07-28 07:02:32,742 - root - INFO - Completed generation 49; 1.5s elapsed, 2.1s avg, 1.1e+02s total. Expected time remaining: 3.2e+02s
2020-07-28 07:02:32,798 - root - INFO - #49 MAX:accuracy.mean: 0.85
2020-07-28 07:02:32,839 - root - DEBUG - Sampled weight [0.69811936 0.54694216 1.38071866 1.64975267 0.64902621]
2020-07-28 07:02:33,919 - root - DEBUG - Updating hall of fame
2020-07-28 07:02:34,863 - root - INFO - Completed generation 50; 2.1s elapsed, 2.1s avg, 1.1e+02s total. Expected time remaining: 3.2e+02s
2020-07-28 07:02:34,919 - root - INFO - #50 MAX:accuracy.mean: 0.8
2020-07-28 07:02:35,062 - root - DEBUG - Sampled weight [0.69511525 0.66521231 1.48600355 0.78455115 1.90085591]
2020-07-28 07:02:36,143 - root - DEBUG - Updating hall of fame
2020-07-28 07:02:37,118 - root - INFO - Completed generation 51; 2.1s elapsed, 2.1s avg, 1.1e+02s total. Expected time remaining: 3.2e+02s
2020-07-28 07:02:37,173 - root - INFO - #51 MAX:accuracy.mean: 0.84
2020-07-28 07:02:37,215 - root - DEBUG - Sampled weight [1.39024585 0.71224103 0.39927831 0.81166129 1.53644624]
2020-07-28 07:02:38,318 - root - DEBUG - Updating hall of fame
2020-07-28 07:02:39,677 - root - INFO - Completed generation 52; 2.5s elapsed, 2.1s avg, 1.1e+02s total. Expected time remaining: 3.2e+02s
2020-07-28 07:02:39,733 - root - INFO - #52 MAX:accuracy.mean: 0.83
2020-07-28 07:02:39,773 - root - DEBUG - Sampled weight [0.8872442  0.38181134 0.72847199 0.68178121 2.58964059]
2020-07-28 07:02:40,848 - root - DEBUG - Updating hall of fame
2020-07-28 07:02:41,830 - root - INFO - Completed generation 53; 2.1s elapsed, 2.1s avg, 1.1e+02s total. Expected time remaining: 3.2e+02s
2020-07-28 07:02:41,885 - root - INFO - #53 MAX:accuracy.mean: 0.82
2020-07-28 07:02:41,927 - root - DEBUG - Sampled weight [0.68955565 0.57524156 1.47070625 1.98997903 0.81483002]
2020-07-28 07:02:43,011 - root - DEBUG - Updating hall of fame
2020-07-28 07:02:43,771 - root - INFO - Completed generation 54; 1.9s elapsed, 2.1s avg, 1.2e+02s total. Expected time remaining: 3.1e+02s
2020-07-28 07:02:43,826 - root - INFO - #54 MAX:accuracy.mean: 0.79
2020-07-28 07:02:43,867 - root - DEBUG - Sampled weight [0.9750881  0.34245865 2.38588987 0.98970806 1.58645653]
2020-07-28 07:02:44,950 - root - DEBUG - Updating hall of fame
2020-07-28 07:02:45,900 - root - INFO - Completed generation 55; 2.1s elapsed, 2.1s avg, 1.2e+02s total. Expected time remaining: 3.1e+02s
2020-07-28 07:02:45,956 - root - INFO - #55 MAX:accuracy.mean: 0.83
2020-07-28 07:02:45,997 - root - DEBUG - Sampled weight [0.86817097 1.03540115 0.69174326 3.0213551  1.63995091]
2020-07-28 07:02:47,080 - root - DEBUG - Updating hall of fame
2020-07-28 07:02:47,832 - root - INFO - Completed generation 56; 1.9s elapsed, 2.1s avg, 1.2e+02s total. Expected time remaining: 3.1e+02s
2020-07-28 07:02:47,887 - root - INFO - #56 MAX:accuracy.mean: 0.83
2020-07-28 07:02:47,928 - root - DEBUG - Sampled weight [1.54256365 0.57979081 0.40334711 1.31016781 0.94612561]
2020-07-28 07:02:49,023 - root - DEBUG - Updating hall of fame
2020-07-28 07:02:49,431 - root - INFO - Completed generation 57; 1.5s elapsed, 2.1s avg, 1.2e+02s total. Expected time remaining: 3e+02s
2020-07-28 07:02:49,486 - root - INFO - #57 MAX:accuracy.mean: 0.82
2020-07-28 07:02:49,527 - root - DEBUG - Sampled weight [0.71917822 1.12798026 1.12955359 0.53487325 0.75118989]
2020-07-28 07:02:50,611 - root - DEBUG - Updating hall of fame
2020-07-28 07:02:51,195 - root - INFO - Completed generation 58; 1.7s elapsed, 2.1s avg, 1.2e+02s total. Expected time remaining: 3e+02s
2020-07-28 07:02:51,250 - root - INFO - #58 MAX:accuracy.mean: 0.82
2020-07-28 07:02:51,291 - root - DEBUG - Sampled weight [0.81103176 0.63203999 1.09907329 0.9307148  1.23305559]
2020-07-28 07:02:52,377 - root - DEBUG - Updating hall of fame
2020-07-28 07:02:52,768 - root - INFO - Completed generation 59; 1.5s elapsed, 2.1s avg, 1.2e+02s total. Expected time remaining: 3e+02s
2020-07-28 07:02:52,823 - root - INFO - #59 MAX:accuracy.mean: 0.82
2020-07-28 07:02:52,864 - root - DEBUG - Sampled weight [1.48929142 0.88531869 0.57085378 0.97736582 1.25836799]
2020-07-28 07:02:53,942 - root - DEBUG - Updating hall of fame
2020-07-28 07:02:54,715 - root - INFO - Completed generation 60; 1.9s elapsed, 2.1s avg, 1.3e+02s total. Expected time remaining: 2.9e+02s
2020-07-28 07:02:54,770 - root - INFO - #60 MAX:accuracy.mean: 0.84
2020-07-28 07:02:54,869 - root - DEBUG - Sampled weight [0.89383592 0.96796724 0.74388592 1.34065083 0.76568884]
2020-07-28 07:02:55,962 - root - DEBUG - Updating hall of fame
2020-07-28 07:02:56,726 - root - INFO - Completed generation 61; 1.9s elapsed, 2.1s avg, 1.3e+02s total. Expected time remaining: 2.9e+02s
2020-07-28 07:02:56,781 - root - INFO - #61 MAX:accuracy.mean: 0.88
2020-07-28 07:02:56,823 - root - DEBUG - Sampled weight [0.63609304 1.17915162 4.09694717 1.8939566  0.88634944]
2020-07-28 07:02:57,912 - root - DEBUG - Updating hall of fame
2020-07-28 07:02:58,507 - root - INFO - Completed generation 62; 1.7s elapsed, 2.1s avg, 1.3e+02s total. Expected time remaining: 2.9e+02s
2020-07-28 07:02:58,563 - root - INFO - #62 MAX:accuracy.mean: 0.84
2020-07-28 07:02:58,604 - root - DEBUG - Sampled weight [0.60139558 0.89762091 1.09652156 1.78870345 0.96236434]
2020-07-28 07:02:59,688 - root - DEBUG - Updating hall of fame
2020-07-28 07:03:00,463 - root - INFO - Completed generation 63; 1.9s elapsed, 2.1s avg, 1.3e+02s total. Expected time remaining: 2.9e+02s
2020-07-28 07:03:00,518 - root - INFO - #63 MAX:accuracy.mean: 0.86
2020-07-28 07:03:00,560 - root - DEBUG - Sampled weight [0.65165207 1.91007544 0.45787398 2.53163801 0.80741741]
2020-07-28 07:03:01,658 - root - DEBUG - Updating hall of fame
2020-07-28 07:03:02,820 - root - INFO - Completed generation 64; 2.3s elapsed, 2.1s avg, 1.3e+02s total. Expected time remaining: 2.9e+02s
2020-07-28 07:03:02,876 - root - INFO - #64 MAX:accuracy.mean: 0.84
2020-07-28 07:03:02,916 - root - DEBUG - Sampled weight [0.68190585 2.31333819 0.7227663  0.5013039  2.56374053]
2020-07-28 07:03:04,003 - root - DEBUG - Updating hall of fame
2020-07-28 07:03:05,131 - root - INFO - Completed generation 65; 2.3s elapsed, 2.1s avg, 1.4e+02s total. Expected time remaining: 2.8e+02s
2020-07-28 07:03:05,186 - root - INFO - #65 MAX:accuracy.mean: 0.84
2020-07-28 07:03:05,227 - root - DEBUG - Sampled weight [0.55602537 0.92317468 0.64490559 1.76513711 0.42666874]
2020-07-28 07:03:06,316 - root - DEBUG - Updating hall of fame
2020-07-28 07:03:07,075 - root - INFO - Completed generation 66; 1.9s elapsed, 2.1s avg, 1.4e+02s total. Expected time remaining: 2.8e+02s
2020-07-28 07:03:07,131 - root - INFO - #66 MAX:accuracy.mean: 0.84
2020-07-28 07:03:07,171 - root - DEBUG - Sampled weight [1.36033658 1.73647141 0.50678423 1.02090152 0.90544304]
2020-07-28 07:03:08,260 - root - DEBUG - Updating hall of fame
2020-07-28 07:03:09,022 - root - INFO - Completed generation 67; 1.9s elapsed, 2.1s avg, 1.4e+02s total. Expected time remaining: 2.8e+02s
2020-07-28 07:03:09,078 - root - INFO - #67 MAX:accuracy.mean: 0.86
2020-07-28 07:03:09,120 - root - DEBUG - Sampled weight [1.19315686 0.81954356 0.5757884  1.03322594 1.95887433]
2020-07-28 07:03:10,212 - root - DEBUG - Updating hall of fame
2020-07-28 07:03:11,170 - root - INFO - Completed generation 68; 2.1s elapsed, 2.1s avg, 1.4e+02s total. Expected time remaining: 2.8e+02s
2020-07-28 07:03:11,226 - root - INFO - #68 MAX:accuracy.mean: 0.86
2020-07-28 07:03:11,268 - root - DEBUG - Sampled weight [2.74375108 0.62281505 3.05155175 1.23238669 2.69961955]
2020-07-28 07:03:12,364 - root - DEBUG - Updating hall of fame
2020-07-28 07:03:12,755 - root - INFO - Completed generation 69; 1.5s elapsed, 2.1s avg, 1.4e+02s total. Expected time remaining: 2.7e+02s
2020-07-28 07:03:12,811 - root - INFO - #69 MAX:accuracy.mean: 0.83
2020-07-28 07:03:12,852 - root - DEBUG - Sampled weight [1.23514744 1.42600619 1.75096468 0.84010662 1.79134319]
2020-07-28 07:03:13,922 - root - DEBUG - Updating hall of fame
2020-07-28 07:03:15,041 - root - INFO - Completed generation 70; 2.2s elapsed, 2.1s avg, 1.5e+02s total. Expected time remaining: 2.7e+02s
2020-07-28 07:03:15,096 - root - INFO - #70 MAX:accuracy.mean: 0.91
2020-07-28 07:03:15,208 - root - DEBUG - Sampled weight [0.94731734 0.31546111 1.79531167 3.20971912 0.53362792]
2020-07-28 07:03:16,296 - root - DEBUG - Updating hall of fame
2020-07-28 07:03:17,052 - root - INFO - Completed generation 71; 1.9s elapsed, 2.1s avg, 1.5e+02s total. Expected time remaining: 2.7e+02s
2020-07-28 07:03:17,107 - root - INFO - #71 MAX:accuracy.mean: 0.84
2020-07-28 07:03:17,148 - root - DEBUG - Sampled weight [0.45736698 0.89750633 0.73195427 0.70929977 0.51570902]
2020-07-28 07:03:18,234 - root - DEBUG - Updating hall of fame
2020-07-28 07:03:18,810 - root - INFO - Completed generation 72; 1.7s elapsed, 2.1s avg, 1.5e+02s total. Expected time remaining: 2.7e+02s
2020-07-28 07:03:18,865 - root - INFO - #72 MAX:accuracy.mean: 0.83
2020-07-28 07:03:18,906 - root - DEBUG - Sampled weight [1.90109083 0.64330301 0.94926001 0.99009997 0.88700058]
2020-07-28 07:03:19,987 - root - DEBUG - Updating hall of fame
2020-07-28 07:03:20,956 - root - INFO - Completed generation 73; 2.1s elapsed, 2.1s avg, 1.5e+02s total. Expected time remaining: 2.6e+02s
2020-07-28 07:03:21,011 - root - INFO - #73 MAX:accuracy.mean: 0.87
2020-07-28 07:03:21,052 - root - DEBUG - Sampled weight [1.43570911 1.01234867 1.57306783 1.33867138 1.02313025]
2020-07-28 07:03:22,136 - root - DEBUG - Updating hall of fame
2020-07-28 07:03:23,106 - root - INFO - Completed generation 74; 2.1s elapsed, 2.1s avg, 1.5e+02s total. Expected time remaining: 2.6e+02s
2020-07-28 07:03:23,162 - root - INFO - #74 MAX:accuracy.mean: 0.91
2020-07-28 07:03:23,203 - root - DEBUG - Sampled weight [0.6214838  0.53085893 2.17891776 1.72870824 1.1131372 ]
2020-07-28 07:03:24,306 - root - DEBUG - Updating hall of fame
2020-07-28 07:03:25,464 - root - INFO - Completed generation 75; 2.3s elapsed, 2.1s avg, 1.6e+02s total. Expected time remaining: 2.6e+02s
2020-07-28 07:03:25,519 - root - INFO - #75 MAX:accuracy.mean: 0.84
2020-07-28 07:03:25,560 - root - DEBUG - Sampled weight [2.42154263 0.77941273 1.96497911 0.96537817 0.32364864]
2020-07-28 07:03:26,663 - root - DEBUG - Updating hall of fame
2020-07-28 07:03:27,443 - root - INFO - Completed generation 76; 1.9s elapsed, 2.1s avg, 1.6e+02s total. Expected time remaining: 2.6e+02s
2020-07-28 07:03:27,498 - root - INFO - #76 MAX:accuracy.mean: 0.84
2020-07-28 07:03:27,540 - root - DEBUG - Sampled weight [0.75448606 1.64729225 1.02172335 0.31776034 1.48807214]
2020-07-28 07:03:28,636 - root - DEBUG - Updating hall of fame
2020-07-28 07:03:29,607 - root - INFO - Completed generation 77; 2.1s elapsed, 2.1s avg, 1.6e+02s total. Expected time remaining: 2.6e+02s
2020-07-28 07:03:29,663 - root - INFO - #77 MAX:accuracy.mean: 0.85
2020-07-28 07:03:29,704 - root - DEBUG - Sampled weight [1.59120336 0.88614224 1.49877713 1.6209589  0.45976238]
2020-07-28 07:03:30,800 - root - DEBUG - Updating hall of fame
2020-07-28 07:03:31,398 - root - INFO - Completed generation 78; 1.7s elapsed, 2.1s avg, 1.6e+02s total. Expected time remaining: 2.5e+02s
2020-07-28 07:03:31,458 - root - INFO - #78 MAX:accuracy.mean: 0.87
2020-07-28 07:03:31,500 - root - DEBUG - Sampled weight [1.21857171 1.30424703 1.09664704 1.29445953 1.54609937]
2020-07-28 07:03:32,575 - root - DEBUG - Updating hall of fame
2020-07-28 07:03:33,520 - root - INFO - Completed generation 79; 2.1s elapsed, 2.1s avg, 1.6e+02s total. Expected time remaining: 2.5e+02s
2020-07-28 07:03:33,575 - root - INFO - #79 MAX:accuracy.mean: 0.91
2020-07-28 07:03:33,615 - root - DEBUG - Sampled weight [1.62387672 0.52593728 0.74324257 0.98259115 1.28023642]
2020-07-28 07:03:34,704 - root - DEBUG - Updating hall of fame
2020-07-28 07:03:35,277 - root - INFO - Completed generation 80; 1.7s elapsed, 2.1s avg, 1.7e+02s total. Expected time remaining: 2.5e+02s
2020-07-28 07:03:35,332 - root - INFO - #80 MAX:accuracy.mean: 0.84
2020-07-28 07:03:35,449 - root - DEBUG - Sampled weight [1.14262034 0.94984426 1.24610089 0.60391168 1.54616029]
2020-07-28 07:03:36,551 - root - DEBUG - Updating hall of fame
2020-07-28 07:03:37,336 - root - INFO - Completed generation 81; 1.9s elapsed, 2.1s avg, 1.7e+02s total. Expected time remaining: 2.5e+02s
2020-07-28 07:03:37,391 - root - INFO - #81 MAX:accuracy.mean: 0.86
2020-07-28 07:03:37,431 - root - DEBUG - Sampled weight [0.97847891 1.14356653 1.92955572 2.06021006 0.85735722]
2020-07-28 07:03:38,527 - root - DEBUG - Updating hall of fame
2020-07-28 07:03:39,298 - root - INFO - Completed generation 82; 1.9s elapsed, 2.1s avg, 1.7e+02s total. Expected time remaining: 2.4e+02s
2020-07-28 07:03:39,353 - root - INFO - #82 MAX:accuracy.mean: 0.9
2020-07-28 07:03:39,395 - root - DEBUG - Sampled weight [2.06405806 1.30165694 0.64566047 2.48354684 1.54741272]
2020-07-28 07:03:40,498 - root - DEBUG - Updating hall of fame
2020-07-28 07:03:41,646 - root - INFO - Completed generation 83; 2.3s elapsed, 2.1s avg, 1.7e+02s total. Expected time remaining: 2.4e+02s
2020-07-28 07:03:41,701 - root - INFO - #83 MAX:accuracy.mean: 0.85
2020-07-28 07:03:41,743 - root - DEBUG - Sampled weight [1.21313627 0.57906768 1.39883777 1.50639    1.00443186]
2020-07-28 07:03:42,855 - root - DEBUG - Updating hall of fame
2020-07-28 07:03:43,989 - root - INFO - Completed generation 84; 2.3s elapsed, 2.1s avg, 1.7e+02s total. Expected time remaining: 2.4e+02s
2020-07-28 07:03:44,044 - root - INFO - #84 MAX:accuracy.mean: 0.87
2020-07-28 07:03:44,085 - root - DEBUG - Sampled weight [0.68435448 1.40893848 2.42203343 0.74501845 0.81340569]
2020-07-28 07:03:45,178 - root - DEBUG - Updating hall of fame
2020-07-28 07:03:46,157 - root - INFO - Completed generation 85; 2.1s elapsed, 2.1s avg, 1.8e+02s total. Expected time remaining: 2.4e+02s
2020-07-28 07:03:46,212 - root - INFO - #85 MAX:accuracy.mean: 0.85
2020-07-28 07:03:46,254 - root - DEBUG - Sampled weight [1.04487943 1.8099586  0.81030152 1.45764119 0.77350008]
2020-07-28 07:03:47,346 - root - DEBUG - Updating hall of fame
2020-07-28 07:03:48,497 - root - INFO - Completed generation 86; 2.3s elapsed, 2.1s avg, 1.8e+02s total. Expected time remaining: 2.4e+02s
2020-07-28 07:03:48,552 - root - INFO - #86 MAX:accuracy.mean: 0.89
2020-07-28 07:03:48,593 - root - DEBUG - Sampled weight [1.93698246 1.47286166 0.28785064 1.11214469 0.77425556]
2020-07-28 07:03:49,673 - root - DEBUG - Updating hall of fame
2020-07-28 07:03:50,654 - root - INFO - Completed generation 87; 2.1s elapsed, 2.1s avg, 1.8e+02s total. Expected time remaining: 2.3e+02s
2020-07-28 07:03:50,709 - root - INFO - #87 MAX:accuracy.mean: 0.85
2020-07-28 07:03:50,750 - root - DEBUG - Sampled weight [0.98437467 1.24046093 1.07835943 0.89331325 1.11016236]
2020-07-28 07:03:51,842 - root - DEBUG - Updating hall of fame
2020-07-28 07:03:53,197 - root - INFO - Completed generation 88; 2.5s elapsed, 2.1s avg, 1.8e+02s total. Expected time remaining: 2.3e+02s
2020-07-28 07:03:53,253 - root - INFO - #88 MAX:accuracy.mean: 0.88
2020-07-28 07:03:53,294 - root - DEBUG - Sampled weight [0.68051401 1.5369166  1.61134354 2.03740952 0.22629457]
2020-07-28 07:03:54,384 - root - DEBUG - Updating hall of fame
2020-07-28 07:03:55,741 - root - INFO - Completed generation 89; 2.5s elapsed, 2.1s avg, 1.9e+02s total. Expected time remaining: 2.3e+02s
2020-07-28 07:03:55,796 - root - INFO - #89 MAX:accuracy.mean: 0.86
2020-07-28 07:03:55,838 - root - DEBUG - Sampled weight [1.01776185 0.50562944 1.27145167 1.06105704 0.91750124]
2020-07-28 07:03:56,931 - root - DEBUG - Updating hall of fame
2020-07-28 07:03:58,063 - root - INFO - Completed generation 90; 2.3s elapsed, 2.1s avg, 1.9e+02s total. Expected time remaining: 2.3e+02s
2020-07-28 07:03:58,119 - root - INFO - #90 MAX:accuracy.mean: 0.85
2020-07-28 07:03:58,226 - root - DEBUG - Sampled weight [0.32401865 0.93350936 1.72532215 1.18117529 0.66865785]
2020-07-28 07:03:59,325 - root - DEBUG - Updating hall of fame
2020-07-28 07:04:00,477 - root - INFO - Completed generation 91; 2.3s elapsed, 2.1s avg, 1.9e+02s total. Expected time remaining: 2.3e+02s
2020-07-28 07:04:00,532 - root - INFO - #91 MAX:accuracy.mean: 0.86
2020-07-28 07:04:00,574 - root - DEBUG - Sampled weight [0.77194286 0.71929361 0.85769846 1.02306276 0.95459239]
2020-07-28 07:04:01,693 - root - DEBUG - Updating hall of fame
2020-07-28 07:04:02,645 - root - INFO - Completed generation 92; 2.1s elapsed, 2.1s avg, 1.9e+02s total. Expected time remaining: 2.3e+02s
2020-07-28 07:04:02,700 - root - INFO - #92 MAX:accuracy.mean: 0.87
2020-07-28 07:04:02,741 - root - DEBUG - Sampled weight [1.66600893 0.70499339 1.87114128 0.39472467 1.10329281]
2020-07-28 07:04:03,868 - root - DEBUG - Updating hall of fame
2020-07-28 07:04:04,496 - root - INFO - Completed generation 93; 1.8s elapsed, 2.1s avg, 1.9e+02s total. Expected time remaining: 2.2e+02s
2020-07-28 07:04:04,554 - root - INFO - #93 MAX:accuracy.mean: 0.85
2020-07-28 07:04:04,598 - root - DEBUG - Sampled weight [1.00389934 0.92240264 1.44695745 0.53091033 0.73579167]
2020-07-28 07:04:05,719 - root - DEBUG - Updating hall of fame
2020-07-28 07:04:06,894 - root - INFO - Completed generation 94; 2.3s elapsed, 2.1s avg, 2e+02s total. Expected time remaining: 2.2e+02s
2020-07-28 07:04:06,949 - root - INFO - #94 MAX:accuracy.mean: 0.85
2020-07-28 07:04:06,990 - root - DEBUG - Sampled weight [0.88030487 0.71426546 0.52240906 1.94963866 1.13742837]
2020-07-28 07:04:08,089 - root - DEBUG - Updating hall of fame
2020-07-28 07:04:08,661 - root - INFO - Completed generation 95; 1.7s elapsed, 2.1s avg, 2e+02s total. Expected time remaining: 2.2e+02s
2020-07-28 07:04:08,717 - root - INFO - #95 MAX:accuracy.mean: 0.85
2020-07-28 07:04:08,758 - root - DEBUG - Sampled weight [1.005156   1.09065445 1.97684093 0.60095881 1.52277255]
2020-07-28 07:04:09,853 - root - DEBUG - Updating hall of fame
2020-07-28 07:04:10,440 - root - INFO - Completed generation 96; 1.7s elapsed, 2.1s avg, 2e+02s total. Expected time remaining: 2.2e+02s
2020-07-28 07:04:10,495 - root - INFO - #96 MAX:accuracy.mean: 0.87
2020-07-28 07:04:10,536 - root - DEBUG - Sampled weight [0.66561965 2.3903746  0.66528012 1.40598573 1.57031192]
2020-07-28 07:04:11,624 - root - DEBUG - Updating hall of fame
2020-07-28 07:04:12,383 - root - INFO - Completed generation 97; 1.9s elapsed, 2.1s avg, 2e+02s total. Expected time remaining: 2.1e+02s
2020-07-28 07:04:12,439 - root - INFO - #97 MAX:accuracy.mean: 0.84
2020-07-28 07:04:12,481 - root - DEBUG - Sampled weight [0.73164816 2.5714753  1.12243043 2.06871812 0.48434034]
2020-07-28 07:04:13,585 - root - DEBUG - Updating hall of fame
2020-07-28 07:04:13,964 - root - INFO - Completed generation 98; 1.5s elapsed, 2.1s avg, 2e+02s total. Expected time remaining: 2.1e+02s
2020-07-28 07:04:14,019 - root - INFO - #98 MAX:accuracy.mean: 0.84
2020-07-28 07:04:14,060 - root - DEBUG - Sampled weight [2.09364313 1.1307465  1.05819424 1.27255228 1.7603484 ]
2020-07-28 07:04:15,139 - root - DEBUG - Updating hall of fame
2020-07-28 07:04:15,692 - root - INFO - Completed generation 99; 1.7s elapsed, 2.1s avg, 2e+02s total. Expected time remaining: 2.1e+02s
2020-07-28 07:04:15,747 - root - INFO - #99 MAX:accuracy.mean: 0.89
2020-07-28 07:04:15,787 - root - DEBUG - Sampled weight [1.79013467 1.30971505 1.05719257 0.51923183 0.79166995]
2020-07-28 07:04:16,868 - root - DEBUG - Updating hall of fame
2020-07-28 07:04:17,621 - root - INFO - Completed generation 100; 1.9s elapsed, 2.1s avg, 2.1e+02s total. Expected time remaining: 2.1e+02s
2020-07-28 07:04:17,676 - root - INFO - #100 MAX:accuracy.mean: 0.84
2020-07-28 07:04:17,795 - root - DEBUG - Sampled weight [1.66214386 1.62925798 1.81190312 1.16064165 1.06533134]
2020-07-28 07:04:18,883 - root - DEBUG - Updating hall of fame
2020-07-28 07:04:19,442 - root - INFO - Completed generation 101; 1.7s elapsed, 2.1s avg, 2.1e+02s total. Expected time remaining: 2e+02s
2020-07-28 07:04:19,497 - root - INFO - #101 MAX:accuracy.mean: 0.92
2020-07-28 07:04:19,538 - root - DEBUG - Sampled weight [1.2403782  0.98170522 0.66994776 1.13644904 0.66022999]
2020-07-28 07:04:20,642 - root - DEBUG - Updating hall of fame
2020-07-28 07:04:21,406 - root - INFO - Completed generation 102; 1.9s elapsed, 2.1s avg, 2.1e+02s total. Expected time remaining: 2e+02s
2020-07-28 07:04:21,461 - root - INFO - #102 MAX:accuracy.mean: 0.85
2020-07-28 07:04:21,502 - root - DEBUG - Sampled weight [0.66652188 0.51556699 0.2516274  0.81392247 0.75527396]
2020-07-28 07:04:22,598 - root - DEBUG - Updating hall of fame
2020-07-28 07:04:22,598 - root - INFO - Completed generation 103; 1.1s elapsed, 2.1s avg, 2.1e+02s total. Expected time remaining: 2e+02s
2020-07-28 07:04:22,654 - root - INFO - #103 MAX:accuracy.mean: 0.82
2020-07-28 07:04:22,695 - root - DEBUG - Sampled weight [1.34328181 1.47616888 0.70350068 1.81245893 2.28250014]
2020-07-28 07:04:23,781 - root - DEBUG - Updating hall of fame
2020-07-28 07:04:23,978 - root - INFO - Completed generation 104; 1.3s elapsed, 2.0s avg, 2.1e+02s total. Expected time remaining: 2e+02s
2020-07-28 07:04:24,033 - root - INFO - #104 MAX:accuracy.mean: 0.88
2020-07-28 07:04:24,074 - root - DEBUG - Sampled weight [0.67371888 0.5833658  1.0012585  0.94640055 0.4131205 ]
2020-07-28 07:04:25,174 - root - DEBUG - Updating hall of fame
2020-07-28 07:04:26,317 - root - INFO - Completed generation 105; 2.3s elapsed, 2.0s avg, 2.2e+02s total. Expected time remaining: 1.9e+02s
2020-07-28 07:04:26,372 - root - INFO - #105 MAX:accuracy.mean: 0.85
2020-07-28 07:04:26,414 - root - DEBUG - Sampled weight [0.75203597 0.92430248 0.74062253 0.52463884 2.36583907]
2020-07-28 07:04:27,515 - root - DEBUG - Updating hall of fame
2020-07-28 07:04:27,897 - root - INFO - Completed generation 106; 1.5s elapsed, 2.0s avg, 2.2e+02s total. Expected time remaining: 1.9e+02s
2020-07-28 07:04:27,952 - root - INFO - #106 MAX:accuracy.mean: 0.85
2020-07-28 07:04:27,993 - root - DEBUG - Sampled weight [0.71779124 1.30902995 0.4696018  1.07336694 0.97501224]
2020-07-28 07:04:29,082 - root - DEBUG - Updating hall of fame
2020-07-28 07:04:29,462 - root - INFO - Completed generation 107; 1.5s elapsed, 2.0s avg, 2.2e+02s total. Expected time remaining: 1.9e+02s
2020-07-28 07:04:29,517 - root - INFO - #107 MAX:accuracy.mean: 0.85
2020-07-28 07:04:29,558 - root - DEBUG - Sampled weight [1.07321263 0.97847863 1.19793812 1.70459071 1.33304973]
2020-07-28 07:04:30,654 - root - DEBUG - Updating hall of fame
2020-07-28 07:04:31,595 - root - INFO - Completed generation 108; 2.1s elapsed, 2.0s avg, 2.2e+02s total. Expected time remaining: 1.9e+02s
2020-07-28 07:04:31,650 - root - INFO - #108 MAX:accuracy.mean: 0.92
2020-07-28 07:04:31,691 - root - DEBUG - Sampled weight [1.01754316 1.51677851 1.76291879 0.59440216 1.05334268]
2020-07-28 07:04:32,802 - root - DEBUG - Updating hall of fame
2020-07-28 07:04:33,815 - root - INFO - Completed generation 109; 2.2s elapsed, 2.0s avg, 2.2e+02s total. Expected time remaining: 1.9e+02s
2020-07-28 07:04:33,870 - root - INFO - #109 MAX:accuracy.mean: 0.88
2020-07-28 07:04:33,912 - root - DEBUG - Sampled weight [0.68165065 1.55973167 1.04332555 0.47068969 0.38007574]
2020-07-28 07:04:35,010 - root - DEBUG - Updating hall of fame
2020-07-28 07:04:35,766 - root - INFO - Completed generation 110; 1.9s elapsed, 2.0s avg, 2.2e+02s total. Expected time remaining: 1.8e+02s
2020-07-28 07:04:35,821 - root - INFO - #110 MAX:accuracy.mean: 0.84
2020-07-28 07:04:35,917 - root - DEBUG - Sampled weight [1.19455423 1.17498207 1.0190339  1.43229416 1.06587987]
2020-07-28 07:04:37,004 - root - DEBUG - Updating hall of fame
2020-07-28 07:04:37,190 - root - INFO - Completed generation 111; 1.3s elapsed, 2.0s avg, 2.3e+02s total. Expected time remaining: 1.8e+02s
2020-07-28 07:04:37,245 - root - INFO - #111 MAX:accuracy.mean: 0.92
2020-07-28 07:04:37,287 - root - DEBUG - Sampled weight [0.68429229 0.72824793 1.57354163 0.71374583 1.14899418]
2020-07-28 07:04:38,396 - root - DEBUG - Updating hall of fame
2020-07-28 07:04:39,341 - root - INFO - Completed generation 112; 2.1s elapsed, 2.0s avg, 2.3e+02s total. Expected time remaining: 1.8e+02s
2020-07-28 07:04:39,396 - root - INFO - #112 MAX:accuracy.mean: 0.84
2020-07-28 07:04:39,436 - root - DEBUG - Sampled weight [0.60324984 1.37828245 0.68151616 0.55148259 1.41106521]
2020-07-28 07:04:40,538 - root - DEBUG - Updating hall of fame
2020-07-28 07:04:40,923 - root - INFO - Completed generation 113; 1.5s elapsed, 2.0s avg, 2.3e+02s total. Expected time remaining: 1.8e+02s
2020-07-28 07:04:40,978 - root - INFO - #113 MAX:accuracy.mean: 0.84
2020-07-28 07:04:41,020 - root - DEBUG - Sampled weight [1.5519202  0.37411413 1.67278179 0.44296402 0.87083337]
2020-07-28 07:04:42,122 - root - DEBUG - Updating hall of fame
2020-07-28 07:04:42,681 - root - INFO - Completed generation 114; 1.7s elapsed, 2.0s avg, 2.3e+02s total. Expected time remaining: 1.7e+02s
2020-07-28 07:04:42,737 - root - INFO - #114 MAX:accuracy.mean: 0.84
2020-07-28 07:04:42,778 - root - DEBUG - Sampled weight [0.94275639 1.59969385 1.07026876 1.83444907 0.35879549]
2020-07-28 07:04:43,875 - root - DEBUG - Updating hall of fame
2020-07-28 07:04:44,247 - root - INFO - Completed generation 115; 1.5s elapsed, 2.0s avg, 2.3e+02s total. Expected time remaining: 1.7e+02s
2020-07-28 07:04:44,302 - root - INFO - #115 MAX:accuracy.mean: 0.87
2020-07-28 07:04:44,343 - root - DEBUG - Sampled weight [0.97941004 0.55844354 0.76432571 0.97797992 1.96323031]
2020-07-28 07:04:45,446 - root - DEBUG - Updating hall of fame
2020-07-28 07:04:46,605 - root - INFO - Completed generation 116; 2.3s elapsed, 2.0s avg, 2.3e+02s total. Expected time remaining: 1.7e+02s
2020-07-28 07:04:46,663 - root - INFO - #116 MAX:accuracy.mean: 0.85
2020-07-28 07:04:46,704 - root - DEBUG - Sampled weight [0.63027726 0.90507524 1.15997537 1.61567975 1.5791247 ]
2020-07-28 07:04:47,811 - root - DEBUG - Updating hall of fame
2020-07-28 07:04:47,812 - root - INFO - Completed generation 117; 1.1s elapsed, 2.0s avg, 2.4e+02s total. Expected time remaining: 1.7e+02s
2020-07-28 07:04:47,867 - root - INFO - #117 MAX:accuracy.mean: 0.88
2020-07-28 07:04:47,907 - root - DEBUG - Sampled weight [0.66486388 1.00524114 0.84956008 0.83719875 1.02694138]
2020-07-28 07:04:49,021 - root - DEBUG - Updating hall of fame
2020-07-28 07:04:49,604 - root - INFO - Completed generation 118; 1.7s elapsed, 2.0s avg, 2.4e+02s total. Expected time remaining: 1.7e+02s
2020-07-28 07:04:49,659 - root - INFO - #118 MAX:accuracy.mean: 0.87
2020-07-28 07:04:49,700 - root - DEBUG - Sampled weight [3.14665068 0.47105039 1.65731338 0.98863088 0.53172556]
2020-07-28 07:04:50,809 - root - DEBUG - Updating hall of fame
2020-07-28 07:04:51,363 - root - INFO - Completed generation 119; 1.7s elapsed, 2.0s avg, 2.4e+02s total. Expected time remaining: 1.6e+02s
2020-07-28 07:04:51,418 - root - INFO - #119 MAX:accuracy.mean: 0.85
2020-07-28 07:04:51,460 - root - DEBUG - Sampled weight [1.77051116 0.56621565 0.41993707 1.07328499 3.1246174 ]
2020-07-28 07:04:52,571 - root - DEBUG - Updating hall of fame
2020-07-28 07:04:52,937 - root - INFO - Completed generation 120; 1.5s elapsed, 2.0s avg, 2.4e+02s total. Expected time remaining: 1.6e+02s
2020-07-28 07:04:52,992 - root - INFO - #120 MAX:accuracy.mean: 0.84
2020-07-28 07:04:54,465 - root - DEBUG - Sampled weight [0.51562657 0.76424787 0.43574233 0.7397372  1.06271373]
2020-07-28 07:04:55,745 - root - DEBUG - Updating hall of fame
2020-07-28 07:04:56,296 - root - INFO - Completed generation 121; 1.9s elapsed, 2.0s avg, 2.4e+02s total. Expected time remaining: 1.6e+02s
2020-07-28 07:04:56,351 - root - INFO - #121 MAX:accuracy.mean: 0.84
2020-07-28 07:04:56,392 - root - DEBUG - Sampled weight [1.54394141 1.30268869 0.99300483 1.53186281 2.18849367]
2020-07-28 07:04:57,503 - root - DEBUG - Updating hall of fame
2020-07-28 07:04:57,689 - root - INFO - Completed generation 122; 1.3s elapsed, 2.0s avg, 2.4e+02s total. Expected time remaining: 1.6e+02s
2020-07-28 07:04:57,745 - root - INFO - #122 MAX:accuracy.mean: 0.91
2020-07-28 07:04:57,788 - root - DEBUG - Sampled weight [1.88118297 0.97272649 0.40436974 1.10284572 2.16193352]
2020-07-28 07:04:58,892 - root - DEBUG - Updating hall of fame
2020-07-28 07:04:59,842 - root - INFO - Completed generation 123; 2.1s elapsed, 2.0s avg, 2.5e+02s total. Expected time remaining: 1.5e+02s
2020-07-28 07:04:59,897 - root - INFO - #123 MAX:accuracy.mean: 0.85
2020-07-28 07:04:59,939 - root - DEBUG - Sampled weight [0.95532763 0.68005588 1.2229845  1.12705142 0.81270871]
2020-07-28 07:05:01,026 - root - DEBUG - Updating hall of fame
2020-07-28 07:05:01,228 - root - INFO - Completed generation 124; 1.3s elapsed, 2.0s avg, 2.5e+02s total. Expected time remaining: 1.5e+02s
2020-07-28 07:05:01,283 - root - INFO - #124 MAX:accuracy.mean: 0.87
2020-07-28 07:05:01,325 - root - DEBUG - Sampled weight [2.05703876 1.13394878 2.92622628 0.46657817 1.15536906]
2020-07-28 07:05:02,437 - root - DEBUG - Updating hall of fame
2020-07-28 07:05:03,010 - root - INFO - Completed generation 125; 1.7s elapsed, 2.0s avg, 2.5e+02s total. Expected time remaining: 1.5e+02s
2020-07-28 07:05:03,065 - root - INFO - #125 MAX:accuracy.mean: 0.84
2020-07-28 07:05:03,106 - root - DEBUG - Sampled weight [0.74342533 1.88246754 1.05677863 0.40862279 1.18300769]
2020-07-28 07:05:04,206 - root - DEBUG - Updating hall of fame
2020-07-28 07:05:04,573 - root - INFO - Completed generation 126; 1.5s elapsed, 2.0s avg, 2.5e+02s total. Expected time remaining: 1.5e+02s
2020-07-28 07:05:04,629 - root - INFO - #126 MAX:accuracy.mean: 0.84
2020-07-28 07:05:04,670 - root - DEBUG - Sampled weight [1.56636946 1.69361244 1.00819228 0.67377358 0.86547424]
2020-07-28 07:05:05,754 - root - DEBUG - Updating hall of fame
2020-07-28 07:05:06,158 - root - INFO - Completed generation 127; 1.5s elapsed, 2.0s avg, 2.5e+02s total. Expected time remaining: 1.4e+02s
2020-07-28 07:05:06,213 - root - INFO - #127 MAX:accuracy.mean: 0.87
2020-07-28 07:05:06,254 - root - DEBUG - Sampled weight [0.89367083 2.71948136 0.47495796 1.07566066 1.30128135]
2020-07-28 07:05:07,369 - root - DEBUG - Updating hall of fame
2020-07-28 07:05:07,757 - root - INFO - Completed generation 128; 1.5s elapsed, 2.0s avg, 2.5e+02s total. Expected time remaining: 1.4e+02s
2020-07-28 07:05:07,813 - root - INFO - #128 MAX:accuracy.mean: 0.84
2020-07-28 07:05:07,855 - root - DEBUG - Sampled weight [0.58068598 0.58511448 0.45820623 1.83379922 1.06034193]
2020-07-28 07:05:08,961 - root - DEBUG - Updating hall of fame
2020-07-28 07:05:09,145 - root - INFO - Completed generation 129; 1.3s elapsed, 2.0s avg, 2.6e+02s total. Expected time remaining: 1.4e+02s
2020-07-28 07:05:09,200 - root - INFO - #129 MAX:accuracy.mean: 0.84
2020-07-28 07:05:09,241 - root - DEBUG - Sampled weight [0.53555345 0.78114994 1.08669239 0.9809184  1.25463521]
2020-07-28 07:05:10,353 - root - DEBUG - Updating hall of fame
2020-07-28 07:05:10,724 - root - INFO - Completed generation 130; 1.5s elapsed, 2.0s avg, 2.6e+02s total. Expected time remaining: 1.4e+02s
2020-07-28 07:05:10,779 - root - INFO - #130 MAX:accuracy.mean: 0.84
2020-07-28 07:05:10,892 - root - DEBUG - Sampled weight [1.02372188 0.78205967 2.0482625  0.69925865 1.06253096]
2020-07-28 07:05:12,009 - root - DEBUG - Updating hall of fame
2020-07-28 07:05:12,409 - root - INFO - Completed generation 131; 1.6s elapsed, 2.0s avg, 2.6e+02s total. Expected time remaining: 1.4e+02s
2020-07-28 07:05:12,465 - root - INFO - #131 MAX:accuracy.mean: 0.86
2020-07-28 07:05:12,506 - root - DEBUG - Sampled weight [1.06675745 2.05897312 0.97153205 0.57490575 0.38985476]
2020-07-28 07:05:13,621 - root - DEBUG - Updating hall of fame
2020-07-28 07:05:14,393 - root - INFO - Completed generation 132; 1.9s elapsed, 2.0s avg, 2.6e+02s total. Expected time remaining: 1.3e+02s
2020-07-28 07:05:14,448 - root - INFO - #132 MAX:accuracy.mean: 0.84
2020-07-28 07:05:14,489 - root - DEBUG - Sampled weight [0.60556022 0.86447878 1.35736646 0.5658227  1.49725178]
2020-07-28 07:05:15,591 - root - DEBUG - Updating hall of fame
2020-07-28 07:05:15,776 - root - INFO - Completed generation 133; 1.3s elapsed, 2.0s avg, 2.6e+02s total. Expected time remaining: 1.3e+02s
2020-07-28 07:05:15,831 - root - INFO - #133 MAX:accuracy.mean: 0.84
2020-07-28 07:05:15,872 - root - DEBUG - Sampled weight [0.75706393 0.59233414 1.2704747  0.63102655 1.08415257]
2020-07-28 07:05:16,989 - root - DEBUG - Updating hall of fame
2020-07-28 07:05:17,358 - root - INFO - Completed generation 134; 1.5s elapsed, 2.0s avg, 2.6e+02s total. Expected time remaining: 1.3e+02s
2020-07-28 07:05:17,414 - root - INFO - #134 MAX:accuracy.mean: 0.84
2020-07-28 07:05:17,456 - root - DEBUG - Sampled weight [0.26992459 0.6286586  0.98399623 0.8131135  0.45522586]
2020-07-28 07:05:18,573 - root - DEBUG - Updating hall of fame
2020-07-28 07:05:18,944 - root - INFO - Completed generation 135; 1.5s elapsed, 2.0s avg, 2.6e+02s total. Expected time remaining: 1.3e+02s
2020-07-28 07:05:19,000 - root - INFO - #135 MAX:accuracy.mean: 0.84
2020-07-28 07:05:19,042 - root - DEBUG - Sampled weight [1.97783538 0.59077435 3.04527088 0.98920032 0.29334793]
2020-07-28 07:05:20,159 - root - DEBUG - Updating hall of fame
2020-07-28 07:05:20,709 - root - INFO - Completed generation 136; 1.7s elapsed, 2.0s avg, 2.7e+02s total. Expected time remaining: 1.3e+02s
2020-07-28 07:05:20,764 - root - INFO - #136 MAX:accuracy.mean: 0.83
2020-07-28 07:05:20,807 - root - DEBUG - Sampled weight [1.08073441 1.13470563 0.56640975 0.76408243 2.21238689]
2020-07-28 07:05:21,954 - root - DEBUG - Updating hall of fame
2020-07-28 07:05:22,729 - root - INFO - Completed generation 137; 2.0s elapsed, 2.0s avg, 2.7e+02s total. Expected time remaining: 1.2e+02s
2020-07-28 07:05:22,786 - root - INFO - #137 MAX:accuracy.mean: 0.86
2020-07-28 07:05:22,828 - root - DEBUG - Sampled weight [1.80917051 1.40195004 0.5904723  2.29126574 1.37895767]
2020-07-28 07:05:23,969 - root - DEBUG - Updating hall of fame
2020-07-28 07:05:24,374 - root - INFO - Completed generation 138; 1.6s elapsed, 2.0s avg, 2.7e+02s total. Expected time remaining: 1.2e+02s
2020-07-28 07:05:24,430 - root - INFO - #138 MAX:accuracy.mean: 0.87
2020-07-28 07:05:24,473 - root - DEBUG - Sampled weight [2.46596524 1.64685245 0.87948507 0.81911115 0.8404348 ]
2020-07-28 07:05:25,608 - root - DEBUG - Updating hall of fame
2020-07-28 07:05:26,568 - root - INFO - Completed generation 139; 2.1s elapsed, 2.0s avg, 2.7e+02s total. Expected time remaining: 1.2e+02s
2020-07-28 07:05:26,623 - root - INFO - #139 MAX:accuracy.mean: 0.88
2020-07-28 07:05:26,665 - root - DEBUG - Sampled weight [1.50615827 0.67543569 1.06134376 2.45171748 0.33349613]
2020-07-28 07:05:27,786 - root - DEBUG - Updating hall of fame
2020-07-28 07:05:28,176 - root - INFO - Completed generation 140; 1.6s elapsed, 2.0s avg, 2.7e+02s total. Expected time remaining: 1.2e+02s
2020-07-28 07:05:28,231 - root - INFO - #140 MAX:accuracy.mean: 0.84
2020-07-28 07:05:28,353 - root - DEBUG - Sampled weight [3.62990199 2.07144003 0.55122543 1.04011437 0.57675899]
2020-07-28 07:05:29,485 - root - DEBUG - Updating hall of fame
2020-07-28 07:05:29,858 - root - INFO - Completed generation 141; 1.5s elapsed, 2.0s avg, 2.7e+02s total. Expected time remaining: 1.2e+02s
2020-07-28 07:05:29,913 - root - INFO - #141 MAX:accuracy.mean: 0.84
2020-07-28 07:05:29,954 - root - DEBUG - Sampled weight [0.9745271  1.98420078 1.21887904 0.61618783 0.68793323]
2020-07-28 07:05:31,071 - root - DEBUG - Updating hall of fame
2020-07-28 07:05:31,071 - root - INFO - Completed generation 142; 1.2s elapsed, 1.9s avg, 2.8e+02s total. Expected time remaining: 1.1e+02s
2020-07-28 07:05:31,127 - root - INFO - #142 MAX:accuracy.mean: 0.84
2020-07-28 07:05:31,168 - root - DEBUG - Sampled weight [0.71194728 0.74632558 0.46064906 0.94072976 1.23144234]
2020-07-28 07:05:32,290 - root - DEBUG - Updating hall of fame
2020-07-28 07:05:32,699 - root - INFO - Completed generation 143; 1.6s elapsed, 1.9s avg, 2.8e+02s total. Expected time remaining: 1.1e+02s
2020-07-28 07:05:32,755 - root - INFO - #143 MAX:accuracy.mean: 0.83
2020-07-28 07:05:32,798 - root - DEBUG - Sampled weight [0.98110776 0.47274428 0.9084978  2.97229498 0.60595046]
2020-07-28 07:05:33,943 - root - DEBUG - Updating hall of fame
2020-07-28 07:05:34,128 - root - INFO - Completed generation 144; 1.4s elapsed, 1.9s avg, 2.8e+02s total. Expected time remaining: 1.1e+02s
2020-07-28 07:05:34,183 - root - INFO - #144 MAX:accuracy.mean: 0.83
2020-07-28 07:05:34,225 - root - DEBUG - Sampled weight [0.91058207 0.81379458 0.4345937  1.08874694 1.55648013]
2020-07-28 07:05:35,356 - root - DEBUG - Updating hall of fame
2020-07-28 07:05:35,357 - root - INFO - Completed generation 145; 1.2s elapsed, 1.9s avg, 2.8e+02s total. Expected time remaining: 1.1e+02s
2020-07-28 07:05:35,412 - root - INFO - #145 MAX:accuracy.mean: 0.85
2020-07-28 07:05:35,455 - root - DEBUG - Sampled weight [0.77146668 2.26548122 1.57337081 1.05235384 1.29948565]
2020-07-28 07:05:36,583 - root - DEBUG - Updating hall of fame
2020-07-28 07:05:37,341 - root - INFO - Completed generation 146; 1.9s elapsed, 1.9s avg, 2.8e+02s total. Expected time remaining: 1e+02s
2020-07-28 07:05:37,396 - root - INFO - #146 MAX:accuracy.mean: 0.89
2020-07-28 07:05:37,439 - root - DEBUG - Sampled weight [1.09703855 0.62807306 0.96731016 0.52861154 1.71699243]
2020-07-28 07:05:38,562 - root - DEBUG - Updating hall of fame
2020-07-28 07:05:39,339 - root - INFO - Completed generation 147; 1.9s elapsed, 1.9s avg, 2.8e+02s total. Expected time remaining: 1e+02s
2020-07-28 07:05:39,395 - root - INFO - #147 MAX:accuracy.mean: 0.85
2020-07-28 07:05:39,437 - root - DEBUG - Sampled weight [0.54713826 0.46177465 1.00278272 0.86781251 1.6133887 ]
2020-07-28 07:05:40,563 - root - DEBUG - Updating hall of fame
2020-07-28 07:05:40,954 - root - INFO - Completed generation 148; 1.6s elapsed, 1.9s avg, 2.9e+02s total. Expected time remaining: 1e+02s
2020-07-28 07:05:41,011 - root - INFO - #148 MAX:accuracy.mean: 0.85
2020-07-28 07:05:41,055 - root - DEBUG - Sampled weight [1.4877769  0.93923734 1.1348284  0.77418698 0.74230281]
2020-07-28 07:05:42,189 - root - DEBUG - Updating hall of fame
2020-07-28 07:05:42,190 - root - INFO - Completed generation 149; 1.2s elapsed, 1.9s avg, 2.9e+02s total. Expected time remaining: 9.8e+01s
2020-07-28 07:05:42,246 - root - INFO - #149 MAX:accuracy.mean: 0.87
2020-07-28 07:05:42,288 - root - DEBUG - Sampled weight [0.4869941  0.56164637 1.13267918 1.33313966 2.45271838]
2020-07-28 07:05:43,433 - root - DEBUG - Updating hall of fame
2020-07-28 07:05:44,049 - root - INFO - Completed generation 150; 1.8s elapsed, 1.9s avg, 2.9e+02s total. Expected time remaining: 9.6e+01s
2020-07-28 07:05:44,105 - root - INFO - #150 MAX:accuracy.mean: 0.84
2020-07-28 07:05:44,219 - root - DEBUG - Sampled weight [0.76629313 2.8909283  0.70827885 1.6263939  0.69199289]
2020-07-28 07:05:45,354 - root - DEBUG - Updating hall of fame
2020-07-28 07:05:45,912 - root - INFO - Completed generation 151; 1.7s elapsed, 1.9s avg, 2.9e+02s total. Expected time remaining: 9.4e+01s
2020-07-28 07:05:45,968 - root - INFO - #151 MAX:accuracy.mean: 0.84
2020-07-28 07:05:46,010 - root - DEBUG - Sampled weight [0.55995867 1.15151829 1.17856513 0.86257948 0.73575252]
2020-07-28 07:05:47,164 - root - DEBUG - Updating hall of fame
2020-07-28 07:05:47,165 - root - INFO - Completed generation 152; 1.2s elapsed, 1.9s avg, 2.9e+02s total. Expected time remaining: 9.2e+01s
2020-07-28 07:05:47,220 - root - INFO - #152 MAX:accuracy.mean: 0.85
2020-07-28 07:05:47,262 - root - DEBUG - Sampled weight [0.76838142 1.84606807 0.7370072  1.10856467 1.90373387]
2020-07-28 07:05:48,407 - root - DEBUG - Updating hall of fame
2020-07-28 07:05:48,983 - root - INFO - Completed generation 153; 1.8s elapsed, 1.9s avg, 2.9e+02s total. Expected time remaining: 9e+01s
2020-07-28 07:05:49,038 - root - INFO - #153 MAX:accuracy.mean: 0.89
2020-07-28 07:05:49,081 - root - DEBUG - Sampled weight [1.59302907 0.4807954  0.87829572 0.553514   0.66705785]
2020-07-28 07:05:50,248 - root - DEBUG - Updating hall of fame
2020-07-28 07:05:51,083 - root - INFO - Completed generation 154; 2.0s elapsed, 1.9s avg, 3e+02s total. Expected time remaining: 8.8e+01s
2020-07-28 07:05:51,141 - root - INFO - #154 MAX:accuracy.mean: 0.83
2020-07-28 07:05:51,185 - root - DEBUG - Sampled weight [1.05117361 2.03986061 2.03484541 2.01915387 0.7010403 ]
2020-07-28 07:05:52,393 - root - DEBUG - Updating hall of fame
2020-07-28 07:05:52,394 - root - INFO - Completed generation 155; 1.3s elapsed, 1.9s avg, 3e+02s total. Expected time remaining: 8.6e+01s
2020-07-28 07:05:52,450 - root - INFO - #155 MAX:accuracy.mean: 0.9
2020-07-28 07:05:52,492 - root - DEBUG - Sampled weight [0.78932178 0.81379463 1.24295394 0.9213893  0.56883621]
2020-07-28 07:05:53,626 - root - DEBUG - Updating hall of fame
2020-07-28 07:05:54,616 - root - INFO - Completed generation 156; 2.2s elapsed, 1.9s avg, 3e+02s total. Expected time remaining: 8.4e+01s
2020-07-28 07:05:54,671 - root - INFO - #156 MAX:accuracy.mean: 0.84
2020-07-28 07:05:54,713 - root - DEBUG - Sampled weight [1.24741081 1.35168965 0.93773805 0.2901785  1.10250692]
2020-07-28 07:05:55,842 - root - DEBUG - Updating hall of fame
2020-07-28 07:05:56,216 - root - INFO - Completed generation 157; 1.5s elapsed, 1.9s avg, 3e+02s total. Expected time remaining: 8.2e+01s
2020-07-28 07:05:56,272 - root - INFO - #157 MAX:accuracy.mean: 0.87
2020-07-28 07:05:56,316 - root - DEBUG - Sampled weight [0.93220453 0.74451379 0.70801809 0.50338707 0.6991911 ]
2020-07-28 07:05:57,474 - root - DEBUG - Updating hall of fame
2020-07-28 07:05:58,288 - root - INFO - Completed generation 158; 2.0s elapsed, 1.9s avg, 3e+02s total. Expected time remaining: 8e+01s
2020-07-28 07:05:58,344 - root - INFO - #158 MAX:accuracy.mean: 0.84
2020-07-28 07:05:58,387 - root - DEBUG - Sampled weight [0.34589073 2.06321646 1.48698056 1.27675987 1.70127833]
2020-07-28 07:05:59,530 - root - DEBUG - Updating hall of fame
2020-07-28 07:05:59,530 - root - INFO - Completed generation 159; 1.2s elapsed, 1.9s avg, 3e+02s total. Expected time remaining: 7.8e+01s
2020-07-28 07:05:59,585 - root - INFO - #159 MAX:accuracy.mean: 0.88
2020-07-28 07:05:59,628 - root - DEBUG - Sampled weight [0.88672474 0.65536794 1.59625962 1.58802307 1.10615271]
2020-07-28 07:06:00,789 - root - DEBUG - Updating hall of fame
2020-07-28 07:06:01,797 - root - INFO - Completed generation 160; 2.2s elapsed, 1.9s avg, 3.1e+02s total. Expected time remaining: 7.6e+01s
2020-07-28 07:06:01,853 - root - INFO - #160 MAX:accuracy.mean: 0.88
2020-07-28 07:06:01,969 - root - DEBUG - Sampled weight [1.60255047 0.94379757 1.34310871 0.57937614 1.31338479]
2020-07-28 07:06:03,094 - root - DEBUG - Updating hall of fame
2020-07-28 07:06:03,689 - root - INFO - Completed generation 161; 1.8s elapsed, 1.9s avg, 3.1e+02s total. Expected time remaining: 7.4e+01s
2020-07-28 07:06:03,744 - root - INFO - #161 MAX:accuracy.mean: 0.87
2020-07-28 07:06:03,787 - root - DEBUG - Sampled weight [0.3025869  0.67084613 1.06540619 1.18155503 3.42395872]
2020-07-28 07:06:04,950 - root - DEBUG - Updating hall of fame
2020-07-28 07:06:05,727 - root - INFO - Completed generation 162; 2.0s elapsed, 1.9s avg, 3.1e+02s total. Expected time remaining: 7.3e+01s
2020-07-28 07:06:05,782 - root - INFO - #162 MAX:accuracy.mean: 0.86
2020-07-28 07:06:05,824 - root - DEBUG - Sampled weight [0.75387625 0.8545954  0.62620377 1.64357973 1.77357994]
2020-07-28 07:06:06,944 - root - DEBUG - Updating hall of fame
2020-07-28 07:06:07,549 - root - INFO - Completed generation 163; 1.8s elapsed, 1.9s avg, 3.1e+02s total. Expected time remaining: 7.1e+01s
2020-07-28 07:06:07,605 - root - INFO - #163 MAX:accuracy.mean: 0.86
2020-07-28 07:06:07,648 - root - DEBUG - Sampled weight [1.60803705 0.28535199 0.85708204 1.9060669  0.77127964]
2020-07-28 07:06:08,801 - root - DEBUG - Updating hall of fame
2020-07-28 07:06:09,795 - root - INFO - Completed generation 164; 2.2s elapsed, 1.9s avg, 3.1e+02s total. Expected time remaining: 6.9e+01s
2020-07-28 07:06:09,850 - root - INFO - #164 MAX:accuracy.mean: 0.86
2020-07-28 07:06:09,892 - root - DEBUG - Sampled weight [0.5959583  0.71093984 0.68685954 1.11597446 1.04772682]
2020-07-28 07:06:11,018 - root - DEBUG - Updating hall of fame
2020-07-28 07:06:11,962 - root - INFO - Completed generation 165; 2.1s elapsed, 1.9s avg, 3.2e+02s total. Expected time remaining: 6.7e+01s
2020-07-28 07:06:12,017 - root - INFO - #165 MAX:accuracy.mean: 0.86
2020-07-28 07:06:12,060 - root - DEBUG - Sampled weight [1.2899234  0.89914167 0.38877277 0.44692694 0.30889394]
2020-07-28 07:06:13,222 - root - DEBUG - Updating hall of fame
2020-07-28 07:06:13,638 - root - INFO - Completed generation 166; 1.6s elapsed, 1.9s avg, 3.2e+02s total. Expected time remaining: 6.5e+01s
2020-07-28 07:06:13,694 - root - INFO - #166 MAX:accuracy.mean: 0.85
2020-07-28 07:06:13,735 - root - DEBUG - Sampled weight [0.76078311 0.44684669 0.66681964 1.36574135 2.09823167]
2020-07-28 07:06:14,856 - root - DEBUG - Updating hall of fame
2020-07-28 07:06:15,441 - root - INFO - Completed generation 167; 1.7s elapsed, 1.9s avg, 3.2e+02s total. Expected time remaining: 6.3e+01s
2020-07-28 07:06:15,496 - root - INFO - #167 MAX:accuracy.mean: 0.85
2020-07-28 07:06:15,538 - root - DEBUG - Sampled weight [1.24036433 1.7506084  1.11661883 0.56594982 0.67608422]
2020-07-28 07:06:16,664 - root - DEBUG - Updating hall of fame
2020-07-28 07:06:17,069 - root - INFO - Completed generation 168; 1.6s elapsed, 1.9s avg, 3.2e+02s total. Expected time remaining: 6.1e+01s
2020-07-28 07:06:17,125 - root - INFO - #168 MAX:accuracy.mean: 0.86
2020-07-28 07:06:17,167 - root - DEBUG - Sampled weight [1.0531206  1.47277532 0.76046299 1.23694858 1.43967078]
2020-07-28 07:06:18,318 - root - DEBUG - Updating hall of fame
2020-07-28 07:06:18,895 - root - INFO - Completed generation 169; 1.8s elapsed, 1.9s avg, 3.2e+02s total. Expected time remaining: 5.9e+01s
2020-07-28 07:06:18,950 - root - INFO - #169 MAX:accuracy.mean: 0.9
2020-07-28 07:06:18,991 - root - DEBUG - Sampled weight [1.17490824 1.18982606 1.27527763 2.05616731 1.03372734]
2020-07-28 07:06:20,104 - root - DEBUG - Updating hall of fame
2020-07-28 07:06:21,053 - root - INFO - Completed generation 170; 2.1s elapsed, 1.9s avg, 3.2e+02s total. Expected time remaining: 5.7e+01s
2020-07-28 07:06:21,108 - root - INFO - #170 MAX:accuracy.mean: 0.93
2020-07-28 07:06:21,236 - root - DEBUG - Sampled weight [2.04830851 0.82270589 0.45544953 0.9689524  0.71053324]
2020-07-28 07:06:22,402 - root - DEBUG - Updating hall of fame
2020-07-28 07:06:23,398 - root - INFO - Completed generation 171; 2.2s elapsed, 1.9s avg, 3.3e+02s total. Expected time remaining: 5.5e+01s
2020-07-28 07:06:23,455 - root - INFO - #171 MAX:accuracy.mean: 0.84
2020-07-28 07:06:23,498 - root - DEBUG - Sampled weight [1.90422597 0.89455911 0.57902318 0.79526399 2.17724122]
2020-07-28 07:06:24,682 - root - DEBUG - Updating hall of fame
2020-07-28 07:06:25,099 - root - INFO - Completed generation 172; 1.6s elapsed, 1.9s avg, 3.3e+02s total. Expected time remaining: 5.3e+01s
2020-07-28 07:06:25,155 - root - INFO - #172 MAX:accuracy.mean: 0.85
2020-07-28 07:06:25,198 - root - DEBUG - Sampled weight [1.25553722 0.66773635 1.32935266 1.02216517 0.72044666]
2020-07-28 07:06:26,319 - root - DEBUG - Updating hall of fame
2020-07-28 07:06:27,106 - root - INFO - Completed generation 173; 2.0s elapsed, 1.9s avg, 3.3e+02s total. Expected time remaining: 5.2e+01s
2020-07-28 07:06:27,162 - root - INFO - #173 MAX:accuracy.mean: 0.89
2020-07-28 07:06:27,204 - root - DEBUG - Sampled weight [1.3080398  0.30765636 0.38431362 1.74810628 0.83427438]
2020-07-28 07:06:28,355 - root - DEBUG - Updating hall of fame
2020-07-28 07:06:29,325 - root - INFO - Completed generation 174; 2.2s elapsed, 1.9s avg, 3.3e+02s total. Expected time remaining: 5e+01s
2020-07-28 07:06:29,380 - root - INFO - #174 MAX:accuracy.mean: 0.87
2020-07-28 07:06:29,422 - root - DEBUG - Sampled weight [1.24577052 0.66705115 0.87215188 0.66233552 1.04680825]
2020-07-28 07:06:30,563 - root - DEBUG - Updating hall of fame
2020-07-28 07:06:31,182 - root - INFO - Completed generation 175; 1.8s elapsed, 1.9s avg, 3.3e+02s total. Expected time remaining: 4.8e+01s
2020-07-28 07:06:31,237 - root - INFO - #175 MAX:accuracy.mean: 0.87
2020-07-28 07:06:31,279 - root - DEBUG - Sampled weight [1.08163517 0.57586398 0.49675249 1.4377383  1.56641457]
2020-07-28 07:06:32,419 - root - DEBUG - Updating hall of fame
2020-07-28 07:06:33,446 - root - INFO - Completed generation 176; 2.2s elapsed, 1.9s avg, 3.4e+02s total. Expected time remaining: 4.6e+01s
2020-07-28 07:06:33,504 - root - INFO - #176 MAX:accuracy.mean: 0.89
2020-07-28 07:06:33,546 - root - DEBUG - Sampled weight [0.71538022 0.85646746 1.4858638  1.11123153 1.04420756]
2020-07-28 07:06:34,660 - root - DEBUG - Updating hall of fame
2020-07-28 07:06:35,256 - root - INFO - Completed generation 177; 1.8s elapsed, 1.9s avg, 3.4e+02s total. Expected time remaining: 4.4e+01s
2020-07-28 07:06:35,311 - root - INFO - #177 MAX:accuracy.mean: 0.86
2020-07-28 07:06:35,353 - root - DEBUG - Sampled weight [1.02246572 0.16706482 0.5856096  0.72476154 0.75083897]
2020-07-28 07:06:36,492 - root - DEBUG - Updating hall of fame
2020-07-28 07:06:37,237 - root - INFO - Completed generation 178; 1.9s elapsed, 1.9s avg, 3.4e+02s total. Expected time remaining: 4.2e+01s
2020-07-28 07:06:37,292 - root - INFO - #178 MAX:accuracy.mean: 0.84
2020-07-28 07:06:37,334 - root - DEBUG - Sampled weight [0.89891714 1.58226878 0.33891155 1.5893646  1.01853442]
2020-07-28 07:06:38,492 - root - DEBUG - Updating hall of fame
2020-07-28 07:06:39,045 - root - INFO - Completed generation 179; 1.8s elapsed, 1.9s avg, 3.4e+02s total. Expected time remaining: 4e+01s
2020-07-28 07:06:39,100 - root - INFO - #179 MAX:accuracy.mean: 0.87
2020-07-28 07:06:39,142 - root - DEBUG - Sampled weight [0.41110117 0.95886143 1.01378933 0.96892446 0.85565064]
2020-07-28 07:06:40,273 - root - DEBUG - Updating hall of fame
2020-07-28 07:06:40,867 - root - INFO - Completed generation 180; 1.8s elapsed, 1.9s avg, 3.4e+02s total. Expected time remaining: 3.8e+01s
2020-07-28 07:06:40,922 - root - INFO - #180 MAX:accuracy.mean: 0.87
2020-07-28 07:06:41,063 - root - DEBUG - Sampled weight [1.23260695 1.93939778 1.02665107 1.75973446 0.4328696 ]
2020-07-28 07:06:42,207 - root - DEBUG - Updating hall of fame
2020-07-28 07:06:42,945 - root - INFO - Completed generation 181; 1.9s elapsed, 1.9s avg, 3.5e+02s total. Expected time remaining: 3.6e+01s
2020-07-28 07:06:43,000 - root - INFO - #181 MAX:accuracy.mean: 0.87
2020-07-28 07:06:43,043 - root - DEBUG - Sampled weight [1.08453764 1.14139085 3.80550381 0.90306601 2.03039239]
2020-07-28 07:06:44,186 - root - DEBUG - Updating hall of fame
2020-07-28 07:06:45,174 - root - INFO - Completed generation 182; 2.2s elapsed, 1.9s avg, 3.5e+02s total. Expected time remaining: 3.4e+01s
2020-07-28 07:06:45,230 - root - INFO - #182 MAX:accuracy.mean: 0.91
2020-07-28 07:06:45,272 - root - DEBUG - Sampled weight [1.04094147 0.73417885 1.0641106  1.56372884 0.47043104]
2020-07-28 07:06:46,410 - root - DEBUG - Updating hall of fame
2020-07-28 07:06:46,814 - root - INFO - Completed generation 183; 1.6s elapsed, 1.9s avg, 3.5e+02s total. Expected time remaining: 3.2e+01s
2020-07-28 07:06:46,869 - root - INFO - #183 MAX:accuracy.mean: 0.84
2020-07-28 07:06:46,912 - root - DEBUG - Sampled weight [0.74556206 0.71295017 1.80453693 0.8652179  0.4271629 ]
2020-07-28 07:06:48,106 - root - DEBUG - Updating hall of fame
2020-07-28 07:06:48,732 - root - INFO - Completed generation 184; 1.9s elapsed, 1.9s avg, 3.5e+02s total. Expected time remaining: 3.1e+01s
2020-07-28 07:06:48,787 - root - INFO - #184 MAX:accuracy.mean: 0.84
2020-07-28 07:06:48,830 - root - DEBUG - Sampled weight [0.69327802 1.39192388 0.50624921 1.26428598 1.19370278]
2020-07-28 07:06:49,992 - root - DEBUG - Updating hall of fame
2020-07-28 07:06:50,400 - root - INFO - Completed generation 185; 1.6s elapsed, 1.9s avg, 3.5e+02s total. Expected time remaining: 2.9e+01s
2020-07-28 07:06:50,455 - root - INFO - #185 MAX:accuracy.mean: 0.88
2020-07-28 07:06:50,498 - root - DEBUG - Sampled weight [1.27604295 0.72659428 1.10902361 0.75643835 0.89001531]
2020-07-28 07:06:51,667 - root - DEBUG - Updating hall of fame
2020-07-28 07:06:52,825 - root - INFO - Completed generation 186; 2.4s elapsed, 1.9s avg, 3.6e+02s total. Expected time remaining: 2.7e+01s
2020-07-28 07:06:52,881 - root - INFO - #186 MAX:accuracy.mean: 0.88
2020-07-28 07:06:52,922 - root - DEBUG - Sampled weight [1.13878626 0.48468936 1.82517064 0.68201865 0.72635965]
2020-07-28 07:06:54,075 - root - DEBUG - Updating hall of fame
2020-07-28 07:06:54,491 - root - INFO - Completed generation 187; 1.6s elapsed, 1.9s avg, 3.6e+02s total. Expected time remaining: 2.5e+01s
2020-07-28 07:06:54,547 - root - INFO - #187 MAX:accuracy.mean: 0.86
2020-07-28 07:06:54,588 - root - DEBUG - Sampled weight [0.3379018  1.34044108 0.32370255 0.8126544  0.61825901]
2020-07-28 07:06:55,723 - root - DEBUG - Updating hall of fame
2020-07-28 07:06:56,904 - root - INFO - Completed generation 188; 2.4s elapsed, 1.9s avg, 3.6e+02s total. Expected time remaining: 2.3e+01s
2020-07-28 07:06:56,959 - root - INFO - #188 MAX:accuracy.mean: 0.88
2020-07-28 07:06:57,001 - root - DEBUG - Sampled weight [0.8781195  0.27607894 1.16016546 0.29757304 0.96247785]
2020-07-28 07:06:58,156 - root - DEBUG - Updating hall of fame
2020-07-28 07:06:58,547 - root - INFO - Completed generation 189; 1.6s elapsed, 1.9s avg, 3.6e+02s total. Expected time remaining: 2.1e+01s
2020-07-28 07:06:58,602 - root - INFO - #189 MAX:accuracy.mean: 0.88
2020-07-28 07:06:58,644 - root - DEBUG - Sampled weight [1.02998449 1.58895587 1.37276556 1.29558265 1.42074681]
2020-07-28 07:06:59,782 - root - DEBUG - Updating hall of fame
2020-07-28 07:07:00,369 - root - INFO - Completed generation 190; 1.8s elapsed, 1.9s avg, 3.6e+02s total. Expected time remaining: 1.9e+01s
2020-07-28 07:07:00,424 - root - INFO - #190 MAX:accuracy.mean: 0.93
2020-07-28 07:07:00,594 - root - DEBUG - Sampled weight [1.10929112 0.94030155 0.57753368 1.63968342 1.68937644]
2020-07-28 07:07:01,767 - root - DEBUG - Updating hall of fame
2020-07-28 07:07:02,589 - root - INFO - Completed generation 191; 2.0s elapsed, 1.9s avg, 3.6e+02s total. Expected time remaining: 1.7e+01s
2020-07-28 07:07:02,645 - root - INFO - #191 MAX:accuracy.mean: 0.89
2020-07-28 07:07:02,688 - root - DEBUG - Sampled weight [0.81495391 0.52543552 1.40574537 2.42847242 2.18360332]
2020-07-28 07:07:03,830 - root - DEBUG - Updating hall of fame
2020-07-28 07:07:04,623 - root - INFO - Completed generation 192; 2.0s elapsed, 1.9s avg, 3.7e+02s total. Expected time remaining: 1.5e+01s
2020-07-28 07:07:04,679 - root - INFO - #192 MAX:accuracy.mean: 0.87
2020-07-28 07:07:04,722 - root - DEBUG - Sampled weight [0.56190268 3.82751843 0.63329318 0.90055555 0.87913172]
2020-07-28 07:07:05,866 - root - DEBUG - Updating hall of fame
2020-07-28 07:07:06,630 - root - INFO - Completed generation 193; 2.0s elapsed, 1.9s avg, 3.7e+02s total. Expected time remaining: 1.3e+01s
2020-07-28 07:07:06,685 - root - INFO - #193 MAX:accuracy.mean: 0.9
2020-07-28 07:07:06,726 - root - DEBUG - Sampled weight [0.4686144  0.87110306 0.9648441  1.67582634 0.24848913]
2020-07-28 07:07:07,855 - root - DEBUG - Updating hall of fame
2020-07-28 07:07:08,080 - root - INFO - Completed generation 194; 1.4s elapsed, 1.9s avg, 3.7e+02s total. Expected time remaining: 1.1e+01s
2020-07-28 07:07:08,135 - root - INFO - #194 MAX:accuracy.mean: 0.86
2020-07-28 07:07:08,178 - root - DEBUG - Sampled weight [0.72586543 1.05435054 1.22803823 4.75500615 1.06253358]
2020-07-28 07:07:09,318 - root - DEBUG - Updating hall of fame
2020-07-28 07:07:10,106 - root - INFO - Completed generation 195; 2.0s elapsed, 1.9s avg, 3.7e+02s total. Expected time remaining: 9.5s
2020-07-28 07:07:10,162 - root - INFO - #195 MAX:accuracy.mean: 0.89
2020-07-28 07:07:10,203 - root - DEBUG - Sampled weight [1.25825494 3.23005583 1.08891177 2.65202629 1.29823356]
2020-07-28 07:07:11,352 - root - DEBUG - Updating hall of fame
2020-07-28 07:07:11,961 - root - INFO - Completed generation 196; 1.8s elapsed, 1.9s avg, 3.7e+02s total. Expected time remaining: 7.6s
2020-07-28 07:07:12,016 - root - INFO - #196 MAX:accuracy.mean: 0.9
2020-07-28 07:07:12,060 - root - DEBUG - Sampled weight [0.97213253 0.81035292 0.67455833 0.49121264 1.27500344]
2020-07-28 07:07:13,198 - root - DEBUG - Updating hall of fame
2020-07-28 07:07:14,134 - root - INFO - Completed generation 197; 2.1s elapsed, 1.9s avg, 3.8e+02s total. Expected time remaining: 5.7s
2020-07-28 07:07:14,190 - root - INFO - #197 MAX:accuracy.mean: 0.87
2020-07-28 07:07:14,232 - root - DEBUG - Sampled weight [1.25514326 0.80292801 1.34026903 1.6310512  0.85259546]
2020-07-28 07:07:15,371 - root - DEBUG - Updating hall of fame
2020-07-28 07:07:16,189 - root - INFO - Completed generation 198; 2.0s elapsed, 1.9s avg, 3.8e+02s total. Expected time remaining: 3.8s
2020-07-28 07:07:16,244 - root - INFO - #198 MAX:accuracy.mean: 0.89
2020-07-28 07:07:16,286 - root - DEBUG - Sampled weight [1.81752506 1.02386434 3.42384638 0.79770835 2.03302833]
2020-07-28 07:07:17,408 - root - DEBUG - Updating hall of fame
2020-07-28 07:07:18,193 - root - INFO - Completed generation 199; 1.9s elapsed, 1.9s avg, 3.8e+02s total. Expected time remaining: 1.9s
2020-07-28 07:07:18,252 - root - INFO - #199 MAX:accuracy.mean: 0.88
2020-07-28 07:07:18,295 - root - DEBUG - Sampled weight [1.39641152 0.95235883 1.85462732 0.53598539 1.82686448]
2020-07-28 07:07:19,437 - root - DEBUG - Updating hall of fame
2020-07-28 07:07:20,586 - root - INFO - Completed generation 200; 2.3s elapsed, 1.9s avg, 3.8e+02s total. Expected time remaining: 0.0s
2020-07-28 07:07:20,642 - root - INFO - #200 MAX:accuracy.mean: 0.88
2020-07-28 07:07:20,807 - root - DEBUG - Loaded 150 samples.
2020-07-28 07:07:20,812 - root - INFO - Evaluating indivs in hall of fame.
2020-07-28 07:07:22,807 - root - INFO - Completed excution.
