2020-07-26 22:34:32,534 - root - INFO - Package version 0.1.1
2020-07-26 22:34:32,535 - root - INFO - Saving data at /vol/fob-vol1/mi15/plonerma/Lab/rewann/data/2020-07-26_Iris [0, 3, 5, 7, 10]; uniform -2,2; signed: False_000.
2020-07-26 22:34:32,535 - root - DEBUG - Loading training dataset
2020-07-26 22:34:32,604 - root - DEBUG - Loaded 150 samples.
2020-07-26 22:34:32,604 - root - DEBUG - Running experiments with the following parameters:
debug = true
experiment_name = "Iris [0, 3, 5, 7, 10]; uniform -2,2; signed: False"
experiment_path = "data/2020-07-26_Iris [0, 3, 5, 7, 10]; uniform -2,2; signed: False_000"

[config]
num_workers = 1
debug = true
backend = "numpy"

[postopt]
run_postopt = true
compile_report = false
num_weights = 100
num_samples = -1

[sampling]
seed = 0
post_init_seed = false
distribution = "uniform"
lower_bound = -2
upper_bound = 2
mean = 0
sigma = 1
num_weights_per_iteration = 5
num_samples_per_iteration = -1
hof_evaluation_iterations = 20

[task]
name = "iris"
sample_order_seed = 0
test_portion = 0.2
sample_length = 10
num_categories = 8

[storage]
data_base_path = "data"
log_filename = "execution.log"
commit_elite_freq = -1
commit_metrics_freq = 10

[population]
num_generations = 200
size = 100
initial_enabled_edge_prob = 0.05
initial_genes = "full"
hof_size = 10
enable_edge_signs = false
enabled_activation_funcs = [ 0, 3, 5, 7, 10,]

[selection]
use_tournaments = true
elite_ratio = 0.1
culling_ratio = 0.2
tournament_size = 5
objectives = [ "-log_loss.min", "-log_loss.mean", "-n_hidden",]
recorded_metrics = [ "accuracy", "kappa", "log_loss",]
hof_metric = "accuracy.mean"

[mutation.new_edge]
probability = 0.2
strategy = "layer_agnostic"
propability = 0.2

[mutation.new_node]
probability = 0.25
propability = 0.3

[mutation.reenable_edge]
probability = 0.05
propability = 0.1

[mutation.change_activation]
probability = 0.5
propability = 0.4

[mutation.change_edge_sign]
probability = 0.2

[mutation.new_recurrent_edge]
probability = 0.2
strategy = "any"

2020-07-26 22:34:32,616 - root - INFO - Starting evolutionary algorithm
2020-07-26 22:34:32,631 - root - DEBUG - Sampled weight [-0.21282672  1.34796146 -1.11270388 -0.02421898  1.71847496]
2020-07-26 22:34:33,695 - root - DEBUG - Updating hall of fame
2020-07-26 22:34:35,616 - root - INFO - Completed generation 1; 3.0s elapsed, 3.0s avg, 3.0s total. Expected time remaining: 6e+02s
2020-07-26 22:34:35,670 - root - INFO - #1 MAX:accuracy.mean: 0.47
2020-07-26 22:34:35,710 - root - DEBUG - Sampled weight [-0.18038291  1.48787358 -0.20687141 -1.94260341  0.4459413 ]
2020-07-26 22:34:36,763 - root - DEBUG - Updating hall of fame
2020-07-26 22:34:38,620 - root - INFO - Completed generation 2; 2.9s elapsed, 3.0s avg, 6.0s total. Expected time remaining: 5.9e+02s
2020-07-26 22:34:38,672 - root - INFO - #2 MAX:accuracy.mean: 0.33
2020-07-26 22:34:38,713 - root - DEBUG - Sampled weight [ 0.78632246  1.96391056  1.61442644 -0.1704021  -0.78874277]
2020-07-26 22:34:39,768 - root - DEBUG - Updating hall of fame
2020-07-26 22:34:41,429 - root - INFO - Completed generation 3; 2.8s elapsed, 2.9s avg, 8.7s total. Expected time remaining: 5.7e+02s
2020-07-26 22:34:41,481 - root - INFO - #3 MAX:accuracy.mean: 0.33
2020-07-26 22:34:41,521 - root - DEBUG - Sampled weight [-0.97135876 -0.06491291 -0.72757456 -0.33731257 -1.62750153]
2020-07-26 22:34:42,574 - root - DEBUG - Updating hall of fame
2020-07-26 22:34:44,232 - root - INFO - Completed generation 4; 2.8s elapsed, 2.9s avg, 1.1e+01s total. Expected time remaining: 5.6e+02s
2020-07-26 22:34:44,284 - root - INFO - #4 MAX:accuracy.mean: 0.39
2020-07-26 22:34:44,324 - root - DEBUG - Sampled weight [ 0.12081369 -1.78293442 -1.42461182  1.13765303 -1.08531078]
2020-07-26 22:34:45,381 - root - DEBUG - Updating hall of fame
2020-07-26 22:34:47,053 - root - INFO - Completed generation 5; 2.8s elapsed, 2.8s avg, 1.4e+01s total. Expected time remaining: 5.5e+02s
2020-07-26 22:34:47,106 - root - INFO - #5 MAX:accuracy.mean: 0.6
2020-07-26 22:34:47,146 - root - DEBUG - Sampled weight [ 0.15036126 -1.26371701  0.89580177 -1.81399184  1.13726146]
2020-07-26 22:34:48,213 - root - DEBUG - Updating hall of fame
2020-07-26 22:34:49,907 - root - INFO - Completed generation 6; 2.8s elapsed, 2.8s avg, 1.7e+01s total. Expected time remaining: 5.5e+02s
2020-07-26 22:34:49,959 - root - INFO - #6 MAX:accuracy.mean: 0.44
2020-07-26 22:34:49,999 - root - DEBUG - Sampled weight [-0.87345229  1.12674473  1.247679    1.78538959  1.71698341]
2020-07-26 22:34:51,067 - root - DEBUG - Updating hall of fame
2020-07-26 22:34:52,219 - root - INFO - Completed generation 7; 2.3s elapsed, 2.8s avg, 1.9e+01s total. Expected time remaining: 5.3e+02s
2020-07-26 22:34:52,271 - root - INFO - #7 MAX:accuracy.mean: 0.6
2020-07-26 22:34:52,311 - root - DEBUG - Sampled weight [ 0.79897113 -1.96273071 -1.82353463 -0.48790624 -0.311712  ]
2020-07-26 22:34:53,380 - root - DEBUG - Updating hall of fame
2020-07-26 22:34:54,693 - root - INFO - Completed generation 8; 2.4s elapsed, 2.7s avg, 2.2e+01s total. Expected time remaining: 5.2e+02s
2020-07-26 22:34:54,745 - root - INFO - #8 MAX:accuracy.mean: 0.56
2020-07-26 22:34:54,787 - root - DEBUG - Sampled weight [ 1.37977213 -0.2684528   1.8515923   0.70860485 -0.23263405]
2020-07-26 22:34:55,855 - root - DEBUG - Updating hall of fame
2020-07-26 22:34:57,518 - root - INFO - Completed generation 9; 2.8s elapsed, 2.7s avg, 2.4e+01s total. Expected time remaining: 5.2e+02s
2020-07-26 22:34:57,571 - root - INFO - #9 MAX:accuracy.mean: 0.53
2020-07-26 22:34:57,612 - root - DEBUG - Sampled weight [ 0.56302033  1.26332834 -1.80332368 -1.24890564  0.65183373]
2020-07-26 22:34:58,688 - root - DEBUG - Updating hall of fame
2020-07-26 22:35:00,015 - root - INFO - Completed generation 10; 2.4s elapsed, 2.7s avg, 2.7e+01s total. Expected time remaining: 5.1e+02s
2020-07-26 22:35:00,067 - root - INFO - #10 MAX:accuracy.mean: 0.65
2020-07-26 22:35:00,202 - root - DEBUG - Sampled weight [-1.81632632  0.09830286  1.07022064  1.09132842  0.93581138]
2020-07-26 22:35:01,276 - root - DEBUG - Updating hall of fame
2020-07-26 22:35:02,629 - root - INFO - Completed generation 11; 2.5s elapsed, 2.7s avg, 2.9e+01s total. Expected time remaining: 5.1e+02s
2020-07-26 22:35:02,681 - root - INFO - #11 MAX:accuracy.mean: 0.6
2020-07-26 22:35:02,723 - root - DEBUG - Sampled weight [-0.30831983  0.7247006  -1.20957282 -0.53671223 -0.54663871]
2020-07-26 22:35:03,798 - root - DEBUG - Updating hall of fame
2020-07-26 22:35:05,660 - root - INFO - Completed generation 12; 3.0s elapsed, 2.7s avg, 3.2e+01s total. Expected time remaining: 5.1e+02s
2020-07-26 22:35:05,712 - root - INFO - #12 MAX:accuracy.mean: 0.58
2020-07-26 22:35:05,752 - root - DEBUG - Sampled weight [ 0.42771622 -1.234853   -1.99933423  0.33143164 -0.86452146]
2020-07-26 22:35:06,825 - root - DEBUG - Updating hall of fame
2020-07-26 22:35:07,967 - root - INFO - Completed generation 13; 2.3s elapsed, 2.7s avg, 3.5e+01s total. Expected time remaining: 5e+02s
2020-07-26 22:35:08,020 - root - INFO - #13 MAX:accuracy.mean: 0.57
2020-07-26 22:35:08,061 - root - DEBUG - Sampled weight [-1.3509059   1.14250335  1.88754562 -0.77971355  1.5290105 ]
2020-07-26 22:35:09,138 - root - DEBUG - Updating hall of fame
2020-07-26 22:35:10,438 - root - INFO - Completed generation 14; 2.4s elapsed, 2.6s avg, 3.7e+01s total. Expected time remaining: 4.9e+02s
2020-07-26 22:35:10,491 - root - INFO - #14 MAX:accuracy.mean: 0.66
2020-07-26 22:35:10,532 - root - DEBUG - Sampled weight [-1.0576888   1.94025462  0.77887736 -1.12956264 -1.89793224]
2020-07-26 22:35:11,600 - root - DEBUG - Updating hall of fame
2020-07-26 22:35:12,167 - root - INFO - Completed generation 15; 1.7s elapsed, 2.6s avg, 3.9e+01s total. Expected time remaining: 4.8e+02s
2020-07-26 22:35:12,221 - root - INFO - #15 MAX:accuracy.mean: 0.66
2020-07-26 22:35:12,262 - root - DEBUG - Sampled weight [ 0.16123283 -1.80001727  0.62435039 -1.49992121 -0.5793497 ]
2020-07-26 22:35:13,341 - root - DEBUG - Updating hall of fame
2020-07-26 22:35:14,089 - root - INFO - Completed generation 16; 1.9s elapsed, 2.5s avg, 4.1e+01s total. Expected time remaining: 4.7e+02s
2020-07-26 22:35:14,141 - root - INFO - #16 MAX:accuracy.mean: 0.58
2020-07-26 22:35:14,182 - root - DEBUG - Sampled weight [ 0.3005357  -0.16043349  0.93011708 -0.50773798  0.81624568]
2020-07-26 22:35:15,262 - root - DEBUG - Updating hall of fame
2020-07-26 22:35:15,447 - root - INFO - Completed generation 17; 1.3s elapsed, 2.5s avg, 4.2e+01s total. Expected time remaining: 4.5e+02s
2020-07-26 22:35:15,499 - root - INFO - #17 MAX:accuracy.mean: 0.62
2020-07-26 22:35:15,539 - root - DEBUG - Sampled weight [-0.26514051 -1.05475396 -1.47391474 -0.65700238 -0.95359687]
2020-07-26 22:35:16,609 - root - DEBUG - Updating hall of fame
2020-07-26 22:35:17,725 - root - INFO - Completed generation 18; 2.2s elapsed, 2.5s avg, 4.4e+01s total. Expected time remaining: 4.5e+02s
2020-07-26 22:35:17,777 - root - INFO - #18 MAX:accuracy.mean: 0.67
2020-07-26 22:35:17,817 - root - DEBUG - Sampled weight [ 0.41695203 -0.17515057 -0.89471854  1.97880322 -0.30260266]
2020-07-26 22:35:18,897 - root - DEBUG - Updating hall of fame
2020-07-26 22:35:19,640 - root - INFO - Completed generation 19; 1.9s elapsed, 2.4s avg, 4.6e+01s total. Expected time remaining: 4.4e+02s
2020-07-26 22:35:19,692 - root - INFO - #19 MAX:accuracy.mean: 0.68
2020-07-26 22:35:19,733 - root - DEBUG - Sampled weight [-0.05033509  1.51106309  0.3841328   1.04772368  0.88492405]
2020-07-26 22:35:20,803 - root - DEBUG - Updating hall of fame
2020-07-26 22:35:21,361 - root - INFO - Completed generation 20; 1.7s elapsed, 2.4s avg, 4.8e+01s total. Expected time remaining: 4.3e+02s
2020-07-26 22:35:21,413 - root - INFO - #20 MAX:accuracy.mean: 0.57
2020-07-26 22:35:21,558 - root - DEBUG - Sampled weight [-0.04972116  0.55510205  0.30790679  1.97432257 -1.50751326]
2020-07-26 22:35:22,634 - root - DEBUG - Updating hall of fame
2020-07-26 22:35:24,131 - root - INFO - Completed generation 21; 2.6s elapsed, 2.4s avg, 5e+01s total. Expected time remaining: 4.3e+02s
2020-07-26 22:35:24,183 - root - INFO - #21 MAX:accuracy.mean: 0.53
2020-07-26 22:35:24,224 - root - DEBUG - Sampled weight [ 0.34452265 -1.06040838  1.0095729  -1.29646876  1.40955457]
2020-07-26 22:35:25,290 - root - DEBUG - Updating hall of fame
2020-07-26 22:35:25,842 - root - INFO - Completed generation 22; 1.7s elapsed, 2.4s avg, 5.2e+01s total. Expected time remaining: 4.2e+02s
2020-07-26 22:35:25,894 - root - INFO - #22 MAX:accuracy.mean: 0.6
2020-07-26 22:35:25,934 - root - DEBUG - Sampled weight [-0.59836657  0.41484088 -1.39927581 -1.37352605  0.51080342]
2020-07-26 22:35:27,011 - root - DEBUG - Updating hall of fame
2020-07-26 22:35:27,938 - root - INFO - Completed generation 23; 2.0s elapsed, 2.3s avg, 5.4e+01s total. Expected time remaining: 4.2e+02s
2020-07-26 22:35:27,990 - root - INFO - #23 MAX:accuracy.mean: 0.7
2020-07-26 22:35:28,030 - root - DEBUG - Sampled weight [ 1.77722477  0.15792629  0.97710806 -1.40557296  0.62804371]
2020-07-26 22:35:29,112 - root - DEBUG - Updating hall of fame
2020-07-26 22:35:29,486 - root - INFO - Completed generation 24; 1.5s elapsed, 2.3s avg, 5.5e+01s total. Expected time remaining: 4.1e+02s
2020-07-26 22:35:29,538 - root - INFO - #24 MAX:accuracy.mean: 0.69
2020-07-26 22:35:29,579 - root - DEBUG - Sampled weight [-0.61425232  0.62697717 -1.51119963  0.47594707  0.84370598]
2020-07-26 22:35:30,659 - root - DEBUG - Updating hall of fame
2020-07-26 22:35:31,212 - root - INFO - Completed generation 25; 1.7s elapsed, 2.3s avg, 5.7e+01s total. Expected time remaining: 4e+02s
2020-07-26 22:35:31,265 - root - INFO - #25 MAX:accuracy.mean: 0.71
2020-07-26 22:35:31,306 - root - DEBUG - Sampled weight [-1.62063604 -0.98549794 -1.37389315  1.84789147 -0.16150232]
2020-07-26 22:35:32,387 - root - DEBUG - Updating hall of fame
2020-07-26 22:35:33,701 - root - INFO - Completed generation 26; 2.4s elapsed, 2.3s avg, 6e+01s total. Expected time remaining: 4e+02s
2020-07-26 22:35:33,754 - root - INFO - #26 MAX:accuracy.mean: 0.65
2020-07-26 22:35:33,794 - root - DEBUG - Sampled weight [ 1.35457023 -1.64705307  0.01053497 -1.76268446  1.48180218]
2020-07-26 22:35:34,876 - root - DEBUG - Updating hall of fame
2020-07-26 22:35:35,271 - root - INFO - Completed generation 27; 1.5s elapsed, 2.3s avg, 6.1e+01s total. Expected time remaining: 3.9e+02s
2020-07-26 22:35:35,324 - root - INFO - #27 MAX:accuracy.mean: 0.65
2020-07-26 22:35:35,364 - root - DEBUG - Sampled weight [ 0.54828975  0.8841323   0.78139381  0.52139995 -0.85347076]
2020-07-26 22:35:36,447 - root - DEBUG - Updating hall of fame
2020-07-26 22:35:37,002 - root - INFO - Completed generation 28; 1.7s elapsed, 2.2s avg, 6.3e+01s total. Expected time remaining: 3.9e+02s
2020-07-26 22:35:37,055 - root - INFO - #28 MAX:accuracy.mean: 0.67
2020-07-26 22:35:37,096 - root - DEBUG - Sampled weight [-1.84634422  1.53392568 -0.6636485   1.44909718 -1.52240613]
2020-07-26 22:35:38,183 - root - DEBUG - Updating hall of fame
2020-07-26 22:35:39,308 - root - INFO - Completed generation 29; 2.3s elapsed, 2.2s avg, 6.5e+01s total. Expected time remaining: 3.8e+02s
2020-07-26 22:35:39,361 - root - INFO - #29 MAX:accuracy.mean: 0.63
2020-07-26 22:35:39,401 - root - DEBUG - Sampled weight [0.52743245 1.49559126 1.4861975  0.3470322  1.683679  ]
2020-07-26 22:35:40,487 - root - DEBUG - Updating hall of fame
2020-07-26 22:35:41,038 - root - INFO - Completed generation 30; 1.7s elapsed, 2.2s avg, 6.7e+01s total. Expected time remaining: 3.8e+02s
2020-07-26 22:35:41,091 - root - INFO - #30 MAX:accuracy.mean: 0.7
2020-07-26 22:35:41,168 - root - DEBUG - Sampled weight [-1.83486427  0.68423658 -0.07374033  1.73627425 -0.10257972]
2020-07-26 22:35:42,260 - root - DEBUG - Updating hall of fame
2020-07-26 22:35:42,818 - root - INFO - Completed generation 31; 1.7s elapsed, 2.2s avg, 6.8e+01s total. Expected time remaining: 3.7e+02s
2020-07-26 22:35:42,871 - root - INFO - #31 MAX:accuracy.mean: 0.49
2020-07-26 22:35:42,913 - root - DEBUG - Sampled weight [-0.8684337   0.73529635  0.93951863 -0.79949277 -0.76419453]
2020-07-26 22:35:44,006 - root - DEBUG - Updating hall of fame
2020-07-26 22:35:44,380 - root - INFO - Completed generation 32; 1.5s elapsed, 2.2s avg, 7e+01s total. Expected time remaining: 3.7e+02s
2020-07-26 22:35:44,432 - root - INFO - #32 MAX:accuracy.mean: 0.67
2020-07-26 22:35:44,473 - root - DEBUG - Sampled weight [-1.84727479  0.44200015  1.92544749  0.79891798 -1.47063569]
2020-07-26 22:35:45,555 - root - DEBUG - Updating hall of fame
2020-07-26 22:35:46,496 - root - INFO - Completed generation 33; 2.1s elapsed, 2.2s avg, 7.2e+01s total. Expected time remaining: 3.6e+02s
2020-07-26 22:35:46,549 - root - INFO - #33 MAX:accuracy.mean: 0.67
2020-07-26 22:35:46,590 - root - DEBUG - Sampled weight [-1.78698442 -1.99913313  0.25203933  1.63315287  1.7364727 ]
2020-07-26 22:35:47,676 - root - DEBUG - Updating hall of fame
2020-07-26 22:35:48,242 - root - INFO - Completed generation 34; 1.7s elapsed, 2.2s avg, 7.4e+01s total. Expected time remaining: 3.6e+02s
2020-07-26 22:35:48,294 - root - INFO - #34 MAX:accuracy.mean: 0.65
2020-07-26 22:35:48,335 - root - DEBUG - Sampled weight [-1.15970579 -1.41836079  1.28091711  0.14928134  0.39063888]
2020-07-26 22:35:49,420 - root - DEBUG - Updating hall of fame
2020-07-26 22:35:49,420 - root - INFO - Completed generation 35; 1.1s elapsed, 2.1s avg, 7.5e+01s total. Expected time remaining: 3.5e+02s
2020-07-26 22:35:49,472 - root - INFO - #35 MAX:accuracy.mean: 0.64
2020-07-26 22:35:49,513 - root - DEBUG - Sampled weight [-0.29975703 -1.97461961  0.62631414  0.62332926  0.90154996]
2020-07-26 22:35:50,600 - root - DEBUG - Updating hall of fame
2020-07-26 22:35:50,787 - root - INFO - Completed generation 36; 1.3s elapsed, 2.1s avg, 7.6e+01s total. Expected time remaining: 3.5e+02s
2020-07-26 22:35:50,839 - root - INFO - #36 MAX:accuracy.mean: 0.71
2020-07-26 22:35:50,881 - root - DEBUG - Sampled weight [ 1.66187193  0.71291077  0.09799445 -0.02541959  0.35857077]
2020-07-26 22:35:51,978 - root - DEBUG - Updating hall of fame
2020-07-26 22:35:52,548 - root - INFO - Completed generation 37; 1.7s elapsed, 2.1s avg, 7.8e+01s total. Expected time remaining: 3.4e+02s
2020-07-26 22:35:52,601 - root - INFO - #37 MAX:accuracy.mean: 0.67
2020-07-26 22:35:52,643 - root - DEBUG - Sampled weight [ 1.221639   -0.75409995 -1.81085574  1.13117799 -1.30548326]
2020-07-26 22:35:53,744 - root - DEBUG - Updating hall of fame
2020-07-26 22:35:53,936 - root - INFO - Completed generation 38; 1.3s elapsed, 2.1s avg, 7.9e+01s total. Expected time remaining: 3.4e+02s
2020-07-26 22:35:53,989 - root - INFO - #38 MAX:accuracy.mean: 0.66
2020-07-26 22:35:54,030 - root - DEBUG - Sampled weight [-0.77284285  1.40252791  0.62526839 -1.37257292  1.42677919]
2020-07-26 22:35:55,115 - root - DEBUG - Updating hall of fame
2020-07-26 22:35:55,669 - root - INFO - Completed generation 39; 1.7s elapsed, 2.1s avg, 8.1e+01s total. Expected time remaining: 3.3e+02s
2020-07-26 22:35:55,721 - root - INFO - #39 MAX:accuracy.mean: 0.7
2020-07-26 22:35:55,761 - root - DEBUG - Sampled weight [-0.20944993  1.52912878  1.08571515  1.77662285  1.66325701]
2020-07-26 22:35:56,843 - root - DEBUG - Updating hall of fame
2020-07-26 22:35:57,212 - root - INFO - Completed generation 40; 1.5s elapsed, 2.1s avg, 8.2e+01s total. Expected time remaining: 3.3e+02s
2020-07-26 22:35:57,298 - root - INFO - #40 MAX:accuracy.mean: 0.65
2020-07-26 22:35:57,377 - root - DEBUG - Sampled weight [-0.82076186  1.43927155  1.41995938 -1.56685469  1.57269347]
2020-07-26 22:35:58,464 - root - DEBUG - Updating hall of fame
2020-07-26 22:35:59,022 - root - INFO - Completed generation 41; 1.7s elapsed, 2.0s avg, 8.4e+01s total. Expected time remaining: 3.3e+02s
2020-07-26 22:35:59,074 - root - INFO - #41 MAX:accuracy.mean: 0.64
2020-07-26 22:35:59,115 - root - DEBUG - Sampled weight [ 0.00903213  0.83405006  0.97588217 -1.58305753 -1.87618086]
2020-07-26 22:36:00,199 - root - DEBUG - Updating hall of fame
2020-07-26 22:36:00,568 - root - INFO - Completed generation 42; 1.5s elapsed, 2.0s avg, 8.5e+01s total. Expected time remaining: 3.2e+02s
2020-07-26 22:36:00,620 - root - INFO - #42 MAX:accuracy.mean: 0.64
2020-07-26 22:36:00,661 - root - DEBUG - Sampled weight [-0.56241432  1.18027077 -0.01014697 -0.9185205   0.26668066]
2020-07-26 22:36:01,748 - root - DEBUG - Updating hall of fame
2020-07-26 22:36:02,709 - root - INFO - Completed generation 43; 2.1s elapsed, 2.0s avg, 8.8e+01s total. Expected time remaining: 3.2e+02s
2020-07-26 22:36:02,763 - root - INFO - #43 MAX:accuracy.mean: 0.63
2020-07-26 22:36:02,804 - root - DEBUG - Sampled weight [-1.69479414 -0.82129167 -0.43629039  0.41453124  0.74181458]
2020-07-26 22:36:03,903 - root - DEBUG - Updating hall of fame
2020-07-26 22:36:04,092 - root - INFO - Completed generation 44; 1.3s elapsed, 2.0s avg, 8.9e+01s total. Expected time remaining: 3.2e+02s
2020-07-26 22:36:04,145 - root - INFO - #44 MAX:accuracy.mean: 0.76
2020-07-26 22:36:04,186 - root - DEBUG - Sampled weight [-0.6824881   1.29773088  0.1924447   0.53119249 -0.94621415]
2020-07-26 22:36:05,274 - root - DEBUG - Updating hall of fame
2020-07-26 22:36:05,833 - root - INFO - Completed generation 45; 1.7s elapsed, 2.0s avg, 9.1e+01s total. Expected time remaining: 3.1e+02s
2020-07-26 22:36:05,886 - root - INFO - #45 MAX:accuracy.mean: 0.59
2020-07-26 22:36:05,927 - root - DEBUG - Sampled weight [-0.62204517  1.73228525  1.88838835 -1.80166052  0.55828527]
2020-07-26 22:36:07,016 - root - DEBUG - Updating hall of fame
2020-07-26 22:36:07,202 - root - INFO - Completed generation 46; 1.3s elapsed, 2.0s avg, 9.2e+01s total. Expected time remaining: 3.1e+02s
2020-07-26 22:36:07,255 - root - INFO - #46 MAX:accuracy.mean: 0.74
2020-07-26 22:36:07,295 - root - DEBUG - Sampled weight [ 0.02090344  0.8392545  -0.00269156 -1.39870195  1.68187742]
2020-07-26 22:36:08,389 - root - DEBUG - Updating hall of fame
2020-07-26 22:36:08,389 - root - INFO - Completed generation 47; 1.1s elapsed, 2.0s avg, 9.3e+01s total. Expected time remaining: 3e+02s
2020-07-26 22:36:08,442 - root - INFO - #47 MAX:accuracy.mean: 0.52
2020-07-26 22:36:08,483 - root - DEBUG - Sampled weight [-1.10403735 -1.58364561  0.13241955  0.42308792  1.4755785 ]
2020-07-26 22:36:09,572 - root - DEBUG - Updating hall of fame
2020-07-26 22:36:09,954 - root - INFO - Completed generation 48; 1.5s elapsed, 2.0s avg, 9.5e+01s total. Expected time remaining: 3e+02s
2020-07-26 22:36:10,007 - root - INFO - #48 MAX:accuracy.mean: 0.55
2020-07-26 22:36:10,048 - root - DEBUG - Sampled weight [ 0.82949114  1.56143403 -1.44348475  0.41682694  1.90601312]
2020-07-26 22:36:11,141 - root - DEBUG - Updating hall of fame
2020-07-26 22:36:11,331 - root - INFO - Completed generation 49; 1.3s elapsed, 2.0s avg, 9.6e+01s total. Expected time remaining: 3e+02s
2020-07-26 22:36:11,383 - root - INFO - #49 MAX:accuracy.mean: 0.67
2020-07-26 22:36:11,425 - root - DEBUG - Sampled weight [ 1.35246103  1.67518564  1.13785948 -1.69194162  0.97875204]
2020-07-26 22:36:12,524 - root - DEBUG - Updating hall of fame
2020-07-26 22:36:12,899 - root - INFO - Completed generation 50; 1.5s elapsed, 1.9s avg, 9.7e+01s total. Expected time remaining: 2.9e+02s
2020-07-26 22:36:12,952 - root - INFO - #50 MAX:accuracy.mean: 0.66
2020-07-26 22:36:13,035 - root - DEBUG - Sampled weight [ 0.33853865  1.27631772 -1.63831457  0.78120406  0.82601373]
2020-07-26 22:36:14,137 - root - DEBUG - Updating hall of fame
2020-07-26 22:36:14,510 - root - INFO - Completed generation 51; 1.5s elapsed, 1.9s avg, 9.9e+01s total. Expected time remaining: 2.9e+02s
2020-07-26 22:36:14,562 - root - INFO - #51 MAX:accuracy.mean: 0.58
2020-07-26 22:36:14,604 - root - DEBUG - Sampled weight [ 0.09978653  0.19512157 -0.57954271 -0.42572734  1.44745656]
2020-07-26 22:36:15,704 - root - DEBUG - Updating hall of fame
2020-07-26 22:36:16,456 - root - INFO - Completed generation 52; 1.9s elapsed, 1.9s avg, 1e+02s total. Expected time remaining: 2.9e+02s
2020-07-26 22:36:16,508 - root - INFO - #52 MAX:accuracy.mean: 0.7
2020-07-26 22:36:16,549 - root - DEBUG - Sampled weight [-1.03833743  0.27747549  1.98609726  1.65417707  1.34917072]
2020-07-26 22:36:17,646 - root - DEBUG - Updating hall of fame
2020-07-26 22:36:18,019 - root - INFO - Completed generation 53; 1.5s elapsed, 1.9s avg, 1e+02s total. Expected time remaining: 2.8e+02s
2020-07-26 22:36:18,072 - root - INFO - #53 MAX:accuracy.mean: 0.65
2020-07-26 22:36:18,114 - root - DEBUG - Sampled weight [ 0.18590092  1.66327026  0.02797773  1.60619841 -1.0348597 ]
2020-07-26 22:36:19,212 - root - DEBUG - Updating hall of fame
2020-07-26 22:36:19,584 - root - INFO - Completed generation 54; 1.5s elapsed, 1.9s avg, 1e+02s total. Expected time remaining: 2.8e+02s
2020-07-26 22:36:19,636 - root - INFO - #54 MAX:accuracy.mean: 0.63
2020-07-26 22:36:19,678 - root - DEBUG - Sampled weight [-1.00810786 -1.49136361  1.98898524  1.07475446  1.32184684]
2020-07-26 22:36:20,777 - root - DEBUG - Updating hall of fame
2020-07-26 22:36:21,149 - root - INFO - Completed generation 55; 1.5s elapsed, 1.9s avg, 1.1e+02s total. Expected time remaining: 2.8e+02s
2020-07-26 22:36:21,201 - root - INFO - #55 MAX:accuracy.mean: 0.64
2020-07-26 22:36:21,244 - root - DEBUG - Sampled weight [ 0.73794533  0.6192401   1.11314197  1.96534307 -1.03937197]
2020-07-26 22:36:22,342 - root - DEBUG - Updating hall of fame
2020-07-26 22:36:22,530 - root - INFO - Completed generation 56; 1.3s elapsed, 1.9s avg, 1.1e+02s total. Expected time remaining: 2.7e+02s
2020-07-26 22:36:22,582 - root - INFO - #56 MAX:accuracy.mean: 0.67
2020-07-26 22:36:22,624 - root - DEBUG - Sampled weight [-0.36054527  0.18717293  0.32190471 -1.70550348 -1.09744029]
2020-07-26 22:36:23,722 - root - DEBUG - Updating hall of fame
2020-07-26 22:36:24,095 - root - INFO - Completed generation 57; 1.5s elapsed, 1.9s avg, 1.1e+02s total. Expected time remaining: 2.7e+02s
2020-07-26 22:36:24,147 - root - INFO - #57 MAX:accuracy.mean: 0.64
2020-07-26 22:36:24,189 - root - DEBUG - Sampled weight [ 0.66445974  1.68096959 -1.84206239  1.51143804 -0.61101297]
2020-07-26 22:36:25,286 - root - DEBUG - Updating hall of fame
2020-07-26 22:36:25,667 - root - INFO - Completed generation 58; 1.5s elapsed, 1.9s avg, 1.1e+02s total. Expected time remaining: 2.7e+02s
2020-07-26 22:36:25,720 - root - INFO - #58 MAX:accuracy.mean: 0.72
2020-07-26 22:36:25,763 - root - DEBUG - Sampled weight [ 0.67060757  1.80482437 -1.34013083  1.09474343 -0.96785995]
2020-07-26 22:36:26,861 - root - DEBUG - Updating hall of fame
2020-07-26 22:36:27,253 - root - INFO - Completed generation 59; 1.5s elapsed, 1.9s avg, 1.1e+02s total. Expected time remaining: 2.7e+02s
2020-07-26 22:36:27,306 - root - INFO - #59 MAX:accuracy.mean: 0.69
2020-07-26 22:36:27,347 - root - DEBUG - Sampled weight [ 0.63833424 -0.49537588  0.08550217  1.98365148  1.38840407]
2020-07-26 22:36:28,440 - root - DEBUG - Updating hall of fame
2020-07-26 22:36:28,995 - root - INFO - Completed generation 60; 1.7s elapsed, 1.9s avg, 1.1e+02s total. Expected time remaining: 2.6e+02s
2020-07-26 22:36:29,047 - root - INFO - #60 MAX:accuracy.mean: 0.65
2020-07-26 22:36:29,129 - root - DEBUG - Sampled weight [ 0.9418131   1.90165762  1.81098963  0.50187884 -0.5778077 ]
2020-07-26 22:36:30,223 - root - DEBUG - Updating hall of fame
2020-07-26 22:36:30,592 - root - INFO - Completed generation 61; 1.5s elapsed, 1.9s avg, 1.1e+02s total. Expected time remaining: 2.6e+02s
2020-07-26 22:36:30,645 - root - INFO - #61 MAX:accuracy.mean: 0.67
2020-07-26 22:36:30,686 - root - DEBUG - Sampled weight [ 1.25738529 -1.19327766 -0.19049681  1.29824502  1.64859101]
2020-07-26 22:36:31,785 - root - DEBUG - Updating hall of fame
2020-07-26 22:36:32,527 - root - INFO - Completed generation 62; 1.9s elapsed, 1.9s avg, 1.2e+02s total. Expected time remaining: 2.6e+02s
2020-07-26 22:36:32,580 - root - INFO - #62 MAX:accuracy.mean: 0.64
2020-07-26 22:36:32,622 - root - DEBUG - Sampled weight [-0.44090747  1.3758789  -0.34277216 -1.0172864  -1.47086346]
2020-07-26 22:36:33,718 - root - DEBUG - Updating hall of fame
2020-07-26 22:36:34,273 - root - INFO - Completed generation 63; 1.7s elapsed, 1.9s avg, 1.2e+02s total. Expected time remaining: 2.6e+02s
2020-07-26 22:36:34,325 - root - INFO - #63 MAX:accuracy.mean: 0.57
2020-07-26 22:36:34,366 - root - DEBUG - Sampled weight [ 1.00881154 -0.47125669 -0.63068085  1.70479352  1.86795188]
2020-07-26 22:36:35,453 - root - DEBUG - Updating hall of fame
2020-07-26 22:36:35,453 - root - INFO - Completed generation 64; 1.1s elapsed, 1.9s avg, 1.2e+02s total. Expected time remaining: 2.5e+02s
2020-07-26 22:36:35,506 - root - INFO - #64 MAX:accuracy.mean: 0.7
2020-07-26 22:36:35,546 - root - DEBUG - Sampled weight [ 0.17591801  0.1854552  -0.05971062 -1.24175767 -1.23725983]
2020-07-26 22:36:36,632 - root - DEBUG - Updating hall of fame
2020-07-26 22:36:37,187 - root - INFO - Completed generation 65; 1.7s elapsed, 1.9s avg, 1.2e+02s total. Expected time remaining: 2.5e+02s
2020-07-26 22:36:37,240 - root - INFO - #65 MAX:accuracy.mean: 0.62
2020-07-26 22:36:37,280 - root - DEBUG - Sampled weight [-1.54692755 -0.24535591 -0.45070866 -1.47722331  1.88538873]
2020-07-26 22:36:38,368 - root - DEBUG - Updating hall of fame
2020-07-26 22:36:38,564 - root - INFO - Completed generation 66; 1.3s elapsed, 1.9s avg, 1.2e+02s total. Expected time remaining: 2.5e+02s
2020-07-26 22:36:38,616 - root - INFO - #66 MAX:accuracy.mean: 0.6
2020-07-26 22:36:38,657 - root - DEBUG - Sampled weight [-1.1996431  -1.29720076  1.9864794   0.51221306  0.64313115]
2020-07-26 22:36:39,747 - root - DEBUG - Updating hall of fame
2020-07-26 22:36:39,944 - root - INFO - Completed generation 67; 1.3s elapsed, 1.8s avg, 1.2e+02s total. Expected time remaining: 2.5e+02s
2020-07-26 22:36:39,996 - root - INFO - #67 MAX:accuracy.mean: 0.7
2020-07-26 22:36:40,036 - root - DEBUG - Sampled weight [ 0.49340226  0.86104463  1.8672561   0.08057576 -0.67013389]
2020-07-26 22:36:41,119 - root - DEBUG - Updating hall of fame
2020-07-26 22:36:41,506 - root - INFO - Completed generation 68; 1.5s elapsed, 1.8s avg, 1.2e+02s total. Expected time remaining: 2.4e+02s
2020-07-26 22:36:41,559 - root - INFO - #68 MAX:accuracy.mean: 0.63
2020-07-26 22:36:41,600 - root - DEBUG - Sampled weight [0.93105669 1.8651673  1.05508479 1.3392751  0.03352214]
2020-07-26 22:36:42,713 - root - DEBUG - Updating hall of fame
2020-07-26 22:36:43,687 - root - INFO - Completed generation 69; 2.1s elapsed, 1.8s avg, 1.3e+02s total. Expected time remaining: 2.4e+02s
2020-07-26 22:36:43,740 - root - INFO - #69 MAX:accuracy.mean: 0.65
2020-07-26 22:36:43,782 - root - DEBUG - Sampled weight [ 1.48083392  0.21956079  1.94769415 -0.33023594 -0.95825258]
2020-07-26 22:36:44,893 - root - DEBUG - Updating hall of fame
2020-07-26 22:36:45,449 - root - INFO - Completed generation 70; 1.7s elapsed, 1.8s avg, 1.3e+02s total. Expected time remaining: 2.4e+02s
2020-07-26 22:36:45,501 - root - INFO - #70 MAX:accuracy.mean: 0.58
2020-07-26 22:36:45,587 - root - DEBUG - Sampled weight [ 1.24605024 -1.41084191 -0.80647633  0.72188982  0.80818604]
2020-07-26 22:36:46,701 - root - DEBUG - Updating hall of fame
2020-07-26 22:36:47,077 - root - INFO - Completed generation 71; 1.5s elapsed, 1.8s avg, 1.3e+02s total. Expected time remaining: 2.4e+02s
2020-07-26 22:36:47,130 - root - INFO - #71 MAX:accuracy.mean: 0.68
2020-07-26 22:36:47,172 - root - DEBUG - Sampled weight [-1.1213075  -0.25635255  1.72012223  1.83209451 -0.57929454]
2020-07-26 22:36:48,284 - root - DEBUG - Updating hall of fame
2020-07-26 22:36:49,045 - root - INFO - Completed generation 72; 1.9s elapsed, 1.8s avg, 1.3e+02s total. Expected time remaining: 2.4e+02s
2020-07-26 22:36:49,098 - root - INFO - #72 MAX:accuracy.mean: 0.72
2020-07-26 22:36:49,140 - root - DEBUG - Sampled weight [1.97597641 0.35551924 1.495163   1.63839194 1.64973715]
2020-07-26 22:36:50,235 - root - DEBUG - Updating hall of fame
2020-07-26 22:36:50,422 - root - INFO - Completed generation 73; 1.3s elapsed, 1.8s avg, 1.3e+02s total. Expected time remaining: 2.3e+02s
2020-07-26 22:36:50,474 - root - INFO - #73 MAX:accuracy.mean: 0.66
2020-07-26 22:36:50,515 - root - DEBUG - Sampled weight [ 1.52226261  1.12809108 -1.74387924  0.87570142 -0.28916325]
2020-07-26 22:36:51,605 - root - DEBUG - Updating hall of fame
2020-07-26 22:36:52,159 - root - INFO - Completed generation 74; 1.7s elapsed, 1.8s avg, 1.4e+02s total. Expected time remaining: 2.3e+02s
2020-07-26 22:36:52,211 - root - INFO - #74 MAX:accuracy.mean: 0.65
2020-07-26 22:36:52,253 - root - DEBUG - Sampled weight [ 0.5696512  -0.22344207  1.43362681  1.24712198 -1.88321418]
2020-07-26 22:36:53,358 - root - DEBUG - Updating hall of fame
2020-07-26 22:36:53,735 - root - INFO - Completed generation 75; 1.5s elapsed, 1.8s avg, 1.4e+02s total. Expected time remaining: 2.3e+02s
2020-07-26 22:36:53,788 - root - INFO - #75 MAX:accuracy.mean: 0.65
2020-07-26 22:36:53,830 - root - DEBUG - Sampled weight [-0.82682439  1.19844041 -0.79589502 -0.65068335  1.33177   ]
2020-07-26 22:36:54,924 - root - DEBUG - Updating hall of fame
2020-07-26 22:36:55,296 - root - INFO - Completed generation 76; 1.5s elapsed, 1.8s avg, 1.4e+02s total. Expected time remaining: 2.3e+02s
2020-07-26 22:36:55,348 - root - INFO - #76 MAX:accuracy.mean: 0.68
2020-07-26 22:36:55,389 - root - DEBUG - Sampled weight [-1.80161028  1.81821854  0.91790188 -1.77389234 -0.19825095]
2020-07-26 22:36:56,483 - root - DEBUG - Updating hall of fame
2020-07-26 22:36:57,426 - root - INFO - Completed generation 77; 2.1s elapsed, 1.8s avg, 1.4e+02s total. Expected time remaining: 2.2e+02s
2020-07-26 22:36:57,479 - root - INFO - #77 MAX:accuracy.mean: 0.66
2020-07-26 22:36:57,521 - root - DEBUG - Sampled weight [1.61064999 1.92892806 1.71983488 1.24900449 0.98792766]
2020-07-26 22:36:58,618 - root - DEBUG - Updating hall of fame
2020-07-26 22:36:58,991 - root - INFO - Completed generation 78; 1.5s elapsed, 1.8s avg, 1.4e+02s total. Expected time remaining: 2.2e+02s
2020-07-26 22:36:59,044 - root - INFO - #78 MAX:accuracy.mean: 0.7
2020-07-26 22:36:59,085 - root - DEBUG - Sampled weight [ 1.68572394  0.3713291  -1.97360106 -1.84050949  1.37626178]
2020-07-26 22:37:00,167 - root - DEBUG - Updating hall of fame
2020-07-26 22:37:01,283 - root - INFO - Completed generation 79; 2.2s elapsed, 1.8s avg, 1.4e+02s total. Expected time remaining: 2.2e+02s
2020-07-26 22:37:01,336 - root - INFO - #79 MAX:accuracy.mean: 0.68
2020-07-26 22:37:01,376 - root - DEBUG - Sampled weight [-0.21221162 -1.40881385  1.19023667  1.96347835 -0.17502079]
2020-07-26 22:37:02,467 - root - DEBUG - Updating hall of fame
2020-07-26 22:37:03,601 - root - INFO - Completed generation 80; 2.3s elapsed, 1.8s avg, 1.5e+02s total. Expected time remaining: 2.2e+02s
2020-07-26 22:37:03,653 - root - INFO - #80 MAX:accuracy.mean: 0.63
2020-07-26 22:37:03,751 - root - DEBUG - Sampled weight [ 1.47039894  1.63594403 -1.90696035 -0.57708934 -1.7819395 ]
2020-07-26 22:37:04,839 - root - DEBUG - Updating hall of fame
2020-07-26 22:37:05,781 - root - INFO - Completed generation 81; 2.1s elapsed, 1.8s avg, 1.5e+02s total. Expected time remaining: 2.2e+02s
2020-07-26 22:37:05,833 - root - INFO - #81 MAX:accuracy.mean: 0.72
2020-07-26 22:37:05,874 - root - DEBUG - Sampled weight [-1.64836793  0.18195997 -0.80725133  1.47266332  1.61635591]
2020-07-26 22:37:06,959 - root - DEBUG - Updating hall of fame
2020-07-26 22:37:08,095 - root - INFO - Completed generation 82; 2.3s elapsed, 1.8s avg, 1.5e+02s total. Expected time remaining: 2.2e+02s
2020-07-26 22:37:08,149 - root - INFO - #82 MAX:accuracy.mean: 0.67
2020-07-26 22:37:08,189 - root - DEBUG - Sampled weight [ 1.78403061 -1.72215663  0.84066629 -1.50233855  1.25031776]
2020-07-26 22:37:09,274 - root - DEBUG - Updating hall of fame
2020-07-26 22:37:10,407 - root - INFO - Completed generation 83; 2.3s elapsed, 1.8s avg, 1.5e+02s total. Expected time remaining: 2.2e+02s
2020-07-26 22:37:10,460 - root - INFO - #83 MAX:accuracy.mean: 0.68
2020-07-26 22:37:10,500 - root - DEBUG - Sampled weight [-0.18413146  1.18589099  0.53684703  0.67628819 -1.76318268]
2020-07-26 22:37:11,595 - root - DEBUG - Updating hall of fame
2020-07-26 22:37:12,155 - root - INFO - Completed generation 84; 1.7s elapsed, 1.8s avg, 1.5e+02s total. Expected time remaining: 2.1e+02s
2020-07-26 22:37:12,208 - root - INFO - #84 MAX:accuracy.mean: 0.63
2020-07-26 22:37:12,248 - root - DEBUG - Sampled weight [1.00253978 1.66420864 1.21752493 1.14344833 0.45219739]
2020-07-26 22:37:13,332 - root - DEBUG - Updating hall of fame
2020-07-26 22:37:14,276 - root - INFO - Completed generation 85; 2.1s elapsed, 1.8s avg, 1.6e+02s total. Expected time remaining: 2.1e+02s
2020-07-26 22:37:14,329 - root - INFO - #85 MAX:accuracy.mean: 0.72
2020-07-26 22:37:14,369 - root - DEBUG - Sampled weight [-1.01536845 -0.75748201 -1.77845628  1.68699886 -1.97491799]
2020-07-26 22:37:15,457 - root - DEBUG - Updating hall of fame
2020-07-26 22:37:16,585 - root - INFO - Completed generation 86; 2.3s elapsed, 1.8s avg, 1.6e+02s total. Expected time remaining: 2.1e+02s
2020-07-26 22:37:16,637 - root - INFO - #86 MAX:accuracy.mean: 0.66
2020-07-26 22:37:16,678 - root - DEBUG - Sampled weight [-1.69397682 -0.22437109 -0.38958117 -0.34162183  1.89436282]
2020-07-26 22:37:17,758 - root - DEBUG - Updating hall of fame
2020-07-26 22:37:18,704 - root - INFO - Completed generation 87; 2.1s elapsed, 1.9s avg, 1.6e+02s total. Expected time remaining: 2.1e+02s
2020-07-26 22:37:18,756 - root - INFO - #87 MAX:accuracy.mean: 0.65
2020-07-26 22:37:18,797 - root - DEBUG - Sampled weight [-0.39196464 -1.99783413 -1.22226129 -1.90228394 -1.71268972]
2020-07-26 22:37:19,884 - root - DEBUG - Updating hall of fame
2020-07-26 22:37:20,084 - root - INFO - Completed generation 88; 1.3s elapsed, 1.8s avg, 1.6e+02s total. Expected time remaining: 2.1e+02s
2020-07-26 22:37:20,136 - root - INFO - #88 MAX:accuracy.mean: 0.65
2020-07-26 22:37:20,177 - root - DEBUG - Sampled weight [-0.69507383  0.76817395  1.04633548  1.25523699 -1.26239825]
2020-07-26 22:37:21,263 - root - DEBUG - Updating hall of fame
2020-07-26 22:37:21,818 - root - INFO - Completed generation 89; 1.7s elapsed, 1.8s avg, 1.6e+02s total. Expected time remaining: 2e+02s
2020-07-26 22:37:21,870 - root - INFO - #89 MAX:accuracy.mean: 0.7
2020-07-26 22:37:21,911 - root - DEBUG - Sampled weight [ 1.15945383  1.56139728  1.17250676  1.41303693 -0.54725185]
2020-07-26 22:37:23,002 - root - DEBUG - Updating hall of fame
2020-07-26 22:37:23,564 - root - INFO - Completed generation 90; 1.7s elapsed, 1.8s avg, 1.7e+02s total. Expected time remaining: 2e+02s
2020-07-26 22:37:23,617 - root - INFO - #90 MAX:accuracy.mean: 0.72
2020-07-26 22:37:23,712 - root - DEBUG - Sampled weight [-0.32424755 -0.75664115  1.65255679 -1.50398865  0.26652616]
2020-07-26 22:37:24,802 - root - DEBUG - Updating hall of fame
2020-07-26 22:37:25,365 - root - INFO - Completed generation 91; 1.7s elapsed, 1.8s avg, 1.7e+02s total. Expected time remaining: 2e+02s
2020-07-26 22:37:25,418 - root - INFO - #91 MAX:accuracy.mean: 0.65
2020-07-26 22:37:25,459 - root - DEBUG - Sampled weight [-0.78077459 -0.66941105  0.21160634  0.37175897  0.32193102]
2020-07-26 22:37:26,548 - root - DEBUG - Updating hall of fame
2020-07-26 22:37:26,748 - root - INFO - Completed generation 92; 1.3s elapsed, 1.8s avg, 1.7e+02s total. Expected time remaining: 2e+02s
2020-07-26 22:37:26,801 - root - INFO - #92 MAX:accuracy.mean: 0.72
2020-07-26 22:37:26,843 - root - DEBUG - Sampled weight [-1.53327163  1.0319892   0.33343535 -0.3968314  -0.93236653]
2020-07-26 22:37:27,938 - root - DEBUG - Updating hall of fame
2020-07-26 22:37:28,698 - root - INFO - Completed generation 93; 1.9s elapsed, 1.8s avg, 1.7e+02s total. Expected time remaining: 2e+02s
2020-07-26 22:37:28,751 - root - INFO - #93 MAX:accuracy.mean: 0.64
2020-07-26 22:37:28,792 - root - DEBUG - Sampled weight [-1.08187898  0.29281812 -1.73825589 -0.62847089 -0.27243075]
2020-07-26 22:37:29,880 - root - DEBUG - Updating hall of fame
2020-07-26 22:37:30,084 - root - INFO - Completed generation 94; 1.3s elapsed, 1.8s avg, 1.7e+02s total. Expected time remaining: 1.9e+02s
2020-07-26 22:37:30,140 - root - INFO - #94 MAX:accuracy.mean: 0.68
2020-07-26 22:37:30,183 - root - DEBUG - Sampled weight [-1.6713161  -1.47278661  1.68669622  0.18646157  1.57216885]
2020-07-26 22:37:31,321 - root - DEBUG - Updating hall of fame
2020-07-26 22:37:32,115 - root - INFO - Completed generation 95; 2.0s elapsed, 1.8s avg, 1.7e+02s total. Expected time remaining: 1.9e+02s
2020-07-26 22:37:32,170 - root - INFO - #95 MAX:accuracy.mean: 0.63
2020-07-26 22:37:32,213 - root - DEBUG - Sampled weight [ 0.67231952 -0.0834122   1.08682546  0.20204802 -0.32506811]
2020-07-26 22:37:33,365 - root - DEBUG - Updating hall of fame
2020-07-26 22:37:33,770 - root - INFO - Completed generation 96; 1.6s elapsed, 1.8s avg, 1.8e+02s total. Expected time remaining: 1.9e+02s
2020-07-26 22:37:33,826 - root - INFO - #96 MAX:accuracy.mean: 0.6
2020-07-26 22:37:33,870 - root - DEBUG - Sampled weight [-1.61795962 -0.54541027 -0.43364986  0.91740611  0.4196021 ]
2020-07-26 22:37:35,012 - root - DEBUG - Updating hall of fame
2020-07-26 22:37:36,580 - root - INFO - Completed generation 97; 2.8s elapsed, 1.8s avg, 1.8e+02s total. Expected time remaining: 1.9e+02s
2020-07-26 22:37:36,661 - root - INFO - #97 MAX:accuracy.mean: 0.65
2020-07-26 22:37:36,716 - root - DEBUG - Sampled weight [ 1.36956478 -1.57171557 -1.76802179 -0.58304548 -0.74547804]
2020-07-26 22:37:38,027 - root - DEBUG - Updating hall of fame
2020-07-26 22:37:39,114 - root - INFO - Completed generation 98; 2.5s elapsed, 1.8s avg, 1.8e+02s total. Expected time remaining: 1.9e+02s
2020-07-26 22:37:39,186 - root - INFO - #98 MAX:accuracy.mean: 0.71
2020-07-26 22:37:39,235 - root - DEBUG - Sampled weight [-1.4748927   1.3415857  -1.32769081  1.65593029  0.99247542]
2020-07-26 22:37:40,490 - root - DEBUG - Updating hall of fame
2020-07-26 22:37:41,437 - root - INFO - Completed generation 99; 2.3s elapsed, 1.8s avg, 1.8e+02s total. Expected time remaining: 1.9e+02s
2020-07-26 22:37:41,489 - root - INFO - #99 MAX:accuracy.mean: 0.73
2020-07-26 22:37:41,531 - root - DEBUG - Sampled weight [ 1.73010665  1.52503267 -1.87648324  0.79113064  1.77988877]
2020-07-26 22:37:42,624 - root - DEBUG - Updating hall of fame
2020-07-26 22:37:43,566 - root - INFO - Completed generation 100; 2.1s elapsed, 1.9s avg, 1.9e+02s total. Expected time remaining: 1.9e+02s
2020-07-26 22:37:43,618 - root - INFO - #100 MAX:accuracy.mean: 0.68
2020-07-26 22:37:43,713 - root - DEBUG - Sampled weight [-1.69238852 -1.6782169  -0.71130507 -1.14576454 -0.32237928]
2020-07-26 22:37:44,797 - root - DEBUG - Updating hall of fame
2020-07-26 22:37:45,362 - root - INFO - Completed generation 101; 1.7s elapsed, 1.8s avg, 1.9e+02s total. Expected time remaining: 1.8e+02s
2020-07-26 22:37:45,415 - root - INFO - #101 MAX:accuracy.mean: 0.61
2020-07-26 22:37:45,457 - root - DEBUG - Sampled weight [-0.91875965 -1.2230027  -0.88186956 -0.55624873  1.03324002]
2020-07-26 22:37:46,539 - root - DEBUG - Updating hall of fame
2020-07-26 22:37:47,287 - root - INFO - Completed generation 102; 1.9s elapsed, 1.9s avg, 1.9e+02s total. Expected time remaining: 1.8e+02s
2020-07-26 22:37:47,339 - root - INFO - #102 MAX:accuracy.mean: 0.67
2020-07-26 22:37:47,380 - root - DEBUG - Sampled weight [-1.79885513 -1.62992973 -0.20560749  1.69125138  0.18068207]
2020-07-26 22:37:48,459 - root - DEBUG - Updating hall of fame
2020-07-26 22:37:49,396 - root - INFO - Completed generation 103; 2.1s elapsed, 1.9s avg, 1.9e+02s total. Expected time remaining: 1.8e+02s
2020-07-26 22:37:49,448 - root - INFO - #103 MAX:accuracy.mean: 0.6
2020-07-26 22:37:49,489 - root - DEBUG - Sampled weight [-0.66553049 -1.31378623  0.62649544  0.12538821 -0.83948005]
2020-07-26 22:37:50,572 - root - DEBUG - Updating hall of fame
2020-07-26 22:37:51,137 - root - INFO - Completed generation 104; 1.7s elapsed, 1.9s avg, 1.9e+02s total. Expected time remaining: 1.8e+02s
2020-07-26 22:37:51,189 - root - INFO - #104 MAX:accuracy.mean: 0.73
2020-07-26 22:37:51,230 - root - DEBUG - Sampled weight [-1.20547922  1.68930635  0.23255388  1.84092545 -1.41632061]
2020-07-26 22:37:52,312 - root - DEBUG - Updating hall of fame
2020-07-26 22:37:53,059 - root - INFO - Completed generation 105; 1.9s elapsed, 1.9s avg, 1.9e+02s total. Expected time remaining: 1.8e+02s
2020-07-26 22:37:53,111 - root - INFO - #105 MAX:accuracy.mean: 0.64
2020-07-26 22:37:53,153 - root - DEBUG - Sampled weight [0.28849136 1.48757675 0.11468002 0.25171941 1.46136262]
2020-07-26 22:37:54,235 - root - DEBUG - Updating hall of fame
2020-07-26 22:37:54,425 - root - INFO - Completed generation 106; 1.3s elapsed, 1.8s avg, 2e+02s total. Expected time remaining: 1.7e+02s
2020-07-26 22:37:54,478 - root - INFO - #106 MAX:accuracy.mean: 0.6
2020-07-26 22:37:54,519 - root - DEBUG - Sampled weight [1.95393593 0.60047525 1.17496645 1.93674003 1.21217526]
2020-07-26 22:37:55,620 - root - DEBUG - Updating hall of fame
2020-07-26 22:37:56,372 - root - INFO - Completed generation 107; 1.9s elapsed, 1.8s avg, 2e+02s total. Expected time remaining: 1.7e+02s
2020-07-26 22:37:56,424 - root - INFO - #107 MAX:accuracy.mean: 0.72
2020-07-26 22:37:56,465 - root - DEBUG - Sampled weight [-0.68445733  0.44255579 -0.254054    0.22122663  1.16699807]
2020-07-26 22:37:57,554 - root - DEBUG - Updating hall of fame
2020-07-26 22:37:58,124 - root - INFO - Completed generation 108; 1.7s elapsed, 1.8s avg, 2e+02s total. Expected time remaining: 1.7e+02s
2020-07-26 22:37:58,177 - root - INFO - #108 MAX:accuracy.mean: 0.62
2020-07-26 22:37:58,218 - root - DEBUG - Sampled weight [-1.44850656  1.08718143 -0.36863853 -0.4399697   1.19798458]
2020-07-26 22:37:59,310 - root - DEBUG - Updating hall of fame
2020-07-26 22:37:59,871 - root - INFO - Completed generation 109; 1.7s elapsed, 1.8s avg, 2e+02s total. Expected time remaining: 1.7e+02s
2020-07-26 22:37:59,925 - root - INFO - #109 MAX:accuracy.mean: 0.65
2020-07-26 22:37:59,967 - root - DEBUG - Sampled weight [-0.63875993  0.12838653 -0.04792327  1.35137957  0.37021972]
2020-07-26 22:38:01,060 - root - DEBUG - Updating hall of fame
2020-07-26 22:38:01,857 - root - INFO - Completed generation 110; 1.9s elapsed, 1.8s avg, 2e+02s total. Expected time remaining: 1.7e+02s
2020-07-26 22:38:01,912 - root - INFO - #110 MAX:accuracy.mean: 0.61
2020-07-26 22:38:02,015 - root - DEBUG - Sampled weight [ 1.63357445  0.19108767  1.8678979   0.23238581 -0.74720165]
2020-07-26 22:38:03,133 - root - DEBUG - Updating hall of fame
2020-07-26 22:38:03,885 - root - INFO - Completed generation 111; 1.9s elapsed, 1.8s avg, 2e+02s total. Expected time remaining: 1.6e+02s
2020-07-26 22:38:03,938 - root - INFO - #111 MAX:accuracy.mean: 0.65
2020-07-26 22:38:03,979 - root - DEBUG - Sampled weight [-0.82415788  0.72464368 -0.63358657  1.29403822  0.22495251]
2020-07-26 22:38:05,080 - root - DEBUG - Updating hall of fame
2020-07-26 22:38:05,653 - root - INFO - Completed generation 112; 1.7s elapsed, 1.8s avg, 2.1e+02s total. Expected time remaining: 1.6e+02s
2020-07-26 22:38:05,706 - root - INFO - #112 MAX:accuracy.mean: 0.72
2020-07-26 22:38:05,747 - root - DEBUG - Sampled weight [-0.53069411 -0.97277056  0.15622004 -0.40971522 -0.35249302]
2020-07-26 22:38:06,842 - root - DEBUG - Updating hall of fame
2020-07-26 22:38:07,794 - root - INFO - Completed generation 113; 2.1s elapsed, 1.8s avg, 2.1e+02s total. Expected time remaining: 1.6e+02s
2020-07-26 22:38:07,847 - root - INFO - #113 MAX:accuracy.mean: 0.6
2020-07-26 22:38:07,889 - root - DEBUG - Sampled weight [ 0.50700331  1.33449136  1.36148235 -1.59412997 -0.95110977]
2020-07-26 22:38:08,978 - root - DEBUG - Updating hall of fame
2020-07-26 22:38:09,535 - root - INFO - Completed generation 114; 1.7s elapsed, 1.8s avg, 2.1e+02s total. Expected time remaining: 1.6e+02s
2020-07-26 22:38:09,588 - root - INFO - #114 MAX:accuracy.mean: 0.66
2020-07-26 22:38:09,629 - root - DEBUG - Sampled weight [-1.00891371 -0.64589185  0.67600265  0.47065425  1.53614983]
2020-07-26 22:38:10,734 - root - DEBUG - Updating hall of fame
2020-07-26 22:38:11,499 - root - INFO - Completed generation 115; 1.9s elapsed, 1.8s avg, 2.1e+02s total. Expected time remaining: 1.6e+02s
2020-07-26 22:38:11,551 - root - INFO - #115 MAX:accuracy.mean: 0.69
2020-07-26 22:38:11,592 - root - DEBUG - Sampled weight [ 0.53660642 -1.14401109  1.12450721  1.05320568  1.62183008]
2020-07-26 22:38:12,691 - root - DEBUG - Updating hall of fame
2020-07-26 22:38:13,063 - root - INFO - Completed generation 116; 1.5s elapsed, 1.8s avg, 2.1e+02s total. Expected time remaining: 1.5e+02s
2020-07-26 22:38:13,115 - root - INFO - #116 MAX:accuracy.mean: 0.67
2020-07-26 22:38:13,156 - root - DEBUG - Sampled weight [-1.90801186  1.33991238  0.37450422 -1.25041625  0.10112296]
2020-07-26 22:38:14,249 - root - DEBUG - Updating hall of fame
2020-07-26 22:38:14,631 - root - INFO - Completed generation 117; 1.5s elapsed, 1.8s avg, 2.2e+02s total. Expected time remaining: 1.5e+02s
2020-07-26 22:38:14,683 - root - INFO - #117 MAX:accuracy.mean: 0.64
2020-07-26 22:38:14,723 - root - DEBUG - Sampled weight [-0.04078924  1.15736752 -0.20329149 -1.2025321   1.67682416]
2020-07-26 22:38:15,812 - root - DEBUG - Updating hall of fame
2020-07-26 22:38:16,389 - root - INFO - Completed generation 118; 1.7s elapsed, 1.8s avg, 2.2e+02s total. Expected time remaining: 1.5e+02s
2020-07-26 22:38:16,441 - root - INFO - #118 MAX:accuracy.mean: 0.61
2020-07-26 22:38:16,481 - root - DEBUG - Sampled weight [-0.23205123 -0.95160726 -0.85525479 -1.31788955  0.36117836]
2020-07-26 22:38:17,586 - root - DEBUG - Updating hall of fame
2020-07-26 22:38:17,784 - root - INFO - Completed generation 119; 1.3s elapsed, 1.8s avg, 2.2e+02s total. Expected time remaining: 1.5e+02s
2020-07-26 22:38:17,836 - root - INFO - #119 MAX:accuracy.mean: 0.61
2020-07-26 22:38:17,877 - root - DEBUG - Sampled weight [-0.39923988  0.90162166 -1.70060213 -1.86285628 -1.08305854]
2020-07-26 22:38:18,957 - root - DEBUG - Updating hall of fame
2020-07-26 22:38:19,891 - root - INFO - Completed generation 120; 2.1s elapsed, 1.8s avg, 2.2e+02s total. Expected time remaining: 1.5e+02s
2020-07-26 22:38:19,943 - root - INFO - #120 MAX:accuracy.mean: 0.67
2020-07-26 22:38:20,061 - root - DEBUG - Sampled weight [ 1.1985444   0.34165495 -0.30828107 -0.24372997 -1.10376162]
2020-07-26 22:38:21,151 - root - DEBUG - Updating hall of fame
2020-07-26 22:38:21,526 - root - INFO - Completed generation 121; 1.5s elapsed, 1.8s avg, 2.2e+02s total. Expected time remaining: 1.4e+02s
2020-07-26 22:38:21,578 - root - INFO - #121 MAX:accuracy.mean: 0.58
2020-07-26 22:38:21,620 - root - DEBUG - Sampled weight [-1.87443368  1.05943505  1.97448486 -1.83758927 -0.15618039]
2020-07-26 22:38:22,732 - root - DEBUG - Updating hall of fame
2020-07-26 22:38:23,709 - root - INFO - Completed generation 122; 2.1s elapsed, 1.8s avg, 2.2e+02s total. Expected time remaining: 1.4e+02s
2020-07-26 22:38:23,764 - root - INFO - #122 MAX:accuracy.mean: 0.58
2020-07-26 22:38:23,806 - root - DEBUG - Sampled weight [ 0.48859505  0.65587494  1.47951221 -0.82664441 -0.2844953 ]
2020-07-26 22:38:24,909 - root - DEBUG - Updating hall of fame
2020-07-26 22:38:25,280 - root - INFO - Completed generation 123; 1.5s elapsed, 1.8s avg, 2.3e+02s total. Expected time remaining: 1.4e+02s
2020-07-26 22:38:25,332 - root - INFO - #123 MAX:accuracy.mean: 0.64
2020-07-26 22:38:25,374 - root - DEBUG - Sampled weight [ 0.84874724 -0.51683581 -0.95501798  0.32095939 -0.97694505]
2020-07-26 22:38:26,489 - root - DEBUG - Updating hall of fame
2020-07-26 22:38:27,621 - root - INFO - Completed generation 124; 2.3s elapsed, 1.8s avg, 2.3e+02s total. Expected time remaining: 1.4e+02s
2020-07-26 22:38:27,674 - root - INFO - #124 MAX:accuracy.mean: 0.73
2020-07-26 22:38:27,715 - root - DEBUG - Sampled weight [-0.01285304  0.74079622 -0.35323537  0.23951077  1.40734161]
2020-07-26 22:38:28,815 - root - DEBUG - Updating hall of fame
2020-07-26 22:38:29,759 - root - INFO - Completed generation 125; 2.1s elapsed, 1.8s avg, 2.3e+02s total. Expected time remaining: 1.4e+02s
2020-07-26 22:38:29,811 - root - INFO - #125 MAX:accuracy.mean: 0.58
2020-07-26 22:38:29,852 - root - DEBUG - Sampled weight [ 1.9406458  -1.9777189   1.66078494 -1.56572802  1.31230774]
2020-07-26 22:38:30,952 - root - DEBUG - Updating hall of fame
2020-07-26 22:38:31,511 - root - INFO - Completed generation 126; 1.7s elapsed, 1.8s avg, 2.3e+02s total. Expected time remaining: 1.4e+02s
2020-07-26 22:38:31,564 - root - INFO - #126 MAX:accuracy.mean: 0.6
2020-07-26 22:38:31,605 - root - DEBUG - Sampled weight [ 0.45075998 -0.10847599 -1.01417932  0.47683971 -1.81996599]
2020-07-26 22:38:32,694 - root - DEBUG - Updating hall of fame
2020-07-26 22:38:33,065 - root - INFO - Completed generation 127; 1.5s elapsed, 1.8s avg, 2.3e+02s total. Expected time remaining: 1.3e+02s
2020-07-26 22:38:33,117 - root - INFO - #127 MAX:accuracy.mean: 0.6
2020-07-26 22:38:33,159 - root - DEBUG - Sampled weight [-0.65171563 -1.63043303  1.71079326 -0.06984841  1.12812566]
2020-07-26 22:38:34,266 - root - DEBUG - Updating hall of fame
2020-07-26 22:38:35,021 - root - INFO - Completed generation 128; 1.9s elapsed, 1.8s avg, 2.3e+02s total. Expected time remaining: 1.3e+02s
2020-07-26 22:38:35,073 - root - INFO - #128 MAX:accuracy.mean: 0.58
2020-07-26 22:38:35,114 - root - DEBUG - Sampled weight [ 0.27492537  0.69065529  0.6073072  -1.63714362 -1.215457  ]
2020-07-26 22:38:36,205 - root - DEBUG - Updating hall of fame
2020-07-26 22:38:36,589 - root - INFO - Completed generation 129; 1.5s elapsed, 1.8s avg, 2.4e+02s total. Expected time remaining: 1.3e+02s
2020-07-26 22:38:36,642 - root - INFO - #129 MAX:accuracy.mean: 0.67
2020-07-26 22:38:36,683 - root - DEBUG - Sampled weight [ 0.05046997 -1.1282546  -0.9189726   1.60951162  0.02438586]
2020-07-26 22:38:37,795 - root - DEBUG - Updating hall of fame
2020-07-26 22:38:38,748 - root - INFO - Completed generation 130; 2.1s elapsed, 1.8s avg, 2.4e+02s total. Expected time remaining: 1.3e+02s
2020-07-26 22:38:38,801 - root - INFO - #130 MAX:accuracy.mean: 0.58
2020-07-26 22:38:38,894 - root - DEBUG - Sampled weight [ 1.04498349  0.00547444  0.74668423 -1.75785738 -1.818522  ]
2020-07-26 22:38:39,998 - root - DEBUG - Updating hall of fame
2020-07-26 22:38:40,390 - root - INFO - Completed generation 131; 1.5s elapsed, 1.8s avg, 2.4e+02s total. Expected time remaining: 1.3e+02s
2020-07-26 22:38:40,443 - root - INFO - #131 MAX:accuracy.mean: 0.59
2020-07-26 22:38:40,485 - root - DEBUG - Sampled weight [-1.04020258 -1.48804816  0.45552404  0.81558184 -1.4456152 ]
2020-07-26 22:38:41,591 - root - DEBUG - Updating hall of fame
2020-07-26 22:38:42,369 - root - INFO - Completed generation 132; 1.9s elapsed, 1.8s avg, 2.4e+02s total. Expected time remaining: 1.2e+02s
2020-07-26 22:38:42,421 - root - INFO - #132 MAX:accuracy.mean: 0.74
2020-07-26 22:38:42,462 - root - DEBUG - Sampled weight [ 1.15077554 -1.35799234  1.67473649  0.05154076 -0.37518488]
2020-07-26 22:38:43,588 - root - DEBUG - Updating hall of fame
2020-07-26 22:38:44,364 - root - INFO - Completed generation 133; 1.9s elapsed, 1.8s avg, 2.4e+02s total. Expected time remaining: 1.2e+02s
2020-07-26 22:38:44,417 - root - INFO - #133 MAX:accuracy.mean: 0.59
2020-07-26 22:38:44,458 - root - DEBUG - Sampled weight [ 0.67718141 -0.15220697  1.40434903  0.28424388  0.35702004]
2020-07-26 22:38:45,560 - root - DEBUG - Updating hall of fame
2020-07-26 22:38:46,136 - root - INFO - Completed generation 134; 1.7s elapsed, 1.8s avg, 2.5e+02s total. Expected time remaining: 1.2e+02s
2020-07-26 22:38:46,188 - root - INFO - #134 MAX:accuracy.mean: 0.58
2020-07-26 22:38:46,230 - root - DEBUG - Sampled weight [ 1.52892352 -0.54312919  0.58700861 -0.57873859  1.62582876]
2020-07-26 22:38:47,349 - root - DEBUG - Updating hall of fame
2020-07-26 22:38:48,307 - root - INFO - Completed generation 135; 2.1s elapsed, 1.8s avg, 2.5e+02s total. Expected time remaining: 1.2e+02s
2020-07-26 22:38:48,360 - root - INFO - #135 MAX:accuracy.mean: 0.8
2020-07-26 22:38:48,402 - root - DEBUG - Sampled weight [ 1.36429045  1.46121395 -1.20324571  1.2528397  -0.67207079]
2020-07-26 22:38:49,510 - root - DEBUG - Updating hall of fame
2020-07-26 22:38:49,511 - root - INFO - Completed generation 136; 1.2s elapsed, 1.8s avg, 2.5e+02s total. Expected time remaining: 1.2e+02s
2020-07-26 22:38:49,563 - root - INFO - #136 MAX:accuracy.mean: 0.78
2020-07-26 22:38:49,604 - root - DEBUG - Sampled weight [ 0.82140729 -1.6059947   1.55842071 -1.99393926  0.574237  ]
2020-07-26 22:38:50,707 - root - DEBUG - Updating hall of fame
2020-07-26 22:38:51,658 - root - INFO - Completed generation 137; 2.1s elapsed, 1.8s avg, 2.5e+02s total. Expected time remaining: 1.2e+02s
2020-07-26 22:38:51,710 - root - INFO - #137 MAX:accuracy.mean: 0.7
2020-07-26 22:38:51,751 - root - DEBUG - Sampled weight [ 0.54840926  0.40409125  0.80729208 -1.87826447  1.93401569]
2020-07-26 22:38:52,837 - root - DEBUG - Updating hall of fame
2020-07-26 22:38:53,767 - root - INFO - Completed generation 138; 2.1s elapsed, 1.8s avg, 2.5e+02s total. Expected time remaining: 1.1e+02s
2020-07-26 22:38:53,820 - root - INFO - #138 MAX:accuracy.mean: 0.64
2020-07-26 22:38:53,861 - root - DEBUG - Sampled weight [ 1.82806245 -0.78328862  1.42715754  1.15967499 -1.94674086]
2020-07-26 22:38:54,945 - root - DEBUG - Updating hall of fame
2020-07-26 22:38:55,505 - root - INFO - Completed generation 139; 1.7s elapsed, 1.8s avg, 2.5e+02s total. Expected time remaining: 1.1e+02s
2020-07-26 22:38:55,558 - root - INFO - #139 MAX:accuracy.mean: 0.62
2020-07-26 22:38:55,599 - root - DEBUG - Sampled weight [-0.60366257  0.48015076 -0.84986142 -1.48206427 -0.99767274]
2020-07-26 22:38:56,690 - root - DEBUG - Updating hall of fame
2020-07-26 22:38:57,248 - root - INFO - Completed generation 140; 1.7s elapsed, 1.8s avg, 2.6e+02s total. Expected time remaining: 1.1e+02s
2020-07-26 22:38:57,300 - root - INFO - #140 MAX:accuracy.mean: 0.71
2020-07-26 22:38:57,399 - root - DEBUG - Sampled weight [ 0.8669923   1.84586313  0.38605008  0.88301324 -0.4692652 ]
2020-07-26 22:38:58,516 - root - DEBUG - Updating hall of fame
2020-07-26 22:38:59,477 - root - INFO - Completed generation 141; 2.1s elapsed, 1.8s avg, 2.6e+02s total. Expected time remaining: 1.1e+02s
2020-07-26 22:38:59,529 - root - INFO - #141 MAX:accuracy.mean: 0.66
2020-07-26 22:38:59,571 - root - DEBUG - Sampled weight [-1.5541053  -0.37816706  0.2599902  -0.76112498  0.28605936]
2020-07-26 22:39:00,678 - root - DEBUG - Updating hall of fame
2020-07-26 22:39:01,051 - root - INFO - Completed generation 142; 1.5s elapsed, 1.8s avg, 2.6e+02s total. Expected time remaining: 1.1e+02s
2020-07-26 22:39:01,103 - root - INFO - #142 MAX:accuracy.mean: 0.59
2020-07-26 22:39:01,143 - root - DEBUG - Sampled weight [ 0.7314801  -0.31980646 -1.65581898 -1.16558819  0.44286057]
2020-07-26 22:39:02,258 - root - DEBUG - Updating hall of fame
2020-07-26 22:39:03,211 - root - INFO - Completed generation 143; 2.1s elapsed, 1.8s avg, 2.6e+02s total. Expected time remaining: 1e+02s
2020-07-26 22:39:03,264 - root - INFO - #143 MAX:accuracy.mean: 0.62
2020-07-26 22:39:03,306 - root - DEBUG - Sampled weight [-0.20730157  0.9382619   0.46342408 -0.93226247  0.13794517]
2020-07-26 22:39:04,426 - root - DEBUG - Updating hall of fame
2020-07-26 22:39:04,994 - root - INFO - Completed generation 144; 1.7s elapsed, 1.8s avg, 2.6e+02s total. Expected time remaining: 1e+02s
2020-07-26 22:39:05,046 - root - INFO - #144 MAX:accuracy.mean: 0.63
2020-07-26 22:39:05,087 - root - DEBUG - Sampled weight [ 0.74236826  0.58007126 -1.51891411  0.00354882  0.05349135]
2020-07-26 22:39:06,189 - root - DEBUG - Updating hall of fame
2020-07-26 22:39:06,766 - root - INFO - Completed generation 145; 1.7s elapsed, 1.8s avg, 2.7e+02s total. Expected time remaining: 1e+02s
2020-07-26 22:39:06,824 - root - INFO - #145 MAX:accuracy.mean: 0.61
2020-07-26 22:39:06,869 - root - DEBUG - Sampled weight [-0.56393146  1.87822237  1.67964154  0.94077106  1.99733481]
2020-07-26 22:39:07,998 - root - DEBUG - Updating hall of fame
2020-07-26 22:39:08,578 - root - INFO - Completed generation 146; 1.8s elapsed, 1.8s avg, 2.7e+02s total. Expected time remaining: 9.9e+01s
2020-07-26 22:39:08,631 - root - INFO - #146 MAX:accuracy.mean: 0.63
2020-07-26 22:39:08,673 - root - DEBUG - Sampled weight [-1.2913977  -1.86485059  0.26814738  1.78301801  1.32852652]
2020-07-26 22:39:09,778 - root - DEBUG - Updating hall of fame
2020-07-26 22:39:10,151 - root - INFO - Completed generation 147; 1.5s elapsed, 1.8s avg, 2.7e+02s total. Expected time remaining: 9.7e+01s
2020-07-26 22:39:10,204 - root - INFO - #147 MAX:accuracy.mean: 0.6
2020-07-26 22:39:10,245 - root - DEBUG - Sampled weight [-1.10352223  1.73077982  1.96944384 -1.67958347  1.93512072]
2020-07-26 22:39:11,356 - root - DEBUG - Updating hall of fame
2020-07-26 22:39:11,729 - root - INFO - Completed generation 148; 1.5s elapsed, 1.8s avg, 2.7e+02s total. Expected time remaining: 9.5e+01s
2020-07-26 22:39:11,782 - root - INFO - #148 MAX:accuracy.mean: 0.6
2020-07-26 22:39:11,823 - root - DEBUG - Sampled weight [-1.77086346 -0.03782213 -0.59259847 -0.94737581 -0.49292594]
2020-07-26 22:39:12,920 - root - DEBUG - Updating hall of fame
2020-07-26 22:39:13,107 - root - INFO - Completed generation 149; 1.3s elapsed, 1.8s avg, 2.7e+02s total. Expected time remaining: 9.3e+01s
2020-07-26 22:39:13,159 - root - INFO - #149 MAX:accuracy.mean: 0.6
2020-07-26 22:39:13,200 - root - DEBUG - Sampled weight [0.87748765 1.61128375 1.68898971 1.01606279 0.30320236]
2020-07-26 22:39:14,304 - root - DEBUG - Updating hall of fame
2020-07-26 22:39:14,880 - root - INFO - Completed generation 150; 1.7s elapsed, 1.8s avg, 2.7e+02s total. Expected time remaining: 9.1e+01s
2020-07-26 22:39:14,933 - root - INFO - #150 MAX:accuracy.mean: 0.63
2020-07-26 22:39:15,027 - root - DEBUG - Sampled weight [-1.46833806  1.97489562  0.2665546   0.29347145  0.17460177]
2020-07-26 22:39:16,135 - root - DEBUG - Updating hall of fame
2020-07-26 22:39:16,703 - root - INFO - Completed generation 151; 1.7s elapsed, 1.8s avg, 2.8e+02s total. Expected time remaining: 8.9e+01s
2020-07-26 22:39:16,755 - root - INFO - #151 MAX:accuracy.mean: 0.58
2020-07-26 22:39:16,797 - root - DEBUG - Sampled weight [ 1.01085158  0.75970758  0.21509181 -1.27060269  1.00099248]
2020-07-26 22:39:17,902 - root - DEBUG - Updating hall of fame
2020-07-26 22:39:18,661 - root - INFO - Completed generation 152; 1.9s elapsed, 1.8s avg, 2.8e+02s total. Expected time remaining: 8.8e+01s
2020-07-26 22:39:18,713 - root - INFO - #152 MAX:accuracy.mean: 0.71
2020-07-26 22:39:18,755 - root - DEBUG - Sampled weight [ 1.43645805  0.23757376 -0.86894927  1.68906964 -0.253069  ]
2020-07-26 22:39:19,863 - root - DEBUG - Updating hall of fame
2020-07-26 22:39:20,821 - root - INFO - Completed generation 153; 2.1s elapsed, 1.8s avg, 2.8e+02s total. Expected time remaining: 8.6e+01s
2020-07-26 22:39:20,874 - root - INFO - #153 MAX:accuracy.mean: 0.6
2020-07-26 22:39:20,915 - root - DEBUG - Sampled weight [-1.24617745 -0.3855542  -0.80687986  1.14522168 -0.95293699]
2020-07-26 22:39:22,029 - root - DEBUG - Updating hall of fame
2020-07-26 22:39:22,412 - root - INFO - Completed generation 154; 1.5s elapsed, 1.8s avg, 2.8e+02s total. Expected time remaining: 8.4e+01s
2020-07-26 22:39:22,465 - root - INFO - #154 MAX:accuracy.mean: 0.72
2020-07-26 22:39:22,506 - root - DEBUG - Sampled weight [ 0.78848905  1.11503209  0.50648194 -0.31054734 -1.653515  ]
2020-07-26 22:39:23,628 - root - DEBUG - Updating hall of fame
2020-07-26 22:39:24,972 - root - INFO - Completed generation 155; 2.5s elapsed, 1.8s avg, 2.8e+02s total. Expected time remaining: 8.2e+01s
2020-07-26 22:39:25,024 - root - INFO - #155 MAX:accuracy.mean: 0.63
2020-07-26 22:39:25,066 - root - DEBUG - Sampled weight [ 1.64216885 -1.87429861  0.5154842  -0.02428145  1.45259625]
2020-07-26 22:39:26,194 - root - DEBUG - Updating hall of fame
2020-07-26 22:39:26,574 - root - INFO - Completed generation 156; 1.6s elapsed, 1.8s avg, 2.8e+02s total. Expected time remaining: 8e+01s
2020-07-26 22:39:26,626 - root - INFO - #156 MAX:accuracy.mean: 0.7
2020-07-26 22:39:26,668 - root - DEBUG - Sampled weight [-0.36169506  0.21460804 -0.93330387 -0.23806271 -1.39334437]
2020-07-26 22:39:27,778 - root - DEBUG - Updating hall of fame
2020-07-26 22:39:27,967 - root - INFO - Completed generation 157; 1.3s elapsed, 1.8s avg, 2.9e+02s total. Expected time remaining: 7.8e+01s
2020-07-26 22:39:28,019 - root - INFO - #157 MAX:accuracy.mean: 0.59
2020-07-26 22:39:28,061 - root - DEBUG - Sampled weight [-0.50556723 -1.36280666  1.00572748 -1.98540786  0.78316235]
2020-07-26 22:39:29,172 - root - DEBUG - Updating hall of fame
2020-07-26 22:39:30,510 - root - INFO - Completed generation 158; 2.5s elapsed, 1.8s avg, 2.9e+02s total. Expected time remaining: 7.7e+01s
2020-07-26 22:39:30,562 - root - INFO - #158 MAX:accuracy.mean: 0.71
2020-07-26 22:39:30,604 - root - DEBUG - Sampled weight [-0.29617383  1.87191756 -0.90551705  1.37700476  1.48733191]
2020-07-26 22:39:31,709 - root - DEBUG - Updating hall of fame
2020-07-26 22:39:32,661 - root - INFO - Completed generation 159; 2.1s elapsed, 1.8s avg, 2.9e+02s total. Expected time remaining: 7.5e+01s
2020-07-26 22:39:32,714 - root - INFO - #159 MAX:accuracy.mean: 0.6
2020-07-26 22:39:32,755 - root - DEBUG - Sampled weight [-1.39085712  1.32224367 -1.84388088  0.70783017 -0.19833094]
2020-07-26 22:39:33,863 - root - DEBUG - Updating hall of fame
2020-07-26 22:39:34,438 - root - INFO - Completed generation 160; 1.7s elapsed, 1.8s avg, 2.9e+02s total. Expected time remaining: 7.3e+01s
2020-07-26 22:39:34,490 - root - INFO - #160 MAX:accuracy.mean: 0.59
2020-07-26 22:39:34,582 - root - DEBUG - Sampled weight [ 0.46148986 -0.62631188  0.74384521  0.72243942  0.55455786]
2020-07-26 22:39:35,695 - root - DEBUG - Updating hall of fame
2020-07-26 22:39:36,266 - root - INFO - Completed generation 161; 1.7s elapsed, 1.8s avg, 2.9e+02s total. Expected time remaining: 7.1e+01s
2020-07-26 22:39:36,318 - root - INFO - #161 MAX:accuracy.mean: 0.75
2020-07-26 22:39:36,361 - root - DEBUG - Sampled weight [ 1.5040036   1.75830242 -0.50965935  0.87885982 -1.14312969]
2020-07-26 22:39:37,492 - root - DEBUG - Updating hall of fame
2020-07-26 22:39:37,879 - root - INFO - Completed generation 162; 1.6s elapsed, 1.8s avg, 3e+02s total. Expected time remaining: 6.9e+01s
2020-07-26 22:39:37,931 - root - INFO - #162 MAX:accuracy.mean: 0.71
2020-07-26 22:39:37,972 - root - DEBUG - Sampled weight [-1.65634977 -1.29223833 -0.01973048  1.8009964  -1.68129685]
2020-07-26 22:39:39,079 - root - DEBUG - Updating hall of fame
2020-07-26 22:39:39,655 - root - INFO - Completed generation 163; 1.7s elapsed, 1.8s avg, 3e+02s total. Expected time remaining: 6.8e+01s
2020-07-26 22:39:39,707 - root - INFO - #163 MAX:accuracy.mean: 0.64
2020-07-26 22:39:39,748 - root - DEBUG - Sampled weight [-1.8186065   1.64531695 -1.58008304 -0.28172765 -1.51089733]
2020-07-26 22:39:40,852 - root - DEBUG - Updating hall of fame
2020-07-26 22:39:41,421 - root - INFO - Completed generation 164; 1.7s elapsed, 1.8s avg, 3e+02s total. Expected time remaining: 6.6e+01s
2020-07-26 22:39:41,473 - root - INFO - #164 MAX:accuracy.mean: 0.66
2020-07-26 22:39:41,514 - root - DEBUG - Sampled weight [-0.39526978 -1.84939275 -0.65566846 -1.80826838  1.54374809]
2020-07-26 22:39:42,617 - root - DEBUG - Updating hall of fame
2020-07-26 22:39:42,989 - root - INFO - Completed generation 165; 1.5s elapsed, 1.8s avg, 3e+02s total. Expected time remaining: 6.4e+01s
2020-07-26 22:39:43,042 - root - INFO - #165 MAX:accuracy.mean: 0.59
2020-07-26 22:39:43,084 - root - DEBUG - Sampled weight [-0.83572584 -1.98690817  1.17469561 -0.56672019  1.71404298]
2020-07-26 22:39:44,182 - root - DEBUG - Updating hall of fame
2020-07-26 22:39:44,748 - root - INFO - Completed generation 166; 1.7s elapsed, 1.8s avg, 3e+02s total. Expected time remaining: 6.2e+01s
2020-07-26 22:39:44,800 - root - INFO - #166 MAX:accuracy.mean: 0.6
2020-07-26 22:39:44,841 - root - DEBUG - Sampled weight [ 1.28650916 -1.26902405  0.7854645  -1.76497758  1.08619657]
2020-07-26 22:39:45,944 - root - DEBUG - Updating hall of fame
2020-07-26 22:39:46,318 - root - INFO - Completed generation 167; 1.5s elapsed, 1.8s avg, 3e+02s total. Expected time remaining: 6e+01s
2020-07-26 22:39:46,371 - root - INFO - #167 MAX:accuracy.mean: 0.71
2020-07-26 22:39:46,412 - root - DEBUG - Sampled weight [ 0.03173227 -0.77631879 -0.59809386 -0.51489418 -0.16761167]
2020-07-26 22:39:47,529 - root - DEBUG - Updating hall of fame
2020-07-26 22:39:48,095 - root - INFO - Completed generation 168; 1.7s elapsed, 1.8s avg, 3.1e+02s total. Expected time remaining: 5.8e+01s
2020-07-26 22:39:48,148 - root - INFO - #168 MAX:accuracy.mean: 0.6
2020-07-26 22:39:48,188 - root - DEBUG - Sampled weight [-0.78799405 -0.01444238  1.62094894  1.481578   -1.83533951]
2020-07-26 22:39:49,303 - root - DEBUG - Updating hall of fame
2020-07-26 22:39:49,676 - root - INFO - Completed generation 169; 1.5s elapsed, 1.8s avg, 3.1e+02s total. Expected time remaining: 5.6e+01s
2020-07-26 22:39:49,728 - root - INFO - #169 MAX:accuracy.mean: 0.59
2020-07-26 22:39:49,770 - root - DEBUG - Sampled weight [ 1.53766275  1.47471581 -0.8835713  -1.50150961  1.36465984]
2020-07-26 22:39:50,876 - root - DEBUG - Updating hall of fame
2020-07-26 22:39:51,247 - root - INFO - Completed generation 170; 1.5s elapsed, 1.8s avg, 3.1e+02s total. Expected time remaining: 5.4e+01s
2020-07-26 22:39:51,300 - root - INFO - #170 MAX:accuracy.mean: 0.67
2020-07-26 22:39:51,396 - root - DEBUG - Sampled weight [-1.55915129 -0.37506468  0.04328648 -0.32128311 -0.07295437]
2020-07-26 22:39:52,492 - root - DEBUG - Updating hall of fame
2020-07-26 22:39:52,875 - root - INFO - Completed generation 171; 1.5s elapsed, 1.8s avg, 3.1e+02s total. Expected time remaining: 5.3e+01s
2020-07-26 22:39:52,927 - root - INFO - #171 MAX:accuracy.mean: 0.59
2020-07-26 22:39:52,969 - root - DEBUG - Sampled weight [-1.14851114 -0.23431566  1.04900093  0.49648151  0.4311145 ]
2020-07-26 22:39:54,095 - root - DEBUG - Updating hall of fame
2020-07-26 22:39:55,238 - root - INFO - Completed generation 172; 2.3s elapsed, 1.8s avg, 3.1e+02s total. Expected time remaining: 5.1e+01s
2020-07-26 22:39:55,291 - root - INFO - #172 MAX:accuracy.mean: 0.59
2020-07-26 22:39:55,333 - root - DEBUG - Sampled weight [ 0.82149009 -1.50610512 -0.05230079 -0.96237745  1.2313837 ]
2020-07-26 22:39:56,470 - root - DEBUG - Updating hall of fame
2020-07-26 22:39:57,424 - root - INFO - Completed generation 173; 2.1s elapsed, 1.8s avg, 3.1e+02s total. Expected time remaining: 4.9e+01s
2020-07-26 22:39:57,476 - root - INFO - #173 MAX:accuracy.mean: 0.61
2020-07-26 22:39:57,518 - root - DEBUG - Sampled weight [-1.15510595  1.21414964 -1.52391401 -1.61900968 -1.89563615]
2020-07-26 22:39:58,647 - root - DEBUG - Updating hall of fame
2020-07-26 22:39:59,434 - root - INFO - Completed generation 174; 2.0s elapsed, 1.8s avg, 3.2e+02s total. Expected time remaining: 4.7e+01s
2020-07-26 22:39:59,486 - root - INFO - #174 MAX:accuracy.mean: 0.7
2020-07-26 22:39:59,527 - root - DEBUG - Sampled weight [ 0.74324674 -0.97422647  1.77409457  1.01836261  0.01668624]
2020-07-26 22:40:00,647 - root - DEBUG - Updating hall of fame
2020-07-26 22:40:00,833 - root - INFO - Completed generation 175; 1.3s elapsed, 1.8s avg, 3.2e+02s total. Expected time remaining: 4.5e+01s
2020-07-26 22:40:00,885 - root - INFO - #175 MAX:accuracy.mean: 0.59
2020-07-26 22:40:00,926 - root - DEBUG - Sampled weight [ 1.97059929 -0.65578038 -0.20487861 -0.25226185 -1.34445012]
2020-07-26 22:40:02,055 - root - DEBUG - Updating hall of fame
2020-07-26 22:40:02,620 - root - INFO - Completed generation 176; 1.7s elapsed, 1.8s avg, 3.2e+02s total. Expected time remaining: 4.4e+01s
2020-07-26 22:40:02,674 - root - INFO - #176 MAX:accuracy.mean: 0.59
2020-07-26 22:40:02,716 - root - DEBUG - Sampled weight [-0.01642975 -0.2636244  -1.035166    0.89648914 -0.21610924]
2020-07-26 22:40:03,831 - root - DEBUG - Updating hall of fame
2020-07-26 22:40:04,985 - root - INFO - Completed generation 177; 2.3s elapsed, 1.8s avg, 3.2e+02s total. Expected time remaining: 4.2e+01s
2020-07-26 22:40:05,038 - root - INFO - #177 MAX:accuracy.mean: 0.61
2020-07-26 22:40:05,079 - root - DEBUG - Sampled weight [-1.10761713  1.92955467 -1.58418293  0.59646589 -0.9621861 ]
2020-07-26 22:40:06,209 - root - DEBUG - Updating hall of fame
2020-07-26 22:40:06,964 - root - INFO - Completed generation 178; 1.9s elapsed, 1.8s avg, 3.2e+02s total. Expected time remaining: 4e+01s
2020-07-26 22:40:07,016 - root - INFO - #178 MAX:accuracy.mean: 0.73
2020-07-26 22:40:07,058 - root - DEBUG - Sampled weight [ 1.82413904 -0.12030566  1.60540719  1.73666232  0.42987023]
2020-07-26 22:40:08,181 - root - DEBUG - Updating hall of fame
2020-07-26 22:40:08,563 - root - INFO - Completed generation 179; 1.5s elapsed, 1.8s avg, 3.3e+02s total. Expected time remaining: 3.8e+01s
2020-07-26 22:40:08,616 - root - INFO - #179 MAX:accuracy.mean: 0.59
2020-07-26 22:40:08,659 - root - DEBUG - Sampled weight [ 0.28780022 -0.92700973 -1.0505879  -1.69292548 -1.11785461]
2020-07-26 22:40:09,795 - root - DEBUG - Updating hall of fame
2020-07-26 22:40:09,984 - root - INFO - Completed generation 180; 1.4s elapsed, 1.8s avg, 3.3e+02s total. Expected time remaining: 3.6e+01s
2020-07-26 22:40:10,037 - root - INFO - #180 MAX:accuracy.mean: 0.65
2020-07-26 22:40:10,152 - root - DEBUG - Sampled weight [1.26170188 1.33928975 0.47042589 0.76775941 1.3236651 ]
2020-07-26 22:40:11,281 - root - DEBUG - Updating hall of fame
2020-07-26 22:40:11,856 - root - INFO - Completed generation 181; 1.7s elapsed, 1.8s avg, 3.3e+02s total. Expected time remaining: 3.4e+01s
2020-07-26 22:40:11,908 - root - INFO - #181 MAX:accuracy.mean: 0.64
2020-07-26 22:40:11,950 - root - DEBUG - Sampled weight [-1.11660735 -0.96692083 -0.92774659 -1.84243497 -1.77967634]
2020-07-26 22:40:13,061 - root - DEBUG - Updating hall of fame
2020-07-26 22:40:13,250 - root - INFO - Completed generation 182; 1.3s elapsed, 1.8s avg, 3.3e+02s total. Expected time remaining: 3.3e+01s
2020-07-26 22:40:13,302 - root - INFO - #182 MAX:accuracy.mean: 0.73
2020-07-26 22:40:13,343 - root - DEBUG - Sampled weight [ 0.33379957 -0.53971964  1.76763147 -1.65594383 -0.68032348]
2020-07-26 22:40:14,468 - root - DEBUG - Updating hall of fame
2020-07-26 22:40:15,060 - root - INFO - Completed generation 183; 1.8s elapsed, 1.8s avg, 3.3e+02s total. Expected time remaining: 3.1e+01s
2020-07-26 22:40:15,112 - root - INFO - #183 MAX:accuracy.mean: 0.71
2020-07-26 22:40:15,154 - root - DEBUG - Sampled weight [ 0.42798742  0.43784121  1.42693785 -1.46015966  0.98117842]
2020-07-26 22:40:16,274 - root - DEBUG - Updating hall of fame
2020-07-26 22:40:16,839 - root - INFO - Completed generation 184; 1.7s elapsed, 1.8s avg, 3.3e+02s total. Expected time remaining: 2.9e+01s
2020-07-26 22:40:16,891 - root - INFO - #184 MAX:accuracy.mean: 0.67
2020-07-26 22:40:16,932 - root - DEBUG - Sampled weight [ 1.28088311  1.93844581 -1.23569634 -0.87103764 -1.96412414]
2020-07-26 22:40:18,056 - root - DEBUG - Updating hall of fame
2020-07-26 22:40:19,413 - root - INFO - Completed generation 185; 2.5s elapsed, 1.8s avg, 3.4e+02s total. Expected time remaining: 2.7e+01s
2020-07-26 22:40:19,469 - root - INFO - #185 MAX:accuracy.mean: 0.63
2020-07-26 22:40:19,511 - root - DEBUG - Sampled weight [-1.76209188  1.52646357  0.21654675  0.69473449  0.55364505]
2020-07-26 22:40:20,647 - root - DEBUG - Updating hall of fame
2020-07-26 22:40:20,845 - root - INFO - Completed generation 186; 1.4s elapsed, 1.8s avg, 3.4e+02s total. Expected time remaining: 2.5e+01s
2020-07-26 22:40:20,898 - root - INFO - #186 MAX:accuracy.mean: 0.59
2020-07-26 22:40:20,939 - root - DEBUG - Sampled weight [-0.96949816 -1.75692756  0.66191249  1.50165421  0.29435051]
2020-07-26 22:40:22,058 - root - DEBUG - Updating hall of fame
2020-07-26 22:40:22,832 - root - INFO - Completed generation 187; 1.9s elapsed, 1.8s avg, 3.4e+02s total. Expected time remaining: 2.4e+01s
2020-07-26 22:40:22,884 - root - INFO - #187 MAX:accuracy.mean: 0.6
2020-07-26 22:40:22,926 - root - DEBUG - Sampled weight [ 0.93227543  0.51145854  1.96652041 -1.63994592  0.94686696]
2020-07-26 22:40:24,040 - root - DEBUG - Updating hall of fame
2020-07-26 22:40:24,988 - root - INFO - Completed generation 188; 2.1s elapsed, 1.8s avg, 3.4e+02s total. Expected time remaining: 2.2e+01s
2020-07-26 22:40:25,041 - root - INFO - #188 MAX:accuracy.mean: 0.73
2020-07-26 22:40:25,082 - root - DEBUG - Sampled weight [ 0.1470945  -1.3837978  -1.8125058   0.76293006  0.55120443]
2020-07-26 22:40:26,208 - root - DEBUG - Updating hall of fame
2020-07-26 22:40:26,995 - root - INFO - Completed generation 189; 2.0s elapsed, 1.8s avg, 3.4e+02s total. Expected time remaining: 2e+01s
2020-07-26 22:40:27,050 - root - INFO - #189 MAX:accuracy.mean: 0.64
2020-07-26 22:40:27,093 - root - DEBUG - Sampled weight [0.76581267 1.45923657 0.72456209 0.43563715 1.75742476]
2020-07-26 22:40:28,232 - root - DEBUG - Updating hall of fame
2020-07-26 22:40:28,808 - root - INFO - Completed generation 190; 1.8s elapsed, 1.8s avg, 3.5e+02s total. Expected time remaining: 1.8e+01s
2020-07-26 22:40:28,861 - root - INFO - #190 MAX:accuracy.mean: 0.67
2020-07-26 22:40:28,968 - root - DEBUG - Sampled weight [-1.74877299 -1.9764601   1.02600161 -1.93349467  0.41620797]
2020-07-26 22:40:30,108 - root - DEBUG - Updating hall of fame
2020-07-26 22:40:30,490 - root - INFO - Completed generation 191; 1.6s elapsed, 1.8s avg, 3.5e+02s total. Expected time remaining: 1.6e+01s
2020-07-26 22:40:30,542 - root - INFO - #191 MAX:accuracy.mean: 0.65
2020-07-26 22:40:30,584 - root - DEBUG - Sampled weight [ 0.87344608  0.58820846  1.12752374  1.3389508  -0.10816743]
2020-07-26 22:40:31,713 - root - DEBUG - Updating hall of fame
2020-07-26 22:40:32,298 - root - INFO - Completed generation 192; 1.8s elapsed, 1.8s avg, 3.5e+02s total. Expected time remaining: 1.5e+01s
2020-07-26 22:40:32,351 - root - INFO - #192 MAX:accuracy.mean: 0.65
2020-07-26 22:40:32,392 - root - DEBUG - Sampled weight [-1.43963372  1.68391134  0.16362018 -0.77145381  0.72929509]
2020-07-26 22:40:33,516 - root - DEBUG - Updating hall of fame
2020-07-26 22:40:34,097 - root - INFO - Completed generation 193; 1.7s elapsed, 1.8s avg, 3.5e+02s total. Expected time remaining: 1.3e+01s
2020-07-26 22:40:34,150 - root - INFO - #193 MAX:accuracy.mean: 0.64
2020-07-26 22:40:34,193 - root - DEBUG - Sampled weight [ 0.24608785 -1.45891311 -1.19366194 -0.37187878  0.95571123]
2020-07-26 22:40:35,313 - root - DEBUG - Updating hall of fame
2020-07-26 22:40:35,702 - root - INFO - Completed generation 194; 1.6s elapsed, 1.8s avg, 3.5e+02s total. Expected time remaining: 1.1e+01s
2020-07-26 22:40:35,754 - root - INFO - #194 MAX:accuracy.mean: 0.6
2020-07-26 22:40:35,796 - root - DEBUG - Sampled weight [-0.03799572  1.01196564  1.44049332  0.65207524 -1.10470966]
2020-07-26 22:40:36,925 - root - DEBUG - Updating hall of fame
2020-07-26 22:40:37,886 - root - INFO - Completed generation 195; 2.1s elapsed, 1.8s avg, 3.5e+02s total. Expected time remaining: 9.1s
2020-07-26 22:40:37,938 - root - INFO - #195 MAX:accuracy.mean: 0.61
2020-07-26 22:40:37,980 - root - DEBUG - Sampled weight [-0.02797855 -1.59357019  0.03677251  1.42366213  1.42849898]
2020-07-26 22:40:39,102 - root - DEBUG - Updating hall of fame
2020-07-26 22:40:39,496 - root - INFO - Completed generation 196; 1.6s elapsed, 1.8s avg, 3.6e+02s total. Expected time remaining: 7.3s
2020-07-26 22:40:39,550 - root - INFO - #196 MAX:accuracy.mean: 0.58
2020-07-26 22:40:39,592 - root - DEBUG - Sampled weight [-1.83164875  1.53393222  0.9183315  -0.8956113  -1.96606728]
2020-07-26 22:40:40,730 - root - DEBUG - Updating hall of fame
2020-07-26 22:40:41,108 - root - INFO - Completed generation 197; 1.6s elapsed, 1.8s avg, 3.6e+02s total. Expected time remaining: 5.4s
2020-07-26 22:40:41,161 - root - INFO - #197 MAX:accuracy.mean: 0.6
2020-07-26 22:40:41,203 - root - DEBUG - Sampled weight [-1.34039411 -1.48742677  0.09967678 -0.37054349 -1.12697234]
2020-07-26 22:40:42,320 - root - DEBUG - Updating hall of fame
2020-07-26 22:40:42,694 - root - INFO - Completed generation 198; 1.5s elapsed, 1.8s avg, 3.6e+02s total. Expected time remaining: 3.6s
2020-07-26 22:40:42,747 - root - INFO - #198 MAX:accuracy.mean: 0.67
2020-07-26 22:40:42,787 - root - DEBUG - Sampled weight [ 0.35539517  1.13167012  1.33496156 -1.2225463   1.53265831]
2020-07-26 22:40:43,919 - root - DEBUG - Updating hall of fame
2020-07-26 22:40:44,889 - root - INFO - Completed generation 199; 2.1s elapsed, 1.8s avg, 3.6e+02s total. Expected time remaining: 1.8s
2020-07-26 22:40:44,941 - root - INFO - #199 MAX:accuracy.mean: 0.59
2020-07-26 22:40:44,983 - root - DEBUG - Sampled weight [ 0.44064355 -0.30158617 -1.13843229 -1.04516634 -1.43699456]
2020-07-26 22:40:46,110 - root - DEBUG - Updating hall of fame
2020-07-26 22:40:46,308 - root - INFO - Completed generation 200; 1.4s elapsed, 1.8s avg, 3.6e+02s total. Expected time remaining: 0.0s
2020-07-26 22:40:46,361 - root - INFO - #200 MAX:accuracy.mean: 0.7
2020-07-26 22:40:46,529 - root - DEBUG - Loaded 150 samples.
2020-07-26 22:40:46,532 - root - INFO - Evaluating indivs in hall of fame.
2020-07-26 22:40:48,500 - root - INFO - Completed excution.
