2020-07-27 14:11:40,426 - root - INFO - Package version 0.1.1
2020-07-27 14:11:40,427 - root - INFO - Saving data at /vol/fob-vol1/mi15/plonerma/Lab/rewann/data/2020-07-27_Iris [0, 7, 9, 10]; uniform -2,2; signed: False_000.
2020-07-27 14:11:40,427 - root - DEBUG - Loading training dataset
2020-07-27 14:11:40,500 - root - DEBUG - Loaded 150 samples.
2020-07-27 14:11:40,501 - root - DEBUG - Running experiments with the following parameters:
debug = true
experiment_name = "Iris [0, 7, 9, 10]; uniform -2,2; signed: False"
experiment_path = "data/2020-07-27_Iris [0, 7, 9, 10]; uniform -2,2; signed: False_000"

[config]
num_workers = 1
debug = true
backend = "numpy"

[postopt]
run_postopt = true
compile_report = false
num_weights = 100
num_samples = -1

[sampling]
seed = 0
post_init_seed = false
distribution = "uniform"
lower_bound = -2
upper_bound = 2
mean = 0
sigma = 1
num_weights_per_iteration = 5
num_samples_per_iteration = -1
hof_evaluation_iterations = 20

[task]
name = "iris"
sample_order_seed = 0
test_portion = 0.2
sample_length = 10
num_categories = 8

[storage]
data_base_path = "data"
log_filename = "execution.log"
commit_elite_freq = -1
commit_metrics_freq = 10

[population]
num_generations = 200
size = 100
initial_enabled_edge_prob = 0.05
initial_genes = "full"
hof_size = 10
enable_edge_signs = false
enabled_activation_funcs = [ 0, 7, 9, 10,]

[selection]
use_tournaments = true
elite_ratio = 0.1
culling_ratio = 0.2
tournament_size = 5
objectives = [ "-log_loss.min", "-log_loss.mean", "-n_hidden",]
recorded_metrics = [ "accuracy", "kappa", "log_loss",]
hof_metric = "accuracy.mean"

[mutation.new_edge]
probability = 0.2
strategy = "layer_agnostic"
propability = 0.2

[mutation.new_node]
probability = 0.25
propability = 0.3

[mutation.reenable_edge]
probability = 0.05
propability = 0.1

[mutation.change_activation]
probability = 0.5
propability = 0.4

[mutation.change_edge_sign]
probability = 0.2

[mutation.new_recurrent_edge]
probability = 0.2
strategy = "any"

2020-07-27 14:11:40,542 - root - INFO - Starting evolutionary algorithm
2020-07-27 14:11:40,558 - root - DEBUG - Sampled weight [-0.21282672  1.34796146 -1.11270388 -0.02421898  1.71847496]
2020-07-27 14:11:41,603 - root - DEBUG - Updating hall of fame
2020-07-27 14:11:43,499 - root - INFO - Completed generation 1; 3.0s elapsed, 3.0s avg, 3.0s total. Expected time remaining: 5.9e+02s
2020-07-27 14:11:43,556 - root - INFO - #1 MAX:accuracy.mean: 0.47
2020-07-27 14:11:43,595 - root - DEBUG - Sampled weight [ 0.92517124  1.38570466 -1.76729439  1.09921543 -0.20998624]
2020-07-27 14:11:44,630 - root - DEBUG - Updating hall of fame
2020-07-27 14:11:46,457 - root - INFO - Completed generation 2; 2.9s elapsed, 2.9s avg, 5.9s total. Expected time remaining: 5.8e+02s
2020-07-27 14:11:46,507 - root - INFO - #2 MAX:accuracy.mean: 0.33
2020-07-27 14:11:46,546 - root - DEBUG - Sampled weight [ 1.46710793 -1.80533076  1.10328479 -1.86018652  0.61887194]
2020-07-27 14:11:47,581 - root - DEBUG - Updating hall of fame
2020-07-27 14:11:49,214 - root - INFO - Completed generation 3; 2.7s elapsed, 2.9s avg, 8.6s total. Expected time remaining: 5.6e+02s
2020-07-27 14:11:49,264 - root - INFO - #3 MAX:accuracy.mean: 0.33
2020-07-27 14:11:49,303 - root - DEBUG - Sampled weight [ 1.09383547 -0.7219467   1.86720253 -0.52485762  0.71773272]
2020-07-27 14:11:50,338 - root - DEBUG - Updating hall of fame
2020-07-27 14:11:51,777 - root - INFO - Completed generation 4; 2.5s elapsed, 2.8s avg, 1.1e+01s total. Expected time remaining: 5.4e+02s
2020-07-27 14:11:51,827 - root - INFO - #4 MAX:accuracy.mean: 0.36
2020-07-27 14:11:51,866 - root - DEBUG - Sampled weight [-0.68381125  0.67485935  1.07726262 -1.26444234  0.80914567]
2020-07-27 14:11:52,905 - root - DEBUG - Updating hall of fame
2020-07-27 14:11:54,548 - root - INFO - Completed generation 5; 2.7s elapsed, 2.8s avg, 1.4e+01s total. Expected time remaining: 5.4e+02s
2020-07-27 14:11:54,598 - root - INFO - #5 MAX:accuracy.mean: 0.53
2020-07-27 14:11:54,638 - root - DEBUG - Sampled weight [-1.78297665 -1.84217171 -0.28437407 -0.29870896  0.65676975]
2020-07-27 14:11:55,683 - root - DEBUG - Updating hall of fame
2020-07-27 14:11:57,487 - root - INFO - Completed generation 6; 2.9s elapsed, 2.8s avg, 1.7e+01s total. Expected time remaining: 5.4e+02s
2020-07-27 14:11:57,536 - root - INFO - #6 MAX:accuracy.mean: 0.45
2020-07-27 14:11:57,576 - root - DEBUG - Sampled weight [-1.9064046  -0.42309742  1.08013415 -0.50900864  0.04147918]
2020-07-27 14:11:58,627 - root - DEBUG - Updating hall of fame
2020-07-27 14:12:00,099 - root - INFO - Completed generation 7; 2.6s elapsed, 2.8s avg, 1.9e+01s total. Expected time remaining: 5.3e+02s
2020-07-27 14:12:00,149 - root - INFO - #7 MAX:accuracy.mean: 0.47
2020-07-27 14:12:00,190 - root - DEBUG - Sampled weight [-1.93184457 -0.02680523 -0.42080023 -0.67555903  0.30961357]
2020-07-27 14:12:01,236 - root - DEBUG - Updating hall of fame
2020-07-27 14:12:02,908 - root - INFO - Completed generation 8; 2.8s elapsed, 2.8s avg, 2.2e+01s total. Expected time remaining: 5.3e+02s
2020-07-27 14:12:02,958 - root - INFO - #8 MAX:accuracy.mean: 0.49
2020-07-27 14:12:02,998 - root - DEBUG - Sampled weight [ 0.54579922 -1.62346134  0.19887218 -0.25266046 -0.97903243]
2020-07-27 14:12:04,046 - root - DEBUG - Updating hall of fame
2020-07-27 14:12:05,336 - root - INFO - Completed generation 9; 2.4s elapsed, 2.7s avg, 2.4e+01s total. Expected time remaining: 5.2e+02s
2020-07-27 14:12:05,386 - root - INFO - #9 MAX:accuracy.mean: 0.55
2020-07-27 14:12:05,425 - root - DEBUG - Sampled weight [-0.30864405  0.55919634  0.08168964  0.58549884 -0.19617171]
2020-07-27 14:12:06,481 - root - DEBUG - Updating hall of fame
2020-07-27 14:12:07,949 - root - INFO - Completed generation 10; 2.6s elapsed, 2.7s avg, 2.7e+01s total. Expected time remaining: 5.1e+02s
2020-07-27 14:12:08,000 - root - INFO - #10 MAX:accuracy.mean: 0.64
2020-07-27 14:12:08,076 - root - DEBUG - Sampled weight [-0.20362129 -0.91888155 -0.98537521  0.21211437  0.68482818]
2020-07-27 14:12:09,122 - root - DEBUG - Updating hall of fame
2020-07-27 14:12:10,949 - root - INFO - Completed generation 11; 2.9s elapsed, 2.7s avg, 3e+01s total. Expected time remaining: 5.1e+02s
2020-07-27 14:12:10,999 - root - INFO - #11 MAX:accuracy.mean: 0.64
2020-07-27 14:12:11,039 - root - DEBUG - Sampled weight [ 0.94269499 -1.0081839   1.59396624 -1.90044888 -0.45084112]
2020-07-27 14:12:12,096 - root - DEBUG - Updating hall of fame
2020-07-27 14:12:13,375 - root - INFO - Completed generation 12; 2.4s elapsed, 2.7s avg, 3.2e+01s total. Expected time remaining: 5.1e+02s
2020-07-27 14:12:13,426 - root - INFO - #12 MAX:accuracy.mean: 0.63
2020-07-27 14:12:13,467 - root - DEBUG - Sampled weight [-1.02960932 -0.7010004   1.98120199  0.61233603  0.28165542]
2020-07-27 14:12:14,517 - root - DEBUG - Updating hall of fame
2020-07-27 14:12:14,903 - root - INFO - Completed generation 13; 1.5s elapsed, 2.6s avg, 3.4e+01s total. Expected time remaining: 4.9e+02s
2020-07-27 14:12:14,953 - root - INFO - #13 MAX:accuracy.mean: 0.65
2020-07-27 14:12:14,993 - root - DEBUG - Sampled weight [-1.21687237  0.54208942 -0.35453437  1.49685607 -0.9287612 ]
2020-07-27 14:12:16,052 - root - DEBUG - Updating hall of fame
2020-07-27 14:12:17,152 - root - INFO - Completed generation 14; 2.2s elapsed, 2.6s avg, 3.6e+01s total. Expected time remaining: 4.8e+02s
2020-07-27 14:12:17,203 - root - INFO - #14 MAX:accuracy.mean: 0.65
2020-07-27 14:12:17,243 - root - DEBUG - Sampled weight [ 1.2181817   1.98194549 -1.64939867  1.20128045 -0.23309141]
2020-07-27 14:12:18,299 - root - DEBUG - Updating hall of fame
2020-07-27 14:12:19,029 - root - INFO - Completed generation 15; 1.8s elapsed, 2.5s avg, 3.8e+01s total. Expected time remaining: 4.7e+02s
2020-07-27 14:12:19,079 - root - INFO - #15 MAX:accuracy.mean: 0.55
2020-07-27 14:12:19,119 - root - DEBUG - Sampled weight [ 0.34077819 -1.80402797 -1.09147236 -0.4299617  -1.57028557]
2020-07-27 14:12:20,168 - root - DEBUG - Updating hall of fame
2020-07-27 14:12:20,712 - root - INFO - Completed generation 16; 1.6s elapsed, 2.5s avg, 3.9e+01s total. Expected time remaining: 4.5e+02s
2020-07-27 14:12:20,761 - root - INFO - #16 MAX:accuracy.mean: 0.62
2020-07-27 14:12:20,802 - root - DEBUG - Sampled weight [-0.09403018 -0.04844581 -0.3738447  -0.99192068 -0.18383825]
2020-07-27 14:12:21,855 - root - DEBUG - Updating hall of fame
2020-07-27 14:12:22,582 - root - INFO - Completed generation 17; 1.8s elapsed, 2.4s avg, 4.1e+01s total. Expected time remaining: 4.4e+02s
2020-07-27 14:12:22,632 - root - INFO - #17 MAX:accuracy.mean: 0.57
2020-07-27 14:12:22,672 - root - DEBUG - Sampled weight [ 0.49877035  1.42083349  0.40895213 -0.2159701  -0.07529575]
2020-07-27 14:12:23,722 - root - DEBUG - Updating hall of fame
2020-07-27 14:12:24,632 - root - INFO - Completed generation 18; 2.0s elapsed, 2.4s avg, 4.3e+01s total. Expected time remaining: 4.4e+02s
2020-07-27 14:12:24,682 - root - INFO - #18 MAX:accuracy.mean: 0.65
2020-07-27 14:12:24,722 - root - DEBUG - Sampled weight [ 1.23519528 -1.68813439  1.52295632  0.14445959  0.57967343]
2020-07-27 14:12:25,776 - root - DEBUG - Updating hall of fame
2020-07-27 14:12:27,054 - root - INFO - Completed generation 19; 2.4s elapsed, 2.4s avg, 4.6e+01s total. Expected time remaining: 4.3e+02s
2020-07-27 14:12:27,104 - root - INFO - #19 MAX:accuracy.mean: 0.58
2020-07-27 14:12:27,144 - root - DEBUG - Sampled weight [ 1.44834871 -1.11350923 -1.58727209 -1.01251896 -1.09087247]
2020-07-27 14:12:28,199 - root - DEBUG - Updating hall of fame
2020-07-27 14:12:28,925 - root - INFO - Completed generation 20; 1.8s elapsed, 2.4s avg, 4.7e+01s total. Expected time remaining: 4.3e+02s
2020-07-27 14:12:28,975 - root - INFO - #20 MAX:accuracy.mean: 0.63
2020-07-27 14:12:29,051 - root - DEBUG - Sampled weight [-0.52017556  1.26015614 -0.95517258 -1.79575514 -1.02781621]
2020-07-27 14:12:30,112 - root - DEBUG - Updating hall of fame
2020-07-27 14:12:30,299 - root - INFO - Completed generation 21; 1.3s elapsed, 2.3s avg, 4.9e+01s total. Expected time remaining: 4.1e+02s
2020-07-27 14:12:30,349 - root - INFO - #21 MAX:accuracy.mean: 0.63
2020-07-27 14:12:30,388 - root - DEBUG - Sampled weight [-0.48333168  1.32981329  0.4094251  -0.38513297 -1.41614345]
2020-07-27 14:12:31,446 - root - DEBUG - Updating hall of fame
2020-07-27 14:12:31,999 - root - INFO - Completed generation 22; 1.7s elapsed, 2.3s avg, 5e+01s total. Expected time remaining: 4.1e+02s
2020-07-27 14:12:32,049 - root - INFO - #22 MAX:accuracy.mean: 0.71
2020-07-27 14:12:32,089 - root - DEBUG - Sampled weight [ 1.08532107  1.27740589 -0.17039508  0.99069217 -0.85371169]
2020-07-27 14:12:33,138 - root - DEBUG - Updating hall of fame
2020-07-27 14:12:34,238 - root - INFO - Completed generation 23; 2.2s elapsed, 2.3s avg, 5.3e+01s total. Expected time remaining: 4e+02s
2020-07-27 14:12:34,288 - root - INFO - #23 MAX:accuracy.mean: 0.57
2020-07-27 14:12:34,328 - root - DEBUG - Sampled weight [ 1.46885659 -1.82190679 -1.492287   -0.15707051 -1.43936521]
2020-07-27 14:12:35,382 - root - DEBUG - Updating hall of fame
2020-07-27 14:12:35,575 - root - INFO - Completed generation 24; 1.3s elapsed, 2.2s avg, 5.4e+01s total. Expected time remaining: 3.9e+02s
2020-07-27 14:12:35,625 - root - INFO - #24 MAX:accuracy.mean: 0.56
2020-07-27 14:12:35,664 - root - DEBUG - Sampled weight [ 1.55858633 -1.48748405  0.0384675  -0.07925709 -1.10087786]
2020-07-27 14:12:36,715 - root - DEBUG - Updating hall of fame
2020-07-27 14:12:36,907 - root - INFO - Completed generation 25; 1.3s elapsed, 2.2s avg, 5.5e+01s total. Expected time remaining: 3.9e+02s
2020-07-27 14:12:36,957 - root - INFO - #25 MAX:accuracy.mean: 0.55
2020-07-27 14:12:36,997 - root - DEBUG - Sampled weight [-1.3163343   1.2718747   1.68653701  0.91709487  0.95398801]
2020-07-27 14:12:38,053 - root - DEBUG - Updating hall of fame
2020-07-27 14:12:38,246 - root - INFO - Completed generation 26; 1.3s elapsed, 2.2s avg, 5.6e+01s total. Expected time remaining: 3.8e+02s
2020-07-27 14:12:38,295 - root - INFO - #26 MAX:accuracy.mean: 0.61
2020-07-27 14:12:38,336 - root - DEBUG - Sampled weight [-0.13024867 -1.11569156  0.4192917  -1.17301617  1.72290314]
2020-07-27 14:12:39,385 - root - DEBUG - Updating hall of fame
2020-07-27 14:12:39,943 - root - INFO - Completed generation 27; 1.6s elapsed, 2.1s avg, 5.8e+01s total. Expected time remaining: 3.7e+02s
2020-07-27 14:12:39,993 - root - INFO - #27 MAX:accuracy.mean: 0.59
2020-07-27 14:12:40,033 - root - DEBUG - Sampled weight [ 0.79086597  0.16597517 -1.8197609   0.32375935  0.02544379]
2020-07-27 14:12:41,084 - root - DEBUG - Updating hall of fame
2020-07-27 14:12:42,010 - root - INFO - Completed generation 28; 2.0s elapsed, 2.1s avg, 6e+01s total. Expected time remaining: 3.7e+02s
2020-07-27 14:12:42,060 - root - INFO - #28 MAX:accuracy.mean: 0.59
2020-07-27 14:12:42,100 - root - DEBUG - Sampled weight [ 1.38705248 -0.26193142  0.09620265  0.47266137  1.32317868]
2020-07-27 14:12:43,150 - root - DEBUG - Updating hall of fame
2020-07-27 14:12:43,341 - root - INFO - Completed generation 29; 1.3s elapsed, 2.1s avg, 6.1e+01s total. Expected time remaining: 3.6e+02s
2020-07-27 14:12:43,391 - root - INFO - #29 MAX:accuracy.mean: 0.69
2020-07-27 14:12:43,431 - root - DEBUG - Sampled weight [-1.62927547  0.6045345  -1.62271837 -0.90236064  0.40994848]
2020-07-27 14:12:44,479 - root - DEBUG - Updating hall of fame
2020-07-27 14:12:45,754 - root - INFO - Completed generation 30; 2.4s elapsed, 2.1s avg, 6.4e+01s total. Expected time remaining: 3.6e+02s
2020-07-27 14:12:45,804 - root - INFO - #30 MAX:accuracy.mean: 0.68
2020-07-27 14:12:45,900 - root - DEBUG - Sampled weight [-1.77090959 -1.41057761 -1.41616782  1.32429998 -0.19490786]
2020-07-27 14:12:46,960 - root - DEBUG - Updating hall of fame
2020-07-27 14:12:47,894 - root - INFO - Completed generation 31; 2.0s elapsed, 2.1s avg, 6.6e+01s total. Expected time remaining: 3.6e+02s
2020-07-27 14:12:47,945 - root - INFO - #31 MAX:accuracy.mean: 0.58
2020-07-27 14:12:47,986 - root - DEBUG - Sampled weight [1.16451127 0.50752322 1.83101496 1.94562652 1.39367239]
2020-07-27 14:12:49,043 - root - DEBUG - Updating hall of fame
2020-07-27 14:12:49,423 - root - INFO - Completed generation 32; 1.5s elapsed, 2.1s avg, 6.7e+01s total. Expected time remaining: 3.5e+02s
2020-07-27 14:12:49,472 - root - INFO - #32 MAX:accuracy.mean: 0.63
2020-07-27 14:12:49,513 - root - DEBUG - Sampled weight [ 1.11992405  0.56851351 -0.05825449 -1.25870829 -0.4701873 ]
2020-07-27 14:12:50,563 - root - DEBUG - Updating hall of fame
2020-07-27 14:12:51,485 - root - INFO - Completed generation 33; 2.0s elapsed, 2.1s avg, 6.9e+01s total. Expected time remaining: 3.5e+02s
2020-07-27 14:12:51,535 - root - INFO - #33 MAX:accuracy.mean: 0.66
2020-07-27 14:12:51,574 - root - DEBUG - Sampled weight [ 0.43728517  1.87262376 -1.93054464  1.68007227  0.26110098]
2020-07-27 14:12:52,629 - root - DEBUG - Updating hall of fame
2020-07-27 14:12:53,733 - root - INFO - Completed generation 34; 2.2s elapsed, 2.1s avg, 7.1e+01s total. Expected time remaining: 3.5e+02s
2020-07-27 14:12:53,782 - root - INFO - #34 MAX:accuracy.mean: 0.6
2020-07-27 14:12:53,822 - root - DEBUG - Sampled weight [ 1.22523676 -1.71496383 -0.25922582  0.67981482  1.80848626]
2020-07-27 14:12:54,875 - root - DEBUG - Updating hall of fame
2020-07-27 14:12:55,627 - root - INFO - Completed generation 35; 1.8s elapsed, 2.1s avg, 7.3e+01s total. Expected time remaining: 3.5e+02s
2020-07-27 14:12:55,677 - root - INFO - #35 MAX:accuracy.mean: 0.59
2020-07-27 14:12:55,717 - root - DEBUG - Sampled weight [-1.88695581  1.23345375 -0.6501309  -1.83915574 -0.61755316]
2020-07-27 14:12:56,775 - root - DEBUG - Updating hall of fame
2020-07-27 14:12:57,894 - root - INFO - Completed generation 36; 2.2s elapsed, 2.1s avg, 7.5e+01s total. Expected time remaining: 3.4e+02s
2020-07-27 14:12:57,945 - root - INFO - #36 MAX:accuracy.mean: 0.64
2020-07-27 14:12:57,985 - root - DEBUG - Sampled weight [1.15090083 1.92926932 1.0425321  1.8409228  0.77771446]
2020-07-27 14:12:59,034 - root - DEBUG - Updating hall of fame
2020-07-27 14:12:59,783 - root - INFO - Completed generation 37; 1.8s elapsed, 2.1s avg, 7.7e+01s total. Expected time remaining: 3.4e+02s
2020-07-27 14:12:59,833 - root - INFO - #37 MAX:accuracy.mean: 0.62
2020-07-27 14:12:59,873 - root - DEBUG - Sampled weight [-1.64038404  1.18771216  1.51793556 -1.96783698 -1.49897997]
2020-07-27 14:13:00,924 - root - DEBUG - Updating hall of fame
2020-07-27 14:13:01,313 - root - INFO - Completed generation 38; 1.5s elapsed, 2.1s avg, 7.9e+01s total. Expected time remaining: 3.4e+02s
2020-07-27 14:13:01,363 - root - INFO - #38 MAX:accuracy.mean: 0.59
2020-07-27 14:13:01,402 - root - DEBUG - Sampled weight [-1.26391615 -0.66818573  0.41507739 -0.86597296 -0.53733847]
2020-07-27 14:13:02,494 - root - DEBUG - Updating hall of fame
2020-07-27 14:13:03,063 - root - INFO - Completed generation 39; 1.7s elapsed, 2.1s avg, 8e+01s total. Expected time remaining: 3.3e+02s
2020-07-27 14:13:03,113 - root - INFO - #39 MAX:accuracy.mean: 0.7
2020-07-27 14:13:03,152 - root - DEBUG - Sampled weight [ 1.35923466 -1.10747218 -0.34192301 -1.96908667 -1.23990235]
2020-07-27 14:13:04,202 - root - DEBUG - Updating hall of fame
2020-07-27 14:13:05,496 - root - INFO - Completed generation 40; 2.4s elapsed, 2.1s avg, 8.3e+01s total. Expected time remaining: 3.3e+02s
2020-07-27 14:13:05,546 - root - INFO - #40 MAX:accuracy.mean: 0.61
2020-07-27 14:13:05,626 - root - DEBUG - Sampled weight [-0.01543824 -0.72586795  0.18180884 -0.48246088 -1.73566395]
2020-07-27 14:13:06,684 - root - DEBUG - Updating hall of fame
2020-07-27 14:13:07,616 - root - INFO - Completed generation 41; 2.0s elapsed, 2.1s avg, 8.5e+01s total. Expected time remaining: 3.3e+02s
2020-07-27 14:13:07,775 - root - INFO - #41 MAX:accuracy.mean: 0.59
2020-07-27 14:13:07,815 - root - DEBUG - Sampled weight [ 0.14040483  1.28856946  0.49587527 -0.01138518 -1.22362383]
2020-07-27 14:13:08,869 - root - DEBUG - Updating hall of fame
2020-07-27 14:13:09,978 - root - INFO - Completed generation 42; 2.2s elapsed, 2.1s avg, 8.7e+01s total. Expected time remaining: 3.3e+02s
2020-07-27 14:13:10,028 - root - INFO - #42 MAX:accuracy.mean: 0.58
2020-07-27 14:13:10,068 - root - DEBUG - Sampled weight [ 0.43669355 -1.65859428  0.97109576 -0.66596412 -1.29424681]
2020-07-27 14:13:11,123 - root - DEBUG - Updating hall of fame
2020-07-27 14:13:12,231 - root - INFO - Completed generation 43; 2.2s elapsed, 2.1s avg, 8.9e+01s total. Expected time remaining: 3.3e+02s
2020-07-27 14:13:12,281 - root - INFO - #43 MAX:accuracy.mean: 0.63
2020-07-27 14:13:12,322 - root - DEBUG - Sampled weight [-0.61994319 -0.99044057  0.92611369 -1.21274061 -1.6600064 ]
2020-07-27 14:13:13,376 - root - DEBUG - Updating hall of fame
2020-07-27 14:13:14,127 - root - INFO - Completed generation 44; 1.8s elapsed, 2.1s avg, 9.1e+01s total. Expected time remaining: 3.2e+02s
2020-07-27 14:13:14,177 - root - INFO - #44 MAX:accuracy.mean: 0.67
2020-07-27 14:13:14,217 - root - DEBUG - Sampled weight [-1.20730996  0.28364147  1.26053969  1.57679664  0.35452322]
2020-07-27 14:13:15,273 - root - DEBUG - Updating hall of fame
2020-07-27 14:13:15,834 - root - INFO - Completed generation 45; 1.7s elapsed, 2.1s avg, 9.3e+01s total. Expected time remaining: 3.2e+02s
2020-07-27 14:13:15,884 - root - INFO - #45 MAX:accuracy.mean: 0.6
2020-07-27 14:13:15,924 - root - DEBUG - Sampled weight [ 1.63549366 -0.50591242  0.21159895 -1.25221818 -0.43163213]
2020-07-27 14:13:16,987 - root - DEBUG - Updating hall of fame
2020-07-27 14:13:17,726 - root - INFO - Completed generation 46; 1.8s elapsed, 2.1s avg, 9.5e+01s total. Expected time remaining: 3.2e+02s
2020-07-27 14:13:17,776 - root - INFO - #46 MAX:accuracy.mean: 0.69
2020-07-27 14:13:17,817 - root - DEBUG - Sampled weight [ 1.06151828  1.55689464 -0.18587104  1.94991426 -0.37846941]
2020-07-27 14:13:18,877 - root - DEBUG - Updating hall of fame
2020-07-27 14:13:19,979 - root - INFO - Completed generation 47; 2.2s elapsed, 2.1s avg, 9.7e+01s total. Expected time remaining: 3.2e+02s
2020-07-27 14:13:20,029 - root - INFO - #47 MAX:accuracy.mean: 0.57
2020-07-27 14:13:20,069 - root - DEBUG - Sampled weight [1.97128101 1.24304631 0.38062796 1.22924975 0.16499246]
2020-07-27 14:13:21,126 - root - DEBUG - Updating hall of fame
2020-07-27 14:13:21,313 - root - INFO - Completed generation 48; 1.3s elapsed, 2.0s avg, 9.8e+01s total. Expected time remaining: 3.1e+02s
2020-07-27 14:13:21,363 - root - INFO - #48 MAX:accuracy.mean: 0.61
2020-07-27 14:13:21,404 - root - DEBUG - Sampled weight [-1.10026456 -1.0695355  -0.91734998 -0.90267745 -0.45747729]
2020-07-27 14:13:22,469 - root - DEBUG - Updating hall of fame
2020-07-27 14:13:23,209 - root - INFO - Completed generation 49; 1.8s elapsed, 2.0s avg, 1e+02s total. Expected time remaining: 3.1e+02s
2020-07-27 14:13:23,259 - root - INFO - #49 MAX:accuracy.mean: 0.66
2020-07-27 14:13:23,299 - root - DEBUG - Sampled weight [-1.01108375  0.70828369 -0.38839163  1.16615883 -0.99574343]
2020-07-27 14:13:24,353 - root - DEBUG - Updating hall of fame
2020-07-27 14:13:25,274 - root - INFO - Completed generation 50; 2.0s elapsed, 2.0s avg, 1e+02s total. Expected time remaining: 3.1e+02s
2020-07-27 14:13:25,324 - root - INFO - #50 MAX:accuracy.mean: 0.71
2020-07-27 14:13:25,444 - root - DEBUG - Sampled weight [-1.62871364  0.95835796  0.37375526  1.68214364 -1.51516106]
2020-07-27 14:13:26,506 - root - DEBUG - Updating hall of fame
2020-07-27 14:13:27,416 - root - INFO - Completed generation 51; 2.0s elapsed, 2.0s avg, 1e+02s total. Expected time remaining: 3e+02s
2020-07-27 14:13:27,466 - root - INFO - #51 MAX:accuracy.mean: 0.61
2020-07-27 14:13:27,505 - root - DEBUG - Sampled weight [ 1.16056324  1.56238228 -1.29952251 -1.60478369  1.89128525]
2020-07-27 14:13:28,562 - root - DEBUG - Updating hall of fame
2020-07-27 14:13:29,114 - root - INFO - Completed generation 52; 1.6s elapsed, 2.0s avg, 1.1e+02s total. Expected time remaining: 3e+02s
2020-07-27 14:13:29,164 - root - INFO - #52 MAX:accuracy.mean: 0.56
2020-07-27 14:13:29,204 - root - DEBUG - Sampled weight [ 1.58124321  0.17463701  0.06705789 -0.44864217 -0.21908445]
2020-07-27 14:13:30,257 - root - DEBUG - Updating hall of fame
2020-07-27 14:13:30,804 - root - INFO - Completed generation 53; 1.6s elapsed, 2.0s avg, 1.1e+02s total. Expected time remaining: 3e+02s
2020-07-27 14:13:30,853 - root - INFO - #53 MAX:accuracy.mean: 0.6
2020-07-27 14:13:30,893 - root - DEBUG - Sampled weight [ 1.89667268 -1.59239063  0.45594392 -0.14712646 -0.32744169]
2020-07-27 14:13:31,956 - root - DEBUG - Updating hall of fame
2020-07-27 14:13:33,061 - root - INFO - Completed generation 54; 2.2s elapsed, 2.0s avg, 1.1e+02s total. Expected time remaining: 3e+02s
2020-07-27 14:13:33,111 - root - INFO - #54 MAX:accuracy.mean: 0.6
2020-07-27 14:13:33,151 - root - DEBUG - Sampled weight [0.74223024 0.98019653 0.67979706 1.13887301 1.74150037]
2020-07-27 14:13:34,208 - root - DEBUG - Updating hall of fame
2020-07-27 14:13:34,936 - root - INFO - Completed generation 55; 1.8s elapsed, 2.0s avg, 1.1e+02s total. Expected time remaining: 2.9e+02s
2020-07-27 14:13:34,986 - root - INFO - #55 MAX:accuracy.mean: 0.61
2020-07-27 14:13:35,026 - root - DEBUG - Sampled weight [ 0.85802725  1.92973445  1.14322766 -0.71517064 -1.66484103]
2020-07-27 14:13:36,082 - root - DEBUG - Updating hall of fame
2020-07-27 14:13:36,634 - root - INFO - Completed generation 56; 1.6s elapsed, 2.0s avg, 1.1e+02s total. Expected time remaining: 2.9e+02s
2020-07-27 14:13:36,684 - root - INFO - #56 MAX:accuracy.mean: 0.56
2020-07-27 14:13:36,723 - root - DEBUG - Sampled weight [-1.74076894  0.68150168 -0.25987527 -0.22926951  1.78286883]
2020-07-27 14:13:37,781 - root - DEBUG - Updating hall of fame
2020-07-27 14:13:38,330 - root - INFO - Completed generation 57; 1.6s elapsed, 2.0s avg, 1.1e+02s total. Expected time remaining: 2.9e+02s
2020-07-27 14:13:38,380 - root - INFO - #57 MAX:accuracy.mean: 0.56
2020-07-27 14:13:38,420 - root - DEBUG - Sampled weight [-1.72398325 -1.64935852 -0.98548339  1.70054328 -1.98865503]
2020-07-27 14:13:39,471 - root - DEBUG - Updating hall of fame
2020-07-27 14:13:40,017 - root - INFO - Completed generation 58; 1.6s elapsed, 2.0s avg, 1.2e+02s total. Expected time remaining: 2.8e+02s
2020-07-27 14:13:40,067 - root - INFO - #58 MAX:accuracy.mean: 0.57
2020-07-27 14:13:40,107 - root - DEBUG - Sampled weight [-0.27839881  1.69966263 -0.91917204  0.6109696  -1.98883576]
2020-07-27 14:13:41,162 - root - DEBUG - Updating hall of fame
2020-07-27 14:13:41,531 - root - INFO - Completed generation 59; 1.5s elapsed, 2.0s avg, 1.2e+02s total. Expected time remaining: 2.8e+02s
2020-07-27 14:13:41,581 - root - INFO - #59 MAX:accuracy.mean: 0.57
2020-07-27 14:13:41,620 - root - DEBUG - Sampled weight [-0.31411899 -1.49005684  1.15097264 -1.42804889 -1.52674356]
2020-07-27 14:13:42,680 - root - DEBUG - Updating hall of fame
2020-07-27 14:13:43,231 - root - INFO - Completed generation 60; 1.7s elapsed, 2.0s avg, 1.2e+02s total. Expected time remaining: 2.8e+02s
2020-07-27 14:13:43,281 - root - INFO - #60 MAX:accuracy.mean: 0.58
2020-07-27 14:13:43,383 - root - DEBUG - Sampled weight [ 1.70530568  0.30333478 -0.60645015  0.66958994  0.62217006]
2020-07-27 14:13:44,444 - root - DEBUG - Updating hall of fame
2020-07-27 14:13:44,812 - root - INFO - Completed generation 61; 1.5s elapsed, 2.0s avg, 1.2e+02s total. Expected time remaining: 2.8e+02s
2020-07-27 14:13:44,862 - root - INFO - #61 MAX:accuracy.mean: 0.73
2020-07-27 14:13:44,902 - root - DEBUG - Sampled weight [-1.09423283 -1.55502309 -0.77794961 -1.78683149  0.10784388]
2020-07-27 14:13:45,958 - root - DEBUG - Updating hall of fame
2020-07-27 14:13:46,512 - root - INFO - Completed generation 62; 1.6s elapsed, 2.0s avg, 1.2e+02s total. Expected time remaining: 2.7e+02s
2020-07-27 14:13:46,562 - root - INFO - #62 MAX:accuracy.mean: 0.56
2020-07-27 14:13:46,602 - root - DEBUG - Sampled weight [ 0.92107585 -1.70549308  1.96208073  0.82004951 -1.22206035]
2020-07-27 14:13:47,661 - root - DEBUG - Updating hall of fame
2020-07-27 14:13:48,029 - root - INFO - Completed generation 63; 1.5s elapsed, 2.0s avg, 1.2e+02s total. Expected time remaining: 2.7e+02s
2020-07-27 14:13:48,079 - root - INFO - #63 MAX:accuracy.mean: 0.56
2020-07-27 14:13:48,119 - root - DEBUG - Sampled weight [-1.6924632   0.91759901 -1.04528213  1.05973313 -1.64107063]
2020-07-27 14:13:49,185 - root - DEBUG - Updating hall of fame
2020-07-27 14:13:49,559 - root - INFO - Completed generation 64; 1.5s elapsed, 2.0s avg, 1.3e+02s total. Expected time remaining: 2.7e+02s
2020-07-27 14:13:49,609 - root - INFO - #64 MAX:accuracy.mean: 0.59
2020-07-27 14:13:49,649 - root - DEBUG - Sampled weight [-0.0192321  -1.99166825  1.77662498 -1.57490453 -1.94830718]
2020-07-27 14:13:50,712 - root - DEBUG - Updating hall of fame
2020-07-27 14:13:51,084 - root - INFO - Completed generation 65; 1.5s elapsed, 2.0s avg, 1.3e+02s total. Expected time remaining: 2.6e+02s
2020-07-27 14:13:51,134 - root - INFO - #65 MAX:accuracy.mean: 0.56
2020-07-27 14:13:51,173 - root - DEBUG - Sampled weight [-0.73959033  0.08072535  1.59313333 -1.67118925 -0.93023108]
2020-07-27 14:13:52,236 - root - DEBUG - Updating hall of fame
2020-07-27 14:13:52,420 - root - INFO - Completed generation 66; 1.3s elapsed, 1.9s avg, 1.3e+02s total. Expected time remaining: 2.6e+02s
2020-07-27 14:13:52,470 - root - INFO - #66 MAX:accuracy.mean: 0.57
2020-07-27 14:13:52,511 - root - DEBUG - Sampled weight [-0.06029229  0.76557422  0.17947432 -1.04060057 -0.222218  ]
2020-07-27 14:13:53,569 - root - DEBUG - Updating hall of fame
2020-07-27 14:13:54,120 - root - INFO - Completed generation 67; 1.6s elapsed, 1.9s avg, 1.3e+02s total. Expected time remaining: 2.6e+02s
2020-07-27 14:13:54,170 - root - INFO - #67 MAX:accuracy.mean: 0.62
2020-07-27 14:13:54,211 - root - DEBUG - Sampled weight [-1.00311255 -0.03264515 -1.09689754  1.39810009  0.17302213]
2020-07-27 14:13:55,264 - root - DEBUG - Updating hall of fame
2020-07-27 14:13:55,814 - root - INFO - Completed generation 68; 1.6s elapsed, 1.9s avg, 1.3e+02s total. Expected time remaining: 2.6e+02s
2020-07-27 14:13:55,864 - root - INFO - #68 MAX:accuracy.mean: 0.55
2020-07-27 14:13:55,904 - root - DEBUG - Sampled weight [-1.55901909  0.41902885 -0.46667616 -0.18420509  0.05601141]
2020-07-27 14:13:56,962 - root - DEBUG - Updating hall of fame
2020-07-27 14:13:56,962 - root - INFO - Completed generation 69; 1.1s elapsed, 1.9s avg, 1.3e+02s total. Expected time remaining: 2.5e+02s
2020-07-27 14:13:57,012 - root - INFO - #69 MAX:accuracy.mean: 0.59
2020-07-27 14:13:57,053 - root - DEBUG - Sampled weight [ 1.1543892  -1.22900634  1.64025667 -1.36794745 -0.82766741]
2020-07-27 14:13:58,107 - root - DEBUG - Updating hall of fame
2020-07-27 14:13:58,836 - root - INFO - Completed generation 70; 1.8s elapsed, 1.9s avg, 1.3e+02s total. Expected time remaining: 2.5e+02s
2020-07-27 14:13:58,886 - root - INFO - #70 MAX:accuracy.mean: 0.6
2020-07-27 14:13:58,967 - root - DEBUG - Sampled weight [ 0.50682852 -0.5000635   1.21647821 -1.75263859  1.86542083]
2020-07-27 14:14:00,018 - root - DEBUG - Updating hall of fame
2020-07-27 14:14:00,018 - root - INFO - Completed generation 71; 1.1s elapsed, 1.9s avg, 1.4e+02s total. Expected time remaining: 2.5e+02s
2020-07-27 14:14:00,068 - root - INFO - #71 MAX:accuracy.mean: 0.67
2020-07-27 14:14:00,109 - root - DEBUG - Sampled weight [ 0.74742412  0.17794814 -0.31360616 -1.69908356  1.23518367]
2020-07-27 14:14:01,162 - root - DEBUG - Updating hall of fame
2020-07-27 14:14:02,092 - root - INFO - Completed generation 72; 2.0s elapsed, 1.9s avg, 1.4e+02s total. Expected time remaining: 2.4e+02s
2020-07-27 14:14:02,142 - root - INFO - #72 MAX:accuracy.mean: 0.6
2020-07-27 14:14:02,182 - root - DEBUG - Sampled weight [-1.5036956   1.24158205  1.92107736 -1.55043975 -1.81324117]
2020-07-27 14:14:03,240 - root - DEBUG - Updating hall of fame
2020-07-27 14:14:03,615 - root - INFO - Completed generation 73; 1.5s elapsed, 1.9s avg, 1.4e+02s total. Expected time remaining: 2.4e+02s
2020-07-27 14:14:03,667 - root - INFO - #73 MAX:accuracy.mean: 0.55
2020-07-27 14:14:03,709 - root - DEBUG - Sampled weight [ 0.45259514 -1.99351151  0.937904    1.81094267 -1.88062502]
2020-07-27 14:14:04,825 - root - DEBUG - Updating hall of fame
2020-07-27 14:14:04,826 - root - INFO - Completed generation 74; 1.2s elapsed, 1.9s avg, 1.4e+02s total. Expected time remaining: 2.4e+02s
2020-07-27 14:14:04,878 - root - INFO - #74 MAX:accuracy.mean: 0.61
2020-07-27 14:14:04,921 - root - DEBUG - Sampled weight [ 0.51987114 -0.86253526 -0.71795783  1.52642898 -1.476846  ]
2020-07-27 14:14:06,038 - root - DEBUG - Updating hall of fame
2020-07-27 14:14:06,594 - root - INFO - Completed generation 75; 1.7s elapsed, 1.9s avg, 1.4e+02s total. Expected time remaining: 2.4e+02s
2020-07-27 14:14:06,644 - root - INFO - #75 MAX:accuracy.mean: 0.68
2020-07-27 14:14:06,683 - root - DEBUG - Sampled weight [ 1.65744693 -0.09147599 -1.24429181  0.76964098 -0.04681251]
2020-07-27 14:14:07,743 - root - DEBUG - Updating hall of fame
2020-07-27 14:14:08,666 - root - INFO - Completed generation 76; 2.0s elapsed, 1.9s avg, 1.4e+02s total. Expected time remaining: 2.3e+02s
2020-07-27 14:14:08,717 - root - INFO - #76 MAX:accuracy.mean: 0.55
2020-07-27 14:14:08,756 - root - DEBUG - Sampled weight [ 0.87730002  0.13558173 -0.94394102  1.88344084  1.66644196]
2020-07-27 14:14:09,811 - root - DEBUG - Updating hall of fame
2020-07-27 14:14:09,812 - root - INFO - Completed generation 77; 1.1s elapsed, 1.9s avg, 1.4e+02s total. Expected time remaining: 2.3e+02s
2020-07-27 14:14:09,861 - root - INFO - #77 MAX:accuracy.mean: 0.56
2020-07-27 14:14:09,902 - root - DEBUG - Sampled weight [ 1.2105719   0.49721379 -0.27991641  0.00124195 -0.24086332]
2020-07-27 14:14:10,966 - root - DEBUG - Updating hall of fame
2020-07-27 14:14:11,894 - root - INFO - Completed generation 78; 2.0s elapsed, 1.9s avg, 1.5e+02s total. Expected time remaining: 2.3e+02s
2020-07-27 14:14:11,944 - root - INFO - #78 MAX:accuracy.mean: 0.63
2020-07-27 14:14:11,983 - root - DEBUG - Sampled weight [ 1.17624924  1.94504972  1.39574737 -1.11091489  1.94864233]
2020-07-27 14:14:13,039 - root - DEBUG - Updating hall of fame
2020-07-27 14:14:14,316 - root - INFO - Completed generation 79; 2.4s elapsed, 1.9s avg, 1.5e+02s total. Expected time remaining: 2.3e+02s
2020-07-27 14:14:14,365 - root - INFO - #79 MAX:accuracy.mean: 0.57
2020-07-27 14:14:14,406 - root - DEBUG - Sampled weight [ 0.96021317  1.02105536 -1.54992623  0.50848145  0.22819403]
2020-07-27 14:14:15,459 - root - DEBUG - Updating hall of fame
2020-07-27 14:14:15,825 - root - INFO - Completed generation 80; 1.5s elapsed, 1.9s avg, 1.5e+02s total. Expected time remaining: 2.3e+02s
2020-07-27 14:14:15,875 - root - INFO - #80 MAX:accuracy.mean: 0.64
2020-07-27 14:14:15,957 - root - DEBUG - Sampled weight [-1.54157036 -0.47919812 -0.67928972  1.67008508  1.69295673]
2020-07-27 14:14:17,018 - root - DEBUG - Updating hall of fame
2020-07-27 14:14:18,129 - root - INFO - Completed generation 81; 2.2s elapsed, 1.9s avg, 1.5e+02s total. Expected time remaining: 2.2e+02s
2020-07-27 14:14:18,179 - root - INFO - #81 MAX:accuracy.mean: 0.62
2020-07-27 14:14:18,219 - root - DEBUG - Sampled weight [-1.55919504  0.64181406  0.80162087  1.58925617  1.14907777]
2020-07-27 14:14:19,282 - root - DEBUG - Updating hall of fame
2020-07-27 14:14:20,206 - root - INFO - Completed generation 82; 2.0s elapsed, 1.9s avg, 1.6e+02s total. Expected time remaining: 2.2e+02s
2020-07-27 14:14:20,256 - root - INFO - #82 MAX:accuracy.mean: 0.6
2020-07-27 14:14:20,296 - root - DEBUG - Sampled weight [ 0.44590562  0.91952249  1.16968481  1.86789288 -1.17206877]
2020-07-27 14:14:21,356 - root - DEBUG - Updating hall of fame
2020-07-27 14:14:21,724 - root - INFO - Completed generation 83; 1.5s elapsed, 1.9s avg, 1.6e+02s total. Expected time remaining: 2.2e+02s
2020-07-27 14:14:21,773 - root - INFO - #83 MAX:accuracy.mean: 0.62
2020-07-27 14:14:21,814 - root - DEBUG - Sampled weight [-0.82255377 -1.61945048  0.83062037  1.1390417   1.06511652]
2020-07-27 14:14:22,888 - root - DEBUG - Updating hall of fame
2020-07-27 14:14:23,811 - root - INFO - Completed generation 84; 2.0s elapsed, 1.9s avg, 1.6e+02s total. Expected time remaining: 2.2e+02s
2020-07-27 14:14:23,861 - root - INFO - #84 MAX:accuracy.mean: 0.63
2020-07-27 14:14:23,901 - root - DEBUG - Sampled weight [-3.95519325e-01  7.94140850e-01 -2.50246177e-02  1.55167006e-04
  4.38917866e-01]
2020-07-27 14:14:24,966 - root - DEBUG - Updating hall of fame
2020-07-27 14:14:25,521 - root - INFO - Completed generation 85; 1.7s elapsed, 1.9s avg, 1.6e+02s total. Expected time remaining: 2.2e+02s
2020-07-27 14:14:25,571 - root - INFO - #85 MAX:accuracy.mean: 0.61
2020-07-27 14:14:25,611 - root - DEBUG - Sampled weight [ 0.11167931 -1.98545193  1.62473605  1.84082435  0.16656185]
2020-07-27 14:14:26,675 - root - DEBUG - Updating hall of fame
2020-07-27 14:14:27,410 - root - INFO - Completed generation 86; 1.8s elapsed, 1.9s avg, 1.6e+02s total. Expected time remaining: 2.1e+02s
2020-07-27 14:14:27,460 - root - INFO - #86 MAX:accuracy.mean: 0.55
2020-07-27 14:14:27,500 - root - DEBUG - Sampled weight [-1.2249653   1.12732986  0.18848314 -0.37967456  0.07134724]
2020-07-27 14:14:28,554 - root - DEBUG - Updating hall of fame
2020-07-27 14:14:28,918 - root - INFO - Completed generation 87; 1.5s elapsed, 1.9s avg, 1.6e+02s total. Expected time remaining: 2.1e+02s
2020-07-27 14:14:28,968 - root - INFO - #87 MAX:accuracy.mean: 0.58
2020-07-27 14:14:29,008 - root - DEBUG - Sampled weight [-1.55008439  1.99264264  0.09648061  0.56692575 -1.08967989]
2020-07-27 14:14:30,067 - root - DEBUG - Updating hall of fame
2020-07-27 14:14:30,800 - root - INFO - Completed generation 88; 1.8s elapsed, 1.9s avg, 1.7e+02s total. Expected time remaining: 2.1e+02s
2020-07-27 14:14:30,850 - root - INFO - #88 MAX:accuracy.mean: 0.62
2020-07-27 14:14:30,890 - root - DEBUG - Sampled weight [1.26816485 1.09674488 0.59930172 0.80435853 1.41281765]
2020-07-27 14:14:31,947 - root - DEBUG - Updating hall of fame
2020-07-27 14:14:32,133 - root - INFO - Completed generation 89; 1.3s elapsed, 1.9s avg, 1.7e+02s total. Expected time remaining: 2.1e+02s
2020-07-27 14:14:32,182 - root - INFO - #89 MAX:accuracy.mean: 0.65
2020-07-27 14:14:32,222 - root - DEBUG - Sampled weight [-1.44924696 -0.14654786 -0.49113413  1.19972433  0.92399342]
2020-07-27 14:14:33,337 - root - DEBUG - Updating hall of fame
2020-07-27 14:14:34,108 - root - INFO - Completed generation 90; 1.9s elapsed, 1.9s avg, 1.7e+02s total. Expected time remaining: 2.1e+02s
2020-07-27 14:14:34,158 - root - INFO - #90 MAX:accuracy.mean: 0.56
2020-07-27 14:14:34,286 - root - DEBUG - Sampled weight [ 1.16125909  0.29182743 -0.59467215 -1.54939116  1.73832845]
2020-07-27 14:14:35,345 - root - DEBUG - Updating hall of fame
2020-07-27 14:14:35,902 - root - INFO - Completed generation 91; 1.7s elapsed, 1.9s avg, 1.7e+02s total. Expected time remaining: 2e+02s
2020-07-27 14:14:35,952 - root - INFO - #91 MAX:accuracy.mean: 0.65
2020-07-27 14:14:35,992 - root - DEBUG - Sampled weight [-0.9837326   1.13012048 -1.25618654 -0.7064958   1.00268503]
2020-07-27 14:14:37,058 - root - DEBUG - Updating hall of fame
2020-07-27 14:14:37,427 - root - INFO - Completed generation 92; 1.5s elapsed, 1.9s avg, 1.7e+02s total. Expected time remaining: 2e+02s
2020-07-27 14:14:37,478 - root - INFO - #92 MAX:accuracy.mean: 0.62
2020-07-27 14:14:37,517 - root - DEBUG - Sampled weight [-1.62954801  1.12165705  0.83626451 -1.544267    1.5707199 ]
2020-07-27 14:14:38,575 - root - DEBUG - Updating hall of fame
2020-07-27 14:14:39,490 - root - INFO - Completed generation 93; 2.0s elapsed, 1.9s avg, 1.7e+02s total. Expected time remaining: 2e+02s
2020-07-27 14:14:39,540 - root - INFO - #93 MAX:accuracy.mean: 0.6
2020-07-27 14:14:39,581 - root - DEBUG - Sampled weight [ 0.50144271  1.7360105   1.53096636  1.64256882 -1.14854836]
2020-07-27 14:14:40,635 - root - DEBUG - Updating hall of fame
2020-07-27 14:14:41,182 - root - INFO - Completed generation 94; 1.6s elapsed, 1.9s avg, 1.8e+02s total. Expected time remaining: 2e+02s
2020-07-27 14:14:41,232 - root - INFO - #94 MAX:accuracy.mean: 0.6
2020-07-27 14:14:41,274 - root - DEBUG - Sampled weight [-0.15838006  1.56228431 -0.85883127  0.21100701 -1.28795393]
2020-07-27 14:14:42,338 - root - DEBUG - Updating hall of fame
2020-07-27 14:14:42,706 - root - INFO - Completed generation 95; 1.5s elapsed, 1.9s avg, 1.8e+02s total. Expected time remaining: 2e+02s
2020-07-27 14:14:42,756 - root - INFO - #95 MAX:accuracy.mean: 0.55
2020-07-27 14:14:42,795 - root - DEBUG - Sampled weight [ 0.57504147  0.12766187 -0.59549417 -1.34407717 -0.20371955]
2020-07-27 14:14:43,851 - root - DEBUG - Updating hall of fame
2020-07-27 14:14:44,033 - root - INFO - Completed generation 96; 1.3s elapsed, 1.9s avg, 1.8e+02s total. Expected time remaining: 1.9e+02s
2020-07-27 14:14:44,083 - root - INFO - #96 MAX:accuracy.mean: 0.62
2020-07-27 14:14:44,123 - root - DEBUG - Sampled weight [ 0.29672397 -1.37110035  1.2888274  -0.34546826 -0.07123317]
2020-07-27 14:14:45,174 - root - DEBUG - Updating hall of fame
2020-07-27 14:14:46,275 - root - INFO - Completed generation 97; 2.2s elapsed, 1.9s avg, 1.8e+02s total. Expected time remaining: 1.9e+02s
2020-07-27 14:14:46,325 - root - INFO - #97 MAX:accuracy.mean: 0.57
2020-07-27 14:14:46,365 - root - DEBUG - Sampled weight [-1.19355098 -0.92932482 -1.46779775 -0.99958177 -0.18085992]
2020-07-27 14:14:47,424 - root - DEBUG - Updating hall of fame
2020-07-27 14:14:47,974 - root - INFO - Completed generation 98; 1.6s elapsed, 1.9s avg, 1.8e+02s total. Expected time remaining: 1.9e+02s
2020-07-27 14:14:48,024 - root - INFO - #98 MAX:accuracy.mean: 0.56
2020-07-27 14:14:48,064 - root - DEBUG - Sampled weight [-1.37118478 -0.68447087 -1.77772446 -0.76652311  0.36599691]
2020-07-27 14:14:49,117 - root - DEBUG - Updating hall of fame
2020-07-27 14:14:49,483 - root - INFO - Completed generation 99; 1.5s elapsed, 1.9s avg, 1.8e+02s total. Expected time remaining: 1.9e+02s
2020-07-27 14:14:49,533 - root - INFO - #99 MAX:accuracy.mean: 0.64
2020-07-27 14:14:49,573 - root - DEBUG - Sampled weight [-0.98581095 -1.17251181 -0.65723025  1.9594775   0.49517489]
2020-07-27 14:14:50,636 - root - DEBUG - Updating hall of fame
2020-07-27 14:14:51,370 - root - INFO - Completed generation 100; 1.8s elapsed, 1.9s avg, 1.9e+02s total. Expected time remaining: 1.9e+02s
2020-07-27 14:14:51,420 - root - INFO - #100 MAX:accuracy.mean: 0.68
2020-07-27 14:14:51,527 - root - DEBUG - Sampled weight [ 0.95238394  0.78473401 -1.77329087 -1.17677414 -0.84154315]
2020-07-27 14:14:52,587 - root - DEBUG - Updating hall of fame
2020-07-27 14:14:53,508 - root - INFO - Completed generation 101; 2.0s elapsed, 1.9s avg, 1.9e+02s total. Expected time remaining: 1.8e+02s
2020-07-27 14:14:53,559 - root - INFO - #101 MAX:accuracy.mean: 0.57
2020-07-27 14:14:53,601 - root - DEBUG - Sampled weight [ 0.53446969  0.43125364 -1.90280155  0.78025556  1.01645813]
2020-07-27 14:14:54,663 - root - DEBUG - Updating hall of fame
2020-07-27 14:14:54,848 - root - INFO - Completed generation 102; 1.3s elapsed, 1.8s avg, 1.9e+02s total. Expected time remaining: 1.8e+02s
2020-07-27 14:14:54,897 - root - INFO - #102 MAX:accuracy.mean: 0.68
2020-07-27 14:14:54,937 - root - DEBUG - Sampled weight [ 0.92662122  1.00912808  1.99982691 -0.06588991 -1.51615579]
2020-07-27 14:14:55,998 - root - DEBUG - Updating hall of fame
2020-07-27 14:14:57,097 - root - INFO - Completed generation 103; 2.2s elapsed, 1.9s avg, 1.9e+02s total. Expected time remaining: 1.8e+02s
2020-07-27 14:14:57,148 - root - INFO - #103 MAX:accuracy.mean: 0.55
2020-07-27 14:14:57,187 - root - DEBUG - Sampled weight [ 1.73785929  1.6423641  -0.02041138  0.60723925  1.37951539]
2020-07-27 14:14:58,247 - root - DEBUG - Updating hall of fame
2020-07-27 14:14:58,614 - root - INFO - Completed generation 104; 1.5s elapsed, 1.8s avg, 1.9e+02s total. Expected time remaining: 1.8e+02s
2020-07-27 14:14:58,663 - root - INFO - #104 MAX:accuracy.mean: 0.58
2020-07-27 14:14:58,703 - root - DEBUG - Sampled weight [ 1.71336863 -1.68301229  1.92674999 -1.12201373  1.01155072]
2020-07-27 14:14:59,764 - root - DEBUG - Updating hall of fame
2020-07-27 14:15:00,322 - root - INFO - Completed generation 105; 1.7s elapsed, 1.8s avg, 1.9e+02s total. Expected time remaining: 1.8e+02s
2020-07-27 14:15:00,372 - root - INFO - #105 MAX:accuracy.mean: 0.55
2020-07-27 14:15:00,412 - root - DEBUG - Sampled weight [ 1.90995255 -0.61407253 -1.58377059  0.77656486  0.28577608]
2020-07-27 14:15:01,473 - root - DEBUG - Updating hall of fame
2020-07-27 14:15:01,842 - root - INFO - Completed generation 106; 1.5s elapsed, 1.8s avg, 2e+02s total. Expected time remaining: 1.7e+02s
2020-07-27 14:15:01,892 - root - INFO - #106 MAX:accuracy.mean: 0.61
2020-07-27 14:15:01,933 - root - DEBUG - Sampled weight [-0.60841843  1.02355254  0.73852647  1.51143538 -1.80631232]
2020-07-27 14:15:03,022 - root - DEBUG - Updating hall of fame
2020-07-27 14:15:03,937 - root - INFO - Completed generation 107; 2.0s elapsed, 1.8s avg, 2e+02s total. Expected time remaining: 1.7e+02s
2020-07-27 14:15:03,987 - root - INFO - #107 MAX:accuracy.mean: 0.64
2020-07-27 14:15:04,027 - root - DEBUG - Sampled weight [0.33392753 0.24832775 1.86701706 1.8872543  1.14103759]
2020-07-27 14:15:05,082 - root - DEBUG - Updating hall of fame
2020-07-27 14:15:05,630 - root - INFO - Completed generation 108; 1.6s elapsed, 1.8s avg, 2e+02s total. Expected time remaining: 1.7e+02s
2020-07-27 14:15:05,680 - root - INFO - #108 MAX:accuracy.mean: 0.56
2020-07-27 14:15:05,720 - root - DEBUG - Sampled weight [ 0.82232084 -1.56800414 -0.98316177  1.83529236 -1.76388193]
2020-07-27 14:15:06,784 - root - DEBUG - Updating hall of fame
2020-07-27 14:15:07,706 - root - INFO - Completed generation 109; 2.0s elapsed, 1.8s avg, 2e+02s total. Expected time remaining: 1.7e+02s
2020-07-27 14:15:07,756 - root - INFO - #109 MAX:accuracy.mean: 0.55
2020-07-27 14:15:07,795 - root - DEBUG - Sampled weight [-1.47508516 -0.21219897 -0.46784867 -1.58718141  0.27450493]
2020-07-27 14:15:08,858 - root - DEBUG - Updating hall of fame
2020-07-27 14:15:09,411 - root - INFO - Completed generation 110; 1.7s elapsed, 1.8s avg, 2e+02s total. Expected time remaining: 1.7e+02s
2020-07-27 14:15:09,462 - root - INFO - #110 MAX:accuracy.mean: 0.6
2020-07-27 14:15:09,611 - root - DEBUG - Sampled weight [-1.3621234   1.04991679  1.69547212 -1.20798319 -0.82061579]
2020-07-27 14:15:10,677 - root - DEBUG - Updating hall of fame
2020-07-27 14:15:11,604 - root - INFO - Completed generation 111; 2.0s elapsed, 1.8s avg, 2e+02s total. Expected time remaining: 1.6e+02s
2020-07-27 14:15:11,654 - root - INFO - #111 MAX:accuracy.mean: 0.58
2020-07-27 14:15:11,694 - root - DEBUG - Sampled weight [-1.94839386 -0.62827308 -0.09513223  0.86984204 -1.97097428]
2020-07-27 14:15:12,756 - root - DEBUG - Updating hall of fame
2020-07-27 14:15:12,941 - root - INFO - Completed generation 112; 1.3s elapsed, 1.8s avg, 2.1e+02s total. Expected time remaining: 1.6e+02s
2020-07-27 14:15:12,991 - root - INFO - #112 MAX:accuracy.mean: 0.58
2020-07-27 14:15:13,032 - root - DEBUG - Sampled weight [-0.45419697 -0.51503983  1.98412082  0.92461638  1.63401894]
2020-07-27 14:15:14,096 - root - DEBUG - Updating hall of fame
2020-07-27 14:15:15,025 - root - INFO - Completed generation 113; 2.0s elapsed, 1.8s avg, 2.1e+02s total. Expected time remaining: 1.6e+02s
2020-07-27 14:15:15,075 - root - INFO - #113 MAX:accuracy.mean: 0.61
2020-07-27 14:15:15,115 - root - DEBUG - Sampled weight [-1.6012903  -0.38112932  0.17889041 -1.6686768  -0.74837136]
2020-07-27 14:15:16,178 - root - DEBUG - Updating hall of fame
2020-07-27 14:15:17,291 - root - INFO - Completed generation 114; 2.2s elapsed, 1.8s avg, 2.1e+02s total. Expected time remaining: 1.6e+02s
2020-07-27 14:15:17,342 - root - INFO - #114 MAX:accuracy.mean: 0.61
2020-07-27 14:15:17,382 - root - DEBUG - Sampled weight [-1.36625864 -0.33431944  0.78643941 -0.69783824  0.6144412 ]
2020-07-27 14:15:18,443 - root - DEBUG - Updating hall of fame
2020-07-27 14:15:19,179 - root - INFO - Completed generation 115; 1.8s elapsed, 1.8s avg, 2.1e+02s total. Expected time remaining: 1.6e+02s
2020-07-27 14:15:19,229 - root - INFO - #115 MAX:accuracy.mean: 0.69
2020-07-27 14:15:19,269 - root - DEBUG - Sampled weight [-1.10241263 -0.57173083  0.63470845 -0.19751167 -1.30224022]
2020-07-27 14:15:20,327 - root - DEBUG - Updating hall of fame
2020-07-27 14:15:21,059 - root - INFO - Completed generation 116; 1.8s elapsed, 1.8s avg, 2.1e+02s total. Expected time remaining: 1.5e+02s
2020-07-27 14:15:21,109 - root - INFO - #116 MAX:accuracy.mean: 0.61
2020-07-27 14:15:21,150 - root - DEBUG - Sampled weight [-1.23014317 -0.1837369  -0.70147614  1.40566249  1.00079684]
2020-07-27 14:15:22,218 - root - DEBUG - Updating hall of fame
2020-07-27 14:15:22,589 - root - INFO - Completed generation 117; 1.5s elapsed, 1.8s avg, 2.2e+02s total. Expected time remaining: 1.5e+02s
2020-07-27 14:15:22,639 - root - INFO - #117 MAX:accuracy.mean: 0.58
2020-07-27 14:15:22,678 - root - DEBUG - Sampled weight [-0.43977723 -0.19382047  0.07853618 -1.35529499 -0.48004194]
2020-07-27 14:15:23,736 - root - DEBUG - Updating hall of fame
2020-07-27 14:15:23,918 - root - INFO - Completed generation 118; 1.3s elapsed, 1.8s avg, 2.2e+02s total. Expected time remaining: 1.5e+02s
2020-07-27 14:15:23,969 - root - INFO - #118 MAX:accuracy.mean: 0.61
2020-07-27 14:15:24,008 - root - DEBUG - Sampled weight [ 1.09299591 -1.45279106  0.77360238 -0.15377299  0.56793293]
2020-07-27 14:15:25,073 - root - DEBUG - Updating hall of fame
2020-07-27 14:15:26,170 - root - INFO - Completed generation 119; 2.2s elapsed, 1.8s avg, 2.2e+02s total. Expected time remaining: 1.5e+02s
2020-07-27 14:15:26,220 - root - INFO - #119 MAX:accuracy.mean: 0.58
2020-07-27 14:15:26,262 - root - DEBUG - Sampled weight [-1.28755215 -0.29681226  0.23532004  1.43065769 -1.00822027]
2020-07-27 14:15:27,326 - root - DEBUG - Updating hall of fame
2020-07-27 14:15:27,691 - root - INFO - Completed generation 120; 1.5s elapsed, 1.8s avg, 2.2e+02s total. Expected time remaining: 1.5e+02s
2020-07-27 14:15:27,740 - root - INFO - #120 MAX:accuracy.mean: 0.6
2020-07-27 14:15:27,853 - root - DEBUG - Sampled weight [ 0.75176095  1.77999144  0.94049411 -1.93933     1.91223893]
2020-07-27 14:15:28,919 - root - DEBUG - Updating hall of fame
2020-07-27 14:15:29,106 - root - INFO - Completed generation 121; 1.3s elapsed, 1.8s avg, 2.2e+02s total. Expected time remaining: 1.4e+02s
2020-07-27 14:15:29,156 - root - INFO - #121 MAX:accuracy.mean: 0.57
2020-07-27 14:15:29,195 - root - DEBUG - Sampled weight [-0.04225698 -0.16557312  1.20791573 -1.49985124 -1.86541681]
2020-07-27 14:15:30,260 - root - DEBUG - Updating hall of fame
2020-07-27 14:15:30,632 - root - INFO - Completed generation 122; 1.5s elapsed, 1.8s avg, 2.2e+02s total. Expected time remaining: 1.4e+02s
2020-07-27 14:15:30,682 - root - INFO - #122 MAX:accuracy.mean: 0.54
2020-07-27 14:15:30,723 - root - DEBUG - Sampled weight [ 0.96940619 -1.47856389 -0.97642628  0.63675879 -1.16107374]
2020-07-27 14:15:31,786 - root - DEBUG - Updating hall of fame
2020-07-27 14:15:31,970 - root - INFO - Completed generation 123; 1.3s elapsed, 1.8s avg, 2.2e+02s total. Expected time remaining: 1.4e+02s
2020-07-27 14:15:32,020 - root - INFO - #123 MAX:accuracy.mean: 0.62
2020-07-27 14:15:32,062 - root - DEBUG - Sampled weight [ 0.656323   -0.28776044 -0.04180416  1.17545114 -0.74436663]
2020-07-27 14:15:33,140 - root - DEBUG - Updating hall of fame
2020-07-27 14:15:33,519 - root - INFO - Completed generation 124; 1.5s elapsed, 1.8s avg, 2.3e+02s total. Expected time remaining: 1.4e+02s
2020-07-27 14:15:33,570 - root - INFO - #124 MAX:accuracy.mean: 0.59
2020-07-27 14:15:33,611 - root - DEBUG - Sampled weight [-0.33427523  1.2701253   0.32208577 -0.14448195 -1.46921744]
2020-07-27 14:15:34,681 - root - DEBUG - Updating hall of fame
2020-07-27 14:15:35,417 - root - INFO - Completed generation 125; 1.8s elapsed, 1.8s avg, 2.3e+02s total. Expected time remaining: 1.4e+02s
2020-07-27 14:15:35,468 - root - INFO - #125 MAX:accuracy.mean: 0.57
2020-07-27 14:15:35,507 - root - DEBUG - Sampled weight [-1.06724021  0.55857707 -1.37921182  1.34951862  1.97802078]
2020-07-27 14:15:36,576 - root - DEBUG - Updating hall of fame
2020-07-27 14:15:36,760 - root - INFO - Completed generation 126; 1.3s elapsed, 1.8s avg, 2.3e+02s total. Expected time remaining: 1.3e+02s
2020-07-27 14:15:36,810 - root - INFO - #126 MAX:accuracy.mean: 0.58
2020-07-27 14:15:36,851 - root - DEBUG - Sampled weight [-1.4013723  -1.45960597 -0.65922519 -1.69553217  1.53011461]
2020-07-27 14:15:37,912 - root - DEBUG - Updating hall of fame
2020-07-27 14:15:38,285 - root - INFO - Completed generation 127; 1.5s elapsed, 1.8s avg, 2.3e+02s total. Expected time remaining: 1.3e+02s
2020-07-27 14:15:38,334 - root - INFO - #127 MAX:accuracy.mean: 0.64
2020-07-27 14:15:38,374 - root - DEBUG - Sampled weight [-1.74652852 -1.11246096 -1.56676714 -1.31943783 -0.94009956]
2020-07-27 14:15:39,434 - root - DEBUG - Updating hall of fame
2020-07-27 14:15:39,801 - root - INFO - Completed generation 128; 1.5s elapsed, 1.8s avg, 2.3e+02s total. Expected time remaining: 1.3e+02s
2020-07-27 14:15:39,851 - root - INFO - #128 MAX:accuracy.mean: 0.6
2020-07-27 14:15:39,891 - root - DEBUG - Sampled weight [ 1.17053508  0.57737611  0.74230702  0.79003884 -1.9941445 ]
2020-07-27 14:15:40,946 - root - DEBUG - Updating hall of fame
2020-07-27 14:15:41,314 - root - INFO - Completed generation 129; 1.5s elapsed, 1.8s avg, 2.3e+02s total. Expected time remaining: 1.3e+02s
2020-07-27 14:15:41,363 - root - INFO - #129 MAX:accuracy.mean: 0.66
2020-07-27 14:15:41,404 - root - DEBUG - Sampled weight [-0.12399226 -1.7463208   0.56811498  1.0144329  -0.90390717]
2020-07-27 14:15:42,468 - root - DEBUG - Updating hall of fame
2020-07-27 14:15:43,388 - root - INFO - Completed generation 130; 2.0s elapsed, 1.8s avg, 2.4e+02s total. Expected time remaining: 1.3e+02s
2020-07-27 14:15:43,437 - root - INFO - #130 MAX:accuracy.mean: 0.58
2020-07-27 14:15:43,536 - root - DEBUG - Sampled weight [-0.55706233  0.48364979  0.90289672  1.87952679 -1.57830874]
2020-07-27 14:15:44,600 - root - DEBUG - Updating hall of fame
2020-07-27 14:15:45,150 - root - INFO - Completed generation 131; 1.7s elapsed, 1.8s avg, 2.4e+02s total. Expected time remaining: 1.2e+02s
2020-07-27 14:15:45,200 - root - INFO - #131 MAX:accuracy.mean: 0.64
2020-07-27 14:15:45,240 - root - DEBUG - Sampled weight [-1.40253729 -0.32240064 -1.12400266 -0.6399242   0.63086551]
2020-07-27 14:15:46,309 - root - DEBUG - Updating hall of fame
2020-07-27 14:15:47,419 - root - INFO - Completed generation 132; 2.2s elapsed, 1.8s avg, 2.4e+02s total. Expected time remaining: 1.2e+02s
2020-07-27 14:15:47,469 - root - INFO - #132 MAX:accuracy.mean: 0.67
2020-07-27 14:15:47,509 - root - DEBUG - Sampled weight [-1.92586775 -0.52890302  0.77218689 -1.34863719 -0.35174684]
2020-07-27 14:15:48,571 - root - DEBUG - Updating hall of fame
2020-07-27 14:15:48,937 - root - INFO - Completed generation 133; 1.5s elapsed, 1.8s avg, 2.4e+02s total. Expected time remaining: 1.2e+02s
2020-07-27 14:15:48,987 - root - INFO - #133 MAX:accuracy.mean: 0.64
2020-07-27 14:15:49,027 - root - DEBUG - Sampled weight [-0.65491007 -1.70681815 -1.41818663  0.09829895  1.84667255]
2020-07-27 14:15:50,091 - root - DEBUG - Updating hall of fame
2020-07-27 14:15:51,229 - root - INFO - Completed generation 134; 2.2s elapsed, 1.8s avg, 2.4e+02s total. Expected time remaining: 1.2e+02s
2020-07-27 14:15:51,282 - root - INFO - #134 MAX:accuracy.mean: 0.57
2020-07-27 14:15:51,324 - root - DEBUG - Sampled weight [ 1.30785166 -0.01589447  1.06527287  1.74068513 -0.89969101]
2020-07-27 14:15:52,407 - root - DEBUG - Updating hall of fame
2020-07-27 14:15:52,958 - root - INFO - Completed generation 135; 1.7s elapsed, 1.8s avg, 2.4e+02s total. Expected time remaining: 1.2e+02s
2020-07-27 14:15:53,009 - root - INFO - #135 MAX:accuracy.mean: 0.55
2020-07-27 14:15:53,049 - root - DEBUG - Sampled weight [-0.44039477  0.2297634  -0.32943125  1.47432152  0.57260106]
2020-07-27 14:15:54,110 - root - DEBUG - Updating hall of fame
2020-07-27 14:15:54,660 - root - INFO - Completed generation 136; 1.7s elapsed, 1.8s avg, 2.5e+02s total. Expected time remaining: 1.2e+02s
2020-07-27 14:15:54,710 - root - INFO - #136 MAX:accuracy.mean: 0.72
2020-07-27 14:15:54,750 - root - DEBUG - Sampled weight [-1.50415859  1.3915223   0.24597913 -0.46823809  0.8290184 ]
2020-07-27 14:15:55,817 - root - DEBUG - Updating hall of fame
2020-07-27 14:15:57,290 - root - INFO - Completed generation 137; 2.6s elapsed, 1.8s avg, 2.5e+02s total. Expected time remaining: 1.1e+02s
2020-07-27 14:15:57,340 - root - INFO - #137 MAX:accuracy.mean: 0.61
2020-07-27 14:15:57,381 - root - DEBUG - Sampled weight [-1.43082883 -0.11466283  0.48222961 -1.89678905  0.88206246]
2020-07-27 14:15:58,441 - root - DEBUG - Updating hall of fame
2020-07-27 14:15:58,811 - root - INFO - Completed generation 138; 1.5s elapsed, 1.8s avg, 2.5e+02s total. Expected time remaining: 1.1e+02s
2020-07-27 14:15:58,861 - root - INFO - #138 MAX:accuracy.mean: 0.57
2020-07-27 14:15:58,901 - root - DEBUG - Sampled weight [-0.27372431  0.08179959  1.29493981 -1.92920844 -1.97675198]
2020-07-27 14:15:59,964 - root - DEBUG - Updating hall of fame
2020-07-27 14:16:00,331 - root - INFO - Completed generation 139; 1.5s elapsed, 1.8s avg, 2.5e+02s total. Expected time remaining: 1.1e+02s
2020-07-27 14:16:00,380 - root - INFO - #139 MAX:accuracy.mean: 0.59
2020-07-27 14:16:00,421 - root - DEBUG - Sampled weight [ 0.22735396  0.02813969  1.3193716   1.26912199 -1.52382726]
2020-07-27 14:16:01,485 - root - DEBUG - Updating hall of fame
2020-07-27 14:16:01,859 - root - INFO - Completed generation 140; 1.5s elapsed, 1.8s avg, 2.5e+02s total. Expected time remaining: 1.1e+02s
2020-07-27 14:16:01,912 - root - INFO - #140 MAX:accuracy.mean: 0.55
2020-07-27 14:16:02,063 - root - DEBUG - Sampled weight [ 1.68407533  0.21914796 -0.55896666  0.97904028  0.3207791 ]
2020-07-27 14:16:03,130 - root - DEBUG - Updating hall of fame
2020-07-27 14:16:03,130 - root - INFO - Completed generation 141; 1.1s elapsed, 1.8s avg, 2.5e+02s total. Expected time remaining: 1.1e+02s
2020-07-27 14:16:03,180 - root - INFO - #141 MAX:accuracy.mean: 0.63
2020-07-27 14:16:03,220 - root - DEBUG - Sampled weight [-1.90391448 -0.58541604  0.86657446 -1.55206877  0.14892216]
2020-07-27 14:16:04,284 - root - DEBUG - Updating hall of fame
2020-07-27 14:16:05,581 - root - INFO - Completed generation 142; 2.4s elapsed, 1.8s avg, 2.6e+02s total. Expected time remaining: 1e+02s
2020-07-27 14:16:05,632 - root - INFO - #142 MAX:accuracy.mean: 0.62
2020-07-27 14:16:05,671 - root - DEBUG - Sampled weight [-1.99287851  0.96350556  0.72493139  0.29413902 -0.48057728]
2020-07-27 14:16:06,740 - root - DEBUG - Updating hall of fame
2020-07-27 14:16:07,481 - root - INFO - Completed generation 143; 1.8s elapsed, 1.8s avg, 2.6e+02s total. Expected time remaining: 1e+02s
2020-07-27 14:16:07,531 - root - INFO - #143 MAX:accuracy.mean: 0.64
2020-07-27 14:16:07,572 - root - DEBUG - Sampled weight [-0.94828109  1.54798059 -1.80325226 -0.4019102   0.91314392]
2020-07-27 14:16:08,634 - root - DEBUG - Updating hall of fame
2020-07-27 14:16:09,741 - root - INFO - Completed generation 144; 2.2s elapsed, 1.8s avg, 2.6e+02s total. Expected time remaining: 1e+02s
2020-07-27 14:16:09,791 - root - INFO - #144 MAX:accuracy.mean: 0.62
2020-07-27 14:16:09,832 - root - DEBUG - Sampled weight [-1.98528459  1.33798499 -0.28309604  1.41740349 -1.65012003]
2020-07-27 14:16:10,899 - root - DEBUG - Updating hall of fame
2020-07-27 14:16:11,468 - root - INFO - Completed generation 145; 1.7s elapsed, 1.8s avg, 2.6e+02s total. Expected time remaining: 1e+02s
2020-07-27 14:16:11,519 - root - INFO - #145 MAX:accuracy.mean: 0.6
2020-07-27 14:16:11,558 - root - DEBUG - Sampled weight [-0.14716598 -0.90682657 -1.92151211  1.5073271  -1.11686529]
2020-07-27 14:16:12,628 - root - DEBUG - Updating hall of fame
2020-07-27 14:16:12,813 - root - INFO - Completed generation 146; 1.3s elapsed, 1.8s avg, 2.6e+02s total. Expected time remaining: 9.8e+01s
2020-07-27 14:16:12,862 - root - INFO - #146 MAX:accuracy.mean: 0.55
2020-07-27 14:16:12,903 - root - DEBUG - Sampled weight [ 0.91741321 -0.90506904 -0.71063494 -0.35527738  1.86891046]
2020-07-27 14:16:13,980 - root - DEBUG - Updating hall of fame
2020-07-27 14:16:13,980 - root - INFO - Completed generation 147; 1.1s elapsed, 1.8s avg, 2.7e+02s total. Expected time remaining: 9.6e+01s
2020-07-27 14:16:14,031 - root - INFO - #147 MAX:accuracy.mean: 0.62
2020-07-27 14:16:14,072 - root - DEBUG - Sampled weight [ 0.30165007 -1.09379262 -0.76785397  1.34898798 -0.85861335]
2020-07-27 14:16:15,150 - root - DEBUG - Updating hall of fame
2020-07-27 14:16:15,886 - root - INFO - Completed generation 148; 1.9s elapsed, 1.8s avg, 2.7e+02s total. Expected time remaining: 9.4e+01s
2020-07-27 14:16:15,936 - root - INFO - #148 MAX:accuracy.mean: 0.64
2020-07-27 14:16:15,976 - root - DEBUG - Sampled weight [-1.68940277  0.7828028   0.90058269 -1.98671268  1.66444833]
2020-07-27 14:16:17,054 - root - DEBUG - Updating hall of fame
2020-07-27 14:16:17,420 - root - INFO - Completed generation 149; 1.5s elapsed, 1.8s avg, 2.7e+02s total. Expected time remaining: 9.2e+01s
2020-07-27 14:16:17,470 - root - INFO - #149 MAX:accuracy.mean: 0.6
2020-07-27 14:16:17,511 - root - DEBUG - Sampled weight [-0.30403308 -0.70075577  1.47979734 -0.19845418 -0.57689373]
2020-07-27 14:16:18,580 - root - DEBUG - Updating hall of fame
2020-07-27 14:16:19,133 - root - INFO - Completed generation 150; 1.7s elapsed, 1.8s avg, 2.7e+02s total. Expected time remaining: 9e+01s
2020-07-27 14:16:19,183 - root - INFO - #150 MAX:accuracy.mean: 0.61
2020-07-27 14:16:19,289 - root - DEBUG - Sampled weight [0.04313397 0.93654255 0.5529557  1.42684535 0.46849243]
2020-07-27 14:16:20,369 - root - DEBUG - Updating hall of fame
2020-07-27 14:16:21,302 - root - INFO - Completed generation 151; 2.1s elapsed, 1.8s avg, 2.7e+02s total. Expected time remaining: 8.8e+01s
2020-07-27 14:16:21,352 - root - INFO - #151 MAX:accuracy.mean: 0.7
2020-07-27 14:16:21,393 - root - DEBUG - Sampled weight [-0.26249804 -0.35567865  0.47947717  1.84840339  1.0499083 ]
2020-07-27 14:16:22,461 - root - DEBUG - Updating hall of fame
2020-07-27 14:16:23,377 - root - INFO - Completed generation 152; 2.0s elapsed, 1.8s avg, 2.7e+02s total. Expected time remaining: 8.7e+01s
2020-07-27 14:16:23,427 - root - INFO - #152 MAX:accuracy.mean: 0.67
2020-07-27 14:16:23,467 - root - DEBUG - Sampled weight [ 0.17478085 -0.46574635  0.15743687  0.31522653  0.95806678]
2020-07-27 14:16:24,524 - root - DEBUG - Updating hall of fame
2020-07-27 14:16:25,068 - root - INFO - Completed generation 153; 1.6s elapsed, 1.8s avg, 2.8e+02s total. Expected time remaining: 8.5e+01s
2020-07-27 14:16:25,118 - root - INFO - #153 MAX:accuracy.mean: 0.68
2020-07-27 14:16:25,158 - root - DEBUG - Sampled weight [ 1.58854471  0.62637869  0.58949096  1.60327099 -1.01245875]
2020-07-27 14:16:26,236 - root - DEBUG - Updating hall of fame
2020-07-27 14:16:26,982 - root - INFO - Completed generation 154; 1.9s elapsed, 1.8s avg, 2.8e+02s total. Expected time remaining: 8.3e+01s
2020-07-27 14:16:27,032 - root - INFO - #154 MAX:accuracy.mean: 0.65
2020-07-27 14:16:27,072 - root - DEBUG - Sampled weight [-0.62773277  1.99947479 -1.9761641  -1.92531199  1.53648866]
2020-07-27 14:16:28,135 - root - DEBUG - Updating hall of fame
2020-07-27 14:16:28,683 - root - INFO - Completed generation 155; 1.7s elapsed, 1.8s avg, 2.8e+02s total. Expected time remaining: 8.1e+01s
2020-07-27 14:16:28,733 - root - INFO - #155 MAX:accuracy.mean: 0.57
2020-07-27 14:16:28,773 - root - DEBUG - Sampled weight [ 0.07312128  0.74162194 -0.99260741  0.26623756 -1.88949663]
2020-07-27 14:16:29,838 - root - DEBUG - Updating hall of fame
2020-07-27 14:16:30,206 - root - INFO - Completed generation 156; 1.5s elapsed, 1.8s avg, 2.8e+02s total. Expected time remaining: 7.9e+01s
2020-07-27 14:16:30,256 - root - INFO - #156 MAX:accuracy.mean: 0.59
2020-07-27 14:16:30,297 - root - DEBUG - Sampled weight [ 1.11406754  1.49227673  1.92155269 -0.74326409 -1.50094458]
2020-07-27 14:16:31,360 - root - DEBUG - Updating hall of fame
2020-07-27 14:16:31,911 - root - INFO - Completed generation 157; 1.7s elapsed, 1.8s avg, 2.8e+02s total. Expected time remaining: 7.7e+01s
2020-07-27 14:16:31,961 - root - INFO - #157 MAX:accuracy.mean: 0.56
2020-07-27 14:16:32,002 - root - DEBUG - Sampled weight [ 0.93608079  0.60622566  0.45474619 -1.5068189   0.96163964]
2020-07-27 14:16:33,109 - root - DEBUG - Updating hall of fame
2020-07-27 14:16:33,504 - root - INFO - Completed generation 158; 1.5s elapsed, 1.8s avg, 2.8e+02s total. Expected time remaining: 7.5e+01s
2020-07-27 14:16:33,556 - root - INFO - #158 MAX:accuracy.mean: 0.67
2020-07-27 14:16:33,599 - root - DEBUG - Sampled weight [-0.32288734  0.61978274 -1.69140765 -0.08620918 -1.34506106]
2020-07-27 14:16:34,705 - root - DEBUG - Updating hall of fame
2020-07-27 14:16:35,085 - root - INFO - Completed generation 159; 1.5s elapsed, 1.8s avg, 2.9e+02s total. Expected time remaining: 7.4e+01s
2020-07-27 14:16:35,136 - root - INFO - #159 MAX:accuracy.mean: 0.58
2020-07-27 14:16:35,177 - root - DEBUG - Sampled weight [ 0.71127393  0.86586259  0.74485296 -1.17510551  0.51655931]
2020-07-27 14:16:36,275 - root - DEBUG - Updating hall of fame
2020-07-27 14:16:36,459 - root - INFO - Completed generation 160; 1.3s elapsed, 1.8s avg, 2.9e+02s total. Expected time remaining: 7.2e+01s
2020-07-27 14:16:36,511 - root - INFO - #160 MAX:accuracy.mean: 0.71
2020-07-27 14:16:36,652 - root - DEBUG - Sampled weight [ 0.69151198 -1.25766004 -0.13757278 -1.81436073 -1.93346524]
2020-07-27 14:16:37,710 - root - DEBUG - Updating hall of fame
2020-07-27 14:16:38,810 - root - INFO - Completed generation 161; 2.2s elapsed, 1.8s avg, 2.9e+02s total. Expected time remaining: 7e+01s
2020-07-27 14:16:38,860 - root - INFO - #161 MAX:accuracy.mean: 0.6
2020-07-27 14:16:38,900 - root - DEBUG - Sampled weight [-0.05878094  1.32299765  1.18244356 -0.6003136   1.39743116]
2020-07-27 14:16:39,956 - root - DEBUG - Updating hall of fame
2020-07-27 14:16:40,321 - root - INFO - Completed generation 162; 1.5s elapsed, 1.8s avg, 2.9e+02s total. Expected time remaining: 6.8e+01s
2020-07-27 14:16:40,371 - root - INFO - #162 MAX:accuracy.mean: 0.59
2020-07-27 14:16:40,410 - root - DEBUG - Sampled weight [ 0.37502647  1.12083737 -0.70595644 -1.89900343 -1.93190947]
2020-07-27 14:16:41,481 - root - DEBUG - Updating hall of fame
2020-07-27 14:16:42,590 - root - INFO - Completed generation 163; 2.2s elapsed, 1.8s avg, 2.9e+02s total. Expected time remaining: 6.6e+01s
2020-07-27 14:16:42,641 - root - INFO - #163 MAX:accuracy.mean: 0.63
2020-07-27 14:16:42,681 - root - DEBUG - Sampled weight [ 0.74056715  0.66200325  1.05579847  1.38852885 -1.00207783]
2020-07-27 14:16:43,755 - root - DEBUG - Updating hall of fame
2020-07-27 14:16:44,674 - root - INFO - Completed generation 164; 2.0s elapsed, 1.8s avg, 2.9e+02s total. Expected time remaining: 6.5e+01s
2020-07-27 14:16:44,724 - root - INFO - #164 MAX:accuracy.mean: 0.64
2020-07-27 14:16:44,764 - root - DEBUG - Sampled weight [ 1.32327658  0.28708521  1.782882    1.98594688 -0.94616359]
2020-07-27 14:16:45,841 - root - DEBUG - Updating hall of fame
2020-07-27 14:16:46,581 - root - INFO - Completed generation 165; 1.9s elapsed, 1.8s avg, 3e+02s total. Expected time remaining: 6.3e+01s
2020-07-27 14:16:46,631 - root - INFO - #165 MAX:accuracy.mean: 0.61
2020-07-27 14:16:46,671 - root - DEBUG - Sampled weight [ 1.68195826 -0.21266491 -0.510305    1.6445507   1.11675803]
2020-07-27 14:16:47,738 - root - DEBUG - Updating hall of fame
2020-07-27 14:16:47,738 - root - INFO - Completed generation 166; 1.1s elapsed, 1.8s avg, 3e+02s total. Expected time remaining: 6.1e+01s
2020-07-27 14:16:47,788 - root - INFO - #166 MAX:accuracy.mean: 0.6
2020-07-27 14:16:47,829 - root - DEBUG - Sampled weight [ 0.42439142 -0.41955077  1.57253883  0.17385167 -1.65015748]
2020-07-27 14:16:48,897 - root - DEBUG - Updating hall of fame
2020-07-27 14:16:49,640 - root - INFO - Completed generation 167; 1.9s elapsed, 1.8s avg, 3e+02s total. Expected time remaining: 5.9e+01s
2020-07-27 14:16:49,689 - root - INFO - #167 MAX:accuracy.mean: 0.62
2020-07-27 14:16:49,729 - root - DEBUG - Sampled weight [-0.13603485 -1.55604074 -0.92543146 -0.79797734  0.27266355]
2020-07-27 14:16:50,795 - root - DEBUG - Updating hall of fame
2020-07-27 14:16:51,174 - root - INFO - Completed generation 168; 1.5s elapsed, 1.8s avg, 3e+02s total. Expected time remaining: 5.7e+01s
2020-07-27 14:16:51,224 - root - INFO - #168 MAX:accuracy.mean: 0.63
2020-07-27 14:16:51,265 - root - DEBUG - Sampled weight [-1.86058696  1.66544802  0.38509177  1.69974368 -0.26446394]
2020-07-27 14:16:52,338 - root - DEBUG - Updating hall of fame
2020-07-27 14:16:52,702 - root - INFO - Completed generation 169; 1.5s elapsed, 1.8s avg, 3e+02s total. Expected time remaining: 5.5e+01s
2020-07-27 14:16:52,752 - root - INFO - #169 MAX:accuracy.mean: 0.57
2020-07-27 14:16:52,793 - root - DEBUG - Sampled weight [ 1.83205884  1.29581607  0.58932253 -1.11032627 -0.61206914]
2020-07-27 14:16:53,873 - root - DEBUG - Updating hall of fame
2020-07-27 14:16:54,253 - root - INFO - Completed generation 170; 1.5s elapsed, 1.8s avg, 3e+02s total. Expected time remaining: 5.4e+01s
2020-07-27 14:16:54,303 - root - INFO - #170 MAX:accuracy.mean: 0.65
2020-07-27 14:16:54,459 - root - DEBUG - Sampled weight [-0.11547534  0.41879273 -1.31850623  1.57574493  1.53861928]
2020-07-27 14:16:55,541 - root - DEBUG - Updating hall of fame
2020-07-27 14:16:56,104 - root - INFO - Completed generation 171; 1.7s elapsed, 1.8s avg, 3.1e+02s total. Expected time remaining: 5.2e+01s
2020-07-27 14:16:56,155 - root - INFO - #171 MAX:accuracy.mean: 0.55
2020-07-27 14:16:56,195 - root - DEBUG - Sampled weight [-1.31277172  1.03606407 -0.72077654 -0.27620751  0.61736353]
2020-07-27 14:16:57,278 - root - DEBUG - Updating hall of fame
2020-07-27 14:16:57,468 - root - INFO - Completed generation 172; 1.3s elapsed, 1.8s avg, 3.1e+02s total. Expected time remaining: 5e+01s
2020-07-27 14:16:57,518 - root - INFO - #172 MAX:accuracy.mean: 0.59
2020-07-27 14:16:57,558 - root - DEBUG - Sampled weight [ 0.6284983  -1.91299474 -0.11702194  1.52536323  0.05039057]
2020-07-27 14:16:58,627 - root - DEBUG - Updating hall of fame
2020-07-27 14:16:59,174 - root - INFO - Completed generation 173; 1.7s elapsed, 1.8s avg, 3.1e+02s total. Expected time remaining: 4.8e+01s
2020-07-27 14:16:59,224 - root - INFO - #173 MAX:accuracy.mean: 0.56
2020-07-27 14:16:59,264 - root - DEBUG - Sampled weight [-0.4932826  -1.12674908 -0.05569878 -0.48997013  0.74792903]
2020-07-27 14:17:00,329 - root - DEBUG - Updating hall of fame
2020-07-27 14:17:00,330 - root - INFO - Completed generation 174; 1.1s elapsed, 1.8s avg, 3.1e+02s total. Expected time remaining: 4.6e+01s
2020-07-27 14:17:00,380 - root - INFO - #174 MAX:accuracy.mean: 0.73
2020-07-27 14:17:00,421 - root - DEBUG - Sampled weight [-0.46199494  0.55312969  1.00457889 -1.75950888 -0.67077718]
2020-07-27 14:17:01,498 - root - DEBUG - Updating hall of fame
2020-07-27 14:17:02,062 - root - INFO - Completed generation 175; 1.7s elapsed, 1.8s avg, 3.1e+02s total. Expected time remaining: 4.4e+01s
2020-07-27 14:17:02,112 - root - INFO - #175 MAX:accuracy.mean: 0.69
2020-07-27 14:17:02,152 - root - DEBUG - Sampled weight [ 1.78742205 -0.38294277  1.98253762 -1.78037965 -1.05788075]
2020-07-27 14:17:03,230 - root - DEBUG - Updating hall of fame
2020-07-27 14:17:03,790 - root - INFO - Completed generation 176; 1.7s elapsed, 1.8s avg, 3.1e+02s total. Expected time remaining: 4.3e+01s
2020-07-27 14:17:03,840 - root - INFO - #176 MAX:accuracy.mean: 0.61
2020-07-27 14:17:03,880 - root - DEBUG - Sampled weight [-1.74196912 -0.66098907  1.4999954   1.93959489 -1.35685886]
2020-07-27 14:17:04,951 - root - DEBUG - Updating hall of fame
2020-07-27 14:17:05,135 - root - INFO - Completed generation 177; 1.3s elapsed, 1.8s avg, 3.1e+02s total. Expected time remaining: 4.1e+01s
2020-07-27 14:17:05,184 - root - INFO - #177 MAX:accuracy.mean: 0.6
2020-07-27 14:17:05,226 - root - DEBUG - Sampled weight [-0.37042831 -0.99055277 -0.74677888 -1.99474904  0.56308891]
2020-07-27 14:17:06,306 - root - DEBUG - Updating hall of fame
2020-07-27 14:17:06,686 - root - INFO - Completed generation 178; 1.5s elapsed, 1.8s avg, 3.2e+02s total. Expected time remaining: 3.9e+01s
2020-07-27 14:17:06,736 - root - INFO - #178 MAX:accuracy.mean: 0.67
2020-07-27 14:17:06,777 - root - DEBUG - Sampled weight [-1.99111264 -0.71202365  1.99710472  1.59266779  0.34589301]
2020-07-27 14:17:07,857 - root - DEBUG - Updating hall of fame
2020-07-27 14:17:08,792 - root - INFO - Completed generation 179; 2.1s elapsed, 1.8s avg, 3.2e+02s total. Expected time remaining: 3.7e+01s
2020-07-27 14:17:08,842 - root - INFO - #179 MAX:accuracy.mean: 0.59
2020-07-27 14:17:08,883 - root - DEBUG - Sampled weight [ 1.27462597  0.15461453 -0.59094575 -1.80129897  0.34448311]
2020-07-27 14:17:09,953 - root - DEBUG - Updating hall of fame
2020-07-27 14:17:09,953 - root - INFO - Completed generation 180; 1.1s elapsed, 1.8s avg, 3.2e+02s total. Expected time remaining: 3.5e+01s
2020-07-27 14:17:10,003 - root - INFO - #180 MAX:accuracy.mean: 0.59
2020-07-27 14:17:10,121 - root - DEBUG - Sampled weight [ 1.75225644 -1.15199416 -0.3142716  -1.4857226   0.41501587]
2020-07-27 14:17:11,199 - root - DEBUG - Updating hall of fame
2020-07-27 14:17:11,940 - root - INFO - Completed generation 181; 1.9s elapsed, 1.8s avg, 3.2e+02s total. Expected time remaining: 3.4e+01s
2020-07-27 14:17:11,990 - root - INFO - #181 MAX:accuracy.mean: 0.61
2020-07-27 14:17:12,031 - root - DEBUG - Sampled weight [-1.57998384 -0.24667402 -1.90187534  1.67801706  0.29809954]
2020-07-27 14:17:13,111 - root - DEBUG - Updating hall of fame
2020-07-27 14:17:13,672 - root - INFO - Completed generation 182; 1.7s elapsed, 1.8s avg, 3.2e+02s total. Expected time remaining: 3.2e+01s
2020-07-27 14:17:13,722 - root - INFO - #182 MAX:accuracy.mean: 0.56
2020-07-27 14:17:13,762 - root - DEBUG - Sampled weight [ 1.11126383 -0.1604163  -1.35252669 -0.35630873  1.7219246 ]
2020-07-27 14:17:14,840 - root - DEBUG - Updating hall of fame
2020-07-27 14:17:15,023 - root - INFO - Completed generation 183; 1.3s elapsed, 1.8s avg, 3.2e+02s total. Expected time remaining: 3e+01s
2020-07-27 14:17:15,074 - root - INFO - #183 MAX:accuracy.mean: 0.55
2020-07-27 14:17:15,115 - root - DEBUG - Sampled weight [ 0.44441028  1.35566133  1.43218752 -1.28858759  0.14647777]
2020-07-27 14:17:16,193 - root - DEBUG - Updating hall of fame
2020-07-27 14:17:16,193 - root - INFO - Completed generation 184; 1.1s elapsed, 1.8s avg, 3.3e+02s total. Expected time remaining: 2.8e+01s
2020-07-27 14:17:16,244 - root - INFO - #184 MAX:accuracy.mean: 0.56
2020-07-27 14:17:16,284 - root - DEBUG - Sampled weight [-1.17372498  0.77466475  1.72135772 -0.10002945 -1.43126853]
2020-07-27 14:17:17,366 - root - DEBUG - Updating hall of fame
2020-07-27 14:17:17,551 - root - INFO - Completed generation 185; 1.3s elapsed, 1.8s avg, 3.3e+02s total. Expected time remaining: 2.6e+01s
2020-07-27 14:17:17,600 - root - INFO - #185 MAX:accuracy.mean: 0.56
2020-07-27 14:17:17,642 - root - DEBUG - Sampled weight [ 1.99908366 -0.88440132 -1.98054819 -0.8447816  -0.4653784 ]
2020-07-27 14:17:18,725 - root - DEBUG - Updating hall of fame
2020-07-27 14:17:19,104 - root - INFO - Completed generation 186; 1.5s elapsed, 1.8s avg, 3.3e+02s total. Expected time remaining: 2.5e+01s
2020-07-27 14:17:19,154 - root - INFO - #186 MAX:accuracy.mean: 0.63
2020-07-27 14:17:19,195 - root - DEBUG - Sampled weight [ 1.02897386  1.76112114 -0.69340821 -0.73884509 -0.86534518]
2020-07-27 14:17:20,280 - root - DEBUG - Updating hall of fame
2020-07-27 14:17:21,410 - root - INFO - Completed generation 187; 2.3s elapsed, 1.8s avg, 3.3e+02s total. Expected time remaining: 2.3e+01s
2020-07-27 14:17:21,461 - root - INFO - #187 MAX:accuracy.mean: 0.64
2020-07-27 14:17:21,502 - root - DEBUG - Sampled weight [ 1.01887969  1.11647911  1.39523989 -0.11035512  1.44785088]
2020-07-27 14:17:22,592 - root - DEBUG - Updating hall of fame
2020-07-27 14:17:23,161 - root - INFO - Completed generation 188; 1.7s elapsed, 1.8s avg, 3.3e+02s total. Expected time remaining: 2.1e+01s
2020-07-27 14:17:23,210 - root - INFO - #188 MAX:accuracy.mean: 0.55
2020-07-27 14:17:23,250 - root - DEBUG - Sampled weight [-1.39447039 -0.005709    0.25514227 -0.91808265  1.81797893]
2020-07-27 14:17:24,323 - root - DEBUG - Updating hall of fame
2020-07-27 14:17:24,507 - root - INFO - Completed generation 189; 1.3s elapsed, 1.8s avg, 3.3e+02s total. Expected time remaining: 1.9e+01s
2020-07-27 14:17:24,557 - root - INFO - #189 MAX:accuracy.mean: 0.56
2020-07-27 14:17:24,597 - root - DEBUG - Sampled weight [ 1.72390298  1.84188478  0.28115875 -0.08622743  0.64571557]
2020-07-27 14:17:25,677 - root - DEBUG - Updating hall of fame
2020-07-27 14:17:26,048 - root - INFO - Completed generation 190; 1.5s elapsed, 1.8s avg, 3.3e+02s total. Expected time remaining: 1.8e+01s
2020-07-27 14:17:26,099 - root - INFO - #190 MAX:accuracy.mean: 0.6
2020-07-27 14:17:26,199 - root - DEBUG - Sampled weight [-1.94391864 -1.02865102  1.43954726  1.00908266 -1.56594846]
2020-07-27 14:17:27,286 - root - DEBUG - Updating hall of fame
2020-07-27 14:17:28,036 - root - INFO - Completed generation 191; 1.9s elapsed, 1.8s avg, 3.4e+02s total. Expected time remaining: 1.6e+01s
2020-07-27 14:17:28,086 - root - INFO - #191 MAX:accuracy.mean: 0.56
2020-07-27 14:17:28,126 - root - DEBUG - Sampled weight [-1.85313985 -0.81028689 -0.59595442  1.59870247 -1.67243524]
2020-07-27 14:17:29,207 - root - DEBUG - Updating hall of fame
2020-07-27 14:17:29,573 - root - INFO - Completed generation 192; 1.5s elapsed, 1.8s avg, 3.4e+02s total. Expected time remaining: 1.4e+01s
2020-07-27 14:17:29,623 - root - INFO - #192 MAX:accuracy.mean: 0.59
2020-07-27 14:17:29,663 - root - DEBUG - Sampled weight [ 1.22802298e+00  1.76342698e+00  7.93014770e-01 -1.62181161e-03
 -1.90069102e-01]
2020-07-27 14:17:30,733 - root - DEBUG - Updating hall of fame
2020-07-27 14:17:31,484 - root - INFO - Completed generation 193; 1.9s elapsed, 1.8s avg, 3.4e+02s total. Expected time remaining: 1.2e+01s
2020-07-27 14:17:31,534 - root - INFO - #193 MAX:accuracy.mean: 0.55
2020-07-27 14:17:31,575 - root - DEBUG - Sampled weight [-1.95995922  0.70804104  0.64176344  0.27643362  0.9183286 ]
2020-07-27 14:17:32,638 - root - DEBUG - Updating hall of fame
2020-07-27 14:17:33,186 - root - INFO - Completed generation 194; 1.7s elapsed, 1.8s avg, 3.4e+02s total. Expected time remaining: 1.1e+01s
2020-07-27 14:17:33,235 - root - INFO - #194 MAX:accuracy.mean: 0.64
2020-07-27 14:17:33,275 - root - DEBUG - Sampled weight [-0.96843278  0.36320521 -1.85979265  1.76097037  0.06184445]
2020-07-27 14:17:34,339 - root - DEBUG - Updating hall of fame
2020-07-27 14:17:35,257 - root - INFO - Completed generation 195; 2.0s elapsed, 1.8s avg, 3.4e+02s total. Expected time remaining: 8.8s
2020-07-27 14:17:35,307 - root - INFO - #195 MAX:accuracy.mean: 0.59
2020-07-27 14:17:35,346 - root - DEBUG - Sampled weight [-0.99208297 -0.60550882 -0.11366948 -0.80446884 -0.89564789]
2020-07-27 14:17:36,406 - root - DEBUG - Updating hall of fame
2020-07-27 14:17:36,592 - root - INFO - Completed generation 196; 1.3s elapsed, 1.8s avg, 3.4e+02s total. Expected time remaining: 7.0s
2020-07-27 14:17:36,641 - root - INFO - #196 MAX:accuracy.mean: 0.59
2020-07-27 14:17:36,681 - root - DEBUG - Sampled weight [-1.66160144  0.87697652  1.56459075 -1.05071818  1.95770639]
2020-07-27 14:17:37,743 - root - DEBUG - Updating hall of fame
2020-07-27 14:17:38,292 - root - INFO - Completed generation 197; 1.7s elapsed, 1.8s avg, 3.5e+02s total. Expected time remaining: 5.3s
2020-07-27 14:17:38,342 - root - INFO - #197 MAX:accuracy.mean: 0.57
2020-07-27 14:17:38,382 - root - DEBUG - Sampled weight [-1.18374021  0.93127061  0.04321456 -0.87856145 -0.78692459]
2020-07-27 14:17:39,440 - root - DEBUG - Updating hall of fame
2020-07-27 14:17:39,805 - root - INFO - Completed generation 198; 1.5s elapsed, 1.8s avg, 3.5e+02s total. Expected time remaining: 3.5s
2020-07-27 14:17:39,855 - root - INFO - #198 MAX:accuracy.mean: 0.6
2020-07-27 14:17:39,895 - root - DEBUG - Sampled weight [ 1.82198851 -1.91944807  1.83098025  1.90848387 -1.09776142]
2020-07-27 14:17:40,954 - root - DEBUG - Updating hall of fame
2020-07-27 14:17:41,687 - root - INFO - Completed generation 199; 1.8s elapsed, 1.8s avg, 3.5e+02s total. Expected time remaining: 1.8s
2020-07-27 14:17:41,737 - root - INFO - #199 MAX:accuracy.mean: 0.55
2020-07-27 14:17:41,777 - root - DEBUG - Sampled weight [ 0.82447778  0.67539169 -1.4173544  -1.30278899 -0.19312539]
2020-07-27 14:17:42,843 - root - DEBUG - Updating hall of fame
2020-07-27 14:17:43,038 - root - INFO - Completed generation 200; 1.3s elapsed, 1.8s avg, 3.5e+02s total. Expected time remaining: 0.0s
2020-07-27 14:17:43,089 - root - INFO - #200 MAX:accuracy.mean: 0.63
2020-07-27 14:17:43,294 - root - DEBUG - Loaded 150 samples.
2020-07-27 14:17:43,297 - root - INFO - Evaluating indivs in hall of fame.
2020-07-27 14:17:45,227 - root - INFO - Completed excution.
