2020-07-20 05:20:50,426 - root - INFO - Package version 0.1.1
2020-07-20 05:20:50,426 - root - INFO - Saving data at /vol/fob-vol1/mi15/plonerma/Lab/rewann/data/2020-07-20_Iris [0, 2, 5, 7, 9]; lognormal 0,0.5; signed: False_000.
2020-07-20 05:20:50,426 - root - DEBUG - Loading training dataset
2020-07-20 05:20:50,511 - root - DEBUG - Loaded 150 samples.
2020-07-20 05:20:50,511 - root - DEBUG - Running experiments with the following parameters:
debug = true
experiment_name = "Iris [0, 2, 5, 7, 9]; lognormal 0,0.5; signed: False"
experiment_path = "data/2020-07-20_Iris [0, 2, 5, 7, 9]; lognormal 0,0.5; signed: False_000"

[config]
num_workers = 1
debug = true
backend = "numpy"

[postopt]
run_postopt = true
compile_report = false
num_weights = 100
num_samples = -1

[sampling]
seed = 0
post_init_seed = false
distribution = "lognormal"
lower_bound = -2
upper_bound = 2
mean = 0
sigma = 0.5
num_weights_per_iteration = 5
num_samples_per_iteration = -1
hof_evaluation_iterations = 20

[task]
name = "iris"
sample_order_seed = 0
test_portion = 0.2
sample_length = 10
num_categories = 8

[storage]
data_base_path = "data"
log_filename = "execution.log"
commit_elite_freq = -1
commit_metrics_freq = 10

[population]
num_generations = 200
size = 100
initial_enabled_edge_prob = 0.05
initial_genes = "full"
hof_size = 10
enable_edge_signs = false
enabled_activation_funcs = [ 0, 2, 5, 7, 9,]

[selection]
use_tournaments = true
elite_ratio = 0.1
culling_ratio = 0.2
tournament_size = 5
objectives = [ "-log_loss.min", "-log_loss.mean", "-n_hidden",]
recorded_metrics = [ "accuracy", "kappa", "log_loss",]
hof_metric = "accuracy.mean"

[mutation.new_edge]
probability = 0.2
strategy = "layer_agnostic"
propability = 0.2

[mutation.new_node]
probability = 0.25
propability = 0.3

[mutation.reenable_edge]
probability = 0.05
propability = 0.1

[mutation.change_activation]
probability = 0.5
propability = 0.4

[mutation.change_edge_sign]
probability = 0.2

[mutation.new_recurrent_edge]
probability = 0.2
strategy = "any"

2020-07-20 05:20:50,544 - root - INFO - Starting evolutionary algorithm
2020-07-20 05:20:50,561 - root - DEBUG - Sampled weight [1.8417063  0.90808171 0.98347836 0.46514702 1.10887419]
2020-07-20 05:20:51,601 - root - DEBUG - Updating hall of fame
2020-07-20 05:20:53,493 - root - INFO - Completed generation 1; 2.9s elapsed, 2.9s avg, 2.9s total. Expected time remaining: 5.9e+02s
2020-07-20 05:20:53,546 - root - INFO - #1 MAX:accuracy.mean: 0.67
2020-07-20 05:20:53,585 - root - DEBUG - Sampled weight [0.85989404 0.56567456 1.11892455 0.77789307 1.98937588]
2020-07-20 05:20:54,625 - root - DEBUG - Updating hall of fame
2020-07-20 05:20:56,444 - root - INFO - Completed generation 2; 2.9s elapsed, 2.9s avg, 5.8s total. Expected time remaining: 5.8e+02s
2020-07-20 05:20:56,494 - root - INFO - #2 MAX:accuracy.mean: 0.67
2020-07-20 05:20:56,535 - root - DEBUG - Sampled weight [0.42445143 1.22450923 0.49390521 1.08595129 0.86583084]
2020-07-20 05:20:57,582 - root - DEBUG - Updating hall of fame
2020-07-20 05:20:59,396 - root - INFO - Completed generation 3; 2.9s elapsed, 2.9s avg, 8.7s total. Expected time remaining: 5.7e+02s
2020-07-20 05:20:59,447 - root - INFO - #3 MAX:accuracy.mean: 0.67
2020-07-20 05:20:59,487 - root - DEBUG - Sampled weight [1.24577915 1.15786657 1.98354928 0.29814088 0.69889236]
2020-07-20 05:21:00,557 - root - DEBUG - Updating hall of fame
2020-07-20 05:21:02,495 - root - INFO - Completed generation 4; 3.0s elapsed, 2.9s avg, 1.2e+01s total. Expected time remaining: 5.8e+02s
2020-07-20 05:21:02,549 - root - INFO - #4 MAX:accuracy.mean: 0.67
2020-07-20 05:21:02,592 - root - DEBUG - Sampled weight [0.79805817 0.85405213 2.37049855 3.77203767 1.43244665]
2020-07-20 05:21:03,712 - root - DEBUG - Updating hall of fame
2020-07-20 05:21:05,078 - root - INFO - Completed generation 5; 2.5s elapsed, 2.9s avg, 1.4e+01s total. Expected time remaining: 5.6e+02s
2020-07-20 05:21:05,132 - root - INFO - #5 MAX:accuracy.mean: 0.67
2020-07-20 05:21:05,176 - root - DEBUG - Sampled weight [0.66979422 1.68923063 0.67652271 1.98127728 0.60006758]
2020-07-20 05:21:06,276 - root - DEBUG - Updating hall of fame
2020-07-20 05:21:07,418 - root - INFO - Completed generation 6; 2.3s elapsed, 2.8s avg, 1.7e+01s total. Expected time remaining: 5.4e+02s
2020-07-20 05:21:07,470 - root - INFO - #6 MAX:accuracy.mean: 0.67
2020-07-20 05:21:07,512 - root - DEBUG - Sampled weight [0.92210805 1.05644685 1.02329789 0.73548719 2.19445088]
2020-07-20 05:21:08,586 - root - DEBUG - Updating hall of fame
2020-07-20 05:21:09,327 - root - INFO - Completed generation 7; 1.9s elapsed, 2.6s avg, 1.8e+01s total. Expected time remaining: 5.1e+02s
2020-07-20 05:21:09,378 - root - INFO - #7 MAX:accuracy.mean: 0.68
2020-07-20 05:21:09,419 - root - DEBUG - Sampled weight [1.11341985 0.57210125 0.81036986 0.81537118 1.58084187]
2020-07-20 05:21:10,469 - root - DEBUG - Updating hall of fame
2020-07-20 05:21:11,920 - root - INFO - Completed generation 8; 2.5s elapsed, 2.6s avg, 2.1e+01s total. Expected time remaining: 5e+02s
2020-07-20 05:21:11,971 - root - INFO - #8 MAX:accuracy.mean: 0.69
2020-07-20 05:21:12,011 - root - DEBUG - Sampled weight [2.00108363 0.75255028 0.62536438 2.499411   0.94478787]
2020-07-20 05:21:13,062 - root - DEBUG - Updating hall of fame
2020-07-20 05:21:14,335 - root - INFO - Completed generation 9; 2.4s elapsed, 2.6s avg, 2.3e+01s total. Expected time remaining: 5e+02s
2020-07-20 05:21:14,386 - root - INFO - #9 MAX:accuracy.mean: 0.68
2020-07-20 05:21:14,426 - root - DEBUG - Sampled weight [1.10280551 1.03247076 1.78356442 0.91044981 0.93241095]
2020-07-20 05:21:15,479 - root - DEBUG - Updating hall of fame
2020-07-20 05:21:16,211 - root - INFO - Completed generation 10; 1.8s elapsed, 2.5s avg, 2.5e+01s total. Expected time remaining: 4.8e+02s
2020-07-20 05:21:16,262 - root - INFO - #10 MAX:accuracy.mean: 0.67
2020-07-20 05:21:16,349 - root - DEBUG - Sampled weight [1.03543325 0.76031453 0.84418093 1.33855687 1.83227296]
2020-07-20 05:21:17,402 - root - DEBUG - Updating hall of fame
2020-07-20 05:21:18,133 - root - INFO - Completed generation 11; 1.8s elapsed, 2.5s avg, 2.7e+01s total. Expected time remaining: 4.6e+02s
2020-07-20 05:21:18,184 - root - INFO - #11 MAX:accuracy.mean: 0.71
2020-07-20 05:21:18,224 - root - DEBUG - Sampled weight [0.4646144  1.21074363 1.18079558 0.8534778  0.95251386]
2020-07-20 05:21:19,278 - root - DEBUG - Updating hall of fame
2020-07-20 05:21:19,823 - root - INFO - Completed generation 12; 1.6s elapsed, 2.4s avg, 2.9e+01s total. Expected time remaining: 4.5e+02s
2020-07-20 05:21:19,874 - root - INFO - #12 MAX:accuracy.mean: 0.67
2020-07-20 05:21:19,916 - root - DEBUG - Sampled weight [0.97020815 0.78889243 0.44021967 4.0568891  1.31320916]
2020-07-20 05:21:20,971 - root - DEBUG - Updating hall of fame
2020-07-20 05:21:21,703 - root - INFO - Completed generation 13; 1.8s elapsed, 2.3s avg, 3e+01s total. Expected time remaining: 4.4e+02s
2020-07-20 05:21:21,754 - root - INFO - #13 MAX:accuracy.mean: 0.67
2020-07-20 05:21:21,795 - root - DEBUG - Sampled weight [2.64622031 0.96351042 0.63699431 0.97295717 0.79824655]
2020-07-20 05:21:22,854 - root - DEBUG - Updating hall of fame
2020-07-20 05:21:23,584 - root - INFO - Completed generation 14; 1.8s elapsed, 2.3s avg, 3.2e+01s total. Expected time remaining: 4.3e+02s
2020-07-20 05:21:23,635 - root - INFO - #14 MAX:accuracy.mean: 0.67
2020-07-20 05:21:23,676 - root - DEBUG - Sampled weight [0.79501877 0.79360471 1.12580409 1.28916226 1.98573496]
2020-07-20 05:21:24,729 - root - DEBUG - Updating hall of fame
2020-07-20 05:21:25,278 - root - INFO - Completed generation 15; 1.6s elapsed, 2.3s avg, 3.4e+01s total. Expected time remaining: 4.2e+02s
2020-07-20 05:21:25,329 - root - INFO - #15 MAX:accuracy.mean: 0.69
2020-07-20 05:21:25,369 - root - DEBUG - Sampled weight [0.78945609 0.74000783 0.34068744 1.43409056 0.31840648]
2020-07-20 05:21:26,421 - root - DEBUG - Updating hall of fame
2020-07-20 05:21:27,513 - root - INFO - Completed generation 16; 2.2s elapsed, 2.3s avg, 3.6e+01s total. Expected time remaining: 4.2e+02s
2020-07-20 05:21:27,564 - root - INFO - #16 MAX:accuracy.mean: 0.69
2020-07-20 05:21:27,604 - root - DEBUG - Sampled weight [1.71659764 0.56035173 0.92851544 1.21890141 0.96368348]
2020-07-20 05:21:28,657 - root - DEBUG - Updating hall of fame
2020-07-20 05:21:29,380 - root - INFO - Completed generation 17; 1.8s elapsed, 2.2s avg, 3.8e+01s total. Expected time remaining: 4.1e+02s
2020-07-20 05:21:29,430 - root - INFO - #17 MAX:accuracy.mean: 0.67
2020-07-20 05:21:29,470 - root - DEBUG - Sampled weight [2.00318754 0.46947141 0.81672008 0.87798256 0.79161739]
2020-07-20 05:21:30,530 - root - DEBUG - Updating hall of fame
2020-07-20 05:21:31,079 - root - INFO - Completed generation 18; 1.6s elapsed, 2.2s avg, 4e+01s total. Expected time remaining: 4e+02s
2020-07-20 05:21:31,131 - root - INFO - #18 MAX:accuracy.mean: 0.67
2020-07-20 05:21:31,171 - root - DEBUG - Sampled weight [0.40307229 0.34361454 1.15294739 0.86336317 1.41309813]
2020-07-20 05:21:32,232 - root - DEBUG - Updating hall of fame
2020-07-20 05:21:32,961 - root - INFO - Completed generation 19; 1.8s elapsed, 2.2s avg, 4.1e+01s total. Expected time remaining: 3.9e+02s
2020-07-20 05:21:33,012 - root - INFO - #19 MAX:accuracy.mean: 0.67
2020-07-20 05:21:33,053 - root - DEBUG - Sampled weight [0.82287717 1.16742204 3.27089051 0.89228313 0.7332893 ]
2020-07-20 05:21:34,118 - root - DEBUG - Updating hall of fame
2020-07-20 05:21:34,300 - root - INFO - Completed generation 20; 1.3s elapsed, 2.1s avg, 4.3e+01s total. Expected time remaining: 3.8e+02s
2020-07-20 05:21:34,351 - root - INFO - #20 MAX:accuracy.mean: 0.67
2020-07-20 05:21:34,430 - root - DEBUG - Sampled weight [0.48780334 1.30504749 0.84266511 0.73323548 0.98329531]
2020-07-20 05:21:35,492 - root - DEBUG - Updating hall of fame
2020-07-20 05:21:35,680 - root - INFO - Completed generation 21; 1.3s elapsed, 2.1s avg, 4.4e+01s total. Expected time remaining: 3.8e+02s
2020-07-20 05:21:35,731 - root - INFO - #21 MAX:accuracy.mean: 0.67
2020-07-20 05:21:35,771 - root - DEBUG - Sampled weight [0.60422346 1.21115804 1.33354459 1.8352584  0.47306009]
2020-07-20 05:21:36,830 - root - DEBUG - Updating hall of fame
2020-07-20 05:21:37,375 - root - INFO - Completed generation 22; 1.6s elapsed, 2.1s avg, 4.6e+01s total. Expected time remaining: 3.7e+02s
2020-07-20 05:21:37,426 - root - INFO - #22 MAX:accuracy.mean: 0.67
2020-07-20 05:21:37,466 - root - DEBUG - Sampled weight [0.64577446 1.24934582 1.2620678  0.84091684 0.82234214]
2020-07-20 05:21:38,525 - root - DEBUG - Updating hall of fame
2020-07-20 05:21:39,075 - root - INFO - Completed generation 23; 1.6s elapsed, 2.1s avg, 4.7e+01s total. Expected time remaining: 3.6e+02s
2020-07-20 05:21:39,126 - root - INFO - #23 MAX:accuracy.mean: 0.67
2020-07-20 05:21:39,167 - root - DEBUG - Sampled weight [2.08764681 1.07084178 1.28710875 1.58532467 1.1987841 ]
2020-07-20 05:21:40,230 - root - DEBUG - Updating hall of fame
2020-07-20 05:21:40,773 - root - INFO - Completed generation 24; 1.6s elapsed, 2.0s avg, 4.9e+01s total. Expected time remaining: 3.6e+02s
2020-07-20 05:21:40,824 - root - INFO - #24 MAX:accuracy.mean: 0.67
2020-07-20 05:21:40,864 - root - DEBUG - Sampled weight [0.59962491 2.18141076 1.0425364  0.50761267 1.79499959]
2020-07-20 05:21:41,921 - root - DEBUG - Updating hall of fame
2020-07-20 05:21:42,836 - root - INFO - Completed generation 25; 2.0s elapsed, 2.0s avg, 5.1e+01s total. Expected time remaining: 3.6e+02s
2020-07-20 05:21:42,887 - root - INFO - #25 MAX:accuracy.mean: 0.69
2020-07-20 05:21:42,927 - root - DEBUG - Sampled weight [0.41635438 0.72162975 1.37579524 1.12873108 1.05545875]
2020-07-20 05:21:43,983 - root - DEBUG - Updating hall of fame
2020-07-20 05:21:43,984 - root - INFO - Completed generation 26; 1.1s elapsed, 2.0s avg, 5.2e+01s total. Expected time remaining: 3.5e+02s
2020-07-20 05:21:44,035 - root - INFO - #26 MAX:accuracy.mean: 0.67
2020-07-20 05:21:44,077 - root - DEBUG - Sampled weight [0.50584462 0.80077327 2.22828107 0.60491646 1.44398828]
2020-07-20 05:21:45,142 - root - DEBUG - Updating hall of fame
2020-07-20 05:21:46,050 - root - INFO - Completed generation 27; 2.0s elapsed, 2.0s avg, 5.4e+01s total. Expected time remaining: 3.5e+02s
2020-07-20 05:21:46,102 - root - INFO - #27 MAX:accuracy.mean: 0.67
2020-07-20 05:21:46,143 - root - DEBUG - Sampled weight [0.89438063 0.91285109 0.70429304 0.42694984 0.53178062]
2020-07-20 05:21:47,217 - root - DEBUG - Updating hall of fame
2020-07-20 05:21:47,959 - root - INFO - Completed generation 28; 1.9s elapsed, 2.0s avg, 5.6e+01s total. Expected time remaining: 3.4e+02s
2020-07-20 05:21:48,010 - root - INFO - #28 MAX:accuracy.mean: 0.67
2020-07-20 05:21:48,050 - root - DEBUG - Sampled weight [1.07157303 1.11825745 0.67132694 0.69947128 2.06420548]
2020-07-20 05:21:49,115 - root - DEBUG - Updating hall of fame
2020-07-20 05:21:49,477 - root - INFO - Completed generation 29; 1.5s elapsed, 2.0s avg, 5.7e+01s total. Expected time remaining: 3.4e+02s
2020-07-20 05:21:49,528 - root - INFO - #29 MAX:accuracy.mean: 0.68
2020-07-20 05:21:49,570 - root - DEBUG - Sampled weight [1.68531117 1.58689519 1.88905972 1.53104496 0.80395931]
2020-07-20 05:21:50,638 - root - DEBUG - Updating hall of fame
2020-07-20 05:21:51,193 - root - INFO - Completed generation 30; 1.7s elapsed, 2.0s avg, 5.9e+01s total. Expected time remaining: 3.3e+02s
2020-07-20 05:21:51,244 - root - INFO - #30 MAX:accuracy.mean: 0.71
2020-07-20 05:21:51,345 - root - DEBUG - Sampled weight [0.79002854 1.03857553 0.53521106 1.05049733 0.96641696]
2020-07-20 05:21:52,418 - root - DEBUG - Updating hall of fame
2020-07-20 05:21:53,348 - root - INFO - Completed generation 31; 2.0s elapsed, 2.0s avg, 6.1e+01s total. Expected time remaining: 3.3e+02s
2020-07-20 05:21:53,399 - root - INFO - #31 MAX:accuracy.mean: 0.67
2020-07-20 05:21:53,441 - root - DEBUG - Sampled weight [1.52582317 0.80295595 1.2755055  0.78630625 1.08313338]
2020-07-20 05:21:54,520 - root - DEBUG - Updating hall of fame
2020-07-20 05:21:54,885 - root - INFO - Completed generation 32; 1.5s elapsed, 2.0s avg, 6.3e+01s total. Expected time remaining: 3.3e+02s
2020-07-20 05:21:54,937 - root - INFO - #32 MAX:accuracy.mean: 0.71
2020-07-20 05:21:54,976 - root - DEBUG - Sampled weight [1.48429556 1.39759889 0.95473182 0.89872209 2.03410089]
2020-07-20 05:21:56,031 - root - DEBUG - Updating hall of fame
2020-07-20 05:21:56,767 - root - INFO - Completed generation 33; 1.8s elapsed, 2.0s avg, 6.4e+01s total. Expected time remaining: 3.3e+02s
2020-07-20 05:21:56,818 - root - INFO - #33 MAX:accuracy.mean: 0.67
2020-07-20 05:21:56,859 - root - DEBUG - Sampled weight [1.03512725 0.85637898 0.82755826 1.13641951 1.44777887]
2020-07-20 05:21:57,915 - root - DEBUG - Updating hall of fame
2020-07-20 05:21:58,469 - root - INFO - Completed generation 34; 1.7s elapsed, 1.9s avg, 6.6e+01s total. Expected time remaining: 3.2e+02s
2020-07-20 05:21:58,520 - root - INFO - #34 MAX:accuracy.mean: 0.69
2020-07-20 05:21:58,560 - root - DEBUG - Sampled weight [0.92951876 0.88176411 0.4049477  0.55446821 0.80369716]
2020-07-20 05:21:59,613 - root - DEBUG - Updating hall of fame
2020-07-20 05:22:00,532 - root - INFO - Completed generation 35; 2.0s elapsed, 1.9s avg, 6.8e+01s total. Expected time remaining: 3.2e+02s
2020-07-20 05:22:00,584 - root - INFO - #35 MAX:accuracy.mean: 0.67
2020-07-20 05:22:00,624 - root - DEBUG - Sampled weight [0.46633493 0.3636077  0.65116786 0.66781615 0.41187993]
2020-07-20 05:22:01,684 - root - DEBUG - Updating hall of fame
2020-07-20 05:22:02,448 - root - INFO - Completed generation 36; 1.9s elapsed, 1.9s avg, 7e+01s total. Expected time remaining: 3.2e+02s
2020-07-20 05:22:02,503 - root - INFO - #36 MAX:accuracy.mean: 0.67
2020-07-20 05:22:02,545 - root - DEBUG - Sampled weight [1.54577684 1.05735537 0.37989788 0.75773199 1.87012348]
2020-07-20 05:22:03,684 - root - DEBUG - Updating hall of fame
2020-07-20 05:22:03,896 - root - INFO - Completed generation 37; 1.4s elapsed, 1.9s avg, 7.1e+01s total. Expected time remaining: 3.1e+02s
2020-07-20 05:22:03,950 - root - INFO - #37 MAX:accuracy.mean: 0.68
2020-07-20 05:22:03,994 - root - DEBUG - Sampled weight [0.99649881 1.49251172 1.68900138 1.07141343 2.02817973]
2020-07-20 05:22:05,126 - root - DEBUG - Updating hall of fame
2020-07-20 05:22:06,107 - root - INFO - Completed generation 38; 2.2s elapsed, 1.9s avg, 7.4e+01s total. Expected time remaining: 3.1e+02s
2020-07-20 05:22:06,193 - root - INFO - #38 MAX:accuracy.mean: 0.67
2020-07-20 05:22:06,236 - root - DEBUG - Sampled weight [0.79829674 0.6296548  1.19966376 0.83112942 1.96377432]
2020-07-20 05:22:07,324 - root - DEBUG - Updating hall of fame
2020-07-20 05:22:08,078 - root - INFO - Completed generation 39; 1.9s elapsed, 1.9s avg, 7.5e+01s total. Expected time remaining: 3.1e+02s
2020-07-20 05:22:08,131 - root - INFO - #39 MAX:accuracy.mean: 0.67
2020-07-20 05:22:08,173 - root - DEBUG - Sampled weight [0.77018817 1.45772873 0.8066059  1.1796283  1.03475044]
2020-07-20 05:22:09,264 - root - DEBUG - Updating hall of fame
2020-07-20 05:22:10,013 - root - INFO - Completed generation 40; 1.9s elapsed, 1.9s avg, 7.7e+01s total. Expected time remaining: 3.1e+02s
2020-07-20 05:22:10,064 - root - INFO - #40 MAX:accuracy.mean: 0.73
2020-07-20 05:22:10,147 - root - DEBUG - Sampled weight [1.311016   1.32533834 1.13879857 1.0571894  1.08759978]
2020-07-20 05:22:11,205 - root - DEBUG - Updating hall of fame
2020-07-20 05:22:12,298 - root - INFO - Completed generation 41; 2.2s elapsed, 1.9s avg, 7.9e+01s total. Expected time remaining: 3.1e+02s
2020-07-20 05:22:12,349 - root - INFO - #41 MAX:accuracy.mean: 0.67
2020-07-20 05:22:12,389 - root - DEBUG - Sampled weight [1.05203333 1.2918091  1.24930351 0.85556637 0.94493795]
2020-07-20 05:22:13,449 - root - DEBUG - Updating hall of fame
2020-07-20 05:22:14,003 - root - INFO - Completed generation 42; 1.7s elapsed, 1.9s avg, 8.1e+01s total. Expected time remaining: 3.1e+02s
2020-07-20 05:22:14,054 - root - INFO - #42 MAX:accuracy.mean: 0.68
2020-07-20 05:22:14,095 - root - DEBUG - Sampled weight [1.76456614 1.04250502 0.88095661 0.63094534 0.7907908 ]
2020-07-20 05:22:15,150 - root - DEBUG - Updating hall of fame
2020-07-20 05:22:15,518 - root - INFO - Completed generation 43; 1.5s elapsed, 1.9s avg, 8.3e+01s total. Expected time remaining: 3e+02s
2020-07-20 05:22:15,569 - root - INFO - #43 MAX:accuracy.mean: 0.67
2020-07-20 05:22:15,610 - root - DEBUG - Sampled weight [0.81198143 0.67438098 1.2996198  1.35834365 0.52791204]
2020-07-20 05:22:16,672 - root - DEBUG - Updating hall of fame
2020-07-20 05:22:17,770 - root - INFO - Completed generation 44; 2.2s elapsed, 1.9s avg, 8.5e+01s total. Expected time remaining: 3e+02s
2020-07-20 05:22:17,821 - root - INFO - #44 MAX:accuracy.mean: 0.69
2020-07-20 05:22:17,861 - root - DEBUG - Sampled weight [1.17667438 0.73709903 0.94442452 0.69759429 1.05398391]
2020-07-20 05:22:18,920 - root - DEBUG - Updating hall of fame
2020-07-20 05:22:19,286 - root - INFO - Completed generation 45; 1.5s elapsed, 1.9s avg, 8.6e+01s total. Expected time remaining: 3e+02s
2020-07-20 05:22:19,337 - root - INFO - #45 MAX:accuracy.mean: 0.71
2020-07-20 05:22:19,377 - root - DEBUG - Sampled weight [1.7082579  1.29392894 1.48203694 1.63024149 1.08821135]
2020-07-20 05:22:20,442 - root - DEBUG - Updating hall of fame
2020-07-20 05:22:21,176 - root - INFO - Completed generation 46; 1.8s elapsed, 1.9s avg, 8.8e+01s total. Expected time remaining: 2.9e+02s
2020-07-20 05:22:21,228 - root - INFO - #46 MAX:accuracy.mean: 0.68
2020-07-20 05:22:21,268 - root - DEBUG - Sampled weight [1.29069748 1.0689732  0.80868714 0.74753825 0.8868586 ]
2020-07-20 05:22:22,323 - root - DEBUG - Updating hall of fame
2020-07-20 05:22:23,067 - root - INFO - Completed generation 47; 1.8s elapsed, 1.9s avg, 9e+01s total. Expected time remaining: 2.9e+02s
2020-07-20 05:22:23,119 - root - INFO - #47 MAX:accuracy.mean: 0.72
2020-07-20 05:22:23,159 - root - DEBUG - Sampled weight [1.93050521 1.55980102 0.36736526 0.69854041 1.1099882 ]
2020-07-20 05:22:24,221 - root - DEBUG - Updating hall of fame
2020-07-20 05:22:25,311 - root - INFO - Completed generation 48; 2.2s elapsed, 1.9s avg, 9.2e+01s total. Expected time remaining: 2.9e+02s
2020-07-20 05:22:25,362 - root - INFO - #48 MAX:accuracy.mean: 0.67
2020-07-20 05:22:25,404 - root - DEBUG - Sampled weight [1.39184369 1.77384851 1.13703117 0.81398803 2.00515776]
2020-07-20 05:22:26,469 - root - DEBUG - Updating hall of fame
2020-07-20 05:22:26,650 - root - INFO - Completed generation 49; 1.3s elapsed, 1.9s avg, 9.3e+01s total. Expected time remaining: 2.9e+02s
2020-07-20 05:22:26,701 - root - INFO - #49 MAX:accuracy.mean: 0.68
2020-07-20 05:22:26,742 - root - DEBUG - Sampled weight [1.65526752 1.47743724 1.34069384 2.31231151 0.7111706 ]
2020-07-20 05:22:27,801 - root - DEBUG - Updating hall of fame
2020-07-20 05:22:28,904 - root - INFO - Completed generation 50; 2.2s elapsed, 1.9s avg, 9.6e+01s total. Expected time remaining: 2.9e+02s
2020-07-20 05:22:28,955 - root - INFO - #50 MAX:accuracy.mean: 0.71
2020-07-20 05:22:29,055 - root - DEBUG - Sampled weight [1.08721201 1.34134906 0.57467365 2.38291972 0.61620713]
2020-07-20 05:22:30,108 - root - DEBUG - Updating hall of fame
2020-07-20 05:22:30,473 - root - INFO - Completed generation 51; 1.5s elapsed, 1.9s avg, 9.7e+01s total. Expected time remaining: 2.8e+02s
2020-07-20 05:22:30,525 - root - INFO - #51 MAX:accuracy.mean: 0.7
2020-07-20 05:22:30,566 - root - DEBUG - Sampled weight [0.92566209 1.62885382 0.67842384 0.73173161 0.97161012]
2020-07-20 05:22:31,629 - root - DEBUG - Updating hall of fame
2020-07-20 05:22:32,366 - root - INFO - Completed generation 52; 1.8s elapsed, 1.9s avg, 9.9e+01s total. Expected time remaining: 2.8e+02s
2020-07-20 05:22:32,417 - root - INFO - #52 MAX:accuracy.mean: 0.71
2020-07-20 05:22:32,458 - root - DEBUG - Sampled weight [2.92736022 1.02412696 1.02928546 1.459298   1.48890016]
2020-07-20 05:22:33,518 - root - DEBUG - Updating hall of fame
2020-07-20 05:22:34,619 - root - INFO - Completed generation 53; 2.2s elapsed, 1.9s avg, 1e+02s total. Expected time remaining: 2.8e+02s
2020-07-20 05:22:34,670 - root - INFO - #53 MAX:accuracy.mean: 0.67
2020-07-20 05:22:34,711 - root - DEBUG - Sampled weight [1.29625077 0.33947471 0.79790363 1.90386551 1.54703401]
2020-07-20 05:22:35,775 - root - DEBUG - Updating hall of fame
2020-07-20 05:22:35,962 - root - INFO - Completed generation 54; 1.3s elapsed, 1.9s avg, 1e+02s total. Expected time remaining: 2.8e+02s
2020-07-20 05:22:36,013 - root - INFO - #54 MAX:accuracy.mean: 0.67
2020-07-20 05:22:36,054 - root - DEBUG - Sampled weight [0.64784147 1.02854129 0.48852934 1.01260108 1.04997008]
2020-07-20 05:22:37,117 - root - DEBUG - Updating hall of fame
2020-07-20 05:22:37,850 - root - INFO - Completed generation 55; 1.8s elapsed, 1.9s avg, 1e+02s total. Expected time remaining: 2.7e+02s
2020-07-20 05:22:37,901 - root - INFO - #55 MAX:accuracy.mean: 0.85
2020-07-20 05:22:37,941 - root - DEBUG - Sampled weight [1.20902286 1.54219961 1.69011048 0.94384708 1.3897842 ]
2020-07-20 05:22:39,001 - root - DEBUG - Updating hall of fame
2020-07-20 05:22:39,736 - root - INFO - Completed generation 56; 1.8s elapsed, 1.9s avg, 1.1e+02s total. Expected time remaining: 2.7e+02s
2020-07-20 05:22:39,787 - root - INFO - #56 MAX:accuracy.mean: 0.82
2020-07-20 05:22:39,828 - root - DEBUG - Sampled weight [1.64050999 0.63121505 0.52558203 0.8185397  0.99112821]
2020-07-20 05:22:40,885 - root - DEBUG - Updating hall of fame
2020-07-20 05:22:41,803 - root - INFO - Completed generation 57; 2.0s elapsed, 1.9s avg, 1.1e+02s total. Expected time remaining: 2.7e+02s
2020-07-20 05:22:41,854 - root - INFO - #57 MAX:accuracy.mean: 0.8
2020-07-20 05:22:41,896 - root - DEBUG - Sampled weight [1.39819125 1.23678408 2.66610473 0.57304247 0.49573478]
2020-07-20 05:22:42,967 - root - DEBUG - Updating hall of fame
2020-07-20 05:22:43,540 - root - INFO - Completed generation 58; 1.7s elapsed, 1.9s avg, 1.1e+02s total. Expected time remaining: 2.7e+02s
2020-07-20 05:22:43,591 - root - INFO - #58 MAX:accuracy.mean: 0.79
2020-07-20 05:22:43,632 - root - DEBUG - Sampled weight [1.0897096  2.1085     0.5718622  0.53641238 0.93214837]
2020-07-20 05:22:44,694 - root - DEBUG - Updating hall of fame
2020-07-20 05:22:45,446 - root - INFO - Completed generation 59; 1.9s elapsed, 1.9s avg, 1.1e+02s total. Expected time remaining: 2.7e+02s
2020-07-20 05:22:45,497 - root - INFO - #59 MAX:accuracy.mean: 0.79
2020-07-20 05:22:45,538 - root - DEBUG - Sampled weight [1.19044432 1.95615821 1.40821327 2.43573652 1.5195579 ]
2020-07-20 05:22:46,610 - root - DEBUG - Updating hall of fame
2020-07-20 05:22:47,352 - root - INFO - Completed generation 60; 1.9s elapsed, 1.9s avg, 1.1e+02s total. Expected time remaining: 2.6e+02s
2020-07-20 05:22:47,403 - root - INFO - #60 MAX:accuracy.mean: 0.79
2020-07-20 05:22:47,501 - root - DEBUG - Sampled weight [0.56011266 0.88970763 1.49003579 0.66164049 1.78837944]
2020-07-20 05:22:48,566 - root - DEBUG - Updating hall of fame
2020-07-20 05:22:49,317 - root - INFO - Completed generation 61; 1.9s elapsed, 1.9s avg, 1.2e+02s total. Expected time remaining: 2.6e+02s
2020-07-20 05:22:49,368 - root - INFO - #61 MAX:accuracy.mean: 0.79
2020-07-20 05:22:49,409 - root - DEBUG - Sampled weight [1.05450828 0.82714873 0.85433013 0.54618693 0.33879789]
2020-07-20 05:22:50,478 - root - DEBUG - Updating hall of fame
2020-07-20 05:22:51,781 - root - INFO - Completed generation 62; 2.4s elapsed, 1.9s avg, 1.2e+02s total. Expected time remaining: 2.6e+02s
2020-07-20 05:22:51,831 - root - INFO - #62 MAX:accuracy.mean: 0.81
2020-07-20 05:22:51,873 - root - DEBUG - Sampled weight [0.62897741 0.88581046 0.85775268 0.63577776 1.48822315]
2020-07-20 05:22:52,937 - root - DEBUG - Updating hall of fame
2020-07-20 05:22:53,876 - root - INFO - Completed generation 63; 2.0s elapsed, 1.9s avg, 1.2e+02s total. Expected time remaining: 2.6e+02s
2020-07-20 05:22:53,927 - root - INFO - #63 MAX:accuracy.mean: 0.83
2020-07-20 05:22:53,968 - root - DEBUG - Sampled weight [0.6496301  1.3248269  1.55651116 1.03410303 0.45022668]
2020-07-20 05:22:55,044 - root - DEBUG - Updating hall of fame
2020-07-20 05:22:55,619 - root - INFO - Completed generation 64; 1.7s elapsed, 1.9s avg, 1.2e+02s total. Expected time remaining: 2.6e+02s
2020-07-20 05:22:55,670 - root - INFO - #64 MAX:accuracy.mean: 0.9
2020-07-20 05:22:55,712 - root - DEBUG - Sampled weight [0.70621115 0.69931526 1.72795043 0.85770421 1.49041304]
2020-07-20 05:22:56,780 - root - DEBUG - Updating hall of fame
2020-07-20 05:22:57,524 - root - INFO - Completed generation 65; 1.9s elapsed, 1.9s avg, 1.2e+02s total. Expected time remaining: 2.6e+02s
2020-07-20 05:22:57,575 - root - INFO - #65 MAX:accuracy.mean: 0.93
2020-07-20 05:22:57,616 - root - DEBUG - Sampled weight [0.66785374 1.0250421  0.65297458 0.20001594 1.32823175]
2020-07-20 05:22:58,690 - root - DEBUG - Updating hall of fame
2020-07-20 05:22:59,432 - root - INFO - Completed generation 66; 1.9s elapsed, 1.9s avg, 1.3e+02s total. Expected time remaining: 2.5e+02s
2020-07-20 05:22:59,483 - root - INFO - #66 MAX:accuracy.mean: 0.9
2020-07-20 05:22:59,524 - root - DEBUG - Sampled weight [0.97296327 0.66544324 2.15225703 0.71697326 1.85475553]
2020-07-20 05:23:00,593 - root - DEBUG - Updating hall of fame
2020-07-20 05:23:01,170 - root - INFO - Completed generation 67; 1.7s elapsed, 1.9s avg, 1.3e+02s total. Expected time remaining: 2.5e+02s
2020-07-20 05:23:01,221 - root - INFO - #67 MAX:accuracy.mean: 0.9
2020-07-20 05:23:01,261 - root - DEBUG - Sampled weight [0.90867926 1.95702913 0.81862031 0.87343187 0.72049423]
2020-07-20 05:23:02,372 - root - DEBUG - Updating hall of fame
2020-07-20 05:23:03,166 - root - INFO - Completed generation 68; 1.9s elapsed, 1.9s avg, 1.3e+02s total. Expected time remaining: 2.5e+02s
2020-07-20 05:23:03,222 - root - INFO - #68 MAX:accuracy.mean: 0.94
2020-07-20 05:23:03,266 - root - DEBUG - Sampled weight [0.57339069 1.14718445 1.92744948 0.99347475 0.7507509 ]
2020-07-20 05:23:04,419 - root - DEBUG - Updating hall of fame
2020-07-20 05:23:05,435 - root - INFO - Completed generation 69; 2.2s elapsed, 1.9s avg, 1.3e+02s total. Expected time remaining: 2.5e+02s
2020-07-20 05:23:05,490 - root - INFO - #69 MAX:accuracy.mean: 0.92
2020-07-20 05:23:05,533 - root - DEBUG - Sampled weight [1.03924023 0.65486922 1.11519815 2.10697204 0.92630761]
2020-07-20 05:23:06,622 - root - DEBUG - Updating hall of fame
2020-07-20 05:23:07,568 - root - INFO - Completed generation 70; 2.1s elapsed, 1.9s avg, 1.3e+02s total. Expected time remaining: 2.5e+02s
2020-07-20 05:23:07,619 - root - INFO - #70 MAX:accuracy.mean: 0.92
2020-07-20 05:23:07,721 - root - DEBUG - Sampled weight [0.6795181  0.58573943 0.92306393 0.80675635 0.73230153]
2020-07-20 05:23:08,807 - root - DEBUG - Updating hall of fame
2020-07-20 05:23:09,562 - root - INFO - Completed generation 71; 1.9s elapsed, 1.9s avg, 1.4e+02s total. Expected time remaining: 2.5e+02s
2020-07-20 05:23:09,613 - root - INFO - #71 MAX:accuracy.mean: 0.95
2020-07-20 05:23:09,655 - root - DEBUG - Sampled weight [2.39900197 1.39203625 1.47173744 1.32272033 2.19920617]
2020-07-20 05:23:10,741 - root - DEBUG - Updating hall of fame
2020-07-20 05:23:11,682 - root - INFO - Completed generation 72; 2.1s elapsed, 1.9s avg, 1.4e+02s total. Expected time remaining: 2.4e+02s
2020-07-20 05:23:11,733 - root - INFO - #72 MAX:accuracy.mean: 0.92
2020-07-20 05:23:11,774 - root - DEBUG - Sampled weight [1.13346325 1.04870651 2.0957027  1.05857636 0.92046013]
2020-07-20 05:23:12,843 - root - DEBUG - Updating hall of fame
2020-07-20 05:23:13,582 - root - INFO - Completed generation 73; 1.8s elapsed, 1.9s avg, 1.4e+02s total. Expected time remaining: 2.4e+02s
2020-07-20 05:23:13,633 - root - INFO - #73 MAX:accuracy.mean: 0.87
2020-07-20 05:23:13,675 - root - DEBUG - Sampled weight [1.57272248 0.68676814 0.60534625 0.78713239 0.90927229]
2020-07-20 05:23:14,748 - root - DEBUG - Updating hall of fame
2020-07-20 05:23:15,492 - root - INFO - Completed generation 74; 1.9s elapsed, 1.9s avg, 1.4e+02s total. Expected time remaining: 2.4e+02s
2020-07-20 05:23:15,544 - root - INFO - #74 MAX:accuracy.mean: 0.93
2020-07-20 05:23:15,585 - root - DEBUG - Sampled weight [0.69054474 0.74732471 0.61353119 1.54055565 0.47011995]
2020-07-20 05:23:16,657 - root - DEBUG - Updating hall of fame
2020-07-20 05:23:17,219 - root - INFO - Completed generation 75; 1.7s elapsed, 1.9s avg, 1.4e+02s total. Expected time remaining: 2.4e+02s
2020-07-20 05:23:17,270 - root - INFO - #75 MAX:accuracy.mean: 0.84
2020-07-20 05:23:17,309 - root - DEBUG - Sampled weight [0.81678366 0.39948816 0.4501458  1.02101709 0.73105663]
2020-07-20 05:23:18,388 - root - DEBUG - Updating hall of fame
2020-07-20 05:23:18,756 - root - INFO - Completed generation 76; 1.5s elapsed, 1.9s avg, 1.4e+02s total. Expected time remaining: 2.3e+02s
2020-07-20 05:23:18,807 - root - INFO - #76 MAX:accuracy.mean: 0.84
2020-07-20 05:23:18,848 - root - DEBUG - Sampled weight [2.89965278 1.18901478 1.93812026 0.36991454 1.44993315]
2020-07-20 05:23:19,927 - root - DEBUG - Updating hall of fame
2020-07-20 05:23:20,480 - root - INFO - Completed generation 77; 1.7s elapsed, 1.9s avg, 1.5e+02s total. Expected time remaining: 2.3e+02s
2020-07-20 05:23:20,531 - root - INFO - #77 MAX:accuracy.mean: 0.87
2020-07-20 05:23:20,571 - root - DEBUG - Sampled weight [0.94066825 1.59120336 0.61946286 1.46504416 0.26625095]
2020-07-20 05:23:21,645 - root - DEBUG - Updating hall of fame
2020-07-20 05:23:22,200 - root - INFO - Completed generation 78; 1.7s elapsed, 1.9s avg, 1.5e+02s total. Expected time remaining: 2.3e+02s
2020-07-20 05:23:22,252 - root - INFO - #78 MAX:accuracy.mean: 0.84
2020-07-20 05:23:22,294 - root - DEBUG - Sampled weight [1.15623161 0.23223356 1.99806915 0.98025959 0.38748044]
2020-07-20 05:23:23,433 - root - DEBUG - Updating hall of fame
2020-07-20 05:23:23,833 - root - INFO - Completed generation 79; 1.6s elapsed, 1.9s avg, 1.5e+02s total. Expected time remaining: 2.3e+02s
2020-07-20 05:23:23,888 - root - INFO - #79 MAX:accuracy.mean: 0.83
2020-07-20 05:23:23,931 - root - DEBUG - Sampled weight [0.77533307 0.94760466 1.39072628 0.56469726 1.03700748]
2020-07-20 05:23:25,081 - root - DEBUG - Updating hall of fame
2020-07-20 05:23:25,284 - root - INFO - Completed generation 80; 1.4s elapsed, 1.9s avg, 1.5e+02s total. Expected time remaining: 2.3e+02s
2020-07-20 05:23:25,339 - root - INFO - #80 MAX:accuracy.mean: 0.89
2020-07-20 05:23:25,437 - root - DEBUG - Sampled weight [0.55306758 0.97587337 1.37046092 2.10805216 1.16886128]
2020-07-20 05:23:26,570 - root - DEBUG - Updating hall of fame
2020-07-20 05:23:27,686 - root - INFO - Completed generation 81; 2.3s elapsed, 1.9s avg, 1.5e+02s total. Expected time remaining: 2.2e+02s
2020-07-20 05:23:27,738 - root - INFO - #81 MAX:accuracy.mean: 0.86
2020-07-20 05:23:27,778 - root - DEBUG - Sampled weight [0.80614998 0.76477583 0.94984426 1.24610089 0.60391168]
2020-07-20 05:23:28,853 - root - DEBUG - Updating hall of fame
2020-07-20 05:23:29,782 - root - INFO - Completed generation 82; 2.0s elapsed, 1.9s avg, 1.5e+02s total. Expected time remaining: 2.2e+02s
2020-07-20 05:23:29,833 - root - INFO - #82 MAX:accuracy.mean: 0.88
2020-07-20 05:23:29,873 - root - DEBUG - Sampled weight [0.47160455 0.60627686 1.00700182 0.49055674 1.92617039]
2020-07-20 05:23:30,958 - root - DEBUG - Updating hall of fame
2020-07-20 05:23:31,887 - root - INFO - Completed generation 83; 2.1s elapsed, 1.9s avg, 1.6e+02s total. Expected time remaining: 2.2e+02s
2020-07-20 05:23:31,938 - root - INFO - #83 MAX:accuracy.mean: 0.85
2020-07-20 05:23:31,979 - root - DEBUG - Sampled weight [0.51661943 1.13393551 0.70646571 2.00992741 1.68550579]
2020-07-20 05:23:33,060 - root - DEBUG - Updating hall of fame
2020-07-20 05:23:33,612 - root - INFO - Completed generation 84; 1.7s elapsed, 1.9s avg, 1.6e+02s total. Expected time remaining: 2.2e+02s
2020-07-20 05:23:33,663 - root - INFO - #84 MAX:accuracy.mean: 0.84
2020-07-20 05:23:33,705 - root - DEBUG - Sampled weight [1.18227781 0.94924423 0.67484827 0.46476118 0.41736225]
2020-07-20 05:23:34,795 - root - DEBUG - Updating hall of fame
2020-07-20 05:23:35,727 - root - INFO - Completed generation 85; 2.1s elapsed, 1.9s avg, 1.6e+02s total. Expected time remaining: 2.2e+02s
2020-07-20 05:23:35,778 - root - INFO - #85 MAX:accuracy.mean: 0.84
2020-07-20 05:23:35,819 - root - DEBUG - Sampled weight [1.5313709  1.49262804 0.75925974 0.33019583 0.53825317]
2020-07-20 05:23:36,903 - root - DEBUG - Updating hall of fame
2020-07-20 05:23:37,089 - root - INFO - Completed generation 86; 1.3s elapsed, 1.9s avg, 1.6e+02s total. Expected time remaining: 2.1e+02s
2020-07-20 05:23:37,141 - root - INFO - #86 MAX:accuracy.mean: 0.83
2020-07-20 05:23:37,182 - root - DEBUG - Sampled weight [1.9419353  0.96527552 0.2504854  1.55065803 2.3802559 ]
2020-07-20 05:23:38,257 - root - DEBUG - Updating hall of fame
2020-07-20 05:23:38,819 - root - INFO - Completed generation 87; 1.7s elapsed, 1.9s avg, 1.6e+02s total. Expected time remaining: 2.1e+02s
2020-07-20 05:23:38,870 - root - INFO - #87 MAX:accuracy.mean: 0.85
2020-07-20 05:23:38,911 - root - DEBUG - Sampled weight [1.69558697 0.79947382 0.58813232 0.4774168  0.65686851]
2020-07-20 05:23:39,993 - root - DEBUG - Updating hall of fame
2020-07-20 05:23:40,377 - root - INFO - Completed generation 88; 1.5s elapsed, 1.9s avg, 1.6e+02s total. Expected time remaining: 2.1e+02s
2020-07-20 05:23:40,428 - root - INFO - #88 MAX:accuracy.mean: 0.87
2020-07-20 05:23:40,469 - root - DEBUG - Sampled weight [0.69565347 0.24717137 0.62999143 0.86315666 1.2300053 ]
2020-07-20 05:23:41,556 - root - DEBUG - Updating hall of fame
2020-07-20 05:23:42,110 - root - INFO - Completed generation 89; 1.7s elapsed, 1.9s avg, 1.7e+02s total. Expected time remaining: 2.1e+02s
2020-07-20 05:23:42,162 - root - INFO - #89 MAX:accuracy.mean: 0.82
2020-07-20 05:23:42,203 - root - DEBUG - Sampled weight [1.05610171 1.16211417 1.6014311  0.80854042 0.44219507]
2020-07-20 05:23:43,287 - root - DEBUG - Updating hall of fame
2020-07-20 05:23:43,837 - root - INFO - Completed generation 90; 1.7s elapsed, 1.9s avg, 1.7e+02s total. Expected time remaining: 2.1e+02s
2020-07-20 05:23:43,888 - root - INFO - #90 MAX:accuracy.mean: 0.83
2020-07-20 05:23:43,993 - root - DEBUG - Sampled weight [1.4283524  0.50975709 1.33868647 2.7079183  1.1315828 ]
2020-07-20 05:23:45,083 - root - DEBUG - Updating hall of fame
2020-07-20 05:23:45,835 - root - INFO - Completed generation 91; 1.9s elapsed, 1.9s avg, 1.7e+02s total. Expected time remaining: 2e+02s
2020-07-20 05:23:45,887 - root - INFO - #91 MAX:accuracy.mean: 0.89
2020-07-20 05:23:45,928 - root - DEBUG - Sampled weight [0.79424047 0.69937249 1.09766618 0.42309266 0.96604566]
2020-07-20 05:23:47,000 - root - DEBUG - Updating hall of fame
2020-07-20 05:23:47,754 - root - INFO - Completed generation 92; 1.9s elapsed, 1.9s avg, 1.7e+02s total. Expected time remaining: 2e+02s
2020-07-20 05:23:47,805 - root - INFO - #92 MAX:accuracy.mean: 0.85
2020-07-20 05:23:47,847 - root - DEBUG - Sampled weight [0.71212318 0.68281019 0.55000982 0.52464383 1.12529412]
2020-07-20 05:23:48,935 - root - DEBUG - Updating hall of fame
2020-07-20 05:23:49,674 - root - INFO - Completed generation 93; 1.9s elapsed, 1.9s avg, 1.7e+02s total. Expected time remaining: 2e+02s
2020-07-20 05:23:49,725 - root - INFO - #93 MAX:accuracy.mean: 0.85
2020-07-20 05:23:49,767 - root - DEBUG - Sampled weight [0.78494092 1.37241206 1.8084199  0.54228754 1.37711494]
2020-07-20 05:23:50,859 - root - DEBUG - Updating hall of fame
2020-07-20 05:23:51,046 - root - INFO - Completed generation 94; 1.3s elapsed, 1.9s avg, 1.8e+02s total. Expected time remaining: 2e+02s
2020-07-20 05:23:51,097 - root - INFO - #94 MAX:accuracy.mean: 0.89
2020-07-20 05:23:51,139 - root - DEBUG - Sampled weight [1.58829736 0.81578181 1.4515852  0.84536611 1.59341012]
2020-07-20 05:23:52,231 - root - DEBUG - Updating hall of fame
2020-07-20 05:23:53,175 - root - INFO - Completed generation 95; 2.1s elapsed, 1.9s avg, 1.8e+02s total. Expected time remaining: 2e+02s
2020-07-20 05:23:53,226 - root - INFO - #95 MAX:accuracy.mean: 0.91
2020-07-20 05:23:53,268 - root - DEBUG - Sampled weight [0.73780953 1.17305042 0.68973799 2.17737523 1.35047329]
2020-07-20 05:23:54,342 - root - DEBUG - Updating hall of fame
2020-07-20 05:23:55,093 - root - INFO - Completed generation 96; 1.9s elapsed, 1.9s avg, 1.8e+02s total. Expected time remaining: 1.9e+02s
2020-07-20 05:23:55,145 - root - INFO - #96 MAX:accuracy.mean: 0.88
2020-07-20 05:23:55,186 - root - DEBUG - Sampled weight [1.16796159 0.98349892 1.37599657 0.64116962 1.20943802]
2020-07-20 05:23:56,275 - root - DEBUG - Updating hall of fame
2020-07-20 05:23:56,456 - root - INFO - Completed generation 97; 1.3s elapsed, 1.9s avg, 1.8e+02s total. Expected time remaining: 1.9e+02s
2020-07-20 05:23:56,507 - root - INFO - #97 MAX:accuracy.mean: 0.88
2020-07-20 05:23:56,547 - root - DEBUG - Sampled weight [2.038712   0.85276055 1.08473637 1.04888748 1.19199181]
2020-07-20 05:23:57,619 - root - DEBUG - Updating hall of fame
2020-07-20 05:23:58,184 - root - INFO - Completed generation 98; 1.7s elapsed, 1.9s avg, 1.8e+02s total. Expected time remaining: 1.9e+02s
2020-07-20 05:23:58,235 - root - INFO - #98 MAX:accuracy.mean: 0.92
2020-07-20 05:23:58,276 - root - DEBUG - Sampled weight [0.57566282 1.01815741 1.14417109 1.26965436 2.25722588]
2020-07-20 05:23:59,372 - root - DEBUG - Updating hall of fame
2020-07-20 05:23:59,927 - root - INFO - Completed generation 99; 1.7s elapsed, 1.9s avg, 1.8e+02s total. Expected time remaining: 1.9e+02s
2020-07-20 05:23:59,978 - root - INFO - #99 MAX:accuracy.mean: 0.89
2020-07-20 05:24:00,020 - root - DEBUG - Sampled weight [1.05767738 1.25673336 0.99531032 1.90880028 0.36693094]
2020-07-20 05:24:01,113 - root - DEBUG - Updating hall of fame
2020-07-20 05:24:01,512 - root - INFO - Completed generation 100; 1.5s elapsed, 1.9s avg, 1.9e+02s total. Expected time remaining: 1.9e+02s
2020-07-20 05:24:01,566 - root - INFO - #100 MAX:accuracy.mean: 0.86
2020-07-20 05:24:01,688 - root - DEBUG - Sampled weight [0.70151306 1.12373784 0.20918689 0.77857042 0.95541803]
2020-07-20 05:24:02,807 - root - DEBUG - Updating hall of fame
2020-07-20 05:24:03,550 - root - INFO - Completed generation 101; 1.9s elapsed, 1.9s avg, 1.9e+02s total. Expected time remaining: 1.8e+02s
2020-07-20 05:24:03,601 - root - INFO - #101 MAX:accuracy.mean: 0.86
2020-07-20 05:24:03,643 - root - DEBUG - Sampled weight [0.64015938 1.19366396 1.36846015 1.23330303 1.81163423]
2020-07-20 05:24:04,735 - root - DEBUG - Updating hall of fame
2020-07-20 05:24:05,470 - root - INFO - Completed generation 102; 1.9s elapsed, 1.9s avg, 1.9e+02s total. Expected time remaining: 1.8e+02s
2020-07-20 05:24:05,521 - root - INFO - #102 MAX:accuracy.mean: 0.91
2020-07-20 05:24:05,563 - root - DEBUG - Sampled weight [1.81854885 0.98593401 2.43677117 0.52707995 0.89585566]
2020-07-20 05:24:06,640 - root - DEBUG - Updating hall of fame
2020-07-20 05:24:07,401 - root - INFO - Completed generation 103; 1.9s elapsed, 1.9s avg, 1.9e+02s total. Expected time remaining: 1.8e+02s
2020-07-20 05:24:07,453 - root - INFO - #103 MAX:accuracy.mean: 0.9
2020-07-20 05:24:07,494 - root - DEBUG - Sampled weight [0.85886348 0.26840692 0.71115581 0.4461914  0.78094925]
2020-07-20 05:24:08,568 - root - DEBUG - Updating hall of fame
2020-07-20 05:24:08,929 - root - INFO - Completed generation 104; 1.5s elapsed, 1.9s avg, 1.9e+02s total. Expected time remaining: 1.8e+02s
2020-07-20 05:24:08,981 - root - INFO - #104 MAX:accuracy.mean: 0.83
2020-07-20 05:24:09,022 - root - DEBUG - Sampled weight [0.85695338 0.80435035 1.94082155 2.09605173 1.98772044]
2020-07-20 05:24:10,100 - root - DEBUG - Updating hall of fame
2020-07-20 05:24:10,835 - root - INFO - Completed generation 105; 1.9s elapsed, 1.9s avg, 1.9e+02s total. Expected time remaining: 1.8e+02s
2020-07-20 05:24:10,886 - root - INFO - #105 MAX:accuracy.mean: 0.91
2020-07-20 05:24:10,928 - root - DEBUG - Sampled weight [1.58341782 1.35936891 1.82273222 0.92674058 1.69642134]
2020-07-20 05:24:12,023 - root - DEBUG - Updating hall of fame
2020-07-20 05:24:12,765 - root - INFO - Completed generation 106; 1.9s elapsed, 1.9s avg, 2e+02s total. Expected time remaining: 1.7e+02s
2020-07-20 05:24:12,816 - root - INFO - #106 MAX:accuracy.mean: 0.95
2020-07-20 05:24:12,858 - root - DEBUG - Sampled weight [0.52694304 0.69326171 0.88356427 2.26636268 0.43869333]
2020-07-20 05:24:13,940 - root - DEBUG - Updating hall of fame
2020-07-20 05:24:14,699 - root - INFO - Completed generation 107; 1.9s elapsed, 1.9s avg, 2e+02s total. Expected time remaining: 1.7e+02s
2020-07-20 05:24:14,750 - root - INFO - #107 MAX:accuracy.mean: 0.88
2020-07-20 05:24:14,793 - root - DEBUG - Sampled weight [1.64965612 2.02503092 0.41007626 1.89257618 1.7311314 ]
2020-07-20 05:24:15,878 - root - DEBUG - Updating hall of fame
2020-07-20 05:24:16,065 - root - INFO - Completed generation 108; 1.3s elapsed, 1.8s avg, 2e+02s total. Expected time remaining: 1.7e+02s
2020-07-20 05:24:16,116 - root - INFO - #108 MAX:accuracy.mean: 0.9
2020-07-20 05:24:16,157 - root - DEBUG - Sampled weight [1.46688559 2.29455146 1.31446225 0.73787677 3.23040961]
2020-07-20 05:24:17,245 - root - DEBUG - Updating hall of fame
2020-07-20 05:24:17,999 - root - INFO - Completed generation 109; 1.9s elapsed, 1.8s avg, 2e+02s total. Expected time remaining: 1.7e+02s
2020-07-20 05:24:18,050 - root - INFO - #109 MAX:accuracy.mean: 0.91
2020-07-20 05:24:18,090 - root - DEBUG - Sampled weight [1.0678401  1.18034434 0.44604252 1.98395028 1.62221788]
2020-07-20 05:24:19,173 - root - DEBUG - Updating hall of fame
2020-07-20 05:24:19,551 - root - INFO - Completed generation 110; 1.5s elapsed, 1.8s avg, 2e+02s total. Expected time remaining: 1.7e+02s
2020-07-20 05:24:19,602 - root - INFO - #110 MAX:accuracy.mean: 0.88
2020-07-20 05:24:19,707 - root - DEBUG - Sampled weight [0.61403272 0.74527078 0.81781952 0.95913869 0.77575382]
2020-07-20 05:24:20,794 - root - DEBUG - Updating hall of fame
2020-07-20 05:24:21,927 - root - INFO - Completed generation 111; 2.3s elapsed, 1.8s avg, 2.1e+02s total. Expected time remaining: 1.6e+02s
2020-07-20 05:24:21,978 - root - INFO - #111 MAX:accuracy.mean: 0.86
2020-07-20 05:24:22,019 - root - DEBUG - Sampled weight [0.30581988 0.32809723 1.55915253 1.18802506 0.36390311]
2020-07-20 05:24:23,108 - root - DEBUG - Updating hall of fame
2020-07-20 05:24:23,661 - root - INFO - Completed generation 112; 1.7s elapsed, 1.8s avg, 2.1e+02s total. Expected time remaining: 1.6e+02s
2020-07-20 05:24:23,713 - root - INFO - #112 MAX:accuracy.mean: 0.85
2020-07-20 05:24:23,755 - root - DEBUG - Sampled weight [1.329969   0.80314912 1.44709339 0.85002281 1.01042181]
2020-07-20 05:24:24,836 - root - DEBUG - Updating hall of fame
2020-07-20 05:24:25,018 - root - INFO - Completed generation 113; 1.3s elapsed, 1.8s avg, 2.1e+02s total. Expected time remaining: 1.6e+02s
2020-07-20 05:24:25,069 - root - INFO - #113 MAX:accuracy.mean: 0.92
2020-07-20 05:24:25,111 - root - DEBUG - Sampled weight [0.51140277 1.69619709 0.90473619 0.96037335 0.87702672]
2020-07-20 05:24:26,204 - root - DEBUG - Updating hall of fame
2020-07-20 05:24:26,955 - root - INFO - Completed generation 114; 1.9s elapsed, 1.8s avg, 2.1e+02s total. Expected time remaining: 1.6e+02s
2020-07-20 05:24:27,006 - root - INFO - #114 MAX:accuracy.mean: 0.86
2020-07-20 05:24:27,047 - root - DEBUG - Sampled weight [0.61544166 0.89486632 1.29105897 1.26377706 1.51235551]
2020-07-20 05:24:28,125 - root - DEBUG - Updating hall of fame
2020-07-20 05:24:28,503 - root - INFO - Completed generation 115; 1.5s elapsed, 1.8s avg, 2.1e+02s total. Expected time remaining: 1.6e+02s
2020-07-20 05:24:28,554 - root - INFO - #115 MAX:accuracy.mean: 0.9
2020-07-20 05:24:28,595 - root - DEBUG - Sampled weight [0.77243958 1.36105203 1.25094493 1.19869509 0.89845505]
2020-07-20 05:24:29,686 - root - DEBUG - Updating hall of fame
2020-07-20 05:24:30,438 - root - INFO - Completed generation 116; 1.9s elapsed, 1.8s avg, 2.1e+02s total. Expected time remaining: 1.5e+02s
2020-07-20 05:24:30,489 - root - INFO - #116 MAX:accuracy.mean: 0.92
2020-07-20 05:24:30,530 - root - DEBUG - Sampled weight [0.93373967 1.47864554 1.22793222 0.61128859 0.78930722]
2020-07-20 05:24:31,614 - root - DEBUG - Updating hall of fame
2020-07-20 05:24:32,538 - root - INFO - Completed generation 117; 2.0s elapsed, 1.8s avg, 2.2e+02s total. Expected time remaining: 1.5e+02s
2020-07-20 05:24:32,589 - root - INFO - #117 MAX:accuracy.mean: 0.92
2020-07-20 05:24:32,630 - root - DEBUG - Sampled weight [1.64223779 1.81367363 1.03855032 1.68767239 1.65941066]
2020-07-20 05:24:33,712 - root - DEBUG - Updating hall of fame
2020-07-20 05:24:34,084 - root - INFO - Completed generation 118; 1.5s elapsed, 1.8s avg, 2.2e+02s total. Expected time remaining: 1.5e+02s
2020-07-20 05:24:34,135 - root - INFO - #118 MAX:accuracy.mean: 0.91
2020-07-20 05:24:34,177 - root - DEBUG - Sampled weight [1.07879316 1.12784403 0.87270831 1.3495177  0.40926227]
2020-07-20 05:24:35,250 - root - DEBUG - Updating hall of fame
2020-07-20 05:24:36,177 - root - INFO - Completed generation 119; 2.0s elapsed, 1.8s avg, 2.2e+02s total. Expected time remaining: 1.5e+02s
2020-07-20 05:24:36,228 - root - INFO - #119 MAX:accuracy.mean: 0.94
2020-07-20 05:24:36,269 - root - DEBUG - Sampled weight [0.71258285 1.9160817  0.6805269  2.80763585 2.16842128]
2020-07-20 05:24:37,353 - root - DEBUG - Updating hall of fame
2020-07-20 05:24:38,107 - root - INFO - Completed generation 120; 1.9s elapsed, 1.8s avg, 2.2e+02s total. Expected time remaining: 1.5e+02s
2020-07-20 05:24:38,159 - root - INFO - #120 MAX:accuracy.mean: 0.95
2020-07-20 05:24:38,262 - root - DEBUG - Sampled weight [0.58276761 1.19878717 0.61997328 0.88604543 0.93649234]
2020-07-20 05:24:39,344 - root - DEBUG - Updating hall of fame
2020-07-20 05:24:39,933 - root - INFO - Completed generation 121; 1.7s elapsed, 1.8s avg, 2.2e+02s total. Expected time remaining: 1.5e+02s
2020-07-20 05:24:39,984 - root - INFO - #121 MAX:accuracy.mean: 0.93
2020-07-20 05:24:40,027 - root - DEBUG - Sampled weight [1.15628158 0.54237584 0.84877121 2.80082212 1.61011524]
2020-07-20 05:24:41,110 - root - DEBUG - Updating hall of fame
2020-07-20 05:24:41,677 - root - INFO - Completed generation 122; 1.7s elapsed, 1.8s avg, 2.2e+02s total. Expected time remaining: 1.4e+02s
2020-07-20 05:24:41,728 - root - INFO - #122 MAX:accuracy.mean: 0.94
2020-07-20 05:24:41,769 - root - DEBUG - Sampled weight [1.61379149 1.12315786 2.21878934 0.45268963 0.52441689]
2020-07-20 05:24:42,850 - root - DEBUG - Updating hall of fame
2020-07-20 05:24:43,429 - root - INFO - Completed generation 123; 1.7s elapsed, 1.8s avg, 2.3e+02s total. Expected time remaining: 1.4e+02s
2020-07-20 05:24:43,480 - root - INFO - #123 MAX:accuracy.mean: 0.94
2020-07-20 05:24:43,521 - root - DEBUG - Sampled weight [0.2901031  0.56985353 0.57062685 1.03933869 0.78534176]
2020-07-20 05:24:44,602 - root - DEBUG - Updating hall of fame
2020-07-20 05:24:45,191 - root - INFO - Completed generation 124; 1.7s elapsed, 1.8s avg, 2.3e+02s total. Expected time remaining: 1.4e+02s
2020-07-20 05:24:45,242 - root - INFO - #124 MAX:accuracy.mean: 0.94
2020-07-20 05:24:45,283 - root - DEBUG - Sampled weight [0.71409992 0.97937507 1.55311316 1.06496532 0.47974978]
2020-07-20 05:24:46,369 - root - DEBUG - Updating hall of fame
2020-07-20 05:24:47,127 - root - INFO - Completed generation 125; 1.9s elapsed, 1.8s avg, 2.3e+02s total. Expected time remaining: 1.4e+02s
2020-07-20 05:24:47,179 - root - INFO - #125 MAX:accuracy.mean: 0.96
2020-07-20 05:24:47,220 - root - DEBUG - Sampled weight [0.48308678 1.14123221 1.12592816 1.20764405 0.8014557 ]
2020-07-20 05:24:48,324 - root - DEBUG - Updating hall of fame
2020-07-20 05:24:49,274 - root - INFO - Completed generation 126; 2.1s elapsed, 1.8s avg, 2.3e+02s total. Expected time remaining: 1.4e+02s
2020-07-20 05:24:49,325 - root - INFO - #126 MAX:accuracy.mean: 0.96
2020-07-20 05:24:49,366 - root - DEBUG - Sampled weight [0.74302743 1.46285256 0.81287654 2.40506118 0.62658225]
2020-07-20 05:24:50,470 - root - DEBUG - Updating hall of fame
2020-07-20 05:24:51,427 - root - INFO - Completed generation 127; 2.1s elapsed, 1.8s avg, 2.3e+02s total. Expected time remaining: 1.3e+02s
2020-07-20 05:24:51,478 - root - INFO - #127 MAX:accuracy.mean: 0.94
2020-07-20 05:24:51,519 - root - DEBUG - Sampled weight [2.62067243 0.71357775 1.3637851  0.87430237 0.70118963]
2020-07-20 05:24:52,601 - root - DEBUG - Updating hall of fame
2020-07-20 05:24:53,535 - root - INFO - Completed generation 128; 2.1s elapsed, 1.8s avg, 2.4e+02s total. Expected time remaining: 1.3e+02s
2020-07-20 05:24:53,587 - root - INFO - #128 MAX:accuracy.mean: 0.96
2020-07-20 05:24:53,628 - root - DEBUG - Sampled weight [0.97816281 0.43629064 0.53807455 1.11953529 1.18791514]
2020-07-20 05:24:54,713 - root - DEBUG - Updating hall of fame
2020-07-20 05:24:55,475 - root - INFO - Completed generation 129; 1.9s elapsed, 1.8s avg, 2.4e+02s total. Expected time remaining: 1.3e+02s
2020-07-20 05:24:55,526 - root - INFO - #129 MAX:accuracy.mean: 0.96
2020-07-20 05:24:55,567 - root - DEBUG - Sampled weight [0.92598689 0.99327972 0.91841772 1.21708185 1.07333837]
2020-07-20 05:24:56,643 - root - DEBUG - Updating hall of fame
2020-07-20 05:24:57,585 - root - INFO - Completed generation 130; 2.1s elapsed, 1.8s avg, 2.4e+02s total. Expected time remaining: 1.3e+02s
2020-07-20 05:24:57,636 - root - INFO - #130 MAX:accuracy.mean: 0.96
2020-07-20 05:24:57,754 - root - DEBUG - Sampled weight [1.81314667 2.01907111 1.48572457 1.78116132 2.33035909]
2020-07-20 05:24:58,841 - root - DEBUG - Updating hall of fame
2020-07-20 05:24:59,791 - root - INFO - Completed generation 131; 2.1s elapsed, 1.8s avg, 2.4e+02s total. Expected time remaining: 1.3e+02s
2020-07-20 05:24:59,843 - root - INFO - #131 MAX:accuracy.mean: 0.95
2020-07-20 05:24:59,884 - root - DEBUG - Sampled weight [0.77640993 0.92949649 2.93423976 0.66301847 0.73197587]
2020-07-20 05:25:00,978 - root - DEBUG - Updating hall of fame
2020-07-20 05:25:02,156 - root - INFO - Completed generation 132; 2.3s elapsed, 1.8s avg, 2.4e+02s total. Expected time remaining: 1.3e+02s
2020-07-20 05:25:02,211 - root - INFO - #132 MAX:accuracy.mean: 0.94
2020-07-20 05:25:02,254 - root - DEBUG - Sampled weight [0.96123884 1.02518874 2.80152116 1.08892462 0.7965004 ]
2020-07-20 05:25:03,414 - root - DEBUG - Updating hall of fame
2020-07-20 05:25:04,435 - root - INFO - Completed generation 133; 2.2s elapsed, 1.9s avg, 2.5e+02s total. Expected time remaining: 1.2e+02s
2020-07-20 05:25:04,490 - root - INFO - #133 MAX:accuracy.mean: 0.96
2020-07-20 05:25:04,535 - root - DEBUG - Sampled weight [0.93184128 1.48538403 0.98124012 0.4001255  0.71061386]
2020-07-20 05:25:05,694 - root - DEBUG - Updating hall of fame
2020-07-20 05:25:06,090 - root - INFO - Completed generation 134; 1.6s elapsed, 1.8s avg, 2.5e+02s total. Expected time remaining: 1.2e+02s
2020-07-20 05:25:06,141 - root - INFO - #134 MAX:accuracy.mean: 0.95
2020-07-20 05:25:06,183 - root - DEBUG - Sampled weight [0.75040723 0.64189529 1.02104718 0.72169841 2.0641343 ]
2020-07-20 05:25:07,265 - root - DEBUG - Updating hall of fame
2020-07-20 05:25:08,024 - root - INFO - Completed generation 135; 1.9s elapsed, 1.9s avg, 2.5e+02s total. Expected time remaining: 1.2e+02s
2020-07-20 05:25:08,075 - root - INFO - #135 MAX:accuracy.mean: 0.94
2020-07-20 05:25:08,117 - root - DEBUG - Sampled weight [0.99415641 1.14700323 2.72179115 1.07120517 1.23140772]
2020-07-20 05:25:09,200 - root - DEBUG - Updating hall of fame
2020-07-20 05:25:09,950 - root - INFO - Completed generation 136; 1.9s elapsed, 1.9s avg, 2.5e+02s total. Expected time remaining: 1.2e+02s
2020-07-20 05:25:10,001 - root - INFO - #136 MAX:accuracy.mean: 0.96
2020-07-20 05:25:10,043 - root - DEBUG - Sampled weight [0.41233001 1.17120213 1.08166846 1.87608171 0.59077435]
2020-07-20 05:25:11,133 - root - DEBUG - Updating hall of fame
2020-07-20 05:25:11,918 - root - INFO - Completed generation 137; 1.9s elapsed, 1.9s avg, 2.5e+02s total. Expected time remaining: 1.2e+02s
2020-07-20 05:25:11,969 - root - INFO - #137 MAX:accuracy.mean: 0.94
2020-07-20 05:25:12,011 - root - DEBUG - Sampled weight [2.5191019  0.26884329 1.34433926 0.82249717 1.30106195]
2020-07-20 05:25:13,113 - root - DEBUG - Updating hall of fame
2020-07-20 05:25:14,076 - root - INFO - Completed generation 138; 2.1s elapsed, 1.9s avg, 2.6e+02s total. Expected time remaining: 1.1e+02s
2020-07-20 05:25:14,127 - root - INFO - #138 MAX:accuracy.mean: 0.94
2020-07-20 05:25:14,169 - root - DEBUG - Sampled weight [1.22796457 1.75348374 0.81711806 0.90924519 0.55817913]
2020-07-20 05:25:15,271 - root - DEBUG - Updating hall of fame
2020-07-20 05:25:15,841 - root - INFO - Completed generation 139; 1.7s elapsed, 1.9s avg, 2.6e+02s total. Expected time remaining: 1.1e+02s
2020-07-20 05:25:15,892 - root - INFO - #139 MAX:accuracy.mean: 0.95
2020-07-20 05:25:15,935 - root - DEBUG - Sampled weight [0.88516199 1.36953441 1.08460105 0.98102116 1.39286654]
2020-07-20 05:25:17,040 - root - DEBUG - Updating hall of fame
2020-07-20 05:25:18,188 - root - INFO - Completed generation 140; 2.3s elapsed, 1.9s avg, 2.6e+02s total. Expected time remaining: 1.1e+02s
2020-07-20 05:25:18,242 - root - INFO - #140 MAX:accuracy.mean: 0.96
2020-07-20 05:25:18,358 - root - DEBUG - Sampled weight [0.45993495 1.1561736  2.6656355  0.75379688 0.64409133]
2020-07-20 05:25:19,444 - root - DEBUG - Updating hall of fame
2020-07-20 05:25:20,393 - root - INFO - Completed generation 141; 2.1s elapsed, 1.9s avg, 2.6e+02s total. Expected time remaining: 1.1e+02s
2020-07-20 05:25:20,446 - root - INFO - #141 MAX:accuracy.mean: 0.94
2020-07-20 05:25:20,491 - root - DEBUG - Sampled weight [1.83719688 1.65214314 0.593988   1.24474858 0.75629776]
2020-07-20 05:25:21,657 - root - DEBUG - Updating hall of fame
2020-07-20 05:25:22,262 - root - INFO - Completed generation 142; 1.8s elapsed, 1.9s avg, 2.6e+02s total. Expected time remaining: 1.1e+02s
2020-07-20 05:25:22,316 - root - INFO - #142 MAX:accuracy.mean: 0.93
2020-07-20 05:25:22,361 - root - DEBUG - Sampled weight [0.80174586 0.94109177 0.83235787 1.0168243  0.90369251]
2020-07-20 05:25:23,530 - root - DEBUG - Updating hall of fame
2020-07-20 05:25:24,541 - root - INFO - Completed generation 143; 2.2s elapsed, 1.9s avg, 2.7e+02s total. Expected time remaining: 1.1e+02s
2020-07-20 05:25:24,595 - root - INFO - #143 MAX:accuracy.mean: 0.95
2020-07-20 05:25:24,639 - root - DEBUG - Sampled weight [2.23815649 3.0249678  1.14320263 1.27725567 0.92097439]
2020-07-20 05:25:25,821 - root - DEBUG - Updating hall of fame
2020-07-20 05:25:26,586 - root - INFO - Completed generation 144; 2.0s elapsed, 1.9s avg, 2.7e+02s total. Expected time remaining: 1e+02s
2020-07-20 05:25:26,637 - root - INFO - #144 MAX:accuracy.mean: 0.95
2020-07-20 05:25:26,679 - root - DEBUG - Sampled weight [1.57920208 0.57040334 0.87363484 1.44355838 1.21089358]
2020-07-20 05:25:27,764 - root - DEBUG - Updating hall of fame
2020-07-20 05:25:28,322 - root - INFO - Completed generation 145; 1.7s elapsed, 1.9s avg, 2.7e+02s total. Expected time remaining: 1e+02s
2020-07-20 05:25:28,373 - root - INFO - #145 MAX:accuracy.mean: 0.95
2020-07-20 05:25:28,415 - root - DEBUG - Sampled weight [1.11809753 1.45303492 0.43983936 1.63099462 1.25864395]
2020-07-20 05:25:29,511 - root - DEBUG - Updating hall of fame
2020-07-20 05:25:30,089 - root - INFO - Completed generation 146; 1.7s elapsed, 1.9s avg, 2.7e+02s total. Expected time remaining: 1e+02s
2020-07-20 05:25:30,141 - root - INFO - #146 MAX:accuracy.mean: 0.96
2020-07-20 05:25:30,182 - root - DEBUG - Sampled weight [1.78625978 0.90746864 0.89085178 2.68359741 0.84041569]
2020-07-20 05:25:31,266 - root - DEBUG - Updating hall of fame
2020-07-20 05:25:31,448 - root - INFO - Completed generation 147; 1.3s elapsed, 1.9s avg, 2.7e+02s total. Expected time remaining: 9.8e+01s
2020-07-20 05:25:31,499 - root - INFO - #147 MAX:accuracy.mean: 0.95
2020-07-20 05:25:31,540 - root - DEBUG - Sampled weight [1.24006969 0.84554497 0.59303053 1.41640773 1.24035685]
2020-07-20 05:25:32,620 - root - DEBUG - Updating hall of fame
2020-07-20 05:25:33,008 - root - INFO - Completed generation 148; 1.5s elapsed, 1.9s avg, 2.7e+02s total. Expected time remaining: 9.6e+01s
2020-07-20 05:25:33,059 - root - INFO - #148 MAX:accuracy.mean: 0.95
2020-07-20 05:25:33,101 - root - DEBUG - Sampled weight [1.41279383 0.55413709 1.03479709 1.33807352 1.24192154]
2020-07-20 05:25:34,198 - root - DEBUG - Updating hall of fame
2020-07-20 05:25:34,966 - root - INFO - Completed generation 149; 1.9s elapsed, 1.9s avg, 2.8e+02s total. Expected time remaining: 9.4e+01s
2020-07-20 05:25:35,017 - root - INFO - #149 MAX:accuracy.mean: 0.94
2020-07-20 05:25:35,058 - root - DEBUG - Sampled weight [0.79264575 0.85349856 1.1897283  0.48781634 0.75479685]
2020-07-20 05:25:36,160 - root - DEBUG - Updating hall of fame
2020-07-20 05:25:36,918 - root - INFO - Completed generation 150; 1.9s elapsed, 1.9s avg, 2.8e+02s total. Expected time remaining: 9.3e+01s
2020-07-20 05:25:36,970 - root - INFO - #150 MAX:accuracy.mean: 0.96
2020-07-20 05:25:37,078 - root - DEBUG - Sampled weight [0.34532911 0.68756425 1.18625274 0.68105167 0.616454  ]
2020-07-20 05:25:38,169 - root - DEBUG - Updating hall of fame
2020-07-20 05:25:38,170 - root - INFO - Completed generation 151; 1.1s elapsed, 1.8s avg, 2.8e+02s total. Expected time remaining: 9.1e+01s
2020-07-20 05:25:38,221 - root - INFO - #151 MAX:accuracy.mean: 0.93
2020-07-20 05:25:38,263 - root - DEBUG - Sampled weight [1.51824109 0.72827466 1.11820064 1.47459146 1.67384924]
2020-07-20 05:25:39,347 - root - DEBUG - Updating hall of fame
2020-07-20 05:25:40,087 - root - INFO - Completed generation 152; 1.9s elapsed, 1.8s avg, 2.8e+02s total. Expected time remaining: 8.9e+01s
2020-07-20 05:25:40,138 - root - INFO - #152 MAX:accuracy.mean: 0.95
2020-07-20 05:25:40,180 - root - DEBUG - Sampled weight [0.47933151 1.51619167 0.6717147  0.53507367 1.19637956]
2020-07-20 05:25:41,292 - root - DEBUG - Updating hall of fame
2020-07-20 05:25:42,235 - root - INFO - Completed generation 153; 2.1s elapsed, 1.8s avg, 2.8e+02s total. Expected time remaining: 8.7e+01s
2020-07-20 05:25:42,286 - root - INFO - #153 MAX:accuracy.mean: 0.96
2020-07-20 05:25:42,327 - root - DEBUG - Sampled weight [0.40054223 1.18859882 1.10191813 1.92414483 1.48654502]
2020-07-20 05:25:43,416 - root - DEBUG - Updating hall of fame
2020-07-20 05:25:43,606 - root - INFO - Completed generation 154; 1.3s elapsed, 1.8s avg, 2.8e+02s total. Expected time remaining: 8.5e+01s
2020-07-20 05:25:43,657 - root - INFO - #154 MAX:accuracy.mean: 0.94
2020-07-20 05:25:43,699 - root - DEBUG - Sampled weight [0.53990325 1.23105557 0.89770745 0.89786929 2.0921898 ]
2020-07-20 05:25:44,800 - root - DEBUG - Updating hall of fame
2020-07-20 05:25:45,939 - root - INFO - Completed generation 155; 2.3s elapsed, 1.8s avg, 2.9e+02s total. Expected time remaining: 8.3e+01s
2020-07-20 05:25:45,990 - root - INFO - #155 MAX:accuracy.mean: 0.94
2020-07-20 05:25:46,032 - root - DEBUG - Sampled weight [1.10220239 1.52579814 1.61429641 0.47303247 0.42380242]
2020-07-20 05:25:47,128 - root - DEBUG - Updating hall of fame
2020-07-20 05:25:47,128 - root - INFO - Completed generation 156; 1.1s elapsed, 1.8s avg, 2.9e+02s total. Expected time remaining: 8.1e+01s
2020-07-20 05:25:47,180 - root - INFO - #156 MAX:accuracy.mean: 0.94
2020-07-20 05:25:47,221 - root - DEBUG - Sampled weight [0.4874191  1.54106017 0.64626745 0.64390663 0.432065  ]
2020-07-20 05:25:48,312 - root - DEBUG - Updating hall of fame
2020-07-20 05:25:48,503 - root - INFO - Completed generation 157; 1.3s elapsed, 1.8s avg, 2.9e+02s total. Expected time remaining: 7.9e+01s
2020-07-20 05:25:48,554 - root - INFO - #157 MAX:accuracy.mean: 0.93
2020-07-20 05:25:48,595 - root - DEBUG - Sampled weight [1.53199449 2.2582649  0.48994548 1.13287421 0.5970466 ]
2020-07-20 05:25:49,692 - root - DEBUG - Updating hall of fame
2020-07-20 05:25:49,877 - root - INFO - Completed generation 158; 1.3s elapsed, 1.8s avg, 2.9e+02s total. Expected time remaining: 7.7e+01s
2020-07-20 05:25:49,928 - root - INFO - #158 MAX:accuracy.mean: 0.96
2020-07-20 05:25:49,970 - root - DEBUG - Sampled weight [0.42317512 0.99452786 1.18173325 1.39098968 2.59249614]
2020-07-20 05:25:51,062 - root - DEBUG - Updating hall of fame
2020-07-20 05:25:51,252 - root - INFO - Completed generation 159; 1.3s elapsed, 1.8s avg, 2.9e+02s total. Expected time remaining: 7.5e+01s
2020-07-20 05:25:51,303 - root - INFO - #159 MAX:accuracy.mean: 0.96
2020-07-20 05:25:51,344 - root - DEBUG - Sampled weight [2.55266899 0.38708813 0.54608983 0.68609338 1.14128299]
2020-07-20 05:25:52,432 - root - DEBUG - Updating hall of fame
2020-07-20 05:25:52,617 - root - INFO - Completed generation 160; 1.3s elapsed, 1.8s avg, 2.9e+02s total. Expected time remaining: 7.3e+01s
2020-07-20 05:25:52,668 - root - INFO - #160 MAX:accuracy.mean: 0.93
2020-07-20 05:25:52,860 - root - DEBUG - Sampled weight [0.62044261 2.08670587 2.33230942 0.71237666 1.82541508]
2020-07-20 05:25:53,951 - root - DEBUG - Updating hall of fame
2020-07-20 05:25:53,952 - root - INFO - Completed generation 161; 1.1s elapsed, 1.8s avg, 2.9e+02s total. Expected time remaining: 7.1e+01s
2020-07-20 05:25:54,003 - root - INFO - #161 MAX:accuracy.mean: 0.93
2020-07-20 05:25:54,043 - root - DEBUG - Sampled weight [0.70401759 0.96221797 1.06747819 0.59671076 1.24924518]
2020-07-20 05:25:55,132 - root - DEBUG - Updating hall of fame
2020-07-20 05:25:55,701 - root - INFO - Completed generation 162; 1.7s elapsed, 1.8s avg, 3e+02s total. Expected time remaining: 6.9e+01s
2020-07-20 05:25:55,752 - root - INFO - #162 MAX:accuracy.mean: 0.95
2020-07-20 05:25:55,794 - root - DEBUG - Sampled weight [0.69498172 0.91965033 0.61016716 0.48048515 1.62880106]
2020-07-20 05:25:56,894 - root - DEBUG - Updating hall of fame
2020-07-20 05:25:57,455 - root - INFO - Completed generation 163; 1.7s elapsed, 1.8s avg, 3e+02s total. Expected time remaining: 6.8e+01s
2020-07-20 05:25:57,507 - root - INFO - #163 MAX:accuracy.mean: 0.93
2020-07-20 05:25:57,549 - root - DEBUG - Sampled weight [1.09826775 1.49675601 1.25217986 1.02030503 0.89625378]
2020-07-20 05:25:58,639 - root - DEBUG - Updating hall of fame
2020-07-20 05:25:59,379 - root - INFO - Completed generation 164; 1.9s elapsed, 1.8s avg, 3e+02s total. Expected time remaining: 6.6e+01s
2020-07-20 05:25:59,432 - root - INFO - #164 MAX:accuracy.mean: 0.96
2020-07-20 05:25:59,476 - root - DEBUG - Sampled weight [0.82673566 1.21375817 1.80533624 0.47179792 0.93216408]
2020-07-20 05:26:00,606 - root - DEBUG - Updating hall of fame
2020-07-20 05:26:01,601 - root - INFO - Completed generation 165; 2.2s elapsed, 1.8s avg, 3e+02s total. Expected time remaining: 6.4e+01s
2020-07-20 05:26:01,655 - root - INFO - #165 MAX:accuracy.mean: 0.94
2020-07-20 05:26:01,700 - root - DEBUG - Sampled weight [1.93992978 1.07258885 0.90036937 2.235889   1.11560772]
2020-07-20 05:26:02,864 - root - DEBUG - Updating hall of fame
2020-07-20 05:26:03,060 - root - INFO - Completed generation 166; 1.4s elapsed, 1.8s avg, 3e+02s total. Expected time remaining: 6.2e+01s
2020-07-20 05:26:03,114 - root - INFO - #166 MAX:accuracy.mean: 0.95
2020-07-20 05:26:03,160 - root - DEBUG - Sampled weight [0.87212709 1.76980665 0.66803696 1.07573221 1.59702112]
2020-07-20 05:26:04,351 - root - DEBUG - Updating hall of fame
2020-07-20 05:26:05,582 - root - INFO - Completed generation 167; 2.5s elapsed, 1.8s avg, 3.1e+02s total. Expected time remaining: 6e+01s
2020-07-20 05:26:05,637 - root - INFO - #167 MAX:accuracy.mean: 0.95
2020-07-20 05:26:05,682 - root - DEBUG - Sampled weight [0.59441982 0.48059552 1.95249432 0.49567184 0.87430686]
2020-07-20 05:26:06,818 - root - DEBUG - Updating hall of fame
2020-07-20 05:26:07,585 - root - INFO - Completed generation 168; 1.9s elapsed, 1.8s avg, 3.1e+02s total. Expected time remaining: 5.9e+01s
2020-07-20 05:26:07,639 - root - INFO - #168 MAX:accuracy.mean: 0.93
2020-07-20 05:26:07,680 - root - DEBUG - Sampled weight [1.4050587  0.40228336 1.77030127 0.33361774 1.34085081]
2020-07-20 05:26:08,808 - root - DEBUG - Updating hall of fame
2020-07-20 05:26:09,186 - root - INFO - Completed generation 169; 1.5s elapsed, 1.8s avg, 3.1e+02s total. Expected time remaining: 5.7e+01s
2020-07-20 05:26:09,239 - root - INFO - #169 MAX:accuracy.mean: 0.93
2020-07-20 05:26:09,282 - root - DEBUG - Sampled weight [1.08185029 1.8199564  0.7248862  0.96466281 0.98534331]
2020-07-20 05:26:10,388 - root - DEBUG - Updating hall of fame
2020-07-20 05:26:10,955 - root - INFO - Completed generation 170; 1.7s elapsed, 1.8s avg, 3.1e+02s total. Expected time remaining: 5.5e+01s
2020-07-20 05:26:11,006 - root - INFO - #170 MAX:accuracy.mean: 0.96
2020-07-20 05:26:11,125 - root - DEBUG - Sampled weight [2.17395337 0.73058578 0.57213749 2.46072573 0.92801996]
2020-07-20 05:26:12,221 - root - DEBUG - Updating hall of fame
2020-07-20 05:26:13,169 - root - INFO - Completed generation 171; 2.1s elapsed, 1.8s avg, 3.1e+02s total. Expected time remaining: 5.3e+01s
2020-07-20 05:26:13,221 - root - INFO - #171 MAX:accuracy.mean: 0.92
2020-07-20 05:26:13,264 - root - DEBUG - Sampled weight [1.05806842 1.29947597 0.73158135 1.22788493 0.74618489]
2020-07-20 05:26:14,371 - root - DEBUG - Updating hall of fame
2020-07-20 05:26:14,921 - root - INFO - Completed generation 172; 1.7s elapsed, 1.8s avg, 3.1e+02s total. Expected time remaining: 5.1e+01s
2020-07-20 05:26:14,972 - root - INFO - #172 MAX:accuracy.mean: 0.95
2020-07-20 05:26:15,014 - root - DEBUG - Sampled weight [0.61540258 0.92398604 0.7713713  0.92969875 1.32193523]
2020-07-20 05:26:16,124 - root - DEBUG - Updating hall of fame
2020-07-20 05:26:17,075 - root - INFO - Completed generation 173; 2.1s elapsed, 1.8s avg, 3.2e+02s total. Expected time remaining: 4.9e+01s
2020-07-20 05:26:17,126 - root - INFO - #173 MAX:accuracy.mean: 0.94
2020-07-20 05:26:17,168 - root - DEBUG - Sampled weight [0.66750867 0.54313993 0.72473301 1.21482588 1.35966473]
2020-07-20 05:26:18,279 - root - DEBUG - Updating hall of fame
2020-07-20 05:26:18,658 - root - INFO - Completed generation 174; 1.5s elapsed, 1.8s avg, 3.2e+02s total. Expected time remaining: 4.8e+01s
2020-07-20 05:26:18,709 - root - INFO - #174 MAX:accuracy.mean: 0.95
2020-07-20 05:26:18,752 - root - DEBUG - Sampled weight [1.97987372 0.71601538 0.68610305 2.86453066 1.97918407]
2020-07-20 05:26:19,852 - root - DEBUG - Updating hall of fame
2020-07-20 05:26:20,044 - root - INFO - Completed generation 175; 1.3s elapsed, 1.8s avg, 3.2e+02s total. Expected time remaining: 4.6e+01s
2020-07-20 05:26:20,095 - root - INFO - #175 MAX:accuracy.mean: 0.93
2020-07-20 05:26:20,137 - root - DEBUG - Sampled weight [1.69082492 1.17394039 1.86430319 0.44647042 0.7822493 ]
2020-07-20 05:26:21,224 - root - DEBUG - Updating hall of fame
2020-07-20 05:26:21,964 - root - INFO - Completed generation 176; 1.9s elapsed, 1.8s avg, 3.2e+02s total. Expected time remaining: 4.4e+01s
2020-07-20 05:26:22,015 - root - INFO - #176 MAX:accuracy.mean: 0.93
2020-07-20 05:26:22,057 - root - DEBUG - Sampled weight [1.05788448 0.52502411 1.32782941 0.95807098 0.81816776]
2020-07-20 05:26:23,165 - root - DEBUG - Updating hall of fame
2020-07-20 05:26:24,302 - root - INFO - Completed generation 177; 2.3s elapsed, 1.8s avg, 3.2e+02s total. Expected time remaining: 4.2e+01s
2020-07-20 05:26:24,353 - root - INFO - #177 MAX:accuracy.mean: 0.94
2020-07-20 05:26:24,395 - root - DEBUG - Sampled weight [1.07246978 1.48265128 4.22740047 1.28763395 0.70857468]
2020-07-20 05:26:25,495 - root - DEBUG - Updating hall of fame
2020-07-20 05:26:25,866 - root - INFO - Completed generation 178; 1.5s elapsed, 1.8s avg, 3.2e+02s total. Expected time remaining: 4e+01s
2020-07-20 05:26:25,918 - root - INFO - #178 MAX:accuracy.mean: 0.93
2020-07-20 05:26:25,961 - root - DEBUG - Sampled weight [1.6310266  1.52111241 1.4851196  0.35674944 1.13494689]
2020-07-20 05:26:27,072 - root - DEBUG - Updating hall of fame
2020-07-20 05:26:27,436 - root - INFO - Completed generation 179; 1.5s elapsed, 1.8s avg, 3.3e+02s total. Expected time remaining: 3.8e+01s
2020-07-20 05:26:27,487 - root - INFO - #179 MAX:accuracy.mean: 0.93
2020-07-20 05:26:27,530 - root - DEBUG - Sampled weight [0.95971553 1.31010016 1.01073075 1.20214352 1.02402698]
2020-07-20 05:26:28,640 - root - DEBUG - Updating hall of fame
2020-07-20 05:26:29,212 - root - INFO - Completed generation 180; 1.7s elapsed, 1.8s avg, 3.3e+02s total. Expected time remaining: 3.6e+01s
2020-07-20 05:26:29,263 - root - INFO - #180 MAX:accuracy.mean: 0.96
2020-07-20 05:26:29,369 - root - DEBUG - Sampled weight [2.30498949 1.52899748 1.29944254 0.72417571 0.79525973]
2020-07-20 05:26:30,473 - root - DEBUG - Updating hall of fame
2020-07-20 05:26:31,036 - root - INFO - Completed generation 181; 1.7s elapsed, 1.8s avg, 3.3e+02s total. Expected time remaining: 3.5e+01s
2020-07-20 05:26:31,088 - root - INFO - #181 MAX:accuracy.mean: 0.93
2020-07-20 05:26:31,129 - root - DEBUG - Sampled weight [0.8031125  0.94139157 0.8570675  1.20247984 1.14555623]
2020-07-20 05:26:32,223 - root - DEBUG - Updating hall of fame
2020-07-20 05:26:32,602 - root - INFO - Completed generation 182; 1.5s elapsed, 1.8s avg, 3.3e+02s total. Expected time remaining: 3.3e+01s
2020-07-20 05:26:32,653 - root - INFO - #182 MAX:accuracy.mean: 0.95
2020-07-20 05:26:32,695 - root - DEBUG - Sampled weight [1.01923535 0.70433443 0.67059797 1.510519   0.60004412]
2020-07-20 05:26:33,804 - root - DEBUG - Updating hall of fame
2020-07-20 05:26:34,574 - root - INFO - Completed generation 183; 1.9s elapsed, 1.8s avg, 3.3e+02s total. Expected time remaining: 3.1e+01s
2020-07-20 05:26:34,625 - root - INFO - #183 MAX:accuracy.mean: 0.93
2020-07-20 05:26:34,666 - root - DEBUG - Sampled weight [1.39853069 1.54064614 1.34351419 0.63323084 1.16472349]
2020-07-20 05:26:35,760 - root - DEBUG - Updating hall of fame
2020-07-20 05:26:36,143 - root - INFO - Completed generation 184; 1.5s elapsed, 1.8s avg, 3.3e+02s total. Expected time remaining: 2.9e+01s
2020-07-20 05:26:36,194 - root - INFO - #184 MAX:accuracy.mean: 0.95
2020-07-20 05:26:36,236 - root - DEBUG - Sampled weight [0.54689923 0.53895836 1.4241409  0.61381857 0.72524765]
2020-07-20 05:26:37,331 - root - DEBUG - Updating hall of fame
2020-07-20 05:26:38,289 - root - INFO - Completed generation 185; 2.1s elapsed, 1.8s avg, 3.4e+02s total. Expected time remaining: 2.7e+01s
2020-07-20 05:26:38,340 - root - INFO - #185 MAX:accuracy.mean: 0.93
2020-07-20 05:26:38,383 - root - DEBUG - Sampled weight [2.38098685 0.53551791 0.86321781 1.06592872 1.09664789]
2020-07-20 05:26:39,500 - root - DEBUG - Updating hall of fame
2020-07-20 05:26:39,869 - root - INFO - Completed generation 186; 1.5s elapsed, 1.8s avg, 3.4e+02s total. Expected time remaining: 2.5e+01s
2020-07-20 05:26:39,921 - root - INFO - #186 MAX:accuracy.mean: 0.94
2020-07-20 05:26:39,963 - root - DEBUG - Sampled weight [0.72411772 0.63394074 0.66157305 1.61212491 1.34388351]
2020-07-20 05:26:41,056 - root - DEBUG - Updating hall of fame
2020-07-20 05:26:41,248 - root - INFO - Completed generation 187; 1.3s elapsed, 1.8s avg, 3.4e+02s total. Expected time remaining: 2.4e+01s
2020-07-20 05:26:41,299 - root - INFO - #187 MAX:accuracy.mean: 0.93
2020-07-20 05:26:41,341 - root - DEBUG - Sampled weight [2.02335051 1.28198817 0.30083393 1.5532386  1.56579377]
2020-07-20 05:26:42,451 - root - DEBUG - Updating hall of fame
2020-07-20 05:26:43,384 - root - INFO - Completed generation 188; 2.1s elapsed, 1.8s avg, 3.4e+02s total. Expected time remaining: 2.2e+01s
2020-07-20 05:26:43,435 - root - INFO - #188 MAX:accuracy.mean: 0.93
2020-07-20 05:26:43,478 - root - DEBUG - Sampled weight [0.99191591 0.90875967 0.63023964 1.62607767 0.57699312]
2020-07-20 05:26:44,568 - root - DEBUG - Updating hall of fame
2020-07-20 05:26:45,140 - root - INFO - Completed generation 189; 1.7s elapsed, 1.8s avg, 3.4e+02s total. Expected time remaining: 2e+01s
2020-07-20 05:26:45,192 - root - INFO - #189 MAX:accuracy.mean: 0.93
2020-07-20 05:26:45,235 - root - DEBUG - Sampled weight [1.4068373  1.53615223 0.90577368 2.06944949 0.79230084]
2020-07-20 05:26:46,327 - root - DEBUG - Updating hall of fame
2020-07-20 05:26:46,871 - root - INFO - Completed generation 190; 1.7s elapsed, 1.8s avg, 3.5e+02s total. Expected time remaining: 1.8e+01s
2020-07-20 05:26:46,922 - root - INFO - #190 MAX:accuracy.mean: 0.94
2020-07-20 05:26:47,045 - root - DEBUG - Sampled weight [1.45357593 1.92606478 1.48044813 1.37697889 0.91468598]
2020-07-20 05:26:48,160 - root - DEBUG - Updating hall of fame
2020-07-20 05:26:48,915 - root - INFO - Completed generation 191; 1.9s elapsed, 1.8s avg, 3.5e+02s total. Expected time remaining: 1.6e+01s
2020-07-20 05:26:48,966 - root - INFO - #191 MAX:accuracy.mean: 0.96
2020-07-20 05:26:49,009 - root - DEBUG - Sampled weight [0.62565144 0.9773322  0.99848338 1.04579952 1.2212206 ]
2020-07-20 05:26:50,120 - root - DEBUG - Updating hall of fame
2020-07-20 05:26:50,699 - root - INFO - Completed generation 192; 1.7s elapsed, 1.8s avg, 3.5e+02s total. Expected time remaining: 1.5e+01s
2020-07-20 05:26:50,750 - root - INFO - #192 MAX:accuracy.mean: 0.96
2020-07-20 05:26:50,792 - root - DEBUG - Sampled weight [2.43078732 2.48721789 0.81415328 1.85173282 1.47702513]
2020-07-20 05:26:51,887 - root - DEBUG - Updating hall of fame
2020-07-20 05:26:52,435 - root - INFO - Completed generation 193; 1.7s elapsed, 1.8s avg, 3.5e+02s total. Expected time remaining: 1.3e+01s
2020-07-20 05:26:52,486 - root - INFO - #193 MAX:accuracy.mean: 0.95
2020-07-20 05:26:52,527 - root - DEBUG - Sampled weight [0.8993752  1.15409096 0.88588634 0.89185851 1.20816115]
2020-07-20 05:26:53,625 - root - DEBUG - Updating hall of fame
2020-07-20 05:26:54,767 - root - INFO - Completed generation 194; 2.3s elapsed, 1.8s avg, 3.5e+02s total. Expected time remaining: 1.1e+01s
2020-07-20 05:26:54,819 - root - INFO - #194 MAX:accuracy.mean: 0.96
2020-07-20 05:26:54,860 - root - DEBUG - Sampled weight [1.31157318 1.11459698 1.00176746 2.38264023 0.36035925]
2020-07-20 05:26:55,941 - root - DEBUG - Updating hall of fame
2020-07-20 05:26:56,686 - root - INFO - Completed generation 195; 1.9s elapsed, 1.8s avg, 3.5e+02s total. Expected time remaining: 9.1s
2020-07-20 05:26:56,737 - root - INFO - #195 MAX:accuracy.mean: 0.92
2020-07-20 05:26:56,779 - root - DEBUG - Sampled weight [0.28754605 0.87729451 1.35351688 0.52183399 0.29218204]
2020-07-20 05:26:57,892 - root - DEBUG - Updating hall of fame
2020-07-20 05:26:58,444 - root - INFO - Completed generation 196; 1.7s elapsed, 1.8s avg, 3.6e+02s total. Expected time remaining: 7.3s
2020-07-20 05:26:58,495 - root - INFO - #196 MAX:accuracy.mean: 0.92
2020-07-20 05:26:58,539 - root - DEBUG - Sampled weight [0.9311506  1.5413074  1.234745   1.34050633 1.37200257]
2020-07-20 05:26:59,653 - root - DEBUG - Updating hall of fame
2020-07-20 05:27:00,035 - root - INFO - Completed generation 197; 1.5s elapsed, 1.8s avg, 3.6e+02s total. Expected time remaining: 5.5s
2020-07-20 05:27:00,086 - root - INFO - #197 MAX:accuracy.mean: 0.96
2020-07-20 05:27:00,129 - root - DEBUG - Sampled weight [0.57073448 0.82288062 0.78932123 1.55330252 0.86328361]
2020-07-20 05:27:01,214 - root - DEBUG - Updating hall of fame
2020-07-20 05:27:02,189 - root - INFO - Completed generation 198; 2.1s elapsed, 1.8s avg, 3.6e+02s total. Expected time remaining: 3.6s
2020-07-20 05:27:02,245 - root - INFO - #198 MAX:accuracy.mean: 0.93
2020-07-20 05:27:02,289 - root - DEBUG - Sampled weight [3.21076525 0.85774598 1.71732029 0.5907613  2.2147034 ]
2020-07-20 05:27:03,459 - root - DEBUG - Updating hall of fame
2020-07-20 05:27:03,864 - root - INFO - Completed generation 199; 1.6s elapsed, 1.8s avg, 3.6e+02s total. Expected time remaining: 1.8s
2020-07-20 05:27:03,919 - root - INFO - #199 MAX:accuracy.mean: 0.96
2020-07-20 05:27:03,964 - root - DEBUG - Sampled weight [0.90849401 2.53698291 1.34191565 0.75011019 0.64330665]
2020-07-20 05:27:05,136 - root - DEBUG - Updating hall of fame
2020-07-20 05:27:05,338 - root - INFO - Completed generation 200; 1.4s elapsed, 1.8s avg, 3.6e+02s total. Expected time remaining: 0.0s
2020-07-20 05:27:05,392 - root - INFO - #200 MAX:accuracy.mean: 0.93
2020-07-20 05:27:05,603 - root - DEBUG - Loaded 150 samples.
2020-07-20 05:27:05,608 - root - INFO - Evaluating indivs in hall of fame.
2020-07-20 05:27:07,665 - root - INFO - Completed excution.
