2020-05-01 03:50:50,273 - root - INFO - Package version 0.1a0
2020-05-01 03:50:50,274 - root - INFO - Saving data at /vol/fob-vol1/mi15/plonerma/Lab/rewann/data/2020-05-01_Iris Uniform Distribution [1, 5] run 3_000.
2020-05-01 03:50:50,486 - root - INFO - Starting evolutionary algorithm
2020-05-01 03:50:56,539 - root - INFO - Completed generation 1; 6.1s elapsed, 6.1s avg, 6.1s total. Expected time remaining: 1.2e+03s
2020-05-01 03:50:56,663 - root - INFO - #1 mean, min log_loss: 1.2, 1.1
2020-05-01 03:51:00,819 - root - INFO - Completed generation 2; 4.2s elapsed, 5.1s avg, 1e+01s total. Expected time remaining: 1e+03s
2020-05-01 03:51:00,900 - root - INFO - #2 mean, min log_loss: 1.2, 1.1
2020-05-01 03:51:04,342 - root - INFO - Completed generation 3; 3.4s elapsed, 4.5s avg, 1.4e+01s total. Expected time remaining: 9e+02s
2020-05-01 03:51:04,456 - root - INFO - #3 mean, min log_loss: 1.2, 1.1
2020-05-01 03:51:08,970 - root - INFO - Completed generation 4; 4.5s elapsed, 4.5s avg, 1.8e+01s total. Expected time remaining: 8.9e+02s
2020-05-01 03:51:09,088 - root - INFO - #4 mean, min log_loss: 1.2, 1.1
2020-05-01 03:51:13,680 - root - INFO - Completed generation 5; 4.6s elapsed, 4.6s avg, 2.3e+01s total. Expected time remaining: 8.9e+02s
2020-05-01 03:51:13,752 - root - INFO - #5 mean, min log_loss: 1.2, 1.1
2020-05-01 03:51:17,905 - root - INFO - Completed generation 6; 4.2s elapsed, 4.5s avg, 2.7e+01s total. Expected time remaining: 8.7e+02s
2020-05-01 03:51:18,023 - root - INFO - #6 mean, min log_loss: 1.2, 1.1
2020-05-01 03:51:21,628 - root - INFO - Completed generation 7; 3.6s elapsed, 4.4s avg, 3.1e+01s total. Expected time remaining: 8.4e+02s
2020-05-01 03:51:21,698 - root - INFO - #7 mean, min log_loss: 1.2, 1.1
2020-05-01 03:51:25,508 - root - INFO - Completed generation 8; 3.8s elapsed, 4.3s avg, 3.4e+01s total. Expected time remaining: 8.2e+02s
2020-05-01 03:51:25,579 - root - INFO - #8 mean, min log_loss: 1.2, 1.1
2020-05-01 03:51:29,997 - root - INFO - Completed generation 9; 4.4s elapsed, 4.3s avg, 3.9e+01s total. Expected time remaining: 8.2e+02s
2020-05-01 03:51:30,115 - root - INFO - #9 mean, min log_loss: 1.2, 1.1
2020-05-01 03:51:34,705 - root - INFO - Completed generation 10; 4.6s elapsed, 4.3s avg, 4.3e+01s total. Expected time remaining: 8.2e+02s
2020-05-01 03:51:34,824 - root - INFO - #10 mean, min log_loss: 1.2, 1.1
2020-05-01 03:51:38,837 - root - INFO - Completed generation 11; 3.9s elapsed, 4.3s avg, 4.7e+01s total. Expected time remaining: 8.1e+02s
2020-05-01 03:51:38,908 - root - INFO - #11 mean, min log_loss: 1.2, 1.1
2020-05-01 03:51:42,610 - root - INFO - Completed generation 12; 3.7s elapsed, 4.2s avg, 5.1e+01s total. Expected time remaining: 8e+02s
2020-05-01 03:51:42,680 - root - INFO - #12 mean, min log_loss: 1.2, 1.1
2020-05-01 03:51:46,139 - root - INFO - Completed generation 13; 3.5s elapsed, 4.2s avg, 5.4e+01s total. Expected time remaining: 7.8e+02s
2020-05-01 03:51:46,208 - root - INFO - #13 mean, min log_loss: 1.2, 1.1
2020-05-01 03:51:49,367 - root - INFO - Completed generation 14; 3.2s elapsed, 4.1s avg, 5.8e+01s total. Expected time remaining: 7.6e+02s
2020-05-01 03:51:49,436 - root - INFO - #14 mean, min log_loss: 1.2, 1.1
2020-05-01 03:51:54,125 - root - INFO - Completed generation 15; 4.7s elapsed, 4.2s avg, 6.2e+01s total. Expected time remaining: 7.7e+02s
2020-05-01 03:51:54,248 - root - INFO - #15 mean, min log_loss: 1.2, 1.1
2020-05-01 03:51:58,497 - root - INFO - Completed generation 16; 4.2s elapsed, 4.2s avg, 6.7e+01s total. Expected time remaining: 7.6e+02s
2020-05-01 03:51:58,610 - root - INFO - #16 mean, min log_loss: 1.2, 1.1
2020-05-01 03:52:02,905 - root - INFO - Completed generation 17; 4.3s elapsed, 4.2s avg, 7.1e+01s total. Expected time remaining: 7.6e+02s
2020-05-01 03:52:03,015 - root - INFO - #17 mean, min log_loss: 1.2, 1.1
2020-05-01 03:52:07,247 - root - INFO - Completed generation 18; 4.2s elapsed, 4.2s avg, 7.5e+01s total. Expected time remaining: 7.6e+02s
2020-05-01 03:52:07,363 - root - INFO - #18 mean, min log_loss: 1.2, 1.1
2020-05-01 03:52:11,757 - root - INFO - Completed generation 19; 4.4s elapsed, 4.2s avg, 7.9e+01s total. Expected time remaining: 7.6e+02s
2020-05-01 03:52:11,828 - root - INFO - #19 mean, min log_loss: 1.2, 1.1
2020-05-01 03:52:14,906 - root - INFO - Completed generation 20; 3.1s elapsed, 4.1s avg, 8.3e+01s total. Expected time remaining: 7.4e+02s
2020-05-01 03:52:14,976 - root - INFO - #20 mean, min log_loss: 1.2, 1.1
2020-05-01 03:52:18,746 - root - INFO - Completed generation 21; 3.7s elapsed, 4.1s avg, 8.6e+01s total. Expected time remaining: 7.3e+02s
2020-05-01 03:52:18,816 - root - INFO - #21 mean, min log_loss: 1.2, 1.1
2020-05-01 03:52:22,433 - root - INFO - Completed generation 22; 3.6s elapsed, 4.1s avg, 9e+01s total. Expected time remaining: 7.3e+02s
2020-05-01 03:52:22,540 - root - INFO - #22 mean, min log_loss: 1.2, 1.1
2020-05-01 03:52:27,096 - root - INFO - Completed generation 23; 4.6s elapsed, 4.1s avg, 9.4e+01s total. Expected time remaining: 7.3e+02s
2020-05-01 03:52:27,213 - root - INFO - #23 mean, min log_loss: 1.2, 1.1
2020-05-01 03:52:30,332 - root - INFO - Completed generation 24; 3.1s elapsed, 4.1s avg, 9.8e+01s total. Expected time remaining: 7.2e+02s
2020-05-01 03:52:30,402 - root - INFO - #24 mean, min log_loss: 1.2, 1.1
2020-05-01 03:52:34,563 - root - INFO - Completed generation 25; 4.2s elapsed, 4.1s avg, 1e+02s total. Expected time remaining: 7.1e+02s
2020-05-01 03:52:34,674 - root - INFO - #25 mean, min log_loss: 1.2, 1.1
2020-05-01 03:52:39,157 - root - INFO - Completed generation 26; 4.5s elapsed, 4.1s avg, 1.1e+02s total. Expected time remaining: 7.1e+02s
2020-05-01 03:52:39,270 - root - INFO - #26 mean, min log_loss: 1.2, 1.1
2020-05-01 03:52:43,977 - root - INFO - Completed generation 27; 4.7s elapsed, 4.1s avg, 1.1e+02s total. Expected time remaining: 7.1e+02s
2020-05-01 03:52:44,098 - root - INFO - #27 mean, min log_loss: 1.2, 1.1
2020-05-01 03:52:48,654 - root - INFO - Completed generation 28; 4.6s elapsed, 4.1s avg, 1.2e+02s total. Expected time remaining: 7.1e+02s
2020-05-01 03:52:48,755 - root - INFO - #28 mean, min log_loss: 1.2, 1.1
2020-05-01 03:52:52,673 - root - INFO - Completed generation 29; 3.9s elapsed, 4.1s avg, 1.2e+02s total. Expected time remaining: 7e+02s
2020-05-01 03:52:52,784 - root - INFO - #29 mean, min log_loss: 1.2, 1.1
2020-05-01 03:52:54,252 - root - INFO - Completed generation 30; 1.5s elapsed, 4.0s avg, 1.2e+02s total. Expected time remaining: 6.8e+02s
2020-05-01 03:52:54,321 - root - INFO - #30 mean, min log_loss: 1.2, 1.1
2020-05-01 03:52:55,459 - root - INFO - Completed generation 31; 1.0s elapsed, 3.9s avg, 1.2e+02s total. Expected time remaining: 6.6e+02s
2020-05-01 03:52:55,527 - root - INFO - #31 mean, min log_loss: 1.2, 1.1
2020-05-01 03:52:56,958 - root - INFO - Completed generation 32; 1.4s elapsed, 3.9s avg, 1.2e+02s total. Expected time remaining: 6.5e+02s
2020-05-01 03:52:57,078 - root - INFO - #32 mean, min log_loss: 1.2, 1.1
2020-05-01 03:52:58,226 - root - INFO - Completed generation 33; 1.1s elapsed, 3.8s avg, 1.2e+02s total. Expected time remaining: 6.3e+02s
2020-05-01 03:52:58,295 - root - INFO - #33 mean, min log_loss: 1.2, 1.1
2020-05-01 03:52:59,314 - root - INFO - Completed generation 34; 1.0s elapsed, 3.7s avg, 1.3e+02s total. Expected time remaining: 6.1e+02s
2020-05-01 03:52:59,423 - root - INFO - #34 mean, min log_loss: 1.2, 1.1
2020-05-01 03:53:01,055 - root - INFO - Completed generation 35; 1.6s elapsed, 3.6s avg, 1.3e+02s total. Expected time remaining: 6e+02s
2020-05-01 03:53:01,173 - root - INFO - #35 mean, min log_loss: 1.2, 1.1
2020-05-01 03:53:02,673 - root - INFO - Completed generation 36; 1.5s elapsed, 3.6s avg, 1.3e+02s total. Expected time remaining: 5.9e+02s
2020-05-01 03:53:02,744 - root - INFO - #36 mean, min log_loss: 1.2, 1.1
2020-05-01 03:53:03,884 - root - INFO - Completed generation 37; 1.1s elapsed, 3.5s avg, 1.3e+02s total. Expected time remaining: 5.7e+02s
2020-05-01 03:53:03,955 - root - INFO - #37 mean, min log_loss: 1.2, 1.1
2020-05-01 03:53:05,056 - root - INFO - Completed generation 38; 1.1s elapsed, 3.4s avg, 1.3e+02s total. Expected time remaining: 5.6e+02s
2020-05-01 03:53:05,125 - root - INFO - #38 mean, min log_loss: 1.2, 1.1
2020-05-01 03:53:06,213 - root - INFO - Completed generation 39; 1.1s elapsed, 3.4s avg, 1.3e+02s total. Expected time remaining: 5.4e+02s
2020-05-01 03:53:06,284 - root - INFO - #39 mean, min log_loss: 1.2, 1.1
2020-05-01 03:53:07,611 - root - INFO - Completed generation 40; 1.3s elapsed, 3.3s avg, 1.3e+02s total. Expected time remaining: 5.3e+02s
2020-05-01 03:53:07,726 - root - INFO - #40 mean, min log_loss: 1.2, 1.1
2020-05-01 03:53:09,527 - root - INFO - Completed generation 41; 1.7s elapsed, 3.3s avg, 1.3e+02s total. Expected time remaining: 5.2e+02s
2020-05-01 03:53:09,642 - root - INFO - #41 mean, min log_loss: 1.2, 1.1
2020-05-01 03:53:11,255 - root - INFO - Completed generation 42; 1.6s elapsed, 3.3s avg, 1.4e+02s total. Expected time remaining: 5.1e+02s
2020-05-01 03:53:11,373 - root - INFO - #42 mean, min log_loss: 1.2, 1.1
2020-05-01 03:53:12,852 - root - INFO - Completed generation 43; 1.5s elapsed, 3.2s avg, 1.4e+02s total. Expected time remaining: 5e+02s
2020-05-01 03:53:12,966 - root - INFO - #43 mean, min log_loss: 1.2, 1.1
2020-05-01 03:53:14,510 - root - INFO - Completed generation 44; 1.5s elapsed, 3.2s avg, 1.4e+02s total. Expected time remaining: 4.9e+02s
2020-05-01 03:53:14,621 - root - INFO - #44 mean, min log_loss: 1.2, 1.1
2020-05-01 03:53:16,159 - root - INFO - Completed generation 45; 1.5s elapsed, 3.1s avg, 1.4e+02s total. Expected time remaining: 4.9e+02s
2020-05-01 03:53:16,269 - root - INFO - #45 mean, min log_loss: 1.2, 1.1
2020-05-01 03:53:17,778 - root - INFO - Completed generation 46; 1.5s elapsed, 3.1s avg, 1.4e+02s total. Expected time remaining: 4.8e+02s
2020-05-01 03:53:17,887 - root - INFO - #46 mean, min log_loss: 1.2, 1.1
2020-05-01 03:53:19,263 - root - INFO - Completed generation 47; 1.4s elapsed, 3.1s avg, 1.4e+02s total. Expected time remaining: 4.7e+02s
2020-05-01 03:53:19,364 - root - INFO - #47 mean, min log_loss: 1.2, 1.1
2020-05-01 03:53:20,907 - root - INFO - Completed generation 48; 1.5s elapsed, 3.0s avg, 1.5e+02s total. Expected time remaining: 4.6e+02s
2020-05-01 03:53:20,981 - root - INFO - #48 mean, min log_loss: 1.2, 1.1
2020-05-01 03:53:22,119 - root - INFO - Completed generation 49; 1.1s elapsed, 3.0s avg, 1.5e+02s total. Expected time remaining: 4.5e+02s
2020-05-01 03:53:22,196 - root - INFO - #49 mean, min log_loss: 1.2, 1.1
2020-05-01 03:53:23,775 - root - INFO - Completed generation 50; 1.6s elapsed, 3.0s avg, 1.5e+02s total. Expected time remaining: 4.4e+02s
2020-05-01 03:53:23,889 - root - INFO - #50 mean, min log_loss: 1.2, 1.1
2020-05-01 03:53:25,250 - root - INFO - Completed generation 51; 1.3s elapsed, 2.9s avg, 1.5e+02s total. Expected time remaining: 4.4e+02s
2020-05-01 03:53:25,321 - root - INFO - #51 mean, min log_loss: 1.2, 1.1
2020-05-01 03:53:26,794 - root - INFO - Completed generation 52; 1.5s elapsed, 2.9s avg, 1.5e+02s total. Expected time remaining: 4.3e+02s
2020-05-01 03:53:26,906 - root - INFO - #52 mean, min log_loss: 1.2, 1.1
2020-05-01 03:53:28,430 - root - INFO - Completed generation 53; 1.5s elapsed, 2.9s avg, 1.5e+02s total. Expected time remaining: 4.2e+02s
2020-05-01 03:53:28,553 - root - INFO - #53 mean, min log_loss: 1.2, 1.1
2020-05-01 03:53:30,177 - root - INFO - Completed generation 54; 1.6s elapsed, 2.9s avg, 1.5e+02s total. Expected time remaining: 4.2e+02s
2020-05-01 03:53:30,294 - root - INFO - #54 mean, min log_loss: 1.2, 1.1
2020-05-01 03:53:31,653 - root - INFO - Completed generation 55; 1.4s elapsed, 2.8s avg, 1.6e+02s total. Expected time remaining: 4.1e+02s
2020-05-01 03:53:31,724 - root - INFO - #55 mean, min log_loss: 1.2, 1.1
2020-05-01 03:53:32,973 - root - INFO - Completed generation 56; 1.2s elapsed, 2.8s avg, 1.6e+02s total. Expected time remaining: 4e+02s
2020-05-01 03:53:33,081 - root - INFO - #56 mean, min log_loss: 1.2, 1.1
2020-05-01 03:53:34,625 - root - INFO - Completed generation 57; 1.5s elapsed, 2.8s avg, 1.6e+02s total. Expected time remaining: 4e+02s
2020-05-01 03:53:34,745 - root - INFO - #57 mean, min log_loss: 1.2, 1.1
2020-05-01 03:53:36,402 - root - INFO - Completed generation 58; 1.7s elapsed, 2.8s avg, 1.6e+02s total. Expected time remaining: 3.9e+02s
2020-05-01 03:53:36,516 - root - INFO - #58 mean, min log_loss: 1.2, 1.1
2020-05-01 03:53:38,036 - root - INFO - Completed generation 59; 1.5s elapsed, 2.7s avg, 1.6e+02s total. Expected time remaining: 3.9e+02s
2020-05-01 03:53:38,107 - root - INFO - #59 mean, min log_loss: 1.2, 1.1
2020-05-01 03:53:39,645 - root - INFO - Completed generation 60; 1.5s elapsed, 2.7s avg, 1.6e+02s total. Expected time remaining: 3.8e+02s
2020-05-01 03:53:39,756 - root - INFO - #60 mean, min log_loss: 1.2, 1.1
2020-05-01 03:53:41,392 - root - INFO - Completed generation 61; 1.6s elapsed, 2.7s avg, 1.6e+02s total. Expected time remaining: 3.8e+02s
2020-05-01 03:53:41,504 - root - INFO - #61 mean, min log_loss: 1.2, 1.1
2020-05-01 03:53:43,047 - root - INFO - Completed generation 62; 1.5s elapsed, 2.7s avg, 1.7e+02s total. Expected time remaining: 3.7e+02s
2020-05-01 03:53:43,158 - root - INFO - #62 mean, min log_loss: 1.2, 1.1
2020-05-01 03:53:44,310 - root - INFO - Completed generation 63; 1.2s elapsed, 2.7s avg, 1.7e+02s total. Expected time remaining: 3.6e+02s
2020-05-01 03:53:44,380 - root - INFO - #63 mean, min log_loss: 1.2, 1.1
2020-05-01 03:53:45,687 - root - INFO - Completed generation 64; 1.3s elapsed, 2.6s avg, 1.7e+02s total. Expected time remaining: 3.6e+02s
2020-05-01 03:53:45,806 - root - INFO - #64 mean, min log_loss: 1.2, 1.1
2020-05-01 03:53:47,151 - root - INFO - Completed generation 65; 1.3s elapsed, 2.6s avg, 1.7e+02s total. Expected time remaining: 3.5e+02s
2020-05-01 03:53:47,224 - root - INFO - #65 mean, min log_loss: 1.2, 1.1
2020-05-01 03:53:48,270 - root - INFO - Completed generation 66; 1.0s elapsed, 2.6s avg, 1.7e+02s total. Expected time remaining: 3.5e+02s
2020-05-01 03:53:48,342 - root - INFO - #66 mean, min log_loss: 1.2, 1.1
2020-05-01 03:53:49,482 - root - INFO - Completed generation 67; 1.1s elapsed, 2.6s avg, 1.7e+02s total. Expected time remaining: 3.4e+02s
2020-05-01 03:53:49,554 - root - INFO - #67 mean, min log_loss: 1.2, 1.1
2020-05-01 03:53:51,123 - root - INFO - Completed generation 68; 1.6s elapsed, 2.6s avg, 1.7e+02s total. Expected time remaining: 3.4e+02s
2020-05-01 03:53:51,242 - root - INFO - #68 mean, min log_loss: 1.2, 1.1
2020-05-01 03:53:52,910 - root - INFO - Completed generation 69; 1.7s elapsed, 2.5s avg, 1.8e+02s total. Expected time remaining: 3.3e+02s
2020-05-01 03:53:53,029 - root - INFO - #69 mean, min log_loss: 1.2, 1.1
2020-05-01 03:53:54,681 - root - INFO - Completed generation 70; 1.7s elapsed, 2.5s avg, 1.8e+02s total. Expected time remaining: 3.3e+02s
2020-05-01 03:53:54,801 - root - INFO - #70 mean, min log_loss: 1.2, 1.1
2020-05-01 03:53:58,160 - root - INFO - Completed generation 71; 3.3s elapsed, 2.5s avg, 1.8e+02s total. Expected time remaining: 3.3e+02s
2020-05-01 03:53:58,232 - root - INFO - #71 mean, min log_loss: 1.2, 1.1
2020-05-01 03:54:01,286 - root - INFO - Completed generation 72; 3.1s elapsed, 2.5s avg, 1.8e+02s total. Expected time remaining: 3.3e+02s
2020-05-01 03:54:01,397 - root - INFO - #72 mean, min log_loss: 1.2, 1.1
2020-05-01 03:54:05,275 - root - INFO - Completed generation 73; 3.9s elapsed, 2.6s avg, 1.9e+02s total. Expected time remaining: 3.3e+02s
2020-05-01 03:54:05,345 - root - INFO - #73 mean, min log_loss: 1.2, 1.1
2020-05-01 03:54:08,426 - root - INFO - Completed generation 74; 3.1s elapsed, 2.6s avg, 1.9e+02s total. Expected time remaining: 3.2e+02s
2020-05-01 03:54:08,496 - root - INFO - #74 mean, min log_loss: 1.2, 1.1
2020-05-01 03:54:12,689 - root - INFO - Completed generation 75; 4.2s elapsed, 2.6s avg, 1.9e+02s total. Expected time remaining: 3.2e+02s
2020-05-01 03:54:12,804 - root - INFO - #75 mean, min log_loss: 1.2, 1.1
2020-05-01 03:54:17,230 - root - INFO - Completed generation 76; 4.4s elapsed, 2.6s avg, 2e+02s total. Expected time remaining: 3.2e+02s
2020-05-01 03:54:17,346 - root - INFO - #76 mean, min log_loss: 1.2, 1.1
2020-05-01 03:54:21,312 - root - INFO - Completed generation 77; 4.0s elapsed, 2.6s avg, 2e+02s total. Expected time remaining: 3.2e+02s
2020-05-01 03:54:21,382 - root - INFO - #77 mean, min log_loss: 1.2, 1.1
2020-05-01 03:54:22,555 - root - INFO - Completed generation 78; 1.2s elapsed, 2.6s avg, 2e+02s total. Expected time remaining: 3.2e+02s
2020-05-01 03:54:22,627 - root - INFO - #78 mean, min log_loss: 1.2e+01, 1.1
2020-05-01 03:54:23,835 - root - INFO - Completed generation 79; 1.2s elapsed, 2.6s avg, 2.1e+02s total. Expected time remaining: 3.1e+02s
2020-05-01 03:54:23,949 - root - INFO - #79 mean, min log_loss: 6.0, 1.1
2020-05-01 03:54:25,552 - root - INFO - Completed generation 80; 1.6s elapsed, 2.6s avg, 2.1e+02s total. Expected time remaining: 3.1e+02s
2020-05-01 03:54:25,666 - root - INFO - #80 mean, min log_loss: 1e+01, 1.1
2020-05-01 03:54:26,724 - root - INFO - Completed generation 81; 1.0s elapsed, 2.6s avg, 2.1e+02s total. Expected time remaining: 3.1e+02s
2020-05-01 03:54:26,794 - root - INFO - #81 mean, min log_loss: 1.2e+01, 1.1
2020-05-01 03:54:27,907 - root - INFO - Completed generation 82; 1.1s elapsed, 2.5s avg, 2.1e+02s total. Expected time remaining: 3e+02s
2020-05-01 03:54:27,985 - root - INFO - #82 mean, min log_loss: 1.2e+01, 1.1
2020-05-01 03:54:29,161 - root - INFO - Completed generation 83; 1.2s elapsed, 2.5s avg, 2.1e+02s total. Expected time remaining: 3e+02s
2020-05-01 03:54:29,231 - root - INFO - #83 mean, min log_loss: 1.5e+01, 1.1
2020-05-01 03:54:30,457 - root - INFO - Completed generation 84; 1.2s elapsed, 2.5s avg, 2.1e+02s total. Expected time remaining: 2.9e+02s
2020-05-01 03:54:30,527 - root - INFO - #84 mean, min log_loss: 1e+01, 1.1
2020-05-01 03:54:33,247 - root - INFO - Completed generation 85; 2.7s elapsed, 2.5s avg, 2.1e+02s total. Expected time remaining: 2.9e+02s
2020-05-01 03:54:33,317 - root - INFO - #85 mean, min log_loss: 2.5, 1.0
2020-05-01 03:54:36,485 - root - INFO - Completed generation 86; 3.2s elapsed, 2.5s avg, 2.2e+02s total. Expected time remaining: 2.9e+02s
2020-05-01 03:54:36,555 - root - INFO - #86 mean, min log_loss: 1e+01, 0.89
2020-05-01 03:54:40,224 - root - INFO - Completed generation 87; 3.7s elapsed, 2.5s avg, 2.2e+02s total. Expected time remaining: 2.9e+02s
2020-05-01 03:54:40,296 - root - INFO - #87 mean, min log_loss: 1.3e+01, 0.89
2020-05-01 03:54:42,470 - root - INFO - Completed generation 88; 2.2s elapsed, 2.5s avg, 2.2e+02s total. Expected time remaining: 2.8e+02s
2020-05-01 03:54:42,600 - root - INFO - #88 mean, min log_loss: 1.4e+01, 0.89
2020-05-01 03:54:46,035 - root - INFO - Completed generation 89; 3.4s elapsed, 2.5s avg, 2.3e+02s total. Expected time remaining: 2.8e+02s
2020-05-01 03:54:46,105 - root - INFO - #89 mean, min log_loss: 1.1e+01, 0.89
2020-05-01 03:54:47,804 - root - INFO - Completed generation 90; 1.7s elapsed, 2.5s avg, 2.3e+02s total. Expected time remaining: 2.8e+02s
2020-05-01 03:54:47,933 - root - INFO - #90 mean, min log_loss: 6.2, 0.89
2020-05-01 03:54:50,527 - root - INFO - Completed generation 91; 2.4s elapsed, 2.5s avg, 2.3e+02s total. Expected time remaining: 2.8e+02s
2020-05-01 03:54:50,597 - root - INFO - #91 mean, min log_loss: 7.6, 0.89
2020-05-01 03:54:52,787 - root - INFO - Completed generation 92; 2.2s elapsed, 2.5s avg, 2.3e+02s total. Expected time remaining: 2.7e+02s
2020-05-01 03:54:52,857 - root - INFO - #92 mean, min log_loss: 6.1, 0.89
2020-05-01 03:54:55,003 - root - INFO - Completed generation 93; 2.1s elapsed, 2.5s avg, 2.3e+02s total. Expected time remaining: 2.7e+02s
2020-05-01 03:54:55,086 - root - INFO - #93 mean, min log_loss: 6.8, 0.89
2020-05-01 03:54:56,899 - root - INFO - Completed generation 94; 1.8s elapsed, 2.5s avg, 2.4e+02s total. Expected time remaining: 2.7e+02s
2020-05-01 03:54:57,014 - root - INFO - #94 mean, min log_loss: 7.7, 0.89
2020-05-01 03:54:59,118 - root - INFO - Completed generation 95; 2.1s elapsed, 2.5s avg, 2.4e+02s total. Expected time remaining: 2.6e+02s
2020-05-01 03:54:59,194 - root - INFO - #95 mean, min log_loss: 4.5, 0.89
2020-05-01 03:55:01,239 - root - INFO - Completed generation 96; 2.0s elapsed, 2.5s avg, 2.4e+02s total. Expected time remaining: 2.6e+02s
2020-05-01 03:55:01,365 - root - INFO - #96 mean, min log_loss: 1.4e+01, 0.89
2020-05-01 03:55:03,785 - root - INFO - Completed generation 97; 2.4s elapsed, 2.5s avg, 2.4e+02s total. Expected time remaining: 2.6e+02s
2020-05-01 03:55:03,905 - root - INFO - #97 mean, min log_loss: 7.7, 0.89
2020-05-01 03:55:06,342 - root - INFO - Completed generation 98; 2.4s elapsed, 2.5s avg, 2.5e+02s total. Expected time remaining: 2.6e+02s
2020-05-01 03:55:06,414 - root - INFO - #98 mean, min log_loss: 7.0, 0.89
2020-05-01 03:55:07,694 - root - INFO - Completed generation 99; 1.3s elapsed, 2.5s avg, 2.5e+02s total. Expected time remaining: 2.5e+02s
2020-05-01 03:55:07,766 - root - INFO - #99 mean, min log_loss: 1.5e+01, 0.89
2020-05-01 03:55:09,339 - root - INFO - Completed generation 100; 1.6s elapsed, 2.5s avg, 2.5e+02s total. Expected time remaining: 2.5e+02s
2020-05-01 03:55:09,457 - root - INFO - #100 mean, min log_loss: 6.6, 0.89
2020-05-01 03:55:12,292 - root - INFO - Completed generation 101; 2.7s elapsed, 2.5s avg, 2.5e+02s total. Expected time remaining: 2.5e+02s
2020-05-01 03:55:12,364 - root - INFO - #101 mean, min log_loss: 5.5, 0.89
2020-05-01 03:55:14,757 - root - INFO - Completed generation 102; 2.4s elapsed, 2.5s avg, 2.5e+02s total. Expected time remaining: 2.4e+02s
2020-05-01 03:55:14,861 - root - INFO - #102 mean, min log_loss: 6.2, 0.89
2020-05-01 03:55:17,006 - root - INFO - Completed generation 103; 2.1s elapsed, 2.5s avg, 2.6e+02s total. Expected time remaining: 2.4e+02s
2020-05-01 03:55:17,079 - root - INFO - #103 mean, min log_loss: 1e+01, 0.89
2020-05-01 03:55:18,496 - root - INFO - Completed generation 104; 1.4s elapsed, 2.5s avg, 2.6e+02s total. Expected time remaining: 2.4e+02s
2020-05-01 03:55:18,568 - root - INFO - #104 mean, min log_loss: 5.4, 0.89
2020-05-01 03:55:20,383 - root - INFO - Completed generation 105; 1.8s elapsed, 2.5s avg, 2.6e+02s total. Expected time remaining: 2.3e+02s
2020-05-01 03:55:20,504 - root - INFO - #105 mean, min log_loss: 6.8, 0.89
2020-05-01 03:55:22,356 - root - INFO - Completed generation 106; 1.9s elapsed, 2.5s avg, 2.6e+02s total. Expected time remaining: 2.3e+02s
2020-05-01 03:55:22,474 - root - INFO - #106 mean, min log_loss: 1.3e+01, 0.89
2020-05-01 03:55:25,658 - root - INFO - Completed generation 107; 3.2s elapsed, 2.5s avg, 2.6e+02s total. Expected time remaining: 2.3e+02s
2020-05-01 03:55:25,776 - root - INFO - #107 mean, min log_loss: 4.1, 0.89
2020-05-01 03:55:27,456 - root - INFO - Completed generation 108; 1.7s elapsed, 2.5s avg, 2.7e+02s total. Expected time remaining: 2.3e+02s
2020-05-01 03:55:27,576 - root - INFO - #108 mean, min log_loss: 7.0, 0.89
2020-05-01 03:55:30,730 - root - INFO - Completed generation 109; 3.2s elapsed, 2.5s avg, 2.7e+02s total. Expected time remaining: 2.2e+02s
2020-05-01 03:55:30,847 - root - INFO - #109 mean, min log_loss: 3.7, 0.89
2020-05-01 03:55:33,543 - root - INFO - Completed generation 110; 2.7s elapsed, 2.5s avg, 2.7e+02s total. Expected time remaining: 2.2e+02s
2020-05-01 03:55:33,618 - root - INFO - #110 mean, min log_loss: 5.1, 0.89
2020-05-01 03:55:35,470 - root - INFO - Completed generation 111; 1.7s elapsed, 2.5s avg, 2.7e+02s total. Expected time remaining: 2.2e+02s
2020-05-01 03:55:35,589 - root - INFO - #111 mean, min log_loss: 5.6, 0.89
2020-05-01 03:55:37,874 - root - INFO - Completed generation 112; 2.3s elapsed, 2.5s avg, 2.8e+02s total. Expected time remaining: 2.2e+02s
2020-05-01 03:55:37,945 - root - INFO - #112 mean, min log_loss: 1e+01, 0.89
2020-05-01 03:55:40,524 - root - INFO - Completed generation 113; 2.6s elapsed, 2.5s avg, 2.8e+02s total. Expected time remaining: 2.1e+02s
2020-05-01 03:55:40,636 - root - INFO - #113 mean, min log_loss: 9.5, 0.89
2020-05-01 03:55:42,490 - root - INFO - Completed generation 114; 1.9s elapsed, 2.5s avg, 2.8e+02s total. Expected time remaining: 2.1e+02s
2020-05-01 03:55:42,608 - root - INFO - #114 mean, min log_loss: 1.9e+01, 0.89
2020-05-01 03:55:44,596 - root - INFO - Completed generation 115; 2.0s elapsed, 2.5s avg, 2.8e+02s total. Expected time remaining: 2.1e+02s
2020-05-01 03:55:44,716 - root - INFO - #115 mean, min log_loss: 6.3, 0.89
2020-05-01 03:55:47,882 - root - INFO - Completed generation 116; 3.2s elapsed, 2.5s avg, 2.9e+02s total. Expected time remaining: 2.1e+02s
2020-05-01 03:55:48,000 - root - INFO - #116 mean, min log_loss: 5.8, 0.89
2020-05-01 03:55:49,672 - root - INFO - Completed generation 117; 1.7s elapsed, 2.5s avg, 2.9e+02s total. Expected time remaining: 2e+02s
2020-05-01 03:55:49,788 - root - INFO - #117 mean, min log_loss: 1.2e+01, 0.89
2020-05-01 03:55:52,658 - root - INFO - Completed generation 118; 2.9s elapsed, 2.5s avg, 2.9e+02s total. Expected time remaining: 2e+02s
2020-05-01 03:55:52,775 - root - INFO - #118 mean, min log_loss: 1.1e+01, 0.89
2020-05-01 03:55:55,360 - root - INFO - Completed generation 119; 2.6s elapsed, 2.5s avg, 2.9e+02s total. Expected time remaining: 2e+02s
2020-05-01 03:55:55,446 - root - INFO - #119 mean, min log_loss: 3.8, 0.89
2020-05-01 03:55:56,905 - root - INFO - Completed generation 120; 1.5s elapsed, 2.4s avg, 2.9e+02s total. Expected time remaining: 2e+02s
2020-05-01 03:55:56,973 - root - INFO - #120 mean, min log_loss: 1.3e+01, 0.89
2020-05-01 03:55:59,675 - root - INFO - Completed generation 121; 2.6s elapsed, 2.5s avg, 3e+02s total. Expected time remaining: 1.9e+02s
2020-05-01 03:55:59,745 - root - INFO - #121 mean, min log_loss: 3.8, 0.89
2020-05-01 03:56:01,302 - root - INFO - Completed generation 122; 1.6s elapsed, 2.4s avg, 3e+02s total. Expected time remaining: 1.9e+02s
2020-05-01 03:56:01,415 - root - INFO - #122 mean, min log_loss: 5.1, 0.89
2020-05-01 03:56:03,342 - root - INFO - Completed generation 123; 1.9s elapsed, 2.4s avg, 3e+02s total. Expected time remaining: 1.9e+02s
2020-05-01 03:56:03,457 - root - INFO - #123 mean, min log_loss: 7.2, 0.89
2020-05-01 03:56:05,484 - root - INFO - Completed generation 124; 2.0s elapsed, 2.4s avg, 3e+02s total. Expected time remaining: 1.9e+02s
2020-05-01 03:56:05,578 - root - INFO - #124 mean, min log_loss: 4.2, 0.89
2020-05-01 03:56:07,337 - root - INFO - Completed generation 125; 1.8s elapsed, 2.4s avg, 3e+02s total. Expected time remaining: 1.8e+02s
2020-05-01 03:56:07,430 - root - INFO - #125 mean, min log_loss: 1.9e+01, 0.89
2020-05-01 03:56:09,626 - root - INFO - Completed generation 126; 2.2s elapsed, 2.4s avg, 3.1e+02s total. Expected time remaining: 1.8e+02s
2020-05-01 03:56:09,696 - root - INFO - #126 mean, min log_loss: 5.6, 0.89
2020-05-01 03:56:11,370 - root - INFO - Completed generation 127; 1.7s elapsed, 2.4s avg, 3.1e+02s total. Expected time remaining: 1.8e+02s
2020-05-01 03:56:11,489 - root - INFO - #127 mean, min log_loss: 8.0, 0.89
2020-05-01 03:56:14,049 - root - INFO - Completed generation 128; 2.6s elapsed, 2.4s avg, 3.1e+02s total. Expected time remaining: 1.7e+02s
2020-05-01 03:56:14,167 - root - INFO - #128 mean, min log_loss: 9.7, 0.89
2020-05-01 03:56:16,129 - root - INFO - Completed generation 129; 2.0s elapsed, 2.4s avg, 3.1e+02s total. Expected time remaining: 1.7e+02s
2020-05-01 03:56:16,249 - root - INFO - #129 mean, min log_loss: 2e+01, 0.89
2020-05-01 03:56:18,226 - root - INFO - Completed generation 130; 2.0s elapsed, 2.4s avg, 3.1e+02s total. Expected time remaining: 1.7e+02s
2020-05-01 03:56:18,345 - root - INFO - #130 mean, min log_loss: 1.9e+01, 0.89
2020-05-01 03:56:20,739 - root - INFO - Completed generation 131; 2.3s elapsed, 2.4s avg, 3.2e+02s total. Expected time remaining: 1.7e+02s
2020-05-01 03:56:20,857 - root - INFO - #131 mean, min log_loss: 2.2e+01, 0.89
2020-05-01 03:56:22,558 - root - INFO - Completed generation 132; 1.7s elapsed, 2.4s avg, 3.2e+02s total. Expected time remaining: 1.6e+02s
2020-05-01 03:56:22,678 - root - INFO - #132 mean, min log_loss: 1.9e+01, 0.89
2020-05-01 03:56:24,573 - root - INFO - Completed generation 133; 1.9s elapsed, 2.4s avg, 3.2e+02s total. Expected time remaining: 1.6e+02s
2020-05-01 03:56:24,671 - root - INFO - #133 mean, min log_loss: 1.1e+01, 0.89
2020-05-01 03:56:26,504 - root - INFO - Completed generation 134; 1.8s elapsed, 2.4s avg, 3.2e+02s total. Expected time remaining: 1.6e+02s
2020-05-01 03:56:26,573 - root - INFO - #134 mean, min log_loss: 1.9e+01, 0.89
2020-05-01 03:56:28,400 - root - INFO - Completed generation 135; 1.8s elapsed, 2.4s avg, 3.2e+02s total. Expected time remaining: 1.6e+02s
2020-05-01 03:56:28,471 - root - INFO - #135 mean, min log_loss: 1.6e+01, 0.89
2020-05-01 03:56:29,515 - root - INFO - Completed generation 136; 1.0s elapsed, 2.4s avg, 3.2e+02s total. Expected time remaining: 1.5e+02s
2020-05-01 03:56:29,584 - root - INFO - #136 mean, min log_loss: 1.1e+01, 0.89
2020-05-01 03:56:31,431 - root - INFO - Completed generation 137; 1.8s elapsed, 2.4s avg, 3.3e+02s total. Expected time remaining: 1.5e+02s
2020-05-01 03:56:31,549 - root - INFO - #137 mean, min log_loss: 1.8e+01, 0.89
2020-05-01 03:56:34,685 - root - INFO - Completed generation 138; 3.1s elapsed, 2.4s avg, 3.3e+02s total. Expected time remaining: 1.5e+02s
2020-05-01 03:56:34,797 - root - INFO - #138 mean, min log_loss: 1.1e+01, 0.89
2020-05-01 03:56:36,132 - root - INFO - Completed generation 139; 1.3s elapsed, 2.4s avg, 3.3e+02s total. Expected time remaining: 1.5e+02s
2020-05-01 03:56:36,217 - root - INFO - #139 mean, min log_loss: 1.9e+01, 0.89
2020-05-01 03:56:37,293 - root - INFO - Completed generation 140; 1.1s elapsed, 2.4s avg, 3.3e+02s total. Expected time remaining: 1.4e+02s
2020-05-01 03:56:37,389 - root - INFO - #140 mean, min log_loss: 2.3e+01, 0.89
2020-05-01 03:56:38,802 - root - INFO - Completed generation 141; 1.3s elapsed, 2.4s avg, 3.3e+02s total. Expected time remaining: 1.4e+02s
2020-05-01 03:56:38,913 - root - INFO - #141 mean, min log_loss: 2e+01, 0.89
2020-05-01 03:56:40,236 - root - INFO - Completed generation 142; 1.3s elapsed, 2.4s avg, 3.3e+02s total. Expected time remaining: 1.4e+02s
2020-05-01 03:56:40,307 - root - INFO - #142 mean, min log_loss: 2.1e+01, 0.89
2020-05-01 03:56:43,061 - root - INFO - Completed generation 143; 2.8s elapsed, 2.4s avg, 3.4e+02s total. Expected time remaining: 1.3e+02s
2020-05-01 03:56:43,179 - root - INFO - #143 mean, min log_loss: 1.1e+01, 0.89
2020-05-01 03:56:44,873 - root - INFO - Completed generation 144; 1.7s elapsed, 2.4s avg, 3.4e+02s total. Expected time remaining: 1.3e+02s
2020-05-01 03:56:44,992 - root - INFO - #144 mean, min log_loss: 2e+01, 0.89
2020-05-01 03:56:47,266 - root - INFO - Completed generation 145; 2.3s elapsed, 2.4s avg, 3.4e+02s total. Expected time remaining: 1.3e+02s
2020-05-01 03:56:47,383 - root - INFO - #145 mean, min log_loss: 1.9e+01, 0.89
2020-05-01 03:56:49,053 - root - INFO - Completed generation 146; 1.7s elapsed, 2.4s avg, 3.4e+02s total. Expected time remaining: 1.3e+02s
2020-05-01 03:56:49,123 - root - INFO - #146 mean, min log_loss: 1.5e+01, 0.89
2020-05-01 03:56:50,961 - root - INFO - Completed generation 147; 1.8s elapsed, 2.3s avg, 3.5e+02s total. Expected time remaining: 1.2e+02s
2020-05-01 03:56:51,079 - root - INFO - #147 mean, min log_loss: 2.2e+01, 0.89
2020-05-01 03:56:53,774 - root - INFO - Completed generation 148; 2.7s elapsed, 2.3s avg, 3.5e+02s total. Expected time remaining: 1.2e+02s
2020-05-01 03:56:53,880 - root - INFO - #148 mean, min log_loss: 1.1e+01, 0.89
2020-05-01 03:56:56,997 - root - INFO - Completed generation 149; 3.1s elapsed, 2.4s avg, 3.5e+02s total. Expected time remaining: 1.2e+02s
2020-05-01 03:56:57,069 - root - INFO - #149 mean, min log_loss: 1.3e+01, 0.88
2020-05-01 03:56:59,730 - root - INFO - Completed generation 150; 2.7s elapsed, 2.4s avg, 3.5e+02s total. Expected time remaining: 1.2e+02s
2020-05-01 03:56:59,800 - root - INFO - #150 mean, min log_loss: 1.7e+01, 0.88
2020-05-01 03:57:02,654 - root - INFO - Completed generation 151; 2.8s elapsed, 2.4s avg, 3.6e+02s total. Expected time remaining: 1.2e+02s
2020-05-01 03:57:02,724 - root - INFO - #151 mean, min log_loss: 9.1, 0.69
2020-05-01 03:57:05,243 - root - INFO - Completed generation 152; 2.5s elapsed, 2.4s avg, 3.6e+02s total. Expected time remaining: 1.1e+02s
2020-05-01 03:57:05,317 - root - INFO - #152 mean, min log_loss: 2.2e+01, 0.58
2020-05-01 03:57:08,218 - root - INFO - Completed generation 153; 2.9s elapsed, 2.4s avg, 3.6e+02s total. Expected time remaining: 1.1e+02s
2020-05-01 03:57:08,290 - root - INFO - #153 mean, min log_loss: 1.9e+01, 0.57
2020-05-01 03:57:11,301 - root - INFO - Completed generation 154; 3.0s elapsed, 2.4s avg, 3.6e+02s total. Expected time remaining: 1.1e+02s
2020-05-01 03:57:11,407 - root - INFO - #154 mean, min log_loss: 2e+01, 0.57
2020-05-01 03:57:13,473 - root - INFO - Completed generation 155; 2.1s elapsed, 2.4s avg, 3.7e+02s total. Expected time remaining: 1.1e+02s
2020-05-01 03:57:13,545 - root - INFO - #155 mean, min log_loss: 1.8e+01, 0.57
2020-05-01 03:57:15,783 - root - INFO - Completed generation 156; 2.2s elapsed, 2.4s avg, 3.7e+02s total. Expected time remaining: 1e+02s
2020-05-01 03:57:15,893 - root - INFO - #156 mean, min log_loss: 1.9e+01, 0.57
2020-05-01 03:57:18,649 - root - INFO - Completed generation 157; 2.8s elapsed, 2.4s avg, 3.7e+02s total. Expected time remaining: 1e+02s
2020-05-01 03:57:18,760 - root - INFO - #157 mean, min log_loss: 2.3e+01, 0.57
2020-05-01 03:57:21,488 - root - INFO - Completed generation 158; 2.7s elapsed, 2.4s avg, 3.7e+02s total. Expected time remaining: 1e+02s
2020-05-01 03:57:21,597 - root - INFO - #158 mean, min log_loss: 2e+01, 0.57
2020-05-01 03:57:23,772 - root - INFO - Completed generation 159; 2.2s elapsed, 2.4s avg, 3.8e+02s total. Expected time remaining: 9.7e+01s
2020-05-01 03:57:23,881 - root - INFO - #159 mean, min log_loss: 2e+01, 0.57
2020-05-01 03:57:26,653 - root - INFO - Completed generation 160; 2.8s elapsed, 2.4s avg, 3.8e+02s total. Expected time remaining: 9.5e+01s
2020-05-01 03:57:26,764 - root - INFO - #160 mean, min log_loss: 2.3e+01, 0.57
2020-05-01 03:57:29,028 - root - INFO - Completed generation 161; 2.1s elapsed, 2.4s avg, 3.8e+02s total. Expected time remaining: 9.2e+01s
2020-05-01 03:57:29,098 - root - INFO - #161 mean, min log_loss: 6.8, 0.57
2020-05-01 03:57:30,609 - root - INFO - Completed generation 162; 1.5s elapsed, 2.4s avg, 3.8e+02s total. Expected time remaining: 9e+01s
2020-05-01 03:57:30,679 - root - INFO - #162 mean, min log_loss: 2e+01, 0.57
2020-05-01 03:57:33,101 - root - INFO - Completed generation 163; 2.4s elapsed, 2.4s avg, 3.9e+02s total. Expected time remaining: 8.8e+01s
2020-05-01 03:57:33,217 - root - INFO - #163 mean, min log_loss: 1.9e+01, 0.57
2020-05-01 03:57:36,369 - root - INFO - Completed generation 164; 3.2s elapsed, 2.4s avg, 3.9e+02s total. Expected time remaining: 8.5e+01s
2020-05-01 03:57:36,444 - root - INFO - #164 mean, min log_loss: 8.1, 0.57
2020-05-01 03:57:38,280 - root - INFO - Completed generation 165; 1.8s elapsed, 2.4s avg, 3.9e+02s total. Expected time remaining: 8.3e+01s
2020-05-01 03:57:38,351 - root - INFO - #165 mean, min log_loss: 2.3e+01, 0.57
2020-05-01 03:57:40,940 - root - INFO - Completed generation 166; 2.6s elapsed, 2.4s avg, 3.9e+02s total. Expected time remaining: 8.1e+01s
2020-05-01 03:57:41,061 - root - INFO - #166 mean, min log_loss: 1.4e+01, 0.57
2020-05-01 03:57:43,705 - root - INFO - Completed generation 167; 2.6s elapsed, 2.4s avg, 4e+02s total. Expected time remaining: 7.8e+01s
2020-05-01 03:57:43,821 - root - INFO - #167 mean, min log_loss: 1.2e+01, 0.57
2020-05-01 03:57:45,846 - root - INFO - Completed generation 168; 2.0s elapsed, 2.4s avg, 4e+02s total. Expected time remaining: 7.6e+01s
2020-05-01 03:57:45,917 - root - INFO - #168 mean, min log_loss: 1.9e+01, 0.57
2020-05-01 03:57:48,911 - root - INFO - Completed generation 169; 3.0s elapsed, 2.4s avg, 4e+02s total. Expected time remaining: 7.4e+01s
2020-05-01 03:57:49,033 - root - INFO - #169 mean, min log_loss: 2.3e+01, 0.57
2020-05-01 03:57:52,078 - root - INFO - Completed generation 170; 3.0s elapsed, 2.4s avg, 4e+02s total. Expected time remaining: 7.1e+01s
2020-05-01 03:57:52,195 - root - INFO - #170 mean, min log_loss: 1.8e+01, 0.57
2020-05-01 03:57:54,404 - root - INFO - Completed generation 171; 2.1s elapsed, 2.4s avg, 4.1e+02s total. Expected time remaining: 6.9e+01s
2020-05-01 03:57:54,476 - root - INFO - #171 mean, min log_loss: 2.1e+01, 0.57
2020-05-01 03:57:56,553 - root - INFO - Completed generation 172; 2.1s elapsed, 2.4s avg, 4.1e+02s total. Expected time remaining: 6.6e+01s
2020-05-01 03:57:56,624 - root - INFO - #172 mean, min log_loss: 2.3e+01, 0.57
2020-05-01 03:57:58,515 - root - INFO - Completed generation 173; 1.9s elapsed, 2.4s avg, 4.1e+02s total. Expected time remaining: 6.4e+01s
2020-05-01 03:57:58,633 - root - INFO - #173 mean, min log_loss: 1.7e+01, 0.57
2020-05-01 03:58:00,906 - root - INFO - Completed generation 174; 2.3s elapsed, 2.4s avg, 4.1e+02s total. Expected time remaining: 6.2e+01s
2020-05-01 03:58:00,979 - root - INFO - #174 mean, min log_loss: 5.4, 0.57
2020-05-01 03:58:03,304 - root - INFO - Completed generation 175; 2.3s elapsed, 2.4s avg, 4.1e+02s total. Expected time remaining: 5.9e+01s
2020-05-01 03:58:03,423 - root - INFO - #175 mean, min log_loss: 1.1e+01, 0.57
2020-05-01 03:58:06,032 - root - INFO - Completed generation 176; 2.6s elapsed, 2.4s avg, 4.2e+02s total. Expected time remaining: 5.7e+01s
2020-05-01 03:58:06,156 - root - INFO - #176 mean, min log_loss: 6.8, 0.57
2020-05-01 03:58:08,833 - root - INFO - Completed generation 177; 2.7s elapsed, 2.4s avg, 4.2e+02s total. Expected time remaining: 5.5e+01s
2020-05-01 03:58:08,952 - root - INFO - #177 mean, min log_loss: 1.6e+01, 0.57
2020-05-01 03:58:11,690 - root - INFO - Completed generation 178; 2.7s elapsed, 2.4s avg, 4.2e+02s total. Expected time remaining: 5.2e+01s
2020-05-01 03:58:11,812 - root - INFO - #178 mean, min log_loss: 1.9e+01, 0.57
2020-05-01 03:58:13,536 - root - INFO - Completed generation 179; 1.7s elapsed, 2.4s avg, 4.2e+02s total. Expected time remaining: 5e+01s
2020-05-01 03:58:13,653 - root - INFO - #179 mean, min log_loss: 2.2e+01, 0.57
2020-05-01 03:58:16,806 - root - INFO - Completed generation 180; 3.2s elapsed, 2.4s avg, 4.3e+02s total. Expected time remaining: 4.7e+01s
2020-05-01 03:58:16,923 - root - INFO - #180 mean, min log_loss: 1.7e+01, 0.57
2020-05-01 03:58:18,851 - root - INFO - Completed generation 181; 1.8s elapsed, 2.4s avg, 4.3e+02s total. Expected time remaining: 4.5e+01s
2020-05-01 03:58:18,920 - root - INFO - #181 mean, min log_loss: 7.6, 0.57
2020-05-01 03:58:21,851 - root - INFO - Completed generation 182; 2.9s elapsed, 2.4s avg, 4.3e+02s total. Expected time remaining: 4.3e+01s
2020-05-01 03:58:21,967 - root - INFO - #182 mean, min log_loss: 1.9e+01, 0.57
2020-05-01 03:58:24,340 - root - INFO - Completed generation 183; 2.4s elapsed, 2.4s avg, 4.3e+02s total. Expected time remaining: 4e+01s
2020-05-01 03:58:24,408 - root - INFO - #183 mean, min log_loss: 1.7e+01, 0.57
2020-05-01 03:58:26,451 - root - INFO - Completed generation 184; 2.0s elapsed, 2.4s avg, 4.4e+02s total. Expected time remaining: 3.8e+01s
2020-05-01 03:58:26,564 - root - INFO - #184 mean, min log_loss: 2e+01, 0.57
2020-05-01 03:58:28,778 - root - INFO - Completed generation 185; 2.2s elapsed, 2.4s avg, 4.4e+02s total. Expected time remaining: 3.6e+01s
2020-05-01 03:58:28,848 - root - INFO - #185 mean, min log_loss: 1.4e+01, 0.57
2020-05-01 03:58:31,541 - root - INFO - Completed generation 186; 2.7s elapsed, 2.4s avg, 4.4e+02s total. Expected time remaining: 3.3e+01s
2020-05-01 03:58:31,659 - root - INFO - #186 mean, min log_loss: 1.5e+01, 0.57
2020-05-01 03:58:33,544 - root - INFO - Completed generation 187; 1.9s elapsed, 2.4s avg, 4.4e+02s total. Expected time remaining: 3.1e+01s
2020-05-01 03:58:33,615 - root - INFO - #187 mean, min log_loss: 1.4e+01, 0.57
2020-05-01 03:58:35,738 - root - INFO - Completed generation 188; 2.1s elapsed, 2.4s avg, 4.5e+02s total. Expected time remaining: 2.8e+01s
2020-05-01 03:58:35,851 - root - INFO - #188 mean, min log_loss: 2.3e+01, 0.57
2020-05-01 03:58:39,004 - root - INFO - Completed generation 189; 3.2s elapsed, 2.4s avg, 4.5e+02s total. Expected time remaining: 2.6e+01s
2020-05-01 03:58:39,117 - root - INFO - #189 mean, min log_loss: 2e+01, 0.57
2020-05-01 03:58:41,615 - root - INFO - Completed generation 190; 2.5s elapsed, 2.4s avg, 4.5e+02s total. Expected time remaining: 2.4e+01s
2020-05-01 03:58:41,733 - root - INFO - #190 mean, min log_loss: 1.4e+01, 0.57
2020-05-01 03:58:44,911 - root - INFO - Completed generation 191; 3.1s elapsed, 2.4s avg, 4.5e+02s total. Expected time remaining: 2.1e+01s
2020-05-01 03:58:45,032 - root - INFO - #191 mean, min log_loss: 2e+01, 0.57
2020-05-01 03:58:47,754 - root - INFO - Completed generation 192; 2.7s elapsed, 2.4s avg, 4.6e+02s total. Expected time remaining: 1.9e+01s
2020-05-01 03:58:47,874 - root - INFO - #192 mean, min log_loss: 1.3e+01, 0.57
2020-05-01 03:58:50,478 - root - INFO - Completed generation 193; 2.6s elapsed, 2.4s avg, 4.6e+02s total. Expected time remaining: 1.7e+01s
2020-05-01 03:58:50,546 - root - INFO - #193 mean, min log_loss: 2e+01, 0.57
2020-05-01 03:58:52,406 - root - INFO - Completed generation 194; 1.9s elapsed, 2.4s avg, 4.6e+02s total. Expected time remaining: 1.4e+01s
2020-05-01 03:58:52,489 - root - INFO - #194 mean, min log_loss: 7.3, 0.57
2020-05-01 03:58:54,846 - root - INFO - Completed generation 195; 2.4s elapsed, 2.4s avg, 4.6e+02s total. Expected time remaining: 1.2e+01s
2020-05-01 03:58:54,969 - root - INFO - #195 mean, min log_loss: 1.2e+01, 0.57
2020-05-01 03:58:57,365 - root - INFO - Completed generation 196; 2.4s elapsed, 2.4s avg, 4.7e+02s total. Expected time remaining: 9.5s
2020-05-01 03:58:57,435 - root - INFO - #196 mean, min log_loss: 1.9e+01, 0.57
2020-05-01 03:58:59,064 - root - INFO - Completed generation 197; 1.6s elapsed, 2.4s avg, 4.7e+02s total. Expected time remaining: 7.1s
2020-05-01 03:58:59,134 - root - INFO - #197 mean, min log_loss: 2.1e+01, 0.57
2020-05-01 03:59:01,370 - root - INFO - Completed generation 198; 2.2s elapsed, 2.4s avg, 4.7e+02s total. Expected time remaining: 4.7s
2020-05-01 03:59:01,439 - root - INFO - #198 mean, min log_loss: 1.4e+01, 0.57
2020-05-01 03:59:03,056 - root - INFO - Completed generation 199; 1.6s elapsed, 2.4s avg, 4.7e+02s total. Expected time remaining: 2.4s
2020-05-01 03:59:03,126 - root - INFO - #199 mean, min log_loss: 2.3e+01, 0.57
2020-05-01 03:59:06,806 - root - INFO - Completed generation 200; 3.7s elapsed, 2.4s avg, 4.8e+02s total. Expected time remaining: 0.0s
2020-05-01 03:59:06,921 - root - INFO - #200 mean, min log_loss: 1.4e+01, 0.49
2020-05-01 03:59:07,183 - root - INFO - Evaluating indivs in hall of fame.
2020-05-01 03:59:23,611 - root - INFO - Completed excution.
