2020-08-23 16:06:31,223 - root - INFO - Package version 0.1.1
2020-08-23 16:06:31,224 - root - INFO - Saving data at /vol/fob-vol1/mi15/plonerma/Lab/rewann/gruenau7/complexity_measure/data/2020-08-23_Iris -n_mutations; uniform -2,2; signed: False; seed: 0_000.
2020-08-23 16:06:31,224 - root - DEBUG - Loading training dataset
2020-08-23 16:06:31,293 - root - DEBUG - Loaded 150 samples.
2020-08-23 16:06:31,294 - root - DEBUG - Running experiments with the following parameters:
debug = true
experiment_name = "Iris -n_mutations; uniform -2,2; signed: False; seed: 0"
experiment_path = "data/2020-08-23_Iris -n_mutations; uniform -2,2; signed: False; seed: 0_000"

[config]
num_workers = 1
debug = true
backend = "numpy"

[postopt]
run_postopt = true
compile_report = false
num_weights = 100
num_samples = -1

[sampling]
seed = 0
post_init_seed = false
distribution = "uniform"
lower_bound = -2
upper_bound = 2
mean = 0
sigma = 1
num_weights_per_iteration = 5
num_samples_per_iteration = -1
hof_evaluation_iterations = 20

[task]
name = "iris"
sample_order_seed = 0
test_portion = 0.2
sample_length = 10
num_categories = 8

[storage]
data_base_path = "data"
log_filename = "execution.log"
commit_elite_freq = -1
commit_metrics_freq = 10

[population]
num_generations = 200
size = 100
initial_enabled_edge_prob = 0.05
initial_genes = "full"
initial_func = "random"
hof_size = 10
enable_edge_signs = false
enabled_activation_funcs = "all"

[selection]
use_tournaments = true
elite_ratio = 0.1
culling_ratio = 0.2
tournament_size = 5
objectives = [ "-log_loss.min", "-log_loss.mean", "-n_mutations",]
recorded_metrics = [ "accuracy", "kappa", "log_loss",]
hof_metric = "accuracy.mean"

[mutation.new_edge]
probability = 0.2
strategy = "layer_agnostic"
propability = 0.2

[mutation.new_node]
probability = 0.25
propability = 0.3

[mutation.reenable_edge]
probability = 0.05
propability = 0.1

[mutation.change_activation]
probability = 0.5
propability = 0.4

[mutation.change_edge_sign]
probability = 0.2

[mutation.new_recurrent_edge]
probability = 0.2
strategy = "any"

2020-08-23 16:06:31,303 - root - INFO - Starting evolutionary algorithm
2020-08-23 16:06:31,324 - root - DEBUG - Sampled weight [-1.17419436  1.19010544  1.23219736  1.70808228 -1.53775475]
2020-08-23 16:06:32,543 - root - DEBUG - Updating hall of fame
2020-08-23 16:06:34,608 - root - INFO - Completed generation 1; 3.3s elapsed, 3.3s avg, 3.3s total. Expected time remaining: 6.6e+02s
2020-08-23 16:06:34,682 - root - INFO - #1 MAX:accuracy.mean: 0.67
2020-08-23 16:06:34,726 - root - DEBUG - Sampled weight [ 1.72710581  1.99979588 -0.92044472 -0.79292579 -1.34004424]
2020-08-23 16:06:35,887 - root - DEBUG - Updating hall of fame
2020-08-23 16:06:37,860 - root - INFO - Completed generation 2; 3.2s elapsed, 3.2s avg, 6.5s total. Expected time remaining: 6.4e+02s
2020-08-23 16:06:37,925 - root - INFO - #2 MAX:accuracy.mean: 0.42
2020-08-23 16:06:37,969 - root - DEBUG - Sampled weight [ 1.39581049 -1.08265442  1.66802191  1.79952531 -1.11980353]
2020-08-23 16:06:39,111 - root - DEBUG - Updating hall of fame
2020-08-23 16:06:40,756 - root - INFO - Completed generation 3; 2.8s elapsed, 3.1s avg, 9.3s total. Expected time remaining: 6.1e+02s
2020-08-23 16:06:40,822 - root - INFO - #3 MAX:accuracy.mean: 0.45
2020-08-23 16:06:40,865 - root - DEBUG - Sampled weight [-0.84564528 -0.72448659  0.3688731   0.95946624 -0.46360778]
2020-08-23 16:06:41,999 - root - DEBUG - Updating hall of fame
2020-08-23 16:06:43,334 - root - INFO - Completed generation 4; 2.5s elapsed, 3.0s avg, 1.2e+01s total. Expected time remaining: 5.8e+02s
2020-08-23 16:06:43,395 - root - INFO - #4 MAX:accuracy.mean: 0.49
2020-08-23 16:06:43,435 - root - DEBUG - Sampled weight [-1.40835542 -1.33544573  0.5095881   1.43265708  1.11586897]
2020-08-23 16:06:44,502 - root - DEBUG - Updating hall of fame
2020-08-23 16:06:46,019 - root - INFO - Completed generation 5; 2.6s elapsed, 2.9s avg, 1.4e+01s total. Expected time remaining: 5.6e+02s
2020-08-23 16:06:46,080 - root - INFO - #5 MAX:accuracy.mean: 0.44
2020-08-23 16:06:46,121 - root - DEBUG - Sampled weight [-0.44786716  0.20703605  0.43495342  1.02488332  1.62174005]
2020-08-23 16:06:47,193 - root - DEBUG - Updating hall of fame
2020-08-23 16:06:48,554 - root - INFO - Completed generation 6; 2.5s elapsed, 2.8s avg, 1.7e+01s total. Expected time remaining: 5.5e+02s
2020-08-23 16:06:48,615 - root - INFO - #6 MAX:accuracy.mean: 0.47
2020-08-23 16:06:48,656 - root - DEBUG - Sampled weight [ 0.49070514  1.44712007 -0.19478212 -0.10074262  1.58685894]
2020-08-23 16:06:49,739 - root - DEBUG - Updating hall of fame
2020-08-23 16:06:51,086 - root - INFO - Completed generation 7; 2.5s elapsed, 2.8s avg, 1.9e+01s total. Expected time remaining: 5.3e+02s
2020-08-23 16:06:51,148 - root - INFO - #7 MAX:accuracy.mean: 0.47
2020-08-23 16:06:51,188 - root - DEBUG - Sampled weight [-0.49078918 -1.04329942  1.37568537  0.81178045 -0.1134053 ]
2020-08-23 16:06:52,266 - root - DEBUG - Updating hall of fame
2020-08-23 16:06:53,426 - root - INFO - Completed generation 8; 2.3s elapsed, 2.7s avg, 2.2e+01s total. Expected time remaining: 5.2e+02s
2020-08-23 16:06:53,487 - root - INFO - #8 MAX:accuracy.mean: 0.45
2020-08-23 16:06:53,528 - root - DEBUG - Sampled weight [-0.97109397  0.48362719 -0.77158124 -0.1495591   1.55056062]
2020-08-23 16:06:54,607 - root - DEBUG - Updating hall of fame
2020-08-23 16:06:55,769 - root - INFO - Completed generation 9; 2.3s elapsed, 2.7s avg, 2.4e+01s total. Expected time remaining: 5.1e+02s
2020-08-23 16:06:55,831 - root - INFO - #9 MAX:accuracy.mean: 0.49
2020-08-23 16:06:55,872 - root - DEBUG - Sampled weight [ 1.29251326  0.71311964 -0.54331362 -0.08622784 -0.13506181]
2020-08-23 16:06:56,948 - root - DEBUG - Updating hall of fame
2020-08-23 16:06:58,477 - root - INFO - Completed generation 10; 2.6s elapsed, 2.7s avg, 2.7e+01s total. Expected time remaining: 5.1e+02s
2020-08-23 16:06:58,538 - root - INFO - #10 MAX:accuracy.mean: 0.44
2020-08-23 16:06:58,648 - root - DEBUG - Sampled weight [ 0.4551799   1.6860347  -0.76607196  1.81444847 -1.12026992]
2020-08-23 16:06:59,728 - root - DEBUG - Updating hall of fame
2020-08-23 16:07:00,872 - root - INFO - Completed generation 11; 2.3s elapsed, 2.6s avg, 2.9e+01s total. Expected time remaining: 5e+02s
2020-08-23 16:07:00,933 - root - INFO - #11 MAX:accuracy.mean: 0.44
2020-08-23 16:07:00,975 - root - DEBUG - Sampled weight [ 0.88791442  1.29579537 -0.70793666  1.46041335  1.1749767 ]
2020-08-23 16:07:02,094 - root - DEBUG - Updating hall of fame
2020-08-23 16:07:03,261 - root - INFO - Completed generation 12; 2.3s elapsed, 2.6s avg, 3.1e+01s total. Expected time remaining: 4.9e+02s
2020-08-23 16:07:03,324 - root - INFO - #12 MAX:accuracy.mean: 0.45
2020-08-23 16:07:03,365 - root - DEBUG - Sampled weight [-1.80498989 -0.67563232  1.85320741 -1.9467623  -1.75940955]
2020-08-23 16:07:04,449 - root - DEBUG - Updating hall of fame
2020-08-23 16:07:05,602 - root - INFO - Completed generation 13; 2.3s elapsed, 2.6s avg, 3.3e+01s total. Expected time remaining: 4.8e+02s
2020-08-23 16:07:05,663 - root - INFO - #13 MAX:accuracy.mean: 0.47
2020-08-23 16:07:05,705 - root - DEBUG - Sampled weight [-0.09346383 -0.67273359  1.91742307  1.93375889  1.25825086]
2020-08-23 16:07:06,779 - root - DEBUG - Updating hall of fame
2020-08-23 16:07:07,539 - root - INFO - Completed generation 14; 1.9s elapsed, 2.5s avg, 3.5e+01s total. Expected time remaining: 4.7e+02s
2020-08-23 16:07:07,601 - root - INFO - #14 MAX:accuracy.mean: 0.41
2020-08-23 16:07:07,642 - root - DEBUG - Sampled weight [ 1.60971512 -0.08903837  0.73613596 -1.87770288 -0.80329828]
2020-08-23 16:07:08,724 - root - DEBUG - Updating hall of fame
2020-08-23 16:07:09,685 - root - INFO - Completed generation 15; 2.1s elapsed, 2.5s avg, 3.7e+01s total. Expected time remaining: 4.6e+02s
2020-08-23 16:07:09,747 - root - INFO - #15 MAX:accuracy.mean: 0.47
2020-08-23 16:07:09,788 - root - DEBUG - Sampled weight [ 0.14242491 -1.5523411  -1.99611833 -1.08276904  1.79581664]
2020-08-23 16:07:10,861 - root - DEBUG - Updating hall of fame
2020-08-23 16:07:11,623 - root - INFO - Completed generation 16; 1.9s elapsed, 2.5s avg, 3.9e+01s total. Expected time remaining: 4.5e+02s
2020-08-23 16:07:11,686 - root - INFO - #16 MAX:accuracy.mean: 0.45
2020-08-23 16:07:11,727 - root - DEBUG - Sampled weight [1.81376709 0.74202881 1.71932026 0.37096984 1.27850126]
2020-08-23 16:07:12,803 - root - DEBUG - Updating hall of fame
2020-08-23 16:07:13,762 - root - INFO - Completed generation 17; 2.1s elapsed, 2.4s avg, 4.1e+01s total. Expected time remaining: 4.5e+02s
2020-08-23 16:07:13,823 - root - INFO - #17 MAX:accuracy.mean: 0.44
2020-08-23 16:07:13,865 - root - DEBUG - Sampled weight [-0.2533293   1.1844089  -0.58430676  0.36497078 -0.73946651]
2020-08-23 16:07:14,946 - root - DEBUG - Updating hall of fame
2020-08-23 16:07:15,895 - root - INFO - Completed generation 18; 2.1s elapsed, 2.4s avg, 4.3e+01s total. Expected time remaining: 4.4e+02s
2020-08-23 16:07:15,956 - root - INFO - #18 MAX:accuracy.mean: 0.53
2020-08-23 16:07:15,998 - root - DEBUG - Sampled weight [ 1.46495256 -0.49225464 -0.78524589  0.17838556  1.32915491]
2020-08-23 16:07:17,075 - root - DEBUG - Updating hall of fame
2020-08-23 16:07:18,028 - root - INFO - Completed generation 19; 2.1s elapsed, 2.4s avg, 4.6e+01s total. Expected time remaining: 4.3e+02s
2020-08-23 16:07:18,091 - root - INFO - #19 MAX:accuracy.mean: 0.47
2020-08-23 16:07:18,131 - root - DEBUG - Sampled weight [-1.68306544 -0.61835176 -0.21314188 -1.99293871  1.21278833]
2020-08-23 16:07:19,205 - root - DEBUG - Updating hall of fame
2020-08-23 16:07:19,580 - root - INFO - Completed generation 20; 1.5s elapsed, 2.4s avg, 4.7e+01s total. Expected time remaining: 4.2e+02s
2020-08-23 16:07:19,642 - root - INFO - #20 MAX:accuracy.mean: 0.47
2020-08-23 16:07:19,725 - root - DEBUG - Sampled weight [-0.8118491   0.39530865 -1.02487718 -0.31266429 -1.47040536]
2020-08-23 16:07:20,793 - root - DEBUG - Updating hall of fame
2020-08-23 16:07:21,350 - root - INFO - Completed generation 21; 1.7s elapsed, 2.3s avg, 4.9e+01s total. Expected time remaining: 4.1e+02s
2020-08-23 16:07:21,411 - root - INFO - #21 MAX:accuracy.mean: 0.45
2020-08-23 16:07:21,451 - root - DEBUG - Sampled weight [-1.93871112 -1.30908821  1.79934855 -0.25884557 -0.83911849]
2020-08-23 16:07:22,517 - root - DEBUG - Updating hall of fame
2020-08-23 16:07:23,074 - root - INFO - Completed generation 22; 1.7s elapsed, 2.3s avg, 5e+01s total. Expected time remaining: 4.1e+02s
2020-08-23 16:07:23,135 - root - INFO - #22 MAX:accuracy.mean: 0.51
2020-08-23 16:07:23,176 - root - DEBUG - Sampled weight [ 0.72560258 -1.43083741  0.20415129 -1.08057039 -0.04358592]
2020-08-23 16:07:24,246 - root - DEBUG - Updating hall of fame
2020-08-23 16:07:24,618 - root - INFO - Completed generation 23; 1.5s elapsed, 2.3s avg, 5.2e+01s total. Expected time remaining: 4e+02s
2020-08-23 16:07:24,679 - root - INFO - #23 MAX:accuracy.mean: 0.45
2020-08-23 16:07:24,719 - root - DEBUG - Sampled weight [-0.0787201  -1.7769827   1.14063792  0.50552701 -0.02760247]
2020-08-23 16:07:25,794 - root - DEBUG - Updating hall of fame
2020-08-23 16:07:26,554 - root - INFO - Completed generation 24; 1.9s elapsed, 2.2s avg, 5.4e+01s total. Expected time remaining: 3.9e+02s
2020-08-23 16:07:26,615 - root - INFO - #24 MAX:accuracy.mean: 0.44
2020-08-23 16:07:26,655 - root - DEBUG - Sampled weight [ 0.4424372   0.48798768 -0.6044222   1.75371366 -1.74603093]
2020-08-23 16:07:27,728 - root - DEBUG - Updating hall of fame
2020-08-23 16:07:28,483 - root - INFO - Completed generation 25; 1.9s elapsed, 2.2s avg, 5.6e+01s total. Expected time remaining: 3.9e+02s
2020-08-23 16:07:28,544 - root - INFO - #25 MAX:accuracy.mean: 0.48
2020-08-23 16:07:28,585 - root - DEBUG - Sampled weight [ 1.5039939  -0.7130703   0.23030561 -1.41473609 -1.95537667]
2020-08-23 16:07:29,658 - root - DEBUG - Updating hall of fame
2020-08-23 16:07:30,601 - root - INFO - Completed generation 26; 2.1s elapsed, 2.2s avg, 5.8e+01s total. Expected time remaining: 3.9e+02s
2020-08-23 16:07:30,662 - root - INFO - #26 MAX:accuracy.mean: 0.44
2020-08-23 16:07:30,703 - root - DEBUG - Sampled weight [ 1.61249046  1.34233936 -0.75081271  0.15830222  1.97211747]
2020-08-23 16:07:31,776 - root - DEBUG - Updating hall of fame
2020-08-23 16:07:32,532 - root - INFO - Completed generation 27; 1.9s elapsed, 2.2s avg, 5.9e+01s total. Expected time remaining: 3.8e+02s
2020-08-23 16:07:32,593 - root - INFO - #27 MAX:accuracy.mean: 0.48
2020-08-23 16:07:32,634 - root - DEBUG - Sampled weight [-0.90485842  0.23545905  1.1969041  -0.18795    -0.51396654]
2020-08-23 16:07:33,711 - root - DEBUG - Updating hall of fame
2020-08-23 16:07:34,293 - root - INFO - Completed generation 28; 1.7s elapsed, 2.2s avg, 6.1e+01s total. Expected time remaining: 3.8e+02s
2020-08-23 16:07:34,355 - root - INFO - #28 MAX:accuracy.mean: 0.53
2020-08-23 16:07:34,395 - root - DEBUG - Sampled weight [-1.08745111  1.38363057 -0.71223069  1.23772598 -1.69536604]
2020-08-23 16:07:35,469 - root - DEBUG - Updating hall of fame
2020-08-23 16:07:36,239 - root - INFO - Completed generation 29; 1.9s elapsed, 2.2s avg, 6.3e+01s total. Expected time remaining: 3.7e+02s
2020-08-23 16:07:36,300 - root - INFO - #29 MAX:accuracy.mean: 0.44
2020-08-23 16:07:36,339 - root - DEBUG - Sampled weight [-1.06844002  0.28412008 -0.93731994  1.64861554 -0.15769457]
2020-08-23 16:07:37,413 - root - DEBUG - Updating hall of fame
2020-08-23 16:07:37,801 - root - INFO - Completed generation 30; 1.5s elapsed, 2.2s avg, 6.5e+01s total. Expected time remaining: 3.7e+02s
2020-08-23 16:07:37,862 - root - INFO - #30 MAX:accuracy.mean: 0.51
2020-08-23 16:07:37,954 - root - DEBUG - Sampled weight [-0.30240455 -0.36622406  1.58863412 -1.4545137  -0.32340902]
2020-08-23 16:07:39,044 - root - DEBUG - Updating hall of fame
2020-08-23 16:07:39,822 - root - INFO - Completed generation 31; 1.9s elapsed, 2.1s avg, 6.6e+01s total. Expected time remaining: 3.6e+02s
2020-08-23 16:07:39,883 - root - INFO - #31 MAX:accuracy.mean: 0.53
2020-08-23 16:07:39,924 - root - DEBUG - Sampled weight [-0.70947017  0.46803407 -1.78683258 -0.5567903  -0.25511615]
2020-08-23 16:07:40,999 - root - DEBUG - Updating hall of fame
2020-08-23 16:07:41,577 - root - INFO - Completed generation 32; 1.7s elapsed, 2.1s avg, 6.8e+01s total. Expected time remaining: 3.6e+02s
2020-08-23 16:07:41,639 - root - INFO - #32 MAX:accuracy.mean: 0.5
2020-08-23 16:07:41,680 - root - DEBUG - Sampled weight [-1.07120585  0.88695235 -0.34351573  0.88170035 -1.07440966]
2020-08-23 16:07:42,758 - root - DEBUG - Updating hall of fame
2020-08-23 16:07:43,886 - root - INFO - Completed generation 33; 2.2s elapsed, 2.1s avg, 7e+01s total. Expected time remaining: 3.6e+02s
2020-08-23 16:07:43,948 - root - INFO - #33 MAX:accuracy.mean: 0.45
2020-08-23 16:07:43,989 - root - DEBUG - Sampled weight [ 0.15197233 -0.25462852  0.26904242  1.24398734 -0.93799799]
2020-08-23 16:07:45,054 - root - DEBUG - Updating hall of fame
2020-08-23 16:07:45,634 - root - INFO - Completed generation 34; 1.7s elapsed, 2.1s avg, 7.2e+01s total. Expected time remaining: 3.5e+02s
2020-08-23 16:07:45,695 - root - INFO - #34 MAX:accuracy.mean: 0.51
2020-08-23 16:07:45,736 - root - DEBUG - Sampled weight [ 1.36671719 -1.71234294 -1.13100523  1.8337949  -0.4761288 ]
2020-08-23 16:07:46,813 - root - DEBUG - Updating hall of fame
2020-08-23 16:07:47,570 - root - INFO - Completed generation 35; 1.9s elapsed, 2.1s avg, 7.4e+01s total. Expected time remaining: 3.5e+02s
2020-08-23 16:07:47,715 - root - INFO - #35 MAX:accuracy.mean: 0.41
2020-08-23 16:07:47,756 - root - DEBUG - Sampled weight [-1.47638071  0.63214875  0.55873663 -1.07833088 -0.36096069]
2020-08-23 16:07:48,841 - root - DEBUG - Updating hall of fame
2020-08-23 16:07:49,225 - root - INFO - Completed generation 36; 1.5s elapsed, 2.1s avg, 7.5e+01s total. Expected time remaining: 3.4e+02s
2020-08-23 16:07:49,286 - root - INFO - #36 MAX:accuracy.mean: 0.53
2020-08-23 16:07:49,327 - root - DEBUG - Sampled weight [-0.30651126 -0.90648058 -0.78553549 -1.43602671 -0.95188247]
2020-08-23 16:07:50,399 - root - DEBUG - Updating hall of fame
2020-08-23 16:07:50,967 - root - INFO - Completed generation 37; 1.7s elapsed, 2.1s avg, 7.7e+01s total. Expected time remaining: 3.4e+02s
2020-08-23 16:07:51,028 - root - INFO - #37 MAX:accuracy.mean: 0.57
2020-08-23 16:07:51,068 - root - DEBUG - Sampled weight [ 0.71022105 -1.90375325 -0.980334   -1.68214482 -1.35912764]
2020-08-23 16:07:52,140 - root - DEBUG - Updating hall of fame
2020-08-23 16:07:52,524 - root - INFO - Completed generation 38; 1.5s elapsed, 2.1s avg, 7.9e+01s total. Expected time remaining: 3.4e+02s
2020-08-23 16:07:52,585 - root - INFO - #38 MAX:accuracy.mean: 0.47
2020-08-23 16:07:52,625 - root - DEBUG - Sampled weight [-0.72191776  1.20728989 -1.27742531 -0.38489364  1.54135313]
2020-08-23 16:07:53,695 - root - DEBUG - Updating hall of fame
2020-08-23 16:07:54,079 - root - INFO - Completed generation 39; 1.5s elapsed, 2.1s avg, 8e+01s total. Expected time remaining: 3.3e+02s
2020-08-23 16:07:54,141 - root - INFO - #39 MAX:accuracy.mean: 0.52
2020-08-23 16:07:54,181 - root - DEBUG - Sampled weight [-1.63282662 -0.6167508  -0.32128203  1.22385511  0.25706506]
2020-08-23 16:07:55,256 - root - DEBUG - Updating hall of fame
2020-08-23 16:07:56,011 - root - INFO - Completed generation 40; 1.9s elapsed, 2.1s avg, 8.2e+01s total. Expected time remaining: 3.3e+02s
2020-08-23 16:07:56,072 - root - INFO - #40 MAX:accuracy.mean: 0.57
2020-08-23 16:07:56,164 - root - DEBUG - Sampled weight [ 1.42572869 -0.97630252 -0.98464303 -0.12138318  1.49495803]
2020-08-23 16:07:57,243 - root - DEBUG - Updating hall of fame
2020-08-23 16:07:58,000 - root - INFO - Completed generation 41; 1.9s elapsed, 2.0s avg, 8.4e+01s total. Expected time remaining: 3.3e+02s
2020-08-23 16:07:58,061 - root - INFO - #41 MAX:accuracy.mean: 0.46
2020-08-23 16:07:58,102 - root - DEBUG - Sampled weight [ 0.58955745  1.61912156 -0.74332874  1.34711628  1.56594634]
2020-08-23 16:07:59,175 - root - DEBUG - Updating hall of fame
2020-08-23 16:07:59,752 - root - INFO - Completed generation 42; 1.7s elapsed, 2.0s avg, 8.6e+01s total. Expected time remaining: 3.2e+02s
2020-08-23 16:07:59,813 - root - INFO - #42 MAX:accuracy.mean: 0.54
2020-08-23 16:07:59,854 - root - DEBUG - Sampled weight [ 1.37241862  1.65723124  0.18810503  0.94765703 -0.11098534]
2020-08-23 16:08:00,927 - root - DEBUG - Updating hall of fame
2020-08-23 16:08:01,527 - root - INFO - Completed generation 43; 1.7s elapsed, 2.0s avg, 8.7e+01s total. Expected time remaining: 3.2e+02s
2020-08-23 16:08:01,593 - root - INFO - #43 MAX:accuracy.mean: 0.46
2020-08-23 16:08:01,637 - root - DEBUG - Sampled weight [-0.06471411  1.29691485 -1.44263432  0.86343721  1.20722857]
2020-08-23 16:08:02,758 - root - DEBUG - Updating hall of fame
2020-08-23 16:08:03,543 - root - INFO - Completed generation 44; 2.0s elapsed, 2.0s avg, 8.9e+01s total. Expected time remaining: 3.2e+02s
2020-08-23 16:08:03,607 - root - INFO - #44 MAX:accuracy.mean: 0.51
2020-08-23 16:08:03,648 - root - DEBUG - Sampled weight [-1.3601834   0.12000122 -1.56821525  1.83761079 -1.2803071 ]
2020-08-23 16:08:04,764 - root - DEBUG - Updating hall of fame
2020-08-23 16:08:05,547 - root - INFO - Completed generation 45; 1.9s elapsed, 2.0s avg, 9.1e+01s total. Expected time remaining: 3.1e+02s
2020-08-23 16:08:05,609 - root - INFO - #45 MAX:accuracy.mean: 0.51
2020-08-23 16:08:05,649 - root - DEBUG - Sampled weight [ 0.84397314  1.20167883 -0.68790122 -1.63589297  1.34309198]
2020-08-23 16:08:06,723 - root - DEBUG - Updating hall of fame
2020-08-23 16:08:07,321 - root - INFO - Completed generation 46; 1.7s elapsed, 2.0s avg, 9.3e+01s total. Expected time remaining: 3.1e+02s
2020-08-23 16:08:07,382 - root - INFO - #46 MAX:accuracy.mean: 0.51
2020-08-23 16:08:07,423 - root - DEBUG - Sampled weight [ 0.27204074  1.13213511  0.49566853 -1.71132382  0.75864799]
2020-08-23 16:08:08,503 - root - DEBUG - Updating hall of fame
2020-08-23 16:08:09,075 - root - INFO - Completed generation 47; 1.7s elapsed, 2.0s avg, 9.5e+01s total. Expected time remaining: 3.1e+02s
2020-08-23 16:08:09,136 - root - INFO - #47 MAX:accuracy.mean: 0.55
2020-08-23 16:08:09,177 - root - DEBUG - Sampled weight [ 1.3049995  -1.2042263  -0.76501968 -1.63646903 -0.93013011]
2020-08-23 16:08:10,260 - root - DEBUG - Updating hall of fame
2020-08-23 16:08:11,027 - root - INFO - Completed generation 48; 1.9s elapsed, 2.0s avg, 9.7e+01s total. Expected time remaining: 3.1e+02s
2020-08-23 16:08:11,088 - root - INFO - #48 MAX:accuracy.mean: 0.53
2020-08-23 16:08:11,129 - root - DEBUG - Sampled weight [-0.48321444  0.98765708  0.83198096 -0.49748631 -0.11191498]
2020-08-23 16:08:12,210 - root - DEBUG - Updating hall of fame
2020-08-23 16:08:12,989 - root - INFO - Completed generation 49; 1.9s elapsed, 2.0s avg, 9.8e+01s total. Expected time remaining: 3e+02s
2020-08-23 16:08:13,051 - root - INFO - #49 MAX:accuracy.mean: 0.57
2020-08-23 16:08:13,092 - root - DEBUG - Sampled weight [-1.27806904  1.11918517 -0.83300231 -0.16294442 -0.76454381]
2020-08-23 16:08:14,187 - root - DEBUG - Updating hall of fame
2020-08-23 16:08:15,135 - root - INFO - Completed generation 50; 2.1s elapsed, 2.0s avg, 1e+02s total. Expected time remaining: 3e+02s
2020-08-23 16:08:15,196 - root - INFO - #50 MAX:accuracy.mean: 0.5
2020-08-23 16:08:15,331 - root - DEBUG - Sampled weight [0.91577459 0.32918359 0.00974598 1.15762323 0.32802551]
2020-08-23 16:08:16,421 - root - DEBUG - Updating hall of fame
2020-08-23 16:08:17,387 - root - INFO - Completed generation 51; 2.1s elapsed, 2.0s avg, 1e+02s total. Expected time remaining: 3e+02s
2020-08-23 16:08:17,448 - root - INFO - #51 MAX:accuracy.mean: 0.48
2020-08-23 16:08:17,488 - root - DEBUG - Sampled weight [-1.77245555  1.3648754  -0.88733337  1.56440171  1.21183341]
2020-08-23 16:08:18,576 - root - DEBUG - Updating hall of fame
2020-08-23 16:08:19,350 - root - INFO - Completed generation 52; 1.9s elapsed, 2.0s avg, 1e+02s total. Expected time remaining: 3e+02s
2020-08-23 16:08:19,411 - root - INFO - #52 MAX:accuracy.mean: 0.46
2020-08-23 16:08:19,451 - root - DEBUG - Sampled weight [-0.56024265 -1.68226902 -0.12965877  1.59082417 -0.24405484]
2020-08-23 16:08:20,541 - root - DEBUG - Updating hall of fame
2020-08-23 16:08:21,310 - root - INFO - Completed generation 53; 1.9s elapsed, 2.0s avg, 1.1e+02s total. Expected time remaining: 3e+02s
2020-08-23 16:08:21,371 - root - INFO - #53 MAX:accuracy.mean: 0.45
2020-08-23 16:08:21,412 - root - DEBUG - Sampled weight [-0.87926151 -1.85687717  1.09396017  0.0847092   0.06109646]
2020-08-23 16:08:22,500 - root - DEBUG - Updating hall of fame
2020-08-23 16:08:23,079 - root - INFO - Completed generation 54; 1.7s elapsed, 2.0s avg, 1.1e+02s total. Expected time remaining: 2.9e+02s
2020-08-23 16:08:23,140 - root - INFO - #54 MAX:accuracy.mean: 0.45
2020-08-23 16:08:23,182 - root - DEBUG - Sampled weight [ 1.49103932 -0.43012638  1.38422067 -0.07266686  1.66853764]
2020-08-23 16:08:24,275 - root - DEBUG - Updating hall of fame
2020-08-23 16:08:24,854 - root - INFO - Completed generation 55; 1.7s elapsed, 2.0s avg, 1.1e+02s total. Expected time remaining: 2.9e+02s
2020-08-23 16:08:24,915 - root - INFO - #55 MAX:accuracy.mean: 0.48
2020-08-23 16:08:24,956 - root - DEBUG - Sampled weight [ 0.46725407  1.84450097 -0.47963699  1.07978549  0.46940074]
2020-08-23 16:08:26,052 - root - DEBUG - Updating hall of fame
2020-08-23 16:08:26,636 - root - INFO - Completed generation 56; 1.7s elapsed, 2.0s avg, 1.1e+02s total. Expected time remaining: 2.9e+02s
2020-08-23 16:08:26,697 - root - INFO - #56 MAX:accuracy.mean: 0.55
2020-08-23 16:08:26,740 - root - DEBUG - Sampled weight [-0.71098898  1.4466056  -1.36356976 -0.9697729  -0.05882499]
2020-08-23 16:08:27,825 - root - DEBUG - Updating hall of fame
2020-08-23 16:08:28,775 - root - INFO - Completed generation 57; 2.1s elapsed, 2.0s avg, 1.1e+02s total. Expected time remaining: 2.9e+02s
2020-08-23 16:08:28,836 - root - INFO - #57 MAX:accuracy.mean: 0.46
2020-08-23 16:08:28,877 - root - DEBUG - Sampled weight [-0.92215245  1.04575697 -0.83317753 -1.16806026 -0.33175027]
2020-08-23 16:08:29,971 - root - DEBUG - Updating hall of fame
2020-08-23 16:08:30,544 - root - INFO - Completed generation 58; 1.7s elapsed, 2.0s avg, 1.2e+02s total. Expected time remaining: 2.8e+02s
2020-08-23 16:08:30,605 - root - INFO - #58 MAX:accuracy.mean: 0.53
2020-08-23 16:08:30,645 - root - DEBUG - Sampled weight [0.23538872 1.05688497 0.05982801 1.07688952 1.78218649]
2020-08-23 16:08:31,737 - root - DEBUG - Updating hall of fame
2020-08-23 16:08:32,310 - root - INFO - Completed generation 59; 1.7s elapsed, 2.0s avg, 1.2e+02s total. Expected time remaining: 2.8e+02s
2020-08-23 16:08:32,371 - root - INFO - #59 MAX:accuracy.mean: 0.47
2020-08-23 16:08:32,413 - root - DEBUG - Sampled weight [ 0.21813568  1.8573558  -0.35592226  1.36332264  0.50574394]
2020-08-23 16:08:33,499 - root - DEBUG - Updating hall of fame
2020-08-23 16:08:33,698 - root - INFO - Completed generation 60; 1.3s elapsed, 2.0s avg, 1.2e+02s total. Expected time remaining: 2.8e+02s
2020-08-23 16:08:33,759 - root - INFO - #60 MAX:accuracy.mean: 0.52
2020-08-23 16:08:33,860 - root - DEBUG - Sampled weight [-0.13173822 -1.66472757  1.32334162  1.86122017 -1.85314275]
2020-08-23 16:08:34,971 - root - DEBUG - Updating hall of fame
2020-08-23 16:08:35,942 - root - INFO - Completed generation 61; 2.1s elapsed, 2.0s avg, 1.2e+02s total. Expected time remaining: 2.7e+02s
2020-08-23 16:08:36,004 - root - INFO - #61 MAX:accuracy.mean: 0.45
2020-08-23 16:08:36,045 - root - DEBUG - Sampled weight [-0.92829884 -0.92452156  0.0754382  -0.42513989  0.61258324]
2020-08-23 16:08:37,143 - root - DEBUG - Updating hall of fame
2020-08-23 16:08:37,341 - root - INFO - Completed generation 62; 1.3s elapsed, 2.0s avg, 1.2e+02s total. Expected time remaining: 2.7e+02s
2020-08-23 16:08:37,402 - root - INFO - #62 MAX:accuracy.mean: 0.58
2020-08-23 16:08:37,444 - root - DEBUG - Sampled weight [ 1.20823066  0.42953418 -0.86135419  0.24004231  1.77004284]
2020-08-23 16:08:38,552 - root - DEBUG - Updating hall of fame
2020-08-23 16:08:39,331 - root - INFO - Completed generation 63; 1.9s elapsed, 2.0s avg, 1.2e+02s total. Expected time remaining: 2.7e+02s
2020-08-23 16:08:39,393 - root - INFO - #63 MAX:accuracy.mean: 0.62
2020-08-23 16:08:39,434 - root - DEBUG - Sampled weight [-1.66983153  1.91520467  0.06210773  1.08326245  0.2607759 ]
2020-08-23 16:08:40,528 - root - DEBUG - Updating hall of fame
2020-08-23 16:08:41,099 - root - INFO - Completed generation 64; 1.7s elapsed, 2.0s avg, 1.3e+02s total. Expected time remaining: 2.7e+02s
2020-08-23 16:08:41,160 - root - INFO - #64 MAX:accuracy.mean: 0.45
2020-08-23 16:08:41,202 - root - DEBUG - Sampled weight [ 0.88412161  1.35638074 -0.30404929  1.24190561  1.52670789]
2020-08-23 16:08:42,309 - root - DEBUG - Updating hall of fame
2020-08-23 16:08:42,513 - root - INFO - Completed generation 65; 1.4s elapsed, 2.0s avg, 1.3e+02s total. Expected time remaining: 2.6e+02s
2020-08-23 16:08:42,574 - root - INFO - #65 MAX:accuracy.mean: 0.45
2020-08-23 16:08:42,616 - root - DEBUG - Sampled weight [-1.85647738 -1.25141872 -1.88856486  1.35359291  1.39942412]
2020-08-23 16:08:43,721 - root - DEBUG - Updating hall of fame
2020-08-23 16:08:44,305 - root - INFO - Completed generation 66; 1.7s elapsed, 1.9s avg, 1.3e+02s total. Expected time remaining: 2.6e+02s
2020-08-23 16:08:44,366 - root - INFO - #66 MAX:accuracy.mean: 0.53
2020-08-23 16:08:44,408 - root - DEBUG - Sampled weight [-0.03446998 -1.0069661   1.28219521  1.9029293  -0.26377889]
2020-08-23 16:08:45,509 - root - DEBUG - Updating hall of fame
2020-08-23 16:08:46,096 - root - INFO - Completed generation 67; 1.7s elapsed, 1.9s avg, 1.3e+02s total. Expected time remaining: 2.6e+02s
2020-08-23 16:08:46,157 - root - INFO - #67 MAX:accuracy.mean: 0.49
2020-08-23 16:08:46,198 - root - DEBUG - Sampled weight [ 1.65056586  0.71162921  1.99119474 -1.60282548 -0.73100471]
2020-08-23 16:08:47,297 - root - DEBUG - Updating hall of fame
2020-08-23 16:08:47,501 - root - INFO - Completed generation 68; 1.3s elapsed, 1.9s avg, 1.3e+02s total. Expected time remaining: 2.6e+02s
2020-08-23 16:08:47,563 - root - INFO - #68 MAX:accuracy.mean: 0.49
2020-08-23 16:08:47,605 - root - DEBUG - Sampled weight [-1.02187809 -0.90731264 -1.58738582 -0.10400241  1.91812173]
2020-08-23 16:08:48,712 - root - DEBUG - Updating hall of fame
2020-08-23 16:08:49,298 - root - INFO - Completed generation 69; 1.7s elapsed, 1.9s avg, 1.3e+02s total. Expected time remaining: 2.5e+02s
2020-08-23 16:08:49,359 - root - INFO - #69 MAX:accuracy.mean: 0.57
2020-08-23 16:08:49,400 - root - DEBUG - Sampled weight [ 1.06776151 -1.83977687 -0.22537941  0.09328677 -1.51124134]
2020-08-23 16:08:50,497 - root - DEBUG - Updating hall of fame
2020-08-23 16:08:50,889 - root - INFO - Completed generation 70; 1.5s elapsed, 1.9s avg, 1.3e+02s total. Expected time remaining: 2.5e+02s
2020-08-23 16:08:50,951 - root - INFO - #70 MAX:accuracy.mean: 0.47
2020-08-23 16:08:51,048 - root - DEBUG - Sampled weight [-0.46963539 -0.44972781 -1.78634714  0.58741829 -1.0206555 ]
2020-08-23 16:08:52,158 - root - DEBUG - Updating hall of fame
2020-08-23 16:08:52,549 - root - INFO - Completed generation 71; 1.5s elapsed, 1.9s avg, 1.4e+02s total. Expected time remaining: 2.5e+02s
2020-08-23 16:08:52,611 - root - INFO - #71 MAX:accuracy.mean: 0.56
2020-08-23 16:08:52,652 - root - DEBUG - Sampled weight [-1.89603607  0.06814488  1.29172995 -0.87869167 -0.10573789]
2020-08-23 16:08:53,756 - root - DEBUG - Updating hall of fame
2020-08-23 16:08:54,143 - root - INFO - Completed generation 72; 1.5s elapsed, 1.9s avg, 1.4e+02s total. Expected time remaining: 2.5e+02s
2020-08-23 16:08:54,205 - root - INFO - #72 MAX:accuracy.mean: 0.46
2020-08-23 16:08:54,247 - root - DEBUG - Sampled weight [ 1.05375971  0.45664597 -0.75500032 -1.68786267  1.35297378]
2020-08-23 16:08:55,358 - root - DEBUG - Updating hall of fame
2020-08-23 16:08:55,550 - root - INFO - Completed generation 73; 1.3s elapsed, 1.9s avg, 1.4e+02s total. Expected time remaining: 2.4e+02s
2020-08-23 16:08:55,611 - root - INFO - #73 MAX:accuracy.mean: 0.51
2020-08-23 16:08:55,653 - root - DEBUG - Sampled weight [ 1.46456591 -1.57129992 -0.67901764  1.35015063 -1.35783689]
2020-08-23 16:08:56,763 - root - DEBUG - Updating hall of fame
2020-08-23 16:08:56,958 - root - INFO - Completed generation 74; 1.3s elapsed, 1.9s avg, 1.4e+02s total. Expected time remaining: 2.4e+02s
2020-08-23 16:08:57,020 - root - INFO - #74 MAX:accuracy.mean: 0.52
2020-08-23 16:08:57,062 - root - DEBUG - Sampled weight [-0.72349569 -0.47197449  1.33324709 -0.68244223  1.10750137]
2020-08-23 16:08:58,171 - root - DEBUG - Updating hall of fame
2020-08-23 16:08:58,562 - root - INFO - Completed generation 75; 1.5s elapsed, 1.9s avg, 1.4e+02s total. Expected time remaining: 2.4e+02s
2020-08-23 16:08:58,624 - root - INFO - #75 MAX:accuracy.mean: 0.67
2020-08-23 16:08:58,665 - root - DEBUG - Sampled weight [ 0.23794936 -1.58809917 -1.69770737  1.43896934  0.36283671]
2020-08-23 16:08:59,769 - root - DEBUG - Updating hall of fame
2020-08-23 16:09:00,161 - root - INFO - Completed generation 76; 1.5s elapsed, 1.9s avg, 1.4e+02s total. Expected time remaining: 2.3e+02s
2020-08-23 16:09:00,222 - root - INFO - #76 MAX:accuracy.mean: 0.57
2020-08-23 16:09:00,264 - root - DEBUG - Sampled weight [-1.64614757 -0.86692481  0.97506109 -1.60685275 -0.69550873]
2020-08-23 16:09:01,379 - root - DEBUG - Updating hall of fame
2020-08-23 16:09:01,568 - root - INFO - Completed generation 77; 1.3s elapsed, 1.9s avg, 1.5e+02s total. Expected time remaining: 2.3e+02s
2020-08-23 16:09:01,630 - root - INFO - #77 MAX:accuracy.mean: 0.57
2020-08-23 16:09:01,672 - root - DEBUG - Sampled weight [ 1.63410151 -0.76649219 -1.84791393  1.44594115  0.7485169 ]
2020-08-23 16:09:02,854 - root - DEBUG - Updating hall of fame
2020-08-23 16:09:03,472 - root - INFO - Completed generation 78; 1.8s elapsed, 1.9s avg, 1.5e+02s total. Expected time remaining: 2.3e+02s
2020-08-23 16:09:03,538 - root - INFO - #78 MAX:accuracy.mean: 0.47
2020-08-23 16:09:03,582 - root - DEBUG - Sampled weight [ 1.71569455 -1.24221693  1.97876658  1.68075885  1.0642858 ]
2020-08-23 16:09:04,777 - root - DEBUG - Updating hall of fame
2020-08-23 16:09:05,191 - root - INFO - Completed generation 79; 1.7s elapsed, 1.9s avg, 1.5e+02s total. Expected time remaining: 2.3e+02s
2020-08-23 16:09:05,257 - root - INFO - #79 MAX:accuracy.mean: 0.64
2020-08-23 16:09:05,300 - root - DEBUG - Sampled weight [-1.83217365 -1.86570388 -0.53727715 -0.38577818  0.26716327]
2020-08-23 16:09:06,439 - root - DEBUG - Updating hall of fame
2020-08-23 16:09:06,439 - root - INFO - Completed generation 80; 1.2s elapsed, 1.9s avg, 1.5e+02s total. Expected time remaining: 2.2e+02s
2020-08-23 16:09:06,501 - root - INFO - #80 MAX:accuracy.mean: 0.57
2020-08-23 16:09:06,612 - root - DEBUG - Sampled weight [ 0.8257803  -1.08419859 -0.99714186  0.75649874  0.32079824]
2020-08-23 16:09:07,729 - root - DEBUG - Updating hall of fame
2020-08-23 16:09:08,119 - root - INFO - Completed generation 81; 1.5s elapsed, 1.9s avg, 1.5e+02s total. Expected time remaining: 2.2e+02s
2020-08-23 16:09:08,180 - root - INFO - #81 MAX:accuracy.mean: 0.57
2020-08-23 16:09:08,222 - root - DEBUG - Sampled weight [ 0.41520601  1.31441966 -1.43280918  1.29924358 -0.62041756]
2020-08-23 16:09:09,400 - root - DEBUG - Updating hall of fame
2020-08-23 16:09:09,608 - root - INFO - Completed generation 82; 1.4s elapsed, 1.9s avg, 1.5e+02s total. Expected time remaining: 2.2e+02s
2020-08-23 16:09:09,674 - root - INFO - #82 MAX:accuracy.mean: 0.53
2020-08-23 16:09:09,719 - root - DEBUG - Sampled weight [ 1.79826195  0.26941199 -0.57012514 -1.38408603  1.19613891]
2020-08-23 16:09:10,915 - root - DEBUG - Updating hall of fame
2020-08-23 16:09:11,546 - root - INFO - Completed generation 83; 1.9s elapsed, 1.9s avg, 1.5e+02s total. Expected time remaining: 2.2e+02s
2020-08-23 16:09:11,611 - root - INFO - #83 MAX:accuracy.mean: 0.57
2020-08-23 16:09:11,655 - root - DEBUG - Sampled weight [-0.28203325  0.04421297  1.17401266  1.89703927  1.70928137]
2020-08-23 16:09:12,842 - root - DEBUG - Updating hall of fame
2020-08-23 16:09:13,470 - root - INFO - Completed generation 84; 1.9s elapsed, 1.9s avg, 1.6e+02s total. Expected time remaining: 2.2e+02s
2020-08-23 16:09:13,536 - root - INFO - #84 MAX:accuracy.mean: 0.53
2020-08-23 16:09:13,580 - root - DEBUG - Sampled weight [-0.44070794 -1.48484459  1.39571218  0.98671725 -1.94933402]
2020-08-23 16:09:14,734 - root - DEBUG - Updating hall of fame
2020-08-23 16:09:14,735 - root - INFO - Completed generation 85; 1.2s elapsed, 1.9s avg, 1.6e+02s total. Expected time remaining: 2.1e+02s
2020-08-23 16:09:14,796 - root - INFO - #85 MAX:accuracy.mean: 0.47
2020-08-23 16:09:14,839 - root - DEBUG - Sampled weight [ 0.26414819 -1.9710731  -1.11543681 -1.40663266  0.28396548]
2020-08-23 16:09:15,958 - root - DEBUG - Updating hall of fame
2020-08-23 16:09:16,350 - root - INFO - Completed generation 86; 1.6s elapsed, 1.9s avg, 1.6e+02s total. Expected time remaining: 2.1e+02s
2020-08-23 16:09:16,411 - root - INFO - #86 MAX:accuracy.mean: 0.53
2020-08-23 16:09:16,453 - root - DEBUG - Sampled weight [-0.3274106  -1.98305213 -1.4839445   1.12655634 -1.17225279]
2020-08-23 16:09:17,576 - root - DEBUG - Updating hall of fame
2020-08-23 16:09:17,762 - root - INFO - Completed generation 87; 1.4s elapsed, 1.8s avg, 1.6e+02s total. Expected time remaining: 2.1e+02s
2020-08-23 16:09:17,823 - root - INFO - #87 MAX:accuracy.mean: 0.51
2020-08-23 16:09:17,865 - root - DEBUG - Sampled weight [ 0.66982859 -1.69874391 -0.40324769 -1.00840748  0.87445847]
2020-08-23 16:09:18,978 - root - DEBUG - Updating hall of fame
2020-08-23 16:09:18,979 - root - INFO - Completed generation 88; 1.2s elapsed, 1.8s avg, 1.6e+02s total. Expected time remaining: 2.1e+02s
2020-08-23 16:09:19,040 - root - INFO - #88 MAX:accuracy.mean: 0.51
2020-08-23 16:09:19,082 - root - DEBUG - Sampled weight [ 1.34402287 -0.36737607  1.19586827  1.95852819 -1.80563238]
2020-08-23 16:09:20,198 - root - DEBUG - Updating hall of fame
2020-08-23 16:09:20,393 - root - INFO - Completed generation 89; 1.4s elapsed, 1.8s avg, 1.6e+02s total. Expected time remaining: 2e+02s
2020-08-23 16:09:20,454 - root - INFO - #89 MAX:accuracy.mean: 0.49
2020-08-23 16:09:20,495 - root - DEBUG - Sampled weight [-1.97696625  1.64893829  1.1382558  -0.79523976 -0.89057397]
2020-08-23 16:09:21,612 - root - DEBUG - Updating hall of fame
2020-08-23 16:09:21,612 - root - INFO - Completed generation 90; 1.2s elapsed, 1.8s avg, 1.6e+02s total. Expected time remaining: 2e+02s
2020-08-23 16:09:21,673 - root - INFO - #90 MAX:accuracy.mean: 0.61
2020-08-23 16:09:21,781 - root - DEBUG - Sampled weight [ 0.4865077   0.60687644 -1.22298328 -1.55882013 -0.10547045]
2020-08-23 16:09:22,906 - root - DEBUG - Updating hall of fame
2020-08-23 16:09:23,298 - root - INFO - Completed generation 91; 1.6s elapsed, 1.8s avg, 1.7e+02s total. Expected time remaining: 2e+02s
2020-08-23 16:09:23,360 - root - INFO - #91 MAX:accuracy.mean: 0.59
2020-08-23 16:09:23,401 - root - DEBUG - Sampled weight [ 1.59976151  0.77703972 -0.75780089  0.66778963 -0.84861588]
2020-08-23 16:09:24,512 - root - DEBUG - Updating hall of fame
2020-08-23 16:09:24,703 - root - INFO - Completed generation 92; 1.3s elapsed, 1.8s avg, 1.7e+02s total. Expected time remaining: 2e+02s
2020-08-23 16:09:24,765 - root - INFO - #92 MAX:accuracy.mean: 0.65
2020-08-23 16:09:24,807 - root - DEBUG - Sampled weight [ 1.89997577 -0.03090515 -1.90461168  0.89424321  0.51266581]
2020-08-23 16:09:25,932 - root - DEBUG - Updating hall of fame
2020-08-23 16:09:26,325 - root - INFO - Completed generation 93; 1.6s elapsed, 1.8s avg, 1.7e+02s total. Expected time remaining: 1.9e+02s
2020-08-23 16:09:26,386 - root - INFO - #93 MAX:accuracy.mean: 0.45
2020-08-23 16:09:26,429 - root - DEBUG - Sampled weight [-0.00941691 -0.55387215 -0.87695209  1.29823672  0.03227855]
2020-08-23 16:09:27,549 - root - DEBUG - Updating hall of fame
2020-08-23 16:09:27,734 - root - INFO - Completed generation 94; 1.3s elapsed, 1.8s avg, 1.7e+02s total. Expected time remaining: 1.9e+02s
2020-08-23 16:09:27,795 - root - INFO - #94 MAX:accuracy.mean: 0.58
2020-08-23 16:09:27,837 - root - DEBUG - Sampled weight [-1.19861592 -0.98253287 -1.27376056 -0.3606153  -0.8761474 ]
2020-08-23 16:09:28,954 - root - DEBUG - Updating hall of fame
2020-08-23 16:09:29,534 - root - INFO - Completed generation 95; 1.7s elapsed, 1.8s avg, 1.7e+02s total. Expected time remaining: 1.9e+02s
2020-08-23 16:09:29,596 - root - INFO - #95 MAX:accuracy.mean: 0.62
2020-08-23 16:09:29,637 - root - DEBUG - Sampled weight [ 0.98085101 -0.46029844 -0.4429466  -0.68759311 -0.38656087]
2020-08-23 16:09:30,744 - root - DEBUG - Updating hall of fame
2020-08-23 16:09:31,329 - root - INFO - Completed generation 96; 1.7s elapsed, 1.8s avg, 1.7e+02s total. Expected time remaining: 1.9e+02s
2020-08-23 16:09:31,391 - root - INFO - #96 MAX:accuracy.mean: 0.67
2020-08-23 16:09:31,433 - root - DEBUG - Sampled weight [ 0.65726161 -1.23562267 -0.10606517  1.85878864 -1.27903695]
2020-08-23 16:09:32,584 - root - DEBUG - Updating hall of fame
2020-08-23 16:09:33,829 - root - INFO - Completed generation 97; 2.4s elapsed, 1.8s avg, 1.8e+02s total. Expected time remaining: 1.9e+02s
2020-08-23 16:09:33,895 - root - INFO - #97 MAX:accuracy.mean: 0.55
2020-08-23 16:09:33,939 - root - DEBUG - Sampled weight [ 0.59339885 -0.52740083  1.06144796  1.34892544  1.36745796]
2020-08-23 16:09:35,142 - root - DEBUG - Updating hall of fame
2020-08-23 16:09:35,772 - root - INFO - Completed generation 98; 1.9s elapsed, 1.8s avg, 1.8e+02s total. Expected time remaining: 1.9e+02s
2020-08-23 16:09:35,838 - root - INFO - #98 MAX:accuracy.mean: 0.62
2020-08-23 16:09:35,883 - root - DEBUG - Sampled weight [-1.80758801 -0.73382241 -1.91258227 -1.97561474 -0.05524488]
2020-08-23 16:09:37,082 - root - DEBUG - Updating hall of fame
2020-08-23 16:09:38,119 - root - INFO - Completed generation 99; 2.3s elapsed, 1.8s avg, 1.8e+02s total. Expected time remaining: 1.8e+02s
2020-08-23 16:09:38,181 - root - INFO - #99 MAX:accuracy.mean: 0.55
2020-08-23 16:09:38,239 - root - DEBUG - Sampled weight [-0.21367246 -1.27319883  1.42350105 -1.94497415  0.51207716]
2020-08-23 16:09:39,364 - root - DEBUG - Updating hall of fame
2020-08-23 16:09:39,944 - root - INFO - Completed generation 100; 1.7s elapsed, 1.8s avg, 1.8e+02s total. Expected time remaining: 1.8e+02s
2020-08-23 16:09:40,006 - root - INFO - #100 MAX:accuracy.mean: 0.53
2020-08-23 16:09:40,104 - root - DEBUG - Sampled weight [-1.96523782  1.01218516  1.06161166 -1.85153765  1.02256937]
2020-08-23 16:09:41,211 - root - DEBUG - Updating hall of fame
2020-08-23 16:09:41,590 - root - INFO - Completed generation 101; 1.5s elapsed, 1.8s avg, 1.8e+02s total. Expected time remaining: 1.8e+02s
2020-08-23 16:09:41,651 - root - INFO - #101 MAX:accuracy.mean: 0.5
2020-08-23 16:09:41,693 - root - DEBUG - Sampled weight [-1.49587453  0.14805135  0.16977624  1.04711709 -0.06450513]
2020-08-23 16:09:42,788 - root - DEBUG - Updating hall of fame
2020-08-23 16:09:43,348 - root - INFO - Completed generation 102; 1.7s elapsed, 1.8s avg, 1.9e+02s total. Expected time remaining: 1.8e+02s
2020-08-23 16:09:43,409 - root - INFO - #102 MAX:accuracy.mean: 0.56
2020-08-23 16:09:43,452 - root - DEBUG - Sampled weight [-0.63917021 -0.79677539 -1.44924483 -1.34571869 -0.07464814]
2020-08-23 16:09:44,551 - root - DEBUG - Updating hall of fame
2020-08-23 16:09:44,919 - root - INFO - Completed generation 103; 1.5s elapsed, 1.8s avg, 1.9e+02s total. Expected time remaining: 1.8e+02s
2020-08-23 16:09:44,980 - root - INFO - #103 MAX:accuracy.mean: 0.55
2020-08-23 16:09:45,021 - root - DEBUG - Sampled weight [-0.21071004 -0.7399547   0.26708828 -1.75728643 -1.66310697]
2020-08-23 16:09:46,127 - root - DEBUG - Updating hall of fame
2020-08-23 16:09:46,702 - root - INFO - Completed generation 104; 1.7s elapsed, 1.8s avg, 1.9e+02s total. Expected time remaining: 1.7e+02s
2020-08-23 16:09:46,762 - root - INFO - #104 MAX:accuracy.mean: 0.56
2020-08-23 16:09:46,803 - root - DEBUG - Sampled weight [-1.37332459 -1.77727261 -0.52615335 -1.16121297  1.31155768]
2020-08-23 16:09:47,899 - root - DEBUG - Updating hall of fame
2020-08-23 16:09:48,096 - root - INFO - Completed generation 105; 1.3s elapsed, 1.8s avg, 1.9e+02s total. Expected time remaining: 1.7e+02s
2020-08-23 16:09:48,157 - root - INFO - #105 MAX:accuracy.mean: 0.56
2020-08-23 16:09:48,198 - root - DEBUG - Sampled weight [-0.6517792   0.56682048 -1.53865481 -1.73222223  0.36999156]
2020-08-23 16:09:49,301 - root - DEBUG - Updating hall of fame
2020-08-23 16:09:50,072 - root - INFO - Completed generation 106; 1.9s elapsed, 1.8s avg, 1.9e+02s total. Expected time remaining: 1.7e+02s
2020-08-23 16:09:50,133 - root - INFO - #106 MAX:accuracy.mean: 0.58
2020-08-23 16:09:50,174 - root - DEBUG - Sampled weight [-0.615497   -0.32855012  0.11644824 -0.71958903 -1.54338512]
2020-08-23 16:09:51,279 - root - DEBUG - Updating hall of fame
2020-08-23 16:09:52,043 - root - INFO - Completed generation 107; 1.9s elapsed, 1.8s avg, 1.9e+02s total. Expected time remaining: 1.7e+02s
2020-08-23 16:09:52,104 - root - INFO - #107 MAX:accuracy.mean: 0.62
2020-08-23 16:09:52,145 - root - DEBUG - Sampled weight [-0.55053162  1.79725093  1.69954978 -0.22852852  1.54045916]
2020-08-23 16:09:53,256 - root - DEBUG - Updating hall of fame
2020-08-23 16:09:54,245 - root - INFO - Completed generation 108; 2.1s elapsed, 1.8s avg, 2e+02s total. Expected time remaining: 1.7e+02s
2020-08-23 16:09:54,306 - root - INFO - #108 MAX:accuracy.mean: 0.49
2020-08-23 16:09:54,347 - root - DEBUG - Sampled weight [-1.7655282  -0.9526412  -0.40813748  1.68783894  0.45055249]
2020-08-23 16:09:55,451 - root - DEBUG - Updating hall of fame
2020-08-23 16:09:55,827 - root - INFO - Completed generation 109; 1.5s elapsed, 1.8s avg, 2e+02s total. Expected time remaining: 1.6e+02s
2020-08-23 16:09:55,888 - root - INFO - #109 MAX:accuracy.mean: 0.53
2020-08-23 16:09:55,929 - root - DEBUG - Sampled weight [ 1.1987479   0.58118615  1.49454043 -1.77021057 -0.85714468]
2020-08-23 16:09:57,026 - root - DEBUG - Updating hall of fame
2020-08-23 16:09:57,407 - root - INFO - Completed generation 110; 1.5s elapsed, 1.8s avg, 2e+02s total. Expected time remaining: 1.6e+02s
2020-08-23 16:09:57,468 - root - INFO - #110 MAX:accuracy.mean: 0.48
2020-08-23 16:09:57,569 - root - DEBUG - Sampled weight [-0.66071047  1.69361067  1.6796163  -1.39448414  0.35313992]
2020-08-23 16:09:58,663 - root - DEBUG - Updating hall of fame
2020-08-23 16:09:59,412 - root - INFO - Completed generation 111; 1.9s elapsed, 1.8s avg, 2e+02s total. Expected time remaining: 1.6e+02s
2020-08-23 16:09:59,472 - root - INFO - #111 MAX:accuracy.mean: 0.54
2020-08-23 16:09:59,513 - root - DEBUG - Sampled weight [1.79649544 0.71461635 1.48114267 0.36353899 0.06809393]
2020-08-23 16:10:00,594 - root - DEBUG - Updating hall of fame
2020-08-23 16:10:01,168 - root - INFO - Completed generation 112; 1.7s elapsed, 1.8s avg, 2e+02s total. Expected time remaining: 1.6e+02s
2020-08-23 16:10:01,228 - root - INFO - #112 MAX:accuracy.mean: 0.45
2020-08-23 16:10:01,268 - root - DEBUG - Sampled weight [-1.45653645 -1.45366046  0.9012906   0.84747318 -1.80156087]
2020-08-23 16:10:02,407 - root - DEBUG - Updating hall of fame
2020-08-23 16:10:02,962 - root - INFO - Completed generation 113; 1.7s elapsed, 1.8s avg, 2e+02s total. Expected time remaining: 1.6e+02s
2020-08-23 16:10:03,023 - root - INFO - #113 MAX:accuracy.mean: 0.57
2020-08-23 16:10:03,064 - root - DEBUG - Sampled weight [ 1.91349496  1.52917981  0.85597199 -1.46908739 -0.70901917]
2020-08-23 16:10:04,152 - root - DEBUG - Updating hall of fame
2020-08-23 16:10:04,697 - root - INFO - Completed generation 114; 1.7s elapsed, 1.8s avg, 2.1e+02s total. Expected time remaining: 1.6e+02s
2020-08-23 16:10:04,757 - root - INFO - #114 MAX:accuracy.mean: 0.5
2020-08-23 16:10:04,797 - root - DEBUG - Sampled weight [-1.59610785  1.21124484  1.2358755  -0.92506966 -1.45629609]
2020-08-23 16:10:05,879 - root - DEBUG - Updating hall of fame
2020-08-23 16:10:06,439 - root - INFO - Completed generation 115; 1.7s elapsed, 1.8s avg, 2.1e+02s total. Expected time remaining: 1.5e+02s
2020-08-23 16:10:06,499 - root - INFO - #115 MAX:accuracy.mean: 0.65
2020-08-23 16:10:06,540 - root - DEBUG - Sampled weight [-0.0781621  -0.37064265 -0.75118157 -0.33793536  1.24468892]
2020-08-23 16:10:07,622 - root - DEBUG - Updating hall of fame
2020-08-23 16:10:08,180 - root - INFO - Completed generation 116; 1.7s elapsed, 1.8s avg, 2.1e+02s total. Expected time remaining: 1.5e+02s
2020-08-23 16:10:08,240 - root - INFO - #116 MAX:accuracy.mean: 0.57
2020-08-23 16:10:08,280 - root - DEBUG - Sampled weight [-0.50227747  0.11101784  0.2632836  -0.79967296 -0.40146014]
2020-08-23 16:10:09,362 - root - DEBUG - Updating hall of fame
2020-08-23 16:10:09,933 - root - INFO - Completed generation 117; 1.7s elapsed, 1.8s avg, 2.1e+02s total. Expected time remaining: 1.5e+02s
2020-08-23 16:10:09,993 - root - INFO - #117 MAX:accuracy.mean: 0.63
2020-08-23 16:10:10,035 - root - DEBUG - Sampled weight [-0.63881741  0.7696835  -0.64818775 -1.15766319 -1.67538367]
2020-08-23 16:10:11,139 - root - DEBUG - Updating hall of fame
2020-08-23 16:10:11,897 - root - INFO - Completed generation 118; 1.9s elapsed, 1.8s avg, 2.1e+02s total. Expected time remaining: 1.5e+02s
2020-08-23 16:10:11,960 - root - INFO - #118 MAX:accuracy.mean: 0.58
2020-08-23 16:10:12,000 - root - DEBUG - Sampled weight [ 0.42331093  0.12665929 -1.26212381 -0.98873544 -0.13366906]
2020-08-23 16:10:13,130 - root - DEBUG - Updating hall of fame
2020-08-23 16:10:14,290 - root - INFO - Completed generation 119; 2.3s elapsed, 1.8s avg, 2.1e+02s total. Expected time remaining: 1.5e+02s
2020-08-23 16:10:14,350 - root - INFO - #119 MAX:accuracy.mean: 0.5
2020-08-23 16:10:14,391 - root - DEBUG - Sampled weight [ 0.74672667 -1.92322792 -1.51150595  1.8502745  -1.76891762]
2020-08-23 16:10:15,472 - root - DEBUG - Updating hall of fame
2020-08-23 16:10:16,027 - root - INFO - Completed generation 120; 1.7s elapsed, 1.8s avg, 2.2e+02s total. Expected time remaining: 1.4e+02s
2020-08-23 16:10:16,087 - root - INFO - #120 MAX:accuracy.mean: 0.49
2020-08-23 16:10:16,214 - root - DEBUG - Sampled weight [ 1.9616112   0.16751242  0.46236096  0.83506479 -1.18626041]
2020-08-23 16:10:17,304 - root - DEBUG - Updating hall of fame
2020-08-23 16:10:18,055 - root - INFO - Completed generation 121; 1.9s elapsed, 1.8s avg, 2.2e+02s total. Expected time remaining: 1.4e+02s
2020-08-23 16:10:18,115 - root - INFO - #121 MAX:accuracy.mean: 0.52
2020-08-23 16:10:18,157 - root - DEBUG - Sampled weight [ 1.79540592 -1.19635585  1.78757162 -1.37125423  1.27759829]
2020-08-23 16:10:19,239 - root - DEBUG - Updating hall of fame
2020-08-23 16:10:19,796 - root - INFO - Completed generation 122; 1.7s elapsed, 1.8s avg, 2.2e+02s total. Expected time remaining: 1.4e+02s
2020-08-23 16:10:19,856 - root - INFO - #122 MAX:accuracy.mean: 0.5
2020-08-23 16:10:19,897 - root - DEBUG - Sampled weight [-1.26911703 -1.72381548  1.12576949  1.49290617 -1.12709109]
2020-08-23 16:10:20,991 - root - DEBUG - Updating hall of fame
2020-08-23 16:10:21,546 - root - INFO - Completed generation 123; 1.7s elapsed, 1.8s avg, 2.2e+02s total. Expected time remaining: 1.4e+02s
2020-08-23 16:10:21,607 - root - INFO - #123 MAX:accuracy.mean: 0.5
2020-08-23 16:10:21,647 - root - DEBUG - Sampled weight [-1.28411078 -0.11305515  1.37880484 -1.86240294 -1.40647275]
2020-08-23 16:10:22,725 - root - DEBUG - Updating hall of fame
2020-08-23 16:10:22,910 - root - INFO - Completed generation 124; 1.3s elapsed, 1.8s avg, 2.2e+02s total. Expected time remaining: 1.4e+02s
2020-08-23 16:10:22,970 - root - INFO - #124 MAX:accuracy.mean: 0.47
2020-08-23 16:10:23,011 - root - DEBUG - Sampled weight [ 0.84179835 -1.80809291 -1.66526302 -0.59668787 -0.61976117]
2020-08-23 16:10:24,091 - root - DEBUG - Updating hall of fame
2020-08-23 16:10:24,272 - root - INFO - Completed generation 125; 1.3s elapsed, 1.8s avg, 2.2e+02s total. Expected time remaining: 1.3e+02s
2020-08-23 16:10:24,333 - root - INFO - #125 MAX:accuracy.mean: 0.6
2020-08-23 16:10:24,372 - root - DEBUG - Sampled weight [ 0.18646419  1.19734026 -0.85561108  0.79628428 -0.9267547 ]
2020-08-23 16:10:25,451 - root - DEBUG - Updating hall of fame
2020-08-23 16:10:26,023 - root - INFO - Completed generation 126; 1.7s elapsed, 1.8s avg, 2.3e+02s total. Expected time remaining: 1.3e+02s
2020-08-23 16:10:26,083 - root - INFO - #126 MAX:accuracy.mean: 0.55
2020-08-23 16:10:26,124 - root - DEBUG - Sampled weight [ 1.94319847  0.17419521 -0.59783434 -0.55619166  1.55963395]
2020-08-23 16:10:27,226 - root - DEBUG - Updating hall of fame
2020-08-23 16:10:27,593 - root - INFO - Completed generation 127; 1.5s elapsed, 1.8s avg, 2.3e+02s total. Expected time remaining: 1.3e+02s
2020-08-23 16:10:27,653 - root - INFO - #127 MAX:accuracy.mean: 0.63
2020-08-23 16:10:27,694 - root - DEBUG - Sampled weight [-1.49757496 -0.54317195  0.25072536  1.55399312  1.7111331 ]
2020-08-23 16:10:28,800 - root - DEBUG - Updating hall of fame
2020-08-23 16:10:29,190 - root - INFO - Completed generation 128; 1.5s elapsed, 1.8s avg, 2.3e+02s total. Expected time remaining: 1.3e+02s
2020-08-23 16:10:29,250 - root - INFO - #128 MAX:accuracy.mean: 0.53
2020-08-23 16:10:29,291 - root - DEBUG - Sampled weight [ 0.58309922 -1.25397465  0.66642903  0.59006774  0.59651317]
2020-08-23 16:10:30,389 - root - DEBUG - Updating hall of fame
2020-08-23 16:10:30,573 - root - INFO - Completed generation 129; 1.3s elapsed, 1.8s avg, 2.3e+02s total. Expected time remaining: 1.3e+02s
2020-08-23 16:10:30,634 - root - INFO - #129 MAX:accuracy.mean: 0.48
2020-08-23 16:10:30,674 - root - DEBUG - Sampled weight [ 1.1415208   1.58798879  0.61779598 -0.34297793  0.60337143]
2020-08-23 16:10:31,757 - root - DEBUG - Updating hall of fame
2020-08-23 16:10:32,118 - root - INFO - Completed generation 130; 1.5s elapsed, 1.8s avg, 2.3e+02s total. Expected time remaining: 1.2e+02s
2020-08-23 16:10:32,178 - root - INFO - #130 MAX:accuracy.mean: 0.49
2020-08-23 16:10:32,302 - root - DEBUG - Sampled weight [-0.48849665  1.40977198  1.61014629 -0.09063405  0.74540745]
2020-08-23 16:10:33,393 - root - DEBUG - Updating hall of fame
2020-08-23 16:10:33,581 - root - INFO - Completed generation 131; 1.3s elapsed, 1.8s avg, 2.3e+02s total. Expected time remaining: 1.2e+02s
2020-08-23 16:10:33,642 - root - INFO - #131 MAX:accuracy.mean: 0.48
2020-08-23 16:10:33,683 - root - DEBUG - Sampled weight [-0.11747489 -0.11201479  1.6281394   0.5812122  -0.46363603]
2020-08-23 16:10:34,768 - root - DEBUG - Updating hall of fame
2020-08-23 16:10:35,138 - root - INFO - Completed generation 132; 1.5s elapsed, 1.8s avg, 2.3e+02s total. Expected time remaining: 1.2e+02s
2020-08-23 16:10:35,198 - root - INFO - #132 MAX:accuracy.mean: 0.49
2020-08-23 16:10:35,238 - root - DEBUG - Sampled weight [-0.60186929 -0.77406795  0.75071821 -0.68626078 -1.09808696]
2020-08-23 16:10:36,327 - root - DEBUG - Updating hall of fame
2020-08-23 16:10:36,709 - root - INFO - Completed generation 133; 1.5s elapsed, 1.8s avg, 2.4e+02s total. Expected time remaining: 1.2e+02s
2020-08-23 16:10:36,769 - root - INFO - #133 MAX:accuracy.mean: 0.64
2020-08-23 16:10:36,808 - root - DEBUG - Sampled weight [-0.16347364 -1.86349829  0.86872704  0.67812811  1.91380168]
2020-08-23 16:10:37,900 - root - DEBUG - Updating hall of fame
2020-08-23 16:10:38,462 - root - INFO - Completed generation 134; 1.7s elapsed, 1.8s avg, 2.4e+02s total. Expected time remaining: 1.2e+02s
2020-08-23 16:10:38,522 - root - INFO - #134 MAX:accuracy.mean: 0.5
2020-08-23 16:10:38,562 - root - DEBUG - Sampled weight [-1.93268834  0.80607711  0.79398713 -1.67677377 -0.19879597]
2020-08-23 16:10:39,658 - root - DEBUG - Updating hall of fame
2020-08-23 16:10:39,846 - root - INFO - Completed generation 135; 1.3s elapsed, 1.8s avg, 2.4e+02s total. Expected time remaining: 1.2e+02s
2020-08-23 16:10:39,906 - root - INFO - #135 MAX:accuracy.mean: 0.5
2020-08-23 16:10:39,946 - root - DEBUG - Sampled weight [-0.18853001  1.2406488   1.17487084  0.63133913 -0.05955025]
2020-08-23 16:10:41,037 - root - DEBUG - Updating hall of fame
2020-08-23 16:10:41,408 - root - INFO - Completed generation 136; 1.5s elapsed, 1.8s avg, 2.4e+02s total. Expected time remaining: 1.1e+02s
2020-08-23 16:10:41,468 - root - INFO - #136 MAX:accuracy.mean: 0.53
2020-08-23 16:10:41,509 - root - DEBUG - Sampled weight [ 1.96517078  0.01164198 -1.07829644 -0.97290316 -1.10908432]
2020-08-23 16:10:42,597 - root - DEBUG - Updating hall of fame
2020-08-23 16:10:42,969 - root - INFO - Completed generation 137; 1.5s elapsed, 1.8s avg, 2.4e+02s total. Expected time remaining: 1.1e+02s
2020-08-23 16:10:43,030 - root - INFO - #137 MAX:accuracy.mean: 0.51
2020-08-23 16:10:43,071 - root - DEBUG - Sampled weight [ 1.46543841 -1.58631458  0.2572169   1.13523834  1.32512591]
2020-08-23 16:10:44,163 - root - DEBUG - Updating hall of fame
2020-08-23 16:10:44,346 - root - INFO - Completed generation 138; 1.3s elapsed, 1.8s avg, 2.4e+02s total. Expected time remaining: 1.1e+02s
2020-08-23 16:10:44,406 - root - INFO - #138 MAX:accuracy.mean: 0.51
2020-08-23 16:10:44,447 - root - DEBUG - Sampled weight [-1.73521733  0.07002737 -0.06500519 -0.11511713 -1.49350186]
2020-08-23 16:10:45,532 - root - DEBUG - Updating hall of fame
2020-08-23 16:10:45,902 - root - INFO - Completed generation 139; 1.5s elapsed, 1.8s avg, 2.5e+02s total. Expected time remaining: 1.1e+02s
2020-08-23 16:10:45,962 - root - INFO - #139 MAX:accuracy.mean: 0.49
2020-08-23 16:10:46,003 - root - DEBUG - Sampled weight [-0.15314546  0.3146081   1.70118781 -1.90705698 -1.73637484]
2020-08-23 16:10:47,081 - root - DEBUG - Updating hall of fame
2020-08-23 16:10:47,444 - root - INFO - Completed generation 140; 1.5s elapsed, 1.8s avg, 2.5e+02s total. Expected time remaining: 1.1e+02s
2020-08-23 16:10:47,505 - root - INFO - #140 MAX:accuracy.mean: 0.48
2020-08-23 16:10:47,611 - root - DEBUG - Sampled weight [ 0.20965821  0.65231311  0.3368267   0.68484808 -1.28556905]
2020-08-23 16:10:48,698 - root - DEBUG - Updating hall of fame
2020-08-23 16:10:49,064 - root - INFO - Completed generation 141; 1.5s elapsed, 1.8s avg, 2.5e+02s total. Expected time remaining: 1e+02s
2020-08-23 16:10:49,124 - root - INFO - #141 MAX:accuracy.mean: 0.62
2020-08-23 16:10:49,165 - root - DEBUG - Sampled weight [ 1.99288081  1.78676877 -1.16885446  0.90691465 -1.41844999]
2020-08-23 16:10:50,248 - root - DEBUG - Updating hall of fame
2020-08-23 16:10:50,614 - root - INFO - Completed generation 142; 1.5s elapsed, 1.8s avg, 2.5e+02s total. Expected time remaining: 1e+02s
2020-08-23 16:10:50,674 - root - INFO - #142 MAX:accuracy.mean: 0.47
2020-08-23 16:10:50,715 - root - DEBUG - Sampled weight [ 1.07682627  0.36388066 -0.28815363  0.14021768 -1.69744316]
2020-08-23 16:10:51,799 - root - DEBUG - Updating hall of fame
2020-08-23 16:10:52,171 - root - INFO - Completed generation 143; 1.5s elapsed, 1.8s avg, 2.5e+02s total. Expected time remaining: 1e+02s
2020-08-23 16:10:52,232 - root - INFO - #143 MAX:accuracy.mean: 0.52
2020-08-23 16:10:52,272 - root - DEBUG - Sampled weight [-0.79470352  0.28163386 -0.43326534 -0.70721201  0.64115959]
2020-08-23 16:10:53,355 - root - DEBUG - Updating hall of fame
2020-08-23 16:10:53,912 - root - INFO - Completed generation 144; 1.7s elapsed, 1.8s avg, 2.5e+02s total. Expected time remaining: 9.8e+01s
2020-08-23 16:10:53,972 - root - INFO - #144 MAX:accuracy.mean: 0.65
2020-08-23 16:10:54,012 - root - DEBUG - Sampled weight [ 1.1636403   1.9141522   0.58624843 -1.4133062   1.00046857]
2020-08-23 16:10:55,101 - root - DEBUG - Updating hall of fame
2020-08-23 16:10:55,853 - root - INFO - Completed generation 145; 1.9s elapsed, 1.8s avg, 2.5e+02s total. Expected time remaining: 9.7e+01s
2020-08-23 16:10:55,913 - root - INFO - #145 MAX:accuracy.mean: 0.62
2020-08-23 16:10:55,953 - root - DEBUG - Sampled weight [ 0.92655609 -1.6651924  -1.79910753  0.1497057   1.55265354]
2020-08-23 16:10:57,040 - root - DEBUG - Updating hall of fame
2020-08-23 16:10:57,414 - root - INFO - Completed generation 146; 1.5s elapsed, 1.8s avg, 2.6e+02s total. Expected time remaining: 9.5e+01s
2020-08-23 16:10:57,474 - root - INFO - #146 MAX:accuracy.mean: 0.54
2020-08-23 16:10:57,514 - root - DEBUG - Sampled weight [ 1.92340602 -1.55992991  0.67006629  1.67396634  0.72553208]
2020-08-23 16:10:58,583 - root - DEBUG - Updating hall of fame
2020-08-23 16:10:59,304 - root - INFO - Completed generation 147; 1.8s elapsed, 1.8s avg, 2.6e+02s total. Expected time remaining: 9.3e+01s
2020-08-23 16:10:59,364 - root - INFO - #147 MAX:accuracy.mean: 0.47
2020-08-23 16:10:59,405 - root - DEBUG - Sampled weight [ 0.71811928  0.72079928 -0.84459158 -1.33225387 -0.59495645]
2020-08-23 16:11:00,477 - root - DEBUG - Updating hall of fame
2020-08-23 16:11:01,030 - root - INFO - Completed generation 148; 1.7s elapsed, 1.8s avg, 2.6e+02s total. Expected time remaining: 9.1e+01s
2020-08-23 16:11:01,090 - root - INFO - #148 MAX:accuracy.mean: 0.49
2020-08-23 16:11:01,131 - root - DEBUG - Sampled weight [-1.30506215 -0.24667345 -1.98173313 -1.15520776 -0.69845689]
2020-08-23 16:11:02,225 - root - DEBUG - Updating hall of fame
2020-08-23 16:11:02,982 - root - INFO - Completed generation 149; 1.9s elapsed, 1.8s avg, 2.6e+02s total. Expected time remaining: 9e+01s
2020-08-23 16:11:03,043 - root - INFO - #149 MAX:accuracy.mean: 0.54
2020-08-23 16:11:03,084 - root - DEBUG - Sampled weight [-1.0004219  -1.97500109 -1.49016381 -1.894298   -1.86467952]
2020-08-23 16:11:04,172 - root - DEBUG - Updating hall of fame
2020-08-23 16:11:04,551 - root - INFO - Completed generation 150; 1.5s elapsed, 1.8s avg, 2.6e+02s total. Expected time remaining: 8.8e+01s
2020-08-23 16:11:04,611 - root - INFO - #150 MAX:accuracy.mean: 0.52
2020-08-23 16:11:04,738 - root - DEBUG - Sampled weight [ 1.32672017 -0.56375855  0.9422012  -1.71483622  1.87750694]
2020-08-23 16:11:05,832 - root - DEBUG - Updating hall of fame
2020-08-23 16:11:06,211 - root - INFO - Completed generation 151; 1.5s elapsed, 1.8s avg, 2.6e+02s total. Expected time remaining: 8.6e+01s
2020-08-23 16:11:06,272 - root - INFO - #151 MAX:accuracy.mean: 0.45
2020-08-23 16:11:06,313 - root - DEBUG - Sampled weight [-1.45130498  1.48590411  0.66871689 -0.10214318 -0.32365053]
2020-08-23 16:11:07,395 - root - DEBUG - Updating hall of fame
2020-08-23 16:11:07,968 - root - INFO - Completed generation 152; 1.7s elapsed, 1.8s avg, 2.7e+02s total. Expected time remaining: 8.4e+01s
2020-08-23 16:11:08,028 - root - INFO - #152 MAX:accuracy.mean: 0.45
2020-08-23 16:11:08,067 - root - DEBUG - Sampled weight [-0.19183854 -0.76136945 -1.88533489  0.20947177 -0.90651567]
2020-08-23 16:11:09,149 - root - DEBUG - Updating hall of fame
2020-08-23 16:11:09,518 - root - INFO - Completed generation 153; 1.5s elapsed, 1.8s avg, 2.7e+02s total. Expected time remaining: 8.2e+01s
2020-08-23 16:11:09,578 - root - INFO - #153 MAX:accuracy.mean: 0.55
2020-08-23 16:11:09,619 - root - DEBUG - Sampled weight [-1.37044171  1.63922122  0.55318103 -0.45145487 -1.62765618]
2020-08-23 16:11:10,702 - root - DEBUG - Updating hall of fame
2020-08-23 16:11:11,252 - root - INFO - Completed generation 154; 1.7s elapsed, 1.7s avg, 2.7e+02s total. Expected time remaining: 8e+01s
2020-08-23 16:11:11,312 - root - INFO - #154 MAX:accuracy.mean: 0.53
2020-08-23 16:11:11,353 - root - DEBUG - Sampled weight [-0.22336937 -0.73196045 -0.78878893 -0.43853301 -1.44801917]
2020-08-23 16:11:12,438 - root - DEBUG - Updating hall of fame
2020-08-23 16:11:13,180 - root - INFO - Completed generation 155; 1.9s elapsed, 1.8s avg, 2.7e+02s total. Expected time remaining: 7.9e+01s
2020-08-23 16:11:13,241 - root - INFO - #155 MAX:accuracy.mean: 0.61
2020-08-23 16:11:13,282 - root - DEBUG - Sampled weight [-1.12641981  0.04839219 -0.62728657 -0.18667291 -1.98905012]
2020-08-23 16:11:14,360 - root - DEBUG - Updating hall of fame
2020-08-23 16:11:14,740 - root - INFO - Completed generation 156; 1.5s elapsed, 1.7s avg, 2.7e+02s total. Expected time remaining: 7.7e+01s
2020-08-23 16:11:14,800 - root - INFO - #156 MAX:accuracy.mean: 0.49
2020-08-23 16:11:14,840 - root - DEBUG - Sampled weight [ 0.34185734 -1.62401373  0.74791027 -0.99978367  1.95461411]
2020-08-23 16:11:15,933 - root - DEBUG - Updating hall of fame
2020-08-23 16:11:16,688 - root - INFO - Completed generation 157; 1.9s elapsed, 1.7s avg, 2.7e+02s total. Expected time remaining: 7.5e+01s
2020-08-23 16:11:16,748 - root - INFO - #157 MAX:accuracy.mean: 0.42
2020-08-23 16:11:16,789 - root - DEBUG - Sampled weight [-0.0243471   1.86021814 -1.34772494 -0.49854227 -1.74524129]
2020-08-23 16:11:17,871 - root - DEBUG - Updating hall of fame
2020-08-23 16:11:18,234 - root - INFO - Completed generation 158; 1.5s elapsed, 1.7s avg, 2.8e+02s total. Expected time remaining: 7.3e+01s
2020-08-23 16:11:18,294 - root - INFO - #158 MAX:accuracy.mean: 0.51
2020-08-23 16:11:18,335 - root - DEBUG - Sampled weight [-0.50137647  0.31680779 -0.20674281  1.84897458  1.2670681 ]
2020-08-23 16:11:19,412 - root - DEBUG - Updating hall of fame
2020-08-23 16:11:19,775 - root - INFO - Completed generation 159; 1.5s elapsed, 1.7s avg, 2.8e+02s total. Expected time remaining: 7.2e+01s
2020-08-23 16:11:19,835 - root - INFO - #159 MAX:accuracy.mean: 0.53
2020-08-23 16:11:19,875 - root - DEBUG - Sampled weight [ 1.12703125  0.95819139  1.60021168 -1.23959534 -1.56704285]
2020-08-23 16:11:20,953 - root - DEBUG - Updating hall of fame
2020-08-23 16:11:21,495 - root - INFO - Completed generation 160; 1.7s elapsed, 1.7s avg, 2.8e+02s total. Expected time remaining: 7e+01s
2020-08-23 16:11:21,555 - root - INFO - #160 MAX:accuracy.mean: 0.66
2020-08-23 16:11:21,675 - root - DEBUG - Sampled weight [-1.67986423 -1.76984593  1.81319469 -1.30145449  0.47743352]
2020-08-23 16:11:22,773 - root - DEBUG - Updating hall of fame
2020-08-23 16:11:23,326 - root - INFO - Completed generation 161; 1.7s elapsed, 1.7s avg, 2.8e+02s total. Expected time remaining: 6.8e+01s
2020-08-23 16:11:23,387 - root - INFO - #161 MAX:accuracy.mean: 0.57
2020-08-23 16:11:23,427 - root - DEBUG - Sampled weight [ 0.52831059  0.74969188 -0.00929118  1.26167516 -1.88440767]
2020-08-23 16:11:24,521 - root - DEBUG - Updating hall of fame
2020-08-23 16:11:24,892 - root - INFO - Completed generation 162; 1.5s elapsed, 1.7s avg, 2.8e+02s total. Expected time remaining: 6.6e+01s
2020-08-23 16:11:24,953 - root - INFO - #162 MAX:accuracy.mean: 0.51
2020-08-23 16:11:24,993 - root - DEBUG - Sampled weight [ 0.65336625  0.02129027  0.18202503 -0.00067059  0.30789961]
2020-08-23 16:11:26,095 - root - DEBUG - Updating hall of fame
2020-08-23 16:11:26,466 - root - INFO - Completed generation 163; 1.5s elapsed, 1.7s avg, 2.8e+02s total. Expected time remaining: 6.4e+01s
2020-08-23 16:11:26,528 - root - INFO - #163 MAX:accuracy.mean: 0.52
2020-08-23 16:11:26,570 - root - DEBUG - Sampled weight [0.89462681 1.2090054  1.08225883 0.27766506 1.87264653]
2020-08-23 16:11:27,673 - root - DEBUG - Updating hall of fame
2020-08-23 16:11:27,859 - root - INFO - Completed generation 164; 1.3s elapsed, 1.7s avg, 2.9e+02s total. Expected time remaining: 6.3e+01s
2020-08-23 16:11:27,920 - root - INFO - #164 MAX:accuracy.mean: 0.49
2020-08-23 16:11:27,960 - root - DEBUG - Sampled weight [ 0.03547531 -0.66134287  1.26679919 -0.96081862 -0.32448163]
2020-08-23 16:11:29,062 - root - DEBUG - Updating hall of fame
2020-08-23 16:11:29,432 - root - INFO - Completed generation 165; 1.5s elapsed, 1.7s avg, 2.9e+02s total. Expected time remaining: 6.1e+01s
2020-08-23 16:11:29,493 - root - INFO - #165 MAX:accuracy.mean: 0.53
2020-08-23 16:11:29,535 - root - DEBUG - Sampled weight [ 0.3129603   1.6471149  -0.17727337  1.13803945 -0.20595704]
2020-08-23 16:11:30,654 - root - DEBUG - Updating hall of fame
2020-08-23 16:11:30,876 - root - INFO - Completed generation 166; 1.4s elapsed, 1.7s avg, 2.9e+02s total. Expected time remaining: 5.9e+01s
2020-08-23 16:11:30,947 - root - INFO - #166 MAX:accuracy.mean: 0.48
2020-08-23 16:11:30,995 - root - DEBUG - Sampled weight [ 0.53080254 -0.93215709  0.63268995 -0.06583357 -0.29816239]
2020-08-23 16:11:32,232 - root - DEBUG - Updating hall of fame
2020-08-23 16:11:32,634 - root - INFO - Completed generation 167; 1.7s elapsed, 1.7s avg, 2.9e+02s total. Expected time remaining: 5.7e+01s
2020-08-23 16:11:32,699 - root - INFO - #167 MAX:accuracy.mean: 0.48
2020-08-23 16:11:32,745 - root - DEBUG - Sampled weight [-0.72146444  1.98664176 -1.12475695 -0.41894604 -1.79905978]
2020-08-23 16:11:33,901 - root - DEBUG - Updating hall of fame
2020-08-23 16:11:34,093 - root - INFO - Completed generation 168; 1.4s elapsed, 1.7s avg, 2.9e+02s total. Expected time remaining: 5.5e+01s
2020-08-23 16:11:34,156 - root - INFO - #168 MAX:accuracy.mean: 0.48
2020-08-23 16:11:34,199 - root - DEBUG - Sampled weight [ 0.46010805 -0.66469941 -0.63418794 -1.46344913  1.53569344]
2020-08-23 16:11:35,366 - root - DEBUG - Updating hall of fame
2020-08-23 16:11:35,565 - root - INFO - Completed generation 169; 1.4s elapsed, 1.7s avg, 2.9e+02s total. Expected time remaining: 5.4e+01s
2020-08-23 16:11:35,631 - root - INFO - #169 MAX:accuracy.mean: 0.63
2020-08-23 16:11:35,676 - root - DEBUG - Sampled weight [-1.64163402  0.61747275 -0.33753825 -1.0729794   1.83801357]
2020-08-23 16:11:36,849 - root - DEBUG - Updating hall of fame
2020-08-23 16:11:37,458 - root - INFO - Completed generation 170; 1.8s elapsed, 1.7s avg, 2.9e+02s total. Expected time remaining: 5.2e+01s
2020-08-23 16:11:37,523 - root - INFO - #170 MAX:accuracy.mean: 0.54
2020-08-23 16:11:37,655 - root - DEBUG - Sampled weight [-1.93393247  0.27241471  0.03693534  0.44206776  1.09632013]
2020-08-23 16:11:38,772 - root - DEBUG - Updating hall of fame
2020-08-23 16:11:39,143 - root - INFO - Completed generation 171; 1.5s elapsed, 1.7s avg, 3e+02s total. Expected time remaining: 5e+01s
2020-08-23 16:11:39,204 - root - INFO - #171 MAX:accuracy.mean: 0.51
2020-08-23 16:11:39,246 - root - DEBUG - Sampled weight [ 0.94568817 -1.23178596 -1.34606015  0.87045562  0.17389204]
2020-08-23 16:11:40,348 - root - DEBUG - Updating hall of fame
2020-08-23 16:11:40,531 - root - INFO - Completed generation 172; 1.3s elapsed, 1.7s avg, 3e+02s total. Expected time remaining: 4.8e+01s
2020-08-23 16:11:40,592 - root - INFO - #172 MAX:accuracy.mean: 0.47
2020-08-23 16:11:40,633 - root - DEBUG - Sampled weight [ 0.82363771 -1.70124971 -0.24478022 -0.26748548 -1.17106235]
2020-08-23 16:11:41,744 - root - DEBUG - Updating hall of fame
2020-08-23 16:11:41,934 - root - INFO - Completed generation 173; 1.3s elapsed, 1.7s avg, 3e+02s total. Expected time remaining: 4.7e+01s
2020-08-23 16:11:41,996 - root - INFO - #173 MAX:accuracy.mean: 0.47
2020-08-23 16:11:42,037 - root - DEBUG - Sampled weight [ 0.44708838  1.75299523 -0.64063293  1.09133904 -1.3525056 ]
2020-08-23 16:11:43,139 - root - DEBUG - Updating hall of fame
2020-08-23 16:11:43,139 - root - INFO - Completed generation 174; 1.1s elapsed, 1.7s avg, 3e+02s total. Expected time remaining: 4.5e+01s
2020-08-23 16:11:43,200 - root - INFO - #174 MAX:accuracy.mean: 0.55
2020-08-23 16:11:43,242 - root - DEBUG - Sampled weight [-0.66885057 -1.12228559 -0.07387945  1.83270522 -0.46789424]
2020-08-23 16:11:44,344 - root - DEBUG - Updating hall of fame
2020-08-23 16:11:44,730 - root - INFO - Completed generation 175; 1.5s elapsed, 1.7s avg, 3e+02s total. Expected time remaining: 4.3e+01s
2020-08-23 16:11:44,791 - root - INFO - #175 MAX:accuracy.mean: 0.47
2020-08-23 16:11:44,834 - root - DEBUG - Sampled weight [-1.5359164   1.53485882 -1.37563944  1.35153702  0.73198867]
2020-08-23 16:11:45,934 - root - DEBUG - Updating hall of fame
2020-08-23 16:11:46,123 - root - INFO - Completed generation 176; 1.3s elapsed, 1.7s avg, 3e+02s total. Expected time remaining: 4.1e+01s
2020-08-23 16:11:46,184 - root - INFO - #176 MAX:accuracy.mean: 0.6
2020-08-23 16:11:46,226 - root - DEBUG - Sampled weight [ 1.91039513 -0.84038647  1.81017423  1.87683855 -1.18684847]
2020-08-23 16:11:47,327 - root - DEBUG - Updating hall of fame
2020-08-23 16:11:47,703 - root - INFO - Completed generation 177; 1.5s elapsed, 1.7s avg, 3e+02s total. Expected time remaining: 4e+01s
2020-08-23 16:11:47,765 - root - INFO - #177 MAX:accuracy.mean: 0.61
2020-08-23 16:11:47,815 - root - DEBUG - Sampled weight [ 1.88897259  1.60817066 -1.03803677 -0.47791071 -1.0158713 ]
2020-08-23 16:11:48,920 - root - DEBUG - Updating hall of fame
2020-08-23 16:11:49,290 - root - INFO - Completed generation 178; 1.5s elapsed, 1.7s avg, 3.1e+02s total. Expected time remaining: 3.8e+01s
2020-08-23 16:11:49,351 - root - INFO - #178 MAX:accuracy.mean: 0.48
2020-08-23 16:11:49,393 - root - DEBUG - Sampled weight [ 0.72562505  1.46163388 -1.17170864 -0.75193103  0.63829953]
2020-08-23 16:11:50,492 - root - DEBUG - Updating hall of fame
2020-08-23 16:11:50,680 - root - INFO - Completed generation 179; 1.3s elapsed, 1.7s avg, 3.1e+02s total. Expected time remaining: 3.6e+01s
2020-08-23 16:11:50,741 - root - INFO - #179 MAX:accuracy.mean: 0.48
2020-08-23 16:11:50,783 - root - DEBUG - Sampled weight [-0.37144578  0.05719205  1.10438615 -0.96621524  0.49667048]
2020-08-23 16:11:51,884 - root - DEBUG - Updating hall of fame
2020-08-23 16:11:52,254 - root - INFO - Completed generation 180; 1.5s elapsed, 1.7s avg, 3.1e+02s total. Expected time remaining: 3.4e+01s
2020-08-23 16:11:52,315 - root - INFO - #180 MAX:accuracy.mean: 0.48
2020-08-23 16:11:52,464 - root - DEBUG - Sampled weight [ 1.53278481 -0.84470539  0.13062447 -0.3437917   1.29359702]
2020-08-23 16:11:53,577 - root - DEBUG - Updating hall of fame
2020-08-23 16:11:53,951 - root - INFO - Completed generation 181; 1.5s elapsed, 1.7s avg, 3.1e+02s total. Expected time remaining: 3.3e+01s
2020-08-23 16:11:54,013 - root - INFO - #181 MAX:accuracy.mean: 0.5
2020-08-23 16:11:54,055 - root - DEBUG - Sampled weight [ 0.85969585 -0.74145511  0.38417404  1.40638125  0.8765701 ]
2020-08-23 16:11:55,162 - root - DEBUG - Updating hall of fame
2020-08-23 16:11:55,163 - root - INFO - Completed generation 182; 1.1s elapsed, 1.7s avg, 3.1e+02s total. Expected time remaining: 3.1e+01s
2020-08-23 16:11:55,224 - root - INFO - #182 MAX:accuracy.mean: 0.58
2020-08-23 16:11:55,265 - root - DEBUG - Sampled weight [-1.75907605 -1.9910901   1.97318911 -0.37455298 -1.98623559]
2020-08-23 16:11:56,369 - root - DEBUG - Updating hall of fame
2020-08-23 16:11:56,557 - root - INFO - Completed generation 183; 1.3s elapsed, 1.7s avg, 3.1e+02s total. Expected time remaining: 2.9e+01s
2020-08-23 16:11:56,618 - root - INFO - #183 MAX:accuracy.mean: 0.52
2020-08-23 16:11:56,659 - root - DEBUG - Sampled weight [-0.48141545  0.73934283 -0.5458036  -1.41833457  1.95271384]
2020-08-23 16:11:57,752 - root - DEBUG - Updating hall of fame
2020-08-23 16:11:58,119 - root - INFO - Completed generation 184; 1.5s elapsed, 1.7s avg, 3.1e+02s total. Expected time remaining: 2.7e+01s
2020-08-23 16:11:58,180 - root - INFO - #184 MAX:accuracy.mean: 0.51
2020-08-23 16:11:58,221 - root - DEBUG - Sampled weight [-0.58125132  1.9858542  -0.58413176  0.29881079  1.25764306]
2020-08-23 16:11:59,319 - root - DEBUG - Updating hall of fame
2020-08-23 16:11:59,684 - root - INFO - Completed generation 185; 1.5s elapsed, 1.7s avg, 3.2e+02s total. Expected time remaining: 2.6e+01s
2020-08-23 16:11:59,745 - root - INFO - #185 MAX:accuracy.mean: 0.61
2020-08-23 16:11:59,786 - root - DEBUG - Sampled weight [ 1.73530266  0.08314901 -1.14086305 -1.79871171  0.79788298]
2020-08-23 16:12:00,896 - root - DEBUG - Updating hall of fame
2020-08-23 16:12:01,283 - root - INFO - Completed generation 186; 1.5s elapsed, 1.7s avg, 3.2e+02s total. Expected time remaining: 2.4e+01s
2020-08-23 16:12:01,344 - root - INFO - #186 MAX:accuracy.mean: 0.47
2020-08-23 16:12:01,387 - root - DEBUG - Sampled weight [ 0.94441057  1.23952113 -1.39836683 -0.8650886   1.78019373]
2020-08-23 16:12:02,540 - root - DEBUG - Updating hall of fame
2020-08-23 16:12:02,906 - root - INFO - Completed generation 187; 1.6s elapsed, 1.7s avg, 3.2e+02s total. Expected time remaining: 2.2e+01s
2020-08-23 16:12:02,968 - root - INFO - #187 MAX:accuracy.mean: 0.52
2020-08-23 16:12:03,010 - root - DEBUG - Sampled weight [-0.45689725  1.8695033   0.01376355  1.22342231 -1.48146781]
2020-08-23 16:12:04,116 - root - DEBUG - Updating hall of fame
2020-08-23 16:12:04,682 - root - INFO - Completed generation 188; 1.7s elapsed, 1.7s avg, 3.2e+02s total. Expected time remaining: 2e+01s
2020-08-23 16:12:04,743 - root - INFO - #188 MAX:accuracy.mean: 0.52
2020-08-23 16:12:04,784 - root - DEBUG - Sampled weight [1.74089647 1.39222782 0.38662159 1.17255512 1.42815567]
2020-08-23 16:12:05,886 - root - DEBUG - Updating hall of fame
2020-08-23 16:12:05,886 - root - INFO - Completed generation 189; 1.1s elapsed, 1.7s avg, 3.2e+02s total. Expected time remaining: 1.9e+01s
2020-08-23 16:12:05,947 - root - INFO - #189 MAX:accuracy.mean: 0.59
2020-08-23 16:12:05,990 - root - DEBUG - Sampled weight [-1.74106449  1.77278089 -0.75694787 -1.70598721 -0.70227336]
2020-08-23 16:12:07,095 - root - DEBUG - Updating hall of fame
2020-08-23 16:12:07,470 - root - INFO - Completed generation 190; 1.5s elapsed, 1.7s avg, 3.2e+02s total. Expected time remaining: 1.7e+01s
2020-08-23 16:12:07,531 - root - INFO - #190 MAX:accuracy.mean: 0.55
2020-08-23 16:12:07,675 - root - DEBUG - Sampled weight [-0.03674859 -1.00337917 -1.0160046   1.38967035  0.3447122 ]
2020-08-23 16:12:08,790 - root - DEBUG - Updating hall of fame
2020-08-23 16:12:08,790 - root - INFO - Completed generation 191; 1.2s elapsed, 1.7s avg, 3.2e+02s total. Expected time remaining: 1.5e+01s
2020-08-23 16:12:08,851 - root - INFO - #191 MAX:accuracy.mean: 0.49
2020-08-23 16:12:08,893 - root - DEBUG - Sampled weight [-1.38811732  1.28676152  1.65289118  1.20314687  1.63591508]
2020-08-23 16:12:09,999 - root - DEBUG - Updating hall of fame
2020-08-23 16:12:10,188 - root - INFO - Completed generation 192; 1.3s elapsed, 1.7s avg, 3.3e+02s total. Expected time remaining: 1.4e+01s
2020-08-23 16:12:10,249 - root - INFO - #192 MAX:accuracy.mean: 0.66
2020-08-23 16:12:10,290 - root - DEBUG - Sampled weight [ 0.5844221  -1.14872082 -1.70631757 -1.12491982 -0.70403873]
2020-08-23 16:12:11,394 - root - DEBUG - Updating hall of fame
2020-08-23 16:12:11,770 - root - INFO - Completed generation 193; 1.5s elapsed, 1.7s avg, 3.3e+02s total. Expected time remaining: 1.2e+01s
2020-08-23 16:12:11,831 - root - INFO - #193 MAX:accuracy.mean: 0.53
2020-08-23 16:12:11,872 - root - DEBUG - Sampled weight [-1.06335741 -0.9884295  -1.2928462  -1.03330239  1.28239332]
2020-08-23 16:12:12,982 - root - DEBUG - Updating hall of fame
2020-08-23 16:12:13,166 - root - INFO - Completed generation 194; 1.3s elapsed, 1.7s avg, 3.3e+02s total. Expected time remaining: 1e+01s
2020-08-23 16:12:13,227 - root - INFO - #194 MAX:accuracy.mean: 0.64
2020-08-23 16:12:13,269 - root - DEBUG - Sampled weight [ 0.6758105   0.04275457 -0.49868849 -0.50461873 -1.01821757]
2020-08-23 16:12:14,371 - root - DEBUG - Updating hall of fame
2020-08-23 16:12:14,935 - root - INFO - Completed generation 195; 1.7s elapsed, 1.7s avg, 3.3e+02s total. Expected time remaining: 8.5s
2020-08-23 16:12:14,996 - root - INFO - #195 MAX:accuracy.mean: 0.58
2020-08-23 16:12:15,037 - root - DEBUG - Sampled weight [ 0.44659256 -1.1695474  -0.04570565  1.56021158 -0.20745948]
2020-08-23 16:12:16,142 - root - DEBUG - Updating hall of fame
2020-08-23 16:12:16,331 - root - INFO - Completed generation 196; 1.3s elapsed, 1.7s avg, 3.3e+02s total. Expected time remaining: 6.8s
2020-08-23 16:12:16,392 - root - INFO - #196 MAX:accuracy.mean: 0.49
2020-08-23 16:12:16,434 - root - DEBUG - Sampled weight [-0.63179424 -0.31626741  0.90732992  1.30049296 -1.92937981]
2020-08-23 16:12:17,536 - root - DEBUG - Updating hall of fame
2020-08-23 16:12:18,282 - root - INFO - Completed generation 197; 1.9s elapsed, 1.7s avg, 3.3e+02s total. Expected time remaining: 5.1s
2020-08-23 16:12:18,343 - root - INFO - #197 MAX:accuracy.mean: 0.5
2020-08-23 16:12:18,385 - root - DEBUG - Sampled weight [ 0.15397337 -1.47990674  1.34772415 -1.01756157  0.65185753]
2020-08-23 16:12:19,488 - root - DEBUG - Updating hall of fame
2020-08-23 16:12:20,081 - root - INFO - Completed generation 198; 1.7s elapsed, 1.7s avg, 3.4e+02s total. Expected time remaining: 3.4s
2020-08-23 16:12:20,142 - root - INFO - #198 MAX:accuracy.mean: 0.54
2020-08-23 16:12:20,183 - root - DEBUG - Sampled weight [-1.99165165 -0.3777697  -1.02039995 -1.9293858  -0.99645712]
2020-08-23 16:12:21,286 - root - DEBUG - Updating hall of fame
2020-08-23 16:12:21,665 - root - INFO - Completed generation 199; 1.5s elapsed, 1.7s avg, 3.4e+02s total. Expected time remaining: 1.7s
2020-08-23 16:12:21,726 - root - INFO - #199 MAX:accuracy.mean: 0.51
2020-08-23 16:12:21,768 - root - DEBUG - Sampled weight [-0.87115457 -1.77896533  0.87750363  1.70641501  0.49783969]
2020-08-23 16:12:22,881 - root - DEBUG - Updating hall of fame
2020-08-23 16:12:23,268 - root - INFO - Completed generation 200; 1.5s elapsed, 1.7s avg, 3.4e+02s total. Expected time remaining: 0.0s
2020-08-23 16:12:23,329 - root - INFO - #200 MAX:accuracy.mean: 0.5
2020-08-23 16:12:23,490 - root - DEBUG - Loaded 150 samples.
2020-08-23 16:12:23,495 - root - INFO - Evaluating indivs in hall of fame.
2020-08-23 16:12:25,506 - root - INFO - Completed excution.
