2020-07-27 16:33:18,531 - root - INFO - Package version 0.1.1
2020-07-27 16:33:18,531 - root - INFO - Saving data at /vol/fob-vol1/mi15/plonerma/Lab/rewann/data/2020-07-27_Iris [1, 2, 3, 4, 5, 6]; lognormal 0,0.5; signed: False_000.
2020-07-27 16:33:18,532 - root - DEBUG - Loading training dataset
2020-07-27 16:33:18,604 - root - DEBUG - Loaded 150 samples.
2020-07-27 16:33:18,605 - root - DEBUG - Running experiments with the following parameters:
debug = true
experiment_name = "Iris [1, 2, 3, 4, 5, 6]; lognormal 0,0.5; signed: False"
experiment_path = "data/2020-07-27_Iris [1, 2, 3, 4, 5, 6]; lognormal 0,0.5; signed: False_000"

[config]
num_workers = 1
debug = true
backend = "numpy"

[postopt]
run_postopt = true
compile_report = false
num_weights = 100
num_samples = -1

[sampling]
seed = 0
post_init_seed = false
distribution = "lognormal"
lower_bound = -2
upper_bound = 2
mean = 0
sigma = 0.5
num_weights_per_iteration = 5
num_samples_per_iteration = -1
hof_evaluation_iterations = 20

[task]
name = "iris"
sample_order_seed = 0
test_portion = 0.2
sample_length = 10
num_categories = 8

[storage]
data_base_path = "data"
log_filename = "execution.log"
commit_elite_freq = -1
commit_metrics_freq = 10

[population]
num_generations = 200
size = 100
initial_enabled_edge_prob = 0.05
initial_genes = "full"
hof_size = 10
enable_edge_signs = false
enabled_activation_funcs = [ 1, 2, 3, 4, 5, 6,]

[selection]
use_tournaments = true
elite_ratio = 0.1
culling_ratio = 0.2
tournament_size = 5
objectives = [ "-log_loss.min", "-log_loss.mean", "-n_hidden",]
recorded_metrics = [ "accuracy", "kappa", "log_loss",]
hof_metric = "accuracy.mean"

[mutation.new_edge]
probability = 0.2
strategy = "layer_agnostic"
propability = 0.2

[mutation.new_node]
probability = 0.25
propability = 0.3

[mutation.reenable_edge]
probability = 0.05
propability = 0.1

[mutation.change_activation]
probability = 0.5
propability = 0.4

[mutation.change_edge_sign]
probability = 0.2

[mutation.new_recurrent_edge]
probability = 0.2
strategy = "any"

2020-07-27 16:33:18,619 - root - INFO - Starting evolutionary algorithm
2020-07-27 16:33:18,636 - root - DEBUG - Sampled weight [1.8417063  0.90808171 0.98347836 0.46514702 1.10887419]
2020-07-27 16:33:19,722 - root - DEBUG - Updating hall of fame
2020-07-27 16:33:21,721 - root - INFO - Completed generation 1; 3.1s elapsed, 3.1s avg, 3.1s total. Expected time remaining: 6.2e+02s
2020-07-27 16:33:21,785 - root - INFO - #1 MAX:accuracy.mean: 0.67
2020-07-27 16:33:21,828 - root - DEBUG - Sampled weight [0.54818185 2.16336566 0.54472831 0.50270966 0.54097248]
2020-07-27 16:33:22,928 - root - DEBUG - Updating hall of fame
2020-07-27 16:33:24,834 - root - INFO - Completed generation 2; 3.0s elapsed, 3.1s avg, 6.2s total. Expected time remaining: 6.1e+02s
2020-07-27 16:33:24,891 - root - INFO - #2 MAX:accuracy.mean: 0.67
2020-07-27 16:33:24,935 - root - DEBUG - Sampled weight [2.03801003 0.82121458 1.78669656 1.09394173 0.86960083]
2020-07-27 16:33:26,036 - root - DEBUG - Updating hall of fame
2020-07-27 16:33:27,988 - root - INFO - Completed generation 3; 3.1s elapsed, 3.1s avg, 9.2s total. Expected time remaining: 6.1e+02s
2020-07-27 16:33:28,046 - root - INFO - #3 MAX:accuracy.mean: 0.67
2020-07-27 16:33:28,089 - root - DEBUG - Sampled weight [2.21143481 1.46747151 0.69078419 0.83943283 0.53548646]
2020-07-27 16:33:29,195 - root - DEBUG - Updating hall of fame
2020-07-27 16:33:31,121 - root - INFO - Completed generation 4; 3.1s elapsed, 3.1s avg, 1.2e+01s total. Expected time remaining: 6e+02s
2020-07-27 16:33:31,180 - root - INFO - #4 MAX:accuracy.mean: 0.67
2020-07-27 16:33:31,222 - root - DEBUG - Sampled weight [0.60838132 0.40284422 2.42499226 1.71223861 1.21130877]
2020-07-27 16:33:32,335 - root - DEBUG - Updating hall of fame
2020-07-27 16:33:33,912 - root - INFO - Completed generation 5; 2.7s elapsed, 3.0s avg, 1.5e+01s total. Expected time remaining: 5.9e+02s
2020-07-27 16:33:33,970 - root - INFO - #5 MAX:accuracy.mean: 0.7
2020-07-27 16:33:34,013 - root - DEBUG - Sampled weight [0.73594352 0.74255236 0.33799342 0.51809032 1.01366199]
2020-07-27 16:33:35,124 - root - DEBUG - Updating hall of fame
2020-07-27 16:33:36,669 - root - INFO - Completed generation 6; 2.7s elapsed, 3.0s avg, 1.8e+01s total. Expected time remaining: 5.7e+02s
2020-07-27 16:33:36,727 - root - INFO - #6 MAX:accuracy.mean: 0.72
2020-07-27 16:33:36,769 - root - DEBUG - Sampled weight [1.83105664 1.49072924 2.18990805 1.21056559 0.53957836]
2020-07-27 16:33:37,890 - root - DEBUG - Updating hall of fame
2020-07-27 16:33:39,831 - root - INFO - Completed generation 7; 3.1s elapsed, 3.0s avg, 2.1e+01s total. Expected time remaining: 5.8e+02s
2020-07-27 16:33:39,889 - root - INFO - #7 MAX:accuracy.mean: 0.68
2020-07-27 16:33:39,932 - root - DEBUG - Sampled weight [1.26964844 2.13324828 1.01261727 0.75907149 2.09040718]
2020-07-27 16:33:41,040 - root - DEBUG - Updating hall of fame
2020-07-27 16:33:42,583 - root - INFO - Completed generation 8; 2.7s elapsed, 2.9s avg, 2.4e+01s total. Expected time remaining: 5.7e+02s
2020-07-27 16:33:42,643 - root - INFO - #8 MAX:accuracy.mean: 0.67
2020-07-27 16:33:42,686 - root - DEBUG - Sampled weight [0.98239529 1.65463546 2.35389248 1.12666659 1.10786335]
2020-07-27 16:33:43,796 - root - DEBUG - Updating hall of fame
2020-07-27 16:33:45,525 - root - INFO - Completed generation 9; 2.9s elapsed, 2.9s avg, 2.6e+01s total. Expected time remaining: 5.6e+02s
2020-07-27 16:33:45,582 - root - INFO - #9 MAX:accuracy.mean: 0.67
2020-07-27 16:33:45,626 - root - DEBUG - Sampled weight [0.76903912 1.06601219 1.5751927  0.8855902  1.19975181]
2020-07-27 16:33:46,740 - root - DEBUG - Updating hall of fame
2020-07-27 16:33:47,705 - root - INFO - Completed generation 10; 2.1s elapsed, 2.9s avg, 2.9e+01s total. Expected time remaining: 5.4e+02s
2020-07-27 16:33:47,764 - root - INFO - #10 MAX:accuracy.mean: 0.67
2020-07-27 16:33:47,844 - root - DEBUG - Sampled weight [1.20653    0.79636372 0.49685328 1.08473276 1.5279014 ]
2020-07-27 16:33:48,957 - root - DEBUG - Updating hall of fame
2020-07-27 16:33:49,366 - root - INFO - Completed generation 11; 1.6s elapsed, 2.7s avg, 3e+01s total. Expected time remaining: 5.2e+02s
2020-07-27 16:33:49,424 - root - INFO - #11 MAX:accuracy.mean: 0.67
2020-07-27 16:33:49,467 - root - DEBUG - Sampled weight [0.80628034 0.92410824 0.83438661 1.0209366  0.79875177]
2020-07-27 16:33:50,576 - root - DEBUG - Updating hall of fame
2020-07-27 16:33:50,974 - root - INFO - Completed generation 12; 1.5s elapsed, 2.6s avg, 3.2e+01s total. Expected time remaining: 5e+02s
2020-07-27 16:33:51,031 - root - INFO - #12 MAX:accuracy.mean: 0.67
2020-07-27 16:33:51,074 - root - DEBUG - Sampled weight [0.52819374 1.02409426 2.1836164  1.16755311 1.14241719]
2020-07-27 16:33:52,185 - root - DEBUG - Updating hall of fame
2020-07-27 16:33:52,389 - root - INFO - Completed generation 13; 1.4s elapsed, 2.5s avg, 3.3e+01s total. Expected time remaining: 4.8e+02s
2020-07-27 16:33:52,447 - root - INFO - #13 MAX:accuracy.mean: 0.67
2020-07-27 16:33:52,490 - root - DEBUG - Sampled weight [1.25751472 0.71395889 1.2069119  1.23362843 0.86645857]
2020-07-27 16:33:53,599 - root - DEBUG - Updating hall of fame
2020-07-27 16:33:54,370 - root - INFO - Completed generation 14; 1.9s elapsed, 2.5s avg, 3.5e+01s total. Expected time remaining: 4.6e+02s
2020-07-27 16:33:54,509 - root - INFO - #14 MAX:accuracy.mean: 0.67
2020-07-27 16:33:54,552 - root - DEBUG - Sampled weight [0.48244532 1.92050563 0.72453394 0.73634699 0.96891696]
2020-07-27 16:33:55,655 - root - DEBUG - Updating hall of fame
2020-07-27 16:33:55,655 - root - INFO - Completed generation 15; 1.1s elapsed, 2.4s avg, 3.6e+01s total. Expected time remaining: 4.5e+02s
2020-07-27 16:33:55,712 - root - INFO - #15 MAX:accuracy.mean: 0.67
2020-07-27 16:33:55,755 - root - DEBUG - Sampled weight [0.67508204 0.95648006 0.2731727  0.60333085 2.46088465]
2020-07-27 16:33:56,862 - root - DEBUG - Updating hall of fame
2020-07-27 16:33:56,862 - root - INFO - Completed generation 16; 1.1s elapsed, 2.3s avg, 3.7e+01s total. Expected time remaining: 4.3e+02s
2020-07-27 16:33:56,919 - root - INFO - #16 MAX:accuracy.mean: 0.67
2020-07-27 16:33:56,963 - root - DEBUG - Sampled weight [0.65024808 0.73276024 1.47666938 0.8072023  0.89254167]
2020-07-27 16:33:58,066 - root - DEBUG - Updating hall of fame
2020-07-27 16:33:58,454 - root - INFO - Completed generation 17; 1.5s elapsed, 2.3s avg, 3.9e+01s total. Expected time remaining: 4.2e+02s
2020-07-27 16:33:58,512 - root - INFO - #17 MAX:accuracy.mean: 0.68
2020-07-27 16:33:58,555 - root - DEBUG - Sampled weight [0.8786161  0.75711812 1.26475489 0.6362012  0.86369432]
2020-07-27 16:33:59,661 - root - DEBUG - Updating hall of fame
2020-07-27 16:33:59,865 - root - INFO - Completed generation 18; 1.4s elapsed, 2.2s avg, 4e+01s total. Expected time remaining: 4.1e+02s
2020-07-27 16:33:59,922 - root - INFO - #18 MAX:accuracy.mean: 0.68
2020-07-27 16:33:59,964 - root - DEBUG - Sampled weight [1.02667617 0.80806374 0.78441638 0.77880147 1.32494148]
2020-07-27 16:34:01,062 - root - DEBUG - Updating hall of fame
2020-07-27 16:34:01,264 - root - INFO - Completed generation 19; 1.3s elapsed, 2.2s avg, 4.1e+01s total. Expected time remaining: 4e+02s
2020-07-27 16:34:01,320 - root - INFO - #19 MAX:accuracy.mean: 0.67
2020-07-27 16:34:01,362 - root - DEBUG - Sampled weight [0.77113366 1.28095896 2.1302182  0.4848183  1.06099714]
2020-07-27 16:34:02,469 - root - DEBUG - Updating hall of fame
2020-07-27 16:34:02,864 - root - INFO - Completed generation 20; 1.5s elapsed, 2.2s avg, 4.3e+01s total. Expected time remaining: 3.9e+02s
2020-07-27 16:34:02,923 - root - INFO - #20 MAX:accuracy.mean: 0.67
2020-07-27 16:34:03,019 - root - DEBUG - Sampled weight [1.21943189 0.64234734 1.13292239 1.93622259 1.46313949]
2020-07-27 16:34:04,131 - root - DEBUG - Updating hall of fame
2020-07-27 16:34:05,298 - root - INFO - Completed generation 21; 2.3s elapsed, 2.2s avg, 4.5e+01s total. Expected time remaining: 3.9e+02s
2020-07-27 16:34:05,355 - root - INFO - #21 MAX:accuracy.mean: 0.68
2020-07-27 16:34:05,398 - root - DEBUG - Sampled weight [0.78143481 0.57131592 0.90129437 1.75718013 1.06889317]
2020-07-27 16:34:06,506 - root - DEBUG - Updating hall of fame
2020-07-27 16:34:07,468 - root - INFO - Completed generation 22; 2.1s elapsed, 2.2s avg, 4.7e+01s total. Expected time remaining: 3.8e+02s
2020-07-27 16:34:07,526 - root - INFO - #22 MAX:accuracy.mean: 0.68
2020-07-27 16:34:07,568 - root - DEBUG - Sampled weight [1.29037768 2.64529167 0.55190468 0.89888677 1.58308427]
2020-07-27 16:34:08,674 - root - DEBUG - Updating hall of fame
2020-07-27 16:34:09,251 - root - INFO - Completed generation 23; 1.7s elapsed, 2.1s avg, 4.9e+01s total. Expected time remaining: 3.8e+02s
2020-07-27 16:34:09,308 - root - INFO - #23 MAX:accuracy.mean: 0.67
2020-07-27 16:34:09,352 - root - DEBUG - Sampled weight [0.46310671 1.87520921 1.482571   0.83632685 0.82999359]
2020-07-27 16:34:10,462 - root - DEBUG - Updating hall of fame
2020-07-27 16:34:11,232 - root - INFO - Completed generation 24; 1.9s elapsed, 2.1s avg, 5.1e+01s total. Expected time remaining: 3.7e+02s
2020-07-27 16:34:11,290 - root - INFO - #24 MAX:accuracy.mean: 0.67
2020-07-27 16:34:11,333 - root - DEBUG - Sampled weight [1.68168073 0.28970217 1.3482743  0.48958417 1.23086491]
2020-07-27 16:34:12,444 - root - DEBUG - Updating hall of fame
2020-07-27 16:34:12,835 - root - INFO - Completed generation 25; 1.5s elapsed, 2.1s avg, 5.3e+01s total. Expected time remaining: 3.7e+02s
2020-07-27 16:34:12,894 - root - INFO - #25 MAX:accuracy.mean: 0.67
2020-07-27 16:34:12,936 - root - DEBUG - Sampled weight [1.2416194  0.56291562 1.34438016 1.77009214 0.95473293]
2020-07-27 16:34:14,040 - root - DEBUG - Updating hall of fame
2020-07-27 16:34:14,421 - root - INFO - Completed generation 26; 1.5s elapsed, 2.1s avg, 5.4e+01s total. Expected time remaining: 3.6e+02s
2020-07-27 16:34:14,479 - root - INFO - #26 MAX:accuracy.mean: 0.68
2020-07-27 16:34:14,521 - root - DEBUG - Sampled weight [0.65343689 1.07378391 1.57938058 1.23873372 0.62935686]
2020-07-27 16:34:15,631 - root - DEBUG - Updating hall of fame
2020-07-27 16:34:16,016 - root - INFO - Completed generation 27; 1.5s elapsed, 2.1s avg, 5.6e+01s total. Expected time remaining: 3.6e+02s
2020-07-27 16:34:16,073 - root - INFO - #27 MAX:accuracy.mean: 0.69
2020-07-27 16:34:16,117 - root - DEBUG - Sampled weight [1.7277614  1.98013002 2.11170998 1.11326634 0.85541444]
2020-07-27 16:34:17,227 - root - DEBUG - Updating hall of fame
2020-07-27 16:34:17,422 - root - INFO - Completed generation 28; 1.3s elapsed, 2.0s avg, 5.7e+01s total. Expected time remaining: 3.5e+02s
2020-07-27 16:34:17,479 - root - INFO - #28 MAX:accuracy.mean: 0.67
2020-07-27 16:34:17,522 - root - DEBUG - Sampled weight [0.87281196 1.03779582 1.84404864 1.48921346 1.00604761]
2020-07-27 16:34:18,634 - root - DEBUG - Updating hall of fame
2020-07-27 16:34:19,594 - root - INFO - Completed generation 29; 2.1s elapsed, 2.0s avg, 5.9e+01s total. Expected time remaining: 3.5e+02s
2020-07-27 16:34:19,652 - root - INFO - #29 MAX:accuracy.mean: 0.67
2020-07-27 16:34:19,695 - root - DEBUG - Sampled weight [1.02123749 1.70525651 1.38665991 0.96555925 0.5581603 ]
2020-07-27 16:34:20,806 - root - DEBUG - Updating hall of fame
2020-07-27 16:34:21,388 - root - INFO - Completed generation 30; 1.7s elapsed, 2.0s avg, 6.1e+01s total. Expected time remaining: 3.5e+02s
2020-07-27 16:34:21,446 - root - INFO - #30 MAX:accuracy.mean: 0.68
2020-07-27 16:34:21,548 - root - DEBUG - Sampled weight [0.40676228 1.92999196 0.50865775 0.83700439 1.63595091]
2020-07-27 16:34:22,664 - root - DEBUG - Updating hall of fame
2020-07-27 16:34:23,250 - root - INFO - Completed generation 31; 1.7s elapsed, 2.0s avg, 6.3e+01s total. Expected time remaining: 3.4e+02s
2020-07-27 16:34:23,309 - root - INFO - #31 MAX:accuracy.mean: 0.67
2020-07-27 16:34:23,352 - root - DEBUG - Sampled weight [0.61107142 0.75182574 1.76127637 0.83128749 0.73312552]
2020-07-27 16:34:24,460 - root - DEBUG - Updating hall of fame
2020-07-27 16:34:24,658 - root - INFO - Completed generation 32; 1.3s elapsed, 2.0s avg, 6.4e+01s total. Expected time remaining: 3.4e+02s
2020-07-27 16:34:24,714 - root - INFO - #32 MAX:accuracy.mean: 0.68
2020-07-27 16:34:24,757 - root - DEBUG - Sampled weight [1.88195387 0.23271961 1.24629118 0.50438408 1.51692362]
2020-07-27 16:34:25,869 - root - DEBUG - Updating hall of fame
2020-07-27 16:34:25,869 - root - INFO - Completed generation 33; 1.2s elapsed, 2.0s avg, 6.5e+01s total. Expected time remaining: 3.3e+02s
2020-07-27 16:34:25,926 - root - INFO - #33 MAX:accuracy.mean: 0.67
2020-07-27 16:34:25,969 - root - DEBUG - Sampled weight [1.29984517 0.93515631 1.43071598 0.43869863 1.62892138]
2020-07-27 16:34:27,084 - root - DEBUG - Updating hall of fame
2020-07-27 16:34:27,085 - root - INFO - Completed generation 34; 1.2s elapsed, 2.0s avg, 6.6e+01s total. Expected time remaining: 3.2e+02s
2020-07-27 16:34:27,142 - root - INFO - #34 MAX:accuracy.mean: 0.67
2020-07-27 16:34:27,185 - root - DEBUG - Sampled weight [1.46891552 0.74660848 1.04857524 1.16778381 1.31349363]
2020-07-27 16:34:28,293 - root - DEBUG - Updating hall of fame
2020-07-27 16:34:28,875 - root - INFO - Completed generation 35; 1.7s elapsed, 1.9s avg, 6.8e+01s total. Expected time remaining: 3.2e+02s
2020-07-27 16:34:28,932 - root - INFO - #35 MAX:accuracy.mean: 0.67
2020-07-27 16:34:28,976 - root - DEBUG - Sampled weight [1.16511606 0.57688373 0.52034267 1.0800228  2.09153574]
2020-07-27 16:34:30,089 - root - DEBUG - Updating hall of fame
2020-07-27 16:34:30,478 - root - INFO - Completed generation 36; 1.5s elapsed, 1.9s avg, 7e+01s total. Expected time remaining: 3.2e+02s
2020-07-27 16:34:30,535 - root - INFO - #36 MAX:accuracy.mean: 0.67
2020-07-27 16:34:30,577 - root - DEBUG - Sampled weight [0.71024154 0.71010215 3.15498927 0.50839405 2.72676904]
2020-07-27 16:34:31,685 - root - DEBUG - Updating hall of fame
2020-07-27 16:34:31,685 - root - INFO - Completed generation 37; 1.2s elapsed, 1.9s avg, 7.1e+01s total. Expected time remaining: 3.1e+02s
2020-07-27 16:34:31,742 - root - INFO - #37 MAX:accuracy.mean: 0.67
2020-07-27 16:34:31,785 - root - DEBUG - Sampled weight [1.95597353 0.48182269 0.71792195 1.26279909 2.43822956]
2020-07-27 16:34:32,898 - root - DEBUG - Updating hall of fame
2020-07-27 16:34:33,284 - root - INFO - Completed generation 38; 1.5s elapsed, 1.9s avg, 7.2e+01s total. Expected time remaining: 3.1e+02s
2020-07-27 16:34:33,462 - root - INFO - #38 MAX:accuracy.mean: 0.67
2020-07-27 16:34:33,506 - root - DEBUG - Sampled weight [1.66902206 0.34470455 1.03073196 1.35776393 0.88267922]
2020-07-27 16:34:34,630 - root - DEBUG - Updating hall of fame
2020-07-27 16:34:35,597 - root - INFO - Completed generation 39; 2.1s elapsed, 1.9s avg, 7.4e+01s total. Expected time remaining: 3.1e+02s
2020-07-27 16:34:35,654 - root - INFO - #39 MAX:accuracy.mean: 0.67
2020-07-27 16:34:35,698 - root - DEBUG - Sampled weight [0.37961886 0.51284896 1.38479235 1.51930706 0.79709525]
2020-07-27 16:34:36,818 - root - DEBUG - Updating hall of fame
2020-07-27 16:34:37,015 - root - INFO - Completed generation 40; 1.4s elapsed, 1.9s avg, 7.6e+01s total. Expected time remaining: 3e+02s
2020-07-27 16:34:37,072 - root - INFO - #40 MAX:accuracy.mean: 0.67
2020-07-27 16:34:37,159 - root - DEBUG - Sampled weight [1.1137147  0.79787313 1.20550638 0.44288186 1.45791379]
2020-07-27 16:34:38,273 - root - DEBUG - Updating hall of fame
2020-07-27 16:34:38,855 - root - INFO - Completed generation 41; 1.7s elapsed, 1.9s avg, 7.8e+01s total. Expected time remaining: 3e+02s
2020-07-27 16:34:38,913 - root - INFO - #41 MAX:accuracy.mean: 0.67
2020-07-27 16:34:38,955 - root - DEBUG - Sampled weight [1.66421889 0.75494831 0.71402135 0.89953636 0.49695811]
2020-07-27 16:34:40,075 - root - DEBUG - Updating hall of fame
2020-07-27 16:34:40,476 - root - INFO - Completed generation 42; 1.6s elapsed, 1.9s avg, 7.9e+01s total. Expected time remaining: 3e+02s
2020-07-27 16:34:40,533 - root - INFO - #42 MAX:accuracy.mean: 0.69
2020-07-27 16:34:40,576 - root - DEBUG - Sampled weight [2.07692702 1.2454105  0.6567793  0.4940162  1.05100477]
2020-07-27 16:34:41,694 - root - DEBUG - Updating hall of fame
2020-07-27 16:34:42,093 - root - INFO - Completed generation 43; 1.6s elapsed, 1.9s avg, 8.1e+01s total. Expected time remaining: 2.9e+02s
2020-07-27 16:34:42,150 - root - INFO - #43 MAX:accuracy.mean: 0.79
2020-07-27 16:34:42,194 - root - DEBUG - Sampled weight [1.28916745 1.82909778 0.86820583 0.58202021 0.83544939]
2020-07-27 16:34:43,316 - root - DEBUG - Updating hall of fame
2020-07-27 16:34:43,716 - root - INFO - Completed generation 44; 1.6s elapsed, 1.9s avg, 8.2e+01s total. Expected time remaining: 2.9e+02s
2020-07-27 16:34:43,774 - root - INFO - #44 MAX:accuracy.mean: 0.83
2020-07-27 16:34:43,818 - root - DEBUG - Sampled weight [2.07928045 1.59927636 1.25405208 1.42702411 0.51922982]
2020-07-27 16:34:44,934 - root - DEBUG - Updating hall of fame
2020-07-27 16:34:45,724 - root - INFO - Completed generation 45; 1.9s elapsed, 1.9s avg, 8.4e+01s total. Expected time remaining: 2.9e+02s
2020-07-27 16:34:45,781 - root - INFO - #45 MAX:accuracy.mean: 0.81
2020-07-27 16:34:45,825 - root - DEBUG - Sampled weight [0.95933981 0.57514178 0.80228905 1.35891705 0.39405382]
2020-07-27 16:34:46,951 - root - DEBUG - Updating hall of fame
2020-07-27 16:34:48,328 - root - INFO - Completed generation 46; 2.5s elapsed, 1.9s avg, 8.7e+01s total. Expected time remaining: 2.9e+02s
2020-07-27 16:34:48,386 - root - INFO - #46 MAX:accuracy.mean: 0.85
2020-07-27 16:34:48,430 - root - DEBUG - Sampled weight [0.59384562 1.32816485 2.27315844 1.06427727 1.58427515]
2020-07-27 16:34:49,554 - root - DEBUG - Updating hall of fame
2020-07-27 16:34:50,376 - root - INFO - Completed generation 47; 2.0s elapsed, 1.9s avg, 8.9e+01s total. Expected time remaining: 2.9e+02s
2020-07-27 16:34:50,433 - root - INFO - #47 MAX:accuracy.mean: 0.86
2020-07-27 16:34:50,476 - root - DEBUG - Sampled weight [0.92558453 0.32872399 0.4438768  0.87795677 0.94977445]
2020-07-27 16:34:51,604 - root - DEBUG - Updating hall of fame
2020-07-27 16:34:52,981 - root - INFO - Completed generation 48; 2.5s elapsed, 1.9s avg, 9.1e+01s total. Expected time remaining: 2.9e+02s
2020-07-27 16:34:53,038 - root - INFO - #48 MAX:accuracy.mean: 0.84
2020-07-27 16:34:53,081 - root - DEBUG - Sampled weight [0.82086814 1.18062227 0.88327615 1.54086381 1.08119591]
2020-07-27 16:34:54,197 - root - DEBUG - Updating hall of fame
2020-07-27 16:34:55,387 - root - INFO - Completed generation 49; 2.3s elapsed, 1.9s avg, 9.4e+01s total. Expected time remaining: 2.9e+02s
2020-07-27 16:34:55,444 - root - INFO - #49 MAX:accuracy.mean: 0.93
2020-07-27 16:34:55,489 - root - DEBUG - Sampled weight [0.83134765 1.32156911 0.87999537 1.2563276  1.13716479]
2020-07-27 16:34:56,623 - root - DEBUG - Updating hall of fame
2020-07-27 16:34:58,021 - root - INFO - Completed generation 50; 2.6s elapsed, 1.9s avg, 9.6e+01s total. Expected time remaining: 2.9e+02s
2020-07-27 16:34:58,079 - root - INFO - #50 MAX:accuracy.mean: 0.95
2020-07-27 16:34:58,166 - root - DEBUG - Sampled weight [2.7246066  1.57551495 0.98194015 1.74762785 1.29836818]
2020-07-27 16:34:59,299 - root - DEBUG - Updating hall of fame
2020-07-27 16:35:00,114 - root - INFO - Completed generation 51; 2.0s elapsed, 1.9s avg, 9.8e+01s total. Expected time remaining: 2.9e+02s
2020-07-27 16:35:00,172 - root - INFO - #51 MAX:accuracy.mean: 0.91
2020-07-27 16:35:00,215 - root - DEBUG - Sampled weight [1.71971238 1.43547573 0.73526135 2.08546229 1.23977018]
2020-07-27 16:35:01,350 - root - DEBUG - Updating hall of fame
2020-07-27 16:35:02,365 - root - INFO - Completed generation 52; 2.2s elapsed, 1.9s avg, 1e+02s total. Expected time remaining: 2.9e+02s
2020-07-27 16:35:02,423 - root - INFO - #52 MAX:accuracy.mean: 0.92
2020-07-27 16:35:02,466 - root - DEBUG - Sampled weight [2.76576102 0.95047365 2.36047857 1.47451915 1.4827261 ]
2020-07-27 16:35:03,600 - root - DEBUG - Updating hall of fame
2020-07-27 16:35:04,783 - root - INFO - Completed generation 53; 2.4s elapsed, 1.9s avg, 1e+02s total. Expected time remaining: 2.8e+02s
2020-07-27 16:35:04,842 - root - INFO - #53 MAX:accuracy.mean: 0.87
2020-07-27 16:35:04,886 - root - DEBUG - Sampled weight [1.13924203 1.01030187 1.29305992 0.97606859 1.16019216]
2020-07-27 16:35:06,018 - root - DEBUG - Updating hall of fame
2020-07-27 16:35:07,191 - root - INFO - Completed generation 54; 2.3s elapsed, 1.9s avg, 1.1e+02s total. Expected time remaining: 2.8e+02s
2020-07-27 16:35:07,249 - root - INFO - #54 MAX:accuracy.mean: 0.87
2020-07-27 16:35:07,293 - root - DEBUG - Sampled weight [1.19507423 1.03838271 0.75089801 0.4680366  0.34713329]
2020-07-27 16:35:08,424 - root - DEBUG - Updating hall of fame
2020-07-27 16:35:08,628 - root - INFO - Completed generation 55; 1.4s elapsed, 1.9s avg, 1.1e+02s total. Expected time remaining: 2.8e+02s
2020-07-27 16:35:08,686 - root - INFO - #55 MAX:accuracy.mean: 0.85
2020-07-27 16:35:08,730 - root - DEBUG - Sampled weight [1.67514428 0.34098241 0.87771733 1.26672157 1.07427336]
2020-07-27 16:35:09,863 - root - DEBUG - Updating hall of fame
2020-07-27 16:35:10,270 - root - INFO - Completed generation 56; 1.6s elapsed, 1.9s avg, 1.1e+02s total. Expected time remaining: 2.8e+02s
2020-07-27 16:35:10,329 - root - INFO - #56 MAX:accuracy.mean: 0.82
2020-07-27 16:35:10,373 - root - DEBUG - Sampled weight [1.36833594 0.38426816 0.47219028 0.53128358 0.95696398]
2020-07-27 16:35:11,518 - root - DEBUG - Updating hall of fame
2020-07-27 16:35:12,124 - root - INFO - Completed generation 57; 1.8s elapsed, 1.9s avg, 1.1e+02s total. Expected time remaining: 2.8e+02s
2020-07-27 16:35:12,182 - root - INFO - #57 MAX:accuracy.mean: 0.81
2020-07-27 16:35:12,226 - root - DEBUG - Sampled weight [1.08915305 1.34302814 1.14133754 1.08956383 0.33013415]
2020-07-27 16:35:13,368 - root - DEBUG - Updating hall of fame
2020-07-27 16:35:13,579 - root - INFO - Completed generation 58; 1.4s elapsed, 1.9s avg, 1.1e+02s total. Expected time remaining: 2.7e+02s
2020-07-27 16:35:13,637 - root - INFO - #58 MAX:accuracy.mean: 0.89
2020-07-27 16:35:13,681 - root - DEBUG - Sampled weight [1.06891755 1.27187039 1.87845757 0.70414746 0.63816052]
2020-07-27 16:35:14,821 - root - DEBUG - Updating hall of fame
2020-07-27 16:35:15,633 - root - INFO - Completed generation 59; 2.0s elapsed, 1.9s avg, 1.1e+02s total. Expected time remaining: 2.7e+02s
2020-07-27 16:35:15,690 - root - INFO - #59 MAX:accuracy.mean: 0.95
2020-07-27 16:35:15,734 - root - DEBUG - Sampled weight [0.47562748 5.15636189 0.77479085 1.4055559  2.40988463]
2020-07-27 16:35:16,880 - root - DEBUG - Updating hall of fame
2020-07-27 16:35:17,280 - root - INFO - Completed generation 60; 1.6s elapsed, 1.9s avg, 1.1e+02s total. Expected time remaining: 2.7e+02s
2020-07-27 16:35:17,337 - root - INFO - #60 MAX:accuracy.mean: 0.93
2020-07-27 16:35:17,439 - root - DEBUG - Sampled weight [1.28457884 1.29949176 1.33727342 0.8020294  1.0089721 ]
2020-07-27 16:35:18,584 - root - DEBUG - Updating hall of fame
2020-07-27 16:35:19,179 - root - INFO - Completed generation 61; 1.8s elapsed, 1.9s avg, 1.2e+02s total. Expected time remaining: 2.7e+02s
2020-07-27 16:35:19,237 - root - INFO - #61 MAX:accuracy.mean: 0.96
2020-07-27 16:35:19,282 - root - DEBUG - Sampled weight [1.31561308 0.85414665 1.65283399 0.71086924 0.59084502]
2020-07-27 16:35:20,427 - root - DEBUG - Updating hall of fame
2020-07-27 16:35:21,032 - root - INFO - Completed generation 62; 1.8s elapsed, 1.9s avg, 1.2e+02s total. Expected time remaining: 2.6e+02s
2020-07-27 16:35:21,090 - root - INFO - #62 MAX:accuracy.mean: 0.95
2020-07-27 16:35:21,136 - root - DEBUG - Sampled weight [4.82505902 1.29608499 1.89606163 0.52048423 0.74102936]
2020-07-27 16:35:22,285 - root - DEBUG - Updating hall of fame
2020-07-27 16:35:22,903 - root - INFO - Completed generation 63; 1.8s elapsed, 1.9s avg, 1.2e+02s total. Expected time remaining: 2.6e+02s
2020-07-27 16:35:22,961 - root - INFO - #63 MAX:accuracy.mean: 0.94
2020-07-27 16:35:23,005 - root - DEBUG - Sampled weight [1.41843751 0.99722236 1.9968744  0.75589658 1.68902816]
2020-07-27 16:35:24,148 - root - DEBUG - Updating hall of fame
2020-07-27 16:35:24,756 - root - INFO - Completed generation 64; 1.8s elapsed, 1.9s avg, 1.2e+02s total. Expected time remaining: 2.6e+02s
2020-07-27 16:35:24,814 - root - INFO - #64 MAX:accuracy.mean: 0.93
2020-07-27 16:35:24,858 - root - DEBUG - Sampled weight [1.55223592 0.49117445 1.40913927 1.73369794 0.53854609]
2020-07-27 16:35:25,996 - root - DEBUG - Updating hall of fame
2020-07-27 16:35:26,790 - root - INFO - Completed generation 65; 2.0s elapsed, 1.9s avg, 1.2e+02s total. Expected time remaining: 2.6e+02s
2020-07-27 16:35:26,848 - root - INFO - #65 MAX:accuracy.mean: 0.93
2020-07-27 16:35:26,892 - root - DEBUG - Sampled weight [0.7382075  2.38112529 1.26766375 1.83069118 1.84557815]
2020-07-27 16:35:28,040 - root - DEBUG - Updating hall of fame
2020-07-27 16:35:28,652 - root - INFO - Completed generation 66; 1.8s elapsed, 1.9s avg, 1.3e+02s total. Expected time remaining: 2.6e+02s
2020-07-27 16:35:28,710 - root - INFO - #66 MAX:accuracy.mean: 0.93
2020-07-27 16:35:28,754 - root - DEBUG - Sampled weight [0.52435103 3.69454208 1.36235587 1.61074169 0.52656354]
2020-07-27 16:35:29,899 - root - DEBUG - Updating hall of fame
2020-07-27 16:35:31,284 - root - INFO - Completed generation 67; 2.6s elapsed, 1.9s avg, 1.3e+02s total. Expected time remaining: 2.5e+02s
2020-07-27 16:35:31,343 - root - INFO - #67 MAX:accuracy.mean: 0.93
2020-07-27 16:35:31,386 - root - DEBUG - Sampled weight [1.09325762 0.84449026 0.65982533 0.65221325 1.22146903]
2020-07-27 16:35:32,523 - root - DEBUG - Updating hall of fame
2020-07-27 16:35:33,323 - root - INFO - Completed generation 68; 2.0s elapsed, 1.9s avg, 1.3e+02s total. Expected time remaining: 2.5e+02s
2020-07-27 16:35:33,381 - root - INFO - #68 MAX:accuracy.mean: 0.96
2020-07-27 16:35:33,425 - root - DEBUG - Sampled weight [0.63774585 0.66509112 1.52682122 0.58882168 1.66681582]
2020-07-27 16:35:34,583 - root - DEBUG - Updating hall of fame
2020-07-27 16:35:35,579 - root - INFO - Completed generation 69; 2.2s elapsed, 1.9s avg, 1.3e+02s total. Expected time remaining: 2.5e+02s
2020-07-27 16:35:35,638 - root - INFO - #69 MAX:accuracy.mean: 0.93
2020-07-27 16:35:35,682 - root - DEBUG - Sampled weight [1.85818871 2.10108321 1.71707143 1.12099762 1.35974847]
2020-07-27 16:35:36,828 - root - DEBUG - Updating hall of fame
2020-07-27 16:35:37,624 - root - INFO - Completed generation 70; 2.0s elapsed, 1.9s avg, 1.3e+02s total. Expected time remaining: 2.5e+02s
2020-07-27 16:35:37,682 - root - INFO - #70 MAX:accuracy.mean: 0.95
2020-07-27 16:35:37,776 - root - DEBUG - Sampled weight [1.58117817 1.38942684 0.45042854 0.81423099 1.37663269]
2020-07-27 16:35:38,904 - root - DEBUG - Updating hall of fame
2020-07-27 16:35:40,078 - root - INFO - Completed generation 71; 2.3s elapsed, 1.9s avg, 1.4e+02s total. Expected time remaining: 2.5e+02s
2020-07-27 16:35:40,136 - root - INFO - #71 MAX:accuracy.mean: 0.93
2020-07-27 16:35:40,179 - root - DEBUG - Sampled weight [1.50823213 0.60852145 0.68322209 2.15640401 0.57906473]
2020-07-27 16:35:41,311 - root - DEBUG - Updating hall of fame
2020-07-27 16:35:42,098 - root - INFO - Completed generation 72; 2.0s elapsed, 1.9s avg, 1.4e+02s total. Expected time remaining: 2.5e+02s
2020-07-27 16:35:42,156 - root - INFO - #72 MAX:accuracy.mean: 0.93
2020-07-27 16:35:42,199 - root - DEBUG - Sampled weight [1.0095713  0.62671579 0.58385468 1.32846513 0.54231257]
2020-07-27 16:35:43,342 - root - DEBUG - Updating hall of fame
2020-07-27 16:35:44,544 - root - INFO - Completed generation 73; 2.4s elapsed, 1.9s avg, 1.4e+02s total. Expected time remaining: 2.5e+02s
2020-07-27 16:35:44,602 - root - INFO - #73 MAX:accuracy.mean: 0.88
2020-07-27 16:35:44,646 - root - DEBUG - Sampled weight [1.15329044 0.87388969 0.63101838 1.13899998 1.64838066]
2020-07-27 16:35:45,792 - root - DEBUG - Updating hall of fame
2020-07-27 16:35:46,206 - root - INFO - Completed generation 74; 1.6s elapsed, 1.9s avg, 1.4e+02s total. Expected time remaining: 2.4e+02s
2020-07-27 16:35:46,264 - root - INFO - #74 MAX:accuracy.mean: 0.91
2020-07-27 16:35:46,308 - root - DEBUG - Sampled weight [1.67272386 1.16054053 0.87134586 1.29397056 0.99648032]
2020-07-27 16:35:47,451 - root - DEBUG - Updating hall of fame
2020-07-27 16:35:48,637 - root - INFO - Completed generation 75; 2.4s elapsed, 1.9s avg, 1.5e+02s total. Expected time remaining: 2.4e+02s
2020-07-27 16:35:48,695 - root - INFO - #75 MAX:accuracy.mean: 0.92
2020-07-27 16:35:48,740 - root - DEBUG - Sampled weight [1.6973387  2.85524914 0.70810012 1.21010534 1.21722354]
2020-07-27 16:35:49,882 - root - DEBUG - Updating hall of fame
2020-07-27 16:35:50,678 - root - INFO - Completed generation 76; 2.0s elapsed, 1.9s avg, 1.5e+02s total. Expected time remaining: 2.4e+02s
2020-07-27 16:35:50,736 - root - INFO - #76 MAX:accuracy.mean: 0.89
2020-07-27 16:35:50,780 - root - DEBUG - Sampled weight [1.03795857 0.4329565  1.13340397 0.71765662 1.5404788 ]
2020-07-27 16:35:51,934 - root - DEBUG - Updating hall of fame
2020-07-27 16:35:52,737 - root - INFO - Completed generation 77; 2.0s elapsed, 1.9s avg, 1.5e+02s total. Expected time remaining: 2.4e+02s
2020-07-27 16:35:52,795 - root - INFO - #77 MAX:accuracy.mean: 0.9
2020-07-27 16:35:52,839 - root - DEBUG - Sampled weight [0.64044936 0.483507   1.17228613 0.88614224 1.49877713]
2020-07-27 16:35:53,978 - root - DEBUG - Updating hall of fame
2020-07-27 16:35:54,176 - root - INFO - Completed generation 78; 1.4s elapsed, 1.9s avg, 1.5e+02s total. Expected time remaining: 2.4e+02s
2020-07-27 16:35:54,233 - root - INFO - #78 MAX:accuracy.mean: 0.91
2020-07-27 16:35:54,277 - root - DEBUG - Sampled weight [0.52363163 0.46323105 0.872611   0.43607335 1.36874416]
2020-07-27 16:35:55,406 - root - DEBUG - Updating hall of fame
2020-07-27 16:35:55,801 - root - INFO - Completed generation 79; 1.6s elapsed, 1.9s avg, 1.5e+02s total. Expected time remaining: 2.3e+02s
2020-07-27 16:35:55,858 - root - INFO - #79 MAX:accuracy.mean: 0.88
2020-07-27 16:35:55,902 - root - DEBUG - Sampled weight [1.97764715 0.66242985 1.68312279 0.52465752 0.93168214]
2020-07-27 16:35:57,043 - root - DEBUG - Updating hall of fame
2020-07-27 16:35:57,254 - root - INFO - Completed generation 80; 1.4s elapsed, 1.9s avg, 1.5e+02s total. Expected time remaining: 2.3e+02s
2020-07-27 16:35:57,311 - root - INFO - #80 MAX:accuracy.mean: 0.88
2020-07-27 16:35:57,415 - root - DEBUG - Sampled weight [0.78801501 1.12112375 1.01992613 0.64869049 1.4952313 ]
2020-07-27 16:35:58,555 - root - DEBUG - Updating hall of fame
2020-07-27 16:35:59,539 - root - INFO - Completed generation 81; 2.2s elapsed, 1.9s avg, 1.6e+02s total. Expected time remaining: 2.3e+02s
2020-07-27 16:35:59,597 - root - INFO - #81 MAX:accuracy.mean: 0.87
2020-07-27 16:35:59,641 - root - DEBUG - Sampled weight [0.69663599 1.18123958 1.16269352 2.1000282  0.87414584]
2020-07-27 16:36:00,785 - root - DEBUG - Updating hall of fame
2020-07-27 16:36:01,182 - root - INFO - Completed generation 82; 1.6s elapsed, 1.9s avg, 1.6e+02s total. Expected time remaining: 2.3e+02s
2020-07-27 16:36:01,239 - root - INFO - #82 MAX:accuracy.mean: 0.88
2020-07-27 16:36:01,283 - root - DEBUG - Sampled weight [0.43543388 0.79862028 0.36207779 0.50204381 1.11908197]
2020-07-27 16:36:02,426 - root - DEBUG - Updating hall of fame
2020-07-27 16:36:03,409 - root - INFO - Completed generation 83; 2.2s elapsed, 1.9s avg, 1.6e+02s total. Expected time remaining: 2.2e+02s
2020-07-27 16:36:03,467 - root - INFO - #83 MAX:accuracy.mean: 0.93
2020-07-27 16:36:03,511 - root - DEBUG - Sampled weight [1.42710705 0.9579413  2.44278177 0.46556246 0.88645373]
2020-07-27 16:36:04,655 - root - DEBUG - Updating hall of fame
2020-07-27 16:36:04,846 - root - INFO - Completed generation 84; 1.4s elapsed, 1.9s avg, 1.6e+02s total. Expected time remaining: 2.2e+02s
2020-07-27 16:36:04,904 - root - INFO - #84 MAX:accuracy.mean: 0.87
2020-07-27 16:36:04,946 - root - DEBUG - Sampled weight [0.98031129 0.65053349 0.5887797  0.18028254 1.24570375]
2020-07-27 16:36:06,076 - root - DEBUG - Updating hall of fame
2020-07-27 16:36:07,061 - root - INFO - Completed generation 85; 2.2s elapsed, 1.9s avg, 1.6e+02s total. Expected time remaining: 2.2e+02s
2020-07-27 16:36:07,118 - root - INFO - #85 MAX:accuracy.mean: 0.85
2020-07-27 16:36:07,161 - root - DEBUG - Sampled weight [0.77636263 0.56022692 1.01975349 0.66052123 0.60946235]
2020-07-27 16:36:08,294 - root - DEBUG - Updating hall of fame
2020-07-27 16:36:08,484 - root - INFO - Completed generation 86; 1.4s elapsed, 1.9s avg, 1.6e+02s total. Expected time remaining: 2.2e+02s
2020-07-27 16:36:08,541 - root - INFO - #86 MAX:accuracy.mean: 0.88
2020-07-27 16:36:08,584 - root - DEBUG - Sampled weight [0.62541294 0.85442064 1.155275   0.9681207  1.52049314]
2020-07-27 16:36:09,719 - root - DEBUG - Updating hall of fame
2020-07-27 16:36:09,914 - root - INFO - Completed generation 87; 1.4s elapsed, 1.9s avg, 1.7e+02s total. Expected time remaining: 2.2e+02s
2020-07-27 16:36:09,972 - root - INFO - #87 MAX:accuracy.mean: 0.89
2020-07-27 16:36:10,015 - root - DEBUG - Sampled weight [1.28594908 0.79013333 0.78862688 1.88035167 1.17001075]
2020-07-27 16:36:11,157 - root - DEBUG - Updating hall of fame
2020-07-27 16:36:12,147 - root - INFO - Completed generation 88; 2.2s elapsed, 1.9s avg, 1.7e+02s total. Expected time remaining: 2.1e+02s
2020-07-27 16:36:12,205 - root - INFO - #88 MAX:accuracy.mean: 0.89
2020-07-27 16:36:12,248 - root - DEBUG - Sampled weight [2.32893473 0.78893501 0.34398564 1.48156501 1.6849421 ]
2020-07-27 16:36:13,380 - root - DEBUG - Updating hall of fame
2020-07-27 16:36:14,359 - root - INFO - Completed generation 89; 2.2s elapsed, 1.9s avg, 1.7e+02s total. Expected time remaining: 2.1e+02s
2020-07-27 16:36:14,416 - root - INFO - #89 MAX:accuracy.mean: 0.87
2020-07-27 16:36:14,461 - root - DEBUG - Sampled weight [0.54485001 0.4726364  0.55045427 0.74609654 1.40730003]
2020-07-27 16:36:15,592 - root - DEBUG - Updating hall of fame
2020-07-27 16:36:16,566 - root - INFO - Completed generation 90; 2.1s elapsed, 1.9s avg, 1.7e+02s total. Expected time remaining: 2.1e+02s
2020-07-27 16:36:16,625 - root - INFO - #90 MAX:accuracy.mean: 0.86
2020-07-27 16:36:16,718 - root - DEBUG - Sampled weight [1.64927645 0.61342021 0.51140784 0.61851045 0.85753076]
2020-07-27 16:36:17,855 - root - DEBUG - Updating hall of fame
2020-07-27 16:36:18,237 - root - INFO - Completed generation 91; 1.6s elapsed, 1.9s avg, 1.7e+02s total. Expected time remaining: 2.1e+02s
2020-07-27 16:36:18,294 - root - INFO - #91 MAX:accuracy.mean: 0.85
2020-07-27 16:36:18,338 - root - DEBUG - Sampled weight [1.29704048 1.15832186 0.68106891 1.57348708 0.38821534]
2020-07-27 16:36:19,471 - root - DEBUG - Updating hall of fame
2020-07-27 16:36:19,852 - root - INFO - Completed generation 92; 1.6s elapsed, 1.9s avg, 1.8e+02s total. Expected time remaining: 2.1e+02s
2020-07-27 16:36:19,909 - root - INFO - #92 MAX:accuracy.mean: 0.91
2020-07-27 16:36:19,953 - root - DEBUG - Sampled weight [2.49061071 1.50763227 1.94846475 0.62733164 1.01060137]
2020-07-27 16:36:21,088 - root - DEBUG - Updating hall of fame
2020-07-27 16:36:21,486 - root - INFO - Completed generation 93; 1.6s elapsed, 1.9s avg, 1.8e+02s total. Expected time remaining: 2e+02s
2020-07-27 16:36:21,543 - root - INFO - #93 MAX:accuracy.mean: 0.9
2020-07-27 16:36:21,587 - root - DEBUG - Sampled weight [1.32836026 1.17781364 1.04227491 2.10095937 2.16546533]
2020-07-27 16:36:22,716 - root - DEBUG - Updating hall of fame
2020-07-27 16:36:24,070 - root - INFO - Completed generation 94; 2.5s elapsed, 1.9s avg, 1.8e+02s total. Expected time remaining: 2e+02s
2020-07-27 16:36:24,127 - root - INFO - #94 MAX:accuracy.mean: 0.96
2020-07-27 16:36:24,170 - root - DEBUG - Sampled weight [2.36562019 0.83263387 1.27257123 2.77749303 0.87555264]
2020-07-27 16:36:25,294 - root - DEBUG - Updating hall of fame
2020-07-27 16:36:26,072 - root - INFO - Completed generation 95; 1.9s elapsed, 1.9s avg, 1.8e+02s total. Expected time remaining: 2e+02s
2020-07-27 16:36:26,130 - root - INFO - #95 MAX:accuracy.mean: 0.86
2020-07-27 16:36:26,174 - root - DEBUG - Sampled weight [2.28786335 2.18426371 2.07153815 0.43613052 4.63594632]
2020-07-27 16:36:27,304 - root - DEBUG - Updating hall of fame
2020-07-27 16:36:27,890 - root - INFO - Completed generation 96; 1.8s elapsed, 1.9s avg, 1.8e+02s total. Expected time remaining: 2e+02s
2020-07-27 16:36:27,947 - root - INFO - #96 MAX:accuracy.mean: 0.88
2020-07-27 16:36:27,991 - root - DEBUG - Sampled weight [1.391155   1.15154725 1.93731458 1.00537518 0.62967083]
2020-07-27 16:36:29,118 - root - DEBUG - Updating hall of fame
2020-07-27 16:36:29,700 - root - INFO - Completed generation 97; 1.8s elapsed, 1.9s avg, 1.8e+02s total. Expected time remaining: 2e+02s
2020-07-27 16:36:29,757 - root - INFO - #97 MAX:accuracy.mean: 0.87
2020-07-27 16:36:29,801 - root - DEBUG - Sampled weight [2.7259943  0.68725704 0.73164816 2.5714753  1.12243043]
2020-07-27 16:36:30,929 - root - DEBUG - Updating hall of fame
2020-07-27 16:36:31,725 - root - INFO - Completed generation 98; 2.0s elapsed, 1.9s avg, 1.9e+02s total. Expected time remaining: 1.9e+02s
2020-07-27 16:36:31,784 - root - INFO - #98 MAX:accuracy.mean: 0.85
2020-07-27 16:36:31,829 - root - DEBUG - Sampled weight [1.7381528  0.67113385 0.86971747 2.41014945 1.04265604]
2020-07-27 16:36:32,986 - root - DEBUG - Updating hall of fame
2020-07-27 16:36:33,383 - root - INFO - Completed generation 99; 1.6s elapsed, 1.9s avg, 1.9e+02s total. Expected time remaining: 1.9e+02s
2020-07-27 16:36:33,442 - root - INFO - #99 MAX:accuracy.mean: 0.9
2020-07-27 16:36:33,488 - root - DEBUG - Sampled weight [1.28170636 0.54378896 0.36438142 1.35374624 0.35844395]
2020-07-27 16:36:34,648 - root - DEBUG - Updating hall of fame
2020-07-27 16:36:35,246 - root - INFO - Completed generation 100; 1.8s elapsed, 1.9s avg, 1.9e+02s total. Expected time remaining: 1.9e+02s
2020-07-27 16:36:35,305 - root - INFO - #100 MAX:accuracy.mean: 0.88
2020-07-27 16:36:35,404 - root - DEBUG - Sampled weight [0.88999877 1.23373345 1.51343301 1.13635297 1.66888439]
2020-07-27 16:36:36,564 - root - DEBUG - Updating hall of fame
2020-07-27 16:36:36,764 - root - INFO - Completed generation 101; 1.4s elapsed, 1.9s avg, 1.9e+02s total. Expected time remaining: 1.9e+02s
2020-07-27 16:36:36,822 - root - INFO - #101 MAX:accuracy.mean: 0.87
2020-07-27 16:36:36,866 - root - DEBUG - Sampled weight [0.81001958 0.61367013 0.68531023 0.32136779 2.18920623]
2020-07-27 16:36:38,010 - root - DEBUG - Updating hall of fame
2020-07-27 16:36:38,998 - root - INFO - Completed generation 102; 2.2s elapsed, 1.9s avg, 1.9e+02s total. Expected time remaining: 1.9e+02s
2020-07-27 16:36:39,055 - root - INFO - #102 MAX:accuracy.mean: 0.82
2020-07-27 16:36:39,100 - root - DEBUG - Sampled weight [0.48993096 0.94821022 0.69209098 0.87065555 0.62778075]
2020-07-27 16:36:40,247 - root - DEBUG - Updating hall of fame
2020-07-27 16:36:41,232 - root - INFO - Completed generation 103; 2.2s elapsed, 1.9s avg, 2e+02s total. Expected time remaining: 1.8e+02s
2020-07-27 16:36:41,291 - root - INFO - #103 MAX:accuracy.mean: 0.8
2020-07-27 16:36:41,334 - root - DEBUG - Sampled weight [1.3624959  0.62401322 0.64652996 0.54834827 1.61811706]
2020-07-27 16:36:42,481 - root - DEBUG - Updating hall of fame
2020-07-27 16:36:42,481 - root - INFO - Completed generation 104; 1.2s elapsed, 1.9s avg, 2e+02s total. Expected time remaining: 1.8e+02s
2020-07-27 16:36:42,539 - root - INFO - #104 MAX:accuracy.mean: 0.86
2020-07-27 16:36:42,583 - root - DEBUG - Sampled weight [0.66341164 1.53900508 0.57590892 1.47722236 0.53384287]
2020-07-27 16:36:43,727 - root - DEBUG - Updating hall of fame
2020-07-27 16:36:43,728 - root - INFO - Completed generation 105; 1.2s elapsed, 1.9s avg, 2e+02s total. Expected time remaining: 1.8e+02s
2020-07-27 16:36:43,785 - root - INFO - #105 MAX:accuracy.mean: 0.79
2020-07-27 16:36:43,829 - root - DEBUG - Sampled weight [0.61105084 0.61484373 0.358845   1.47509168 1.05999239]
2020-07-27 16:36:44,980 - root - DEBUG - Updating hall of fame
2020-07-27 16:36:45,179 - root - INFO - Completed generation 106; 1.4s elapsed, 1.9s avg, 2e+02s total. Expected time remaining: 1.8e+02s
2020-07-27 16:36:45,237 - root - INFO - #106 MAX:accuracy.mean: 0.74
2020-07-27 16:36:45,281 - root - DEBUG - Sampled weight [0.74650459 0.82538651 1.91903863 1.3196426  1.17932716]
2020-07-27 16:36:46,430 - root - DEBUG - Updating hall of fame
2020-07-27 16:36:46,633 - root - INFO - Completed generation 107; 1.4s elapsed, 1.9s avg, 2e+02s total. Expected time remaining: 1.7e+02s
2020-07-27 16:36:46,692 - root - INFO - #107 MAX:accuracy.mean: 0.86
2020-07-27 16:36:46,735 - root - DEBUG - Sampled weight [2.05789895 0.52296561 0.97094166 0.55740884 1.85537788]
2020-07-27 16:36:47,881 - root - DEBUG - Updating hall of fame
2020-07-27 16:36:48,670 - root - INFO - Completed generation 108; 2.0s elapsed, 1.9s avg, 2e+02s total. Expected time remaining: 1.7e+02s
2020-07-27 16:36:48,729 - root - INFO - #108 MAX:accuracy.mean: 0.86
2020-07-27 16:36:48,773 - root - DEBUG - Sampled weight [1.40357199 1.5079598  0.43066355 1.36206854 0.54827291]
2020-07-27 16:36:49,915 - root - DEBUG - Updating hall of fame
2020-07-27 16:36:50,319 - root - INFO - Completed generation 109; 1.6s elapsed, 1.9s avg, 2e+02s total. Expected time remaining: 1.7e+02s
2020-07-27 16:36:50,377 - root - INFO - #109 MAX:accuracy.mean: 0.88
2020-07-27 16:36:50,422 - root - DEBUG - Sampled weight [0.68561488 3.34959733 0.61134216 0.44328843 1.28668161]
2020-07-27 16:36:51,573 - root - DEBUG - Updating hall of fame
2020-07-27 16:36:51,779 - root - INFO - Completed generation 110; 1.4s elapsed, 1.9s avg, 2.1e+02s total. Expected time remaining: 1.7e+02s
2020-07-27 16:36:51,837 - root - INFO - #110 MAX:accuracy.mean: 0.85
2020-07-27 16:36:51,959 - root - DEBUG - Sampled weight [0.96832123 0.53059641 3.54357034 0.47077311 1.28499336]
2020-07-27 16:36:53,101 - root - DEBUG - Updating hall of fame
2020-07-27 16:36:53,496 - root - INFO - Completed generation 111; 1.6s elapsed, 1.9s avg, 2.1e+02s total. Expected time remaining: 1.7e+02s
2020-07-27 16:36:53,554 - root - INFO - #111 MAX:accuracy.mean: 0.84
2020-07-27 16:36:53,599 - root - DEBUG - Sampled weight [1.04191867 0.77457308 0.54216616 0.80982292 1.1507915 ]
2020-07-27 16:36:54,749 - root - DEBUG - Updating hall of fame
2020-07-27 16:36:54,750 - root - INFO - Completed generation 112; 1.2s elapsed, 1.9s avg, 2.1e+02s total. Expected time remaining: 1.6e+02s
2020-07-27 16:36:54,807 - root - INFO - #112 MAX:accuracy.mean: 0.85
2020-07-27 16:36:54,852 - root - DEBUG - Sampled weight [1.84578438 1.39452121 0.56418244 0.6116017  0.39956409]
2020-07-27 16:36:55,999 - root - DEBUG - Updating hall of fame
2020-07-27 16:36:56,400 - root - INFO - Completed generation 113; 1.6s elapsed, 1.9s avg, 2.1e+02s total. Expected time remaining: 1.6e+02s
2020-07-27 16:36:56,458 - root - INFO - #113 MAX:accuracy.mean: 0.91
2020-07-27 16:36:56,502 - root - DEBUG - Sampled weight [1.75142552 0.65753169 1.07495302 0.55138205 4.00514934]
2020-07-27 16:36:57,658 - root - DEBUG - Updating hall of fame
2020-07-27 16:36:58,065 - root - INFO - Completed generation 114; 1.6s elapsed, 1.9s avg, 2.1e+02s total. Expected time remaining: 1.6e+02s
2020-07-27 16:36:58,123 - root - INFO - #114 MAX:accuracy.mean: 0.83
2020-07-27 16:36:58,165 - root - DEBUG - Sampled weight [0.70364838 4.15847007 1.65669733 0.63841151 0.85612227]
2020-07-27 16:36:59,317 - root - DEBUG - Updating hall of fame
2020-07-27 16:36:59,317 - root - INFO - Completed generation 115; 1.2s elapsed, 1.9s avg, 2.1e+02s total. Expected time remaining: 1.6e+02s
2020-07-27 16:36:59,375 - root - INFO - #115 MAX:accuracy.mean: 0.84
2020-07-27 16:36:59,419 - root - DEBUG - Sampled weight [1.16705034 0.70959259 1.74334726 1.29636463 1.4345151 ]
2020-07-27 16:37:00,566 - root - DEBUG - Updating hall of fame
2020-07-27 16:37:00,765 - root - INFO - Completed generation 116; 1.4s elapsed, 1.9s avg, 2.1e+02s total. Expected time remaining: 1.6e+02s
2020-07-27 16:37:00,822 - root - INFO - #116 MAX:accuracy.mean: 0.9
2020-07-27 16:37:00,865 - root - DEBUG - Sampled weight [0.894743   1.18131191 1.30755859 1.85234196 0.56590251]
2020-07-27 16:37:02,013 - root - DEBUG - Updating hall of fame
2020-07-27 16:37:02,608 - root - INFO - Completed generation 117; 1.8s elapsed, 1.9s avg, 2.2e+02s total. Expected time remaining: 1.5e+02s
2020-07-27 16:37:02,666 - root - INFO - #117 MAX:accuracy.mean: 0.96
2020-07-27 16:37:02,710 - root - DEBUG - Sampled weight [2.27080012 1.10299598 1.7088022  0.64186722 0.53113325]
2020-07-27 16:37:03,846 - root - DEBUG - Updating hall of fame
2020-07-27 16:37:04,444 - root - INFO - Completed generation 118; 1.8s elapsed, 1.8s avg, 2.2e+02s total. Expected time remaining: 1.5e+02s
2020-07-27 16:37:04,507 - root - INFO - #118 MAX:accuracy.mean: 0.93
2020-07-27 16:37:04,551 - root - DEBUG - Sampled weight [0.98279934 1.09617795 2.04029524 2.00799246 0.79066688]
2020-07-27 16:37:05,691 - root - DEBUG - Updating hall of fame
2020-07-27 16:37:06,485 - root - INFO - Completed generation 119; 2.0s elapsed, 1.9s avg, 2.2e+02s total. Expected time remaining: 1.5e+02s
2020-07-27 16:37:06,543 - root - INFO - #119 MAX:accuracy.mean: 0.96
2020-07-27 16:37:06,587 - root - DEBUG - Sampled weight [1.06975799 0.47860605 1.55480288 1.47464932 2.32034304]
2020-07-27 16:37:07,729 - root - DEBUG - Updating hall of fame
2020-07-27 16:37:08,520 - root - INFO - Completed generation 120; 2.0s elapsed, 1.9s avg, 2.2e+02s total. Expected time remaining: 1.5e+02s
2020-07-27 16:37:08,577 - root - INFO - #120 MAX:accuracy.mean: 0.93
2020-07-27 16:37:08,725 - root - DEBUG - Sampled weight [0.84243083 0.71383902 1.47266416 0.99751785 1.14177679]
2020-07-27 16:37:09,880 - root - DEBUG - Updating hall of fame
2020-07-27 16:37:10,480 - root - INFO - Completed generation 121; 1.8s elapsed, 1.9s avg, 2.2e+02s total. Expected time remaining: 1.5e+02s
2020-07-27 16:37:10,539 - root - INFO - #121 MAX:accuracy.mean: 0.95
2020-07-27 16:37:10,583 - root - DEBUG - Sampled weight [1.75954367 2.23128212 0.2628169  1.88694989 0.81565314]
2020-07-27 16:37:11,741 - root - DEBUG - Updating hall of fame
2020-07-27 16:37:12,140 - root - INFO - Completed generation 122; 1.6s elapsed, 1.8s avg, 2.3e+02s total. Expected time remaining: 1.4e+02s
2020-07-27 16:37:12,198 - root - INFO - #122 MAX:accuracy.mean: 0.92
2020-07-27 16:37:12,243 - root - DEBUG - Sampled weight [1.72798748 1.41381179 1.92330362 0.57148832 0.56975782]
2020-07-27 16:37:13,394 - root - DEBUG - Updating hall of fame
2020-07-27 16:37:13,995 - root - INFO - Completed generation 123; 1.8s elapsed, 1.8s avg, 2.3e+02s total. Expected time remaining: 1.4e+02s
2020-07-27 16:37:14,053 - root - INFO - #123 MAX:accuracy.mean: 0.91
2020-07-27 16:37:14,098 - root - DEBUG - Sampled weight [1.14705616 0.99456696 0.64162341 0.71030826 1.7754086 ]
2020-07-27 16:37:15,237 - root - DEBUG - Updating hall of fame
2020-07-27 16:37:15,822 - root - INFO - Completed generation 124; 1.8s elapsed, 1.8s avg, 2.3e+02s total. Expected time remaining: 1.4e+02s
2020-07-27 16:37:15,880 - root - INFO - #124 MAX:accuracy.mean: 0.91
2020-07-27 16:37:15,923 - root - DEBUG - Sampled weight [0.75468292 0.49801319 0.44493869 2.25121727 0.60268126]
2020-07-27 16:37:17,067 - root - DEBUG - Updating hall of fame
2020-07-27 16:37:17,273 - root - INFO - Completed generation 125; 1.4s elapsed, 1.8s avg, 2.3e+02s total. Expected time remaining: 1.4e+02s
2020-07-27 16:37:17,330 - root - INFO - #125 MAX:accuracy.mean: 0.94
2020-07-27 16:37:17,373 - root - DEBUG - Sampled weight [1.052764   1.2878834  0.50860679 0.63785301 0.87781514]
2020-07-27 16:37:18,506 - root - DEBUG - Updating hall of fame
2020-07-27 16:37:19,107 - root - INFO - Completed generation 126; 1.8s elapsed, 1.8s avg, 2.3e+02s total. Expected time remaining: 1.4e+02s
2020-07-27 16:37:19,164 - root - INFO - #126 MAX:accuracy.mean: 0.9
2020-07-27 16:37:19,208 - root - DEBUG - Sampled weight [1.09482392 1.15043121 0.47564059 1.37231307 0.6969535 ]
2020-07-27 16:37:20,343 - root - DEBUG - Updating hall of fame
2020-07-27 16:37:20,343 - root - INFO - Completed generation 127; 1.2s elapsed, 1.8s avg, 2.3e+02s total. Expected time remaining: 1.3e+02s
2020-07-27 16:37:20,400 - root - INFO - #127 MAX:accuracy.mean: 0.92
2020-07-27 16:37:20,443 - root - DEBUG - Sampled weight [0.59151998 1.62709237 1.08668943 2.24780871 1.09140548]
2020-07-27 16:37:21,585 - root - DEBUG - Updating hall of fame
2020-07-27 16:37:21,585 - root - INFO - Completed generation 128; 1.2s elapsed, 1.8s avg, 2.3e+02s total. Expected time remaining: 1.3e+02s
2020-07-27 16:37:21,643 - root - INFO - #128 MAX:accuracy.mean: 0.91
2020-07-27 16:37:21,687 - root - DEBUG - Sampled weight [0.80834033 2.85305755 1.52285396 0.36988506 0.63051253]
2020-07-27 16:37:22,844 - root - DEBUG - Updating hall of fame
2020-07-27 16:37:23,630 - root - INFO - Completed generation 129; 2.0s elapsed, 1.8s avg, 2.4e+02s total. Expected time remaining: 1.3e+02s
2020-07-27 16:37:23,687 - root - INFO - #129 MAX:accuracy.mean: 0.89
2020-07-27 16:37:23,732 - root - DEBUG - Sampled weight [1.19608394 0.68818599 0.78099754 1.70992617 1.58104796]
2020-07-27 16:37:24,887 - root - DEBUG - Updating hall of fame
2020-07-27 16:37:25,092 - root - INFO - Completed generation 130; 1.4s elapsed, 1.8s avg, 2.4e+02s total. Expected time remaining: 1.3e+02s
2020-07-27 16:37:25,150 - root - INFO - #130 MAX:accuracy.mean: 0.91
2020-07-27 16:37:25,253 - root - DEBUG - Sampled weight [0.52623656 1.10939727 0.91841903 0.38442854 1.17219565]
2020-07-27 16:37:26,411 - root - DEBUG - Updating hall of fame
2020-07-27 16:37:27,406 - root - INFO - Completed generation 131; 2.2s elapsed, 1.8s avg, 2.4e+02s total. Expected time remaining: 1.3e+02s
2020-07-27 16:37:27,465 - root - INFO - #131 MAX:accuracy.mean: 0.93
2020-07-27 16:37:27,509 - root - DEBUG - Sampled weight [0.43520966 0.98777406 2.24946998 0.52269034 0.86509679]
2020-07-27 16:37:28,659 - root - DEBUG - Updating hall of fame
2020-07-27 16:37:29,065 - root - INFO - Completed generation 132; 1.6s elapsed, 1.8s avg, 2.4e+02s total. Expected time remaining: 1.2e+02s
2020-07-27 16:37:29,123 - root - INFO - #132 MAX:accuracy.mean: 0.94
2020-07-27 16:37:29,166 - root - DEBUG - Sampled weight [2.63470267 1.00862105 0.87154469 0.70232173 0.39881965]
2020-07-27 16:37:30,318 - root - DEBUG - Updating hall of fame
2020-07-27 16:37:31,123 - root - INFO - Completed generation 133; 2.0s elapsed, 1.8s avg, 2.4e+02s total. Expected time remaining: 1.2e+02s
2020-07-27 16:37:31,180 - root - INFO - #133 MAX:accuracy.mean: 0.91
2020-07-27 16:37:31,224 - root - DEBUG - Sampled weight [2.11243505 0.61782092 1.77457886 1.08922523 1.71424017]
2020-07-27 16:37:32,377 - root - DEBUG - Updating hall of fame
2020-07-27 16:37:32,995 - root - INFO - Completed generation 134; 1.8s elapsed, 1.8s avg, 2.5e+02s total. Expected time remaining: 1.2e+02s
2020-07-27 16:37:33,054 - root - INFO - #134 MAX:accuracy.mean: 0.93
2020-07-27 16:37:33,098 - root - DEBUG - Sampled weight [0.64096295 1.71679564 1.51937817 1.25054414 1.40859304]
2020-07-27 16:37:34,250 - root - DEBUG - Updating hall of fame
2020-07-27 16:37:35,449 - root - INFO - Completed generation 135; 2.4s elapsed, 1.8s avg, 2.5e+02s total. Expected time remaining: 1.2e+02s
2020-07-27 16:37:35,507 - root - INFO - #135 MAX:accuracy.mean: 0.94
2020-07-27 16:37:35,551 - root - DEBUG - Sampled weight [1.6650574  1.81076232 1.12963018 0.96945923 0.54595445]
2020-07-27 16:37:36,712 - root - DEBUG - Updating hall of fame
2020-07-27 16:37:37,316 - root - INFO - Completed generation 136; 1.8s elapsed, 1.8s avg, 2.5e+02s total. Expected time remaining: 1.2e+02s
2020-07-27 16:37:37,373 - root - INFO - #136 MAX:accuracy.mean: 0.93
2020-07-27 16:37:37,419 - root - DEBUG - Sampled weight [1.69158952 0.57636193 1.47357184 1.65771514 1.68272808]
2020-07-27 16:37:38,577 - root - DEBUG - Updating hall of fame
2020-07-27 16:37:38,984 - root - INFO - Completed generation 137; 1.6s elapsed, 1.8s avg, 2.5e+02s total. Expected time remaining: 1.2e+02s
2020-07-27 16:37:39,041 - root - INFO - #137 MAX:accuracy.mean: 0.95
2020-07-27 16:37:39,086 - root - DEBUG - Sampled weight [1.44444765 0.39376495 1.14854514 1.89041215 1.45284944]
2020-07-27 16:37:40,237 - root - DEBUG - Updating hall of fame
2020-07-27 16:37:41,221 - root - INFO - Completed generation 138; 2.2s elapsed, 1.8s avg, 2.5e+02s total. Expected time remaining: 1.1e+02s
2020-07-27 16:37:41,279 - root - INFO - #138 MAX:accuracy.mean: 0.91
2020-07-27 16:37:41,323 - root - DEBUG - Sampled weight [1.68964796 0.84154953 0.31303982 1.92314673 0.87218408]
2020-07-27 16:37:42,469 - root - DEBUG - Updating hall of fame
2020-07-27 16:37:43,249 - root - INFO - Completed generation 139; 2.0s elapsed, 1.8s avg, 2.6e+02s total. Expected time remaining: 1.1e+02s
2020-07-27 16:37:43,308 - root - INFO - #139 MAX:accuracy.mean: 0.93
2020-07-27 16:37:43,352 - root - DEBUG - Sampled weight [1.97995598 2.03982969 1.05259728 1.1153214  0.95716922]
2020-07-27 16:37:44,522 - root - DEBUG - Updating hall of fame
2020-07-27 16:37:45,343 - root - INFO - Completed generation 140; 2.0s elapsed, 1.8s avg, 2.6e+02s total. Expected time remaining: 1.1e+02s
2020-07-27 16:37:45,401 - root - INFO - #140 MAX:accuracy.mean: 0.9
2020-07-27 16:37:45,504 - root - DEBUG - Sampled weight [0.88351456 1.26599255 0.7325129  1.13345713 0.71532901]
2020-07-27 16:37:46,678 - root - DEBUG - Updating hall of fame
2020-07-27 16:37:47,681 - root - INFO - Completed generation 141; 2.2s elapsed, 1.8s avg, 2.6e+02s total. Expected time remaining: 1.1e+02s
2020-07-27 16:37:47,738 - root - INFO - #141 MAX:accuracy.mean: 0.86
2020-07-27 16:37:47,782 - root - DEBUG - Sampled weight [1.08294586 1.19350759 1.05511865 3.3785616  0.57187328]
2020-07-27 16:37:48,951 - root - DEBUG - Updating hall of fame
2020-07-27 16:37:48,952 - root - INFO - Completed generation 142; 1.2s elapsed, 1.8s avg, 2.6e+02s total. Expected time remaining: 1.1e+02s
2020-07-27 16:37:49,009 - root - INFO - #142 MAX:accuracy.mean: 0.87
2020-07-27 16:37:49,054 - root - DEBUG - Sampled weight [0.71955595 1.26683104 1.5457979  0.93653706 1.58182833]
2020-07-27 16:37:50,225 - root - DEBUG - Updating hall of fame
2020-07-27 16:37:51,027 - root - INFO - Completed generation 143; 2.0s elapsed, 1.8s avg, 2.6e+02s total. Expected time remaining: 1e+02s
2020-07-27 16:37:51,085 - root - INFO - #143 MAX:accuracy.mean: 0.94
2020-07-27 16:37:51,128 - root - DEBUG - Sampled weight [0.72783578 1.0960683  1.413402   0.59214958 0.60967886]
2020-07-27 16:37:52,263 - root - DEBUG - Updating hall of fame
2020-07-27 16:37:53,244 - root - INFO - Completed generation 144; 2.2s elapsed, 1.8s avg, 2.7e+02s total. Expected time remaining: 1e+02s
2020-07-27 16:37:53,302 - root - INFO - #144 MAX:accuracy.mean: 0.94
2020-07-27 16:37:53,347 - root - DEBUG - Sampled weight [1.05938581 1.09087091 1.18302762 1.37686484 2.55887478]
2020-07-27 16:37:54,481 - root - DEBUG - Updating hall of fame
2020-07-27 16:37:54,870 - root - INFO - Completed generation 145; 1.6s elapsed, 1.8s avg, 2.7e+02s total. Expected time remaining: 1e+02s
2020-07-27 16:37:54,927 - root - INFO - #145 MAX:accuracy.mean: 0.9
2020-07-27 16:37:54,970 - root - DEBUG - Sampled weight [1.16387916 0.60106006 0.96992573 1.02132839 2.00459611]
2020-07-27 16:37:56,107 - root - DEBUG - Updating hall of fame
2020-07-27 16:37:57,297 - root - INFO - Completed generation 146; 2.4s elapsed, 1.8s avg, 2.7e+02s total. Expected time remaining: 1e+02s
2020-07-27 16:37:57,354 - root - INFO - #146 MAX:accuracy.mean: 0.91
2020-07-27 16:37:57,397 - root - DEBUG - Sampled weight [0.83824528 0.9965862  1.03867518 3.15548057 1.00199505]
2020-07-27 16:37:58,537 - root - DEBUG - Updating hall of fame
2020-07-27 16:37:59,139 - root - INFO - Completed generation 147; 1.8s elapsed, 1.8s avg, 2.7e+02s total. Expected time remaining: 9.8e+01s
2020-07-27 16:37:59,196 - root - INFO - #147 MAX:accuracy.mean: 0.88
2020-07-27 16:37:59,239 - root - DEBUG - Sampled weight [0.3924571  0.30976868 0.7221707  2.3809974  1.30993967]
2020-07-27 16:38:00,384 - root - DEBUG - Updating hall of fame
2020-07-27 16:38:00,575 - root - INFO - Completed generation 148; 1.4s elapsed, 1.8s avg, 2.7e+02s total. Expected time remaining: 9.6e+01s
2020-07-27 16:38:00,633 - root - INFO - #148 MAX:accuracy.mean: 0.87
2020-07-27 16:38:00,676 - root - DEBUG - Sampled weight [1.40727611 1.147294   0.42555831 1.20154888 1.5825416 ]
2020-07-27 16:38:01,820 - root - DEBUG - Updating hall of fame
2020-07-27 16:38:02,216 - root - INFO - Completed generation 149; 1.6s elapsed, 1.8s avg, 2.7e+02s total. Expected time remaining: 9.4e+01s
2020-07-27 16:38:02,275 - root - INFO - #149 MAX:accuracy.mean: 0.88
2020-07-27 16:38:02,319 - root - DEBUG - Sampled weight [1.06654712 1.47622221 1.48990863 2.40557794 0.48883343]
2020-07-27 16:38:03,501 - root - DEBUG - Updating hall of fame
2020-07-27 16:38:04,103 - root - INFO - Completed generation 150; 1.8s elapsed, 1.8s avg, 2.8e+02s total. Expected time remaining: 9.2e+01s
2020-07-27 16:38:04,161 - root - INFO - #150 MAX:accuracy.mean: 0.89
2020-07-27 16:38:04,266 - root - DEBUG - Sampled weight [0.57250136 1.14703641 0.64797749 0.6622878  1.65736047]
2020-07-27 16:38:05,453 - root - DEBUG - Updating hall of fame
2020-07-27 16:38:06,241 - root - INFO - Completed generation 151; 2.0s elapsed, 1.8s avg, 2.8e+02s total. Expected time remaining: 9e+01s
2020-07-27 16:38:06,299 - root - INFO - #151 MAX:accuracy.mean: 0.93
2020-07-27 16:38:06,344 - root - DEBUG - Sampled weight [0.739169   0.71851359 1.17071753 1.34409554 1.34255344]
2020-07-27 16:38:07,527 - root - DEBUG - Updating hall of fame
2020-07-27 16:38:07,954 - root - INFO - Completed generation 152; 1.7s elapsed, 1.8s avg, 2.8e+02s total. Expected time remaining: 8.8e+01s
2020-07-27 16:38:08,013 - root - INFO - #152 MAX:accuracy.mean: 0.91
2020-07-27 16:38:08,059 - root - DEBUG - Sampled weight [0.90815438 0.9298334  2.65848632 1.03817082 1.4302453 ]
2020-07-27 16:38:09,229 - root - DEBUG - Updating hall of fame
2020-07-27 16:38:09,850 - root - INFO - Completed generation 153; 1.8s elapsed, 1.8s avg, 2.8e+02s total. Expected time remaining: 8.6e+01s
2020-07-27 16:38:09,909 - root - INFO - #153 MAX:accuracy.mean: 0.9
2020-07-27 16:38:09,952 - root - DEBUG - Sampled weight [1.05074147 0.81486663 0.54692211 1.10922166 0.47828691]
2020-07-27 16:38:11,135 - root - DEBUG - Updating hall of fame
2020-07-27 16:38:11,543 - root - INFO - Completed generation 154; 1.6s elapsed, 1.8s avg, 2.8e+02s total. Expected time remaining: 8.5e+01s
2020-07-27 16:38:11,602 - root - INFO - #154 MAX:accuracy.mean: 0.91
2020-07-27 16:38:11,647 - root - DEBUG - Sampled weight [1.09261062 1.94309011 1.00485762 2.97567265 1.35164225]
2020-07-27 16:38:12,824 - root - DEBUG - Updating hall of fame
2020-07-27 16:38:13,246 - root - INFO - Completed generation 155; 1.6s elapsed, 1.8s avg, 2.8e+02s total. Expected time remaining: 8.3e+01s
2020-07-27 16:38:13,304 - root - INFO - #155 MAX:accuracy.mean: 0.88
2020-07-27 16:38:13,347 - root - DEBUG - Sampled weight [0.89198566 0.97652418 1.2214432  0.99507794 0.76741783]
2020-07-27 16:38:14,520 - root - DEBUG - Updating hall of fame
2020-07-27 16:38:15,335 - root - INFO - Completed generation 156; 2.0s elapsed, 1.8s avg, 2.9e+02s total. Expected time remaining: 8.1e+01s
2020-07-27 16:38:15,393 - root - INFO - #156 MAX:accuracy.mean: 0.95
2020-07-27 16:38:15,438 - root - DEBUG - Sampled weight [0.32585043 2.96745697 0.99962114 1.41880781 3.46080575]
2020-07-27 16:38:16,615 - root - DEBUG - Updating hall of fame
2020-07-27 16:38:17,037 - root - INFO - Completed generation 157; 1.6s elapsed, 1.8s avg, 2.9e+02s total. Expected time remaining: 7.9e+01s
2020-07-27 16:38:17,096 - root - INFO - #157 MAX:accuracy.mean: 0.91
2020-07-27 16:38:17,141 - root - DEBUG - Sampled weight [0.64187006 1.67952836 1.62232722 0.68044717 1.61508359]
2020-07-27 16:38:18,304 - root - DEBUG - Updating hall of fame
2020-07-27 16:38:18,892 - root - INFO - Completed generation 158; 1.8s elapsed, 1.8s avg, 2.9e+02s total. Expected time remaining: 7.7e+01s
2020-07-27 16:38:18,951 - root - INFO - #158 MAX:accuracy.mean: 0.93
2020-07-27 16:38:18,995 - root - DEBUG - Sampled weight [0.96373593 1.48470268 0.62661189 1.0639664  2.20413954]
2020-07-27 16:38:20,153 - root - DEBUG - Updating hall of fame
2020-07-27 16:38:20,561 - root - INFO - Completed generation 159; 1.6s elapsed, 1.8s avg, 2.9e+02s total. Expected time remaining: 7.5e+01s
2020-07-27 16:38:20,618 - root - INFO - #159 MAX:accuracy.mean: 0.88
2020-07-27 16:38:20,662 - root - DEBUG - Sampled weight [1.07951531 0.96009666 1.77913308 1.33338508 1.62845681]
2020-07-27 16:38:21,807 - root - DEBUG - Updating hall of fame
2020-07-27 16:38:22,195 - root - INFO - Completed generation 160; 1.6s elapsed, 1.8s avg, 2.9e+02s total. Expected time remaining: 7.3e+01s
2020-07-27 16:38:22,252 - root - INFO - #160 MAX:accuracy.mean: 0.92
2020-07-27 16:38:22,381 - root - DEBUG - Sampled weight [0.30229985 0.50330149 0.4285447  0.70321181 1.59993506]
2020-07-27 16:38:23,537 - root - DEBUG - Updating hall of fame
2020-07-27 16:38:24,126 - root - INFO - Completed generation 161; 1.8s elapsed, 1.8s avg, 3e+02s total. Expected time remaining: 7.1e+01s
2020-07-27 16:38:24,183 - root - INFO - #161 MAX:accuracy.mean: 0.94
2020-07-27 16:38:24,227 - root - DEBUG - Sampled weight [1.00787098 0.84876943 1.01283755 0.78799512 0.50683439]
2020-07-27 16:38:25,369 - root - DEBUG - Updating hall of fame
2020-07-27 16:38:25,561 - root - INFO - Completed generation 162; 1.4s elapsed, 1.8s avg, 3e+02s total. Expected time remaining: 7e+01s
2020-07-27 16:38:25,617 - root - INFO - #162 MAX:accuracy.mean: 0.95
2020-07-27 16:38:25,659 - root - DEBUG - Sampled weight [1.15143748 1.55753051 2.0706055  1.75377781 0.78261065]
2020-07-27 16:38:26,786 - root - DEBUG - Updating hall of fame
2020-07-27 16:38:26,786 - root - INFO - Completed generation 163; 1.2s elapsed, 1.8s avg, 3e+02s total. Expected time remaining: 6.8e+01s
2020-07-27 16:38:26,840 - root - INFO - #163 MAX:accuracy.mean: 0.91
2020-07-27 16:38:26,881 - root - DEBUG - Sampled weight [1.96407674 3.02861911 1.20546099 0.61058092 0.50414951]
2020-07-27 16:38:27,978 - root - DEBUG - Updating hall of fame
2020-07-27 16:38:28,763 - root - INFO - Completed generation 164; 1.9s elapsed, 1.8s avg, 3e+02s total. Expected time remaining: 6.6e+01s
2020-07-27 16:38:28,817 - root - INFO - #164 MAX:accuracy.mean: 0.85
2020-07-27 16:38:28,859 - root - DEBUG - Sampled weight [0.69727284 1.1600307  0.94101378 0.74802263 0.76475015]
2020-07-27 16:38:29,959 - root - DEBUG - Updating hall of fame
2020-07-27 16:38:30,526 - root - INFO - Completed generation 165; 1.7s elapsed, 1.8s avg, 3e+02s total. Expected time remaining: 6.4e+01s
2020-07-27 16:38:30,580 - root - INFO - #165 MAX:accuracy.mean: 0.92
2020-07-27 16:38:30,621 - root - DEBUG - Sampled weight [2.93372766 0.98358124 0.91279278 1.5962546  0.13023608]
2020-07-27 16:38:31,739 - root - DEBUG - Updating hall of fame
2020-07-27 16:38:31,940 - root - INFO - Completed generation 166; 1.4s elapsed, 1.8s avg, 3e+02s total. Expected time remaining: 6.2e+01s
2020-07-27 16:38:31,994 - root - INFO - #166 MAX:accuracy.mean: 0.86
2020-07-27 16:38:32,035 - root - DEBUG - Sampled weight [1.62540811 1.22684992 0.4248152  0.80618501 1.17660692]
2020-07-27 16:38:33,158 - root - DEBUG - Updating hall of fame
2020-07-27 16:38:33,537 - root - INFO - Completed generation 167; 1.5s elapsed, 1.8s avg, 3e+02s total. Expected time remaining: 6e+01s
2020-07-27 16:38:33,591 - root - INFO - #167 MAX:accuracy.mean: 0.87
2020-07-27 16:38:33,634 - root - DEBUG - Sampled weight [1.60835266 1.9471076  0.79867283 0.61133389 1.59345815]
2020-07-27 16:38:34,749 - root - DEBUG - Updating hall of fame
2020-07-27 16:38:35,532 - root - INFO - Completed generation 168; 1.9s elapsed, 1.8s avg, 3.1e+02s total. Expected time remaining: 5.8e+01s
2020-07-27 16:38:35,585 - root - INFO - #168 MAX:accuracy.mean: 0.94
2020-07-27 16:38:35,627 - root - DEBUG - Sampled weight [1.11622238 0.51168855 0.6101848  0.9399334  1.31482716]
2020-07-27 16:38:36,723 - root - DEBUG - Updating hall of fame
2020-07-27 16:38:37,480 - root - INFO - Completed generation 169; 1.9s elapsed, 1.8s avg, 3.1e+02s total. Expected time remaining: 5.6e+01s
2020-07-27 16:38:37,534 - root - INFO - #169 MAX:accuracy.mean: 0.94
2020-07-27 16:38:37,576 - root - DEBUG - Sampled weight [0.73672231 2.52798338 0.72647404 0.65937095 0.81098141]
2020-07-27 16:38:38,680 - root - DEBUG - Updating hall of fame
2020-07-27 16:38:38,863 - root - INFO - Completed generation 170; 1.3s elapsed, 1.8s avg, 3.1e+02s total. Expected time remaining: 5.5e+01s
2020-07-27 16:38:38,917 - root - INFO - #170 MAX:accuracy.mean: 0.89
2020-07-27 16:38:39,042 - root - DEBUG - Sampled weight [2.21459742 0.58093948 1.24769964 0.63348816 0.83692651]
2020-07-27 16:38:40,139 - root - DEBUG - Updating hall of fame
2020-07-27 16:38:40,512 - root - INFO - Completed generation 171; 1.5s elapsed, 1.8s avg, 3.1e+02s total. Expected time remaining: 5.3e+01s
2020-07-27 16:38:40,566 - root - INFO - #171 MAX:accuracy.mean: 0.85
2020-07-27 16:38:40,607 - root - DEBUG - Sampled weight [1.67429331 0.28431726 1.52319808 0.87079577 0.41866933]
2020-07-27 16:38:41,713 - root - DEBUG - Updating hall of fame
2020-07-27 16:38:42,464 - root - INFO - Completed generation 172; 1.9s elapsed, 1.8s avg, 3.1e+02s total. Expected time remaining: 5.1e+01s
2020-07-27 16:38:42,519 - root - INFO - #172 MAX:accuracy.mean: 0.91
2020-07-27 16:38:42,560 - root - DEBUG - Sampled weight [1.18675933 0.8489397  1.20586369 0.56637834 1.34442379]
2020-07-27 16:38:43,658 - root - DEBUG - Updating hall of fame
2020-07-27 16:38:44,235 - root - INFO - Completed generation 173; 1.7s elapsed, 1.8s avg, 3.1e+02s total. Expected time remaining: 4.9e+01s
2020-07-27 16:38:44,289 - root - INFO - #173 MAX:accuracy.mean: 0.96
2020-07-27 16:38:44,330 - root - DEBUG - Sampled weight [2.06534404 0.72967144 1.11454538 0.99059041 0.82205526]
2020-07-27 16:38:45,433 - root - DEBUG - Updating hall of fame
2020-07-27 16:38:45,837 - root - INFO - Completed generation 174; 1.5s elapsed, 1.8s avg, 3.2e+02s total. Expected time remaining: 4.7e+01s
2020-07-27 16:38:45,891 - root - INFO - #174 MAX:accuracy.mean: 0.91
2020-07-27 16:38:45,932 - root - DEBUG - Sampled weight [0.7465144  0.44848044 1.49806108 0.90735977 0.35803378]
2020-07-27 16:38:47,043 - root - DEBUG - Updating hall of fame
2020-07-27 16:38:47,418 - root - INFO - Completed generation 175; 1.5s elapsed, 1.8s avg, 3.2e+02s total. Expected time remaining: 4.5e+01s
2020-07-27 16:38:47,472 - root - INFO - #175 MAX:accuracy.mean: 0.93
2020-07-27 16:38:47,514 - root - DEBUG - Sampled weight [1.24162879 0.55844795 1.03957006 0.69670299 2.42215576]
2020-07-27 16:38:48,618 - root - DEBUG - Updating hall of fame
2020-07-27 16:38:48,807 - root - INFO - Completed generation 176; 1.3s elapsed, 1.8s avg, 3.2e+02s total. Expected time remaining: 4.3e+01s
2020-07-27 16:38:48,860 - root - INFO - #176 MAX:accuracy.mean: 0.82
2020-07-27 16:38:48,902 - root - DEBUG - Sampled weight [0.27658927 0.90640591 1.29018035 1.28450405 0.45642501]
2020-07-27 16:38:49,999 - root - DEBUG - Updating hall of fame
2020-07-27 16:38:50,190 - root - INFO - Completed generation 177; 1.3s elapsed, 1.8s avg, 3.2e+02s total. Expected time remaining: 4.2e+01s
2020-07-27 16:38:50,243 - root - INFO - #177 MAX:accuracy.mean: 0.82
2020-07-27 16:38:50,284 - root - DEBUG - Sampled weight [0.32546768 1.45110008 1.06410247 1.24458681 0.94341723]
2020-07-27 16:38:51,375 - root - DEBUG - Updating hall of fame
2020-07-27 16:38:51,559 - root - INFO - Completed generation 178; 1.3s elapsed, 1.8s avg, 3.2e+02s total. Expected time remaining: 4e+01s
2020-07-27 16:38:51,614 - root - INFO - #178 MAX:accuracy.mean: 0.87
2020-07-27 16:38:51,656 - root - DEBUG - Sampled weight [0.54210228 0.79435974 0.47637606 0.73919956 0.4225051 ]
2020-07-27 16:38:52,768 - root - DEBUG - Updating hall of fame
2020-07-27 16:38:53,156 - root - INFO - Completed generation 179; 1.5s elapsed, 1.8s avg, 3.2e+02s total. Expected time remaining: 3.8e+01s
2020-07-27 16:38:53,210 - root - INFO - #179 MAX:accuracy.mean: 0.82
2020-07-27 16:38:53,252 - root - DEBUG - Sampled weight [1.91879573 1.47087903 0.72311094 1.96882805 1.19754482]
2020-07-27 16:38:54,356 - root - DEBUG - Updating hall of fame
2020-07-27 16:38:54,541 - root - INFO - Completed generation 180; 1.3s elapsed, 1.8s avg, 3.2e+02s total. Expected time remaining: 3.6e+01s
2020-07-27 16:38:54,594 - root - INFO - #180 MAX:accuracy.mean: 0.86
2020-07-27 16:38:54,750 - root - DEBUG - Sampled weight [0.87805818 0.60305083 0.44708093 0.52498501 1.14304925]
2020-07-27 16:38:55,870 - root - DEBUG - Updating hall of fame
2020-07-27 16:38:56,833 - root - INFO - Completed generation 181; 2.1s elapsed, 1.8s avg, 3.3e+02s total. Expected time remaining: 3.4e+01s
2020-07-27 16:38:56,887 - root - INFO - #181 MAX:accuracy.mean: 0.85
2020-07-27 16:38:56,928 - root - DEBUG - Sampled weight [1.01474061 1.00905748 0.62449023 1.78085096 0.69008885]
2020-07-27 16:38:58,051 - root - DEBUG - Updating hall of fame
2020-07-27 16:38:58,255 - root - INFO - Completed generation 182; 1.4s elapsed, 1.8s avg, 3.3e+02s total. Expected time remaining: 3.2e+01s
2020-07-27 16:38:58,310 - root - INFO - #182 MAX:accuracy.mean: 0.9
2020-07-27 16:38:58,351 - root - DEBUG - Sampled weight [1.13451524 1.03516911 0.65964206 0.7760954  1.13685907]
2020-07-27 16:38:59,474 - root - DEBUG - Updating hall of fame
2020-07-27 16:39:00,482 - root - INFO - Completed generation 183; 2.2s elapsed, 1.8s avg, 3.3e+02s total. Expected time remaining: 3.1e+01s
2020-07-27 16:39:00,536 - root - INFO - #183 MAX:accuracy.mean: 0.92
2020-07-27 16:39:00,578 - root - DEBUG - Sampled weight [3.0700787  0.81862192 1.37419268 1.61814495 2.88835568]
2020-07-27 16:39:01,723 - root - DEBUG - Updating hall of fame
2020-07-27 16:39:02,327 - root - INFO - Completed generation 184; 1.8s elapsed, 1.8s avg, 3.3e+02s total. Expected time remaining: 2.9e+01s
2020-07-27 16:39:02,381 - root - INFO - #184 MAX:accuracy.mean: 0.83
2020-07-27 16:39:02,423 - root - DEBUG - Sampled weight [2.16848078 0.50806602 0.76376776 0.79335694 0.97689128]
2020-07-27 16:39:03,522 - root - DEBUG - Updating hall of fame
2020-07-27 16:39:04,309 - root - INFO - Completed generation 185; 1.9s elapsed, 1.8s avg, 3.3e+02s total. Expected time remaining: 2.7e+01s
2020-07-27 16:39:04,366 - root - INFO - #185 MAX:accuracy.mean: 0.85
2020-07-27 16:39:04,409 - root - DEBUG - Sampled weight [1.34188523 1.50156588 1.07525255 0.96710714 0.70587552]
2020-07-27 16:39:05,558 - root - DEBUG - Updating hall of fame
2020-07-27 16:39:05,948 - root - INFO - Completed generation 186; 1.6s elapsed, 1.8s avg, 3.4e+02s total. Expected time remaining: 2.5e+01s
2020-07-27 16:39:06,002 - root - INFO - #186 MAX:accuracy.mean: 0.85
2020-07-27 16:39:06,043 - root - DEBUG - Sampled weight [0.5210826  0.65384728 0.61002116 0.87800373 1.94724255]
2020-07-27 16:39:07,143 - root - DEBUG - Updating hall of fame
2020-07-27 16:39:07,914 - root - INFO - Completed generation 187; 1.9s elapsed, 1.8s avg, 3.4e+02s total. Expected time remaining: 2.3e+01s
2020-07-27 16:39:07,968 - root - INFO - #187 MAX:accuracy.mean: 0.83
2020-07-27 16:39:08,009 - root - DEBUG - Sampled weight [1.34811891 0.73961574 0.50765471 0.74640773 0.6334318 ]
2020-07-27 16:39:09,127 - root - DEBUG - Updating hall of fame
2020-07-27 16:39:09,504 - root - INFO - Completed generation 188; 1.5s elapsed, 1.8s avg, 3.4e+02s total. Expected time remaining: 2.2e+01s
2020-07-27 16:39:09,558 - root - INFO - #188 MAX:accuracy.mean: 0.9
2020-07-27 16:39:09,599 - root - DEBUG - Sampled weight [0.92485621 0.72520991 0.78813634 0.85138444 1.17017342]
2020-07-27 16:39:10,722 - root - DEBUG - Updating hall of fame
2020-07-27 16:39:10,723 - root - INFO - Completed generation 189; 1.2s elapsed, 1.8s avg, 3.4e+02s total. Expected time remaining: 2e+01s
2020-07-27 16:39:10,777 - root - INFO - #189 MAX:accuracy.mean: 0.92
2020-07-27 16:39:10,818 - root - DEBUG - Sampled weight [1.01641626 0.86582953 0.99902487 0.66931253 0.43595996]
2020-07-27 16:39:11,931 - root - DEBUG - Updating hall of fame
2020-07-27 16:39:12,133 - root - INFO - Completed generation 190; 1.4s elapsed, 1.8s avg, 3.4e+02s total. Expected time remaining: 1.8e+01s
2020-07-27 16:39:12,186 - root - INFO - #190 MAX:accuracy.mean: 0.89
2020-07-27 16:39:12,296 - root - DEBUG - Sampled weight [1.76634674 0.94132814 2.27807114 1.24138018 0.5195926 ]
2020-07-27 16:39:13,408 - root - DEBUG - Updating hall of fame
2020-07-27 16:39:13,408 - root - INFO - Completed generation 191; 1.2s elapsed, 1.8s avg, 3.4e+02s total. Expected time remaining: 1.6e+01s
2020-07-27 16:39:13,461 - root - INFO - #191 MAX:accuracy.mean: 0.86
2020-07-27 16:39:13,502 - root - DEBUG - Sampled weight [1.74372786 0.68795429 1.29291764 1.72759304 1.27350907]
2020-07-27 16:39:14,623 - root - DEBUG - Updating hall of fame
2020-07-27 16:39:15,586 - root - INFO - Completed generation 192; 2.1s elapsed, 1.8s avg, 3.4e+02s total. Expected time remaining: 1.4e+01s
2020-07-27 16:39:15,640 - root - INFO - #192 MAX:accuracy.mean: 0.93
2020-07-27 16:39:15,682 - root - DEBUG - Sampled weight [0.54881731 1.14310252 0.5700874  1.40717314 1.94061343]
2020-07-27 16:39:16,800 - root - DEBUG - Updating hall of fame
2020-07-27 16:39:17,778 - root - INFO - Completed generation 193; 2.1s elapsed, 1.8s avg, 3.5e+02s total. Expected time remaining: 1.3e+01s
2020-07-27 16:39:17,832 - root - INFO - #193 MAX:accuracy.mean: 0.85
2020-07-27 16:39:17,874 - root - DEBUG - Sampled weight [2.06851772 1.41219895 0.34185348 1.22238352 0.71605744]
2020-07-27 16:39:19,000 - root - DEBUG - Updating hall of fame
2020-07-27 16:39:19,189 - root - INFO - Completed generation 194; 1.4s elapsed, 1.8s avg, 3.5e+02s total. Expected time remaining: 1.1e+01s
2020-07-27 16:39:19,243 - root - INFO - #194 MAX:accuracy.mean: 0.85
2020-07-27 16:39:19,286 - root - DEBUG - Sampled weight [1.03941078 0.3630827  1.94127294 0.97669136 0.70410826]
2020-07-27 16:39:20,412 - root - DEBUG - Updating hall of fame
2020-07-27 16:39:20,987 - root - INFO - Completed generation 195; 1.7s elapsed, 1.8s avg, 3.5e+02s total. Expected time remaining: 9.0s
2020-07-27 16:39:21,040 - root - INFO - #195 MAX:accuracy.mean: 0.86
2020-07-27 16:39:21,082 - root - DEBUG - Sampled weight [1.07377694 1.48468239 1.90238152 0.56760871 0.54543077]
2020-07-27 16:39:22,223 - root - DEBUG - Updating hall of fame
2020-07-27 16:39:22,429 - root - INFO - Completed generation 196; 1.4s elapsed, 1.8s avg, 3.5e+02s total. Expected time remaining: 7.2s
2020-07-27 16:39:22,482 - root - INFO - #196 MAX:accuracy.mean: 0.86
2020-07-27 16:39:22,527 - root - DEBUG - Sampled weight [0.46918496 2.27983491 1.00108347 0.88479809 2.01317866]
2020-07-27 16:39:23,674 - root - DEBUG - Updating hall of fame
2020-07-27 16:39:24,081 - root - INFO - Completed generation 197; 1.6s elapsed, 1.8s avg, 3.5e+02s total. Expected time remaining: 5.4s
2020-07-27 16:39:24,136 - root - INFO - #197 MAX:accuracy.mean: 0.88
2020-07-27 16:39:24,179 - root - DEBUG - Sampled weight [0.3700569  1.36389276 1.15792172 0.65109295 0.49959849]
2020-07-27 16:39:25,314 - root - DEBUG - Updating hall of fame
2020-07-27 16:39:26,115 - root - INFO - Completed generation 198; 2.0s elapsed, 1.8s avg, 3.5e+02s total. Expected time remaining: 3.6s
2020-07-27 16:39:26,169 - root - INFO - #198 MAX:accuracy.mean: 0.89
2020-07-27 16:39:26,212 - root - DEBUG - Sampled weight [1.05350194 2.45770779 0.51383607 1.02427965 1.08937282]
2020-07-27 16:39:27,326 - root - DEBUG - Updating hall of fame
2020-07-27 16:39:27,692 - root - INFO - Completed generation 199; 1.5s elapsed, 1.8s avg, 3.6e+02s total. Expected time remaining: 1.8s
2020-07-27 16:39:27,746 - root - INFO - #199 MAX:accuracy.mean: 0.86
2020-07-27 16:39:27,788 - root - DEBUG - Sampled weight [0.94989901 0.41869779 1.5655372  0.47404214 0.91558965]
2020-07-27 16:39:28,933 - root - DEBUG - Updating hall of fame
2020-07-27 16:39:29,711 - root - INFO - Completed generation 200; 2.0s elapsed, 1.8s avg, 3.6e+02s total. Expected time remaining: 0.0s
2020-07-27 16:39:29,764 - root - INFO - #200 MAX:accuracy.mean: 0.85
2020-07-27 16:39:29,925 - root - DEBUG - Loaded 150 samples.
2020-07-27 16:39:29,929 - root - INFO - Evaluating indivs in hall of fame.
2020-07-27 16:39:31,921 - root - INFO - Completed excution.
