2020-07-27 21:07:10,733 - root - INFO - Package version 0.1.1
2020-07-27 21:07:10,734 - root - INFO - Saving data at /vol/fob-vol1/mi15/plonerma/Lab/rewann/data/2020-07-27_Iris [1, 2, 3, 4, 7, 9, 10]; lognormal 0,0.5; signed: False_000.
2020-07-27 21:07:10,734 - root - DEBUG - Loading training dataset
2020-07-27 21:07:10,823 - root - DEBUG - Loaded 150 samples.
2020-07-27 21:07:10,824 - root - DEBUG - Running experiments with the following parameters:
debug = true
experiment_name = "Iris [1, 2, 3, 4, 7, 9, 10]; lognormal 0,0.5; signed: False"
experiment_path = "data/2020-07-27_Iris [1, 2, 3, 4, 7, 9, 10]; lognormal 0,0.5; signed: False_000"

[config]
num_workers = 1
debug = true
backend = "numpy"

[postopt]
run_postopt = true
compile_report = false
num_weights = 100
num_samples = -1

[sampling]
seed = 0
post_init_seed = false
distribution = "lognormal"
lower_bound = -2
upper_bound = 2
mean = 0
sigma = 0.5
num_weights_per_iteration = 5
num_samples_per_iteration = -1
hof_evaluation_iterations = 20

[task]
name = "iris"
sample_order_seed = 0
test_portion = 0.2
sample_length = 10
num_categories = 8

[storage]
data_base_path = "data"
log_filename = "execution.log"
commit_elite_freq = -1
commit_metrics_freq = 10

[population]
num_generations = 200
size = 100
initial_enabled_edge_prob = 0.05
initial_genes = "full"
hof_size = 10
enable_edge_signs = false
enabled_activation_funcs = [ 1, 2, 3, 4, 7, 9, 10,]

[selection]
use_tournaments = true
elite_ratio = 0.1
culling_ratio = 0.2
tournament_size = 5
objectives = [ "-log_loss.min", "-log_loss.mean", "-n_hidden",]
recorded_metrics = [ "accuracy", "kappa", "log_loss",]
hof_metric = "accuracy.mean"

[mutation.new_edge]
probability = 0.2
strategy = "layer_agnostic"
propability = 0.2

[mutation.new_node]
probability = 0.25
propability = 0.3

[mutation.reenable_edge]
probability = 0.05
propability = 0.1

[mutation.change_activation]
probability = 0.5
propability = 0.4

[mutation.change_edge_sign]
probability = 0.2

[mutation.new_recurrent_edge]
probability = 0.2
strategy = "any"

2020-07-27 21:07:10,913 - root - INFO - Starting evolutionary algorithm
2020-07-27 21:07:10,938 - root - DEBUG - Sampled weight [1.8417063  0.90808171 0.98347836 0.46514702 1.10887419]
2020-07-27 21:07:12,151 - root - DEBUG - Updating hall of fame
2020-07-27 21:07:14,115 - root - INFO - Completed generation 1; 3.2s elapsed, 3.2s avg, 3.2s total. Expected time remaining: 6.4e+02s
2020-07-27 21:07:14,178 - root - INFO - #1 MAX:accuracy.mean: 0.67
2020-07-27 21:07:14,220 - root - DEBUG - Sampled weight [0.43561745 0.9023585  0.54818185 2.16336566 0.54472831]
2020-07-27 21:07:15,295 - root - DEBUG - Updating hall of fame
2020-07-27 21:07:17,161 - root - INFO - Completed generation 2; 3.0s elapsed, 3.1s avg, 6.2s total. Expected time remaining: 6.1e+02s
2020-07-27 21:07:17,217 - root - INFO - #2 MAX:accuracy.mean: 0.67
2020-07-27 21:07:17,259 - root - DEBUG - Sampled weight [0.89656821 1.86013601 0.92501161 0.69102132 0.97106381]
2020-07-27 21:07:18,341 - root - DEBUG - Updating hall of fame
2020-07-27 21:07:20,230 - root - INFO - Completed generation 3; 3.0s elapsed, 3.1s avg, 9.2s total. Expected time remaining: 6e+02s
2020-07-27 21:07:20,286 - root - INFO - #3 MAX:accuracy.mean: 0.67
2020-07-27 21:07:20,329 - root - DEBUG - Sampled weight [1.56530955 1.1969277  1.70827155 1.46747151 0.69078419]
2020-07-27 21:07:21,414 - root - DEBUG - Updating hall of fame
2020-07-27 21:07:27,468 - root - INFO - Completed generation 4; 7.2s elapsed, 4.1s avg, 1.6e+01s total. Expected time remaining: 8e+02s
2020-07-27 21:07:27,524 - root - INFO - #4 MAX:accuracy.mean: 0.66
2020-07-27 21:07:27,565 - root - DEBUG - Sampled weight [0.96278583 2.21469749 1.30175635 1.12489679 0.29867008]
2020-07-27 21:07:28,646 - root - DEBUG - Updating hall of fame
2020-07-27 21:07:30,367 - root - INFO - Completed generation 5; 2.8s elapsed, 3.8s avg, 1.9e+01s total. Expected time remaining: 7.5e+02s
2020-07-27 21:07:30,423 - root - INFO - #5 MAX:accuracy.mean: 0.64
2020-07-27 21:07:30,465 - root - DEBUG - Sampled weight [1.21896082 3.67849139 0.9196441  0.95646779 1.1596513 ]
2020-07-27 21:07:31,549 - root - DEBUG - Updating hall of fame
2020-07-27 21:07:33,087 - root - INFO - Completed generation 6; 2.7s elapsed, 3.6s avg, 2.2e+01s total. Expected time remaining: 7.1e+02s
2020-07-27 21:07:33,144 - root - INFO - #6 MAX:accuracy.mean: 0.85
2020-07-27 21:07:33,185 - root - DEBUG - Sampled weight [0.83319822 1.58568815 1.25534692 1.74238556 0.65244858]
2020-07-27 21:07:34,268 - root - DEBUG - Updating hall of fame
2020-07-27 21:07:35,437 - root - INFO - Completed generation 7; 2.3s elapsed, 3.5s avg, 2.4e+01s total. Expected time remaining: 6.7e+02s
2020-07-27 21:07:35,493 - root - INFO - #7 MAX:accuracy.mean: 0.76
2020-07-27 21:07:35,535 - root - DEBUG - Sampled weight [1.12033588 0.53890385 1.45230278 1.15432397 2.51292939]
2020-07-27 21:07:36,613 - root - DEBUG - Updating hall of fame
2020-07-27 21:07:38,338 - root - INFO - Completed generation 8; 2.8s elapsed, 3.4s avg, 2.7e+01s total. Expected time remaining: 6.5e+02s
2020-07-27 21:07:38,394 - root - INFO - #8 MAX:accuracy.mean: 0.76
2020-07-27 21:07:38,436 - root - DEBUG - Sampled weight [0.5850544  0.92419166 1.89472028 1.15222516 0.67242866]
2020-07-27 21:07:39,522 - root - DEBUG - Updating hall of fame
2020-07-27 21:07:40,870 - root - INFO - Completed generation 9; 2.5s elapsed, 3.3s avg, 2.9e+01s total. Expected time remaining: 6.3e+02s
2020-07-27 21:07:40,926 - root - INFO - #9 MAX:accuracy.mean: 0.79
2020-07-27 21:07:40,967 - root - DEBUG - Sampled weight [1.44670675 1.05303409 0.86323857 1.18268285 2.68253659]
2020-07-27 21:07:42,064 - root - DEBUG - Updating hall of fame
2020-07-27 21:07:43,211 - root - INFO - Completed generation 10; 2.3s elapsed, 3.2s avg, 3.2e+01s total. Expected time remaining: 6e+02s
2020-07-27 21:07:43,268 - root - INFO - #10 MAX:accuracy.mean: 0.87
2020-07-27 21:07:43,371 - root - DEBUG - Sampled weight [0.44158833 0.82070252 1.64890525 1.22362672 0.36856739]
2020-07-27 21:07:44,466 - root - DEBUG - Updating hall of fame
2020-07-27 21:07:45,990 - root - INFO - Completed generation 11; 2.7s elapsed, 3.1s avg, 3.4e+01s total. Expected time remaining: 5.9e+02s
2020-07-27 21:07:46,047 - root - INFO - #11 MAX:accuracy.mean: 0.79
2020-07-27 21:07:46,088 - root - DEBUG - Sampled weight [0.96743905 0.87161479 1.91199503 0.54395006 1.61663874]
2020-07-27 21:07:47,185 - root - DEBUG - Updating hall of fame
2020-07-27 21:07:48,934 - root - INFO - Completed generation 12; 2.9s elapsed, 3.1s avg, 3.7e+01s total. Expected time remaining: 5.8e+02s
2020-07-27 21:07:48,989 - root - INFO - #12 MAX:accuracy.mean: 0.79
2020-07-27 21:07:49,031 - root - DEBUG - Sampled weight [3.03426404 0.68797773 2.26050589 1.39714349 1.79872738]
2020-07-27 21:07:50,132 - root - DEBUG - Updating hall of fame
2020-07-27 21:07:51,893 - root - INFO - Completed generation 13; 2.9s elapsed, 3.1s avg, 4e+01s total. Expected time remaining: 5.8e+02s
2020-07-27 21:07:55,140 - root - INFO - #13 MAX:accuracy.mean: 0.79
2020-07-27 21:07:55,191 - root - DEBUG - Sampled weight [1.08420907 1.33389479 0.63161451 0.69607645 0.61847881]
2020-07-27 21:07:56,358 - root - DEBUG - Updating hall of fame
2020-07-27 21:07:57,542 - root - INFO - Completed generation 14; 2.4s elapsed, 3.0s avg, 4.3e+01s total. Expected time remaining: 5.7e+02s
2020-07-27 21:07:57,598 - root - INFO - #14 MAX:accuracy.mean: 0.79
2020-07-27 21:07:57,639 - root - DEBUG - Sampled weight [1.23362843 0.87576996 0.53611468 1.09764105 0.70993745]
2020-07-27 21:07:58,731 - root - DEBUG - Updating hall of fame
2020-07-27 21:07:59,900 - root - INFO - Completed generation 15; 2.3s elapsed, 3.0s avg, 4.5e+01s total. Expected time remaining: 5.5e+02s
2020-07-27 21:07:59,956 - root - INFO - #15 MAX:accuracy.mean: 0.79
2020-07-27 21:07:59,997 - root - DEBUG - Sampled weight [0.75834266 0.90705105 1.11124197 0.72423265 1.99507849]
2020-07-27 21:08:01,088 - root - DEBUG - Updating hall of fame
2020-07-27 21:08:02,087 - root - INFO - Completed generation 16; 2.1s elapsed, 2.9s avg, 4.7e+01s total. Expected time remaining: 5.4e+02s
2020-07-27 21:08:02,144 - root - INFO - #16 MAX:accuracy.mean: 0.78
2020-07-27 21:08:02,185 - root - DEBUG - Sampled weight [0.77191311 0.72303662 0.61417058 0.86783805 0.83880465]
2020-07-27 21:08:03,274 - root - DEBUG - Updating hall of fame
2020-07-27 21:08:04,243 - root - INFO - Completed generation 17; 2.1s elapsed, 2.9s avg, 4.9e+01s total. Expected time remaining: 5.3e+02s
2020-07-27 21:08:04,299 - root - INFO - #17 MAX:accuracy.mean: 0.78
2020-07-27 21:08:04,340 - root - DEBUG - Sampled weight [0.74975986 0.90078107 2.44077048 0.50425005 1.27571909]
2020-07-27 21:08:05,426 - root - DEBUG - Updating hall of fame
2020-07-27 21:08:06,385 - root - INFO - Completed generation 18; 2.1s elapsed, 2.8s avg, 5.1e+01s total. Expected time remaining: 5.2e+02s
2020-07-27 21:08:06,441 - root - INFO - #18 MAX:accuracy.mean: 0.78
2020-07-27 21:08:06,483 - root - DEBUG - Sampled weight [1.1565914  0.87468054 0.79675682 1.46471972 0.52055671]
2020-07-27 21:08:07,578 - root - DEBUG - Updating hall of fame
2020-07-27 21:08:08,544 - root - INFO - Completed generation 19; 2.1s elapsed, 2.8s avg, 5.3e+01s total. Expected time remaining: 5.1e+02s
2020-07-27 21:08:08,600 - root - INFO - #19 MAX:accuracy.mean: 0.76
2020-07-27 21:08:08,642 - root - DEBUG - Sampled weight [0.99850566 1.12245092 0.91898071 0.71359271 0.51512792]
2020-07-27 21:08:09,734 - root - DEBUG - Updating hall of fame
2020-07-27 21:08:10,698 - root - INFO - Completed generation 20; 2.1s elapsed, 2.8s avg, 5.5e+01s total. Expected time remaining: 5e+02s
2020-07-27 21:08:10,754 - root - INFO - #20 MAX:accuracy.mean: 0.85
2020-07-27 21:08:10,840 - root - DEBUG - Sampled weight [0.72892835 0.58945568 0.77471647 0.7950814  0.96720025]
2020-07-27 21:08:11,933 - root - DEBUG - Updating hall of fame
2020-07-27 21:08:12,894 - root - INFO - Completed generation 21; 2.1s elapsed, 2.7s avg, 5.8e+01s total. Expected time remaining: 4.9e+02s
2020-07-27 21:08:12,950 - root - INFO - #21 MAX:accuracy.mean: 0.8
2020-07-27 21:08:12,992 - root - DEBUG - Sampled weight [0.65934061 1.12333683 1.05630763 0.6046563  1.05028173]
2020-07-27 21:08:14,090 - root - DEBUG - Updating hall of fame
2020-07-27 21:08:14,851 - root - INFO - Completed generation 22; 1.9s elapsed, 2.7s avg, 5.9e+01s total. Expected time remaining: 4.8e+02s
2020-07-27 21:08:14,907 - root - INFO - #22 MAX:accuracy.mean: 0.79
2020-07-27 21:08:14,948 - root - DEBUG - Sampled weight [1.461004   0.25366906 1.21334085 0.36545394 2.32404824]
2020-07-27 21:08:16,046 - root - DEBUG - Updating hall of fame
2020-07-27 21:08:16,628 - root - INFO - Completed generation 23; 1.7s elapsed, 2.7s avg, 6.1e+01s total. Expected time remaining: 4.7e+02s
2020-07-27 21:08:16,684 - root - INFO - #23 MAX:accuracy.mean: 0.75
2020-07-27 21:08:16,726 - root - DEBUG - Sampled weight [0.90989314 1.11266638 1.036717   1.20646334 0.82445589]
2020-07-27 21:08:17,831 - root - DEBUG - Updating hall of fame
2020-07-27 21:08:18,795 - root - INFO - Completed generation 24; 2.1s elapsed, 2.6s avg, 6.3e+01s total. Expected time remaining: 4.6e+02s
2020-07-27 21:08:18,851 - root - INFO - #24 MAX:accuracy.mean: 0.93
2020-07-27 21:08:18,893 - root - DEBUG - Sampled weight [0.48010491 1.36106051 1.30147827 1.00814408 2.33484246]
2020-07-27 21:08:19,985 - root - DEBUG - Updating hall of fame
2020-07-27 21:08:20,563 - root - INFO - Completed generation 25; 1.7s elapsed, 2.6s avg, 6.5e+01s total. Expected time remaining: 4.5e+02s
2020-07-27 21:08:20,619 - root - INFO - #25 MAX:accuracy.mean: 0.81
2020-07-27 21:08:20,659 - root - DEBUG - Sampled weight [1.58248685 0.92275893 0.78108169 0.55162759 0.71217182]
2020-07-27 21:08:21,760 - root - DEBUG - Updating hall of fame
2020-07-27 21:08:22,534 - root - INFO - Completed generation 26; 1.9s elapsed, 2.6s avg, 6.7e+01s total. Expected time remaining: 4.5e+02s
2020-07-27 21:08:25,766 - root - INFO - #26 MAX:accuracy.mean: 0.82
2020-07-27 21:08:25,817 - root - DEBUG - Sampled weight [0.99539886 0.66889694 1.05105762 0.59740318 1.71015745]
2020-07-27 21:08:27,007 - root - DEBUG - Updating hall of fame
2020-07-27 21:08:27,583 - root - INFO - Completed generation 27; 1.8s elapsed, 2.5s avg, 6.9e+01s total. Expected time remaining: 4.4e+02s
2020-07-27 21:08:27,639 - root - INFO - #27 MAX:accuracy.mean: 0.8
2020-07-27 21:08:27,680 - root - DEBUG - Sampled weight [0.46548858 1.24318541 1.5560966  0.90533084 0.69518204]
2020-07-27 21:08:28,773 - root - DEBUG - Updating hall of fame
2020-07-27 21:08:29,733 - root - INFO - Completed generation 28; 2.1s elapsed, 2.5s avg, 7.1e+01s total. Expected time remaining: 4.4e+02s
2020-07-27 21:08:29,789 - root - INFO - #28 MAX:accuracy.mean: 0.82
2020-07-27 21:08:29,829 - root - DEBUG - Sampled weight [0.9024479  0.5245127  0.81456838 2.29957062 0.89943635]
2020-07-27 21:08:30,925 - root - DEBUG - Updating hall of fame
2020-07-27 21:08:31,885 - root - INFO - Completed generation 29; 2.1s elapsed, 2.5s avg, 7.3e+01s total. Expected time remaining: 4.3e+02s
2020-07-27 21:08:31,942 - root - INFO - #29 MAX:accuracy.mean: 0.8
2020-07-27 21:08:31,984 - root - DEBUG - Sampled weight [3.02425218 0.74312079 1.16960889 1.04327392 0.91173972]
2020-07-27 21:08:33,080 - root - DEBUG - Updating hall of fame
2020-07-27 21:08:34,430 - root - INFO - Completed generation 30; 2.5s elapsed, 2.5s avg, 7.5e+01s total. Expected time remaining: 4.3e+02s
2020-07-27 21:08:34,486 - root - INFO - #30 MAX:accuracy.mean: 0.82
2020-07-27 21:08:40,894 - root - DEBUG - Sampled weight [0.51746079 1.11770743 0.70007871 0.74485837 1.3422343 ]
2020-07-27 21:08:42,082 - root - DEBUG - Updating hall of fame
2020-07-27 21:08:42,668 - root - INFO - Completed generation 31; 1.8s elapsed, 2.5s avg, 7.7e+01s total. Expected time remaining: 4.2e+02s
2020-07-27 21:08:42,724 - root - INFO - #31 MAX:accuracy.mean: 0.79
2020-07-27 21:08:42,766 - root - DEBUG - Sampled weight [4.15253966 2.14447579 2.99936741 1.3248041  1.57578525]
2020-07-27 21:08:43,867 - root - DEBUG - Updating hall of fame
2020-07-27 21:08:45,014 - root - INFO - Completed generation 32; 2.3s elapsed, 2.5s avg, 8e+01s total. Expected time remaining: 4.2e+02s
2020-07-27 21:08:45,070 - root - INFO - #32 MAX:accuracy.mean: 0.8
2020-07-27 21:08:45,112 - root - DEBUG - Sampled weight [0.96310976 1.12316308 1.32983877 3.68354576 2.20593934]
2020-07-27 21:08:46,226 - root - DEBUG - Updating hall of fame
2020-07-27 21:08:47,212 - root - INFO - Completed generation 33; 2.1s elapsed, 2.5s avg, 8.2e+01s total. Expected time remaining: 4.1e+02s
2020-07-27 21:08:47,268 - root - INFO - #33 MAX:accuracy.mean: 0.81
2020-07-27 21:08:47,309 - root - DEBUG - Sampled weight [0.47230587 0.7022344  1.19693635 1.77551969 2.04453215]
2020-07-27 21:08:48,415 - root - DEBUG - Updating hall of fame
2020-07-27 21:08:48,993 - root - INFO - Completed generation 34; 1.7s elapsed, 2.5s avg, 8.3e+01s total. Expected time remaining: 4.1e+02s
2020-07-27 21:08:49,049 - root - INFO - #34 MAX:accuracy.mean: 0.74
2020-07-27 21:08:49,092 - root - DEBUG - Sampled weight [1.08085545 0.52434534 1.71887194 0.3558653  0.86157315]
2020-07-27 21:08:50,209 - root - DEBUG - Updating hall of fame
2020-07-27 21:08:51,166 - root - INFO - Completed generation 35; 2.1s elapsed, 2.4s avg, 8.6e+01s total. Expected time remaining: 4e+02s
2020-07-27 21:08:51,223 - root - INFO - #35 MAX:accuracy.mean: 0.74
2020-07-27 21:08:51,264 - root - DEBUG - Sampled weight [0.94237711 0.74488653 0.71959972 0.72800595 2.06290996]
2020-07-27 21:08:52,373 - root - DEBUG - Updating hall of fame
2020-07-27 21:08:52,772 - root - INFO - Completed generation 36; 1.5s elapsed, 2.4s avg, 8.7e+01s total. Expected time remaining: 4e+02s
2020-07-27 21:08:52,829 - root - INFO - #36 MAX:accuracy.mean: 0.74
2020-07-27 21:08:52,870 - root - DEBUG - Sampled weight [1.06188483 0.69179059 0.98880195 1.98392417 0.97283235]
2020-07-27 21:08:53,982 - root - DEBUG - Updating hall of fame
2020-07-27 21:08:55,667 - root - INFO - Completed generation 37; 2.8s elapsed, 2.4s avg, 9e+01s total. Expected time remaining: 4e+02s
2020-07-27 21:08:55,735 - root - INFO - #37 MAX:accuracy.mean: 0.81
2020-07-27 21:08:55,786 - root - DEBUG - Sampled weight [1.9065649  0.73391892 0.55953077 0.82637166 0.43385553]
2020-07-27 21:08:56,927 - root - DEBUG - Updating hall of fame
2020-07-27 21:08:57,702 - root - INFO - Completed generation 38; 2.0s elapsed, 2.4s avg, 9.2e+01s total. Expected time remaining: 3.9e+02s
2020-07-27 21:08:57,859 - root - INFO - #38 MAX:accuracy.mean: 0.74
2020-07-27 21:08:57,903 - root - DEBUG - Sampled weight [1.14186964 0.88425557 0.88680011 1.1504685  1.37352941]
2020-07-27 21:08:59,016 - root - DEBUG - Updating hall of fame
2020-07-27 21:08:59,587 - root - INFO - Completed generation 39; 1.7s elapsed, 2.4s avg, 9.4e+01s total. Expected time remaining: 3.9e+02s
2020-07-27 21:08:59,644 - root - INFO - #39 MAX:accuracy.mean: 0.88
2020-07-27 21:08:59,685 - root - DEBUG - Sampled weight [0.48052577 1.07360243 0.69131638 0.71379875 0.2502339 ]
2020-07-27 21:09:00,790 - root - DEBUG - Updating hall of fame
2020-07-27 21:09:01,577 - root - INFO - Completed generation 40; 1.9s elapsed, 2.4s avg, 9.6e+01s total. Expected time remaining: 3.8e+02s
2020-07-27 21:09:01,634 - root - INFO - #40 MAX:accuracy.mean: 0.74
2020-07-27 21:09:04,517 - root - DEBUG - Sampled weight [1.09297388 1.64033991 2.1494164  0.59036836 0.75991864]
2020-07-27 21:09:05,784 - root - DEBUG - Updating hall of fame
2020-07-27 21:09:06,551 - root - INFO - Completed generation 41; 2.1s elapsed, 2.4s avg, 9.8e+01s total. Expected time remaining: 3.8e+02s
2020-07-27 21:09:06,607 - root - INFO - #41 MAX:accuracy.mean: 0.76
2020-07-27 21:09:06,650 - root - DEBUG - Sampled weight [1.26090031 0.64265589 1.10995459 0.50569114 0.75945847]
2020-07-27 21:09:07,762 - root - DEBUG - Updating hall of fame
2020-07-27 21:09:08,938 - root - INFO - Completed generation 42; 2.3s elapsed, 2.4s avg, 1e+02s total. Expected time remaining: 3.8e+02s
2020-07-27 21:09:08,994 - root - INFO - #42 MAX:accuracy.mean: 0.78
2020-07-27 21:09:09,037 - root - DEBUG - Sampled weight [1.86069319 0.82275572 0.46566451 0.54927164 1.53127283]
2020-07-27 21:09:10,151 - root - DEBUG - Updating hall of fame
2020-07-27 21:09:10,904 - root - INFO - Completed generation 43; 1.9s elapsed, 2.4s avg, 1e+02s total. Expected time remaining: 3.7e+02s
2020-07-27 21:09:10,960 - root - INFO - #43 MAX:accuracy.mean: 0.73
2020-07-27 21:09:11,003 - root - DEBUG - Sampled weight [1.19688461 0.86760355 1.96171029 0.76240143 0.97780512]
2020-07-27 21:09:12,119 - root - DEBUG - Updating hall of fame
2020-07-27 21:09:12,504 - root - INFO - Completed generation 44; 1.5s elapsed, 2.3s avg, 1e+02s total. Expected time remaining: 3.7e+02s
2020-07-27 21:09:12,560 - root - INFO - #44 MAX:accuracy.mean: 0.87
2020-07-27 21:09:12,602 - root - DEBUG - Sampled weight [1.70011388 0.55928936 1.123035   0.77175258 1.49437446]
2020-07-27 21:09:13,714 - root - DEBUG - Updating hall of fame
2020-07-27 21:09:14,863 - root - INFO - Completed generation 45; 2.3s elapsed, 2.3s avg, 1.1e+02s total. Expected time remaining: 3.6e+02s
2020-07-27 21:09:14,919 - root - INFO - #45 MAX:accuracy.mean: 0.79
2020-07-27 21:09:14,961 - root - DEBUG - Sampled weight [0.821735   1.16385181 1.26871502 0.47779051 0.44461173]
2020-07-27 21:09:16,072 - root - DEBUG - Updating hall of fame
2020-07-27 21:09:16,833 - root - INFO - Completed generation 46; 1.9s elapsed, 2.3s avg, 1.1e+02s total. Expected time remaining: 3.6e+02s
2020-07-27 21:09:16,890 - root - INFO - #46 MAX:accuracy.mean: 0.72
2020-07-27 21:09:16,934 - root - DEBUG - Sampled weight [1.33183584 1.53047217 1.56377216 1.18557235 0.41744847]
2020-07-27 21:09:18,052 - root - DEBUG - Updating hall of fame
2020-07-27 21:09:18,622 - root - INFO - Completed generation 47; 1.7s elapsed, 2.3s avg, 1.1e+02s total. Expected time remaining: 3.6e+02s
2020-07-27 21:09:18,678 - root - INFO - #47 MAX:accuracy.mean: 0.8
2020-07-27 21:09:18,720 - root - DEBUG - Sampled weight [0.65787473 0.26279428 1.18623238 0.79009982 0.78634564]
2020-07-27 21:09:19,843 - root - DEBUG - Updating hall of fame
2020-07-27 21:09:20,626 - root - INFO - Completed generation 48; 1.9s elapsed, 2.3s avg, 1.1e+02s total. Expected time remaining: 3.5e+02s
2020-07-27 21:09:20,682 - root - INFO - #48 MAX:accuracy.mean: 0.73
2020-07-27 21:09:20,725 - root - DEBUG - Sampled weight [0.26414559 1.83724761 0.58075386 2.14869225 0.67858181]
2020-07-27 21:09:21,847 - root - DEBUG - Updating hall of fame
2020-07-27 21:09:22,227 - root - INFO - Completed generation 49; 1.5s elapsed, 2.3s avg, 1.1e+02s total. Expected time remaining: 3.5e+02s
2020-07-27 21:09:22,283 - root - INFO - #49 MAX:accuracy.mean: 0.71
2020-07-27 21:09:22,325 - root - DEBUG - Sampled weight [1.21268089 0.65300897 0.8716517  0.38096075 0.99979893]
2020-07-27 21:09:23,442 - root - DEBUG - Updating hall of fame
2020-07-27 21:09:23,632 - root - INFO - Completed generation 50; 1.3s elapsed, 2.3s avg, 1.1e+02s total. Expected time remaining: 3.4e+02s
2020-07-27 21:09:23,687 - root - INFO - #50 MAX:accuracy.mean: 0.82
2020-07-27 21:09:27,063 - root - DEBUG - Sampled weight [0.78218087 0.96122301 2.01306588 1.0564567  0.40988996]
2020-07-27 21:09:28,416 - root - DEBUG - Updating hall of fame
2020-07-27 21:09:28,796 - root - INFO - Completed generation 51; 1.8s elapsed, 2.3s avg, 1.2e+02s total. Expected time remaining: 3.4e+02s
2020-07-27 21:09:28,852 - root - INFO - #51 MAX:accuracy.mean: 0.79
2020-07-27 21:09:28,893 - root - DEBUG - Sampled weight [0.51680741 0.63414925 0.50062831 0.85753954 0.92591593]
2020-07-27 21:09:30,000 - root - DEBUG - Updating hall of fame
2020-07-27 21:09:30,201 - root - INFO - Completed generation 52; 1.3s elapsed, 2.3s avg, 1.2e+02s total. Expected time remaining: 3.3e+02s
2020-07-27 21:09:30,258 - root - INFO - #52 MAX:accuracy.mean: 0.81
2020-07-27 21:09:30,299 - root - DEBUG - Sampled weight [0.49147272 1.55720676 1.22351258 1.41866002 0.47331609]
2020-07-27 21:09:31,404 - root - DEBUG - Updating hall of fame
2020-07-27 21:09:31,971 - root - INFO - Completed generation 53; 1.7s elapsed, 2.2s avg, 1.2e+02s total. Expected time remaining: 3.3e+02s
2020-07-27 21:09:32,027 - root - INFO - #53 MAX:accuracy.mean: 0.77
2020-07-27 21:09:32,070 - root - DEBUG - Sampled weight [0.32734236 0.72471483 1.48844517 0.76032865 0.63263432]
2020-07-27 21:09:33,236 - root - DEBUG - Updating hall of fame
2020-07-27 21:09:33,628 - root - INFO - Completed generation 54; 1.6s elapsed, 2.2s avg, 1.2e+02s total. Expected time remaining: 3.3e+02s
2020-07-27 21:09:33,684 - root - INFO - #54 MAX:accuracy.mean: 0.71
2020-07-27 21:09:33,726 - root - DEBUG - Sampled weight [0.65919457 0.93645895 1.62229262 0.95122302 5.84147688]
2020-07-27 21:09:34,846 - root - DEBUG - Updating hall of fame
2020-07-27 21:09:35,410 - root - INFO - Completed generation 55; 1.7s elapsed, 2.2s avg, 1.2e+02s total. Expected time remaining: 3.2e+02s
2020-07-27 21:09:35,466 - root - INFO - #55 MAX:accuracy.mean: 0.82
2020-07-27 21:09:35,509 - root - DEBUG - Sampled weight [1.48274727 1.55812302 1.96448219 2.28066981 0.36116161]
2020-07-27 21:09:36,624 - root - DEBUG - Updating hall of fame
2020-07-27 21:09:37,390 - root - INFO - Completed generation 56; 1.9s elapsed, 2.2s avg, 1.2e+02s total. Expected time remaining: 3.2e+02s
2020-07-27 21:09:37,446 - root - INFO - #56 MAX:accuracy.mean: 0.8
2020-07-27 21:09:37,487 - root - DEBUG - Sampled weight [1.24924992 1.33014076 1.68238931 0.79752792 1.49094638]
2020-07-27 21:09:38,598 - root - DEBUG - Updating hall of fame
2020-07-27 21:09:39,558 - root - INFO - Completed generation 57; 2.1s elapsed, 2.2s avg, 1.3e+02s total. Expected time remaining: 3.2e+02s
2020-07-27 21:09:39,614 - root - INFO - #57 MAX:accuracy.mean: 0.8
2020-07-27 21:09:39,656 - root - DEBUG - Sampled weight [0.95612833 1.73968709 0.98154511 0.75268001 1.09967875]
2020-07-27 21:09:40,763 - root - DEBUG - Updating hall of fame
2020-07-27 21:09:41,719 - root - INFO - Completed generation 58; 2.1s elapsed, 2.2s avg, 1.3e+02s total. Expected time remaining: 3.1e+02s
2020-07-27 21:09:41,775 - root - INFO - #58 MAX:accuracy.mean: 0.84
2020-07-27 21:09:41,817 - root - DEBUG - Sampled weight [2.15159245 0.72764985 0.86224499 0.47200887 0.31819251]
2020-07-27 21:09:42,934 - root - DEBUG - Updating hall of fame
2020-07-27 21:09:43,895 - root - INFO - Completed generation 59; 2.1s elapsed, 2.2s avg, 1.3e+02s total. Expected time remaining: 3.1e+02s
2020-07-27 21:09:43,952 - root - INFO - #59 MAX:accuracy.mean: 0.79
2020-07-27 21:09:43,993 - root - DEBUG - Sampled weight [1.90092136 0.9100525  0.96604962 1.54435922 0.90702011]
2020-07-27 21:09:45,102 - root - DEBUG - Updating hall of fame
2020-07-27 21:09:46,249 - root - INFO - Completed generation 60; 2.3s elapsed, 2.2s avg, 1.3e+02s total. Expected time remaining: 3.1e+02s
2020-07-27 21:09:46,304 - root - INFO - #60 MAX:accuracy.mean: 0.82
2020-07-27 21:09:46,412 - root - DEBUG - Sampled weight [1.55714923 0.78911585 1.82782894 0.20749408 1.73857338]
2020-07-27 21:09:47,520 - root - DEBUG - Updating hall of fame
2020-07-27 21:09:48,491 - root - INFO - Completed generation 61; 2.1s elapsed, 2.2s avg, 1.4e+02s total. Expected time remaining: 3.1e+02s
2020-07-27 21:09:48,547 - root - INFO - #61 MAX:accuracy.mean: 0.79
2020-07-27 21:09:48,589 - root - DEBUG - Sampled weight [2.13824876 0.39106507 0.29918933 1.01526775 0.81445351]
2020-07-27 21:09:49,697 - root - DEBUG - Updating hall of fame
2020-07-27 21:09:50,664 - root - INFO - Completed generation 62; 2.1s elapsed, 2.2s avg, 1.4e+02s total. Expected time remaining: 3.1e+02s
2020-07-27 21:09:50,719 - root - INFO - #62 MAX:accuracy.mean: 0.77
2020-07-27 21:09:50,761 - root - DEBUG - Sampled weight [0.47232516 2.25530342 4.47133741 1.62745729 1.09410048]
2020-07-27 21:09:51,874 - root - DEBUG - Updating hall of fame
2020-07-27 21:09:52,458 - root - INFO - Completed generation 63; 1.7s elapsed, 2.2s avg, 1.4e+02s total. Expected time remaining: 3e+02s
2020-07-27 21:09:52,513 - root - INFO - #63 MAX:accuracy.mean: 0.76
2020-07-27 21:09:52,556 - root - DEBUG - Sampled weight [2.52393189 1.24528866 0.63489231 1.12528752 1.13846576]
2020-07-27 21:09:53,668 - root - DEBUG - Updating hall of fame
2020-07-27 21:09:54,452 - root - INFO - Completed generation 64; 1.9s elapsed, 2.2s avg, 1.4e+02s total. Expected time remaining: 3e+02s
2020-07-27 21:09:54,508 - root - INFO - #64 MAX:accuracy.mean: 0.83
2020-07-27 21:09:54,550 - root - DEBUG - Sampled weight [1.1490554  0.97849374 1.01230593 1.33710574 1.24838449]
2020-07-27 21:09:55,653 - root - DEBUG - Updating hall of fame
2020-07-27 21:09:56,043 - root - INFO - Completed generation 65; 1.5s elapsed, 2.2s avg, 1.4e+02s total. Expected time remaining: 3e+02s
2020-07-27 21:09:56,099 - root - INFO - #65 MAX:accuracy.mean: 0.8
2020-07-27 21:09:56,142 - root - DEBUG - Sampled weight [0.82713522 0.4214522  0.5600595  0.52792756 2.94059744]
2020-07-27 21:09:57,265 - root - DEBUG - Updating hall of fame
2020-07-27 21:09:58,250 - root - INFO - Completed generation 66; 2.2s elapsed, 2.2s avg, 1.4e+02s total. Expected time remaining: 2.9e+02s
2020-07-27 21:09:58,306 - root - INFO - #66 MAX:accuracy.mean: 0.77
2020-07-27 21:09:58,348 - root - DEBUG - Sampled weight [0.74888797 1.47168513 0.64863913 1.19383852 1.54357138]
2020-07-27 21:09:59,463 - root - DEBUG - Updating hall of fame
2020-07-27 21:10:00,229 - root - INFO - Completed generation 67; 1.9s elapsed, 2.2s avg, 1.5e+02s total. Expected time remaining: 2.9e+02s
2020-07-27 21:10:00,285 - root - INFO - #67 MAX:accuracy.mean: 0.82
2020-07-27 21:10:00,328 - root - DEBUG - Sampled weight [1.77509382 1.32212026 2.81272573 0.73202939 3.43313301]
2020-07-27 21:10:01,436 - root - DEBUG - Updating hall of fame
2020-07-27 21:10:02,605 - root - INFO - Completed generation 68; 2.3s elapsed, 2.2s avg, 1.5e+02s total. Expected time remaining: 2.9e+02s
2020-07-27 21:10:02,661 - root - INFO - #68 MAX:accuracy.mean: 0.78
2020-07-27 21:10:02,703 - root - DEBUG - Sampled weight [1.36169663 0.42731081 0.58870416 1.52383164 1.39642768]
2020-07-27 21:10:03,821 - root - DEBUG - Updating hall of fame
2020-07-27 21:10:04,213 - root - INFO - Completed generation 69; 1.6s elapsed, 2.2s avg, 1.5e+02s total. Expected time remaining: 2.9e+02s
2020-07-27 21:10:04,269 - root - INFO - #69 MAX:accuracy.mean: 0.77
2020-07-27 21:10:04,310 - root - DEBUG - Sampled weight [0.53728384 1.00768796 2.34295848 0.29525182 0.69031604]
2020-07-27 21:10:05,425 - root - DEBUG - Updating hall of fame
2020-07-27 21:10:06,390 - root - INFO - Completed generation 70; 2.1s elapsed, 2.2s avg, 1.5e+02s total. Expected time remaining: 2.8e+02s
2020-07-27 21:10:06,448 - root - INFO - #70 MAX:accuracy.mean: 0.76
2020-07-27 21:10:06,536 - root - DEBUG - Sampled weight [0.55991246 0.93581828 1.16362802 1.13344209 0.67041684]
2020-07-27 21:10:07,649 - root - DEBUG - Updating hall of fame
2020-07-27 21:10:08,219 - root - INFO - Completed generation 71; 1.7s elapsed, 2.2s avg, 1.5e+02s total. Expected time remaining: 2.8e+02s
2020-07-27 21:10:08,276 - root - INFO - #71 MAX:accuracy.mean: 0.81
2020-07-27 21:10:08,316 - root - DEBUG - Sampled weight [0.78217662 1.77774116 1.49472367 1.00326781 1.82366575]
2020-07-27 21:10:09,416 - root - DEBUG - Updating hall of fame
2020-07-27 21:10:10,365 - root - INFO - Completed generation 72; 2.1s elapsed, 2.2s avg, 1.6e+02s total. Expected time remaining: 2.8e+02s
2020-07-27 21:10:10,421 - root - INFO - #72 MAX:accuracy.mean: 0.82
2020-07-27 21:10:10,463 - root - DEBUG - Sampled weight [0.86555087 1.01771257 0.68295365 1.04978796 1.08187878]
2020-07-27 21:10:11,585 - root - DEBUG - Updating hall of fame
2020-07-27 21:10:12,369 - root - INFO - Completed generation 73; 1.9s elapsed, 2.2s avg, 1.6e+02s total. Expected time remaining: 2.8e+02s
2020-07-27 21:10:12,425 - root - INFO - #73 MAX:accuracy.mean: 0.89
2020-07-27 21:10:12,468 - root - DEBUG - Sampled weight [0.81865264 0.93083192 0.57981874 0.31850084 0.87238569]
2020-07-27 21:10:13,592 - root - DEBUG - Updating hall of fame
2020-07-27 21:10:14,176 - root - INFO - Completed generation 74; 1.8s elapsed, 2.2s avg, 1.6e+02s total. Expected time remaining: 2.7e+02s
2020-07-27 21:10:14,232 - root - INFO - #74 MAX:accuracy.mean: 0.77
2020-07-27 21:10:14,274 - root - DEBUG - Sampled weight [1.03056483 0.56774384 0.74444008 0.76485091 1.24062168]
2020-07-27 21:10:15,390 - root - DEBUG - Updating hall of fame
2020-07-27 21:10:15,778 - root - INFO - Completed generation 75; 1.5s elapsed, 2.2s avg, 1.6e+02s total. Expected time remaining: 2.7e+02s
2020-07-27 21:10:15,834 - root - INFO - #75 MAX:accuracy.mean: 0.77
2020-07-27 21:10:15,876 - root - DEBUG - Sampled weight [0.96753068 0.56862935 1.10859525 1.69926181 0.56694921]
2020-07-27 21:10:16,994 - root - DEBUG - Updating hall of fame
2020-07-27 21:10:17,561 - root - INFO - Completed generation 76; 1.7s elapsed, 2.1s avg, 1.6e+02s total. Expected time remaining: 2.7e+02s
2020-07-27 21:10:17,617 - root - INFO - #76 MAX:accuracy.mean: 0.76
2020-07-27 21:10:17,658 - root - DEBUG - Sampled weight [1.45110308 0.92584506 2.61957814 1.85553908 0.78417443]
2020-07-27 21:10:18,775 - root - DEBUG - Updating hall of fame
2020-07-27 21:10:18,777 - root - INFO - Completed generation 77; 1.2s elapsed, 2.1s avg, 1.6e+02s total. Expected time remaining: 2.6e+02s
2020-07-27 21:10:18,833 - root - INFO - #77 MAX:accuracy.mean: 0.82
2020-07-27 21:10:18,875 - root - DEBUG - Sampled weight [1.2755894  1.90384603 0.54000069 0.8623961  0.38731152]
2020-07-27 21:10:19,989 - root - DEBUG - Updating hall of fame
2020-07-27 21:10:20,770 - root - INFO - Completed generation 78; 1.9s elapsed, 2.1s avg, 1.7e+02s total. Expected time remaining: 2.6e+02s
2020-07-27 21:10:20,826 - root - INFO - #78 MAX:accuracy.mean: 0.76
2020-07-27 21:10:20,869 - root - DEBUG - Sampled weight [0.78083668 1.09184181 0.74679595 1.12880977 0.86737577]
2020-07-27 21:10:21,982 - root - DEBUG - Updating hall of fame
2020-07-27 21:10:22,552 - root - INFO - Completed generation 79; 1.7s elapsed, 2.1s avg, 1.7e+02s total. Expected time remaining: 2.6e+02s
2020-07-27 21:10:22,608 - root - INFO - #79 MAX:accuracy.mean: 0.91
2020-07-27 21:10:22,650 - root - DEBUG - Sampled weight [0.87456948 1.01267519 1.56893382 0.44048993 0.70817852]
2020-07-27 21:10:23,763 - root - DEBUG - Updating hall of fame
2020-07-27 21:10:24,340 - root - INFO - Completed generation 80; 1.7s elapsed, 2.1s avg, 1.7e+02s total. Expected time remaining: 2.5e+02s
2020-07-27 21:10:24,397 - root - INFO - #80 MAX:accuracy.mean: 0.81
2020-07-27 21:10:24,862 - root - DEBUG - Sampled weight [2.22927505 0.965255   0.83371365 0.95013917 1.2003115 ]
2020-07-27 21:10:25,978 - root - DEBUG - Updating hall of fame
2020-07-27 21:10:26,554 - root - INFO - Completed generation 81; 1.7s elapsed, 2.1s avg, 1.7e+02s total. Expected time remaining: 2.5e+02s
2020-07-27 21:10:26,610 - root - INFO - #81 MAX:accuracy.mean: 0.86
2020-07-27 21:10:26,651 - root - DEBUG - Sampled weight [0.88738924 1.03141189 0.81054558 1.39728086 0.65580551]
2020-07-27 21:10:27,767 - root - DEBUG - Updating hall of fame
2020-07-27 21:10:28,159 - root - INFO - Completed generation 82; 1.5s elapsed, 2.1s avg, 1.7e+02s total. Expected time remaining: 2.5e+02s
2020-07-27 21:10:28,215 - root - INFO - #82 MAX:accuracy.mean: 0.77
2020-07-27 21:10:28,257 - root - DEBUG - Sampled weight [1.61030514 0.81828663 1.69022419 0.92436336 0.35968312]
2020-07-27 21:10:29,372 - root - DEBUG - Updating hall of fame
2020-07-27 21:10:29,749 - root - INFO - Completed generation 83; 1.5s elapsed, 2.1s avg, 1.7e+02s total. Expected time remaining: 2.5e+02s
2020-07-27 21:10:29,805 - root - INFO - #83 MAX:accuracy.mean: 0.76
2020-07-27 21:10:29,847 - root - DEBUG - Sampled weight [0.48401332 0.93785435 1.78630992 0.63205623 1.49663639]
2020-07-27 21:10:30,965 - root - DEBUG - Updating hall of fame
2020-07-27 21:10:31,540 - root - INFO - Completed generation 84; 1.7s elapsed, 2.1s avg, 1.8e+02s total. Expected time remaining: 2.4e+02s
2020-07-27 21:10:31,597 - root - INFO - #84 MAX:accuracy.mean: 0.77
2020-07-27 21:10:31,639 - root - DEBUG - Sampled weight [2.18204042 2.45257246 0.85223576 1.46816105 2.15337959]
2020-07-27 21:10:32,767 - root - DEBUG - Updating hall of fame
2020-07-27 21:10:33,337 - root - INFO - Completed generation 85; 1.7s elapsed, 2.1s avg, 1.8e+02s total. Expected time remaining: 2.4e+02s
2020-07-27 21:10:33,394 - root - INFO - #85 MAX:accuracy.mean: 0.79
2020-07-27 21:10:33,435 - root - DEBUG - Sampled weight [0.6121972  0.92827192 0.72549823 1.55342693 0.953114  ]
2020-07-27 21:10:34,560 - root - DEBUG - Updating hall of fame
2020-07-27 21:10:35,143 - root - INFO - Completed generation 86; 1.7s elapsed, 2.1s avg, 1.8e+02s total. Expected time remaining: 2.4e+02s
2020-07-27 21:10:35,200 - root - INFO - #86 MAX:accuracy.mean: 0.77
2020-07-27 21:10:35,242 - root - DEBUG - Sampled weight [1.51445638 1.33715595 0.68497713 0.91562815 1.1807787 ]
2020-07-27 21:10:36,366 - root - DEBUG - Updating hall of fame
2020-07-27 21:10:36,556 - root - INFO - Completed generation 87; 1.4s elapsed, 2.1s avg, 1.8e+02s total. Expected time remaining: 2.4e+02s
2020-07-27 21:10:36,613 - root - INFO - #87 MAX:accuracy.mean: 0.84
2020-07-27 21:10:36,655 - root - DEBUG - Sampled weight [2.03986819 2.20222799 0.32894666 2.89849065 0.72173723]
2020-07-27 21:10:37,767 - root - DEBUG - Updating hall of fame
2020-07-27 21:10:38,164 - root - INFO - Completed generation 88; 1.6s elapsed, 2.1s avg, 1.8e+02s total. Expected time remaining: 2.3e+02s
2020-07-27 21:10:38,220 - root - INFO - #88 MAX:accuracy.mean: 0.76
2020-07-27 21:10:38,263 - root - DEBUG - Sampled weight [1.16292677 0.75709459 1.19915982 1.18851346 0.92602368]
2020-07-27 21:10:39,375 - root - DEBUG - Updating hall of fame
2020-07-27 21:10:39,563 - root - INFO - Completed generation 89; 1.3s elapsed, 2.1s avg, 1.8e+02s total. Expected time remaining: 2.3e+02s
2020-07-27 21:10:39,619 - root - INFO - #89 MAX:accuracy.mean: 0.91
2020-07-27 21:10:39,660 - root - DEBUG - Sampled weight [0.47555379 1.18145191 1.08771475 1.67775642 1.03967946]
2020-07-27 21:10:40,768 - root - DEBUG - Updating hall of fame
2020-07-27 21:10:41,539 - root - INFO - Completed generation 90; 1.9s elapsed, 2.1s avg, 1.9e+02s total. Expected time remaining: 2.3e+02s
2020-07-27 21:10:41,595 - root - INFO - #90 MAX:accuracy.mean: 0.8
2020-07-27 21:10:49,182 - root - DEBUG - Sampled weight [0.6001857  1.70072394 1.45653555 1.12227899 1.10277208]
2020-07-27 21:10:50,585 - root - DEBUG - Updating hall of fame
2020-07-27 21:10:51,669 - root - INFO - Completed generation 91; 2.5s elapsed, 2.1s avg, 1.9e+02s total. Expected time remaining: 2.3e+02s
2020-07-27 21:10:51,728 - root - INFO - #91 MAX:accuracy.mean: 0.83
2020-07-27 21:10:51,774 - root - DEBUG - Sampled weight [3.42012854 0.70513527 1.97814838 2.65469479 1.02061342]
2020-07-27 21:10:52,943 - root - DEBUG - Updating hall of fame
2020-07-27 21:10:53,910 - root - INFO - Completed generation 92; 2.2s elapsed, 2.1s avg, 1.9e+02s total. Expected time remaining: 2.2e+02s
2020-07-27 21:10:53,966 - root - INFO - #92 MAX:accuracy.mean: 0.8
2020-07-27 21:10:54,009 - root - DEBUG - Sampled weight [1.05659971 0.38619879 1.04715691 0.97738661 0.75334394]
2020-07-27 21:10:55,112 - root - DEBUG - Updating hall of fame
2020-07-27 21:10:55,866 - root - INFO - Completed generation 93; 1.9s elapsed, 2.1s avg, 1.9e+02s total. Expected time remaining: 2.2e+02s
2020-07-27 21:10:55,924 - root - INFO - #93 MAX:accuracy.mean: 0.77
2020-07-27 21:10:55,966 - root - DEBUG - Sampled weight [1.50631965 1.28303763 0.57709386 1.23124031 0.88551645]
2020-07-27 21:10:57,079 - root - DEBUG - Updating hall of fame
2020-07-27 21:10:57,655 - root - INFO - Completed generation 94; 1.7s elapsed, 2.1s avg, 1.9e+02s total. Expected time remaining: 2.2e+02s
2020-07-27 21:10:57,712 - root - INFO - #94 MAX:accuracy.mean: 0.9
2020-07-27 21:10:57,753 - root - DEBUG - Sampled weight [1.3876748  0.92852622 0.98206371 0.70827653 1.40871638]
2020-07-27 21:10:58,860 - root - DEBUG - Updating hall of fame
2020-07-27 21:10:59,251 - root - INFO - Completed generation 95; 1.5s elapsed, 2.1s avg, 2e+02s total. Expected time remaining: 2.2e+02s
2020-07-27 21:10:59,308 - root - INFO - #95 MAX:accuracy.mean: 0.79
2020-07-27 21:10:59,349 - root - DEBUG - Sampled weight [0.80532831 2.3563807  0.43378917 0.94186687 1.84925252]
2020-07-27 21:11:00,464 - root - DEBUG - Updating hall of fame
2020-07-27 21:11:01,038 - root - INFO - Completed generation 96; 1.7s elapsed, 2.1s avg, 2e+02s total. Expected time remaining: 2.1e+02s
2020-07-27 21:11:01,094 - root - INFO - #96 MAX:accuracy.mean: 0.79
2020-07-27 21:11:01,137 - root - DEBUG - Sampled weight [2.59626388 0.81459747 1.01468892 0.50141255 0.82660698]
2020-07-27 21:11:02,265 - root - DEBUG - Updating hall of fame
2020-07-27 21:11:02,848 - root - INFO - Completed generation 97; 1.8s elapsed, 2.1s avg, 2e+02s total. Expected time remaining: 2.1e+02s
2020-07-27 21:11:02,905 - root - INFO - #97 MAX:accuracy.mean: 0.79
2020-07-27 21:11:02,947 - root - DEBUG - Sampled weight [0.80105646 0.80193728 1.70189694 0.98847365 1.82678009]
2020-07-27 21:11:04,044 - root - DEBUG - Updating hall of fame
2020-07-27 21:11:05,188 - root - INFO - Completed generation 98; 2.3s elapsed, 2.1s avg, 2e+02s total. Expected time remaining: 2.1e+02s
2020-07-27 21:11:05,244 - root - INFO - #98 MAX:accuracy.mean: 0.86
2020-07-27 21:11:05,285 - root - DEBUG - Sampled weight [1.18704734 1.2594496  0.48482273 0.9625026  1.51922652]
2020-07-27 21:11:06,402 - root - DEBUG - Updating hall of fame
2020-07-27 21:11:07,178 - root - INFO - Completed generation 99; 1.9s elapsed, 2.1s avg, 2e+02s total. Expected time remaining: 2.1e+02s
2020-07-27 21:11:07,234 - root - INFO - #99 MAX:accuracy.mean: 0.88
2020-07-27 21:11:07,275 - root - DEBUG - Sampled weight [1.74641874 1.00834815 1.14567678 0.69632279 1.84519195]
2020-07-27 21:11:08,385 - root - DEBUG - Updating hall of fame
2020-07-27 21:11:09,345 - root - INFO - Completed generation 100; 2.1s elapsed, 2.1s avg, 2.1e+02s total. Expected time remaining: 2.1e+02s
2020-07-27 21:11:09,401 - root - INFO - #100 MAX:accuracy.mean: 0.9
2020-07-27 21:11:09,493 - root - DEBUG - Sampled weight [1.02378488 1.03779432 0.83229999 2.06029606 1.29091341]
2020-07-27 21:11:10,620 - root - DEBUG - Updating hall of fame
2020-07-27 21:11:11,394 - root - INFO - Completed generation 101; 1.9s elapsed, 2.1s avg, 2.1e+02s total. Expected time remaining: 2e+02s
2020-07-27 21:11:11,451 - root - INFO - #101 MAX:accuracy.mean: 0.92
2020-07-27 21:11:11,492 - root - DEBUG - Sampled weight [0.57868279 0.74492561 0.3619615  1.12640062 1.19993082]
2020-07-27 21:11:12,610 - root - DEBUG - Updating hall of fame
2020-07-27 21:11:13,592 - root - INFO - Completed generation 102; 2.1s elapsed, 2.1s avg, 2.1e+02s total. Expected time remaining: 2e+02s
2020-07-27 21:11:13,648 - root - INFO - #102 MAX:accuracy.mean: 0.83
2020-07-27 21:11:13,691 - root - DEBUG - Sampled weight [0.83062529 1.00415488 0.97821117 0.57120195 1.29350554]
2020-07-27 21:11:14,815 - root - DEBUG - Updating hall of fame
2020-07-27 21:11:15,985 - root - INFO - Completed generation 103; 2.3s elapsed, 2.1s avg, 2.1e+02s total. Expected time remaining: 2e+02s
2020-07-27 21:11:16,042 - root - INFO - #103 MAX:accuracy.mean: 0.85
2020-07-27 21:11:16,084 - root - DEBUG - Sampled weight [0.49131385 0.73334027 1.56006085 0.79597405 0.72281401]
2020-07-27 21:11:17,221 - root - DEBUG - Updating hall of fame
2020-07-27 21:11:18,407 - root - INFO - Completed generation 104; 2.4s elapsed, 2.1s avg, 2.1e+02s total. Expected time remaining: 2e+02s
2020-07-27 21:11:18,463 - root - INFO - #104 MAX:accuracy.mean: 0.83
2020-07-27 21:11:18,505 - root - DEBUG - Sampled weight [1.00704182 0.60609229 0.51031612 0.79135352 0.85805027]
2020-07-27 21:11:19,623 - root - DEBUG - Updating hall of fame
2020-07-27 21:11:20,414 - root - INFO - Completed generation 105; 2.0s elapsed, 2.1s avg, 2.2e+02s total. Expected time remaining: 2e+02s
2020-07-27 21:11:20,471 - root - INFO - #105 MAX:accuracy.mean: 0.82
2020-07-27 21:11:20,513 - root - DEBUG - Sampled weight [0.73407354 1.17601067 1.08399086 0.75353321 0.73327174]
2020-07-27 21:11:21,642 - root - DEBUG - Updating hall of fame
2020-07-27 21:11:22,412 - root - INFO - Completed generation 106; 1.9s elapsed, 2.1s avg, 2.2e+02s total. Expected time remaining: 1.9e+02s
2020-07-27 21:11:22,468 - root - INFO - #106 MAX:accuracy.mean: 0.94
2020-07-27 21:11:22,511 - root - DEBUG - Sampled weight [1.03054534 0.91930397 2.37342005 1.65053767 1.06579284]
2020-07-27 21:11:23,626 - root - DEBUG - Updating hall of fame
2020-07-27 21:11:24,225 - root - INFO - Completed generation 107; 1.8s elapsed, 2.1s avg, 2.2e+02s total. Expected time remaining: 1.9e+02s
2020-07-27 21:11:24,280 - root - INFO - #107 MAX:accuracy.mean: 0.9
2020-07-27 21:11:24,322 - root - DEBUG - Sampled weight [3.18921485 0.91510995 0.64247005 0.54795498 0.842516  ]
2020-07-27 21:11:25,444 - root - DEBUG - Updating hall of fame
2020-07-27 21:11:26,033 - root - INFO - Completed generation 108; 1.8s elapsed, 2.1s avg, 2.2e+02s total. Expected time remaining: 1.9e+02s
2020-07-27 21:11:26,090 - root - INFO - #108 MAX:accuracy.mean: 0.82
2020-07-27 21:11:26,134 - root - DEBUG - Sampled weight [0.60410103 0.54070246 0.55412115 1.45787568 0.8191898 ]
2020-07-27 21:11:27,269 - root - DEBUG - Updating hall of fame
2020-07-27 21:11:27,670 - root - INFO - Completed generation 109; 1.6s elapsed, 2.0s avg, 2.2e+02s total. Expected time remaining: 1.9e+02s
2020-07-27 21:11:27,726 - root - INFO - #109 MAX:accuracy.mean: 0.8
2020-07-27 21:11:27,768 - root - DEBUG - Sampled weight [1.24972877 3.23039103 0.9843841  0.8581536  1.84473019]
2020-07-27 21:11:28,899 - root - DEBUG - Updating hall of fame
2020-07-27 21:11:29,470 - root - INFO - Completed generation 110; 1.7s elapsed, 2.0s avg, 2.3e+02s total. Expected time remaining: 1.8e+02s
2020-07-27 21:11:29,526 - root - INFO - #110 MAX:accuracy.mean: 0.89
2020-07-27 21:11:29,639 - root - DEBUG - Sampled weight [0.71092429 0.29911071 0.56749744 0.76693997 0.72544184]
2020-07-27 21:11:30,759 - root - DEBUG - Updating hall of fame
2020-07-27 21:11:31,355 - root - INFO - Completed generation 111; 1.8s elapsed, 2.0s avg, 2.3e+02s total. Expected time remaining: 1.8e+02s
2020-07-27 21:11:31,412 - root - INFO - #111 MAX:accuracy.mean: 0.79
2020-07-27 21:11:31,454 - root - DEBUG - Sampled weight [0.78941066 2.01891449 0.46007259 0.52818243 0.58682565]
2020-07-27 21:11:32,610 - root - DEBUG - Updating hall of fame
2020-07-27 21:11:33,023 - root - INFO - Completed generation 112; 1.6s elapsed, 2.0s avg, 2.3e+02s total. Expected time remaining: 1.8e+02s
2020-07-27 21:11:33,084 - root - INFO - #112 MAX:accuracy.mean: 0.76
2020-07-27 21:11:33,132 - root - DEBUG - Sampled weight [0.6889259  1.21615483 0.84919914 1.11673476 1.31587139]
2020-07-27 21:11:34,354 - root - DEBUG - Updating hall of fame
2020-07-27 21:11:34,920 - root - INFO - Completed generation 113; 1.8s elapsed, 2.0s avg, 2.3e+02s total. Expected time remaining: 1.8e+02s
2020-07-27 21:11:34,976 - root - INFO - #113 MAX:accuracy.mean: 0.92
2020-07-27 21:11:35,019 - root - DEBUG - Sampled weight [0.43901046 0.92722807 0.90385581 0.608107   0.72024748]
2020-07-27 21:11:36,145 - root - DEBUG - Updating hall of fame
2020-07-27 21:11:36,924 - root - INFO - Completed generation 114; 1.9s elapsed, 2.0s avg, 2.3e+02s total. Expected time remaining: 1.8e+02s
2020-07-27 21:11:36,981 - root - INFO - #114 MAX:accuracy.mean: 0.77
2020-07-27 21:11:37,023 - root - DEBUG - Sampled weight [2.11032176 2.44391291 0.54350903 0.9636174  0.6369536 ]
2020-07-27 21:11:38,146 - root - DEBUG - Updating hall of fame
2020-07-27 21:11:38,712 - root - INFO - Completed generation 115; 1.7s elapsed, 2.0s avg, 2.3e+02s total. Expected time remaining: 1.7e+02s
2020-07-27 21:11:38,769 - root - INFO - #115 MAX:accuracy.mean: 0.79
2020-07-27 21:11:38,812 - root - DEBUG - Sampled weight [0.89666151 1.14158682 1.60356063 0.95217796 1.30722537]
2020-07-27 21:11:39,934 - root - DEBUG - Updating hall of fame
2020-07-27 21:11:40,311 - root - INFO - Completed generation 116; 1.5s elapsed, 2.0s avg, 2.4e+02s total. Expected time remaining: 1.7e+02s
2020-07-27 21:11:40,368 - root - INFO - #116 MAX:accuracy.mean: 0.94
2020-07-27 21:11:40,410 - root - DEBUG - Sampled weight [0.5429323  0.87547857 0.95588106 1.38561885 1.45819957]
2020-07-27 21:11:41,524 - root - DEBUG - Updating hall of fame
2020-07-27 21:11:42,495 - root - INFO - Completed generation 117; 2.1s elapsed, 2.0s avg, 2.4e+02s total. Expected time remaining: 1.7e+02s
2020-07-27 21:11:42,551 - root - INFO - #117 MAX:accuracy.mean: 0.82
2020-07-27 21:11:42,593 - root - DEBUG - Sampled weight [1.15034726 0.87201111 2.07307994 0.67637699 1.02359403]
2020-07-27 21:11:43,725 - root - DEBUG - Updating hall of fame
2020-07-27 21:11:44,298 - root - INFO - Completed generation 118; 1.7s elapsed, 2.0s avg, 2.4e+02s total. Expected time remaining: 1.7e+02s
2020-07-27 21:11:44,354 - root - INFO - #118 MAX:accuracy.mean: 0.91
2020-07-27 21:11:44,397 - root - DEBUG - Sampled weight [1.32701857 0.68770075 1.25213017 1.30253001 1.08054473]
2020-07-27 21:11:45,528 - root - DEBUG - Updating hall of fame
2020-07-27 21:11:45,919 - root - INFO - Completed generation 119; 1.6s elapsed, 2.0s avg, 2.4e+02s total. Expected time remaining: 1.6e+02s
2020-07-27 21:11:45,975 - root - INFO - #119 MAX:accuracy.mean: 0.95
2020-07-27 21:11:46,017 - root - DEBUG - Sampled weight [0.87846434 0.8886765  0.95905689 0.92796887 1.88393511]
2020-07-27 21:11:47,158 - root - DEBUG - Updating hall of fame
2020-07-27 21:11:51,312 - root - INFO - Completed generation 120; 5.3s elapsed, 2.1s avg, 2.5e+02s total. Expected time remaining: 1.6e+02s
2020-07-27 21:11:51,369 - root - INFO - #120 MAX:accuracy.mean: 0.92
2020-07-27 21:11:52,336 - root - DEBUG - Sampled weight [0.5562247  1.33927862 0.5120553  0.98048332 1.12682407]
2020-07-27 21:11:53,682 - root - DEBUG - Updating hall of fame
2020-07-27 21:11:54,272 - root - INFO - Completed generation 121; 2.0s elapsed, 2.1s avg, 2.5e+02s total. Expected time remaining: 1.6e+02s
2020-07-27 21:11:54,329 - root - INFO - #121 MAX:accuracy.mean: 0.83
2020-07-27 21:11:54,372 - root - DEBUG - Sampled weight [0.48993703 0.31973577 1.47250205 1.94308167 0.46939581]
2020-07-27 21:11:55,522 - root - DEBUG - Updating hall of fame
2020-07-27 21:11:56,314 - root - INFO - Completed generation 122; 2.0s elapsed, 2.1s avg, 2.5e+02s total. Expected time remaining: 1.6e+02s
2020-07-27 21:11:56,370 - root - INFO - #122 MAX:accuracy.mean: 0.82
2020-07-27 21:11:56,414 - root - DEBUG - Sampled weight [0.94303272 0.6851119  0.80459141 1.52119965 1.30201645]
2020-07-27 21:11:57,555 - root - DEBUG - Updating hall of fame
2020-07-27 21:11:58,139 - root - INFO - Completed generation 123; 1.8s elapsed, 2.0s avg, 2.5e+02s total. Expected time remaining: 1.6e+02s
2020-07-27 21:11:58,195 - root - INFO - #123 MAX:accuracy.mean: 0.94
2020-07-27 21:11:58,238 - root - DEBUG - Sampled weight [2.30447591 1.14705616 0.99456696 0.64162341 0.71030826]
2020-07-27 21:11:59,364 - root - DEBUG - Updating hall of fame
2020-07-27 21:11:59,963 - root - INFO - Completed generation 124; 1.8s elapsed, 2.0s avg, 2.5e+02s total. Expected time remaining: 1.6e+02s
2020-07-27 21:12:00,019 - root - INFO - #124 MAX:accuracy.mean: 0.91
2020-07-27 21:12:00,061 - root - DEBUG - Sampled weight [0.82510335 1.64583249 0.80929551 0.54100805 1.08183847]
2020-07-27 21:12:01,187 - root - DEBUG - Updating hall of fame
2020-07-27 21:12:01,767 - root - INFO - Completed generation 125; 1.7s elapsed, 2.0s avg, 2.6e+02s total. Expected time remaining: 1.5e+02s
2020-07-27 21:12:01,823 - root - INFO - #125 MAX:accuracy.mean: 0.88
2020-07-27 21:12:01,866 - root - DEBUG - Sampled weight [0.76763969 0.47654461 0.68471397 0.77305236 1.68290743]
2020-07-27 21:12:02,987 - root - DEBUG - Updating hall of fame
2020-07-27 21:12:03,757 - root - INFO - Completed generation 126; 1.9s elapsed, 2.0s avg, 2.6e+02s total. Expected time remaining: 1.5e+02s
2020-07-27 21:12:03,813 - root - INFO - #126 MAX:accuracy.mean: 0.81
2020-07-27 21:12:03,857 - root - DEBUG - Sampled weight [0.54264149 0.91850565 1.31717607 1.35188563 2.32035349]
2020-07-27 21:12:04,978 - root - DEBUG - Updating hall of fame
2020-07-27 21:12:05,732 - root - INFO - Completed generation 127; 1.9s elapsed, 2.0s avg, 2.6e+02s total. Expected time remaining: 1.5e+02s
2020-07-27 21:12:05,788 - root - INFO - #127 MAX:accuracy.mean: 0.84
2020-07-27 21:12:05,830 - root - DEBUG - Sampled weight [0.4545815  0.27258414 1.02950767 0.69226728 1.17332214]
2020-07-27 21:12:06,952 - root - DEBUG - Updating hall of fame
2020-07-27 21:12:07,352 - root - INFO - Completed generation 128; 1.6s elapsed, 2.0s avg, 2.6e+02s total. Expected time remaining: 1.5e+02s
2020-07-27 21:12:07,408 - root - INFO - #128 MAX:accuracy.mean: 0.79
2020-07-27 21:12:07,449 - root - DEBUG - Sampled weight [0.5581859  1.88278251 1.10441233 0.7339015  0.56175571]
2020-07-27 21:12:08,562 - root - DEBUG - Updating hall of fame
2020-07-27 21:12:09,126 - root - INFO - Completed generation 129; 1.7s elapsed, 2.0s avg, 2.6e+02s total. Expected time remaining: 1.4e+02s
2020-07-27 21:12:09,183 - root - INFO - #129 MAX:accuracy.mean: 0.78
2020-07-27 21:12:09,224 - root - DEBUG - Sampled weight [1.34136652 1.01729955 2.03966871 0.48363    0.64847362]
2020-07-27 21:12:10,354 - root - DEBUG - Updating hall of fame
2020-07-27 21:12:10,543 - root - INFO - Completed generation 130; 1.4s elapsed, 2.0s avg, 2.6e+02s total. Expected time remaining: 1.4e+02s
2020-07-27 21:12:10,599 - root - INFO - #130 MAX:accuracy.mean: 0.8
2020-07-27 21:12:11,381 - root - DEBUG - Sampled weight [0.49523732 0.5731684  0.98556156 0.73957191 1.70271031]
2020-07-27 21:12:12,506 - root - DEBUG - Updating hall of fame
2020-07-27 21:12:13,272 - root - INFO - Completed generation 131; 1.9s elapsed, 2.0s avg, 2.7e+02s total. Expected time remaining: 1.4e+02s
2020-07-27 21:12:13,328 - root - INFO - #131 MAX:accuracy.mean: 0.77
2020-07-27 21:12:13,369 - root - DEBUG - Sampled weight [2.05897312 0.97153205 0.57490575 0.38985476 1.96644231]
2020-07-27 21:12:14,485 - root - DEBUG - Updating hall of fame
2020-07-27 21:12:15,061 - root - INFO - Completed generation 132; 1.7s elapsed, 2.0s avg, 2.7e+02s total. Expected time remaining: 1.4e+02s
2020-07-27 21:12:15,117 - root - INFO - #132 MAX:accuracy.mean: 0.77
2020-07-27 21:12:15,160 - root - DEBUG - Sampled weight [1.8438164  1.29719918 0.90690671 1.22585361 1.86815897]
2020-07-27 21:12:16,276 - root - DEBUG - Updating hall of fame
2020-07-27 21:12:16,478 - root - INFO - Completed generation 133; 1.4s elapsed, 2.0s avg, 2.7e+02s total. Expected time remaining: 1.4e+02s
2020-07-27 21:12:16,535 - root - INFO - #133 MAX:accuracy.mean: 0.9
2020-07-27 21:12:16,576 - root - DEBUG - Sampled weight [1.20546597 0.68532078 0.83335654 0.80514584 1.16072514]
2020-07-27 21:12:17,708 - root - DEBUG - Updating hall of fame
2020-07-27 21:12:18,690 - root - INFO - Completed generation 134; 2.2s elapsed, 2.0s avg, 2.7e+02s total. Expected time remaining: 1.3e+02s
2020-07-27 21:12:18,745 - root - INFO - #134 MAX:accuracy.mean: 0.93
2020-07-27 21:12:18,788 - root - DEBUG - Sampled weight [0.58484158 0.97535593 1.24213929 1.25801202 1.034639  ]
2020-07-27 21:12:19,930 - root - DEBUG - Updating hall of fame
2020-07-27 21:12:20,899 - root - INFO - Completed generation 135; 2.2s elapsed, 2.0s avg, 2.7e+02s total. Expected time remaining: 1.3e+02s
2020-07-27 21:12:20,956 - root - INFO - #135 MAX:accuracy.mean: 0.9
2020-07-27 21:12:20,998 - root - DEBUG - Sampled weight [1.07594785 0.54080073 1.96566319 1.58039212 0.46346057]
2020-07-27 21:12:22,138 - root - DEBUG - Updating hall of fame
2020-07-27 21:12:23,321 - root - INFO - Completed generation 136; 2.4s elapsed, 2.0s avg, 2.8e+02s total. Expected time remaining: 1.3e+02s
2020-07-27 21:12:23,378 - root - INFO - #136 MAX:accuracy.mean: 0.81
2020-07-27 21:12:23,419 - root - DEBUG - Sampled weight [0.89120837 1.15186943 1.03701364 1.38295732 1.00461325]
2020-07-27 21:12:24,559 - root - DEBUG - Updating hall of fame
2020-07-27 21:12:24,951 - root - INFO - Completed generation 137; 1.6s elapsed, 2.0s avg, 2.8e+02s total. Expected time remaining: 1.3e+02s
2020-07-27 21:12:25,007 - root - INFO - #137 MAX:accuracy.mean: 0.96
2020-07-27 21:12:25,049 - root - DEBUG - Sampled weight [0.63397234 0.65473542 0.91052551 0.53754414 0.80921899]
2020-07-27 21:12:26,165 - root - DEBUG - Updating hall of fame
2020-07-27 21:12:27,148 - root - INFO - Completed generation 138; 2.1s elapsed, 2.0s avg, 2.8e+02s total. Expected time remaining: 1.3e+02s
2020-07-27 21:12:27,205 - root - INFO - #138 MAX:accuracy.mean: 0.78
2020-07-27 21:12:27,246 - root - DEBUG - Sampled weight [0.92270193 0.65685914 1.05685337 0.75766541 1.93578902]
2020-07-27 21:12:28,381 - root - DEBUG - Updating hall of fame
2020-07-27 21:12:29,134 - root - INFO - Completed generation 139; 1.9s elapsed, 2.0s avg, 2.8e+02s total. Expected time remaining: 1.2e+02s
2020-07-27 21:12:29,190 - root - INFO - #139 MAX:accuracy.mean: 0.79
2020-07-27 21:12:29,232 - root - DEBUG - Sampled weight [1.85396403 0.87526919 1.0182956  0.48818407 1.49693841]
2020-07-27 21:12:30,364 - root - DEBUG - Updating hall of fame
2020-07-27 21:12:30,364 - root - INFO - Completed generation 140; 1.2s elapsed, 2.0s avg, 2.8e+02s total. Expected time remaining: 1.2e+02s
2020-07-27 21:12:30,420 - root - INFO - #140 MAX:accuracy.mean: 0.81
2020-07-27 21:12:30,550 - root - DEBUG - Sampled weight [1.43432776 1.39219927 0.99567114 1.30070538 0.92210953]
2020-07-27 21:12:31,689 - root - DEBUG - Updating hall of fame
2020-07-27 21:12:32,854 - root - INFO - Completed generation 141; 2.3s elapsed, 2.0s avg, 2.9e+02s total. Expected time remaining: 1.2e+02s
2020-07-27 21:12:32,911 - root - INFO - #141 MAX:accuracy.mean: 0.95
2020-07-27 21:12:32,953 - root - DEBUG - Sampled weight [0.5606732  1.08073771 1.04185833 0.73988289 1.18797331]
2020-07-27 21:12:34,092 - root - DEBUG - Updating hall of fame
2020-07-27 21:12:34,695 - root - INFO - Completed generation 142; 1.8s elapsed, 2.0s avg, 2.9e+02s total. Expected time remaining: 1.2e+02s
2020-07-27 21:12:34,751 - root - INFO - #142 MAX:accuracy.mean: 0.81
2020-07-27 21:12:34,794 - root - DEBUG - Sampled weight [1.14202093 0.58562844 2.27207955 1.09645229 0.65237912]
2020-07-27 21:12:35,910 - root - DEBUG - Updating hall of fame
2020-07-27 21:12:36,488 - root - INFO - Completed generation 143; 1.7s elapsed, 2.0s avg, 2.9e+02s total. Expected time remaining: 1.2e+02s
2020-07-27 21:12:36,544 - root - INFO - #143 MAX:accuracy.mean: 0.85
2020-07-27 21:12:36,588 - root - DEBUG - Sampled weight [1.00040464 0.91333582 0.79498765 2.35004916 2.98486232]
2020-07-27 21:12:37,736 - root - DEBUG - Updating hall of fame
2020-07-27 21:12:38,323 - root - INFO - Completed generation 144; 1.8s elapsed, 2.0s avg, 2.9e+02s total. Expected time remaining: 1.1e+02s
2020-07-27 21:12:38,379 - root - INFO - #144 MAX:accuracy.mean: 0.87
2020-07-27 21:12:38,423 - root - DEBUG - Sampled weight [1.25400096 0.87672237 0.74315946 0.29333973 0.65462586]
2020-07-27 21:12:39,598 - root - DEBUG - Updating hall of fame
2020-07-27 21:12:40,201 - root - INFO - Completed generation 145; 1.8s elapsed, 2.0s avg, 2.9e+02s total. Expected time remaining: 1.1e+02s
2020-07-27 21:12:40,257 - root - INFO - #145 MAX:accuracy.mean: 0.87
2020-07-27 21:12:40,301 - root - DEBUG - Sampled weight [3.24226739 0.82284717 0.85063171 0.74757802 1.71498642]
2020-07-27 21:12:41,474 - root - DEBUG - Updating hall of fame
2020-07-27 21:12:42,251 - root - INFO - Completed generation 146; 2.0s elapsed, 2.0s avg, 2.9e+02s total. Expected time remaining: 1.1e+02s
2020-07-27 21:12:42,307 - root - INFO - #146 MAX:accuracy.mean: 0.9
2020-07-27 21:12:42,350 - root - DEBUG - Sampled weight [0.80980661 1.53142802 0.85778164 1.43089588 1.7168975 ]
2020-07-27 21:12:43,516 - root - DEBUG - Updating hall of fame
2020-07-27 21:12:44,300 - root - INFO - Completed generation 147; 2.0s elapsed, 2.0s avg, 3e+02s total. Expected time remaining: 1.1e+02s
2020-07-27 21:12:44,356 - root - INFO - #147 MAX:accuracy.mean: 0.94
2020-07-27 21:12:44,399 - root - DEBUG - Sampled weight [1.26519273 1.4684533  2.58860165 1.29492843 0.62982221]
2020-07-27 21:12:45,539 - root - DEBUG - Updating hall of fame
2020-07-27 21:12:46,525 - root - INFO - Completed generation 148; 2.2s elapsed, 2.0s avg, 3e+02s total. Expected time remaining: 1e+02s
2020-07-27 21:12:46,581 - root - INFO - #148 MAX:accuracy.mean: 0.91
2020-07-27 21:12:46,623 - root - DEBUG - Sampled weight [3.02049671 1.31753817 1.76364994 1.05696678 1.11937355]
2020-07-27 21:12:47,772 - root - DEBUG - Updating hall of fame
2020-07-27 21:12:48,769 - root - INFO - Completed generation 149; 2.2s elapsed, 2.0s avg, 3e+02s total. Expected time remaining: 1e+02s
2020-07-27 21:12:49,216 - root - INFO - #149 MAX:accuracy.mean: 0.91
2020-07-27 21:12:49,259 - root - DEBUG - Sampled weight [2.40600414 0.90232378 1.78234415 0.75693903 1.67592868]
2020-07-27 21:12:50,411 - root - DEBUG - Updating hall of fame
2020-07-27 21:12:51,415 - root - INFO - Completed generation 150; 2.2s elapsed, 2.0s avg, 3e+02s total. Expected time remaining: 1e+02s
2020-07-27 21:12:51,471 - root - INFO - #150 MAX:accuracy.mean: 0.93
2020-07-27 21:12:53,627 - root - DEBUG - Sampled weight [1.86193193 2.62504687 0.97396222 2.15408674 1.45196442]
2020-07-27 21:12:54,868 - root - DEBUG - Updating hall of fame
2020-07-27 21:12:55,893 - root - INFO - Completed generation 151; 2.3s elapsed, 2.0s avg, 3e+02s total. Expected time remaining: 9.9e+01s
2020-07-27 21:12:55,949 - root - INFO - #151 MAX:accuracy.mean: 0.93
2020-07-27 21:12:55,992 - root - DEBUG - Sampled weight [0.74375246 1.16748818 0.92105839 0.89377941 1.73033149]
2020-07-27 21:12:57,149 - root - DEBUG - Updating hall of fame
2020-07-27 21:12:57,775 - root - INFO - Completed generation 152; 1.8s elapsed, 2.0s avg, 3.1e+02s total. Expected time remaining: 9.7e+01s
2020-07-27 21:12:57,832 - root - INFO - #152 MAX:accuracy.mean: 0.92
2020-07-27 21:12:57,874 - root - DEBUG - Sampled weight [1.46117334 1.23070356 1.11688828 2.55380231 0.64446222]
2020-07-27 21:12:59,038 - root - DEBUG - Updating hall of fame
2020-07-27 21:12:59,810 - root - INFO - Completed generation 153; 2.0s elapsed, 2.0s avg, 3.1e+02s total. Expected time remaining: 9.5e+01s
2020-07-27 21:12:59,866 - root - INFO - #153 MAX:accuracy.mean: 0.88
2020-07-27 21:12:59,909 - root - DEBUG - Sampled weight [1.1281611  3.58053867 1.36673087 1.20495726 1.34865853]
2020-07-27 21:13:01,086 - root - DEBUG - Updating hall of fame
2020-07-27 21:13:01,709 - root - INFO - Completed generation 154; 1.8s elapsed, 2.0s avg, 3.1e+02s total. Expected time remaining: 9.3e+01s
2020-07-27 21:13:01,765 - root - INFO - #154 MAX:accuracy.mean: 0.91
2020-07-27 21:13:01,808 - root - DEBUG - Sampled weight [0.82350885 0.62879455 0.56055639 0.81208739 1.05347982]
2020-07-27 21:13:02,969 - root - DEBUG - Updating hall of fame
2020-07-27 21:13:03,592 - root - INFO - Completed generation 155; 1.8s elapsed, 2.0s avg, 3.1e+02s total. Expected time remaining: 9.1e+01s
2020-07-27 21:13:03,648 - root - INFO - #155 MAX:accuracy.mean: 0.84
2020-07-27 21:13:03,691 - root - DEBUG - Sampled weight [0.4230101  0.32776873 1.563835   0.94969107 1.47046999]
2020-07-27 21:13:04,809 - root - DEBUG - Updating hall of fame
2020-07-27 21:13:05,764 - root - INFO - Completed generation 156; 2.1s elapsed, 2.0s avg, 3.1e+02s total. Expected time remaining: 8.9e+01s
2020-07-27 21:13:05,820 - root - INFO - #156 MAX:accuracy.mean: 0.83
2020-07-27 21:13:05,862 - root - DEBUG - Sampled weight [0.36042848 0.87673169 0.27299207 0.76432878 1.08977333]
2020-07-27 21:13:06,999 - root - DEBUG - Updating hall of fame
2020-07-27 21:13:07,208 - root - INFO - Completed generation 157; 1.4s elapsed, 2.0s avg, 3.2e+02s total. Expected time remaining: 8.7e+01s
2020-07-27 21:13:07,264 - root - INFO - #157 MAX:accuracy.mean: 0.83
2020-07-27 21:13:07,307 - root - DEBUG - Sampled weight [1.70921144 1.53976863 1.05685373 0.79747451 0.57759108]
2020-07-27 21:13:08,438 - root - DEBUG - Updating hall of fame
2020-07-27 21:13:09,603 - root - INFO - Completed generation 158; 2.3s elapsed, 2.0s avg, 3.2e+02s total. Expected time remaining: 8.5e+01s
2020-07-27 21:13:09,659 - root - INFO - #158 MAX:accuracy.mean: 0.89
2020-07-27 21:13:09,703 - root - DEBUG - Sampled weight [0.53503546 2.39334284 0.85014881 0.7972178  0.96407324]
2020-07-27 21:13:10,871 - root - DEBUG - Updating hall of fame
2020-07-27 21:13:11,864 - root - INFO - Completed generation 159; 2.2s elapsed, 2.0s avg, 3.2e+02s total. Expected time remaining: 8.3e+01s
2020-07-27 21:13:11,922 - root - INFO - #159 MAX:accuracy.mean: 0.83
2020-07-27 21:13:11,965 - root - DEBUG - Sampled weight [0.51850362 1.33223009 0.41042702 0.63949381 1.36051362]
2020-07-27 21:13:13,118 - root - DEBUG - Updating hall of fame
2020-07-27 21:13:14,121 - root - INFO - Completed generation 160; 2.2s elapsed, 2.0s avg, 3.2e+02s total. Expected time remaining: 8.1e+01s
2020-07-27 21:13:14,177 - root - INFO - #160 MAX:accuracy.mean: 0.82
2020-07-27 21:13:14,288 - root - DEBUG - Sampled weight [0.81415262 1.02365986 0.80133857 0.86595177 1.2623537 ]
2020-07-27 21:13:15,458 - root - DEBUG - Updating hall of fame
2020-07-27 21:13:16,642 - root - INFO - Completed generation 161; 2.4s elapsed, 2.0s avg, 3.3e+02s total. Expected time remaining: 7.9e+01s
2020-07-27 21:13:16,699 - root - INFO - #161 MAX:accuracy.mean: 0.95
2020-07-27 21:13:16,743 - root - DEBUG - Sampled weight [1.44930295 0.6124805  1.35385368 1.74105651 0.66420973]
2020-07-27 21:13:17,906 - root - DEBUG - Updating hall of fame
2020-07-27 21:13:18,697 - root - INFO - Completed generation 162; 2.0s elapsed, 2.0s avg, 3.3e+02s total. Expected time remaining: 7.7e+01s
2020-07-27 21:13:18,753 - root - INFO - #162 MAX:accuracy.mean: 0.91
2020-07-27 21:13:18,796 - root - DEBUG - Sampled weight [1.44426468 2.35023032 1.78442638 0.5489172  1.60158615]
2020-07-27 21:13:19,983 - root - DEBUG - Updating hall of fame
2020-07-27 21:13:34,711 - root - INFO - Completed generation 163; 1.6e+01s elapsed, 2.1s avg, 3.4e+02s total. Expected time remaining: 7.8e+01s
2020-07-27 21:13:34,768 - root - INFO - #163 MAX:accuracy.mean: 0.89
2020-07-27 21:13:34,812 - root - DEBUG - Sampled weight [0.9231411  0.90454902 0.90895552 0.61582157 1.30774338]
2020-07-27 21:13:36,005 - root - DEBUG - Updating hall of fame
2020-07-27 21:13:36,810 - root - INFO - Completed generation 164; 2.0s elapsed, 2.1s avg, 3.5e+02s total. Expected time remaining: 7.6e+01s
2020-07-27 21:13:36,867 - root - INFO - #164 MAX:accuracy.mean: 0.9
2020-07-27 21:13:36,910 - root - DEBUG - Sampled weight [1.68899233 1.19772609 1.05218226 0.60384514 0.89137145]
2020-07-27 21:13:38,082 - root - DEBUG - Updating hall of fame
2020-07-27 21:13:39,071 - root - INFO - Completed generation 165; 2.2s elapsed, 2.1s avg, 3.5e+02s total. Expected time remaining: 7.4e+01s
2020-07-27 21:13:39,128 - root - INFO - #165 MAX:accuracy.mean: 0.88
2020-07-27 21:13:39,171 - root - DEBUG - Sampled weight [1.03161456 1.61390974 1.59851674 2.84037948 3.52596983]
2020-07-27 21:13:40,352 - root - DEBUG - Updating hall of fame
2020-07-27 21:13:40,951 - root - INFO - Completed generation 166; 1.8s elapsed, 2.1s avg, 3.5e+02s total. Expected time remaining: 7.2e+01s
2020-07-27 21:13:41,008 - root - INFO - #166 MAX:accuracy.mean: 0.88
2020-07-27 21:13:41,051 - root - DEBUG - Sampled weight [1.60923213 0.85834181 0.91962433 1.0143319  0.66540155]
2020-07-27 21:13:42,231 - root - DEBUG - Updating hall of fame
2020-07-27 21:13:42,847 - root - INFO - Completed generation 167; 1.8s elapsed, 2.1s avg, 3.5e+02s total. Expected time remaining: 6.9e+01s
2020-07-27 21:13:42,903 - root - INFO - #167 MAX:accuracy.mean: 0.91
2020-07-27 21:13:42,946 - root - DEBUG - Sampled weight [1.07594675 0.7181972  0.56747489 0.83980428 1.33196949]
2020-07-27 21:13:44,101 - root - DEBUG - Updating hall of fame
2020-07-27 21:13:44,479 - root - INFO - Completed generation 168; 1.6s elapsed, 2.1s avg, 3.5e+02s total. Expected time remaining: 6.7e+01s
2020-07-27 21:13:44,535 - root - INFO - #168 MAX:accuracy.mean: 0.87
2020-07-27 21:13:44,577 - root - DEBUG - Sampled weight [1.30591669 1.55304201 0.74753669 1.55082052 4.74682719]
2020-07-27 21:13:45,728 - root - DEBUG - Updating hall of fame
2020-07-27 21:13:46,681 - root - INFO - Completed generation 169; 2.1s elapsed, 2.1s avg, 3.5e+02s total. Expected time remaining: 6.5e+01s
2020-07-27 21:13:46,737 - root - INFO - #169 MAX:accuracy.mean: 0.9
2020-07-27 21:13:46,781 - root - DEBUG - Sampled weight [1.42780187 1.01532049 1.1517829  0.59759785 0.47745137]
2020-07-27 21:13:47,957 - root - DEBUG - Updating hall of fame
2020-07-27 21:13:48,793 - root - INFO - Completed generation 170; 2.1s elapsed, 2.1s avg, 3.6e+02s total. Expected time remaining: 6.3e+01s
2020-07-27 21:13:48,849 - root - INFO - #170 MAX:accuracy.mean: 0.85
2020-07-27 21:13:49,288 - root - DEBUG - Sampled weight [0.42086083 1.13736954 0.99822123 0.44493587 0.77746307]
2020-07-27 21:13:50,438 - root - DEBUG - Updating hall of fame
2020-07-27 21:13:51,592 - root - INFO - Completed generation 171; 2.3s elapsed, 2.1s avg, 3.6e+02s total. Expected time remaining: 6.1e+01s
2020-07-27 21:13:51,649 - root - INFO - #171 MAX:accuracy.mean: 0.84
2020-07-27 21:13:51,692 - root - DEBUG - Sampled weight [0.92138117 2.0812872  1.79072252 1.54195347 1.15696518]
2020-07-27 21:13:52,838 - root - DEBUG - Updating hall of fame
2020-07-27 21:13:53,793 - root - INFO - Completed generation 172; 2.1s elapsed, 2.1s avg, 3.6e+02s total. Expected time remaining: 5.9e+01s
2020-07-27 21:13:53,850 - root - INFO - #172 MAX:accuracy.mean: 0.96
2020-07-27 21:13:53,892 - root - DEBUG - Sampled weight [0.92141614 1.95493008 0.6325026  0.93382204 1.32889433]
2020-07-27 21:13:55,056 - root - DEBUG - Updating hall of fame
2020-07-27 21:13:55,855 - root - INFO - Completed generation 173; 2.0s elapsed, 2.1s avg, 3.6e+02s total. Expected time remaining: 5.7e+01s
2020-07-27 21:13:55,911 - root - INFO - #173 MAX:accuracy.mean: 0.88
2020-07-27 21:13:55,953 - root - DEBUG - Sampled weight [0.50372547 0.56478818 1.35082742 0.93861613 0.63592933]
2020-07-27 21:13:57,097 - root - DEBUG - Updating hall of fame
2020-07-27 21:13:58,052 - root - INFO - Completed generation 174; 2.1s elapsed, 2.1s avg, 3.7e+02s total. Expected time remaining: 5.5e+01s
2020-07-27 21:13:58,109 - root - INFO - #174 MAX:accuracy.mean: 0.84
2020-07-27 21:13:58,153 - root - DEBUG - Sampled weight [1.85498595 0.83265632 1.17430999 0.55793023 0.97203348]
2020-07-27 21:13:59,318 - root - DEBUG - Updating hall of fame
2020-07-27 21:14:00,129 - root - INFO - Completed generation 175; 2.0s elapsed, 2.1s avg, 3.7e+02s total. Expected time remaining: 5.2e+01s
2020-07-27 21:14:00,186 - root - INFO - #175 MAX:accuracy.mean: 0.89
2020-07-27 21:14:00,229 - root - DEBUG - Sampled weight [1.16403213 0.81502758 2.30964968 1.27650529 0.65516204]
2020-07-27 21:14:01,413 - root - DEBUG - Updating hall of fame
2020-07-27 21:14:02,435 - root - INFO - Completed generation 176; 2.2s elapsed, 2.1s avg, 3.7e+02s total. Expected time remaining: 5e+01s
2020-07-27 21:14:02,491 - root - INFO - #176 MAX:accuracy.mean: 0.91
2020-07-27 21:14:02,535 - root - DEBUG - Sampled weight [1.51921392 0.6706401  0.45789756 0.87957723 1.77920185]
2020-07-27 21:14:03,763 - root - DEBUG - Updating hall of fame
2020-07-27 21:14:04,590 - root - INFO - Completed generation 177; 2.1s elapsed, 2.1s avg, 3.7e+02s total. Expected time remaining: 4.8e+01s
2020-07-27 21:14:04,646 - root - INFO - #177 MAX:accuracy.mean: 0.85
2020-07-27 21:14:04,691 - root - DEBUG - Sampled weight [0.97724017 1.02291749 1.21566297 0.66314349 1.1705488 ]
2020-07-27 21:14:05,904 - root - DEBUG - Updating hall of fame
2020-07-27 21:14:06,502 - root - INFO - Completed generation 178; 1.9s elapsed, 2.1s avg, 3.7e+02s total. Expected time remaining: 4.6e+01s
2020-07-27 21:14:06,559 - root - INFO - #178 MAX:accuracy.mean: 0.94
2020-07-27 21:14:06,603 - root - DEBUG - Sampled weight [1.7295478  0.82647452 2.46437247 0.95996879 0.35382078]
2020-07-27 21:14:07,796 - root - DEBUG - Updating hall of fame
2020-07-27 21:14:08,854 - root - INFO - Completed generation 179; 2.3s elapsed, 2.1s avg, 3.8e+02s total. Expected time remaining: 4.4e+01s
2020-07-27 21:14:08,910 - root - INFO - #179 MAX:accuracy.mean: 0.87
2020-07-27 21:14:08,953 - root - DEBUG - Sampled weight [1.45916672 0.99530366 0.6839519  1.11031656 0.83649003]
2020-07-27 21:14:10,139 - root - DEBUG - Updating hall of fame
2020-07-27 21:14:11,234 - root - INFO - Completed generation 180; 2.3s elapsed, 2.1s avg, 3.8e+02s total. Expected time remaining: 4.2e+01s
2020-07-27 21:14:11,290 - root - INFO - #180 MAX:accuracy.mean: 0.94
2020-07-27 21:14:17,567 - root - DEBUG - Sampled weight [1.41880591 2.07804986 0.34734225 1.86916513 0.39086909]
2020-07-27 21:14:18,921 - root - DEBUG - Updating hall of fame
2020-07-27 21:14:20,098 - root - INFO - Completed generation 181; 2.6s elapsed, 2.1s avg, 3.8e+02s total. Expected time remaining: 4e+01s
2020-07-27 21:14:20,154 - root - INFO - #181 MAX:accuracy.mean: 0.87
2020-07-27 21:14:20,196 - root - DEBUG - Sampled weight [2.01637462 0.83222685 0.97804509 1.69604696 1.03217928]
2020-07-27 21:14:21,344 - root - DEBUG - Updating hall of fame
2020-07-27 21:14:22,176 - root - INFO - Completed generation 182; 2.0s elapsed, 2.1s avg, 3.8e+02s total. Expected time remaining: 3.8e+01s
2020-07-27 21:14:22,232 - root - INFO - #182 MAX:accuracy.mean: 0.96
2020-07-27 21:14:22,277 - root - DEBUG - Sampled weight [1.05546649 1.03715631 1.58859627 1.19053839 2.22241493]
2020-07-27 21:14:23,481 - root - DEBUG - Updating hall of fame
2020-07-27 21:14:24,689 - root - INFO - Completed generation 183; 2.5s elapsed, 2.1s avg, 3.9e+02s total. Expected time remaining: 3.6e+01s
2020-07-27 21:14:24,746 - root - INFO - #183 MAX:accuracy.mean: 0.95
2020-07-27 21:14:24,791 - root - DEBUG - Sampled weight [0.42772267 1.01492679 1.2637944  1.0359945  0.4118148 ]
2020-07-27 21:14:25,990 - root - DEBUG - Updating hall of fame
2020-07-27 21:14:27,042 - root - INFO - Completed generation 184; 2.3s elapsed, 2.1s avg, 3.9e+02s total. Expected time remaining: 3.4e+01s
2020-07-27 21:14:27,098 - root - INFO - #184 MAX:accuracy.mean: 0.85
2020-07-27 21:14:27,142 - root - DEBUG - Sampled weight [1.32746827 2.28235438 0.68748826 0.79941769 0.60180811]
2020-07-27 21:14:28,329 - root - DEBUG - Updating hall of fame
2020-07-27 21:14:28,518 - root - INFO - Completed generation 185; 1.4s elapsed, 2.1s avg, 3.9e+02s total. Expected time remaining: 3.2e+01s
2020-07-27 21:14:28,575 - root - INFO - #185 MAX:accuracy.mean: 0.88
2020-07-27 21:14:28,619 - root - DEBUG - Sampled weight [1.78010395 0.7370577  0.8342681  1.00060163 1.42270478]
2020-07-27 21:14:29,821 - root - DEBUG - Updating hall of fame
2020-07-27 21:14:30,010 - root - INFO - Completed generation 186; 1.4s elapsed, 2.1s avg, 3.9e+02s total. Expected time remaining: 2.9e+01s
2020-07-27 21:14:30,066 - root - INFO - #186 MAX:accuracy.mean: 0.96
2020-07-27 21:14:30,110 - root - DEBUG - Sampled weight [1.57165617 0.6103537  0.69615711 1.5148968  1.94197392]
2020-07-27 21:14:31,269 - root - DEBUG - Updating hall of fame
2020-07-27 21:14:31,865 - root - INFO - Completed generation 187; 1.8s elapsed, 2.1s avg, 3.9e+02s total. Expected time remaining: 2.7e+01s
2020-07-27 21:14:31,922 - root - INFO - #187 MAX:accuracy.mean: 0.89
2020-07-27 21:14:31,967 - root - DEBUG - Sampled weight [0.91712881 0.87466558 0.51803117 0.70194773 0.79569528]
2020-07-27 21:14:33,172 - root - DEBUG - Updating hall of fame
2020-07-27 21:14:33,578 - root - INFO - Completed generation 188; 1.7s elapsed, 2.1s avg, 3.9e+02s total. Expected time remaining: 2.5e+01s
2020-07-27 21:14:33,635 - root - INFO - #188 MAX:accuracy.mean: 0.85
2020-07-27 21:14:33,678 - root - DEBUG - Sampled weight [1.32913541 0.64836432 0.31269248 2.40933565 0.82352074]
2020-07-27 21:14:34,835 - root - DEBUG - Updating hall of fame
2020-07-27 21:14:35,590 - root - INFO - Completed generation 189; 2.0s elapsed, 2.1s avg, 4e+02s total. Expected time remaining: 2.3e+01s
2020-07-27 21:14:35,646 - root - INFO - #189 MAX:accuracy.mean: 0.85
2020-07-27 21:14:35,690 - root - DEBUG - Sampled weight [0.47014923 0.95538631 1.17969088 1.45555161 1.10161619]
2020-07-27 21:14:36,838 - root - DEBUG - Updating hall of fame
2020-07-27 21:14:37,029 - root - INFO - Completed generation 190; 1.4s elapsed, 2.1s avg, 4e+02s total. Expected time remaining: 2.1e+01s
2020-07-27 21:14:37,085 - root - INFO - #190 MAX:accuracy.mean: 0.85
2020-07-27 21:14:37,191 - root - DEBUG - Sampled weight [0.91295306 0.73550319 2.54516746 2.14407641 0.41357987]
2020-07-27 21:14:38,355 - root - DEBUG - Updating hall of fame
2020-07-27 21:14:39,528 - root - INFO - Completed generation 191; 2.4s elapsed, 2.1s avg, 4e+02s total. Expected time remaining: 1.9e+01s
2020-07-27 21:14:39,584 - root - INFO - #191 MAX:accuracy.mean: 0.84
2020-07-27 21:14:39,627 - root - DEBUG - Sampled weight [2.25035767 0.8278115  1.16033966 1.02510758 0.71570232]
2020-07-27 21:14:40,801 - root - DEBUG - Updating hall of fame
2020-07-27 21:14:40,997 - root - INFO - Completed generation 192; 1.4s elapsed, 2.1s avg, 4e+02s total. Expected time remaining: 1.7e+01s
2020-07-27 21:14:41,053 - root - INFO - #192 MAX:accuracy.mean: 0.92
2020-07-27 21:14:41,096 - root - DEBUG - Sampled weight [1.63055863 2.27393803 0.51941758 2.05283778 2.37018105]
2020-07-27 21:14:42,246 - root - DEBUG - Updating hall of fame
2020-07-27 21:14:43,055 - root - INFO - Completed generation 193; 2.0s elapsed, 2.1s avg, 4e+02s total. Expected time remaining: 1.5e+01s
2020-07-27 21:14:43,112 - root - INFO - #193 MAX:accuracy.mean: 0.88
2020-07-27 21:14:43,155 - root - DEBUG - Sampled weight [1.27193945 1.6118804  0.60465939 1.49168415 3.14095587]
2020-07-27 21:14:44,331 - root - DEBUG - Updating hall of fame
2020-07-27 21:14:44,962 - root - INFO - Completed generation 194; 1.8s elapsed, 2.1s avg, 4e+02s total. Expected time remaining: 1.3e+01s
2020-07-27 21:14:45,018 - root - INFO - #194 MAX:accuracy.mean: 0.87
2020-07-27 21:14:45,061 - root - DEBUG - Sampled weight [0.77501774 1.50491674 0.85144287 0.40107208 0.66038228]
2020-07-27 21:14:46,240 - root - DEBUG - Updating hall of fame
2020-07-27 21:14:47,254 - root - INFO - Completed generation 195; 2.2s elapsed, 2.1s avg, 4.1e+02s total. Expected time remaining: 1e+01s
2020-07-27 21:14:47,310 - root - INFO - #195 MAX:accuracy.mean: 0.87
2020-07-27 21:14:47,353 - root - DEBUG - Sampled weight [0.30984419 0.50272994 1.33947394 1.26274992 0.756855  ]
2020-07-27 21:14:48,501 - root - DEBUG - Updating hall of fame
2020-07-27 21:14:49,494 - root - INFO - Completed generation 196; 2.2s elapsed, 2.1s avg, 4.1e+02s total. Expected time remaining: 8.4s
2020-07-27 21:14:49,550 - root - INFO - #196 MAX:accuracy.mean: 0.86
2020-07-27 21:14:49,592 - root - DEBUG - Sampled weight [0.92839134 1.1519652  0.88869279 1.24750013 0.73278882]
2020-07-27 21:14:50,746 - root - DEBUG - Updating hall of fame
2020-07-27 21:14:51,335 - root - INFO - Completed generation 197; 1.8s elapsed, 2.1s avg, 4.1e+02s total. Expected time remaining: 6.3s
2020-07-27 21:14:51,392 - root - INFO - #197 MAX:accuracy.mean: 0.96
2020-07-27 21:14:51,435 - root - DEBUG - Sampled weight [0.58590395 1.22528607 0.27350676 0.66059328 0.69684359]
2020-07-27 21:14:52,589 - root - DEBUG - Updating hall of fame
2020-07-27 21:14:53,765 - root - INFO - Completed generation 198; 2.4s elapsed, 2.1s avg, 4.1e+02s total. Expected time remaining: 4.2s
2020-07-27 21:14:53,821 - root - INFO - #198 MAX:accuracy.mean: 0.86
2020-07-27 21:14:53,864 - root - DEBUG - Sampled weight [0.73960655 0.93675068 0.92450684 0.83266329 0.80344904]
2020-07-27 21:14:54,998 - root - DEBUG - Updating hall of fame
2020-07-27 21:14:55,771 - root - INFO - Completed generation 199; 1.9s elapsed, 2.1s avg, 4.2e+02s total. Expected time remaining: 2.1s
2020-07-27 21:14:55,827 - root - INFO - #199 MAX:accuracy.mean: 0.94
2020-07-27 21:14:55,870 - root - DEBUG - Sampled weight [0.55617991 1.12575411 0.37655767 1.01454078 1.49639252]
2020-07-27 21:14:57,025 - root - DEBUG - Updating hall of fame
2020-07-27 21:14:57,846 - root - INFO - Completed generation 200; 2.0s elapsed, 2.1s avg, 4.2e+02s total. Expected time remaining: 0.0s
2020-07-27 21:14:57,903 - root - INFO - #200 MAX:accuracy.mean: 0.86
2020-07-27 21:14:58,061 - root - DEBUG - Loaded 150 samples.
2020-07-27 21:14:58,068 - root - INFO - Evaluating indivs in hall of fame.
2020-07-27 21:15:00,167 - root - INFO - Completed excution.
