2020-07-18 23:56:58,302 - root - INFO - Package version 0.1.1
2020-07-18 23:56:58,302 - root - INFO - Saving data at /vol/fob-vol1/mi15/plonerma/Lab/rewann/data/2020-07-18_Iris [0, 1, 3, 8, 9, 10]; uniform -2,2; signed: False_000.
2020-07-18 23:56:58,303 - root - DEBUG - Loading training dataset
2020-07-18 23:56:58,362 - root - DEBUG - Loaded 150 samples.
2020-07-18 23:56:58,363 - root - DEBUG - Running experiments with the following parameters:
debug = true
experiment_name = "Iris [0, 1, 3, 8, 9, 10]; uniform -2,2; signed: False"
experiment_path = "data/2020-07-18_Iris [0, 1, 3, 8, 9, 10]; uniform -2,2; signed: False_000"

[config]
num_workers = 1
debug = true
backend = "numpy"

[postopt]
run_postopt = true
compile_report = false
num_weights = 100
num_samples = -1

[sampling]
seed = 0
post_init_seed = false
distribution = "uniform"
lower_bound = -2
upper_bound = 2
mean = 0
sigma = 1
num_weights_per_iteration = 5
num_samples_per_iteration = -1
hof_evaluation_iterations = 20

[task]
name = "iris"
sample_order_seed = 0
test_portion = 0.2
sample_length = 10
num_categories = 8

[storage]
data_base_path = "data"
log_filename = "execution.log"
commit_elite_freq = -1
commit_metrics_freq = 10

[population]
num_generations = 200
size = 100
initial_enabled_edge_prob = 0.05
initial_genes = "full"
hof_size = 10
enable_edge_signs = false
enabled_activation_funcs = [ 0, 1, 3, 8, 9, 10,]

[selection]
use_tournaments = true
elite_ratio = 0.1
culling_ratio = 0.2
tournament_size = 5
objectives = [ "-log_loss.min", "-log_loss.mean", "-n_hidden",]
recorded_metrics = [ "accuracy", "kappa", "log_loss",]
hof_metric = "accuracy.mean"

[mutation.new_edge]
probability = 0.2
strategy = "layer_agnostic"
propability = 0.2

[mutation.new_node]
probability = 0.25
propability = 0.3

[mutation.reenable_edge]
probability = 0.05
propability = 0.1

[mutation.change_activation]
probability = 0.5
propability = 0.4

[mutation.change_edge_sign]
probability = 0.2

[mutation.new_recurrent_edge]
probability = 0.2
strategy = "any"

2020-07-18 23:56:58,371 - root - INFO - Starting evolutionary algorithm
2020-07-18 23:56:58,387 - root - DEBUG - Sampled weight [-0.21282672  1.34796146 -1.11270388 -0.02421898  1.71847496]
2020-07-18 23:56:59,431 - root - DEBUG - Updating hall of fame
2020-07-18 23:57:01,326 - root - INFO - Completed generation 1; 3.0s elapsed, 3.0s avg, 3.0s total. Expected time remaining: 5.9e+02s
2020-07-18 23:57:01,380 - root - INFO - #1 MAX:accuracy.mean: 0.47
2020-07-18 23:57:01,420 - root - DEBUG - Sampled weight [ 0.95329903 -0.96263397  1.85608156  0.64779493 -1.72488861]
2020-07-18 23:57:02,476 - root - DEBUG - Updating hall of fame
2020-07-18 23:57:04,308 - root - INFO - Completed generation 2; 2.9s elapsed, 2.9s avg, 5.9s total. Expected time remaining: 5.8e+02s
2020-07-18 23:57:04,361 - root - INFO - #2 MAX:accuracy.mean: 0.33
2020-07-18 23:57:04,400 - root - DEBUG - Sampled weight [-1.35877913  1.2233233  -1.81972069 -1.73436499 -0.80992488]
2020-07-18 23:57:05,440 - root - DEBUG - Updating hall of fame
2020-07-18 23:57:07,078 - root - INFO - Completed generation 3; 2.7s elapsed, 2.9s avg, 8.6s total. Expected time remaining: 5.6e+02s
2020-07-18 23:57:07,131 - root - INFO - #3 MAX:accuracy.mean: 0.33
2020-07-18 23:57:07,171 - root - DEBUG - Sampled weight [-1.33953613  1.75244899  0.6533     -0.33951654  1.84993004]
2020-07-18 23:57:08,211 - root - DEBUG - Updating hall of fame
2020-07-18 23:57:09,845 - root - INFO - Completed generation 4; 2.7s elapsed, 2.8s avg, 1.1e+01s total. Expected time remaining: 5.5e+02s
2020-07-18 23:57:09,898 - root - INFO - #4 MAX:accuracy.mean: 0.41
2020-07-18 23:57:09,937 - root - DEBUG - Sampled weight [ 1.55533158 -1.9835508   0.28636416  0.08069117 -1.67284024]
2020-07-18 23:57:10,988 - root - DEBUG - Updating hall of fame
2020-07-18 23:57:12,633 - root - INFO - Completed generation 5; 2.7s elapsed, 2.8s avg, 1.4e+01s total. Expected time remaining: 5.5e+02s
2020-07-18 23:57:12,687 - root - INFO - #5 MAX:accuracy.mean: 0.37
2020-07-18 23:57:12,727 - root - DEBUG - Sampled weight [-1.42818511  1.92931669  0.01707609 -0.82326289 -1.77797931]
2020-07-18 23:57:13,775 - root - DEBUG - Updating hall of fame
2020-07-18 23:57:15,427 - root - INFO - Completed generation 6; 2.7s elapsed, 2.8s avg, 1.7e+01s total. Expected time remaining: 5.4e+02s
2020-07-18 23:57:15,480 - root - INFO - #6 MAX:accuracy.mean: 0.45
2020-07-18 23:57:15,519 - root - DEBUG - Sampled weight [-1.64024424 -1.81380958  0.13597064 -0.07788387  1.07204289]
2020-07-18 23:57:16,578 - root - DEBUG - Updating hall of fame
2020-07-18 23:57:17,887 - root - INFO - Completed generation 7; 2.4s elapsed, 2.7s avg, 1.9e+01s total. Expected time remaining: 5.3e+02s
2020-07-18 23:57:17,941 - root - INFO - #7 MAX:accuracy.mean: 0.41
2020-07-18 23:57:17,982 - root - DEBUG - Sampled weight [ 0.87273748 -1.1714434  -0.33277449  0.79319436  1.57754681]
2020-07-18 23:57:19,039 - root - DEBUG - Updating hall of fame
2020-07-18 23:57:20,165 - root - INFO - Completed generation 8; 2.2s elapsed, 2.7s avg, 2.1e+01s total. Expected time remaining: 5.1e+02s
2020-07-18 23:57:20,217 - root - INFO - #8 MAX:accuracy.mean: 0.55
2020-07-18 23:57:20,258 - root - DEBUG - Sampled weight [-0.32417144  1.96907989  0.76344547  1.60126632  0.80949822]
2020-07-18 23:57:21,315 - root - DEBUG - Updating hall of fame
2020-07-18 23:57:22,229 - root - INFO - Completed generation 9; 2.0s elapsed, 2.6s avg, 2.3e+01s total. Expected time remaining: 5e+02s
2020-07-18 23:57:22,283 - root - INFO - #9 MAX:accuracy.mean: 0.55
2020-07-18 23:57:22,323 - root - DEBUG - Sampled weight [ 0.55004853  0.45709979 -0.62238081 -0.18018676  1.33484662]
2020-07-18 23:57:23,392 - root - DEBUG - Updating hall of fame
2020-07-18 23:57:24,516 - root - INFO - Completed generation 10; 2.2s elapsed, 2.6s avg, 2.6e+01s total. Expected time remaining: 4.9e+02s
2020-07-18 23:57:24,569 - root - INFO - #10 MAX:accuracy.mean: 0.46
2020-07-18 23:57:24,644 - root - DEBUG - Sampled weight [-0.00815302  0.31647687 -1.07251008  1.10415681 -0.5543593 ]
2020-07-18 23:57:25,706 - root - DEBUG - Updating hall of fame
2020-07-18 23:57:27,033 - root - INFO - Completed generation 11; 2.4s elapsed, 2.6s avg, 2.8e+01s total. Expected time remaining: 4.8e+02s
2020-07-18 23:57:27,087 - root - INFO - #11 MAX:accuracy.mean: 0.57
2020-07-18 23:57:27,127 - root - DEBUG - Sampled weight [-1.2770975  -0.88793835 -1.73654804 -0.95349085 -1.22880497]
2020-07-18 23:57:28,179 - root - DEBUG - Updating hall of fame
2020-07-18 23:57:29,842 - root - INFO - Completed generation 12; 2.8s elapsed, 2.6s avg, 3.1e+01s total. Expected time remaining: 4.8e+02s
2020-07-18 23:57:29,895 - root - INFO - #12 MAX:accuracy.mean: 0.67
2020-07-18 23:57:29,935 - root - DEBUG - Sampled weight [-1.19285678 -1.22874731 -0.72661539  1.58987265 -1.78170134]
2020-07-18 23:57:30,992 - root - DEBUG - Updating hall of fame
2020-07-18 23:57:32,517 - root - INFO - Completed generation 13; 2.6s elapsed, 2.6s avg, 3.3e+01s total. Expected time remaining: 4.8e+02s
2020-07-18 23:57:32,571 - root - INFO - #13 MAX:accuracy.mean: 0.67
2020-07-18 23:57:32,611 - root - DEBUG - Sampled weight [-0.41785049  1.37606996 -1.398233   -0.7747624  -1.62171907]
2020-07-18 23:57:33,672 - root - DEBUG - Updating hall of fame
2020-07-18 23:57:34,794 - root - INFO - Completed generation 14; 2.2s elapsed, 2.5s avg, 3.6e+01s total. Expected time remaining: 4.7e+02s
2020-07-18 23:57:34,847 - root - INFO - #14 MAX:accuracy.mean: 0.63
2020-07-18 23:57:34,888 - root - DEBUG - Sampled weight [-0.96512368  0.88137275  1.88243329 -0.87557018  0.11125939]
2020-07-18 23:57:35,944 - root - DEBUG - Updating hall of fame
2020-07-18 23:57:37,060 - root - INFO - Completed generation 15; 2.2s elapsed, 2.5s avg, 3.8e+01s total. Expected time remaining: 4.7e+02s
2020-07-18 23:57:37,113 - root - INFO - #15 MAX:accuracy.mean: 0.6
2020-07-18 23:57:37,152 - root - DEBUG - Sampled weight [0.51899188 0.07709248 0.22524254 0.75910724 1.9302476 ]
2020-07-18 23:57:38,209 - root - DEBUG - Updating hall of fame
2020-07-18 23:57:39,341 - root - INFO - Completed generation 16; 2.2s elapsed, 2.5s avg, 4e+01s total. Expected time remaining: 4.6e+02s
2020-07-18 23:57:39,394 - root - INFO - #16 MAX:accuracy.mean: 0.6
2020-07-18 23:57:39,435 - root - DEBUG - Sampled weight [ 1.1726472  -0.92010315  1.26052606 -1.08169735  1.09325798]
2020-07-18 23:57:40,496 - root - DEBUG - Updating hall of fame
2020-07-18 23:57:41,241 - root - INFO - Completed generation 17; 1.8s elapsed, 2.5s avg, 4.2e+01s total. Expected time remaining: 4.5e+02s
2020-07-18 23:57:41,294 - root - INFO - #17 MAX:accuracy.mean: 0.67
2020-07-18 23:57:41,334 - root - DEBUG - Sampled weight [ 0.51682271  0.96147815  0.40935941 -0.77260358  1.84659955]
2020-07-18 23:57:42,394 - root - DEBUG - Updating hall of fame
2020-07-18 23:57:43,150 - root - INFO - Completed generation 18; 1.9s elapsed, 2.4s avg, 4.4e+01s total. Expected time remaining: 4.4e+02s
2020-07-18 23:57:43,203 - root - INFO - #18 MAX:accuracy.mean: 0.61
2020-07-18 23:57:43,243 - root - DEBUG - Sampled weight [ 1.0108875   0.90803858  1.44473032  1.35670829 -1.87938475]
2020-07-18 23:57:44,300 - root - DEBUG - Updating hall of fame
2020-07-18 23:57:45,052 - root - INFO - Completed generation 19; 1.8s elapsed, 2.4s avg, 4.6e+01s total. Expected time remaining: 4.4e+02s
2020-07-18 23:57:45,105 - root - INFO - #19 MAX:accuracy.mean: 0.67
2020-07-18 23:57:45,145 - root - DEBUG - Sampled weight [ 0.39070939  0.61014951  1.07144897  1.49185137 -1.99364416]
2020-07-18 23:57:46,206 - root - DEBUG - Updating hall of fame
2020-07-18 23:57:47,309 - root - INFO - Completed generation 20; 2.2s elapsed, 2.4s avg, 4.8e+01s total. Expected time remaining: 4.3e+02s
2020-07-18 23:57:47,362 - root - INFO - #20 MAX:accuracy.mean: 0.59
2020-07-18 23:57:47,441 - root - DEBUG - Sampled weight [ 1.25287826  1.98166262 -1.73655583  1.16070914 -0.74904112]
2020-07-18 23:57:48,504 - root - DEBUG - Updating hall of fame
2020-07-18 23:57:48,690 - root - INFO - Completed generation 21; 1.3s elapsed, 2.3s avg, 4.9e+01s total. Expected time remaining: 4.2e+02s
2020-07-18 23:57:48,743 - root - INFO - #21 MAX:accuracy.mean: 0.66
2020-07-18 23:57:48,783 - root - DEBUG - Sampled weight [-0.40011299 -1.70335182  0.29642215 -0.3750789  -0.33510905]
2020-07-18 23:57:49,853 - root - DEBUG - Updating hall of fame
2020-07-18 23:57:51,332 - root - INFO - Completed generation 22; 2.6s elapsed, 2.4s avg, 5.2e+01s total. Expected time remaining: 4.2e+02s
2020-07-18 23:57:51,386 - root - INFO - #22 MAX:accuracy.mean: 0.6
2020-07-18 23:57:51,427 - root - DEBUG - Sampled weight [ 0.88747484 -1.11983209  1.91499737 -0.23797079  0.36228732]
2020-07-18 23:57:52,489 - root - DEBUG - Updating hall of fame
2020-07-18 23:57:52,489 - root - INFO - Completed generation 23; 1.1s elapsed, 2.3s avg, 5.3e+01s total. Expected time remaining: 4.1e+02s
2020-07-18 23:57:52,542 - root - INFO - #23 MAX:accuracy.mean: 0.56
2020-07-18 23:57:52,583 - root - DEBUG - Sampled weight [-1.42571977 -0.24257509 -1.01768661 -0.39506661 -1.37072382]
2020-07-18 23:57:53,647 - root - DEBUG - Updating hall of fame
2020-07-18 23:57:54,195 - root - INFO - Completed generation 24; 1.7s elapsed, 2.3s avg, 5.5e+01s total. Expected time remaining: 4e+02s
2020-07-18 23:57:54,249 - root - INFO - #24 MAX:accuracy.mean: 0.62
2020-07-18 23:57:54,289 - root - DEBUG - Sampled weight [-0.0485462  -1.91229691  1.18822344 -0.80261175  0.19500595]
2020-07-18 23:57:55,350 - root - DEBUG - Updating hall of fame
2020-07-18 23:57:56,274 - root - INFO - Completed generation 25; 2.0s elapsed, 2.3s avg, 5.7e+01s total. Expected time remaining: 4e+02s
2020-07-18 23:57:56,327 - root - INFO - #25 MAX:accuracy.mean: 0.58
2020-07-18 23:57:56,367 - root - DEBUG - Sampled weight [ 0.37840826  1.68155861 -1.47059347  1.46331372  1.60753902]
2020-07-18 23:57:57,425 - root - DEBUG - Updating hall of fame
2020-07-18 23:57:58,159 - root - INFO - Completed generation 26; 1.8s elapsed, 2.2s avg, 5.8e+01s total. Expected time remaining: 3.9e+02s
2020-07-18 23:57:58,213 - root - INFO - #26 MAX:accuracy.mean: 0.58
2020-07-18 23:57:58,253 - root - DEBUG - Sampled weight [ 1.68713694  0.1007799   1.17698495 -0.25594655 -0.33477869]
2020-07-18 23:57:59,306 - root - DEBUG - Updating hall of fame
2020-07-18 23:58:00,038 - root - INFO - Completed generation 27; 1.8s elapsed, 2.2s avg, 6e+01s total. Expected time remaining: 3.9e+02s
2020-07-18 23:58:00,091 - root - INFO - #27 MAX:accuracy.mean: 0.57
2020-07-18 23:58:00,131 - root - DEBUG - Sampled weight [-0.20989129  1.55047452 -1.2742025  -0.09607955 -1.47116866]
2020-07-18 23:58:01,189 - root - DEBUG - Updating hall of fame
2020-07-18 23:58:01,975 - root - INFO - Completed generation 28; 1.9s elapsed, 2.2s avg, 6.2e+01s total. Expected time remaining: 3.8e+02s
2020-07-18 23:58:02,032 - root - INFO - #28 MAX:accuracy.mean: 0.56
2020-07-18 23:58:02,075 - root - DEBUG - Sampled weight [ 0.89013383 -1.61284254 -1.60659538 -1.13294878 -0.75659177]
2020-07-18 23:58:03,130 - root - DEBUG - Updating hall of fame
2020-07-18 23:58:03,315 - root - INFO - Completed generation 29; 1.3s elapsed, 2.2s avg, 6.3e+01s total. Expected time remaining: 3.7e+02s
2020-07-18 23:58:03,368 - root - INFO - #29 MAX:accuracy.mean: 0.67
2020-07-18 23:58:03,409 - root - DEBUG - Sampled weight [ 1.19938843 -1.20450457  0.48567708 -0.3090011  -0.29304251]
2020-07-18 23:58:04,466 - root - DEBUG - Updating hall of fame
2020-07-18 23:58:05,563 - root - INFO - Completed generation 30; 2.2s elapsed, 2.2s avg, 6.6e+01s total. Expected time remaining: 3.7e+02s
2020-07-18 23:58:05,616 - root - INFO - #30 MAX:accuracy.mean: 0.69
2020-07-18 23:58:05,698 - root - DEBUG - Sampled weight [ 0.67399399  1.00699469  1.37957636 -1.89916283  1.1636795 ]
2020-07-18 23:58:06,758 - root - DEBUG - Updating hall of fame
2020-07-18 23:58:07,685 - root - INFO - Completed generation 31; 2.0s elapsed, 2.2s avg, 6.8e+01s total. Expected time remaining: 3.7e+02s
2020-07-18 23:58:07,738 - root - INFO - #31 MAX:accuracy.mean: 0.66
2020-07-18 23:58:07,778 - root - DEBUG - Sampled weight [-1.71659565  0.14569202  1.26054827  0.71798944  0.58195958]
2020-07-18 23:58:08,835 - root - DEBUG - Updating hall of fame
2020-07-18 23:58:09,570 - root - INFO - Completed generation 32; 1.8s elapsed, 2.2s avg, 6.9e+01s total. Expected time remaining: 3.6e+02s
2020-07-18 23:58:09,623 - root - INFO - #32 MAX:accuracy.mean: 0.6
2020-07-18 23:58:09,663 - root - DEBUG - Sampled weight [ 1.42702415 -1.31437141 -1.79861516 -1.64775565  1.52504084]
2020-07-18 23:58:10,719 - root - DEBUG - Updating hall of fame
2020-07-18 23:58:11,267 - root - INFO - Completed generation 33; 1.6s elapsed, 2.2s avg, 7.1e+01s total. Expected time remaining: 3.6e+02s
2020-07-18 23:58:11,319 - root - INFO - #33 MAX:accuracy.mean: 0.67
2020-07-18 23:58:11,360 - root - DEBUG - Sampled weight [ 1.62946962  0.25469092  0.91203805 -0.53501296  0.1780927 ]
2020-07-18 23:58:12,421 - root - DEBUG - Updating hall of fame
2020-07-18 23:58:13,154 - root - INFO - Completed generation 34; 1.8s elapsed, 2.1s avg, 7.3e+01s total. Expected time remaining: 3.6e+02s
2020-07-18 23:58:13,207 - root - INFO - #34 MAX:accuracy.mean: 0.6
2020-07-18 23:58:13,248 - root - DEBUG - Sampled weight [0.44534754 0.18981388 0.64024536 1.26336421 0.04397726]
2020-07-18 23:58:14,304 - root - DEBUG - Updating hall of fame
2020-07-18 23:58:15,764 - root - INFO - Completed generation 35; 2.6s elapsed, 2.2s avg, 7.5e+01s total. Expected time remaining: 3.6e+02s
2020-07-18 23:58:15,818 - root - INFO - #35 MAX:accuracy.mean: 0.57
2020-07-18 23:58:15,858 - root - DEBUG - Sampled weight [-1.97686357 -1.93787633 -1.10423869  1.28535729  1.27329542]
2020-07-18 23:58:16,918 - root - DEBUG - Updating hall of fame
2020-07-18 23:58:17,466 - root - INFO - Completed generation 36; 1.6s elapsed, 2.1s avg, 7.7e+01s total. Expected time remaining: 3.5e+02s
2020-07-18 23:58:17,519 - root - INFO - #36 MAX:accuracy.mean: 0.64
2020-07-18 23:58:17,559 - root - DEBUG - Sampled weight [ 0.95636529  0.81392458 -1.10499639 -1.39710111 -1.52237063]
2020-07-18 23:58:18,621 - root - DEBUG - Updating hall of fame
2020-07-18 23:58:19,356 - root - INFO - Completed generation 37; 1.8s elapsed, 2.1s avg, 7.9e+01s total. Expected time remaining: 3.5e+02s
2020-07-18 23:58:19,409 - root - INFO - #37 MAX:accuracy.mean: 0.66
2020-07-18 23:58:19,449 - root - DEBUG - Sampled weight [-0.48517095 -1.09177028  0.13590111 -1.89998747  1.45231539]
2020-07-18 23:58:20,509 - root - DEBUG - Updating hall of fame
2020-07-18 23:58:21,438 - root - INFO - Completed generation 38; 2.0s elapsed, 2.1s avg, 8.1e+01s total. Expected time remaining: 3.5e+02s
2020-07-18 23:58:21,491 - root - INFO - #38 MAX:accuracy.mean: 0.59
2020-07-18 23:58:21,532 - root - DEBUG - Sampled weight [-0.10861876  1.52826791  0.84268002 -1.06485051 -1.10910493]
2020-07-18 23:58:22,613 - root - DEBUG - Updating hall of fame
2020-07-18 23:58:22,998 - root - INFO - Completed generation 39; 1.5s elapsed, 2.1s avg, 8.2e+01s total. Expected time remaining: 3.4e+02s
2020-07-18 23:58:23,087 - root - INFO - #39 MAX:accuracy.mean: 0.61
2020-07-18 23:58:23,130 - root - DEBUG - Sampled weight [-0.04758522  0.50313705 -0.98418899  1.00688811 -0.11003622]
2020-07-18 23:58:24,251 - root - DEBUG - Updating hall of fame
2020-07-18 23:58:24,851 - root - INFO - Completed generation 40; 1.8s elapsed, 2.1s avg, 8.4e+01s total. Expected time remaining: 3.4e+02s
2020-07-18 23:58:24,908 - root - INFO - #40 MAX:accuracy.mean: 0.57
2020-07-18 23:58:24,995 - root - DEBUG - Sampled weight [ 1.00026221 -0.26447677  0.25689565  0.32718351  1.10959219]
2020-07-18 23:58:26,133 - root - DEBUG - Updating hall of fame
2020-07-18 23:58:26,318 - root - INFO - Completed generation 41; 1.4s elapsed, 2.1s avg, 8.6e+01s total. Expected time remaining: 3.3e+02s
2020-07-18 23:58:26,371 - root - INFO - #41 MAX:accuracy.mean: 0.66
2020-07-18 23:58:26,412 - root - DEBUG - Sampled weight [-1.77236391 -0.60493662  1.4775241   1.00496325 -1.80006855]
2020-07-18 23:58:27,482 - root - DEBUG - Updating hall of fame
2020-07-18 23:58:28,401 - root - INFO - Completed generation 42; 2.0s elapsed, 2.1s avg, 8.8e+01s total. Expected time remaining: 3.3e+02s
2020-07-18 23:58:28,455 - root - INFO - #42 MAX:accuracy.mean: 0.66
2020-07-18 23:58:28,496 - root - DEBUG - Sampled weight [ 0.50607639  1.34492999  0.90877639 -1.58603085  1.87042058]
2020-07-18 23:58:29,561 - root - DEBUG - Updating hall of fame
2020-07-18 23:58:30,683 - root - INFO - Completed generation 43; 2.2s elapsed, 2.1s avg, 9e+01s total. Expected time remaining: 3.3e+02s
2020-07-18 23:58:30,736 - root - INFO - #43 MAX:accuracy.mean: 0.61
2020-07-18 23:58:30,776 - root - DEBUG - Sampled weight [-1.81805166 -1.26641541  1.66546603  0.64037861  0.56166723]
2020-07-18 23:58:31,848 - root - DEBUG - Updating hall of fame
2020-07-18 23:58:32,598 - root - INFO - Completed generation 44; 1.9s elapsed, 2.1s avg, 9.2e+01s total. Expected time remaining: 3.3e+02s
2020-07-18 23:58:32,652 - root - INFO - #44 MAX:accuracy.mean: 0.65
2020-07-18 23:58:32,692 - root - DEBUG - Sampled weight [-1.60295958 -0.520315   -0.40270494  1.54176175  0.19882052]
2020-07-18 23:58:33,771 - root - DEBUG - Updating hall of fame
2020-07-18 23:58:34,699 - root - INFO - Completed generation 45; 2.0s elapsed, 2.1s avg, 9.4e+01s total. Expected time remaining: 3.2e+02s
2020-07-18 23:58:34,753 - root - INFO - #45 MAX:accuracy.mean: 0.63
2020-07-18 23:58:34,793 - root - DEBUG - Sampled weight [ 1.17177219 -1.69065818  0.75792346 -0.40695811  1.38646004]
2020-07-18 23:58:35,871 - root - DEBUG - Updating hall of fame
2020-07-18 23:58:36,610 - root - INFO - Completed generation 46; 1.9s elapsed, 2.1s avg, 9.6e+01s total. Expected time remaining: 3.2e+02s
2020-07-18 23:58:36,664 - root - INFO - #46 MAX:accuracy.mean: 0.66
2020-07-18 23:58:36,705 - root - DEBUG - Sampled weight [-1.72469936 -0.24197051  0.5731349   0.29236914  0.68686463]
2020-07-18 23:58:37,779 - root - DEBUG - Updating hall of fame
2020-07-18 23:58:38,339 - root - INFO - Completed generation 47; 1.7s elapsed, 2.1s avg, 9.7e+01s total. Expected time remaining: 3.2e+02s
2020-07-18 23:58:38,392 - root - INFO - #47 MAX:accuracy.mean: 0.68
2020-07-18 23:58:38,432 - root - DEBUG - Sampled weight [ 0.29334495 -0.73481246 -0.76550113 -1.42144278 -1.22846957]
2020-07-18 23:58:39,508 - root - DEBUG - Updating hall of fame
2020-07-18 23:58:40,441 - root - INFO - Completed generation 48; 2.0s elapsed, 2.1s avg, 9.9e+01s total. Expected time remaining: 3.1e+02s
2020-07-18 23:58:40,495 - root - INFO - #48 MAX:accuracy.mean: 0.67
2020-07-18 23:58:40,536 - root - DEBUG - Sampled weight [ 1.24384961 -1.51178261 -1.44541072  0.12512988  1.19064228]
2020-07-18 23:58:41,612 - root - DEBUG - Updating hall of fame
2020-07-18 23:58:42,359 - root - INFO - Completed generation 49; 1.9s elapsed, 2.1s avg, 1e+02s total. Expected time remaining: 3.1e+02s
2020-07-18 23:58:42,412 - root - INFO - #49 MAX:accuracy.mean: 0.6
2020-07-18 23:58:42,453 - root - DEBUG - Sampled weight [ 0.26190976 -0.54173391  0.1993644  -0.31283406  1.27658277]
2020-07-18 23:58:43,538 - root - DEBUG - Updating hall of fame
2020-07-18 23:58:44,095 - root - INFO - Completed generation 50; 1.7s elapsed, 2.1s avg, 1e+02s total. Expected time remaining: 3.1e+02s
2020-07-18 23:58:44,149 - root - INFO - #50 MAX:accuracy.mean: 0.62
2020-07-18 23:58:44,230 - root - DEBUG - Sampled weight [-0.79927724 -1.42158437  1.3815109   0.76174382  1.90410755]
2020-07-18 23:58:45,308 - root - DEBUG - Updating hall of fame
2020-07-18 23:58:46,231 - root - INFO - Completed generation 51; 2.0s elapsed, 2.1s avg, 1e+02s total. Expected time remaining: 3.1e+02s
2020-07-18 23:58:46,284 - root - INFO - #51 MAX:accuracy.mean: 0.58
2020-07-18 23:58:46,324 - root - DEBUG - Sampled weight [ 0.68056801 -1.58319213 -1.62708203 -1.89042369  0.84290179]
2020-07-18 23:58:47,420 - root - DEBUG - Updating hall of fame
2020-07-18 23:58:48,182 - root - INFO - Completed generation 52; 1.9s elapsed, 2.1s avg, 1.1e+02s total. Expected time remaining: 3e+02s
2020-07-18 23:58:48,235 - root - INFO - #52 MAX:accuracy.mean: 0.66
2020-07-18 23:58:48,276 - root - DEBUG - Sampled weight [1.33038856 1.52641213 0.65975867 1.543192   1.75669513]
2020-07-18 23:58:49,363 - root - DEBUG - Updating hall of fame
2020-07-18 23:58:50,121 - root - INFO - Completed generation 53; 1.9s elapsed, 2.1s avg, 1.1e+02s total. Expected time remaining: 3e+02s
2020-07-18 23:58:50,175 - root - INFO - #53 MAX:accuracy.mean: 0.66
2020-07-18 23:58:50,216 - root - DEBUG - Sampled weight [ 1.83346988  0.12978165 -1.23480495  1.61502526 -0.17809823]
2020-07-18 23:58:51,303 - root - DEBUG - Updating hall of fame
2020-07-18 23:58:52,433 - root - INFO - Completed generation 54; 2.3s elapsed, 2.1s avg, 1.1e+02s total. Expected time remaining: 3e+02s
2020-07-18 23:58:52,487 - root - INFO - #54 MAX:accuracy.mean: 0.6
2020-07-18 23:58:52,527 - root - DEBUG - Sampled weight [ 0.1952233  -1.64931883 -1.21400079 -1.37037287  1.54488326]
2020-07-18 23:58:53,607 - root - DEBUG - Updating hall of fame
2020-07-18 23:58:54,180 - root - INFO - Completed generation 55; 1.7s elapsed, 2.0s avg, 1.1e+02s total. Expected time remaining: 3e+02s
2020-07-18 23:58:54,234 - root - INFO - #55 MAX:accuracy.mean: 0.61
2020-07-18 23:58:54,276 - root - DEBUG - Sampled weight [-0.97620755  0.30154056  0.53737474  0.22291532 -0.40841702]
2020-07-18 23:58:55,368 - root - DEBUG - Updating hall of fame
2020-07-18 23:58:55,751 - root - INFO - Completed generation 56; 1.5s elapsed, 2.0s avg, 1.1e+02s total. Expected time remaining: 2.9e+02s
2020-07-18 23:58:55,804 - root - INFO - #56 MAX:accuracy.mean: 0.64
2020-07-18 23:58:55,844 - root - DEBUG - Sampled weight [-1.07365462 -0.73098851 -0.2463281   0.02541652  0.19947411]
2020-07-18 23:58:56,923 - root - DEBUG - Updating hall of fame
2020-07-18 23:58:57,666 - root - INFO - Completed generation 57; 1.9s elapsed, 2.0s avg, 1.2e+02s total. Expected time remaining: 2.9e+02s
2020-07-18 23:58:57,719 - root - INFO - #57 MAX:accuracy.mean: 0.56
2020-07-18 23:58:57,761 - root - DEBUG - Sampled weight [ 0.98456185  0.06406664  1.34409625 -0.8875356   0.02199905]
2020-07-18 23:58:58,837 - root - DEBUG - Updating hall of fame
2020-07-18 23:58:59,206 - root - INFO - Completed generation 58; 1.5s elapsed, 2.0s avg, 1.2e+02s total. Expected time remaining: 2.9e+02s
2020-07-18 23:58:59,260 - root - INFO - #58 MAX:accuracy.mean: 0.58
2020-07-18 23:58:59,301 - root - DEBUG - Sampled weight [-0.28667645  0.05827277 -0.95521709 -0.30905735 -0.38602296]
2020-07-18 23:59:00,387 - root - DEBUG - Updating hall of fame
2020-07-18 23:59:00,572 - root - INFO - Completed generation 59; 1.3s elapsed, 2.0s avg, 1.2e+02s total. Expected time remaining: 2.8e+02s
2020-07-18 23:59:00,625 - root - INFO - #59 MAX:accuracy.mean: 0.6
2020-07-18 23:59:00,665 - root - DEBUG - Sampled weight [-1.72446894 -1.66499015  0.1153133  -0.16549567 -0.39659932]
2020-07-18 23:59:01,751 - root - DEBUG - Updating hall of fame
2020-07-18 23:59:02,349 - root - INFO - Completed generation 60; 1.7s elapsed, 2.0s avg, 1.2e+02s total. Expected time remaining: 2.8e+02s
2020-07-18 23:59:02,406 - root - INFO - #60 MAX:accuracy.mean: 0.55
2020-07-18 23:59:02,510 - root - DEBUG - Sampled weight [ 1.3629394  -1.16576851 -0.97443849 -1.01653039 -1.02766182]
2020-07-18 23:59:03,674 - root - DEBUG - Updating hall of fame
2020-07-18 23:59:04,075 - root - INFO - Completed generation 61; 1.6s elapsed, 2.0s avg, 1.2e+02s total. Expected time remaining: 2.8e+02s
2020-07-18 23:59:04,132 - root - INFO - #61 MAX:accuracy.mean: 0.67
2020-07-18 23:59:04,176 - root - DEBUG - Sampled weight [-0.68507188  0.32370141  0.69512023 -1.71033299  1.6555552 ]
2020-07-18 23:59:05,335 - root - DEBUG - Updating hall of fame
2020-07-18 23:59:06,291 - root - INFO - Completed generation 62; 2.2s elapsed, 2.0s avg, 1.2e+02s total. Expected time remaining: 2.8e+02s
2020-07-18 23:59:06,344 - root - INFO - #62 MAX:accuracy.mean: 0.64
2020-07-18 23:59:06,385 - root - DEBUG - Sampled weight [ 1.3722911  -0.69687147  0.40048247 -0.64938786  1.40750509]
2020-07-18 23:59:07,472 - root - DEBUG - Updating hall of fame
2020-07-18 23:59:08,413 - root - INFO - Completed generation 63; 2.1s elapsed, 2.0s avg, 1.3e+02s total. Expected time remaining: 2.7e+02s
2020-07-18 23:59:08,466 - root - INFO - #63 MAX:accuracy.mean: 0.7
2020-07-18 23:59:08,507 - root - DEBUG - Sampled weight [-0.4112205  -0.28122915 -1.99565866 -1.65495106 -0.49604744]
2020-07-18 23:59:09,584 - root - DEBUG - Updating hall of fame
2020-07-18 23:59:10,892 - root - INFO - Completed generation 64; 2.4s elapsed, 2.0s avg, 1.3e+02s total. Expected time remaining: 2.7e+02s
2020-07-18 23:59:10,945 - root - INFO - #64 MAX:accuracy.mean: 0.62
2020-07-18 23:59:10,986 - root - DEBUG - Sampled weight [-1.56521662  1.421831    0.77177355  1.24047838  1.32068682]
2020-07-18 23:59:12,051 - root - DEBUG - Updating hall of fame
2020-07-18 23:59:12,786 - root - INFO - Completed generation 65; 1.8s elapsed, 2.0s avg, 1.3e+02s total. Expected time remaining: 2.7e+02s
2020-07-18 23:59:12,839 - root - INFO - #65 MAX:accuracy.mean: 0.67
2020-07-18 23:59:12,879 - root - DEBUG - Sampled weight [ 1.17496394  0.19630035 -1.50414838  1.59246577  0.51825254]
2020-07-18 23:59:13,957 - root - DEBUG - Updating hall of fame
2020-07-18 23:59:14,704 - root - INFO - Completed generation 66; 1.9s elapsed, 2.0s avg, 1.3e+02s total. Expected time remaining: 2.7e+02s
2020-07-18 23:59:14,758 - root - INFO - #66 MAX:accuracy.mean: 0.6
2020-07-18 23:59:14,798 - root - DEBUG - Sampled weight [ 1.13275229  0.51670276 -0.54486471 -1.91217938  1.59032599]
2020-07-18 23:59:15,882 - root - DEBUG - Updating hall of fame
2020-07-18 23:59:16,439 - root - INFO - Completed generation 67; 1.7s elapsed, 2.0s avg, 1.3e+02s total. Expected time remaining: 2.7e+02s
2020-07-18 23:59:16,492 - root - INFO - #67 MAX:accuracy.mean: 0.6
2020-07-18 23:59:16,532 - root - DEBUG - Sampled weight [ 0.00521948  0.34453269 -1.81339236  1.77397146  0.54012827]
2020-07-18 23:59:17,613 - root - DEBUG - Updating hall of fame
2020-07-18 23:59:18,350 - root - INFO - Completed generation 68; 1.9s elapsed, 2.0s avg, 1.4e+02s total. Expected time remaining: 2.6e+02s
2020-07-18 23:59:18,403 - root - INFO - #68 MAX:accuracy.mean: 0.54
2020-07-18 23:59:18,444 - root - DEBUG - Sampled weight [ 1.50447886  0.45774882  0.02252783 -0.09388841  1.39291154]
2020-07-18 23:59:19,521 - root - DEBUG - Updating hall of fame
2020-07-18 23:59:20,075 - root - INFO - Completed generation 69; 1.7s elapsed, 2.0s avg, 1.4e+02s total. Expected time remaining: 2.6e+02s
2020-07-18 23:59:20,129 - root - INFO - #69 MAX:accuracy.mean: 0.57
2020-07-18 23:59:20,170 - root - DEBUG - Sampled weight [-0.18379108  0.78152135  1.9684272   0.43313006 -0.52154131]
2020-07-18 23:59:21,249 - root - DEBUG - Updating hall of fame
2020-07-18 23:59:21,630 - root - INFO - Completed generation 70; 1.5s elapsed, 2.0s avg, 1.4e+02s total. Expected time remaining: 2.6e+02s
2020-07-18 23:59:21,683 - root - INFO - #70 MAX:accuracy.mean: 0.57
2020-07-18 23:59:21,774 - root - DEBUG - Sampled weight [-1.85273524 -0.6100115  -1.5014009   1.25702069 -1.74930214]
2020-07-18 23:59:22,855 - root - DEBUG - Updating hall of fame
2020-07-18 23:59:23,597 - root - INFO - Completed generation 71; 1.9s elapsed, 2.0s avg, 1.4e+02s total. Expected time remaining: 2.6e+02s
2020-07-18 23:59:23,650 - root - INFO - #71 MAX:accuracy.mean: 0.67
2020-07-18 23:59:23,691 - root - DEBUG - Sampled weight [-1.40277347  0.03956612 -0.29138601 -0.89800159 -0.97356612]
2020-07-18 23:59:24,784 - root - DEBUG - Updating hall of fame
2020-07-18 23:59:25,723 - root - INFO - Completed generation 72; 2.1s elapsed, 2.0s avg, 1.4e+02s total. Expected time remaining: 2.5e+02s
2020-07-18 23:59:25,777 - root - INFO - #72 MAX:accuracy.mean: 0.6
2020-07-18 23:59:25,817 - root - DEBUG - Sampled weight [ 0.50931438  1.50028032  0.69366398  1.16329562 -1.80190591]
2020-07-18 23:59:26,911 - root - DEBUG - Updating hall of fame
2020-07-18 23:59:26,911 - root - INFO - Completed generation 73; 1.1s elapsed, 2.0s avg, 1.4e+02s total. Expected time remaining: 2.5e+02s
2020-07-18 23:59:26,964 - root - INFO - #73 MAX:accuracy.mean: 0.65
2020-07-18 23:59:27,006 - root - DEBUG - Sampled weight [ 1.89860758 -1.71614509  0.19816823  0.44781816 -0.50613445]
2020-07-18 23:59:28,094 - root - DEBUG - Updating hall of fame
2020-07-18 23:59:29,220 - root - INFO - Completed generation 74; 2.3s elapsed, 2.0s avg, 1.5e+02s total. Expected time remaining: 2.5e+02s
2020-07-18 23:59:29,273 - root - INFO - #74 MAX:accuracy.mean: 0.61
2020-07-18 23:59:29,314 - root - DEBUG - Sampled weight [ 0.81526277  0.91297371  1.76263748 -1.60608903  0.95613901]
2020-07-18 23:59:30,405 - root - DEBUG - Updating hall of fame
2020-07-18 23:59:30,963 - root - INFO - Completed generation 75; 1.7s elapsed, 2.0s avg, 1.5e+02s total. Expected time remaining: 2.5e+02s
2020-07-18 23:59:31,016 - root - INFO - #75 MAX:accuracy.mean: 0.64
2020-07-18 23:59:31,057 - root - DEBUG - Sampled weight [ 0.06745232 -0.38709099  0.07624109 -0.43655417 -0.04931112]
2020-07-18 23:59:32,147 - root - DEBUG - Updating hall of fame
2020-07-18 23:59:32,717 - root - INFO - Completed generation 76; 1.7s elapsed, 2.0s avg, 1.5e+02s total. Expected time remaining: 2.4e+02s
2020-07-18 23:59:32,771 - root - INFO - #76 MAX:accuracy.mean: 0.66
2020-07-18 23:59:32,813 - root - DEBUG - Sampled weight [ 1.78537014  1.25871142 -1.59387772 -0.630388   -1.34865612]
2020-07-18 23:59:33,887 - root - DEBUG - Updating hall of fame
2020-07-18 23:59:34,440 - root - INFO - Completed generation 77; 1.7s elapsed, 2.0s avg, 1.5e+02s total. Expected time remaining: 2.4e+02s
2020-07-18 23:59:34,493 - root - INFO - #77 MAX:accuracy.mean: 0.64
2020-07-18 23:59:34,533 - root - DEBUG - Sampled weight [1.10123802 0.22344057 1.94126929 1.46093129 0.64655087]
2020-07-18 23:59:35,597 - root - DEBUG - Updating hall of fame
2020-07-18 23:59:36,161 - root - INFO - Completed generation 78; 1.7s elapsed, 2.0s avg, 1.5e+02s total. Expected time remaining: 2.4e+02s
2020-07-18 23:59:36,214 - root - INFO - #78 MAX:accuracy.mean: 0.62
2020-07-18 23:59:36,255 - root - DEBUG - Sampled weight [-1.43311186  1.6363749  -1.3008494  -1.46182694 -1.17307293]
2020-07-18 23:59:37,338 - root - DEBUG - Updating hall of fame
2020-07-18 23:59:38,093 - root - INFO - Completed generation 79; 1.9s elapsed, 2.0s avg, 1.6e+02s total. Expected time remaining: 2.4e+02s
2020-07-18 23:59:38,147 - root - INFO - #79 MAX:accuracy.mean: 0.72
2020-07-18 23:59:38,188 - root - DEBUG - Sampled weight [-0.82419056 -1.95991176 -0.22030249  1.36873501  0.48819886]
2020-07-18 23:59:39,273 - root - DEBUG - Updating hall of fame
2020-07-18 23:59:40,026 - root - INFO - Completed generation 80; 1.9s elapsed, 2.0s avg, 1.6e+02s total. Expected time remaining: 2.4e+02s
2020-07-18 23:59:40,079 - root - INFO - #80 MAX:accuracy.mean: 0.67
2020-07-18 23:59:40,167 - root - DEBUG - Sampled weight [ 1.49583127 -0.8558253  -0.48747272 -0.13479011 -0.93108036]
2020-07-18 23:59:41,245 - root - DEBUG - Updating hall of fame
2020-07-18 23:59:41,997 - root - INFO - Completed generation 81; 1.9s elapsed, 2.0s avg, 1.6e+02s total. Expected time remaining: 2.3e+02s
2020-07-18 23:59:42,050 - root - INFO - #81 MAX:accuracy.mean: 0.59
2020-07-18 23:59:42,090 - root - DEBUG - Sampled weight [ 0.70804482 -1.50731377  0.81569753 -1.09868048  1.57769462]
2020-07-18 23:59:43,196 - root - DEBUG - Updating hall of fame
2020-07-18 23:59:43,947 - root - INFO - Completed generation 82; 1.9s elapsed, 2.0s avg, 1.6e+02s total. Expected time remaining: 2.3e+02s
2020-07-18 23:59:44,000 - root - INFO - #82 MAX:accuracy.mean: 0.7
2020-07-18 23:59:44,041 - root - DEBUG - Sampled weight [ 0.28389744 -1.05957272 -0.16119967  1.86307304  1.76311193]
2020-07-18 23:59:45,145 - root - DEBUG - Updating hall of fame
2020-07-18 23:59:45,922 - root - INFO - Completed generation 83; 1.9s elapsed, 2.0s avg, 1.6e+02s total. Expected time remaining: 2.3e+02s
2020-07-18 23:59:45,976 - root - INFO - #83 MAX:accuracy.mean: 0.56
2020-07-18 23:59:46,018 - root - DEBUG - Sampled weight [-0.94870194  0.65247723 -0.06522172 -1.6391652  -1.57444019]
2020-07-18 23:59:47,124 - root - DEBUG - Updating hall of fame
2020-07-18 23:59:47,309 - root - INFO - Completed generation 84; 1.3s elapsed, 2.0s avg, 1.6e+02s total. Expected time remaining: 2.3e+02s
2020-07-18 23:59:47,362 - root - INFO - #84 MAX:accuracy.mean: 0.64
2020-07-18 23:59:47,402 - root - DEBUG - Sampled weight [-1.82778158  0.58601112  1.8525443   0.47527427 -1.53682092]
2020-07-18 23:59:48,489 - root - DEBUG - Updating hall of fame
2020-07-18 23:59:49,068 - root - INFO - Completed generation 85; 1.7s elapsed, 2.0s avg, 1.7e+02s total. Expected time remaining: 2.2e+02s
2020-07-18 23:59:49,121 - root - INFO - #85 MAX:accuracy.mean: 0.62
2020-07-18 23:59:49,162 - root - DEBUG - Sampled weight [-0.97710078  0.26928334  1.19359844 -1.35704777 -1.38396232]
2020-07-18 23:59:50,244 - root - DEBUG - Updating hall of fame
2020-07-18 23:59:50,997 - root - INFO - Completed generation 86; 1.9s elapsed, 1.9s avg, 1.7e+02s total. Expected time remaining: 2.2e+02s
2020-07-18 23:59:51,051 - root - INFO - #86 MAX:accuracy.mean: 0.59
2020-07-18 23:59:51,092 - root - DEBUG - Sampled weight [-0.28243949 -0.39240948 -0.55691615  1.36627123 -0.32978418]
2020-07-18 23:59:52,196 - root - DEBUG - Updating hall of fame
2020-07-18 23:59:52,566 - root - INFO - Completed generation 87; 1.5s elapsed, 1.9s avg, 1.7e+02s total. Expected time remaining: 2.2e+02s
2020-07-18 23:59:52,620 - root - INFO - #87 MAX:accuracy.mean: 0.62
2020-07-18 23:59:52,660 - root - DEBUG - Sampled weight [ 1.55193996  1.93074295  1.22001312 -1.67442791 -0.89739407]
2020-07-18 23:59:53,738 - root - DEBUG - Updating hall of fame
2020-07-18 23:59:54,660 - root - INFO - Completed generation 88; 2.0s elapsed, 1.9s avg, 1.7e+02s total. Expected time remaining: 2.2e+02s
2020-07-18 23:59:54,713 - root - INFO - #88 MAX:accuracy.mean: 0.63
2020-07-18 23:59:54,753 - root - DEBUG - Sampled weight [-1.55605201 -0.90191499  0.59406753 -1.83229493  1.86600205]
2020-07-18 23:59:55,839 - root - DEBUG - Updating hall of fame
2020-07-18 23:59:56,776 - root - INFO - Completed generation 89; 2.1s elapsed, 1.9s avg, 1.7e+02s total. Expected time remaining: 2.2e+02s
2020-07-18 23:59:56,830 - root - INFO - #89 MAX:accuracy.mean: 0.71
2020-07-18 23:59:56,871 - root - DEBUG - Sampled weight [ 1.67739325  0.57427016  0.77447296 -1.44283015  0.14606355]
2020-07-18 23:59:57,985 - root - DEBUG - Updating hall of fame
2020-07-18 23:59:58,727 - root - INFO - Completed generation 90; 1.9s elapsed, 1.9s avg, 1.8e+02s total. Expected time remaining: 2.1e+02s
2020-07-18 23:59:58,780 - root - INFO - #90 MAX:accuracy.mean: 0.71
2020-07-18 23:59:58,867 - root - DEBUG - Sampled weight [ 1.03399097  1.53346734 -0.43387399  0.8748777  -1.91787517]
2020-07-18 23:59:59,952 - root - DEBUG - Updating hall of fame
2020-07-19 00:00:00,903 - root - INFO - Completed generation 91; 2.1s elapsed, 1.9s avg, 1.8e+02s total. Expected time remaining: 2.1e+02s
2020-07-19 00:00:00,956 - root - INFO - #91 MAX:accuracy.mean: 0.57
2020-07-19 00:00:00,998 - root - DEBUG - Sampled weight [-1.15332853  0.62700724  0.78285654  0.50106373 -0.42586006]
2020-07-19 00:00:02,146 - root - DEBUG - Updating hall of fame
2020-07-19 00:00:02,738 - root - INFO - Completed generation 92; 1.8s elapsed, 1.9s avg, 1.8e+02s total. Expected time remaining: 2.1e+02s
2020-07-19 00:00:02,812 - root - INFO - #92 MAX:accuracy.mean: 0.67
2020-07-19 00:00:02,854 - root - DEBUG - Sampled weight [-0.8393525   1.89078587 -1.46491956  1.88362156  0.64098755]
2020-07-19 00:00:04,027 - root - DEBUG - Updating hall of fame
2020-07-19 00:00:04,830 - root - INFO - Completed generation 93; 2.0s elapsed, 1.9s avg, 1.8e+02s total. Expected time remaining: 2.1e+02s
2020-07-19 00:00:04,887 - root - INFO - #93 MAX:accuracy.mean: 0.73
2020-07-19 00:00:04,931 - root - DEBUG - Sampled weight [-0.4988082   0.1950505   0.40405438 -0.01399527 -0.11620256]
2020-07-19 00:00:06,102 - root - DEBUG - Updating hall of fame
2020-07-19 00:00:06,860 - root - INFO - Completed generation 94; 2.0s elapsed, 1.9s avg, 1.8e+02s total. Expected time remaining: 2.1e+02s
2020-07-19 00:00:06,914 - root - INFO - #94 MAX:accuracy.mean: 0.73
2020-07-19 00:00:06,954 - root - DEBUG - Sampled weight [-1.50512118  1.67331344  0.64332685  0.18176165  1.03673838]
2020-07-19 00:00:08,055 - root - DEBUG - Updating hall of fame
2020-07-19 00:00:09,044 - root - INFO - Completed generation 95; 2.1s elapsed, 1.9s avg, 1.9e+02s total. Expected time remaining: 2e+02s
2020-07-19 00:00:09,101 - root - INFO - #95 MAX:accuracy.mean: 0.65
2020-07-19 00:00:09,145 - root - DEBUG - Sampled weight [ 1.14767757  0.83972328 -0.61745715  0.90772256 -1.13772121]
2020-07-19 00:00:10,319 - root - DEBUG - Updating hall of fame
2020-07-19 00:00:10,732 - root - INFO - Completed generation 96; 1.6s elapsed, 1.9s avg, 1.9e+02s total. Expected time remaining: 2e+02s
2020-07-19 00:00:10,789 - root - INFO - #96 MAX:accuracy.mean: 0.74
2020-07-19 00:00:10,833 - root - DEBUG - Sampled weight [ 1.97543696  1.57107035 -0.86002045 -1.04436691 -0.62411073]
2020-07-19 00:00:11,992 - root - DEBUG - Updating hall of fame
2020-07-19 00:00:12,602 - root - INFO - Completed generation 97; 1.8s elapsed, 1.9s avg, 1.9e+02s total. Expected time remaining: 2e+02s
2020-07-19 00:00:12,659 - root - INFO - #97 MAX:accuracy.mean: 0.68
2020-07-19 00:00:12,702 - root - DEBUG - Sampled weight [ 1.02162683  0.2301383   1.68065376  1.1956907  -1.67959922]
2020-07-19 00:00:13,862 - root - DEBUG - Updating hall of fame
2020-07-19 00:00:14,620 - root - INFO - Completed generation 98; 2.0s elapsed, 1.9s avg, 1.9e+02s total. Expected time remaining: 2e+02s
2020-07-19 00:00:14,673 - root - INFO - #98 MAX:accuracy.mean: 0.59
2020-07-19 00:00:14,714 - root - DEBUG - Sampled weight [ 1.22288758  1.81141217  0.74514159 -1.45339641  0.84013733]
2020-07-19 00:00:15,804 - root - DEBUG - Updating hall of fame
2020-07-19 00:00:16,358 - root - INFO - Completed generation 99; 1.7s elapsed, 1.9s avg, 1.9e+02s total. Expected time remaining: 2e+02s
2020-07-19 00:00:16,412 - root - INFO - #99 MAX:accuracy.mean: 0.72
2020-07-19 00:00:16,453 - root - DEBUG - Sampled weight [ 1.45068596  1.27089458 -1.46903012 -0.9650142   0.04193944]
2020-07-19 00:00:17,529 - root - DEBUG - Updating hall of fame
2020-07-19 00:00:18,104 - root - INFO - Completed generation 100; 1.7s elapsed, 1.9s avg, 1.9e+02s total. Expected time remaining: 1.9e+02s
2020-07-19 00:00:18,161 - root - INFO - #100 MAX:accuracy.mean: 0.56
2020-07-19 00:00:18,272 - root - DEBUG - Sampled weight [-0.63263611 -1.26865643  1.94249374 -1.4474285  -0.7412397 ]
2020-07-19 00:00:19,347 - root - DEBUG - Updating hall of fame
2020-07-19 00:00:19,728 - root - INFO - Completed generation 101; 1.5s elapsed, 1.9s avg, 2e+02s total. Expected time remaining: 1.9e+02s
2020-07-19 00:00:19,782 - root - INFO - #101 MAX:accuracy.mean: 0.8
2020-07-19 00:00:19,823 - root - DEBUG - Sampled weight [-0.16576893  1.89746804  0.80785336 -0.39263436 -1.95310224]
2020-07-19 00:00:20,963 - root - DEBUG - Updating hall of fame
2020-07-19 00:00:21,972 - root - INFO - Completed generation 102; 2.2s elapsed, 1.9s avg, 2e+02s total. Expected time remaining: 1.9e+02s
2020-07-19 00:00:22,029 - root - INFO - #102 MAX:accuracy.mean: 0.57
2020-07-19 00:00:22,073 - root - DEBUG - Sampled weight [ 1.8958613  -0.04187759 -0.91282214  0.01168069 -1.98901   ]
2020-07-19 00:00:23,228 - root - DEBUG - Updating hall of fame
2020-07-19 00:00:23,623 - root - INFO - Completed generation 103; 1.6s elapsed, 1.9s avg, 2e+02s total. Expected time remaining: 1.9e+02s
2020-07-19 00:00:23,680 - root - INFO - #103 MAX:accuracy.mean: 0.55
2020-07-19 00:00:23,722 - root - DEBUG - Sampled weight [ 0.58629622 -0.66410988  1.53327021  1.25888968 -0.47137862]
2020-07-19 00:00:24,872 - root - DEBUG - Updating hall of fame
2020-07-19 00:00:24,872 - root - INFO - Completed generation 104; 1.2s elapsed, 1.9s avg, 2e+02s total. Expected time remaining: 1.9e+02s
2020-07-19 00:00:24,929 - root - INFO - #104 MAX:accuracy.mean: 0.7
2020-07-19 00:00:24,973 - root - DEBUG - Sampled weight [-1.26629923  0.8609285  -1.92695287  0.10886409 -1.16483102]
2020-07-19 00:00:26,108 - root - DEBUG - Updating hall of fame
2020-07-19 00:00:27,251 - root - INFO - Completed generation 105; 2.3s elapsed, 1.9s avg, 2e+02s total. Expected time remaining: 1.8e+02s
2020-07-19 00:00:27,305 - root - INFO - #105 MAX:accuracy.mean: 0.65
2020-07-19 00:00:27,347 - root - DEBUG - Sampled weight [-0.75625144  0.4799639   1.70812358 -0.5215851   1.64506117]
2020-07-19 00:00:28,443 - root - DEBUG - Updating hall of fame
2020-07-19 00:00:29,031 - root - INFO - Completed generation 106; 1.7s elapsed, 1.9s avg, 2e+02s total. Expected time remaining: 1.8e+02s
2020-07-19 00:00:29,085 - root - INFO - #106 MAX:accuracy.mean: 0.74
2020-07-19 00:00:29,125 - root - DEBUG - Sampled weight [-1.32862215  0.72993461 -1.9858183  -0.9888917  -0.9238996 ]
2020-07-19 00:00:30,223 - root - DEBUG - Updating hall of fame
2020-07-19 00:00:31,355 - root - INFO - Completed generation 107; 2.3s elapsed, 1.9s avg, 2.1e+02s total. Expected time remaining: 1.8e+02s
2020-07-19 00:00:31,409 - root - INFO - #107 MAX:accuracy.mean: 0.67
2020-07-19 00:00:31,451 - root - DEBUG - Sampled weight [-1.29559064 -0.56163272 -0.26089197  1.01686967  1.20429291]
2020-07-19 00:00:32,558 - root - DEBUG - Updating hall of fame
2020-07-19 00:00:33,142 - root - INFO - Completed generation 108; 1.7s elapsed, 1.9s avg, 2.1e+02s total. Expected time remaining: 1.8e+02s
2020-07-19 00:00:33,195 - root - INFO - #108 MAX:accuracy.mean: 0.63
2020-07-19 00:00:33,236 - root - DEBUG - Sampled weight [ 0.00775529  0.70931527  0.43749077 -0.66012391  1.50182219]
2020-07-19 00:00:34,325 - root - DEBUG - Updating hall of fame
2020-07-19 00:00:35,464 - root - INFO - Completed generation 109; 2.3s elapsed, 1.9s avg, 2.1e+02s total. Expected time remaining: 1.8e+02s
2020-07-19 00:00:35,518 - root - INFO - #109 MAX:accuracy.mean: 0.6
2020-07-19 00:00:35,558 - root - DEBUG - Sampled weight [ 0.82472177 -0.49041992  0.42273341 -1.67286828 -1.59935686]
2020-07-19 00:00:36,643 - root - DEBUG - Updating hall of fame
2020-07-19 00:00:37,569 - root - INFO - Completed generation 110; 2.1s elapsed, 1.9s avg, 2.1e+02s total. Expected time remaining: 1.7e+02s
2020-07-19 00:00:37,622 - root - INFO - #110 MAX:accuracy.mean: 0.59
2020-07-19 00:00:37,754 - root - DEBUG - Sampled weight [ 0.71205403 -0.73620157  1.86849658 -0.41382703  1.69987365]
2020-07-19 00:00:38,843 - root - DEBUG - Updating hall of fame
2020-07-19 00:00:39,984 - root - INFO - Completed generation 111; 2.3s elapsed, 1.9s avg, 2.2e+02s total. Expected time remaining: 1.7e+02s
2020-07-19 00:00:40,038 - root - INFO - #111 MAX:accuracy.mean: 0.63
2020-07-19 00:00:40,079 - root - DEBUG - Sampled weight [ 1.62281519  0.1698929  -1.86687331 -1.76820272 -0.18576657]
2020-07-19 00:00:41,177 - root - DEBUG - Updating hall of fame
2020-07-19 00:00:41,933 - root - INFO - Completed generation 112; 1.9s elapsed, 1.9s avg, 2.2e+02s total. Expected time remaining: 1.7e+02s
2020-07-19 00:00:41,987 - root - INFO - #112 MAX:accuracy.mean: 0.55
2020-07-19 00:00:42,028 - root - DEBUG - Sampled weight [ 1.59953968 -1.09905374  1.71595475 -1.77567833 -0.34712545]
2020-07-19 00:00:43,117 - root - DEBUG - Updating hall of fame
2020-07-19 00:00:43,319 - root - INFO - Completed generation 113; 1.3s elapsed, 1.9s avg, 2.2e+02s total. Expected time remaining: 1.7e+02s
2020-07-19 00:00:43,372 - root - INFO - #113 MAX:accuracy.mean: 0.58
2020-07-19 00:00:43,414 - root - DEBUG - Sampled weight [-0.26298492 -0.35194471  1.85965431 -1.96027066 -1.24587786]
2020-07-19 00:00:44,536 - root - DEBUG - Updating hall of fame
2020-07-19 00:00:44,921 - root - INFO - Completed generation 114; 1.5s elapsed, 1.9s avg, 2.2e+02s total. Expected time remaining: 1.7e+02s
2020-07-19 00:00:44,974 - root - INFO - #114 MAX:accuracy.mean: 0.6
2020-07-19 00:00:45,016 - root - DEBUG - Sampled weight [ 0.35651407 -1.07521404  0.81586603 -1.77957454  1.77440198]
2020-07-19 00:00:46,117 - root - DEBUG - Updating hall of fame
2020-07-19 00:00:46,515 - root - INFO - Completed generation 115; 1.5s elapsed, 1.9s avg, 2.2e+02s total. Expected time remaining: 1.6e+02s
2020-07-19 00:00:46,568 - root - INFO - #115 MAX:accuracy.mean: 0.62
2020-07-19 00:00:46,610 - root - DEBUG - Sampled weight [ 1.22688212 -0.59230203 -1.1614387  -0.02803122  0.1114819 ]
2020-07-19 00:00:47,717 - root - DEBUG - Updating hall of fame
2020-07-19 00:00:48,485 - root - INFO - Completed generation 116; 1.9s elapsed, 1.9s avg, 2.2e+02s total. Expected time remaining: 1.6e+02s
2020-07-19 00:00:48,539 - root - INFO - #116 MAX:accuracy.mean: 0.6
2020-07-19 00:00:48,581 - root - DEBUG - Sampled weight [-0.08550962  1.88570846 -0.61603073 -0.61273643 -1.41150217]
2020-07-19 00:00:49,705 - root - DEBUG - Updating hall of fame
2020-07-19 00:00:50,271 - root - INFO - Completed generation 117; 1.7s elapsed, 1.9s avg, 2.3e+02s total. Expected time remaining: 1.6e+02s
2020-07-19 00:00:50,325 - root - INFO - #117 MAX:accuracy.mean: 0.69
2020-07-19 00:00:50,366 - root - DEBUG - Sampled weight [-0.32650271 -0.39733488  0.65867157  0.61071168  1.82903682]
2020-07-19 00:00:51,477 - root - DEBUG - Updating hall of fame
2020-07-19 00:00:52,629 - root - INFO - Completed generation 118; 2.3s elapsed, 1.9s avg, 2.3e+02s total. Expected time remaining: 1.6e+02s
2020-07-19 00:00:52,683 - root - INFO - #118 MAX:accuracy.mean: 0.71
2020-07-19 00:00:52,725 - root - DEBUG - Sampled weight [ 0.6025744   1.74178206 -1.45618877  0.31369464  0.11045259]
2020-07-19 00:00:53,826 - root - DEBUG - Updating hall of fame
2020-07-19 00:00:54,962 - root - INFO - Completed generation 119; 2.3s elapsed, 1.9s avg, 2.3e+02s total. Expected time remaining: 1.6e+02s
2020-07-19 00:00:55,015 - root - INFO - #119 MAX:accuracy.mean: 0.6
2020-07-19 00:00:55,055 - root - DEBUG - Sampled weight [ 0.69629901  0.30944504 -1.85404404 -0.11404494 -1.15845751]
2020-07-19 00:00:56,151 - root - DEBUG - Updating hall of fame
2020-07-19 00:00:56,542 - root - INFO - Completed generation 120; 1.5s elapsed, 1.9s avg, 2.3e+02s total. Expected time remaining: 1.5e+02s
2020-07-19 00:00:56,596 - root - INFO - #120 MAX:accuracy.mean: 0.61
2020-07-19 00:00:56,702 - root - DEBUG - Sampled weight [-1.24313333  1.49161732  0.26105683 -1.1581794   1.60498929]
2020-07-19 00:00:57,809 - root - DEBUG - Updating hall of fame
2020-07-19 00:00:58,579 - root - INFO - Completed generation 121; 1.9s elapsed, 1.9s avg, 2.3e+02s total. Expected time remaining: 1.5e+02s
2020-07-19 00:00:58,633 - root - INFO - #121 MAX:accuracy.mean: 0.66
2020-07-19 00:00:58,674 - root - DEBUG - Sampled weight [-0.75317221 -0.06940312 -0.93925349 -0.55340942 -1.81745216]
2020-07-19 00:00:59,785 - root - DEBUG - Updating hall of fame
2020-07-19 00:01:00,378 - root - INFO - Completed generation 122; 1.7s elapsed, 1.9s avg, 2.3e+02s total. Expected time remaining: 1.5e+02s
2020-07-19 00:01:00,433 - root - INFO - #122 MAX:accuracy.mean: 0.74
2020-07-19 00:01:00,476 - root - DEBUG - Sampled weight [-1.99644068 -0.9192968  -0.90836302  0.53975365  1.76769689]
2020-07-19 00:01:01,637 - root - DEBUG - Updating hall of fame
2020-07-19 00:01:02,641 - root - INFO - Completed generation 123; 2.2s elapsed, 1.9s avg, 2.4e+02s total. Expected time remaining: 1.5e+02s
2020-07-19 00:01:02,700 - root - INFO - #123 MAX:accuracy.mean: 0.77
2020-07-19 00:01:02,745 - root - DEBUG - Sampled weight [-1.09613757 -1.23252147  0.16533615  0.02671329 -1.74834595]
2020-07-19 00:01:03,938 - root - DEBUG - Updating hall of fame
2020-07-19 00:01:05,151 - root - INFO - Completed generation 124; 2.5s elapsed, 1.9s avg, 2.4e+02s total. Expected time remaining: 1.5e+02s
2020-07-19 00:01:05,208 - root - INFO - #124 MAX:accuracy.mean: 0.62
2020-07-19 00:01:05,253 - root - DEBUG - Sampled weight [ 1.00405085 -0.30979259  1.97962412  0.84422736 -1.06371339]
2020-07-19 00:01:06,451 - root - DEBUG - Updating hall of fame
2020-07-19 00:01:07,094 - root - INFO - Completed generation 125; 1.9s elapsed, 1.9s avg, 2.4e+02s total. Expected time remaining: 1.4e+02s
2020-07-19 00:01:07,151 - root - INFO - #125 MAX:accuracy.mean: 0.66
2020-07-19 00:01:07,196 - root - DEBUG - Sampled weight [ 0.43066812  1.79115284  1.36578998 -1.73364893 -1.98757029]
2020-07-19 00:01:08,381 - root - DEBUG - Updating hall of fame
2020-07-19 00:01:09,402 - root - INFO - Completed generation 126; 2.3s elapsed, 1.9s avg, 2.4e+02s total. Expected time remaining: 1.4e+02s
2020-07-19 00:01:09,459 - root - INFO - #126 MAX:accuracy.mean: 0.66
2020-07-19 00:01:09,503 - root - DEBUG - Sampled weight [-1.51722175  0.86524645 -0.48236427  0.2023864  -0.02096415]
2020-07-19 00:01:10,641 - root - DEBUG - Updating hall of fame
2020-07-19 00:01:11,597 - root - INFO - Completed generation 127; 2.1s elapsed, 1.9s avg, 2.5e+02s total. Expected time remaining: 1.4e+02s
2020-07-19 00:01:11,650 - root - INFO - #127 MAX:accuracy.mean: 0.67
2020-07-19 00:01:11,690 - root - DEBUG - Sampled weight [-1.22532109  1.60753786 -1.10264523  1.05082264 -1.98246406]
2020-07-19 00:01:12,789 - root - DEBUG - Updating hall of fame
2020-07-19 00:01:13,724 - root - INFO - Completed generation 128; 2.1s elapsed, 1.9s avg, 2.5e+02s total. Expected time remaining: 1.4e+02s
2020-07-19 00:01:13,778 - root - INFO - #128 MAX:accuracy.mean: 0.68
2020-07-19 00:01:13,820 - root - DEBUG - Sampled weight [ 0.77104353 -1.44369594 -1.2341337   0.62551669  1.72633076]
2020-07-19 00:01:14,923 - root - DEBUG - Updating hall of fame
2020-07-19 00:01:15,677 - root - INFO - Completed generation 129; 1.9s elapsed, 1.9s avg, 2.5e+02s total. Expected time remaining: 1.4e+02s
2020-07-19 00:01:15,731 - root - INFO - #129 MAX:accuracy.mean: 0.77
2020-07-19 00:01:15,773 - root - DEBUG - Sampled weight [-0.78953015  1.32185371  0.11739404  1.72281153 -1.31862561]
2020-07-19 00:01:16,880 - root - DEBUG - Updating hall of fame
2020-07-19 00:01:17,659 - root - INFO - Completed generation 130; 1.9s elapsed, 1.9s avg, 2.5e+02s total. Expected time remaining: 1.4e+02s
2020-07-19 00:01:17,713 - root - INFO - #130 MAX:accuracy.mean: 0.69
2020-07-19 00:01:17,859 - root - DEBUG - Sampled weight [ 0.41776944 -1.54964245  1.92896415 -0.10789112 -0.57589683]
2020-07-19 00:01:18,971 - root - DEBUG - Updating hall of fame
2020-07-19 00:01:19,932 - root - INFO - Completed generation 131; 2.1s elapsed, 1.9s avg, 2.5e+02s total. Expected time remaining: 1.3e+02s
2020-07-19 00:01:19,985 - root - INFO - #131 MAX:accuracy.mean: 0.66
2020-07-19 00:01:20,026 - root - DEBUG - Sampled weight [-0.56950791 -1.37054075 -0.28118247 -1.73312693  1.86630236]
2020-07-19 00:01:21,152 - root - DEBUG - Updating hall of fame
2020-07-19 00:01:21,926 - root - INFO - Completed generation 132; 1.9s elapsed, 1.9s avg, 2.6e+02s total. Expected time remaining: 1.3e+02s
2020-07-19 00:01:21,979 - root - INFO - #132 MAX:accuracy.mean: 0.68
2020-07-19 00:01:22,020 - root - DEBUG - Sampled weight [-1.18579875 -0.44501827  0.01036568  1.05373419 -0.38952813]
2020-07-19 00:01:23,125 - root - DEBUG - Updating hall of fame
2020-07-19 00:01:23,913 - root - INFO - Completed generation 133; 1.9s elapsed, 1.9s avg, 2.6e+02s total. Expected time remaining: 1.3e+02s
2020-07-19 00:01:23,966 - root - INFO - #133 MAX:accuracy.mean: 0.66
2020-07-19 00:01:24,007 - root - DEBUG - Sampled weight [-0.0990367   0.92912112  0.74466449 -1.7582778   0.06207992]
2020-07-19 00:01:25,115 - root - DEBUG - Updating hall of fame
2020-07-19 00:01:26,044 - root - INFO - Completed generation 134; 2.1s elapsed, 1.9s avg, 2.6e+02s total. Expected time remaining: 1.3e+02s
2020-07-19 00:01:26,097 - root - INFO - #134 MAX:accuracy.mean: 0.66
2020-07-19 00:01:26,138 - root - DEBUG - Sampled weight [-0.75380548 -0.13462504 -0.37164257 -0.77158498  0.83434078]
2020-07-19 00:01:27,242 - root - DEBUG - Updating hall of fame
2020-07-19 00:01:27,438 - root - INFO - Completed generation 135; 1.3s elapsed, 1.9s avg, 2.6e+02s total. Expected time remaining: 1.3e+02s
2020-07-19 00:01:27,491 - root - INFO - #135 MAX:accuracy.mean: 0.71
2020-07-19 00:01:27,533 - root - DEBUG - Sampled weight [ 1.68428026  0.42086659 -0.35135165  1.95350672  1.58757073]
2020-07-19 00:01:28,651 - root - DEBUG - Updating hall of fame
2020-07-19 00:01:29,213 - root - INFO - Completed generation 136; 1.7s elapsed, 1.9s avg, 2.6e+02s total. Expected time remaining: 1.2e+02s
2020-07-19 00:01:29,266 - root - INFO - #136 MAX:accuracy.mean: 0.65
2020-07-19 00:01:29,308 - root - DEBUG - Sampled weight [ 1.72321612 -0.95157824 -1.78833472 -1.03392511 -1.17433751]
2020-07-19 00:01:30,418 - root - DEBUG - Updating hall of fame
2020-07-19 00:01:30,796 - root - INFO - Completed generation 137; 1.5s elapsed, 1.9s avg, 2.6e+02s total. Expected time remaining: 1.2e+02s
2020-07-19 00:01:30,849 - root - INFO - #137 MAX:accuracy.mean: 0.69
2020-07-19 00:01:30,890 - root - DEBUG - Sampled weight [ 0.45166399  1.65605666 -1.30911121 -1.56289711 -1.31380317]
2020-07-19 00:01:31,985 - root - DEBUG - Updating hall of fame
2020-07-19 00:01:32,765 - root - INFO - Completed generation 138; 1.9s elapsed, 1.9s avg, 2.7e+02s total. Expected time remaining: 1.2e+02s
2020-07-19 00:01:32,819 - root - INFO - #138 MAX:accuracy.mean: 0.73
2020-07-19 00:01:32,861 - root - DEBUG - Sampled weight [-1.73521733  0.07002737 -0.06500519 -0.11511713 -1.49350186]
2020-07-19 00:01:33,973 - root - DEBUG - Updating hall of fame
2020-07-19 00:01:34,748 - root - INFO - Completed generation 139; 1.9s elapsed, 1.9s avg, 2.7e+02s total. Expected time remaining: 1.2e+02s
2020-07-19 00:01:34,801 - root - INFO - #139 MAX:accuracy.mean: 0.65
2020-07-19 00:01:34,842 - root - DEBUG - Sampled weight [-0.15314546  0.3146081   1.70118781 -1.90705698 -1.73637484]
2020-07-19 00:01:35,971 - root - DEBUG - Updating hall of fame
2020-07-19 00:01:36,373 - root - INFO - Completed generation 140; 1.6s elapsed, 1.9s avg, 2.7e+02s total. Expected time remaining: 1.2e+02s
2020-07-19 00:01:36,426 - root - INFO - #140 MAX:accuracy.mean: 0.64
2020-07-19 00:01:36,562 - root - DEBUG - Sampled weight [-0.37871185  0.95003607  1.72061284  0.40667023  1.37519534]
2020-07-19 00:01:37,669 - root - DEBUG - Updating hall of fame
2020-07-19 00:01:38,431 - root - INFO - Completed generation 141; 1.9s elapsed, 1.9s avg, 2.7e+02s total. Expected time remaining: 1.1e+02s
2020-07-19 00:01:38,486 - root - INFO - #141 MAX:accuracy.mean: 0.67
2020-07-19 00:01:38,527 - root - DEBUG - Sampled weight [ 1.48550694 -1.04205233  0.98563776 -1.12579083  1.36505856]
2020-07-19 00:01:39,635 - root - DEBUG - Updating hall of fame
2020-07-19 00:01:40,200 - root - INFO - Completed generation 142; 1.7s elapsed, 1.9s avg, 2.7e+02s total. Expected time remaining: 1.1e+02s
2020-07-19 00:01:40,254 - root - INFO - #142 MAX:accuracy.mean: 0.77
2020-07-19 00:01:40,294 - root - DEBUG - Sampled weight [ 1.9700075  -0.29548884  0.85956577  1.27277119  0.60825972]
2020-07-19 00:01:41,399 - root - DEBUG - Updating hall of fame
2020-07-19 00:01:42,550 - root - INFO - Completed generation 143; 2.3s elapsed, 1.9s avg, 2.8e+02s total. Expected time remaining: 1.1e+02s
2020-07-19 00:01:42,603 - root - INFO - #143 MAX:accuracy.mean: 0.69
2020-07-19 00:01:42,644 - root - DEBUG - Sampled weight [ 1.81837049  1.61202838  0.71044379 -1.27390921  1.12107746]
2020-07-19 00:01:43,746 - root - DEBUG - Updating hall of fame
2020-07-19 00:01:44,694 - root - INFO - Completed generation 144; 2.1s elapsed, 1.9s avg, 2.8e+02s total. Expected time remaining: 1.1e+02s
2020-07-19 00:01:44,747 - root - INFO - #144 MAX:accuracy.mean: 0.77
2020-07-19 00:01:44,788 - root - DEBUG - Sampled weight [-0.55167964 -0.23619334  1.03085527 -1.0814334   1.57105924]
2020-07-19 00:01:45,889 - root - DEBUG - Updating hall of fame
2020-07-19 00:01:46,842 - root - INFO - Completed generation 145; 2.1s elapsed, 1.9s avg, 2.8e+02s total. Expected time remaining: 1.1e+02s
2020-07-19 00:01:46,896 - root - INFO - #145 MAX:accuracy.mean: 0.63
2020-07-19 00:01:46,936 - root - DEBUG - Sampled weight [0.97691871 0.88887287 0.53224832 1.39000488 1.32129236]
2020-07-19 00:01:48,035 - root - DEBUG - Updating hall of fame
2020-07-19 00:01:48,963 - root - INFO - Completed generation 146; 2.1s elapsed, 1.9s avg, 2.8e+02s total. Expected time remaining: 1e+02s
2020-07-19 00:01:49,017 - root - INFO - #146 MAX:accuracy.mean: 0.84
2020-07-19 00:01:49,057 - root - DEBUG - Sampled weight [ 1.04893395  0.75943592  1.80803786 -1.16711067 -1.63841348]
2020-07-19 00:01:50,147 - root - DEBUG - Updating hall of fame
2020-07-19 00:01:51,645 - root - INFO - Completed generation 147; 2.6s elapsed, 1.9s avg, 2.8e+02s total. Expected time remaining: 1e+02s
2020-07-19 00:01:51,698 - root - INFO - #147 MAX:accuracy.mean: 0.71
2020-07-19 00:01:51,738 - root - DEBUG - Sampled weight [-1.05956495  0.61693656 -0.19471476  0.18003489  0.75332304]
2020-07-19 00:01:52,828 - root - DEBUG - Updating hall of fame
2020-07-19 00:01:53,586 - root - INFO - Completed generation 148; 1.9s elapsed, 1.9s avg, 2.9e+02s total. Expected time remaining: 1e+02s
2020-07-19 00:01:53,640 - root - INFO - #148 MAX:accuracy.mean: 0.65
2020-07-19 00:01:53,681 - root - DEBUG - Sampled weight [-0.79464447  1.08155709  0.0408596   1.59084661  1.59046026]
2020-07-19 00:01:54,756 - root - DEBUG - Updating hall of fame
2020-07-19 00:01:55,884 - root - INFO - Completed generation 149; 2.2s elapsed, 1.9s avg, 2.9e+02s total. Expected time remaining: 9.9e+01s
2020-07-19 00:01:55,937 - root - INFO - #149 MAX:accuracy.mean: 0.65
2020-07-19 00:01:55,977 - root - DEBUG - Sampled weight [ 1.28190598 -0.19539089  1.28966642 -1.64096064  1.73270742]
2020-07-19 00:01:57,056 - root - DEBUG - Updating hall of fame
2020-07-19 00:01:57,252 - root - INFO - Completed generation 150; 1.3s elapsed, 1.9s avg, 2.9e+02s total. Expected time remaining: 9.7e+01s
2020-07-19 00:01:57,305 - root - INFO - #150 MAX:accuracy.mean: 0.65
2020-07-19 00:01:57,437 - root - DEBUG - Sampled weight [-0.05108559  0.44924745  1.06453856 -0.83763738  1.80809189]
2020-07-19 00:01:58,548 - root - DEBUG - Updating hall of fame
2020-07-19 00:01:59,516 - root - INFO - Completed generation 151; 2.1s elapsed, 1.9s avg, 2.9e+02s total. Expected time remaining: 9.5e+01s
2020-07-19 00:01:59,570 - root - INFO - #151 MAX:accuracy.mean: 0.67
2020-07-19 00:01:59,610 - root - DEBUG - Sampled weight [ 1.5801342   0.57323767 -0.84406852  1.39143367 -1.25989243]
2020-07-19 00:02:00,700 - root - DEBUG - Updating hall of fame
2020-07-19 00:02:01,455 - root - INFO - Completed generation 152; 1.9s elapsed, 1.9s avg, 2.9e+02s total. Expected time remaining: 9.3e+01s
2020-07-19 00:02:01,510 - root - INFO - #152 MAX:accuracy.mean: 0.8
2020-07-19 00:02:01,553 - root - DEBUG - Sampled weight [ 1.35255737  1.55796221 -0.18713127 -1.8371511  -0.9748209 ]
2020-07-19 00:02:02,723 - root - DEBUG - Updating hall of fame
2020-07-19 00:02:03,929 - root - INFO - Completed generation 153; 2.4s elapsed, 1.9s avg, 3e+02s total. Expected time remaining: 9.1e+01s
2020-07-19 00:02:03,987 - root - INFO - #153 MAX:accuracy.mean: 0.7
2020-07-19 00:02:04,031 - root - DEBUG - Sampled weight [ 0.61515777  1.94436481 -1.66350494 -1.13772557  1.52343421]
2020-07-19 00:02:05,213 - root - DEBUG - Updating hall of fame
2020-07-19 00:02:05,975 - root - INFO - Completed generation 154; 2.0s elapsed, 1.9s avg, 3e+02s total. Expected time remaining: 8.9e+01s
2020-07-19 00:02:06,028 - root - INFO - #154 MAX:accuracy.mean: 0.71
2020-07-19 00:02:06,069 - root - DEBUG - Sampled weight [1.8230951  1.23074124 1.83542086 0.43897293 1.51648084]
2020-07-19 00:02:07,167 - root - DEBUG - Updating hall of fame
2020-07-19 00:02:08,301 - root - INFO - Completed generation 155; 2.3s elapsed, 1.9s avg, 3e+02s total. Expected time remaining: 8.7e+01s
2020-07-19 00:02:08,354 - root - INFO - #155 MAX:accuracy.mean: 0.71
2020-07-19 00:02:08,396 - root - DEBUG - Sampled weight [-1.14148495 -0.84260039 -0.112134    0.44881693  0.26270003]
2020-07-19 00:02:09,493 - root - DEBUG - Updating hall of fame
2020-07-19 00:02:10,060 - root - INFO - Completed generation 156; 1.7s elapsed, 1.9s avg, 3e+02s total. Expected time remaining: 8.5e+01s
2020-07-19 00:02:10,113 - root - INFO - #156 MAX:accuracy.mean: 0.64
2020-07-19 00:02:10,155 - root - DEBUG - Sampled weight [-0.32226207  1.8865163   0.8354728   0.63988094 -1.66451478]
2020-07-19 00:02:11,251 - root - DEBUG - Updating hall of fame
2020-07-19 00:02:12,361 - root - INFO - Completed generation 157; 2.2s elapsed, 1.9s avg, 3e+02s total. Expected time remaining: 8.3e+01s
2020-07-19 00:02:12,415 - root - INFO - #157 MAX:accuracy.mean: 0.74
2020-07-19 00:02:12,455 - root - DEBUG - Sampled weight [ 1.53197837 -1.09134069 -1.60629817 -0.68448347  1.32725292]
2020-07-19 00:02:13,545 - root - DEBUG - Updating hall of fame
2020-07-19 00:02:14,294 - root - INFO - Completed generation 158; 1.9s elapsed, 1.9s avg, 3.1e+02s total. Expected time remaining: 8.1e+01s
2020-07-19 00:02:14,347 - root - INFO - #158 MAX:accuracy.mean: 0.72
2020-07-19 00:02:14,388 - root - DEBUG - Sampled weight [-0.97604412 -1.23634088  0.76907961 -0.07404621 -0.05443327]
2020-07-19 00:02:15,489 - root - DEBUG - Updating hall of fame
2020-07-19 00:02:16,640 - root - INFO - Completed generation 159; 2.3s elapsed, 1.9s avg, 3.1e+02s total. Expected time remaining: 8e+01s
2020-07-19 00:02:16,694 - root - INFO - #159 MAX:accuracy.mean: 0.64
2020-07-19 00:02:16,735 - root - DEBUG - Sampled weight [ 0.64220921  1.58051677  0.40133552 -0.18509712 -0.10836059]
2020-07-19 00:02:17,833 - root - DEBUG - Updating hall of fame
2020-07-19 00:02:18,219 - root - INFO - Completed generation 160; 1.5s elapsed, 1.9s avg, 3.1e+02s total. Expected time remaining: 7.8e+01s
2020-07-19 00:02:18,272 - root - INFO - #160 MAX:accuracy.mean: 0.66
2020-07-19 00:02:18,423 - root - DEBUG - Sampled weight [-1.71221618 -0.27230856 -0.2122723  -0.35320437 -1.81349921]
2020-07-19 00:02:19,523 - root - DEBUG - Updating hall of fame
2020-07-19 00:02:20,660 - root - INFO - Completed generation 161; 2.3s elapsed, 1.9s avg, 3.1e+02s total. Expected time remaining: 7.6e+01s
2020-07-19 00:02:20,713 - root - INFO - #161 MAX:accuracy.mean: 0.63
2020-07-19 00:02:20,753 - root - DEBUG - Sampled weight [-1.42707572  1.15751879  1.17382767 -0.54466952  1.31200888]
2020-07-19 00:02:21,842 - root - DEBUG - Updating hall of fame
2020-07-19 00:02:22,212 - root - INFO - Completed generation 162; 1.5s elapsed, 1.9s avg, 3.1e+02s total. Expected time remaining: 7.4e+01s
2020-07-19 00:02:22,265 - root - INFO - #162 MAX:accuracy.mean: 0.73
2020-07-19 00:02:22,306 - root - DEBUG - Sampled weight [ 0.35587634 -1.88008398 -1.55538502  0.92958623  1.67777778]
2020-07-19 00:02:23,404 - root - DEBUG - Updating hall of fame
2020-07-19 00:02:24,718 - root - INFO - Completed generation 163; 2.5s elapsed, 1.9s avg, 3.2e+02s total. Expected time remaining: 7.2e+01s
2020-07-19 00:02:24,773 - root - INFO - #163 MAX:accuracy.mean: 0.65
2020-07-19 00:02:24,813 - root - DEBUG - Sampled weight [ 0.68778932  0.07300287  0.41294216  0.07291459 -0.11701349]
2020-07-19 00:02:25,901 - root - DEBUG - Updating hall of fame
2020-07-19 00:02:25,902 - root - INFO - Completed generation 164; 1.1s elapsed, 1.9s avg, 3.2e+02s total. Expected time remaining: 7e+01s
2020-07-19 00:02:25,955 - root - INFO - #164 MAX:accuracy.mean: 0.69
2020-07-19 00:02:25,998 - root - DEBUG - Sampled weight [ 0.36718928 -0.53189224 -1.19510843 -0.86075455  1.11117839]
2020-07-19 00:02:27,094 - root - DEBUG - Updating hall of fame
2020-07-19 00:02:27,280 - root - INFO - Completed generation 165; 1.3s elapsed, 1.9s avg, 3.2e+02s total. Expected time remaining: 6.8e+01s
2020-07-19 00:02:27,333 - root - INFO - #165 MAX:accuracy.mean: 0.66
2020-07-19 00:02:27,374 - root - DEBUG - Sampled weight [ 1.42684079 -1.17833375  0.08978791 -0.27152886  0.36070168]
2020-07-19 00:02:28,472 - root - DEBUG - Updating hall of fame
2020-07-19 00:02:29,407 - root - INFO - Completed generation 166; 2.1s elapsed, 1.9s avg, 3.2e+02s total. Expected time remaining: 6.6e+01s
2020-07-19 00:02:29,462 - root - INFO - #166 MAX:accuracy.mean: 0.67
2020-07-19 00:02:29,503 - root - DEBUG - Sampled weight [-0.36105755 -0.05055651 -1.44785668 -1.08103809 -1.18771935]
2020-07-19 00:02:30,600 - root - DEBUG - Updating hall of fame
2020-07-19 00:02:30,978 - root - INFO - Completed generation 167; 1.5s elapsed, 1.9s avg, 3.2e+02s total. Expected time remaining: 6.4e+01s
2020-07-19 00:02:31,031 - root - INFO - #167 MAX:accuracy.mean: 0.66
2020-07-19 00:02:31,072 - root - DEBUG - Sampled weight [ 0.3684101   0.2914326  -1.06788682 -0.97191    -0.24486448]
2020-07-19 00:02:32,145 - root - DEBUG - Updating hall of fame
2020-07-19 00:02:32,534 - root - INFO - Completed generation 168; 1.5s elapsed, 1.9s avg, 3.2e+02s total. Expected time remaining: 6.2e+01s
2020-07-19 00:02:32,587 - root - INFO - #168 MAX:accuracy.mean: 0.65
2020-07-19 00:02:32,628 - root - DEBUG - Sampled weight [-1.67015728 -0.64956127  1.70075799  0.45213041 -1.82827562]
2020-07-19 00:02:33,702 - root - DEBUG - Updating hall of fame
2020-07-19 00:02:34,631 - root - INFO - Completed generation 169; 2.0s elapsed, 1.9s avg, 3.3e+02s total. Expected time remaining: 6e+01s
2020-07-19 00:02:34,685 - root - INFO - #169 MAX:accuracy.mean: 0.7
2020-07-19 00:02:34,727 - root - DEBUG - Sampled weight [ 0.44369379  0.8086277  -0.07569957  0.25062073  1.21145598]
2020-07-19 00:02:35,821 - root - DEBUG - Updating hall of fame
2020-07-19 00:02:36,773 - root - INFO - Completed generation 170; 2.1s elapsed, 1.9s avg, 3.3e+02s total. Expected time remaining: 5.8e+01s
2020-07-19 00:02:36,826 - root - INFO - #170 MAX:accuracy.mean: 0.65
2020-07-19 00:02:36,950 - root - DEBUG - Sampled weight [ 0.88419094  0.3153311  -1.53505518 -1.69417787 -1.54220874]
2020-07-19 00:02:38,034 - root - DEBUG - Updating hall of fame
2020-07-19 00:02:38,782 - root - INFO - Completed generation 171; 1.9s elapsed, 1.9s avg, 3.3e+02s total. Expected time remaining: 5.6e+01s
2020-07-19 00:02:38,835 - root - INFO - #171 MAX:accuracy.mean: 0.69
2020-07-19 00:02:38,877 - root - DEBUG - Sampled weight [ 0.88970761 -0.92856659  0.28850157  1.31666454 -0.66501869]
2020-07-19 00:02:39,973 - root - DEBUG - Updating hall of fame
2020-07-19 00:02:40,561 - root - INFO - Completed generation 172; 1.7s elapsed, 1.9s avg, 3.3e+02s total. Expected time remaining: 5.4e+01s
2020-07-19 00:02:40,614 - root - INFO - #172 MAX:accuracy.mean: 0.8
2020-07-19 00:02:40,654 - root - DEBUG - Sampled weight [ 1.76853774 -0.41746938 -1.77286269 -1.14070607 -0.69100267]
2020-07-19 00:02:41,754 - root - DEBUG - Updating hall of fame
2020-07-19 00:02:42,700 - root - INFO - Completed generation 173; 2.1s elapsed, 1.9s avg, 3.3e+02s total. Expected time remaining: 5.2e+01s
2020-07-19 00:02:42,754 - root - INFO - #173 MAX:accuracy.mean: 0.71
2020-07-19 00:02:42,795 - root - DEBUG - Sampled weight [-1.56007934  0.6081027   0.23859053 -0.52079789  1.3154225 ]
2020-07-19 00:02:43,893 - root - DEBUG - Updating hall of fame
2020-07-19 00:02:44,446 - root - INFO - Completed generation 174; 1.7s elapsed, 1.9s avg, 3.4e+02s total. Expected time remaining: 5e+01s
2020-07-19 00:02:44,500 - root - INFO - #174 MAX:accuracy.mean: 0.69
2020-07-19 00:02:44,540 - root - DEBUG - Sampled weight [0.63714167 0.78590075 1.24451667 0.92080203 0.50670215]
2020-07-19 00:02:45,631 - root - DEBUG - Updating hall of fame
2020-07-19 00:02:46,187 - root - INFO - Completed generation 175; 1.7s elapsed, 1.9s avg, 3.4e+02s total. Expected time remaining: 4.8e+01s
2020-07-19 00:02:46,240 - root - INFO - #175 MAX:accuracy.mean: 0.83
2020-07-19 00:02:46,281 - root - DEBUG - Sampled weight [ 1.29984194 -1.32909453  1.89320987  0.79690985  1.39399587]
2020-07-19 00:02:47,374 - root - DEBUG - Updating hall of fame
2020-07-19 00:02:48,328 - root - INFO - Completed generation 176; 2.1s elapsed, 1.9s avg, 3.4e+02s total. Expected time remaining: 4.6e+01s
2020-07-19 00:02:48,381 - root - INFO - #176 MAX:accuracy.mean: 0.83
2020-07-19 00:02:48,422 - root - DEBUG - Sampled weight [-0.16186186  1.95178245 -0.61807509  0.20553538  0.26607018]
2020-07-19 00:02:49,527 - root - DEBUG - Updating hall of fame
2020-07-19 00:02:50,335 - root - INFO - Completed generation 177; 2.0s elapsed, 1.9s avg, 3.4e+02s total. Expected time remaining: 4.4e+01s
2020-07-19 00:02:50,389 - root - INFO - #177 MAX:accuracy.mean: 0.69
2020-07-19 00:02:50,429 - root - DEBUG - Sampled weight [ 0.07131801 -0.23742276 -0.85431505  0.52200715  0.68582152]
2020-07-19 00:02:51,539 - root - DEBUG - Updating hall of fame
2020-07-19 00:02:52,329 - root - INFO - Completed generation 178; 1.9s elapsed, 1.9s avg, 3.4e+02s total. Expected time remaining: 4.2e+01s
2020-07-19 00:02:52,383 - root - INFO - #178 MAX:accuracy.mean: 0.69
2020-07-19 00:02:52,424 - root - DEBUG - Sampled weight [ 0.33409292  0.450938   -0.62109853  1.38122879 -0.61517072]
2020-07-19 00:02:53,523 - root - DEBUG - Updating hall of fame
2020-07-19 00:02:54,652 - root - INFO - Completed generation 179; 2.3s elapsed, 1.9s avg, 3.5e+02s total. Expected time remaining: 4.1e+01s
2020-07-19 00:02:54,705 - root - INFO - #179 MAX:accuracy.mean: 0.78
2020-07-19 00:02:54,747 - root - DEBUG - Sampled weight [ 1.83157508 -1.67063005  1.07134449  0.91295999 -1.04736652]
2020-07-19 00:02:55,852 - root - DEBUG - Updating hall of fame
2020-07-19 00:02:56,810 - root - INFO - Completed generation 180; 2.1s elapsed, 1.9s avg, 3.5e+02s total. Expected time remaining: 3.9e+01s
2020-07-19 00:02:56,864 - root - INFO - #180 MAX:accuracy.mean: 0.69
2020-07-19 00:02:56,988 - root - DEBUG - Sampled weight [ 0.53213486  0.57222775 -1.74839791  0.70573497  0.0873996 ]
2020-07-19 00:02:58,096 - root - DEBUG - Updating hall of fame
2020-07-19 00:02:58,698 - root - INFO - Completed generation 181; 1.8s elapsed, 1.9s avg, 3.5e+02s total. Expected time remaining: 3.7e+01s
2020-07-19 00:02:58,752 - root - INFO - #181 MAX:accuracy.mean: 0.73
2020-07-19 00:02:58,792 - root - DEBUG - Sampled weight [-1.48564456 -1.85772607  1.72676798  1.3304349   1.41224955]
2020-07-19 00:02:59,892 - root - DEBUG - Updating hall of fame
2020-07-19 00:03:01,025 - root - INFO - Completed generation 182; 2.3s elapsed, 1.9s avg, 3.5e+02s total. Expected time remaining: 3.5e+01s
2020-07-19 00:03:01,080 - root - INFO - #182 MAX:accuracy.mean: 0.78
2020-07-19 00:03:01,121 - root - DEBUG - Sampled weight [ 0.90553119  1.84257066 -0.43975234  1.24096969 -0.65763723]
2020-07-19 00:03:02,239 - root - DEBUG - Updating hall of fame
2020-07-19 00:03:03,011 - root - INFO - Completed generation 183; 1.9s elapsed, 1.9s avg, 3.5e+02s total. Expected time remaining: 3.3e+01s
2020-07-19 00:03:03,065 - root - INFO - #183 MAX:accuracy.mean: 0.77
2020-07-19 00:03:03,106 - root - DEBUG - Sampled weight [ 0.05225859  0.159537   -1.47910834  0.17865078  0.7076355 ]
2020-07-19 00:03:04,214 - root - DEBUG - Updating hall of fame
2020-07-19 00:03:05,166 - root - INFO - Completed generation 184; 2.1s elapsed, 1.9s avg, 3.6e+02s total. Expected time remaining: 3.1e+01s
2020-07-19 00:03:05,219 - root - INFO - #184 MAX:accuracy.mean: 0.68
2020-07-19 00:03:05,261 - root - DEBUG - Sampled weight [-1.07035409 -1.25706215 -1.88792126  0.46032784  0.39074809]
2020-07-19 00:03:06,373 - root - DEBUG - Updating hall of fame
2020-07-19 00:03:06,791 - root - INFO - Completed generation 185; 1.6s elapsed, 1.9s avg, 3.6e+02s total. Expected time remaining: 2.9e+01s
2020-07-19 00:03:06,845 - root - INFO - #185 MAX:accuracy.mean: 0.67
2020-07-19 00:03:06,886 - root - DEBUG - Sampled weight [ 0.49193525 -0.95355487 -0.18505573 -1.29607802  1.17571637]
2020-07-19 00:03:07,987 - root - DEBUG - Updating hall of fame
2020-07-19 00:03:08,772 - root - INFO - Completed generation 186; 1.9s elapsed, 1.9s avg, 3.6e+02s total. Expected time remaining: 2.7e+01s
2020-07-19 00:03:08,825 - root - INFO - #186 MAX:accuracy.mean: 0.67
2020-07-19 00:03:08,866 - root - DEBUG - Sampled weight [-1.90313699  1.8885282   0.09456144 -1.19221429  1.85754874]
2020-07-19 00:03:09,964 - root - DEBUG - Updating hall of fame
2020-07-19 00:03:10,902 - root - INFO - Completed generation 187; 2.1s elapsed, 1.9s avg, 3.6e+02s total. Expected time remaining: 2.5e+01s
2020-07-19 00:03:10,956 - root - INFO - #187 MAX:accuracy.mean: 0.67
2020-07-19 00:03:10,997 - root - DEBUG - Sampled weight [-1.65502601 -1.51763381  0.59721007  0.89299199 -1.1276637 ]
2020-07-19 00:03:12,104 - root - DEBUG - Updating hall of fame
2020-07-19 00:03:12,511 - root - INFO - Completed generation 188; 1.6s elapsed, 1.9s avg, 3.6e+02s total. Expected time remaining: 2.3e+01s
2020-07-19 00:03:12,564 - root - INFO - #188 MAX:accuracy.mean: 0.76
2020-07-19 00:03:12,605 - root - DEBUG - Sampled weight [-1.90289384 -0.99457255 -0.32274376 -0.04053276  1.15694352]
2020-07-19 00:03:13,711 - root - DEBUG - Updating hall of fame
2020-07-19 00:03:14,664 - root - INFO - Completed generation 189; 2.1s elapsed, 1.9s avg, 3.6e+02s total. Expected time remaining: 2.1e+01s
2020-07-19 00:03:14,717 - root - INFO - #189 MAX:accuracy.mean: 0.71
2020-07-19 00:03:14,758 - root - DEBUG - Sampled weight [-1.51832167  0.51426574  0.18629612  1.18565731 -0.10074313]
2020-07-19 00:03:15,852 - root - DEBUG - Updating hall of fame
2020-07-19 00:03:16,441 - root - INFO - Completed generation 190; 1.7s elapsed, 1.9s avg, 3.7e+02s total. Expected time remaining: 1.9e+01s
2020-07-19 00:03:16,494 - root - INFO - #190 MAX:accuracy.mean: 0.7
2020-07-19 00:03:16,604 - root - DEBUG - Sampled weight [-1.59565233  1.05890819  1.05583337  1.37930326 -1.75184295]
2020-07-19 00:03:17,707 - root - DEBUG - Updating hall of fame
2020-07-19 00:03:18,667 - root - INFO - Completed generation 191; 2.1s elapsed, 1.9s avg, 3.7e+02s total. Expected time remaining: 1.7e+01s
2020-07-19 00:03:18,721 - root - INFO - #191 MAX:accuracy.mean: 0.7
2020-07-19 00:03:18,762 - root - DEBUG - Sampled weight [ 0.42142264  0.33065167 -1.29351748  1.40183124 -0.26881241]
2020-07-19 00:03:19,860 - root - DEBUG - Updating hall of fame
2020-07-19 00:03:20,817 - root - INFO - Completed generation 192; 2.1s elapsed, 1.9s avg, 3.7e+02s total. Expected time remaining: 1.5e+01s
2020-07-19 00:03:20,871 - root - INFO - #192 MAX:accuracy.mean: 0.7
2020-07-19 00:03:20,913 - root - DEBUG - Sampled weight [1.92696632 0.90354115 1.46380121 1.20210886 0.6604342 ]
2020-07-19 00:03:22,017 - root - DEBUG - Updating hall of fame
2020-07-19 00:03:22,787 - root - INFO - Completed generation 193; 1.9s elapsed, 1.9s avg, 3.7e+02s total. Expected time remaining: 1.4e+01s
2020-07-19 00:03:22,842 - root - INFO - #193 MAX:accuracy.mean: 0.79
2020-07-19 00:03:22,885 - root - DEBUG - Sampled weight [ 0.56861758  1.59317328 -0.53310294 -0.21619547  1.46144944]
2020-07-19 00:03:24,085 - root - DEBUG - Updating hall of fame
2020-07-19 00:03:25,116 - root - INFO - Completed generation 194; 2.3s elapsed, 1.9s avg, 3.8e+02s total. Expected time remaining: 1.2e+01s
2020-07-19 00:03:25,174 - root - INFO - #194 MAX:accuracy.mean: 0.74
2020-07-19 00:03:25,217 - root - DEBUG - Sampled weight [ 1.15601656 -1.58916375  1.4223244   0.99815635  0.43635953]
2020-07-19 00:03:26,387 - root - DEBUG - Updating hall of fame
2020-07-19 00:03:27,325 - root - INFO - Completed generation 195; 2.2s elapsed, 1.9s avg, 3.8e+02s total. Expected time remaining: 9.7s
2020-07-19 00:03:27,379 - root - INFO - #195 MAX:accuracy.mean: 0.67
2020-07-19 00:03:27,420 - root - DEBUG - Sampled weight [ 0.677345   -0.73453852 -1.82423932 -1.34086449  0.55942631]
2020-07-19 00:03:28,523 - root - DEBUG - Updating hall of fame
2020-07-19 00:03:28,922 - root - INFO - Completed generation 196; 1.5s elapsed, 1.9s avg, 3.8e+02s total. Expected time remaining: 7.7s
2020-07-19 00:03:28,975 - root - INFO - #196 MAX:accuracy.mean: 0.86
2020-07-19 00:03:29,016 - root - DEBUG - Sampled weight [ 0.17793445  0.98455142 -1.58024506 -1.20351971 -0.56366128]
2020-07-19 00:03:30,123 - root - DEBUG - Updating hall of fame
2020-07-19 00:03:31,277 - root - INFO - Completed generation 197; 2.3s elapsed, 1.9s avg, 3.8e+02s total. Expected time remaining: 5.8s
2020-07-19 00:03:31,331 - root - INFO - #197 MAX:accuracy.mean: 0.69
2020-07-19 00:03:31,372 - root - DEBUG - Sampled weight [-0.05335808  0.34497744  1.44099291  1.67387945  0.91361989]
2020-07-19 00:03:32,487 - root - DEBUG - Updating hall of fame
2020-07-19 00:03:33,068 - root - INFO - Completed generation 198; 1.7s elapsed, 1.9s avg, 3.8e+02s total. Expected time remaining: 3.9s
2020-07-19 00:03:33,121 - root - INFO - #198 MAX:accuracy.mean: 0.69
2020-07-19 00:03:33,162 - root - DEBUG - Sampled weight [ 0.02999981  1.05021828  1.04244775  0.07201375 -1.42032272]
2020-07-19 00:03:34,273 - root - DEBUG - Updating hall of fame
2020-07-19 00:03:34,679 - root - INFO - Completed generation 199; 1.6s elapsed, 1.9s avg, 3.8e+02s total. Expected time remaining: 1.9s
2020-07-19 00:03:34,732 - root - INFO - #199 MAX:accuracy.mean: 0.68
2020-07-19 00:03:34,773 - root - DEBUG - Sampled weight [ 0.48420457 -0.52501426 -1.83816672  0.73058769  1.33680024]
2020-07-19 00:03:35,881 - root - DEBUG - Updating hall of fame
2020-07-19 00:03:36,290 - root - INFO - Completed generation 200; 1.6s elapsed, 1.9s avg, 3.9e+02s total. Expected time remaining: 0.0s
2020-07-19 00:03:36,343 - root - INFO - #200 MAX:accuracy.mean: 0.74
2020-07-19 00:03:36,498 - root - DEBUG - Loaded 150 samples.
2020-07-19 00:03:36,503 - root - INFO - Evaluating indivs in hall of fame.
2020-07-19 00:03:38,501 - root - INFO - Completed excution.
