2020-07-28 03:27:55,338 - root - INFO - Package version 0.1.1
2020-07-28 03:27:55,338 - root - INFO - Saving data at /vol/fob-vol1/mi15/plonerma/Lab/rewann/data/2020-07-28_Iris [1, 2, 3, 7, 8, 10]; uniform -2,2; signed: True_000.
2020-07-28 03:27:55,338 - root - DEBUG - Loading training dataset
2020-07-28 03:27:55,433 - root - DEBUG - Loaded 150 samples.
2020-07-28 03:27:55,433 - root - DEBUG - Running experiments with the following parameters:
debug = true
experiment_name = "Iris [1, 2, 3, 7, 8, 10]; uniform -2,2; signed: True"
experiment_path = "data/2020-07-28_Iris [1, 2, 3, 7, 8, 10]; uniform -2,2; signed: True_000"

[config]
num_workers = 1
debug = true
backend = "numpy"

[postopt]
run_postopt = true
compile_report = false
num_weights = 100
num_samples = -1

[sampling]
seed = 0
post_init_seed = false
distribution = "uniform"
lower_bound = -2
upper_bound = 2
mean = 0
sigma = 1
num_weights_per_iteration = 5
num_samples_per_iteration = -1
hof_evaluation_iterations = 20

[task]
name = "iris"
sample_order_seed = 0
test_portion = 0.2
sample_length = 10
num_categories = 8

[storage]
data_base_path = "data"
log_filename = "execution.log"
commit_elite_freq = -1
commit_metrics_freq = 10

[population]
num_generations = 200
size = 100
initial_enabled_edge_prob = 0.05
initial_genes = "full"
hof_size = 10
enable_edge_signs = true
enabled_activation_funcs = [ 1, 2, 3, 7, 8, 10,]

[selection]
use_tournaments = true
elite_ratio = 0.1
culling_ratio = 0.2
tournament_size = 5
objectives = [ "-log_loss.min", "-log_loss.mean", "-n_hidden",]
recorded_metrics = [ "accuracy", "kappa", "log_loss",]
hof_metric = "accuracy.mean"

[mutation.new_edge]
probability = 0.2
strategy = "layer_agnostic"
propability = 0.2

[mutation.new_node]
probability = 0.25
propability = 0.3

[mutation.reenable_edge]
probability = 0.05
propability = 0.1

[mutation.change_activation]
probability = 0.5
propability = 0.4

[mutation.change_edge_sign]
probability = 0.2

[mutation.new_recurrent_edge]
probability = 0.2
strategy = "any"

2020-07-28 03:27:55,445 - root - INFO - Starting evolutionary algorithm
2020-07-28 03:27:55,472 - root - DEBUG - Sampled weight [ 1.97960763  0.98266634  0.5447582  -1.68770058 -0.7071392 ]
2020-07-28 03:27:56,589 - root - DEBUG - Updating hall of fame
2020-07-28 03:27:58,514 - root - INFO - Completed generation 1; 3.1s elapsed, 3.1s avg, 3.1s total. Expected time remaining: 6.1e+02s
2020-07-28 03:27:58,574 - root - INFO - #1 MAX:accuracy.mean: 0.45
2020-07-28 03:27:58,615 - root - DEBUG - Sampled weight [-1.98789401 -0.28641954  0.37448859  1.90480553 -0.5365461 ]
2020-07-28 03:27:59,668 - root - DEBUG - Updating hall of fame
2020-07-28 03:28:01,508 - root - INFO - Completed generation 2; 2.9s elapsed, 3.0s avg, 6.0s total. Expected time remaining: 5.9e+02s
2020-07-28 03:28:01,562 - root - INFO - #2 MAX:accuracy.mean: 0.53
2020-07-28 03:28:01,605 - root - DEBUG - Sampled weight [-1.47941246  1.7668329  -1.7366954  -0.9528645   1.35527013]
2020-07-28 03:28:02,676 - root - DEBUG - Updating hall of fame
2020-07-28 03:28:04,515 - root - INFO - Completed generation 3; 3.0s elapsed, 3.0s avg, 9.0s total. Expected time remaining: 5.9e+02s
2020-07-28 03:28:04,569 - root - INFO - #3 MAX:accuracy.mean: 0.47
2020-07-28 03:28:04,609 - root - DEBUG - Sampled weight [-0.87409602 -1.17530163  1.67445551 -1.76701321 -0.65170744]
2020-07-28 03:28:05,668 - root - DEBUG - Updating hall of fame
2020-07-28 03:28:07,539 - root - INFO - Completed generation 4; 3.0s elapsed, 3.0s avg, 1.2e+01s total. Expected time remaining: 5.8e+02s
2020-07-28 03:28:07,593 - root - INFO - #4 MAX:accuracy.mean: 0.66
2020-07-28 03:28:07,634 - root - DEBUG - Sampled weight [-0.40720058 -0.09444706 -0.67879944  0.06268181  1.569801  ]
2020-07-28 03:28:08,693 - root - DEBUG - Updating hall of fame
2020-07-28 03:28:10,566 - root - INFO - Completed generation 5; 3.0s elapsed, 3.0s avg, 1.5e+01s total. Expected time remaining: 5.8e+02s
2020-07-28 03:28:10,619 - root - INFO - #5 MAX:accuracy.mean: 0.61
2020-07-28 03:28:10,661 - root - DEBUG - Sampled weight [ 0.71367566  0.84758851 -0.0502845   0.41882086 -0.28754551]
2020-07-28 03:28:11,724 - root - DEBUG - Updating hall of fame
2020-07-28 03:28:13,069 - root - INFO - Completed generation 6; 2.4s elapsed, 2.9s avg, 1.7e+01s total. Expected time remaining: 5.6e+02s
2020-07-28 03:28:13,122 - root - INFO - #6 MAX:accuracy.mean: 0.61
2020-07-28 03:28:13,163 - root - DEBUG - Sampled weight [-0.83315349  1.56611694  1.66398548  1.82282136  1.71454702]
2020-07-28 03:28:14,226 - root - DEBUG - Updating hall of fame
2020-07-28 03:28:15,699 - root - INFO - Completed generation 7; 2.6s elapsed, 2.8s avg, 2e+01s total. Expected time remaining: 5.5e+02s
2020-07-28 03:28:15,752 - root - INFO - #7 MAX:accuracy.mean: 0.66
2020-07-28 03:28:15,793 - root - DEBUG - Sampled weight [-0.25025965 -1.02173995  0.52784517 -1.26648581  1.88894178]
2020-07-28 03:28:16,858 - root - DEBUG - Updating hall of fame
2020-07-28 03:28:17,595 - root - INFO - Completed generation 8; 1.8s elapsed, 2.7s avg, 2.2e+01s total. Expected time remaining: 5.2e+02s
2020-07-28 03:28:17,649 - root - INFO - #8 MAX:accuracy.mean: 0.58
2020-07-28 03:28:17,690 - root - DEBUG - Sampled weight [-0.65386723 -1.18366965 -0.05255059 -1.6456676   1.5206179 ]
2020-07-28 03:28:18,761 - root - DEBUG - Updating hall of fame
2020-07-28 03:28:19,313 - root - INFO - Completed generation 9; 1.7s elapsed, 2.6s avg, 2.3e+01s total. Expected time remaining: 5e+02s
2020-07-28 03:28:19,366 - root - INFO - #9 MAX:accuracy.mean: 0.55
2020-07-28 03:28:19,408 - root - DEBUG - Sampled weight [-1.9828733  -0.27155931 -0.06107235  1.80936532  1.70706764]
2020-07-28 03:28:20,469 - root - DEBUG - Updating hall of fame
2020-07-28 03:28:21,208 - root - INFO - Completed generation 10; 1.8s elapsed, 2.5s avg, 2.5e+01s total. Expected time remaining: 4.8e+02s
2020-07-28 03:28:21,262 - root - INFO - #10 MAX:accuracy.mean: 0.53
2020-07-28 03:28:21,344 - root - DEBUG - Sampled weight [-1.67164622  0.97378751  1.88123572  0.7769406  -0.385238  ]
2020-07-28 03:28:22,412 - root - DEBUG - Updating hall of fame
2020-07-28 03:28:22,597 - root - INFO - Completed generation 11; 1.3s elapsed, 2.4s avg, 2.7e+01s total. Expected time remaining: 4.6e+02s
2020-07-28 03:28:22,650 - root - INFO - #11 MAX:accuracy.mean: 0.56
2020-07-28 03:28:22,691 - root - DEBUG - Sampled weight [ 1.44294667  1.21728628  1.99111191  0.62376064 -1.24275356]
2020-07-28 03:28:23,755 - root - DEBUG - Updating hall of fame
2020-07-28 03:28:24,862 - root - INFO - Completed generation 12; 2.2s elapsed, 2.4s avg, 2.9e+01s total. Expected time remaining: 4.5e+02s
2020-07-28 03:28:24,915 - root - INFO - #12 MAX:accuracy.mean: 0.6
2020-07-28 03:28:24,957 - root - DEBUG - Sampled weight [-1.34233809 -1.46531044 -0.12276216  1.85236315 -0.59014481]
2020-07-28 03:28:26,025 - root - DEBUG - Updating hall of fame
2020-07-28 03:28:26,396 - root - INFO - Completed generation 13; 1.5s elapsed, 2.3s avg, 3e+01s total. Expected time remaining: 4.4e+02s
2020-07-28 03:28:26,449 - root - INFO - #13 MAX:accuracy.mean: 0.59
2020-07-28 03:28:26,491 - root - DEBUG - Sampled weight [-1.37805096 -1.53803887  1.20914531  0.1003556  -1.67945285]
2020-07-28 03:28:27,559 - root - DEBUG - Updating hall of fame
2020-07-28 03:28:27,928 - root - INFO - Completed generation 14; 1.5s elapsed, 2.3s avg, 3.2e+01s total. Expected time remaining: 4.2e+02s
2020-07-28 03:28:27,981 - root - INFO - #14 MAX:accuracy.mean: 0.59
2020-07-28 03:28:28,022 - root - DEBUG - Sampled weight [ 1.86197292  1.08335767 -0.45469633  0.45673285 -1.85124883]
2020-07-28 03:28:29,089 - root - DEBUG - Updating hall of fame
2020-07-28 03:28:30,006 - root - INFO - Completed generation 15; 2.0s elapsed, 2.3s avg, 3.4e+01s total. Expected time remaining: 4.2e+02s
2020-07-28 03:28:30,059 - root - INFO - #15 MAX:accuracy.mean: 0.62
2020-07-28 03:28:30,100 - root - DEBUG - Sampled weight [ 1.93522951 -0.29554743  0.66242327  0.9854835   1.49009285]
2020-07-28 03:28:31,160 - root - DEBUG - Updating hall of fame
2020-07-28 03:28:32,098 - root - INFO - Completed generation 16; 2.0s elapsed, 2.2s avg, 3.6e+01s total. Expected time remaining: 4.1e+02s
2020-07-28 03:28:32,151 - root - INFO - #16 MAX:accuracy.mean: 0.57
2020-07-28 03:28:32,191 - root - DEBUG - Sampled weight [-0.2351244  -0.42880763 -0.05033509  1.51106309  0.3841328 ]
2020-07-28 03:28:33,255 - root - DEBUG - Updating hall of fame
2020-07-28 03:28:34,540 - root - INFO - Completed generation 17; 2.4s elapsed, 2.2s avg, 3.8e+01s total. Expected time remaining: 4.1e+02s
2020-07-28 03:28:34,593 - root - INFO - #17 MAX:accuracy.mean: 0.55
2020-07-28 03:28:34,634 - root - DEBUG - Sampled weight [-0.02155567 -1.12132623  1.37985199  0.99338034 -1.31721566]
2020-07-28 03:28:35,697 - root - DEBUG - Updating hall of fame
2020-07-28 03:28:35,882 - root - INFO - Completed generation 18; 1.3s elapsed, 2.2s avg, 3.9e+01s total. Expected time remaining: 4e+02s
2020-07-28 03:28:35,935 - root - INFO - #18 MAX:accuracy.mean: 0.6
2020-07-28 03:28:35,975 - root - DEBUG - Sampled weight [-0.83485111  0.02372161  0.81089799 -1.08852691 -0.79760405]
2020-07-28 03:28:37,034 - root - DEBUG - Updating hall of fame
2020-07-28 03:28:37,586 - root - INFO - Completed generation 19; 1.7s elapsed, 2.2s avg, 4.1e+01s total. Expected time remaining: 3.9e+02s
2020-07-28 03:28:37,640 - root - INFO - #19 MAX:accuracy.mean: 0.6
2020-07-28 03:28:37,681 - root - DEBUG - Sampled weight [ 0.68429154  1.92952829 -0.87295667  1.66552575  0.01510284]
2020-07-28 03:28:38,740 - root - DEBUG - Updating hall of fame
2020-07-28 03:28:40,030 - root - INFO - Completed generation 20; 2.4s elapsed, 2.2s avg, 4.4e+01s total. Expected time remaining: 3.9e+02s
2020-07-28 03:28:40,083 - root - INFO - #20 MAX:accuracy.mean: 0.63
2020-07-28 03:28:40,172 - root - DEBUG - Sampled weight [-1.47630625 -1.54558486 -1.2245388  -1.93125347 -1.79640585]
2020-07-28 03:28:41,236 - root - DEBUG - Updating hall of fame
2020-07-28 03:28:42,717 - root - INFO - Completed generation 21; 2.6s elapsed, 2.2s avg, 4.6e+01s total. Expected time remaining: 3.9e+02s
2020-07-28 03:28:42,770 - root - INFO - #21 MAX:accuracy.mean: 0.67
2020-07-28 03:28:42,811 - root - DEBUG - Sampled weight [ 0.28208947 -1.87942557  1.22501817 -0.01335597  0.55985906]
2020-07-28 03:28:43,875 - root - DEBUG - Updating hall of fame
2020-07-28 03:28:45,355 - root - INFO - Completed generation 22; 2.6s elapsed, 2.2s avg, 4.9e+01s total. Expected time remaining: 3.9e+02s
2020-07-28 03:28:45,408 - root - INFO - #22 MAX:accuracy.mean: 0.53
2020-07-28 03:28:45,450 - root - DEBUG - Sampled weight [-0.7980477  -1.20523051  1.666462    1.39323815 -1.13433252]
2020-07-28 03:28:46,516 - root - DEBUG - Updating hall of fame
2020-07-28 03:28:47,285 - root - INFO - Completed generation 23; 1.9s elapsed, 2.2s avg, 5.1e+01s total. Expected time remaining: 3.9e+02s
2020-07-28 03:28:47,339 - root - INFO - #23 MAX:accuracy.mean: 0.67
2020-07-28 03:28:47,381 - root - DEBUG - Sampled weight [-0.50236847  0.01922061  1.18771205 -1.29424471  1.24284473]
2020-07-28 03:28:48,447 - root - DEBUG - Updating hall of fame
2020-07-28 03:28:49,735 - root - INFO - Completed generation 24; 2.4s elapsed, 2.2s avg, 5.3e+01s total. Expected time remaining: 3.9e+02s
2020-07-28 03:28:49,789 - root - INFO - #24 MAX:accuracy.mean: 0.69
2020-07-28 03:28:49,830 - root - DEBUG - Sampled weight [ 0.73767597 -1.72731657  1.93658598 -0.83798923  0.63145636]
2020-07-28 03:28:50,893 - root - DEBUG - Updating hall of fame
2020-07-28 03:28:51,466 - root - INFO - Completed generation 25; 1.7s elapsed, 2.2s avg, 5.5e+01s total. Expected time remaining: 3.8e+02s
2020-07-28 03:28:51,519 - root - INFO - #25 MAX:accuracy.mean: 0.67
2020-07-28 03:28:51,561 - root - DEBUG - Sampled weight [-0.01448207 -0.6237138  -1.6027441   0.43617851 -1.33212272]
2020-07-28 03:28:52,629 - root - DEBUG - Updating hall of fame
2020-07-28 03:28:53,580 - root - INFO - Completed generation 26; 2.1s elapsed, 2.2s avg, 5.7e+01s total. Expected time remaining: 3.8e+02s
2020-07-28 03:28:53,633 - root - INFO - #26 MAX:accuracy.mean: 0.61
2020-07-28 03:28:53,674 - root - DEBUG - Sampled weight [-1.32339304 -1.19298407 -1.70415703  1.80665838  0.0655031 ]
2020-07-28 03:28:54,733 - root - DEBUG - Updating hall of fame
2020-07-28 03:28:56,036 - root - INFO - Completed generation 27; 2.4s elapsed, 2.2s avg, 5.9e+01s total. Expected time remaining: 3.8e+02s
2020-07-28 03:28:56,088 - root - INFO - #27 MAX:accuracy.mean: 0.66
2020-07-28 03:28:56,130 - root - DEBUG - Sampled weight [-0.13869042 -0.58914544  0.59638958  1.80007081  1.67092763]
2020-07-28 03:28:57,195 - root - DEBUG - Updating hall of fame
2020-07-28 03:28:58,119 - root - INFO - Completed generation 28; 2.0s elapsed, 2.2s avg, 6.1e+01s total. Expected time remaining: 3.8e+02s
2020-07-28 03:28:58,172 - root - INFO - #28 MAX:accuracy.mean: 0.62
2020-07-28 03:28:58,213 - root - DEBUG - Sampled weight [-0.11223286 -0.10384722 -1.50891533 -1.94740136  0.8548992 ]
2020-07-28 03:28:59,276 - root - DEBUG - Updating hall of fame
2020-07-28 03:29:00,021 - root - INFO - Completed generation 29; 1.8s elapsed, 2.2s avg, 6.3e+01s total. Expected time remaining: 3.7e+02s
2020-07-28 03:29:00,074 - root - INFO - #29 MAX:accuracy.mean: 0.61
2020-07-28 03:29:00,115 - root - DEBUG - Sampled weight [ 0.13518691 -0.0037653  -1.85531145 -0.9575241   1.15692747]
2020-07-28 03:29:01,183 - root - DEBUG - Updating hall of fame
2020-07-28 03:29:01,939 - root - INFO - Completed generation 30; 1.9s elapsed, 2.2s avg, 6.5e+01s total. Expected time remaining: 3.7e+02s
2020-07-28 03:29:01,993 - root - INFO - #30 MAX:accuracy.mean: 0.65
2020-07-28 03:29:02,073 - root - DEBUG - Sampled weight [ 1.30695596 -1.91670282  0.27897599  0.90492975 -1.29192468]
2020-07-28 03:29:03,155 - root - DEBUG - Updating hall of fame
2020-07-28 03:29:03,930 - root - INFO - Completed generation 31; 1.9s elapsed, 2.2s avg, 6.7e+01s total. Expected time remaining: 3.6e+02s
2020-07-28 03:29:03,983 - root - INFO - #31 MAX:accuracy.mean: 0.64
2020-07-28 03:29:04,024 - root - DEBUG - Sampled weight [ 0.45993285 -1.38338267  0.28090915  1.53936356  0.61277921]
2020-07-28 03:29:05,090 - root - DEBUG - Updating hall of fame
2020-07-28 03:29:05,845 - root - INFO - Completed generation 32; 1.9s elapsed, 2.1s avg, 6.9e+01s total. Expected time remaining: 3.6e+02s
2020-07-28 03:29:05,898 - root - INFO - #32 MAX:accuracy.mean: 0.67
2020-07-28 03:29:05,939 - root - DEBUG - Sampled weight [-1.82582168  1.08136843  1.19747049 -1.15025325  1.95056449]
2020-07-28 03:29:07,005 - root - DEBUG - Updating hall of fame
2020-07-28 03:29:07,758 - root - INFO - Completed generation 33; 1.9s elapsed, 2.1s avg, 7e+01s total. Expected time remaining: 3.6e+02s
2020-07-28 03:29:07,812 - root - INFO - #33 MAX:accuracy.mean: 0.67
2020-07-28 03:29:07,853 - root - DEBUG - Sampled weight [-1.26804959  0.02554833  1.47886325  1.16974825  1.15440058]
2020-07-28 03:29:08,920 - root - DEBUG - Updating hall of fame
2020-07-28 03:29:09,675 - root - INFO - Completed generation 34; 1.9s elapsed, 2.1s avg, 7.2e+01s total. Expected time remaining: 3.5e+02s
2020-07-28 03:29:09,728 - root - INFO - #34 MAX:accuracy.mean: 0.65
2020-07-28 03:29:09,769 - root - DEBUG - Sampled weight [-1.85029247 -0.15305276 -0.0743417  -0.65165437 -0.78504027]
2020-07-28 03:29:10,838 - root - DEBUG - Updating hall of fame
2020-07-28 03:29:11,229 - root - INFO - Completed generation 35; 1.5s elapsed, 2.1s avg, 7.4e+01s total. Expected time remaining: 3.5e+02s
2020-07-28 03:29:11,282 - root - INFO - #35 MAX:accuracy.mean: 0.67
2020-07-28 03:29:11,324 - root - DEBUG - Sampled weight [ 1.40900723 -0.17511917  0.69450793  0.62820389 -1.22008505]
2020-07-28 03:29:12,402 - root - DEBUG - Updating hall of fame
2020-07-28 03:29:13,535 - root - INFO - Completed generation 36; 2.3s elapsed, 2.1s avg, 7.6e+01s total. Expected time remaining: 3.5e+02s
2020-07-28 03:29:13,588 - root - INFO - #36 MAX:accuracy.mean: 0.69
2020-07-28 03:29:13,629 - root - DEBUG - Sampled weight [1.66791717 1.17394309 0.90579003 0.79920216 1.09414678]
2020-07-28 03:29:14,699 - root - DEBUG - Updating hall of fame
2020-07-28 03:29:15,282 - root - INFO - Completed generation 37; 1.7s elapsed, 2.1s avg, 7.8e+01s total. Expected time remaining: 3.4e+02s
2020-07-28 03:29:15,335 - root - INFO - #37 MAX:accuracy.mean: 0.67
2020-07-28 03:29:15,376 - root - DEBUG - Sampled weight [-0.48738546 -1.74137247 -1.93729735  0.7546377   1.32341196]
2020-07-28 03:29:16,455 - root - DEBUG - Updating hall of fame
2020-07-28 03:29:17,382 - root - INFO - Completed generation 38; 2.0s elapsed, 2.1s avg, 8e+01s total. Expected time remaining: 3.4e+02s
2020-07-28 03:29:17,435 - root - INFO - #38 MAX:accuracy.mean: 0.71
2020-07-28 03:29:17,477 - root - DEBUG - Sampled weight [-0.17867622 -1.31366576 -1.5591991   1.0934609   1.2813482 ]
2020-07-28 03:29:18,562 - root - DEBUG - Updating hall of fame
2020-07-28 03:29:19,323 - root - INFO - Completed generation 39; 1.9s elapsed, 2.1s avg, 8.2e+01s total. Expected time remaining: 3.4e+02s
2020-07-28 03:29:19,478 - root - INFO - #39 MAX:accuracy.mean: 0.68
2020-07-28 03:29:19,520 - root - DEBUG - Sampled weight [-1.0923235   1.76448089 -1.63389782 -0.77977185  1.47888824]
2020-07-28 03:29:20,591 - root - DEBUG - Updating hall of fame
2020-07-28 03:29:21,342 - root - INFO - Completed generation 40; 1.9s elapsed, 2.1s avg, 8.4e+01s total. Expected time remaining: 3.3e+02s
2020-07-28 03:29:21,395 - root - INFO - #40 MAX:accuracy.mean: 0.67
2020-07-28 03:29:21,509 - root - DEBUG - Sampled weight [ 0.02013178  1.05215859  1.96487113  0.28793622 -1.06487755]
2020-07-28 03:29:22,595 - root - DEBUG - Updating hall of fame
2020-07-28 03:29:23,168 - root - INFO - Completed generation 41; 1.7s elapsed, 2.1s avg, 8.5e+01s total. Expected time remaining: 3.3e+02s
2020-07-28 03:29:23,221 - root - INFO - #41 MAX:accuracy.mean: 0.66
2020-07-28 03:29:23,262 - root - DEBUG - Sampled weight [-1.33158795  0.99781805  0.73505291 -0.29963933 -1.52674032]
2020-07-28 03:29:24,350 - root - DEBUG - Updating hall of fame
2020-07-28 03:29:25,102 - root - INFO - Completed generation 42; 1.9s elapsed, 2.1s avg, 8.7e+01s total. Expected time remaining: 3.3e+02s
2020-07-28 03:29:25,156 - root - INFO - #42 MAX:accuracy.mean: 0.67
2020-07-28 03:29:25,197 - root - DEBUG - Sampled weight [-1.95315039  0.79095051  0.40751038 -1.11947143  1.99638551]
2020-07-28 03:29:26,289 - root - DEBUG - Updating hall of fame
2020-07-28 03:29:27,055 - root - INFO - Completed generation 43; 1.9s elapsed, 2.1s avg, 8.9e+01s total. Expected time remaining: 3.3e+02s
2020-07-28 03:29:27,108 - root - INFO - #43 MAX:accuracy.mean: 0.68
2020-07-28 03:29:27,150 - root - DEBUG - Sampled weight [-0.08015264 -0.07362374 -1.49574222 -0.62215511 -0.68093688]
2020-07-28 03:29:28,242 - root - DEBUG - Updating hall of fame
2020-07-28 03:29:29,016 - root - INFO - Completed generation 44; 1.9s elapsed, 2.1s avg, 9.1e+01s total. Expected time remaining: 3.2e+02s
2020-07-28 03:29:29,070 - root - INFO - #44 MAX:accuracy.mean: 0.67
2020-07-28 03:29:29,111 - root - DEBUG - Sampled weight [ 0.09719317 -1.28554324 -1.77444032  0.96794571 -0.63734333]
2020-07-28 03:29:30,195 - root - DEBUG - Updating hall of fame
2020-07-28 03:29:30,951 - root - INFO - Completed generation 45; 1.9s elapsed, 2.1s avg, 9.3e+01s total. Expected time remaining: 3.2e+02s
2020-07-28 03:29:31,004 - root - INFO - #45 MAX:accuracy.mean: 0.71
2020-07-28 03:29:31,045 - root - DEBUG - Sampled weight [-0.56058078 -0.34567047 -1.74310611  0.24379746  0.55163643]
2020-07-28 03:29:32,130 - root - DEBUG - Updating hall of fame
2020-07-28 03:29:32,904 - root - INFO - Completed generation 46; 1.9s elapsed, 2.1s avg, 9.5e+01s total. Expected time remaining: 3.2e+02s
2020-07-28 03:29:32,960 - root - INFO - #46 MAX:accuracy.mean: 0.67
2020-07-28 03:29:33,003 - root - DEBUG - Sampled weight [ 1.42208413  1.01219118 -0.90766561  0.82247629  0.40489607]
2020-07-28 03:29:34,093 - root - DEBUG - Updating hall of fame
2020-07-28 03:29:35,025 - root - INFO - Completed generation 47; 2.1s elapsed, 2.1s avg, 9.7e+01s total. Expected time remaining: 3.2e+02s
2020-07-28 03:29:35,078 - root - INFO - #47 MAX:accuracy.mean: 0.68
2020-07-28 03:29:35,121 - root - DEBUG - Sampled weight [ 1.11513918 -1.47344134  0.89091586  1.16596635  0.92641576]
2020-07-28 03:29:36,213 - root - DEBUG - Updating hall of fame
2020-07-28 03:29:36,975 - root - INFO - Completed generation 48; 1.9s elapsed, 2.1s avg, 9.9e+01s total. Expected time remaining: 3.1e+02s
2020-07-28 03:29:37,028 - root - INFO - #48 MAX:accuracy.mean: 0.72
2020-07-28 03:29:37,071 - root - DEBUG - Sampled weight [ 0.31679106  0.93262096 -0.45627377 -0.39588746  1.40503268]
2020-07-28 03:29:38,170 - root - DEBUG - Updating hall of fame
2020-07-28 03:29:38,934 - root - INFO - Completed generation 49; 1.9s elapsed, 2.1s avg, 1e+02s total. Expected time remaining: 3.1e+02s
2020-07-28 03:29:38,988 - root - INFO - #49 MAX:accuracy.mean: 0.7
2020-07-28 03:29:39,029 - root - DEBUG - Sampled weight [-0.99907567  1.76159503  0.40821031  0.52512467  0.97226542]
2020-07-28 03:29:40,121 - root - DEBUG - Updating hall of fame
2020-07-28 03:29:40,691 - root - INFO - Completed generation 50; 1.7s elapsed, 2.0s avg, 1e+02s total. Expected time remaining: 3.1e+02s
2020-07-28 03:29:40,744 - root - INFO - #50 MAX:accuracy.mean: 0.76
2020-07-28 03:29:40,842 - root - DEBUG - Sampled weight [-1.15461959  0.32834114  1.1547741   1.87792867  1.6012711 ]
2020-07-28 03:29:41,936 - root - DEBUG - Updating hall of fame
2020-07-28 03:29:42,506 - root - INFO - Completed generation 51; 1.7s elapsed, 2.0s avg, 1e+02s total. Expected time remaining: 3e+02s
2020-07-28 03:29:42,559 - root - INFO - #51 MAX:accuracy.mean: 0.7
2020-07-28 03:29:42,600 - root - DEBUG - Sampled weight [ 1.77693639 -0.67761068 -0.37280978 -1.72209085 -1.79235008]
2020-07-28 03:29:43,691 - root - DEBUG - Updating hall of fame
2020-07-28 03:29:44,451 - root - INFO - Completed generation 52; 1.9s elapsed, 2.0s avg, 1.1e+02s total. Expected time remaining: 3e+02s
2020-07-28 03:29:44,505 - root - INFO - #52 MAX:accuracy.mean: 0.67
2020-07-28 03:29:44,546 - root - DEBUG - Sampled weight [ 1.73532573  1.59188374 -0.95058972  1.54337139 -1.82612546]
2020-07-28 03:29:45,635 - root - DEBUG - Updating hall of fame
2020-07-28 03:29:46,010 - root - INFO - Completed generation 53; 1.5s elapsed, 2.0s avg, 1.1e+02s total. Expected time remaining: 3e+02s
2020-07-28 03:29:46,063 - root - INFO - #53 MAX:accuracy.mean: 0.72
2020-07-28 03:29:46,105 - root - DEBUG - Sampled weight [ 1.35348856 -0.66883324 -0.6598575   0.64555223  1.38952602]
2020-07-28 03:29:47,198 - root - DEBUG - Updating hall of fame
2020-07-28 03:29:47,585 - root - INFO - Completed generation 54; 1.5s elapsed, 2.0s avg, 1.1e+02s total. Expected time remaining: 2.9e+02s
2020-07-28 03:29:47,638 - root - INFO - #54 MAX:accuracy.mean: 0.81
2020-07-28 03:29:47,681 - root - DEBUG - Sampled weight [ 0.41221853  0.93971669  1.49030945 -1.67510282 -1.1199416 ]
2020-07-28 03:29:48,790 - root - DEBUG - Updating hall of fame
2020-07-28 03:29:48,995 - root - INFO - Completed generation 55; 1.4s elapsed, 2.0s avg, 1.1e+02s total. Expected time remaining: 2.9e+02s
2020-07-28 03:29:49,048 - root - INFO - #55 MAX:accuracy.mean: 0.75
2020-07-28 03:29:49,091 - root - DEBUG - Sampled weight [-0.59269819  1.2146884   1.01580169  0.46098089 -0.29676076]
2020-07-28 03:29:50,186 - root - DEBUG - Updating hall of fame
2020-07-28 03:29:50,765 - root - INFO - Completed generation 56; 1.7s elapsed, 2.0s avg, 1.1e+02s total. Expected time remaining: 2.9e+02s
2020-07-28 03:29:50,818 - root - INFO - #56 MAX:accuracy.mean: 0.69
2020-07-28 03:29:50,859 - root - DEBUG - Sampled weight [ 1.36232562 -0.47162459 -0.97221652  0.28792776  0.42778545]
2020-07-28 03:29:51,967 - root - DEBUG - Updating hall of fame
2020-07-28 03:29:52,550 - root - INFO - Completed generation 57; 1.7s elapsed, 2.0s avg, 1.1e+02s total. Expected time remaining: 2.9e+02s
2020-07-28 03:29:52,603 - root - INFO - #57 MAX:accuracy.mean: 0.71
2020-07-28 03:29:52,646 - root - DEBUG - Sampled weight [-0.52367614 -1.93452138 -1.3295553  -1.05153066 -1.98836936]
2020-07-28 03:29:53,750 - root - DEBUG - Updating hall of fame
2020-07-28 03:29:54,128 - root - INFO - Completed generation 58; 1.5s elapsed, 2.0s avg, 1.2e+02s total. Expected time remaining: 2.8e+02s
2020-07-28 03:29:54,181 - root - INFO - #58 MAX:accuracy.mean: 0.69
2020-07-28 03:29:54,223 - root - DEBUG - Sampled weight [ 0.5419772  -0.14609968 -0.03890009  0.05968111 -1.96066001]
2020-07-28 03:29:55,327 - root - DEBUG - Updating hall of fame
2020-07-28 03:29:56,277 - root - INFO - Completed generation 59; 2.1s elapsed, 2.0s avg, 1.2e+02s total. Expected time remaining: 2.8e+02s
2020-07-28 03:29:56,331 - root - INFO - #59 MAX:accuracy.mean: 0.69
2020-07-28 03:29:56,372 - root - DEBUG - Sampled weight [1.82566424 1.77520219 0.03582421 1.91095249 0.60615595]
2020-07-28 03:29:57,465 - root - DEBUG - Updating hall of fame
2020-07-28 03:29:57,863 - root - INFO - Completed generation 60; 1.5s elapsed, 2.0s avg, 1.2e+02s total. Expected time remaining: 2.8e+02s
2020-07-28 03:29:57,916 - root - INFO - #60 MAX:accuracy.mean: 0.78
2020-07-28 03:29:58,021 - root - DEBUG - Sampled weight [-0.5275793   1.80447968  1.48516965  0.96329051  0.3138197 ]
2020-07-28 03:29:59,135 - root - DEBUG - Updating hall of fame
2020-07-28 03:29:59,710 - root - INFO - Completed generation 61; 1.7s elapsed, 2.0s avg, 1.2e+02s total. Expected time remaining: 2.7e+02s
2020-07-28 03:29:59,763 - root - INFO - #61 MAX:accuracy.mean: 0.73
2020-07-28 03:29:59,805 - root - DEBUG - Sampled weight [-1.78828716 -0.07131249 -1.56668004 -0.34366089 -1.16287452]
2020-07-28 03:30:00,892 - root - DEBUG - Updating hall of fame
2020-07-28 03:30:01,083 - root - INFO - Completed generation 62; 1.3s elapsed, 2.0s avg, 1.2e+02s total. Expected time remaining: 2.7e+02s
2020-07-28 03:30:01,137 - root - INFO - #62 MAX:accuracy.mean: 0.72
2020-07-28 03:30:01,178 - root - DEBUG - Sampled weight [ 1.0989194   0.29516785 -0.61462346 -0.9552441   0.74742412]
2020-07-28 03:30:02,289 - root - DEBUG - Updating hall of fame
2020-07-28 03:30:03,230 - root - INFO - Completed generation 63; 2.1s elapsed, 2.0s avg, 1.2e+02s total. Expected time remaining: 2.7e+02s
2020-07-28 03:30:03,290 - root - INFO - #63 MAX:accuracy.mean: 0.7
2020-07-28 03:30:03,332 - root - DEBUG - Sampled weight [1.74541615 1.64769534 0.71206587 0.09617179 0.80328102]
2020-07-28 03:30:04,426 - root - DEBUG - Updating hall of fame
2020-07-28 03:30:05,198 - root - INFO - Completed generation 64; 1.9s elapsed, 2.0s avg, 1.3e+02s total. Expected time remaining: 2.7e+02s
2020-07-28 03:30:05,251 - root - INFO - #64 MAX:accuracy.mean: 0.74
2020-07-28 03:30:05,292 - root - DEBUG - Sampled weight [ 1.03643245  0.11434727  1.10387572 -1.24108586 -0.94988082]
2020-07-28 03:30:06,404 - root - DEBUG - Updating hall of fame
2020-07-28 03:30:06,968 - root - INFO - Completed generation 65; 1.7s elapsed, 2.0s avg, 1.3e+02s total. Expected time remaining: 2.7e+02s
2020-07-28 03:30:07,022 - root - INFO - #65 MAX:accuracy.mean: 0.68
2020-07-28 03:30:07,063 - root - DEBUG - Sampled weight [ 1.97842771  0.25372162 -1.89015266 -1.51855483  1.7524616 ]
2020-07-28 03:30:08,164 - root - DEBUG - Updating hall of fame
2020-07-28 03:30:08,717 - root - INFO - Completed generation 66; 1.7s elapsed, 2.0s avg, 1.3e+02s total. Expected time remaining: 2.6e+02s
2020-07-28 03:30:08,770 - root - INFO - #66 MAX:accuracy.mean: 0.67
2020-07-28 03:30:08,811 - root - DEBUG - Sampled weight [-0.05622042 -0.55389607  0.01720828 -0.4790031   0.84039128]
2020-07-28 03:30:09,905 - root - DEBUG - Updating hall of fame
2020-07-28 03:30:10,663 - root - INFO - Completed generation 67; 1.9s elapsed, 2.0s avg, 1.3e+02s total. Expected time remaining: 2.6e+02s
2020-07-28 03:30:10,717 - root - INFO - #67 MAX:accuracy.mean: 0.69
2020-07-28 03:30:10,759 - root - DEBUG - Sampled weight [-0.81326408 -0.25105753  0.77152583  0.66250625  1.80199867]
2020-07-28 03:30:11,867 - root - DEBUG - Updating hall of fame
2020-07-28 03:30:12,431 - root - INFO - Completed generation 68; 1.7s elapsed, 2.0s avg, 1.3e+02s total. Expected time remaining: 2.6e+02s
2020-07-28 03:30:12,485 - root - INFO - #68 MAX:accuracy.mean: 0.7
2020-07-28 03:30:12,527 - root - DEBUG - Sampled weight [ 0.9829699  -1.48388155 -0.87220942 -1.17481252 -0.95532026]
2020-07-28 03:30:13,651 - root - DEBUG - Updating hall of fame
2020-07-28 03:30:14,620 - root - INFO - Completed generation 69; 2.1s elapsed, 2.0s avg, 1.4e+02s total. Expected time remaining: 2.6e+02s
2020-07-28 03:30:14,673 - root - INFO - #69 MAX:accuracy.mean: 0.72
2020-07-28 03:30:14,715 - root - DEBUG - Sampled weight [-1.25178885  1.33730748  1.58001913 -0.60530038 -0.08842033]
2020-07-28 03:30:15,802 - root - DEBUG - Updating hall of fame
2020-07-28 03:30:16,762 - root - INFO - Completed generation 70; 2.1s elapsed, 2.0s avg, 1.4e+02s total. Expected time remaining: 2.5e+02s
2020-07-28 03:30:16,816 - root - INFO - #70 MAX:accuracy.mean: 0.71
2020-07-28 03:30:16,922 - root - DEBUG - Sampled weight [ 0.0273369  -0.1077502  -0.32116454 -1.58188703 -0.50765216]
2020-07-28 03:30:18,023 - root - DEBUG - Updating hall of fame
2020-07-28 03:30:18,781 - root - INFO - Completed generation 71; 1.9s elapsed, 2.0s avg, 1.4e+02s total. Expected time remaining: 2.5e+02s
2020-07-28 03:30:18,834 - root - INFO - #71 MAX:accuracy.mean: 0.64
2020-07-28 03:30:18,876 - root - DEBUG - Sampled weight [ 0.96670059  0.2763548   0.70394239 -0.05874577 -1.22850563]
2020-07-28 03:30:19,972 - root - DEBUG - Updating hall of fame
2020-07-28 03:30:20,724 - root - INFO - Completed generation 72; 1.9s elapsed, 2.0s avg, 1.4e+02s total. Expected time remaining: 2.5e+02s
2020-07-28 03:30:20,777 - root - INFO - #72 MAX:accuracy.mean: 0.63
2020-07-28 03:30:20,819 - root - DEBUG - Sampled weight [-0.44395239  1.84567939  1.04036983  0.56196484 -0.54188166]
2020-07-28 03:30:21,919 - root - DEBUG - Updating hall of fame
2020-07-28 03:30:22,498 - root - INFO - Completed generation 73; 1.7s elapsed, 2.0s avg, 1.4e+02s total. Expected time remaining: 2.5e+02s
2020-07-28 03:30:22,552 - root - INFO - #73 MAX:accuracy.mean: 0.76
2020-07-28 03:30:22,592 - root - DEBUG - Sampled weight [-1.7600514  -0.06346387  1.04919207  0.11997358 -1.47196484]
2020-07-28 03:30:23,691 - root - DEBUG - Updating hall of fame
2020-07-28 03:30:24,068 - root - INFO - Completed generation 74; 1.5s elapsed, 1.9s avg, 1.4e+02s total. Expected time remaining: 2.5e+02s
2020-07-28 03:30:24,122 - root - INFO - #74 MAX:accuracy.mean: 0.72
2020-07-28 03:30:24,164 - root - DEBUG - Sampled weight [-1.50487411 -0.31056916 -1.17281326 -1.85705378  0.12659059]
2020-07-28 03:30:25,256 - root - DEBUG - Updating hall of fame
2020-07-28 03:30:25,998 - root - INFO - Completed generation 75; 1.9s elapsed, 1.9s avg, 1.5e+02s total. Expected time remaining: 2.4e+02s
2020-07-28 03:30:26,052 - root - INFO - #75 MAX:accuracy.mean: 0.68
2020-07-28 03:30:26,094 - root - DEBUG - Sampled weight [-1.29706435  1.67914583  0.97807067  0.53084466  0.73750185]
2020-07-28 03:30:27,195 - root - DEBUG - Updating hall of fame
2020-07-28 03:30:28,134 - root - INFO - Completed generation 76; 2.1s elapsed, 1.9s avg, 1.5e+02s total. Expected time remaining: 2.4e+02s
2020-07-28 03:30:28,188 - root - INFO - #76 MAX:accuracy.mean: 0.71
2020-07-28 03:30:28,229 - root - DEBUG - Sampled weight [-0.92700222 -0.65941989  1.62165634  0.17134203  0.4473914 ]
2020-07-28 03:30:29,323 - root - DEBUG - Updating hall of fame
2020-07-28 03:30:30,277 - root - INFO - Completed generation 77; 2.1s elapsed, 2.0s avg, 1.5e+02s total. Expected time remaining: 2.4e+02s
2020-07-28 03:30:30,330 - root - INFO - #77 MAX:accuracy.mean: 0.64
2020-07-28 03:30:30,372 - root - DEBUG - Sampled weight [ 1.05158838 -0.13913333 -1.60507649 -1.22645019 -0.82737982]
2020-07-28 03:30:31,481 - root - DEBUG - Updating hall of fame
2020-07-28 03:30:31,861 - root - INFO - Completed generation 78; 1.5s elapsed, 1.9s avg, 1.5e+02s total. Expected time remaining: 2.4e+02s
2020-07-28 03:30:31,915 - root - INFO - #78 MAX:accuracy.mean: 0.67
2020-07-28 03:30:31,957 - root - DEBUG - Sampled weight [ 1.27605503 -1.5099648  -0.21999149  0.20547108 -1.58767981]
2020-07-28 03:30:33,065 - root - DEBUG - Updating hall of fame
2020-07-28 03:30:34,020 - root - INFO - Completed generation 79; 2.1s elapsed, 1.9s avg, 1.5e+02s total. Expected time remaining: 2.4e+02s
2020-07-28 03:30:34,074 - root - INFO - #79 MAX:accuracy.mean: 0.68
2020-07-28 03:30:34,116 - root - DEBUG - Sampled weight [0.63876602 0.02313798 1.49693627 0.17043487 0.04079027]
2020-07-28 03:30:35,209 - root - DEBUG - Updating hall of fame
2020-07-28 03:30:36,143 - root - INFO - Completed generation 80; 2.1s elapsed, 1.9s avg, 1.6e+02s total. Expected time remaining: 2.3e+02s
2020-07-28 03:30:36,196 - root - INFO - #80 MAX:accuracy.mean: 0.66
2020-07-28 03:30:36,311 - root - DEBUG - Sampled weight [-1.09404352  0.18465799 -1.4987281  -1.22128322 -1.3151954 ]
2020-07-28 03:30:37,404 - root - DEBUG - Updating hall of fame
2020-07-28 03:30:37,596 - root - INFO - Completed generation 81; 1.3s elapsed, 1.9s avg, 1.6e+02s total. Expected time remaining: 2.3e+02s
2020-07-28 03:30:37,649 - root - INFO - #81 MAX:accuracy.mean: 0.76
2020-07-28 03:30:37,690 - root - DEBUG - Sampled weight [ 1.89516257  0.82429008 -0.03025442  0.85815124 -1.50476844]
2020-07-28 03:30:38,785 - root - DEBUG - Updating hall of fame
2020-07-28 03:30:39,721 - root - INFO - Completed generation 82; 2.1s elapsed, 1.9s avg, 1.6e+02s total. Expected time remaining: 2.3e+02s
2020-07-28 03:30:39,774 - root - INFO - #82 MAX:accuracy.mean: 0.65
2020-07-28 03:30:39,816 - root - DEBUG - Sampled weight [-0.33613393 -1.22716728 -0.37598985 -0.02042794 -0.84934326]
2020-07-28 03:30:40,907 - root - DEBUG - Updating hall of fame
2020-07-28 03:30:41,102 - root - INFO - Completed generation 83; 1.3s elapsed, 1.9s avg, 1.6e+02s total. Expected time remaining: 2.3e+02s
2020-07-28 03:30:41,156 - root - INFO - #83 MAX:accuracy.mean: 0.92
2020-07-28 03:30:41,198 - root - DEBUG - Sampled weight [-0.79205677  1.97994985 -1.05023286 -0.88234819  0.31312535]
2020-07-28 03:30:42,300 - root - DEBUG - Updating hall of fame
2020-07-28 03:30:42,854 - root - INFO - Completed generation 84; 1.7s elapsed, 1.9s avg, 1.6e+02s total. Expected time remaining: 2.2e+02s
2020-07-28 03:30:42,907 - root - INFO - #84 MAX:accuracy.mean: 0.65
2020-07-28 03:30:42,948 - root - DEBUG - Sampled weight [-1.02820879 -0.50085664 -0.6618589  -0.43235556 -0.27817359]
2020-07-28 03:30:44,044 - root - DEBUG - Updating hall of fame
2020-07-28 03:30:44,422 - root - INFO - Completed generation 85; 1.5s elapsed, 1.9s avg, 1.6e+02s total. Expected time remaining: 2.2e+02s
2020-07-28 03:30:44,476 - root - INFO - #85 MAX:accuracy.mean: 0.86
2020-07-28 03:30:44,517 - root - DEBUG - Sampled weight [-1.90132407 -1.99032141  1.96826359 -1.06748895 -1.85080748]
2020-07-28 03:30:45,617 - root - DEBUG - Updating hall of fame
2020-07-28 03:30:46,369 - root - INFO - Completed generation 86; 1.9s elapsed, 1.9s avg, 1.7e+02s total. Expected time remaining: 2.2e+02s
2020-07-28 03:30:46,422 - root - INFO - #86 MAX:accuracy.mean: 0.68
2020-07-28 03:30:46,463 - root - DEBUG - Sampled weight [ 3.75847500e-02  1.54926043e+00 -1.87036361e+00  6.22960647e-02
 -1.68375722e-03]
2020-07-28 03:30:47,558 - root - DEBUG - Updating hall of fame
2020-07-28 03:30:48,122 - root - INFO - Completed generation 87; 1.7s elapsed, 1.9s avg, 1.7e+02s total. Expected time remaining: 2.2e+02s
2020-07-28 03:30:48,175 - root - INFO - #87 MAX:accuracy.mean: 0.62
2020-07-28 03:30:48,218 - root - DEBUG - Sampled weight [-0.62380203 -1.82822916 -1.82092093 -0.27897612  0.53755651]
2020-07-28 03:30:49,313 - root - DEBUG - Updating hall of fame
2020-07-28 03:30:49,314 - root - INFO - Completed generation 88; 1.1s elapsed, 1.9s avg, 1.7e+02s total. Expected time remaining: 2.1e+02s
2020-07-28 03:30:49,367 - root - INFO - #88 MAX:accuracy.mean: 0.75
2020-07-28 03:30:49,409 - root - DEBUG - Sampled weight [ 0.10109723 -1.81604809 -1.52908081  1.64743303 -1.64036389]
2020-07-28 03:30:50,515 - root - DEBUG - Updating hall of fame
2020-07-28 03:30:51,086 - root - INFO - Completed generation 89; 1.7s elapsed, 1.9s avg, 1.7e+02s total. Expected time remaining: 2.1e+02s
2020-07-28 03:30:51,142 - root - INFO - #89 MAX:accuracy.mean: 0.68
2020-07-28 03:30:51,187 - root - DEBUG - Sampled weight [-0.15776006 -0.74691318  0.9938688   0.90510628  1.0168187 ]
2020-07-28 03:30:52,324 - root - DEBUG - Updating hall of fame
2020-07-28 03:30:52,709 - root - INFO - Completed generation 90; 1.6s elapsed, 1.9s avg, 1.7e+02s total. Expected time remaining: 2.1e+02s
2020-07-28 03:30:52,763 - root - INFO - #90 MAX:accuracy.mean: 0.81
2020-07-28 03:30:52,870 - root - DEBUG - Sampled weight [-0.63182193 -0.29726739  1.33429079 -1.7753726  -0.90152545]
2020-07-28 03:30:53,974 - root - DEBUG - Updating hall of fame
2020-07-28 03:30:54,558 - root - INFO - Completed generation 91; 1.7s elapsed, 1.9s avg, 1.7e+02s total. Expected time remaining: 2.1e+02s
2020-07-28 03:30:54,611 - root - INFO - #91 MAX:accuracy.mean: 0.73
2020-07-28 03:30:54,651 - root - DEBUG - Sampled weight [-1.02793336  0.4542853  -0.46565275 -1.24096187 -1.80642817]
2020-07-28 03:30:55,736 - root - DEBUG - Updating hall of fame
2020-07-28 03:30:56,289 - root - INFO - Completed generation 92; 1.7s elapsed, 1.9s avg, 1.8e+02s total. Expected time remaining: 2.1e+02s
2020-07-28 03:30:56,343 - root - INFO - #92 MAX:accuracy.mean: 0.76
2020-07-28 03:30:56,386 - root - DEBUG - Sampled weight [-0.14143316  1.58947946 -1.03889292 -0.20652422 -0.26826924]
2020-07-28 03:30:57,491 - root - DEBUG - Updating hall of fame
2020-07-28 03:30:58,241 - root - INFO - Completed generation 93; 1.9s elapsed, 1.9s avg, 1.8e+02s total. Expected time remaining: 2e+02s
2020-07-28 03:30:58,295 - root - INFO - #93 MAX:accuracy.mean: 0.71
2020-07-28 03:30:58,337 - root - DEBUG - Sampled weight [-1.55420036 -1.79191929 -0.413358   -0.67523431  0.21452221]
2020-07-28 03:30:59,440 - root - DEBUG - Updating hall of fame
2020-07-28 03:30:59,825 - root - INFO - Completed generation 94; 1.5s elapsed, 1.9s avg, 1.8e+02s total. Expected time remaining: 2e+02s
2020-07-28 03:30:59,878 - root - INFO - #94 MAX:accuracy.mean: 0.74
2020-07-28 03:30:59,919 - root - DEBUG - Sampled weight [-0.74008892 -1.6304014   1.93435846 -1.67534982 -0.3288952 ]
2020-07-28 03:31:01,025 - root - DEBUG - Updating hall of fame
2020-07-28 03:31:01,581 - root - INFO - Completed generation 95; 1.7s elapsed, 1.9s avg, 1.8e+02s total. Expected time remaining: 2e+02s
2020-07-28 03:31:01,636 - root - INFO - #95 MAX:accuracy.mean: 0.7
2020-07-28 03:31:01,679 - root - DEBUG - Sampled weight [ 0.46906839 -0.82678853 -0.12823808  1.86798765 -1.78049898]
2020-07-28 03:31:02,790 - root - DEBUG - Updating hall of fame
2020-07-28 03:31:03,537 - root - INFO - Completed generation 96; 1.9s elapsed, 1.9s avg, 1.8e+02s total. Expected time remaining: 2e+02s
2020-07-28 03:31:03,591 - root - INFO - #96 MAX:accuracy.mean: 0.64
2020-07-28 03:31:03,632 - root - DEBUG - Sampled weight [-0.51961442  0.94127249  1.3038339   1.42463592  1.17310321]
2020-07-28 03:31:04,729 - root - DEBUG - Updating hall of fame
2020-07-28 03:31:05,115 - root - INFO - Completed generation 97; 1.5s elapsed, 1.9s avg, 1.8e+02s total. Expected time remaining: 2e+02s
2020-07-28 03:31:05,169 - root - INFO - #97 MAX:accuracy.mean: 0.73
2020-07-28 03:31:05,211 - root - DEBUG - Sampled weight [ 1.55784077  0.55128999 -0.78273482  0.05023076 -0.13191379]
2020-07-28 03:31:06,324 - root - DEBUG - Updating hall of fame
2020-07-28 03:31:06,715 - root - INFO - Completed generation 98; 1.5s elapsed, 1.9s avg, 1.9e+02s total. Expected time remaining: 1.9e+02s
2020-07-28 03:31:06,769 - root - INFO - #98 MAX:accuracy.mean: 0.65
2020-07-28 03:31:06,811 - root - DEBUG - Sampled weight [-1.18406606  1.88523533  0.2614153   0.20725742  1.70964411]
2020-07-28 03:31:07,919 - root - DEBUG - Updating hall of fame
2020-07-28 03:31:08,290 - root - INFO - Completed generation 99; 1.5s elapsed, 1.9s avg, 1.9e+02s total. Expected time remaining: 1.9e+02s
2020-07-28 03:31:08,344 - root - INFO - #99 MAX:accuracy.mean: 0.67
2020-07-28 03:31:08,386 - root - DEBUG - Sampled weight [ 1.66469078  0.57304267  0.4020125   1.58677888 -1.60907686]
2020-07-28 03:31:09,490 - root - DEBUG - Updating hall of fame
2020-07-28 03:31:10,252 - root - INFO - Completed generation 100; 1.9s elapsed, 1.9s avg, 1.9e+02s total. Expected time remaining: 1.9e+02s
2020-07-28 03:31:10,305 - root - INFO - #100 MAX:accuracy.mean: 0.67
2020-07-28 03:31:10,403 - root - DEBUG - Sampled weight [ 1.47982012 -0.87230084  1.09088297  1.0981784   1.04850366]
2020-07-28 03:31:11,511 - root - DEBUG - Updating hall of fame
2020-07-28 03:31:12,277 - root - INFO - Completed generation 101; 1.9s elapsed, 1.9s avg, 1.9e+02s total. Expected time remaining: 1.9e+02s
2020-07-28 03:31:12,332 - root - INFO - #101 MAX:accuracy.mean: 0.77
2020-07-28 03:31:12,375 - root - DEBUG - Sampled weight [ 0.84132028 -1.51173963 -1.64442755 -1.66159221 -1.13367307]
2020-07-28 03:31:13,483 - root - DEBUG - Updating hall of fame
2020-07-28 03:31:14,637 - root - INFO - Completed generation 102; 2.3s elapsed, 1.9s avg, 1.9e+02s total. Expected time remaining: 1.9e+02s
2020-07-28 03:31:14,690 - root - INFO - #102 MAX:accuracy.mean: 0.67
2020-07-28 03:31:14,732 - root - DEBUG - Sampled weight [-1.27124585  0.47914022  1.10466769  0.43871027  1.70422814]
2020-07-28 03:31:15,819 - root - DEBUG - Updating hall of fame
2020-07-28 03:31:16,597 - root - INFO - Completed generation 103; 1.9s elapsed, 1.9s avg, 1.9e+02s total. Expected time remaining: 1.8e+02s
2020-07-28 03:31:16,651 - root - INFO - #103 MAX:accuracy.mean: 0.69
2020-07-28 03:31:16,693 - root - DEBUG - Sampled weight [-0.68907972  1.58552569 -0.50571017 -1.60334573  1.66443459]
2020-07-28 03:31:17,815 - root - DEBUG - Updating hall of fame
2020-07-28 03:31:18,393 - root - INFO - Completed generation 104; 1.7s elapsed, 1.9s avg, 2e+02s total. Expected time remaining: 1.8e+02s
2020-07-28 03:31:18,447 - root - INFO - #104 MAX:accuracy.mean: 0.67
2020-07-28 03:31:18,490 - root - DEBUG - Sampled weight [-0.41260512 -0.33935054 -1.92437105  0.12670784  1.0181362 ]
2020-07-28 03:31:19,592 - root - DEBUG - Updating hall of fame
2020-07-28 03:31:20,174 - root - INFO - Completed generation 105; 1.7s elapsed, 1.9s avg, 2e+02s total. Expected time remaining: 1.8e+02s
2020-07-28 03:31:20,228 - root - INFO - #105 MAX:accuracy.mean: 0.65
2020-07-28 03:31:20,270 - root - DEBUG - Sampled weight [ 0.95027877  1.2847688   0.79646332 -0.82513077  1.04928926]
2020-07-28 03:31:21,383 - root - DEBUG - Updating hall of fame
2020-07-28 03:31:21,951 - root - INFO - Completed generation 106; 1.7s elapsed, 1.9s avg, 2e+02s total. Expected time remaining: 1.8e+02s
2020-07-28 03:31:22,004 - root - INFO - #106 MAX:accuracy.mean: 0.7
2020-07-28 03:31:22,045 - root - DEBUG - Sampled weight [ 1.52990703  0.52017058 -1.77039394  0.25545664 -0.1886865 ]
2020-07-28 03:31:23,164 - root - DEBUG - Updating hall of fame
2020-07-28 03:31:23,944 - root - INFO - Completed generation 107; 1.9s elapsed, 1.9s avg, 2e+02s total. Expected time remaining: 1.8e+02s
2020-07-28 03:31:23,999 - root - INFO - #107 MAX:accuracy.mean: 0.67
2020-07-28 03:31:24,040 - root - DEBUG - Sampled weight [-0.09003632 -1.62679597  1.82397071 -0.98020042  0.45602482]
2020-07-28 03:31:25,151 - root - DEBUG - Updating hall of fame
2020-07-28 03:31:25,900 - root - INFO - Completed generation 108; 1.9s elapsed, 1.9s avg, 2e+02s total. Expected time remaining: 1.7e+02s
2020-07-28 03:31:25,954 - root - INFO - #108 MAX:accuracy.mean: 0.67
2020-07-28 03:31:25,996 - root - DEBUG - Sampled weight [ 0.33485513  1.72576876 -0.96221642  1.36632774 -0.18371187]
2020-07-28 03:31:27,110 - root - DEBUG - Updating hall of fame
2020-07-28 03:31:27,875 - root - INFO - Completed generation 109; 1.9s elapsed, 1.9s avg, 2.1e+02s total. Expected time remaining: 1.7e+02s
2020-07-28 03:31:27,929 - root - INFO - #109 MAX:accuracy.mean: 0.67
2020-07-28 03:31:27,970 - root - DEBUG - Sampled weight [-1.58821008  1.31578324 -1.39487655  0.51364218  1.08985849]
2020-07-28 03:31:29,098 - root - DEBUG - Updating hall of fame
2020-07-28 03:31:29,872 - root - INFO - Completed generation 110; 1.9s elapsed, 1.9s avg, 2.1e+02s total. Expected time remaining: 1.7e+02s
2020-07-28 03:31:29,926 - root - INFO - #110 MAX:accuracy.mean: 0.69
2020-07-28 03:31:30,034 - root - DEBUG - Sampled weight [ 0.35972344  1.62615371 -0.69987128  0.79422443 -0.17383069]
2020-07-28 03:31:31,169 - root - DEBUG - Updating hall of fame
2020-07-28 03:31:32,144 - root - INFO - Completed generation 111; 2.2s elapsed, 1.9s avg, 2.1e+02s total. Expected time remaining: 1.7e+02s
2020-07-28 03:31:32,197 - root - INFO - #111 MAX:accuracy.mean: 0.69
2020-07-28 03:31:32,240 - root - DEBUG - Sampled weight [-0.11913114  1.12847716 -0.2557504   1.59183243  0.04293943]
2020-07-28 03:31:33,407 - root - DEBUG - Updating hall of fame
2020-07-28 03:31:33,991 - root - INFO - Completed generation 112; 1.8s elapsed, 1.9s avg, 2.1e+02s total. Expected time remaining: 1.7e+02s
2020-07-28 03:31:34,046 - root - INFO - #112 MAX:accuracy.mean: 0.66
2020-07-28 03:31:34,088 - root - DEBUG - Sampled weight [-1.70596753 -0.47865981 -1.6963256  -0.81344593 -1.24585384]
2020-07-28 03:31:35,223 - root - DEBUG - Updating hall of fame
2020-07-28 03:31:35,994 - root - INFO - Completed generation 113; 1.9s elapsed, 1.9s avg, 2.1e+02s total. Expected time remaining: 1.6e+02s
2020-07-28 03:31:36,047 - root - INFO - #113 MAX:accuracy.mean: 0.76
2020-07-28 03:31:36,090 - root - DEBUG - Sampled weight [-0.72480384 -1.05066537 -1.73745472 -0.36483631  0.22096182]
2020-07-28 03:31:37,205 - root - DEBUG - Updating hall of fame
2020-07-28 03:31:37,782 - root - INFO - Completed generation 114; 1.7s elapsed, 1.9s avg, 2.2e+02s total. Expected time remaining: 1.6e+02s
2020-07-28 03:31:37,836 - root - INFO - #114 MAX:accuracy.mean: 0.66
2020-07-28 03:31:37,879 - root - DEBUG - Sampled weight [-1.340201   -0.60852185 -0.66116285 -0.67793436 -1.76728829]
2020-07-28 03:31:38,990 - root - DEBUG - Updating hall of fame
2020-07-28 03:31:39,736 - root - INFO - Completed generation 115; 1.9s elapsed, 1.9s avg, 2.2e+02s total. Expected time remaining: 1.6e+02s
2020-07-28 03:31:39,790 - root - INFO - #115 MAX:accuracy.mean: 0.72
2020-07-28 03:31:39,831 - root - DEBUG - Sampled weight [-0.53127203 -0.1426437   0.9421797  -0.71351293 -1.74535895]
2020-07-28 03:31:40,957 - root - DEBUG - Updating hall of fame
2020-07-28 03:31:41,921 - root - INFO - Completed generation 116; 2.1s elapsed, 1.9s avg, 2.2e+02s total. Expected time remaining: 1.6e+02s
2020-07-28 03:31:41,975 - root - INFO - #116 MAX:accuracy.mean: 0.67
2020-07-28 03:31:42,017 - root - DEBUG - Sampled weight [ 0.18798917  1.3293746  -1.64263464 -1.78534014 -0.14862843]
2020-07-28 03:31:43,126 - root - DEBUG - Updating hall of fame
2020-07-28 03:31:43,311 - root - INFO - Completed generation 117; 1.3s elapsed, 1.9s avg, 2.2e+02s total. Expected time remaining: 1.6e+02s
2020-07-28 03:31:43,365 - root - INFO - #117 MAX:accuracy.mean: 0.64
2020-07-28 03:31:43,408 - root - DEBUG - Sampled weight [ 0.97365786 -0.5649593   0.708776   -1.31625614 -1.2766512 ]
2020-07-28 03:31:44,538 - root - DEBUG - Updating hall of fame
2020-07-28 03:31:44,912 - root - INFO - Completed generation 118; 1.5s elapsed, 1.9s avg, 2.2e+02s total. Expected time remaining: 1.5e+02s
2020-07-28 03:31:44,965 - root - INFO - #118 MAX:accuracy.mean: 0.7
2020-07-28 03:31:45,007 - root - DEBUG - Sampled weight [-0.01479809 -1.00078367 -0.4251684   0.53128817  1.86617088]
2020-07-28 03:31:46,132 - root - DEBUG - Updating hall of fame
2020-07-28 03:31:47,086 - root - INFO - Completed generation 119; 2.1s elapsed, 1.9s avg, 2.2e+02s total. Expected time remaining: 1.5e+02s
2020-07-28 03:31:47,140 - root - INFO - #119 MAX:accuracy.mean: 0.66
2020-07-28 03:31:47,182 - root - DEBUG - Sampled weight [-1.74642725 -0.37302817 -0.32752927  0.82242453  1.58090494]
2020-07-28 03:31:48,298 - root - DEBUG - Updating hall of fame
2020-07-28 03:31:48,879 - root - INFO - Completed generation 120; 1.7s elapsed, 1.9s avg, 2.3e+02s total. Expected time remaining: 1.5e+02s
2020-07-28 03:31:48,933 - root - INFO - #120 MAX:accuracy.mean: 0.67
2020-07-28 03:31:49,045 - root - DEBUG - Sampled weight [-1.53851948 -0.59907862  1.08055016 -1.61193362 -1.65017942]
2020-07-28 03:31:50,148 - root - DEBUG - Updating hall of fame
2020-07-28 03:31:50,901 - root - INFO - Completed generation 121; 1.9s elapsed, 1.9s avg, 2.3e+02s total. Expected time remaining: 1.5e+02s
2020-07-28 03:31:50,954 - root - INFO - #121 MAX:accuracy.mean: 0.74
2020-07-28 03:31:50,997 - root - DEBUG - Sampled weight [-1.3669052   1.73728793  1.56508332 -0.77907548  1.16567454]
2020-07-28 03:31:52,128 - root - DEBUG - Updating hall of fame
2020-07-28 03:31:53,125 - root - INFO - Completed generation 122; 2.2s elapsed, 1.9s avg, 2.3e+02s total. Expected time remaining: 1.5e+02s
2020-07-28 03:31:53,178 - root - INFO - #122 MAX:accuracy.mean: 0.67
2020-07-28 03:31:53,221 - root - DEBUG - Sampled weight [ 1.45649907 -1.92199812 -1.04693069  0.78543081  0.96241795]
2020-07-28 03:31:54,339 - root - DEBUG - Updating hall of fame
2020-07-28 03:31:55,100 - root - INFO - Completed generation 123; 1.9s elapsed, 1.9s avg, 2.3e+02s total. Expected time remaining: 1.5e+02s
2020-07-28 03:31:55,154 - root - INFO - #123 MAX:accuracy.mean: 0.73
2020-07-28 03:31:55,195 - root - DEBUG - Sampled weight [ 0.8150089  -1.55239971 -1.77278967 -0.20018768  0.05313741]
2020-07-28 03:31:56,320 - root - DEBUG - Updating hall of fame
2020-07-28 03:31:57,086 - root - INFO - Completed generation 124; 1.9s elapsed, 1.9s avg, 2.3e+02s total. Expected time remaining: 1.4e+02s
2020-07-28 03:31:57,140 - root - INFO - #124 MAX:accuracy.mean: 0.65
2020-07-28 03:31:57,182 - root - DEBUG - Sampled weight [-1.56976414  0.05839269 -0.93627396 -1.36017713  1.39818384]
2020-07-28 03:31:58,307 - root - DEBUG - Updating hall of fame
2020-07-28 03:31:58,882 - root - INFO - Completed generation 125; 1.7s elapsed, 1.9s avg, 2.4e+02s total. Expected time remaining: 1.4e+02s
2020-07-28 03:31:58,936 - root - INFO - #125 MAX:accuracy.mean: 0.66
2020-07-28 03:31:58,977 - root - DEBUG - Sampled weight [-1.93850589 -1.26214079 -1.3321408  -0.67549186 -0.48960961]
2020-07-28 03:32:00,100 - root - DEBUG - Updating hall of fame
2020-07-28 03:32:00,683 - root - INFO - Completed generation 126; 1.7s elapsed, 1.9s avg, 2.4e+02s total. Expected time remaining: 1.4e+02s
2020-07-28 03:32:00,737 - root - INFO - #126 MAX:accuracy.mean: 0.74
2020-07-28 03:32:00,779 - root - DEBUG - Sampled weight [ 0.16252461 -1.95822166  0.83795925  0.76500317  0.47183794]
2020-07-28 03:32:01,919 - root - DEBUG - Updating hall of fame
2020-07-28 03:32:02,708 - root - INFO - Completed generation 127; 2.0s elapsed, 1.9s avg, 2.4e+02s total. Expected time remaining: 1.4e+02s
2020-07-28 03:32:02,762 - root - INFO - #127 MAX:accuracy.mean: 0.67
2020-07-28 03:32:02,804 - root - DEBUG - Sampled weight [ 0.86350724  0.51430631  0.71715235 -0.18736427  0.2359842 ]
2020-07-28 03:32:03,932 - root - DEBUG - Updating hall of fame
2020-07-28 03:32:04,119 - root - INFO - Completed generation 128; 1.4s elapsed, 1.9s avg, 2.4e+02s total. Expected time remaining: 1.4e+02s
2020-07-28 03:32:04,172 - root - INFO - #128 MAX:accuracy.mean: 0.69
2020-07-28 03:32:04,214 - root - DEBUG - Sampled weight [ 1.11095505 -0.96619349 -1.72821891  0.93579954 -0.70783511]
2020-07-28 03:32:05,341 - root - DEBUG - Updating hall of fame
2020-07-28 03:32:05,728 - root - INFO - Completed generation 129; 1.6s elapsed, 1.9s avg, 2.4e+02s total. Expected time remaining: 1.3e+02s
2020-07-28 03:32:05,782 - root - INFO - #129 MAX:accuracy.mean: 0.72
2020-07-28 03:32:05,825 - root - DEBUG - Sampled weight [-1.38923039 -1.49063812  1.7878636  -1.72757654  1.5741306 ]
2020-07-28 03:32:06,958 - root - DEBUG - Updating hall of fame
2020-07-28 03:32:07,929 - root - INFO - Completed generation 130; 2.1s elapsed, 1.9s avg, 2.4e+02s total. Expected time remaining: 1.3e+02s
2020-07-28 03:32:07,982 - root - INFO - #130 MAX:accuracy.mean: 0.67
2020-07-28 03:32:08,096 - root - DEBUG - Sampled weight [ 0.73863764 -0.55788089  1.21574593  1.21754241 -1.13680445]
2020-07-28 03:32:09,224 - root - DEBUG - Updating hall of fame
2020-07-28 03:32:10,002 - root - INFO - Completed generation 131; 1.9s elapsed, 1.9s avg, 2.5e+02s total. Expected time remaining: 1.3e+02s
2020-07-28 03:32:10,056 - root - INFO - #131 MAX:accuracy.mean: 0.71
2020-07-28 03:32:10,099 - root - DEBUG - Sampled weight [ 1.96883233  1.27099944  1.36725807 -0.93022794  0.41458877]
2020-07-28 03:32:11,236 - root - DEBUG - Updating hall of fame
2020-07-28 03:32:11,832 - root - INFO - Completed generation 132; 1.8s elapsed, 1.9s avg, 2.5e+02s total. Expected time remaining: 1.3e+02s
2020-07-28 03:32:11,886 - root - INFO - #132 MAX:accuracy.mean: 0.71
2020-07-28 03:32:11,928 - root - DEBUG - Sampled weight [ 0.33743476 -0.62414618 -1.22942617  0.43765406 -1.21163568]
2020-07-28 03:32:13,044 - root - DEBUG - Updating hall of fame
2020-07-28 03:32:13,817 - root - INFO - Completed generation 133; 1.9s elapsed, 1.9s avg, 2.5e+02s total. Expected time remaining: 1.3e+02s
2020-07-28 03:32:13,871 - root - INFO - #133 MAX:accuracy.mean: 0.7
2020-07-28 03:32:13,914 - root - DEBUG - Sampled weight [ 0.61686562 -0.72274996  0.37780074  1.08859947 -0.25891007]
2020-07-28 03:32:15,051 - root - DEBUG - Updating hall of fame
2020-07-28 03:32:15,423 - root - INFO - Completed generation 134; 1.6s elapsed, 1.9s avg, 2.5e+02s total. Expected time remaining: 1.2e+02s
2020-07-28 03:32:15,477 - root - INFO - #134 MAX:accuracy.mean: 0.71
2020-07-28 03:32:15,518 - root - DEBUG - Sampled weight [-1.37220644 -1.11064051  1.58359795  1.38529694 -1.31838674]
2020-07-28 03:32:16,644 - root - DEBUG - Updating hall of fame
2020-07-28 03:32:16,644 - root - INFO - Completed generation 135; 1.2s elapsed, 1.9s avg, 2.5e+02s total. Expected time remaining: 1.2e+02s
2020-07-28 03:32:16,698 - root - INFO - #135 MAX:accuracy.mean: 0.67
2020-07-28 03:32:16,741 - root - DEBUG - Sampled weight [-0.75098249  1.39815867 -1.1827601   0.26717712  1.03188089]
2020-07-28 03:32:17,871 - root - DEBUG - Updating hall of fame
2020-07-28 03:32:18,464 - root - INFO - Completed generation 136; 1.8s elapsed, 1.9s avg, 2.5e+02s total. Expected time remaining: 1.2e+02s
2020-07-28 03:32:18,517 - root - INFO - #136 MAX:accuracy.mean: 0.67
2020-07-28 03:32:18,559 - root - DEBUG - Sampled weight [-1.28372822  0.1921445  -0.75006176  0.219611    1.72263835]
2020-07-28 03:32:19,687 - root - DEBUG - Updating hall of fame
2020-07-28 03:32:20,453 - root - INFO - Completed generation 137; 1.9s elapsed, 1.9s avg, 2.6e+02s total. Expected time remaining: 1.2e+02s
2020-07-28 03:32:20,507 - root - INFO - #137 MAX:accuracy.mean: 0.67
2020-07-28 03:32:20,548 - root - DEBUG - Sampled weight [-1.43083294  1.84869341  0.47177103 -1.77901762  0.04384042]
2020-07-28 03:32:21,678 - root - DEBUG - Updating hall of fame
2020-07-28 03:32:22,246 - root - INFO - Completed generation 138; 1.7s elapsed, 1.9s avg, 2.6e+02s total. Expected time remaining: 1.2e+02s
2020-07-28 03:32:22,299 - root - INFO - #138 MAX:accuracy.mean: 0.67
2020-07-28 03:32:22,341 - root - DEBUG - Sampled weight [ 0.86784451  1.91082939 -0.15004528  1.82589781  0.4200404 ]
2020-07-28 03:32:23,467 - root - DEBUG - Updating hall of fame
2020-07-28 03:32:24,024 - root - INFO - Completed generation 139; 1.7s elapsed, 1.9s avg, 2.6e+02s total. Expected time remaining: 1.1e+02s
2020-07-28 03:32:24,078 - root - INFO - #139 MAX:accuracy.mean: 0.73
2020-07-28 03:32:24,121 - root - DEBUG - Sampled weight [-0.8579495   1.20535504 -1.36915899  0.92436749  0.13579958]
2020-07-28 03:32:25,255 - root - DEBUG - Updating hall of fame
2020-07-28 03:32:25,841 - root - INFO - Completed generation 140; 1.8s elapsed, 1.9s avg, 2.6e+02s total. Expected time remaining: 1.1e+02s
2020-07-28 03:32:25,895 - root - INFO - #140 MAX:accuracy.mean: 0.67
2020-07-28 03:32:26,072 - root - DEBUG - Sampled weight [-1.0462416   1.15370517 -0.72106987 -1.6942343  -0.02311698]
2020-07-28 03:32:27,218 - root - DEBUG - Updating hall of fame
2020-07-28 03:32:28,047 - root - INFO - Completed generation 141; 2.0s elapsed, 1.9s avg, 2.6e+02s total. Expected time remaining: 1.1e+02s
2020-07-28 03:32:28,101 - root - INFO - #141 MAX:accuracy.mean: 0.67
2020-07-28 03:32:28,144 - root - DEBUG - Sampled weight [-0.33525134  1.9061549   1.46410807  0.66477333  0.80312102]
2020-07-28 03:32:29,262 - root - DEBUG - Updating hall of fame
2020-07-28 03:32:29,817 - root - INFO - Completed generation 142; 1.7s elapsed, 1.9s avg, 2.7e+02s total. Expected time remaining: 1.1e+02s
2020-07-28 03:32:29,871 - root - INFO - #142 MAX:accuracy.mean: 0.73
2020-07-28 03:32:29,911 - root - DEBUG - Sampled weight [ 0.79741546  1.74090981  1.65317028 -0.31865288 -1.72291278]
2020-07-28 03:32:31,017 - root - DEBUG - Updating hall of fame
2020-07-28 03:32:31,616 - root - INFO - Completed generation 143; 1.7s elapsed, 1.9s avg, 2.7e+02s total. Expected time remaining: 1.1e+02s
2020-07-28 03:32:31,670 - root - INFO - #143 MAX:accuracy.mean: 0.75
2020-07-28 03:32:31,713 - root - DEBUG - Sampled weight [-0.37640636  1.6188006   0.56477574 -1.39382926  0.11884191]
2020-07-28 03:32:32,869 - root - DEBUG - Updating hall of fame
2020-07-28 03:32:33,656 - root - INFO - Completed generation 144; 2.0s elapsed, 1.9s avg, 2.7e+02s total. Expected time remaining: 1e+02s
2020-07-28 03:32:33,710 - root - INFO - #144 MAX:accuracy.mean: 0.67
2020-07-28 03:32:33,752 - root - DEBUG - Sampled weight [-0.18481659  1.25277949 -0.28557421  0.23805923 -0.31790743]
2020-07-28 03:32:34,866 - root - DEBUG - Updating hall of fame
2020-07-28 03:32:35,604 - root - INFO - Completed generation 145; 1.9s elapsed, 1.9s avg, 2.7e+02s total. Expected time remaining: 1e+02s
2020-07-28 03:32:35,657 - root - INFO - #145 MAX:accuracy.mean: 0.67
2020-07-28 03:32:35,699 - root - DEBUG - Sampled weight [-0.05101339  1.31266314 -0.93543033  0.69705944 -1.86893227]
2020-07-28 03:32:36,816 - root - DEBUG - Updating hall of fame
2020-07-28 03:32:37,569 - root - INFO - Completed generation 146; 1.9s elapsed, 1.9s avg, 2.7e+02s total. Expected time remaining: 1e+02s
2020-07-28 03:32:37,623 - root - INFO - #146 MAX:accuracy.mean: 0.65
2020-07-28 03:32:37,668 - root - DEBUG - Sampled weight [ 1.47870436 -0.03248101  0.79882303  0.49874039 -0.62536835]
2020-07-28 03:32:38,808 - root - DEBUG - Updating hall of fame
2020-07-28 03:32:39,197 - root - INFO - Completed generation 147; 1.6s elapsed, 1.9s avg, 2.7e+02s total. Expected time remaining: 9.9e+01s
2020-07-28 03:32:39,251 - root - INFO - #147 MAX:accuracy.mean: 0.67
2020-07-28 03:32:39,292 - root - DEBUG - Sampled weight [ 1.66544802  0.38509177  1.69974368 -0.26446394  1.06753406]
2020-07-28 03:32:40,403 - root - DEBUG - Updating hall of fame
2020-07-28 03:32:40,588 - root - INFO - Completed generation 148; 1.3s elapsed, 1.9s avg, 2.8e+02s total. Expected time remaining: 9.7e+01s
2020-07-28 03:32:40,641 - root - INFO - #148 MAX:accuracy.mean: 0.74
2020-07-28 03:32:40,683 - root - DEBUG - Sampled weight [ 1.6455016  -0.06751694  0.54105192  1.48233288  0.3698235 ]
2020-07-28 03:32:41,794 - root - DEBUG - Updating hall of fame
2020-07-28 03:32:41,981 - root - INFO - Completed generation 149; 1.3s elapsed, 1.9s avg, 2.8e+02s total. Expected time remaining: 9.5e+01s
2020-07-28 03:32:42,035 - root - INFO - #149 MAX:accuracy.mean: 0.72
2020-07-28 03:32:42,078 - root - DEBUG - Sampled weight [ 0.85946368  1.85301183 -0.33522565 -0.0946721  -0.66387495]
2020-07-28 03:32:43,212 - root - DEBUG - Updating hall of fame
2020-07-28 03:32:43,590 - root - INFO - Completed generation 150; 1.6s elapsed, 1.9s avg, 2.8e+02s total. Expected time remaining: 9.3e+01s
2020-07-28 03:32:43,643 - root - INFO - #150 MAX:accuracy.mean: 0.66
2020-07-28 03:32:43,771 - root - DEBUG - Sampled weight [ 0.47825813 -0.10986085 -1.23873104  0.50238014  0.1703407 ]
2020-07-28 03:32:44,888 - root - DEBUG - Updating hall of fame
2020-07-28 03:32:45,258 - root - INFO - Completed generation 151; 1.5s elapsed, 1.9s avg, 2.8e+02s total. Expected time remaining: 9.1e+01s
2020-07-28 03:32:45,311 - root - INFO - #151 MAX:accuracy.mean: 0.67
2020-07-28 03:32:45,354 - root - DEBUG - Sampled weight [ 1.06964306 -0.75977136 -0.72581617  0.6695133   0.27935216]
2020-07-28 03:32:46,462 - root - DEBUG - Updating hall of fame
2020-07-28 03:32:47,020 - root - INFO - Completed generation 152; 1.7s elapsed, 1.9s avg, 2.8e+02s total. Expected time remaining: 8.9e+01s
2020-07-28 03:32:47,073 - root - INFO - #152 MAX:accuracy.mean: 0.67
2020-07-28 03:32:47,114 - root - DEBUG - Sampled weight [-0.52779474 -0.74218315 -0.67719934  1.6654426  -0.95482499]
2020-07-28 03:32:48,241 - root - DEBUG - Updating hall of fame
2020-07-28 03:32:48,630 - root - INFO - Completed generation 153; 1.6s elapsed, 1.9s avg, 2.8e+02s total. Expected time remaining: 8.7e+01s
2020-07-28 03:32:48,683 - root - INFO - #153 MAX:accuracy.mean: 0.71
2020-07-28 03:32:48,725 - root - DEBUG - Sampled weight [ 0.19968059 -0.7567305   1.77343808 -0.11795764  1.72721374]
2020-07-28 03:32:49,848 - root - DEBUG - Updating hall of fame
2020-07-28 03:32:50,800 - root - INFO - Completed generation 154; 2.1s elapsed, 1.9s avg, 2.9e+02s total. Expected time remaining: 8.5e+01s
2020-07-28 03:32:50,853 - root - INFO - #154 MAX:accuracy.mean: 0.67
2020-07-28 03:32:50,895 - root - DEBUG - Sampled weight [-0.48244618  0.13782045  1.57201408 -1.59538844 -0.95359768]
2020-07-28 03:32:52,033 - root - DEBUG - Updating hall of fame
2020-07-28 03:32:52,033 - root - INFO - Completed generation 155; 1.2s elapsed, 1.9s avg, 2.9e+02s total. Expected time remaining: 8.3e+01s
2020-07-28 03:32:52,087 - root - INFO - #155 MAX:accuracy.mean: 0.67
2020-07-28 03:32:52,131 - root - DEBUG - Sampled weight [-1.12177827 -1.29491571  0.29815976 -0.40914266  0.89904755]
2020-07-28 03:32:53,268 - root - DEBUG - Updating hall of fame
2020-07-28 03:32:54,032 - root - INFO - Completed generation 156; 1.9s elapsed, 1.9s avg, 2.9e+02s total. Expected time remaining: 8.2e+01s
2020-07-28 03:32:54,086 - root - INFO - #156 MAX:accuracy.mean: 0.67
2020-07-28 03:32:54,129 - root - DEBUG - Sampled weight [-0.57379912 -1.79635603 -1.24325378 -1.59506699 -1.12316589]
2020-07-28 03:32:55,262 - root - DEBUG - Updating hall of fame
2020-07-28 03:32:55,655 - root - INFO - Completed generation 157; 1.6s elapsed, 1.9s avg, 2.9e+02s total. Expected time remaining: 8e+01s
2020-07-28 03:32:55,709 - root - INFO - #157 MAX:accuracy.mean: 0.7
2020-07-28 03:32:55,750 - root - DEBUG - Sampled weight [0.19731662 0.16931122 1.85554919 1.16922686 1.48290517]
2020-07-28 03:32:56,897 - root - DEBUG - Updating hall of fame
2020-07-28 03:32:57,657 - root - INFO - Completed generation 158; 1.9s elapsed, 1.9s avg, 2.9e+02s total. Expected time remaining: 7.8e+01s
2020-07-28 03:32:57,710 - root - INFO - #158 MAX:accuracy.mean: 0.66
2020-07-28 03:32:57,752 - root - DEBUG - Sampled weight [ 0.94575757 -0.87701981  0.31099884  0.73452392  1.15261736]
2020-07-28 03:32:58,887 - root - DEBUG - Updating hall of fame
2020-07-28 03:32:59,093 - root - INFO - Completed generation 159; 1.4s elapsed, 1.8s avg, 2.9e+02s total. Expected time remaining: 7.6e+01s
2020-07-28 03:32:59,147 - root - INFO - #159 MAX:accuracy.mean: 0.76
2020-07-28 03:32:59,189 - root - DEBUG - Sampled weight [ 1.43436297  1.29953267 -1.50928919  1.47973413  0.82841588]
2020-07-28 03:33:00,323 - root - DEBUG - Updating hall of fame
2020-07-28 03:33:01,323 - root - INFO - Completed generation 160; 2.2s elapsed, 1.9s avg, 3e+02s total. Expected time remaining: 7.4e+01s
2020-07-28 03:33:01,376 - root - INFO - #160 MAX:accuracy.mean: 0.8
2020-07-28 03:33:01,509 - root - DEBUG - Sampled weight [1.16917573 0.4525065  1.35066032 0.82113452 1.29027811]
2020-07-28 03:33:02,660 - root - DEBUG - Updating hall of fame
2020-07-28 03:33:03,456 - root - INFO - Completed generation 161; 2.0s elapsed, 1.9s avg, 3e+02s total. Expected time remaining: 7.2e+01s
2020-07-28 03:33:03,509 - root - INFO - #161 MAX:accuracy.mean: 0.75
2020-07-28 03:33:03,551 - root - DEBUG - Sampled weight [-1.39443154  1.64250749 -1.73107607  0.64621305 -1.32323927]
2020-07-28 03:33:04,686 - root - DEBUG - Updating hall of fame
2020-07-28 03:33:05,069 - root - INFO - Completed generation 162; 1.6s elapsed, 1.9s avg, 3e+02s total. Expected time remaining: 7e+01s
2020-07-28 03:33:05,122 - root - INFO - #162 MAX:accuracy.mean: 0.73
2020-07-28 03:33:05,165 - root - DEBUG - Sampled weight [ 1.43584291  0.33921288 -1.51800891  0.06843347 -1.11570276]
2020-07-28 03:33:06,324 - root - DEBUG - Updating hall of fame
2020-07-28 03:33:06,917 - root - INFO - Completed generation 163; 1.8s elapsed, 1.9s avg, 3e+02s total. Expected time remaining: 6.8e+01s
2020-07-28 03:33:06,971 - root - INFO - #163 MAX:accuracy.mean: 0.67
2020-07-28 03:33:07,013 - root - DEBUG - Sampled weight [ 1.56863409 -0.0640602   1.40674588 -1.82230245 -0.87793098]
2020-07-28 03:33:08,166 - root - DEBUG - Updating hall of fame
2020-07-28 03:33:08,723 - root - INFO - Completed generation 164; 1.8s elapsed, 1.8s avg, 3e+02s total. Expected time remaining: 6.7e+01s
2020-07-28 03:33:08,777 - root - INFO - #164 MAX:accuracy.mean: 0.65
2020-07-28 03:33:08,819 - root - DEBUG - Sampled weight [ 0.78873618 -0.97327995  1.82241171 -0.08652051  1.2532422 ]
2020-07-28 03:33:09,951 - root - DEBUG - Updating hall of fame
2020-07-28 03:33:10,527 - root - INFO - Completed generation 165; 1.8s elapsed, 1.8s avg, 3.1e+02s total. Expected time remaining: 6.5e+01s
2020-07-28 03:33:10,580 - root - INFO - #165 MAX:accuracy.mean: 0.71
2020-07-28 03:33:10,622 - root - DEBUG - Sampled weight [ 1.31906463 -0.03961049  1.02619915 -1.36659113  0.36044022]
2020-07-28 03:33:11,766 - root - DEBUG - Updating hall of fame
2020-07-28 03:33:12,757 - root - INFO - Completed generation 166; 2.2s elapsed, 1.9s avg, 3.1e+02s total. Expected time remaining: 6.3e+01s
2020-07-28 03:33:12,810 - root - INFO - #166 MAX:accuracy.mean: 0.68
2020-07-28 03:33:12,852 - root - DEBUG - Sampled weight [ 0.84109438  1.06657318  1.61589425 -0.24348149  1.65774429]
2020-07-28 03:33:13,975 - root - DEBUG - Updating hall of fame
2020-07-28 03:33:14,935 - root - INFO - Completed generation 167; 2.1s elapsed, 1.9s avg, 3.1e+02s total. Expected time remaining: 6.1e+01s
2020-07-28 03:33:14,988 - root - INFO - #167 MAX:accuracy.mean: 0.7
2020-07-28 03:33:15,030 - root - DEBUG - Sampled weight [1.86105946 1.33837247 0.88455102 1.94261442 0.57850582]
2020-07-28 03:33:16,183 - root - DEBUG - Updating hall of fame
2020-07-28 03:33:17,407 - root - INFO - Completed generation 168; 2.4s elapsed, 1.9s avg, 3.1e+02s total. Expected time remaining: 5.9e+01s
2020-07-28 03:33:17,461 - root - INFO - #168 MAX:accuracy.mean: 0.72
2020-07-28 03:33:17,502 - root - DEBUG - Sampled weight [ 1.75201097 -0.66101678 -0.62733493  0.86610801 -0.49168233]
2020-07-28 03:33:18,648 - root - DEBUG - Updating hall of fame
2020-07-28 03:33:19,699 - root - INFO - Completed generation 169; 2.2s elapsed, 1.9s avg, 3.1e+02s total. Expected time remaining: 5.8e+01s
2020-07-28 03:33:19,752 - root - INFO - #169 MAX:accuracy.mean: 0.81
2020-07-28 03:33:19,795 - root - DEBUG - Sampled weight [-0.95230975  0.97353452 -1.2414244   0.59004852 -0.05681377]
2020-07-28 03:33:20,940 - root - DEBUG - Updating hall of fame
2020-07-28 03:33:21,310 - root - INFO - Completed generation 170; 1.6s elapsed, 1.9s avg, 3.2e+02s total. Expected time remaining: 5.6e+01s
2020-07-28 03:33:21,364 - root - INFO - #170 MAX:accuracy.mean: 0.7
2020-07-28 03:33:21,490 - root - DEBUG - Sampled weight [-1.90408874  1.44535995 -0.87741545  0.52596031  0.11329525]
2020-07-28 03:33:22,615 - root - DEBUG - Updating hall of fame
2020-07-28 03:33:23,591 - root - INFO - Completed generation 171; 2.1s elapsed, 1.9s avg, 3.2e+02s total. Expected time remaining: 5.4e+01s
2020-07-28 03:33:23,644 - root - INFO - #171 MAX:accuracy.mean: 0.69
2020-07-28 03:33:23,687 - root - DEBUG - Sampled weight [-1.90595198 -0.89991403 -0.38670516 -1.96599739  1.94359682]
2020-07-28 03:33:24,822 - root - DEBUG - Updating hall of fame
2020-07-28 03:33:25,407 - root - INFO - Completed generation 172; 1.8s elapsed, 1.9s avg, 3.2e+02s total. Expected time remaining: 5.2e+01s
2020-07-28 03:33:25,461 - root - INFO - #172 MAX:accuracy.mean: 0.85
2020-07-28 03:33:25,503 - root - DEBUG - Sampled weight [-0.0586525   1.62952701 -1.70406431  1.71185348  0.43410651]
2020-07-28 03:33:26,601 - root - DEBUG - Updating hall of fame
2020-07-28 03:33:27,580 - root - INFO - Completed generation 173; 2.1s elapsed, 1.9s avg, 3.2e+02s total. Expected time remaining: 5e+01s
2020-07-28 03:33:27,634 - root - INFO - #173 MAX:accuracy.mean: 0.75
2020-07-28 03:33:27,675 - root - DEBUG - Sampled weight [-1.94505322  1.29568187 -1.45963261  0.29821352 -1.33779645]
2020-07-28 03:33:28,773 - root - DEBUG - Updating hall of fame
2020-07-28 03:33:29,906 - root - INFO - Completed generation 174; 2.3s elapsed, 1.9s avg, 3.2e+02s total. Expected time remaining: 4.8e+01s
2020-07-28 03:33:29,959 - root - INFO - #174 MAX:accuracy.mean: 0.8
2020-07-28 03:33:30,001 - root - DEBUG - Sampled weight [ 1.75227262  1.49525455 -0.41529526  0.21222083 -1.3884831 ]
2020-07-28 03:33:31,093 - root - DEBUG - Updating hall of fame
2020-07-28 03:33:32,261 - root - INFO - Completed generation 175; 2.3s elapsed, 1.9s avg, 3.3e+02s total. Expected time remaining: 4.7e+01s
2020-07-28 03:33:32,315 - root - INFO - #175 MAX:accuracy.mean: 0.79
2020-07-28 03:33:32,357 - root - DEBUG - Sampled weight [-1.46496799  0.30194366  0.80888849  1.62761271 -1.77052957]
2020-07-28 03:33:33,448 - root - DEBUG - Updating hall of fame
2020-07-28 03:33:34,440 - root - INFO - Completed generation 176; 2.1s elapsed, 1.9s avg, 3.3e+02s total. Expected time remaining: 4.5e+01s
2020-07-28 03:33:34,494 - root - INFO - #176 MAX:accuracy.mean: 0.82
2020-07-28 03:33:34,537 - root - DEBUG - Sampled weight [ 1.55971985  1.25947737 -0.27426298  1.66957233 -0.31429312]
2020-07-28 03:33:35,627 - root - DEBUG - Updating hall of fame
2020-07-28 03:33:36,783 - root - INFO - Completed generation 177; 2.3s elapsed, 1.9s avg, 3.3e+02s total. Expected time remaining: 4.3e+01s
2020-07-28 03:33:36,837 - root - INFO - #177 MAX:accuracy.mean: 0.79
2020-07-28 03:33:36,880 - root - DEBUG - Sampled weight [-1.5018204   1.29288085  0.80538724  0.93394614 -0.06888611]
2020-07-28 03:33:37,973 - root - DEBUG - Updating hall of fame
2020-07-28 03:33:38,936 - root - INFO - Completed generation 178; 2.1s elapsed, 1.9s avg, 3.3e+02s total. Expected time remaining: 4.1e+01s
2020-07-28 03:33:38,989 - root - INFO - #178 MAX:accuracy.mean: 0.79
2020-07-28 03:33:39,031 - root - DEBUG - Sampled weight [-0.87939054  0.75851993 -1.50315188  0.67212224 -0.38725357]
2020-07-28 03:33:40,112 - root - DEBUG - Updating hall of fame
2020-07-28 03:33:41,225 - root - INFO - Completed generation 179; 2.2s elapsed, 1.9s avg, 3.3e+02s total. Expected time remaining: 3.9e+01s
2020-07-28 03:33:41,278 - root - INFO - #179 MAX:accuracy.mean: 0.81
2020-07-28 03:33:41,321 - root - DEBUG - Sampled weight [ 1.39063428 -0.34497257 -0.56588063  0.60887819 -1.40296377]
2020-07-28 03:33:42,413 - root - DEBUG - Updating hall of fame
2020-07-28 03:33:43,156 - root - INFO - Completed generation 180; 1.9s elapsed, 1.9s avg, 3.4e+02s total. Expected time remaining: 3.7e+01s
2020-07-28 03:33:43,209 - root - INFO - #180 MAX:accuracy.mean: 0.78
2020-07-28 03:33:43,345 - root - DEBUG - Sampled weight [0.66523137 0.39885616 0.04416484 0.10388771 1.84002703]
2020-07-28 03:33:44,419 - root - DEBUG - Updating hall of fame
2020-07-28 03:33:45,175 - root - INFO - Completed generation 181; 1.9s elapsed, 1.9s avg, 3.4e+02s total. Expected time remaining: 3.6e+01s
2020-07-28 03:33:45,228 - root - INFO - #181 MAX:accuracy.mean: 0.72
2020-07-28 03:33:45,270 - root - DEBUG - Sampled weight [ 0.3785068  -0.38674397 -0.02999883  0.9915192  -1.93316256]
2020-07-28 03:33:46,358 - root - DEBUG - Updating hall of fame
2020-07-28 03:33:46,754 - root - INFO - Completed generation 182; 1.5s elapsed, 1.9s avg, 3.4e+02s total. Expected time remaining: 3.4e+01s
2020-07-28 03:33:46,808 - root - INFO - #182 MAX:accuracy.mean: 0.74
2020-07-28 03:33:46,850 - root - DEBUG - Sampled weight [ 1.42008143  1.14926244 -0.38924068 -1.37883329  1.63713983]
2020-07-28 03:33:47,927 - root - DEBUG - Updating hall of fame
2020-07-28 03:33:48,316 - root - INFO - Completed generation 183; 1.5s elapsed, 1.9s avg, 3.4e+02s total. Expected time remaining: 3.2e+01s
2020-07-28 03:33:48,369 - root - INFO - #183 MAX:accuracy.mean: 0.85
2020-07-28 03:33:48,411 - root - DEBUG - Sampled weight [-0.10844467 -0.05227079 -1.84944981  0.78661056 -0.31564211]
2020-07-28 03:33:49,489 - root - DEBUG - Updating hall of fame
2020-07-28 03:33:50,432 - root - INFO - Completed generation 184; 2.1s elapsed, 1.9s avg, 3.4e+02s total. Expected time remaining: 3e+01s
2020-07-28 03:33:50,485 - root - INFO - #184 MAX:accuracy.mean: 0.75
2020-07-28 03:33:50,527 - root - DEBUG - Sampled weight [-1.16840121  0.81364262 -1.55130007 -0.82647851 -1.61709915]
2020-07-28 03:33:51,608 - root - DEBUG - Updating hall of fame
2020-07-28 03:33:52,002 - root - INFO - Completed generation 185; 1.5s elapsed, 1.9s avg, 3.5e+02s total. Expected time remaining: 2.8e+01s
2020-07-28 03:33:52,055 - root - INFO - #185 MAX:accuracy.mean: 0.89
2020-07-28 03:33:52,096 - root - DEBUG - Sampled weight [ 0.25627429  0.33174311 -1.77980806 -1.35332541  0.01761973]
2020-07-28 03:33:53,176 - root - DEBUG - Updating hall of fame
2020-07-28 03:33:54,286 - root - INFO - Completed generation 186; 2.2s elapsed, 1.9s avg, 3.5e+02s total. Expected time remaining: 2.6e+01s
2020-07-28 03:33:54,339 - root - INFO - #186 MAX:accuracy.mean: 0.77
2020-07-28 03:33:54,380 - root - DEBUG - Sampled weight [-0.80621963  0.99672131  0.13615104  0.12507324 -0.59408464]
2020-07-28 03:33:55,458 - root - DEBUG - Updating hall of fame
2020-07-28 03:33:55,845 - root - INFO - Completed generation 187; 1.5s elapsed, 1.9s avg, 3.5e+02s total. Expected time remaining: 2.4e+01s
2020-07-28 03:33:55,898 - root - INFO - #187 MAX:accuracy.mean: 0.77
2020-07-28 03:33:55,940 - root - DEBUG - Sampled weight [ 1.49545425 -0.80390618 -1.00962048 -0.43985756 -0.41388371]
2020-07-28 03:33:57,027 - root - DEBUG - Updating hall of fame
2020-07-28 03:33:57,791 - root - INFO - Completed generation 188; 1.9s elapsed, 1.9s avg, 3.5e+02s total. Expected time remaining: 2.2e+01s
2020-07-28 03:33:57,845 - root - INFO - #188 MAX:accuracy.mean: 0.8
2020-07-28 03:33:57,887 - root - DEBUG - Sampled weight [-0.69831954 -0.69127475 -1.02544793 -1.11288552  0.59274669]
2020-07-28 03:33:58,970 - root - DEBUG - Updating hall of fame
2020-07-28 03:33:59,724 - root - INFO - Completed generation 189; 1.9s elapsed, 1.9s avg, 3.5e+02s total. Expected time remaining: 2.1e+01s
2020-07-28 03:33:59,778 - root - INFO - #189 MAX:accuracy.mean: 0.82
2020-07-28 03:33:59,818 - root - DEBUG - Sampled weight [ 1.70044105 -0.62224608 -0.22575148  1.33315855 -0.64052244]
2020-07-28 03:34:00,902 - root - DEBUG - Updating hall of fame
2020-07-28 03:34:01,651 - root - INFO - Completed generation 190; 1.9s elapsed, 1.9s avg, 3.5e+02s total. Expected time remaining: 1.9e+01s
2020-07-28 03:34:01,705 - root - INFO - #190 MAX:accuracy.mean: 0.75
2020-07-28 03:34:01,832 - root - DEBUG - Sampled weight [-1.96159656 -1.76422806  1.25668605  1.20371039  0.13337736]
2020-07-28 03:34:02,923 - root - DEBUG - Updating hall of fame
2020-07-28 03:34:03,111 - root - INFO - Completed generation 191; 1.3s elapsed, 1.9s avg, 3.6e+02s total. Expected time remaining: 1.7e+01s
2020-07-28 03:34:03,165 - root - INFO - #191 MAX:accuracy.mean: 0.79
2020-07-28 03:34:03,206 - root - DEBUG - Sampled weight [ 1.83093773 -0.73823547 -0.7230897   0.8595036   1.42573144]
2020-07-28 03:34:04,337 - root - DEBUG - Updating hall of fame
2020-07-28 03:34:04,730 - root - INFO - Completed generation 192; 1.6s elapsed, 1.9s avg, 3.6e+02s total. Expected time remaining: 1.5e+01s
2020-07-28 03:34:04,783 - root - INFO - #192 MAX:accuracy.mean: 0.9
2020-07-28 03:34:04,826 - root - DEBUG - Sampled weight [ 0.83244696  1.92300495 -0.14280734  0.44958357  0.02422545]
2020-07-28 03:34:05,910 - root - DEBUG - Updating hall of fame
2020-07-28 03:34:06,469 - root - INFO - Completed generation 193; 1.7s elapsed, 1.9s avg, 3.6e+02s total. Expected time remaining: 1.3e+01s
2020-07-28 03:34:06,523 - root - INFO - #193 MAX:accuracy.mean: 0.81
2020-07-28 03:34:06,565 - root - DEBUG - Sampled weight [ 0.54482402 -1.04304782  0.65405207 -0.84263295 -0.45825418]
2020-07-28 03:34:07,656 - root - DEBUG - Updating hall of fame
2020-07-28 03:34:08,227 - root - INFO - Completed generation 194; 1.7s elapsed, 1.9s avg, 3.6e+02s total. Expected time remaining: 1.1e+01s
2020-07-28 03:34:08,281 - root - INFO - #194 MAX:accuracy.mean: 0.91
2020-07-28 03:34:08,324 - root - DEBUG - Sampled weight [-0.15822414  0.72875428 -0.7804012  -0.4154908  -0.219819  ]
2020-07-28 03:34:09,416 - root - DEBUG - Updating hall of fame
2020-07-28 03:34:10,159 - root - INFO - Completed generation 195; 1.9s elapsed, 1.9s avg, 3.6e+02s total. Expected time remaining: 9.3s
2020-07-28 03:34:10,212 - root - INFO - #195 MAX:accuracy.mean: 0.81
2020-07-28 03:34:10,255 - root - DEBUG - Sampled weight [-1.15791021  1.51648666  1.9556213   1.42541918  1.48974779]
2020-07-28 03:34:11,349 - root - DEBUG - Updating hall of fame
2020-07-28 03:34:11,547 - root - INFO - Completed generation 196; 1.3s elapsed, 1.9s avg, 3.6e+02s total. Expected time remaining: 7.4s
2020-07-28 03:34:11,600 - root - INFO - #196 MAX:accuracy.mean: 0.87
2020-07-28 03:34:11,642 - root - DEBUG - Sampled weight [ 0.74915308  0.8998372   0.41805508  1.6155443  -0.18451223]
2020-07-28 03:34:12,730 - root - DEBUG - Updating hall of fame
2020-07-28 03:34:13,299 - root - INFO - Completed generation 197; 1.7s elapsed, 1.9s avg, 3.7e+02s total. Expected time remaining: 5.6s
2020-07-28 03:34:13,352 - root - INFO - #197 MAX:accuracy.mean: 0.82
2020-07-28 03:34:13,395 - root - DEBUG - Sampled weight [ 0.61401433 -1.041768    1.07433247 -1.0875908  -1.70848056]
2020-07-28 03:34:14,493 - root - DEBUG - Updating hall of fame
2020-07-28 03:34:15,458 - root - INFO - Completed generation 198; 2.1s elapsed, 1.9s avg, 3.7e+02s total. Expected time remaining: 3.7s
2020-07-28 03:34:15,511 - root - INFO - #198 MAX:accuracy.mean: 0.88
2020-07-28 03:34:15,553 - root - DEBUG - Sampled weight [ 0.84767479  0.60167197  0.61762261  0.35266529 -0.96369942]
2020-07-28 03:34:16,654 - root - DEBUG - Updating hall of fame
2020-07-28 03:34:17,790 - root - INFO - Completed generation 199; 2.3s elapsed, 1.9s avg, 3.7e+02s total. Expected time remaining: 1.9s
2020-07-28 03:34:17,843 - root - INFO - #199 MAX:accuracy.mean: 0.88
2020-07-28 03:34:17,885 - root - DEBUG - Sampled weight [-0.80165475  1.13563148 -1.39245299 -1.78679783  1.78273499]
2020-07-28 03:34:18,981 - root - DEBUG - Updating hall of fame
2020-07-28 03:34:19,386 - root - INFO - Completed generation 200; 1.5s elapsed, 1.9s avg, 3.7e+02s total. Expected time remaining: 0.0s
2020-07-28 03:34:19,440 - root - INFO - #200 MAX:accuracy.mean: 0.88
2020-07-28 03:34:19,601 - root - DEBUG - Loaded 150 samples.
2020-07-28 03:34:19,604 - root - INFO - Evaluating indivs in hall of fame.
2020-07-28 03:34:21,561 - root - INFO - Completed excution.
