2020-07-31 10:12:27,004 - root - INFO - Package version 0.1.1
2020-07-31 10:12:27,005 - root - INFO - Saving data at /vol/fob-vol1/mi15/plonerma/Lab/rewann/data/2020-07-31_Iris [7, 9, 10]; lognormal 0,0.5; signed: False_000.
2020-07-31 10:12:27,005 - root - DEBUG - Loading training dataset
2020-07-31 10:12:27,083 - root - DEBUG - Loaded 150 samples.
2020-07-31 10:12:27,085 - root - DEBUG - Running experiments with the following parameters:
debug = true
experiment_name = "Iris [7, 9, 10]; lognormal 0,0.5; signed: False"
experiment_path = "data/2020-07-31_Iris [7, 9, 10]; lognormal 0,0.5; signed: False_000"

[config]
num_workers = 1
debug = true
backend = "numpy"

[postopt]
run_postopt = true
compile_report = false
num_weights = 100
num_samples = -1

[sampling]
seed = 0
post_init_seed = false
distribution = "lognormal"
lower_bound = -2
upper_bound = 2
mean = 0
sigma = 0.5
num_weights_per_iteration = 5
num_samples_per_iteration = -1
hof_evaluation_iterations = 20

[task]
name = "iris"
sample_order_seed = 0
test_portion = 0.2
sample_length = 10
num_categories = 8

[storage]
data_base_path = "data"
log_filename = "execution.log"
commit_elite_freq = -1
commit_metrics_freq = 10

[population]
num_generations = 200
size = 100
initial_enabled_edge_prob = 0.05
initial_genes = "full"
hof_size = 10
enable_edge_signs = false
enabled_activation_funcs = [ 7, 9, 10,]

[selection]
use_tournaments = true
elite_ratio = 0.1
culling_ratio = 0.2
tournament_size = 5
objectives = [ "-log_loss.min", "-log_loss.mean", "-n_hidden",]
recorded_metrics = [ "accuracy", "kappa", "log_loss",]
hof_metric = "accuracy.mean"

[mutation.new_edge]
probability = 0.2
strategy = "layer_agnostic"
propability = 0.2

[mutation.new_node]
probability = 0.25
propability = 0.3

[mutation.reenable_edge]
probability = 0.05
propability = 0.1

[mutation.change_activation]
probability = 0.5
propability = 0.4

[mutation.change_edge_sign]
probability = 0.2

[mutation.new_recurrent_edge]
probability = 0.2
strategy = "any"

2020-07-31 10:12:27,116 - root - INFO - Starting evolutionary algorithm
2020-07-31 10:12:27,133 - root - DEBUG - Sampled weight [1.8417063  0.90808171 0.98347836 0.46514702 1.10887419]
2020-07-31 10:12:28,186 - root - DEBUG - Updating hall of fame
2020-07-31 10:12:30,097 - root - INFO - Completed generation 1; 3.0s elapsed, 3.0s avg, 3.0s total. Expected time remaining: 5.9e+02s
2020-07-31 10:12:30,149 - root - INFO - #1 MAX:accuracy.mean: 0.67
2020-07-31 10:12:30,190 - root - DEBUG - Sampled weight [1.04417413 1.13184969 0.60101243 0.72087821 1.10916635]
2020-07-31 10:12:31,237 - root - DEBUG - Updating hall of fame
2020-07-31 10:12:33,070 - root - INFO - Completed generation 2; 2.9s elapsed, 3.0s avg, 5.9s total. Expected time remaining: 5.8e+02s
2020-07-31 10:12:33,118 - root - INFO - #2 MAX:accuracy.mean: 0.67
2020-07-31 10:12:33,159 - root - DEBUG - Sampled weight [0.92096541 0.71990501 0.98574736 1.34461996 1.50402085]
2020-07-31 10:12:34,223 - root - DEBUG - Updating hall of fame
2020-07-31 10:12:36,057 - root - INFO - Completed generation 3; 2.9s elapsed, 2.9s avg, 8.8s total. Expected time remaining: 5.8e+02s
2020-07-31 10:12:36,105 - root - INFO - #3 MAX:accuracy.mean: 0.67
2020-07-31 10:12:36,147 - root - DEBUG - Sampled weight [0.81329369 1.19894829 0.96086185 0.51371138 1.25329715]
2020-07-31 10:12:37,207 - root - DEBUG - Updating hall of fame
2020-07-31 10:12:39,063 - root - INFO - Completed generation 4; 3.0s elapsed, 2.9s avg, 1.2e+01s total. Expected time remaining: 5.8e+02s
2020-07-31 10:12:39,112 - root - INFO - #4 MAX:accuracy.mean: 0.67
2020-07-31 10:12:39,152 - root - DEBUG - Sampled weight [1.25502074 1.14477176 1.30290922 3.00133217 1.25002896]
2020-07-31 10:12:40,208 - root - DEBUG - Updating hall of fame
2020-07-31 10:12:41,742 - root - INFO - Completed generation 5; 2.6s elapsed, 2.9s avg, 1.4e+01s total. Expected time remaining: 5.6e+02s
2020-07-31 10:12:41,791 - root - INFO - #5 MAX:accuracy.mean: 0.65
2020-07-31 10:12:41,831 - root - DEBUG - Sampled weight [0.37034135 0.69192011 0.39003818 0.82671164 0.8070277 ]
2020-07-31 10:12:42,886 - root - DEBUG - Updating hall of fame
2020-07-31 10:12:43,468 - root - INFO - Completed generation 6; 1.7s elapsed, 2.7s avg, 1.6e+01s total. Expected time remaining: 5.2e+02s
2020-07-31 10:12:43,517 - root - INFO - #6 MAX:accuracy.mean: 0.61
2020-07-31 10:12:43,558 - root - DEBUG - Sampled weight [0.57253928 1.75929138 1.51815355 0.35114345 0.446647  ]
2020-07-31 10:12:44,619 - root - DEBUG - Updating hall of fame
2020-07-31 10:12:46,102 - root - INFO - Completed generation 7; 2.6s elapsed, 2.7s avg, 1.9e+01s total. Expected time remaining: 5.2e+02s
2020-07-31 10:12:46,151 - root - INFO - #7 MAX:accuracy.mean: 0.62
2020-07-31 10:12:46,192 - root - DEBUG - Sampled weight [1.91413189 1.16907222 1.28223767 0.4686304  0.30678505]
2020-07-31 10:12:47,251 - root - DEBUG - Updating hall of fame
2020-07-31 10:12:48,388 - root - INFO - Completed generation 8; 2.2s elapsed, 2.6s avg, 2.1e+01s total. Expected time remaining: 5e+02s
2020-07-31 10:12:48,437 - root - INFO - #8 MAX:accuracy.mean: 0.62
2020-07-31 10:12:48,478 - root - DEBUG - Sampled weight [0.872037   0.97702467 1.19762727 1.21469397 0.92582582]
2020-07-31 10:12:49,551 - root - DEBUG - Updating hall of fame
2020-07-31 10:12:51,058 - root - INFO - Completed generation 9; 2.6s elapsed, 2.6s avg, 2.4e+01s total. Expected time remaining: 5e+02s
2020-07-31 10:12:51,107 - root - INFO - #9 MAX:accuracy.mean: 0.7
2020-07-31 10:12:51,147 - root - DEBUG - Sampled weight [1.60172811 0.51150492 1.69641133 0.96181364 2.34413151]
2020-07-31 10:12:52,212 - root - DEBUG - Updating hall of fame
2020-07-31 10:12:53,335 - root - INFO - Completed generation 10; 2.2s elapsed, 2.6s avg, 2.6e+01s total. Expected time remaining: 4.9e+02s
2020-07-31 10:12:53,384 - root - INFO - #10 MAX:accuracy.mean: 0.61
2020-07-31 10:12:53,474 - root - DEBUG - Sampled weight [1.47136298 1.51447392 1.6723881  0.72597345 0.398792  ]
2020-07-31 10:12:54,546 - root - DEBUG - Updating hall of fame
2020-07-31 10:12:55,308 - root - INFO - Completed generation 11; 1.9s elapsed, 2.5s avg, 2.8e+01s total. Expected time remaining: 4.8e+02s
2020-07-31 10:12:55,357 - root - INFO - #11 MAX:accuracy.mean: 0.65
2020-07-31 10:12:55,397 - root - DEBUG - Sampled weight [0.67798127 0.65624297 1.21614623 0.55810108 2.11495808]
2020-07-31 10:12:56,471 - root - DEBUG - Updating hall of fame
2020-07-31 10:12:57,408 - root - INFO - Completed generation 12; 2.1s elapsed, 2.5s avg, 3e+01s total. Expected time remaining: 4.7e+02s
2020-07-31 10:12:57,457 - root - INFO - #12 MAX:accuracy.mean: 0.75
2020-07-31 10:12:57,498 - root - DEBUG - Sampled weight [1.57110914 1.20236866 1.74692522 2.17313057 0.31340755]
2020-07-31 10:12:58,571 - root - DEBUG - Updating hall of fame
2020-07-31 10:12:59,685 - root - INFO - Completed generation 13; 2.2s elapsed, 2.5s avg, 3.2e+01s total. Expected time remaining: 4.6e+02s
2020-07-31 10:12:59,733 - root - INFO - #13 MAX:accuracy.mean: 0.64
2020-07-31 10:12:59,775 - root - DEBUG - Sampled weight [1.79921001 1.0554833  0.61518502 1.40707207 0.79978909]
2020-07-31 10:13:00,851 - root - DEBUG - Updating hall of fame
2020-07-31 10:13:01,809 - root - INFO - Completed generation 14; 2.1s elapsed, 2.4s avg, 3.4e+01s total. Expected time remaining: 4.5e+02s
2020-07-31 10:13:01,859 - root - INFO - #14 MAX:accuracy.mean: 0.68
2020-07-31 10:13:01,901 - root - DEBUG - Sampled weight [1.51841989 1.01459272 1.00989817 0.50693292 0.47660388]
2020-07-31 10:13:02,995 - root - DEBUG - Updating hall of fame
2020-07-31 10:13:04,145 - root - INFO - Completed generation 15; 2.3s elapsed, 2.4s avg, 3.6e+01s total. Expected time remaining: 4.5e+02s
2020-07-31 10:13:04,194 - root - INFO - #15 MAX:accuracy.mean: 0.7
2020-07-31 10:13:04,234 - root - DEBUG - Sampled weight [1.31046066 0.63928301 0.84882095 0.8674615  1.17344082]
2020-07-31 10:13:05,312 - root - DEBUG - Updating hall of fame
2020-07-31 10:13:06,633 - root - INFO - Completed generation 16; 2.4s elapsed, 2.4s avg, 3.9e+01s total. Expected time remaining: 4.5e+02s
2020-07-31 10:13:06,681 - root - INFO - #16 MAX:accuracy.mean: 0.73
2020-07-31 10:13:06,722 - root - DEBUG - Sampled weight [0.66398985 1.44118434 0.5724428  0.80018521 1.56012985]
2020-07-31 10:13:07,794 - root - DEBUG - Updating hall of fame
2020-07-31 10:13:09,331 - root - INFO - Completed generation 17; 2.6s elapsed, 2.4s avg, 4.1e+01s total. Expected time remaining: 4.5e+02s
2020-07-31 10:13:09,381 - root - INFO - #17 MAX:accuracy.mean: 0.73
2020-07-31 10:13:09,421 - root - DEBUG - Sampled weight [1.31036787 2.95442384 0.81802457 0.59143238 0.76299774]
2020-07-31 10:13:10,499 - root - DEBUG - Updating hall of fame
2020-07-31 10:13:11,268 - root - INFO - Completed generation 18; 1.9s elapsed, 2.4s avg, 4.3e+01s total. Expected time remaining: 4.4e+02s
2020-07-31 10:13:11,317 - root - INFO - #18 MAX:accuracy.mean: 0.7
2020-07-31 10:13:11,358 - root - DEBUG - Sampled weight [2.24780341 0.36572863 0.80448628 0.57015263 0.35492634]
2020-07-31 10:13:12,434 - root - DEBUG - Updating hall of fame
2020-07-31 10:13:13,193 - root - INFO - Completed generation 19; 1.9s elapsed, 2.4s avg, 4.5e+01s total. Expected time remaining: 4.3e+02s
2020-07-31 10:13:13,242 - root - INFO - #19 MAX:accuracy.mean: 0.66
2020-07-31 10:13:13,283 - root - DEBUG - Sampled weight [0.9261741  1.71465542 1.25009843 0.37583487 0.4884874 ]
2020-07-31 10:13:14,362 - root - DEBUG - Updating hall of fame
2020-07-31 10:13:15,129 - root - INFO - Completed generation 20; 1.9s elapsed, 2.4s avg, 4.7e+01s total. Expected time remaining: 4.2e+02s
2020-07-31 10:13:15,178 - root - INFO - #20 MAX:accuracy.mean: 0.65
2020-07-31 10:13:15,316 - root - DEBUG - Sampled weight [0.44379486 1.02546048 0.77539052 1.27036216 1.79703872]
2020-07-31 10:13:16,398 - root - DEBUG - Updating hall of fame
2020-07-31 10:13:17,553 - root - INFO - Completed generation 21; 2.3s elapsed, 2.3s avg, 4.9e+01s total. Expected time remaining: 4.2e+02s
2020-07-31 10:13:17,601 - root - INFO - #21 MAX:accuracy.mean: 0.68
2020-07-31 10:13:17,641 - root - DEBUG - Sampled weight [1.26502394 1.15290132 1.22621474 0.86424574 0.87921702]
2020-07-31 10:13:18,736 - root - DEBUG - Updating hall of fame
2020-07-31 10:13:19,699 - root - INFO - Completed generation 22; 2.1s elapsed, 2.3s avg, 5.1e+01s total. Expected time remaining: 4.2e+02s
2020-07-31 10:13:19,747 - root - INFO - #22 MAX:accuracy.mean: 0.72
2020-07-31 10:13:19,787 - root - DEBUG - Sampled weight [1.60382888 1.74579817 0.37211682 0.47491052 0.63136709]
2020-07-31 10:13:20,871 - root - DEBUG - Updating hall of fame
2020-07-31 10:13:22,201 - root - INFO - Completed generation 23; 2.5s elapsed, 2.3s avg, 5.4e+01s total. Expected time remaining: 4.1e+02s
2020-07-31 10:13:22,253 - root - INFO - #23 MAX:accuracy.mean: 0.65
2020-07-31 10:13:22,295 - root - DEBUG - Sampled weight [0.59619618 0.78000397 1.81130715 0.66740861 1.09004132]
2020-07-31 10:13:23,372 - root - DEBUG - Updating hall of fame
2020-07-31 10:13:24,140 - root - INFO - Completed generation 24; 1.9s elapsed, 2.3s avg, 5.6e+01s total. Expected time remaining: 4.1e+02s
2020-07-31 10:13:24,189 - root - INFO - #24 MAX:accuracy.mean: 0.72
2020-07-31 10:13:24,230 - root - DEBUG - Sampled weight [0.8124219  1.04437507 0.5562181  0.57794562 1.26287101]
2020-07-31 10:13:25,317 - root - DEBUG - Updating hall of fame
2020-07-31 10:13:25,875 - root - INFO - Completed generation 25; 1.7s elapsed, 2.3s avg, 5.7e+01s total. Expected time remaining: 4e+02s
2020-07-31 10:13:25,924 - root - INFO - #25 MAX:accuracy.mean: 0.69
2020-07-31 10:13:25,965 - root - DEBUG - Sampled weight [1.37174425 1.07142263 0.75978883 1.10761626 1.87525897]
2020-07-31 10:13:27,062 - root - DEBUG - Updating hall of fame
2020-07-31 10:13:27,827 - root - INFO - Completed generation 26; 1.9s elapsed, 2.3s avg, 5.9e+01s total. Expected time remaining: 4e+02s
2020-07-31 10:13:27,876 - root - INFO - #26 MAX:accuracy.mean: 0.69
2020-07-31 10:13:27,917 - root - DEBUG - Sampled weight [0.790451   0.32419295 0.47455724 0.69086444 0.90486083]
2020-07-31 10:13:29,021 - root - DEBUG - Updating hall of fame
2020-07-31 10:13:29,995 - root - INFO - Completed generation 27; 2.1s elapsed, 2.3s avg, 6.1e+01s total. Expected time remaining: 3.9e+02s
2020-07-31 10:13:30,044 - root - INFO - #27 MAX:accuracy.mean: 0.66
2020-07-31 10:13:30,085 - root - DEBUG - Sampled weight [1.01859844 0.94925726 0.46112784 1.66818265 1.28804865]
2020-07-31 10:13:31,182 - root - DEBUG - Updating hall of fame
2020-07-31 10:13:31,775 - root - INFO - Completed generation 28; 1.7s elapsed, 2.3s avg, 6.3e+01s total. Expected time remaining: 3.9e+02s
2020-07-31 10:13:31,824 - root - INFO - #28 MAX:accuracy.mean: 0.65
2020-07-31 10:13:31,865 - root - DEBUG - Sampled weight [1.52950829 0.60560037 0.84894696 0.75815934 0.75241033]
2020-07-31 10:13:32,958 - root - DEBUG - Updating hall of fame
2020-07-31 10:13:33,927 - root - INFO - Completed generation 29; 2.1s elapsed, 2.3s avg, 6.5e+01s total. Expected time remaining: 3.8e+02s
2020-07-31 10:13:33,976 - root - INFO - #29 MAX:accuracy.mean: 0.74
2020-07-31 10:13:34,017 - root - DEBUG - Sampled weight [1.09322107 0.56208212 1.4398551  1.8038366  0.43595146]
2020-07-31 10:13:35,112 - root - DEBUG - Updating hall of fame
2020-07-31 10:13:36,056 - root - INFO - Completed generation 30; 2.1s elapsed, 2.2s avg, 6.7e+01s total. Expected time remaining: 3.8e+02s
2020-07-31 10:13:36,106 - root - INFO - #30 MAX:accuracy.mean: 0.65
2020-07-31 10:13:36,208 - root - DEBUG - Sampled weight [0.52719573 1.18495945 0.73734515 1.48454968 0.97185021]
2020-07-31 10:13:37,353 - root - DEBUG - Updating hall of fame
2020-07-31 10:13:38,311 - root - INFO - Completed generation 31; 2.1s elapsed, 2.2s avg, 7e+01s total. Expected time remaining: 3.8e+02s
2020-07-31 10:13:38,360 - root - INFO - #31 MAX:accuracy.mean: 0.65
2020-07-31 10:13:38,402 - root - DEBUG - Sampled weight [0.7284272  1.8238084  1.82368882 1.11392731 1.40744336]
2020-07-31 10:13:39,496 - root - DEBUG - Updating hall of fame
2020-07-31 10:13:40,459 - root - INFO - Completed generation 32; 2.1s elapsed, 2.2s avg, 7.2e+01s total. Expected time remaining: 3.8e+02s
2020-07-31 10:13:40,508 - root - INFO - #32 MAX:accuracy.mean: 0.65
2020-07-31 10:13:40,550 - root - DEBUG - Sampled weight [0.99046658 0.5182142  0.5932881  2.32160238 0.62683732]
2020-07-31 10:13:41,653 - root - DEBUG - Updating hall of fame
2020-07-31 10:13:42,223 - root - INFO - Completed generation 33; 1.7s elapsed, 2.2s avg, 7.3e+01s total. Expected time remaining: 3.7e+02s
2020-07-31 10:13:42,272 - root - INFO - #33 MAX:accuracy.mean: 0.65
2020-07-31 10:13:42,313 - root - DEBUG - Sampled weight [0.68675788 1.98962198 1.61283835 0.84887516 0.38218416]
2020-07-31 10:13:43,408 - root - DEBUG - Updating hall of fame
2020-07-31 10:13:43,806 - root - INFO - Completed generation 34; 1.5s elapsed, 2.2s avg, 7.5e+01s total. Expected time remaining: 3.7e+02s
2020-07-31 10:13:43,856 - root - INFO - #34 MAX:accuracy.mean: 0.65
2020-07-31 10:13:43,898 - root - DEBUG - Sampled weight [0.94363662 0.82888741 0.68872298 1.13322833 0.85827395]
2020-07-31 10:13:44,996 - root - DEBUG - Updating hall of fame
2020-07-31 10:13:45,780 - root - INFO - Completed generation 35; 1.9s elapsed, 2.2s avg, 7.7e+01s total. Expected time remaining: 3.6e+02s
2020-07-31 10:13:45,829 - root - INFO - #35 MAX:accuracy.mean: 0.67
2020-07-31 10:13:45,869 - root - DEBUG - Sampled weight [1.02980707 0.70029244 0.61117474 0.84355157 0.37210265]
2020-07-31 10:13:46,951 - root - DEBUG - Updating hall of fame
2020-07-31 10:13:47,715 - root - INFO - Completed generation 36; 1.9s elapsed, 2.2s avg, 7.9e+01s total. Expected time remaining: 3.6e+02s
2020-07-31 10:13:47,764 - root - INFO - #36 MAX:accuracy.mean: 0.66
2020-07-31 10:13:47,804 - root - DEBUG - Sampled weight [0.74578013 0.91735456 1.53404803 1.04508377 0.94201281]
2020-07-31 10:13:48,895 - root - DEBUG - Updating hall of fame
2020-07-31 10:13:49,667 - root - INFO - Completed generation 37; 1.9s elapsed, 2.2s avg, 8.1e+01s total. Expected time remaining: 3.5e+02s
2020-07-31 10:13:49,715 - root - INFO - #37 MAX:accuracy.mean: 0.66
2020-07-31 10:13:49,756 - root - DEBUG - Sampled weight [1.18344985 1.41363415 0.51458202 2.16931907 0.40728839]
2020-07-31 10:13:50,861 - root - DEBUG - Updating hall of fame
2020-07-31 10:13:52,017 - root - INFO - Completed generation 38; 2.3s elapsed, 2.2s avg, 8.3e+01s total. Expected time remaining: 3.5e+02s
2020-07-31 10:13:52,115 - root - INFO - #38 MAX:accuracy.mean: 0.65
2020-07-31 10:13:52,156 - root - DEBUG - Sampled weight [0.92772943 1.2808964  0.52619297 0.83776516 1.67940435]
2020-07-31 10:13:53,258 - root - DEBUG - Updating hall of fame
2020-07-31 10:13:53,846 - root - INFO - Completed generation 39; 1.7s elapsed, 2.2s avg, 8.5e+01s total. Expected time remaining: 3.5e+02s
2020-07-31 10:13:53,896 - root - INFO - #39 MAX:accuracy.mean: 0.65
2020-07-31 10:13:53,937 - root - DEBUG - Sampled weight [2.23694642 1.2349811  0.80385679 0.78718165 2.77121249]
2020-07-31 10:13:55,032 - root - DEBUG - Updating hall of fame
2020-07-31 10:13:55,800 - root - INFO - Completed generation 40; 1.9s elapsed, 2.2s avg, 8.7e+01s total. Expected time remaining: 3.5e+02s
2020-07-31 10:13:55,849 - root - INFO - #40 MAX:accuracy.mean: 0.65
2020-07-31 10:13:55,928 - root - DEBUG - Sampled weight [1.1269947  1.31363457 1.83780204 0.59982468 1.58835971]
2020-07-31 10:13:57,026 - root - DEBUG - Updating hall of fame
2020-07-31 10:13:57,592 - root - INFO - Completed generation 41; 1.7s elapsed, 2.2s avg, 8.8e+01s total. Expected time remaining: 3.4e+02s
2020-07-31 10:13:57,642 - root - INFO - #41 MAX:accuracy.mean: 0.65
2020-07-31 10:13:57,683 - root - DEBUG - Sampled weight [1.81574925 1.00900284 0.69278259 0.99776071 1.14590457]
2020-07-31 10:13:58,794 - root - DEBUG - Updating hall of fame
2020-07-31 10:13:59,773 - root - INFO - Completed generation 42; 2.1s elapsed, 2.2s avg, 9e+01s total. Expected time remaining: 3.4e+02s
2020-07-31 10:13:59,822 - root - INFO - #42 MAX:accuracy.mean: 0.65
2020-07-31 10:13:59,863 - root - DEBUG - Sampled weight [0.61215219 1.05029728 0.94436425 1.80539215 0.64983313]
2020-07-31 10:14:00,977 - root - DEBUG - Updating hall of fame
2020-07-31 10:14:01,778 - root - INFO - Completed generation 43; 2.0s elapsed, 2.1s avg, 9.2e+01s total. Expected time remaining: 3.4e+02s
2020-07-31 10:14:01,827 - root - INFO - #43 MAX:accuracy.mean: 0.65
2020-07-31 10:14:01,869 - root - DEBUG - Sampled weight [0.80003866 1.35890828 1.74709378 0.75399115 1.22207476]
2020-07-31 10:14:02,966 - root - DEBUG - Updating hall of fame
2020-07-31 10:14:03,759 - root - INFO - Completed generation 44; 1.9s elapsed, 2.1s avg, 9.4e+01s total. Expected time remaining: 3.3e+02s
2020-07-31 10:14:03,810 - root - INFO - #44 MAX:accuracy.mean: 0.65
2020-07-31 10:14:03,852 - root - DEBUG - Sampled weight [1.19686453 1.15401661 1.04398782 0.87792315 2.52229224]
2020-07-31 10:14:04,973 - root - DEBUG - Updating hall of fame
2020-07-31 10:14:05,762 - root - INFO - Completed generation 45; 2.0s elapsed, 2.1s avg, 9.6e+01s total. Expected time remaining: 3.3e+02s
2020-07-31 10:14:05,811 - root - INFO - #45 MAX:accuracy.mean: 0.65
2020-07-31 10:14:05,853 - root - DEBUG - Sampled weight [2.51318001 0.5098758  0.63266237 0.51101979 0.35617257]
2020-07-31 10:14:06,956 - root - DEBUG - Updating hall of fame
2020-07-31 10:14:07,356 - root - INFO - Completed generation 46; 1.5s elapsed, 2.1s avg, 9.8e+01s total. Expected time remaining: 3.3e+02s
2020-07-31 10:14:07,405 - root - INFO - #46 MAX:accuracy.mean: 0.65
2020-07-31 10:14:07,446 - root - DEBUG - Sampled weight [0.51611133 0.9335295  0.94767752 0.70180803 0.97770718]
2020-07-31 10:14:08,557 - root - DEBUG - Updating hall of fame
2020-07-31 10:14:09,306 - root - INFO - Completed generation 47; 1.9s elapsed, 2.1s avg, 1e+02s total. Expected time remaining: 3.2e+02s
2020-07-31 10:14:09,355 - root - INFO - #47 MAX:accuracy.mean: 0.65
2020-07-31 10:14:09,397 - root - DEBUG - Sampled weight [2.37952292 2.06931298 1.17004264 0.55747579 2.08081094]
2020-07-31 10:14:10,493 - root - DEBUG - Updating hall of fame
2020-07-31 10:14:11,071 - root - INFO - Completed generation 48; 1.7s elapsed, 2.1s avg, 1e+02s total. Expected time remaining: 3.2e+02s
2020-07-31 10:14:11,121 - root - INFO - #48 MAX:accuracy.mean: 0.64
2020-07-31 10:14:11,162 - root - DEBUG - Sampled weight [1.39379785 2.74786304 0.67085359 1.05238471 1.72434055]
2020-07-31 10:14:12,256 - root - DEBUG - Updating hall of fame
2020-07-31 10:14:12,822 - root - INFO - Completed generation 49; 1.7s elapsed, 2.1s avg, 1e+02s total. Expected time remaining: 3.2e+02s
2020-07-31 10:14:12,871 - root - INFO - #49 MAX:accuracy.mean: 0.64
2020-07-31 10:14:12,912 - root - DEBUG - Sampled weight [1.02984416 0.47968712 0.60522586 1.10063951 1.37284357]
2020-07-31 10:14:14,009 - root - DEBUG - Updating hall of fame
2020-07-31 10:14:14,593 - root - INFO - Completed generation 50; 1.7s elapsed, 2.1s avg, 1e+02s total. Expected time remaining: 3.1e+02s
2020-07-31 10:14:14,642 - root - INFO - #50 MAX:accuracy.mean: 0.67
2020-07-31 10:14:14,729 - root - DEBUG - Sampled weight [1.39337472 0.61779338 1.40175765 1.15422973 0.35359134]
2020-07-31 10:14:15,814 - root - DEBUG - Updating hall of fame
2020-07-31 10:14:16,580 - root - INFO - Completed generation 51; 1.9s elapsed, 2.1s avg, 1.1e+02s total. Expected time remaining: 3.1e+02s
2020-07-31 10:14:16,630 - root - INFO - #51 MAX:accuracy.mean: 0.64
2020-07-31 10:14:16,670 - root - DEBUG - Sampled weight [1.64521778 0.6187115  0.64580164 1.29536478 0.8687357 ]
2020-07-31 10:14:17,762 - root - DEBUG - Updating hall of fame
2020-07-31 10:14:18,522 - root - INFO - Completed generation 52; 1.9s elapsed, 2.1s avg, 1.1e+02s total. Expected time remaining: 3.1e+02s
2020-07-31 10:14:18,571 - root - INFO - #52 MAX:accuracy.mean: 0.65
2020-07-31 10:14:18,611 - root - DEBUG - Sampled weight [0.92801351 1.78516802 1.29625077 0.61464507 0.86742416]
2020-07-31 10:14:19,701 - root - DEBUG - Updating hall of fame
2020-07-31 10:14:20,481 - root - INFO - Completed generation 53; 1.9s elapsed, 2.1s avg, 1.1e+02s total. Expected time remaining: 3.1e+02s
2020-07-31 10:14:20,530 - root - INFO - #53 MAX:accuracy.mean: 0.64
2020-07-31 10:14:20,571 - root - DEBUG - Sampled weight [0.67960543 1.2280556  1.49988902 1.9601425  1.47315466]
2020-07-31 10:14:21,680 - root - DEBUG - Updating hall of fame
2020-07-31 10:14:22,440 - root - INFO - Completed generation 54; 1.9s elapsed, 2.1s avg, 1.1e+02s total. Expected time remaining: 3e+02s
2020-07-31 10:14:22,489 - root - INFO - #54 MAX:accuracy.mean: 0.64
2020-07-31 10:14:22,530 - root - DEBUG - Sampled weight [0.61344102 0.90691342 0.79173534 0.50647054 0.73510246]
2020-07-31 10:14:23,651 - root - DEBUG - Updating hall of fame
2020-07-31 10:14:24,250 - root - INFO - Completed generation 55; 1.8s elapsed, 2.1s avg, 1.1e+02s total. Expected time remaining: 3e+02s
2020-07-31 10:14:24,301 - root - INFO - #55 MAX:accuracy.mean: 0.73
2020-07-31 10:14:24,350 - root - DEBUG - Sampled weight [1.37450624 0.86199459 1.20981859 0.73371024 0.37471687]
2020-07-31 10:14:25,442 - root - DEBUG - Updating hall of fame
2020-07-31 10:14:26,399 - root - INFO - Completed generation 56; 2.1s elapsed, 2.1s avg, 1.2e+02s total. Expected time remaining: 3e+02s
2020-07-31 10:14:26,448 - root - INFO - #56 MAX:accuracy.mean: 0.65
2020-07-31 10:14:26,490 - root - DEBUG - Sampled weight [0.73785251 0.69613228 1.18981564 0.90379208 2.16304869]
2020-07-31 10:14:27,602 - root - DEBUG - Updating hall of fame
2020-07-31 10:14:28,600 - root - INFO - Completed generation 57; 2.2s elapsed, 2.1s avg, 1.2e+02s total. Expected time remaining: 3e+02s
2020-07-31 10:14:28,649 - root - INFO - #57 MAX:accuracy.mean: 0.65
2020-07-31 10:14:28,691 - root - DEBUG - Sampled weight [1.0949632  1.76592749 1.81591083 2.82838699 0.87050315]
2020-07-31 10:14:29,803 - root - DEBUG - Updating hall of fame
2020-07-31 10:14:30,391 - root - INFO - Completed generation 58; 1.7s elapsed, 2.1s avg, 1.2e+02s total. Expected time remaining: 2.9e+02s
2020-07-31 10:14:30,440 - root - INFO - #58 MAX:accuracy.mean: 0.64
2020-07-31 10:14:30,480 - root - DEBUG - Sampled weight [0.96644055 2.28802874 0.98742565 0.55649423 0.62896089]
2020-07-31 10:14:31,567 - root - DEBUG - Updating hall of fame
2020-07-31 10:14:32,132 - root - INFO - Completed generation 59; 1.7s elapsed, 2.1s avg, 1.2e+02s total. Expected time remaining: 2.9e+02s
2020-07-31 10:14:32,181 - root - INFO - #59 MAX:accuracy.mean: 0.64
2020-07-31 10:14:32,221 - root - DEBUG - Sampled weight [0.69235045 0.69150006 0.66008391 1.02322841 1.05681498]
2020-07-31 10:14:33,340 - root - DEBUG - Updating hall of fame
2020-07-31 10:14:34,310 - root - INFO - Completed generation 60; 2.1s elapsed, 2.1s avg, 1.2e+02s total. Expected time remaining: 2.9e+02s
2020-07-31 10:14:34,359 - root - INFO - #60 MAX:accuracy.mean: 0.7
2020-07-31 10:14:34,455 - root - DEBUG - Sampled weight [1.02121361 1.80201055 2.07366541 2.06772774 0.9186041 ]
2020-07-31 10:14:35,568 - root - DEBUG - Updating hall of fame
2020-07-31 10:14:36,548 - root - INFO - Completed generation 61; 2.1s elapsed, 2.1s avg, 1.3e+02s total. Expected time remaining: 2.9e+02s
2020-07-31 10:14:36,597 - root - INFO - #61 MAX:accuracy.mean: 0.64
2020-07-31 10:14:36,639 - root - DEBUG - Sampled weight [1.38503256 1.20279297 3.20840671 0.64354442 0.80408632]
2020-07-31 10:14:37,739 - root - DEBUG - Updating hall of fame
2020-07-31 10:14:38,360 - root - INFO - Completed generation 62; 1.8s elapsed, 2.1s avg, 1.3e+02s total. Expected time remaining: 2.8e+02s
2020-07-31 10:14:38,409 - root - INFO - #62 MAX:accuracy.mean: 0.64
2020-07-31 10:14:38,450 - root - DEBUG - Sampled weight [1.08449135 1.05745514 1.04765408 0.69076768 0.73095255]
2020-07-31 10:14:39,545 - root - DEBUG - Updating hall of fame
2020-07-31 10:14:39,942 - root - INFO - Completed generation 63; 1.5s elapsed, 2.1s avg, 1.3e+02s total. Expected time remaining: 2.8e+02s
2020-07-31 10:14:39,990 - root - INFO - #63 MAX:accuracy.mean: 0.65
2020-07-31 10:14:40,031 - root - DEBUG - Sampled weight [1.32159032 1.47468054 1.21819434 1.16599635 0.28902175]
2020-07-31 10:14:41,126 - root - DEBUG - Updating hall of fame
2020-07-31 10:14:41,904 - root - INFO - Completed generation 64; 1.9s elapsed, 2.1s avg, 1.3e+02s total. Expected time remaining: 2.8e+02s
2020-07-31 10:14:41,955 - root - INFO - #64 MAX:accuracy.mean: 0.64
2020-07-31 10:14:41,996 - root - DEBUG - Sampled weight [1.20417746 1.68366793 1.11462274 0.59056177 0.50731897]
2020-07-31 10:14:43,109 - root - DEBUG - Updating hall of fame
2020-07-31 10:14:43,887 - root - INFO - Completed generation 65; 1.9s elapsed, 2.0s avg, 1.3e+02s total. Expected time remaining: 2.8e+02s
2020-07-31 10:14:43,936 - root - INFO - #65 MAX:accuracy.mean: 0.64
2020-07-31 10:14:43,976 - root - DEBUG - Sampled weight [0.70326973 2.29238242 0.79663769 0.82166012 0.79031494]
2020-07-31 10:14:45,084 - root - DEBUG - Updating hall of fame
2020-07-31 10:14:45,865 - root - INFO - Completed generation 66; 1.9s elapsed, 2.0s avg, 1.4e+02s total. Expected time remaining: 2.7e+02s
2020-07-31 10:14:45,914 - root - INFO - #66 MAX:accuracy.mean: 0.77
2020-07-31 10:14:45,955 - root - DEBUG - Sampled weight [0.95458197 1.0713499  0.96217455 1.13093138 1.04684092]
2020-07-31 10:14:47,042 - root - DEBUG - Updating hall of fame
2020-07-31 10:14:47,807 - root - INFO - Completed generation 67; 1.9s elapsed, 2.0s avg, 1.4e+02s total. Expected time remaining: 2.7e+02s
2020-07-31 10:14:47,856 - root - INFO - #67 MAX:accuracy.mean: 0.68
2020-07-31 10:14:47,897 - root - DEBUG - Sampled weight [0.67260527 0.98520792 0.91781031 1.20278912 3.49377449]
2020-07-31 10:14:48,985 - root - DEBUG - Updating hall of fame
2020-07-31 10:14:49,750 - root - INFO - Completed generation 68; 1.9s elapsed, 2.0s avg, 1.4e+02s total. Expected time remaining: 2.7e+02s
2020-07-31 10:14:49,799 - root - INFO - #68 MAX:accuracy.mean: 0.64
2020-07-31 10:14:49,839 - root - DEBUG - Sampled weight [2.14903536 1.68695473 1.97584659 2.81040106 0.73766311]
2020-07-31 10:14:50,935 - root - DEBUG - Updating hall of fame
2020-07-31 10:14:51,697 - root - INFO - Completed generation 69; 1.9s elapsed, 2.0s avg, 1.4e+02s total. Expected time remaining: 2.7e+02s
2020-07-31 10:14:51,747 - root - INFO - #69 MAX:accuracy.mean: 0.67
2020-07-31 10:14:51,788 - root - DEBUG - Sampled weight [1.16191227 2.02353571 0.32908769 0.72428358 0.52634822]
2020-07-31 10:14:52,866 - root - DEBUG - Updating hall of fame
2020-07-31 10:14:53,618 - root - INFO - Completed generation 70; 1.9s elapsed, 2.0s avg, 1.4e+02s total. Expected time remaining: 2.7e+02s
2020-07-31 10:14:53,667 - root - INFO - #70 MAX:accuracy.mean: 0.64
2020-07-31 10:14:53,773 - root - DEBUG - Sampled weight [0.75779385 1.17618703 0.7443876  2.12337135 0.69613989]
2020-07-31 10:14:54,856 - root - DEBUG - Updating hall of fame
2020-07-31 10:14:55,434 - root - INFO - Completed generation 71; 1.7s elapsed, 2.0s avg, 1.4e+02s total. Expected time remaining: 2.6e+02s
2020-07-31 10:14:55,483 - root - INFO - #71 MAX:accuracy.mean: 0.75
2020-07-31 10:14:55,523 - root - DEBUG - Sampled weight [1.13202306 0.52683154 0.29554543 2.23231741 1.56814492]
2020-07-31 10:14:56,619 - root - DEBUG - Updating hall of fame
2020-07-31 10:14:57,377 - root - INFO - Completed generation 72; 1.9s elapsed, 2.0s avg, 1.5e+02s total. Expected time remaining: 2.6e+02s
2020-07-31 10:14:57,426 - root - INFO - #72 MAX:accuracy.mean: 0.65
2020-07-31 10:14:57,467 - root - DEBUG - Sampled weight [0.91376673 1.16392427 0.62345953 0.4923094  0.82114033]
2020-07-31 10:14:58,553 - root - DEBUG - Updating hall of fame
2020-07-31 10:14:59,686 - root - INFO - Completed generation 73; 2.3s elapsed, 2.0s avg, 1.5e+02s total. Expected time remaining: 2.6e+02s
2020-07-31 10:14:59,735 - root - INFO - #73 MAX:accuracy.mean: 0.73
2020-07-31 10:14:59,776 - root - DEBUG - Sampled weight [1.15458324 1.73669134 1.52708376 0.58858686 0.66331521]
2020-07-31 10:15:00,872 - root - DEBUG - Updating hall of fame
2020-07-31 10:15:01,452 - root - INFO - Completed generation 74; 1.7s elapsed, 2.0s avg, 1.5e+02s total. Expected time remaining: 2.6e+02s
2020-07-31 10:15:01,503 - root - INFO - #74 MAX:accuracy.mean: 0.69
2020-07-31 10:15:01,546 - root - DEBUG - Sampled weight [0.82258198 0.22649831 0.94449557 1.54972739 0.92505463]
2020-07-31 10:15:02,651 - root - DEBUG - Updating hall of fame
2020-07-31 10:15:03,778 - root - INFO - Completed generation 75; 2.3s elapsed, 2.0s avg, 1.5e+02s total. Expected time remaining: 2.5e+02s
2020-07-31 10:15:03,826 - root - INFO - #75 MAX:accuracy.mean: 0.68
2020-07-31 10:15:03,868 - root - DEBUG - Sampled weight [1.27454478 1.23273982 0.57493104 0.47932481 1.02637937]
2020-07-31 10:15:04,982 - root - DEBUG - Updating hall of fame
2020-07-31 10:15:05,932 - root - INFO - Completed generation 76; 2.1s elapsed, 2.0s avg, 1.5e+02s total. Expected time remaining: 2.5e+02s
2020-07-31 10:15:05,986 - root - INFO - #76 MAX:accuracy.mean: 0.7
2020-07-31 10:15:06,027 - root - DEBUG - Sampled weight [0.41430022 0.85374914 0.81905897 0.94539133 1.23330567]
2020-07-31 10:15:07,111 - root - DEBUG - Updating hall of fame
2020-07-31 10:15:07,668 - root - INFO - Completed generation 77; 1.7s elapsed, 2.0s avg, 1.6e+02s total. Expected time remaining: 2.5e+02s
2020-07-31 10:15:07,717 - root - INFO - #77 MAX:accuracy.mean: 0.73
2020-07-31 10:15:07,759 - root - DEBUG - Sampled weight [1.45193337 1.37890171 0.9454075  1.58101357 0.56716416]
2020-07-31 10:15:08,859 - root - DEBUG - Updating hall of fame
2020-07-31 10:15:10,017 - root - INFO - Completed generation 78; 2.3s elapsed, 2.0s avg, 1.6e+02s total. Expected time remaining: 2.5e+02s
2020-07-31 10:15:10,069 - root - INFO - #78 MAX:accuracy.mean: 0.66
2020-07-31 10:15:10,116 - root - DEBUG - Sampled weight [1.39164485 1.04444375 0.66249904 0.99806821 0.67158666]
2020-07-31 10:15:11,220 - root - DEBUG - Updating hall of fame
2020-07-31 10:15:11,804 - root - INFO - Completed generation 79; 1.7s elapsed, 2.0s avg, 1.6e+02s total. Expected time remaining: 2.5e+02s
2020-07-31 10:15:11,853 - root - INFO - #79 MAX:accuracy.mean: 0.6
2020-07-31 10:15:11,894 - root - DEBUG - Sampled weight [0.80363459 2.39808649 0.96055669 0.85033267 0.96666759]
2020-07-31 10:15:13,008 - root - DEBUG - Updating hall of fame
2020-07-31 10:15:13,779 - root - INFO - Completed generation 80; 1.9s elapsed, 2.0s avg, 1.6e+02s total. Expected time remaining: 2.4e+02s
2020-07-31 10:15:13,828 - root - INFO - #80 MAX:accuracy.mean: 0.79
2020-07-31 10:15:13,983 - root - DEBUG - Sampled weight [1.35847493 0.65858894 1.50937386 0.76993992 0.90585576]
2020-07-31 10:15:15,085 - root - DEBUG - Updating hall of fame
2020-07-31 10:15:15,672 - root - INFO - Completed generation 81; 1.7s elapsed, 2.0s avg, 1.6e+02s total. Expected time remaining: 2.4e+02s
2020-07-31 10:15:15,720 - root - INFO - #81 MAX:accuracy.mean: 0.72
2020-07-31 10:15:15,762 - root - DEBUG - Sampled weight [2.33764928 1.09760824 1.21020639 0.54540071 1.22946319]
2020-07-31 10:15:16,865 - root - DEBUG - Updating hall of fame
2020-07-31 10:15:17,444 - root - INFO - Completed generation 82; 1.7s elapsed, 2.0s avg, 1.7e+02s total. Expected time remaining: 2.4e+02s
2020-07-31 10:15:17,493 - root - INFO - #82 MAX:accuracy.mean: 0.61
2020-07-31 10:15:17,534 - root - DEBUG - Sampled weight [1.08550397 0.527199   0.57707888 1.19242698 0.65170923]
2020-07-31 10:15:18,664 - root - DEBUG - Updating hall of fame
2020-07-31 10:15:18,867 - root - INFO - Completed generation 83; 1.4s elapsed, 2.0s avg, 1.7e+02s total. Expected time remaining: 2.4e+02s
2020-07-31 10:15:18,916 - root - INFO - #83 MAX:accuracy.mean: 0.74
2020-07-31 10:15:18,958 - root - DEBUG - Sampled weight [0.34719469 0.73959155 0.74470224 1.31259635 0.55237865]
2020-07-31 10:15:20,077 - root - DEBUG - Updating hall of fame
2020-07-31 10:15:20,664 - root - INFO - Completed generation 84; 1.7s elapsed, 2.0s avg, 1.7e+02s total. Expected time remaining: 2.3e+02s
2020-07-31 10:15:20,713 - root - INFO - #84 MAX:accuracy.mean: 0.69
2020-07-31 10:15:20,755 - root - DEBUG - Sampled weight [1.48623249 2.73725859 1.26351627 0.66969988 0.65088208]
2020-07-31 10:15:21,883 - root - DEBUG - Updating hall of fame
2020-07-31 10:15:22,842 - root - INFO - Completed generation 85; 2.1s elapsed, 2.0s avg, 1.7e+02s total. Expected time remaining: 2.3e+02s
2020-07-31 10:15:22,891 - root - INFO - #85 MAX:accuracy.mean: 0.67
2020-07-31 10:15:22,932 - root - DEBUG - Sampled weight [0.93712243 0.97459495 1.21537958 2.54266896 1.94792809]
2020-07-31 10:15:24,039 - root - DEBUG - Updating hall of fame
2020-07-31 10:15:24,607 - root - INFO - Completed generation 86; 1.7s elapsed, 2.0s avg, 1.7e+02s total. Expected time remaining: 2.3e+02s
2020-07-31 10:15:24,655 - root - INFO - #86 MAX:accuracy.mean: 0.67
2020-07-31 10:15:24,697 - root - DEBUG - Sampled weight [0.29601389 1.06682117 1.12620357 2.09341288 0.23659502]
2020-07-31 10:15:25,800 - root - DEBUG - Updating hall of fame
2020-07-31 10:15:26,193 - root - INFO - Completed generation 87; 1.5s elapsed, 2.0s avg, 1.7e+02s total. Expected time remaining: 2.3e+02s
2020-07-31 10:15:26,242 - root - INFO - #87 MAX:accuracy.mean: 0.65
2020-07-31 10:15:26,284 - root - DEBUG - Sampled weight [1.10848408 2.56534029 1.18879292 2.06612307 0.76682864]
2020-07-31 10:15:27,399 - root - DEBUG - Updating hall of fame
2020-07-31 10:15:27,975 - root - INFO - Completed generation 88; 1.7s elapsed, 2.0s avg, 1.8e+02s total. Expected time remaining: 2.2e+02s
2020-07-31 10:15:28,024 - root - INFO - #88 MAX:accuracy.mean: 0.69
2020-07-31 10:15:28,065 - root - DEBUG - Sampled weight [2.01857138 0.96790233 0.38966599 0.78000561 1.57083058]
2020-07-31 10:15:29,176 - root - DEBUG - Updating hall of fame
2020-07-31 10:15:29,755 - root - INFO - Completed generation 89; 1.7s elapsed, 2.0s avg, 1.8e+02s total. Expected time remaining: 2.2e+02s
2020-07-31 10:15:29,804 - root - INFO - #89 MAX:accuracy.mean: 0.69
2020-07-31 10:15:29,844 - root - DEBUG - Sampled weight [1.66260535 1.07659509 0.98521501 1.22952248 0.73227827]
2020-07-31 10:15:30,962 - root - DEBUG - Updating hall of fame
2020-07-31 10:15:31,726 - root - INFO - Completed generation 90; 1.9s elapsed, 2.0s avg, 1.8e+02s total. Expected time remaining: 2.2e+02s
2020-07-31 10:15:31,775 - root - INFO - #90 MAX:accuracy.mean: 0.66
2020-07-31 10:15:31,893 - root - DEBUG - Sampled weight [1.537276   2.70489024 0.85746244 0.47329921 0.65173875]
2020-07-31 10:15:33,000 - root - DEBUG - Updating hall of fame
2020-07-31 10:15:33,391 - root - INFO - Completed generation 91; 1.5s elapsed, 2.0s avg, 1.8e+02s total. Expected time remaining: 2.2e+02s
2020-07-31 10:15:33,440 - root - INFO - #91 MAX:accuracy.mean: 0.68
2020-07-31 10:15:33,480 - root - DEBUG - Sampled weight [0.68533351 0.90872969 0.50556185 0.84607846 0.78482874]
2020-07-31 10:15:34,584 - root - DEBUG - Updating hall of fame
2020-07-31 10:15:34,961 - root - INFO - Completed generation 92; 1.5s elapsed, 2.0s avg, 1.8e+02s total. Expected time remaining: 2.1e+02s
2020-07-31 10:15:35,010 - root - INFO - #92 MAX:accuracy.mean: 0.7
2020-07-31 10:15:35,051 - root - DEBUG - Sampled weight [0.93698665 0.68700549 1.29195768 0.81649851 1.06586952]
2020-07-31 10:15:36,170 - root - DEBUG - Updating hall of fame
2020-07-31 10:15:36,569 - root - INFO - Completed generation 93; 1.6s elapsed, 2.0s avg, 1.8e+02s total. Expected time remaining: 2.1e+02s
2020-07-31 10:15:36,618 - root - INFO - #93 MAX:accuracy.mean: 0.72
2020-07-31 10:15:36,660 - root - DEBUG - Sampled weight [0.81078661 0.75551829 1.43811031 1.45261736 2.05364907]
2020-07-31 10:15:37,766 - root - DEBUG - Updating hall of fame
2020-07-31 10:15:38,155 - root - INFO - Completed generation 94; 1.5s elapsed, 2.0s avg, 1.9e+02s total. Expected time remaining: 2.1e+02s
2020-07-31 10:15:38,204 - root - INFO - #94 MAX:accuracy.mean: 0.63
2020-07-31 10:15:38,246 - root - DEBUG - Sampled weight [1.44503221 1.02098141 0.91693619 0.74118769 0.88188097]
2020-07-31 10:15:39,368 - root - DEBUG - Updating hall of fame
2020-07-31 10:15:40,149 - root - INFO - Completed generation 95; 1.9s elapsed, 2.0s avg, 1.9e+02s total. Expected time remaining: 2.1e+02s
2020-07-31 10:15:40,198 - root - INFO - #95 MAX:accuracy.mean: 0.68
2020-07-31 10:15:40,239 - root - DEBUG - Sampled weight [1.78594331 2.25984894 1.84199217 0.50057048 1.27365167]
2020-07-31 10:15:41,340 - root - DEBUG - Updating hall of fame
2020-07-31 10:15:41,920 - root - INFO - Completed generation 96; 1.7s elapsed, 2.0s avg, 1.9e+02s total. Expected time remaining: 2.1e+02s
2020-07-31 10:15:41,969 - root - INFO - #96 MAX:accuracy.mean: 0.56
2020-07-31 10:15:42,011 - root - DEBUG - Sampled weight [0.96025335 0.68513481 0.62908909 0.43300105 1.40058021]
2020-07-31 10:15:43,117 - root - DEBUG - Updating hall of fame
2020-07-31 10:15:43,489 - root - INFO - Completed generation 97; 1.5s elapsed, 2.0s avg, 1.9e+02s total. Expected time remaining: 2e+02s
2020-07-31 10:15:43,538 - root - INFO - #97 MAX:accuracy.mean: 0.59
2020-07-31 10:15:43,579 - root - DEBUG - Sampled weight [1.08316454 1.80117259 0.94880029 1.18506493 0.51825651]
2020-07-31 10:15:44,721 - root - DEBUG - Updating hall of fame
2020-07-31 10:15:45,509 - root - INFO - Completed generation 98; 2.0s elapsed, 2.0s avg, 1.9e+02s total. Expected time remaining: 2e+02s
2020-07-31 10:15:45,558 - root - INFO - #98 MAX:accuracy.mean: 0.6
2020-07-31 10:15:45,600 - root - DEBUG - Sampled weight [0.90892266 0.83962503 0.98096433 0.74083185 0.80230674]
2020-07-31 10:15:46,713 - root - DEBUG - Updating hall of fame
2020-07-31 10:15:47,106 - root - INFO - Completed generation 99; 1.5s elapsed, 2.0s avg, 1.9e+02s total. Expected time remaining: 2e+02s
2020-07-31 10:15:47,156 - root - INFO - #99 MAX:accuracy.mean: 0.64
2020-07-31 10:15:47,200 - root - DEBUG - Sampled weight [0.55771522 2.21795824 2.21702273 1.62115729 2.43503189]
2020-07-31 10:15:48,315 - root - DEBUG - Updating hall of fame
2020-07-31 10:15:48,924 - root - INFO - Completed generation 100; 1.8s elapsed, 2.0s avg, 2e+02s total. Expected time remaining: 2e+02s
2020-07-31 10:15:48,972 - root - INFO - #100 MAX:accuracy.mean: 0.65
2020-07-31 10:15:49,083 - root - DEBUG - Sampled weight [0.86638082 0.65379465 1.44033878 2.81014519 0.5864131 ]
2020-07-31 10:15:50,204 - root - DEBUG - Updating hall of fame
2020-07-31 10:15:50,800 - root - INFO - Completed generation 101; 1.8s elapsed, 2.0s avg, 2e+02s total. Expected time remaining: 1.9e+02s
2020-07-31 10:15:50,850 - root - INFO - #101 MAX:accuracy.mean: 0.62
2020-07-31 10:15:50,895 - root - DEBUG - Sampled weight [0.71460151 0.77766978 0.27915979 0.64721132 0.84590558]
2020-07-31 10:15:52,046 - root - DEBUG - Updating hall of fame
2020-07-31 10:15:52,600 - root - INFO - Completed generation 102; 1.7s elapsed, 2.0s avg, 2e+02s total. Expected time remaining: 1.9e+02s
2020-07-31 10:15:52,648 - root - INFO - #102 MAX:accuracy.mean: 0.71
2020-07-31 10:15:52,690 - root - DEBUG - Sampled weight [2.89931289 0.49440468 0.76884355 0.96047364 0.53970053]
2020-07-31 10:15:53,802 - root - DEBUG - Updating hall of fame
2020-07-31 10:15:53,989 - root - INFO - Completed generation 103; 1.3s elapsed, 2.0s avg, 2e+02s total. Expected time remaining: 1.9e+02s
2020-07-31 10:15:54,038 - root - INFO - #103 MAX:accuracy.mean: 0.59
2020-07-31 10:15:54,079 - root - DEBUG - Sampled weight [0.64670212 1.76785558 1.12608964 0.42419012 0.47178459]
2020-07-31 10:15:55,190 - root - DEBUG - Updating hall of fame
2020-07-31 10:15:55,610 - root - INFO - Completed generation 104; 1.6s elapsed, 1.9s avg, 2e+02s total. Expected time remaining: 1.9e+02s
2020-07-31 10:15:55,660 - root - INFO - #104 MAX:accuracy.mean: 0.62
2020-07-31 10:15:55,702 - root - DEBUG - Sampled weight [2.05525839 1.07199679 2.3864219  4.45727623 0.84395351]
2020-07-31 10:15:56,821 - root - DEBUG - Updating hall of fame
2020-07-31 10:15:57,405 - root - INFO - Completed generation 105; 1.7s elapsed, 1.9s avg, 2e+02s total. Expected time remaining: 1.8e+02s
2020-07-31 10:15:57,453 - root - INFO - #105 MAX:accuracy.mean: 0.64
2020-07-31 10:15:57,495 - root - DEBUG - Sampled weight [0.7306532  0.54212057 0.56106775 1.42861071 0.70140658]
2020-07-31 10:15:58,613 - root - DEBUG - Updating hall of fame
2020-07-31 10:15:59,017 - root - INFO - Completed generation 106; 1.6s elapsed, 1.9s avg, 2.1e+02s total. Expected time remaining: 1.8e+02s
2020-07-31 10:15:59,066 - root - INFO - #106 MAX:accuracy.mean: 0.81
2020-07-31 10:15:59,108 - root - DEBUG - Sampled weight [0.92742968 2.49565876 2.5191216  1.04323321 2.38145509]
2020-07-31 10:16:00,222 - root - DEBUG - Updating hall of fame
2020-07-31 10:16:00,406 - root - INFO - Completed generation 107; 1.3s elapsed, 1.9s avg, 2.1e+02s total. Expected time remaining: 1.8e+02s
2020-07-31 10:16:00,454 - root - INFO - #107 MAX:accuracy.mean: 0.67
2020-07-31 10:16:00,497 - root - DEBUG - Sampled weight [1.09561875 0.95134202 0.88366389 0.59628132 0.77033276]
2020-07-31 10:16:01,637 - root - DEBUG - Updating hall of fame
2020-07-31 10:16:02,045 - root - INFO - Completed generation 108; 1.6s elapsed, 1.9s avg, 2.1e+02s total. Expected time remaining: 1.8e+02s
2020-07-31 10:16:02,096 - root - INFO - #108 MAX:accuracy.mean: 0.74
2020-07-31 10:16:02,139 - root - DEBUG - Sampled weight [1.62463339 0.98960302 2.27472845 0.96428576 0.60330351]
2020-07-31 10:16:03,256 - root - DEBUG - Updating hall of fame
2020-07-31 10:16:03,650 - root - INFO - Completed generation 109; 1.6s elapsed, 1.9s avg, 2.1e+02s total. Expected time remaining: 1.8e+02s
2020-07-31 10:16:03,699 - root - INFO - #109 MAX:accuracy.mean: 0.59
2020-07-31 10:16:03,739 - root - DEBUG - Sampled weight [0.63834569 0.45294985 0.74437156 1.80921179 0.72045528]
2020-07-31 10:16:04,862 - root - DEBUG - Updating hall of fame
2020-07-31 10:16:05,262 - root - INFO - Completed generation 110; 1.6s elapsed, 1.9s avg, 2.1e+02s total. Expected time remaining: 1.7e+02s
2020-07-31 10:16:05,311 - root - INFO - #110 MAX:accuracy.mean: 0.63
2020-07-31 10:16:05,408 - root - DEBUG - Sampled weight [0.89908706 1.58610376 0.79804701 0.51658962 0.4714497 ]
2020-07-31 10:16:06,544 - root - DEBUG - Updating hall of fame
2020-07-31 10:16:07,134 - root - INFO - Completed generation 111; 1.8s elapsed, 1.9s avg, 2.1e+02s total. Expected time remaining: 1.7e+02s
2020-07-31 10:16:07,185 - root - INFO - #111 MAX:accuracy.mean: 0.63
2020-07-31 10:16:07,226 - root - DEBUG - Sampled weight [0.5749044  1.22264455 2.02533779 2.17188091 0.56066044]
2020-07-31 10:16:08,362 - root - DEBUG - Updating hall of fame
2020-07-31 10:16:08,992 - root - INFO - Completed generation 112; 1.8s elapsed, 1.9s avg, 2.2e+02s total. Expected time remaining: 1.7e+02s
2020-07-31 10:16:09,042 - root - INFO - #112 MAX:accuracy.mean: 0.67
2020-07-31 10:16:09,085 - root - DEBUG - Sampled weight [0.93078656 0.90437691 0.40748596 0.91086024 3.81045644]
2020-07-31 10:16:10,232 - root - DEBUG - Updating hall of fame
2020-07-31 10:16:10,637 - root - INFO - Completed generation 113; 1.6s elapsed, 1.9s avg, 2.2e+02s total. Expected time remaining: 1.7e+02s
2020-07-31 10:16:10,688 - root - INFO - #113 MAX:accuracy.mean: 0.69
2020-07-31 10:16:10,730 - root - DEBUG - Sampled weight [0.76300802 0.55305269 0.76619624 1.71922955 0.51165022]
2020-07-31 10:16:11,849 - root - DEBUG - Updating hall of fame
2020-07-31 10:16:12,837 - root - INFO - Completed generation 114; 2.1s elapsed, 1.9s avg, 2.2e+02s total. Expected time remaining: 1.7e+02s
2020-07-31 10:16:12,885 - root - INFO - #114 MAX:accuracy.mean: 0.61
2020-07-31 10:16:12,928 - root - DEBUG - Sampled weight [0.77217842 0.8081616  1.00307824 1.41050305 2.57877285]
2020-07-31 10:16:14,039 - root - DEBUG - Updating hall of fame
2020-07-31 10:16:14,601 - root - INFO - Completed generation 115; 1.7s elapsed, 1.9s avg, 2.2e+02s total. Expected time remaining: 1.6e+02s
2020-07-31 10:16:14,651 - root - INFO - #115 MAX:accuracy.mean: 0.7
2020-07-31 10:16:14,693 - root - DEBUG - Sampled weight [0.31875224 0.66133846 1.32026543 0.74550046 0.97941004]
2020-07-31 10:16:15,827 - root - DEBUG - Updating hall of fame
2020-07-31 10:16:16,229 - root - INFO - Completed generation 116; 1.6s elapsed, 1.9s avg, 2.2e+02s total. Expected time remaining: 1.6e+02s
2020-07-31 10:16:16,280 - root - INFO - #116 MAX:accuracy.mean: 0.63
2020-07-31 10:16:16,322 - root - DEBUG - Sampled weight [0.48666713 1.01768981 0.98301864 0.9637663  1.26806723]
2020-07-31 10:16:17,440 - root - DEBUG - Updating hall of fame
2020-07-31 10:16:17,827 - root - INFO - Completed generation 117; 1.5s elapsed, 1.9s avg, 2.2e+02s total. Expected time remaining: 1.6e+02s
2020-07-31 10:16:17,876 - root - INFO - #117 MAX:accuracy.mean: 0.65
2020-07-31 10:16:17,918 - root - DEBUG - Sampled weight [1.50294419 0.54598016 2.75931081 0.72376765 1.33134711]
2020-07-31 10:16:19,066 - root - DEBUG - Updating hall of fame
2020-07-31 10:16:19,491 - root - INFO - Completed generation 118; 1.6s elapsed, 1.9s avg, 2.3e+02s total. Expected time remaining: 1.6e+02s
2020-07-31 10:16:19,541 - root - INFO - #118 MAX:accuracy.mean: 0.63
2020-07-31 10:16:19,582 - root - DEBUG - Sampled weight [0.32786258 0.40377011 0.51513788 2.06427875 1.00997501]
2020-07-31 10:16:20,728 - root - DEBUG - Updating hall of fame
2020-07-31 10:16:21,527 - root - INFO - Completed generation 119; 2.0s elapsed, 1.9s avg, 2.3e+02s total. Expected time remaining: 1.6e+02s
2020-07-31 10:16:21,577 - root - INFO - #119 MAX:accuracy.mean: 0.67
2020-07-31 10:16:21,620 - root - DEBUG - Sampled weight [0.7764409  1.17416252 1.4124754  1.80114792 0.79748893]
2020-07-31 10:16:22,737 - root - DEBUG - Updating hall of fame
2020-07-31 10:16:23,690 - root - INFO - Completed generation 120; 2.1s elapsed, 1.9s avg, 2.3e+02s total. Expected time remaining: 1.5e+02s
2020-07-31 10:16:23,739 - root - INFO - #120 MAX:accuracy.mean: 0.66
2020-07-31 10:16:23,870 - root - DEBUG - Sampled weight [1.98593132 0.96321843 1.69000115 1.08282186 1.83551338]
2020-07-31 10:16:24,992 - root - DEBUG - Updating hall of fame
2020-07-31 10:16:25,396 - root - INFO - Completed generation 121; 1.6s elapsed, 1.9s avg, 2.3e+02s total. Expected time remaining: 1.5e+02s
2020-07-31 10:16:25,447 - root - INFO - #121 MAX:accuracy.mean: 0.68
2020-07-31 10:16:25,490 - root - DEBUG - Sampled weight [1.01570934 0.39988787 0.78251264 0.53128816 0.80821459]
2020-07-31 10:16:26,621 - root - DEBUG - Updating hall of fame
2020-07-31 10:16:27,239 - root - INFO - Completed generation 122; 1.8s elapsed, 1.9s avg, 2.3e+02s total. Expected time remaining: 1.5e+02s
2020-07-31 10:16:27,288 - root - INFO - #122 MAX:accuracy.mean: 0.66
2020-07-31 10:16:27,329 - root - DEBUG - Sampled weight [1.0022515  0.66748229 1.09961917 1.1391605  1.11705838]
2020-07-31 10:16:28,446 - root - DEBUG - Updating hall of fame
2020-07-31 10:16:28,636 - root - INFO - Completed generation 123; 1.3s elapsed, 1.9s avg, 2.3e+02s total. Expected time remaining: 1.5e+02s
2020-07-31 10:16:28,685 - root - INFO - #123 MAX:accuracy.mean: 0.71
2020-07-31 10:16:28,728 - root - DEBUG - Sampled weight [1.53440927 1.58970577 0.83633298 2.42291261 1.01754518]
2020-07-31 10:16:29,899 - root - DEBUG - Updating hall of fame
2020-07-31 10:16:30,331 - root - INFO - Completed generation 124; 1.6s elapsed, 1.9s avg, 2.4e+02s total. Expected time remaining: 1.4e+02s
2020-07-31 10:16:30,380 - root - INFO - #124 MAX:accuracy.mean: 0.66
2020-07-31 10:16:30,423 - root - DEBUG - Sampled weight [0.83945481 1.18495387 1.21637921 0.56886809 0.94001682]
2020-07-31 10:16:31,553 - root - DEBUG - Updating hall of fame
2020-07-31 10:16:31,768 - root - INFO - Completed generation 125; 1.4s elapsed, 1.9s avg, 2.4e+02s total. Expected time remaining: 1.4e+02s
2020-07-31 10:16:31,817 - root - INFO - #125 MAX:accuracy.mean: 0.68
2020-07-31 10:16:31,860 - root - DEBUG - Sampled weight [0.34033236 2.22960072 1.15660322 0.94020544 0.89699958]
2020-07-31 10:16:33,065 - root - DEBUG - Updating hall of fame
2020-07-31 10:16:33,292 - root - INFO - Completed generation 126; 1.5s elapsed, 1.9s avg, 2.4e+02s total. Expected time remaining: 1.4e+02s
2020-07-31 10:16:33,343 - root - INFO - #126 MAX:accuracy.mean: 0.63
2020-07-31 10:16:33,386 - root - DEBUG - Sampled weight [2.30114952 0.66190766 1.4376541  1.85227807 0.9123721 ]
2020-07-31 10:16:34,525 - root - DEBUG - Updating hall of fame
2020-07-31 10:16:35,304 - root - INFO - Completed generation 127; 2.0s elapsed, 1.9s avg, 2.4e+02s total. Expected time remaining: 1.4e+02s
2020-07-31 10:16:35,353 - root - INFO - #127 MAX:accuracy.mean: 0.72
2020-07-31 10:16:35,394 - root - DEBUG - Sampled weight [1.21741341 1.6659094  0.94587096 1.39555478 1.10311309]
2020-07-31 10:16:36,513 - root - DEBUG - Updating hall of fame
2020-07-31 10:16:36,734 - root - INFO - Completed generation 128; 1.4s elapsed, 1.9s avg, 2.4e+02s total. Expected time remaining: 1.4e+02s
2020-07-31 10:16:36,783 - root - INFO - #128 MAX:accuracy.mean: 0.67
2020-07-31 10:16:36,824 - root - DEBUG - Sampled weight [0.49033289 0.35735432 2.58568762 0.78158008 0.58829815]
2020-07-31 10:16:37,948 - root - DEBUG - Updating hall of fame
2020-07-31 10:16:38,169 - root - INFO - Completed generation 129; 1.4s elapsed, 1.9s avg, 2.4e+02s total. Expected time remaining: 1.3e+02s
2020-07-31 10:16:38,219 - root - INFO - #129 MAX:accuracy.mean: 0.63
2020-07-31 10:16:38,262 - root - DEBUG - Sampled weight [0.79536458 1.92705269 0.79332648 2.73198494 0.64788093]
2020-07-31 10:16:39,384 - root - DEBUG - Updating hall of fame
2020-07-31 10:16:40,171 - root - INFO - Completed generation 130; 2.0s elapsed, 1.9s avg, 2.5e+02s total. Expected time remaining: 1.3e+02s
2020-07-31 10:16:40,220 - root - INFO - #130 MAX:accuracy.mean: 0.76
2020-07-31 10:16:40,338 - root - DEBUG - Sampled weight [0.82110657 1.30630029 0.4941279  1.30787017 0.99761278]
2020-07-31 10:16:41,478 - root - DEBUG - Updating hall of fame
2020-07-31 10:16:41,698 - root - INFO - Completed generation 131; 1.4s elapsed, 1.9s avg, 2.5e+02s total. Expected time remaining: 1.3e+02s
2020-07-31 10:16:41,750 - root - INFO - #131 MAX:accuracy.mean: 0.6
2020-07-31 10:16:41,794 - root - DEBUG - Sampled weight [0.8654013  1.43221756 0.80702023 1.15052763 1.2328093 ]
2020-07-31 10:16:42,981 - root - DEBUG - Updating hall of fame
2020-07-31 10:16:43,388 - root - INFO - Completed generation 132; 1.6s elapsed, 1.9s avg, 2.5e+02s total. Expected time remaining: 1.3e+02s
2020-07-31 10:16:43,437 - root - INFO - #132 MAX:accuracy.mean: 0.68
2020-07-31 10:16:43,478 - root - DEBUG - Sampled weight [0.54693796 0.81674617 1.16553048 1.00920068 0.67281441]
2020-07-31 10:16:44,667 - root - DEBUG - Updating hall of fame
2020-07-31 10:16:45,109 - root - INFO - Completed generation 133; 1.7s elapsed, 1.9s avg, 2.5e+02s total. Expected time remaining: 1.3e+02s
2020-07-31 10:16:45,158 - root - INFO - #133 MAX:accuracy.mean: 0.66
2020-07-31 10:16:45,199 - root - DEBUG - Sampled weight [0.80229211 1.10811531 1.38192733 1.1739616  1.69658659]
2020-07-31 10:16:46,344 - root - DEBUG - Updating hall of fame
2020-07-31 10:16:46,786 - root - INFO - Completed generation 134; 1.6s elapsed, 1.9s avg, 2.5e+02s total. Expected time remaining: 1.2e+02s
2020-07-31 10:16:46,835 - root - INFO - #134 MAX:accuracy.mean: 0.67
2020-07-31 10:16:46,878 - root - DEBUG - Sampled weight [1.08096545 0.90818694 2.63794431 1.38104993 1.27885578]
2020-07-31 10:16:48,019 - root - DEBUG - Updating hall of fame
2020-07-31 10:16:48,430 - root - INFO - Completed generation 135; 1.6s elapsed, 1.9s avg, 2.5e+02s total. Expected time remaining: 1.2e+02s
2020-07-31 10:16:48,479 - root - INFO - #135 MAX:accuracy.mean: 0.66
2020-07-31 10:16:48,521 - root - DEBUG - Sampled weight [1.2339383  0.65852281 1.00630892 1.10332948 0.91373349]
2020-07-31 10:16:49,651 - root - DEBUG - Updating hall of fame
2020-07-31 10:16:49,876 - root - INFO - Completed generation 136; 1.4s elapsed, 1.9s avg, 2.6e+02s total. Expected time remaining: 1.2e+02s
2020-07-31 10:16:49,925 - root - INFO - #136 MAX:accuracy.mean: 0.69
2020-07-31 10:16:49,966 - root - DEBUG - Sampled weight [1.94199908 1.00324046 0.72309982 1.63664766 0.50843753]
2020-07-31 10:16:51,099 - root - DEBUG - Updating hall of fame
2020-07-31 10:16:51,287 - root - INFO - Completed generation 137; 1.4s elapsed, 1.9s avg, 2.6e+02s total. Expected time remaining: 1.2e+02s
2020-07-31 10:16:51,336 - root - INFO - #137 MAX:accuracy.mean: 0.59
2020-07-31 10:16:51,378 - root - DEBUG - Sampled weight [1.18701274 1.41450473 1.11947613 1.68147419 0.92359303]
2020-07-31 10:16:52,496 - root - DEBUG - Updating hall of fame
2020-07-31 10:16:52,908 - root - INFO - Completed generation 138; 1.6s elapsed, 1.9s avg, 2.6e+02s total. Expected time remaining: 1.2e+02s
2020-07-31 10:16:52,957 - root - INFO - #138 MAX:accuracy.mean: 0.65
2020-07-31 10:16:52,998 - root - DEBUG - Sampled weight [1.44927481 1.11596757 1.69632861 1.00087465 1.68766502]
2020-07-31 10:16:54,127 - root - DEBUG - Updating hall of fame
2020-07-31 10:16:54,537 - root - INFO - Completed generation 139; 1.6s elapsed, 1.9s avg, 2.6e+02s total. Expected time remaining: 1.1e+02s
2020-07-31 10:16:54,586 - root - INFO - #139 MAX:accuracy.mean: 0.66
2020-07-31 10:16:54,627 - root - DEBUG - Sampled weight [0.54717318 0.66001005 0.91418064 0.57393259 0.89714623]
2020-07-31 10:16:55,738 - root - DEBUG - Updating hall of fame
2020-07-31 10:16:56,183 - root - INFO - Completed generation 140; 1.6s elapsed, 1.9s avg, 2.6e+02s total. Expected time remaining: 1.1e+02s
2020-07-31 10:16:56,232 - root - INFO - #140 MAX:accuracy.mean: 0.72
2020-07-31 10:16:56,353 - root - DEBUG - Sampled weight [0.91945238 0.97369584 1.02763426 0.31961019 0.93537151]
2020-07-31 10:16:57,463 - root - DEBUG - Updating hall of fame
2020-07-31 10:16:57,840 - root - INFO - Completed generation 141; 1.5s elapsed, 1.9s avg, 2.6e+02s total. Expected time remaining: 1.1e+02s
2020-07-31 10:16:57,889 - root - INFO - #141 MAX:accuracy.mean: 0.67
2020-07-31 10:16:57,932 - root - DEBUG - Sampled weight [1.21143032 1.18819823 0.94158639 0.53700967 0.43452939]
2020-07-31 10:16:59,100 - root - DEBUG - Updating hall of fame
2020-07-31 10:16:59,928 - root - INFO - Completed generation 142; 2.0s elapsed, 1.9s avg, 2.6e+02s total. Expected time remaining: 1.1e+02s
2020-07-31 10:16:59,977 - root - INFO - #142 MAX:accuracy.mean: 0.62
2020-07-31 10:17:00,017 - root - DEBUG - Sampled weight [1.25560225 0.92876689 0.6325161  0.88074806 1.05049288]
2020-07-31 10:17:01,155 - root - DEBUG - Updating hall of fame
2020-07-31 10:17:02,364 - root - INFO - Completed generation 143; 2.4s elapsed, 1.9s avg, 2.7e+02s total. Expected time remaining: 1.1e+02s
2020-07-31 10:17:02,413 - root - INFO - #143 MAX:accuracy.mean: 0.7
2020-07-31 10:17:02,455 - root - DEBUG - Sampled weight [0.7749476  1.42629321 1.26477677 0.5771817  0.79405476]
2020-07-31 10:17:03,595 - root - DEBUG - Updating hall of fame
2020-07-31 10:17:04,231 - root - INFO - Completed generation 144; 1.8s elapsed, 1.9s avg, 2.7e+02s total. Expected time remaining: 1e+02s
2020-07-31 10:17:04,280 - root - INFO - #144 MAX:accuracy.mean: 0.72
2020-07-31 10:17:04,324 - root - DEBUG - Sampled weight [1.17576712 0.63370632 0.76365291 0.44868337 1.01428428]
2020-07-31 10:17:05,503 - root - DEBUG - Updating hall of fame
2020-07-31 10:17:06,139 - root - INFO - Completed generation 145; 1.9s elapsed, 1.9s avg, 2.7e+02s total. Expected time remaining: 1e+02s
2020-07-31 10:17:06,188 - root - INFO - #145 MAX:accuracy.mean: 0.7
2020-07-31 10:17:06,230 - root - DEBUG - Sampled weight [1.01042689 0.9667309  0.66690519 1.19471678 2.79207873]
2020-07-31 10:17:07,371 - root - DEBUG - Updating hall of fame
2020-07-31 10:17:07,780 - root - INFO - Completed generation 146; 1.6s elapsed, 1.9s avg, 2.7e+02s total. Expected time remaining: 1e+02s
2020-07-31 10:17:07,829 - root - INFO - #146 MAX:accuracy.mean: 0.67
2020-07-31 10:17:07,872 - root - DEBUG - Sampled weight [0.43946214 0.57200868 1.13294237 0.81656105 1.20333676]
2020-07-31 10:17:08,983 - root - DEBUG - Updating hall of fame
2020-07-31 10:17:09,433 - root - INFO - Completed generation 147; 1.6s elapsed, 1.9s avg, 2.7e+02s total. Expected time remaining: 9.9e+01s
2020-07-31 10:17:09,482 - root - INFO - #147 MAX:accuracy.mean: 0.66
2020-07-31 10:17:09,524 - root - DEBUG - Sampled weight [0.52407721 0.4424222  0.75163586 0.61952905 0.91655178]
2020-07-31 10:17:10,681 - root - DEBUG - Updating hall of fame
2020-07-31 10:17:11,056 - root - INFO - Completed generation 148; 1.6s elapsed, 1.9s avg, 2.8e+02s total. Expected time remaining: 9.7e+01s
2020-07-31 10:17:11,105 - root - INFO - #148 MAX:accuracy.mean: 0.69
2020-07-31 10:17:11,146 - root - DEBUG - Sampled weight [0.6089898  3.02049671 1.55004284 0.8882389  2.89373308]
2020-07-31 10:17:12,271 - root - DEBUG - Updating hall of fame
2020-07-31 10:17:12,647 - root - INFO - Completed generation 149; 1.5s elapsed, 1.9s avg, 2.8e+02s total. Expected time remaining: 9.5e+01s
2020-07-31 10:17:12,696 - root - INFO - #149 MAX:accuracy.mean: 0.63
2020-07-31 10:17:12,736 - root - DEBUG - Sampled weight [2.68353706 3.56065007 0.98564414 2.02784246 0.65331294]
2020-07-31 10:17:13,874 - root - DEBUG - Updating hall of fame
2020-07-31 10:17:14,480 - root - INFO - Completed generation 150; 1.8s elapsed, 1.9s avg, 2.8e+02s total. Expected time remaining: 9.3e+01s
2020-07-31 10:17:14,529 - root - INFO - #150 MAX:accuracy.mean: 0.61
2020-07-31 10:17:14,638 - root - DEBUG - Sampled weight [0.68105167 0.616454   0.62406594 0.87356331 0.53572693]
2020-07-31 10:17:15,757 - root - DEBUG - Updating hall of fame
2020-07-31 10:17:15,943 - root - INFO - Completed generation 151; 1.3s elapsed, 1.9s avg, 2.8e+02s total. Expected time remaining: 9.1e+01s
2020-07-31 10:17:15,992 - root - INFO - #151 MAX:accuracy.mean: 0.71
2020-07-31 10:17:16,034 - root - DEBUG - Sampled weight [1.25595217 2.18391004 0.51220247 0.43891863 2.85507606]
2020-07-31 10:17:17,181 - root - DEBUG - Updating hall of fame
2020-07-31 10:17:17,591 - root - INFO - Completed generation 152; 1.6s elapsed, 1.9s avg, 2.8e+02s total. Expected time remaining: 8.9e+01s
2020-07-31 10:17:17,639 - root - INFO - #152 MAX:accuracy.mean: 0.57
2020-07-31 10:17:17,681 - root - DEBUG - Sampled weight [0.53006281 0.78091727 0.51290091 1.80416203 0.97497995]
2020-07-31 10:17:18,817 - root - DEBUG - Updating hall of fame
2020-07-31 10:17:19,611 - root - INFO - Completed generation 153; 2.0s elapsed, 1.9s avg, 2.8e+02s total. Expected time remaining: 8.7e+01s
2020-07-31 10:17:19,660 - root - INFO - #153 MAX:accuracy.mean: 0.59
2020-07-31 10:17:19,702 - root - DEBUG - Sampled weight [1.03828941 1.38168283 1.09269607 0.93579953 0.6253661 ]
2020-07-31 10:17:20,828 - root - DEBUG - Updating hall of fame
2020-07-31 10:17:21,648 - root - INFO - Completed generation 154; 2.0s elapsed, 1.9s avg, 2.9e+02s total. Expected time remaining: 8.5e+01s
2020-07-31 10:17:21,697 - root - INFO - #154 MAX:accuracy.mean: 0.59
2020-07-31 10:17:21,739 - root - DEBUG - Sampled weight [0.77773459 0.97501504 2.00634652 0.57235446 1.48196545]
2020-07-31 10:17:22,936 - root - DEBUG - Updating hall of fame
2020-07-31 10:17:23,160 - root - INFO - Completed generation 155; 1.5s elapsed, 1.9s avg, 2.9e+02s total. Expected time remaining: 8.3e+01s
2020-07-31 10:17:23,210 - root - INFO - #155 MAX:accuracy.mean: 0.66
2020-07-31 10:17:23,250 - root - DEBUG - Sampled weight [0.62743418 1.2451712  1.62323894 1.01506681 0.61415652]
2020-07-31 10:17:24,383 - root - DEBUG - Updating hall of fame
2020-07-31 10:17:24,795 - root - INFO - Completed generation 156; 1.6s elapsed, 1.9s avg, 2.9e+02s total. Expected time remaining: 8.1e+01s
2020-07-31 10:17:24,844 - root - INFO - #156 MAX:accuracy.mean: 0.65
2020-07-31 10:17:24,886 - root - DEBUG - Sampled weight [0.49209491 0.75892105 2.0545527  1.82785966 1.05464395]
2020-07-31 10:17:26,020 - root - DEBUG - Updating hall of fame
2020-07-31 10:17:26,209 - root - INFO - Completed generation 157; 1.4s elapsed, 1.8s avg, 2.9e+02s total. Expected time remaining: 8e+01s
2020-07-31 10:17:26,258 - root - INFO - #157 MAX:accuracy.mean: 0.57
2020-07-31 10:17:26,302 - root - DEBUG - Sampled weight [1.19263998 1.03148183 2.35895199 1.77863762 1.87013149]
2020-07-31 10:17:27,455 - root - DEBUG - Updating hall of fame
2020-07-31 10:17:27,681 - root - INFO - Completed generation 158; 1.4s elapsed, 1.8s avg, 2.9e+02s total. Expected time remaining: 7.8e+01s
2020-07-31 10:17:27,730 - root - INFO - #158 MAX:accuracy.mean: 0.67
2020-07-31 10:17:27,773 - root - DEBUG - Sampled weight [1.61558116 1.57191499 1.09361935 1.24691907 0.82448036]
2020-07-31 10:17:28,919 - root - DEBUG - Updating hall of fame
2020-07-31 10:17:29,559 - root - INFO - Completed generation 159; 1.8s elapsed, 1.8s avg, 2.9e+02s total. Expected time remaining: 7.6e+01s
2020-07-31 10:17:29,608 - root - INFO - #159 MAX:accuracy.mean: 0.7
2020-07-31 10:17:29,651 - root - DEBUG - Sampled weight [2.24750545 1.43105867 0.31139455 0.50659904 0.70481382]
2020-07-31 10:17:30,805 - root - DEBUG - Updating hall of fame
2020-07-31 10:17:31,413 - root - INFO - Completed generation 160; 1.8s elapsed, 1.8s avg, 3e+02s total. Expected time remaining: 7.4e+01s
2020-07-31 10:17:31,462 - root - INFO - #160 MAX:accuracy.mean: 0.57
2020-07-31 10:17:31,561 - root - DEBUG - Sampled weight [1.44849601 0.48139066 1.25265028 0.90053131 2.33411518]
2020-07-31 10:17:32,704 - root - DEBUG - Updating hall of fame
2020-07-31 10:17:33,084 - root - INFO - Completed generation 161; 1.6s elapsed, 1.8s avg, 3e+02s total. Expected time remaining: 7.2e+01s
2020-07-31 10:17:33,133 - root - INFO - #161 MAX:accuracy.mean: 0.6
2020-07-31 10:17:33,175 - root - DEBUG - Sampled weight [2.23395247 0.44781658 1.0728925  1.12012912 1.04112067]
2020-07-31 10:17:34,318 - root - DEBUG - Updating hall of fame
2020-07-31 10:17:34,547 - root - INFO - Completed generation 162; 1.4s elapsed, 1.8s avg, 3e+02s total. Expected time remaining: 7e+01s
2020-07-31 10:17:34,596 - root - INFO - #162 MAX:accuracy.mean: 0.59
2020-07-31 10:17:34,638 - root - DEBUG - Sampled weight [0.99867062 1.10301532 0.55150706 1.23438656 0.79958617]
2020-07-31 10:17:35,769 - root - DEBUG - Updating hall of fame
2020-07-31 10:17:36,372 - root - INFO - Completed generation 163; 1.8s elapsed, 1.8s avg, 3e+02s total. Expected time remaining: 6.8e+01s
2020-07-31 10:17:36,421 - root - INFO - #163 MAX:accuracy.mean: 0.61
2020-07-31 10:17:36,464 - root - DEBUG - Sampled weight [1.18298762 1.46353496 0.68771071 0.86698948 1.24584684]
2020-07-31 10:17:37,638 - root - DEBUG - Updating hall of fame
2020-07-31 10:17:37,868 - root - INFO - Completed generation 164; 1.4s elapsed, 1.8s avg, 3e+02s total. Expected time remaining: 6.6e+01s
2020-07-31 10:17:37,918 - root - INFO - #164 MAX:accuracy.mean: 0.65
2020-07-31 10:17:37,958 - root - DEBUG - Sampled weight [1.16934609 0.74194617 0.70239877 0.39653742 3.17248395]
2020-07-31 10:17:39,110 - root - DEBUG - Updating hall of fame
2020-07-31 10:17:39,530 - root - INFO - Completed generation 165; 1.6s elapsed, 1.8s avg, 3e+02s total. Expected time remaining: 6.4e+01s
2020-07-31 10:17:39,579 - root - INFO - #165 MAX:accuracy.mean: 0.69
2020-07-31 10:17:39,621 - root - DEBUG - Sampled weight [1.13677161 1.49864041 1.21053452 0.96459076 0.84521792]
2020-07-31 10:17:40,778 - root - DEBUG - Updating hall of fame
2020-07-31 10:17:40,778 - root - INFO - Completed generation 166; 1.2s elapsed, 1.8s avg, 3e+02s total. Expected time remaining: 6.2e+01s
2020-07-31 10:17:40,827 - root - INFO - #166 MAX:accuracy.mean: 0.64
2020-07-31 10:17:40,869 - root - DEBUG - Sampled weight [0.76110847 2.6234126  0.93805134 0.66969255 0.83090893]
2020-07-31 10:17:42,009 - root - DEBUG - Updating hall of fame
2020-07-31 10:17:42,473 - root - INFO - Completed generation 167; 1.6s elapsed, 1.8s avg, 3.1e+02s total. Expected time remaining: 6e+01s
2020-07-31 10:17:42,522 - root - INFO - #167 MAX:accuracy.mean: 0.66
2020-07-31 10:17:42,564 - root - DEBUG - Sampled weight [0.61663015 0.52188119 2.88160388 1.14668224 0.53884897]
2020-07-31 10:17:43,717 - root - DEBUG - Updating hall of fame
2020-07-31 10:17:44,136 - root - INFO - Completed generation 168; 1.6s elapsed, 1.8s avg, 3.1e+02s total. Expected time remaining: 5.9e+01s
2020-07-31 10:17:44,185 - root - INFO - #168 MAX:accuracy.mean: 0.57
2020-07-31 10:17:44,226 - root - DEBUG - Sampled weight [0.73094049 1.95082682 2.14627478 1.20372786 0.89288827]
2020-07-31 10:17:45,365 - root - DEBUG - Updating hall of fame
2020-07-31 10:17:45,560 - root - INFO - Completed generation 169; 1.4s elapsed, 1.8s avg, 3.1e+02s total. Expected time remaining: 5.7e+01s
2020-07-31 10:17:45,610 - root - INFO - #169 MAX:accuracy.mean: 0.62
2020-07-31 10:17:45,653 - root - DEBUG - Sampled weight [0.886437   1.01689142 0.94223054 0.45677602 0.76435638]
2020-07-31 10:17:46,781 - root - DEBUG - Updating hall of fame
2020-07-31 10:17:46,968 - root - INFO - Completed generation 170; 1.4s elapsed, 1.8s avg, 3.1e+02s total. Expected time remaining: 5.5e+01s
2020-07-31 10:17:47,018 - root - INFO - #170 MAX:accuracy.mean: 0.66
2020-07-31 10:17:47,176 - root - DEBUG - Sampled weight [1.26683309 0.67442477 1.74618229 0.78670037 2.32537688]
2020-07-31 10:17:48,325 - root - DEBUG - Updating hall of fame
2020-07-31 10:17:49,115 - root - INFO - Completed generation 171; 2.0s elapsed, 1.8s avg, 3.1e+02s total. Expected time remaining: 5.3e+01s
2020-07-31 10:17:49,164 - root - INFO - #171 MAX:accuracy.mean: 0.62
2020-07-31 10:17:49,208 - root - DEBUG - Sampled weight [0.87815673 1.19160662 0.80144036 0.40167299 1.5167402 ]
2020-07-31 10:17:50,378 - root - DEBUG - Updating hall of fame
2020-07-31 10:17:50,604 - root - INFO - Completed generation 172; 1.4s elapsed, 1.8s avg, 3.1e+02s total. Expected time remaining: 5.1e+01s
2020-07-31 10:17:50,654 - root - INFO - #172 MAX:accuracy.mean: 0.59
2020-07-31 10:17:50,697 - root - DEBUG - Sampled weight [0.53902719 0.62302026 1.74824302 0.64813058 1.00774487]
2020-07-31 10:17:51,852 - root - DEBUG - Updating hall of fame
2020-07-31 10:17:52,852 - root - INFO - Completed generation 173; 2.2s elapsed, 1.8s avg, 3.2e+02s total. Expected time remaining: 4.9e+01s
2020-07-31 10:17:52,903 - root - INFO - #173 MAX:accuracy.mean: 0.6
2020-07-31 10:17:52,945 - root - DEBUG - Sampled weight [1.01834981 0.63204942 0.85908052 0.6175945  1.15630963]
2020-07-31 10:17:54,102 - root - DEBUG - Updating hall of fame
2020-07-31 10:17:54,522 - root - INFO - Completed generation 174; 1.6s elapsed, 1.8s avg, 3.2e+02s total. Expected time remaining: 4.7e+01s
2020-07-31 10:17:54,570 - root - INFO - #174 MAX:accuracy.mean: 0.57
2020-07-31 10:17:54,612 - root - DEBUG - Sampled weight [0.91316833 0.87897429 1.72325695 1.49917967 0.92556038]
2020-07-31 10:17:55,751 - root - DEBUG - Updating hall of fame
2020-07-31 10:17:55,978 - root - INFO - Completed generation 175; 1.4s elapsed, 1.8s avg, 3.2e+02s total. Expected time remaining: 4.6e+01s
2020-07-31 10:17:56,027 - root - INFO - #175 MAX:accuracy.mean: 0.64
2020-07-31 10:17:56,069 - root - DEBUG - Sampled weight [1.41783001 0.8767651  0.24942166 0.38994597 1.21707394]
2020-07-31 10:17:57,202 - root - DEBUG - Updating hall of fame
2020-07-31 10:17:57,618 - root - INFO - Completed generation 176; 1.6s elapsed, 1.8s avg, 3.2e+02s total. Expected time remaining: 4.4e+01s
2020-07-31 10:17:57,667 - root - INFO - #176 MAX:accuracy.mean: 0.56
2020-07-31 10:17:57,709 - root - DEBUG - Sampled weight [1.21403174 2.05953633 0.81549266 0.89415898 1.38574559]
2020-07-31 10:17:58,844 - root - DEBUG - Updating hall of fame
2020-07-31 10:17:59,638 - root - INFO - Completed generation 177; 2.0s elapsed, 1.8s avg, 3.2e+02s total. Expected time remaining: 4.2e+01s
2020-07-31 10:17:59,687 - root - INFO - #177 MAX:accuracy.mean: 0.64
2020-07-31 10:17:59,727 - root - DEBUG - Sampled weight [1.16953726 1.11612296 0.7441409  0.53365133 0.89919283]
2020-07-31 10:18:00,916 - root - DEBUG - Updating hall of fame
2020-07-31 10:18:01,146 - root - INFO - Completed generation 178; 1.5s elapsed, 1.8s avg, 3.2e+02s total. Expected time remaining: 4e+01s
2020-07-31 10:18:01,196 - root - INFO - #178 MAX:accuracy.mean: 0.67
2020-07-31 10:18:01,242 - root - DEBUG - Sampled weight [0.76632442 0.8812607  1.85159331 0.73195767 0.96099537]
2020-07-31 10:18:02,465 - root - DEBUG - Updating hall of fame
2020-07-31 10:18:02,465 - root - INFO - Completed generation 179; 1.3s elapsed, 1.8s avg, 3.3e+02s total. Expected time remaining: 3.8e+01s
2020-07-31 10:18:02,515 - root - INFO - #179 MAX:accuracy.mean: 0.76
2020-07-31 10:18:02,558 - root - DEBUG - Sampled weight [1.25186376 1.06399209 1.9800641  1.85523372 2.05533453]
2020-07-31 10:18:03,691 - root - DEBUG - Updating hall of fame
2020-07-31 10:18:04,148 - root - INFO - Completed generation 180; 1.6s elapsed, 1.8s avg, 3.3e+02s total. Expected time remaining: 3.6e+01s
2020-07-31 10:18:04,197 - root - INFO - #180 MAX:accuracy.mean: 0.67
2020-07-31 10:18:04,356 - root - DEBUG - Sampled weight [0.53474164 0.62644321 0.96435383 0.66539329 1.67578812]
2020-07-31 10:18:05,534 - root - DEBUG - Updating hall of fame
2020-07-31 10:18:06,001 - root - INFO - Completed generation 181; 1.7s elapsed, 1.8s avg, 3.3e+02s total. Expected time remaining: 3.4e+01s
2020-07-31 10:18:06,050 - root - INFO - #181 MAX:accuracy.mean: 0.62
2020-07-31 10:18:06,091 - root - DEBUG - Sampled weight [1.27226024 0.7485703  1.24265073 2.76563175 0.69595887]
2020-07-31 10:18:07,237 - root - DEBUG - Updating hall of fame
2020-07-31 10:18:07,425 - root - INFO - Completed generation 182; 1.4s elapsed, 1.8s avg, 3.3e+02s total. Expected time remaining: 3.3e+01s
2020-07-31 10:18:07,473 - root - INFO - #182 MAX:accuracy.mean: 0.73
2020-07-31 10:18:07,515 - root - DEBUG - Sampled weight [0.98519767 1.92367864 0.76398964 1.06198528 1.44607953]
2020-07-31 10:18:08,666 - root - DEBUG - Updating hall of fame
2020-07-31 10:18:08,898 - root - INFO - Completed generation 183; 1.4s elapsed, 1.8s avg, 3.3e+02s total. Expected time remaining: 3.1e+01s
2020-07-31 10:18:08,947 - root - INFO - #183 MAX:accuracy.mean: 0.62
2020-07-31 10:18:08,989 - root - DEBUG - Sampled weight [0.91559333 0.95005567 0.86148248 0.4692928  1.48791624]
2020-07-31 10:18:10,138 - root - DEBUG - Updating hall of fame
2020-07-31 10:18:10,558 - root - INFO - Completed generation 184; 1.6s elapsed, 1.8s avg, 3.3e+02s total. Expected time remaining: 2.9e+01s
2020-07-31 10:18:10,608 - root - INFO - #184 MAX:accuracy.mean: 0.6
2020-07-31 10:18:10,650 - root - DEBUG - Sampled weight [1.50473746 1.12850866 0.81497953 2.90546459 1.09781468]
2020-07-31 10:18:11,794 - root - DEBUG - Updating hall of fame
2020-07-31 10:18:12,174 - root - INFO - Completed generation 185; 1.6s elapsed, 1.8s avg, 3.3e+02s total. Expected time remaining: 2.7e+01s
2020-07-31 10:18:12,223 - root - INFO - #185 MAX:accuracy.mean: 0.66
2020-07-31 10:18:12,264 - root - DEBUG - Sampled weight [0.88127793 2.08779876 1.34756988 1.79791215 0.82381079]
2020-07-31 10:18:13,404 - root - DEBUG - Updating hall of fame
2020-07-31 10:18:13,868 - root - INFO - Completed generation 186; 1.6s elapsed, 1.8s avg, 3.4e+02s total. Expected time remaining: 2.5e+01s
2020-07-31 10:18:13,917 - root - INFO - #186 MAX:accuracy.mean: 0.63
2020-07-31 10:18:13,960 - root - DEBUG - Sampled weight [1.84542038 0.64259219 0.90481104 2.25604005 1.08355248]
2020-07-31 10:18:15,119 - root - DEBUG - Updating hall of fame
2020-07-31 10:18:15,306 - root - INFO - Completed generation 187; 1.4s elapsed, 1.8s avg, 3.4e+02s total. Expected time remaining: 2.3e+01s
2020-07-31 10:18:15,355 - root - INFO - #187 MAX:accuracy.mean: 0.64
2020-07-31 10:18:15,397 - root - DEBUG - Sampled weight [0.77714809 1.28204373 1.61960646 0.92160275 2.49214294]
2020-07-31 10:18:16,542 - root - DEBUG - Updating hall of fame
2020-07-31 10:18:17,148 - root - INFO - Completed generation 188; 1.8s elapsed, 1.8s avg, 3.4e+02s total. Expected time remaining: 2.2e+01s
2020-07-31 10:18:17,197 - root - INFO - #188 MAX:accuracy.mean: 0.69
2020-07-31 10:18:17,239 - root - DEBUG - Sampled weight [0.82203332 1.21626095 0.32137554 1.01398213 1.51896676]
2020-07-31 10:18:18,381 - root - DEBUG - Updating hall of fame
2020-07-31 10:18:18,799 - root - INFO - Completed generation 189; 1.6s elapsed, 1.8s avg, 3.4e+02s total. Expected time remaining: 2e+01s
2020-07-31 10:18:18,848 - root - INFO - #189 MAX:accuracy.mean: 0.57
2020-07-31 10:18:18,891 - root - DEBUG - Sampled weight [0.47058373 1.73611593 1.63610174 0.80045106 0.47638047]
2020-07-31 10:18:20,033 - root - DEBUG - Updating hall of fame
2020-07-31 10:18:20,403 - root - INFO - Completed generation 190; 1.6s elapsed, 1.8s avg, 3.4e+02s total. Expected time remaining: 1.8e+01s
2020-07-31 10:18:20,452 - root - INFO - #190 MAX:accuracy.mean: 0.61
2020-07-31 10:18:20,617 - root - DEBUG - Sampled weight [1.10216493 1.26630737 0.77286925 0.41567411 1.65009949]
2020-07-31 10:18:21,782 - root - DEBUG - Updating hall of fame
2020-07-31 10:18:22,388 - root - INFO - Completed generation 191; 1.8s elapsed, 1.8s avg, 3.4e+02s total. Expected time remaining: 1.6e+01s
2020-07-31 10:18:22,437 - root - INFO - #191 MAX:accuracy.mean: 0.61
2020-07-31 10:18:22,479 - root - DEBUG - Sampled weight [1.1275868  0.50876471 1.75399932 2.08358086 0.55526793]
2020-07-31 10:18:23,613 - root - DEBUG - Updating hall of fame
2020-07-31 10:18:24,219 - root - INFO - Completed generation 192; 1.8s elapsed, 1.8s avg, 3.5e+02s total. Expected time remaining: 1.4e+01s
2020-07-31 10:18:24,268 - root - INFO - #192 MAX:accuracy.mean: 0.58
2020-07-31 10:18:24,311 - root - DEBUG - Sampled weight [3.18599038 0.72361682 0.9047092  1.0012213  1.49657146]
2020-07-31 10:18:25,505 - root - DEBUG - Updating hall of fame
2020-07-31 10:18:26,156 - root - INFO - Completed generation 193; 1.9s elapsed, 1.8s avg, 3.5e+02s total. Expected time remaining: 1.3e+01s
2020-07-31 10:18:26,205 - root - INFO - #193 MAX:accuracy.mean: 0.65
2020-07-31 10:18:26,250 - root - DEBUG - Sampled weight [1.54295199 1.75816122 1.59819307 1.84108823 1.56062064]
2020-07-31 10:18:27,409 - root - DEBUG - Updating hall of fame
2020-07-31 10:18:28,059 - root - INFO - Completed generation 194; 1.9s elapsed, 1.8s avg, 3.5e+02s total. Expected time remaining: 1.1e+01s
2020-07-31 10:18:28,108 - root - INFO - #194 MAX:accuracy.mean: 0.67
2020-07-31 10:18:28,152 - root - DEBUG - Sampled weight [1.02408062 1.4904775  1.55641932 0.45265399 0.78996346]
2020-07-31 10:18:29,325 - root - DEBUG - Updating hall of fame
2020-07-31 10:18:29,562 - root - INFO - Completed generation 195; 1.5s elapsed, 1.8s avg, 3.5e+02s total. Expected time remaining: 9.0s
2020-07-31 10:18:29,611 - root - INFO - #195 MAX:accuracy.mean: 0.62
2020-07-31 10:18:29,653 - root - DEBUG - Sampled weight [2.14753364 1.40369745 0.91142685 0.64364831 0.71919456]
2020-07-31 10:18:30,819 - root - DEBUG - Updating hall of fame
2020-07-31 10:18:31,007 - root - INFO - Completed generation 196; 1.4s elapsed, 1.8s avg, 3.5e+02s total. Expected time remaining: 7.2s
2020-07-31 10:18:31,056 - root - INFO - #196 MAX:accuracy.mean: 0.66
2020-07-31 10:18:31,097 - root - DEBUG - Sampled weight [1.10961992 0.78499034 1.29664661 0.86919298 0.34506434]
2020-07-31 10:18:32,244 - root - DEBUG - Updating hall of fame
2020-07-31 10:18:32,851 - root - INFO - Completed generation 197; 1.8s elapsed, 1.8s avg, 3.5e+02s total. Expected time remaining: 5.4s
2020-07-31 10:18:32,900 - root - INFO - #197 MAX:accuracy.mean: 0.57
2020-07-31 10:18:32,943 - root - DEBUG - Sampled weight [1.39534899 0.55898685 2.65623376 0.88825731 2.08159871]
2020-07-31 10:18:34,151 - root - DEBUG - Updating hall of fame
2020-07-31 10:18:34,807 - root - INFO - Completed generation 198; 1.9s elapsed, 1.8s avg, 3.6e+02s total. Expected time remaining: 3.6s
2020-07-31 10:18:34,856 - root - INFO - #198 MAX:accuracy.mean: 0.65
2020-07-31 10:18:34,898 - root - DEBUG - Sampled weight [0.33580785 1.73268619 1.5997266  0.59850984 0.85353928]
2020-07-31 10:18:36,043 - root - DEBUG - Updating hall of fame
2020-07-31 10:18:36,651 - root - INFO - Completed generation 199; 1.8s elapsed, 1.8s avg, 3.6e+02s total. Expected time remaining: 1.8s
2020-07-31 10:18:36,700 - root - INFO - #199 MAX:accuracy.mean: 0.58
2020-07-31 10:18:36,744 - root - DEBUG - Sampled weight [0.91360129 0.67598946 1.19365123 0.3747818  0.89126337]
2020-07-31 10:18:37,967 - root - DEBUG - Updating hall of fame
2020-07-31 10:18:38,623 - root - INFO - Completed generation 200; 1.9s elapsed, 1.8s avg, 3.6e+02s total. Expected time remaining: 0.0s
2020-07-31 10:18:38,673 - root - INFO - #200 MAX:accuracy.mean: 0.63
2020-07-31 10:18:38,943 - root - DEBUG - Loaded 150 samples.
2020-07-31 10:18:38,946 - root - INFO - Evaluating indivs in hall of fame.
2020-07-31 10:18:40,975 - root - INFO - Completed excution.
