2020-07-28 03:15:18,223 - root - INFO - Package version 0.1.1
2020-07-28 03:15:18,223 - root - INFO - Saving data at /vol/fob-vol1/mi15/plonerma/Lab/rewann/data/2020-07-28_Iris [1, 2, 3, 7, 8, 10]; lognormal 0,0.5; signed: True_000.
2020-07-28 03:15:18,223 - root - DEBUG - Loading training dataset
2020-07-28 03:15:18,299 - root - DEBUG - Loaded 150 samples.
2020-07-28 03:15:18,300 - root - DEBUG - Running experiments with the following parameters:
debug = true
experiment_name = "Iris [1, 2, 3, 7, 8, 10]; lognormal 0,0.5; signed: True"
experiment_path = "data/2020-07-28_Iris [1, 2, 3, 7, 8, 10]; lognormal 0,0.5; signed: True_000"

[config]
num_workers = 1
debug = true
backend = "numpy"

[postopt]
run_postopt = true
compile_report = false
num_weights = 100
num_samples = -1

[sampling]
seed = 0
post_init_seed = false
distribution = "lognormal"
lower_bound = -2
upper_bound = 2
mean = 0
sigma = 0.5
num_weights_per_iteration = 5
num_samples_per_iteration = -1
hof_evaluation_iterations = 20

[task]
name = "iris"
sample_order_seed = 0
test_portion = 0.2
sample_length = 10
num_categories = 8

[storage]
data_base_path = "data"
log_filename = "execution.log"
commit_elite_freq = -1
commit_metrics_freq = 10

[population]
num_generations = 200
size = 100
initial_enabled_edge_prob = 0.05
initial_genes = "full"
hof_size = 10
enable_edge_signs = true
enabled_activation_funcs = [ 1, 2, 3, 7, 8, 10,]

[selection]
use_tournaments = true
elite_ratio = 0.1
culling_ratio = 0.2
tournament_size = 5
objectives = [ "-log_loss.min", "-log_loss.mean", "-n_hidden",]
recorded_metrics = [ "accuracy", "kappa", "log_loss",]
hof_metric = "accuracy.mean"

[mutation.new_edge]
probability = 0.2
strategy = "layer_agnostic"
propability = 0.2

[mutation.new_node]
probability = 0.25
propability = 0.3

[mutation.reenable_edge]
probability = 0.05
propability = 0.1

[mutation.change_activation]
probability = 0.5
propability = 0.4

[mutation.change_edge_sign]
probability = 0.2

[mutation.new_recurrent_edge]
probability = 0.2
strategy = "any"

2020-07-28 03:15:18,310 - root - INFO - Starting evolutionary algorithm
2020-07-28 03:15:18,337 - root - DEBUG - Sampled weight [0.71894433 1.11238747 1.34943325 0.87971398 1.25909998]
2020-07-28 03:15:19,467 - root - DEBUG - Updating hall of fame
2020-07-28 03:15:21,420 - root - INFO - Completed generation 1; 3.1s elapsed, 3.1s avg, 3.1s total. Expected time remaining: 6.2e+02s
2020-07-28 03:15:21,478 - root - INFO - #1 MAX:accuracy.mean: 0.34
2020-07-28 03:15:21,521 - root - DEBUG - Sampled weight [2.33654476 0.75329263 0.60554108 1.09124014 1.63421651]
2020-07-28 03:15:22,598 - root - DEBUG - Updating hall of fame
2020-07-28 03:15:24,456 - root - INFO - Completed generation 2; 3.0s elapsed, 3.0s avg, 6.1s total. Expected time remaining: 6e+02s
2020-07-28 03:15:24,510 - root - INFO - #2 MAX:accuracy.mean: 0.65
2020-07-28 03:15:24,552 - root - DEBUG - Sampled weight [0.92793392 1.38684214 0.40670763 0.59072736 1.79754284]
2020-07-28 03:15:25,624 - root - DEBUG - Updating hall of fame
2020-07-28 03:15:27,501 - root - INFO - Completed generation 3; 3.0s elapsed, 3.0s avg, 9.1s total. Expected time remaining: 6e+02s
2020-07-28 03:15:27,556 - root - INFO - #3 MAX:accuracy.mean: 0.65
2020-07-28 03:15:27,599 - root - DEBUG - Sampled weight [1.19029092 0.45071514 1.66393711 1.02515376 0.44891381]
2020-07-28 03:15:28,673 - root - DEBUG - Updating hall of fame
2020-07-28 03:15:30,539 - root - INFO - Completed generation 4; 3.0s elapsed, 3.0s avg, 1.2e+01s total. Expected time remaining: 5.9e+02s
2020-07-28 03:15:30,593 - root - INFO - #4 MAX:accuracy.mean: 0.65
2020-07-28 03:15:30,635 - root - DEBUG - Sampled weight [1.13353051 0.59269548 3.96987148 0.78293409 0.87994971]
2020-07-28 03:15:31,715 - root - DEBUG - Updating hall of fame
2020-07-28 03:15:33,606 - root - INFO - Completed generation 5; 3.0s elapsed, 3.0s avg, 1.5e+01s total. Expected time remaining: 5.9e+02s
2020-07-28 03:15:33,660 - root - INFO - #5 MAX:accuracy.mean: 0.64
2020-07-28 03:15:33,704 - root - DEBUG - Sampled weight [0.97283637 1.55331363 0.76673604 0.72266268 0.88923973]
2020-07-28 03:15:34,787 - root - DEBUG - Updating hall of fame
2020-07-28 03:15:36,111 - root - INFO - Completed generation 6; 2.5s elapsed, 2.9s avg, 1.8e+01s total. Expected time remaining: 5.7e+02s
2020-07-28 03:15:36,166 - root - INFO - #6 MAX:accuracy.mean: 0.64
2020-07-28 03:15:36,207 - root - DEBUG - Sampled weight [1.04306293 1.12182512 2.20654499 0.60896711 0.65907856]
2020-07-28 03:15:37,288 - root - DEBUG - Updating hall of fame
2020-07-28 03:15:38,785 - root - INFO - Completed generation 7; 2.6s elapsed, 2.9s avg, 2e+01s total. Expected time remaining: 5.6e+02s
2020-07-28 03:15:38,840 - root - INFO - #7 MAX:accuracy.mean: 0.65
2020-07-28 03:15:38,882 - root - DEBUG - Sampled weight [0.54763173 0.66035115 1.8225433  1.20848092 1.73589855]
2020-07-28 03:15:39,967 - root - DEBUG - Updating hall of fame
2020-07-28 03:15:40,530 - root - INFO - Completed generation 8; 1.7s elapsed, 2.7s avg, 2.2e+01s total. Expected time remaining: 5.2e+02s
2020-07-28 03:15:40,585 - root - INFO - #8 MAX:accuracy.mean: 0.64
2020-07-28 03:15:40,627 - root - DEBUG - Sampled weight [0.30851363 1.12593989 1.79389101 0.45034239 2.04406568]
2020-07-28 03:15:41,712 - root - DEBUG - Updating hall of fame
2020-07-28 03:15:42,485 - root - INFO - Completed generation 9; 1.9s elapsed, 2.6s avg, 2.4e+01s total. Expected time remaining: 5e+02s
2020-07-28 03:15:42,539 - root - INFO - #9 MAX:accuracy.mean: 0.64
2020-07-28 03:15:42,581 - root - DEBUG - Sampled weight [1.50977865 0.37930727 0.53929537 0.97005028 1.06550644]
2020-07-28 03:15:43,664 - root - DEBUG - Updating hall of fame
2020-07-28 03:15:44,049 - root - INFO - Completed generation 10; 1.5s elapsed, 2.5s avg, 2.5e+01s total. Expected time remaining: 4.8e+02s
2020-07-28 03:15:44,104 - root - INFO - #10 MAX:accuracy.mean: 0.63
2020-07-28 03:15:44,194 - root - DEBUG - Sampled weight [0.66415459 0.50951955 0.93796692 1.08322762 1.35715089]
2020-07-28 03:15:45,278 - root - DEBUG - Updating hall of fame
2020-07-28 03:15:46,216 - root - INFO - Completed generation 11; 2.1s elapsed, 2.5s avg, 2.7e+01s total. Expected time remaining: 4.7e+02s
2020-07-28 03:15:46,270 - root - INFO - #11 MAX:accuracy.mean: 0.64
2020-07-28 03:15:46,312 - root - DEBUG - Sampled weight [2.69565585 1.6579549  1.41787115 0.80645832 1.63799806]
2020-07-28 03:15:47,397 - root - DEBUG - Updating hall of fame
2020-07-28 03:15:48,525 - root - INFO - Completed generation 12; 2.3s elapsed, 2.5s avg, 3e+01s total. Expected time remaining: 4.6e+02s
2020-07-28 03:15:48,580 - root - INFO - #12 MAX:accuracy.mean: 0.55
2020-07-28 03:15:48,621 - root - DEBUG - Sampled weight [1.65986929 0.92381504 0.84834019 0.58617078 0.7500794 ]
2020-07-28 03:15:49,701 - root - DEBUG - Updating hall of fame
2020-07-28 03:15:50,267 - root - INFO - Completed generation 13; 1.7s elapsed, 2.4s avg, 3.1e+01s total. Expected time remaining: 4.5e+02s
2020-07-28 03:15:50,324 - root - INFO - #13 MAX:accuracy.mean: 0.66
2020-07-28 03:15:50,369 - root - DEBUG - Sampled weight [0.63761118 0.40487161 1.4665869  0.50537115 1.07395051]
2020-07-28 03:15:51,492 - root - DEBUG - Updating hall of fame
2020-07-28 03:15:52,641 - root - INFO - Completed generation 14; 2.3s elapsed, 2.4s avg, 3.4e+01s total. Expected time remaining: 4.5e+02s
2020-07-28 03:15:52,698 - root - INFO - #14 MAX:accuracy.mean: 0.64
2020-07-28 03:15:52,739 - root - DEBUG - Sampled weight [0.69994383 0.87821898 0.81925452 0.51591959 2.89117552]
2020-07-28 03:15:53,826 - root - DEBUG - Updating hall of fame
2020-07-28 03:15:54,577 - root - INFO - Completed generation 15; 1.9s elapsed, 2.4s avg, 3.5e+01s total. Expected time remaining: 4.4e+02s
2020-07-28 03:15:54,631 - root - INFO - #15 MAX:accuracy.mean: 0.65
2020-07-28 03:15:54,673 - root - DEBUG - Sampled weight [0.74938494 0.88093095 0.5490354  0.59551226 0.83029031]
2020-07-28 03:15:55,760 - root - DEBUG - Updating hall of fame
2020-07-28 03:15:56,698 - root - INFO - Completed generation 16; 2.1s elapsed, 2.3s avg, 3.8e+01s total. Expected time remaining: 4.3e+02s
2020-07-28 03:15:56,753 - root - INFO - #16 MAX:accuracy.mean: 0.67
2020-07-28 03:15:56,795 - root - DEBUG - Sampled weight [1.91536047 1.17216155 0.80237019 0.74505809 0.66727354]
2020-07-28 03:15:57,886 - root - DEBUG - Updating hall of fame
2020-07-28 03:15:59,396 - root - INFO - Completed generation 17; 2.6s elapsed, 2.4s avg, 4e+01s total. Expected time remaining: 4.3e+02s
2020-07-28 03:15:59,452 - root - INFO - #17 MAX:accuracy.mean: 0.66
2020-07-28 03:15:59,493 - root - DEBUG - Sampled weight [1.5555283  1.51109585 1.84706911 0.96758268 1.27033866]
2020-07-28 03:16:00,581 - root - DEBUG - Updating hall of fame
2020-07-28 03:16:00,770 - root - INFO - Completed generation 18; 1.3s elapsed, 2.3s avg, 4.1e+01s total. Expected time remaining: 4.2e+02s
2020-07-28 03:16:00,825 - root - INFO - #18 MAX:accuracy.mean: 0.65
2020-07-28 03:16:00,867 - root - DEBUG - Sampled weight [1.24082313 1.09650623 1.12333683 1.05630763 0.6046563 ]
2020-07-28 03:16:01,953 - root - DEBUG - Updating hall of fame
2020-07-28 03:16:02,742 - root - INFO - Completed generation 19; 1.9s elapsed, 2.3s avg, 4.3e+01s total. Expected time remaining: 4.1e+02s
2020-07-28 03:16:02,798 - root - INFO - #19 MAX:accuracy.mean: 0.67
2020-07-28 03:16:02,842 - root - DEBUG - Sampled weight [0.81100067 0.98096369 1.2606635  0.4505753  0.84926173]
2020-07-28 03:16:03,933 - root - DEBUG - Updating hall of fame
2020-07-28 03:16:04,687 - root - INFO - Completed generation 20; 1.9s elapsed, 2.3s avg, 4.5e+01s total. Expected time remaining: 4.1e+02s
2020-07-28 03:16:04,743 - root - INFO - #20 MAX:accuracy.mean: 0.67
2020-07-28 03:16:04,826 - root - DEBUG - Sampled weight [4.04346414 0.49571366 0.32587964 1.01912394 2.43827597]
2020-07-28 03:16:05,922 - root - DEBUG - Updating hall of fame
2020-07-28 03:16:06,874 - root - INFO - Completed generation 21; 2.1s elapsed, 2.3s avg, 4.7e+01s total. Expected time remaining: 4e+02s
2020-07-28 03:16:06,929 - root - INFO - #21 MAX:accuracy.mean: 0.61
2020-07-28 03:16:06,971 - root - DEBUG - Sampled weight [0.45491725 0.78212717 0.30901623 1.03714816 0.43090799]
2020-07-28 03:16:08,066 - root - DEBUG - Updating hall of fame
2020-07-28 03:16:08,066 - root - INFO - Completed generation 22; 1.1s elapsed, 2.2s avg, 4.9e+01s total. Expected time remaining: 3.9e+02s
2020-07-28 03:16:08,121 - root - INFO - #22 MAX:accuracy.mean: 0.62
2020-07-28 03:16:08,163 - root - DEBUG - Sampled weight [1.96220935 0.81103651 0.56276545 0.67703743 1.5899294 ]
2020-07-28 03:16:09,261 - root - DEBUG - Updating hall of fame
2020-07-28 03:16:09,453 - root - INFO - Completed generation 23; 1.3s elapsed, 2.2s avg, 5e+01s total. Expected time remaining: 3.8e+02s
2020-07-28 03:16:09,508 - root - INFO - #23 MAX:accuracy.mean: 0.66
2020-07-28 03:16:09,550 - root - DEBUG - Sampled weight [1.00655633 0.95346837 1.21372208 2.22747667 0.49404767]
2020-07-28 03:16:10,645 - root - DEBUG - Updating hall of fame
2020-07-28 03:16:11,590 - root - INFO - Completed generation 24; 2.1s elapsed, 2.2s avg, 5.2e+01s total. Expected time remaining: 3.8e+02s
2020-07-28 03:16:11,646 - root - INFO - #24 MAX:accuracy.mean: 0.66
2020-07-28 03:16:11,688 - root - DEBUG - Sampled weight [1.01716695 0.91290731 0.55073829 0.88115351 0.49013972]
2020-07-28 03:16:12,784 - root - DEBUG - Updating hall of fame
2020-07-28 03:16:12,785 - root - INFO - Completed generation 25; 1.1s elapsed, 2.1s avg, 5.3e+01s total. Expected time remaining: 3.7e+02s
2020-07-28 03:16:12,839 - root - INFO - #25 MAX:accuracy.mean: 0.67
2020-07-28 03:16:12,881 - root - DEBUG - Sampled weight [1.56460704 1.07120935 0.58082504 0.47246457 0.70325168]
2020-07-28 03:16:13,974 - root - DEBUG - Updating hall of fame
2020-07-28 03:16:14,543 - root - INFO - Completed generation 26; 1.7s elapsed, 2.1s avg, 5.5e+01s total. Expected time remaining: 3.7e+02s
2020-07-28 03:16:14,598 - root - INFO - #26 MAX:accuracy.mean: 0.66
2020-07-28 03:16:14,641 - root - DEBUG - Sampled weight [0.36328138 1.08245277 0.79239773 1.27779082 1.78486617]
2020-07-28 03:16:15,733 - root - DEBUG - Updating hall of fame
2020-07-28 03:16:15,925 - root - INFO - Completed generation 27; 1.3s elapsed, 2.1s avg, 5.6e+01s total. Expected time remaining: 3.6e+02s
2020-07-28 03:16:15,980 - root - INFO - #27 MAX:accuracy.mean: 0.66
2020-07-28 03:16:16,021 - root - DEBUG - Sampled weight [0.79640986 0.58020428 0.79614382 0.85782788 0.65939698]
2020-07-28 03:16:17,116 - root - DEBUG - Updating hall of fame
2020-07-28 03:16:17,681 - root - INFO - Completed generation 28; 1.7s elapsed, 2.1s avg, 5.8e+01s total. Expected time remaining: 3.5e+02s
2020-07-28 03:16:17,735 - root - INFO - #28 MAX:accuracy.mean: 0.67
2020-07-28 03:16:17,777 - root - DEBUG - Sampled weight [0.72572758 0.5066669  1.03803712 3.80875294 0.48733711]
2020-07-28 03:16:18,872 - root - DEBUG - Updating hall of fame
2020-07-28 03:16:19,813 - root - INFO - Completed generation 29; 2.1s elapsed, 2.1s avg, 6e+01s total. Expected time remaining: 3.5e+02s
2020-07-28 03:16:19,867 - root - INFO - #29 MAX:accuracy.mean: 0.63
2020-07-28 03:16:19,909 - root - DEBUG - Sampled weight [0.80095015 1.60542351 0.95133266 0.95860208 1.34554235]
2020-07-28 03:16:21,007 - root - DEBUG - Updating hall of fame
2020-07-28 03:16:21,387 - root - INFO - Completed generation 30; 1.5s elapsed, 2.0s avg, 6.1e+01s total. Expected time remaining: 3.5e+02s
2020-07-28 03:16:21,441 - root - INFO - #30 MAX:accuracy.mean: 0.66
2020-07-28 03:16:21,528 - root - DEBUG - Sampled weight [1.11892286 0.89071029 0.64776794 1.10488481 0.98120912]
2020-07-28 03:16:22,621 - root - DEBUG - Updating hall of fame
2020-07-28 03:16:23,563 - root - INFO - Completed generation 31; 2.1s elapsed, 2.0s avg, 6.3e+01s total. Expected time remaining: 3.5e+02s
2020-07-28 03:16:23,619 - root - INFO - #31 MAX:accuracy.mean: 0.67
2020-07-28 03:16:23,661 - root - DEBUG - Sampled weight [1.63335542 2.3239622  1.47556155 1.24497207 0.39645128]
2020-07-28 03:16:24,756 - root - DEBUG - Updating hall of fame
2020-07-28 03:16:25,511 - root - INFO - Completed generation 32; 1.9s elapsed, 2.0s avg, 6.5e+01s total. Expected time remaining: 3.4e+02s
2020-07-28 03:16:25,566 - root - INFO - #32 MAX:accuracy.mean: 0.71
2020-07-28 03:16:25,608 - root - DEBUG - Sampled weight [1.57344705 0.82414883 0.38358007 0.70263039 2.1760364 ]
2020-07-28 03:16:26,705 - root - DEBUG - Updating hall of fame
2020-07-28 03:16:26,705 - root - INFO - Completed generation 33; 1.1s elapsed, 2.0s avg, 6.6e+01s total. Expected time remaining: 3.4e+02s
2020-07-28 03:16:26,759 - root - INFO - #33 MAX:accuracy.mean: 0.68
2020-07-28 03:16:26,802 - root - DEBUG - Sampled weight [1.32922585 0.34830271 2.386597   0.73535205 0.71888174]
2020-07-28 03:16:27,895 - root - DEBUG - Updating hall of fame
2020-07-28 03:16:28,274 - root - INFO - Completed generation 34; 1.5s elapsed, 2.0s avg, 6.8e+01s total. Expected time remaining: 3.3e+02s
2020-07-28 03:16:28,328 - root - INFO - #34 MAX:accuracy.mean: 0.82
2020-07-28 03:16:28,371 - root - DEBUG - Sampled weight [0.94092895 0.68586586 0.35146537 1.0086895  0.85956086]
2020-07-28 03:16:29,469 - root - DEBUG - Updating hall of fame
2020-07-28 03:16:29,856 - root - INFO - Completed generation 35; 1.5s elapsed, 2.0s avg, 7e+01s total. Expected time remaining: 3.3e+02s
2020-07-28 03:16:29,911 - root - INFO - #35 MAX:accuracy.mean: 0.89
2020-07-28 03:16:29,953 - root - DEBUG - Sampled weight [1.88057066 0.96308591 2.32158405 0.68716562 1.87820782]
2020-07-28 03:16:31,049 - root - DEBUG - Updating hall of fame
2020-07-28 03:16:31,809 - root - INFO - Completed generation 36; 1.9s elapsed, 2.0s avg, 7.1e+01s total. Expected time remaining: 3.3e+02s
2020-07-28 03:16:31,864 - root - INFO - #36 MAX:accuracy.mean: 0.65
2020-07-28 03:16:31,906 - root - DEBUG - Sampled weight [1.09112907 3.46631241 0.91155754 0.83282935 0.46790794]
2020-07-28 03:16:33,037 - root - DEBUG - Updating hall of fame
2020-07-28 03:16:33,622 - root - INFO - Completed generation 37; 1.8s elapsed, 2.0s avg, 7.3e+01s total. Expected time remaining: 3.2e+02s
2020-07-28 03:16:33,678 - root - INFO - #37 MAX:accuracy.mean: 0.75
2020-07-28 03:16:33,721 - root - DEBUG - Sampled weight [0.53470369 0.73531122 1.10434534 1.15766526 1.04934517]
2020-07-28 03:16:34,833 - root - DEBUG - Updating hall of fame
2020-07-28 03:16:35,611 - root - INFO - Completed generation 38; 1.9s elapsed, 2.0s avg, 7.5e+01s total. Expected time remaining: 3.2e+02s
2020-07-28 03:16:35,726 - root - INFO - #38 MAX:accuracy.mean: 0.72
2020-07-28 03:16:35,769 - root - DEBUG - Sampled weight [1.87225391 0.74839353 1.51687611 1.90819664 2.98299729]
2020-07-28 03:16:36,878 - root - DEBUG - Updating hall of fame
2020-07-28 03:16:37,843 - root - INFO - Completed generation 39; 2.1s elapsed, 2.0s avg, 7.7e+01s total. Expected time remaining: 3.2e+02s
2020-07-28 03:16:37,899 - root - INFO - #39 MAX:accuracy.mean: 0.77
2020-07-28 03:16:37,940 - root - DEBUG - Sampled weight [0.36421902 1.50471771 0.58291012 2.53810661 1.02347017]
2020-07-28 03:16:39,044 - root - DEBUG - Updating hall of fame
2020-07-28 03:16:39,250 - root - INFO - Completed generation 40; 1.4s elapsed, 2.0s avg, 7.9e+01s total. Expected time remaining: 3.1e+02s
2020-07-28 03:16:39,305 - root - INFO - #40 MAX:accuracy.mean: 0.71
2020-07-28 03:16:39,392 - root - DEBUG - Sampled weight [0.95006818 1.2454364  1.93081504 0.91929873 1.26700311]
2020-07-28 03:16:40,500 - root - DEBUG - Updating hall of fame
2020-07-28 03:16:40,703 - root - INFO - Completed generation 41; 1.4s elapsed, 1.9s avg, 8e+01s total. Expected time remaining: 3.1e+02s
2020-07-28 03:16:40,758 - root - INFO - #41 MAX:accuracy.mean: 0.66
2020-07-28 03:16:40,800 - root - DEBUG - Sampled weight [0.77479576 1.08981262 0.40667637 1.20158419 1.10175862]
2020-07-28 03:16:41,912 - root - DEBUG - Updating hall of fame
2020-07-28 03:16:42,298 - root - INFO - Completed generation 42; 1.5s elapsed, 1.9s avg, 8.1e+01s total. Expected time remaining: 3.1e+02s
2020-07-28 03:16:42,354 - root - INFO - #42 MAX:accuracy.mean: 0.91
2020-07-28 03:16:42,396 - root - DEBUG - Sampled weight [0.52405266 1.52967286 1.20357564 2.01484367 0.78882707]
2020-07-28 03:16:43,496 - root - DEBUG - Updating hall of fame
2020-07-28 03:16:44,263 - root - INFO - Completed generation 43; 1.9s elapsed, 1.9s avg, 8.3e+01s total. Expected time remaining: 3e+02s
2020-07-28 03:16:44,318 - root - INFO - #43 MAX:accuracy.mean: 0.86
2020-07-28 03:16:44,362 - root - DEBUG - Sampled weight [1.19342809 1.51747214 0.39653248 2.06771013 1.52668024]
2020-07-28 03:16:45,473 - root - DEBUG - Updating hall of fame
2020-07-28 03:16:46,277 - root - INFO - Completed generation 44; 2.0s elapsed, 1.9s avg, 8.5e+01s total. Expected time remaining: 3e+02s
2020-07-28 03:16:46,331 - root - INFO - #44 MAX:accuracy.mean: 0.79
2020-07-28 03:16:46,373 - root - DEBUG - Sampled weight [0.87501638 1.22521553 0.57126337 0.93347309 2.88715305]
2020-07-28 03:16:47,482 - root - DEBUG - Updating hall of fame
2020-07-28 03:16:48,088 - root - INFO - Completed generation 45; 1.8s elapsed, 1.9s avg, 8.7e+01s total. Expected time remaining: 3e+02s
2020-07-28 03:16:48,143 - root - INFO - #45 MAX:accuracy.mean: 0.66
2020-07-28 03:16:48,185 - root - DEBUG - Sampled weight [1.04244914 1.3549766  1.18809886 1.60573757 0.99994067]
2020-07-28 03:16:49,291 - root - DEBUG - Updating hall of fame
2020-07-28 03:16:49,903 - root - INFO - Completed generation 46; 1.8s elapsed, 1.9s avg, 8.9e+01s total. Expected time remaining: 3e+02s
2020-07-28 03:16:49,958 - root - INFO - #46 MAX:accuracy.mean: 0.91
2020-07-28 03:16:50,000 - root - DEBUG - Sampled weight [0.96532069 1.73249755 0.89306217 1.17835606 1.70782704]
2020-07-28 03:16:51,117 - root - DEBUG - Updating hall of fame
2020-07-28 03:16:51,904 - root - INFO - Completed generation 47; 1.9s elapsed, 1.9s avg, 9.1e+01s total. Expected time remaining: 3e+02s
2020-07-28 03:16:51,959 - root - INFO - #47 MAX:accuracy.mean: 0.66
2020-07-28 03:16:52,001 - root - DEBUG - Sampled weight [1.57593715 2.35803014 0.8570537  0.67516669 0.40614686]
2020-07-28 03:16:53,113 - root - DEBUG - Updating hall of fame
2020-07-28 03:16:53,708 - root - INFO - Completed generation 48; 1.7s elapsed, 1.9s avg, 9.3e+01s total. Expected time remaining: 2.9e+02s
2020-07-28 03:16:53,763 - root - INFO - #48 MAX:accuracy.mean: 0.75
2020-07-28 03:16:53,806 - root - DEBUG - Sampled weight [1.27749725 0.63821268 1.07177418 0.30192921 0.59181317]
2020-07-28 03:16:54,913 - root - DEBUG - Updating hall of fame
2020-07-28 03:16:55,515 - root - INFO - Completed generation 49; 1.8s elapsed, 1.9s avg, 9.4e+01s total. Expected time remaining: 2.9e+02s
2020-07-28 03:16:55,570 - root - INFO - #49 MAX:accuracy.mean: 0.68
2020-07-28 03:16:55,612 - root - DEBUG - Sampled weight [0.54095702 1.20046766 1.70247288 1.16895102 1.07288328]
2020-07-28 03:16:56,720 - root - DEBUG - Updating hall of fame
2020-07-28 03:16:57,297 - root - INFO - Completed generation 50; 1.7s elapsed, 1.9s avg, 9.6e+01s total. Expected time remaining: 2.9e+02s
2020-07-28 03:16:57,352 - root - INFO - #50 MAX:accuracy.mean: 0.73
2020-07-28 03:16:57,439 - root - DEBUG - Sampled weight [2.43338843 1.52714676 1.86805653 0.91832883 0.79553802]
2020-07-28 03:16:58,556 - root - DEBUG - Updating hall of fame
2020-07-28 03:16:59,325 - root - INFO - Completed generation 51; 1.9s elapsed, 1.9s avg, 9.8e+01s total. Expected time remaining: 2.9e+02s
2020-07-28 03:16:59,380 - root - INFO - #51 MAX:accuracy.mean: 0.65
2020-07-28 03:16:59,423 - root - DEBUG - Sampled weight [0.99970166 0.3760643  0.74015991 0.84766903 0.94780909]
2020-07-28 03:17:00,545 - root - DEBUG - Updating hall of fame
2020-07-28 03:17:01,134 - root - INFO - Completed generation 52; 1.8s elapsed, 1.9s avg, 1e+02s total. Expected time remaining: 2.8e+02s
2020-07-28 03:17:01,190 - root - INFO - #52 MAX:accuracy.mean: 0.84
2020-07-28 03:17:01,232 - root - DEBUG - Sampled weight [1.55416091 1.61670807 0.98289095 0.95904785 0.8101751 ]
2020-07-28 03:17:02,433 - root - DEBUG - Updating hall of fame
2020-07-28 03:17:03,039 - root - INFO - Completed generation 53; 1.8s elapsed, 1.9s avg, 1e+02s total. Expected time remaining: 2.8e+02s
2020-07-28 03:17:03,095 - root - INFO - #53 MAX:accuracy.mean: 0.71
2020-07-28 03:17:03,139 - root - DEBUG - Sampled weight [0.98678274 4.95108608 0.94119923 0.86605512 1.02519255]
2020-07-28 03:17:04,290 - root - DEBUG - Updating hall of fame
2020-07-28 03:17:05,270 - root - INFO - Completed generation 54; 2.2s elapsed, 1.9s avg, 1e+02s total. Expected time remaining: 2.8e+02s
2020-07-28 03:17:05,327 - root - INFO - #54 MAX:accuracy.mean: 0.74
2020-07-28 03:17:05,370 - root - DEBUG - Sampled weight [1.49529751 0.644183   1.54642443 0.68745581 1.07650871]
2020-07-28 03:17:06,484 - root - DEBUG - Updating hall of fame
2020-07-28 03:17:07,256 - root - INFO - Completed generation 55; 1.9s elapsed, 1.9s avg, 1.1e+02s total. Expected time remaining: 2.8e+02s
2020-07-28 03:17:07,311 - root - INFO - #55 MAX:accuracy.mean: 0.66
2020-07-28 03:17:07,355 - root - DEBUG - Sampled weight [1.89573754 0.59578117 0.79908004 0.48240621 1.54322632]
2020-07-28 03:17:08,505 - root - DEBUG - Updating hall of fame
2020-07-28 03:17:09,295 - root - INFO - Completed generation 56; 2.0s elapsed, 1.9s avg, 1.1e+02s total. Expected time remaining: 2.8e+02s
2020-07-28 03:17:09,350 - root - INFO - #56 MAX:accuracy.mean: 0.86
2020-07-28 03:17:09,393 - root - DEBUG - Sampled weight [0.84014659 1.00361683 0.6769538  1.44751891 0.84113137]
2020-07-28 03:17:10,527 - root - DEBUG - Updating hall of fame
2020-07-28 03:17:10,921 - root - INFO - Completed generation 57; 1.6s elapsed, 1.9s avg, 1.1e+02s total. Expected time remaining: 2.7e+02s
2020-07-28 03:17:10,976 - root - INFO - #57 MAX:accuracy.mean: 0.67
2020-07-28 03:17:11,019 - root - DEBUG - Sampled weight [0.7093806  1.30490749 0.74011068 0.53758101 1.20194634]
2020-07-28 03:17:12,142 - root - DEBUG - Updating hall of fame
2020-07-28 03:17:12,925 - root - INFO - Completed generation 58; 1.9s elapsed, 1.9s avg, 1.1e+02s total. Expected time remaining: 2.7e+02s
2020-07-28 03:17:12,979 - root - INFO - #58 MAX:accuracy.mean: 0.67
2020-07-28 03:17:13,021 - root - DEBUG - Sampled weight [1.3103186  2.19747904 0.73025458 0.8887101  0.51631991]
2020-07-28 03:17:14,152 - root - DEBUG - Updating hall of fame
2020-07-28 03:17:14,753 - root - INFO - Completed generation 59; 1.8s elapsed, 1.9s avg, 1.1e+02s total. Expected time remaining: 2.7e+02s
2020-07-28 03:17:14,808 - root - INFO - #59 MAX:accuracy.mean: 0.65
2020-07-28 03:17:14,850 - root - DEBUG - Sampled weight [1.38657337 0.367295   0.74407072 0.67643953 0.41090231]
2020-07-28 03:17:15,985 - root - DEBUG - Updating hall of fame
2020-07-28 03:17:16,592 - root - INFO - Completed generation 60; 1.8s elapsed, 1.9s avg, 1.1e+02s total. Expected time remaining: 2.7e+02s
2020-07-28 03:17:16,647 - root - INFO - #60 MAX:accuracy.mean: 0.65
2020-07-28 03:17:16,752 - root - DEBUG - Sampled weight [1.45885991 1.31653165 1.06888587 0.61139844 1.49320198]
2020-07-28 03:17:17,886 - root - DEBUG - Updating hall of fame
2020-07-28 03:17:18,322 - root - INFO - Completed generation 61; 1.6s elapsed, 1.9s avg, 1.2e+02s total. Expected time remaining: 2.7e+02s
2020-07-28 03:17:18,377 - root - INFO - #61 MAX:accuracy.mean: 0.66
2020-07-28 03:17:18,420 - root - DEBUG - Sampled weight [0.31953365 0.94290031 0.69150004 0.98598399 0.31256496]
2020-07-28 03:17:19,581 - root - DEBUG - Updating hall of fame
2020-07-28 03:17:20,181 - root - INFO - Completed generation 62; 1.8s elapsed, 1.9s avg, 1.2e+02s total. Expected time remaining: 2.6e+02s
2020-07-28 03:17:20,236 - root - INFO - #62 MAX:accuracy.mean: 0.64
2020-07-28 03:17:20,277 - root - DEBUG - Sampled weight [2.41950673 1.11690881 2.07153818 0.59218551 2.07645806]
2020-07-28 03:17:21,424 - root - DEBUG - Updating hall of fame
2020-07-28 03:17:22,024 - root - INFO - Completed generation 63; 1.8s elapsed, 1.9s avg, 1.2e+02s total. Expected time remaining: 2.6e+02s
2020-07-28 03:17:22,079 - root - INFO - #63 MAX:accuracy.mean: 0.64
2020-07-28 03:17:22,122 - root - DEBUG - Sampled weight [0.77429689 0.86824973 2.80784408 1.09951746 1.40623354]
2020-07-28 03:17:23,267 - root - DEBUG - Updating hall of fame
2020-07-28 03:17:23,267 - root - INFO - Completed generation 64; 1.2s elapsed, 1.9s avg, 1.2e+02s total. Expected time remaining: 2.6e+02s
2020-07-28 03:17:23,322 - root - INFO - #64 MAX:accuracy.mean: 0.66
2020-07-28 03:17:23,365 - root - DEBUG - Sampled weight [1.15879277 1.63534828 1.48976768 2.12519275 0.73834381]
2020-07-28 03:17:24,530 - root - DEBUG - Updating hall of fame
2020-07-28 03:17:24,739 - root - INFO - Completed generation 65; 1.4s elapsed, 1.9s avg, 1.2e+02s total. Expected time remaining: 2.5e+02s
2020-07-28 03:17:24,794 - root - INFO - #65 MAX:accuracy.mean: 0.65
2020-07-28 03:17:24,836 - root - DEBUG - Sampled weight [0.64914565 1.01951592 1.87922065 0.96827395 0.61004648]
2020-07-28 03:17:25,998 - root - DEBUG - Updating hall of fame
2020-07-28 03:17:26,204 - root - INFO - Completed generation 66; 1.4s elapsed, 1.9s avg, 1.2e+02s total. Expected time remaining: 2.5e+02s
2020-07-28 03:17:26,259 - root - INFO - #66 MAX:accuracy.mean: 0.78
2020-07-28 03:17:26,303 - root - DEBUG - Sampled weight [0.65389945 0.73709247 2.48965092 1.64809315 1.15507313]
2020-07-28 03:17:27,468 - root - DEBUG - Updating hall of fame
2020-07-28 03:17:28,069 - root - INFO - Completed generation 67; 1.8s elapsed, 1.9s avg, 1.3e+02s total. Expected time remaining: 2.5e+02s
2020-07-28 03:17:28,124 - root - INFO - #67 MAX:accuracy.mean: 0.65
2020-07-28 03:17:28,167 - root - DEBUG - Sampled weight [0.97394932 1.59221203 1.63834754 0.74459821 1.2642545 ]
2020-07-28 03:17:29,327 - root - DEBUG - Updating hall of fame
2020-07-28 03:17:29,544 - root - INFO - Completed generation 68; 1.4s elapsed, 1.9s avg, 1.3e+02s total. Expected time remaining: 2.5e+02s
2020-07-28 03:17:29,598 - root - INFO - #68 MAX:accuracy.mean: 0.66
2020-07-28 03:17:29,640 - root - DEBUG - Sampled weight [0.66587557 1.17812245 0.66641978 0.58413965 1.18974568]
2020-07-28 03:17:30,776 - root - DEBUG - Updating hall of fame
2020-07-28 03:17:31,357 - root - INFO - Completed generation 69; 1.8s elapsed, 1.9s avg, 1.3e+02s total. Expected time remaining: 2.4e+02s
2020-07-28 03:17:31,411 - root - INFO - #69 MAX:accuracy.mean: 0.77
2020-07-28 03:17:31,455 - root - DEBUG - Sampled weight [0.76743389 0.94754336 0.87843751 1.05008095 0.69813555]
2020-07-28 03:17:32,621 - root - DEBUG - Updating hall of fame
2020-07-28 03:17:33,210 - root - INFO - Completed generation 70; 1.8s elapsed, 1.9s avg, 1.3e+02s total. Expected time remaining: 2.4e+02s
2020-07-28 03:17:33,265 - root - INFO - #70 MAX:accuracy.mean: 0.89
2020-07-28 03:17:33,361 - root - DEBUG - Sampled weight [0.48842482 2.66537247 0.5099803  1.61818247 0.21139395]
2020-07-28 03:17:34,532 - root - DEBUG - Updating hall of fame
2020-07-28 03:17:35,324 - root - INFO - Completed generation 71; 2.0s elapsed, 1.9s avg, 1.3e+02s total. Expected time remaining: 2.4e+02s
2020-07-28 03:17:35,379 - root - INFO - #71 MAX:accuracy.mean: 0.64
2020-07-28 03:17:35,422 - root - DEBUG - Sampled weight [0.93211488 1.42684434 0.63113986 0.63303388 0.70933177]
2020-07-28 03:17:36,568 - root - DEBUG - Updating hall of fame
2020-07-28 03:17:36,568 - root - INFO - Completed generation 72; 1.2s elapsed, 1.9s avg, 1.3e+02s total. Expected time remaining: 2.4e+02s
2020-07-28 03:17:36,623 - root - INFO - #72 MAX:accuracy.mean: 0.73
2020-07-28 03:17:36,667 - root - DEBUG - Sampled weight [1.2160025  1.74533337 0.8488614  1.89620339 0.74344454]
2020-07-28 03:17:37,842 - root - DEBUG - Updating hall of fame
2020-07-28 03:17:38,850 - root - INFO - Completed generation 73; 2.2s elapsed, 1.9s avg, 1.4e+02s total. Expected time remaining: 2.4e+02s
2020-07-28 03:17:38,905 - root - INFO - #73 MAX:accuracy.mean: 0.66
2020-07-28 03:17:38,949 - root - DEBUG - Sampled weight [0.432935   1.53315402 1.22393907 2.0465159  2.68810432]
2020-07-28 03:17:40,101 - root - DEBUG - Updating hall of fame
2020-07-28 03:17:40,314 - root - INFO - Completed generation 74; 1.4s elapsed, 1.9s avg, 1.4e+02s total. Expected time remaining: 2.3e+02s
2020-07-28 03:17:40,369 - root - INFO - #74 MAX:accuracy.mean: 0.64
2020-07-28 03:17:40,410 - root - DEBUG - Sampled weight [1.06917167 1.73561785 1.31540641 0.73048028 2.06207341]
2020-07-28 03:17:41,568 - root - DEBUG - Updating hall of fame
2020-07-28 03:17:41,943 - root - INFO - Completed generation 75; 1.6s elapsed, 1.9s avg, 1.4e+02s total. Expected time remaining: 2.3e+02s
2020-07-28 03:17:41,999 - root - INFO - #75 MAX:accuracy.mean: 0.71
2020-07-28 03:17:42,041 - root - DEBUG - Sampled weight [0.41735092 1.89557632 0.97793109 1.10814246 0.59627195]
2020-07-28 03:17:43,180 - root - DEBUG - Updating hall of fame
2020-07-28 03:17:43,573 - root - INFO - Completed generation 76; 1.6s elapsed, 1.9s avg, 1.4e+02s total. Expected time remaining: 2.3e+02s
2020-07-28 03:17:43,628 - root - INFO - #76 MAX:accuracy.mean: 0.84
2020-07-28 03:17:43,672 - root - DEBUG - Sampled weight [0.71542992 0.91390408 1.47045661 1.3526293  0.37717796]
2020-07-28 03:17:44,836 - root - DEBUG - Updating hall of fame
2020-07-28 03:17:45,026 - root - INFO - Completed generation 77; 1.4s elapsed, 1.8s avg, 1.4e+02s total. Expected time remaining: 2.3e+02s
2020-07-28 03:17:45,083 - root - INFO - #77 MAX:accuracy.mean: 0.68
2020-07-28 03:17:45,126 - root - DEBUG - Sampled weight [1.32148145 1.96613861 2.21829897 0.93609486 1.6872332 ]
2020-07-28 03:17:46,287 - root - DEBUG - Updating hall of fame
2020-07-28 03:17:46,911 - root - INFO - Completed generation 78; 1.8s elapsed, 1.8s avg, 1.4e+02s total. Expected time remaining: 2.3e+02s
2020-07-28 03:17:46,966 - root - INFO - #78 MAX:accuracy.mean: 0.66
2020-07-28 03:17:47,008 - root - DEBUG - Sampled weight [0.39609151 1.45029294 0.69881309 1.44782815 1.7241095 ]
2020-07-28 03:17:48,182 - root - DEBUG - Updating hall of fame
2020-07-28 03:17:48,578 - root - INFO - Completed generation 79; 1.6s elapsed, 1.8s avg, 1.5e+02s total. Expected time remaining: 2.2e+02s
2020-07-28 03:17:48,633 - root - INFO - #79 MAX:accuracy.mean: 0.72
2020-07-28 03:17:48,676 - root - DEBUG - Sampled weight [2.4794722  2.92167321 1.14983604 1.5248439  1.75232878]
2020-07-28 03:17:49,854 - root - DEBUG - Updating hall of fame
2020-07-28 03:17:50,262 - root - INFO - Completed generation 80; 1.6s elapsed, 1.8s avg, 1.5e+02s total. Expected time remaining: 2.2e+02s
2020-07-28 03:17:50,317 - root - INFO - #80 MAX:accuracy.mean: 0.72
2020-07-28 03:17:50,417 - root - DEBUG - Sampled weight [2.2469908  1.35835753 0.79958367 0.95810967 1.58679456]
2020-07-28 03:17:51,570 - root - DEBUG - Updating hall of fame
2020-07-28 03:17:51,757 - root - INFO - Completed generation 81; 1.4s elapsed, 1.8s avg, 1.5e+02s total. Expected time remaining: 2.2e+02s
2020-07-28 03:17:51,813 - root - INFO - #81 MAX:accuracy.mean: 0.65
2020-07-28 03:17:51,855 - root - DEBUG - Sampled weight [0.32209915 0.98092287 1.50604803 0.75835195 0.54539437]
2020-07-28 03:17:52,992 - root - DEBUG - Updating hall of fame
2020-07-28 03:17:53,777 - root - INFO - Completed generation 82; 2.0s elapsed, 1.8s avg, 1.5e+02s total. Expected time remaining: 2.2e+02s
2020-07-28 03:17:53,832 - root - INFO - #82 MAX:accuracy.mean: 0.74
2020-07-28 03:17:53,875 - root - DEBUG - Sampled weight [0.96515259 1.20300343 1.06272221 1.09457886 1.21241235]
2020-07-28 03:17:55,040 - root - DEBUG - Updating hall of fame
2020-07-28 03:17:55,833 - root - INFO - Completed generation 83; 2.0s elapsed, 1.8s avg, 1.5e+02s total. Expected time remaining: 2.2e+02s
2020-07-28 03:17:55,889 - root - INFO - #83 MAX:accuracy.mean: 0.83
2020-07-28 03:17:55,932 - root - DEBUG - Sampled weight [1.44906536 1.49634315 1.17485689 0.75643977 1.59858856]
2020-07-28 03:17:57,099 - root - DEBUG - Updating hall of fame
2020-07-28 03:17:57,908 - root - INFO - Completed generation 84; 2.0s elapsed, 1.8s avg, 1.5e+02s total. Expected time remaining: 2.1e+02s
2020-07-28 03:17:57,963 - root - INFO - #84 MAX:accuracy.mean: 0.82
2020-07-28 03:17:58,006 - root - DEBUG - Sampled weight [0.92581272 1.01390624 1.06348237 1.5583869  0.91612249]
2020-07-28 03:17:59,188 - root - DEBUG - Updating hall of fame
2020-07-28 03:17:59,401 - root - INFO - Completed generation 85; 1.4s elapsed, 1.8s avg, 1.6e+02s total. Expected time remaining: 2.1e+02s
2020-07-28 03:17:59,455 - root - INFO - #85 MAX:accuracy.mean: 0.78
2020-07-28 03:17:59,498 - root - DEBUG - Sampled weight [1.19137251 2.19681772 2.16649948 1.91610097 1.11671462]
2020-07-28 03:18:00,645 - root - DEBUG - Updating hall of fame
2020-07-28 03:18:01,673 - root - INFO - Completed generation 86; 2.2s elapsed, 1.8s avg, 1.6e+02s total. Expected time remaining: 2.1e+02s
2020-07-28 03:18:01,732 - root - INFO - #86 MAX:accuracy.mean: 0.65
2020-07-28 03:18:01,778 - root - DEBUG - Sampled weight [0.64107175 1.08828206 0.68130753 1.96493586 0.50543135]
2020-07-28 03:18:02,931 - root - DEBUG - Updating hall of fame
2020-07-28 03:18:03,131 - root - INFO - Completed generation 87; 1.4s elapsed, 1.8s avg, 1.6e+02s total. Expected time remaining: 2.1e+02s
2020-07-28 03:18:03,187 - root - INFO - #87 MAX:accuracy.mean: 0.73
2020-07-28 03:18:03,230 - root - DEBUG - Sampled weight [0.93664062 0.69520771 0.75819893 1.07660951 1.61620885]
2020-07-28 03:18:04,394 - root - DEBUG - Updating hall of fame
2020-07-28 03:18:05,038 - root - INFO - Completed generation 88; 1.9s elapsed, 1.8s avg, 1.6e+02s total. Expected time remaining: 2.1e+02s
2020-07-28 03:18:05,093 - root - INFO - #88 MAX:accuracy.mean: 0.76
2020-07-28 03:18:05,137 - root - DEBUG - Sampled weight [0.46343691 1.6678184  0.6174223  3.07114203 0.38177835]
2020-07-28 03:18:06,289 - root - DEBUG - Updating hall of fame
2020-07-28 03:18:07,104 - root - INFO - Completed generation 89; 2.0s elapsed, 1.8s avg, 1.6e+02s total. Expected time remaining: 2e+02s
2020-07-28 03:18:07,159 - root - INFO - #89 MAX:accuracy.mean: 0.83
2020-07-28 03:18:07,202 - root - DEBUG - Sampled weight [0.81693748 1.28721403 0.74002436 1.11559418 1.20673563]
2020-07-28 03:18:08,354 - root - DEBUG - Updating hall of fame
2020-07-28 03:18:08,575 - root - INFO - Completed generation 90; 1.4s elapsed, 1.8s avg, 1.6e+02s total. Expected time remaining: 2e+02s
2020-07-28 03:18:08,630 - root - INFO - #90 MAX:accuracy.mean: 0.72
2020-07-28 03:18:08,732 - root - DEBUG - Sampled weight [2.36223189 2.47743654 1.04248627 1.71553757 1.71431943]
2020-07-28 03:18:09,901 - root - DEBUG - Updating hall of fame
2020-07-28 03:18:11,119 - root - INFO - Completed generation 91; 2.4s elapsed, 1.8s avg, 1.7e+02s total. Expected time remaining: 2e+02s
2020-07-28 03:18:11,174 - root - INFO - #91 MAX:accuracy.mean: 0.7
2020-07-28 03:18:11,217 - root - DEBUG - Sampled weight [1.29248452 1.78214853 1.31164474 0.78111136 1.33718005]
2020-07-28 03:18:12,354 - root - DEBUG - Updating hall of fame
2020-07-28 03:18:12,578 - root - INFO - Completed generation 92; 1.4s elapsed, 1.8s avg, 1.7e+02s total. Expected time remaining: 2e+02s
2020-07-28 03:18:12,633 - root - INFO - #92 MAX:accuracy.mean: 0.84
2020-07-28 03:18:12,678 - root - DEBUG - Sampled weight [1.63808554 1.18192853 0.64398165 0.74080185 0.74663048]
2020-07-28 03:18:13,816 - root - DEBUG - Updating hall of fame
2020-07-28 03:18:14,797 - root - INFO - Completed generation 93; 2.2s elapsed, 1.8s avg, 1.7e+02s total. Expected time remaining: 2e+02s
2020-07-28 03:18:14,852 - root - INFO - #93 MAX:accuracy.mean: 0.77
2020-07-28 03:18:14,894 - root - DEBUG - Sampled weight [0.63258239 1.17225253 1.09773431 1.45452852 0.43504991]
2020-07-28 03:18:16,029 - root - DEBUG - Updating hall of fame
2020-07-28 03:18:16,832 - root - INFO - Completed generation 94; 2.0s elapsed, 1.8s avg, 1.7e+02s total. Expected time remaining: 1.9e+02s
2020-07-28 03:18:16,886 - root - INFO - #94 MAX:accuracy.mean: 0.79
2020-07-28 03:18:16,930 - root - DEBUG - Sampled weight [1.56233286 0.83246715 0.75070664 0.84003332 0.94241726]
2020-07-28 03:18:18,077 - root - DEBUG - Updating hall of fame
2020-07-28 03:18:18,680 - root - INFO - Completed generation 95; 1.8s elapsed, 1.8s avg, 1.7e+02s total. Expected time remaining: 1.9e+02s
2020-07-28 03:18:18,734 - root - INFO - #95 MAX:accuracy.mean: 0.94
2020-07-28 03:18:18,777 - root - DEBUG - Sampled weight [1.43804832 0.57532384 1.58340215 1.09506085 0.71248895]
2020-07-28 03:18:19,923 - root - DEBUG - Updating hall of fame
2020-07-28 03:18:20,731 - root - INFO - Completed generation 96; 2.0s elapsed, 1.8s avg, 1.8e+02s total. Expected time remaining: 1.9e+02s
2020-07-28 03:18:20,785 - root - INFO - #96 MAX:accuracy.mean: 0.89
2020-07-28 03:18:20,829 - root - DEBUG - Sampled weight [0.54386876 1.33855564 0.77319633 0.99146203 1.60756889]
2020-07-28 03:18:21,984 - root - DEBUG - Updating hall of fame
2020-07-28 03:18:22,606 - root - INFO - Completed generation 97; 1.8s elapsed, 1.8s avg, 1.8e+02s total. Expected time remaining: 1.9e+02s
2020-07-28 03:18:22,661 - root - INFO - #97 MAX:accuracy.mean: 0.89
2020-07-28 03:18:22,704 - root - DEBUG - Sampled weight [0.55781699 1.07253175 1.02961534 0.20646114 0.73048666]
2020-07-28 03:18:23,863 - root - DEBUG - Updating hall of fame
2020-07-28 03:18:25,066 - root - INFO - Completed generation 98; 2.4s elapsed, 1.8s avg, 1.8e+02s total. Expected time remaining: 1.9e+02s
2020-07-28 03:18:25,121 - root - INFO - #98 MAX:accuracy.mean: 0.88
2020-07-28 03:18:25,164 - root - DEBUG - Sampled weight [0.91414997 1.17426972 0.4382188  2.05613553 0.88679485]
2020-07-28 03:18:26,337 - root - DEBUG - Updating hall of fame
2020-07-28 03:18:26,956 - root - INFO - Completed generation 99; 1.8s elapsed, 1.8s avg, 1.8e+02s total. Expected time remaining: 1.9e+02s
2020-07-28 03:18:27,011 - root - INFO - #99 MAX:accuracy.mean: 0.87
2020-07-28 03:18:27,055 - root - DEBUG - Sampled weight [1.83627137 1.17265032 1.07268843 1.02055207 1.32695695]
2020-07-28 03:18:28,216 - root - DEBUG - Updating hall of fame
2020-07-28 03:18:29,075 - root - INFO - Completed generation 100; 2.1s elapsed, 1.8s avg, 1.8e+02s total. Expected time remaining: 1.8e+02s
2020-07-28 03:18:29,130 - root - INFO - #100 MAX:accuracy.mean: 0.91
2020-07-28 03:18:29,242 - root - DEBUG - Sampled weight [1.04124102 1.83121736 1.72336773 3.08801755 1.55966679]
2020-07-28 03:18:30,393 - root - DEBUG - Updating hall of fame
2020-07-28 03:18:31,418 - root - INFO - Completed generation 101; 2.2s elapsed, 1.9s avg, 1.9e+02s total. Expected time remaining: 1.8e+02s
2020-07-28 03:18:31,473 - root - INFO - #101 MAX:accuracy.mean: 0.89
2020-07-28 03:18:31,516 - root - DEBUG - Sampled weight [0.73419004 0.39784209 1.12984673 1.86617357 1.65099025]
2020-07-28 03:18:32,654 - root - DEBUG - Updating hall of fame
2020-07-28 03:18:33,044 - root - INFO - Completed generation 102; 1.6s elapsed, 1.8s avg, 1.9e+02s total. Expected time remaining: 1.8e+02s
2020-07-28 03:18:33,099 - root - INFO - #102 MAX:accuracy.mean: 0.89
2020-07-28 03:18:33,142 - root - DEBUG - Sampled weight [1.69279988 1.43869264 1.27548701 2.59392349 1.01643165]
2020-07-28 03:18:34,288 - root - DEBUG - Updating hall of fame
2020-07-28 03:18:34,490 - root - INFO - Completed generation 103; 1.4s elapsed, 1.8s avg, 1.9e+02s total. Expected time remaining: 1.8e+02s
2020-07-28 03:18:34,545 - root - INFO - #103 MAX:accuracy.mean: 0.89
2020-07-28 03:18:34,586 - root - DEBUG - Sampled weight [1.05947775 0.98303337 0.43323795 2.22018189 1.21752409]
2020-07-28 03:18:35,744 - root - DEBUG - Updating hall of fame
2020-07-28 03:18:35,946 - root - INFO - Completed generation 104; 1.4s elapsed, 1.8s avg, 1.9e+02s total. Expected time remaining: 1.8e+02s
2020-07-28 03:18:36,001 - root - INFO - #104 MAX:accuracy.mean: 0.88
2020-07-28 03:18:36,044 - root - DEBUG - Sampled weight [1.9048409  0.80038193 1.80426032 0.95210688 0.49717359]
2020-07-28 03:18:37,225 - root - DEBUG - Updating hall of fame
2020-07-28 03:18:37,658 - root - INFO - Completed generation 105; 1.7s elapsed, 1.8s avg, 1.9e+02s total. Expected time remaining: 1.7e+02s
2020-07-28 03:18:37,713 - root - INFO - #105 MAX:accuracy.mean: 0.88
2020-07-28 03:18:37,757 - root - DEBUG - Sampled weight [0.55932507 0.70657641 0.59150594 0.5449353  1.02575785]
2020-07-28 03:18:38,932 - root - DEBUG - Updating hall of fame
2020-07-28 03:18:39,350 - root - INFO - Completed generation 106; 1.6s elapsed, 1.8s avg, 1.9e+02s total. Expected time remaining: 1.7e+02s
2020-07-28 03:18:39,405 - root - INFO - #106 MAX:accuracy.mean: 0.92
2020-07-28 03:18:39,449 - root - DEBUG - Sampled weight [1.12235392 0.6011728  0.94314368 0.64341237 1.12622875]
2020-07-28 03:18:40,645 - root - DEBUG - Updating hall of fame
2020-07-28 03:18:41,231 - root - INFO - Completed generation 107; 1.8s elapsed, 1.8s avg, 2e+02s total. Expected time remaining: 1.7e+02s
2020-07-28 03:18:41,286 - root - INFO - #107 MAX:accuracy.mean: 0.9
2020-07-28 03:18:41,329 - root - DEBUG - Sampled weight [0.32874191 1.37300489 1.90917238 0.53756399 1.93834203]
2020-07-28 03:18:42,507 - root - DEBUG - Updating hall of fame
2020-07-28 03:18:43,306 - root - INFO - Completed generation 108; 2.0s elapsed, 1.8s avg, 2e+02s total. Expected time remaining: 1.7e+02s
2020-07-28 03:18:43,361 - root - INFO - #108 MAX:accuracy.mean: 0.69
2020-07-28 03:18:43,405 - root - DEBUG - Sampled weight [1.14306039 1.09061844 2.88294375 1.73899964 0.84654582]
2020-07-28 03:18:44,549 - root - DEBUG - Updating hall of fame
2020-07-28 03:18:44,549 - root - INFO - Completed generation 109; 1.2s elapsed, 1.8s avg, 2e+02s total. Expected time remaining: 1.7e+02s
2020-07-28 03:18:44,604 - root - INFO - #109 MAX:accuracy.mean: 0.69
2020-07-28 03:18:44,646 - root - DEBUG - Sampled weight [0.95444954 0.80788296 0.65787536 0.57529672 1.68808769]
2020-07-28 03:18:45,782 - root - DEBUG - Updating hall of fame
2020-07-28 03:18:45,971 - root - INFO - Completed generation 110; 1.4s elapsed, 1.8s avg, 2e+02s total. Expected time remaining: 1.6e+02s
2020-07-28 03:18:46,026 - root - INFO - #110 MAX:accuracy.mean: 0.83
2020-07-28 03:18:46,137 - root - DEBUG - Sampled weight [0.86767701 0.92686979 0.64624263 1.09687881 1.6906009 ]
2020-07-28 03:18:47,312 - root - DEBUG - Updating hall of fame
2020-07-28 03:18:48,313 - root - INFO - Completed generation 111; 2.2s elapsed, 1.8s avg, 2e+02s total. Expected time remaining: 1.6e+02s
2020-07-28 03:18:48,367 - root - INFO - #111 MAX:accuracy.mean: 0.9
2020-07-28 03:18:48,413 - root - DEBUG - Sampled weight [0.88875904 0.38761105 0.35690358 4.93796677 1.40992717]
2020-07-28 03:18:49,581 - root - DEBUG - Updating hall of fame
2020-07-28 03:18:50,798 - root - INFO - Completed generation 112; 2.4s elapsed, 1.8s avg, 2.1e+02s total. Expected time remaining: 1.6e+02s
2020-07-28 03:18:50,853 - root - INFO - #112 MAX:accuracy.mean: 0.83
2020-07-28 03:18:50,896 - root - DEBUG - Sampled weight [0.93246218 1.53499541 0.69393383 0.57359028 1.33777884]
2020-07-28 03:18:52,071 - root - DEBUG - Updating hall of fame
2020-07-28 03:18:52,695 - root - INFO - Completed generation 113; 1.8s elapsed, 1.8s avg, 2.1e+02s total. Expected time remaining: 1.6e+02s
2020-07-28 03:18:52,750 - root - INFO - #113 MAX:accuracy.mean: 0.83
2020-07-28 03:18:52,794 - root - DEBUG - Sampled weight [0.38138833 0.58171768 0.71557919 0.41051121 0.99486039]
2020-07-28 03:18:53,962 - root - DEBUG - Updating hall of fame
2020-07-28 03:18:55,343 - root - INFO - Completed generation 114; 2.6s elapsed, 1.8s avg, 2.1e+02s total. Expected time remaining: 1.6e+02s
2020-07-28 03:18:55,398 - root - INFO - #114 MAX:accuracy.mean: 0.87
2020-07-28 03:18:55,441 - root - DEBUG - Sampled weight [1.22741146 1.33953949 0.58452987 0.39397678 0.75899559]
2020-07-28 03:18:56,618 - root - DEBUG - Updating hall of fame
2020-07-28 03:18:57,393 - root - INFO - Completed generation 115; 2.0s elapsed, 1.8s avg, 2.1e+02s total. Expected time remaining: 1.6e+02s
2020-07-28 03:18:57,449 - root - INFO - #115 MAX:accuracy.mean: 0.86
2020-07-28 03:18:57,493 - root - DEBUG - Sampled weight [0.78494599 0.51125569 0.82075532 0.59952636 2.91427233]
2020-07-28 03:18:58,683 - root - DEBUG - Updating hall of fame
2020-07-28 03:18:59,485 - root - INFO - Completed generation 116; 2.0s elapsed, 1.8s avg, 2.1e+02s total. Expected time remaining: 1.6e+02s
2020-07-28 03:18:59,540 - root - INFO - #116 MAX:accuracy.mean: 0.82
2020-07-28 03:18:59,583 - root - DEBUG - Sampled weight [0.74275488 0.53519673 0.43604474 5.06628161 0.56302414]
2020-07-28 03:19:00,736 - root - DEBUG - Updating hall of fame
2020-07-28 03:19:01,565 - root - INFO - Completed generation 117; 2.0s elapsed, 1.8s avg, 2.2e+02s total. Expected time remaining: 1.5e+02s
2020-07-28 03:19:01,619 - root - INFO - #117 MAX:accuracy.mean: 0.76
2020-07-28 03:19:01,663 - root - DEBUG - Sampled weight [4.0621501  1.92404022 1.2484115  0.59146232 1.80606183]
2020-07-28 03:19:02,892 - root - DEBUG - Updating hall of fame
2020-07-28 03:19:03,278 - root - INFO - Completed generation 118; 1.7s elapsed, 1.8s avg, 2.2e+02s total. Expected time remaining: 1.5e+02s
2020-07-28 03:19:03,338 - root - INFO - #118 MAX:accuracy.mean: 0.68
2020-07-28 03:19:03,382 - root - DEBUG - Sampled weight [0.96000017 3.29409428 1.27956689 1.86568391 0.34650451]
2020-07-28 03:19:04,567 - root - DEBUG - Updating hall of fame
2020-07-28 03:19:04,759 - root - INFO - Completed generation 119; 1.4s elapsed, 1.8s avg, 2.2e+02s total. Expected time remaining: 1.5e+02s
2020-07-28 03:19:04,815 - root - INFO - #119 MAX:accuracy.mean: 0.67
2020-07-28 03:19:04,859 - root - DEBUG - Sampled weight [0.97056109 0.74293299 1.37030096 0.44167833 0.33083539]
2020-07-28 03:19:06,028 - root - DEBUG - Updating hall of fame
2020-07-28 03:19:06,645 - root - INFO - Completed generation 120; 1.8s elapsed, 1.8s avg, 2.2e+02s total. Expected time remaining: 1.5e+02s
2020-07-28 03:19:06,701 - root - INFO - #120 MAX:accuracy.mean: 0.77
2020-07-28 03:19:06,825 - root - DEBUG - Sampled weight [0.900612   1.56496474 0.94386267 1.12241847 1.42785572]
2020-07-28 03:19:07,995 - root - DEBUG - Updating hall of fame
2020-07-28 03:19:09,220 - root - INFO - Completed generation 121; 2.4s elapsed, 1.8s avg, 2.2e+02s total. Expected time remaining: 1.5e+02s
2020-07-28 03:19:09,275 - root - INFO - #121 MAX:accuracy.mean: 0.78
2020-07-28 03:19:09,319 - root - DEBUG - Sampled weight [0.94166697 1.0087949  1.84224609 2.44189175 1.44786034]
2020-07-28 03:19:10,496 - root - DEBUG - Updating hall of fame
2020-07-28 03:19:11,088 - root - INFO - Completed generation 122; 1.8s elapsed, 1.8s avg, 2.3e+02s total. Expected time remaining: 1.4e+02s
2020-07-28 03:19:11,144 - root - INFO - #122 MAX:accuracy.mean: 0.7
2020-07-28 03:19:11,188 - root - DEBUG - Sampled weight [0.76764189 0.69621136 0.6093682  0.7073803  0.99439516]
2020-07-28 03:19:12,336 - root - DEBUG - Updating hall of fame
2020-07-28 03:19:12,551 - root - INFO - Completed generation 123; 1.4s elapsed, 1.8s avg, 2.3e+02s total. Expected time remaining: 1.4e+02s
2020-07-28 03:19:12,607 - root - INFO - #123 MAX:accuracy.mean: 0.92
2020-07-28 03:19:12,650 - root - DEBUG - Sampled weight [1.30674994 0.77100262 0.39820189 0.84679313 0.79813244]
2020-07-28 03:19:13,839 - root - DEBUG - Updating hall of fame
2020-07-28 03:19:14,666 - root - INFO - Completed generation 124; 2.1s elapsed, 1.8s avg, 2.3e+02s total. Expected time remaining: 1.4e+02s
2020-07-28 03:19:14,722 - root - INFO - #124 MAX:accuracy.mean: 0.86
2020-07-28 03:19:14,767 - root - DEBUG - Sampled weight [0.51849479 0.37615108 0.84574612 0.77376755 2.03156248]
2020-07-28 03:19:15,938 - root - DEBUG - Updating hall of fame
2020-07-28 03:19:16,131 - root - INFO - Completed generation 125; 1.4s elapsed, 1.8s avg, 2.3e+02s total. Expected time remaining: 1.4e+02s
2020-07-28 03:19:16,187 - root - INFO - #125 MAX:accuracy.mean: 0.78
2020-07-28 03:19:16,231 - root - DEBUG - Sampled weight [0.44107698 1.71516847 0.91671841 0.60306077 2.07094374]
2020-07-28 03:19:17,425 - root - DEBUG - Updating hall of fame
2020-07-28 03:19:17,834 - root - INFO - Completed generation 126; 1.6s elapsed, 1.8s avg, 2.3e+02s total. Expected time remaining: 1.4e+02s
2020-07-28 03:19:17,890 - root - INFO - #126 MAX:accuracy.mean: 0.68
2020-07-28 03:19:17,934 - root - DEBUG - Sampled weight [0.83786441 0.44778241 1.3567505  1.21905739 0.76588292]
2020-07-28 03:19:19,119 - root - DEBUG - Updating hall of fame
2020-07-28 03:19:19,119 - root - INFO - Completed generation 127; 1.2s elapsed, 1.8s avg, 2.3e+02s total. Expected time remaining: 1.3e+02s
2020-07-28 03:19:19,175 - root - INFO - #127 MAX:accuracy.mean: 0.77
2020-07-28 03:19:19,219 - root - DEBUG - Sampled weight [0.8781674  1.28225048 0.74111817 1.10214503 1.15875968]
2020-07-28 03:19:20,420 - root - DEBUG - Updating hall of fame
2020-07-28 03:19:21,416 - root - INFO - Completed generation 128; 2.2s elapsed, 1.8s avg, 2.4e+02s total. Expected time remaining: 1.3e+02s
2020-07-28 03:19:21,471 - root - INFO - #128 MAX:accuracy.mean: 0.77
2020-07-28 03:19:21,515 - root - DEBUG - Sampled weight [1.34638113 0.84645813 1.71375556 2.16628875 0.78689129]
2020-07-28 03:19:22,702 - root - DEBUG - Updating hall of fame
2020-07-28 03:19:23,736 - root - INFO - Completed generation 129; 2.3s elapsed, 1.8s avg, 2.4e+02s total. Expected time remaining: 1.3e+02s
2020-07-28 03:19:23,791 - root - INFO - #129 MAX:accuracy.mean: 0.71
2020-07-28 03:19:23,834 - root - DEBUG - Sampled weight [0.68911662 0.54317834 2.10217439 1.61247516 0.42413312]
2020-07-28 03:19:24,998 - root - DEBUG - Updating hall of fame
2020-07-28 03:19:24,999 - root - INFO - Completed generation 130; 1.2s elapsed, 1.8s avg, 2.4e+02s total. Expected time remaining: 1.3e+02s
2020-07-28 03:19:25,054 - root - INFO - #130 MAX:accuracy.mean: 0.72
2020-07-28 03:19:25,177 - root - DEBUG - Sampled weight [1.43780884 1.90793908 1.41360841 1.48862184 1.86924405]
2020-07-28 03:19:26,361 - root - DEBUG - Updating hall of fame
2020-07-28 03:19:26,361 - root - INFO - Completed generation 131; 1.2s elapsed, 1.8s avg, 2.4e+02s total. Expected time remaining: 1.3e+02s
2020-07-28 03:19:26,417 - root - INFO - #131 MAX:accuracy.mean: 0.7
2020-07-28 03:19:26,460 - root - DEBUG - Sampled weight [1.21154112 0.71429315 0.68267306 0.94950586 0.73570815]
2020-07-28 03:19:27,675 - root - DEBUG - Updating hall of fame
2020-07-28 03:19:28,308 - root - INFO - Completed generation 132; 1.9s elapsed, 1.8s avg, 2.4e+02s total. Expected time remaining: 1.2e+02s
2020-07-28 03:19:28,363 - root - INFO - #132 MAX:accuracy.mean: 0.86
2020-07-28 03:19:28,406 - root - DEBUG - Sampled weight [0.89331859 0.80294023 0.56082316 1.11880348 0.90806495]
2020-07-28 03:19:29,595 - root - DEBUG - Updating hall of fame
2020-07-28 03:19:30,830 - root - INFO - Completed generation 133; 2.5s elapsed, 1.8s avg, 2.4e+02s total. Expected time remaining: 1.2e+02s
2020-07-28 03:19:30,885 - root - INFO - #133 MAX:accuracy.mean: 0.92
2020-07-28 03:19:30,930 - root - DEBUG - Sampled weight [1.04579544 0.64881418 0.768173   0.48436891 2.56316115]
2020-07-28 03:19:32,103 - root - DEBUG - Updating hall of fame
2020-07-28 03:19:32,942 - root - INFO - Completed generation 134; 2.1s elapsed, 1.8s avg, 2.5e+02s total. Expected time remaining: 1.2e+02s
2020-07-28 03:19:32,999 - root - INFO - #134 MAX:accuracy.mean: 0.83
2020-07-28 03:19:33,043 - root - DEBUG - Sampled weight [0.61084349 1.33847215 2.85108691 0.49639116 1.45875332]
2020-07-28 03:19:34,207 - root - DEBUG - Updating hall of fame
2020-07-28 03:19:34,588 - root - INFO - Completed generation 135; 1.6s elapsed, 1.8s avg, 2.5e+02s total. Expected time remaining: 1.2e+02s
2020-07-28 03:19:34,644 - root - INFO - #135 MAX:accuracy.mean: 0.71
2020-07-28 03:19:34,687 - root - DEBUG - Sampled weight [1.77331132 0.38300202 2.06844801 1.47312892 1.13717131]
2020-07-28 03:19:35,884 - root - DEBUG - Updating hall of fame
2020-07-28 03:19:36,263 - root - INFO - Completed generation 136; 1.6s elapsed, 1.8s avg, 2.5e+02s total. Expected time remaining: 1.2e+02s
2020-07-28 03:19:36,319 - root - INFO - #136 MAX:accuracy.mean: 0.7
2020-07-28 03:19:36,362 - root - DEBUG - Sampled weight [0.48745567 2.17203828 1.09077277 0.81305038 1.19857849]
2020-07-28 03:19:37,551 - root - DEBUG - Updating hall of fame
2020-07-28 03:19:37,741 - root - INFO - Completed generation 137; 1.4s elapsed, 1.8s avg, 2.5e+02s total. Expected time remaining: 1.2e+02s
2020-07-28 03:19:37,797 - root - INFO - #137 MAX:accuracy.mean: 0.73
2020-07-28 03:19:37,841 - root - DEBUG - Sampled weight [0.83260302 2.35432294 0.73332257 0.63653946 0.74384594]
2020-07-28 03:19:39,051 - root - DEBUG - Updating hall of fame
2020-07-28 03:19:39,897 - root - INFO - Completed generation 138; 2.1s elapsed, 1.8s avg, 2.5e+02s total. Expected time remaining: 1.1e+02s
2020-07-28 03:19:39,952 - root - INFO - #138 MAX:accuracy.mean: 0.91
2020-07-28 03:19:39,997 - root - DEBUG - Sampled weight [1.49804017 1.16295417 0.9218714  0.89397316 0.96511191]
2020-07-28 03:19:41,165 - root - DEBUG - Updating hall of fame
2020-07-28 03:19:41,960 - root - INFO - Completed generation 139; 2.0s elapsed, 1.8s avg, 2.6e+02s total. Expected time remaining: 1.1e+02s
2020-07-28 03:19:42,015 - root - INFO - #139 MAX:accuracy.mean: 0.77
2020-07-28 03:19:42,059 - root - DEBUG - Sampled weight [1.13632317 1.17381698 0.50825949 0.75211821 0.706393  ]
2020-07-28 03:19:43,256 - root - DEBUG - Updating hall of fame
2020-07-28 03:19:43,852 - root - INFO - Completed generation 140; 1.8s elapsed, 1.8s avg, 2.6e+02s total. Expected time remaining: 1.1e+02s
2020-07-28 03:19:43,907 - root - INFO - #140 MAX:accuracy.mean: 0.84
2020-07-28 03:19:44,063 - root - DEBUG - Sampled weight [0.54453102 1.30380921 1.09188688 0.34547467 0.89223742]
2020-07-28 03:19:45,263 - root - DEBUG - Updating hall of fame
2020-07-28 03:19:46,112 - root - INFO - Completed generation 141; 2.1s elapsed, 1.8s avg, 2.6e+02s total. Expected time remaining: 1.1e+02s
2020-07-28 03:19:46,167 - root - INFO - #141 MAX:accuracy.mean: 0.81
2020-07-28 03:19:46,212 - root - DEBUG - Sampled weight [0.66969185 0.80245221 2.44537184 0.6515795  0.31443404]
2020-07-28 03:19:47,426 - root - DEBUG - Updating hall of fame
2020-07-28 03:19:47,838 - root - INFO - Completed generation 142; 1.7s elapsed, 1.8s avg, 2.6e+02s total. Expected time remaining: 1.1e+02s
2020-07-28 03:19:47,894 - root - INFO - #142 MAX:accuracy.mean: 0.81
2020-07-28 03:19:47,939 - root - DEBUG - Sampled weight [0.82374143 1.24669719 1.52196603 1.15637677 1.08379699]
2020-07-28 03:19:49,181 - root - DEBUG - Updating hall of fame
2020-07-28 03:19:50,010 - root - INFO - Completed generation 143; 2.1s elapsed, 1.8s avg, 2.6e+02s total. Expected time remaining: 1e+02s
2020-07-28 03:19:50,065 - root - INFO - #143 MAX:accuracy.mean: 0.69
2020-07-28 03:19:50,110 - root - DEBUG - Sampled weight [2.14549557 0.8261166  1.51775992 0.79293807 0.9055311 ]
2020-07-28 03:19:51,309 - root - DEBUG - Updating hall of fame
2020-07-28 03:19:51,499 - root - INFO - Completed generation 144; 1.4s elapsed, 1.8s avg, 2.6e+02s total. Expected time remaining: 1e+02s
2020-07-28 03:19:51,555 - root - INFO - #144 MAX:accuracy.mean: 0.75
2020-07-28 03:19:51,598 - root - DEBUG - Sampled weight [0.67177115 0.59400126 1.46347927 1.1799062  1.2981845 ]
2020-07-28 03:19:52,763 - root - DEBUG - Updating hall of fame
2020-07-28 03:19:53,591 - root - INFO - Completed generation 145; 2.0s elapsed, 1.8s avg, 2.7e+02s total. Expected time remaining: 1e+02s
2020-07-28 03:19:53,647 - root - INFO - #145 MAX:accuracy.mean: 0.88
2020-07-28 03:19:53,691 - root - DEBUG - Sampled weight [1.23443717 1.50016384 1.41823241 1.64315786 1.32462711]
2020-07-28 03:19:54,894 - root - DEBUG - Updating hall of fame
2020-07-28 03:19:55,503 - root - INFO - Completed generation 146; 1.9s elapsed, 1.8s avg, 2.7e+02s total. Expected time remaining: 9.9e+01s
2020-07-28 03:19:55,559 - root - INFO - #146 MAX:accuracy.mean: 0.85
2020-07-28 03:19:55,602 - root - DEBUG - Sampled weight [1.29719523 5.11954851 1.22299116 0.9766967  0.62482694]
2020-07-28 03:19:56,785 - root - DEBUG - Updating hall of fame
2020-07-28 03:19:56,998 - root - INFO - Completed generation 147; 1.4s elapsed, 1.8s avg, 2.7e+02s total. Expected time remaining: 9.7e+01s
2020-07-28 03:19:57,054 - root - INFO - #147 MAX:accuracy.mean: 0.67
2020-07-28 03:19:57,097 - root - DEBUG - Sampled weight [1.20609048 0.61369513 1.21696456 1.45503326 0.80120644]
2020-07-28 03:19:58,258 - root - DEBUG - Updating hall of fame
2020-07-28 03:19:58,450 - root - INFO - Completed generation 148; 1.4s elapsed, 1.8s avg, 2.7e+02s total. Expected time remaining: 9.5e+01s
2020-07-28 03:19:58,507 - root - INFO - #148 MAX:accuracy.mean: 0.67
2020-07-28 03:19:58,550 - root - DEBUG - Sampled weight [2.78609919 1.24145427 1.58377662 1.80103178 0.56026682]
2020-07-28 03:19:59,716 - root - DEBUG - Updating hall of fame
2020-07-28 03:20:00,519 - root - INFO - Completed generation 149; 2.0s elapsed, 1.8s avg, 2.7e+02s total. Expected time remaining: 9.3e+01s
2020-07-28 03:20:00,575 - root - INFO - #149 MAX:accuracy.mean: 0.79
2020-07-28 03:20:00,617 - root - DEBUG - Sampled weight [0.48379537 1.11568572 0.85838925 0.47358    0.59208932]
2020-07-28 03:20:01,813 - root - DEBUG - Updating hall of fame
2020-07-28 03:20:02,014 - root - INFO - Completed generation 150; 1.4s elapsed, 1.8s avg, 2.7e+02s total. Expected time remaining: 9.2e+01s
2020-07-28 03:20:02,071 - root - INFO - #150 MAX:accuracy.mean: 0.81
2020-07-28 03:20:02,214 - root - DEBUG - Sampled weight [0.79614103 0.69405738 0.99900103 1.2269255  0.81780469]
2020-07-28 03:20:03,397 - root - DEBUG - Updating hall of fame
2020-07-28 03:20:03,807 - root - INFO - Completed generation 151; 1.6s elapsed, 1.8s avg, 2.8e+02s total. Expected time remaining: 9e+01s
2020-07-28 03:20:03,863 - root - INFO - #151 MAX:accuracy.mean: 0.88
2020-07-28 03:20:03,907 - root - DEBUG - Sampled weight [0.75203397 0.67524804 1.06512232 0.97329424 2.53307182]
2020-07-28 03:20:05,080 - root - DEBUG - Updating hall of fame
2020-07-28 03:20:05,897 - root - INFO - Completed generation 152; 2.0s elapsed, 1.8s avg, 2.8e+02s total. Expected time remaining: 8.8e+01s
2020-07-28 03:20:05,953 - root - INFO - #152 MAX:accuracy.mean: 0.86
2020-07-28 03:20:05,996 - root - DEBUG - Sampled weight [2.4376649  1.69335772 1.14481036 0.60126586 0.64870393]
2020-07-28 03:20:07,182 - root - DEBUG - Updating hall of fame
2020-07-28 03:20:07,593 - root - INFO - Completed generation 153; 1.6s elapsed, 1.8s avg, 2.8e+02s total. Expected time remaining: 8.6e+01s
2020-07-28 03:20:07,648 - root - INFO - #153 MAX:accuracy.mean: 0.72
2020-07-28 03:20:07,692 - root - DEBUG - Sampled weight [1.62294945 1.09602463 1.06757403 0.91078417 1.50051824]
2020-07-28 03:20:08,862 - root - DEBUG - Updating hall of fame
2020-07-28 03:20:08,862 - root - INFO - Completed generation 154; 1.2s elapsed, 1.8s avg, 2.8e+02s total. Expected time remaining: 8.4e+01s
2020-07-28 03:20:08,918 - root - INFO - #154 MAX:accuracy.mean: 0.69
2020-07-28 03:20:08,961 - root - DEBUG - Sampled weight [2.24155154 1.00188828 1.29088177 0.70171188 1.30663431]
2020-07-28 03:20:10,120 - root - DEBUG - Updating hall of fame
2020-07-28 03:20:10,906 - root - INFO - Completed generation 155; 2.0s elapsed, 1.8s avg, 2.8e+02s total. Expected time remaining: 8.2e+01s
2020-07-28 03:20:10,962 - root - INFO - #155 MAX:accuracy.mean: 0.67
2020-07-28 03:20:11,006 - root - DEBUG - Sampled weight [0.94123319 1.29529114 2.15952888 0.97047129 0.4422796 ]
2020-07-28 03:20:12,181 - root - DEBUG - Updating hall of fame
2020-07-28 03:20:12,608 - root - INFO - Completed generation 156; 1.6s elapsed, 1.8s avg, 2.8e+02s total. Expected time remaining: 8e+01s
2020-07-28 03:20:12,663 - root - INFO - #156 MAX:accuracy.mean: 0.7
2020-07-28 03:20:12,707 - root - DEBUG - Sampled weight [0.76704628 0.76859586 1.1824642  1.68612623 1.02998139]
2020-07-28 03:20:13,866 - root - DEBUG - Updating hall of fame
2020-07-28 03:20:14,085 - root - INFO - Completed generation 157; 1.4s elapsed, 1.8s avg, 2.9e+02s total. Expected time remaining: 7.8e+01s
2020-07-28 03:20:14,140 - root - INFO - #157 MAX:accuracy.mean: 0.71
2020-07-28 03:20:14,185 - root - DEBUG - Sampled weight [0.68398613 0.29752505 1.60078239 1.34114456 0.49639259]
2020-07-28 03:20:15,401 - root - DEBUG - Updating hall of fame
2020-07-28 03:20:15,801 - root - INFO - Completed generation 158; 1.7s elapsed, 1.8s avg, 2.9e+02s total. Expected time remaining: 7.6e+01s
2020-07-28 03:20:15,857 - root - INFO - #158 MAX:accuracy.mean: 0.7
2020-07-28 03:20:15,900 - root - DEBUG - Sampled weight [0.93319843 0.92012904 1.57126666 0.85857517 1.00791379]
2020-07-28 03:20:17,065 - root - DEBUG - Updating hall of fame
2020-07-28 03:20:17,065 - root - INFO - Completed generation 159; 1.2s elapsed, 1.8s avg, 2.9e+02s total. Expected time remaining: 7.5e+01s
2020-07-28 03:20:17,121 - root - INFO - #159 MAX:accuracy.mean: 0.86
2020-07-28 03:20:17,166 - root - DEBUG - Sampled weight [0.58744132 0.62331992 0.4126694  0.357262   1.39032083]
2020-07-28 03:20:18,344 - root - DEBUG - Updating hall of fame
2020-07-28 03:20:19,148 - root - INFO - Completed generation 160; 2.0s elapsed, 1.8s avg, 2.9e+02s total. Expected time remaining: 7.3e+01s
2020-07-28 03:20:19,204 - root - INFO - #160 MAX:accuracy.mean: 0.73
2020-07-28 03:20:19,321 - root - DEBUG - Sampled weight [0.84021487 0.47961562 0.72342195 1.36531559 1.13988515]
2020-07-28 03:20:20,494 - root - DEBUG - Updating hall of fame
2020-07-28 03:20:20,495 - root - INFO - Completed generation 161; 1.2s elapsed, 1.8s avg, 2.9e+02s total. Expected time remaining: 7.1e+01s
2020-07-28 03:20:20,555 - root - INFO - #161 MAX:accuracy.mean: 0.73
2020-07-28 03:20:20,598 - root - DEBUG - Sampled weight [1.63815463 1.35798543 0.72688078 1.18387783 1.06456464]
2020-07-28 03:20:21,814 - root - DEBUG - Updating hall of fame
2020-07-28 03:20:22,827 - root - INFO - Completed generation 162; 2.3s elapsed, 1.8s avg, 2.9e+02s total. Expected time remaining: 6.9e+01s
2020-07-28 03:20:22,883 - root - INFO - #162 MAX:accuracy.mean: 0.67
2020-07-28 03:20:22,926 - root - DEBUG - Sampled weight [0.96977158 0.99539041 0.61812151 0.73242423 1.20201147]
2020-07-28 03:20:24,099 - root - DEBUG - Updating hall of fame
2020-07-28 03:20:24,520 - root - INFO - Completed generation 163; 1.6s elapsed, 1.8s avg, 3e+02s total. Expected time remaining: 6.7e+01s
2020-07-28 03:20:24,575 - root - INFO - #163 MAX:accuracy.mean: 0.85
2020-07-28 03:20:24,619 - root - DEBUG - Sampled weight [0.86616902 0.77994842 1.74492213 0.6829115  0.58176692]
2020-07-28 03:20:25,820 - root - DEBUG - Updating hall of fame
2020-07-28 03:20:26,628 - root - INFO - Completed generation 164; 2.1s elapsed, 1.8s avg, 3e+02s total. Expected time remaining: 6.5e+01s
2020-07-28 03:20:26,683 - root - INFO - #164 MAX:accuracy.mean: 0.82
2020-07-28 03:20:26,728 - root - DEBUG - Sampled weight [0.55435864 1.1880433  1.28164917 1.19646665 0.40147352]
2020-07-28 03:20:27,930 - root - DEBUG - Updating hall of fame
2020-07-28 03:20:28,126 - root - INFO - Completed generation 165; 1.4s elapsed, 1.8s avg, 3e+02s total. Expected time remaining: 6.4e+01s
2020-07-28 03:20:28,181 - root - INFO - #165 MAX:accuracy.mean: 0.78
2020-07-28 03:20:28,226 - root - DEBUG - Sampled weight [0.8057641  0.60906527 0.63273508 0.66395308 0.96255508]
2020-07-28 03:20:29,388 - root - DEBUG - Updating hall of fame
2020-07-28 03:20:29,791 - root - INFO - Completed generation 166; 1.6s elapsed, 1.8s avg, 3e+02s total. Expected time remaining: 6.2e+01s
2020-07-28 03:20:29,847 - root - INFO - #166 MAX:accuracy.mean: 0.95
2020-07-28 03:20:29,892 - root - DEBUG - Sampled weight [0.77145649 0.78413524 0.78770383 0.84202756 1.53011407]
2020-07-28 03:20:31,102 - root - DEBUG - Updating hall of fame
2020-07-28 03:20:31,727 - root - INFO - Completed generation 167; 1.9s elapsed, 1.8s avg, 3e+02s total. Expected time remaining: 6e+01s
2020-07-28 03:20:31,782 - root - INFO - #167 MAX:accuracy.mean: 0.89
2020-07-28 03:20:31,827 - root - DEBUG - Sampled weight [0.92287366 0.94421108 1.69930616 0.42817318 0.67913867]
2020-07-28 03:20:33,056 - root - DEBUG - Updating hall of fame
2020-07-28 03:20:33,462 - root - INFO - Completed generation 168; 1.7s elapsed, 1.8s avg, 3e+02s total. Expected time remaining: 5.8e+01s
2020-07-28 03:20:33,518 - root - INFO - #168 MAX:accuracy.mean: 0.8
2020-07-28 03:20:33,562 - root - DEBUG - Sampled weight [0.64894569 0.48913377 0.6212777  1.13315225 0.71399338]
2020-07-28 03:20:34,766 - root - DEBUG - Updating hall of fame
2020-07-28 03:20:35,399 - root - INFO - Completed generation 169; 1.9s elapsed, 1.8s avg, 3.1e+02s total. Expected time remaining: 5.6e+01s
2020-07-28 03:20:35,456 - root - INFO - #169 MAX:accuracy.mean: 0.9
2020-07-28 03:20:35,501 - root - DEBUG - Sampled weight [1.87752064 0.47851487 0.96002192 2.68796187 1.87273545]
2020-07-28 03:20:36,731 - root - DEBUG - Updating hall of fame
2020-07-28 03:20:37,361 - root - INFO - Completed generation 170; 1.9s elapsed, 1.8s avg, 3.1e+02s total. Expected time remaining: 5.4e+01s
2020-07-28 03:20:37,417 - root - INFO - #170 MAX:accuracy.mean: 0.78
2020-07-28 03:20:37,541 - root - DEBUG - Sampled weight [1.94272385 0.94579075 0.83934089 0.6235313  1.11305172]
2020-07-28 03:20:38,761 - root - DEBUG - Updating hall of fame
2020-07-28 03:20:38,986 - root - INFO - Completed generation 171; 1.5s elapsed, 1.8s avg, 3.1e+02s total. Expected time remaining: 5.3e+01s
2020-07-28 03:20:39,042 - root - INFO - #171 MAX:accuracy.mean: 0.88
2020-07-28 03:20:39,087 - root - DEBUG - Sampled weight [0.54962519 0.54940597 0.63260108 1.85224387 0.60938298]
2020-07-28 03:20:40,312 - root - DEBUG - Updating hall of fame
2020-07-28 03:20:40,947 - root - INFO - Completed generation 172; 1.9s elapsed, 1.8s avg, 3.1e+02s total. Expected time remaining: 5.1e+01s
2020-07-28 03:20:41,003 - root - INFO - #172 MAX:accuracy.mean: 0.93
2020-07-28 03:20:41,048 - root - DEBUG - Sampled weight [0.88390078 1.98189075 0.47356355 0.86105516 1.15668761]
2020-07-28 03:20:42,278 - root - DEBUG - Updating hall of fame
2020-07-28 03:20:42,515 - root - INFO - Completed generation 173; 1.5s elapsed, 1.8s avg, 3.1e+02s total. Expected time remaining: 4.9e+01s
2020-07-28 03:20:42,570 - root - INFO - #173 MAX:accuracy.mean: 0.84
2020-07-28 03:20:42,614 - root - DEBUG - Sampled weight [1.75351828 2.48015511 0.97428426 0.90568297 1.13805938]
2020-07-28 03:20:43,829 - root - DEBUG - Updating hall of fame
2020-07-28 03:20:44,435 - root - INFO - Completed generation 174; 1.9s elapsed, 1.8s avg, 3.2e+02s total. Expected time remaining: 4.7e+01s
2020-07-28 03:20:44,491 - root - INFO - #174 MAX:accuracy.mean: 0.86
2020-07-28 03:20:44,534 - root - DEBUG - Sampled weight [1.34055389 2.04880834 3.3542684  0.97621939 1.18432152]
2020-07-28 03:20:45,768 - root - DEBUG - Updating hall of fame
2020-07-28 03:20:46,431 - root - INFO - Completed generation 175; 1.9s elapsed, 1.8s avg, 3.2e+02s total. Expected time remaining: 4.5e+01s
2020-07-28 03:20:46,487 - root - INFO - #175 MAX:accuracy.mean: 0.86
2020-07-28 03:20:46,531 - root - DEBUG - Sampled weight [1.061971   0.54534255 1.94659964 2.38640527 0.89243579]
2020-07-28 03:20:47,759 - root - DEBUG - Updating hall of fame
2020-07-28 03:20:48,167 - root - INFO - Completed generation 176; 1.7s elapsed, 1.8s avg, 3.2e+02s total. Expected time remaining: 4.3e+01s
2020-07-28 03:20:48,223 - root - INFO - #176 MAX:accuracy.mean: 0.86
2020-07-28 03:20:48,268 - root - DEBUG - Sampled weight [1.29045323 0.54588088 0.86492691 1.5217593  1.06921471]
2020-07-28 03:20:49,496 - root - DEBUG - Updating hall of fame
2020-07-28 03:20:50,133 - root - INFO - Completed generation 177; 1.9s elapsed, 1.8s avg, 3.2e+02s total. Expected time remaining: 4.2e+01s
2020-07-28 03:20:50,189 - root - INFO - #177 MAX:accuracy.mean: 0.91
2020-07-28 03:20:50,234 - root - DEBUG - Sampled weight [0.41941212 0.99261852 1.04067894 0.99770396 5.86840098]
2020-07-28 03:20:51,472 - root - DEBUG - Updating hall of fame
2020-07-28 03:20:52,114 - root - INFO - Completed generation 178; 1.9s elapsed, 1.8s avg, 3.2e+02s total. Expected time remaining: 4e+01s
2020-07-28 03:20:52,171 - root - INFO - #178 MAX:accuracy.mean: 0.84
2020-07-28 03:20:52,219 - root - DEBUG - Sampled weight [2.02325532 0.93856696 0.63045718 3.06768317 0.60105936]
2020-07-28 03:20:53,429 - root - DEBUG - Updating hall of fame
2020-07-28 03:20:53,620 - root - INFO - Completed generation 179; 1.4s elapsed, 1.8s avg, 3.2e+02s total. Expected time remaining: 3.8e+01s
2020-07-28 03:20:53,676 - root - INFO - #179 MAX:accuracy.mean: 0.84
2020-07-28 03:20:53,721 - root - DEBUG - Sampled weight [0.95504488 0.66343205 3.03458773 1.82160984 0.86382774]
2020-07-28 03:20:54,939 - root - DEBUG - Updating hall of fame
2020-07-28 03:20:55,346 - root - INFO - Completed generation 180; 1.7s elapsed, 1.8s avg, 3.3e+02s total. Expected time remaining: 3.6e+01s
2020-07-28 03:20:55,402 - root - INFO - #180 MAX:accuracy.mean: 0.86
2020-07-28 03:20:55,538 - root - DEBUG - Sampled weight [2.95613106 0.56560586 3.23624702 1.58950602 2.50313281]
2020-07-28 03:20:56,773 - root - DEBUG - Updating hall of fame
2020-07-28 03:20:57,570 - root - INFO - Completed generation 181; 2.1s elapsed, 1.8s avg, 3.3e+02s total. Expected time remaining: 3.4e+01s
2020-07-28 03:20:57,626 - root - INFO - #181 MAX:accuracy.mean: 0.87
2020-07-28 03:20:57,670 - root - DEBUG - Sampled weight [0.45319274 0.57221995 0.47541627 0.9583611  0.58137075]
2020-07-28 03:20:58,874 - root - DEBUG - Updating hall of fame
2020-07-28 03:20:59,103 - root - INFO - Completed generation 182; 1.5s elapsed, 1.8s avg, 3.3e+02s total. Expected time remaining: 3.3e+01s
2020-07-28 03:20:59,159 - root - INFO - #182 MAX:accuracy.mean: 0.87
2020-07-28 03:20:59,203 - root - DEBUG - Sampled weight [0.79236727 0.59099144 0.38399579 0.98018583 0.95248951]
2020-07-28 03:21:00,421 - root - DEBUG - Updating hall of fame
2020-07-28 03:21:01,283 - root - INFO - Completed generation 183; 2.1s elapsed, 1.8s avg, 3.3e+02s total. Expected time remaining: 3.1e+01s
2020-07-28 03:21:01,339 - root - INFO - #183 MAX:accuracy.mean: 0.93
2020-07-28 03:21:01,383 - root - DEBUG - Sampled weight [0.6692407  1.56525676 1.75163013 2.02383366 1.68606688]
2020-07-28 03:21:02,634 - root - DEBUG - Updating hall of fame
2020-07-28 03:21:03,463 - root - INFO - Completed generation 184; 2.1s elapsed, 1.8s avg, 3.3e+02s total. Expected time remaining: 2.9e+01s
2020-07-28 03:21:03,520 - root - INFO - #184 MAX:accuracy.mean: 0.8
2020-07-28 03:21:03,565 - root - DEBUG - Sampled weight [0.79085557 0.45268959 1.10043874 2.02776262 0.93237381]
2020-07-28 03:21:04,778 - root - DEBUG - Updating hall of fame
2020-07-28 03:21:04,968 - root - INFO - Completed generation 185; 1.4s elapsed, 1.8s avg, 3.4e+02s total. Expected time remaining: 2.7e+01s
2020-07-28 03:21:05,024 - root - INFO - #185 MAX:accuracy.mean: 0.8
2020-07-28 03:21:05,068 - root - DEBUG - Sampled weight [0.91208644 0.30129181 1.44656942 1.02198703 1.05820084]
2020-07-28 03:21:06,272 - root - DEBUG - Updating hall of fame
2020-07-28 03:21:07,133 - root - INFO - Completed generation 186; 2.1s elapsed, 1.8s avg, 3.4e+02s total. Expected time remaining: 2.5e+01s
2020-07-28 03:21:07,189 - root - INFO - #186 MAX:accuracy.mean: 0.76
2020-07-28 03:21:07,232 - root - DEBUG - Sampled weight [0.92000656 1.19329991 0.55245976 0.92677029 3.44803884]
2020-07-28 03:21:08,395 - root - DEBUG - Updating hall of fame
2020-07-28 03:21:09,204 - root - INFO - Completed generation 187; 2.0s elapsed, 1.8s avg, 3.4e+02s total. Expected time remaining: 2.4e+01s
2020-07-28 03:21:09,260 - root - INFO - #187 MAX:accuracy.mean: 0.71
2020-07-28 03:21:09,302 - root - DEBUG - Sampled weight [0.55591363 0.98094549 1.07843051 1.63886575 1.31261391]
2020-07-28 03:21:10,467 - root - DEBUG - Updating hall of fame
2020-07-28 03:21:10,658 - root - INFO - Completed generation 188; 1.4s elapsed, 1.8s avg, 3.4e+02s total. Expected time remaining: 2.2e+01s
2020-07-28 03:21:10,713 - root - INFO - #188 MAX:accuracy.mean: 0.66
2020-07-28 03:21:10,758 - root - DEBUG - Sampled weight [1.01584172 0.64275094 1.31472845 0.93631815 1.27206918]
2020-07-28 03:21:11,924 - root - DEBUG - Updating hall of fame
2020-07-28 03:21:12,704 - root - INFO - Completed generation 189; 2.0s elapsed, 1.8s avg, 3.4e+02s total. Expected time remaining: 2e+01s
2020-07-28 03:21:12,759 - root - INFO - #189 MAX:accuracy.mean: 0.7
2020-07-28 03:21:12,805 - root - DEBUG - Sampled weight [0.68670818 1.14732654 0.55936574 0.92085079 0.81539598]
2020-07-28 03:21:14,011 - root - DEBUG - Updating hall of fame
2020-07-28 03:21:14,849 - root - INFO - Completed generation 190; 2.1s elapsed, 1.8s avg, 3.4e+02s total. Expected time remaining: 1.8e+01s
2020-07-28 03:21:14,905 - root - INFO - #190 MAX:accuracy.mean: 0.88
2020-07-28 03:21:15,052 - root - DEBUG - Sampled weight [1.28102862 1.04662585 1.14205611 1.75864116 1.58530398]
2020-07-28 03:21:16,276 - root - DEBUG - Updating hall of fame
2020-07-28 03:21:16,906 - root - INFO - Completed generation 191; 1.9s elapsed, 1.8s avg, 3.5e+02s total. Expected time remaining: 1.6e+01s
2020-07-28 03:21:16,961 - root - INFO - #191 MAX:accuracy.mean: 0.69
2020-07-28 03:21:17,005 - root - DEBUG - Sampled weight [2.09994788 0.96843343 0.83110617 1.79213879 0.99493804]
2020-07-28 03:21:18,173 - root - DEBUG - Updating hall of fame
2020-07-28 03:21:18,743 - root - INFO - Completed generation 192; 1.8s elapsed, 1.8s avg, 3.5e+02s total. Expected time remaining: 1.5e+01s
2020-07-28 03:21:18,799 - root - INFO - #192 MAX:accuracy.mean: 0.69
2020-07-28 03:21:18,842 - root - DEBUG - Sampled weight [1.09213638 0.68406225 0.65516398 2.84156456 1.14603386]
2020-07-28 03:21:20,009 - root - DEBUG - Updating hall of fame
2020-07-28 03:21:20,429 - root - INFO - Completed generation 193; 1.6s elapsed, 1.8s avg, 3.5e+02s total. Expected time remaining: 1.3e+01s
2020-07-28 03:21:20,484 - root - INFO - #193 MAX:accuracy.mean: 0.73
2020-07-28 03:21:20,528 - root - DEBUG - Sampled weight [2.24597579 0.8284872  1.44302796 1.91855171 1.088747  ]
2020-07-28 03:21:21,687 - root - DEBUG - Updating hall of fame
2020-07-28 03:21:22,087 - root - INFO - Completed generation 194; 1.6s elapsed, 1.8s avg, 3.5e+02s total. Expected time remaining: 1.1e+01s
2020-07-28 03:21:22,143 - root - INFO - #194 MAX:accuracy.mean: 0.69
2020-07-28 03:21:22,187 - root - DEBUG - Sampled weight [0.93807344 0.93328779 1.17512113 0.68318338 0.69918217]
2020-07-28 03:21:23,360 - root - DEBUG - Updating hall of fame
2020-07-28 03:21:24,121 - root - INFO - Completed generation 195; 2.0s elapsed, 1.8s avg, 3.5e+02s total. Expected time remaining: 9.1s
2020-07-28 03:21:24,177 - root - INFO - #195 MAX:accuracy.mean: 0.9
2020-07-28 03:21:24,220 - root - DEBUG - Sampled weight [1.73340236 0.98430302 1.48981636 0.96026752 1.03714058]
2020-07-28 03:21:25,377 - root - DEBUG - Updating hall of fame
2020-07-28 03:21:26,405 - root - INFO - Completed generation 196; 2.2s elapsed, 1.8s avg, 3.6e+02s total. Expected time remaining: 7.3s
2020-07-28 03:21:26,461 - root - INFO - #196 MAX:accuracy.mean: 0.69
2020-07-28 03:21:26,506 - root - DEBUG - Sampled weight [1.3972339  0.72539808 0.47292053 1.32185368 1.07791184]
2020-07-28 03:21:27,678 - root - DEBUG - Updating hall of fame
2020-07-28 03:21:27,892 - root - INFO - Completed generation 197; 1.4s elapsed, 1.8s avg, 3.6e+02s total. Expected time remaining: 5.4s
2020-07-28 03:21:27,947 - root - INFO - #197 MAX:accuracy.mean: 0.7
2020-07-28 03:21:27,990 - root - DEBUG - Sampled weight [0.65495013 1.15185382 1.48295476 3.04818988 1.52758988]
2020-07-28 03:21:29,210 - root - DEBUG - Updating hall of fame
2020-07-28 03:21:29,401 - root - INFO - Completed generation 198; 1.5s elapsed, 1.8s avg, 3.6e+02s total. Expected time remaining: 3.6s
2020-07-28 03:21:29,457 - root - INFO - #198 MAX:accuracy.mean: 0.68
2020-07-28 03:21:29,501 - root - DEBUG - Sampled weight [0.65169726 0.99265509 1.3318415  0.62906439 1.33387272]
2020-07-28 03:21:30,711 - root - DEBUG - Updating hall of fame
2020-07-28 03:21:30,924 - root - INFO - Completed generation 199; 1.5s elapsed, 1.8s avg, 3.6e+02s total. Expected time remaining: 1.8s
2020-07-28 03:21:30,979 - root - INFO - #199 MAX:accuracy.mean: 0.72
2020-07-28 03:21:31,024 - root - DEBUG - Sampled weight [1.03404479 0.99924307 0.6434011  1.53866024 0.44719305]
2020-07-28 03:21:32,213 - root - DEBUG - Updating hall of fame
2020-07-28 03:21:33,042 - root - INFO - Completed generation 200; 2.1s elapsed, 1.8s avg, 3.6e+02s total. Expected time remaining: 0.0s
2020-07-28 03:21:33,099 - root - INFO - #200 MAX:accuracy.mean: 0.74
2020-07-28 03:21:33,278 - root - DEBUG - Loaded 150 samples.
2020-07-28 03:21:33,286 - root - INFO - Evaluating indivs in hall of fame.
2020-07-28 03:21:35,432 - root - INFO - Completed excution.
