2020-08-02 01:28:34,005 - root - INFO - Package version 0.1.1
2020-08-02 01:28:34,005 - root - INFO - Saving data at /vol/fob-vol1/mi15/plonerma/Lab/rewann/data/2020-08-02_Iris selection comparison 5 tournament 0.2 elite 1_000.
2020-08-02 01:28:34,005 - root - DEBUG - Loading training dataset
2020-08-02 01:28:34,078 - root - DEBUG - Loaded 150 samples.
2020-08-02 01:28:34,079 - root - DEBUG - Running experiments with the following parameters:
debug = false
experiment_name = "Iris selection comparison 5 tournament 0.2 elite 1"
experiment_path = "data/2020-08-02_Iris selection comparison 5 tournament 0.2 elite 1_000"

[config]
num_workers = 1
debug = true
backend = "numpy"

[postopt]
run_postopt = true
compile_report = false
num_weights = 100
num_samples = -1

[sampling]
seed = 1
post_init_seed = false
distribution = "lognormal"
lower_bound = -2
upper_bound = 2
mean = 0
sigma = 0.5
num_weights_per_iteration = 1
num_samples_per_iteration = -1
hof_evaluation_iterations = 20
num_weight_samples_per_iteration = 5

[task]
name = "iris"
sample_order_seed = 0
test_portion = 0.2
sample_length = 10
num_categories = 8

[storage]
data_base_path = "data"
log_filename = "execution.log"
commit_elite_freq = -1
commit_metrics_freq = 10

[population]
num_generations = 200
size = 100
initial_enabled_edge_prob = 0.05
initial_genes = "full"
hof_size = 10
enable_edge_signs = true
enabled_activation_funcs = "all"

[selection]
use_tournaments = true
elite_ratio = 0.2
culling_ratio = 0.2
tournament_size = 5
objectives = [ "-log_loss.min", "-log_loss.mean", "-n_hidden",]
recorded_metrics = [ "accuracy", "kappa", "log_loss",]
hof_metric = "accuracy.mean"

[mutation.new_edge]
probability = 0.2
strategy = "layer_agnostic"
propability = 0.2

[mutation.new_node]
probability = 0.25
propability = 0.3

[mutation.reenable_edge]
probability = 0.05
propability = 0.1

[mutation.change_activation]
probability = 0.5
propability = 0.4

[mutation.change_edge_sign]
probability = 0.2

[mutation.new_recurrent_edge]
probability = 0.2
strategy = "any"

2020-08-02 01:28:34,088 - root - INFO - Starting evolutionary algorithm
2020-08-02 01:28:34,111 - root - DEBUG - Sampled weight [0.66110541]
2020-08-02 01:28:34,389 - root - DEBUG - Updating hall of fame
2020-08-02 01:28:35,269 - root - INFO - Completed generation 1; 1.2s elapsed, 1.2s avg, 1.2s total. Expected time remaining: 2.3e+02s
2020-08-02 01:28:35,335 - root - INFO - #1 MAX:accuracy.mean: 0.33
2020-08-02 01:28:35,371 - root - DEBUG - Sampled weight [1.29831455]
2020-08-02 01:28:35,642 - root - DEBUG - Updating hall of fame
2020-08-02 01:28:36,397 - root - INFO - Completed generation 2; 1.1s elapsed, 1.1s avg, 2.2s total. Expected time remaining: 2.2e+02s
2020-08-02 01:28:36,457 - root - INFO - #2 MAX:accuracy.mean: 0.67
2020-08-02 01:28:36,493 - root - DEBUG - Sampled weight [0.65806708]
2020-08-02 01:28:36,763 - root - DEBUG - Updating hall of fame
2020-08-02 01:28:37,352 - root - INFO - Completed generation 3; 0.89s elapsed, 1.0s avg, 3.1s total. Expected time remaining: 2.1e+02s
2020-08-02 01:28:37,413 - root - INFO - #3 MAX:accuracy.mean: 0.67
2020-08-02 01:28:37,448 - root - DEBUG - Sampled weight [1.35233324]
2020-08-02 01:28:37,721 - root - DEBUG - Updating hall of fame
2020-08-02 01:28:38,491 - root - INFO - Completed generation 4; 1.1s elapsed, 1.1s avg, 4.2s total. Expected time remaining: 2.1e+02s
2020-08-02 01:28:38,551 - root - INFO - #4 MAX:accuracy.mean: 0.67
2020-08-02 01:28:38,587 - root - DEBUG - Sampled weight [0.30553155]
2020-08-02 01:28:38,858 - root - DEBUG - Updating hall of fame
2020-08-02 01:28:39,586 - root - INFO - Completed generation 5; 1.0s elapsed, 1.1s avg, 5.3s total. Expected time remaining: 2e+02s
2020-08-02 01:28:39,646 - root - INFO - #5 MAX:accuracy.mean: 0.64
2020-08-02 01:28:39,682 - root - DEBUG - Sampled weight [2.55841801]
2020-08-02 01:28:39,952 - root - DEBUG - Updating hall of fame
2020-08-02 01:28:40,445 - root - INFO - Completed generation 6; 0.8s elapsed, 1.0s avg, 6.0s total. Expected time remaining: 2e+02s
2020-08-02 01:28:40,505 - root - INFO - #6 MAX:accuracy.mean: 0.67
2020-08-02 01:28:40,540 - root - DEBUG - Sampled weight [1.04011636]
2020-08-02 01:28:40,810 - root - DEBUG - Updating hall of fame
2020-08-02 01:28:41,343 - root - INFO - Completed generation 7; 0.84s elapsed, 0.98s avg, 6.9s total. Expected time remaining: 1.9e+02s
2020-08-02 01:28:41,403 - root - INFO - #7 MAX:accuracy.mean: 0.67
2020-08-02 01:28:41,440 - root - DEBUG - Sampled weight [0.83499817]
2020-08-02 01:28:41,717 - root - DEBUG - Updating hall of fame
2020-08-02 01:28:42,276 - root - INFO - Completed generation 8; 0.87s elapsed, 0.97s avg, 7.8s total. Expected time remaining: 1.9e+02s
2020-08-02 01:28:42,336 - root - INFO - #8 MAX:accuracy.mean: 0.67
2020-08-02 01:28:42,373 - root - DEBUG - Sampled weight [1.9743923]
2020-08-02 01:28:42,645 - root - DEBUG - Updating hall of fame
2020-08-02 01:28:43,163 - root - INFO - Completed generation 9; 0.83s elapsed, 0.95s avg, 8.6s total. Expected time remaining: 1.8e+02s
2020-08-02 01:28:43,223 - root - INFO - #9 MAX:accuracy.mean: 0.67
2020-08-02 01:28:43,258 - root - DEBUG - Sampled weight [1.01271016]
2020-08-02 01:28:43,530 - root - DEBUG - Updating hall of fame
2020-08-02 01:28:43,919 - root - INFO - Completed generation 10; 0.7s elapsed, 0.93s avg, 9.3s total. Expected time remaining: 1.8e+02s
2020-08-02 01:28:43,979 - root - INFO - #10 MAX:accuracy.mean: 0.67
2020-08-02 01:28:44,068 - root - DEBUG - Sampled weight [0.94886526]
2020-08-02 01:28:44,341 - root - DEBUG - Updating hall of fame
2020-08-02 01:28:44,812 - root - INFO - Completed generation 11; 0.78s elapsed, 0.91s avg, 1e+01s total. Expected time remaining: 1.7e+02s
2020-08-02 01:28:44,872 - root - INFO - #11 MAX:accuracy.mean: 0.67
2020-08-02 01:28:44,907 - root - DEBUG - Sampled weight [1.99882373]
2020-08-02 01:28:45,183 - root - DEBUG - Updating hall of fame
2020-08-02 01:28:45,872 - root - INFO - Completed generation 12; 1.0s elapsed, 0.92s avg, 1.1e+01s total. Expected time remaining: 1.7e+02s
2020-08-02 01:28:45,932 - root - INFO - #12 MAX:accuracy.mean: 0.67
2020-08-02 01:28:45,967 - root - DEBUG - Sampled weight [0.63751113]
2020-08-02 01:28:46,239 - root - DEBUG - Updating hall of fame
2020-08-02 01:28:46,834 - root - INFO - Completed generation 13; 0.9s elapsed, 0.92s avg, 1.2e+01s total. Expected time remaining: 1.7e+02s
2020-08-02 01:28:46,894 - root - INFO - #13 MAX:accuracy.mean: 0.67
2020-08-02 01:28:46,930 - root - DEBUG - Sampled weight [0.71179061]
2020-08-02 01:28:47,202 - root - DEBUG - Updating hall of fame
2020-08-02 01:28:47,553 - root - INFO - Completed generation 14; 0.66s elapsed, 0.9s avg, 1.3e+01s total. Expected time remaining: 1.7e+02s
2020-08-02 01:28:47,613 - root - INFO - #14 MAX:accuracy.mean: 0.67
2020-08-02 01:28:47,648 - root - DEBUG - Sampled weight [2.11400392]
2020-08-02 01:28:47,919 - root - DEBUG - Updating hall of fame
2020-08-02 01:28:48,389 - root - INFO - Completed generation 15; 0.78s elapsed, 0.89s avg, 1.3e+01s total. Expected time remaining: 1.7e+02s
2020-08-02 01:28:48,449 - root - INFO - #15 MAX:accuracy.mean: 0.67
2020-08-02 01:28:48,484 - root - DEBUG - Sampled weight [0.39633005]
2020-08-02 01:28:48,756 - root - DEBUG - Updating hall of fame
2020-08-02 01:28:49,433 - root - INFO - Completed generation 16; 0.98s elapsed, 0.9s avg, 1.4e+01s total. Expected time remaining: 1.7e+02s
2020-08-02 01:28:49,493 - root - INFO - #16 MAX:accuracy.mean: 0.66
2020-08-02 01:28:49,529 - root - DEBUG - Sampled weight [1.38104133]
2020-08-02 01:28:49,805 - root - DEBUG - Updating hall of fame
2020-08-02 01:28:50,061 - root - INFO - Completed generation 17; 0.57s elapsed, 0.88s avg, 1.5e+01s total. Expected time remaining: 1.6e+02s
2020-08-02 01:28:50,121 - root - INFO - #17 MAX:accuracy.mean: 0.84
2020-08-02 01:28:50,157 - root - DEBUG - Sampled weight [1.5908014]
2020-08-02 01:28:50,431 - root - DEBUG - Updating hall of fame
2020-08-02 01:28:51,033 - root - INFO - Completed generation 18; 0.91s elapsed, 0.88s avg, 1.6e+01s total. Expected time remaining: 1.6e+02s
2020-08-02 01:28:51,093 - root - INFO - #18 MAX:accuracy.mean: 0.85
2020-08-02 01:28:51,128 - root - DEBUG - Sampled weight [1.30135816]
2020-08-02 01:28:51,400 - root - DEBUG - Updating hall of fame
2020-08-02 01:28:52,216 - root - INFO - Completed generation 19; 1.1s elapsed, 0.89s avg, 1.7e+01s total. Expected time remaining: 1.6e+02s
2020-08-02 01:28:52,276 - root - INFO - #19 MAX:accuracy.mean: 0.89
2020-08-02 01:28:52,312 - root - DEBUG - Sampled weight [0.26097199]
2020-08-02 01:28:52,587 - root - DEBUG - Updating hall of fame
2020-08-02 01:28:53,419 - root - INFO - Completed generation 20; 1.1s elapsed, 0.91s avg, 1.8e+01s total. Expected time remaining: 1.6e+02s
2020-08-02 01:28:53,479 - root - INFO - #20 MAX:accuracy.mean: 0.82
2020-08-02 01:28:53,560 - root - DEBUG - Sampled weight [0.52919733]
2020-08-02 01:28:53,838 - root - DEBUG - Updating hall of fame
2020-08-02 01:28:54,243 - root - INFO - Completed generation 21; 0.72s elapsed, 0.9s avg, 1.9e+01s total. Expected time remaining: 1.6e+02s
2020-08-02 01:28:54,303 - root - INFO - #21 MAX:accuracy.mean: 0.86
2020-08-02 01:28:54,339 - root - DEBUG - Sampled weight [0.93805413]
2020-08-02 01:28:54,612 - root - DEBUG - Updating hall of fame
2020-08-02 01:28:54,971 - root - INFO - Completed generation 22; 0.67s elapsed, 0.89s avg, 2e+01s total. Expected time remaining: 1.6e+02s
2020-08-02 01:28:55,031 - root - INFO - #22 MAX:accuracy.mean: 0.96
2020-08-02 01:28:55,067 - root - DEBUG - Sampled weight [0.57529676]
2020-08-02 01:28:55,343 - root - DEBUG - Updating hall of fame
2020-08-02 01:28:55,903 - root - INFO - Completed generation 23; 0.87s elapsed, 0.89s avg, 2e+01s total. Expected time remaining: 1.6e+02s
2020-08-02 01:28:55,963 - root - INFO - #23 MAX:accuracy.mean: 0.89
2020-08-02 01:28:55,999 - root - DEBUG - Sampled weight [0.65302324]
2020-08-02 01:28:56,274 - root - DEBUG - Updating hall of fame
2020-08-02 01:28:56,682 - root - INFO - Completed generation 24; 0.72s elapsed, 0.88s avg, 2.1e+01s total. Expected time remaining: 1.5e+02s
2020-08-02 01:28:56,742 - root - INFO - #24 MAX:accuracy.mean: 0.96
2020-08-02 01:28:56,778 - root - DEBUG - Sampled weight [0.55628877]
2020-08-02 01:28:57,053 - root - DEBUG - Updating hall of fame
2020-08-02 01:28:57,459 - root - INFO - Completed generation 25; 0.72s elapsed, 0.87s avg, 2.2e+01s total. Expected time remaining: 1.5e+02s
2020-08-02 01:28:57,519 - root - INFO - #25 MAX:accuracy.mean: 0.89
2020-08-02 01:28:57,556 - root - DEBUG - Sampled weight [0.83982074]
2020-08-02 01:28:57,834 - root - DEBUG - Updating hall of fame
2020-08-02 01:28:58,281 - root - INFO - Completed generation 26; 0.76s elapsed, 0.87s avg, 2.3e+01s total. Expected time remaining: 1.5e+02s
2020-08-02 01:28:58,342 - root - INFO - #26 MAX:accuracy.mean: 0.96
2020-08-02 01:28:58,377 - root - DEBUG - Sampled weight [1.51759639]
2020-08-02 01:28:58,655 - root - DEBUG - Updating hall of fame
2020-08-02 01:28:59,278 - root - INFO - Completed generation 27; 0.94s elapsed, 0.87s avg, 2.4e+01s total. Expected time remaining: 1.5e+02s
2020-08-02 01:28:59,338 - root - INFO - #27 MAX:accuracy.mean: 0.96
2020-08-02 01:28:59,374 - root - DEBUG - Sampled weight [0.37243985]
2020-08-02 01:28:59,652 - root - DEBUG - Updating hall of fame
2020-08-02 01:29:00,088 - root - INFO - Completed generation 28; 0.75s elapsed, 0.87s avg, 2.4e+01s total. Expected time remaining: 1.5e+02s
2020-08-02 01:29:00,148 - root - INFO - #28 MAX:accuracy.mean: 0.87
2020-08-02 01:29:00,184 - root - DEBUG - Sampled weight [1.22305991]
2020-08-02 01:29:00,459 - root - DEBUG - Updating hall of fame
2020-08-02 01:29:00,597 - root - INFO - Completed generation 29; 0.45s elapsed, 0.85s avg, 2.5e+01s total. Expected time remaining: 1.5e+02s
2020-08-02 01:29:00,657 - root - INFO - #29 MAX:accuracy.mean: 0.96
2020-08-02 01:29:00,693 - root - DEBUG - Sampled weight [0.60428499]
2020-08-02 01:29:00,979 - root - DEBUG - Updating hall of fame
2020-08-02 01:29:01,347 - root - INFO - Completed generation 30; 0.69s elapsed, 0.85s avg, 2.5e+01s total. Expected time remaining: 1.4e+02s
2020-08-02 01:29:01,411 - root - INFO - #30 MAX:accuracy.mean: 0.96
2020-08-02 01:29:01,518 - root - DEBUG - Sampled weight [1.04959588]
2020-08-02 01:29:01,812 - root - DEBUG - Updating hall of fame
2020-08-02 01:29:02,039 - root - INFO - Completed generation 31; 0.56s elapsed, 0.84s avg, 2.6e+01s total. Expected time remaining: 1.4e+02s
2020-08-02 01:29:02,101 - root - INFO - #31 MAX:accuracy.mean: 0.89
2020-08-02 01:29:02,139 - root - DEBUG - Sampled weight [4.33893907]
2020-08-02 01:29:02,420 - root - DEBUG - Updating hall of fame
2020-08-02 01:29:02,677 - root - INFO - Completed generation 32; 0.58s elapsed, 0.83s avg, 2.7e+01s total. Expected time remaining: 1.4e+02s
2020-08-02 01:29:02,737 - root - INFO - #32 MAX:accuracy.mean: 0.85
2020-08-02 01:29:02,772 - root - DEBUG - Sampled weight [0.38933227]
2020-08-02 01:29:03,050 - root - DEBUG - Updating hall of fame
2020-08-02 01:29:03,272 - root - INFO - Completed generation 33; 0.53s elapsed, 0.82s avg, 2.7e+01s total. Expected time remaining: 1.4e+02s
2020-08-02 01:29:03,332 - root - INFO - #33 MAX:accuracy.mean: 0.96
2020-08-02 01:29:03,368 - root - DEBUG - Sampled weight [1.05937303]
2020-08-02 01:29:03,644 - root - DEBUG - Updating hall of fame
2020-08-02 01:29:03,688 - root - INFO - Completed generation 34; 0.36s elapsed, 0.81s avg, 2.7e+01s total. Expected time remaining: 1.3e+02s
2020-08-02 01:29:03,748 - root - INFO - #34 MAX:accuracy.mean: 0.96
2020-08-02 01:29:03,784 - root - DEBUG - Sampled weight [2.08707121]
2020-08-02 01:29:04,058 - root - DEBUG - Updating hall of fame
2020-08-02 01:29:04,527 - root - INFO - Completed generation 35; 0.78s elapsed, 0.81s avg, 2.8e+01s total. Expected time remaining: 1.3e+02s
2020-08-02 01:29:04,587 - root - INFO - #35 MAX:accuracy.mean: 0.89
2020-08-02 01:29:04,623 - root - DEBUG - Sampled weight [0.72735908]
2020-08-02 01:29:04,899 - root - DEBUG - Updating hall of fame
2020-08-02 01:29:05,285 - root - INFO - Completed generation 36; 0.7s elapsed, 0.8s avg, 2.9e+01s total. Expected time remaining: 1.3e+02s
2020-08-02 01:29:05,345 - root - INFO - #36 MAX:accuracy.mean: 0.96
2020-08-02 01:29:05,380 - root - DEBUG - Sampled weight [1.02027693]
2020-08-02 01:29:05,657 - root - DEBUG - Updating hall of fame
2020-08-02 01:29:06,001 - root - INFO - Completed generation 37; 0.66s elapsed, 0.8s avg, 3e+01s total. Expected time remaining: 1.3e+02s
2020-08-02 01:29:06,061 - root - INFO - #37 MAX:accuracy.mean: 0.96
2020-08-02 01:29:06,098 - root - DEBUG - Sampled weight [0.867619]
2020-08-02 01:29:06,376 - root - DEBUG - Updating hall of fame
2020-08-02 01:29:06,675 - root - INFO - Completed generation 38; 0.61s elapsed, 0.79s avg, 3e+01s total. Expected time remaining: 1.3e+02s
2020-08-02 01:29:06,735 - root - INFO - #38 MAX:accuracy.mean: 0.96
2020-08-02 01:29:06,771 - root - DEBUG - Sampled weight [2.60601439]
2020-08-02 01:29:07,048 - root - DEBUG - Updating hall of fame
2020-08-02 01:29:07,348 - root - INFO - Completed generation 39; 0.61s elapsed, 0.79s avg, 3.1e+01s total. Expected time remaining: 1.3e+02s
2020-08-02 01:29:07,408 - root - INFO - #39 MAX:accuracy.mean: 0.85
2020-08-02 01:29:07,444 - root - DEBUG - Sampled weight [0.86076686]
2020-08-02 01:29:07,722 - root - DEBUG - Updating hall of fame
2020-08-02 01:29:07,945 - root - INFO - Completed generation 40; 0.54s elapsed, 0.78s avg, 3.1e+01s total. Expected time remaining: 1.3e+02s
2020-08-02 01:29:08,006 - root - INFO - #40 MAX:accuracy.mean: 0.96
2020-08-02 01:29:08,087 - root - DEBUG - Sampled weight [0.29710745]
2020-08-02 01:29:08,366 - root - DEBUG - Updating hall of fame
2020-08-02 01:29:08,668 - root - INFO - Completed generation 41; 0.62s elapsed, 0.78s avg, 3.2e+01s total. Expected time remaining: 1.2e+02s
2020-08-02 01:29:08,728 - root - INFO - #41 MAX:accuracy.mean: 0.87
2020-08-02 01:29:08,764 - root - DEBUG - Sampled weight [0.78079109]
2020-08-02 01:29:09,039 - root - DEBUG - Updating hall of fame
2020-08-02 01:29:09,128 - root - INFO - Completed generation 42; 0.4s elapsed, 0.77s avg, 3.2e+01s total. Expected time remaining: 1.2e+02s
2020-08-02 01:29:09,188 - root - INFO - #42 MAX:accuracy.mean: 0.96
2020-08-02 01:29:09,224 - root - DEBUG - Sampled weight [0.74936502]
2020-08-02 01:29:09,501 - root - DEBUG - Updating hall of fame
2020-08-02 01:29:09,970 - root - INFO - Completed generation 43; 0.78s elapsed, 0.77s avg, 3.3e+01s total. Expected time remaining: 1.2e+02s
2020-08-02 01:29:10,138 - root - INFO - #43 MAX:accuracy.mean: 0.95
2020-08-02 01:29:10,175 - root - DEBUG - Sampled weight [0.63534341]
2020-08-02 01:29:10,452 - root - DEBUG - Updating hall of fame
2020-08-02 01:29:10,721 - root - INFO - Completed generation 44; 0.58s elapsed, 0.77s avg, 3.4e+01s total. Expected time remaining: 1.2e+02s
2020-08-02 01:29:10,781 - root - INFO - #44 MAX:accuracy.mean: 0.96
2020-08-02 01:29:10,817 - root - DEBUG - Sampled weight [2.30689172]
2020-08-02 01:29:11,097 - root - DEBUG - Updating hall of fame
2020-08-02 01:29:11,363 - root - INFO - Completed generation 45; 0.58s elapsed, 0.76s avg, 3.4e+01s total. Expected time remaining: 1.2e+02s
2020-08-02 01:29:11,424 - root - INFO - #45 MAX:accuracy.mean: 0.89
2020-08-02 01:29:11,459 - root - DEBUG - Sampled weight [0.74930747]
2020-08-02 01:29:11,736 - root - DEBUG - Updating hall of fame
2020-08-02 01:29:12,135 - root - INFO - Completed generation 46; 0.71s elapsed, 0.76s avg, 3.5e+01s total. Expected time remaining: 1.2e+02s
2020-08-02 01:29:12,196 - root - INFO - #46 MAX:accuracy.mean: 0.96
2020-08-02 01:29:12,232 - root - DEBUG - Sampled weight [1.01079945]
2020-08-02 01:29:12,512 - root - DEBUG - Updating hall of fame
2020-08-02 01:29:12,947 - root - INFO - Completed generation 47; 0.75s elapsed, 0.76s avg, 3.6e+01s total. Expected time remaining: 1.2e+02s
2020-08-02 01:29:13,008 - root - INFO - #47 MAX:accuracy.mean: 0.89
2020-08-02 01:29:13,044 - root - DEBUG - Sampled weight [1.09266442]
2020-08-02 01:29:13,321 - root - DEBUG - Updating hall of fame
2020-08-02 01:29:13,800 - root - INFO - Completed generation 48; 0.79s elapsed, 0.76s avg, 3.7e+01s total. Expected time remaining: 1.2e+02s
2020-08-02 01:29:13,861 - root - INFO - #48 MAX:accuracy.mean: 0.96
2020-08-02 01:29:13,897 - root - DEBUG - Sampled weight [0.73752636]
2020-08-02 01:29:14,178 - root - DEBUG - Updating hall of fame
2020-08-02 01:29:14,401 - root - INFO - Completed generation 49; 0.54s elapsed, 0.76s avg, 3.7e+01s total. Expected time remaining: 1.1e+02s
2020-08-02 01:29:14,462 - root - INFO - #49 MAX:accuracy.mean: 0.96
2020-08-02 01:29:14,498 - root - DEBUG - Sampled weight [1.59501882]
2020-08-02 01:29:14,774 - root - DEBUG - Updating hall of fame
2020-08-02 01:29:15,038 - root - INFO - Completed generation 50; 0.58s elapsed, 0.75s avg, 3.8e+01s total. Expected time remaining: 1.1e+02s
2020-08-02 01:29:15,099 - root - INFO - #50 MAX:accuracy.mean: 0.87
2020-08-02 01:29:15,205 - root - DEBUG - Sampled weight [1.02677813]
2020-08-02 01:29:15,484 - root - DEBUG - Updating hall of fame
2020-08-02 01:29:15,709 - root - INFO - Completed generation 51; 0.54s elapsed, 0.75s avg, 3.8e+01s total. Expected time remaining: 1.1e+02s
2020-08-02 01:29:15,770 - root - INFO - #51 MAX:accuracy.mean: 0.96
2020-08-02 01:29:15,807 - root - DEBUG - Sampled weight [1.70579808]
2020-08-02 01:29:16,089 - root - DEBUG - Updating hall of fame
2020-08-02 01:29:16,488 - root - INFO - Completed generation 52; 0.72s elapsed, 0.75s avg, 3.9e+01s total. Expected time remaining: 1.1e+02s
2020-08-02 01:29:16,548 - root - INFO - #52 MAX:accuracy.mean: 0.95
2020-08-02 01:29:16,584 - root - DEBUG - Sampled weight [1.10811991]
2020-08-02 01:29:16,864 - root - DEBUG - Updating hall of fame
2020-08-02 01:29:17,090 - root - INFO - Completed generation 53; 0.54s elapsed, 0.74s avg, 3.9e+01s total. Expected time remaining: 1.1e+02s
2020-08-02 01:29:17,150 - root - INFO - #53 MAX:accuracy.mean: 0.93
2020-08-02 01:29:17,185 - root - DEBUG - Sampled weight [1.2384393]
2020-08-02 01:29:17,464 - root - DEBUG - Updating hall of fame
2020-08-02 01:29:17,732 - root - INFO - Completed generation 54; 0.58s elapsed, 0.74s avg, 4e+01s total. Expected time remaining: 1.1e+02s
2020-08-02 01:29:17,792 - root - INFO - #54 MAX:accuracy.mean: 0.96
2020-08-02 01:29:17,829 - root - DEBUG - Sampled weight [0.76096959]
2020-08-02 01:29:18,109 - root - DEBUG - Updating hall of fame
2020-08-02 01:29:18,293 - root - INFO - Completed generation 55; 0.5s elapsed, 0.74s avg, 4.1e+01s total. Expected time remaining: 1.1e+02s
2020-08-02 01:29:18,354 - root - INFO - #55 MAX:accuracy.mean: 0.95
2020-08-02 01:29:18,389 - root - DEBUG - Sampled weight [1.06549935]
2020-08-02 01:29:18,669 - root - DEBUG - Updating hall of fame
2020-08-02 01:29:19,061 - root - INFO - Completed generation 56; 0.71s elapsed, 0.74s avg, 4.1e+01s total. Expected time remaining: 1.1e+02s
2020-08-02 01:29:19,121 - root - INFO - #56 MAX:accuracy.mean: 0.95
2020-08-02 01:29:19,157 - root - DEBUG - Sampled weight [1.04971869]
2020-08-02 01:29:19,436 - root - DEBUG - Updating hall of fame
2020-08-02 01:29:19,745 - root - INFO - Completed generation 57; 0.62s elapsed, 0.73s avg, 4.2e+01s total. Expected time remaining: 1.1e+02s
2020-08-02 01:29:19,805 - root - INFO - #57 MAX:accuracy.mean: 0.88
2020-08-02 01:29:19,841 - root - DEBUG - Sampled weight [0.49418141]
2020-08-02 01:29:20,123 - root - DEBUG - Updating hall of fame
2020-08-02 01:29:20,433 - root - INFO - Completed generation 58; 0.63s elapsed, 0.73s avg, 4.3e+01s total. Expected time remaining: 1e+02s
2020-08-02 01:29:20,493 - root - INFO - #58 MAX:accuracy.mean: 0.96
2020-08-02 01:29:20,528 - root - DEBUG - Sampled weight [1.04373546]
2020-08-02 01:29:20,805 - root - DEBUG - Updating hall of fame
2020-08-02 01:29:20,944 - root - INFO - Completed generation 59; 0.45s elapsed, 0.73s avg, 4.3e+01s total. Expected time remaining: 1e+02s
2020-08-02 01:29:21,005 - root - INFO - #59 MAX:accuracy.mean: 0.96
2020-08-02 01:29:21,040 - root - DEBUG - Sampled weight [1.91220938]
2020-08-02 01:29:21,320 - root - DEBUG - Updating hall of fame
2020-08-02 01:29:21,799 - root - INFO - Completed generation 60; 0.79s elapsed, 0.73s avg, 4.4e+01s total. Expected time remaining: 1e+02s
2020-08-02 01:29:21,860 - root - INFO - #60 MAX:accuracy.mean: 0.89
2020-08-02 01:29:21,978 - root - DEBUG - Sampled weight [1.00111809]
2020-08-02 01:29:22,256 - root - DEBUG - Updating hall of fame
2020-08-02 01:29:22,476 - root - INFO - Completed generation 61; 0.53s elapsed, 0.73s avg, 4.4e+01s total. Expected time remaining: 1e+02s
2020-08-02 01:29:22,536 - root - INFO - #61 MAX:accuracy.mean: 0.96
2020-08-02 01:29:22,572 - root - DEBUG - Sampled weight [0.41210873]
2020-08-02 01:29:22,851 - root - DEBUG - Updating hall of fame
2020-08-02 01:29:23,023 - root - INFO - Completed generation 62; 0.49s elapsed, 0.72s avg, 4.5e+01s total. Expected time remaining: 1e+02s
2020-08-02 01:29:23,083 - root - INFO - #62 MAX:accuracy.mean: 0.96
2020-08-02 01:29:23,119 - root - DEBUG - Sampled weight [0.75240968]
2020-08-02 01:29:23,395 - root - DEBUG - Updating hall of fame
2020-08-02 01:29:23,395 - root - INFO - Completed generation 63; 0.31s elapsed, 0.72s avg, 4.5e+01s total. Expected time remaining: 9.8e+01s
2020-08-02 01:29:23,455 - root - INFO - #63 MAX:accuracy.mean: 0.95
2020-08-02 01:29:23,491 - root - DEBUG - Sampled weight [1.36369681]
2020-08-02 01:29:23,770 - root - DEBUG - Updating hall of fame
2020-08-02 01:29:24,116 - root - INFO - Completed generation 64; 0.66s elapsed, 0.71s avg, 4.6e+01s total. Expected time remaining: 9.7e+01s
2020-08-02 01:29:24,176 - root - INFO - #64 MAX:accuracy.mean: 0.96
2020-08-02 01:29:24,212 - root - DEBUG - Sampled weight [1.20069517]
2020-08-02 01:29:24,491 - root - DEBUG - Updating hall of fame
2020-08-02 01:29:24,621 - root - INFO - Completed generation 65; 0.45s elapsed, 0.71s avg, 4.6e+01s total. Expected time remaining: 9.6e+01s
2020-08-02 01:29:24,681 - root - INFO - #65 MAX:accuracy.mean: 0.89
2020-08-02 01:29:24,716 - root - DEBUG - Sampled weight [1.69743507]
2020-08-02 01:29:24,997 - root - DEBUG - Updating hall of fame
2020-08-02 01:29:25,168 - root - INFO - Completed generation 66; 0.49s elapsed, 0.71s avg, 4.7e+01s total. Expected time remaining: 9.5e+01s
2020-08-02 01:29:25,228 - root - INFO - #66 MAX:accuracy.mean: 0.95
2020-08-02 01:29:25,263 - root - DEBUG - Sampled weight [1.01784722]
2020-08-02 01:29:25,542 - root - DEBUG - Updating hall of fame
2020-08-02 01:29:25,675 - root - INFO - Completed generation 67; 0.45s elapsed, 0.7s avg, 4.7e+01s total. Expected time remaining: 9.4e+01s
2020-08-02 01:29:25,736 - root - INFO - #67 MAX:accuracy.mean: 0.89
2020-08-02 01:29:25,771 - root - DEBUG - Sampled weight [2.60247147]
2020-08-02 01:29:26,054 - root - DEBUG - Updating hall of fame
2020-08-02 01:29:26,274 - root - INFO - Completed generation 68; 0.54s elapsed, 0.7s avg, 4.8e+01s total. Expected time remaining: 9.3e+01s
2020-08-02 01:29:26,335 - root - INFO - #68 MAX:accuracy.mean: 0.87
2020-08-02 01:29:26,371 - root - DEBUG - Sampled weight [1.00894056]
2020-08-02 01:29:26,652 - root - DEBUG - Updating hall of fame
2020-08-02 01:29:26,913 - root - INFO - Completed generation 69; 0.58s elapsed, 0.7s avg, 4.8e+01s total. Expected time remaining: 9.2e+01s
2020-08-02 01:29:26,973 - root - INFO - #69 MAX:accuracy.mean: 0.96
2020-08-02 01:29:27,008 - root - DEBUG - Sampled weight [1.23640233]
2020-08-02 01:29:27,286 - root - DEBUG - Updating hall of fame
2020-08-02 01:29:27,589 - root - INFO - Completed generation 70; 0.62s elapsed, 0.7s avg, 4.9e+01s total. Expected time remaining: 9.1e+01s
2020-08-02 01:29:27,649 - root - INFO - #70 MAX:accuracy.mean: 0.96
2020-08-02 01:29:27,750 - root - DEBUG - Sampled weight [1.55085882]
2020-08-02 01:29:28,029 - root - DEBUG - Updating hall of fame
2020-08-02 01:29:28,247 - root - INFO - Completed generation 71; 0.53s elapsed, 0.7s avg, 4.9e+01s total. Expected time remaining: 9e+01s
2020-08-02 01:29:28,307 - root - INFO - #71 MAX:accuracy.mean: 0.96
2020-08-02 01:29:28,342 - root - DEBUG - Sampled weight [0.6754893]
2020-08-02 01:29:28,619 - root - DEBUG - Updating hall of fame
2020-08-02 01:29:28,791 - root - INFO - Completed generation 72; 0.48s elapsed, 0.69s avg, 5e+01s total. Expected time remaining: 8.9e+01s
2020-08-02 01:29:28,851 - root - INFO - #72 MAX:accuracy.mean: 0.96
2020-08-02 01:29:28,886 - root - DEBUG - Sampled weight [0.49368384]
2020-08-02 01:29:29,166 - root - DEBUG - Updating hall of fame
2020-08-02 01:29:29,422 - root - INFO - Completed generation 73; 0.57s elapsed, 0.69s avg, 5e+01s total. Expected time remaining: 8.8e+01s
2020-08-02 01:29:29,482 - root - INFO - #73 MAX:accuracy.mean: 0.95
2020-08-02 01:29:29,517 - root - DEBUG - Sampled weight [1.04705033]
2020-08-02 01:29:29,795 - root - DEBUG - Updating hall of fame
2020-08-02 01:29:29,795 - root - INFO - Completed generation 74; 0.31s elapsed, 0.69s avg, 5.1e+01s total. Expected time remaining: 8.6e+01s
2020-08-02 01:29:29,856 - root - INFO - #74 MAX:accuracy.mean: 0.92
2020-08-02 01:29:29,893 - root - DEBUG - Sampled weight [1.30576655]
2020-08-02 01:29:30,172 - root - DEBUG - Updating hall of fame
2020-08-02 01:29:30,473 - root - INFO - Completed generation 75; 0.62s elapsed, 0.68s avg, 5.1e+01s total. Expected time remaining: 8.6e+01s
2020-08-02 01:29:30,533 - root - INFO - #75 MAX:accuracy.mean: 0.96
2020-08-02 01:29:30,568 - root - DEBUG - Sampled weight [2.22121846]
2020-08-02 01:29:30,848 - root - DEBUG - Updating hall of fame
2020-08-02 01:29:30,935 - root - INFO - Completed generation 76; 0.4s elapsed, 0.68s avg, 5.2e+01s total. Expected time remaining: 8.4e+01s
2020-08-02 01:29:30,996 - root - INFO - #76 MAX:accuracy.mean: 0.88
2020-08-02 01:29:31,031 - root - DEBUG - Sampled weight [1.0108686]
2020-08-02 01:29:31,309 - root - DEBUG - Updating hall of fame
2020-08-02 01:29:31,484 - root - INFO - Completed generation 77; 0.49s elapsed, 0.68s avg, 5.2e+01s total. Expected time remaining: 8.3e+01s
2020-08-02 01:29:31,545 - root - INFO - #77 MAX:accuracy.mean: 0.86
2020-08-02 01:29:31,581 - root - DEBUG - Sampled weight [0.51040834]
2020-08-02 01:29:31,860 - root - DEBUG - Updating hall of fame
2020-08-02 01:29:32,032 - root - INFO - Completed generation 78; 0.49s elapsed, 0.68s avg, 5.3e+01s total. Expected time remaining: 8.3e+01s
2020-08-02 01:29:32,092 - root - INFO - #78 MAX:accuracy.mean: 0.96
2020-08-02 01:29:32,128 - root - DEBUG - Sampled weight [0.31637429]
2020-08-02 01:29:32,406 - root - DEBUG - Updating hall of fame
2020-08-02 01:29:32,406 - root - INFO - Completed generation 79; 0.31s elapsed, 0.67s avg, 5.3e+01s total. Expected time remaining: 8.1e+01s
2020-08-02 01:29:32,466 - root - INFO - #79 MAX:accuracy.mean: 0.96
2020-08-02 01:29:32,503 - root - DEBUG - Sampled weight [0.42634421]
2020-08-02 01:29:32,781 - root - DEBUG - Updating hall of fame
2020-08-02 01:29:32,782 - root - INFO - Completed generation 80; 0.32s elapsed, 0.67s avg, 5.3e+01s total. Expected time remaining: 8e+01s
2020-08-02 01:29:32,842 - root - INFO - #80 MAX:accuracy.mean: 0.96
2020-08-02 01:29:32,943 - root - DEBUG - Sampled weight [1.41895325]
2020-08-02 01:29:33,222 - root - DEBUG - Updating hall of fame
2020-08-02 01:29:33,223 - root - INFO - Completed generation 81; 0.32s elapsed, 0.66s avg, 5.4e+01s total. Expected time remaining: 7.9e+01s
2020-08-02 01:29:33,283 - root - INFO - #81 MAX:accuracy.mean: 0.96
2020-08-02 01:29:33,319 - root - DEBUG - Sampled weight [1.88421456]
2020-08-02 01:29:33,597 - root - DEBUG - Updating hall of fame
2020-08-02 01:29:33,817 - root - INFO - Completed generation 82; 0.53s elapsed, 0.66s avg, 5.4e+01s total. Expected time remaining: 7.8e+01s
2020-08-02 01:29:33,877 - root - INFO - #82 MAX:accuracy.mean: 0.95
2020-08-02 01:29:33,913 - root - DEBUG - Sampled weight [1.14208289]
2020-08-02 01:29:34,190 - root - DEBUG - Updating hall of fame
2020-08-02 01:29:34,452 - root - INFO - Completed generation 83; 0.57s elapsed, 0.66s avg, 5.5e+01s total. Expected time remaining: 7.7e+01s
2020-08-02 01:29:34,513 - root - INFO - #83 MAX:accuracy.mean: 0.96
2020-08-02 01:29:34,548 - root - DEBUG - Sampled weight [0.55153888]
2020-08-02 01:29:34,826 - root - DEBUG - Updating hall of fame
2020-08-02 01:29:35,042 - root - INFO - Completed generation 84; 0.53s elapsed, 0.66s avg, 5.5e+01s total. Expected time remaining: 7.6e+01s
2020-08-02 01:29:35,102 - root - INFO - #84 MAX:accuracy.mean: 0.96
2020-08-02 01:29:35,138 - root - DEBUG - Sampled weight [1.33769908]
2020-08-02 01:29:35,416 - root - DEBUG - Updating hall of fame
2020-08-02 01:29:35,460 - root - INFO - Completed generation 85; 0.36s elapsed, 0.66s avg, 5.6e+01s total. Expected time remaining: 7.5e+01s
2020-08-02 01:29:35,520 - root - INFO - #85 MAX:accuracy.mean: 0.96
2020-08-02 01:29:35,556 - root - DEBUG - Sampled weight [0.93576828]
2020-08-02 01:29:35,836 - root - DEBUG - Updating hall of fame
2020-08-02 01:29:36,093 - root - INFO - Completed generation 86; 0.57s elapsed, 0.65s avg, 5.6e+01s total. Expected time remaining: 7.5e+01s
2020-08-02 01:29:36,153 - root - INFO - #86 MAX:accuracy.mean: 0.96
2020-08-02 01:29:36,189 - root - DEBUG - Sampled weight [0.73629156]
2020-08-02 01:29:36,469 - root - DEBUG - Updating hall of fame
2020-08-02 01:29:36,987 - root - INFO - Completed generation 87; 0.83s elapsed, 0.66s avg, 5.7e+01s total. Expected time remaining: 7.4e+01s
2020-08-02 01:29:37,047 - root - INFO - #87 MAX:accuracy.mean: 0.84
2020-08-02 01:29:37,083 - root - DEBUG - Sampled weight [1.55021076]
2020-08-02 01:29:37,364 - root - DEBUG - Updating hall of fame
2020-08-02 01:29:37,364 - root - INFO - Completed generation 88; 0.32s elapsed, 0.65s avg, 5.7e+01s total. Expected time remaining: 7.3e+01s
2020-08-02 01:29:37,425 - root - INFO - #88 MAX:accuracy.mean: 0.87
2020-08-02 01:29:37,461 - root - DEBUG - Sampled weight [0.82961577]
2020-08-02 01:29:37,739 - root - DEBUG - Updating hall of fame
2020-08-02 01:29:37,911 - root - INFO - Completed generation 89; 0.49s elapsed, 0.65s avg, 5.8e+01s total. Expected time remaining: 7.2e+01s
2020-08-02 01:29:37,972 - root - INFO - #89 MAX:accuracy.mean: 0.96
2020-08-02 01:29:38,008 - root - DEBUG - Sampled weight [0.56250572]
2020-08-02 01:29:38,289 - root - DEBUG - Updating hall of fame
2020-08-02 01:29:38,640 - root - INFO - Completed generation 90; 0.67s elapsed, 0.65s avg, 5.9e+01s total. Expected time remaining: 7.2e+01s
2020-08-02 01:29:38,700 - root - INFO - #90 MAX:accuracy.mean: 0.84
2020-08-02 01:29:38,825 - root - DEBUG - Sampled weight [1.38464254]
2020-08-02 01:29:39,107 - root - DEBUG - Updating hall of fame
2020-08-02 01:29:39,151 - root - INFO - Completed generation 91; 0.36s elapsed, 0.65s avg, 5.9e+01s total. Expected time remaining: 7.1e+01s
2020-08-02 01:29:39,212 - root - INFO - #91 MAX:accuracy.mean: 0.96
2020-08-02 01:29:39,247 - root - DEBUG - Sampled weight [0.2127243]
2020-08-02 01:29:39,529 - root - DEBUG - Updating hall of fame
2020-08-02 01:29:39,790 - root - INFO - Completed generation 92; 0.58s elapsed, 0.65s avg, 6e+01s total. Expected time remaining: 7e+01s
2020-08-02 01:29:39,851 - root - INFO - #92 MAX:accuracy.mean: 0.87
2020-08-02 01:29:39,888 - root - DEBUG - Sampled weight [1.78380977]
2020-08-02 01:29:40,169 - root - DEBUG - Updating hall of fame
2020-08-02 01:29:40,169 - root - INFO - Completed generation 93; 0.32s elapsed, 0.64s avg, 6e+01s total. Expected time remaining: 6.9e+01s
2020-08-02 01:29:40,230 - root - INFO - #93 MAX:accuracy.mean: 0.95
2020-08-02 01:29:40,266 - root - DEBUG - Sampled weight [0.40214723]
2020-08-02 01:29:40,550 - root - DEBUG - Updating hall of fame
2020-08-02 01:29:40,769 - root - INFO - Completed generation 94; 0.54s elapsed, 0.64s avg, 6e+01s total. Expected time remaining: 6.8e+01s
2020-08-02 01:29:40,829 - root - INFO - #94 MAX:accuracy.mean: 0.84
2020-08-02 01:29:40,865 - root - DEBUG - Sampled weight [0.62789569]
2020-08-02 01:29:41,148 - root - DEBUG - Updating hall of fame
2020-08-02 01:29:41,148 - root - INFO - Completed generation 95; 0.32s elapsed, 0.64s avg, 6.1e+01s total. Expected time remaining: 6.7e+01s
2020-08-02 01:29:41,208 - root - INFO - #95 MAX:accuracy.mean: 0.91
2020-08-02 01:29:41,244 - root - DEBUG - Sampled weight [2.32240463]
2020-08-02 01:29:41,528 - root - DEBUG - Updating hall of fame
2020-08-02 01:29:41,828 - root - INFO - Completed generation 96; 0.62s elapsed, 0.64s avg, 6.1e+01s total. Expected time remaining: 6.6e+01s
2020-08-02 01:29:41,889 - root - INFO - #96 MAX:accuracy.mean: 0.85
2020-08-02 01:29:41,925 - root - DEBUG - Sampled weight [1.16541135]
2020-08-02 01:29:42,207 - root - DEBUG - Updating hall of fame
2020-08-02 01:29:42,338 - root - INFO - Completed generation 97; 0.45s elapsed, 0.64s avg, 6.2e+01s total. Expected time remaining: 6.6e+01s
2020-08-02 01:29:42,399 - root - INFO - #97 MAX:accuracy.mean: 0.96
2020-08-02 01:29:42,434 - root - DEBUG - Sampled weight [1.19254978]
2020-08-02 01:29:42,714 - root - DEBUG - Updating hall of fame
2020-08-02 01:29:42,886 - root - INFO - Completed generation 98; 0.49s elapsed, 0.64s avg, 6.2e+01s total. Expected time remaining: 6.5e+01s
2020-08-02 01:29:42,946 - root - INFO - #98 MAX:accuracy.mean: 0.86
2020-08-02 01:29:42,983 - root - DEBUG - Sampled weight [0.92492968]
2020-08-02 01:29:43,264 - root - DEBUG - Updating hall of fame
2020-08-02 01:29:43,394 - root - INFO - Completed generation 99; 0.45s elapsed, 0.63s avg, 6.3e+01s total. Expected time remaining: 6.4e+01s
2020-08-02 01:29:43,454 - root - INFO - #99 MAX:accuracy.mean: 0.89
2020-08-02 01:29:43,490 - root - DEBUG - Sampled weight [0.41639503]
2020-08-02 01:29:43,771 - root - DEBUG - Updating hall of fame
2020-08-02 01:29:43,905 - root - INFO - Completed generation 100; 0.45s elapsed, 0.63s avg, 6.3e+01s total. Expected time remaining: 6.3e+01s
2020-08-02 01:29:43,965 - root - INFO - #100 MAX:accuracy.mean: 0.86
2020-08-02 01:29:44,095 - root - DEBUG - Sampled weight [0.56382298]
2020-08-02 01:29:44,378 - root - DEBUG - Updating hall of fame
2020-08-02 01:29:44,379 - root - INFO - Completed generation 101; 0.32s elapsed, 0.63s avg, 6.3e+01s total. Expected time remaining: 6.2e+01s
2020-08-02 01:29:44,439 - root - INFO - #101 MAX:accuracy.mean: 0.85
2020-08-02 01:29:44,475 - root - DEBUG - Sampled weight [0.44468382]
2020-08-02 01:29:44,757 - root - DEBUG - Updating hall of fame
2020-08-02 01:29:44,801 - root - INFO - Completed generation 102; 0.36s elapsed, 0.63s avg, 6.4e+01s total. Expected time remaining: 6.1e+01s
2020-08-02 01:29:44,861 - root - INFO - #102 MAX:accuracy.mean: 0.84
2020-08-02 01:29:44,897 - root - DEBUG - Sampled weight [0.76042322]
2020-08-02 01:29:45,178 - root - DEBUG - Updating hall of fame
2020-08-02 01:29:45,178 - root - INFO - Completed generation 103; 0.32s elapsed, 0.62s avg, 6.4e+01s total. Expected time remaining: 6e+01s
2020-08-02 01:29:45,238 - root - INFO - #103 MAX:accuracy.mean: 0.96
2020-08-02 01:29:45,274 - root - DEBUG - Sampled weight [0.76901417]
2020-08-02 01:29:45,557 - root - DEBUG - Updating hall of fame
2020-08-02 01:29:45,864 - root - INFO - Completed generation 104; 0.63s elapsed, 0.62s avg, 6.5e+01s total. Expected time remaining: 6e+01s
2020-08-02 01:29:45,925 - root - INFO - #104 MAX:accuracy.mean: 0.96
2020-08-02 01:29:45,961 - root - DEBUG - Sampled weight [0.94516526]
2020-08-02 01:29:46,246 - root - DEBUG - Updating hall of fame
2020-08-02 01:29:46,512 - root - INFO - Completed generation 105; 0.59s elapsed, 0.62s avg, 6.5e+01s total. Expected time remaining: 5.9e+01s
2020-08-02 01:29:46,572 - root - INFO - #105 MAX:accuracy.mean: 0.96
2020-08-02 01:29:46,608 - root - DEBUG - Sampled weight [0.75757016]
2020-08-02 01:29:46,888 - root - DEBUG - Updating hall of fame
2020-08-02 01:29:47,152 - root - INFO - Completed generation 106; 0.58s elapsed, 0.62s avg, 6.6e+01s total. Expected time remaining: 5.8e+01s
2020-08-02 01:29:47,212 - root - INFO - #106 MAX:accuracy.mean: 0.89
2020-08-02 01:29:47,248 - root - DEBUG - Sampled weight [1.05825543]
2020-08-02 01:29:47,531 - root - DEBUG - Updating hall of fame
2020-08-02 01:29:47,752 - root - INFO - Completed generation 107; 0.54s elapsed, 0.62s avg, 6.6e+01s total. Expected time remaining: 5.8e+01s
2020-08-02 01:29:47,812 - root - INFO - #107 MAX:accuracy.mean: 0.84
2020-08-02 01:29:47,848 - root - DEBUG - Sampled weight [0.98259799]
2020-08-02 01:29:48,134 - root - DEBUG - Updating hall of fame
2020-08-02 01:29:48,309 - root - INFO - Completed generation 108; 0.5s elapsed, 0.62s avg, 6.7e+01s total. Expected time remaining: 5.7e+01s
2020-08-02 01:29:48,369 - root - INFO - #108 MAX:accuracy.mean: 0.94
2020-08-02 01:29:48,406 - root - DEBUG - Sampled weight [0.68036025]
2020-08-02 01:29:48,688 - root - DEBUG - Updating hall of fame
2020-08-02 01:29:49,073 - root - INFO - Completed generation 109; 0.7s elapsed, 0.62s avg, 6.8e+01s total. Expected time remaining: 5.6e+01s
2020-08-02 01:29:49,133 - root - INFO - #109 MAX:accuracy.mean: 0.96
2020-08-02 01:29:49,169 - root - DEBUG - Sampled weight [1.32471185]
2020-08-02 01:29:49,448 - root - DEBUG - Updating hall of fame
2020-08-02 01:29:49,492 - root - INFO - Completed generation 110; 0.36s elapsed, 0.62s avg, 6.8e+01s total. Expected time remaining: 5.6e+01s
2020-08-02 01:29:49,552 - root - INFO - #110 MAX:accuracy.mean: 0.83
2020-08-02 01:29:49,664 - root - DEBUG - Sampled weight [0.42363843]
2020-08-02 01:29:49,948 - root - DEBUG - Updating hall of fame
2020-08-02 01:29:50,077 - root - INFO - Completed generation 111; 0.45s elapsed, 0.62s avg, 6.8e+01s total. Expected time remaining: 5.5e+01s
2020-08-02 01:29:50,137 - root - INFO - #111 MAX:accuracy.mean: 0.83
2020-08-02 01:29:50,174 - root - DEBUG - Sampled weight [2.82514587]
2020-08-02 01:29:50,456 - root - DEBUG - Updating hall of fame
2020-08-02 01:29:50,501 - root - INFO - Completed generation 112; 0.36s elapsed, 0.61s avg, 6.9e+01s total. Expected time remaining: 5.4e+01s
2020-08-02 01:29:50,561 - root - INFO - #112 MAX:accuracy.mean: 0.85
2020-08-02 01:29:50,597 - root - DEBUG - Sampled weight [1.19378213]
2020-08-02 01:29:50,879 - root - DEBUG - Updating hall of fame
2020-08-02 01:29:51,011 - root - INFO - Completed generation 113; 0.45s elapsed, 0.61s avg, 6.9e+01s total. Expected time remaining: 5.3e+01s
2020-08-02 01:29:51,072 - root - INFO - #113 MAX:accuracy.mean: 0.89
2020-08-02 01:29:51,108 - root - DEBUG - Sampled weight [1.40830677]
2020-08-02 01:29:51,388 - root - DEBUG - Updating hall of fame
2020-08-02 01:29:51,563 - root - INFO - Completed generation 114; 0.49s elapsed, 0.61s avg, 7e+01s total. Expected time remaining: 5.3e+01s
2020-08-02 01:29:51,623 - root - INFO - #114 MAX:accuracy.mean: 0.96
2020-08-02 01:29:51,659 - root - DEBUG - Sampled weight [0.69900555]
2020-08-02 01:29:51,941 - root - DEBUG - Updating hall of fame
2020-08-02 01:29:52,244 - root - INFO - Completed generation 115; 0.62s elapsed, 0.61s avg, 7e+01s total. Expected time remaining: 5.2e+01s
2020-08-02 01:29:52,304 - root - INFO - #115 MAX:accuracy.mean: 0.96
2020-08-02 01:29:52,339 - root - DEBUG - Sampled weight [1.14136348]
2020-08-02 01:29:52,620 - root - DEBUG - Updating hall of fame
2020-08-02 01:29:52,875 - root - INFO - Completed generation 116; 0.57s elapsed, 0.61s avg, 7.1e+01s total. Expected time remaining: 5.1e+01s
2020-08-02 01:29:52,935 - root - INFO - #116 MAX:accuracy.mean: 0.96
2020-08-02 01:29:52,971 - root - DEBUG - Sampled weight [1.16830607]
2020-08-02 01:29:53,253 - root - DEBUG - Updating hall of fame
2020-08-02 01:29:53,601 - root - INFO - Completed generation 117; 0.67s elapsed, 0.61s avg, 7.2e+01s total. Expected time remaining: 5.1e+01s
2020-08-02 01:29:53,662 - root - INFO - #117 MAX:accuracy.mean: 0.95
2020-08-02 01:29:53,697 - root - DEBUG - Sampled weight [1.08393773]
2020-08-02 01:29:53,980 - root - DEBUG - Updating hall of fame
2020-08-02 01:29:54,321 - root - INFO - Completed generation 118; 0.66s elapsed, 0.61s avg, 7.2e+01s total. Expected time remaining: 5e+01s
2020-08-02 01:29:54,381 - root - INFO - #118 MAX:accuracy.mean: 0.89
2020-08-02 01:29:54,417 - root - DEBUG - Sampled weight [1.02672708]
2020-08-02 01:29:54,698 - root - DEBUG - Updating hall of fame
2020-08-02 01:29:54,960 - root - INFO - Completed generation 119; 0.58s elapsed, 0.61s avg, 7.3e+01s total. Expected time remaining: 5e+01s
2020-08-02 01:29:55,020 - root - INFO - #119 MAX:accuracy.mean: 0.89
2020-08-02 01:29:55,056 - root - DEBUG - Sampled weight [0.7903938]
2020-08-02 01:29:55,337 - root - DEBUG - Updating hall of fame
2020-08-02 01:29:55,639 - root - INFO - Completed generation 120; 0.62s elapsed, 0.61s avg, 7.3e+01s total. Expected time remaining: 4.9e+01s
2020-08-02 01:29:55,699 - root - INFO - #120 MAX:accuracy.mean: 0.96
2020-08-02 01:29:55,818 - root - DEBUG - Sampled weight [1.07608356]
2020-08-02 01:29:56,102 - root - DEBUG - Updating hall of fame
2020-08-02 01:29:56,402 - root - INFO - Completed generation 121; 0.62s elapsed, 0.61s avg, 7.4e+01s total. Expected time remaining: 4.8e+01s
2020-08-02 01:29:56,462 - root - INFO - #121 MAX:accuracy.mean: 0.91
2020-08-02 01:29:56,498 - root - DEBUG - Sampled weight [1.97118188]
2020-08-02 01:29:56,780 - root - DEBUG - Updating hall of fame
2020-08-02 01:29:56,869 - root - INFO - Completed generation 122; 0.41s elapsed, 0.61s avg, 7.5e+01s total. Expected time remaining: 4.8e+01s
2020-08-02 01:29:56,929 - root - INFO - #122 MAX:accuracy.mean: 0.84
2020-08-02 01:29:56,966 - root - DEBUG - Sampled weight [0.44445928]
2020-08-02 01:29:57,249 - root - DEBUG - Updating hall of fame
2020-08-02 01:29:57,379 - root - INFO - Completed generation 123; 0.45s elapsed, 0.61s avg, 7.5e+01s total. Expected time remaining: 4.7e+01s
2020-08-02 01:29:57,439 - root - INFO - #123 MAX:accuracy.mean: 0.93
2020-08-02 01:29:57,475 - root - DEBUG - Sampled weight [0.50232883]
2020-08-02 01:29:57,758 - root - DEBUG - Updating hall of fame
2020-08-02 01:29:57,803 - root - INFO - Completed generation 124; 0.36s elapsed, 0.61s avg, 7.5e+01s total. Expected time remaining: 4.6e+01s
2020-08-02 01:29:57,864 - root - INFO - #124 MAX:accuracy.mean: 0.82
2020-08-02 01:29:57,901 - root - DEBUG - Sampled weight [1.36910627]
2020-08-02 01:29:58,187 - root - DEBUG - Updating hall of fame
2020-08-02 01:29:58,233 - root - INFO - Completed generation 125; 0.37s elapsed, 0.61s avg, 7.6e+01s total. Expected time remaining: 4.5e+01s
2020-08-02 01:29:58,293 - root - INFO - #125 MAX:accuracy.mean: 0.83
2020-08-02 01:29:58,329 - root - DEBUG - Sampled weight [1.42242623]
2020-08-02 01:29:58,612 - root - DEBUG - Updating hall of fame
2020-08-02 01:29:58,697 - root - INFO - Completed generation 126; 0.4s elapsed, 0.6s avg, 7.6e+01s total. Expected time remaining: 4.5e+01s
2020-08-02 01:29:58,758 - root - INFO - #126 MAX:accuracy.mean: 0.96
2020-08-02 01:29:58,794 - root - DEBUG - Sampled weight [1.12289278]
2020-08-02 01:29:59,077 - root - DEBUG - Updating hall of fame
2020-08-02 01:29:59,510 - root - INFO - Completed generation 127; 0.75s elapsed, 0.61s avg, 7.7e+01s total. Expected time remaining: 4.4e+01s
2020-08-02 01:29:59,570 - root - INFO - #127 MAX:accuracy.mean: 0.96
2020-08-02 01:29:59,606 - root - DEBUG - Sampled weight [1.18634594]
2020-08-02 01:29:59,886 - root - DEBUG - Updating hall of fame
2020-08-02 01:30:00,060 - root - INFO - Completed generation 128; 0.49s elapsed, 0.6s avg, 7.7e+01s total. Expected time remaining: 4.4e+01s
2020-08-02 01:30:00,120 - root - INFO - #128 MAX:accuracy.mean: 0.96
2020-08-02 01:30:00,156 - root - DEBUG - Sampled weight [0.52432347]
2020-08-02 01:30:00,438 - root - DEBUG - Updating hall of fame
2020-08-02 01:30:00,650 - root - INFO - Completed generation 129; 0.53s elapsed, 0.6s avg, 7.8e+01s total. Expected time remaining: 4.3e+01s
2020-08-02 01:30:00,710 - root - INFO - #129 MAX:accuracy.mean: 0.91
2020-08-02 01:30:00,747 - root - DEBUG - Sampled weight [0.89268386]
2020-08-02 01:30:01,025 - root - DEBUG - Updating hall of fame
2020-08-02 01:30:01,112 - root - INFO - Completed generation 130; 0.4s elapsed, 0.6s avg, 7.8e+01s total. Expected time remaining: 4.2e+01s
2020-08-02 01:30:01,172 - root - INFO - #130 MAX:accuracy.mean: 0.96
2020-08-02 01:30:01,282 - root - DEBUG - Sampled weight [0.84387986]
2020-08-02 01:30:01,564 - root - DEBUG - Updating hall of fame
2020-08-02 01:30:02,054 - root - INFO - Completed generation 131; 0.81s elapsed, 0.6s avg, 7.9e+01s total. Expected time remaining: 4.2e+01s
2020-08-02 01:30:02,115 - root - INFO - #131 MAX:accuracy.mean: 0.96
2020-08-02 01:30:02,151 - root - DEBUG - Sampled weight [4.50833392]
2020-08-02 01:30:02,437 - root - DEBUG - Updating hall of fame
2020-08-02 01:30:02,483 - root - INFO - Completed generation 132; 0.37s elapsed, 0.6s avg, 7.9e+01s total. Expected time remaining: 4.1e+01s
2020-08-02 01:30:02,544 - root - INFO - #132 MAX:accuracy.mean: 0.83
2020-08-02 01:30:02,579 - root - DEBUG - Sampled weight [1.05331244]
2020-08-02 01:30:02,857 - root - DEBUG - Updating hall of fame
2020-08-02 01:30:02,902 - root - INFO - Completed generation 133; 0.36s elapsed, 0.6s avg, 8e+01s total. Expected time remaining: 4e+01s
2020-08-02 01:30:02,962 - root - INFO - #133 MAX:accuracy.mean: 0.89
2020-08-02 01:30:02,998 - root - DEBUG - Sampled weight [0.94176258]
2020-08-02 01:30:03,282 - root - DEBUG - Updating hall of fame
2020-08-02 01:30:03,586 - root - INFO - Completed generation 134; 0.62s elapsed, 0.6s avg, 8e+01s total. Expected time remaining: 4e+01s
2020-08-02 01:30:03,646 - root - INFO - #134 MAX:accuracy.mean: 0.96
2020-08-02 01:30:03,682 - root - DEBUG - Sampled weight [1.15482232]
2020-08-02 01:30:03,962 - root - DEBUG - Updating hall of fame
2020-08-02 01:30:04,264 - root - INFO - Completed generation 135; 0.62s elapsed, 0.6s avg, 8.1e+01s total. Expected time remaining: 3.9e+01s
2020-08-02 01:30:04,326 - root - INFO - #135 MAX:accuracy.mean: 0.96
2020-08-02 01:30:04,363 - root - DEBUG - Sampled weight [0.80724833]
2020-08-02 01:30:04,647 - root - DEBUG - Updating hall of fame
2020-08-02 01:30:04,866 - root - INFO - Completed generation 136; 0.54s elapsed, 0.6s avg, 8.2e+01s total. Expected time remaining: 3.8e+01s
2020-08-02 01:30:04,926 - root - INFO - #136 MAX:accuracy.mean: 0.96
2020-08-02 01:30:04,962 - root - DEBUG - Sampled weight [1.06315424]
2020-08-02 01:30:05,241 - root - DEBUG - Updating hall of fame
2020-08-02 01:30:05,541 - root - INFO - Completed generation 137; 0.61s elapsed, 0.6s avg, 8.2e+01s total. Expected time remaining: 3.8e+01s
2020-08-02 01:30:05,602 - root - INFO - #137 MAX:accuracy.mean: 0.89
2020-08-02 01:30:05,638 - root - DEBUG - Sampled weight [0.85410409]
2020-08-02 01:30:05,918 - root - DEBUG - Updating hall of fame
2020-08-02 01:30:06,007 - root - INFO - Completed generation 138; 0.4s elapsed, 0.6s avg, 8.3e+01s total. Expected time remaining: 3.7e+01s
2020-08-02 01:30:06,067 - root - INFO - #138 MAX:accuracy.mean: 0.96
2020-08-02 01:30:06,103 - root - DEBUG - Sampled weight [0.64569581]
2020-08-02 01:30:06,388 - root - DEBUG - Updating hall of fame
2020-08-02 01:30:06,863 - root - INFO - Completed generation 139; 0.8s elapsed, 0.6s avg, 8.3e+01s total. Expected time remaining: 3.7e+01s
2020-08-02 01:30:06,923 - root - INFO - #139 MAX:accuracy.mean: 0.89
2020-08-02 01:30:06,958 - root - DEBUG - Sampled weight [0.50629134]
2020-08-02 01:30:07,245 - root - DEBUG - Updating hall of fame
2020-08-02 01:30:07,245 - root - INFO - Completed generation 140; 0.32s elapsed, 0.6s avg, 8.4e+01s total. Expected time remaining: 3.6e+01s
2020-08-02 01:30:07,305 - root - INFO - #140 MAX:accuracy.mean: 0.89
2020-08-02 01:30:07,426 - root - DEBUG - Sampled weight [0.43302141]
2020-08-02 01:30:07,710 - root - DEBUG - Updating hall of fame
2020-08-02 01:30:07,799 - root - INFO - Completed generation 141; 0.41s elapsed, 0.6s avg, 8.4e+01s total. Expected time remaining: 3.5e+01s
2020-08-02 01:30:07,859 - root - INFO - #141 MAX:accuracy.mean: 0.96
2020-08-02 01:30:07,897 - root - DEBUG - Sampled weight [1.27662749]
2020-08-02 01:30:08,180 - root - DEBUG - Updating hall of fame
2020-08-02 01:30:08,270 - root - INFO - Completed generation 142; 0.41s elapsed, 0.6s avg, 8.5e+01s total. Expected time remaining: 3.5e+01s
2020-08-02 01:30:08,330 - root - INFO - #142 MAX:accuracy.mean: 0.89
2020-08-02 01:30:08,366 - root - DEBUG - Sampled weight [2.11906274]
2020-08-02 01:30:08,645 - root - DEBUG - Updating hall of fame
2020-08-02 01:30:08,823 - root - INFO - Completed generation 143; 0.49s elapsed, 0.59s avg, 8.5e+01s total. Expected time remaining: 3.4e+01s
2020-08-02 01:30:08,883 - root - INFO - #143 MAX:accuracy.mean: 0.82
2020-08-02 01:30:08,919 - root - DEBUG - Sampled weight [1.23870755]
2020-08-02 01:30:09,203 - root - DEBUG - Updating hall of fame
2020-08-02 01:30:09,289 - root - INFO - Completed generation 144; 0.41s elapsed, 0.59s avg, 8.5e+01s total. Expected time remaining: 3.3e+01s
2020-08-02 01:30:09,350 - root - INFO - #144 MAX:accuracy.mean: 0.95
2020-08-02 01:30:09,386 - root - DEBUG - Sampled weight [0.98959533]
2020-08-02 01:30:09,668 - root - DEBUG - Updating hall of fame
2020-08-02 01:30:09,887 - root - INFO - Completed generation 145; 0.54s elapsed, 0.59s avg, 8.6e+01s total. Expected time remaining: 3.3e+01s
2020-08-02 01:30:09,947 - root - INFO - #145 MAX:accuracy.mean: 0.93
2020-08-02 01:30:09,983 - root - DEBUG - Sampled weight [0.31499571]
2020-08-02 01:30:10,263 - root - DEBUG - Updating hall of fame
2020-08-02 01:30:10,395 - root - INFO - Completed generation 146; 0.45s elapsed, 0.59s avg, 8.6e+01s total. Expected time remaining: 3.2e+01s
2020-08-02 01:30:10,456 - root - INFO - #146 MAX:accuracy.mean: 0.81
2020-08-02 01:30:10,492 - root - DEBUG - Sampled weight [0.57025874]
2020-08-02 01:30:10,779 - root - DEBUG - Updating hall of fame
2020-08-02 01:30:10,780 - root - INFO - Completed generation 147; 0.32s elapsed, 0.59s avg, 8.7e+01s total. Expected time remaining: 3.1e+01s
2020-08-02 01:30:10,840 - root - INFO - #147 MAX:accuracy.mean: 0.95
2020-08-02 01:30:10,877 - root - DEBUG - Sampled weight [0.59977282]
2020-08-02 01:30:11,158 - root - DEBUG - Updating hall of fame
2020-08-02 01:30:11,245 - root - INFO - Completed generation 148; 0.4s elapsed, 0.59s avg, 8.7e+01s total. Expected time remaining: 3.1e+01s
2020-08-02 01:30:11,305 - root - INFO - #148 MAX:accuracy.mean: 0.95
2020-08-02 01:30:11,341 - root - DEBUG - Sampled weight [0.95968106]
2020-08-02 01:30:11,623 - root - DEBUG - Updating hall of fame
2020-08-02 01:30:11,712 - root - INFO - Completed generation 149; 0.41s elapsed, 0.59s avg, 8.8e+01s total. Expected time remaining: 3e+01s
2020-08-02 01:30:11,772 - root - INFO - #149 MAX:accuracy.mean: 0.94
2020-08-02 01:30:11,809 - root - DEBUG - Sampled weight [0.71489123]
2020-08-02 01:30:12,088 - root - DEBUG - Updating hall of fame
2020-08-02 01:30:12,601 - root - INFO - Completed generation 150; 0.83s elapsed, 0.59s avg, 8.8e+01s total. Expected time remaining: 2.9e+01s
2020-08-02 01:30:12,661 - root - INFO - #150 MAX:accuracy.mean: 0.96
2020-08-02 01:30:12,784 - root - DEBUG - Sampled weight [1.39057795]
2020-08-02 01:30:13,067 - root - DEBUG - Updating hall of fame
2020-08-02 01:30:13,239 - root - INFO - Completed generation 151; 0.49s elapsed, 0.59s avg, 8.9e+01s total. Expected time remaining: 2.9e+01s
2020-08-02 01:30:13,300 - root - INFO - #151 MAX:accuracy.mean: 0.96
2020-08-02 01:30:13,336 - root - DEBUG - Sampled weight [2.16572345]
2020-08-02 01:30:13,620 - root - DEBUG - Updating hall of fame
2020-08-02 01:30:13,754 - root - INFO - Completed generation 152; 0.45s elapsed, 0.59s avg, 8.9e+01s total. Expected time remaining: 2.8e+01s
2020-08-02 01:30:13,814 - root - INFO - #152 MAX:accuracy.mean: 0.89
2020-08-02 01:30:13,851 - root - DEBUG - Sampled weight [0.49407456]
2020-08-02 01:30:14,133 - root - DEBUG - Updating hall of fame
2020-08-02 01:30:14,396 - root - INFO - Completed generation 153; 0.58s elapsed, 0.59s avg, 9e+01s total. Expected time remaining: 2.8e+01s
2020-08-02 01:30:14,456 - root - INFO - #153 MAX:accuracy.mean: 0.96
2020-08-02 01:30:14,493 - root - DEBUG - Sampled weight [0.67870644]
2020-08-02 01:30:14,776 - root - DEBUG - Updating hall of fame
2020-08-02 01:30:14,822 - root - INFO - Completed generation 154; 0.37s elapsed, 0.59s avg, 9e+01s total. Expected time remaining: 2.7e+01s
2020-08-02 01:30:14,883 - root - INFO - #154 MAX:accuracy.mean: 0.96
2020-08-02 01:30:14,919 - root - DEBUG - Sampled weight [1.87175231]
2020-08-02 01:30:15,202 - root - DEBUG - Updating hall of fame
2020-08-02 01:30:15,336 - root - INFO - Completed generation 155; 0.45s elapsed, 0.59s avg, 9.1e+01s total. Expected time remaining: 2.6e+01s
2020-08-02 01:30:15,396 - root - INFO - #155 MAX:accuracy.mean: 0.95
2020-08-02 01:30:15,431 - root - DEBUG - Sampled weight [1.41944738]
2020-08-02 01:30:15,711 - root - DEBUG - Updating hall of fame
2020-08-02 01:30:15,889 - root - INFO - Completed generation 156; 0.49s elapsed, 0.58s avg, 9.1e+01s total. Expected time remaining: 2.6e+01s
2020-08-02 01:30:15,950 - root - INFO - #156 MAX:accuracy.mean: 0.86
2020-08-02 01:30:15,986 - root - DEBUG - Sampled weight [1.72720015]
2020-08-02 01:30:16,267 - root - DEBUG - Updating hall of fame
2020-08-02 01:30:16,445 - root - INFO - Completed generation 157; 0.5s elapsed, 0.58s avg, 9.2e+01s total. Expected time remaining: 2.5e+01s
2020-08-02 01:30:16,506 - root - INFO - #157 MAX:accuracy.mean: 0.95
2020-08-02 01:30:16,543 - root - DEBUG - Sampled weight [0.57152686]
2020-08-02 01:30:16,827 - root - DEBUG - Updating hall of fame
2020-08-02 01:30:17,003 - root - INFO - Completed generation 158; 0.5s elapsed, 0.58s avg, 9.2e+01s total. Expected time remaining: 2.5e+01s
2020-08-02 01:30:17,064 - root - INFO - #158 MAX:accuracy.mean: 0.85
2020-08-02 01:30:17,100 - root - DEBUG - Sampled weight [0.73625559]
2020-08-02 01:30:17,387 - root - DEBUG - Updating hall of fame
2020-08-02 01:30:17,430 - root - INFO - Completed generation 159; 0.37s elapsed, 0.58s avg, 9.3e+01s total. Expected time remaining: 2.4e+01s
2020-08-02 01:30:17,491 - root - INFO - #159 MAX:accuracy.mean: 0.95
2020-08-02 01:30:17,527 - root - DEBUG - Sampled weight [0.67796856]
2020-08-02 01:30:17,815 - root - DEBUG - Updating hall of fame
2020-08-02 01:30:18,032 - root - INFO - Completed generation 160; 0.54s elapsed, 0.58s avg, 9.3e+01s total. Expected time remaining: 2.3e+01s
2020-08-02 01:30:18,093 - root - INFO - #160 MAX:accuracy.mean: 0.96
2020-08-02 01:30:18,212 - root - DEBUG - Sampled weight [0.86042238]
2020-08-02 01:30:18,496 - root - DEBUG - Updating hall of fame
2020-08-02 01:30:18,669 - root - INFO - Completed generation 161; 0.49s elapsed, 0.58s avg, 9.4e+01s total. Expected time remaining: 2.3e+01s
2020-08-02 01:30:18,729 - root - INFO - #161 MAX:accuracy.mean: 0.91
2020-08-02 01:30:18,765 - root - DEBUG - Sampled weight [1.22902161]
2020-08-02 01:30:19,050 - root - DEBUG - Updating hall of fame
2020-08-02 01:30:19,140 - root - INFO - Completed generation 162; 0.41s elapsed, 0.58s avg, 9.4e+01s total. Expected time remaining: 2.2e+01s
2020-08-02 01:30:19,200 - root - INFO - #162 MAX:accuracy.mean: 0.89
2020-08-02 01:30:19,235 - root - DEBUG - Sampled weight [0.57410371]
2020-08-02 01:30:19,520 - root - DEBUG - Updating hall of fame
2020-08-02 01:30:19,610 - root - INFO - Completed generation 163; 0.41s elapsed, 0.58s avg, 9.4e+01s total. Expected time remaining: 2.1e+01s
2020-08-02 01:30:19,671 - root - INFO - #163 MAX:accuracy.mean: 0.83
2020-08-02 01:30:19,707 - root - DEBUG - Sampled weight [0.726408]
2020-08-02 01:30:19,996 - root - DEBUG - Updating hall of fame
2020-08-02 01:30:20,170 - root - INFO - Completed generation 164; 0.5s elapsed, 0.58s avg, 9.5e+01s total. Expected time remaining: 2.1e+01s
2020-08-02 01:30:20,230 - root - INFO - #164 MAX:accuracy.mean: 0.96
2020-08-02 01:30:20,267 - root - DEBUG - Sampled weight [0.79973]
2020-08-02 01:30:20,557 - root - DEBUG - Updating hall of fame
2020-08-02 01:30:20,732 - root - INFO - Completed generation 165; 0.5s elapsed, 0.58s avg, 9.5e+01s total. Expected time remaining: 2e+01s
2020-08-02 01:30:20,793 - root - INFO - #165 MAX:accuracy.mean: 0.95
2020-08-02 01:30:20,828 - root - DEBUG - Sampled weight [0.55784353]
2020-08-02 01:30:21,114 - root - DEBUG - Updating hall of fame
2020-08-02 01:30:21,202 - root - INFO - Completed generation 166; 0.41s elapsed, 0.58s avg, 9.6e+01s total. Expected time remaining: 2e+01s
2020-08-02 01:30:21,262 - root - INFO - #166 MAX:accuracy.mean: 0.95
2020-08-02 01:30:21,299 - root - DEBUG - Sampled weight [0.90484153]
2020-08-02 01:30:21,587 - root - DEBUG - Updating hall of fame
2020-08-02 01:30:21,680 - root - INFO - Completed generation 167; 0.42s elapsed, 0.58s avg, 9.6e+01s total. Expected time remaining: 1.9e+01s
2020-08-02 01:30:21,741 - root - INFO - #167 MAX:accuracy.mean: 0.97
2020-08-02 01:30:21,777 - root - DEBUG - Sampled weight [0.92701654]
2020-08-02 01:30:22,062 - root - DEBUG - Updating hall of fame
2020-08-02 01:30:22,551 - root - INFO - Completed generation 168; 0.81s elapsed, 0.58s avg, 9.7e+01s total. Expected time remaining: 1.8e+01s
2020-08-02 01:30:22,611 - root - INFO - #168 MAX:accuracy.mean: 0.97
2020-08-02 01:30:22,647 - root - DEBUG - Sampled weight [0.72168396]
2020-08-02 01:30:22,927 - root - DEBUG - Updating hall of fame
2020-08-02 01:30:23,232 - root - INFO - Completed generation 169; 0.62s elapsed, 0.58s avg, 9.8e+01s total. Expected time remaining: 1.8e+01s
2020-08-02 01:30:23,292 - root - INFO - #169 MAX:accuracy.mean: 0.95
2020-08-02 01:30:23,329 - root - DEBUG - Sampled weight [1.3490708]
2020-08-02 01:30:23,614 - root - DEBUG - Updating hall of fame
2020-08-02 01:30:23,789 - root - INFO - Completed generation 170; 0.5s elapsed, 0.58s avg, 9.8e+01s total. Expected time remaining: 1.7e+01s
2020-08-02 01:30:23,850 - root - INFO - #170 MAX:accuracy.mean: 0.96
2020-08-02 01:30:23,979 - root - DEBUG - Sampled weight [1.51460674]
2020-08-02 01:30:24,267 - root - DEBUG - Updating hall of fame
2020-08-02 01:30:24,535 - root - INFO - Completed generation 171; 0.59s elapsed, 0.58s avg, 9.9e+01s total. Expected time remaining: 1.7e+01s
2020-08-02 01:30:24,595 - root - INFO - #171 MAX:accuracy.mean: 0.95
2020-08-02 01:30:24,632 - root - DEBUG - Sampled weight [0.97492375]
2020-08-02 01:30:24,922 - root - DEBUG - Updating hall of fame
2020-08-02 01:30:25,143 - root - INFO - Completed generation 172; 0.55s elapsed, 0.58s avg, 9.9e+01s total. Expected time remaining: 1.6e+01s
2020-08-02 01:30:25,203 - root - INFO - #172 MAX:accuracy.mean: 0.95
2020-08-02 01:30:25,239 - root - DEBUG - Sampled weight [0.6791371]
2020-08-02 01:30:25,526 - root - DEBUG - Updating hall of fame
2020-08-02 01:30:25,751 - root - INFO - Completed generation 173; 0.55s elapsed, 0.58s avg, 1e+02s total. Expected time remaining: 1.6e+01s
2020-08-02 01:30:25,811 - root - INFO - #173 MAX:accuracy.mean: 0.96
2020-08-02 01:30:25,847 - root - DEBUG - Sampled weight [0.90660681]
2020-08-02 01:30:26,137 - root - DEBUG - Updating hall of fame
2020-08-02 01:30:26,224 - root - INFO - Completed generation 174; 0.41s elapsed, 0.58s avg, 1e+02s total. Expected time remaining: 1.5e+01s
2020-08-02 01:30:26,285 - root - INFO - #174 MAX:accuracy.mean: 0.97
2020-08-02 01:30:26,320 - root - DEBUG - Sampled weight [1.61245999]
2020-08-02 01:30:26,607 - root - DEBUG - Updating hall of fame
2020-08-02 01:30:27,006 - root - INFO - Completed generation 175; 0.72s elapsed, 0.58s avg, 1e+02s total. Expected time remaining: 1.4e+01s
2020-08-02 01:30:27,066 - root - INFO - #175 MAX:accuracy.mean: 0.96
2020-08-02 01:30:27,102 - root - DEBUG - Sampled weight [0.66956506]
2020-08-02 01:30:27,394 - root - DEBUG - Updating hall of fame
2020-08-02 01:30:27,620 - root - INFO - Completed generation 176; 0.55s elapsed, 0.58s avg, 1e+02s total. Expected time remaining: 1.4e+01s
2020-08-02 01:30:27,680 - root - INFO - #176 MAX:accuracy.mean: 0.95
2020-08-02 01:30:27,718 - root - DEBUG - Sampled weight [0.35994099]
2020-08-02 01:30:28,012 - root - DEBUG - Updating hall of fame
2020-08-02 01:30:28,059 - root - INFO - Completed generation 177; 0.38s elapsed, 0.58s avg, 1e+02s total. Expected time remaining: 1.3e+01s
2020-08-02 01:30:28,120 - root - INFO - #177 MAX:accuracy.mean: 0.79
2020-08-02 01:30:28,156 - root - DEBUG - Sampled weight [1.00124641]
2020-08-02 01:30:28,447 - root - DEBUG - Updating hall of fame
2020-08-02 01:30:28,491 - root - INFO - Completed generation 178; 0.37s elapsed, 0.57s avg, 1e+02s total. Expected time remaining: 1.3e+01s
2020-08-02 01:30:28,551 - root - INFO - #178 MAX:accuracy.mean: 0.91
2020-08-02 01:30:28,588 - root - DEBUG - Sampled weight [0.83617204]
2020-08-02 01:30:28,878 - root - DEBUG - Updating hall of fame
2020-08-02 01:30:29,095 - root - INFO - Completed generation 179; 0.54s elapsed, 0.57s avg, 1e+02s total. Expected time remaining: 1.2e+01s
2020-08-02 01:30:29,156 - root - INFO - #179 MAX:accuracy.mean: 0.96
2020-08-02 01:30:29,191 - root - DEBUG - Sampled weight [0.52092299]
2020-08-02 01:30:29,482 - root - DEBUG - Updating hall of fame
2020-08-02 01:30:29,698 - root - INFO - Completed generation 180; 0.54s elapsed, 0.57s avg, 1e+02s total. Expected time remaining: 1.1e+01s
2020-08-02 01:30:29,758 - root - INFO - #180 MAX:accuracy.mean: 0.83
2020-08-02 01:30:29,880 - root - DEBUG - Sampled weight [0.79286062]
2020-08-02 01:30:30,188 - root - DEBUG - Updating hall of fame
2020-08-02 01:30:30,282 - root - INFO - Completed generation 181; 0.44s elapsed, 0.57s avg, 1e+02s total. Expected time remaining: 1.1e+01s
2020-08-02 01:30:30,345 - root - INFO - #181 MAX:accuracy.mean: 0.89
2020-08-02 01:30:30,383 - root - DEBUG - Sampled weight [2.57683883]
2020-08-02 01:30:30,684 - root - DEBUG - Updating hall of fame
2020-08-02 01:30:30,864 - root - INFO - Completed generation 182; 0.52s elapsed, 0.57s avg, 1e+02s total. Expected time remaining: 1e+01s
2020-08-02 01:30:30,926 - root - INFO - #182 MAX:accuracy.mean: 0.79
2020-08-02 01:30:30,964 - root - DEBUG - Sampled weight [1.00985611]
2020-08-02 01:30:31,258 - root - DEBUG - Updating hall of fame
2020-08-02 01:30:31,347 - root - INFO - Completed generation 183; 0.42s elapsed, 0.57s avg, 1e+02s total. Expected time remaining: 9.7s
2020-08-02 01:30:31,410 - root - INFO - #183 MAX:accuracy.mean: 0.94
2020-08-02 01:30:31,448 - root - DEBUG - Sampled weight [1.10178299]
2020-08-02 01:30:31,751 - root - DEBUG - Updating hall of fame
2020-08-02 01:30:32,023 - root - INFO - Completed generation 184; 0.61s elapsed, 0.57s avg, 1.1e+02s total. Expected time remaining: 9.2s
2020-08-02 01:30:32,086 - root - INFO - #184 MAX:accuracy.mean: 0.93
2020-08-02 01:30:32,124 - root - DEBUG - Sampled weight [0.80757911]
2020-08-02 01:30:32,425 - root - DEBUG - Updating hall of fame
2020-08-02 01:30:32,473 - root - INFO - Completed generation 185; 0.39s elapsed, 0.57s avg, 1.1e+02s total. Expected time remaining: 8.6s
2020-08-02 01:30:32,536 - root - INFO - #185 MAX:accuracy.mean: 0.91
2020-08-02 01:30:32,575 - root - DEBUG - Sampled weight [2.66758112]
2020-08-02 01:30:32,882 - root - DEBUG - Updating hall of fame
2020-08-02 01:30:33,114 - root - INFO - Completed generation 186; 0.58s elapsed, 0.57s avg, 1.1e+02s total. Expected time remaining: 8.0s
2020-08-02 01:30:33,178 - root - INFO - #186 MAX:accuracy.mean: 0.79
2020-08-02 01:30:33,218 - root - DEBUG - Sampled weight [0.21500401]
2020-08-02 01:30:33,514 - root - DEBUG - Updating hall of fame
2020-08-02 01:30:33,603 - root - INFO - Completed generation 187; 0.43s elapsed, 0.57s avg, 1.1e+02s total. Expected time remaining: 7.4s
2020-08-02 01:30:33,665 - root - INFO - #187 MAX:accuracy.mean: 0.79
2020-08-02 01:30:33,703 - root - DEBUG - Sampled weight [0.82941235]
2020-08-02 01:30:34,003 - root - DEBUG - Updating hall of fame
2020-08-02 01:30:34,004 - root - INFO - Completed generation 188; 0.34s elapsed, 0.57s avg, 1.1e+02s total. Expected time remaining: 6.8s
2020-08-02 01:30:34,066 - root - INFO - #188 MAX:accuracy.mean: 0.96
2020-08-02 01:30:34,102 - root - DEBUG - Sampled weight [2.67045081]
2020-08-02 01:30:34,408 - root - DEBUG - Updating hall of fame
2020-08-02 01:30:34,635 - root - INFO - Completed generation 189; 0.57s elapsed, 0.57s avg, 1.1e+02s total. Expected time remaining: 6.3s
2020-08-02 01:30:34,697 - root - INFO - #189 MAX:accuracy.mean: 0.79
2020-08-02 01:30:34,734 - root - DEBUG - Sampled weight [1.01078599]
2020-08-02 01:30:35,025 - root - DEBUG - Updating hall of fame
2020-08-02 01:30:35,068 - root - INFO - Completed generation 190; 0.37s elapsed, 0.57s avg, 1.1e+02s total. Expected time remaining: 5.7s
2020-08-02 01:30:35,129 - root - INFO - #190 MAX:accuracy.mean: 0.97
2020-08-02 01:30:35,295 - root - DEBUG - Sampled weight [1.4086283]
2020-08-02 01:30:35,583 - root - DEBUG - Updating hall of fame
2020-08-02 01:30:35,885 - root - INFO - Completed generation 191; 0.63s elapsed, 0.57s avg, 1.1e+02s total. Expected time remaining: 5.1s
2020-08-02 01:30:35,945 - root - INFO - #191 MAX:accuracy.mean: 0.96
2020-08-02 01:30:35,982 - root - DEBUG - Sampled weight [0.68053651]
2020-08-02 01:30:36,285 - root - DEBUG - Updating hall of fame
2020-08-02 01:30:36,516 - root - INFO - Completed generation 192; 0.57s elapsed, 0.57s avg, 1.1e+02s total. Expected time remaining: 4.6s
2020-08-02 01:30:36,580 - root - INFO - #192 MAX:accuracy.mean: 0.96
2020-08-02 01:30:36,617 - root - DEBUG - Sampled weight [2.30368126]
2020-08-02 01:30:36,919 - root - DEBUG - Updating hall of fame
2020-08-02 01:30:36,965 - root - INFO - Completed generation 193; 0.38s elapsed, 0.57s avg, 1.1e+02s total. Expected time remaining: 4.0s
2020-08-02 01:30:37,029 - root - INFO - #193 MAX:accuracy.mean: 0.97
2020-08-02 01:30:37,067 - root - DEBUG - Sampled weight [1.22328759]
2020-08-02 01:30:37,363 - root - DEBUG - Updating hall of fame
2020-08-02 01:30:37,460 - root - INFO - Completed generation 194; 0.43s elapsed, 0.57s avg, 1.1e+02s total. Expected time remaining: 3.4s
2020-08-02 01:30:37,522 - root - INFO - #194 MAX:accuracy.mean: 0.88
2020-08-02 01:30:37,559 - root - DEBUG - Sampled weight [1.647954]
2020-08-02 01:30:37,858 - root - DEBUG - Updating hall of fame
2020-08-02 01:30:37,906 - root - INFO - Completed generation 195; 0.38s elapsed, 0.57s avg, 1.1e+02s total. Expected time remaining: 2.8s
2020-08-02 01:30:37,969 - root - INFO - #195 MAX:accuracy.mean: 0.96
2020-08-02 01:30:38,008 - root - DEBUG - Sampled weight [1.46877435]
2020-08-02 01:30:38,304 - root - DEBUG - Updating hall of fame
2020-08-02 01:30:38,484 - root - INFO - Completed generation 196; 0.51s elapsed, 0.57s avg, 1.1e+02s total. Expected time remaining: 2.3s
2020-08-02 01:30:38,546 - root - INFO - #196 MAX:accuracy.mean: 0.96
2020-08-02 01:30:38,582 - root - DEBUG - Sampled weight [0.61369703]
2020-08-02 01:30:38,869 - root - DEBUG - Updating hall of fame
2020-08-02 01:30:39,003 - root - INFO - Completed generation 197; 0.46s elapsed, 0.57s avg, 1.1e+02s total. Expected time remaining: 1.7s
2020-08-02 01:30:39,064 - root - INFO - #197 MAX:accuracy.mean: 0.95
2020-08-02 01:30:39,102 - root - DEBUG - Sampled weight [0.6472032]
2020-08-02 01:30:39,388 - root - DEBUG - Updating hall of fame
2020-08-02 01:30:39,435 - root - INFO - Completed generation 198; 0.37s elapsed, 0.56s avg, 1.1e+02s total. Expected time remaining: 1.1s
2020-08-02 01:30:39,496 - root - INFO - #198 MAX:accuracy.mean: 0.94
2020-08-02 01:30:39,532 - root - DEBUG - Sampled weight [0.95928349]
2020-08-02 01:30:39,817 - root - DEBUG - Updating hall of fame
2020-08-02 01:30:39,954 - root - INFO - Completed generation 199; 0.46s elapsed, 0.56s avg, 1.1e+02s total. Expected time remaining: 0.56s
2020-08-02 01:30:40,016 - root - INFO - #199 MAX:accuracy.mean: 0.95
2020-08-02 01:30:40,052 - root - DEBUG - Sampled weight [0.83119762]
2020-08-02 01:30:40,337 - root - DEBUG - Updating hall of fame
2020-08-02 01:30:40,598 - root - INFO - Completed generation 200; 0.58s elapsed, 0.56s avg, 1.1e+02s total. Expected time remaining: 0.0s
2020-08-02 01:30:40,658 - root - INFO - #200 MAX:accuracy.mean: 0.96
2020-08-02 01:30:40,835 - root - DEBUG - Loaded 150 samples.
2020-08-02 01:30:40,838 - root - INFO - Evaluating indivs in hall of fame.
2020-08-02 01:30:42,798 - root - INFO - Completed excution.
