2020-07-27 08:06:30,706 - root - INFO - Package version 0.1.1
2020-07-27 08:06:30,706 - root - INFO - Saving data at /vol/fob-vol1/mi15/plonerma/Lab/rewann/data/2020-07-27_Iris [0, 4, 8, 9]; uniform -2,2; signed: False_000.
2020-07-27 08:06:30,706 - root - DEBUG - Loading training dataset
2020-07-27 08:06:30,867 - root - DEBUG - Loaded 150 samples.
2020-07-27 08:06:30,869 - root - DEBUG - Running experiments with the following parameters:
debug = true
experiment_name = "Iris [0, 4, 8, 9]; uniform -2,2; signed: False"
experiment_path = "data/2020-07-27_Iris [0, 4, 8, 9]; uniform -2,2; signed: False_000"

[config]
num_workers = 1
debug = true
backend = "numpy"

[postopt]
run_postopt = true
compile_report = false
num_weights = 100
num_samples = -1

[sampling]
seed = 0
post_init_seed = false
distribution = "uniform"
lower_bound = -2
upper_bound = 2
mean = 0
sigma = 1
num_weights_per_iteration = 5
num_samples_per_iteration = -1
hof_evaluation_iterations = 20

[task]
name = "iris"
sample_order_seed = 0
test_portion = 0.2
sample_length = 10
num_categories = 8

[storage]
data_base_path = "data"
log_filename = "execution.log"
commit_elite_freq = -1
commit_metrics_freq = 10

[population]
num_generations = 200
size = 100
initial_enabled_edge_prob = 0.05
initial_genes = "full"
hof_size = 10
enable_edge_signs = false
enabled_activation_funcs = [ 0, 4, 8, 9,]

[selection]
use_tournaments = true
elite_ratio = 0.1
culling_ratio = 0.2
tournament_size = 5
objectives = [ "-log_loss.min", "-log_loss.mean", "-n_hidden",]
recorded_metrics = [ "accuracy", "kappa", "log_loss",]
hof_metric = "accuracy.mean"

[mutation.new_edge]
probability = 0.2
strategy = "layer_agnostic"
propability = 0.2

[mutation.new_node]
probability = 0.25
propability = 0.3

[mutation.reenable_edge]
probability = 0.05
propability = 0.1

[mutation.change_activation]
probability = 0.5
propability = 0.4

[mutation.change_edge_sign]
probability = 0.2

[mutation.new_recurrent_edge]
probability = 0.2
strategy = "any"

2020-07-27 08:06:30,906 - root - INFO - Starting evolutionary algorithm
2020-07-27 08:06:30,926 - root - DEBUG - Sampled weight [-0.21282672  1.34796146 -1.11270388 -0.02421898  1.71847496]
2020-07-27 08:06:32,115 - root - DEBUG - Updating hall of fame
2020-07-27 08:06:34,028 - root - INFO - Completed generation 1; 3.1s elapsed, 3.1s avg, 3.1s total. Expected time remaining: 6.2e+02s
2020-07-27 08:06:34,085 - root - INFO - #1 MAX:accuracy.mean: 0.47
2020-07-27 08:06:34,126 - root - DEBUG - Sampled weight [ 0.92517124  1.38570466 -1.76729439  1.09921543 -0.20998624]
2020-07-27 08:06:35,174 - root - DEBUG - Updating hall of fame
2020-07-27 08:06:37,019 - root - INFO - Completed generation 2; 2.9s elapsed, 3.0s avg, 6.1s total. Expected time remaining: 6e+02s
2020-07-27 08:06:37,070 - root - INFO - #2 MAX:accuracy.mean: 0.33
2020-07-27 08:06:37,110 - root - DEBUG - Sampled weight [ 1.46710793 -1.80533076  1.10328479 -1.86018652  0.61887194]
2020-07-27 08:06:38,158 - root - DEBUG - Updating hall of fame
2020-07-27 08:06:39,808 - root - INFO - Completed generation 3; 2.7s elapsed, 2.9s avg, 8.8s total. Expected time remaining: 5.8e+02s
2020-07-27 08:06:39,858 - root - INFO - #3 MAX:accuracy.mean: 0.33
2020-07-27 08:06:39,898 - root - DEBUG - Sampled weight [ 1.09383547 -0.7219467   1.86720253 -0.52485762  0.71773272]
2020-07-27 08:06:40,942 - root - DEBUG - Updating hall of fame
2020-07-27 08:06:42,405 - root - INFO - Completed generation 4; 2.5s elapsed, 2.8s avg, 1.1e+01s total. Expected time remaining: 5.6e+02s
2020-07-27 08:06:42,458 - root - INFO - #4 MAX:accuracy.mean: 0.33
2020-07-27 08:06:42,500 - root - DEBUG - Sampled weight [-0.68381125  0.67485935  1.07726262 -1.26444234  0.80914567]
2020-07-27 08:06:43,559 - root - DEBUG - Updating hall of fame
2020-07-27 08:06:45,192 - root - INFO - Completed generation 5; 2.7s elapsed, 2.8s avg, 1.4e+01s total. Expected time remaining: 5.5e+02s
2020-07-27 08:06:45,243 - root - INFO - #5 MAX:accuracy.mean: 0.53
2020-07-27 08:06:45,284 - root - DEBUG - Sampled weight [-0.78843024  0.75571776  0.22905125  0.83896205 -0.09947608]
2020-07-27 08:06:46,336 - root - DEBUG - Updating hall of fame
2020-07-27 08:06:48,163 - root - INFO - Completed generation 6; 2.9s elapsed, 2.8s avg, 1.7e+01s total. Expected time remaining: 5.5e+02s
2020-07-27 08:06:48,214 - root - INFO - #6 MAX:accuracy.mean: 0.47
2020-07-27 08:06:48,254 - root - DEBUG - Sampled weight [-0.0792803  -1.75163619  1.34021513 -1.1211393  -1.94823889]
2020-07-27 08:06:49,306 - root - DEBUG - Updating hall of fame
2020-07-27 08:06:51,142 - root - INFO - Completed generation 7; 2.9s elapsed, 2.8s avg, 2e+01s total. Expected time remaining: 5.5e+02s
2020-07-27 08:06:51,192 - root - INFO - #7 MAX:accuracy.mean: 0.6
2020-07-27 08:06:51,233 - root - DEBUG - Sampled weight [ 1.06552085  1.64837771 -0.0188352   0.12345079  0.92983263]
2020-07-27 08:06:52,286 - root - DEBUG - Updating hall of fame
2020-07-27 08:06:53,981 - root - INFO - Completed generation 8; 2.8s elapsed, 2.8s avg, 2.3e+01s total. Expected time remaining: 5.5e+02s
2020-07-27 08:06:54,032 - root - INFO - #8 MAX:accuracy.mean: 0.59
2020-07-27 08:06:54,074 - root - DEBUG - Sampled weight [-0.22848769 -1.86075009 -1.47331568  0.49795246 -1.09248786]
2020-07-27 08:06:55,135 - root - DEBUG - Updating hall of fame
2020-07-27 08:06:57,020 - root - INFO - Completed generation 9; 3.0s elapsed, 2.9s avg, 2.6e+01s total. Expected time remaining: 5.5e+02s
2020-07-27 08:06:57,071 - root - INFO - #9 MAX:accuracy.mean: 0.59
2020-07-27 08:06:57,112 - root - DEBUG - Sampled weight [-0.18903039 -1.33119895  1.09815228 -0.60424803 -0.40333767]
2020-07-27 08:06:58,175 - root - DEBUG - Updating hall of fame
2020-07-27 08:06:59,112 - root - INFO - Completed generation 10; 2.0s elapsed, 2.8s avg, 2.8e+01s total. Expected time remaining: 5.3e+02s
2020-07-27 08:06:59,162 - root - INFO - #10 MAX:accuracy.mean: 0.59
2020-07-27 08:06:59,237 - root - DEBUG - Sampled weight [-0.84289228 -0.5421068   0.17716719 -1.08751969  0.57529783]
2020-07-27 08:07:00,292 - root - DEBUG - Updating hall of fame
2020-07-27 08:07:01,613 - root - INFO - Completed generation 11; 2.4s elapsed, 2.7s avg, 3e+01s total. Expected time remaining: 5.2e+02s
2020-07-27 08:07:01,664 - root - INFO - #11 MAX:accuracy.mean: 0.59
2020-07-27 08:07:01,704 - root - DEBUG - Sampled weight [-0.87755202  1.14837068 -0.33718507 -0.40890587 -1.59744842]
2020-07-27 08:07:02,765 - root - DEBUG - Updating hall of fame
2020-07-27 08:07:04,098 - root - INFO - Completed generation 12; 2.4s elapsed, 2.7s avg, 3.3e+01s total. Expected time remaining: 5.1e+02s
2020-07-27 08:07:04,149 - root - INFO - #12 MAX:accuracy.mean: 0.58
2020-07-27 08:07:04,191 - root - DEBUG - Sampled weight [ 1.48688681 -0.43476259  1.16332686  1.71722451 -0.40097906]
2020-07-27 08:07:05,245 - root - DEBUG - Updating hall of fame
2020-07-27 08:07:06,395 - root - INFO - Completed generation 13; 2.2s elapsed, 2.7s avg, 3.5e+01s total. Expected time remaining: 5e+02s
2020-07-27 08:07:06,446 - root - INFO - #13 MAX:accuracy.mean: 0.58
2020-07-27 08:07:06,487 - root - DEBUG - Sampled weight [-0.66873365 -0.53324214  0.54377711  1.31450042 -1.25889858]
2020-07-27 08:07:07,547 - root - DEBUG - Updating hall of fame
2020-07-27 08:07:08,848 - root - INFO - Completed generation 14; 2.4s elapsed, 2.7s avg, 3.7e+01s total. Expected time remaining: 4.9e+02s
2020-07-27 08:07:08,899 - root - INFO - #14 MAX:accuracy.mean: 0.62
2020-07-27 08:07:08,939 - root - DEBUG - Sampled weight [ 1.63379194 -0.56575298  1.2181817   1.98194549 -1.64939867]
2020-07-27 08:07:09,997 - root - DEBUG - Updating hall of fame
2020-07-27 08:07:10,385 - root - INFO - Completed generation 15; 1.5s elapsed, 2.6s avg, 3.9e+01s total. Expected time remaining: 4.8e+02s
2020-07-27 08:07:10,435 - root - INFO - #15 MAX:accuracy.mean: 0.66
2020-07-27 08:07:10,475 - root - DEBUG - Sampled weight [ 1.88621993 -0.87506783 -0.18449596 -1.24967955 -0.1497472 ]
2020-07-27 08:07:11,527 - root - DEBUG - Updating hall of fame
2020-07-27 08:07:12,271 - root - INFO - Completed generation 16; 1.8s elapsed, 2.5s avg, 4.1e+01s total. Expected time remaining: 4.7e+02s
2020-07-27 08:07:12,322 - root - INFO - #16 MAX:accuracy.mean: 0.57
2020-07-27 08:07:12,363 - root - DEBUG - Sampled weight [ 0.19705873  0.22548087 -0.53546841 -0.83942116  0.86007118]
2020-07-27 08:07:13,421 - root - DEBUG - Updating hall of fame
2020-07-27 08:07:14,534 - root - INFO - Completed generation 17; 2.2s elapsed, 2.5s avg, 4.3e+01s total. Expected time remaining: 4.6e+02s
2020-07-27 08:07:14,584 - root - INFO - #17 MAX:accuracy.mean: 0.51
2020-07-27 08:07:14,624 - root - DEBUG - Sampled weight [-1.50859129  0.09346754 -1.00282993  0.91985961 -0.75915655]
2020-07-27 08:07:15,677 - root - DEBUG - Updating hall of fame
2020-07-27 08:07:16,053 - root - INFO - Completed generation 18; 1.5s elapsed, 2.5s avg, 4.4e+01s total. Expected time remaining: 4.5e+02s
2020-07-27 08:07:16,104 - root - INFO - #18 MAX:accuracy.mean: 0.61
2020-07-27 08:07:16,145 - root - DEBUG - Sampled weight [ 0.76749851 -0.38892738  1.132191    1.89289753  0.33943315]
2020-07-27 08:07:17,205 - root - DEBUG - Updating hall of fame
2020-07-27 08:07:18,137 - root - INFO - Completed generation 19; 2.0s elapsed, 2.4s avg, 4.6e+01s total. Expected time remaining: 4.4e+02s
2020-07-27 08:07:18,188 - root - INFO - #19 MAX:accuracy.mean: 0.55
2020-07-27 08:07:18,228 - root - DEBUG - Sampled weight [-1.72334574 -0.07181791 -1.17857441 -1.36847168 -0.01169726]
2020-07-27 08:07:19,282 - root - DEBUG - Updating hall of fame
2020-07-27 08:07:19,842 - root - INFO - Completed generation 20; 1.7s elapsed, 2.4s avg, 4.8e+01s total. Expected time remaining: 4.3e+02s
2020-07-27 08:07:19,893 - root - INFO - #20 MAX:accuracy.mean: 0.56
2020-07-27 08:07:19,969 - root - DEBUG - Sampled weight [ 0.33289913  1.31514879 -0.46779848  0.44962307 -0.73290231]
2020-07-27 08:07:21,029 - root - DEBUG - Updating hall of fame
2020-07-27 08:07:21,599 - root - INFO - Completed generation 21; 1.7s elapsed, 2.4s avg, 5e+01s total. Expected time remaining: 4.2e+02s
2020-07-27 08:07:21,650 - root - INFO - #21 MAX:accuracy.mean: 0.69
2020-07-27 08:07:21,690 - root - DEBUG - Sampled weight [ 1.82838522  1.28816104  0.17844223 -1.25771125 -1.34997027]
2020-07-27 08:07:22,758 - root - DEBUG - Updating hall of fame
2020-07-27 08:07:24,252 - root - INFO - Completed generation 22; 2.6s elapsed, 2.4s avg, 5.2e+01s total. Expected time remaining: 4.2e+02s
2020-07-27 08:07:24,302 - root - INFO - #22 MAX:accuracy.mean: 0.55
2020-07-27 08:07:24,342 - root - DEBUG - Sampled weight [ 1.17606772 -0.18640826 -0.18510658  1.58234182 -1.31533731]
2020-07-27 08:07:25,402 - root - DEBUG - Updating hall of fame
2020-07-27 08:07:26,177 - root - INFO - Completed generation 23; 1.9s elapsed, 2.4s avg, 5.4e+01s total. Expected time remaining: 4.2e+02s
2020-07-27 08:07:26,228 - root - INFO - #23 MAX:accuracy.mean: 0.59
2020-07-27 08:07:26,269 - root - DEBUG - Sampled weight [-1.82190679 -1.492287   -0.15707051 -1.43936521  0.66640792]
2020-07-27 08:07:27,333 - root - DEBUG - Updating hall of fame
2020-07-27 08:07:28,463 - root - INFO - Completed generation 24; 2.2s elapsed, 2.3s avg, 5.6e+01s total. Expected time remaining: 4.1e+02s
2020-07-27 08:07:28,514 - root - INFO - #24 MAX:accuracy.mean: 0.62
2020-07-27 08:07:28,555 - root - DEBUG - Sampled weight [-1.48748405  0.0384675  -0.07925709 -1.10087786 -1.27578627]
2020-07-27 08:07:29,621 - root - DEBUG - Updating hall of fame
2020-07-27 08:07:30,565 - root - INFO - Completed generation 25; 2.1s elapsed, 2.3s avg, 5.8e+01s total. Expected time remaining: 4.1e+02s
2020-07-27 08:07:30,615 - root - INFO - #25 MAX:accuracy.mean: 0.59
2020-07-27 08:07:30,656 - root - DEBUG - Sampled weight [ 0.58191911 -0.69847711  0.37102461  0.75041824  1.8825659 ]
2020-07-27 08:07:31,715 - root - DEBUG - Updating hall of fame
2020-07-27 08:07:32,105 - root - INFO - Completed generation 26; 1.5s elapsed, 2.3s avg, 6e+01s total. Expected time remaining: 4e+02s
2020-07-27 08:07:32,155 - root - INFO - #26 MAX:accuracy.mean: 0.71
2020-07-27 08:07:32,196 - root - DEBUG - Sampled weight [-1.41446776 -0.94238046 -1.14428486  0.08423387 -0.62633178]
2020-07-27 08:07:33,262 - root - DEBUG - Updating hall of fame
2020-07-27 08:07:34,380 - root - INFO - Completed generation 27; 2.2s elapsed, 2.3s avg, 6.2e+01s total. Expected time remaining: 4e+02s
2020-07-27 08:07:34,431 - root - INFO - #27 MAX:accuracy.mean: 0.62
2020-07-27 08:07:34,472 - root - DEBUG - Sampled weight [-1.46092707 -1.98322829  0.19268834 -0.15349061  0.58288056]
2020-07-27 08:07:35,535 - root - DEBUG - Updating hall of fame
2020-07-27 08:07:36,117 - root - INFO - Completed generation 28; 1.7s elapsed, 2.3s avg, 6.4e+01s total. Expected time remaining: 3.9e+02s
2020-07-27 08:07:36,167 - root - INFO - #28 MAX:accuracy.mean: 0.56
2020-07-27 08:07:36,208 - root - DEBUG - Sampled weight [ 0.10096774 -0.22632949  0.10194613 -0.3024515  -0.55510091]
2020-07-27 08:07:37,268 - root - DEBUG - Updating hall of fame
2020-07-27 08:07:37,851 - root - INFO - Completed generation 29; 1.7s elapsed, 2.3s avg, 6.5e+01s total. Expected time remaining: 3.9e+02s
2020-07-27 08:07:37,902 - root - INFO - #29 MAX:accuracy.mean: 0.68
2020-07-27 08:07:37,943 - root - DEBUG - Sampled weight [-0.35593358 -1.06670766 -1.95908331  1.30794347  0.31365508]
2020-07-27 08:07:39,012 - root - DEBUG - Updating hall of fame
2020-07-27 08:07:39,590 - root - INFO - Completed generation 30; 1.7s elapsed, 2.2s avg, 6.7e+01s total. Expected time remaining: 3.8e+02s
2020-07-27 08:07:39,641 - root - INFO - #30 MAX:accuracy.mean: 0.63
2020-07-27 08:07:39,720 - root - DEBUG - Sampled weight [-0.48370237 -1.99494877  0.44485747 -0.18202707 -0.23284321]
2020-07-27 08:07:40,786 - root - DEBUG - Updating hall of fame
2020-07-27 08:07:41,556 - root - INFO - Completed generation 31; 1.9s elapsed, 2.2s avg, 6.9e+01s total. Expected time remaining: 3.8e+02s
2020-07-27 08:07:41,606 - root - INFO - #31 MAX:accuracy.mean: 0.6
2020-07-27 08:07:41,646 - root - DEBUG - Sampled weight [-0.95832035 -1.51022455  1.26620531  0.16465804  1.05682528]
2020-07-27 08:07:42,726 - root - DEBUG - Updating hall of fame
2020-07-27 08:07:43,861 - root - INFO - Completed generation 32; 2.3s elapsed, 2.2s avg, 7.1e+01s total. Expected time remaining: 3.7e+02s
2020-07-27 08:07:43,913 - root - INFO - #32 MAX:accuracy.mean: 0.6
2020-07-27 08:07:43,954 - root - DEBUG - Sampled weight [-1.44813782 -1.07030942  0.63590095 -0.28243206  1.33667052]
2020-07-27 08:07:45,027 - root - DEBUG - Updating hall of fame
2020-07-27 08:07:45,795 - root - INFO - Completed generation 33; 1.9s elapsed, 2.2s avg, 7.3e+01s total. Expected time remaining: 3.7e+02s
2020-07-27 08:07:45,845 - root - INFO - #33 MAX:accuracy.mean: 0.62
2020-07-27 08:07:45,887 - root - DEBUG - Sampled weight [ 0.96047165 -0.09515519  0.18508725  0.53859734  0.31965591]
2020-07-27 08:07:46,965 - root - DEBUG - Updating hall of fame
2020-07-27 08:07:48,104 - root - INFO - Completed generation 34; 2.3s elapsed, 2.2s avg, 7.5e+01s total. Expected time remaining: 3.7e+02s
2020-07-27 08:07:48,155 - root - INFO - #34 MAX:accuracy.mean: 0.69
2020-07-27 08:07:48,195 - root - DEBUG - Sampled weight [-1.92176871  0.58153328 -1.13571944  0.86482557 -1.80373309]
2020-07-27 08:07:49,273 - root - DEBUG - Updating hall of fame
2020-07-27 08:07:50,228 - root - INFO - Completed generation 35; 2.1s elapsed, 2.2s avg, 7.7e+01s total. Expected time remaining: 3.7e+02s
2020-07-27 08:07:50,279 - root - INFO - #35 MAX:accuracy.mean: 0.6
2020-07-27 08:07:50,321 - root - DEBUG - Sampled weight [-1.87771896  1.11308268 -0.59203584 -0.95521938 -1.95934994]
2020-07-27 08:07:51,398 - root - DEBUG - Updating hall of fame
2020-07-27 08:07:52,336 - root - INFO - Completed generation 36; 2.1s elapsed, 2.2s avg, 8e+01s total. Expected time remaining: 3.6e+02s
2020-07-27 08:07:52,387 - root - INFO - #36 MAX:accuracy.mean: 0.64
2020-07-27 08:07:52,428 - root - DEBUG - Sampled weight [1.9982014  1.07866778 1.15090083 1.92926932 1.0425321 ]
2020-07-27 08:07:53,502 - root - DEBUG - Updating hall of fame
2020-07-27 08:07:53,878 - root - INFO - Completed generation 37; 1.5s elapsed, 2.2s avg, 8.1e+01s total. Expected time remaining: 3.6e+02s
2020-07-27 08:07:53,929 - root - INFO - #37 MAX:accuracy.mean: 0.53
2020-07-27 08:07:53,970 - root - DEBUG - Sampled weight [ 1.6609935   1.00547639 -0.24873405  0.1981484  -0.74548065]
2020-07-27 08:07:55,043 - root - DEBUG - Updating hall of fame
2020-07-27 08:07:55,598 - root - INFO - Completed generation 38; 1.7s elapsed, 2.2s avg, 8.3e+01s total. Expected time remaining: 3.5e+02s
2020-07-27 08:07:55,648 - root - INFO - #38 MAX:accuracy.mean: 0.61
2020-07-27 08:07:55,689 - root - DEBUG - Sampled weight [ 1.09540151  0.13419239 -1.92738404 -1.13023907 -0.93152618]
2020-07-27 08:07:56,758 - root - DEBUG - Updating hall of fame
2020-07-27 08:07:57,318 - root - INFO - Completed generation 39; 1.7s elapsed, 2.2s avg, 8.4e+01s total. Expected time remaining: 3.5e+02s
2020-07-27 08:07:57,368 - root - INFO - #39 MAX:accuracy.mean: 0.57
2020-07-27 08:07:57,408 - root - DEBUG - Sampled weight [ 1.35923466 -1.10747218 -0.34192301 -1.96908667 -1.23990235]
2020-07-27 08:07:58,487 - root - DEBUG - Updating hall of fame
2020-07-27 08:07:58,487 - root - INFO - Completed generation 40; 1.1s elapsed, 2.1s avg, 8.5e+01s total. Expected time remaining: 3.4e+02s
2020-07-27 08:07:58,538 - root - INFO - #40 MAX:accuracy.mean: 0.6
2020-07-27 08:07:58,660 - root - DEBUG - Sampled weight [-1.83013953 -0.88862601 -1.98623968  0.07728557  0.4540563 ]
2020-07-27 08:07:59,738 - root - DEBUG - Updating hall of fame
2020-07-27 08:07:59,927 - root - INFO - Completed generation 41; 1.3s elapsed, 2.1s avg, 8.7e+01s total. Expected time remaining: 3.4e+02s
2020-07-27 08:08:00,090 - root - INFO - #41 MAX:accuracy.mean: 0.55
2020-07-27 08:08:00,132 - root - DEBUG - Sampled weight [-1.87294698  1.59006417  0.96734239  1.3935153  -1.4613929 ]
2020-07-27 08:08:01,210 - root - DEBUG - Updating hall of fame
2020-07-27 08:08:01,399 - root - INFO - Completed generation 42; 1.3s elapsed, 2.1s avg, 8.8e+01s total. Expected time remaining: 3.3e+02s
2020-07-27 08:08:01,450 - root - INFO - #42 MAX:accuracy.mean: 0.55
2020-07-27 08:08:01,491 - root - DEBUG - Sampled weight [-1.04088989  1.42467206  1.64735141 -1.97766689  1.21206279]
2020-07-27 08:08:02,606 - root - DEBUG - Updating hall of fame
2020-07-27 08:08:02,606 - root - INFO - Completed generation 43; 1.2s elapsed, 2.1s avg, 8.9e+01s total. Expected time remaining: 3.3e+02s
2020-07-27 08:08:02,659 - root - INFO - #43 MAX:accuracy.mean: 0.53
2020-07-27 08:08:02,700 - root - DEBUG - Sampled weight [ 1.49479646  0.05729198  0.87850515 -0.58517548  1.63265248]
2020-07-27 08:08:03,803 - root - DEBUG - Updating hall of fame
2020-07-27 08:08:03,803 - root - INFO - Completed generation 44; 1.1s elapsed, 2.1s avg, 9e+01s total. Expected time remaining: 3.2e+02s
2020-07-27 08:08:03,854 - root - INFO - #44 MAX:accuracy.mean: 0.63
2020-07-27 08:08:03,895 - root - DEBUG - Sampled weight [ 0.50096869 -1.21478915  1.3477686   1.55288359  0.61160648]
2020-07-27 08:08:04,970 - root - DEBUG - Updating hall of fame
2020-07-27 08:08:05,532 - root - INFO - Completed generation 45; 1.7s elapsed, 2.0s avg, 9.2e+01s total. Expected time remaining: 3.2e+02s
2020-07-27 08:08:05,583 - root - INFO - #45 MAX:accuracy.mean: 0.64
2020-07-27 08:08:05,624 - root - DEBUG - Sampled weight [ 1.84505356 -0.5251682   0.90026728 -0.21012893 -1.67375372]
2020-07-27 08:08:06,705 - root - DEBUG - Updating hall of fame
2020-07-27 08:08:07,456 - root - INFO - Completed generation 46; 1.9s elapsed, 2.0s avg, 9.4e+01s total. Expected time remaining: 3.1e+02s
2020-07-27 08:08:07,507 - root - INFO - #46 MAX:accuracy.mean: 0.6
2020-07-27 08:08:07,549 - root - DEBUG - Sampled weight [-1.70925888 -0.7220632   1.40721367  1.15393944 -1.21455437]
2020-07-27 08:08:08,628 - root - DEBUG - Updating hall of fame
2020-07-27 08:08:08,819 - root - INFO - Completed generation 47; 1.3s elapsed, 2.0s avg, 9.5e+01s total. Expected time remaining: 3.1e+02s
2020-07-27 08:08:08,870 - root - INFO - #47 MAX:accuracy.mean: 0.59
2020-07-27 08:08:08,910 - root - DEBUG - Sampled weight [ 1.8179311   1.4171721  -0.83503948  1.4295712   1.83813485]
2020-07-27 08:08:09,999 - root - DEBUG - Updating hall of fame
2020-07-27 08:08:10,565 - root - INFO - Completed generation 48; 1.7s elapsed, 2.0s avg, 9.7e+01s total. Expected time remaining: 3.1e+02s
2020-07-27 08:08:10,615 - root - INFO - #48 MAX:accuracy.mean: 0.62
2020-07-27 08:08:10,657 - root - DEBUG - Sampled weight [ 1.3049995  -1.2042263  -0.76501968 -1.63646903 -0.93013011]
2020-07-27 08:08:11,737 - root - DEBUG - Updating hall of fame
2020-07-27 08:08:11,738 - root - INFO - Completed generation 49; 1.1s elapsed, 2.0s avg, 9.8e+01s total. Expected time remaining: 3e+02s
2020-07-27 08:08:11,788 - root - INFO - #49 MAX:accuracy.mean: 0.61
2020-07-27 08:08:11,828 - root - DEBUG - Sampled weight [-0.99824799  1.61671937 -0.72566618  1.55067988  1.92794708]
2020-07-27 08:08:12,915 - root - DEBUG - Updating hall of fame
2020-07-27 08:08:13,481 - root - INFO - Completed generation 50; 1.7s elapsed, 2.0s avg, 1e+02s total. Expected time remaining: 3e+02s
2020-07-27 08:08:13,533 - root - INFO - #50 MAX:accuracy.mean: 0.62
2020-07-27 08:08:13,614 - root - DEBUG - Sampled weight [ 0.8638909   0.11836137  1.09035515  0.30673776 -1.07634768]
2020-07-27 08:08:14,695 - root - DEBUG - Updating hall of fame
2020-07-27 08:08:15,251 - root - INFO - Completed generation 51; 1.7s elapsed, 2.0s avg, 1e+02s total. Expected time remaining: 3e+02s
2020-07-27 08:08:15,302 - root - INFO - #51 MAX:accuracy.mean: 0.57
2020-07-27 08:08:15,343 - root - DEBUG - Sampled weight [-1.97635814 -1.57812628 -1.81875225  0.23646696 -1.85988186]
2020-07-27 08:08:16,430 - root - DEBUG - Updating hall of fame
2020-07-27 08:08:16,989 - root - INFO - Completed generation 52; 1.7s elapsed, 2.0s avg, 1e+02s total. Expected time remaining: 2.9e+02s
2020-07-27 08:08:17,039 - root - INFO - #52 MAX:accuracy.mean: 0.6
2020-07-27 08:08:17,080 - root - DEBUG - Sampled weight [ 1.27365237 -0.84984715 -1.97011904  1.14519572 -1.97456112]
2020-07-27 08:08:18,174 - root - DEBUG - Updating hall of fame
2020-07-27 08:08:18,174 - root - INFO - Completed generation 53; 1.1s elapsed, 2.0s avg, 1e+02s total. Expected time remaining: 2.9e+02s
2020-07-27 08:08:18,225 - root - INFO - #53 MAX:accuracy.mean: 0.52
2020-07-27 08:08:18,265 - root - DEBUG - Sampled weight [ 0.07061904 -0.31620124  0.21694184  0.87520718 -0.36993414]
2020-07-27 08:08:19,347 - root - DEBUG - Updating hall of fame
2020-07-27 08:08:19,347 - root - INFO - Completed generation 54; 1.1s elapsed, 2.0s avg, 1.1e+02s total. Expected time remaining: 2.8e+02s
2020-07-27 08:08:19,398 - root - INFO - #54 MAX:accuracy.mean: 0.72
2020-07-27 08:08:19,439 - root - DEBUG - Sampled weight [-0.3780064  -0.92132464 -1.85819351  0.57297864 -0.55661271]
2020-07-27 08:08:20,519 - root - DEBUG - Updating hall of fame
2020-07-27 08:08:21,264 - root - INFO - Completed generation 55; 1.9s elapsed, 2.0s avg, 1.1e+02s total. Expected time remaining: 2.8e+02s
2020-07-27 08:08:21,314 - root - INFO - #55 MAX:accuracy.mean: 0.67
2020-07-27 08:08:21,355 - root - DEBUG - Sampled weight [ 0.0725716  -0.74507425 -0.2260844  -1.67677896  1.53239175]
2020-07-27 08:08:22,439 - root - DEBUG - Updating hall of fame
2020-07-27 08:08:23,417 - root - INFO - Completed generation 56; 2.1s elapsed, 2.0s avg, 1.1e+02s total. Expected time remaining: 2.8e+02s
2020-07-27 08:08:23,471 - root - INFO - #56 MAX:accuracy.mean: 0.58
2020-07-27 08:08:23,514 - root - DEBUG - Sampled weight [-0.78057774  1.48190735 -1.83535217 -1.47808103  1.5633963 ]
2020-07-27 08:08:24,628 - root - DEBUG - Updating hall of fame
2020-07-27 08:08:24,628 - root - INFO - Completed generation 57; 1.2s elapsed, 1.9s avg, 1.1e+02s total. Expected time remaining: 2.8e+02s
2020-07-27 08:08:24,679 - root - INFO - #57 MAX:accuracy.mean: 0.58
2020-07-27 08:08:24,719 - root - DEBUG - Sampled weight [-1.73836188 -1.20100255 -1.47307925  0.93181533 -0.22537818]
2020-07-27 08:08:25,797 - root - DEBUG - Updating hall of fame
2020-07-27 08:08:26,172 - root - INFO - Completed generation 58; 1.5s elapsed, 1.9s avg, 1.1e+02s total. Expected time remaining: 2.7e+02s
2020-07-27 08:08:26,222 - root - INFO - #58 MAX:accuracy.mean: 0.6
2020-07-27 08:08:26,264 - root - DEBUG - Sampled weight [-0.88546316  1.0451291   1.960972   -0.38251224 -1.23442923]
2020-07-27 08:08:27,344 - root - DEBUG - Updating hall of fame
2020-07-27 08:08:27,536 - root - INFO - Completed generation 59; 1.3s elapsed, 1.9s avg, 1.1e+02s total. Expected time remaining: 2.7e+02s
2020-07-27 08:08:27,587 - root - INFO - #59 MAX:accuracy.mean: 0.61
2020-07-27 08:08:27,629 - root - DEBUG - Sampled weight [ 0.11469737  0.88274314 -1.17464912  0.47615799  0.68183266]
2020-07-27 08:08:28,715 - root - DEBUG - Updating hall of fame
2020-07-27 08:08:29,287 - root - INFO - Completed generation 60; 1.7s elapsed, 1.9s avg, 1.2e+02s total. Expected time remaining: 2.7e+02s
2020-07-27 08:08:29,338 - root - INFO - #60 MAX:accuracy.mean: 0.64
2020-07-27 08:08:30,766 - root - DEBUG - Sampled weight [-1.91236284  1.72265902  1.00424855  1.11643376 -0.42938308]
2020-07-27 08:08:31,980 - root - DEBUG - Updating hall of fame
2020-07-27 08:08:32,919 - root - INFO - Completed generation 61; 2.2s elapsed, 1.9s avg, 1.2e+02s total. Expected time remaining: 2.7e+02s
2020-07-27 08:08:32,970 - root - INFO - #61 MAX:accuracy.mean: 0.55
2020-07-27 08:08:33,010 - root - DEBUG - Sampled weight [-0.90011839  1.33836542  0.81586497 -1.79058662  1.58907157]
2020-07-27 08:08:34,097 - root - DEBUG - Updating hall of fame
2020-07-27 08:08:34,468 - root - INFO - Completed generation 62; 1.5s elapsed, 1.9s avg, 1.2e+02s total. Expected time remaining: 2.6e+02s
2020-07-27 08:08:34,519 - root - INFO - #62 MAX:accuracy.mean: 0.59
2020-07-27 08:08:34,559 - root - DEBUG - Sampled weight [ 1.85333955 -0.31190575  1.27661168 -0.75280378 -0.6193975 ]
2020-07-27 08:08:35,645 - root - DEBUG - Updating hall of fame
2020-07-27 08:08:35,834 - root - INFO - Completed generation 63; 1.3s elapsed, 1.9s avg, 1.2e+02s total. Expected time remaining: 2.6e+02s
2020-07-27 08:08:35,885 - root - INFO - #63 MAX:accuracy.mean: 0.67
2020-07-27 08:08:35,926 - root - DEBUG - Sampled weight [-1.24522506 -1.48712573  0.09191525 -0.44259314  1.19201785]
2020-07-27 08:08:37,010 - root - DEBUG - Updating hall of fame
2020-07-27 08:08:37,762 - root - INFO - Completed generation 64; 1.9s elapsed, 1.9s avg, 1.2e+02s total. Expected time remaining: 2.6e+02s
2020-07-27 08:08:37,814 - root - INFO - #64 MAX:accuracy.mean: 0.62
2020-07-27 08:08:37,854 - root - DEBUG - Sampled weight [-1.67823424  1.08818143  0.34121455  1.19468374 -1.52138343]
2020-07-27 08:08:38,935 - root - DEBUG - Updating hall of fame
2020-07-27 08:08:39,122 - root - INFO - Completed generation 65; 1.3s elapsed, 1.9s avg, 1.2e+02s total. Expected time remaining: 2.6e+02s
2020-07-27 08:08:39,173 - root - INFO - #65 MAX:accuracy.mean: 0.68
2020-07-27 08:08:39,214 - root - DEBUG - Sampled weight [ 1.49780869  1.55500717 -1.26661344 -1.79240615  0.01087078]
2020-07-27 08:08:40,290 - root - DEBUG - Updating hall of fame
2020-07-27 08:08:40,845 - root - INFO - Completed generation 66; 1.7s elapsed, 1.9s avg, 1.2e+02s total. Expected time remaining: 2.5e+02s
2020-07-27 08:08:40,896 - root - INFO - #66 MAX:accuracy.mean: 0.55
2020-07-27 08:08:40,937 - root - DEBUG - Sampled weight [ 0.82212076  1.81906699 -0.13171709  0.15045257  0.21608133]
2020-07-27 08:08:42,009 - root - DEBUG - Updating hall of fame
2020-07-27 08:08:42,193 - root - INFO - Completed generation 67; 1.3s elapsed, 1.9s avg, 1.3e+02s total. Expected time remaining: 2.5e+02s
2020-07-27 08:08:42,244 - root - INFO - #67 MAX:accuracy.mean: 0.57
2020-07-27 08:08:42,286 - root - DEBUG - Sampled weight [-1.43405763  0.23870482 -1.05686477  1.08325089  1.51012164]
2020-07-27 08:08:43,361 - root - DEBUG - Updating hall of fame
2020-07-27 08:08:43,732 - root - INFO - Completed generation 68; 1.5s elapsed, 1.9s avg, 1.3e+02s total. Expected time remaining: 2.5e+02s
2020-07-27 08:08:43,782 - root - INFO - #68 MAX:accuracy.mean: 0.59
2020-07-27 08:08:43,824 - root - DEBUG - Sampled weight [ 1.73374825  0.26452882  1.43058288 -1.52298172  0.42613001]
2020-07-27 08:08:44,895 - root - DEBUG - Updating hall of fame
2020-07-27 08:08:45,264 - root - INFO - Completed generation 69; 1.5s elapsed, 1.9s avg, 1.3e+02s total. Expected time remaining: 2.5e+02s
2020-07-27 08:08:45,315 - root - INFO - #69 MAX:accuracy.mean: 0.57
2020-07-27 08:08:45,356 - root - DEBUG - Sampled weight [ 0.1977419  -0.60470914 -0.72751854  0.70326573  0.54114759]
2020-07-27 08:08:46,424 - root - DEBUG - Updating hall of fame
2020-07-27 08:08:46,800 - root - INFO - Completed generation 70; 1.5s elapsed, 1.9s avg, 1.3e+02s total. Expected time remaining: 2.4e+02s
2020-07-27 08:08:46,851 - root - INFO - #70 MAX:accuracy.mean: 0.65
2020-07-27 08:08:46,977 - root - DEBUG - Sampled weight [ 1.72220153 -0.98219456  0.01263529 -0.01559081 -0.55945027]
2020-07-27 08:08:48,056 - root - DEBUG - Updating hall of fame
2020-07-27 08:08:48,791 - root - INFO - Completed generation 71; 1.9s elapsed, 1.9s avg, 1.3e+02s total. Expected time remaining: 2.4e+02s
2020-07-27 08:08:48,841 - root - INFO - #71 MAX:accuracy.mean: 0.64
2020-07-27 08:08:48,882 - root - DEBUG - Sampled weight [ 0.05919174  1.59876737  1.82856755 -1.53633584  0.62558842]
2020-07-27 08:08:49,949 - root - DEBUG - Updating hall of fame
2020-07-27 08:08:50,512 - root - INFO - Completed generation 72; 1.7s elapsed, 1.9s avg, 1.3e+02s total. Expected time remaining: 2.4e+02s
2020-07-27 08:08:50,563 - root - INFO - #72 MAX:accuracy.mean: 0.57
2020-07-27 08:08:50,604 - root - DEBUG - Sampled weight [-0.60808913 -0.4219889   0.4796854  -0.44323516  0.26019149]
2020-07-27 08:08:51,675 - root - DEBUG - Updating hall of fame
2020-07-27 08:08:52,047 - root - INFO - Completed generation 73; 1.5s elapsed, 1.9s avg, 1.4e+02s total. Expected time remaining: 2.4e+02s
2020-07-27 08:08:52,098 - root - INFO - #73 MAX:accuracy.mean: 0.72
2020-07-27 08:08:52,138 - root - DEBUG - Sampled weight [-1.79577662 -0.75095099  0.54795619 -1.98620184 -0.16300697]
2020-07-27 08:08:53,205 - root - DEBUG - Updating hall of fame
2020-07-27 08:08:54,318 - root - INFO - Completed generation 74; 2.2s elapsed, 1.9s avg, 1.4e+02s total. Expected time remaining: 2.3e+02s
2020-07-27 08:08:54,368 - root - INFO - #74 MAX:accuracy.mean: 0.6
2020-07-27 08:08:54,409 - root - DEBUG - Sampled weight [-0.18438203 -1.55378015  0.94144476  0.19526828 -0.99167064]
2020-07-27 08:08:55,471 - root - DEBUG - Updating hall of fame
2020-07-27 08:08:56,052 - root - INFO - Completed generation 75; 1.7s elapsed, 1.9s avg, 1.4e+02s total. Expected time remaining: 2.3e+02s
2020-07-27 08:08:56,103 - root - INFO - #75 MAX:accuracy.mean: 0.6
2020-07-27 08:08:56,144 - root - DEBUG - Sampled weight [-0.23030132 -0.64478484 -1.96573495  0.23113002  0.02335134]
2020-07-27 08:08:57,216 - root - DEBUG - Updating hall of fame
2020-07-27 08:08:57,765 - root - INFO - Completed generation 76; 1.7s elapsed, 1.9s avg, 1.4e+02s total. Expected time remaining: 2.3e+02s
2020-07-27 08:08:57,816 - root - INFO - #76 MAX:accuracy.mean: 0.6
2020-07-27 08:08:57,857 - root - DEBUG - Sampled weight [-0.08666384  1.02720528  0.25676162  1.1213546   1.56778709]
2020-07-27 08:08:58,938 - root - DEBUG - Updating hall of fame
2020-07-27 08:08:59,315 - root - INFO - Completed generation 77; 1.5s elapsed, 1.9s avg, 1.4e+02s total. Expected time remaining: 2.3e+02s
2020-07-27 08:08:59,366 - root - INFO - #77 MAX:accuracy.mean: 0.6
2020-07-27 08:08:59,406 - root - DEBUG - Sampled weight [ 1.69258973  1.27874482 -0.12530323 -0.07286524 -1.25585817]
2020-07-27 08:09:00,486 - root - DEBUG - Updating hall of fame
2020-07-27 08:09:00,487 - root - INFO - Completed generation 78; 1.1s elapsed, 1.8s avg, 1.4e+02s total. Expected time remaining: 2.2e+02s
2020-07-27 08:09:00,537 - root - INFO - #78 MAX:accuracy.mean: 0.54
2020-07-27 08:09:00,577 - root - DEBUG - Sampled weight [ 0.13093166 -1.76647502 -1.03525096 -0.05327891  0.39880747]
2020-07-27 08:09:01,668 - root - DEBUG - Updating hall of fame
2020-07-27 08:09:01,669 - root - INFO - Completed generation 79; 1.1s elapsed, 1.8s avg, 1.4e+02s total. Expected time remaining: 2.2e+02s
2020-07-27 08:09:01,722 - root - INFO - #79 MAX:accuracy.mean: 0.58
2020-07-27 08:09:01,765 - root - DEBUG - Sampled weight [ 1.37287273 -1.26931938  0.75590036 -0.53464955  1.03172069]
2020-07-27 08:09:02,864 - root - DEBUG - Updating hall of fame
2020-07-27 08:09:03,242 - root - INFO - Completed generation 80; 1.5s elapsed, 1.8s avg, 1.5e+02s total. Expected time remaining: 2.2e+02s
2020-07-27 08:09:03,293 - root - INFO - #80 MAX:accuracy.mean: 0.61
2020-07-27 08:09:03,402 - root - DEBUG - Sampled weight [-1.33072292  0.07348375 -0.147864   -0.85156813 -1.27756323]
2020-07-27 08:09:04,488 - root - DEBUG - Updating hall of fame
2020-07-27 08:09:05,611 - root - INFO - Completed generation 81; 2.3s elapsed, 1.8s avg, 1.5e+02s total. Expected time remaining: 2.2e+02s
2020-07-27 08:09:05,662 - root - INFO - #81 MAX:accuracy.mean: 0.61
2020-07-27 08:09:05,703 - root - DEBUG - Sampled weight [ 1.62864785  1.14071649  1.2486517  -0.02556019 -0.69744746]
2020-07-27 08:09:06,797 - root - DEBUG - Updating hall of fame
2020-07-27 08:09:06,797 - root - INFO - Completed generation 82; 1.1s elapsed, 1.8s avg, 1.5e+02s total. Expected time remaining: 2.2e+02s
2020-07-27 08:09:06,851 - root - INFO - #82 MAX:accuracy.mean: 0.62
2020-07-27 08:09:06,894 - root - DEBUG - Sampled weight [-0.12525094 -0.56723749 -0.90603647  0.97403339  0.45454617]
2020-07-27 08:09:07,987 - root - DEBUG - Updating hall of fame
2020-07-27 08:09:08,171 - root - INFO - Completed generation 83; 1.3s elapsed, 1.8s avg, 1.5e+02s total. Expected time remaining: 2.1e+02s
2020-07-27 08:09:08,222 - root - INFO - #83 MAX:accuracy.mean: 0.6
2020-07-27 08:09:08,264 - root - DEBUG - Sampled weight [-0.20616748 -1.01312107  1.85913407 -0.88663183  0.64369919]
2020-07-27 08:09:09,349 - root - DEBUG - Updating hall of fame
2020-07-27 08:09:10,470 - root - INFO - Completed generation 84; 2.2s elapsed, 1.8s avg, 1.5e+02s total. Expected time remaining: 2.1e+02s
2020-07-27 08:09:10,521 - root - INFO - #84 MAX:accuracy.mean: 0.61
2020-07-27 08:09:10,562 - root - DEBUG - Sampled weight [-1.67080938 -1.63994395  0.88216955 -1.95731612 -0.17189796]
2020-07-27 08:09:11,644 - root - DEBUG - Updating hall of fame
2020-07-27 08:09:11,830 - root - INFO - Completed generation 85; 1.3s elapsed, 1.8s avg, 1.5e+02s total. Expected time remaining: 2.1e+02s
2020-07-27 08:09:11,881 - root - INFO - #85 MAX:accuracy.mean: 0.56
2020-07-27 08:09:11,921 - root - DEBUG - Sampled weight [-1.95444849  0.1142352  -1.6378631  -0.11787277 -0.77619949]
2020-07-27 08:09:13,002 - root - DEBUG - Updating hall of fame
2020-07-27 08:09:13,188 - root - INFO - Completed generation 86; 1.3s elapsed, 1.8s avg, 1.6e+02s total. Expected time remaining: 2.1e+02s
2020-07-27 08:09:13,238 - root - INFO - #86 MAX:accuracy.mean: 0.59
2020-07-27 08:09:13,279 - root - DEBUG - Sampled weight [-0.56223442  1.7752013   0.08548413 -1.73615879 -0.64909083]
2020-07-27 08:09:14,363 - root - DEBUG - Updating hall of fame
2020-07-27 08:09:14,363 - root - INFO - Completed generation 87; 1.1s elapsed, 1.8s avg, 1.6e+02s total. Expected time remaining: 2e+02s
2020-07-27 08:09:14,414 - root - INFO - #87 MAX:accuracy.mean: 0.58
2020-07-27 08:09:14,455 - root - DEBUG - Sampled weight [-1.10053644  0.18303007  1.39532385 -0.44723668  1.16893744]
2020-07-27 08:09:15,551 - root - DEBUG - Updating hall of fame
2020-07-27 08:09:16,119 - root - INFO - Completed generation 88; 1.7s elapsed, 1.8s avg, 1.6e+02s total. Expected time remaining: 2e+02s
2020-07-27 08:09:16,170 - root - INFO - #88 MAX:accuracy.mean: 0.61
2020-07-27 08:09:16,211 - root - DEBUG - Sampled weight [-0.01203205  0.94251845  0.17548601 -0.96832092  0.89688969]
2020-07-27 08:09:17,308 - root - DEBUG - Updating hall of fame
2020-07-27 08:09:17,873 - root - INFO - Completed generation 89; 1.7s elapsed, 1.8s avg, 1.6e+02s total. Expected time remaining: 2e+02s
2020-07-27 08:09:17,924 - root - INFO - #89 MAX:accuracy.mean: 0.62
2020-07-27 08:09:17,965 - root - DEBUG - Sampled weight [-1.47570121 -1.68861812 -1.27818282 -1.67688886  0.13584601]
2020-07-27 08:09:19,054 - root - DEBUG - Updating hall of fame
2020-07-27 08:09:19,054 - root - INFO - Completed generation 90; 1.1s elapsed, 1.8s avg, 1.6e+02s total. Expected time remaining: 2e+02s
2020-07-27 08:09:19,105 - root - INFO - #90 MAX:accuracy.mean: 0.6
2020-07-27 08:09:19,197 - root - DEBUG - Sampled weight [ 1.72204662 -0.63989617 -1.95394277 -0.26521757 -0.4572674 ]
2020-07-27 08:09:20,282 - root - DEBUG - Updating hall of fame
2020-07-27 08:09:20,467 - root - INFO - Completed generation 91; 1.3s elapsed, 1.8s avg, 1.6e+02s total. Expected time remaining: 2e+02s
2020-07-27 08:09:20,517 - root - INFO - #91 MAX:accuracy.mean: 0.6
2020-07-27 08:09:20,558 - root - DEBUG - Sampled weight [-1.06118244 -0.08438516 -1.4100112   1.76110893  0.37825878]
2020-07-27 08:09:21,649 - root - DEBUG - Updating hall of fame
2020-07-27 08:09:21,834 - root - INFO - Completed generation 92; 1.3s elapsed, 1.8s avg, 1.6e+02s total. Expected time remaining: 1.9e+02s
2020-07-27 08:09:21,884 - root - INFO - #92 MAX:accuracy.mean: 0.58
2020-07-27 08:09:21,924 - root - DEBUG - Sampled weight [ 0.49444684 -1.65546879  1.83252096 -0.72576853 -0.20459374]
2020-07-27 08:09:23,014 - root - DEBUG - Updating hall of fame
2020-07-27 08:09:23,204 - root - INFO - Completed generation 93; 1.3s elapsed, 1.8s avg, 1.7e+02s total. Expected time remaining: 1.9e+02s
2020-07-27 08:09:23,254 - root - INFO - #93 MAX:accuracy.mean: 0.61
2020-07-27 08:09:23,296 - root - DEBUG - Sampled weight [-1.62954801  1.12165705  0.83626451 -1.544267    1.5707199 ]
2020-07-27 08:09:24,381 - root - DEBUG - Updating hall of fame
2020-07-27 08:09:24,937 - root - INFO - Completed generation 94; 1.7s elapsed, 1.8s avg, 1.7e+02s total. Expected time remaining: 1.9e+02s
2020-07-27 08:09:24,988 - root - INFO - #94 MAX:accuracy.mean: 0.57
2020-07-27 08:09:25,029 - root - DEBUG - Sampled weight [ 0.05515183 -1.20046079 -0.70987166 -0.08994295  0.07293245]
2020-07-27 08:09:26,108 - root - DEBUG - Updating hall of fame
2020-07-27 08:09:26,292 - root - INFO - Completed generation 95; 1.3s elapsed, 1.8s avg, 1.7e+02s total. Expected time remaining: 1.9e+02s
2020-07-27 08:09:26,343 - root - INFO - #95 MAX:accuracy.mean: 0.63
2020-07-27 08:09:26,385 - root - DEBUG - Sampled weight [-1.36964847  0.93267453 -1.81616453  1.16255644  1.04034651]
2020-07-27 08:09:27,472 - root - DEBUG - Updating hall of fame
2020-07-27 08:09:27,473 - root - INFO - Completed generation 96; 1.1s elapsed, 1.8s avg, 1.7e+02s total. Expected time remaining: 1.8e+02s
2020-07-27 08:09:27,523 - root - INFO - #96 MAX:accuracy.mean: 0.56
2020-07-27 08:09:27,564 - root - DEBUG - Sampled weight [-1.82698489 -0.75820095  1.1226926   1.00847866  0.98299937]
2020-07-27 08:09:28,658 - root - DEBUG - Updating hall of fame
2020-07-27 08:09:28,658 - root - INFO - Completed generation 97; 1.1s elapsed, 1.8s avg, 1.7e+02s total. Expected time remaining: 1.8e+02s
2020-07-27 08:09:28,709 - root - INFO - #97 MAX:accuracy.mean: 0.52
2020-07-27 08:09:28,751 - root - DEBUG - Sampled weight [-1.18236235  0.77109846  1.22455162 -0.2914636  -0.8733663 ]
2020-07-27 08:09:29,843 - root - DEBUG - Updating hall of fame
2020-07-27 08:09:30,396 - root - INFO - Completed generation 98; 1.7s elapsed, 1.8s avg, 1.7e+02s total. Expected time remaining: 1.8e+02s
2020-07-27 08:09:30,447 - root - INFO - #98 MAX:accuracy.mean: 0.66
2020-07-27 08:09:30,489 - root - DEBUG - Sampled weight [ 1.67725277  0.24923547  1.4700207   1.66933048 -0.74861158]
2020-07-27 08:09:31,580 - root - DEBUG - Updating hall of fame
2020-07-27 08:09:32,132 - root - INFO - Completed generation 99; 1.7s elapsed, 1.8s avg, 1.7e+02s total. Expected time remaining: 1.8e+02s
2020-07-27 08:09:32,182 - root - INFO - #99 MAX:accuracy.mean: 0.62
2020-07-27 08:09:32,222 - root - DEBUG - Sampled weight [-0.06260969 -0.1693022   0.52765076 -0.16922052  1.33286492]
2020-07-27 08:09:33,309 - root - DEBUG - Updating hall of fame
2020-07-27 08:09:33,493 - root - INFO - Completed generation 100; 1.3s elapsed, 1.8s avg, 1.8e+02s total. Expected time remaining: 1.8e+02s
2020-07-27 08:09:33,543 - root - INFO - #100 MAX:accuracy.mean: 0.62
2020-07-27 08:09:33,630 - root - DEBUG - Sampled weight [ 1.26494343 -0.72813402  0.04672129 -0.33570447  0.48222565]
2020-07-27 08:09:34,719 - root - DEBUG - Updating hall of fame
2020-07-27 08:09:35,095 - root - INFO - Completed generation 101; 1.5s elapsed, 1.8s avg, 1.8e+02s total. Expected time remaining: 1.7e+02s
2020-07-27 08:09:35,146 - root - INFO - #101 MAX:accuracy.mean: 0.67
2020-07-27 08:09:35,187 - root - DEBUG - Sampled weight [-0.62610883  0.20940604 -1.22970886 -1.29974023 -1.07071857]
2020-07-27 08:09:36,276 - root - DEBUG - Updating hall of fame
2020-07-27 08:09:36,832 - root - INFO - Completed generation 102; 1.7s elapsed, 1.8s avg, 1.8e+02s total. Expected time remaining: 1.7e+02s
2020-07-27 08:09:36,883 - root - INFO - #102 MAX:accuracy.mean: 0.61
2020-07-27 08:09:36,924 - root - DEBUG - Sampled weight [ 0.30476395  0.82706072 -1.84721469 -1.80500383  1.86592458]
2020-07-27 08:09:38,011 - root - DEBUG - Updating hall of fame
2020-07-27 08:09:38,201 - root - INFO - Completed generation 103; 1.3s elapsed, 1.7s avg, 1.8e+02s total. Expected time remaining: 1.7e+02s
2020-07-27 08:09:38,252 - root - INFO - #103 MAX:accuracy.mean: 0.59
2020-07-27 08:09:38,293 - root - DEBUG - Sampled weight [-0.93496197  1.1776528   1.69637412  1.86907933  0.1465335 ]
2020-07-27 08:09:39,360 - root - DEBUG - Updating hall of fame
2020-07-27 08:09:39,545 - root - INFO - Completed generation 104; 1.3s elapsed, 1.7s avg, 1.8e+02s total. Expected time remaining: 1.7e+02s
2020-07-27 08:09:39,595 - root - INFO - #104 MAX:accuracy.mean: 0.52
2020-07-27 08:09:39,636 - root - DEBUG - Sampled weight [ 0.907859   -0.03767209  0.63529508  1.33825774 -1.45092644]
2020-07-27 08:09:40,706 - root - DEBUG - Updating hall of fame
2020-07-27 08:09:40,888 - root - INFO - Completed generation 105; 1.3s elapsed, 1.7s avg, 1.8e+02s total. Expected time remaining: 1.7e+02s
2020-07-27 08:09:40,939 - root - INFO - #105 MAX:accuracy.mean: 0.61
2020-07-27 08:09:40,979 - root - DEBUG - Sampled weight [ 0.39045944 -1.47056551  1.53180601 -0.92441852 -0.19257205]
2020-07-27 08:09:42,060 - root - DEBUG - Updating hall of fame
2020-07-27 08:09:42,611 - root - INFO - Completed generation 106; 1.7s elapsed, 1.7s avg, 1.8e+02s total. Expected time remaining: 1.6e+02s
2020-07-27 08:09:42,662 - root - INFO - #106 MAX:accuracy.mean: 0.63
2020-07-27 08:09:42,703 - root - DEBUG - Sampled weight [ 0.37346753  0.42560803  1.56926506 -1.32789009 -0.97092117]
2020-07-27 08:09:43,778 - root - DEBUG - Updating hall of fame
2020-07-27 08:09:44,157 - root - INFO - Completed generation 107; 1.5s elapsed, 1.7s avg, 1.9e+02s total. Expected time remaining: 1.6e+02s
2020-07-27 08:09:44,207 - root - INFO - #107 MAX:accuracy.mean: 0.68
2020-07-27 08:09:44,249 - root - DEBUG - Sampled weight [-0.60170985 -0.18992985 -1.46302165  0.02847637 -1.93788079]
2020-07-27 08:09:45,331 - root - DEBUG - Updating hall of fame
2020-07-27 08:09:46,079 - root - INFO - Completed generation 108; 1.9s elapsed, 1.7s avg, 1.9e+02s total. Expected time remaining: 1.6e+02s
2020-07-27 08:09:46,131 - root - INFO - #108 MAX:accuracy.mean: 0.56
2020-07-27 08:09:46,173 - root - DEBUG - Sampled weight [ 1.50038386 -1.24197712 -0.85914354  0.40478072  1.26352888]
2020-07-27 08:09:47,266 - root - DEBUG - Updating hall of fame
2020-07-27 08:09:47,266 - root - INFO - Completed generation 109; 1.1s elapsed, 1.7s avg, 1.9e+02s total. Expected time remaining: 1.6e+02s
2020-07-27 08:09:47,318 - root - INFO - #109 MAX:accuracy.mean: 0.62
2020-07-27 08:09:47,358 - root - DEBUG - Sampled weight [-0.34829696  1.6736526   1.41010764  0.40912072  0.77258205]
2020-07-27 08:09:48,438 - root - DEBUG - Updating hall of fame
2020-07-27 08:09:49,554 - root - INFO - Completed generation 110; 2.2s elapsed, 1.7s avg, 1.9e+02s total. Expected time remaining: 1.6e+02s
2020-07-27 08:09:49,605 - root - INFO - #110 MAX:accuracy.mean: 0.65
2020-07-27 08:09:49,707 - root - DEBUG - Sampled weight [ 1.44482805  1.35849669 -0.32052212 -0.34633709  1.16466991]
2020-07-27 08:09:50,789 - root - DEBUG - Updating hall of fame
2020-07-27 08:09:51,529 - root - INFO - Completed generation 111; 1.9s elapsed, 1.7s avg, 1.9e+02s total. Expected time remaining: 1.5e+02s
2020-07-27 08:09:51,580 - root - INFO - #111 MAX:accuracy.mean: 0.69
2020-07-27 08:09:51,621 - root - DEBUG - Sampled weight [ 1.44256717  1.71254191  0.09463068  0.81754291 -0.88912604]
2020-07-27 08:09:52,699 - root - DEBUG - Updating hall of fame
2020-07-27 08:09:52,883 - root - INFO - Completed generation 112; 1.3s elapsed, 1.7s avg, 1.9e+02s total. Expected time remaining: 1.5e+02s
2020-07-27 08:09:52,933 - root - INFO - #112 MAX:accuracy.mean: 0.57
2020-07-27 08:09:52,974 - root - DEBUG - Sampled weight [-0.65137935  0.29813661  0.72593154 -1.78352741  0.41492517]
2020-07-27 08:09:54,054 - root - DEBUG - Updating hall of fame
2020-07-27 08:09:54,054 - root - INFO - Completed generation 113; 1.1s elapsed, 1.7s avg, 2e+02s total. Expected time remaining: 1.5e+02s
2020-07-27 08:09:54,105 - root - INFO - #113 MAX:accuracy.mean: 0.67
2020-07-27 08:09:54,146 - root - DEBUG - Sampled weight [-0.46204284 -0.7554734   1.77092198 -1.79774349 -0.76489821]
2020-07-27 08:09:55,226 - root - DEBUG - Updating hall of fame
2020-07-27 08:09:56,162 - root - INFO - Completed generation 114; 2.1s elapsed, 1.7s avg, 2e+02s total. Expected time remaining: 1.5e+02s
2020-07-27 08:09:56,213 - root - INFO - #114 MAX:accuracy.mean: 0.66
2020-07-27 08:09:56,253 - root - DEBUG - Sampled weight [-0.48836519  1.44133437 -1.05479069 -1.35244425 -0.46387937]
2020-07-27 08:09:57,334 - root - DEBUG - Updating hall of fame
2020-07-27 08:09:57,709 - root - INFO - Completed generation 115; 1.5s elapsed, 1.7s avg, 2e+02s total. Expected time remaining: 1.5e+02s
2020-07-27 08:09:57,760 - root - INFO - #115 MAX:accuracy.mean: 0.61
2020-07-27 08:09:57,801 - root - DEBUG - Sampled weight [-0.32459367  0.41429556 -1.27529751  1.68426066 -0.14444012]
2020-07-27 08:09:58,876 - root - DEBUG - Updating hall of fame
2020-07-27 08:09:59,427 - root - INFO - Completed generation 116; 1.7s elapsed, 1.7s avg, 2e+02s total. Expected time remaining: 1.5e+02s
2020-07-27 08:09:59,477 - root - INFO - #116 MAX:accuracy.mean: 0.63
2020-07-27 08:09:59,517 - root - DEBUG - Sampled weight [-0.27772437 -1.84351987  0.01441768 -1.28331324 -1.93662171]
2020-07-27 08:10:00,589 - root - DEBUG - Updating hall of fame
2020-07-27 08:10:01,146 - root - INFO - Completed generation 117; 1.7s elapsed, 1.7s avg, 2e+02s total. Expected time remaining: 1.4e+02s
2020-07-27 08:10:01,197 - root - INFO - #117 MAX:accuracy.mean: 0.53
2020-07-27 08:10:01,238 - root - DEBUG - Sampled weight [-0.8462232   0.65068509 -0.31318731  1.77569892 -0.86259826]
2020-07-27 08:10:02,313 - root - DEBUG - Updating hall of fame
2020-07-27 08:10:02,313 - root - INFO - Completed generation 118; 1.1s elapsed, 1.7s avg, 2e+02s total. Expected time remaining: 1.4e+02s
2020-07-27 08:10:02,364 - root - INFO - #118 MAX:accuracy.mean: 0.65
2020-07-27 08:10:02,405 - root - DEBUG - Sampled weight [-1.46481407 -1.52807011 -0.08505284  1.72874433 -0.05763281]
2020-07-27 08:10:03,478 - root - DEBUG - Updating hall of fame
2020-07-27 08:10:04,212 - root - INFO - Completed generation 119; 1.8s elapsed, 1.7s avg, 2.1e+02s total. Expected time remaining: 1.4e+02s
2020-07-27 08:10:04,263 - root - INFO - #119 MAX:accuracy.mean: 0.57
2020-07-27 08:10:04,305 - root - DEBUG - Sampled weight [-0.48453388 -1.34354724  0.24905339 -1.95287388  1.42201512]
2020-07-27 08:10:05,379 - root - DEBUG - Updating hall of fame
2020-07-27 08:10:05,380 - root - INFO - Completed generation 120; 1.1s elapsed, 1.7s avg, 2.1e+02s total. Expected time remaining: 1.4e+02s
2020-07-27 08:10:05,430 - root - INFO - #120 MAX:accuracy.mean: 0.57
2020-07-27 08:10:05,538 - root - DEBUG - Sampled weight [-1.10187128 -0.84575402 -0.05681955 -1.75241791 -0.58572793]
2020-07-27 08:10:06,624 - root - DEBUG - Updating hall of fame
2020-07-27 08:10:06,812 - root - INFO - Completed generation 121; 1.3s elapsed, 1.7s avg, 2.1e+02s total. Expected time remaining: 1.4e+02s
2020-07-27 08:10:06,863 - root - INFO - #121 MAX:accuracy.mean: 0.59
2020-07-27 08:10:06,904 - root - DEBUG - Sampled weight [ 0.67185482  0.50636867 -1.49449997 -1.31947682 -0.62171759]
2020-07-27 08:10:08,006 - root - DEBUG - Updating hall of fame
2020-07-27 08:10:08,571 - root - INFO - Completed generation 122; 1.7s elapsed, 1.7s avg, 2.1e+02s total. Expected time remaining: 1.3e+02s
2020-07-27 08:10:08,623 - root - INFO - #122 MAX:accuracy.mean: 0.63
2020-07-27 08:10:08,664 - root - DEBUG - Sampled weight [ 1.40031631  0.67528161 -1.80670868  1.684195   -1.77679995]
2020-07-27 08:10:09,742 - root - DEBUG - Updating hall of fame
2020-07-27 08:10:10,488 - root - INFO - Completed generation 123; 1.9s elapsed, 1.7s avg, 2.1e+02s total. Expected time remaining: 1.3e+02s
2020-07-27 08:10:10,539 - root - INFO - #123 MAX:accuracy.mean: 0.59
2020-07-27 08:10:10,578 - root - DEBUG - Sampled weight [-1.13684151 -1.34668171  0.69844094  1.60565938  1.41675937]
2020-07-27 08:10:11,655 - root - DEBUG - Updating hall of fame
2020-07-27 08:10:11,655 - root - INFO - Completed generation 124; 1.1s elapsed, 1.7s avg, 2.1e+02s total. Expected time remaining: 1.3e+02s
2020-07-27 08:10:11,706 - root - INFO - #124 MAX:accuracy.mean: 0.59
2020-07-27 08:10:11,747 - root - DEBUG - Sampled weight [ 0.9467833  -1.55784702  1.97178357 -0.40692123  1.14697136]
2020-07-27 08:10:12,820 - root - DEBUG - Updating hall of fame
2020-07-27 08:10:13,007 - root - INFO - Completed generation 125; 1.3s elapsed, 1.7s avg, 2.1e+02s total. Expected time remaining: 1.3e+02s
2020-07-27 08:10:13,058 - root - INFO - #125 MAX:accuracy.mean: 0.58
2020-07-27 08:10:13,099 - root - DEBUG - Sampled weight [ 1.438178    1.49024545 -1.7031593  -1.71241294  1.95408299]
2020-07-27 08:10:14,180 - root - DEBUG - Updating hall of fame
2020-07-27 08:10:14,738 - root - INFO - Completed generation 126; 1.7s elapsed, 1.7s avg, 2.2e+02s total. Expected time remaining: 1.3e+02s
2020-07-27 08:10:14,789 - root - INFO - #126 MAX:accuracy.mean: 0.58
2020-07-27 08:10:14,829 - root - DEBUG - Sampled weight [ 1.38844287 -1.73519653 -1.54937805  1.89202636 -1.08315527]
2020-07-27 08:10:15,907 - root - DEBUG - Updating hall of fame
2020-07-27 08:10:16,092 - root - INFO - Completed generation 127; 1.3s elapsed, 1.7s avg, 2.2e+02s total. Expected time remaining: 1.2e+02s
2020-07-27 08:10:16,142 - root - INFO - #127 MAX:accuracy.mean: 0.56
2020-07-27 08:10:16,182 - root - DEBUG - Sampled weight [-0.23145216  0.80413171 -0.83187275 -0.31081445 -1.30851001]
2020-07-27 08:10:17,257 - root - DEBUG - Updating hall of fame
2020-07-27 08:10:17,445 - root - INFO - Completed generation 128; 1.3s elapsed, 1.7s avg, 2.2e+02s total. Expected time remaining: 1.2e+02s
2020-07-27 08:10:17,502 - root - INFO - #128 MAX:accuracy.mean: 0.67
2020-07-27 08:10:17,543 - root - DEBUG - Sampled weight [-1.96037393 -0.22175208 -0.30226414  1.68070516  1.97543328]
2020-07-27 08:10:18,623 - root - DEBUG - Updating hall of fame
2020-07-27 08:10:19,366 - root - INFO - Completed generation 129; 1.9s elapsed, 1.7s avg, 2.2e+02s total. Expected time remaining: 1.2e+02s
2020-07-27 08:10:19,416 - root - INFO - #129 MAX:accuracy.mean: 0.57
2020-07-27 08:10:19,457 - root - DEBUG - Sampled weight [ 0.8687468   0.09984998 -0.75506029  0.0678481  -0.57160488]
2020-07-27 08:10:20,537 - root - DEBUG - Updating hall of fame
2020-07-27 08:10:20,914 - root - INFO - Completed generation 130; 1.5s elapsed, 1.7s avg, 2.2e+02s total. Expected time remaining: 1.2e+02s
2020-07-27 08:10:20,964 - root - INFO - #130 MAX:accuracy.mean: 0.67
2020-07-27 08:10:21,059 - root - DEBUG - Sampled weight [ 0.0657457  -1.00894747 -1.95963081  0.74940154 -1.50019798]
2020-07-27 08:10:22,143 - root - DEBUG - Updating hall of fame
2020-07-27 08:10:22,891 - root - INFO - Completed generation 131; 1.9s elapsed, 1.7s avg, 2.2e+02s total. Expected time remaining: 1.2e+02s
2020-07-27 08:10:22,942 - root - INFO - #131 MAX:accuracy.mean: 0.59
2020-07-27 08:10:22,984 - root - DEBUG - Sampled weight [-1.94365611 -1.89397698 -1.63612977 -1.78725513  0.27543332]
2020-07-27 08:10:24,069 - root - DEBUG - Updating hall of fame
2020-07-27 08:10:24,253 - root - INFO - Completed generation 132; 1.3s elapsed, 1.7s avg, 2.2e+02s total. Expected time remaining: 1.2e+02s
2020-07-27 08:10:24,304 - root - INFO - #132 MAX:accuracy.mean: 0.51
2020-07-27 08:10:24,345 - root - DEBUG - Sampled weight [-1.84910626  1.51392391 -1.85022796  0.50729903 -1.27149123]
2020-07-27 08:10:25,428 - root - DEBUG - Updating hall of fame
2020-07-27 08:10:25,618 - root - INFO - Completed generation 133; 1.3s elapsed, 1.7s avg, 2.3e+02s total. Expected time remaining: 1.1e+02s
2020-07-27 08:10:25,669 - root - INFO - #133 MAX:accuracy.mean: 0.59
2020-07-27 08:10:25,710 - root - DEBUG - Sampled weight [-1.85094707 -1.69120881 -1.50267658  0.0537271  -1.14166982]
2020-07-27 08:10:26,788 - root - DEBUG - Updating hall of fame
2020-07-27 08:10:26,974 - root - INFO - Completed generation 134; 1.3s elapsed, 1.7s avg, 2.3e+02s total. Expected time remaining: 1.1e+02s
2020-07-27 08:10:27,024 - root - INFO - #134 MAX:accuracy.mean: 0.6
2020-07-27 08:10:27,065 - root - DEBUG - Sampled weight [1.01916983 0.99839691 0.71870425 1.60851702 1.26313454]
2020-07-27 08:10:28,148 - root - DEBUG - Updating hall of fame
2020-07-27 08:10:28,334 - root - INFO - Completed generation 135; 1.3s elapsed, 1.7s avg, 2.3e+02s total. Expected time remaining: 1.1e+02s
2020-07-27 08:10:28,386 - root - INFO - #135 MAX:accuracy.mean: 0.6
2020-07-27 08:10:28,426 - root - DEBUG - Sampled weight [ 1.3050729   0.41679567 -1.55491602 -1.15210887  1.18745169]
2020-07-27 08:10:29,502 - root - DEBUG - Updating hall of fame
2020-07-27 08:10:30,242 - root - INFO - Completed generation 136; 1.9s elapsed, 1.7s avg, 2.3e+02s total. Expected time remaining: 1.1e+02s
2020-07-27 08:10:30,293 - root - INFO - #136 MAX:accuracy.mean: 0.6
2020-07-27 08:10:30,334 - root - DEBUG - Sampled weight [-0.50113268  1.783437   -0.2839822   1.49740192  0.36509788]
2020-07-27 08:10:31,411 - root - DEBUG - Updating hall of fame
2020-07-27 08:10:31,970 - root - INFO - Completed generation 137; 1.7s elapsed, 1.7s avg, 2.3e+02s total. Expected time remaining: 1.1e+02s
2020-07-27 08:10:32,020 - root - INFO - #137 MAX:accuracy.mean: 0.66
2020-07-27 08:10:32,061 - root - DEBUG - Sampled weight [ 0.59871407 -1.37399394  0.78710033 -1.56355262  1.64740261]
2020-07-27 08:10:33,136 - root - DEBUG - Updating hall of fame
2020-07-27 08:10:33,884 - root - INFO - Completed generation 138; 1.9s elapsed, 1.7s avg, 2.3e+02s total. Expected time remaining: 1.1e+02s
2020-07-27 08:10:33,935 - root - INFO - #138 MAX:accuracy.mean: 0.61
2020-07-27 08:10:33,976 - root - DEBUG - Sampled weight [-1.08013834 -0.28514408  0.08783473 -0.0803759   1.70209427]
2020-07-27 08:10:35,059 - root - DEBUG - Updating hall of fame
2020-07-27 08:10:35,431 - root - INFO - Completed generation 139; 1.5s elapsed, 1.7s avg, 2.4e+02s total. Expected time remaining: 1e+02s
2020-07-27 08:10:35,481 - root - INFO - #139 MAX:accuracy.mean: 0.52
2020-07-27 08:10:35,523 - root - DEBUG - Sampled weight [ 0.24890375 -1.74173175  0.66176915  1.1561411   1.30040611]
2020-07-27 08:10:36,597 - root - DEBUG - Updating hall of fame
2020-07-27 08:10:36,781 - root - INFO - Completed generation 140; 1.3s elapsed, 1.7s avg, 2.4e+02s total. Expected time remaining: 1e+02s
2020-07-27 08:10:36,831 - root - INFO - #140 MAX:accuracy.mean: 0.57
2020-07-27 08:10:36,961 - root - DEBUG - Sampled weight [ 1.26222753 -0.73521728  1.21969404 -1.90445783 -0.35801594]
2020-07-27 08:10:38,041 - root - DEBUG - Updating hall of fame
2020-07-27 08:10:38,606 - root - INFO - Completed generation 141; 1.7s elapsed, 1.7s avg, 2.4e+02s total. Expected time remaining: 1e+02s
2020-07-27 08:10:38,657 - root - INFO - #141 MAX:accuracy.mean: 0.58
2020-07-27 08:10:38,698 - root - DEBUG - Sampled weight [ 0.48436019 -0.34244157  0.89229238  1.56794813  0.96022048]
2020-07-27 08:10:39,777 - root - DEBUG - Updating hall of fame
2020-07-27 08:10:40,527 - root - INFO - Completed generation 142; 1.9s elapsed, 1.7s avg, 2.4e+02s total. Expected time remaining: 9.8e+01s
2020-07-27 08:10:40,578 - root - INFO - #142 MAX:accuracy.mean: 0.66
2020-07-27 08:10:40,619 - root - DEBUG - Sampled weight [-1.16754555 -0.27361238  1.63168813  1.14847379 -1.22679197]
2020-07-27 08:10:41,700 - root - DEBUG - Updating hall of fame
2020-07-27 08:10:42,444 - root - INFO - Completed generation 143; 1.9s elapsed, 1.7s avg, 2.4e+02s total. Expected time remaining: 9.6e+01s
2020-07-27 08:10:42,495 - root - INFO - #143 MAX:accuracy.mean: 0.61
2020-07-27 08:10:42,535 - root - DEBUG - Sampled weight [-0.13820289  0.08326086 -0.07167131 -0.14404084  1.48183335]
2020-07-27 08:10:43,610 - root - DEBUG - Updating hall of fame
2020-07-27 08:10:43,610 - root - INFO - Completed generation 144; 1.1s elapsed, 1.7s avg, 2.4e+02s total. Expected time remaining: 9.5e+01s
2020-07-27 08:10:43,661 - root - INFO - #144 MAX:accuracy.mean: 0.57
2020-07-27 08:10:43,702 - root - DEBUG - Sampled weight [ 0.96887984  0.46463346  1.17665756  0.86990364 -0.22558809]
2020-07-27 08:10:44,773 - root - DEBUG - Updating hall of fame
2020-07-27 08:10:44,773 - root - INFO - Completed generation 145; 1.1s elapsed, 1.7s avg, 2.4e+02s total. Expected time remaining: 9.3e+01s
2020-07-27 08:10:44,824 - root - INFO - #145 MAX:accuracy.mean: 0.61
2020-07-27 08:10:44,864 - root - DEBUG - Sampled weight [ 0.72394823  1.77110288  1.71983289 -0.30269828 -1.78767668]
2020-07-27 08:10:45,941 - root - DEBUG - Updating hall of fame
2020-07-27 08:10:47,238 - root - INFO - Completed generation 146; 2.4s elapsed, 1.7s avg, 2.5e+02s total. Expected time remaining: 9.1e+01s
2020-07-27 08:10:47,289 - root - INFO - #146 MAX:accuracy.mean: 0.63
2020-07-27 08:10:47,329 - root - DEBUG - Sampled weight [ 1.06904642  1.67209929 -1.0761827  -1.06441471  0.90454277]
2020-07-27 08:10:48,408 - root - DEBUG - Updating hall of fame
2020-07-27 08:10:48,409 - root - INFO - Completed generation 147; 1.1s elapsed, 1.7s avg, 2.5e+02s total. Expected time remaining: 8.9e+01s
2020-07-27 08:10:48,461 - root - INFO - #147 MAX:accuracy.mean: 0.62
2020-07-27 08:10:48,502 - root - DEBUG - Sampled weight [-0.96110084 -1.3354914   0.27384605 -1.85003381  1.32317371]
2020-07-27 08:10:49,580 - root - DEBUG - Updating hall of fame
2020-07-27 08:10:50,513 - root - INFO - Completed generation 148; 2.1s elapsed, 1.7s avg, 2.5e+02s total. Expected time remaining: 8.8e+01s
2020-07-27 08:10:50,564 - root - INFO - #148 MAX:accuracy.mean: 0.58
2020-07-27 08:10:50,606 - root - DEBUG - Sampled weight [ 1.71548455  0.79321864  0.69854749 -0.51022208 -1.8093621 ]
2020-07-27 08:10:51,689 - root - DEBUG - Updating hall of fame
2020-07-27 08:10:52,071 - root - INFO - Completed generation 149; 1.5s elapsed, 1.7s avg, 2.5e+02s total. Expected time remaining: 8.6e+01s
2020-07-27 08:10:52,123 - root - INFO - #149 MAX:accuracy.mean: 0.62
2020-07-27 08:10:52,165 - root - DEBUG - Sampled weight [ 1.25794726  0.99053997 -0.93875626 -1.51674077 -1.77405051]
2020-07-27 08:10:53,249 - root - DEBUG - Updating hall of fame
2020-07-27 08:10:53,997 - root - INFO - Completed generation 150; 1.9s elapsed, 1.7s avg, 2.5e+02s total. Expected time remaining: 8.4e+01s
2020-07-27 08:10:54,048 - root - INFO - #150 MAX:accuracy.mean: 0.58
2020-07-27 08:10:54,156 - root - DEBUG - Sampled weight [-0.40356546 -0.28771201 -1.44454186 -1.64056206  0.38627239]
2020-07-27 08:10:55,237 - root - DEBUG - Updating hall of fame
2020-07-27 08:10:55,423 - root - INFO - Completed generation 151; 1.3s elapsed, 1.7s avg, 2.5e+02s total. Expected time remaining: 8.3e+01s
2020-07-27 08:10:55,474 - root - INFO - #151 MAX:accuracy.mean: 0.65
2020-07-27 08:10:55,516 - root - DEBUG - Sampled weight [ 0.17962445 -0.18744866  1.4816583  -1.06600623  0.6674841 ]
2020-07-27 08:10:56,601 - root - DEBUG - Updating hall of fame
2020-07-27 08:10:57,537 - root - INFO - Completed generation 152; 2.1s elapsed, 1.7s avg, 2.6e+02s total. Expected time remaining: 8.1e+01s
2020-07-27 08:10:57,588 - root - INFO - #152 MAX:accuracy.mean: 0.63
2020-07-27 08:10:57,629 - root - DEBUG - Sampled weight [ 0.33957941 -1.75256809  0.30222111 -0.76593927 -1.59340046]
2020-07-27 08:10:58,717 - root - DEBUG - Updating hall of fame
2020-07-27 08:10:58,910 - root - INFO - Completed generation 153; 1.3s elapsed, 1.7s avg, 2.6e+02s total. Expected time remaining: 7.9e+01s
2020-07-27 08:10:58,960 - root - INFO - #153 MAX:accuracy.mean: 0.65
2020-07-27 08:10:59,001 - root - DEBUG - Sampled weight [ 0.7932141  -1.99443975 -0.64801734 -0.35115609 -1.87919672]
2020-07-27 08:11:00,086 - root - DEBUG - Updating hall of fame
2020-07-27 08:11:00,654 - root - INFO - Completed generation 154; 1.7s elapsed, 1.7s avg, 2.6e+02s total. Expected time remaining: 7.8e+01s
2020-07-27 08:11:00,706 - root - INFO - #154 MAX:accuracy.mean: 0.6
2020-07-27 08:11:00,746 - root - DEBUG - Sampled weight [-0.53890928  1.19569747 -0.29043896  1.37675281  0.61171465]
2020-07-27 08:11:01,827 - root - DEBUG - Updating hall of fame
2020-07-27 08:11:02,382 - root - INFO - Completed generation 155; 1.7s elapsed, 1.7s avg, 2.6e+02s total. Expected time remaining: 7.6e+01s
2020-07-27 08:11:02,434 - root - INFO - #155 MAX:accuracy.mean: 0.65
2020-07-27 08:11:02,475 - root - DEBUG - Sampled weight [-1.25964326  1.53842724  0.56248087  0.17573402 -0.99112077]
2020-07-27 08:11:03,552 - root - DEBUG - Updating hall of fame
2020-07-27 08:11:04,107 - root - INFO - Completed generation 156; 1.7s elapsed, 1.7s avg, 2.6e+02s total. Expected time remaining: 7.4e+01s
2020-07-27 08:11:04,157 - root - INFO - #156 MAX:accuracy.mean: 0.59
2020-07-27 08:11:04,198 - root - DEBUG - Sampled weight [ 1.91384943 -1.42427299  0.68771572  1.42655953  1.86403175]
2020-07-27 08:11:05,273 - root - DEBUG - Updating hall of fame
2020-07-27 08:11:05,842 - root - INFO - Completed generation 157; 1.7s elapsed, 1.7s avg, 2.6e+02s total. Expected time remaining: 7.2e+01s
2020-07-27 08:11:05,893 - root - INFO - #157 MAX:accuracy.mean: 0.57
2020-07-27 08:11:05,935 - root - DEBUG - Sampled weight [-1.38201713  0.62255204 -1.15950856 -0.10124799 -1.32046818]
2020-07-27 08:11:07,023 - root - DEBUG - Updating hall of fame
2020-07-27 08:11:07,389 - root - INFO - Completed generation 158; 1.5s elapsed, 1.7s avg, 2.7e+02s total. Expected time remaining: 7.1e+01s
2020-07-27 08:11:07,440 - root - INFO - #158 MAX:accuracy.mean: 0.6
2020-07-27 08:11:07,481 - root - DEBUG - Sampled weight [ 1.8015501  -0.40052968 -1.38161037  1.17721126 -0.50592064]
2020-07-27 08:11:08,577 - root - DEBUG - Updating hall of fame
2020-07-27 08:11:08,954 - root - INFO - Completed generation 159; 1.5s elapsed, 1.7s avg, 2.7e+02s total. Expected time remaining: 6.9e+01s
2020-07-27 08:11:09,005 - root - INFO - #159 MAX:accuracy.mean: 0.65
2020-07-27 08:11:09,046 - root - DEBUG - Sampled weight [-1.82246647  1.97034487  1.91969329 -0.78014927 -1.41969821]
2020-07-27 08:11:10,147 - root - DEBUG - Updating hall of fame
2020-07-27 08:11:10,336 - root - INFO - Completed generation 160; 1.3s elapsed, 1.7s avg, 2.7e+02s total. Expected time remaining: 6.7e+01s
2020-07-27 08:11:10,387 - root - INFO - #160 MAX:accuracy.mean: 0.56
2020-07-27 08:11:10,504 - root - DEBUG - Sampled weight [-0.68050185  0.5776972  -0.1356862  -1.23662284  1.94035258]
2020-07-27 08:11:11,600 - root - DEBUG - Updating hall of fame
2020-07-27 08:11:11,787 - root - INFO - Completed generation 161; 1.3s elapsed, 1.7s avg, 2.7e+02s total. Expected time remaining: 6.5e+01s
2020-07-27 08:11:11,838 - root - INFO - #161 MAX:accuracy.mean: 0.58
2020-07-27 08:11:11,879 - root - DEBUG - Sampled weight [0.26166634 0.54512823 1.01308281 0.0412106  1.05964773]
2020-07-27 08:11:12,978 - root - DEBUG - Updating hall of fame
2020-07-27 08:11:13,367 - root - INFO - Completed generation 162; 1.5s elapsed, 1.7s avg, 2.7e+02s total. Expected time remaining: 6.4e+01s
2020-07-27 08:11:13,418 - root - INFO - #162 MAX:accuracy.mean: 0.62
2020-07-27 08:11:13,460 - root - DEBUG - Sampled weight [1.10295882 1.57079345 1.85893591 1.01906576 1.1286869 ]
2020-07-27 08:11:14,558 - root - DEBUG - Updating hall of fame
2020-07-27 08:11:14,928 - root - INFO - Completed generation 163; 1.5s elapsed, 1.7s avg, 2.7e+02s total. Expected time remaining: 6.2e+01s
2020-07-27 08:11:14,978 - root - INFO - #163 MAX:accuracy.mean: 0.67
2020-07-27 08:11:15,021 - root - DEBUG - Sampled weight [ 0.5792693  -1.49885009  0.32590149  1.52527044 -0.73169773]
2020-07-27 08:11:16,110 - root - DEBUG - Updating hall of fame
2020-07-27 08:11:16,475 - root - INFO - Completed generation 164; 1.5s elapsed, 1.7s avg, 2.7e+02s total. Expected time remaining: 6e+01s
2020-07-27 08:11:16,526 - root - INFO - #164 MAX:accuracy.mean: 0.6
2020-07-27 08:11:16,569 - root - DEBUG - Sampled weight [ 1.78843653  0.81224473  0.24839387 -0.31661746 -1.63556789]
2020-07-27 08:11:17,683 - root - DEBUG - Updating hall of fame
2020-07-27 08:11:18,272 - root - INFO - Completed generation 165; 1.7s elapsed, 1.7s avg, 2.8e+02s total. Expected time remaining: 5.9e+01s
2020-07-27 08:11:18,323 - root - INFO - #165 MAX:accuracy.mean: 0.59
2020-07-27 08:11:18,365 - root - DEBUG - Sampled weight [ 1.96854131 -1.72738274 -1.60532446  0.95568969 -1.80362653]
2020-07-27 08:11:19,461 - root - DEBUG - Updating hall of fame
2020-07-27 08:11:19,462 - root - INFO - Completed generation 166; 1.1s elapsed, 1.7s avg, 2.8e+02s total. Expected time remaining: 5.7e+01s
2020-07-27 08:11:19,512 - root - INFO - #166 MAX:accuracy.mean: 0.54
2020-07-27 08:11:19,553 - root - DEBUG - Sampled weight [-0.73296841 -0.58778339 -1.06948411  1.30685626  1.92256206]
2020-07-27 08:11:20,649 - root - DEBUG - Updating hall of fame
2020-07-27 08:11:20,649 - root - INFO - Completed generation 167; 1.1s elapsed, 1.7s avg, 2.8e+02s total. Expected time remaining: 5.5e+01s
2020-07-27 08:11:20,700 - root - INFO - #167 MAX:accuracy.mean: 0.6
2020-07-27 08:11:20,742 - root - DEBUG - Sampled weight [-1.11957984  1.81992925 -1.16639573  0.51209633 -1.18548522]
2020-07-27 08:11:21,838 - root - DEBUG - Updating hall of fame
2020-07-27 08:11:22,211 - root - INFO - Completed generation 168; 1.5s elapsed, 1.7s avg, 2.8e+02s total. Expected time remaining: 5.3e+01s
2020-07-27 08:11:22,262 - root - INFO - #168 MAX:accuracy.mean: 0.64
2020-07-27 08:11:22,305 - root - DEBUG - Sampled weight [-1.66862404  1.06732777 -0.73226576  0.98557405 -1.46701667]
2020-07-27 08:11:23,415 - root - DEBUG - Updating hall of fame
2020-07-27 08:11:23,986 - root - INFO - Completed generation 169; 1.7s elapsed, 1.7s avg, 2.8e+02s total. Expected time remaining: 5.2e+01s
2020-07-27 08:11:24,036 - root - INFO - #169 MAX:accuracy.mean: 0.56
2020-07-27 08:11:24,078 - root - DEBUG - Sampled weight [ 0.30252868 -0.18139109  0.88649858  0.43012516  1.30878665]
2020-07-27 08:11:25,180 - root - DEBUG - Updating hall of fame
2020-07-27 08:11:25,365 - root - INFO - Completed generation 170; 1.3s elapsed, 1.7s avg, 2.8e+02s total. Expected time remaining: 5e+01s
2020-07-27 08:11:25,416 - root - INFO - #170 MAX:accuracy.mean: 0.61
2020-07-27 08:11:25,524 - root - DEBUG - Sampled weight [-0.24126719 -1.61855267  0.16746009  1.74681568 -1.32595177]
2020-07-27 08:11:26,611 - root - DEBUG - Updating hall of fame
2020-07-27 08:11:27,361 - root - INFO - Completed generation 171; 1.9s elapsed, 1.7s avg, 2.9e+02s total. Expected time remaining: 4.8e+01s
2020-07-27 08:11:27,412 - root - INFO - #171 MAX:accuracy.mean: 0.57
2020-07-27 08:11:27,454 - root - DEBUG - Sampled weight [-0.91480937  0.5300816   0.911264   -0.98166645 -0.89413873]
2020-07-27 08:11:28,547 - root - DEBUG - Updating hall of fame
2020-07-27 08:11:28,547 - root - INFO - Completed generation 172; 1.1s elapsed, 1.7s avg, 2.9e+02s total. Expected time remaining: 4.7e+01s
2020-07-27 08:11:28,598 - root - INFO - #172 MAX:accuracy.mean: 0.63
2020-07-27 08:11:28,640 - root - DEBUG - Sampled weight [ 0.04328648 -0.32128311 -0.07295437 -1.72314401 -0.80693328]
2020-07-27 08:11:29,731 - root - DEBUG - Updating hall of fame
2020-07-27 08:11:30,491 - root - INFO - Completed generation 173; 1.9s elapsed, 1.7s avg, 2.9e+02s total. Expected time remaining: 4.5e+01s
2020-07-27 08:11:30,542 - root - INFO - #173 MAX:accuracy.mean: 0.57
2020-07-27 08:11:30,584 - root - DEBUG - Sampled weight [ 0.82751284  1.59125083 -0.72449375  0.43253691 -1.69015822]
2020-07-27 08:11:31,686 - root - DEBUG - Updating hall of fame
2020-07-27 08:11:31,686 - root - INFO - Completed generation 174; 1.1s elapsed, 1.7s avg, 2.9e+02s total. Expected time remaining: 4.3e+01s
2020-07-27 08:11:31,736 - root - INFO - #174 MAX:accuracy.mean: 0.62
2020-07-27 08:11:31,777 - root - DEBUG - Sampled weight [ 1.06418047 -0.02443816  0.35922951 -0.29395316 -0.3516105 ]
2020-07-27 08:11:32,865 - root - DEBUG - Updating hall of fame
2020-07-27 08:11:33,618 - root - INFO - Completed generation 175; 1.9s elapsed, 1.7s avg, 2.9e+02s total. Expected time remaining: 4.2e+01s
2020-07-27 08:11:33,668 - root - INFO - #175 MAX:accuracy.mean: 0.68
2020-07-27 08:11:33,709 - root - DEBUG - Sampled weight [1.47040211 1.00795619 0.63797181 0.93854462 1.25997855]
2020-07-27 08:11:34,801 - root - DEBUG - Updating hall of fame
2020-07-27 08:11:35,167 - root - INFO - Completed generation 176; 1.5s elapsed, 1.7s avg, 2.9e+02s total. Expected time remaining: 4e+01s
2020-07-27 08:11:35,218 - root - INFO - #176 MAX:accuracy.mean: 0.66
2020-07-27 08:11:35,260 - root - DEBUG - Sampled weight [ 0.18908327 -0.53311748 -1.76870957  1.84357387 -0.39005734]
2020-07-27 08:11:36,344 - root - DEBUG - Updating hall of fame
2020-07-27 08:11:37,073 - root - INFO - Completed generation 177; 1.9s elapsed, 1.7s avg, 2.9e+02s total. Expected time remaining: 3.8e+01s
2020-07-27 08:11:37,124 - root - INFO - #177 MAX:accuracy.mean: 0.61
2020-07-27 08:11:37,165 - root - DEBUG - Sampled weight [-0.35073426 -1.44960523  1.13386009 -0.39651147 -0.15990947]
2020-07-27 08:11:38,276 - root - DEBUG - Updating hall of fame
2020-07-27 08:11:38,474 - root - INFO - Completed generation 178; 1.3s elapsed, 1.7s avg, 3e+02s total. Expected time remaining: 3.7e+01s
2020-07-27 08:11:38,526 - root - INFO - #178 MAX:accuracy.mean: 0.65
2020-07-27 08:11:38,568 - root - DEBUG - Sampled weight [ 1.02864001 -0.19613622  1.67204576  0.88515291  1.05500492]
2020-07-27 08:11:39,673 - root - DEBUG - Updating hall of fame
2020-07-27 08:11:40,430 - root - INFO - Completed generation 179; 1.9s elapsed, 1.7s avg, 3e+02s total. Expected time remaining: 3.5e+01s
2020-07-27 08:11:40,481 - root - INFO - #179 MAX:accuracy.mean: 0.58
2020-07-27 08:11:40,522 - root - DEBUG - Sampled weight [1.08032588 1.49522232 1.84593253 1.84379232 1.1357504 ]
2020-07-27 08:11:41,609 - root - DEBUG - Updating hall of fame
2020-07-27 08:11:41,976 - root - INFO - Completed generation 180; 1.5s elapsed, 1.7s avg, 3e+02s total. Expected time remaining: 3.3e+01s
2020-07-27 08:11:42,026 - root - INFO - #180 MAX:accuracy.mean: 0.58
2020-07-27 08:11:42,159 - root - DEBUG - Sampled weight [-0.40335637 -1.99388022  0.67396943 -0.30898786  1.1458243 ]
2020-07-27 08:11:43,277 - root - DEBUG - Updating hall of fame
2020-07-27 08:11:43,645 - root - INFO - Completed generation 181; 1.5s elapsed, 1.7s avg, 3e+02s total. Expected time remaining: 3.2e+01s
2020-07-27 08:11:43,696 - root - INFO - #181 MAX:accuracy.mean: 0.68
2020-07-27 08:11:43,736 - root - DEBUG - Sampled weight [ 1.96470232 -0.9972734  -0.78170899  1.80377668  1.45876756]
2020-07-27 08:11:44,836 - root - DEBUG - Updating hall of fame
2020-07-27 08:11:45,411 - root - INFO - Completed generation 182; 1.7s elapsed, 1.7s avg, 3e+02s total. Expected time remaining: 3e+01s
2020-07-27 08:11:45,462 - root - INFO - #182 MAX:accuracy.mean: 0.58
2020-07-27 08:11:45,504 - root - DEBUG - Sampled weight [-1.14131054 -1.09171688 -1.63944024  0.65839747 -1.86750844]
2020-07-27 08:11:46,607 - root - DEBUG - Updating hall of fame
2020-07-27 08:11:46,973 - root - INFO - Completed generation 183; 1.5s elapsed, 1.7s avg, 3e+02s total. Expected time remaining: 2.8e+01s
2020-07-27 08:11:47,023 - root - INFO - #183 MAX:accuracy.mean: 0.61
2020-07-27 08:11:47,065 - root - DEBUG - Sampled weight [ 1.12494733 -1.83743917  1.24359363  1.50249329  1.30470721]
2020-07-27 08:11:48,162 - root - DEBUG - Updating hall of fame
2020-07-27 08:11:48,736 - root - INFO - Completed generation 184; 1.7s elapsed, 1.7s avg, 3.1e+02s total. Expected time remaining: 2.7e+01s
2020-07-27 08:11:48,787 - root - INFO - #184 MAX:accuracy.mean: 0.55
2020-07-27 08:11:48,828 - root - DEBUG - Sampled weight [ 1.13997727 -0.87299375 -0.38418526  0.60106812 -0.83148017]
2020-07-27 08:11:49,914 - root - DEBUG - Updating hall of fame
2020-07-27 08:11:49,914 - root - INFO - Completed generation 185; 1.1s elapsed, 1.7s avg, 3.1e+02s total. Expected time remaining: 2.5e+01s
2020-07-27 08:11:49,965 - root - INFO - #185 MAX:accuracy.mean: 0.71
2020-07-27 08:11:50,008 - root - DEBUG - Sampled weight [-0.27934567  1.80291903 -1.65174012  1.92988499  0.11188531]
2020-07-27 08:11:51,107 - root - DEBUG - Updating hall of fame
2020-07-27 08:11:51,857 - root - INFO - Completed generation 186; 1.9s elapsed, 1.7s avg, 3.1e+02s total. Expected time remaining: 2.3e+01s
2020-07-27 08:11:51,908 - root - INFO - #186 MAX:accuracy.mean: 0.55
2020-07-27 08:11:51,950 - root - DEBUG - Sampled weight [-1.22650428 -0.92333834  1.34777497  0.19075917  1.72680722]
2020-07-27 08:11:53,051 - root - DEBUG - Updating hall of fame
2020-07-27 08:11:53,052 - root - INFO - Completed generation 187; 1.1s elapsed, 1.7s avg, 3.1e+02s total. Expected time remaining: 2.2e+01s
2020-07-27 08:11:53,104 - root - INFO - #187 MAX:accuracy.mean: 0.56
2020-07-27 08:11:53,146 - root - DEBUG - Sampled weight [-1.85526273  0.80637982  0.61376134 -0.64227053  1.57228576]
2020-07-27 08:11:54,241 - root - DEBUG - Updating hall of fame
2020-07-27 08:11:54,429 - root - INFO - Completed generation 188; 1.3s elapsed, 1.7s avg, 3.1e+02s total. Expected time remaining: 2e+01s
2020-07-27 08:11:54,480 - root - INFO - #188 MAX:accuracy.mean: 0.6
2020-07-27 08:11:54,521 - root - DEBUG - Sampled weight [-0.01272205  0.62606747  0.29855694 -0.45401257  1.69064831]
2020-07-27 08:11:55,611 - root - DEBUG - Updating hall of fame
2020-07-27 08:11:56,354 - root - INFO - Completed generation 189; 1.9s elapsed, 1.7s avg, 3.1e+02s total. Expected time remaining: 1.8e+01s
2020-07-27 08:11:56,405 - root - INFO - #189 MAX:accuracy.mean: 0.65
2020-07-27 08:11:56,446 - root - DEBUG - Sampled weight [ 0.46452182  1.19691559  0.5465746   1.50658328 -1.98001195]
2020-07-27 08:11:57,546 - root - DEBUG - Updating hall of fame
2020-07-27 08:11:58,321 - root - INFO - Completed generation 190; 1.9s elapsed, 1.7s avg, 3.2e+02s total. Expected time remaining: 1.7e+01s
2020-07-27 08:11:58,372 - root - INFO - #190 MAX:accuracy.mean: 0.6
2020-07-27 08:11:58,487 - root - DEBUG - Sampled weight [ 1.00355472  1.96709817 -0.34748286  1.66340897 -0.81253558]
2020-07-27 08:11:59,580 - root - DEBUG - Updating hall of fame
2020-07-27 08:12:00,145 - root - INFO - Completed generation 191; 1.7s elapsed, 1.7s avg, 3.2e+02s total. Expected time remaining: 1.5e+01s
2020-07-27 08:12:00,195 - root - INFO - #191 MAX:accuracy.mean: 0.59
2020-07-27 08:12:00,237 - root - DEBUG - Sampled weight [ 0.92834963  1.71391174 -0.08833986  0.50380242 -1.20089385]
2020-07-27 08:12:01,342 - root - DEBUG - Updating hall of fame
2020-07-27 08:12:01,535 - root - INFO - Completed generation 192; 1.3s elapsed, 1.7s avg, 3.2e+02s total. Expected time remaining: 1.3e+01s
2020-07-27 08:12:01,592 - root - INFO - #192 MAX:accuracy.mean: 0.63
2020-07-27 08:12:01,637 - root - DEBUG - Sampled weight [-0.81817544  0.31262534 -1.87286834  0.88628515 -1.21907143]
2020-07-27 08:12:02,762 - root - DEBUG - Updating hall of fame
2020-07-27 08:12:03,136 - root - INFO - Completed generation 193; 1.5s elapsed, 1.7s avg, 3.2e+02s total. Expected time remaining: 1.2e+01s
2020-07-27 08:12:03,187 - root - INFO - #193 MAX:accuracy.mean: 0.63
2020-07-27 08:12:03,230 - root - DEBUG - Sampled weight [-1.65427042 -0.17987551 -0.37263192  1.87168284  0.35101785]
2020-07-27 08:12:04,337 - root - DEBUG - Updating hall of fame
2020-07-27 08:12:04,716 - root - INFO - Completed generation 194; 1.5s elapsed, 1.7s avg, 3.2e+02s total. Expected time remaining: 9.9s
2020-07-27 08:12:04,767 - root - INFO - #194 MAX:accuracy.mean: 0.6
2020-07-27 08:12:04,808 - root - DEBUG - Sampled weight [ 0.82533934  0.23965168  0.78066106  1.6724965  -0.08681218]
2020-07-27 08:12:05,893 - root - DEBUG - Updating hall of fame
2020-07-27 08:12:06,458 - root - INFO - Completed generation 195; 1.7s elapsed, 1.7s avg, 3.2e+02s total. Expected time remaining: 8.3s
2020-07-27 08:12:06,509 - root - INFO - #195 MAX:accuracy.mean: 0.56
2020-07-27 08:12:06,550 - root - DEBUG - Sampled weight [-1.98009817 -1.68562708  1.77146975 -1.54670347  1.62521898]
2020-07-27 08:12:07,653 - root - DEBUG - Updating hall of fame
2020-07-27 08:12:08,021 - root - INFO - Completed generation 196; 1.5s elapsed, 1.7s avg, 3.2e+02s total. Expected time remaining: 6.6s
2020-07-27 08:12:08,073 - root - INFO - #196 MAX:accuracy.mean: 0.6
2020-07-27 08:12:08,115 - root - DEBUG - Sampled weight [-1.36914062 -0.60958123 -1.84991026  0.76391986 -0.12078892]
2020-07-27 08:12:09,220 - root - DEBUG - Updating hall of fame
2020-07-27 08:12:09,408 - root - INFO - Completed generation 197; 1.3s elapsed, 1.7s avg, 3.3e+02s total. Expected time remaining: 5.0s
2020-07-27 08:12:09,462 - root - INFO - #197 MAX:accuracy.mean: 0.59
2020-07-27 08:12:09,503 - root - DEBUG - Sampled weight [ 1.81654316  1.74878231 -0.0331513   1.40177926 -1.72446634]
2020-07-27 08:12:10,600 - root - DEBUG - Updating hall of fame
2020-07-27 08:12:10,972 - root - INFO - Completed generation 198; 1.5s elapsed, 1.7s avg, 3.3e+02s total. Expected time remaining: 3.3s
2020-07-27 08:12:11,023 - root - INFO - #198 MAX:accuracy.mean: 0.54
2020-07-27 08:12:11,064 - root - DEBUG - Sampled weight [1.36234519 0.56220985 0.04909547 0.17840804 0.35269671]
2020-07-27 08:12:12,163 - root - DEBUG - Updating hall of fame
2020-07-27 08:12:12,348 - root - INFO - Completed generation 199; 1.3s elapsed, 1.7s avg, 3.3e+02s total. Expected time remaining: 1.7s
2020-07-27 08:12:12,399 - root - INFO - #199 MAX:accuracy.mean: 0.64
2020-07-27 08:12:12,441 - root - DEBUG - Sampled weight [ 1.15601656 -1.58916375  1.4223244   0.99815635  0.43635953]
2020-07-27 08:12:13,549 - root - DEBUG - Updating hall of fame
2020-07-27 08:12:14,119 - root - INFO - Completed generation 200; 1.7s elapsed, 1.7s avg, 3.3e+02s total. Expected time remaining: 0.0s
2020-07-27 08:12:14,170 - root - INFO - #200 MAX:accuracy.mean: 0.6
2020-07-27 08:12:14,339 - root - DEBUG - Loaded 150 samples.
2020-07-27 08:12:14,342 - root - INFO - Evaluating indivs in hall of fame.
2020-07-27 08:12:16,322 - root - INFO - Completed excution.
