2020-07-20 07:35:26,300 - root - INFO - Package version 0.1.1
2020-07-20 07:35:26,301 - root - INFO - Saving data at /vol/fob-vol1/mi15/plonerma/Lab/rewann/data/2020-07-20_Iris [0, 2, 8, 10]; lognormal 0,0.5; signed: True_000.
2020-07-20 07:35:26,301 - root - DEBUG - Loading training dataset
2020-07-20 07:35:26,393 - root - DEBUG - Loaded 150 samples.
2020-07-20 07:35:26,394 - root - DEBUG - Running experiments with the following parameters:
debug = true
experiment_name = "Iris [0, 2, 8, 10]; lognormal 0,0.5; signed: True"
experiment_path = "data/2020-07-20_Iris [0, 2, 8, 10]; lognormal 0,0.5; signed: True_000"

[config]
num_workers = 1
debug = true
backend = "numpy"

[postopt]
run_postopt = true
compile_report = false
num_weights = 100
num_samples = -1

[sampling]
seed = 0
post_init_seed = false
distribution = "lognormal"
lower_bound = -2
upper_bound = 2
mean = 0
sigma = 0.5
num_weights_per_iteration = 5
num_samples_per_iteration = -1
hof_evaluation_iterations = 20

[task]
name = "iris"
sample_order_seed = 0
test_portion = 0.2
sample_length = 10
num_categories = 8

[storage]
data_base_path = "data"
log_filename = "execution.log"
commit_elite_freq = -1
commit_metrics_freq = 10

[population]
num_generations = 200
size = 100
initial_enabled_edge_prob = 0.05
initial_genes = "full"
hof_size = 10
enable_edge_signs = true
enabled_activation_funcs = [ 0, 2, 8, 10,]

[selection]
use_tournaments = true
elite_ratio = 0.1
culling_ratio = 0.2
tournament_size = 5
objectives = [ "-log_loss.min", "-log_loss.mean", "-n_hidden",]
recorded_metrics = [ "accuracy", "kappa", "log_loss",]
hof_metric = "accuracy.mean"

[mutation.new_edge]
probability = 0.2
strategy = "layer_agnostic"
propability = 0.2

[mutation.new_node]
probability = 0.25
propability = 0.3

[mutation.reenable_edge]
probability = 0.05
propability = 0.1

[mutation.change_activation]
probability = 0.5
propability = 0.4

[mutation.change_edge_sign]
probability = 0.2

[mutation.new_recurrent_edge]
probability = 0.2
strategy = "any"

2020-07-20 07:35:26,426 - root - INFO - Starting evolutionary algorithm
2020-07-20 07:35:26,448 - root - DEBUG - Sampled weight [0.71894433 1.11238747 1.34943325 0.87971398 1.25909998]
2020-07-20 07:35:27,501 - root - DEBUG - Updating hall of fame
2020-07-20 07:35:29,400 - root - INFO - Completed generation 1; 3.0s elapsed, 3.0s avg, 3.0s total. Expected time remaining: 5.9e+02s
2020-07-20 07:35:29,451 - root - INFO - #1 MAX:accuracy.mean: 0.34
2020-07-20 07:35:29,492 - root - DEBUG - Sampled weight [1.40457118 0.69011112 1.13200573 0.99657312 1.45064093]
2020-07-20 07:35:30,540 - root - DEBUG - Updating hall of fame
2020-07-20 07:35:32,375 - root - INFO - Completed generation 2; 2.9s elapsed, 2.9s avg, 5.9s total. Expected time remaining: 5.8e+02s
2020-07-20 07:35:32,425 - root - INFO - #2 MAX:accuracy.mean: 0.36
2020-07-20 07:35:32,466 - root - DEBUG - Sampled weight [1.05089408 0.37735902 1.43819401 0.94628754 1.16293704]
2020-07-20 07:35:33,515 - root - DEBUG - Updating hall of fame
2020-07-20 07:35:35,175 - root - INFO - Completed generation 3; 2.8s elapsed, 2.9s avg, 8.6s total. Expected time remaining: 5.7e+02s
2020-07-20 07:35:35,225 - root - INFO - #3 MAX:accuracy.mean: 0.4
2020-07-20 07:35:35,265 - root - DEBUG - Sampled weight [0.61567275 1.86393207 1.41684942 0.9682393  0.58924091]
2020-07-20 07:35:36,312 - root - DEBUG - Updating hall of fame
2020-07-20 07:35:37,776 - root - INFO - Completed generation 4; 2.6s elapsed, 2.8s avg, 1.1e+01s total. Expected time remaining: 5.5e+02s
2020-07-20 07:35:37,825 - root - INFO - #4 MAX:accuracy.mean: 0.65
2020-07-20 07:35:37,866 - root - DEBUG - Sampled weight [0.90627508 0.30793247 3.80886406 1.1313723  1.8391395 ]
2020-07-20 07:35:38,913 - root - DEBUG - Updating hall of fame
2020-07-20 07:35:40,735 - root - INFO - Completed generation 5; 2.9s elapsed, 2.8s avg, 1.4e+01s total. Expected time remaining: 5.5e+02s
2020-07-20 07:35:40,785 - root - INFO - #5 MAX:accuracy.mean: 0.67
2020-07-20 07:35:40,825 - root - DEBUG - Sampled weight [0.98244357 0.2473286  1.36748328 0.63696682 1.35393534]
2020-07-20 07:35:41,872 - root - DEBUG - Updating hall of fame
2020-07-20 07:35:43,693 - root - INFO - Completed generation 6; 2.9s elapsed, 2.8s avg, 1.7e+01s total. Expected time remaining: 5.5e+02s
2020-07-20 07:35:43,742 - root - INFO - #6 MAX:accuracy.mean: 0.67
2020-07-20 07:35:43,783 - root - DEBUG - Sampled weight [1.06436877 0.7304185  0.88194557 1.02048677 1.28190123]
2020-07-20 07:35:44,831 - root - DEBUG - Updating hall of fame
2020-07-20 07:35:46,347 - root - INFO - Completed generation 7; 2.6s elapsed, 2.8s avg, 2e+01s total. Expected time remaining: 5.4e+02s
2020-07-20 07:35:46,397 - root - INFO - #7 MAX:accuracy.mean: 0.67
2020-07-20 07:35:46,437 - root - DEBUG - Sampled weight [0.38091172 0.77448474 0.54391201 1.69597961 2.71595363]
2020-07-20 07:35:47,486 - root - DEBUG - Updating hall of fame
2020-07-20 07:35:48,979 - root - INFO - Completed generation 8; 2.6s elapsed, 2.8s avg, 2.2e+01s total. Expected time remaining: 5.3e+02s
2020-07-20 07:35:49,030 - root - INFO - #8 MAX:accuracy.mean: 0.67
2020-07-20 07:35:49,070 - root - DEBUG - Sampled weight [0.39949115 0.4886897  2.00924462 1.45871396 2.00277277]
2020-07-20 07:35:50,119 - root - DEBUG - Updating hall of fame
2020-07-20 07:35:51,434 - root - INFO - Completed generation 9; 2.4s elapsed, 2.7s avg, 2.5e+01s total. Expected time remaining: 5.2e+02s
2020-07-20 07:35:51,484 - root - INFO - #9 MAX:accuracy.mean: 0.67
2020-07-20 07:35:51,526 - root - DEBUG - Sampled weight [0.86664173 0.90046127 0.51459546 0.50339799 0.65828751]
2020-07-20 07:35:52,577 - root - DEBUG - Updating hall of fame
2020-07-20 07:35:54,044 - root - INFO - Completed generation 10; 2.6s elapsed, 2.7s avg, 2.7e+01s total. Expected time remaining: 5.2e+02s
2020-07-20 07:35:54,094 - root - INFO - #10 MAX:accuracy.mean: 0.83
2020-07-20 07:35:54,190 - root - DEBUG - Sampled weight [1.83577486 0.36090178 1.60450853 0.63426559 0.75735473]
2020-07-20 07:35:55,243 - root - DEBUG - Updating hall of fame
2020-07-20 07:35:57,130 - root - INFO - Completed generation 11; 3.0s elapsed, 2.7s avg, 3e+01s total. Expected time remaining: 5.2e+02s
2020-07-20 07:35:57,180 - root - INFO - #11 MAX:accuracy.mean: 0.76
2020-07-20 07:35:57,220 - root - DEBUG - Sampled weight [0.47978078 0.85994486 1.32650256 2.46451765 0.60274918]
2020-07-20 07:35:58,271 - root - DEBUG - Updating hall of fame
2020-07-20 07:36:00,110 - root - INFO - Completed generation 12; 2.9s elapsed, 2.8s avg, 3.3e+01s total. Expected time remaining: 5.2e+02s
2020-07-20 07:36:00,160 - root - INFO - #12 MAX:accuracy.mean: 0.77
2020-07-20 07:36:00,202 - root - DEBUG - Sampled weight [1.44454649 1.18703809 0.56193504 1.21192868 1.8954559 ]
2020-07-20 07:36:01,332 - root - DEBUG - Updating hall of fame
2020-07-20 07:36:03,124 - root - INFO - Completed generation 13; 3.0s elapsed, 2.8s avg, 3.6e+01s total. Expected time remaining: 5.2e+02s
2020-07-20 07:36:03,177 - root - INFO - #13 MAX:accuracy.mean: 0.74
2020-07-20 07:36:03,220 - root - DEBUG - Sampled weight [1.27901036 0.89774197 2.42399458 2.05811512 1.16699258]
2020-07-20 07:36:04,354 - root - DEBUG - Updating hall of fame
2020-07-20 07:36:06,125 - root - INFO - Completed generation 14; 2.9s elapsed, 2.8s avg, 3.9e+01s total. Expected time remaining: 5.2e+02s
2020-07-20 07:36:06,178 - root - INFO - #14 MAX:accuracy.mean: 0.74
2020-07-20 07:36:06,221 - root - DEBUG - Sampled weight [0.32139814 1.56375926 1.0954979  1.03501871 0.84430422]
2020-07-20 07:36:07,351 - root - DEBUG - Updating hall of fame
2020-07-20 07:36:08,148 - root - INFO - Completed generation 15; 2.0s elapsed, 2.7s avg, 4.1e+01s total. Expected time remaining: 5.1e+02s
2020-07-20 07:36:08,200 - root - INFO - #15 MAX:accuracy.mean: 0.74
2020-07-20 07:36:08,244 - root - DEBUG - Sampled weight [0.57842242 1.89762616 1.37159097 1.57860522 0.84786154]
2020-07-20 07:36:09,388 - root - DEBUG - Updating hall of fame
2020-07-20 07:36:09,993 - root - INFO - Completed generation 16; 1.8s elapsed, 2.7s avg, 4.3e+01s total. Expected time remaining: 4.9e+02s
2020-07-20 07:36:10,047 - root - INFO - #16 MAX:accuracy.mean: 0.74
2020-07-20 07:36:10,091 - root - DEBUG - Sampled weight [0.67182381 1.47525951 0.35673791 0.47809411 1.46954234]
2020-07-20 07:36:11,157 - root - DEBUG - Updating hall of fame
2020-07-20 07:36:12,455 - root - INFO - Completed generation 17; 2.4s elapsed, 2.7s avg, 4.5e+01s total. Expected time remaining: 4.9e+02s
2020-07-20 07:36:12,504 - root - INFO - #17 MAX:accuracy.mean: 0.78
2020-07-20 07:36:12,545 - root - DEBUG - Sampled weight [1.1089581  1.89794569 3.50404275 0.69560417 1.61342881]
2020-07-20 07:36:13,614 - root - DEBUG - Updating hall of fame
2020-07-20 07:36:13,814 - root - INFO - Completed generation 18; 1.3s elapsed, 2.6s avg, 4.6e+01s total. Expected time remaining: 4.7e+02s
2020-07-20 07:36:13,866 - root - INFO - #18 MAX:accuracy.mean: 0.74
2020-07-20 07:36:13,908 - root - DEBUG - Sampled weight [1.33456868 0.67043208 1.42290926 0.83655354 1.00259421]
2020-07-20 07:36:14,996 - root - DEBUG - Updating hall of fame
2020-07-20 07:36:15,559 - root - INFO - Completed generation 19; 1.7s elapsed, 2.5s avg, 4.8e+01s total. Expected time remaining: 4.6e+02s
2020-07-20 07:36:15,608 - root - INFO - #19 MAX:accuracy.mean: 0.74
2020-07-20 07:36:15,649 - root - DEBUG - Sampled weight [1.2891374  1.15730441 0.80595147 0.7942689  1.17818652]
2020-07-20 07:36:16,714 - root - DEBUG - Updating hall of fame
2020-07-20 07:36:17,814 - root - INFO - Completed generation 20; 2.2s elapsed, 2.5s avg, 5e+01s total. Expected time remaining: 4.5e+02s
2020-07-20 07:36:17,864 - root - INFO - #20 MAX:accuracy.mean: 0.73
2020-07-20 07:36:17,962 - root - DEBUG - Sampled weight [1.71225984 1.97496782 1.20962442 1.38393932 2.2274093 ]
2020-07-20 07:36:19,023 - root - DEBUG - Updating hall of fame
2020-07-20 07:36:19,757 - root - INFO - Completed generation 21; 1.8s elapsed, 2.5s avg, 5.2e+01s total. Expected time remaining: 4.5e+02s
2020-07-20 07:36:19,806 - root - INFO - #21 MAX:accuracy.mean: 0.73
2020-07-20 07:36:19,847 - root - DEBUG - Sampled weight [1.32352294 0.98102728 0.83108456 1.15963461 3.40833442]
2020-07-20 07:36:20,906 - root - DEBUG - Updating hall of fame
2020-07-20 07:36:21,460 - root - INFO - Completed generation 22; 1.7s elapsed, 2.4s avg, 5.4e+01s total. Expected time remaining: 4.4e+02s
2020-07-20 07:36:21,511 - root - INFO - #22 MAX:accuracy.mean: 0.72
2020-07-20 07:36:21,552 - root - DEBUG - Sampled weight [1.73526431 1.280083   0.75792949 1.04635909 1.02558425]
2020-07-20 07:36:22,622 - root - DEBUG - Updating hall of fame
2020-07-20 07:36:23,172 - root - INFO - Completed generation 23; 1.7s elapsed, 2.4s avg, 5.6e+01s total. Expected time remaining: 4.3e+02s
2020-07-20 07:36:23,222 - root - INFO - #23 MAX:accuracy.mean: 0.71
2020-07-20 07:36:23,263 - root - DEBUG - Sampled weight [1.37257086 1.16713999 1.31197248 1.26727249 0.5793412 ]
2020-07-20 07:36:24,334 - root - DEBUG - Updating hall of fame
2020-07-20 07:36:25,435 - root - INFO - Completed generation 24; 2.2s elapsed, 2.4s avg, 5.8e+01s total. Expected time remaining: 4.2e+02s
2020-07-20 07:36:25,484 - root - INFO - #24 MAX:accuracy.mean: 0.9
2020-07-20 07:36:25,526 - root - DEBUG - Sampled weight [0.92458458 1.10010253 0.78289268 0.52639494 1.21338099]
2020-07-20 07:36:26,593 - root - DEBUG - Updating hall of fame
2020-07-20 07:36:27,692 - root - INFO - Completed generation 25; 2.2s elapsed, 2.4s avg, 6e+01s total. Expected time remaining: 4.2e+02s
2020-07-20 07:36:27,741 - root - INFO - #25 MAX:accuracy.mean: 0.87
2020-07-20 07:36:27,782 - root - DEBUG - Sampled weight [0.59490583 0.84452333 0.55794904 0.68752533 1.53292993]
2020-07-20 07:36:28,850 - root - DEBUG - Updating hall of fame
2020-07-20 07:36:29,607 - root - INFO - Completed generation 26; 1.9s elapsed, 2.4s avg, 6.2e+01s total. Expected time remaining: 4.1e+02s
2020-07-20 07:36:29,657 - root - INFO - #26 MAX:accuracy.mean: 0.87
2020-07-20 07:36:29,699 - root - DEBUG - Sampled weight [0.47895627 1.61072763 0.81964636 1.0033628  2.14507661]
2020-07-20 07:36:30,769 - root - DEBUG - Updating hall of fame
2020-07-20 07:36:31,533 - root - INFO - Completed generation 27; 1.9s elapsed, 2.4s avg, 6.4e+01s total. Expected time remaining: 4.1e+02s
2020-07-20 07:36:31,583 - root - INFO - #27 MAX:accuracy.mean: 0.87
2020-07-20 07:36:31,624 - root - DEBUG - Sampled weight [1.59767908 0.48418862 1.42643718 0.53366339 1.02485932]
2020-07-20 07:36:32,688 - root - DEBUG - Updating hall of fame
2020-07-20 07:36:33,449 - root - INFO - Completed generation 28; 1.9s elapsed, 2.3s avg, 6.6e+01s total. Expected time remaining: 4e+02s
2020-07-20 07:36:33,499 - root - INFO - #28 MAX:accuracy.mean: 0.87
2020-07-20 07:36:33,540 - root - DEBUG - Sampled weight [0.5524722  0.85770851 0.94189671 1.10562032 1.05909239]
2020-07-20 07:36:34,599 - root - DEBUG - Updating hall of fame
2020-07-20 07:36:35,704 - root - INFO - Completed generation 29; 2.2s elapsed, 2.3s avg, 6.8e+01s total. Expected time remaining: 4e+02s
2020-07-20 07:36:35,754 - root - INFO - #29 MAX:accuracy.mean: 0.9
2020-07-20 07:36:35,794 - root - DEBUG - Sampled weight [4.14288504 1.42488907 0.62920752 0.63666226 0.55286005]
2020-07-20 07:36:36,857 - root - DEBUG - Updating hall of fame
2020-07-20 07:36:38,336 - root - INFO - Completed generation 30; 2.6s elapsed, 2.3s avg, 7e+01s total. Expected time remaining: 4e+02s
2020-07-20 07:36:38,386 - root - INFO - #30 MAX:accuracy.mean: 0.9
2020-07-20 07:36:38,482 - root - DEBUG - Sampled weight [0.72489152 0.8118327  0.6209711  0.40712782 0.44336842]
2020-07-20 07:36:39,550 - root - DEBUG - Updating hall of fame
2020-07-20 07:36:41,056 - root - INFO - Completed generation 31; 2.6s elapsed, 2.4s avg, 7.3e+01s total. Expected time remaining: 4e+02s
2020-07-20 07:36:41,105 - root - INFO - #31 MAX:accuracy.mean: 0.89
2020-07-20 07:36:41,146 - root - DEBUG - Sampled weight [1.38553565 0.85421838 0.88808135 1.29323074 1.35771425]
2020-07-20 07:36:42,216 - root - DEBUG - Updating hall of fame
2020-07-20 07:36:43,353 - root - INFO - Completed generation 32; 2.2s elapsed, 2.4s avg, 7.5e+01s total. Expected time remaining: 3.9e+02s
2020-07-20 07:36:43,403 - root - INFO - #32 MAX:accuracy.mean: 0.95
2020-07-20 07:36:43,444 - root - DEBUG - Sampled weight [0.66554364 0.4159672  1.61766313 0.77594945 1.40898244]
2020-07-20 07:36:44,514 - root - DEBUG - Updating hall of fame
2020-07-20 07:36:45,829 - root - INFO - Completed generation 33; 2.4s elapsed, 2.4s avg, 7.8e+01s total. Expected time remaining: 3.9e+02s
2020-07-20 07:36:45,879 - root - INFO - #33 MAX:accuracy.mean: 0.89
2020-07-20 07:36:45,920 - root - DEBUG - Sampled weight [1.14239466 1.44351596 1.05085851 0.75729636 0.91619204]
2020-07-20 07:36:46,988 - root - DEBUG - Updating hall of fame
2020-07-20 07:36:48,121 - root - INFO - Completed generation 34; 2.2s elapsed, 2.3s avg, 8e+01s total. Expected time remaining: 3.9e+02s
2020-07-20 07:36:48,171 - root - INFO - #34 MAX:accuracy.mean: 0.96
2020-07-20 07:36:48,211 - root - DEBUG - Sampled weight [1.38809923 1.03026571 0.47333279 1.94776975 0.94280917]
2020-07-20 07:36:49,286 - root - DEBUG - Updating hall of fame
2020-07-20 07:36:50,799 - root - INFO - Completed generation 35; 2.6s elapsed, 2.4s avg, 8.2e+01s total. Expected time remaining: 3.9e+02s
2020-07-20 07:36:50,849 - root - INFO - #35 MAX:accuracy.mean: 0.93
2020-07-20 07:36:50,890 - root - DEBUG - Sampled weight [1.40627688 0.5280644  1.36957792 0.96558377 0.51381838]
2020-07-20 07:36:51,973 - root - DEBUG - Updating hall of fame
2020-07-20 07:36:53,325 - root - INFO - Completed generation 36; 2.5s elapsed, 2.4s avg, 8.5e+01s total. Expected time remaining: 3.9e+02s
2020-07-20 07:36:53,375 - root - INFO - #36 MAX:accuracy.mean: 0.91
2020-07-20 07:36:53,415 - root - DEBUG - Sampled weight [1.73502383 1.18604677 1.15230421 2.80017193 1.16882021]
2020-07-20 07:36:54,484 - root - DEBUG - Updating hall of fame
2020-07-20 07:36:55,604 - root - INFO - Completed generation 37; 2.2s elapsed, 2.4s avg, 8.7e+01s total. Expected time remaining: 3.8e+02s
2020-07-20 07:36:55,653 - root - INFO - #37 MAX:accuracy.mean: 0.94
2020-07-20 07:36:55,694 - root - DEBUG - Sampled weight [1.5506882  1.73278065 1.14142    1.16663919 1.99139406]
2020-07-20 07:36:56,768 - root - DEBUG - Updating hall of fame
2020-07-20 07:36:57,901 - root - INFO - Completed generation 38; 2.2s elapsed, 2.4s avg, 8.9e+01s total. Expected time remaining: 3.8e+02s
2020-07-20 07:36:57,950 - root - INFO - #38 MAX:accuracy.mean: 0.94
2020-07-20 07:36:57,991 - root - DEBUG - Sampled weight [1.02820373 0.76427456 0.94148881 0.92932345 1.28235865]
2020-07-20 07:36:59,065 - root - DEBUG - Updating hall of fame
2020-07-20 07:36:59,631 - root - INFO - Completed generation 39; 1.7s elapsed, 2.3s avg, 9.1e+01s total. Expected time remaining: 3.8e+02s
2020-07-20 07:36:59,681 - root - INFO - #39 MAX:accuracy.mean: 0.93
2020-07-20 07:36:59,721 - root - DEBUG - Sampled weight [0.75293915 2.43885594 1.12208329 0.897261   0.32131438]
2020-07-20 07:37:00,790 - root - DEBUG - Updating hall of fame
2020-07-20 07:37:01,951 - root - INFO - Completed generation 40; 2.3s elapsed, 2.3s avg, 9.3e+01s total. Expected time remaining: 3.7e+02s
2020-07-20 07:37:02,005 - root - INFO - #40 MAX:accuracy.mean: 0.88
2020-07-20 07:37:02,170 - root - DEBUG - Sampled weight [1.15842445 0.50367395 1.03797778 0.49572896 1.00229171]
2020-07-20 07:37:03,250 - root - DEBUG - Updating hall of fame
2020-07-20 07:37:03,816 - root - INFO - Completed generation 41; 1.7s elapsed, 2.3s avg, 9.5e+01s total. Expected time remaining: 3.7e+02s
2020-07-20 07:37:03,899 - root - INFO - #41 MAX:accuracy.mean: 0.9
2020-07-20 07:37:03,942 - root - DEBUG - Sampled weight [1.26700311 0.49978285 1.25658112 0.68394087 1.21252504]
2020-07-20 07:37:05,026 - root - DEBUG - Updating hall of fame
2020-07-20 07:37:05,772 - root - INFO - Completed generation 42; 1.9s elapsed, 2.3s avg, 9.7e+01s total. Expected time remaining: 3.6e+02s
2020-07-20 07:37:05,822 - root - INFO - #42 MAX:accuracy.mean: 0.88
2020-07-20 07:37:05,863 - root - DEBUG - Sampled weight [0.74216599 0.47300514 0.62505489 1.73581684 1.13437281]
2020-07-20 07:37:06,939 - root - DEBUG - Updating hall of fame
2020-07-20 07:37:07,683 - root - INFO - Completed generation 43; 1.9s elapsed, 2.3s avg, 9.9e+01s total. Expected time remaining: 3.6e+02s
2020-07-20 07:37:07,732 - root - INFO - #43 MAX:accuracy.mean: 0.89
2020-07-20 07:37:07,773 - root - DEBUG - Sampled weight [1.09112238 1.04483039 0.9163735  1.79603452 0.75019153]
2020-07-20 07:37:08,846 - root - DEBUG - Updating hall of fame
2020-07-20 07:37:09,049 - root - INFO - Completed generation 44; 1.3s elapsed, 2.3s avg, 1e+02s total. Expected time remaining: 3.6e+02s
2020-07-20 07:37:09,098 - root - INFO - #44 MAX:accuracy.mean: 0.94
2020-07-20 07:37:09,139 - root - DEBUG - Sampled weight [1.72323635 0.65761999 1.81471138 0.53399434 0.97662544]
2020-07-20 07:37:10,226 - root - DEBUG - Updating hall of fame
2020-07-20 07:37:11,548 - root - INFO - Completed generation 45; 2.4s elapsed, 2.3s avg, 1e+02s total. Expected time remaining: 3.5e+02s
2020-07-20 07:37:11,598 - root - INFO - #45 MAX:accuracy.mean: 0.9
2020-07-20 07:37:11,639 - root - DEBUG - Sampled weight [1.15608881 0.58815484 1.01159245 0.9493241  0.81370943]
2020-07-20 07:37:12,711 - root - DEBUG - Updating hall of fame
2020-07-20 07:37:13,488 - root - INFO - Completed generation 46; 1.9s elapsed, 2.3s avg, 1e+02s total. Expected time remaining: 3.5e+02s
2020-07-20 07:37:13,538 - root - INFO - #46 MAX:accuracy.mean: 0.93
2020-07-20 07:37:13,579 - root - DEBUG - Sampled weight [1.17716289 1.16872569 0.71969348 0.79205609 2.42143173]
2020-07-20 07:37:14,654 - root - DEBUG - Updating hall of fame
2020-07-20 07:37:15,788 - root - INFO - Completed generation 47; 2.2s elapsed, 2.3s avg, 1.1e+02s total. Expected time remaining: 3.5e+02s
2020-07-20 07:37:15,838 - root - INFO - #47 MAX:accuracy.mean: 0.93
2020-07-20 07:37:15,880 - root - DEBUG - Sampled weight [1.39052279 1.23684354 0.77523394 1.20350056 0.69956837]
2020-07-20 07:37:16,954 - root - DEBUG - Updating hall of fame
2020-07-20 07:37:18,300 - root - INFO - Completed generation 48; 2.5s elapsed, 2.3s avg, 1.1e+02s total. Expected time remaining: 3.5e+02s
2020-07-20 07:37:18,349 - root - INFO - #48 MAX:accuracy.mean: 0.95
2020-07-20 07:37:18,390 - root - DEBUG - Sampled weight [0.69012646 1.15305165 0.55313347 1.95942185 0.76526344]
2020-07-20 07:37:19,471 - root - DEBUG - Updating hall of fame
2020-07-20 07:37:20,440 - root - INFO - Completed generation 49; 2.1s elapsed, 2.3s avg, 1.1e+02s total. Expected time remaining: 3.4e+02s
2020-07-20 07:37:20,490 - root - INFO - #49 MAX:accuracy.mean: 0.91
2020-07-20 07:37:20,530 - root - DEBUG - Sampled weight [1.11419632 1.27122889 0.9792002  2.32974595 0.76980011]
2020-07-20 07:37:21,603 - root - DEBUG - Updating hall of fame
2020-07-20 07:37:22,372 - root - INFO - Completed generation 50; 1.9s elapsed, 2.3s avg, 1.1e+02s total. Expected time remaining: 3.4e+02s
2020-07-20 07:37:22,423 - root - INFO - #50 MAX:accuracy.mean: 0.94
2020-07-20 07:37:22,532 - root - DEBUG - Sampled weight [0.95577333 0.38854477 1.3826967  0.73675891 2.07588536]
2020-07-20 07:37:23,616 - root - DEBUG - Updating hall of fame
2020-07-20 07:37:24,969 - root - INFO - Completed generation 51; 2.5s elapsed, 2.3s avg, 1.2e+02s total. Expected time remaining: 3.4e+02s
2020-07-20 07:37:25,018 - root - INFO - #51 MAX:accuracy.mean: 0.9
2020-07-20 07:37:25,060 - root - DEBUG - Sampled weight [1.99463359 0.98265341 2.10120631 1.20469671 1.377836  ]
2020-07-20 07:37:26,139 - root - DEBUG - Updating hall of fame
2020-07-20 07:37:26,914 - root - INFO - Completed generation 52; 1.9s elapsed, 2.3s avg, 1.2e+02s total. Expected time remaining: 3.3e+02s
2020-07-20 07:37:26,964 - root - INFO - #52 MAX:accuracy.mean: 0.93
2020-07-20 07:37:27,005 - root - DEBUG - Sampled weight [1.62477978 0.54817246 1.26238244 1.06373352 0.64805142]
2020-07-20 07:37:28,083 - root - DEBUG - Updating hall of fame
2020-07-20 07:37:29,398 - root - INFO - Completed generation 53; 2.4s elapsed, 2.3s avg, 1.2e+02s total. Expected time remaining: 3.3e+02s
2020-07-20 07:37:29,447 - root - INFO - #53 MAX:accuracy.mean: 0.9
2020-07-20 07:37:29,488 - root - DEBUG - Sampled weight [1.38002714 1.95461386 0.39860246 0.33688396 0.50739015]
2020-07-20 07:37:30,566 - root - DEBUG - Updating hall of fame
2020-07-20 07:37:30,960 - root - INFO - Completed generation 54; 1.5s elapsed, 2.2s avg, 1.2e+02s total. Expected time remaining: 3.3e+02s
2020-07-20 07:37:31,009 - root - INFO - #54 MAX:accuracy.mean: 0.89
2020-07-20 07:37:31,051 - root - DEBUG - Sampled weight [0.48874115 0.39247256 0.82759938 0.96675818 0.85741245]
2020-07-20 07:37:32,133 - root - DEBUG - Updating hall of fame
2020-07-20 07:37:32,718 - root - INFO - Completed generation 55; 1.7s elapsed, 2.2s avg, 1.2e+02s total. Expected time remaining: 3.2e+02s
2020-07-20 07:37:32,768 - root - INFO - #55 MAX:accuracy.mean: 0.89
2020-07-20 07:37:32,809 - root - DEBUG - Sampled weight [1.03679761 1.02198433 0.84963395 2.24456183 3.19792976]
2020-07-20 07:37:33,890 - root - DEBUG - Updating hall of fame
2020-07-20 07:37:34,093 - root - INFO - Completed generation 56; 1.3s elapsed, 2.2s avg, 1.2e+02s total. Expected time remaining: 3.2e+02s
2020-07-20 07:37:34,143 - root - INFO - #56 MAX:accuracy.mean: 0.92
2020-07-20 07:37:34,185 - root - DEBUG - Sampled weight [1.41402614 0.59133178 0.59667214 0.86532021 0.77786728]
2020-07-20 07:37:35,270 - root - DEBUG - Updating hall of fame
2020-07-20 07:37:36,388 - root - INFO - Completed generation 57; 2.2s elapsed, 2.2s avg, 1.3e+02s total. Expected time remaining: 3.2e+02s
2020-07-20 07:37:36,438 - root - INFO - #57 MAX:accuracy.mean: 0.9
2020-07-20 07:37:36,478 - root - DEBUG - Sampled weight [1.30465481 3.05760768 0.56912173 1.7204744  1.38235111]
2020-07-20 07:37:37,565 - root - DEBUG - Updating hall of fame
2020-07-20 07:37:37,566 - root - INFO - Completed generation 58; 1.1s elapsed, 2.2s avg, 1.3e+02s total. Expected time remaining: 3.1e+02s
2020-07-20 07:37:37,615 - root - INFO - #58 MAX:accuracy.mean: 0.9
2020-07-20 07:37:37,656 - root - DEBUG - Sampled weight [0.97733511 1.37798089 0.92909041 0.80598373 0.4921358 ]
2020-07-20 07:37:38,743 - root - DEBUG - Updating hall of fame
2020-07-20 07:37:40,222 - root - INFO - Completed generation 59; 2.6s elapsed, 2.2s avg, 1.3e+02s total. Expected time remaining: 3.1e+02s
2020-07-20 07:37:40,272 - root - INFO - #59 MAX:accuracy.mean: 0.91
2020-07-20 07:37:40,314 - root - DEBUG - Sampled weight [0.81563552 1.37537643 1.11700908 1.49051478 1.17817354]
2020-07-20 07:37:41,384 - root - DEBUG - Updating hall of fame
2020-07-20 07:37:41,579 - root - INFO - Completed generation 60; 1.3s elapsed, 2.2s avg, 1.3e+02s total. Expected time remaining: 3.1e+02s
2020-07-20 07:37:41,629 - root - INFO - #60 MAX:accuracy.mean: 0.95
2020-07-20 07:37:41,732 - root - DEBUG - Sampled weight [1.09831253 0.62314489 1.09622802 1.12954068 1.06203923]
2020-07-20 07:37:42,823 - root - DEBUG - Updating hall of fame
2020-07-20 07:37:43,962 - root - INFO - Completed generation 61; 2.3s elapsed, 2.2s avg, 1.3e+02s total. Expected time remaining: 3.1e+02s
2020-07-20 07:37:44,012 - root - INFO - #61 MAX:accuracy.mean: 0.95
2020-07-20 07:37:44,053 - root - DEBUG - Sampled weight [0.89648557 1.12098638 1.01908254 0.8053422  0.45643276]
2020-07-20 07:37:45,127 - root - DEBUG - Updating hall of fame
2020-07-20 07:37:46,080 - root - INFO - Completed generation 62; 2.1s elapsed, 2.2s avg, 1.4e+02s total. Expected time remaining: 3e+02s
2020-07-20 07:37:46,129 - root - INFO - #62 MAX:accuracy.mean: 0.91
2020-07-20 07:37:46,171 - root - DEBUG - Sampled weight [1.01559615 1.00557601 0.95241856 1.58647233 0.83368055]
2020-07-20 07:37:47,257 - root - DEBUG - Updating hall of fame
2020-07-20 07:37:48,050 - root - INFO - Completed generation 63; 1.9s elapsed, 2.2s avg, 1.4e+02s total. Expected time remaining: 3e+02s
2020-07-20 07:37:48,100 - root - INFO - #63 MAX:accuracy.mean: 0.96
2020-07-20 07:37:48,141 - root - DEBUG - Sampled weight [0.62790147 0.89958107 1.18454202 1.15539021 2.49845551]
2020-07-20 07:37:49,247 - root - DEBUG - Updating hall of fame
2020-07-20 07:37:50,779 - root - INFO - Completed generation 64; 2.7s elapsed, 2.2s avg, 1.4e+02s total. Expected time remaining: 3e+02s
2020-07-20 07:37:50,829 - root - INFO - #64 MAX:accuracy.mean: 0.93
2020-07-20 07:37:50,869 - root - DEBUG - Sampled weight [0.76188438 1.18248841 0.55079608 1.57793169 1.45826686]
2020-07-20 07:37:51,961 - root - DEBUG - Updating hall of fame
2020-07-20 07:37:53,290 - root - INFO - Completed generation 65; 2.5s elapsed, 2.2s avg, 1.4e+02s total. Expected time remaining: 3e+02s
2020-07-20 07:37:53,340 - root - INFO - #65 MAX:accuracy.mean: 0.92
2020-07-20 07:37:53,382 - root - DEBUG - Sampled weight [0.61177739 0.89076938 1.0881153  0.8692581  1.17418262]
2020-07-20 07:37:54,462 - root - DEBUG - Updating hall of fame
2020-07-20 07:37:55,245 - root - INFO - Completed generation 66; 1.9s elapsed, 2.2s avg, 1.5e+02s total. Expected time remaining: 2.9e+02s
2020-07-20 07:37:55,294 - root - INFO - #66 MAX:accuracy.mean: 0.95
2020-07-20 07:37:55,336 - root - DEBUG - Sampled weight [0.8910585  0.82525159 0.72289504 1.39810924 0.32316974]
2020-07-20 07:37:56,418 - root - DEBUG - Updating hall of fame
2020-07-20 07:37:57,002 - root - INFO - Completed generation 67; 1.7s elapsed, 2.2s avg, 1.5e+02s total. Expected time remaining: 2.9e+02s
2020-07-20 07:37:57,052 - root - INFO - #67 MAX:accuracy.mean: 0.92
2020-07-20 07:37:57,093 - root - DEBUG - Sampled weight [1.03270787 1.35128642 0.95333403 2.10005929 1.44797997]
2020-07-20 07:37:58,174 - root - DEBUG - Updating hall of fame
2020-07-20 07:37:58,748 - root - INFO - Completed generation 68; 1.7s elapsed, 2.2s avg, 1.5e+02s total. Expected time remaining: 2.9e+02s
2020-07-20 07:37:58,798 - root - INFO - #68 MAX:accuracy.mean: 0.94
2020-07-20 07:37:58,839 - root - DEBUG - Sampled weight [1.18509521 1.52288542 0.76600418 5.53411964 5.84173578]
2020-07-20 07:37:59,918 - root - DEBUG - Updating hall of fame
2020-07-20 07:38:01,252 - root - INFO - Completed generation 69; 2.5s elapsed, 2.2s avg, 1.5e+02s total. Expected time remaining: 2.9e+02s
2020-07-20 07:38:01,306 - root - INFO - #69 MAX:accuracy.mean: 0.91
2020-07-20 07:38:01,350 - root - DEBUG - Sampled weight [1.15991432 1.4910597  1.0447288  1.06446693 0.98605438]
2020-07-20 07:38:02,475 - root - DEBUG - Updating hall of fame
2020-07-20 07:38:02,876 - root - INFO - Completed generation 70; 1.6s elapsed, 2.2s avg, 1.5e+02s total. Expected time remaining: 2.8e+02s
2020-07-20 07:38:02,925 - root - INFO - #70 MAX:accuracy.mean: 0.95
2020-07-20 07:38:03,030 - root - DEBUG - Sampled weight [1.07450589 0.83620339 0.79663716 1.18561074 0.59537616]
2020-07-20 07:38:04,121 - root - DEBUG - Updating hall of fame
2020-07-20 07:38:05,248 - root - INFO - Completed generation 71; 2.3s elapsed, 2.2s avg, 1.5e+02s total. Expected time remaining: 2.8e+02s
2020-07-20 07:38:05,298 - root - INFO - #71 MAX:accuracy.mean: 0.94
2020-07-20 07:38:05,340 - root - DEBUG - Sampled weight [0.68480162 1.64798607 0.92317501 0.8695096  0.66076113]
2020-07-20 07:38:06,437 - root - DEBUG - Updating hall of fame
2020-07-20 07:38:07,215 - root - INFO - Completed generation 72; 1.9s elapsed, 2.2s avg, 1.6e+02s total. Expected time remaining: 2.8e+02s
2020-07-20 07:38:07,264 - root - INFO - #72 MAX:accuracy.mean: 0.94
2020-07-20 07:38:07,306 - root - DEBUG - Sampled weight [1.54051426 0.83308712 0.49183979 1.30235935 0.80689865]
2020-07-20 07:38:08,387 - root - DEBUG - Updating hall of fame
2020-07-20 07:38:08,970 - root - INFO - Completed generation 73; 1.7s elapsed, 2.2s avg, 1.6e+02s total. Expected time remaining: 2.8e+02s
2020-07-20 07:38:09,020 - root - INFO - #73 MAX:accuracy.mean: 0.92
2020-07-20 07:38:09,061 - root - DEBUG - Sampled weight [1.40444989 0.46357133 1.19061809 1.06182418 0.68265993]
2020-07-20 07:38:10,144 - root - DEBUG - Updating hall of fame
2020-07-20 07:38:10,744 - root - INFO - Completed generation 74; 1.7s elapsed, 2.2s avg, 1.6e+02s total. Expected time remaining: 2.7e+02s
2020-07-20 07:38:10,793 - root - INFO - #74 MAX:accuracy.mean: 0.91
2020-07-20 07:38:10,834 - root - DEBUG - Sampled weight [1.50798676 0.50832436 2.36456641 0.99304786 2.49787838]
2020-07-20 07:38:11,916 - root - DEBUG - Updating hall of fame
2020-07-20 07:38:12,512 - root - INFO - Completed generation 75; 1.7s elapsed, 2.2s avg, 1.6e+02s total. Expected time remaining: 2.7e+02s
2020-07-20 07:38:12,562 - root - INFO - #75 MAX:accuracy.mean: 0.91
2020-07-20 07:38:12,603 - root - DEBUG - Sampled weight [0.78968647 1.4125055  1.05625464 0.86711557 1.19948957]
2020-07-20 07:38:13,679 - root - DEBUG - Updating hall of fame
2020-07-20 07:38:14,618 - root - INFO - Completed generation 76; 2.1s elapsed, 2.2s avg, 1.6e+02s total. Expected time remaining: 2.7e+02s
2020-07-20 07:38:14,667 - root - INFO - #76 MAX:accuracy.mean: 0.95
2020-07-20 07:38:14,707 - root - DEBUG - Sampled weight [0.91384013 0.80804952 0.58622558 2.09028097 1.20644213]
2020-07-20 07:38:15,793 - root - DEBUG - Updating hall of fame
2020-07-20 07:38:15,995 - root - INFO - Completed generation 77; 1.3s elapsed, 2.1s avg, 1.7e+02s total. Expected time remaining: 2.6e+02s
2020-07-20 07:38:16,045 - root - INFO - #77 MAX:accuracy.mean: 0.91
2020-07-20 07:38:16,087 - root - DEBUG - Sampled weight [1.40108721 0.63387411 0.83759219 0.81090907 1.21381362]
2020-07-20 07:38:17,174 - root - DEBUG - Updating hall of fame
2020-07-20 07:38:17,556 - root - INFO - Completed generation 78; 1.5s elapsed, 2.1s avg, 1.7e+02s total. Expected time remaining: 2.6e+02s
2020-07-20 07:38:17,606 - root - INFO - #78 MAX:accuracy.mean: 0.94
2020-07-20 07:38:17,647 - root - DEBUG - Sampled weight [0.97739351 0.72324616 0.47883311 0.83835479 0.28055311]
2020-07-20 07:38:18,721 - root - DEBUG - Updating hall of fame
2020-07-20 07:38:19,477 - root - INFO - Completed generation 79; 1.9s elapsed, 2.1s avg, 1.7e+02s total. Expected time remaining: 2.6e+02s
2020-07-20 07:38:19,527 - root - INFO - #79 MAX:accuracy.mean: 0.91
2020-07-20 07:38:19,569 - root - DEBUG - Sampled weight [0.62839813 0.37172846 0.61529469 1.17604557 0.48076752]
2020-07-20 07:38:20,652 - root - DEBUG - Updating hall of fame
2020-07-20 07:38:21,036 - root - INFO - Completed generation 80; 1.5s elapsed, 2.1s avg, 1.7e+02s total. Expected time remaining: 2.6e+02s
2020-07-20 07:38:21,086 - root - INFO - #80 MAX:accuracy.mean: 0.91
2020-07-20 07:38:21,204 - root - DEBUG - Sampled weight [1.29706267 0.57526058 0.844228   2.48896845 1.58784193]
2020-07-20 07:38:22,287 - root - DEBUG - Updating hall of fame
2020-07-20 07:38:22,700 - root - INFO - Completed generation 81; 1.5s elapsed, 2.1s avg, 1.7e+02s total. Expected time remaining: 2.5e+02s
2020-07-20 07:38:22,752 - root - INFO - #81 MAX:accuracy.mean: 0.91
2020-07-20 07:38:22,794 - root - DEBUG - Sampled weight [0.57651086 0.8193441  0.35305219 1.06744321 0.86602599]
2020-07-20 07:38:23,941 - root - DEBUG - Updating hall of fame
2020-07-20 07:38:25,119 - root - INFO - Completed generation 82; 2.4s elapsed, 2.1s avg, 1.7e+02s total. Expected time remaining: 2.5e+02s
2020-07-20 07:38:25,170 - root - INFO - #82 MAX:accuracy.mean: 0.91
2020-07-20 07:38:25,212 - root - DEBUG - Sampled weight [0.58782782 1.86850956 0.55270784 0.77989783 0.38404258]
2020-07-20 07:38:26,312 - root - DEBUG - Updating hall of fame
2020-07-20 07:38:26,678 - root - INFO - Completed generation 83; 1.5s elapsed, 2.1s avg, 1.8e+02s total. Expected time remaining: 2.5e+02s
2020-07-20 07:38:26,728 - root - INFO - #83 MAX:accuracy.mean: 0.89
2020-07-20 07:38:26,769 - root - DEBUG - Sampled weight [0.60723742 2.09045332 1.311292   1.44447265 2.57833103]
2020-07-20 07:38:27,853 - root - DEBUG - Updating hall of fame
2020-07-20 07:38:28,227 - root - INFO - Completed generation 84; 1.5s elapsed, 2.1s avg, 1.8e+02s total. Expected time remaining: 2.4e+02s
2020-07-20 07:38:28,278 - root - INFO - #84 MAX:accuracy.mean: 0.91
2020-07-20 07:38:28,320 - root - DEBUG - Sampled weight [1.68132704 0.7703906  2.03270923 0.98549839 1.15489264]
2020-07-20 07:38:29,403 - root - DEBUG - Updating hall of fame
2020-07-20 07:38:30,156 - root - INFO - Completed generation 85; 1.9s elapsed, 2.1s avg, 1.8e+02s total. Expected time remaining: 2.4e+02s
2020-07-20 07:38:30,206 - root - INFO - #85 MAX:accuracy.mean: 0.93
2020-07-20 07:38:30,247 - root - DEBUG - Sampled weight [0.724353   1.33444818 1.4144903  0.93260083 1.16022976]
2020-07-20 07:38:31,340 - root - DEBUG - Updating hall of fame
2020-07-20 07:38:31,913 - root - INFO - Completed generation 86; 1.7s elapsed, 2.1s avg, 1.8e+02s total. Expected time remaining: 2.4e+02s
2020-07-20 07:38:31,962 - root - INFO - #86 MAX:accuracy.mean: 0.95
2020-07-20 07:38:32,003 - root - DEBUG - Sampled weight [1.03724758 0.48958407 0.90262803 0.5756306  1.02239623]
2020-07-20 07:38:33,086 - root - DEBUG - Updating hall of fame
2020-07-20 07:38:33,851 - root - INFO - Completed generation 87; 1.9s elapsed, 2.1s avg, 1.8e+02s total. Expected time remaining: 2.4e+02s
2020-07-20 07:38:33,901 - root - INFO - #87 MAX:accuracy.mean: 0.94
2020-07-20 07:38:33,941 - root - DEBUG - Sampled weight [0.71871875 0.96978809 2.76627509 0.72207422 2.05791166]
2020-07-20 07:38:35,017 - root - DEBUG - Updating hall of fame
2020-07-20 07:38:35,408 - root - INFO - Completed generation 88; 1.5s elapsed, 2.1s avg, 1.8e+02s total. Expected time remaining: 2.3e+02s
2020-07-20 07:38:35,458 - root - INFO - #88 MAX:accuracy.mean: 0.91
2020-07-20 07:38:35,499 - root - DEBUG - Sampled weight [0.9201423  0.55696956 1.4800088  1.72922642 0.65619672]
2020-07-20 07:38:36,583 - root - DEBUG - Updating hall of fame
2020-07-20 07:38:37,334 - root - INFO - Completed generation 89; 1.9s elapsed, 2.1s avg, 1.9e+02s total. Expected time remaining: 2.3e+02s
2020-07-20 07:38:37,384 - root - INFO - #89 MAX:accuracy.mean: 0.91
2020-07-20 07:38:37,425 - root - DEBUG - Sampled weight [2.76900085 1.28228726 2.10413053 0.91295855 2.01529434]
2020-07-20 07:38:38,511 - root - DEBUG - Updating hall of fame
2020-07-20 07:38:38,892 - root - INFO - Completed generation 90; 1.5s elapsed, 2.1s avg, 1.9e+02s total. Expected time remaining: 2.3e+02s
2020-07-20 07:38:38,941 - root - INFO - #90 MAX:accuracy.mean: 0.9
2020-07-20 07:38:39,045 - root - DEBUG - Sampled weight [1.18547922 1.11889125 2.1341255  2.10124365 0.60565741]
2020-07-20 07:38:40,132 - root - DEBUG - Updating hall of fame
2020-07-20 07:38:40,696 - root - INFO - Completed generation 91; 1.7s elapsed, 2.1s avg, 1.9e+02s total. Expected time remaining: 2.3e+02s
2020-07-20 07:38:40,746 - root - INFO - #91 MAX:accuracy.mean: 0.9
2020-07-20 07:38:40,787 - root - DEBUG - Sampled weight [1.35453725 0.81685243 1.86119367 0.97159614 0.8967227 ]
2020-07-20 07:38:41,886 - root - DEBUG - Updating hall of fame
2020-07-20 07:38:42,270 - root - INFO - Completed generation 92; 1.5s elapsed, 2.1s avg, 1.9e+02s total. Expected time remaining: 2.2e+02s
2020-07-20 07:38:42,320 - root - INFO - #92 MAX:accuracy.mean: 0.94
2020-07-20 07:38:42,361 - root - DEBUG - Sampled weight [0.96980431 0.83294396 1.35287679 1.84667895 0.8716662 ]
2020-07-20 07:38:43,455 - root - DEBUG - Updating hall of fame
2020-07-20 07:38:44,594 - root - INFO - Completed generation 93; 2.3s elapsed, 2.1s avg, 1.9e+02s total. Expected time remaining: 2.2e+02s
2020-07-20 07:38:44,644 - root - INFO - #93 MAX:accuracy.mean: 0.94
2020-07-20 07:38:44,684 - root - DEBUG - Sampled weight [1.43520128 1.05478137 0.67345652 0.83420641 1.59584182]
2020-07-20 07:38:45,758 - root - DEBUG - Updating hall of fame
2020-07-20 07:38:46,538 - root - INFO - Completed generation 94; 1.9s elapsed, 2.1s avg, 1.9e+02s total. Expected time remaining: 2.2e+02s
2020-07-20 07:38:46,587 - root - INFO - #94 MAX:accuracy.mean: 0.94
2020-07-20 07:38:46,629 - root - DEBUG - Sampled weight [1.02476876 1.42106116 0.38479889 0.90176302 1.64965612]
2020-07-20 07:38:47,707 - root - DEBUG - Updating hall of fame
2020-07-20 07:38:48,831 - root - INFO - Completed generation 95; 2.2s elapsed, 2.1s avg, 2e+02s total. Expected time remaining: 2.2e+02s
2020-07-20 07:38:48,880 - root - INFO - #95 MAX:accuracy.mean: 0.92
2020-07-20 07:38:48,921 - root - DEBUG - Sampled weight [1.07326799 0.90237773 0.57653092 1.39063811 0.31378409]
2020-07-20 07:38:50,000 - root - DEBUG - Updating hall of fame
2020-07-20 07:38:50,374 - root - INFO - Completed generation 96; 1.5s elapsed, 2.1s avg, 2e+02s total. Expected time remaining: 2.2e+02s
2020-07-20 07:38:50,423 - root - INFO - #96 MAX:accuracy.mean: 0.91
2020-07-20 07:38:50,465 - root - DEBUG - Sampled weight [0.42806795 0.70852377 0.686727   1.60542712 0.87651987]
2020-07-20 07:38:51,548 - root - DEBUG - Updating hall of fame
2020-07-20 07:38:51,731 - root - INFO - Completed generation 97; 1.3s elapsed, 2.1s avg, 2e+02s total. Expected time remaining: 2.1e+02s
2020-07-20 07:38:51,781 - root - INFO - #97 MAX:accuracy.mean: 0.91
2020-07-20 07:38:51,822 - root - DEBUG - Sampled weight [0.67445291 0.56227112 1.51193022 0.73547462 1.13991064]
2020-07-20 07:38:52,903 - root - DEBUG - Updating hall of fame
2020-07-20 07:38:53,094 - root - INFO - Completed generation 98; 1.3s elapsed, 2.1s avg, 2e+02s total. Expected time remaining: 2.1e+02s
2020-07-20 07:38:53,144 - root - INFO - #98 MAX:accuracy.mean: 0.93
2020-07-20 07:38:53,184 - root - DEBUG - Sampled weight [0.72080897 1.96950463 1.31482876 1.70134816 1.45699282]
2020-07-20 07:38:54,269 - root - DEBUG - Updating hall of fame
2020-07-20 07:38:54,652 - root - INFO - Completed generation 99; 1.5s elapsed, 2.0s avg, 2e+02s total. Expected time remaining: 2.1e+02s
2020-07-20 07:38:54,701 - root - INFO - #99 MAX:accuracy.mean: 0.95
2020-07-20 07:38:54,743 - root - DEBUG - Sampled weight [0.83258599 0.99155287 0.75285102 1.29683799 0.81236102]
2020-07-20 07:38:55,830 - root - DEBUG - Updating hall of fame
2020-07-20 07:38:56,586 - root - INFO - Completed generation 100; 1.9s elapsed, 2.0s avg, 2e+02s total. Expected time remaining: 2e+02s
2020-07-20 07:38:56,636 - root - INFO - #100 MAX:accuracy.mean: 0.96
2020-07-20 07:38:56,729 - root - DEBUG - Sampled weight [1.07977821 1.82716646 1.29559765 1.25820222 0.58000265]
2020-07-20 07:38:57,811 - root - DEBUG - Updating hall of fame
2020-07-20 07:38:58,005 - root - INFO - Completed generation 101; 1.3s elapsed, 2.0s avg, 2.1e+02s total. Expected time remaining: 2e+02s
2020-07-20 07:38:58,055 - root - INFO - #101 MAX:accuracy.mean: 0.94
2020-07-20 07:38:58,097 - root - DEBUG - Sampled weight [1.72165711 0.5962854  0.48051917 1.78169294 1.94766422]
2020-07-20 07:38:59,183 - root - DEBUG - Updating hall of fame
2020-07-20 07:39:00,315 - root - INFO - Completed generation 102; 2.3s elapsed, 2.0s avg, 2.1e+02s total. Expected time remaining: 2e+02s
2020-07-20 07:39:00,364 - root - INFO - #102 MAX:accuracy.mean: 0.91
2020-07-20 07:39:00,406 - root - DEBUG - Sampled weight [0.75325419 1.13071699 1.42273741 1.3003194  0.68928898]
2020-07-20 07:39:01,484 - root - DEBUG - Updating hall of fame
2020-07-20 07:39:02,094 - root - INFO - Completed generation 103; 1.7s elapsed, 2.0s avg, 2.1e+02s total. Expected time remaining: 2e+02s
2020-07-20 07:39:02,147 - root - INFO - #103 MAX:accuracy.mean: 0.94
2020-07-20 07:39:02,192 - root - DEBUG - Sampled weight [0.57900263 0.98545188 0.56118094 0.83269607 0.98504348]
2020-07-20 07:39:03,276 - root - DEBUG - Updating hall of fame
2020-07-20 07:39:04,409 - root - INFO - Completed generation 104; 2.3s elapsed, 2.0s avg, 2.1e+02s total. Expected time remaining: 2e+02s
2020-07-20 07:39:04,459 - root - INFO - #104 MAX:accuracy.mean: 0.95
2020-07-20 07:39:04,499 - root - DEBUG - Sampled weight [0.86942832 2.70206102 1.20619975 1.18665958 0.50719487]
2020-07-20 07:39:05,596 - root - DEBUG - Updating hall of fame
2020-07-20 07:39:06,189 - root - INFO - Completed generation 105; 1.7s elapsed, 2.0s avg, 2.1e+02s total. Expected time remaining: 1.9e+02s
2020-07-20 07:39:06,240 - root - INFO - #105 MAX:accuracy.mean: 0.92
2020-07-20 07:39:06,280 - root - DEBUG - Sampled weight [1.16148165 1.58318935 0.69112213 0.80771694 1.81389495]
2020-07-20 07:39:07,364 - root - DEBUG - Updating hall of fame
2020-07-20 07:39:08,501 - root - INFO - Completed generation 106; 2.3s elapsed, 2.0s avg, 2.2e+02s total. Expected time remaining: 1.9e+02s
2020-07-20 07:39:08,551 - root - INFO - #106 MAX:accuracy.mean: 0.93
2020-07-20 07:39:08,593 - root - DEBUG - Sampled weight [1.06318551 1.10265001 0.77847999 0.64199559 1.02665227]
2020-07-20 07:39:09,677 - root - DEBUG - Updating hall of fame
2020-07-20 07:39:11,191 - root - INFO - Completed generation 107; 2.6s elapsed, 2.0s avg, 2.2e+02s total. Expected time remaining: 1.9e+02s
2020-07-20 07:39:11,240 - root - INFO - #107 MAX:accuracy.mean: 0.93
2020-07-20 07:39:11,282 - root - DEBUG - Sampled weight [0.48803266 0.67982474 0.57355559 1.54075315 1.6461887 ]
2020-07-20 07:39:12,368 - root - DEBUG - Updating hall of fame
2020-07-20 07:39:12,759 - root - INFO - Completed generation 108; 1.5s elapsed, 2.0s avg, 2.2e+02s total. Expected time remaining: 1.9e+02s
2020-07-20 07:39:12,809 - root - INFO - #108 MAX:accuracy.mean: 0.92
2020-07-20 07:39:12,849 - root - DEBUG - Sampled weight [1.46307674 0.70063335 0.70570118 2.18560661 0.85272579]
2020-07-20 07:39:13,938 - root - DEBUG - Updating hall of fame
2020-07-20 07:39:14,325 - root - INFO - Completed generation 109; 1.5s elapsed, 2.0s avg, 2.2e+02s total. Expected time remaining: 1.9e+02s
2020-07-20 07:39:14,374 - root - INFO - #109 MAX:accuracy.mean: 0.93
2020-07-20 07:39:14,415 - root - DEBUG - Sampled weight [1.11643664 1.73248731 1.10216546 0.48755861 1.06944303]
2020-07-20 07:39:15,501 - root - DEBUG - Updating hall of fame
2020-07-20 07:39:16,622 - root - INFO - Completed generation 110; 2.2s elapsed, 2.0s avg, 2.2e+02s total. Expected time remaining: 1.8e+02s
2020-07-20 07:39:16,672 - root - INFO - #110 MAX:accuracy.mean: 0.93
2020-07-20 07:39:16,792 - root - DEBUG - Sampled weight [0.37334161 1.6601872  0.86080766 2.05192689 1.53872647]
2020-07-20 07:39:17,877 - root - DEBUG - Updating hall of fame
2020-07-20 07:39:18,651 - root - INFO - Completed generation 111; 1.9s elapsed, 2.0s avg, 2.3e+02s total. Expected time remaining: 1.8e+02s
2020-07-20 07:39:18,701 - root - INFO - #111 MAX:accuracy.mean: 0.92
2020-07-20 07:39:18,743 - root - DEBUG - Sampled weight [0.81383087 0.83725633 1.61099153 0.54614188 1.23278737]
2020-07-20 07:39:19,837 - root - DEBUG - Updating hall of fame
2020-07-20 07:39:21,161 - root - INFO - Completed generation 112; 2.5s elapsed, 2.0s avg, 2.3e+02s total. Expected time remaining: 1.8e+02s
2020-07-20 07:39:21,211 - root - INFO - #112 MAX:accuracy.mean: 0.92
2020-07-20 07:39:21,252 - root - DEBUG - Sampled weight [1.0812169  0.69690722 0.86968995 1.80337754 0.53265889]
2020-07-20 07:39:22,335 - root - DEBUG - Updating hall of fame
2020-07-20 07:39:22,935 - root - INFO - Completed generation 113; 1.7s elapsed, 2.0s avg, 2.3e+02s total. Expected time remaining: 1.8e+02s
2020-07-20 07:39:22,985 - root - INFO - #113 MAX:accuracy.mean: 0.92
2020-07-20 07:39:23,025 - root - DEBUG - Sampled weight [0.37220747 0.38903861 1.42010235 1.18605449 0.36723097]
2020-07-20 07:39:24,135 - root - DEBUG - Updating hall of fame
2020-07-20 07:39:24,729 - root - INFO - Completed generation 114; 1.7s elapsed, 2.0s avg, 2.3e+02s total. Expected time remaining: 1.7e+02s
2020-07-20 07:39:24,780 - root - INFO - #114 MAX:accuracy.mean: 0.91
2020-07-20 07:39:24,822 - root - DEBUG - Sampled weight [2.62767792 1.22960297 0.34519772 0.59348233 1.19330772]
2020-07-20 07:39:25,926 - root - DEBUG - Updating hall of fame
2020-07-20 07:39:26,325 - root - INFO - Completed generation 115; 1.5s elapsed, 2.0s avg, 2.3e+02s total. Expected time remaining: 1.7e+02s
2020-07-20 07:39:26,375 - root - INFO - #115 MAX:accuracy.mean: 0.91
2020-07-20 07:39:26,416 - root - DEBUG - Sampled weight [0.49921355 0.63993179 0.48044615 0.90695042 1.2655534 ]
2020-07-20 07:39:27,529 - root - DEBUG - Updating hall of fame
2020-07-20 07:39:27,739 - root - INFO - Completed generation 116; 1.4s elapsed, 2.0s avg, 2.3e+02s total. Expected time remaining: 1.7e+02s
2020-07-20 07:39:27,789 - root - INFO - #116 MAX:accuracy.mean: 0.91
2020-07-20 07:39:27,831 - root - DEBUG - Sampled weight [1.04778265 1.59669203 1.16382559 1.27352791 1.37455383]
2020-07-20 07:39:28,942 - root - DEBUG - Updating hall of fame
2020-07-20 07:39:29,146 - root - INFO - Completed generation 117; 1.4s elapsed, 2.0s avg, 2.4e+02s total. Expected time remaining: 1.7e+02s
2020-07-20 07:39:29,196 - root - INFO - #117 MAX:accuracy.mean: 0.96
2020-07-20 07:39:29,239 - root - DEBUG - Sampled weight [0.86006404 1.76667643 1.14537395 1.46374796 0.54686413]
2020-07-20 07:39:30,353 - root - DEBUG - Updating hall of fame
2020-07-20 07:39:31,694 - root - INFO - Completed generation 118; 2.5s elapsed, 2.0s avg, 2.4e+02s total. Expected time remaining: 1.7e+02s
2020-07-20 07:39:31,744 - root - INFO - #118 MAX:accuracy.mean: 0.93
2020-07-20 07:39:31,785 - root - DEBUG - Sampled weight [0.67896801 0.67656042 1.3338426  1.07675866 0.84635218]
2020-07-20 07:39:32,904 - root - DEBUG - Updating hall of fame
2020-07-20 07:39:33,096 - root - INFO - Completed generation 119; 1.4s elapsed, 2.0s avg, 2.4e+02s total. Expected time remaining: 1.6e+02s
2020-07-20 07:39:33,146 - root - INFO - #119 MAX:accuracy.mean: 0.94
2020-07-20 07:39:33,188 - root - DEBUG - Sampled weight [0.71267616 0.67468179 0.53329515 0.79886935 0.91746352]
2020-07-20 07:39:34,317 - root - DEBUG - Updating hall of fame
2020-07-20 07:39:34,517 - root - INFO - Completed generation 120; 1.4s elapsed, 2.0s avg, 2.4e+02s total. Expected time remaining: 1.6e+02s
2020-07-20 07:39:34,567 - root - INFO - #120 MAX:accuracy.mean: 0.94
2020-07-20 07:39:34,660 - root - DEBUG - Sampled weight [0.50443523 0.6802353  2.0791492  1.26916219 0.48876702]
2020-07-20 07:39:35,778 - root - DEBUG - Updating hall of fame
2020-07-20 07:39:35,974 - root - INFO - Completed generation 121; 1.4s elapsed, 2.0s avg, 2.4e+02s total. Expected time remaining: 1.6e+02s
2020-07-20 07:39:36,024 - root - INFO - #121 MAX:accuracy.mean: 0.92
2020-07-20 07:39:36,065 - root - DEBUG - Sampled weight [0.60940639 0.393062   2.20694664 1.08761969 1.24131034]
2020-07-20 07:39:37,182 - root - DEBUG - Updating hall of fame
2020-07-20 07:39:37,396 - root - INFO - Completed generation 122; 1.4s elapsed, 2.0s avg, 2.4e+02s total. Expected time remaining: 1.6e+02s
2020-07-20 07:39:37,446 - root - INFO - #122 MAX:accuracy.mean: 0.92
2020-07-20 07:39:37,488 - root - DEBUG - Sampled weight [0.68428514 1.4567433  1.76323098 0.87233057 0.7504108 ]
2020-07-20 07:39:38,611 - root - DEBUG - Updating hall of fame
2020-07-20 07:39:38,806 - root - INFO - Completed generation 123; 1.4s elapsed, 2.0s avg, 2.5e+02s total. Expected time remaining: 1.5e+02s
2020-07-20 07:39:38,856 - root - INFO - #123 MAX:accuracy.mean: 0.95
2020-07-20 07:39:38,898 - root - DEBUG - Sampled weight [0.725586   0.76908561 0.71111871 1.1704614  0.78320419]
2020-07-20 07:39:40,015 - root - DEBUG - Updating hall of fame
2020-07-20 07:39:41,367 - root - INFO - Completed generation 124; 2.5s elapsed, 2.0s avg, 2.5e+02s total. Expected time remaining: 1.5e+02s
2020-07-20 07:39:41,417 - root - INFO - #124 MAX:accuracy.mean: 0.95
2020-07-20 07:39:41,458 - root - DEBUG - Sampled weight [0.49215477 0.62653994 0.79178927 3.30665799 0.89842386]
2020-07-20 07:39:42,569 - root - DEBUG - Updating hall of fame
2020-07-20 07:39:43,368 - root - INFO - Completed generation 125; 2.0s elapsed, 2.0s avg, 2.5e+02s total. Expected time remaining: 1.5e+02s
2020-07-20 07:39:43,419 - root - INFO - #125 MAX:accuracy.mean: 0.93
2020-07-20 07:39:43,461 - root - DEBUG - Sampled weight [0.92118991 0.67923027 0.96333616 0.69113856 0.52183953]
2020-07-20 07:39:44,579 - root - DEBUG - Updating hall of fame
2020-07-20 07:39:45,179 - root - INFO - Completed generation 126; 1.8s elapsed, 2.0s avg, 2.5e+02s total. Expected time remaining: 1.5e+02s
2020-07-20 07:39:45,229 - root - INFO - #126 MAX:accuracy.mean: 0.94
2020-07-20 07:39:45,271 - root - DEBUG - Sampled weight [0.4105886  0.36158996 0.58491994 0.92862522 0.99637229]
2020-07-20 07:39:46,387 - root - DEBUG - Updating hall of fame
2020-07-20 07:39:46,996 - root - INFO - Completed generation 127; 1.8s elapsed, 2.0s avg, 2.5e+02s total. Expected time remaining: 1.5e+02s
2020-07-20 07:39:47,046 - root - INFO - #127 MAX:accuracy.mean: 0.93
2020-07-20 07:39:47,088 - root - DEBUG - Sampled weight [1.15457981 1.06517348 0.42961655 0.81819453 2.70529696]
2020-07-20 07:39:48,210 - root - DEBUG - Updating hall of fame
2020-07-20 07:39:48,840 - root - INFO - Completed generation 128; 1.8s elapsed, 2.0s avg, 2.6e+02s total. Expected time remaining: 1.4e+02s
2020-07-20 07:39:48,889 - root - INFO - #128 MAX:accuracy.mean: 0.93
2020-07-20 07:39:48,931 - root - DEBUG - Sampled weight [0.78918267 1.60334301 2.51334131 0.89573693 0.62676734]
2020-07-20 07:39:50,070 - root - DEBUG - Updating hall of fame
2020-07-20 07:39:50,860 - root - INFO - Completed generation 129; 2.0s elapsed, 2.0s avg, 2.6e+02s total. Expected time remaining: 1.4e+02s
2020-07-20 07:39:50,910 - root - INFO - #129 MAX:accuracy.mean: 0.95
2020-07-20 07:39:50,953 - root - DEBUG - Sampled weight [0.82479571 1.18316965 0.91051265 2.00667794 1.09948529]
2020-07-20 07:39:52,071 - root - DEBUG - Updating hall of fame
2020-07-20 07:39:53,236 - root - INFO - Completed generation 130; 2.3s elapsed, 2.0s avg, 2.6e+02s total. Expected time remaining: 1.4e+02s
2020-07-20 07:39:53,285 - root - INFO - #130 MAX:accuracy.mean: 0.95
2020-07-20 07:39:53,398 - root - DEBUG - Sampled weight [0.82970624 0.6709543  1.58940994 0.87217269 2.32153882]
2020-07-20 07:39:54,524 - root - DEBUG - Updating hall of fame
2020-07-20 07:39:55,506 - root - INFO - Completed generation 131; 2.2s elapsed, 2.0s avg, 2.6e+02s total. Expected time remaining: 1.4e+02s
2020-07-20 07:39:55,556 - root - INFO - #131 MAX:accuracy.mean: 0.95
2020-07-20 07:39:55,597 - root - DEBUG - Sampled weight [0.87989789 0.4227829  0.57304219 1.18341438 0.77347101]
2020-07-20 07:39:56,695 - root - DEBUG - Updating hall of fame
2020-07-20 07:39:57,303 - root - INFO - Completed generation 132; 1.7s elapsed, 2.0s avg, 2.6e+02s total. Expected time remaining: 1.4e+02s
2020-07-20 07:39:57,353 - root - INFO - #132 MAX:accuracy.mean: 0.93
2020-07-20 07:39:57,393 - root - DEBUG - Sampled weight [1.45600659 1.55847325 0.61649526 2.43334618 1.42263017]
2020-07-20 07:39:58,483 - root - DEBUG - Updating hall of fame
2020-07-20 07:39:59,236 - root - INFO - Completed generation 133; 1.9s elapsed, 2.0s avg, 2.7e+02s total. Expected time remaining: 1.3e+02s
2020-07-20 07:39:59,285 - root - INFO - #133 MAX:accuracy.mean: 0.94
2020-07-20 07:39:59,327 - root - DEBUG - Sampled weight [0.66710771 1.36732294 0.60159604 0.934597   0.6186361 ]
2020-07-20 07:40:00,437 - root - DEBUG - Updating hall of fame
2020-07-20 07:40:01,818 - root - INFO - Completed generation 134; 2.5s elapsed, 2.0s avg, 2.7e+02s total. Expected time remaining: 1.3e+02s
2020-07-20 07:40:01,872 - root - INFO - #134 MAX:accuracy.mean: 0.95
2020-07-20 07:40:01,916 - root - DEBUG - Sampled weight [0.55621589 0.81827659 1.93338417 3.44199336 2.12876079]
2020-07-20 07:40:03,016 - root - DEBUG - Updating hall of fame
2020-07-20 07:40:03,595 - root - INFO - Completed generation 135; 1.7s elapsed, 2.0s avg, 2.7e+02s total. Expected time remaining: 1.3e+02s
2020-07-20 07:40:03,645 - root - INFO - #135 MAX:accuracy.mean: 0.94
2020-07-20 07:40:03,687 - root - DEBUG - Sampled weight [2.01771076 0.48017791 0.8512221  1.03784502 0.84612361]
2020-07-20 07:40:04,798 - root - DEBUG - Updating hall of fame
2020-07-20 07:40:05,572 - root - INFO - Completed generation 136; 1.9s elapsed, 2.0s avg, 2.7e+02s total. Expected time remaining: 1.3e+02s
2020-07-20 07:40:05,621 - root - INFO - #136 MAX:accuracy.mean: 0.94
2020-07-20 07:40:05,663 - root - DEBUG - Sampled weight [0.81276717 0.78159457 0.49934302 1.80428871 0.80236462]
2020-07-20 07:40:06,771 - root - DEBUG - Updating hall of fame
2020-07-20 07:40:07,187 - root - INFO - Completed generation 137; 1.6s elapsed, 2.0s avg, 2.7e+02s total. Expected time remaining: 1.3e+02s
2020-07-20 07:40:07,236 - root - INFO - #137 MAX:accuracy.mean: 0.93
2020-07-20 07:40:07,277 - root - DEBUG - Sampled weight [1.41401261 1.14159289 1.30081318 1.02492054 1.51153308]
2020-07-20 07:40:08,372 - root - DEBUG - Updating hall of fame
2020-07-20 07:40:08,768 - root - INFO - Completed generation 138; 1.5s elapsed, 2.0s avg, 2.7e+02s total. Expected time remaining: 1.2e+02s
2020-07-20 07:40:08,818 - root - INFO - #138 MAX:accuracy.mean: 0.95
2020-07-20 07:40:08,859 - root - DEBUG - Sampled weight [0.74139499 0.56836206 0.94803561 0.66334845 0.64482289]
2020-07-20 07:40:09,959 - root - DEBUG - Updating hall of fame
2020-07-20 07:40:10,918 - root - INFO - Completed generation 139; 2.1s elapsed, 2.0s avg, 2.8e+02s total. Expected time remaining: 1.2e+02s
2020-07-20 07:40:10,970 - root - INFO - #139 MAX:accuracy.mean: 0.94
2020-07-20 07:40:11,013 - root - DEBUG - Sampled weight [0.97449028 0.45355673 1.19261669 2.04743804 1.12381559]
2020-07-20 07:40:12,212 - root - DEBUG - Updating hall of fame
2020-07-20 07:40:12,433 - root - INFO - Completed generation 140; 1.5s elapsed, 2.0s avg, 2.8e+02s total. Expected time remaining: 1.2e+02s
2020-07-20 07:40:12,486 - root - INFO - #140 MAX:accuracy.mean: 0.93
2020-07-20 07:40:12,700 - root - DEBUG - Sampled weight [0.95953392 2.87654428 0.95553526 3.1978254  1.78163397]
2020-07-20 07:40:13,886 - root - DEBUG - Updating hall of fame
2020-07-20 07:40:15,247 - root - INFO - Completed generation 141; 2.6s elapsed, 2.0s avg, 2.8e+02s total. Expected time remaining: 1.2e+02s
2020-07-20 07:40:15,297 - root - INFO - #141 MAX:accuracy.mean: 0.93
2020-07-20 07:40:15,339 - root - DEBUG - Sampled weight [0.68136335 1.23545677 0.4316896  1.20895811 0.59080303]
2020-07-20 07:40:16,441 - root - DEBUG - Updating hall of fame
2020-07-20 07:40:17,174 - root - INFO - Completed generation 142; 1.9s elapsed, 2.0s avg, 2.8e+02s total. Expected time remaining: 1.2e+02s
2020-07-20 07:40:17,224 - root - INFO - #142 MAX:accuracy.mean: 0.92
2020-07-20 07:40:17,266 - root - DEBUG - Sampled weight [0.70158543 2.22132289 0.37992415 1.41816819 1.17155732]
2020-07-20 07:40:18,371 - root - DEBUG - Updating hall of fame
2020-07-20 07:40:18,372 - root - INFO - Completed generation 143; 1.1s elapsed, 2.0s avg, 2.8e+02s total. Expected time remaining: 1.1e+02s
2020-07-20 07:40:18,422 - root - INFO - #143 MAX:accuracy.mean: 0.92
2020-07-20 07:40:18,464 - root - DEBUG - Sampled weight [0.65000239 0.79437614 0.42400316 0.96623595 0.77251555]
2020-07-20 07:40:19,554 - root - DEBUG - Updating hall of fame
2020-07-20 07:40:19,920 - root - INFO - Completed generation 144; 1.5s elapsed, 2.0s avg, 2.9e+02s total. Expected time remaining: 1.1e+02s
2020-07-20 07:40:19,969 - root - INFO - #144 MAX:accuracy.mean: 0.92
2020-07-20 07:40:20,011 - root - DEBUG - Sampled weight [0.92427957 1.28614092 1.03847425 4.23590261 0.97440328]
2020-07-20 07:40:21,152 - root - DEBUG - Updating hall of fame
2020-07-20 07:40:21,152 - root - INFO - Completed generation 145; 1.2s elapsed, 2.0s avg, 2.9e+02s total. Expected time remaining: 1.1e+02s
2020-07-20 07:40:21,204 - root - INFO - #145 MAX:accuracy.mean: 0.92
2020-07-20 07:40:21,246 - root - DEBUG - Sampled weight [0.94326099 0.86214446 0.55434398 1.4213436  1.04571507]
2020-07-20 07:40:22,381 - root - DEBUG - Updating hall of fame
2020-07-20 07:40:22,948 - root - INFO - Completed generation 146; 1.7s elapsed, 2.0s avg, 2.9e+02s total. Expected time remaining: 1.1e+02s
2020-07-20 07:40:22,999 - root - INFO - #146 MAX:accuracy.mean: 0.94
2020-07-20 07:40:23,043 - root - DEBUG - Sampled weight [0.48255258 1.18475523 1.40572835 1.12003235 0.82692939]
2020-07-20 07:40:24,152 - root - DEBUG - Updating hall of fame
2020-07-20 07:40:24,353 - root - INFO - Completed generation 147; 1.4s elapsed, 2.0s avg, 2.9e+02s total. Expected time remaining: 1e+02s
2020-07-20 07:40:24,405 - root - INFO - #147 MAX:accuracy.mean: 0.92
2020-07-20 07:40:24,447 - root - DEBUG - Sampled weight [0.39085145 0.97452295 0.70964818 1.6768756  0.8540207 ]
2020-07-20 07:40:25,549 - root - DEBUG - Updating hall of fame
2020-07-20 07:40:25,733 - root - INFO - Completed generation 148; 1.3s elapsed, 2.0s avg, 2.9e+02s total. Expected time remaining: 1e+02s
2020-07-20 07:40:25,783 - root - INFO - #148 MAX:accuracy.mean: 0.92
2020-07-20 07:40:25,823 - root - DEBUG - Sampled weight [0.94225943 0.71950689 0.93878948 1.36911961 0.71444451]
2020-07-20 07:40:26,913 - root - DEBUG - Updating hall of fame
2020-07-20 07:40:26,914 - root - INFO - Completed generation 149; 1.1s elapsed, 2.0s avg, 2.9e+02s total. Expected time remaining: 1e+02s
2020-07-20 07:40:26,963 - root - INFO - #149 MAX:accuracy.mean: 0.93
2020-07-20 07:40:27,006 - root - DEBUG - Sampled weight [0.94355914 0.50352356 0.88771587 0.54182313 0.44648744]
2020-07-20 07:40:28,137 - root - DEBUG - Updating hall of fame
2020-07-20 07:40:28,138 - root - INFO - Completed generation 150; 1.2s elapsed, 2.0s avg, 2.9e+02s total. Expected time remaining: 9.8e+01s
2020-07-20 07:40:28,188 - root - INFO - #150 MAX:accuracy.mean: 0.95
2020-07-20 07:40:28,309 - root - DEBUG - Sampled weight [0.61181641 2.25047344 0.47748297 1.24502958 1.14979891]
2020-07-20 07:40:29,441 - root - DEBUG - Updating hall of fame
2020-07-20 07:40:29,441 - root - INFO - Completed generation 151; 1.2s elapsed, 1.9s avg, 2.9e+02s total. Expected time remaining: 9.6e+01s
2020-07-20 07:40:29,491 - root - INFO - #151 MAX:accuracy.mean: 0.93
2020-07-20 07:40:29,534 - root - DEBUG - Sampled weight [1.21182148 0.74344383 1.15556481 0.6671302  0.55955228]
2020-07-20 07:40:30,658 - root - DEBUG - Updating hall of fame
2020-07-20 07:40:31,043 - root - INFO - Completed generation 152; 1.6s elapsed, 1.9s avg, 3e+02s total. Expected time remaining: 9.3e+01s
2020-07-20 07:40:31,092 - root - INFO - #152 MAX:accuracy.mean: 0.95
2020-07-20 07:40:31,135 - root - DEBUG - Sampled weight [1.30712949 1.0812541  1.64186716 1.22210099 0.89387197]
2020-07-20 07:40:32,265 - root - DEBUG - Updating hall of fame
2020-07-20 07:40:32,868 - root - INFO - Completed generation 153; 1.8s elapsed, 1.9s avg, 3e+02s total. Expected time remaining: 9.1e+01s
2020-07-20 07:40:32,918 - root - INFO - #153 MAX:accuracy.mean: 0.95
2020-07-20 07:40:32,960 - root - DEBUG - Sampled weight [0.68847843 0.47475952 1.44249349 1.24992174 0.57517886]
2020-07-20 07:40:34,082 - root - DEBUG - Updating hall of fame
2020-07-20 07:40:35,053 - root - INFO - Completed generation 154; 2.1s elapsed, 1.9s avg, 3e+02s total. Expected time remaining: 9e+01s
2020-07-20 07:40:35,103 - root - INFO - #154 MAX:accuracy.mean: 0.94
2020-07-20 07:40:35,145 - root - DEBUG - Sampled weight [0.98821578 0.68675881 1.46560279 0.79090269 0.68884236]
2020-07-20 07:40:36,255 - root - DEBUG - Updating hall of fame
2020-07-20 07:40:36,461 - root - INFO - Completed generation 155; 1.4s elapsed, 1.9s avg, 3e+02s total. Expected time remaining: 8.7e+01s
2020-07-20 07:40:36,511 - root - INFO - #155 MAX:accuracy.mean: 0.94
2020-07-20 07:40:36,554 - root - DEBUG - Sampled weight [1.85498595 0.83265632 1.17430999 0.55793023 0.97203348]
2020-07-20 07:40:37,712 - root - DEBUG - Updating hall of fame
2020-07-20 07:40:38,330 - root - INFO - Completed generation 156; 1.8s elapsed, 1.9s avg, 3e+02s total. Expected time remaining: 8.5e+01s
2020-07-20 07:40:38,380 - root - INFO - #156 MAX:accuracy.mean: 0.94
2020-07-20 07:40:38,421 - root - DEBUG - Sampled weight [0.87552196 0.86945402 1.51921392 1.74347006 1.2664814 ]
2020-07-20 07:40:39,586 - root - DEBUG - Updating hall of fame
2020-07-20 07:40:40,638 - root - INFO - Completed generation 157; 2.3s elapsed, 1.9s avg, 3.1e+02s total. Expected time remaining: 8.4e+01s
2020-07-20 07:40:40,689 - root - INFO - #157 MAX:accuracy.mean: 0.95
2020-07-20 07:40:40,733 - root - DEBUG - Sampled weight [0.92200979 0.76362798 0.52850924 1.24238088 1.12366621]
2020-07-20 07:40:41,923 - root - DEBUG - Updating hall of fame
2020-07-20 07:40:42,514 - root - INFO - Completed generation 158; 1.8s elapsed, 1.9s avg, 3.1e+02s total. Expected time remaining: 8.2e+01s
2020-07-20 07:40:42,564 - root - INFO - #158 MAX:accuracy.mean: 0.95
2020-07-20 07:40:42,607 - root - DEBUG - Sampled weight [2.32543996 1.15444674 0.37538852 0.91371502 1.56642147]
2020-07-20 07:40:43,754 - root - DEBUG - Updating hall of fame
2020-07-20 07:40:43,755 - root - INFO - Completed generation 159; 1.2s elapsed, 1.9s avg, 3.1e+02s total. Expected time remaining: 7.9e+01s
2020-07-20 07:40:43,804 - root - INFO - #159 MAX:accuracy.mean: 0.92
2020-07-20 07:40:43,845 - root - DEBUG - Sampled weight [1.15773019 1.40354519 2.3977638  0.73902616 1.23469947]
2020-07-20 07:40:44,941 - root - DEBUG - Updating hall of fame
2020-07-20 07:40:45,691 - root - INFO - Completed generation 160; 1.9s elapsed, 1.9s avg, 3.1e+02s total. Expected time remaining: 7.8e+01s
2020-07-20 07:40:45,741 - root - INFO - #160 MAX:accuracy.mean: 0.96
2020-07-20 07:40:45,852 - root - DEBUG - Sampled weight [1.17459451 1.28474649 0.50717849 0.77552278 0.61297574]
2020-07-20 07:40:46,975 - root - DEBUG - Updating hall of fame
2020-07-20 07:40:47,747 - root - INFO - Completed generation 161; 1.9s elapsed, 1.9s avg, 3.1e+02s total. Expected time remaining: 7.6e+01s
2020-07-20 07:40:47,796 - root - INFO - #161 MAX:accuracy.mean: 0.94
2020-07-20 07:40:47,838 - root - DEBUG - Sampled weight [1.72535235 2.2745773  1.11613059 0.6333233  1.04317995]
2020-07-20 07:40:48,955 - root - DEBUG - Updating hall of fame
2020-07-20 07:40:49,162 - root - INFO - Completed generation 162; 1.4s elapsed, 1.9s avg, 3.1e+02s total. Expected time remaining: 7.4e+01s
2020-07-20 07:40:49,212 - root - INFO - #162 MAX:accuracy.mean: 0.95
2020-07-20 07:40:49,254 - root - DEBUG - Sampled weight [0.58871019 0.38339562 1.59574731 0.9784835  1.3303563 ]
2020-07-20 07:40:50,380 - root - DEBUG - Updating hall of fame
2020-07-20 07:40:51,533 - root - INFO - Completed generation 163; 2.3s elapsed, 1.9s avg, 3.2e+02s total. Expected time remaining: 7.2e+01s
2020-07-20 07:40:51,583 - root - INFO - #163 MAX:accuracy.mean: 0.93
2020-07-20 07:40:51,626 - root - DEBUG - Sampled weight [0.67053119 0.67840449 0.68682184 1.77853549 0.53361382]
2020-07-20 07:40:52,750 - root - DEBUG - Updating hall of fame
2020-07-20 07:40:53,332 - root - INFO - Completed generation 164; 1.7s elapsed, 1.9s avg, 3.2e+02s total. Expected time remaining: 7e+01s
2020-07-20 07:40:53,382 - root - INFO - #164 MAX:accuracy.mean: 0.93
2020-07-20 07:40:53,424 - root - DEBUG - Sampled weight [1.18330172 1.48479489 1.45467737 1.35464294 0.35608928]
2020-07-20 07:40:54,528 - root - DEBUG - Updating hall of fame
2020-07-20 07:40:54,920 - root - INFO - Completed generation 165; 1.5s elapsed, 1.9s avg, 3.2e+02s total. Expected time remaining: 6.8e+01s
2020-07-20 07:40:54,970 - root - INFO - #165 MAX:accuracy.mean: 0.93
2020-07-20 07:40:55,012 - root - DEBUG - Sampled weight [1.57439845 1.16952121 0.95998569 1.06699611 0.83339976]
2020-07-20 07:40:56,160 - root - DEBUG - Updating hall of fame
2020-07-20 07:40:57,326 - root - INFO - Completed generation 166; 2.4s elapsed, 1.9s avg, 3.2e+02s total. Expected time remaining: 6.6e+01s
2020-07-20 07:40:57,376 - root - INFO - #166 MAX:accuracy.mean: 0.96
2020-07-20 07:40:57,418 - root - DEBUG - Sampled weight [1.70642409 0.29033731 0.68479617 1.1425593  0.43143601]
2020-07-20 07:40:58,571 - root - DEBUG - Updating hall of fame
2020-07-20 07:40:59,341 - root - INFO - Completed generation 167; 2.0s elapsed, 1.9s avg, 3.2e+02s total. Expected time remaining: 6.4e+01s
2020-07-20 07:40:59,390 - root - INFO - #167 MAX:accuracy.mean: 0.93
2020-07-20 07:40:59,433 - root - DEBUG - Sampled weight [1.35489749 1.2974964  1.10503272 0.39950192 0.59939801]
2020-07-20 07:41:00,567 - root - DEBUG - Updating hall of fame
2020-07-20 07:41:00,780 - root - INFO - Completed generation 168; 1.4s elapsed, 1.9s avg, 3.2e+02s total. Expected time remaining: 6.2e+01s
2020-07-20 07:41:00,832 - root - INFO - #168 MAX:accuracy.mean: 0.93
2020-07-20 07:41:00,875 - root - DEBUG - Sampled weight [0.53072752 1.54642812 1.03571876 1.09972452 0.71762009]
2020-07-20 07:41:02,041 - root - DEBUG - Updating hall of fame
2020-07-20 07:41:02,041 - root - INFO - Completed generation 169; 1.2s elapsed, 1.9s avg, 3.3e+02s total. Expected time remaining: 6e+01s
2020-07-20 07:41:02,092 - root - INFO - #169 MAX:accuracy.mean: 0.94
2020-07-20 07:41:02,135 - root - DEBUG - Sampled weight [1.0394846  1.07778452 1.41207782 0.54242863 0.64788723]
2020-07-20 07:41:03,261 - root - DEBUG - Updating hall of fame
2020-07-20 07:41:03,669 - root - INFO - Completed generation 170; 1.6s elapsed, 1.9s avg, 3.3e+02s total. Expected time remaining: 5.8e+01s
2020-07-20 07:41:03,719 - root - INFO - #170 MAX:accuracy.mean: 0.95
2020-07-20 07:41:03,852 - root - DEBUG - Sampled weight [0.72534232 1.9257016  0.47469071 0.9661486  0.63008574]
2020-07-20 07:41:04,993 - root - DEBUG - Updating hall of fame
2020-07-20 07:41:05,199 - root - INFO - Completed generation 171; 1.4s elapsed, 1.9s avg, 3.3e+02s total. Expected time remaining: 5.6e+01s
2020-07-20 07:41:05,249 - root - INFO - #171 MAX:accuracy.mean: 0.93
2020-07-20 07:41:05,291 - root - DEBUG - Sampled weight [1.82851113 0.61776384 0.97709499 0.43876731 1.27408628]
2020-07-20 07:41:06,415 - root - DEBUG - Updating hall of fame
2020-07-20 07:41:06,416 - root - INFO - Completed generation 172; 1.2s elapsed, 1.9s avg, 3.3e+02s total. Expected time remaining: 5.4e+01s
2020-07-20 07:41:06,465 - root - INFO - #172 MAX:accuracy.mean: 0.92
2020-07-20 07:41:06,508 - root - DEBUG - Sampled weight [1.28646099 1.71467199 0.79413406 1.28311609 1.21565022]
2020-07-20 07:41:07,659 - root - DEBUG - Updating hall of fame
2020-07-20 07:41:08,071 - root - INFO - Completed generation 173; 1.6s elapsed, 1.9s avg, 3.3e+02s total. Expected time remaining: 5.2e+01s
2020-07-20 07:41:08,120 - root - INFO - #173 MAX:accuracy.mean: 0.96
2020-07-20 07:41:08,163 - root - DEBUG - Sampled weight [0.75274127 1.14100703 2.1256617  1.12813837 0.53988096]
2020-07-20 07:41:09,336 - root - DEBUG - Updating hall of fame
2020-07-20 07:41:10,323 - root - INFO - Completed generation 174; 2.2s elapsed, 1.9s avg, 3.3e+02s total. Expected time remaining: 5e+01s
2020-07-20 07:41:10,373 - root - INFO - #174 MAX:accuracy.mean: 0.93
2020-07-20 07:41:10,416 - root - DEBUG - Sampled weight [0.74715442 0.90540664 1.24359173 0.39412508 1.03833067]
2020-07-20 07:41:11,579 - root - DEBUG - Updating hall of fame
2020-07-20 07:41:12,162 - root - INFO - Completed generation 175; 1.8s elapsed, 1.9s avg, 3.4e+02s total. Expected time remaining: 4.8e+01s
2020-07-20 07:41:12,211 - root - INFO - #175 MAX:accuracy.mean: 0.93
2020-07-20 07:41:12,254 - root - DEBUG - Sampled weight [1.55562485 0.5273102  0.46633545 0.8930807  2.16639261]
2020-07-20 07:41:13,411 - root - DEBUG - Updating hall of fame
2020-07-20 07:41:13,628 - root - INFO - Completed generation 176; 1.4s elapsed, 1.9s avg, 3.4e+02s total. Expected time remaining: 4.6e+01s
2020-07-20 07:41:13,678 - root - INFO - #176 MAX:accuracy.mean: 0.93
2020-07-20 07:41:13,721 - root - DEBUG - Sampled weight [0.33626852 0.50696579 0.78460151 0.70453786 1.51671854]
2020-07-20 07:41:14,888 - root - DEBUG - Updating hall of fame
2020-07-20 07:41:15,083 - root - INFO - Completed generation 177; 1.4s elapsed, 1.9s avg, 3.4e+02s total. Expected time remaining: 4.4e+01s
2020-07-20 07:41:15,132 - root - INFO - #177 MAX:accuracy.mean: 0.93
2020-07-20 07:41:15,176 - root - DEBUG - Sampled weight [0.45332339 0.96136926 0.97495449 1.60880302 1.20894845]
2020-07-20 07:41:16,344 - root - DEBUG - Updating hall of fame
2020-07-20 07:41:16,538 - root - INFO - Completed generation 178; 1.4s elapsed, 1.9s avg, 3.4e+02s total. Expected time remaining: 4.2e+01s
2020-07-20 07:41:16,587 - root - INFO - #178 MAX:accuracy.mean: 0.93
2020-07-20 07:41:16,631 - root - DEBUG - Sampled weight [0.52548018 0.4426826  1.54677548 1.85907001 0.70565623]
2020-07-20 07:41:17,810 - root - DEBUG - Updating hall of fame
2020-07-20 07:41:18,427 - root - INFO - Completed generation 179; 1.8s elapsed, 1.9s avg, 3.4e+02s total. Expected time remaining: 4e+01s
2020-07-20 07:41:18,477 - root - INFO - #179 MAX:accuracy.mean: 0.94
2020-07-20 07:41:18,519 - root - DEBUG - Sampled weight [1.19811429 0.96223311 1.5858699  0.55600366 1.73738297]
2020-07-20 07:41:19,681 - root - DEBUG - Updating hall of fame
2020-07-20 07:41:20,323 - root - INFO - Completed generation 180; 1.8s elapsed, 1.9s avg, 3.4e+02s total. Expected time remaining: 3.8e+01s
2020-07-20 07:41:20,373 - root - INFO - #180 MAX:accuracy.mean: 0.95
2020-07-20 07:41:20,590 - root - DEBUG - Sampled weight [1.28721776 1.07249473 0.82455234 1.55634524 0.98226818]
2020-07-20 07:41:21,739 - root - DEBUG - Updating hall of fame
2020-07-20 07:41:22,739 - root - INFO - Completed generation 181; 2.2s elapsed, 1.9s avg, 3.5e+02s total. Expected time remaining: 3.6e+01s
2020-07-20 07:41:22,789 - root - INFO - #181 MAX:accuracy.mean: 0.96
2020-07-20 07:41:22,832 - root - DEBUG - Sampled weight [0.64357224 0.50466549 0.74839951 1.78452989 1.02489633]
2020-07-20 07:41:23,997 - root - DEBUG - Updating hall of fame
2020-07-20 07:41:25,031 - root - INFO - Completed generation 182; 2.2s elapsed, 1.9s avg, 3.5e+02s total. Expected time remaining: 3.4e+01s
2020-07-20 07:41:25,081 - root - INFO - #182 MAX:accuracy.mean: 0.94
2020-07-20 07:41:25,124 - root - DEBUG - Sampled weight [0.75591344 0.38061707 0.91145319 0.57681237 0.66469504]
2020-07-20 07:41:26,302 - root - DEBUG - Updating hall of fame
2020-07-20 07:41:26,728 - root - INFO - Completed generation 183; 1.6s elapsed, 1.9s avg, 3.5e+02s total. Expected time remaining: 3.2e+01s
2020-07-20 07:41:26,778 - root - INFO - #183 MAX:accuracy.mean: 0.93
2020-07-20 07:41:26,819 - root - DEBUG - Sampled weight [0.77774251 0.49937851 1.21961052 0.9398354  0.69330036]
2020-07-20 07:41:27,969 - root - DEBUG - Updating hall of fame
2020-07-20 07:41:28,763 - root - INFO - Completed generation 184; 2.0s elapsed, 1.9s avg, 3.5e+02s total. Expected time remaining: 3.1e+01s
2020-07-20 07:41:28,818 - root - INFO - #184 MAX:accuracy.mean: 0.94
2020-07-20 07:41:28,860 - root - DEBUG - Sampled weight [0.57496413 0.43417516 1.0276189  0.69061815 1.28241893]
2020-07-20 07:41:30,026 - root - DEBUG - Updating hall of fame
2020-07-20 07:41:30,606 - root - INFO - Completed generation 185; 1.8s elapsed, 1.9s avg, 3.5e+02s total. Expected time remaining: 2.9e+01s
2020-07-20 07:41:30,656 - root - INFO - #185 MAX:accuracy.mean: 0.93
2020-07-20 07:41:30,700 - root - DEBUG - Sampled weight [0.55743263 1.11207598 0.52865565 0.95107627 0.56430324]
2020-07-20 07:41:31,870 - root - DEBUG - Updating hall of fame
2020-07-20 07:41:32,273 - root - INFO - Completed generation 186; 1.6s elapsed, 1.9s avg, 3.6e+02s total. Expected time remaining: 2.7e+01s
2020-07-20 07:41:32,323 - root - INFO - #186 MAX:accuracy.mean: 0.94
2020-07-20 07:41:32,366 - root - DEBUG - Sampled weight [1.8019966  2.28182685 1.0081442  1.26794204 1.44972764]
2020-07-20 07:41:33,519 - root - DEBUG - Updating hall of fame
2020-07-20 07:41:33,897 - root - INFO - Completed generation 187; 1.6s elapsed, 1.9s avg, 3.6e+02s total. Expected time remaining: 2.5e+01s
2020-07-20 07:41:33,946 - root - INFO - #187 MAX:accuracy.mean: 0.96
2020-07-20 07:41:33,988 - root - DEBUG - Sampled weight [0.75341897 1.63288947 1.10251845 0.67184595 0.97785212]
2020-07-20 07:41:35,132 - root - DEBUG - Updating hall of fame
2020-07-20 07:41:36,503 - root - INFO - Completed generation 188; 2.6s elapsed, 1.9s avg, 3.6e+02s total. Expected time remaining: 2.3e+01s
2020-07-20 07:41:36,553 - root - INFO - #188 MAX:accuracy.mean: 0.96
2020-07-20 07:41:36,595 - root - DEBUG - Sampled weight [1.19553138 1.36467669 3.56172553 0.61192168 0.52727719]
2020-07-20 07:41:37,727 - root - DEBUG - Updating hall of fame
2020-07-20 07:41:37,944 - root - INFO - Completed generation 189; 1.4s elapsed, 1.9s avg, 3.6e+02s total. Expected time remaining: 2.1e+01s
2020-07-20 07:41:37,994 - root - INFO - #189 MAX:accuracy.mean: 0.94
2020-07-20 07:41:38,036 - root - DEBUG - Sampled weight [1.38227266 1.03995218 1.04040445 0.47760395 1.40819574]
2020-07-20 07:41:39,174 - root - DEBUG - Updating hall of fame
2020-07-20 07:41:39,566 - root - INFO - Completed generation 190; 1.6s elapsed, 1.9s avg, 3.6e+02s total. Expected time remaining: 1.9e+01s
2020-07-20 07:41:39,616 - root - INFO - #190 MAX:accuracy.mean: 0.94
2020-07-20 07:41:39,734 - root - DEBUG - Sampled weight [1.53652932 1.04674137 0.51317371 0.42542544 0.97903942]
2020-07-20 07:41:40,871 - root - DEBUG - Updating hall of fame
2020-07-20 07:41:41,693 - root - INFO - Completed generation 191; 2.0s elapsed, 1.9s avg, 3.6e+02s total. Expected time remaining: 1.7e+01s
2020-07-20 07:41:41,743 - root - INFO - #191 MAX:accuracy.mean: 0.94
2020-07-20 07:41:41,786 - root - DEBUG - Sampled weight [1.31814443 0.98615344 0.93664301 0.70931316 0.91541151]
2020-07-20 07:41:42,922 - root - DEBUG - Updating hall of fame
2020-07-20 07:41:43,312 - root - INFO - Completed generation 192; 1.6s elapsed, 1.9s avg, 3.7e+02s total. Expected time remaining: 1.5e+01s
2020-07-20 07:41:43,363 - root - INFO - #192 MAX:accuracy.mean: 0.94
2020-07-20 07:41:43,406 - root - DEBUG - Sampled weight [0.89565797 1.12893025 0.72860721 1.10078536 0.86034104]
2020-07-20 07:41:44,577 - root - DEBUG - Updating hall of fame
2020-07-20 07:41:44,988 - root - INFO - Completed generation 193; 1.6s elapsed, 1.9s avg, 3.7e+02s total. Expected time remaining: 1.3e+01s
2020-07-20 07:41:45,038 - root - INFO - #193 MAX:accuracy.mean: 0.96
2020-07-20 07:41:45,079 - root - DEBUG - Sampled weight [0.38403709 2.63453334 1.08855195 0.69381561 1.48244866]
2020-07-20 07:41:46,239 - root - DEBUG - Updating hall of fame
2020-07-20 07:41:46,446 - root - INFO - Completed generation 194; 1.4s elapsed, 1.9s avg, 3.7e+02s total. Expected time remaining: 1.1e+01s
2020-07-20 07:41:46,495 - root - INFO - #194 MAX:accuracy.mean: 0.94
2020-07-20 07:41:46,538 - root - DEBUG - Sampled weight [0.78468442 1.58780322 1.04384184 1.88059428 0.79299479]
2020-07-20 07:41:47,693 - root - DEBUG - Updating hall of fame
2020-07-20 07:41:48,251 - root - INFO - Completed generation 195; 1.8s elapsed, 1.9s avg, 3.7e+02s total. Expected time remaining: 9.5s
2020-07-20 07:41:48,301 - root - INFO - #195 MAX:accuracy.mean: 0.95
2020-07-20 07:41:48,343 - root - DEBUG - Sampled weight [0.93638258 0.3813893  0.55409254 0.9703674  0.97847277]
2020-07-20 07:41:49,490 - root - DEBUG - Updating hall of fame
2020-07-20 07:41:50,674 - root - INFO - Completed generation 196; 2.4s elapsed, 1.9s avg, 3.7e+02s total. Expected time remaining: 7.6s
2020-07-20 07:41:50,724 - root - INFO - #196 MAX:accuracy.mean: 0.92
2020-07-20 07:41:50,767 - root - DEBUG - Sampled weight [1.84220598 1.66857651 3.02349548 1.20078719 0.96496247]
2020-07-20 07:41:51,890 - root - DEBUG - Updating hall of fame
2020-07-20 07:41:51,890 - root - INFO - Completed generation 197; 1.2s elapsed, 1.9s avg, 3.7e+02s total. Expected time remaining: 5.7s
2020-07-20 07:41:51,940 - root - INFO - #197 MAX:accuracy.mean: 0.95
2020-07-20 07:41:51,980 - root - DEBUG - Sampled weight [0.41263098 0.34352697 2.05432563 1.91875727 1.30617752]
2020-07-20 07:41:53,116 - root - DEBUG - Updating hall of fame
2020-07-20 07:41:54,289 - root - INFO - Completed generation 198; 2.3s elapsed, 1.9s avg, 3.8e+02s total. Expected time remaining: 3.8s
2020-07-20 07:41:54,338 - root - INFO - #198 MAX:accuracy.mean: 0.94
2020-07-20 07:41:54,380 - root - DEBUG - Sampled weight [0.98520178 3.96455148 1.12912879 1.19344435 0.55771984]
2020-07-20 07:41:55,507 - root - DEBUG - Updating hall of fame
2020-07-20 07:41:56,132 - root - INFO - Completed generation 199; 1.8s elapsed, 1.9s avg, 3.8e+02s total. Expected time remaining: 1.9s
2020-07-20 07:41:56,181 - root - INFO - #199 MAX:accuracy.mean: 0.93
2020-07-20 07:41:56,223 - root - DEBUG - Sampled weight [0.42015555 1.95531503 0.61650099 1.02663922 0.6369066 ]
2020-07-20 07:41:57,352 - root - DEBUG - Updating hall of fame
2020-07-20 07:41:57,938 - root - INFO - Completed generation 200; 1.8s elapsed, 1.9s avg, 3.8e+02s total. Expected time remaining: 0.0s
2020-07-20 07:41:57,988 - root - INFO - #200 MAX:accuracy.mean: 0.93
2020-07-20 07:41:58,155 - root - DEBUG - Loaded 150 samples.
2020-07-20 07:41:58,161 - root - INFO - Evaluating indivs in hall of fame.
2020-07-20 07:42:00,174 - root - INFO - Completed excution.
