2020-07-19 22:51:52,777 - root - INFO - Package version 0.1.1
2020-07-19 22:51:52,777 - root - INFO - Saving data at /vol/fob-vol1/mi15/plonerma/Lab/rewann/data/2020-07-19_Iris [0, 2, 4, 5, 7, 9]; uniform -2,2; signed: True_000.
2020-07-19 22:51:52,777 - root - DEBUG - Loading training dataset
2020-07-19 22:51:52,839 - root - DEBUG - Loaded 150 samples.
2020-07-19 22:51:52,840 - root - DEBUG - Running experiments with the following parameters:
debug = true
experiment_name = "Iris [0, 2, 4, 5, 7, 9]; uniform -2,2; signed: True"
experiment_path = "data/2020-07-19_Iris [0, 2, 4, 5, 7, 9]; uniform -2,2; signed: True_000"

[config]
num_workers = 1
debug = true
backend = "numpy"

[postopt]
run_postopt = true
compile_report = false
num_weights = 100
num_samples = -1

[sampling]
seed = 0
post_init_seed = false
distribution = "uniform"
lower_bound = -2
upper_bound = 2
mean = 0
sigma = 1
num_weights_per_iteration = 5
num_samples_per_iteration = -1
hof_evaluation_iterations = 20

[task]
name = "iris"
sample_order_seed = 0
test_portion = 0.2
sample_length = 10
num_categories = 8

[storage]
data_base_path = "data"
log_filename = "execution.log"
commit_elite_freq = -1
commit_metrics_freq = 10

[population]
num_generations = 200
size = 100
initial_enabled_edge_prob = 0.05
initial_genes = "full"
hof_size = 10
enable_edge_signs = true
enabled_activation_funcs = [ 0, 2, 4, 5, 7, 9,]

[selection]
use_tournaments = true
elite_ratio = 0.1
culling_ratio = 0.2
tournament_size = 5
objectives = [ "-log_loss.min", "-log_loss.mean", "-n_hidden",]
recorded_metrics = [ "accuracy", "kappa", "log_loss",]
hof_metric = "accuracy.mean"

[mutation.new_edge]
probability = 0.2
strategy = "layer_agnostic"
propability = 0.2

[mutation.new_node]
probability = 0.25
propability = 0.3

[mutation.reenable_edge]
probability = 0.05
propability = 0.1

[mutation.change_activation]
probability = 0.5
propability = 0.4

[mutation.change_edge_sign]
probability = 0.2

[mutation.new_recurrent_edge]
probability = 0.2
strategy = "any"

2020-07-19 22:51:52,847 - root - INFO - Starting evolutionary algorithm
2020-07-19 22:51:52,869 - root - DEBUG - Sampled weight [ 1.97960763  0.98266634  0.5447582  -1.68770058 -0.7071392 ]
2020-07-19 22:51:53,919 - root - DEBUG - Updating hall of fame
2020-07-19 22:51:55,816 - root - INFO - Completed generation 1; 3.0s elapsed, 3.0s avg, 3.0s total. Expected time remaining: 5.9e+02s
2020-07-19 22:51:55,870 - root - INFO - #1 MAX:accuracy.mean: 0.45
2020-07-19 22:51:55,911 - root - DEBUG - Sampled weight [ 1.09359416 -0.67451364 -1.07234383 -0.48923672 -1.18765132]
2020-07-19 22:51:56,949 - root - DEBUG - Updating hall of fame
2020-07-19 22:51:58,774 - root - INFO - Completed generation 2; 2.9s elapsed, 2.9s avg, 5.9s total. Expected time remaining: 5.8e+02s
2020-07-19 22:51:58,826 - root - INFO - #2 MAX:accuracy.mean: 0.4
2020-07-19 22:51:58,867 - root - DEBUG - Sampled weight [ 1.22860251 -1.04510533 -1.79564092 -0.89268884 -1.29438638]
2020-07-19 22:51:59,910 - root - DEBUG - Updating hall of fame
2020-07-19 22:52:01,762 - root - INFO - Completed generation 3; 2.9s elapsed, 2.9s avg, 8.8s total. Expected time remaining: 5.8e+02s
2020-07-19 22:52:01,819 - root - INFO - #3 MAX:accuracy.mean: 0.65
2020-07-19 22:52:01,863 - root - DEBUG - Sampled weight [ 1.70707716 -1.04793943 -0.11031495  1.63045823  0.83313256]
2020-07-19 22:52:02,922 - root - DEBUG - Updating hall of fame
2020-07-19 22:52:04,418 - root - INFO - Completed generation 4; 2.6s elapsed, 2.9s avg, 1.1e+01s total. Expected time remaining: 5.6e+02s
2020-07-19 22:52:04,471 - root - INFO - #4 MAX:accuracy.mean: 0.6
2020-07-19 22:52:04,512 - root - DEBUG - Sampled weight [-0.8494065  -1.81734713  0.33213516  1.37060602  1.08125061]
2020-07-19 22:52:05,557 - root - DEBUG - Updating hall of fame
2020-07-19 22:52:07,393 - root - INFO - Completed generation 5; 2.9s elapsed, 2.9s avg, 1.4e+01s total. Expected time remaining: 5.6e+02s
2020-07-19 22:52:07,446 - root - INFO - #5 MAX:accuracy.mean: 0.6
2020-07-19 22:52:07,486 - root - DEBUG - Sampled weight [-1.53963438  0.84056768 -1.56136218 -1.29280899 -0.08533484]
2020-07-19 22:52:08,534 - root - DEBUG - Updating hall of fame
2020-07-19 22:52:09,806 - root - INFO - Completed generation 6; 2.4s elapsed, 2.8s avg, 1.7e+01s total. Expected time remaining: 5.4e+02s
2020-07-19 22:52:09,859 - root - INFO - #6 MAX:accuracy.mean: 0.6
2020-07-19 22:52:09,900 - root - DEBUG - Sampled weight [-1.22182258  1.15994535  0.29956662  0.71007582  1.56637776]
2020-07-19 22:52:10,948 - root - DEBUG - Updating hall of fame
2020-07-19 22:52:12,216 - root - INFO - Completed generation 7; 2.4s elapsed, 2.7s avg, 1.9e+01s total. Expected time remaining: 5.3e+02s
2020-07-19 22:52:12,269 - root - INFO - #7 MAX:accuracy.mean: 0.6
2020-07-19 22:52:12,309 - root - DEBUG - Sampled weight [-1.5573426  -1.97615988 -1.65039223 -0.75599855 -0.75560063]
2020-07-19 22:52:13,357 - root - DEBUG - Updating hall of fame
2020-07-19 22:52:15,190 - root - INFO - Completed generation 8; 2.9s elapsed, 2.7s avg, 2.2e+01s total. Expected time remaining: 5.3e+02s
2020-07-19 22:52:15,244 - root - INFO - #8 MAX:accuracy.mean: 0.67
2020-07-19 22:52:15,284 - root - DEBUG - Sampled weight [-0.92762101 -0.65386723 -1.18366965 -0.05255059 -1.6456676 ]
2020-07-19 22:52:16,337 - root - DEBUG - Updating hall of fame
2020-07-19 22:52:17,856 - root - INFO - Completed generation 9; 2.6s elapsed, 2.7s avg, 2.5e+01s total. Expected time remaining: 5.2e+02s
2020-07-19 22:52:17,909 - root - INFO - #9 MAX:accuracy.mean: 0.64
2020-07-19 22:52:17,950 - root - DEBUG - Sampled weight [-1.82432908  0.57348221 -0.50106426  1.54615704 -0.97527752]
2020-07-19 22:52:18,999 - root - DEBUG - Updating hall of fame
2020-07-19 22:52:20,701 - root - INFO - Completed generation 10; 2.8s elapsed, 2.7s avg, 2.7e+01s total. Expected time remaining: 5.2e+02s
2020-07-19 22:52:20,754 - root - INFO - #10 MAX:accuracy.mean: 0.63
2020-07-19 22:52:20,835 - root - DEBUG - Sampled weight [ 0.42568676 -1.08456882 -0.58395275 -0.6810341  -0.01184751]
2020-07-19 22:52:21,887 - root - DEBUG - Updating hall of fame
2020-07-19 22:52:23,168 - root - INFO - Completed generation 11; 2.4s elapsed, 2.7s avg, 3e+01s total. Expected time remaining: 5.1e+02s
2020-07-19 22:52:23,222 - root - INFO - #11 MAX:accuracy.mean: 0.65
2020-07-19 22:52:23,263 - root - DEBUG - Sampled weight [-1.96080302 -0.03226563  1.91014183  1.80669282 -0.12375995]
2020-07-19 22:52:24,321 - root - DEBUG - Updating hall of fame
2020-07-19 22:52:26,168 - root - INFO - Completed generation 12; 2.9s elapsed, 2.7s avg, 3.3e+01s total. Expected time remaining: 5.1e+02s
2020-07-19 22:52:26,222 - root - INFO - #12 MAX:accuracy.mean: 0.63
2020-07-19 22:52:26,262 - root - DEBUG - Sampled weight [ 0.45251955 -1.57072435  1.70866248 -1.52240265 -1.34862759]
2020-07-19 22:52:27,318 - root - DEBUG - Updating hall of fame
2020-07-19 22:52:28,253 - root - INFO - Completed generation 13; 2.0s elapsed, 2.7s avg, 3.5e+01s total. Expected time remaining: 5e+02s
2020-07-19 22:52:28,305 - root - INFO - #13 MAX:accuracy.mean: 0.69
2020-07-19 22:52:28,347 - root - DEBUG - Sampled weight [ 0.35546971  0.4532761  -1.85802636 -1.12634929 -0.82700374]
2020-07-19 22:52:29,401 - root - DEBUG - Updating hall of fame
2020-07-19 22:52:30,701 - root - INFO - Completed generation 14; 2.4s elapsed, 2.7s avg, 3.7e+01s total. Expected time remaining: 4.9e+02s
2020-07-19 22:52:30,754 - root - INFO - #14 MAX:accuracy.mean: 0.73
2020-07-19 22:52:30,795 - root - DEBUG - Sampled weight [-0.85983582  0.47534433 -0.32765615  0.87213292 -1.05514915]
2020-07-19 22:52:31,850 - root - DEBUG - Updating hall of fame
2020-07-19 22:52:33,145 - root - INFO - Completed generation 15; 2.4s elapsed, 2.6s avg, 4e+01s total. Expected time remaining: 4.9e+02s
2020-07-19 22:52:33,197 - root - INFO - #15 MAX:accuracy.mean: 0.68
2020-07-19 22:52:33,237 - root - DEBUG - Sampled weight [ 1.7691999  -1.14639265 -0.80683888 -0.52702916  1.69759311]
2020-07-19 22:52:34,297 - root - DEBUG - Updating hall of fame
2020-07-19 22:52:35,397 - root - INFO - Completed generation 16; 2.2s elapsed, 2.6s avg, 4.2e+01s total. Expected time remaining: 4.8e+02s
2020-07-19 22:52:35,450 - root - INFO - #16 MAX:accuracy.mean: 0.65
2020-07-19 22:52:35,492 - root - DEBUG - Sampled weight [-1.79073358  0.45030804  0.17258853 -0.2351244  -0.42880763]
2020-07-19 22:52:36,550 - root - DEBUG - Updating hall of fame
2020-07-19 22:52:37,110 - root - INFO - Completed generation 17; 1.7s elapsed, 2.6s avg, 4.3e+01s total. Expected time remaining: 4.7e+02s
2020-07-19 22:52:37,163 - root - INFO - #17 MAX:accuracy.mean: 0.6
2020-07-19 22:52:37,204 - root - DEBUG - Sampled weight [ 1.88251636  1.91081672 -0.57682458 -1.54839656 -0.17943922]
2020-07-19 22:52:38,258 - root - DEBUG - Updating hall of fame
2020-07-19 22:52:39,170 - root - INFO - Completed generation 18; 2.0s elapsed, 2.5s avg, 4.5e+01s total. Expected time remaining: 4.6e+02s
2020-07-19 22:52:39,223 - root - INFO - #18 MAX:accuracy.mean: 0.54
2020-07-19 22:52:39,263 - root - DEBUG - Sampled weight [ 1.32447137 -0.83485111  0.02372161  0.81089799 -1.08852691]
2020-07-19 22:52:40,314 - root - DEBUG - Updating hall of fame
2020-07-19 22:52:40,500 - root - INFO - Completed generation 19; 1.3s elapsed, 2.5s avg, 4.7e+01s total. Expected time remaining: 4.4e+02s
2020-07-19 22:52:40,553 - root - INFO - #19 MAX:accuracy.mean: 0.64
2020-07-19 22:52:40,593 - root - DEBUG - Sampled weight [-1.26548413 -0.37753615  0.04816963  1.55718524  0.08428102]
2020-07-19 22:52:41,646 - root - DEBUG - Updating hall of fame
2020-07-19 22:52:43,113 - root - INFO - Completed generation 20; 2.6s elapsed, 2.5s avg, 4.9e+01s total. Expected time remaining: 4.4e+02s
2020-07-19 22:52:43,166 - root - INFO - #20 MAX:accuracy.mean: 0.56
2020-07-19 22:52:43,247 - root - DEBUG - Sampled weight [-0.45191076  0.26081438 -0.00335705 -0.47123456 -1.82566014]
2020-07-19 22:52:44,310 - root - DEBUG - Updating hall of fame
2020-07-19 22:52:44,310 - root - INFO - Completed generation 21; 1.1s elapsed, 2.4s avg, 5e+01s total. Expected time remaining: 4.3e+02s
2020-07-19 22:52:44,364 - root - INFO - #21 MAX:accuracy.mean: 0.57
2020-07-19 22:52:44,405 - root - DEBUG - Sampled weight [-1.82309613 -0.36572124 -1.09353339 -0.52876026  1.8876413 ]
2020-07-19 22:52:45,471 - root - DEBUG - Updating hall of fame
2020-07-19 22:52:46,202 - root - INFO - Completed generation 22; 1.8s elapsed, 2.4s avg, 5.2e+01s total. Expected time remaining: 4.2e+02s
2020-07-19 22:52:46,255 - root - INFO - #22 MAX:accuracy.mean: 0.6
2020-07-19 22:52:46,295 - root - DEBUG - Sampled weight [ 0.86091375  0.42343338  0.43973323  1.61013135 -0.7543063 ]
2020-07-19 22:52:47,358 - root - DEBUG - Updating hall of fame
2020-07-19 22:52:48,090 - root - INFO - Completed generation 23; 1.8s elapsed, 2.3s avg, 5.4e+01s total. Expected time remaining: 4.2e+02s
2020-07-19 22:52:48,144 - root - INFO - #23 MAX:accuracy.mean: 0.75
2020-07-19 22:52:48,185 - root - DEBUG - Sampled weight [ 0.8841323   0.78139381  0.52139995 -0.85347076  1.99403211]
2020-07-19 22:52:49,255 - root - DEBUG - Updating hall of fame
2020-07-19 22:52:50,360 - root - INFO - Completed generation 24; 2.2s elapsed, 2.3s avg, 5.6e+01s total. Expected time remaining: 4.1e+02s
2020-07-19 22:52:50,414 - root - INFO - #24 MAX:accuracy.mean: 0.73
2020-07-19 22:52:50,454 - root - DEBUG - Sampled weight [-0.89118652 -1.61155551 -0.1213709   0.98123345  0.70141116]
2020-07-19 22:52:51,517 - root - DEBUG - Updating hall of fame
2020-07-19 22:52:52,075 - root - INFO - Completed generation 25; 1.7s elapsed, 2.3s avg, 5.8e+01s total. Expected time remaining: 4.1e+02s
2020-07-19 22:52:52,128 - root - INFO - #25 MAX:accuracy.mean: 0.67
2020-07-19 22:52:52,168 - root - DEBUG - Sampled weight [-0.78307818  0.75728545  1.84143759 -1.07260014 -0.1037523 ]
2020-07-19 22:52:53,240 - root - DEBUG - Updating hall of fame
2020-07-19 22:52:53,987 - root - INFO - Completed generation 26; 1.9s elapsed, 2.3s avg, 6e+01s total. Expected time remaining: 4e+02s
2020-07-19 22:52:54,040 - root - INFO - #26 MAX:accuracy.mean: 0.7
2020-07-19 22:52:54,081 - root - DEBUG - Sampled weight [ 1.41604689  1.79178415 -0.64168892 -1.41191147  1.40929679]
2020-07-19 22:52:55,153 - root - DEBUG - Updating hall of fame
2020-07-19 22:52:56,273 - root - INFO - Completed generation 27; 2.2s elapsed, 2.3s avg, 6.2e+01s total. Expected time remaining: 4e+02s
2020-07-19 22:52:56,326 - root - INFO - #27 MAX:accuracy.mean: 0.67
2020-07-19 22:52:56,366 - root - DEBUG - Sampled weight [ 1.03938554  0.72981253 -1.11894766 -1.12698862  0.39779638]
2020-07-19 22:52:57,437 - root - DEBUG - Updating hall of fame
2020-07-19 22:52:58,003 - root - INFO - Completed generation 28; 1.7s elapsed, 2.3s avg, 6.4e+01s total. Expected time remaining: 3.9e+02s
2020-07-19 22:52:58,055 - root - INFO - #28 MAX:accuracy.mean: 0.69
2020-07-19 22:52:58,096 - root - DEBUG - Sampled weight [ 1.1232643   1.84995325 -1.96792755  0.76759595  1.94936123]
2020-07-19 22:52:59,165 - root - DEBUG - Updating hall of fame
2020-07-19 22:53:00,270 - root - INFO - Completed generation 29; 2.2s elapsed, 2.3s avg, 6.6e+01s total. Expected time remaining: 3.9e+02s
2020-07-19 22:53:00,324 - root - INFO - #29 MAX:accuracy.mean: 0.67
2020-07-19 22:53:00,365 - root - DEBUG - Sampled weight [-1.30001229  1.39471672 -0.48866737  0.92169851  0.86220459]
2020-07-19 22:53:01,432 - root - DEBUG - Updating hall of fame
2020-07-19 22:53:02,382 - root - INFO - Completed generation 30; 2.1s elapsed, 2.3s avg, 6.8e+01s total. Expected time remaining: 3.8e+02s
2020-07-19 22:53:02,439 - root - INFO - #30 MAX:accuracy.mean: 0.7
2020-07-19 22:53:02,529 - root - DEBUG - Sampled weight [-1.64311737 -0.95039309  0.50546572  1.25441602  1.81360132]
2020-07-19 22:53:03,669 - root - DEBUG - Updating hall of fame
2020-07-19 22:53:04,847 - root - INFO - Completed generation 31; 2.4s elapsed, 2.3s avg, 7e+01s total. Expected time remaining: 3.8e+02s
2020-07-19 22:53:04,903 - root - INFO - #31 MAX:accuracy.mean: 0.75
2020-07-19 22:53:04,946 - root - DEBUG - Sampled weight [-1.53500835 -0.81259885 -1.74088164  1.32842645 -0.79146781]
2020-07-19 22:53:06,080 - root - DEBUG - Updating hall of fame
2020-07-19 22:53:06,837 - root - INFO - Completed generation 32; 1.9s elapsed, 2.3s avg, 7.2e+01s total. Expected time remaining: 3.8e+02s
2020-07-19 22:53:06,891 - root - INFO - #32 MAX:accuracy.mean: 0.71
2020-07-19 22:53:06,933 - root - DEBUG - Sampled weight [-0.96351091  1.47244744 -1.08982781 -1.69106986 -1.61242928]
2020-07-19 22:53:07,998 - root - DEBUG - Updating hall of fame
2020-07-19 22:53:08,753 - root - INFO - Completed generation 33; 1.9s elapsed, 2.2s avg, 7.4e+01s total. Expected time remaining: 3.7e+02s
2020-07-19 22:53:08,805 - root - INFO - #33 MAX:accuracy.mean: 0.64
2020-07-19 22:53:08,847 - root - DEBUG - Sampled weight [-0.10476428  1.451617    1.82869326 -0.92175754 -1.31338905]
2020-07-19 22:53:09,909 - root - DEBUG - Updating hall of fame
2020-07-19 22:53:10,471 - root - INFO - Completed generation 34; 1.7s elapsed, 2.2s avg, 7.6e+01s total. Expected time remaining: 3.7e+02s
2020-07-19 22:53:10,524 - root - INFO - #34 MAX:accuracy.mean: 0.64
2020-07-19 22:53:10,565 - root - DEBUG - Sampled weight [ 1.27836909 -0.32957677 -1.02257173  1.30070976 -0.88587139]
2020-07-19 22:53:11,632 - root - DEBUG - Updating hall of fame
2020-07-19 22:53:12,554 - root - INFO - Completed generation 35; 2.0s elapsed, 2.2s avg, 7.8e+01s total. Expected time remaining: 3.7e+02s
2020-07-19 22:53:12,608 - root - INFO - #35 MAX:accuracy.mean: 0.67
2020-07-19 22:53:12,648 - root - DEBUG - Sampled weight [ 1.72381505  1.00564937  0.15205749 -0.89535762 -0.54787093]
2020-07-19 22:53:13,711 - root - DEBUG - Updating hall of fame
2020-07-19 22:53:15,007 - root - INFO - Completed generation 36; 2.4s elapsed, 2.2s avg, 8e+01s total. Expected time remaining: 3.7e+02s
2020-07-19 22:53:15,060 - root - INFO - #36 MAX:accuracy.mean: 0.59
2020-07-19 22:53:15,100 - root - DEBUG - Sampled weight [ 0.51104277  1.87707813 -1.45328089 -1.76253768  0.86625734]
2020-07-19 22:53:16,174 - root - DEBUG - Updating hall of fame
2020-07-19 22:53:16,724 - root - INFO - Completed generation 37; 1.7s elapsed, 2.2s avg, 8.2e+01s total. Expected time remaining: 3.6e+02s
2020-07-19 22:53:16,777 - root - INFO - #37 MAX:accuracy.mean: 0.65
2020-07-19 22:53:16,817 - root - DEBUG - Sampled weight [-1.09480093 -0.72253325  1.64422652 -0.13691035  0.02199126]
2020-07-19 22:53:17,891 - root - DEBUG - Updating hall of fame
2020-07-19 22:53:18,445 - root - INFO - Completed generation 38; 1.7s elapsed, 2.2s avg, 8.3e+01s total. Expected time remaining: 3.6e+02s
2020-07-19 22:53:18,498 - root - INFO - #38 MAX:accuracy.mean: 0.67
2020-07-19 22:53:18,538 - root - DEBUG - Sampled weight [-1.50134617  0.90354402  0.02665167  0.17256303  0.26360959]
2020-07-19 22:53:19,604 - root - DEBUG - Updating hall of fame
2020-07-19 22:53:20,169 - root - INFO - Completed generation 39; 1.7s elapsed, 2.2s avg, 8.5e+01s total. Expected time remaining: 3.5e+02s
2020-07-19 22:53:20,256 - root - INFO - #39 MAX:accuracy.mean: 0.65
2020-07-19 22:53:20,298 - root - DEBUG - Sampled weight [-0.86606998 -1.90152958 -0.62346645 -0.39601976 -1.3070154 ]
2020-07-19 22:53:21,366 - root - DEBUG - Updating hall of fame
2020-07-19 22:53:22,126 - root - INFO - Completed generation 40; 1.9s elapsed, 2.2s avg, 8.7e+01s total. Expected time remaining: 3.5e+02s
2020-07-19 22:53:22,180 - root - INFO - #40 MAX:accuracy.mean: 0.65
2020-07-19 22:53:22,267 - root - DEBUG - Sampled weight [-0.70917155 -1.23171161 -0.84134897  1.66446666 -0.74967292]
2020-07-19 22:53:23,422 - root - DEBUG - Updating hall of fame
2020-07-19 22:53:24,830 - root - INFO - Completed generation 41; 2.6s elapsed, 2.2s avg, 9e+01s total. Expected time remaining: 3.5e+02s
2020-07-19 22:53:24,887 - root - INFO - #41 MAX:accuracy.mean: 0.74
2020-07-19 22:53:24,931 - root - DEBUG - Sampled weight [-1.42463967  0.66681839 -0.34394189  0.38244803  1.62791654]
2020-07-19 22:53:26,078 - root - DEBUG - Updating hall of fame
2020-07-19 22:53:27,196 - root - INFO - Completed generation 42; 2.3s elapsed, 2.2s avg, 9.2e+01s total. Expected time remaining: 3.5e+02s
2020-07-19 22:53:27,249 - root - INFO - #42 MAX:accuracy.mean: 0.68
2020-07-19 22:53:27,289 - root - DEBUG - Sampled weight [-1.54829683 -1.36642916 -0.89402498 -0.74974901  0.64742059]
2020-07-19 22:53:28,354 - root - DEBUG - Updating hall of fame
2020-07-19 22:53:29,309 - root - INFO - Completed generation 43; 2.1s elapsed, 2.2s avg, 9.4e+01s total. Expected time remaining: 3.4e+02s
2020-07-19 22:53:29,362 - root - INFO - #43 MAX:accuracy.mean: 0.8
2020-07-19 22:53:29,404 - root - DEBUG - Sampled weight [ 1.11368751 -0.46960217 -0.89377569  1.24549039  0.8842892 ]
2020-07-19 22:53:30,486 - root - DEBUG - Updating hall of fame
2020-07-19 22:53:31,984 - root - INFO - Completed generation 44; 2.6s elapsed, 2.2s avg, 9.7e+01s total. Expected time remaining: 3.4e+02s
2020-07-19 22:53:32,037 - root - INFO - #44 MAX:accuracy.mean: 0.82
2020-07-19 22:53:32,077 - root - DEBUG - Sampled weight [-0.7090273   1.91131205 -0.05496102  1.93494636 -1.38073565]
2020-07-19 22:53:33,150 - root - DEBUG - Updating hall of fame
2020-07-19 22:53:34,653 - root - INFO - Completed generation 45; 2.6s elapsed, 2.2s avg, 9.9e+01s total. Expected time remaining: 3.4e+02s
2020-07-19 22:53:34,706 - root - INFO - #45 MAX:accuracy.mean: 0.71
2020-07-19 22:53:34,746 - root - DEBUG - Sampled weight [ 0.35657266 -0.42976251 -0.12598125  1.68261761 -1.1746176 ]
2020-07-19 22:53:35,821 - root - DEBUG - Updating hall of fame
2020-07-19 22:53:36,397 - root - INFO - Completed generation 46; 1.7s elapsed, 2.2s avg, 1e+02s total. Expected time remaining: 3.4e+02s
2020-07-19 22:53:36,450 - root - INFO - #46 MAX:accuracy.mean: 0.71
2020-07-19 22:53:36,491 - root - DEBUG - Sampled weight [ 0.01108184  1.63571064 -1.2821808  -0.12063567  1.66508169]
2020-07-19 22:53:37,569 - root - DEBUG - Updating hall of fame
2020-07-19 22:53:38,328 - root - INFO - Completed generation 47; 1.9s elapsed, 2.2s avg, 1e+02s total. Expected time remaining: 3.3e+02s
2020-07-19 22:53:38,381 - root - INFO - #47 MAX:accuracy.mean: 0.7
2020-07-19 22:53:38,423 - root - DEBUG - Sampled weight [-0.06042421 -0.11238969  0.76172605 -0.21910692 -1.4449672 ]
2020-07-19 22:53:39,497 - root - DEBUG - Updating hall of fame
2020-07-19 22:53:40,075 - root - INFO - Completed generation 48; 1.7s elapsed, 2.2s avg, 1e+02s total. Expected time remaining: 3.3e+02s
2020-07-19 22:53:40,128 - root - INFO - #48 MAX:accuracy.mean: 0.71
2020-07-19 22:53:40,170 - root - DEBUG - Sampled weight [-0.41538917 -1.14560604  0.63094123 -0.30956225 -1.14075039]
2020-07-19 22:53:41,246 - root - DEBUG - Updating hall of fame
2020-07-19 22:53:42,365 - root - INFO - Completed generation 49; 2.2s elapsed, 2.2s avg, 1.1e+02s total. Expected time remaining: 3.3e+02s
2020-07-19 22:53:42,418 - root - INFO - #49 MAX:accuracy.mean: 0.8
2020-07-19 22:53:42,459 - root - DEBUG - Sampled weight [-0.99596886 -0.61572555 -0.07281262  0.84172332  1.65978021]
2020-07-19 22:53:43,537 - root - DEBUG - Updating hall of fame
2020-07-19 22:53:44,273 - root - INFO - Completed generation 50; 1.9s elapsed, 2.2s avg, 1.1e+02s total. Expected time remaining: 3.3e+02s
2020-07-19 22:53:44,325 - root - INFO - #50 MAX:accuracy.mean: 0.73
2020-07-19 22:53:44,426 - root - DEBUG - Sampled weight [ 1.27078341 -1.88733569  1.19274928 -0.96382091  0.76641595]
2020-07-19 22:53:45,497 - root - DEBUG - Updating hall of fame
2020-07-19 22:53:46,278 - root - INFO - Completed generation 51; 1.9s elapsed, 2.2s avg, 1.1e+02s total. Expected time remaining: 3.2e+02s
2020-07-19 22:53:46,331 - root - INFO - #51 MAX:accuracy.mean: 0.75
2020-07-19 22:53:46,371 - root - DEBUG - Sampled weight [ 0.34181319 -1.78596387 -1.4014538   0.85640387  1.3627184 ]
2020-07-19 22:53:47,440 - root - DEBUG - Updating hall of fame
2020-07-19 22:53:48,195 - root - INFO - Completed generation 52; 1.9s elapsed, 2.2s avg, 1.1e+02s total. Expected time remaining: 3.2e+02s
2020-07-19 22:53:48,248 - root - INFO - #52 MAX:accuracy.mean: 0.67
2020-07-19 22:53:48,290 - root - DEBUG - Sampled weight [ 1.57483391 -1.24743194  1.9111646   0.85932148 -1.02790665]
2020-07-19 22:53:49,359 - root - DEBUG - Updating hall of fame
2020-07-19 22:53:49,739 - root - INFO - Completed generation 53; 1.5s elapsed, 2.1s avg, 1.1e+02s total. Expected time remaining: 3.2e+02s
2020-07-19 22:53:49,792 - root - INFO - #53 MAX:accuracy.mean: 0.69
2020-07-19 22:53:49,834 - root - DEBUG - Sampled weight [-1.81712974  1.24648849  0.38001559 -0.945334   -1.16214206]
2020-07-19 22:53:50,904 - root - DEBUG - Updating hall of fame
2020-07-19 22:53:51,467 - root - INFO - Completed generation 54; 1.7s elapsed, 2.1s avg, 1.2e+02s total. Expected time remaining: 3.1e+02s
2020-07-19 22:53:51,520 - root - INFO - #54 MAX:accuracy.mean: 0.66
2020-07-19 22:53:51,561 - root - DEBUG - Sampled weight [-0.56851841  0.69034115 -1.69084051 -0.09974083 -0.15094843]
2020-07-19 22:53:52,634 - root - DEBUG - Updating hall of fame
2020-07-19 22:53:53,019 - root - INFO - Completed generation 55; 1.5s elapsed, 2.1s avg, 1.2e+02s total. Expected time remaining: 3.1e+02s
2020-07-19 22:53:53,072 - root - INFO - #55 MAX:accuracy.mean: 0.72
2020-07-19 22:53:53,113 - root - DEBUG - Sampled weight [-1.19948107 -1.24206372 -1.24027368 -1.69402663 -0.41311865]
2020-07-19 22:53:54,184 - root - DEBUG - Updating hall of fame
2020-07-19 22:53:54,935 - root - INFO - Completed generation 56; 1.9s elapsed, 2.1s avg, 1.2e+02s total. Expected time remaining: 3.1e+02s
2020-07-19 22:53:54,989 - root - INFO - #56 MAX:accuracy.mean: 0.69
2020-07-19 22:53:55,030 - root - DEBUG - Sampled weight [-1.66415069 -0.31935337 -1.78476796 -1.74513498 -1.31714697]
2020-07-19 22:53:56,108 - root - DEBUG - Updating hall of fame
2020-07-19 22:53:56,669 - root - INFO - Completed generation 57; 1.7s elapsed, 2.1s avg, 1.2e+02s total. Expected time remaining: 3e+02s
2020-07-19 22:53:56,722 - root - INFO - #57 MAX:accuracy.mean: 0.71
2020-07-19 22:53:56,763 - root - DEBUG - Sampled weight [-1.62902449  0.98956058  0.72029405 -0.95726665 -1.33776201]
2020-07-19 22:53:57,844 - root - DEBUG - Updating hall of fame
2020-07-19 22:53:58,043 - root - INFO - Completed generation 58; 1.3s elapsed, 2.1s avg, 1.2e+02s total. Expected time remaining: 3e+02s
2020-07-19 22:53:58,096 - root - INFO - #58 MAX:accuracy.mean: 0.68
2020-07-19 22:53:58,138 - root - DEBUG - Sampled weight [-1.05616806  0.18580572  1.109468   -1.00507277  1.5719616 ]
2020-07-19 22:53:59,210 - root - DEBUG - Updating hall of fame
2020-07-19 22:54:00,700 - root - INFO - Completed generation 59; 2.6s elapsed, 2.1s avg, 1.2e+02s total. Expected time remaining: 3e+02s
2020-07-19 22:54:00,753 - root - INFO - #59 MAX:accuracy.mean: 0.65
2020-07-19 22:54:00,794 - root - DEBUG - Sampled weight [ 1.50460974  0.67116362 -1.74845146 -0.20361701 -1.04010459]
2020-07-19 22:54:01,884 - root - DEBUG - Updating hall of fame
2020-07-19 22:54:02,093 - root - INFO - Completed generation 60; 1.3s elapsed, 2.1s avg, 1.3e+02s total. Expected time remaining: 2.9e+02s
2020-07-19 22:54:02,150 - root - INFO - #60 MAX:accuracy.mean: 0.67
2020-07-19 22:54:02,252 - root - DEBUG - Sampled weight [-0.92163174  1.47823166  0.55046201  1.84749164 -1.15114802]
2020-07-19 22:54:03,356 - root - DEBUG - Updating hall of fame
2020-07-19 22:54:03,938 - root - INFO - Completed generation 61; 1.7s elapsed, 2.1s avg, 1.3e+02s total. Expected time remaining: 2.9e+02s
2020-07-19 22:54:03,993 - root - INFO - #61 MAX:accuracy.mean: 0.69
2020-07-19 22:54:04,034 - root - DEBUG - Sampled weight [ 1.06776151 -1.83977687 -0.22537941  0.09328677 -1.51124134]
2020-07-19 22:54:05,141 - root - DEBUG - Updating hall of fame
2020-07-19 22:54:05,914 - root - INFO - Completed generation 62; 1.9s elapsed, 2.1s avg, 1.3e+02s total. Expected time remaining: 2.9e+02s
2020-07-19 22:54:05,969 - root - INFO - #62 MAX:accuracy.mean: 0.64
2020-07-19 22:54:06,013 - root - DEBUG - Sampled weight [ 1.61782358  0.28549469  0.91995971  0.20906797 -1.38982348]
2020-07-19 22:54:07,089 - root - DEBUG - Updating hall of fame
2020-07-19 22:54:07,287 - root - INFO - Completed generation 63; 1.3s elapsed, 2.1s avg, 1.3e+02s total. Expected time remaining: 2.8e+02s
2020-07-19 22:54:07,340 - root - INFO - #63 MAX:accuracy.mean: 0.64
2020-07-19 22:54:07,379 - root - DEBUG - Sampled weight [ 1.63194224  0.86094229 -1.16217381  0.0673108   0.47167193]
2020-07-19 22:54:08,448 - root - DEBUG - Updating hall of fame
2020-07-19 22:54:08,828 - root - INFO - Completed generation 64; 1.5s elapsed, 2.1s avg, 1.3e+02s total. Expected time remaining: 2.8e+02s
2020-07-19 22:54:08,881 - root - INFO - #64 MAX:accuracy.mean: 0.68
2020-07-19 22:54:08,921 - root - DEBUG - Sampled weight [-1.79664225 -0.79615223 -0.05014496  0.53160773 -1.2029877 ]
2020-07-19 22:54:09,993 - root - DEBUG - Updating hall of fame
2020-07-19 22:54:10,740 - root - INFO - Completed generation 65; 1.9s elapsed, 2.1s avg, 1.3e+02s total. Expected time remaining: 2.8e+02s
2020-07-19 22:54:10,793 - root - INFO - #65 MAX:accuracy.mean: 0.67
2020-07-19 22:54:10,833 - root - DEBUG - Sampled weight [-0.77295009 -0.17222525 -0.94779938 -0.19901934 -1.54910293]
2020-07-19 22:54:11,906 - root - DEBUG - Updating hall of fame
2020-07-19 22:54:12,470 - root - INFO - Completed generation 66; 1.7s elapsed, 2.1s avg, 1.4e+02s total. Expected time remaining: 2.8e+02s
2020-07-19 22:54:12,523 - root - INFO - #66 MAX:accuracy.mean: 0.71
2020-07-19 22:54:12,563 - root - DEBUG - Sampled weight [ 1.27700666 -0.84209909 -1.01389876 -0.15582863  1.1820109 ]
2020-07-19 22:54:13,631 - root - DEBUG - Updating hall of fame
2020-07-19 22:54:14,388 - root - INFO - Completed generation 67; 1.9s elapsed, 2.1s avg, 1.4e+02s total. Expected time remaining: 2.7e+02s
2020-07-19 22:54:14,441 - root - INFO - #67 MAX:accuracy.mean: 0.75
2020-07-19 22:54:14,481 - root - DEBUG - Sampled weight [ 0.505351    1.10876703  0.9163189  -0.32716991  1.83378384]
2020-07-19 22:54:15,555 - root - DEBUG - Updating hall of fame
2020-07-19 22:54:16,298 - root - INFO - Completed generation 68; 1.9s elapsed, 2.1s avg, 1.4e+02s total. Expected time remaining: 2.7e+02s
2020-07-19 22:54:16,351 - root - INFO - #68 MAX:accuracy.mean: 0.77
2020-07-19 22:54:16,393 - root - DEBUG - Sampled weight [-0.12339767  1.81401164  1.89750576 -1.08630113  0.10534635]
2020-07-19 22:54:17,468 - root - DEBUG - Updating hall of fame
2020-07-19 22:54:18,386 - root - INFO - Completed generation 69; 2.0s elapsed, 2.1s avg, 1.4e+02s total. Expected time remaining: 2.7e+02s
2020-07-19 22:54:18,440 - root - INFO - #69 MAX:accuracy.mean: 0.62
2020-07-19 22:54:18,480 - root - DEBUG - Sampled weight [-1.06776463  0.08308853 -1.56471247  0.18868998 -0.7048207 ]
2020-07-19 22:54:19,547 - root - DEBUG - Updating hall of fame
2020-07-19 22:54:19,548 - root - INFO - Completed generation 70; 1.1s elapsed, 2.0s avg, 1.4e+02s total. Expected time remaining: 2.6e+02s
2020-07-19 22:54:19,601 - root - INFO - #70 MAX:accuracy.mean: 0.66
2020-07-19 22:54:19,687 - root - DEBUG - Sampled weight [1.93140464 1.03843775 0.2433147  0.74973277 1.83778424]
2020-07-19 22:54:20,751 - root - DEBUG - Updating hall of fame
2020-07-19 22:54:20,752 - root - INFO - Completed generation 71; 1.1s elapsed, 2.0s avg, 1.4e+02s total. Expected time remaining: 2.6e+02s
2020-07-19 22:54:20,805 - root - INFO - #71 MAX:accuracy.mean: 0.75
2020-07-19 22:54:20,846 - root - DEBUG - Sampled weight [ 0.98109201  0.50289694  1.0025948   0.58895827 -0.5056956 ]
2020-07-19 22:54:21,926 - root - DEBUG - Updating hall of fame
2020-07-19 22:54:22,476 - root - INFO - Completed generation 72; 1.7s elapsed, 2.0s avg, 1.5e+02s total. Expected time remaining: 2.6e+02s
2020-07-19 22:54:22,528 - root - INFO - #72 MAX:accuracy.mean: 0.83
2020-07-19 22:54:22,569 - root - DEBUG - Sampled weight [-0.62924502  0.20042211  1.58704665 -1.47729371 -1.7147324 ]
2020-07-19 22:54:23,643 - root - DEBUG - Updating hall of fame
2020-07-19 22:54:24,191 - root - INFO - Completed generation 73; 1.7s elapsed, 2.0s avg, 1.5e+02s total. Expected time remaining: 2.6e+02s
2020-07-19 22:54:24,245 - root - INFO - #73 MAX:accuracy.mean: 0.62
2020-07-19 22:54:24,285 - root - DEBUG - Sampled weight [ 1.34126233 -1.14384464 -1.10780115 -0.64984008  0.01959985]
2020-07-19 22:54:25,350 - root - DEBUG - Updating hall of fame
2020-07-19 22:54:25,351 - root - INFO - Completed generation 74; 1.1s elapsed, 2.0s avg, 1.5e+02s total. Expected time remaining: 2.5e+02s
2020-07-19 22:54:25,403 - root - INFO - #74 MAX:accuracy.mean: 0.62
2020-07-19 22:54:25,443 - root - DEBUG - Sampled weight [-0.90805757  1.27733897 -0.12518783  0.2992621  -1.28267431]
2020-07-19 22:54:26,510 - root - DEBUG - Updating hall of fame
2020-07-19 22:54:27,058 - root - INFO - Completed generation 75; 1.7s elapsed, 2.0s avg, 1.5e+02s total. Expected time remaining: 2.5e+02s
2020-07-19 22:54:27,111 - root - INFO - #75 MAX:accuracy.mean: 0.65
2020-07-19 22:54:27,152 - root - DEBUG - Sampled weight [-0.81385194  0.22381    -0.36049115  1.90214757 -1.78375689]
2020-07-19 22:54:28,231 - root - DEBUG - Updating hall of fame
2020-07-19 22:54:28,599 - root - INFO - Completed generation 76; 1.5s elapsed, 2.0s avg, 1.5e+02s total. Expected time remaining: 2.5e+02s
2020-07-19 22:54:28,652 - root - INFO - #76 MAX:accuracy.mean: 0.63
2020-07-19 22:54:28,693 - root - DEBUG - Sampled weight [-1.40559626 -1.564246    0.18362118 -1.70477029  1.45579172]
2020-07-19 22:54:29,762 - root - DEBUG - Updating hall of fame
2020-07-19 22:54:29,951 - root - INFO - Completed generation 77; 1.3s elapsed, 2.0s avg, 1.5e+02s total. Expected time remaining: 2.4e+02s
2020-07-19 22:54:30,004 - root - INFO - #77 MAX:accuracy.mean: 0.62
2020-07-19 22:54:30,045 - root - DEBUG - Sampled weight [-1.80350723  0.27563646  0.8716328  -0.47818164  1.79594404]
2020-07-19 22:54:31,114 - root - DEBUG - Updating hall of fame
2020-07-19 22:54:31,114 - root - INFO - Completed generation 78; 1.1s elapsed, 2.0s avg, 1.5e+02s total. Expected time remaining: 2.4e+02s
2020-07-19 22:54:31,167 - root - INFO - #78 MAX:accuracy.mean: 0.68
2020-07-19 22:54:31,208 - root - DEBUG - Sampled weight [-1.44547559 -0.42692034  0.76964059  0.46196466  0.737126  ]
2020-07-19 22:54:32,275 - root - DEBUG - Updating hall of fame
2020-07-19 22:54:32,462 - root - INFO - Completed generation 79; 1.3s elapsed, 2.0s avg, 1.6e+02s total. Expected time remaining: 2.4e+02s
2020-07-19 22:54:32,515 - root - INFO - #79 MAX:accuracy.mean: 0.8
2020-07-19 22:54:32,557 - root - DEBUG - Sampled weight [-1.62332522  0.56804354  1.47032414  0.6753214   1.10326606]
2020-07-19 22:54:33,638 - root - DEBUG - Updating hall of fame
2020-07-19 22:54:34,565 - root - INFO - Completed generation 80; 2.0s elapsed, 2.0s avg, 1.6e+02s total. Expected time remaining: 2.4e+02s
2020-07-19 22:54:34,618 - root - INFO - #80 MAX:accuracy.mean: 0.74
2020-07-19 22:54:34,707 - root - DEBUG - Sampled weight [-0.94740327 -0.57630878 -1.8266012  -0.23160711 -1.98919774]
2020-07-19 22:54:35,778 - root - DEBUG - Updating hall of fame
2020-07-19 22:54:35,962 - root - INFO - Completed generation 81; 1.3s elapsed, 2.0s avg, 1.6e+02s total. Expected time remaining: 2.3e+02s
2020-07-19 22:54:36,015 - root - INFO - #81 MAX:accuracy.mean: 0.62
2020-07-19 22:54:36,055 - root - DEBUG - Sampled weight [ 0.61401918 -0.43826194 -1.23748028  0.3674686  -1.88670235]
2020-07-19 22:54:37,128 - root - DEBUG - Updating hall of fame
2020-07-19 22:54:37,499 - root - INFO - Completed generation 82; 1.5s elapsed, 2.0s avg, 1.6e+02s total. Expected time remaining: 2.3e+02s
2020-07-19 22:54:37,553 - root - INFO - #82 MAX:accuracy.mean: 0.68
2020-07-19 22:54:37,593 - root - DEBUG - Sampled weight [ 1.04704672 -1.22623074 -0.22389413 -0.99181782  0.56128231]
2020-07-19 22:54:38,668 - root - DEBUG - Updating hall of fame
2020-07-19 22:54:39,218 - root - INFO - Completed generation 83; 1.7s elapsed, 1.9s avg, 1.6e+02s total. Expected time remaining: 2.3e+02s
2020-07-19 22:54:39,271 - root - INFO - #83 MAX:accuracy.mean: 0.74
2020-07-19 22:54:39,312 - root - DEBUG - Sampled weight [-1.34951936  0.76119433  1.69063507  0.88554999  1.75792288]
2020-07-19 22:54:40,392 - root - DEBUG - Updating hall of fame
2020-07-19 22:54:41,323 - root - INFO - Completed generation 84; 2.1s elapsed, 1.9s avg, 1.6e+02s total. Expected time remaining: 2.3e+02s
2020-07-19 22:54:41,376 - root - INFO - #84 MAX:accuracy.mean: 0.72
2020-07-19 22:54:41,418 - root - DEBUG - Sampled weight [ 0.58296364 -0.886651    1.90232536 -0.48450072  1.73112415]
2020-07-19 22:54:42,489 - root - DEBUG - Updating hall of fame
2020-07-19 22:54:43,416 - root - INFO - Completed generation 85; 2.0s elapsed, 1.9s avg, 1.7e+02s total. Expected time remaining: 2.2e+02s
2020-07-19 22:54:43,469 - root - INFO - #85 MAX:accuracy.mean: 0.76
2020-07-19 22:54:43,510 - root - DEBUG - Sampled weight [-0.62958376  1.85500051  1.68347015  0.54736315  1.32747932]
2020-07-19 22:54:44,579 - root - DEBUG - Updating hall of fame
2020-07-19 22:54:45,505 - root - INFO - Completed generation 86; 2.0s elapsed, 2.0s avg, 1.7e+02s total. Expected time remaining: 2.2e+02s
2020-07-19 22:54:45,558 - root - INFO - #86 MAX:accuracy.mean: 0.81
2020-07-19 22:54:45,600 - root - DEBUG - Sampled weight [-1.96617076  0.38582635  1.79210251  0.51245745 -0.89713719]
2020-07-19 22:54:46,674 - root - DEBUG - Updating hall of fame
2020-07-19 22:54:47,231 - root - INFO - Completed generation 87; 1.7s elapsed, 1.9s avg, 1.7e+02s total. Expected time remaining: 2.2e+02s
2020-07-19 22:54:47,284 - root - INFO - #87 MAX:accuracy.mean: 0.74
2020-07-19 22:54:47,326 - root - DEBUG - Sampled weight [-1.87081901  0.60589717  0.01180046  0.60639472 -0.01208247]
2020-07-19 22:54:48,394 - root - DEBUG - Updating hall of fame
2020-07-19 22:54:48,768 - root - INFO - Completed generation 88; 1.5s elapsed, 1.9s avg, 1.7e+02s total. Expected time remaining: 2.2e+02s
2020-07-19 22:54:48,821 - root - INFO - #88 MAX:accuracy.mean: 0.72
2020-07-19 22:54:48,863 - root - DEBUG - Sampled weight [ 1.18544473 -1.48904637  0.53874575 -1.22480765 -0.35308381]
2020-07-19 22:54:49,928 - root - DEBUG - Updating hall of fame
2020-07-19 22:54:50,476 - root - INFO - Completed generation 89; 1.7s elapsed, 1.9s avg, 1.7e+02s total. Expected time remaining: 2.2e+02s
2020-07-19 22:54:50,529 - root - INFO - #89 MAX:accuracy.mean: 0.63
2020-07-19 22:54:50,571 - root - DEBUG - Sampled weight [-1.19655867 -1.34895548 -1.10480228 -1.08766526 -1.06281124]
2020-07-19 22:54:51,649 - root - DEBUG - Updating hall of fame
2020-07-19 22:54:52,200 - root - INFO - Completed generation 90; 1.7s elapsed, 1.9s avg, 1.7e+02s total. Expected time remaining: 2.1e+02s
2020-07-19 22:54:52,253 - root - INFO - #90 MAX:accuracy.mean: 0.77
2020-07-19 22:54:52,359 - root - DEBUG - Sampled weight [-0.37321283 -1.28094519 -0.18900095  0.59430313  1.51144147]
2020-07-19 22:54:53,439 - root - DEBUG - Updating hall of fame
2020-07-19 22:54:53,811 - root - INFO - Completed generation 91; 1.5s elapsed, 1.9s avg, 1.8e+02s total. Expected time remaining: 2.1e+02s
2020-07-19 22:54:53,864 - root - INFO - #91 MAX:accuracy.mean: 0.65
2020-07-19 22:54:53,905 - root - DEBUG - Sampled weight [-0.86539499  1.23982708  0.67011793  1.77984193  0.51238222]
2020-07-19 22:54:54,978 - root - DEBUG - Updating hall of fame
2020-07-19 22:54:55,161 - root - INFO - Completed generation 92; 1.3s elapsed, 1.9s avg, 1.8e+02s total. Expected time remaining: 2.1e+02s
2020-07-19 22:54:55,214 - root - INFO - #92 MAX:accuracy.mean: 0.79
2020-07-19 22:54:55,254 - root - DEBUG - Sampled weight [-1.648542    1.37792792 -1.36923291 -1.5325451   0.4687839 ]
2020-07-19 22:54:56,333 - root - DEBUG - Updating hall of fame
2020-07-19 22:54:57,079 - root - INFO - Completed generation 93; 1.9s elapsed, 1.9s avg, 1.8e+02s total. Expected time remaining: 2.1e+02s
2020-07-19 22:54:57,132 - root - INFO - #93 MAX:accuracy.mean: 0.7
2020-07-19 22:54:57,172 - root - DEBUG - Sampled weight [-1.4252314  -1.39602143  0.67883321  0.23723189  1.14967798]
2020-07-19 22:54:58,250 - root - DEBUG - Updating hall of fame
2020-07-19 22:54:58,250 - root - INFO - Completed generation 94; 1.1s elapsed, 1.9s avg, 1.8e+02s total. Expected time remaining: 2e+02s
2020-07-19 22:54:58,303 - root - INFO - #94 MAX:accuracy.mean: 0.6
2020-07-19 22:54:58,344 - root - DEBUG - Sampled weight [ 1.82612908  1.72067494  1.28668282 -1.6142684   1.89865913]
2020-07-19 22:54:59,423 - root - DEBUG - Updating hall of fame
2020-07-19 22:54:59,976 - root - INFO - Completed generation 95; 1.7s elapsed, 1.9s avg, 1.8e+02s total. Expected time remaining: 2e+02s
2020-07-19 22:55:00,029 - root - INFO - #95 MAX:accuracy.mean: 0.6
2020-07-19 22:55:00,069 - root - DEBUG - Sampled weight [ 1.49637513  0.45128458  0.13418875 -0.99674252  0.8587161 ]
2020-07-19 22:55:01,147 - root - DEBUG - Updating hall of fame
2020-07-19 22:55:01,335 - root - INFO - Completed generation 96; 1.3s elapsed, 1.9s avg, 1.8e+02s total. Expected time remaining: 2e+02s
2020-07-19 22:55:01,388 - root - INFO - #96 MAX:accuracy.mean: 0.74
2020-07-19 22:55:01,431 - root - DEBUG - Sampled weight [ 0.27034664 -1.2528706   1.61316602 -0.93050159 -0.14068795]
2020-07-19 22:55:02,508 - root - DEBUG - Updating hall of fame
2020-07-19 22:55:03,247 - root - INFO - Completed generation 97; 1.9s elapsed, 1.9s avg, 1.8e+02s total. Expected time remaining: 2e+02s
2020-07-19 22:55:03,300 - root - INFO - #97 MAX:accuracy.mean: 0.64
2020-07-19 22:55:03,342 - root - DEBUG - Sampled weight [ 1.16629838  1.73878837 -1.1950797   1.19861895  0.41871164]
2020-07-19 22:55:04,419 - root - DEBUG - Updating hall of fame
2020-07-19 22:55:04,605 - root - INFO - Completed generation 98; 1.3s elapsed, 1.9s avg, 1.9e+02s total. Expected time remaining: 1.9e+02s
2020-07-19 22:55:04,658 - root - INFO - #98 MAX:accuracy.mean: 0.71
2020-07-19 22:55:04,698 - root - DEBUG - Sampled weight [-1.34099458  1.9958488   1.0624566  -0.93023732  0.75280865]
2020-07-19 22:55:05,773 - root - DEBUG - Updating hall of fame
2020-07-19 22:55:06,324 - root - INFO - Completed generation 99; 1.7s elapsed, 1.9s avg, 1.9e+02s total. Expected time remaining: 1.9e+02s
2020-07-19 22:55:06,377 - root - INFO - #99 MAX:accuracy.mean: 0.7
2020-07-19 22:55:06,417 - root - DEBUG - Sampled weight [ 0.36117507  0.4978481  -1.28568978  0.89888564 -0.80261926]
2020-07-19 22:55:07,488 - root - DEBUG - Updating hall of fame
2020-07-19 22:55:07,857 - root - INFO - Completed generation 100; 1.5s elapsed, 1.9s avg, 1.9e+02s total. Expected time remaining: 1.9e+02s
2020-07-19 22:55:07,910 - root - INFO - #100 MAX:accuracy.mean: 0.74
2020-07-19 22:55:08,024 - root - DEBUG - Sampled weight [-1.442314    1.7525641   1.33463328  1.42774644  1.36972576]
2020-07-19 22:55:09,110 - root - DEBUG - Updating hall of fame
2020-07-19 22:55:10,041 - root - INFO - Completed generation 101; 2.1s elapsed, 1.9s avg, 1.9e+02s total. Expected time remaining: 1.9e+02s
2020-07-19 22:55:10,095 - root - INFO - #101 MAX:accuracy.mean: 0.63
2020-07-19 22:55:10,137 - root - DEBUG - Sampled weight [ 0.18606376  0.36088288  0.43944149  0.83884616 -0.17178888]
2020-07-19 22:55:11,221 - root - DEBUG - Updating hall of fame
2020-07-19 22:55:11,406 - root - INFO - Completed generation 102; 1.3s elapsed, 1.9s avg, 1.9e+02s total. Expected time remaining: 1.9e+02s
2020-07-19 22:55:11,459 - root - INFO - #102 MAX:accuracy.mean: 0.78
2020-07-19 22:55:11,500 - root - DEBUG - Sampled weight [ 1.85767909 -0.34987297 -1.19763772 -1.34737847  1.05005481]
2020-07-19 22:55:12,568 - root - DEBUG - Updating hall of fame
2020-07-19 22:55:13,300 - root - INFO - Completed generation 103; 1.8s elapsed, 1.9s avg, 1.9e+02s total. Expected time remaining: 1.8e+02s
2020-07-19 22:55:13,353 - root - INFO - #103 MAX:accuracy.mean: 0.64
2020-07-19 22:55:13,394 - root - DEBUG - Sampled weight [-1.81205447  1.08838932  1.34919002 -1.89207244 -1.18524435]
2020-07-19 22:55:14,468 - root - DEBUG - Updating hall of fame
2020-07-19 22:55:14,653 - root - INFO - Completed generation 104; 1.3s elapsed, 1.9s avg, 2e+02s total. Expected time remaining: 1.8e+02s
2020-07-19 22:55:14,706 - root - INFO - #104 MAX:accuracy.mean: 0.62
2020-07-19 22:55:14,747 - root - DEBUG - Sampled weight [-0.13870631  1.98980066 -0.34890791 -0.45121389  0.39201655]
2020-07-19 22:55:15,819 - root - DEBUG - Updating hall of fame
2020-07-19 22:55:15,819 - root - INFO - Completed generation 105; 1.1s elapsed, 1.9s avg, 2e+02s total. Expected time remaining: 1.8e+02s
2020-07-19 22:55:15,872 - root - INFO - #105 MAX:accuracy.mean: 0.72
2020-07-19 22:55:15,913 - root - DEBUG - Sampled weight [-0.20817609  1.24000769  1.87895767 -1.36620573 -1.41366932]
2020-07-19 22:55:17,000 - root - DEBUG - Updating hall of fame
2020-07-19 22:55:17,369 - root - INFO - Completed generation 106; 1.5s elapsed, 1.9s avg, 2e+02s total. Expected time remaining: 1.8e+02s
2020-07-19 22:55:17,422 - root - INFO - #106 MAX:accuracy.mean: 0.63
2020-07-19 22:55:17,462 - root - DEBUG - Sampled weight [-0.02052592  1.64942107 -0.85090286 -1.52940888 -0.42312363]
2020-07-19 22:55:18,552 - root - DEBUG - Updating hall of fame
2020-07-19 22:55:18,552 - root - INFO - Completed generation 107; 1.1s elapsed, 1.9s avg, 2e+02s total. Expected time remaining: 1.7e+02s
2020-07-19 22:55:18,606 - root - INFO - #107 MAX:accuracy.mean: 0.64
2020-07-19 22:55:18,647 - root - DEBUG - Sampled weight [-1.56695206  0.62081591 -0.55251429  1.49597589  1.25207049]
2020-07-19 22:55:19,741 - root - DEBUG - Updating hall of fame
2020-07-19 22:55:19,931 - root - INFO - Completed generation 108; 1.3s elapsed, 1.9s avg, 2e+02s total. Expected time remaining: 1.7e+02s
2020-07-19 22:55:19,984 - root - INFO - #108 MAX:accuracy.mean: 0.7
2020-07-19 22:55:20,025 - root - DEBUG - Sampled weight [-1.1049345   0.766364   -0.01153716 -1.94798031 -0.32128466]
2020-07-19 22:55:21,167 - root - DEBUG - Updating hall of fame
2020-07-19 22:55:21,563 - root - INFO - Completed generation 109; 1.6s elapsed, 1.9s avg, 2e+02s total. Expected time remaining: 1.7e+02s
2020-07-19 22:55:21,620 - root - INFO - #109 MAX:accuracy.mean: 0.63
2020-07-19 22:55:21,664 - root - DEBUG - Sampled weight [ 1.20731963  0.10364913  1.61961547 -0.58675276 -0.35948011]
2020-07-19 22:55:22,824 - root - DEBUG - Updating hall of fame
2020-07-19 22:55:23,022 - root - INFO - Completed generation 110; 1.4s elapsed, 1.9s avg, 2e+02s total. Expected time remaining: 1.7e+02s
2020-07-19 22:55:23,079 - root - INFO - #110 MAX:accuracy.mean: 0.75
2020-07-19 22:55:23,177 - root - DEBUG - Sampled weight [-0.99873174 -0.90279977  1.06877139  1.14047173  1.25191354]
2020-07-19 22:55:24,325 - root - DEBUG - Updating hall of fame
2020-07-19 22:55:24,705 - root - INFO - Completed generation 111; 1.6s elapsed, 1.9s avg, 2.1e+02s total. Expected time remaining: 1.6e+02s
2020-07-19 22:55:24,760 - root - INFO - #111 MAX:accuracy.mean: 0.85
2020-07-19 22:55:24,804 - root - DEBUG - Sampled weight [-0.41038216 -0.03689026  0.88216144 -1.30883604  1.50349754]
2020-07-19 22:55:25,920 - root - DEBUG - Updating hall of fame
2020-07-19 22:55:26,667 - root - INFO - Completed generation 112; 1.9s elapsed, 1.9s avg, 2.1e+02s total. Expected time remaining: 1.6e+02s
2020-07-19 22:55:26,720 - root - INFO - #112 MAX:accuracy.mean: 0.64
2020-07-19 22:55:26,761 - root - DEBUG - Sampled weight [-0.55264141 -0.10025982 -1.17198441  0.78376215  0.73394443]
2020-07-19 22:55:27,844 - root - DEBUG - Updating hall of fame
2020-07-19 22:55:28,211 - root - INFO - Completed generation 113; 1.5s elapsed, 1.8s avg, 2.1e+02s total. Expected time remaining: 1.6e+02s
2020-07-19 22:55:28,264 - root - INFO - #113 MAX:accuracy.mean: 0.78
2020-07-19 22:55:28,306 - root - DEBUG - Sampled weight [ 0.12909588  1.85579774  0.30191278 -1.14541306  0.65063596]
2020-07-19 22:55:29,385 - root - DEBUG - Updating hall of fame
2020-07-19 22:55:30,122 - root - INFO - Completed generation 114; 1.9s elapsed, 1.8s avg, 2.1e+02s total. Expected time remaining: 1.6e+02s
2020-07-19 22:55:30,175 - root - INFO - #114 MAX:accuracy.mean: 0.71
2020-07-19 22:55:30,216 - root - DEBUG - Sampled weight [ 0.70667885  1.92255837  1.3903344  -0.94077014 -1.09187024]
2020-07-19 22:55:31,279 - root - DEBUG - Updating hall of fame
2020-07-19 22:55:31,462 - root - INFO - Completed generation 115; 1.3s elapsed, 1.8s avg, 2.1e+02s total. Expected time remaining: 1.6e+02s
2020-07-19 22:55:31,515 - root - INFO - #115 MAX:accuracy.mean: 0.68
2020-07-19 22:55:31,556 - root - DEBUG - Sampled weight [-1.10539153 -1.75912587  0.76984962  1.1359479  -0.57233233]
2020-07-19 22:55:32,635 - root - DEBUG - Updating hall of fame
2020-07-19 22:55:33,371 - root - INFO - Completed generation 116; 1.9s elapsed, 1.8s avg, 2.1e+02s total. Expected time remaining: 1.5e+02s
2020-07-19 22:55:33,425 - root - INFO - #116 MAX:accuracy.mean: 0.72
2020-07-19 22:55:33,466 - root - DEBUG - Sampled weight [-0.82913899  1.03567999  0.94259523  1.16336239  0.57171016]
2020-07-19 22:55:34,551 - root - DEBUG - Updating hall of fame
2020-07-19 22:55:35,292 - root - INFO - Completed generation 117; 1.9s elapsed, 1.8s avg, 2.2e+02s total. Expected time remaining: 1.5e+02s
2020-07-19 22:55:35,346 - root - INFO - #117 MAX:accuracy.mean: 0.88
2020-07-19 22:55:35,385 - root - DEBUG - Sampled weight [ 9.62925731e-01  1.14098313e+00 -1.53067889e+00  3.78013162e-04
 -1.08057821e+00]
2020-07-19 22:55:36,458 - root - DEBUG - Updating hall of fame
2020-07-19 22:55:37,385 - root - INFO - Completed generation 118; 2.0s elapsed, 1.8s avg, 2.2e+02s total. Expected time remaining: 1.5e+02s
2020-07-19 22:55:37,438 - root - INFO - #118 MAX:accuracy.mean: 0.65
2020-07-19 22:55:37,478 - root - DEBUG - Sampled weight [1.52321189 1.43776842 1.3517889  1.69944239 0.27620414]
2020-07-19 22:55:38,556 - root - DEBUG - Updating hall of fame
2020-07-19 22:55:38,927 - root - INFO - Completed generation 119; 1.5s elapsed, 1.8s avg, 2.2e+02s total. Expected time remaining: 1.5e+02s
2020-07-19 22:55:38,980 - root - INFO - #119 MAX:accuracy.mean: 0.84
2020-07-19 22:55:39,021 - root - DEBUG - Sampled weight [-0.06948367 -0.58058956 -1.56003011  1.8764163   1.82329594]
2020-07-19 22:55:40,101 - root - DEBUG - Updating hall of fame
2020-07-19 22:55:40,471 - root - INFO - Completed generation 120; 1.5s elapsed, 1.8s avg, 2.2e+02s total. Expected time remaining: 1.5e+02s
2020-07-19 22:55:40,524 - root - INFO - #120 MAX:accuracy.mean: 0.64
2020-07-19 22:55:40,621 - root - DEBUG - Sampled weight [ 0.05252122 -1.22777502  1.84996102  0.58629304  1.34286201]
2020-07-19 22:55:41,696 - root - DEBUG - Updating hall of fame
2020-07-19 22:55:41,882 - root - INFO - Completed generation 121; 1.3s elapsed, 1.8s avg, 2.2e+02s total. Expected time remaining: 1.4e+02s
2020-07-19 22:55:41,935 - root - INFO - #121 MAX:accuracy.mean: 0.71
2020-07-19 22:55:41,978 - root - DEBUG - Sampled weight [ 1.90247155 -1.3765327  -0.29585556  0.71753364  1.26201431]
2020-07-19 22:55:43,060 - root - DEBUG - Updating hall of fame
2020-07-19 22:55:43,615 - root - INFO - Completed generation 122; 1.7s elapsed, 1.8s avg, 2.2e+02s total. Expected time remaining: 1.4e+02s
2020-07-19 22:55:43,668 - root - INFO - #122 MAX:accuracy.mean: 0.64
2020-07-19 22:55:43,710 - root - DEBUG - Sampled weight [ 0.25268019  0.32034887  1.44235733  0.68577384 -1.06209924]
2020-07-19 22:55:44,791 - root - DEBUG - Updating hall of fame
2020-07-19 22:55:45,346 - root - INFO - Completed generation 123; 1.7s elapsed, 1.8s avg, 2.3e+02s total. Expected time remaining: 1.4e+02s
2020-07-19 22:55:45,399 - root - INFO - #123 MAX:accuracy.mean: 0.73
2020-07-19 22:55:45,440 - root - DEBUG - Sampled weight [-0.4655304  -0.96301095 -0.94232587  1.54273605  1.99215674]
2020-07-19 22:55:46,528 - root - DEBUG - Updating hall of fame
2020-07-19 22:55:47,265 - root - INFO - Completed generation 124; 1.9s elapsed, 1.8s avg, 2.3e+02s total. Expected time remaining: 1.4e+02s
2020-07-19 22:55:47,319 - root - INFO - #124 MAX:accuracy.mean: 0.72
2020-07-19 22:55:47,360 - root - DEBUG - Sampled weight [-0.01587748  1.40370601 -0.21919419  1.17702749 -1.71256289]
2020-07-19 22:55:48,453 - root - DEBUG - Updating hall of fame
2020-07-19 22:55:48,650 - root - INFO - Completed generation 125; 1.3s elapsed, 1.8s avg, 2.3e+02s total. Expected time remaining: 1.4e+02s
2020-07-19 22:55:48,705 - root - INFO - #125 MAX:accuracy.mean: 0.66
2020-07-19 22:55:48,747 - root - DEBUG - Sampled weight [ 1.68082994 -1.77038131 -0.84466545  0.0681408   1.95616315]
2020-07-19 22:55:49,864 - root - DEBUG - Updating hall of fame
2020-07-19 22:55:49,864 - root - INFO - Completed generation 126; 1.2s elapsed, 1.8s avg, 2.3e+02s total. Expected time remaining: 1.3e+02s
2020-07-19 22:55:49,917 - root - INFO - #126 MAX:accuracy.mean: 0.67
2020-07-19 22:55:49,958 - root - DEBUG - Sampled weight [ 0.06129943  0.80229005  1.32374914  1.85902693 -0.24807651]
2020-07-19 22:55:51,039 - root - DEBUG - Updating hall of fame
2020-07-19 22:55:51,039 - root - INFO - Completed generation 127; 1.1s elapsed, 1.8s avg, 2.3e+02s total. Expected time remaining: 1.3e+02s
2020-07-19 22:55:51,092 - root - INFO - #127 MAX:accuracy.mean: 0.73
2020-07-19 22:55:51,133 - root - DEBUG - Sampled weight [ 0.33852579 -1.24609767 -0.96223715 -1.0575487  -0.382532  ]
2020-07-19 22:55:52,208 - root - DEBUG - Updating hall of fame
2020-07-19 22:55:52,765 - root - INFO - Completed generation 128; 1.7s elapsed, 1.8s avg, 2.3e+02s total. Expected time remaining: 1.3e+02s
2020-07-19 22:55:52,818 - root - INFO - #128 MAX:accuracy.mean: 0.65
2020-07-19 22:55:52,858 - root - DEBUG - Sampled weight [ 0.32794512 -1.9288615   1.56164061 -1.07193527 -1.19927223]
2020-07-19 22:55:53,939 - root - DEBUG - Updating hall of fame
2020-07-19 22:55:54,130 - root - INFO - Completed generation 129; 1.3s elapsed, 1.8s avg, 2.3e+02s total. Expected time remaining: 1.3e+02s
2020-07-19 22:55:54,183 - root - INFO - #129 MAX:accuracy.mean: 0.73
2020-07-19 22:55:54,224 - root - DEBUG - Sampled weight [-0.51600626  1.26569043  0.46769007  1.82380695 -1.74334049]
2020-07-19 22:55:55,306 - root - DEBUG - Updating hall of fame
2020-07-19 22:55:55,492 - root - INFO - Completed generation 130; 1.3s elapsed, 1.8s avg, 2.4e+02s total. Expected time remaining: 1.3e+02s
2020-07-19 22:55:55,546 - root - INFO - #130 MAX:accuracy.mean: 0.72
2020-07-19 22:55:55,666 - root - DEBUG - Sampled weight [ 0.3654717  -0.15777277  1.4334175  -1.56906936  0.27768414]
2020-07-19 22:55:56,751 - root - DEBUG - Updating hall of fame
2020-07-19 22:55:57,310 - root - INFO - Completed generation 131; 1.7s elapsed, 1.8s avg, 2.4e+02s total. Expected time remaining: 1.2e+02s
2020-07-19 22:55:57,363 - root - INFO - #131 MAX:accuracy.mean: 0.74
2020-07-19 22:55:57,404 - root - DEBUG - Sampled weight [ 0.61028909 -1.5225608  -0.98622335 -1.39378648 -1.15530296]
2020-07-19 22:55:58,493 - root - DEBUG - Updating hall of fame
2020-07-19 22:55:58,894 - root - INFO - Completed generation 132; 1.5s elapsed, 1.8s avg, 2.4e+02s total. Expected time remaining: 1.2e+02s
2020-07-19 22:55:58,947 - root - INFO - #132 MAX:accuracy.mean: 0.87
2020-07-19 22:55:58,988 - root - DEBUG - Sampled weight [-1.48841567  1.83934476  1.50120138 -1.49279642 -1.55087168]
2020-07-19 22:56:00,074 - root - DEBUG - Updating hall of fame
2020-07-19 22:56:00,644 - root - INFO - Completed generation 133; 1.7s elapsed, 1.8s avg, 2.4e+02s total. Expected time remaining: 1.2e+02s
2020-07-19 22:56:00,699 - root - INFO - #133 MAX:accuracy.mean: 0.77
2020-07-19 22:56:00,742 - root - DEBUG - Sampled weight [ 0.82103981 -1.17520862 -0.76851295  0.0148262   1.17263317]
2020-07-19 22:56:01,881 - root - DEBUG - Updating hall of fame
2020-07-19 22:56:02,509 - root - INFO - Completed generation 134; 1.8s elapsed, 1.8s avg, 2.4e+02s total. Expected time remaining: 1.2e+02s
2020-07-19 22:56:02,566 - root - INFO - #134 MAX:accuracy.mean: 0.78
2020-07-19 22:56:02,611 - root - DEBUG - Sampled weight [ 0.96231667  0.65870711 -1.84141657  1.33873298  0.38328286]
2020-07-19 22:56:03,772 - root - DEBUG - Updating hall of fame
2020-07-19 22:56:04,397 - root - INFO - Completed generation 135; 1.8s elapsed, 1.8s avg, 2.4e+02s total. Expected time remaining: 1.2e+02s
2020-07-19 22:56:04,453 - root - INFO - #135 MAX:accuracy.mean: 0.75
2020-07-19 22:56:04,497 - root - DEBUG - Sampled weight [-0.48401429  0.51594615 -0.56204003 -1.60102151 -0.75653052]
2020-07-19 22:56:05,650 - root - DEBUG - Updating hall of fame
2020-07-19 22:56:06,241 - root - INFO - Completed generation 136; 1.8s elapsed, 1.8s avg, 2.5e+02s total. Expected time remaining: 1.2e+02s
2020-07-19 22:56:06,297 - root - INFO - #136 MAX:accuracy.mean: 0.81
2020-07-19 22:56:06,342 - root - DEBUG - Sampled weight [ 0.70627325 -1.99381905 -0.96981459 -1.59457613 -0.20277815]
2020-07-19 22:56:07,495 - root - DEBUG - Updating hall of fame
2020-07-19 22:56:08,086 - root - INFO - Completed generation 137; 1.8s elapsed, 1.8s avg, 2.5e+02s total. Expected time remaining: 1.1e+02s
2020-07-19 22:56:08,143 - root - INFO - #137 MAX:accuracy.mean: 0.69
2020-07-19 22:56:08,187 - root - DEBUG - Sampled weight [ 1.60380489  0.28187874 -1.81926497 -1.42324898 -0.95594419]
2020-07-19 22:56:09,343 - root - DEBUG - Updating hall of fame
2020-07-19 22:56:09,541 - root - INFO - Completed generation 138; 1.4s elapsed, 1.8s avg, 2.5e+02s total. Expected time remaining: 1.1e+02s
2020-07-19 22:56:09,597 - root - INFO - #138 MAX:accuracy.mean: 0.68
2020-07-19 22:56:09,640 - root - DEBUG - Sampled weight [ 1.97837955 -1.61956301 -0.13643251 -1.43774387 -0.08411787]
2020-07-19 22:56:10,738 - root - DEBUG - Updating hall of fame
2020-07-19 22:56:10,739 - root - INFO - Completed generation 139; 1.1s elapsed, 1.8s avg, 2.5e+02s total. Expected time remaining: 1.1e+02s
2020-07-19 22:56:10,792 - root - INFO - #139 MAX:accuracy.mean: 0.68
2020-07-19 22:56:10,833 - root - DEBUG - Sampled weight [-1.49756855 -0.52874516 -1.99564055  0.61306117 -0.78617556]
2020-07-19 22:56:11,904 - root - DEBUG - Updating hall of fame
2020-07-19 22:56:11,904 - root - INFO - Completed generation 140; 1.1s elapsed, 1.8s avg, 2.5e+02s total. Expected time remaining: 1.1e+02s
2020-07-19 22:56:11,957 - root - INFO - #140 MAX:accuracy.mean: 0.71
2020-07-19 22:56:12,051 - root - DEBUG - Sampled weight [-1.92976635 -1.85382173  0.01766288  0.62086394  0.89134518]
2020-07-19 22:56:13,129 - root - DEBUG - Updating hall of fame
2020-07-19 22:56:13,683 - root - INFO - Completed generation 141; 1.7s elapsed, 1.8s avg, 2.5e+02s total. Expected time remaining: 1.1e+02s
2020-07-19 22:56:13,737 - root - INFO - #141 MAX:accuracy.mean: 0.69
2020-07-19 22:56:13,777 - root - DEBUG - Sampled weight [ 0.86120909 -1.05981753  1.6488534   0.11121366  0.96345037]
2020-07-19 22:56:14,853 - root - DEBUG - Updating hall of fame
2020-07-19 22:56:15,040 - root - INFO - Completed generation 142; 1.3s elapsed, 1.8s avg, 2.5e+02s total. Expected time remaining: 1e+02s
2020-07-19 22:56:15,093 - root - INFO - #142 MAX:accuracy.mean: 0.72
2020-07-19 22:56:15,134 - root - DEBUG - Sampled weight [ 0.23692824 -1.78725566 -0.66530766 -1.23979093  1.63561995]
2020-07-19 22:56:16,216 - root - DEBUG - Updating hall of fame
2020-07-19 22:56:16,584 - root - INFO - Completed generation 143; 1.5s elapsed, 1.8s avg, 2.6e+02s total. Expected time remaining: 1e+02s
2020-07-19 22:56:16,638 - root - INFO - #143 MAX:accuracy.mean: 0.7
2020-07-19 22:56:16,679 - root - DEBUG - Sampled weight [ 0.14680864  0.45042837  0.39610095 -1.22648483  0.65974014]
2020-07-19 22:56:17,758 - root - DEBUG - Updating hall of fame
2020-07-19 22:56:17,942 - root - INFO - Completed generation 144; 1.3s elapsed, 1.8s avg, 2.6e+02s total. Expected time remaining: 1e+02s
2020-07-19 22:56:17,995 - root - INFO - #144 MAX:accuracy.mean: 0.8
2020-07-19 22:56:18,037 - root - DEBUG - Sampled weight [ 0.60424966  1.80848463  0.42907514 -1.24604154  1.64694333]
2020-07-19 22:56:19,114 - root - DEBUG - Updating hall of fame
2020-07-19 22:56:19,852 - root - INFO - Completed generation 145; 1.9s elapsed, 1.8s avg, 2.6e+02s total. Expected time remaining: 9.8e+01s
2020-07-19 22:56:19,905 - root - INFO - #145 MAX:accuracy.mean: 0.72
2020-07-19 22:56:19,946 - root - DEBUG - Sampled weight [ 1.42415403  1.31915917 -1.10632389 -0.76768193  1.37422524]
2020-07-19 22:56:21,022 - root - DEBUG - Updating hall of fame
2020-07-19 22:56:21,206 - root - INFO - Completed generation 146; 1.3s elapsed, 1.8s avg, 2.6e+02s total. Expected time remaining: 9.6e+01s
2020-07-19 22:56:21,259 - root - INFO - #146 MAX:accuracy.mean: 0.75
2020-07-19 22:56:21,300 - root - DEBUG - Sampled weight [-1.43433487 -0.31526324 -0.33299681 -1.7992657  -1.94886909]
2020-07-19 22:56:22,384 - root - DEBUG - Updating hall of fame
2020-07-19 22:56:23,122 - root - INFO - Completed generation 147; 1.9s elapsed, 1.8s avg, 2.6e+02s total. Expected time remaining: 9.4e+01s
2020-07-19 22:56:23,175 - root - INFO - #147 MAX:accuracy.mean: 0.74
2020-07-19 22:56:23,217 - root - DEBUG - Sampled weight [-1.57639077 -1.88560377  1.01969644  1.96949419 -0.31663908]
2020-07-19 22:56:24,296 - root - DEBUG - Updating hall of fame
2020-07-19 22:56:24,680 - root - INFO - Completed generation 148; 1.5s elapsed, 1.8s avg, 2.6e+02s total. Expected time remaining: 9.2e+01s
2020-07-19 22:56:24,733 - root - INFO - #148 MAX:accuracy.mean: 0.73
2020-07-19 22:56:24,774 - root - DEBUG - Sampled weight [-0.55130363  0.26239042 -1.58503271  1.62156041  1.83373833]
2020-07-19 22:56:25,852 - root - DEBUG - Updating hall of fame
2020-07-19 22:56:26,049 - root - INFO - Completed generation 149; 1.3s elapsed, 1.8s avg, 2.6e+02s total. Expected time remaining: 9.1e+01s
2020-07-19 22:56:26,103 - root - INFO - #149 MAX:accuracy.mean: 0.73
2020-07-19 22:56:26,144 - root - DEBUG - Sampled weight [-1.01954716  0.22284307  0.31486717  1.27518054 -1.55448051]
2020-07-19 22:56:27,227 - root - DEBUG - Updating hall of fame
2020-07-19 22:56:27,608 - root - INFO - Completed generation 150; 1.5s elapsed, 1.8s avg, 2.7e+02s total. Expected time remaining: 8.9e+01s
2020-07-19 22:56:27,661 - root - INFO - #150 MAX:accuracy.mean: 0.73
2020-07-19 22:56:27,769 - root - DEBUG - Sampled weight [-1.75128299 -1.16705208 -0.7904151  -0.13160068  0.08998925]
2020-07-19 22:56:28,845 - root - DEBUG - Updating hall of fame
2020-07-19 22:56:29,404 - root - INFO - Completed generation 151; 1.7s elapsed, 1.8s avg, 2.7e+02s total. Expected time remaining: 8.7e+01s
2020-07-19 22:56:29,458 - root - INFO - #151 MAX:accuracy.mean: 0.73
2020-07-19 22:56:29,499 - root - DEBUG - Sampled weight [-1.0597343  -0.85880368 -1.86461516 -0.19286325 -1.75136505]
2020-07-19 22:56:30,566 - root - DEBUG - Updating hall of fame
2020-07-19 22:56:30,951 - root - INFO - Completed generation 152; 1.5s elapsed, 1.8s avg, 2.7e+02s total. Expected time remaining: 8.5e+01s
2020-07-19 22:56:31,004 - root - INFO - #152 MAX:accuracy.mean: 0.73
2020-07-19 22:56:31,044 - root - DEBUG - Sampled weight [-1.35011265 -0.4492894  -1.6770551   0.27819148 -0.79667054]
2020-07-19 22:56:32,116 - root - DEBUG - Updating hall of fame
2020-07-19 22:56:32,497 - root - INFO - Completed generation 153; 1.5s elapsed, 1.8s avg, 2.7e+02s total. Expected time remaining: 8.3e+01s
2020-07-19 22:56:32,550 - root - INFO - #153 MAX:accuracy.mean: 0.75
2020-07-19 22:56:32,592 - root - DEBUG - Sampled weight [-1.85803205  0.90507168 -0.10089279  1.58820962  1.4858266 ]
2020-07-19 22:56:33,663 - root - DEBUG - Updating hall of fame
2020-07-19 22:56:34,213 - root - INFO - Completed generation 154; 1.7s elapsed, 1.8s avg, 2.7e+02s total. Expected time remaining: 8.1e+01s
2020-07-19 22:56:34,266 - root - INFO - #154 MAX:accuracy.mean: 0.76
2020-07-19 22:56:34,307 - root - DEBUG - Sampled weight [ 0.74873619 -1.63795158 -0.1969045   0.07641859  0.5413218 ]
2020-07-19 22:56:35,380 - root - DEBUG - Updating hall of fame
2020-07-19 22:56:35,947 - root - INFO - Completed generation 155; 1.7s elapsed, 1.8s avg, 2.7e+02s total. Expected time remaining: 8e+01s
2020-07-19 22:56:36,000 - root - INFO - #155 MAX:accuracy.mean: 0.78
2020-07-19 22:56:36,041 - root - DEBUG - Sampled weight [1.6868113  0.97872004 0.10789662 1.11912745 0.62344983]
2020-07-19 22:56:37,119 - root - DEBUG - Updating hall of fame
2020-07-19 22:56:37,686 - root - INFO - Completed generation 156; 1.7s elapsed, 1.8s avg, 2.8e+02s total. Expected time remaining: 7.8e+01s
2020-07-19 22:56:37,739 - root - INFO - #156 MAX:accuracy.mean: 0.79
2020-07-19 22:56:37,781 - root - DEBUG - Sampled weight [1.59002876 0.13213088 1.56603686 0.16227274 1.04540433]
2020-07-19 22:56:38,860 - root - DEBUG - Updating hall of fame
2020-07-19 22:56:39,241 - root - INFO - Completed generation 157; 1.5s elapsed, 1.8s avg, 2.8e+02s total. Expected time remaining: 7.6e+01s
2020-07-19 22:56:39,294 - root - INFO - #157 MAX:accuracy.mean: 0.76
2020-07-19 22:56:39,335 - root - DEBUG - Sampled weight [-0.7880846  -0.18084805  0.37582594 -0.71924666 -1.0866847 ]
2020-07-19 22:56:40,410 - root - DEBUG - Updating hall of fame
2020-07-19 22:56:40,792 - root - INFO - Completed generation 158; 1.5s elapsed, 1.8s avg, 2.8e+02s total. Expected time remaining: 7.4e+01s
2020-07-19 22:56:40,846 - root - INFO - #158 MAX:accuracy.mean: 0.81
2020-07-19 22:56:40,886 - root - DEBUG - Sampled weight [-0.9513123   0.59124112 -1.06435495  0.25899921 -0.85019279]
2020-07-19 22:56:41,962 - root - DEBUG - Updating hall of fame
2020-07-19 22:56:42,528 - root - INFO - Completed generation 159; 1.7s elapsed, 1.8s avg, 2.8e+02s total. Expected time remaining: 7.2e+01s
2020-07-19 22:56:42,582 - root - INFO - #159 MAX:accuracy.mean: 0.8
2020-07-19 22:56:42,623 - root - DEBUG - Sampled weight [-1.23630555 -0.81599653 -1.57355008 -1.02633672  0.58425182]
2020-07-19 22:56:43,699 - root - DEBUG - Updating hall of fame
2020-07-19 22:56:44,627 - root - INFO - Completed generation 160; 2.0s elapsed, 1.8s avg, 2.8e+02s total. Expected time remaining: 7.1e+01s
2020-07-19 22:56:44,680 - root - INFO - #160 MAX:accuracy.mean: 0.86
2020-07-19 22:56:44,781 - root - DEBUG - Sampled weight [ 0.83019516  0.51637151  1.78069145 -0.29479308  0.80790082]
2020-07-19 22:56:45,860 - root - DEBUG - Updating hall of fame
2020-07-19 22:56:46,414 - root - INFO - Completed generation 161; 1.7s elapsed, 1.8s avg, 2.8e+02s total. Expected time remaining: 6.9e+01s
2020-07-19 22:56:46,467 - root - INFO - #161 MAX:accuracy.mean: 0.82
2020-07-19 22:56:46,507 - root - DEBUG - Sampled weight [-0.06002193  0.2690607   1.28544106  1.4560642   0.30409958]
2020-07-19 22:56:47,584 - root - DEBUG - Updating hall of fame
2020-07-19 22:56:48,507 - root - INFO - Completed generation 162; 2.0s elapsed, 1.8s avg, 2.9e+02s total. Expected time remaining: 6.7e+01s
2020-07-19 22:56:48,560 - root - INFO - #162 MAX:accuracy.mean: 0.74
2020-07-19 22:56:48,602 - root - DEBUG - Sampled weight [ 0.29847748  0.77386726 -0.97192789  1.80330682  1.35126523]
2020-07-19 22:56:49,681 - root - DEBUG - Updating hall of fame
2020-07-19 22:56:50,051 - root - INFO - Completed generation 163; 1.5s elapsed, 1.8s avg, 2.9e+02s total. Expected time remaining: 6.5e+01s
2020-07-19 22:56:50,104 - root - INFO - #163 MAX:accuracy.mean: 0.72
2020-07-19 22:56:50,145 - root - DEBUG - Sampled weight [ 0.70091919  1.7990719   1.74940534  0.03759978 -1.75501255]
2020-07-19 22:56:51,231 - root - DEBUG - Updating hall of fame
2020-07-19 22:56:52,154 - root - INFO - Completed generation 164; 2.0s elapsed, 1.8s avg, 2.9e+02s total. Expected time remaining: 6.4e+01s
2020-07-19 22:56:52,207 - root - INFO - #164 MAX:accuracy.mean: 0.66
2020-07-19 22:56:52,249 - root - DEBUG - Sampled weight [-0.09317673  1.10763555  0.20249687  0.1780049  -1.40565798]
2020-07-19 22:56:53,328 - root - DEBUG - Updating hall of fame
2020-07-19 22:56:53,696 - root - INFO - Completed generation 165; 1.5s elapsed, 1.8s avg, 2.9e+02s total. Expected time remaining: 6.2e+01s
2020-07-19 22:56:53,749 - root - INFO - #165 MAX:accuracy.mean: 0.66
2020-07-19 22:56:53,791 - root - DEBUG - Sampled weight [-0.01970066 -1.90702426  0.72715782  1.26316546  1.92180728]
2020-07-19 22:56:54,873 - root - DEBUG - Updating hall of fame
2020-07-19 22:56:55,242 - root - INFO - Completed generation 166; 1.5s elapsed, 1.8s avg, 2.9e+02s total. Expected time remaining: 6e+01s
2020-07-19 22:56:55,295 - root - INFO - #166 MAX:accuracy.mean: 0.65
2020-07-19 22:56:55,337 - root - DEBUG - Sampled weight [-1.85142008  1.57658311  1.95553918  1.10234506  0.43628258]
2020-07-19 22:56:56,424 - root - DEBUG - Updating hall of fame
2020-07-19 22:56:56,978 - root - INFO - Completed generation 167; 1.7s elapsed, 1.8s avg, 2.9e+02s total. Expected time remaining: 5.8e+01s
2020-07-19 22:56:57,031 - root - INFO - #167 MAX:accuracy.mean: 0.65
2020-07-19 22:56:57,073 - root - DEBUG - Sampled weight [-1.01380314 -1.98189882 -1.7162416   0.63624107  1.66164769]
2020-07-19 22:56:58,154 - root - DEBUG - Updating hall of fame
2020-07-19 22:56:58,155 - root - INFO - Completed generation 168; 1.1s elapsed, 1.8s avg, 3e+02s total. Expected time remaining: 5.6e+01s
2020-07-19 22:56:58,207 - root - INFO - #168 MAX:accuracy.mean: 0.64
2020-07-19 22:56:58,249 - root - DEBUG - Sampled weight [-0.06688958 -0.97263511  0.83899677 -0.72891007  1.88406349]
2020-07-19 22:56:59,331 - root - DEBUG - Updating hall of fame
2020-07-19 22:56:59,332 - root - INFO - Completed generation 169; 1.1s elapsed, 1.8s avg, 3e+02s total. Expected time remaining: 5.4e+01s
2020-07-19 22:56:59,385 - root - INFO - #169 MAX:accuracy.mean: 0.74
2020-07-19 22:56:59,425 - root - DEBUG - Sampled weight [ 0.87772876  1.27767083  0.69343288 -1.72893181 -1.29727448]
2020-07-19 22:57:00,498 - root - DEBUG - Updating hall of fame
2020-07-19 22:57:01,613 - root - INFO - Completed generation 170; 2.2s elapsed, 1.8s avg, 3e+02s total. Expected time remaining: 5.3e+01s
2020-07-19 22:57:01,667 - root - INFO - #170 MAX:accuracy.mean: 0.66
2020-07-19 22:57:01,770 - root - DEBUG - Sampled weight [-0.88364794 -1.52514886  1.71263876 -1.12842403  0.90955062]
2020-07-19 22:57:02,907 - root - DEBUG - Updating hall of fame
2020-07-19 22:57:03,493 - root - INFO - Completed generation 171; 1.8s elapsed, 1.8s avg, 3e+02s total. Expected time remaining: 5.1e+01s
2020-07-19 22:57:03,550 - root - INFO - #171 MAX:accuracy.mean: 0.65
2020-07-19 22:57:03,594 - root - DEBUG - Sampled weight [ 1.49967929 -1.68289362 -1.98269498 -0.1789237  -1.79683756]
2020-07-19 22:57:04,741 - root - DEBUG - Updating hall of fame
2020-07-19 22:57:04,943 - root - INFO - Completed generation 172; 1.4s elapsed, 1.8s avg, 3e+02s total. Expected time remaining: 4.9e+01s
2020-07-19 22:57:04,999 - root - INFO - #172 MAX:accuracy.mean: 0.64
2020-07-19 22:57:05,043 - root - DEBUG - Sampled weight [ 1.70438061 -0.90836661  0.59624084  1.25097183 -1.55644414]
2020-07-19 22:57:06,163 - root - DEBUG - Updating hall of fame
2020-07-19 22:57:06,164 - root - INFO - Completed generation 173; 1.2s elapsed, 1.8s avg, 3e+02s total. Expected time remaining: 4.7e+01s
2020-07-19 22:57:06,217 - root - INFO - #173 MAX:accuracy.mean: 0.64
2020-07-19 22:57:06,258 - root - DEBUG - Sampled weight [ 0.51196719  1.8314368   0.74048292 -0.99532191 -0.34323733]
2020-07-19 22:57:07,339 - root - DEBUG - Updating hall of fame
2020-07-19 22:57:07,711 - root - INFO - Completed generation 174; 1.5s elapsed, 1.8s avg, 3e+02s total. Expected time remaining: 4.6e+01s
2020-07-19 22:57:07,765 - root - INFO - #174 MAX:accuracy.mean: 0.74
2020-07-19 22:57:07,805 - root - DEBUG - Sampled weight [-0.65025329 -0.6573649  -0.4733462   1.39111711  1.17920812]
2020-07-19 22:57:08,871 - root - DEBUG - Updating hall of fame
2020-07-19 22:57:09,603 - root - INFO - Completed generation 175; 1.8s elapsed, 1.8s avg, 3.1e+02s total. Expected time remaining: 4.4e+01s
2020-07-19 22:57:09,656 - root - INFO - #175 MAX:accuracy.mean: 0.83
2020-07-19 22:57:09,697 - root - DEBUG - Sampled weight [-0.29733852 -1.72005091  1.69030803  1.65873179  0.21861088]
2020-07-19 22:57:10,778 - root - DEBUG - Updating hall of fame
2020-07-19 22:57:11,328 - root - INFO - Completed generation 176; 1.7s elapsed, 1.8s avg, 3.1e+02s total. Expected time remaining: 4.2e+01s
2020-07-19 22:57:11,381 - root - INFO - #176 MAX:accuracy.mean: 0.64
2020-07-19 22:57:11,422 - root - DEBUG - Sampled weight [ 0.64603609  1.55650604  1.62452546  1.03813481 -1.0797243 ]
2020-07-19 22:57:12,501 - root - DEBUG - Updating hall of fame
2020-07-19 22:57:12,502 - root - INFO - Completed generation 177; 1.1s elapsed, 1.7s avg, 3.1e+02s total. Expected time remaining: 4e+01s
2020-07-19 22:57:12,555 - root - INFO - #177 MAX:accuracy.mean: 0.69
2020-07-19 22:57:12,597 - root - DEBUG - Sampled weight [ 0.65806523 -1.70997543 -0.48103396 -1.81794269 -0.80051307]
2020-07-19 22:57:13,675 - root - DEBUG - Updating hall of fame
2020-07-19 22:57:14,043 - root - INFO - Completed generation 178; 1.5s elapsed, 1.7s avg, 3.1e+02s total. Expected time remaining: 3.8e+01s
2020-07-19 22:57:14,097 - root - INFO - #178 MAX:accuracy.mean: 0.61
2020-07-19 22:57:14,138 - root - DEBUG - Sampled weight [ 0.62589848 -0.69096616 -1.63265646 -1.61427419  0.73350249]
2020-07-19 22:57:15,215 - root - DEBUG - Updating hall of fame
2020-07-19 22:57:15,585 - root - INFO - Completed generation 179; 1.5s elapsed, 1.7s avg, 3.1e+02s total. Expected time remaining: 3.7e+01s
2020-07-19 22:57:15,638 - root - INFO - #179 MAX:accuracy.mean: 0.67
2020-07-19 22:57:15,679 - root - DEBUG - Sampled weight [-0.87939054  0.75851993 -1.50315188  0.67212224 -0.38725357]
2020-07-19 22:57:16,753 - root - DEBUG - Updating hall of fame
2020-07-19 22:57:17,304 - root - INFO - Completed generation 180; 1.7s elapsed, 1.7s avg, 3.1e+02s total. Expected time remaining: 3.5e+01s
2020-07-19 22:57:17,357 - root - INFO - #180 MAX:accuracy.mean: 0.72
2020-07-19 22:57:17,485 - root - DEBUG - Sampled weight [ 0.08968134  1.52658356 -1.78090988 -1.37304798 -1.87728266]
2020-07-19 22:57:18,564 - root - DEBUG - Updating hall of fame
2020-07-19 22:57:19,304 - root - INFO - Completed generation 181; 1.9s elapsed, 1.7s avg, 3.2e+02s total. Expected time remaining: 3.3e+01s
2020-07-19 22:57:19,357 - root - INFO - #181 MAX:accuracy.mean: 0.65
2020-07-19 22:57:19,398 - root - DEBUG - Sampled weight [ 0.03463573  0.11103242 -1.91371705  1.2820501  -0.21928887]
2020-07-19 22:57:20,466 - root - DEBUG - Updating hall of fame
2020-07-19 22:57:20,466 - root - INFO - Completed generation 182; 1.1s elapsed, 1.7s avg, 3.2e+02s total. Expected time remaining: 3.1e+01s
2020-07-19 22:57:20,519 - root - INFO - #182 MAX:accuracy.mean: 0.65
2020-07-19 22:57:20,559 - root - DEBUG - Sampled weight [ 1.24995557  1.17987712 -1.17456235 -1.79329639 -0.64544662]
2020-07-19 22:57:21,629 - root - DEBUG - Updating hall of fame
2020-07-19 22:57:21,629 - root - INFO - Completed generation 183; 1.1s elapsed, 1.7s avg, 3.2e+02s total. Expected time remaining: 3e+01s
2020-07-19 22:57:21,682 - root - INFO - #183 MAX:accuracy.mean: 0.66
2020-07-19 22:57:21,725 - root - DEBUG - Sampled weight [-1.31925398 -0.30006506  0.86859126  0.74966024 -1.10507197]
2020-07-19 22:57:22,803 - root - DEBUG - Updating hall of fame
2020-07-19 22:57:23,538 - root - INFO - Completed generation 184; 1.9s elapsed, 1.7s avg, 3.2e+02s total. Expected time remaining: 2.8e+01s
2020-07-19 22:57:23,591 - root - INFO - #184 MAX:accuracy.mean: 0.71
2020-07-19 22:57:23,631 - root - DEBUG - Sampled weight [-0.64817301 -1.14134897 -1.89249957 -1.769015    0.96009636]
2020-07-19 22:57:24,703 - root - DEBUG - Updating hall of fame
2020-07-19 22:57:25,442 - root - INFO - Completed generation 185; 1.9s elapsed, 1.7s avg, 3.2e+02s total. Expected time remaining: 2.6e+01s
2020-07-19 22:57:25,495 - root - INFO - #185 MAX:accuracy.mean: 0.67
2020-07-19 22:57:25,535 - root - DEBUG - Sampled weight [1.76427753 1.75963659 0.89827863 0.2059116  1.07245969]
2020-07-19 22:57:26,607 - root - DEBUG - Updating hall of fame
2020-07-19 22:57:26,607 - root - INFO - Completed generation 186; 1.1s elapsed, 1.7s avg, 3.2e+02s total. Expected time remaining: 2.4e+01s
2020-07-19 22:57:26,660 - root - INFO - #186 MAX:accuracy.mean: 0.73
2020-07-19 22:57:26,701 - root - DEBUG - Sampled weight [ 0.46433322 -1.10675221  0.25974751  0.66924571  0.09401622]
2020-07-19 22:57:27,776 - root - DEBUG - Updating hall of fame
2020-07-19 22:57:28,329 - root - INFO - Completed generation 187; 1.7s elapsed, 1.7s avg, 3.2e+02s total. Expected time remaining: 2.3e+01s
2020-07-19 22:57:28,382 - root - INFO - #187 MAX:accuracy.mean: 0.77
2020-07-19 22:57:28,424 - root - DEBUG - Sampled weight [ 4.38761255e-01  6.64157799e-01  2.10112560e-04 -1.85611464e+00
  1.57615302e+00]
2020-07-19 22:57:29,501 - root - DEBUG - Updating hall of fame
2020-07-19 22:57:29,872 - root - INFO - Completed generation 188; 1.5s elapsed, 1.7s avg, 3.3e+02s total. Expected time remaining: 2.1e+01s
2020-07-19 22:57:29,926 - root - INFO - #188 MAX:accuracy.mean: 0.71
2020-07-19 22:57:29,967 - root - DEBUG - Sampled weight [-1.95158085  0.42832495 -1.05651875 -0.2391539  -0.37394343]
2020-07-19 22:57:31,039 - root - DEBUG - Updating hall of fame
2020-07-19 22:57:31,405 - root - INFO - Completed generation 189; 1.5s elapsed, 1.7s avg, 3.3e+02s total. Expected time remaining: 1.9e+01s
2020-07-19 22:57:31,458 - root - INFO - #189 MAX:accuracy.mean: 0.69
2020-07-19 22:57:31,500 - root - DEBUG - Sampled weight [-0.1675496  -1.05848474  1.81666585 -1.83362817 -0.58086149]
2020-07-19 22:57:32,573 - root - DEBUG - Updating hall of fame
2020-07-19 22:57:32,938 - root - INFO - Completed generation 190; 1.5s elapsed, 1.7s avg, 3.3e+02s total. Expected time remaining: 1.7e+01s
2020-07-19 22:57:32,992 - root - INFO - #190 MAX:accuracy.mean: 0.69
2020-07-19 22:57:33,120 - root - DEBUG - Sampled weight [ 0.5997046   1.68529669  0.19209329  1.50709761 -1.99583033]
2020-07-19 22:57:34,194 - root - DEBUG - Updating hall of fame
2020-07-19 22:57:34,194 - root - INFO - Completed generation 191; 1.1s elapsed, 1.7s avg, 3.3e+02s total. Expected time remaining: 1.6e+01s
2020-07-19 22:57:34,247 - root - INFO - #191 MAX:accuracy.mean: 0.69
2020-07-19 22:57:34,289 - root - DEBUG - Sampled weight [-0.2639007  -0.76350666  1.53528701 -0.46819981  1.92324252]
2020-07-19 22:57:35,361 - root - DEBUG - Updating hall of fame
2020-07-19 22:57:35,544 - root - INFO - Completed generation 192; 1.3s elapsed, 1.7s avg, 3.3e+02s total. Expected time remaining: 1.4e+01s
2020-07-19 22:57:35,597 - root - INFO - #192 MAX:accuracy.mean: 0.77
2020-07-19 22:57:35,639 - root - DEBUG - Sampled weight [ 1.81443672  1.86071527 -1.32243533 -0.80817908  1.67917107]
2020-07-19 22:57:36,716 - root - DEBUG - Updating hall of fame
2020-07-19 22:57:36,902 - root - INFO - Completed generation 193; 1.3s elapsed, 1.7s avg, 3.3e+02s total. Expected time remaining: 1.2e+01s
2020-07-19 22:57:36,955 - root - INFO - #193 MAX:accuracy.mean: 0.69
2020-07-19 22:57:36,996 - root - DEBUG - Sampled weight [-1.50471662 -0.42811507  0.69119432  1.83896233 -0.24602998]
2020-07-19 22:57:38,070 - root - DEBUG - Updating hall of fame
2020-07-19 22:57:38,254 - root - INFO - Completed generation 194; 1.3s elapsed, 1.7s avg, 3.3e+02s total. Expected time remaining: 1e+01s
2020-07-19 22:57:38,307 - root - INFO - #194 MAX:accuracy.mean: 0.68
2020-07-19 22:57:38,348 - root - DEBUG - Sampled weight [ 0.33700412  1.98572992  0.66192672 -0.20268134  0.64012407]
2020-07-19 22:57:39,429 - root - DEBUG - Updating hall of fame
2020-07-19 22:57:39,799 - root - INFO - Completed generation 195; 1.5s elapsed, 1.7s avg, 3.4e+02s total. Expected time remaining: 8.6s
2020-07-19 22:57:39,852 - root - INFO - #195 MAX:accuracy.mean: 0.79
2020-07-19 22:57:39,894 - root - DEBUG - Sampled weight [-0.09679388 -0.77392864  0.33770262  1.74247647 -1.64985366]
2020-07-19 22:57:40,972 - root - DEBUG - Updating hall of fame
2020-07-19 22:57:41,527 - root - INFO - Completed generation 196; 1.7s elapsed, 1.7s avg, 3.4e+02s total. Expected time remaining: 6.9s
2020-07-19 22:57:41,580 - root - INFO - #196 MAX:accuracy.mean: 0.67
2020-07-19 22:57:41,621 - root - DEBUG - Sampled weight [ 1.41501612 -0.95238509 -0.9997268  -1.40778901 -1.29469971]
2020-07-19 22:57:42,696 - root - DEBUG - Updating hall of fame
2020-07-19 22:57:42,696 - root - INFO - Completed generation 197; 1.1s elapsed, 1.7s avg, 3.4e+02s total. Expected time remaining: 5.2s
2020-07-19 22:57:42,749 - root - INFO - #197 MAX:accuracy.mean: 0.66
2020-07-19 22:57:42,790 - root - DEBUG - Sampled weight [ 0.36770073  1.55716241 -0.57835345  0.39753215 -1.91858341]
2020-07-19 22:57:43,865 - root - DEBUG - Updating hall of fame
2020-07-19 22:57:44,416 - root - INFO - Completed generation 198; 1.7s elapsed, 1.7s avg, 3.4e+02s total. Expected time remaining: 3.4s
2020-07-19 22:57:44,469 - root - INFO - #198 MAX:accuracy.mean: 0.67
2020-07-19 22:57:44,509 - root - DEBUG - Sampled weight [ 1.1258992  -1.06078618  0.64064963  0.5963097  -0.12922009]
2020-07-19 22:57:45,582 - root - DEBUG - Updating hall of fame
2020-07-19 22:57:45,768 - root - INFO - Completed generation 199; 1.3s elapsed, 1.7s avg, 3.4e+02s total. Expected time remaining: 1.7s
2020-07-19 22:57:45,821 - root - INFO - #199 MAX:accuracy.mean: 0.79
2020-07-19 22:57:45,862 - root - DEBUG - Sampled weight [-0.94127746 -0.62761937  1.78121285  0.99213594 -0.26384755]
2020-07-19 22:57:46,939 - root - DEBUG - Updating hall of fame
2020-07-19 22:57:47,491 - root - INFO - Completed generation 200; 1.7s elapsed, 1.7s avg, 3.4e+02s total. Expected time remaining: 0.0s
2020-07-19 22:57:47,545 - root - INFO - #200 MAX:accuracy.mean: 0.74
2020-07-19 22:57:47,697 - root - DEBUG - Loaded 150 samples.
2020-07-19 22:57:47,700 - root - INFO - Evaluating indivs in hall of fame.
2020-07-19 22:57:49,674 - root - INFO - Completed excution.
