2020-07-28 11:37:57,941 - root - INFO - Package version 0.1.1
2020-07-28 11:37:57,942 - root - INFO - Saving data at /vol/fob-vol1/mi15/plonerma/Lab/rewann/data/2020-07-28_Iris [1, 2, 7]; uniform -2,2; signed: True_000.
2020-07-28 11:37:57,942 - root - DEBUG - Loading training dataset
2020-07-28 11:37:58,051 - root - DEBUG - Loaded 150 samples.
2020-07-28 11:37:58,051 - root - DEBUG - Running experiments with the following parameters:
debug = true
experiment_name = "Iris [1, 2, 7]; uniform -2,2; signed: True"
experiment_path = "data/2020-07-28_Iris [1, 2, 7]; uniform -2,2; signed: True_000"

[config]
num_workers = 1
debug = true
backend = "numpy"

[postopt]
run_postopt = true
compile_report = false
num_weights = 100
num_samples = -1

[sampling]
seed = 0
post_init_seed = false
distribution = "uniform"
lower_bound = -2
upper_bound = 2
mean = 0
sigma = 1
num_weights_per_iteration = 5
num_samples_per_iteration = -1
hof_evaluation_iterations = 20

[task]
name = "iris"
sample_order_seed = 0
test_portion = 0.2
sample_length = 10
num_categories = 8

[storage]
data_base_path = "data"
log_filename = "execution.log"
commit_elite_freq = -1
commit_metrics_freq = 10

[population]
num_generations = 200
size = 100
initial_enabled_edge_prob = 0.05
initial_genes = "full"
hof_size = 10
enable_edge_signs = true
enabled_activation_funcs = [ 1, 2, 7,]

[selection]
use_tournaments = true
elite_ratio = 0.1
culling_ratio = 0.2
tournament_size = 5
objectives = [ "-log_loss.min", "-log_loss.mean", "-n_hidden",]
recorded_metrics = [ "accuracy", "kappa", "log_loss",]
hof_metric = "accuracy.mean"

[mutation.new_edge]
probability = 0.2
strategy = "layer_agnostic"
propability = 0.2

[mutation.new_node]
probability = 0.25
propability = 0.3

[mutation.reenable_edge]
probability = 0.05
propability = 0.1

[mutation.change_activation]
probability = 0.5
propability = 0.4

[mutation.change_edge_sign]
probability = 0.2

[mutation.new_recurrent_edge]
probability = 0.2
strategy = "any"

2020-07-28 11:37:58,063 - root - INFO - Starting evolutionary algorithm
2020-07-28 11:37:58,090 - root - DEBUG - Sampled weight [ 1.97960763  0.98266634  0.5447582  -1.68770058 -0.7071392 ]
2020-07-28 11:37:59,220 - root - DEBUG - Updating hall of fame
2020-07-28 11:38:01,127 - root - INFO - Completed generation 1; 3.1s elapsed, 3.1s avg, 3.1s total. Expected time remaining: 6.1e+02s
2020-07-28 11:38:01,182 - root - INFO - #1 MAX:accuracy.mean: 0.45
2020-07-28 11:38:01,222 - root - DEBUG - Sampled weight [ 1.69460744 -0.9649973  -1.207362   -1.02499283  1.26940847]
2020-07-28 11:38:02,290 - root - DEBUG - Updating hall of fame
2020-07-28 11:38:04,112 - root - INFO - Completed generation 2; 2.9s elapsed, 3.0s avg, 6.0s total. Expected time remaining: 5.9e+02s
2020-07-28 11:38:04,160 - root - INFO - #2 MAX:accuracy.mean: 0.47
2020-07-28 11:38:04,202 - root - DEBUG - Sampled weight [-1.03850752  0.47141523  1.17670428  1.37156177 -1.04068042]
2020-07-28 11:38:05,253 - root - DEBUG - Updating hall of fame
2020-07-28 11:38:06,911 - root - INFO - Completed generation 3; 2.8s elapsed, 2.9s avg, 8.7s total. Expected time remaining: 5.7e+02s
2020-07-28 11:38:06,960 - root - INFO - #3 MAX:accuracy.mean: 0.62
2020-07-28 11:38:07,000 - root - DEBUG - Sampled weight [-1.87477834  0.93067896  1.51969014  0.46755112 -0.96627747]
2020-07-28 11:38:08,055 - root - DEBUG - Updating hall of fame
2020-07-28 11:38:09,931 - root - INFO - Completed generation 4; 3.0s elapsed, 2.9s avg, 1.2e+01s total. Expected time remaining: 5.7e+02s
2020-07-28 11:38:09,980 - root - INFO - #4 MAX:accuracy.mean: 0.67
2020-07-28 11:38:10,021 - root - DEBUG - Sampled weight [-1.14383768 -1.31075389  1.23518554  0.48253162  0.56520311]
2020-07-28 11:38:11,071 - root - DEBUG - Updating hall of fame
2020-07-28 11:38:12,572 - root - INFO - Completed generation 5; 2.6s elapsed, 2.9s avg, 1.4e+01s total. Expected time remaining: 5.6e+02s
2020-07-28 11:38:12,621 - root - INFO - #5 MAX:accuracy.mean: 0.67
2020-07-28 11:38:12,661 - root - DEBUG - Sampled weight [-0.56896103  1.89789158 -0.26431271 -0.38117653  1.70144253]
2020-07-28 11:38:13,724 - root - DEBUG - Updating hall of fame
2020-07-28 11:38:15,415 - root - INFO - Completed generation 6; 2.8s elapsed, 2.9s avg, 1.7e+01s total. Expected time remaining: 5.5e+02s
2020-07-28 11:38:15,463 - root - INFO - #6 MAX:accuracy.mean: 0.67
2020-07-28 11:38:15,503 - root - DEBUG - Sampled weight [-0.50200238 -1.05189055  0.03861314 -0.92597855  0.44168329]
2020-07-28 11:38:16,557 - root - DEBUG - Updating hall of fame
2020-07-28 11:38:17,852 - root - INFO - Completed generation 7; 2.4s elapsed, 2.8s avg, 1.9e+01s total. Expected time remaining: 5.4e+02s
2020-07-28 11:38:17,900 - root - INFO - #7 MAX:accuracy.mean: 0.71
2020-07-28 11:38:17,941 - root - DEBUG - Sampled weight [ 1.51796058 -0.91565139  0.22125883 -1.52069005 -1.81250872]
2020-07-28 11:38:18,992 - root - DEBUG - Updating hall of fame
2020-07-28 11:38:20,449 - root - INFO - Completed generation 8; 2.5s elapsed, 2.8s avg, 2.2e+01s total. Expected time remaining: 5.3e+02s
2020-07-28 11:38:20,499 - root - INFO - #8 MAX:accuracy.mean: 0.6
2020-07-28 11:38:20,539 - root - DEBUG - Sampled weight [-0.58836125 -0.48292807  1.38546589 -1.18579459  1.87149538]
2020-07-28 11:38:21,587 - root - DEBUG - Updating hall of fame
2020-07-28 11:38:23,044 - root - INFO - Completed generation 9; 2.5s elapsed, 2.7s avg, 2.5e+01s total. Expected time remaining: 5.2e+02s
2020-07-28 11:38:23,093 - root - INFO - #9 MAX:accuracy.mean: 0.63
2020-07-28 11:38:23,133 - root - DEBUG - Sampled weight [-1.66280059 -1.16152057  1.99450276  1.90339226 -1.87663486]
2020-07-28 11:38:24,190 - root - DEBUG - Updating hall of fame
2020-07-28 11:38:24,374 - root - INFO - Completed generation 10; 1.3s elapsed, 2.6s avg, 2.6e+01s total. Expected time remaining: 4.9e+02s
2020-07-28 11:38:24,423 - root - INFO - #10 MAX:accuracy.mean: 0.54
2020-07-28 11:38:24,505 - root - DEBUG - Sampled weight [ 0.08865153  0.47307141  0.95421081 -1.87004061  1.27495102]
2020-07-28 11:38:25,559 - root - DEBUG - Updating hall of fame
2020-07-28 11:38:25,927 - root - INFO - Completed generation 11; 1.5s elapsed, 2.5s avg, 2.7e+01s total. Expected time remaining: 4.7e+02s
2020-07-28 11:38:25,975 - root - INFO - #11 MAX:accuracy.mean: 0.5
2020-07-28 11:38:26,016 - root - DEBUG - Sampled weight [-0.97393912 -1.9162508   0.72105323 -1.36716184  0.09204491]
2020-07-28 11:38:27,066 - root - DEBUG - Updating hall of fame
2020-07-28 11:38:27,249 - root - INFO - Completed generation 12; 1.3s elapsed, 2.4s avg, 2.9e+01s total. Expected time remaining: 4.5e+02s
2020-07-28 11:38:27,298 - root - INFO - #12 MAX:accuracy.mean: 0.59
2020-07-28 11:38:27,338 - root - DEBUG - Sampled weight [ 1.90466975 -1.7239797   0.12458463  1.59943411 -0.87078552]
2020-07-28 11:38:28,397 - root - DEBUG - Updating hall of fame
2020-07-28 11:38:30,222 - root - INFO - Completed generation 13; 2.9s elapsed, 2.4s avg, 3.2e+01s total. Expected time remaining: 4.5e+02s
2020-07-28 11:38:30,271 - root - INFO - #13 MAX:accuracy.mean: 0.49
2020-07-28 11:38:30,312 - root - DEBUG - Sampled weight [-1.09052492  1.04399719  1.27927011  0.21538586 -1.37525495]
2020-07-28 11:38:31,368 - root - DEBUG - Updating hall of fame
2020-07-28 11:38:31,553 - root - INFO - Completed generation 14; 1.3s elapsed, 2.3s avg, 3.3e+01s total. Expected time remaining: 4.4e+02s
2020-07-28 11:38:31,602 - root - INFO - #14 MAX:accuracy.mean: 0.5
2020-07-28 11:38:31,643 - root - DEBUG - Sampled weight [-0.19873612 -1.4312182   0.33763146 -0.05839145  0.57085289]
2020-07-28 11:38:32,699 - root - DEBUG - Updating hall of fame
2020-07-28 11:38:33,068 - root - INFO - Completed generation 15; 1.5s elapsed, 2.3s avg, 3.4e+01s total. Expected time remaining: 4.2e+02s
2020-07-28 11:38:33,117 - root - INFO - #15 MAX:accuracy.mean: 0.53
2020-07-28 11:38:33,158 - root - DEBUG - Sampled weight [-0.78529129  0.83592288  0.20607872 -1.86681239  1.64037906]
2020-07-28 11:38:34,215 - root - DEBUG - Updating hall of fame
2020-07-28 11:38:34,579 - root - INFO - Completed generation 16; 1.5s elapsed, 2.2s avg, 3.6e+01s total. Expected time remaining: 4.1e+02s
2020-07-28 11:38:34,628 - root - INFO - #16 MAX:accuracy.mean: 0.49
2020-07-28 11:38:34,668 - root - DEBUG - Sampled weight [-1.49208618  1.44203083 -0.97268776 -0.37915474 -1.67177662]
2020-07-28 11:38:35,727 - root - DEBUG - Updating hall of fame
2020-07-28 11:38:36,465 - root - INFO - Completed generation 17; 1.8s elapsed, 2.2s avg, 3.8e+01s total. Expected time remaining: 4e+02s
2020-07-28 11:38:36,514 - root - INFO - #17 MAX:accuracy.mean: 0.67
2020-07-28 11:38:36,555 - root - DEBUG - Sampled weight [-0.96480105 -0.06084677 -0.84762399  0.57870728  0.86821711]
2020-07-28 11:38:37,610 - root - DEBUG - Updating hall of fame
2020-07-28 11:38:39,070 - root - INFO - Completed generation 18; 2.6s elapsed, 2.2s avg, 4e+01s total. Expected time remaining: 4.1e+02s
2020-07-28 11:38:39,118 - root - INFO - #18 MAX:accuracy.mean: 0.5
2020-07-28 11:38:39,159 - root - DEBUG - Sampled weight [ 0.0712035   0.56113856 -0.88599241 -0.52773582 -0.10155368]
2020-07-28 11:38:40,212 - root - DEBUG - Updating hall of fame
2020-07-28 11:38:40,578 - root - INFO - Completed generation 19; 1.5s elapsed, 2.2s avg, 4.2e+01s total. Expected time remaining: 4e+02s
2020-07-28 11:38:40,628 - root - INFO - #19 MAX:accuracy.mean: 0.49
2020-07-28 11:38:40,669 - root - DEBUG - Sampled weight [ 0.3965331   0.18664886  1.43616389  0.42461183 -1.42439385]
2020-07-28 11:38:41,720 - root - DEBUG - Updating hall of fame
2020-07-28 11:38:42,633 - root - INFO - Completed generation 20; 2.0s elapsed, 2.2s avg, 4.4e+01s total. Expected time remaining: 3.9e+02s
2020-07-28 11:38:42,681 - root - INFO - #20 MAX:accuracy.mean: 0.47
2020-07-28 11:38:42,759 - root - DEBUG - Sampled weight [-0.41596395  0.74402684 -1.82533928 -0.27856136  0.30628965]
2020-07-28 11:38:43,821 - root - DEBUG - Updating hall of fame
2020-07-28 11:38:44,007 - root - INFO - Completed generation 21; 1.3s elapsed, 2.1s avg, 4.5e+01s total. Expected time remaining: 3.8e+02s
2020-07-28 11:38:44,056 - root - INFO - #21 MAX:accuracy.mean: 0.54
2020-07-28 11:38:44,096 - root - DEBUG - Sampled weight [-1.2942805   1.13099288  0.46081764 -1.8971908   1.58226314]
2020-07-28 11:38:45,152 - root - DEBUG - Updating hall of fame
2020-07-28 11:38:46,066 - root - INFO - Completed generation 22; 2.0s elapsed, 2.1s avg, 4.7e+01s total. Expected time remaining: 3.8e+02s
2020-07-28 11:38:46,114 - root - INFO - #22 MAX:accuracy.mean: 0.5
2020-07-28 11:38:46,155 - root - DEBUG - Sampled weight [-0.05411208  1.98345618  1.41428407 -1.65838148 -0.64927344]
2020-07-28 11:38:47,214 - root - DEBUG - Updating hall of fame
2020-07-28 11:38:48,134 - root - INFO - Completed generation 23; 2.0s elapsed, 2.1s avg, 4.9e+01s total. Expected time remaining: 3.8e+02s
2020-07-28 11:38:48,183 - root - INFO - #23 MAX:accuracy.mean: 0.58
2020-07-28 11:38:48,224 - root - DEBUG - Sampled weight [ 0.75742833  1.92967623 -1.41398169 -1.39533192  1.64452263]
2020-07-28 11:38:49,281 - root - DEBUG - Updating hall of fame
2020-07-28 11:38:49,652 - root - INFO - Completed generation 24; 1.5s elapsed, 2.1s avg, 5e+01s total. Expected time remaining: 3.7e+02s
2020-07-28 11:38:49,700 - root - INFO - #24 MAX:accuracy.mean: 0.57
2020-07-28 11:38:49,741 - root - DEBUG - Sampled weight [ 0.9291084  -1.02978003 -1.74308022 -0.49681075  1.0079548 ]
2020-07-28 11:38:50,799 - root - DEBUG - Updating hall of fame
2020-07-28 11:38:51,346 - root - INFO - Completed generation 25; 1.6s elapsed, 2.1s avg, 5.2e+01s total. Expected time remaining: 3.6e+02s
2020-07-28 11:38:51,394 - root - INFO - #25 MAX:accuracy.mean: 0.56
2020-07-28 11:38:51,435 - root - DEBUG - Sampled weight [-1.22002988  0.99012686  1.92983216  1.74506214 -0.43703133]
2020-07-28 11:38:52,497 - root - DEBUG - Updating hall of fame
2020-07-28 11:38:53,422 - root - INFO - Completed generation 26; 2.0s elapsed, 2.1s avg, 5.4e+01s total. Expected time remaining: 3.6e+02s
2020-07-28 11:38:53,471 - root - INFO - #26 MAX:accuracy.mean: 0.53
2020-07-28 11:38:53,512 - root - DEBUG - Sampled weight [ 0.70331817  1.11428015 -1.87347451 -0.70138191  1.67260106]
2020-07-28 11:38:54,575 - root - DEBUG - Updating hall of fame
2020-07-28 11:38:55,313 - root - INFO - Completed generation 27; 1.8s elapsed, 2.1s avg, 5.6e+01s total. Expected time remaining: 3.6e+02s
2020-07-28 11:38:55,362 - root - INFO - #27 MAX:accuracy.mean: 0.6
2020-07-28 11:38:55,403 - root - DEBUG - Sampled weight [-1.27029016  1.36298004 -0.93397245 -0.50967088 -1.49495191]
2020-07-28 11:38:56,467 - root - DEBUG - Updating hall of fame
2020-07-28 11:38:57,204 - root - INFO - Completed generation 28; 1.8s elapsed, 2.1s avg, 5.8e+01s total. Expected time remaining: 3.5e+02s
2020-07-28 11:38:57,252 - root - INFO - #28 MAX:accuracy.mean: 0.7
2020-07-28 11:38:57,293 - root - DEBUG - Sampled weight [ 1.82821196 -1.81804933 -1.79989053 -0.02739317  0.90326752]
2020-07-28 11:38:58,357 - root - DEBUG - Updating hall of fame
2020-07-28 11:38:59,639 - root - INFO - Completed generation 29; 2.4s elapsed, 2.1s avg, 6e+01s total. Expected time remaining: 3.5e+02s
2020-07-28 11:38:59,688 - root - INFO - #29 MAX:accuracy.mean: 0.53
2020-07-28 11:38:59,729 - root - DEBUG - Sampled weight [-1.24587049  0.19167177  1.35351929 -1.61680784 -1.46443299]
2020-07-28 11:39:00,782 - root - DEBUG - Updating hall of fame
2020-07-28 11:39:00,783 - root - INFO - Completed generation 30; 1.1s elapsed, 2.0s avg, 6.1e+01s total. Expected time remaining: 3.5e+02s
2020-07-28 11:39:00,831 - root - INFO - #30 MAX:accuracy.mean: 0.59
2020-07-28 11:39:00,910 - root - DEBUG - Sampled weight [-0.67779224 -1.85784893  1.58403986 -0.0431824   1.89910146]
2020-07-28 11:39:01,980 - root - DEBUG - Updating hall of fame
2020-07-28 11:39:03,088 - root - INFO - Completed generation 31; 2.2s elapsed, 2.0s avg, 6.3e+01s total. Expected time remaining: 3.5e+02s
2020-07-28 11:39:03,137 - root - INFO - #31 MAX:accuracy.mean: 0.53
2020-07-28 11:39:03,178 - root - DEBUG - Sampled weight [ 0.57232308 -0.44202159 -1.67891006  0.63011746 -0.09273038]
2020-07-28 11:39:04,273 - root - DEBUG - Updating hall of fame
2020-07-28 11:39:04,274 - root - INFO - Completed generation 32; 1.1s elapsed, 2.0s avg, 6.5e+01s total. Expected time remaining: 3.4e+02s
2020-07-28 11:39:04,324 - root - INFO - #32 MAX:accuracy.mean: 0.46
2020-07-28 11:39:04,365 - root - DEBUG - Sampled weight [-1.99500901 -0.03438731 -1.68815205 -0.97720576  0.66862219]
2020-07-28 11:39:05,448 - root - DEBUG - Updating hall of fame
2020-07-28 11:39:06,359 - root - INFO - Completed generation 33; 2.0s elapsed, 2.0s avg, 6.7e+01s total. Expected time remaining: 3.4e+02s
2020-07-28 11:39:06,407 - root - INFO - #33 MAX:accuracy.mean: 0.65
2020-07-28 11:39:06,449 - root - DEBUG - Sampled weight [ 1.89878778 -0.66267576 -1.43966008  1.77746945 -0.19554933]
2020-07-28 11:39:07,513 - root - DEBUG - Updating hall of fame
2020-07-28 11:39:08,259 - root - INFO - Completed generation 34; 1.9s elapsed, 2.0s avg, 6.8e+01s total. Expected time remaining: 3.3e+02s
2020-07-28 11:39:08,308 - root - INFO - #34 MAX:accuracy.mean: 0.56
2020-07-28 11:39:08,348 - root - DEBUG - Sampled weight [-0.70434337  1.48225579  1.35308205  1.11271936  1.88388255]
2020-07-28 11:39:09,417 - root - DEBUG - Updating hall of fame
2020-07-28 11:39:09,971 - root - INFO - Completed generation 35; 1.7s elapsed, 2.0s avg, 7e+01s total. Expected time remaining: 3.3e+02s
2020-07-28 11:39:10,020 - root - INFO - #35 MAX:accuracy.mean: 0.4
2020-07-28 11:39:10,060 - root - DEBUG - Sampled weight [-1.88539209 -1.13532144 -1.82917105  0.50469219 -1.03523286]
2020-07-28 11:39:11,127 - root - DEBUG - Updating hall of fame
2020-07-28 11:39:11,315 - root - INFO - Completed generation 36; 1.3s elapsed, 2.0s avg, 7.1e+01s total. Expected time remaining: 3.3e+02s
2020-07-28 11:39:11,364 - root - INFO - #36 MAX:accuracy.mean: 0.7
2020-07-28 11:39:11,405 - root - DEBUG - Sampled weight [-1.10983019  1.93244698  1.65825009  0.97716449 -1.7583826 ]
2020-07-28 11:39:12,465 - root - DEBUG - Updating hall of fame
2020-07-28 11:39:13,564 - root - INFO - Completed generation 37; 2.2s elapsed, 2.0s avg, 7.4e+01s total. Expected time remaining: 3.2e+02s
2020-07-28 11:39:13,613 - root - INFO - #37 MAX:accuracy.mean: 0.47
2020-07-28 11:39:13,654 - root - DEBUG - Sampled weight [ 1.25620122  1.40589676  0.76585527  0.4255305  -1.69776775]
2020-07-28 11:39:14,717 - root - DEBUG - Updating hall of fame
2020-07-28 11:39:14,717 - root - INFO - Completed generation 38; 1.1s elapsed, 2.0s avg, 7.5e+01s total. Expected time remaining: 3.2e+02s
2020-07-28 11:39:14,872 - root - INFO - #38 MAX:accuracy.mean: 0.4
2020-07-28 11:39:14,913 - root - DEBUG - Sampled weight [ 0.23745619  1.00599729 -1.7396961   1.66623143 -1.46547921]
2020-07-28 11:39:15,980 - root - DEBUG - Updating hall of fame
2020-07-28 11:39:16,345 - root - INFO - Completed generation 39; 1.5s elapsed, 2.0s avg, 7.6e+01s total. Expected time remaining: 3.1e+02s
2020-07-28 11:39:16,394 - root - INFO - #39 MAX:accuracy.mean: 0.47
2020-07-28 11:39:16,436 - root - DEBUG - Sampled weight [-0.26734548  1.93981598 -1.37730155 -1.47673118 -0.01466084]
2020-07-28 11:39:17,492 - root - DEBUG - Updating hall of fame
2020-07-28 11:39:18,227 - root - INFO - Completed generation 40; 1.8s elapsed, 2.0s avg, 7.8e+01s total. Expected time remaining: 3.1e+02s
2020-07-28 11:39:18,275 - root - INFO - #40 MAX:accuracy.mean: 0.63
2020-07-28 11:39:18,354 - root - DEBUG - Sampled weight [ 1.17404442 -1.27189196  0.87127152 -1.1999742   0.47075533]
2020-07-28 11:39:19,432 - root - DEBUG - Updating hall of fame
2020-07-28 11:39:20,540 - root - INFO - Completed generation 41; 2.2s elapsed, 2.0s avg, 8e+01s total. Expected time remaining: 3.1e+02s
2020-07-28 11:39:20,589 - root - INFO - #41 MAX:accuracy.mean: 0.47
2020-07-28 11:39:20,629 - root - DEBUG - Sampled weight [ 0.75966497 -1.6197558   0.3768766   0.03105859  1.46732568]
2020-07-28 11:39:21,697 - root - DEBUG - Updating hall of fame
2020-07-28 11:39:22,257 - root - INFO - Completed generation 42; 1.7s elapsed, 2.0s avg, 8.2e+01s total. Expected time remaining: 3.1e+02s
2020-07-28 11:39:22,306 - root - INFO - #42 MAX:accuracy.mean: 0.45
2020-07-28 11:39:22,347 - root - DEBUG - Sampled weight [ 0.56871574  1.6329777  -1.3510023   1.70074781 -0.62437392]
2020-07-28 11:39:23,418 - root - DEBUG - Updating hall of fame
2020-07-28 11:39:23,603 - root - INFO - Completed generation 43; 1.3s elapsed, 1.9s avg, 8.3e+01s total. Expected time remaining: 3e+02s
2020-07-28 11:39:23,651 - root - INFO - #43 MAX:accuracy.mean: 0.5
2020-07-28 11:39:23,692 - root - DEBUG - Sampled weight [-1.43411068 -1.96599763  0.2059928   1.6144893   0.99618502]
2020-07-28 11:39:24,755 - root - DEBUG - Updating hall of fame
2020-07-28 11:39:25,488 - root - INFO - Completed generation 44; 1.8s elapsed, 1.9s avg, 8.5e+01s total. Expected time remaining: 3e+02s
2020-07-28 11:39:25,536 - root - INFO - #44 MAX:accuracy.mean: 0.46
2020-07-28 11:39:25,578 - root - DEBUG - Sampled weight [ 1.35463204 -0.98597395 -1.08444598 -0.65657924  1.95093246]
2020-07-28 11:39:26,642 - root - DEBUG - Updating hall of fame
2020-07-28 11:39:26,643 - root - INFO - Completed generation 45; 1.1s elapsed, 1.9s avg, 8.6e+01s total. Expected time remaining: 3e+02s
2020-07-28 11:39:26,691 - root - INFO - #45 MAX:accuracy.mean: 0.76
2020-07-28 11:39:26,732 - root - DEBUG - Sampled weight [ 0.72335756 -1.26437492  0.29772495  1.8703508  -1.55348512]
2020-07-28 11:39:27,800 - root - DEBUG - Updating hall of fame
2020-07-28 11:39:29,090 - root - INFO - Completed generation 46; 2.4s elapsed, 1.9s avg, 8.9e+01s total. Expected time remaining: 3e+02s
2020-07-28 11:39:29,139 - root - INFO - #46 MAX:accuracy.mean: 0.47
2020-07-28 11:39:29,180 - root - DEBUG - Sampled weight [-0.82934894  1.16508313  0.76249395  0.58888588  0.30587599]
2020-07-28 11:39:30,243 - root - DEBUG - Updating hall of fame
2020-07-28 11:39:30,619 - root - INFO - Completed generation 47; 1.5s elapsed, 1.9s avg, 9e+01s total. Expected time remaining: 2.9e+02s
2020-07-28 11:39:30,667 - root - INFO - #47 MAX:accuracy.mean: 0.54
2020-07-28 11:39:30,709 - root - DEBUG - Sampled weight [ 1.18111675 -0.80072533  1.24356994  1.99643205  1.97854176]
2020-07-28 11:39:31,772 - root - DEBUG - Updating hall of fame
2020-07-28 11:39:32,324 - root - INFO - Completed generation 48; 1.7s elapsed, 1.9s avg, 9.2e+01s total. Expected time remaining: 2.9e+02s
2020-07-28 11:39:32,375 - root - INFO - #48 MAX:accuracy.mean: 0.61
2020-07-28 11:39:32,416 - root - DEBUG - Sampled weight [-0.30365866  0.39727133 -0.52402222 -0.22988125 -1.42000295]
2020-07-28 11:39:33,502 - root - DEBUG - Updating hall of fame
2020-07-28 11:39:34,423 - root - INFO - Completed generation 49; 2.0s elapsed, 1.9s avg, 9.4e+01s total. Expected time remaining: 2.9e+02s
2020-07-28 11:39:34,472 - root - INFO - #49 MAX:accuracy.mean: 0.65
2020-07-28 11:39:34,513 - root - DEBUG - Sampled weight [0.20926809 1.05755567 0.42441292 0.86819393 1.09872263]
2020-07-28 11:39:35,584 - root - DEBUG - Updating hall of fame
2020-07-28 11:39:36,690 - root - INFO - Completed generation 50; 2.2s elapsed, 1.9s avg, 9.6e+01s total. Expected time remaining: 2.9e+02s
2020-07-28 11:39:36,739 - root - INFO - #50 MAX:accuracy.mean: 0.49
2020-07-28 11:39:36,846 - root - DEBUG - Sampled weight [-0.91322913  0.74319273 -1.78623169 -0.88509154  1.62282335]
2020-07-28 11:39:37,913 - root - DEBUG - Updating hall of fame
2020-07-28 11:39:38,285 - root - INFO - Completed generation 51; 1.5s elapsed, 1.9s avg, 9.7e+01s total. Expected time remaining: 2.8e+02s
2020-07-28 11:39:38,334 - root - INFO - #51 MAX:accuracy.mean: 0.55
2020-07-28 11:39:38,375 - root - DEBUG - Sampled weight [-1.92360872  1.65440208  0.05425456 -0.70892147  1.79845771]
2020-07-28 11:39:39,442 - root - DEBUG - Updating hall of fame
2020-07-28 11:39:40,541 - root - INFO - Completed generation 52; 2.2s elapsed, 1.9s avg, 1e+02s total. Expected time remaining: 2.8e+02s
2020-07-28 11:39:40,590 - root - INFO - #52 MAX:accuracy.mean: 0.52
2020-07-28 11:39:40,631 - root - DEBUG - Sampled weight [ 0.12473518  1.24306134 -0.82532133 -1.17086686 -1.50734581]
2020-07-28 11:39:41,696 - root - DEBUG - Updating hall of fame
2020-07-28 11:39:42,064 - root - INFO - Completed generation 53; 1.5s elapsed, 1.9s avg, 1e+02s total. Expected time remaining: 2.8e+02s
2020-07-28 11:39:42,113 - root - INFO - #53 MAX:accuracy.mean: 0.61
2020-07-28 11:39:42,155 - root - DEBUG - Sampled weight [-1.08110438 -0.59718366  0.75110201 -0.57679493  0.68778932]
2020-07-28 11:39:43,237 - root - DEBUG - Updating hall of fame
2020-07-28 11:39:44,343 - root - INFO - Completed generation 54; 2.2s elapsed, 1.9s avg, 1e+02s total. Expected time remaining: 2.8e+02s
2020-07-28 11:39:44,392 - root - INFO - #54 MAX:accuracy.mean: 0.72
2020-07-28 11:39:44,433 - root - DEBUG - Sampled weight [-1.99597631  1.8230605   0.63160354 -1.70790625  1.23199757]
2020-07-28 11:39:45,499 - root - DEBUG - Updating hall of fame
2020-07-28 11:39:46,238 - root - INFO - Completed generation 55; 1.8s elapsed, 1.9s avg, 1.1e+02s total. Expected time remaining: 2.8e+02s
2020-07-28 11:39:46,287 - root - INFO - #55 MAX:accuracy.mean: 0.61
2020-07-28 11:39:46,327 - root - DEBUG - Sampled weight [-0.12478713 -1.42252792  1.49979363  0.96824455 -0.67587889]
2020-07-28 11:39:47,389 - root - DEBUG - Updating hall of fame
2020-07-28 11:39:47,755 - root - INFO - Completed generation 56; 1.5s elapsed, 1.9s avg, 1.1e+02s total. Expected time remaining: 2.7e+02s
2020-07-28 11:39:47,804 - root - INFO - #56 MAX:accuracy.mean: 0.6
2020-07-28 11:39:47,844 - root - DEBUG - Sampled weight [ 0.79752457 -0.7090688  -0.86438922 -1.15812435  0.70952241]
2020-07-28 11:39:48,918 - root - DEBUG - Updating hall of fame
2020-07-28 11:39:50,023 - root - INFO - Completed generation 57; 2.2s elapsed, 1.9s avg, 1.1e+02s total. Expected time remaining: 2.7e+02s
2020-07-28 11:39:50,072 - root - INFO - #57 MAX:accuracy.mean: 0.83
2020-07-28 11:39:50,113 - root - DEBUG - Sampled weight [ 0.23114061  1.69456427  1.4732563  -0.82848989 -0.83846995]
2020-07-28 11:39:51,184 - root - DEBUG - Updating hall of fame
2020-07-28 11:39:52,290 - root - INFO - Completed generation 58; 2.2s elapsed, 1.9s avg, 1.1e+02s total. Expected time remaining: 2.7e+02s
2020-07-28 11:39:52,338 - root - INFO - #58 MAX:accuracy.mean: 0.59
2020-07-28 11:39:52,380 - root - DEBUG - Sampled weight [-0.95319664 -0.76760697  1.81592319 -0.42909084 -1.66099588]
2020-07-28 11:39:53,457 - root - DEBUG - Updating hall of fame
2020-07-28 11:39:53,641 - root - INFO - Completed generation 59; 1.3s elapsed, 1.9s avg, 1.1e+02s total. Expected time remaining: 2.7e+02s
2020-07-28 11:39:53,690 - root - INFO - #59 MAX:accuracy.mean: 0.72
2020-07-28 11:39:53,731 - root - DEBUG - Sampled weight [-0.14165143  1.18977935  1.26167806  1.89977334 -1.96137822]
2020-07-28 11:39:54,801 - root - DEBUG - Updating hall of fame
2020-07-28 11:39:55,908 - root - INFO - Completed generation 60; 2.2s elapsed, 1.9s avg, 1.1e+02s total. Expected time remaining: 2.7e+02s
2020-07-28 11:39:55,957 - root - INFO - #60 MAX:accuracy.mean: 0.55
2020-07-28 11:39:56,039 - root - DEBUG - Sampled weight [-1.06701227 -0.48830528 -1.25121441 -1.24671227 -1.08178679]
2020-07-28 11:39:57,119 - root - DEBUG - Updating hall of fame
2020-07-28 11:39:57,306 - root - INFO - Completed generation 61; 1.3s elapsed, 1.9s avg, 1.2e+02s total. Expected time remaining: 2.6e+02s
2020-07-28 11:39:57,355 - root - INFO - #61 MAX:accuracy.mean: 0.9
2020-07-28 11:39:57,396 - root - DEBUG - Sampled weight [-0.24119117 -1.87733507 -0.59541241 -0.20296321  1.68672133]
2020-07-28 11:39:58,464 - root - DEBUG - Updating hall of fame
2020-07-28 11:40:00,112 - root - INFO - Completed generation 62; 2.8s elapsed, 1.9s avg, 1.2e+02s total. Expected time remaining: 2.6e+02s
2020-07-28 11:40:00,161 - root - INFO - #62 MAX:accuracy.mean: 0.75
2020-07-28 11:40:00,202 - root - DEBUG - Sampled weight [-0.72036278  0.6862431   0.15530619  1.13722953  1.68868751]
2020-07-28 11:40:01,263 - root - DEBUG - Updating hall of fame
2020-07-28 11:40:01,818 - root - INFO - Completed generation 63; 1.7s elapsed, 1.9s avg, 1.2e+02s total. Expected time remaining: 2.6e+02s
2020-07-28 11:40:01,867 - root - INFO - #63 MAX:accuracy.mean: 0.57
2020-07-28 11:40:01,909 - root - DEBUG - Sampled weight [ 1.61413345 -0.71182049 -1.15641033 -0.30658098 -1.7154324 ]
2020-07-28 11:40:02,986 - root - DEBUG - Updating hall of fame
2020-07-28 11:40:03,908 - root - INFO - Completed generation 64; 2.0s elapsed, 1.9s avg, 1.2e+02s total. Expected time remaining: 2.6e+02s
2020-07-28 11:40:03,957 - root - INFO - #64 MAX:accuracy.mean: 0.71
2020-07-28 11:40:03,997 - root - DEBUG - Sampled weight [-1.21628151 -0.63367068  0.23337219  0.68977996 -1.45150154]
2020-07-28 11:40:05,057 - root - DEBUG - Updating hall of fame
2020-07-28 11:40:06,347 - root - INFO - Completed generation 65; 2.4s elapsed, 1.9s avg, 1.2e+02s total. Expected time remaining: 2.6e+02s
2020-07-28 11:40:06,396 - root - INFO - #65 MAX:accuracy.mean: 0.58
2020-07-28 11:40:06,436 - root - DEBUG - Sampled weight [ 1.34259065 -0.81859806 -0.54169024 -1.65728627  1.6885018 ]
2020-07-28 11:40:07,499 - root - DEBUG - Updating hall of fame
2020-07-28 11:40:08,058 - root - INFO - Completed generation 66; 1.7s elapsed, 1.9s avg, 1.3e+02s total. Expected time remaining: 2.6e+02s
2020-07-28 11:40:08,107 - root - INFO - #66 MAX:accuracy.mean: 0.66
2020-07-28 11:40:08,148 - root - DEBUG - Sampled weight [ 0.41980464 -1.25910858  1.75681966 -0.11308167 -1.41947096]
2020-07-28 11:40:09,213 - root - DEBUG - Updating hall of fame
2020-07-28 11:40:10,679 - root - INFO - Completed generation 67; 2.6s elapsed, 1.9s avg, 1.3e+02s total. Expected time remaining: 2.6e+02s
2020-07-28 11:40:10,728 - root - INFO - #67 MAX:accuracy.mean: 0.64
2020-07-28 11:40:10,768 - root - DEBUG - Sampled weight [-0.74106253  0.04827188 -1.50329558 -1.27463541 -0.54168335]
2020-07-28 11:40:11,838 - root - DEBUG - Updating hall of fame
2020-07-28 11:40:12,950 - root - INFO - Completed generation 68; 2.2s elapsed, 1.9s avg, 1.3e+02s total. Expected time remaining: 2.5e+02s
2020-07-28 11:40:12,999 - root - INFO - #68 MAX:accuracy.mean: 0.77
2020-07-28 11:40:13,041 - root - DEBUG - Sampled weight [-1.9876715   0.97663694 -0.70728071 -1.06380116  1.81793936]
2020-07-28 11:40:14,120 - root - DEBUG - Updating hall of fame
2020-07-28 11:40:15,233 - root - INFO - Completed generation 69; 2.2s elapsed, 1.9s avg, 1.3e+02s total. Expected time remaining: 2.5e+02s
2020-07-28 11:40:15,282 - root - INFO - #69 MAX:accuracy.mean: 0.67
2020-07-28 11:40:15,324 - root - DEBUG - Sampled weight [-0.46805784  1.33554782  1.11275088 -0.0110711  -1.72066677]
2020-07-28 11:40:16,387 - root - DEBUG - Updating hall of fame
2020-07-28 11:40:16,761 - root - INFO - Completed generation 70; 1.5s elapsed, 1.9s avg, 1.3e+02s total. Expected time remaining: 2.5e+02s
2020-07-28 11:40:16,810 - root - INFO - #70 MAX:accuracy.mean: 0.67
2020-07-28 11:40:16,895 - root - DEBUG - Sampled weight [ 1.00587999  0.131788   -1.84192549  0.20744978  0.20457976]
2020-07-28 11:40:17,967 - root - DEBUG - Updating hall of fame
2020-07-28 11:40:18,708 - root - INFO - Completed generation 71; 1.9s elapsed, 1.9s avg, 1.4e+02s total. Expected time remaining: 2.5e+02s
2020-07-28 11:40:18,758 - root - INFO - #71 MAX:accuracy.mean: 0.58
2020-07-28 11:40:18,799 - root - DEBUG - Sampled weight [-1.75913789  0.69370285 -1.67158676  0.98403812 -0.17051801]
2020-07-28 11:40:19,865 - root - DEBUG - Updating hall of fame
2020-07-28 11:40:20,428 - root - INFO - Completed generation 72; 1.7s elapsed, 1.9s avg, 1.4e+02s total. Expected time remaining: 2.5e+02s
2020-07-28 11:40:20,477 - root - INFO - #72 MAX:accuracy.mean: 0.58
2020-07-28 11:40:20,518 - root - DEBUG - Sampled weight [ 1.24455885  0.69488106 -1.63433393 -0.63442098 -1.25594905]
2020-07-28 11:40:21,582 - root - DEBUG - Updating hall of fame
2020-07-28 11:40:22,688 - root - INFO - Completed generation 73; 2.2s elapsed, 1.9s avg, 1.4e+02s total. Expected time remaining: 2.4e+02s
2020-07-28 11:40:22,737 - root - INFO - #73 MAX:accuracy.mean: 0.69
2020-07-28 11:40:22,778 - root - DEBUG - Sampled weight [ 1.32647298 -1.11496096 -1.34160119  1.19593471  1.20521646]
2020-07-28 11:40:23,845 - root - DEBUG - Updating hall of fame
2020-07-28 11:40:25,134 - root - INFO - Completed generation 74; 2.4s elapsed, 1.9s avg, 1.4e+02s total. Expected time remaining: 2.4e+02s
2020-07-28 11:40:25,182 - root - INFO - #74 MAX:accuracy.mean: 0.58
2020-07-28 11:40:25,224 - root - DEBUG - Sampled weight [ 1.17259798 -1.46663379 -0.92327407 -1.19437763 -0.84291192]
2020-07-28 11:40:26,298 - root - DEBUG - Updating hall of fame
2020-07-28 11:40:26,853 - root - INFO - Completed generation 75; 1.7s elapsed, 1.9s avg, 1.4e+02s total. Expected time remaining: 2.4e+02s
2020-07-28 11:40:26,902 - root - INFO - #75 MAX:accuracy.mean: 0.82
2020-07-28 11:40:26,943 - root - DEBUG - Sampled weight [ 1.52684048 -1.42327759 -0.47338512  0.9989823  -0.71486463]
2020-07-28 11:40:28,017 - root - DEBUG - Updating hall of fame
2020-07-28 11:40:29,130 - root - INFO - Completed generation 76; 2.2s elapsed, 1.9s avg, 1.5e+02s total. Expected time remaining: 2.4e+02s
2020-07-28 11:40:29,179 - root - INFO - #76 MAX:accuracy.mean: 0.67
2020-07-28 11:40:29,220 - root - DEBUG - Sampled weight [-0.05030367  0.9546714   0.84822286  0.6288621   0.7444162 ]
2020-07-28 11:40:30,291 - root - DEBUG - Updating hall of fame
2020-07-28 11:40:30,846 - root - INFO - Completed generation 77; 1.7s elapsed, 1.9s avg, 1.5e+02s total. Expected time remaining: 2.4e+02s
2020-07-28 11:40:30,895 - root - INFO - #77 MAX:accuracy.mean: 0.55
2020-07-28 11:40:30,936 - root - DEBUG - Sampled weight [ 1.03655111  1.7592094  -1.94599692  1.54057337  0.91330278]
2020-07-28 11:40:32,001 - root - DEBUG - Updating hall of fame
2020-07-28 11:40:32,373 - root - INFO - Completed generation 78; 1.5s elapsed, 1.9s avg, 1.5e+02s total. Expected time remaining: 2.3e+02s
2020-07-28 11:40:32,421 - root - INFO - #78 MAX:accuracy.mean: 0.61
2020-07-28 11:40:32,461 - root - DEBUG - Sampled weight [-0.49579963  1.86000025  1.81765623 -1.57266178  1.80944291]
2020-07-28 11:40:33,531 - root - DEBUG - Updating hall of fame
2020-07-28 11:40:33,900 - root - INFO - Completed generation 79; 1.5s elapsed, 1.9s avg, 1.5e+02s total. Expected time remaining: 2.3e+02s
2020-07-28 11:40:33,949 - root - INFO - #79 MAX:accuracy.mean: 0.6
2020-07-28 11:40:33,991 - root - DEBUG - Sampled weight [-1.68111244  1.74942895  1.56626762  1.3773955  -0.93168572]
2020-07-28 11:40:35,056 - root - DEBUG - Updating hall of fame
2020-07-28 11:40:35,428 - root - INFO - Completed generation 80; 1.5s elapsed, 1.9s avg, 1.5e+02s total. Expected time remaining: 2.3e+02s
2020-07-28 11:40:35,476 - root - INFO - #80 MAX:accuracy.mean: 0.63
2020-07-28 11:40:35,571 - root - DEBUG - Sampled weight [-1.62332522  0.56804354  1.47032414  0.6753214   1.10326606]
2020-07-28 11:40:36,638 - root - DEBUG - Updating hall of fame
2020-07-28 11:40:37,008 - root - INFO - Completed generation 81; 1.5s elapsed, 1.9s avg, 1.5e+02s total. Expected time remaining: 2.3e+02s
2020-07-28 11:40:37,057 - root - INFO - #81 MAX:accuracy.mean: 0.54
2020-07-28 11:40:37,098 - root - DEBUG - Sampled weight [-1.39275007  1.08977012 -0.01837336  1.06663993 -1.345424  ]
2020-07-28 11:40:38,169 - root - DEBUG - Updating hall of fame
2020-07-28 11:40:38,916 - root - INFO - Completed generation 82; 1.9s elapsed, 1.9s avg, 1.6e+02s total. Expected time remaining: 2.3e+02s
2020-07-28 11:40:38,965 - root - INFO - #82 MAX:accuracy.mean: 0.62
2020-07-28 11:40:39,006 - root - DEBUG - Sampled weight [-1.62702184 -1.18370887 -0.13997951  1.63766953  0.45879613]
2020-07-28 11:40:40,077 - root - DEBUG - Updating hall of fame
2020-07-28 11:40:41,182 - root - INFO - Completed generation 83; 2.2s elapsed, 1.9s avg, 1.6e+02s total. Expected time remaining: 2.2e+02s
2020-07-28 11:40:41,231 - root - INFO - #83 MAX:accuracy.mean: 0.58
2020-07-28 11:40:41,272 - root - DEBUG - Sampled weight [ 1.03764604 -1.1194475   1.68989922 -1.95492782  0.30732897]
2020-07-28 11:40:42,344 - root - DEBUG - Updating hall of fame
2020-07-28 11:40:42,905 - root - INFO - Completed generation 84; 1.7s elapsed, 1.9s avg, 1.6e+02s total. Expected time remaining: 2.2e+02s
2020-07-28 11:40:42,954 - root - INFO - #84 MAX:accuracy.mean: 0.56
2020-07-28 11:40:42,996 - root - DEBUG - Sampled weight [-0.42215479 -1.25397649 -0.68904381  0.62495867  1.81430901]
2020-07-28 11:40:44,072 - root - DEBUG - Updating hall of fame
2020-07-28 11:40:44,441 - root - INFO - Completed generation 85; 1.5s elapsed, 1.9s avg, 1.6e+02s total. Expected time remaining: 2.2e+02s
2020-07-28 11:40:44,491 - root - INFO - #85 MAX:accuracy.mean: 0.63
2020-07-28 11:40:44,531 - root - DEBUG - Sampled weight [-0.43782923 -0.12082695  1.38035041 -0.36297518  0.75230187]
2020-07-28 11:40:45,604 - root - DEBUG - Updating hall of fame
2020-07-28 11:40:46,526 - root - INFO - Completed generation 86; 2.0s elapsed, 1.9s avg, 1.6e+02s total. Expected time remaining: 2.2e+02s
2020-07-28 11:40:46,575 - root - INFO - #86 MAX:accuracy.mean: 0.61
2020-07-28 11:40:46,615 - root - DEBUG - Sampled weight [-0.17012631  0.40918044 -1.75138322  0.23950967 -1.41880283]
2020-07-28 11:40:47,684 - root - DEBUG - Updating hall of fame
2020-07-28 11:40:47,873 - root - INFO - Completed generation 87; 1.3s elapsed, 1.9s avg, 1.7e+02s total. Expected time remaining: 2.1e+02s
2020-07-28 11:40:47,922 - root - INFO - #87 MAX:accuracy.mean: 0.56
2020-07-28 11:40:47,964 - root - DEBUG - Sampled weight [ 0.23382099  0.77069006 -0.92143631  0.02261512  1.03790916]
2020-07-28 11:40:49,036 - root - DEBUG - Updating hall of fame
2020-07-28 11:40:50,145 - root - INFO - Completed generation 88; 2.2s elapsed, 1.9s avg, 1.7e+02s total. Expected time remaining: 2.1e+02s
2020-07-28 11:40:50,194 - root - INFO - #88 MAX:accuracy.mean: 0.52
2020-07-28 11:40:50,236 - root - DEBUG - Sampled weight [-0.07917036  1.0081606   0.99792518  0.00403669  0.58807849]
2020-07-28 11:40:51,340 - root - DEBUG - Updating hall of fame
2020-07-28 11:40:51,732 - root - INFO - Completed generation 89; 1.5s elapsed, 1.9s avg, 1.7e+02s total. Expected time remaining: 2.1e+02s
2020-07-28 11:40:51,783 - root - INFO - #89 MAX:accuracy.mean: 0.51
2020-07-28 11:40:51,827 - root - DEBUG - Sampled weight [-1.16473186 -0.04352581  1.71685923  0.85827469 -1.07711704]
2020-07-28 11:40:52,935 - root - DEBUG - Updating hall of fame
2020-07-28 11:40:52,935 - root - INFO - Completed generation 90; 1.2s elapsed, 1.9s avg, 1.7e+02s total. Expected time remaining: 2.1e+02s
2020-07-28 11:40:52,984 - root - INFO - #90 MAX:accuracy.mean: 0.64
2020-07-28 11:40:53,091 - root - DEBUG - Sampled weight [ 1.90981811  1.99118592  0.89094636  1.43966377 -0.62885302]
2020-07-28 11:40:54,178 - root - DEBUG - Updating hall of fame
2020-07-28 11:40:55,111 - root - INFO - Completed generation 91; 2.1s elapsed, 1.9s avg, 1.7e+02s total. Expected time remaining: 2.1e+02s
2020-07-28 11:40:55,160 - root - INFO - #91 MAX:accuracy.mean: 0.59
2020-07-28 11:40:55,201 - root - DEBUG - Sampled weight [-0.93416755 -1.60856966 -1.38110807 -1.47614869  1.37048936]
2020-07-28 11:40:56,279 - root - DEBUG - Updating hall of fame
2020-07-28 11:40:56,279 - root - INFO - Completed generation 92; 1.1s elapsed, 1.9s avg, 1.7e+02s total. Expected time remaining: 2e+02s
2020-07-28 11:40:56,329 - root - INFO - #92 MAX:accuracy.mean: 0.79
2020-07-28 11:40:56,370 - root - DEBUG - Sampled weight [-1.69603191 -0.00937584 -0.72087759  0.23267403  0.06724054]
2020-07-28 11:40:57,443 - root - DEBUG - Updating hall of fame
2020-07-28 11:40:58,557 - root - INFO - Completed generation 93; 2.2s elapsed, 1.9s avg, 1.8e+02s total. Expected time remaining: 2e+02s
2020-07-28 11:40:58,606 - root - INFO - #93 MAX:accuracy.mean: 0.55
2020-07-28 11:40:58,648 - root - DEBUG - Sampled weight [ 0.93858518  1.14472152 -1.27719006 -1.49874023  0.14749687]
2020-07-28 11:40:59,720 - root - DEBUG - Updating hall of fame
2020-07-28 11:41:00,092 - root - INFO - Completed generation 94; 1.5s elapsed, 1.9s avg, 1.8e+02s total. Expected time remaining: 2e+02s
2020-07-28 11:41:00,140 - root - INFO - #94 MAX:accuracy.mean: 0.56
2020-07-28 11:41:00,181 - root - DEBUG - Sampled weight [-1.9837444   0.39235493  0.87929577  1.28144052 -1.53721516]
2020-07-28 11:41:01,251 - root - DEBUG - Updating hall of fame
2020-07-28 11:41:02,193 - root - INFO - Completed generation 95; 2.1s elapsed, 1.9s avg, 1.8e+02s total. Expected time remaining: 2e+02s
2020-07-28 11:41:02,242 - root - INFO - #95 MAX:accuracy.mean: 0.54
2020-07-28 11:41:02,283 - root - DEBUG - Sampled weight [ 1.67454606  0.33755345 -0.65338831  0.27625528 -0.70602295]
2020-07-28 11:41:03,361 - root - DEBUG - Updating hall of fame
2020-07-28 11:41:03,926 - root - INFO - Completed generation 96; 1.7s elapsed, 1.9s avg, 1.8e+02s total. Expected time remaining: 2e+02s
2020-07-28 11:41:03,974 - root - INFO - #96 MAX:accuracy.mean: 0.56
2020-07-28 11:41:04,015 - root - DEBUG - Sampled weight [ 0.63959501 -1.26778755  1.77915003  1.99027045 -1.10122235]
2020-07-28 11:41:05,088 - root - DEBUG - Updating hall of fame
2020-07-28 11:41:05,273 - root - INFO - Completed generation 97; 1.3s elapsed, 1.9s avg, 1.8e+02s total. Expected time remaining: 1.9e+02s
2020-07-28 11:41:05,321 - root - INFO - #97 MAX:accuracy.mean: 0.58
2020-07-28 11:41:05,363 - root - DEBUG - Sampled weight [-0.40221957 -1.03435675  0.78731917  1.3908972  -1.91742503]
2020-07-28 11:41:06,442 - root - DEBUG - Updating hall of fame
2020-07-28 11:41:07,374 - root - INFO - Completed generation 98; 2.1s elapsed, 1.9s avg, 1.8e+02s total. Expected time remaining: 1.9e+02s
2020-07-28 11:41:07,423 - root - INFO - #98 MAX:accuracy.mean: 0.68
2020-07-28 11:41:07,464 - root - DEBUG - Sampled weight [-1.36014859  1.94043636  1.31910831  0.57734251 -0.75951883]
2020-07-28 11:41:08,542 - root - DEBUG - Updating hall of fame
2020-07-28 11:41:09,280 - root - INFO - Completed generation 99; 1.9s elapsed, 1.9s avg, 1.9e+02s total. Expected time remaining: 1.9e+02s
2020-07-28 11:41:09,329 - root - INFO - #99 MAX:accuracy.mean: 0.57
2020-07-28 11:41:09,370 - root - DEBUG - Sampled weight [0.6148131  1.82789855 0.33793624 0.31444528 0.23232807]
2020-07-28 11:41:10,453 - root - DEBUG - Updating hall of fame
2020-07-28 11:41:11,016 - root - INFO - Completed generation 100; 1.7s elapsed, 1.9s avg, 1.9e+02s total. Expected time remaining: 1.9e+02s
2020-07-28 11:41:11,064 - root - INFO - #100 MAX:accuracy.mean: 0.53
2020-07-28 11:41:11,224 - root - DEBUG - Sampled weight [ 1.19382051 -1.99790091 -1.68893038  1.7551688  -1.29595756]
2020-07-28 11:41:12,301 - root - DEBUG - Updating hall of fame
2020-07-28 11:41:12,485 - root - INFO - Completed generation 101; 1.3s elapsed, 1.9s avg, 1.9e+02s total. Expected time remaining: 1.9e+02s
2020-07-28 11:41:12,534 - root - INFO - #101 MAX:accuracy.mean: 0.69
2020-07-28 11:41:12,574 - root - DEBUG - Sampled weight [ 0.03192886  0.57693975 -1.33415335 -0.941291   -0.90771049]
2020-07-28 11:41:13,664 - root - DEBUG - Updating hall of fame
2020-07-28 11:41:14,784 - root - INFO - Completed generation 102; 2.3s elapsed, 1.9s avg, 1.9e+02s total. Expected time remaining: 1.8e+02s
2020-07-28 11:41:14,833 - root - INFO - #102 MAX:accuracy.mean: 0.75
2020-07-28 11:41:14,875 - root - DEBUG - Sampled weight [-1.42780547 -0.06835866 -1.95896211 -1.77108275 -1.00761829]
2020-07-28 11:41:15,956 - root - DEBUG - Updating hall of fame
2020-07-28 11:41:17,076 - root - INFO - Completed generation 103; 2.2s elapsed, 1.9s avg, 1.9e+02s total. Expected time remaining: 1.8e+02s
2020-07-28 11:41:17,124 - root - INFO - #103 MAX:accuracy.mean: 0.87
2020-07-28 11:41:17,165 - root - DEBUG - Sampled weight [-0.33689138  1.84142955 -0.04455204 -1.06110573 -1.87836403]
2020-07-28 11:41:18,242 - root - DEBUG - Updating hall of fame
2020-07-28 11:41:19,361 - root - INFO - Completed generation 104; 2.2s elapsed, 1.9s avg, 2e+02s total. Expected time remaining: 1.8e+02s
2020-07-28 11:41:19,409 - root - INFO - #104 MAX:accuracy.mean: 0.78
2020-07-28 11:41:19,450 - root - DEBUG - Sampled weight [ 1.54043675 -0.56295783  0.7861802  -0.35562869  0.73454988]
2020-07-28 11:41:20,520 - root - DEBUG - Updating hall of fame
2020-07-28 11:41:21,083 - root - INFO - Completed generation 105; 1.7s elapsed, 1.9s avg, 2e+02s total. Expected time remaining: 1.8e+02s
2020-07-28 11:41:21,132 - root - INFO - #105 MAX:accuracy.mean: 0.6
2020-07-28 11:41:21,173 - root - DEBUG - Sampled weight [ 1.30678388 -0.99776592 -0.14480421 -0.34519618  1.07374796]
2020-07-28 11:41:22,251 - root - DEBUG - Updating hall of fame
2020-07-28 11:41:22,633 - root - INFO - Completed generation 106; 1.5s elapsed, 1.9s avg, 2e+02s total. Expected time remaining: 1.8e+02s
2020-07-28 11:41:22,681 - root - INFO - #106 MAX:accuracy.mean: 0.69
2020-07-28 11:41:22,723 - root - DEBUG - Sampled weight [-0.72415878 -1.49515244 -0.70472136  0.41944701 -1.5397696 ]
2020-07-28 11:41:23,801 - root - DEBUG - Updating hall of fame
2020-07-28 11:41:24,915 - root - INFO - Completed generation 107; 2.2s elapsed, 1.9s avg, 2e+02s total. Expected time remaining: 1.7e+02s
2020-07-28 11:41:24,963 - root - INFO - #107 MAX:accuracy.mean: 0.79
2020-07-28 11:41:25,004 - root - DEBUG - Sampled weight [-1.82976483  1.50072338 -0.43002282  0.35545957 -0.4829285 ]
2020-07-28 11:41:26,072 - root - DEBUG - Updating hall of fame
2020-07-28 11:41:27,182 - root - INFO - Completed generation 108; 2.2s elapsed, 1.9s avg, 2e+02s total. Expected time remaining: 1.7e+02s
2020-07-28 11:41:27,231 - root - INFO - #108 MAX:accuracy.mean: 0.63
2020-07-28 11:41:27,273 - root - DEBUG - Sampled weight [ 0.70960115 -1.59341289 -0.4981756   1.58426631 -0.26094821]
2020-07-28 11:41:28,346 - root - DEBUG - Updating hall of fame
2020-07-28 11:41:29,105 - root - INFO - Completed generation 109; 1.9s elapsed, 1.9s avg, 2.1e+02s total. Expected time remaining: 1.7e+02s
2020-07-28 11:41:29,153 - root - INFO - #109 MAX:accuracy.mean: 0.7
2020-07-28 11:41:29,195 - root - DEBUG - Sampled weight [ 1.09134893  0.20176204  0.53919153 -0.2850918   1.99555614]
2020-07-28 11:41:30,273 - root - DEBUG - Updating hall of fame
2020-07-28 11:41:31,012 - root - INFO - Completed generation 110; 1.9s elapsed, 1.9s avg, 2.1e+02s total. Expected time remaining: 1.7e+02s
2020-07-28 11:41:31,061 - root - INFO - #110 MAX:accuracy.mean: 0.59
2020-07-28 11:41:31,179 - root - DEBUG - Sampled weight [-0.32837577  0.68811103  0.87503603  0.3736465   0.76102991]
2020-07-28 11:41:32,253 - root - DEBUG - Updating hall of fame
2020-07-28 11:41:32,633 - root - INFO - Completed generation 111; 1.5s elapsed, 1.9s avg, 2.1e+02s total. Expected time remaining: 1.7e+02s
2020-07-28 11:41:32,683 - root - INFO - #111 MAX:accuracy.mean: 0.58
2020-07-28 11:41:32,726 - root - DEBUG - Sampled weight [-0.90279977  1.06877139  1.14047173  1.25191354 -0.97714533]
2020-07-28 11:41:33,850 - root - DEBUG - Updating hall of fame
2020-07-28 11:41:34,230 - root - INFO - Completed generation 112; 1.5s elapsed, 1.9s avg, 2.1e+02s total. Expected time remaining: 1.6e+02s
2020-07-28 11:41:34,279 - root - INFO - #112 MAX:accuracy.mean: 0.65
2020-07-28 11:41:34,320 - root - DEBUG - Sampled weight [ 1.36578998 -1.73364893 -1.98757029  0.17341284 -1.67595054]
2020-07-28 11:41:35,393 - root - DEBUG - Updating hall of fame
2020-07-28 11:41:36,686 - root - INFO - Completed generation 113; 2.4s elapsed, 1.9s avg, 2.1e+02s total. Expected time remaining: 1.6e+02s
2020-07-28 11:41:36,734 - root - INFO - #113 MAX:accuracy.mean: 0.68
2020-07-28 11:41:36,776 - root - DEBUG - Sampled weight [ 1.68977594 -1.30916657 -0.55264141 -0.10025982 -1.17198441]
2020-07-28 11:41:37,850 - root - DEBUG - Updating hall of fame
2020-07-28 11:41:39,323 - root - INFO - Completed generation 114; 2.6s elapsed, 1.9s avg, 2.1e+02s total. Expected time remaining: 1.6e+02s
2020-07-28 11:41:39,372 - root - INFO - #114 MAX:accuracy.mean: 0.79
2020-07-28 11:41:39,414 - root - DEBUG - Sampled weight [-0.20379826  0.44401731 -0.1892416  -1.82610927  0.8705701 ]
2020-07-28 11:41:40,492 - root - DEBUG - Updating hall of fame
2020-07-28 11:41:41,605 - root - INFO - Completed generation 115; 2.2s elapsed, 1.9s avg, 2.2e+02s total. Expected time remaining: 1.6e+02s
2020-07-28 11:41:41,654 - root - INFO - #115 MAX:accuracy.mean: 0.64
2020-07-28 11:41:41,695 - root - DEBUG - Sampled weight [-1.90012781  0.39289439 -0.29445456 -0.24263439  0.44594795]
2020-07-28 11:41:42,778 - root - DEBUG - Updating hall of fame
2020-07-28 11:41:43,529 - root - INFO - Completed generation 116; 1.9s elapsed, 1.9s avg, 2.2e+02s total. Expected time remaining: 1.6e+02s
2020-07-28 11:41:43,578 - root - INFO - #116 MAX:accuracy.mean: 0.57
2020-07-28 11:41:43,619 - root - DEBUG - Sampled weight [ 0.73887149 -0.25737295 -1.47418116 -1.17756584  1.59742534]
2020-07-28 11:41:44,693 - root - DEBUG - Updating hall of fame
2020-07-28 11:41:45,428 - root - INFO - Completed generation 117; 1.8s elapsed, 1.9s avg, 2.2e+02s total. Expected time remaining: 1.6e+02s
2020-07-28 11:41:45,478 - root - INFO - #117 MAX:accuracy.mean: 0.67
2020-07-28 11:41:45,519 - root - DEBUG - Sampled weight [ 0.0266966   1.3568449  -1.60150984  1.15698775 -1.67360098]
2020-07-28 11:41:46,591 - root - DEBUG - Updating hall of fame
2020-07-28 11:41:47,513 - root - INFO - Completed generation 118; 2.0s elapsed, 1.9s avg, 2.2e+02s total. Expected time remaining: 1.5e+02s
2020-07-28 11:41:47,562 - root - INFO - #118 MAX:accuracy.mean: 0.58
2020-07-28 11:41:47,603 - root - DEBUG - Sampled weight [ 1.8007239   1.86565348  0.8464923  -1.06003845 -0.55668667]
2020-07-28 11:41:48,685 - root - DEBUG - Updating hall of fame
2020-07-28 11:41:49,620 - root - INFO - Completed generation 119; 2.1s elapsed, 1.9s avg, 2.3e+02s total. Expected time remaining: 1.5e+02s
2020-07-28 11:41:49,668 - root - INFO - #119 MAX:accuracy.mean: 0.57
2020-07-28 11:41:49,709 - root - DEBUG - Sampled weight [ 1.18154548  0.11137229 -0.8288006  -0.3508527  -1.27918431]
2020-07-28 11:41:50,784 - root - DEBUG - Updating hall of fame
2020-07-28 11:41:51,333 - root - INFO - Completed generation 120; 1.7s elapsed, 1.9s avg, 2.3e+02s total. Expected time remaining: 1.5e+02s
2020-07-28 11:41:51,382 - root - INFO - #120 MAX:accuracy.mean: 0.62
2020-07-28 11:41:51,504 - root - DEBUG - Sampled weight [-0.82023713  0.18949462  1.04382291 -1.38233959 -1.28211487]
2020-07-28 11:41:52,584 - root - DEBUG - Updating hall of fame
2020-07-28 11:41:53,514 - root - INFO - Completed generation 121; 2.1s elapsed, 1.9s avg, 2.3e+02s total. Expected time remaining: 1.5e+02s
2020-07-28 11:41:53,563 - root - INFO - #121 MAX:accuracy.mean: 0.68
2020-07-28 11:41:53,603 - root - DEBUG - Sampled weight [-1.39036858  1.78532247  0.97649984 -0.04730165 -0.41084308]
2020-07-28 11:41:54,695 - root - DEBUG - Updating hall of fame
2020-07-28 11:41:55,631 - root - INFO - Completed generation 122; 2.1s elapsed, 1.9s avg, 2.3e+02s total. Expected time remaining: 1.5e+02s
2020-07-28 11:41:55,680 - root - INFO - #122 MAX:accuracy.mean: 0.69
2020-07-28 11:41:55,721 - root - DEBUG - Sampled weight [-0.99236807  1.23723353  0.38196934 -0.0278425  -1.15244588]
2020-07-28 11:41:56,801 - root - DEBUG - Updating hall of fame
2020-07-28 11:41:57,549 - root - INFO - Completed generation 123; 1.9s elapsed, 1.9s avg, 2.3e+02s total. Expected time remaining: 1.5e+02s
2020-07-28 11:41:57,600 - root - INFO - #123 MAX:accuracy.mean: 0.7
2020-07-28 11:41:57,641 - root - DEBUG - Sampled weight [-1.53051024  0.65831717 -0.59271388 -1.0583621  -0.92701734]
2020-07-28 11:41:58,725 - root - DEBUG - Updating hall of fame
2020-07-28 11:41:59,835 - root - INFO - Completed generation 124; 2.2s elapsed, 1.9s avg, 2.3e+02s total. Expected time remaining: 1.4e+02s
2020-07-28 11:41:59,884 - root - INFO - #124 MAX:accuracy.mean: 0.83
2020-07-28 11:41:59,925 - root - DEBUG - Sampled weight [-1.69400499  1.15988748  0.10724301  0.47169457 -0.75056979]
2020-07-28 11:42:01,000 - root - DEBUG - Updating hall of fame
2020-07-28 11:42:02,157 - root - INFO - Completed generation 125; 2.3s elapsed, 1.9s avg, 2.4e+02s total. Expected time remaining: 1.4e+02s
2020-07-28 11:42:02,207 - root - INFO - #125 MAX:accuracy.mean: 0.64
2020-07-28 11:42:02,249 - root - DEBUG - Sampled weight [ 1.49285818 -0.13445923 -0.02199682  0.76514555  0.88810597]
2020-07-28 11:42:03,331 - root - DEBUG - Updating hall of fame
2020-07-28 11:42:03,900 - root - INFO - Completed generation 126; 1.7s elapsed, 1.9s avg, 2.4e+02s total. Expected time remaining: 1.4e+02s
2020-07-28 11:42:03,948 - root - INFO - #126 MAX:accuracy.mean: 0.63
2020-07-28 11:42:03,990 - root - DEBUG - Sampled weight [-1.6506894  -1.72651626 -1.90902379 -0.18639915  0.75643823]
2020-07-28 11:42:05,065 - root - DEBUG - Updating hall of fame
2020-07-28 11:42:05,632 - root - INFO - Completed generation 127; 1.7s elapsed, 1.9s avg, 2.4e+02s total. Expected time remaining: 1.4e+02s
2020-07-28 11:42:05,680 - root - INFO - #127 MAX:accuracy.mean: 0.79
2020-07-28 11:42:05,721 - root - DEBUG - Sampled weight [ 0.0593364   1.30731386  0.65120159 -1.95970505  0.7447557 ]
2020-07-28 11:42:06,799 - root - DEBUG - Updating hall of fame
2020-07-28 11:42:07,909 - root - INFO - Completed generation 128; 2.2s elapsed, 1.9s avg, 2.4e+02s total. Expected time remaining: 1.4e+02s
2020-07-28 11:42:07,958 - root - INFO - #128 MAX:accuracy.mean: 0.57
2020-07-28 11:42:07,998 - root - DEBUG - Sampled weight [ 0.5459636  -0.54492368  0.2643791   1.74496359  1.21076189]
2020-07-28 11:42:09,069 - root - DEBUG - Updating hall of fame
2020-07-28 11:42:09,253 - root - INFO - Completed generation 129; 1.3s elapsed, 1.9s avg, 2.4e+02s total. Expected time remaining: 1.3e+02s
2020-07-28 11:42:09,302 - root - INFO - #129 MAX:accuracy.mean: 0.57
2020-07-28 11:42:09,344 - root - DEBUG - Sampled weight [-1.52400954  1.29684731  0.42098186 -0.63870533 -1.45885495]
2020-07-28 11:42:10,418 - root - DEBUG - Updating hall of fame
2020-07-28 11:42:10,970 - root - INFO - Completed generation 130; 1.7s elapsed, 1.9s avg, 2.5e+02s total. Expected time remaining: 1.3e+02s
2020-07-28 11:42:11,019 - root - INFO - #130 MAX:accuracy.mean: 0.7
2020-07-28 11:42:11,129 - root - DEBUG - Sampled weight [ 1.95360966 -1.97886759  1.0748368  -0.09921747  0.47297841]
2020-07-28 11:42:12,208 - root - DEBUG - Updating hall of fame
2020-07-28 11:42:13,328 - root - INFO - Completed generation 131; 2.2s elapsed, 1.9s avg, 2.5e+02s total. Expected time remaining: 1.3e+02s
2020-07-28 11:42:13,376 - root - INFO - #131 MAX:accuracy.mean: 0.56
2020-07-28 11:42:13,418 - root - DEBUG - Sampled weight [0.52105072 1.04164147 1.94058256 0.56065016 1.6372208 ]
2020-07-28 11:42:14,490 - root - DEBUG - Updating hall of fame
2020-07-28 11:42:14,856 - root - INFO - Completed generation 132; 1.5s elapsed, 1.9s avg, 2.5e+02s total. Expected time remaining: 1.3e+02s
2020-07-28 11:42:14,904 - root - INFO - #132 MAX:accuracy.mean: 0.63
2020-07-28 11:42:14,946 - root - DEBUG - Sampled weight [-1.77769646e+00 -9.27840216e-01 -1.47216929e+00  8.30718978e-04
  3.11336409e-01]
2020-07-28 11:42:16,016 - root - DEBUG - Updating hall of fame
2020-07-28 11:42:16,206 - root - INFO - Completed generation 133; 1.3s elapsed, 1.9s avg, 2.5e+02s total. Expected time remaining: 1.3e+02s
2020-07-28 11:42:16,255 - root - INFO - #133 MAX:accuracy.mean: 0.85
2020-07-28 11:42:16,296 - root - DEBUG - Sampled weight [1.09505681 0.23599339 1.74182912 0.85918911 0.1487353 ]
2020-07-28 11:42:17,364 - root - DEBUG - Updating hall of fame
2020-07-28 11:42:18,671 - root - INFO - Completed generation 134; 2.4s elapsed, 1.9s avg, 2.5e+02s total. Expected time remaining: 1.2e+02s
2020-07-28 11:42:18,720 - root - INFO - #134 MAX:accuracy.mean: 0.78
2020-07-28 11:42:18,761 - root - DEBUG - Sampled weight [ 0.30306222  1.65105921  1.83217161 -1.68352752 -1.73418269]
2020-07-28 11:42:19,830 - root - DEBUG - Updating hall of fame
2020-07-28 11:42:20,597 - root - INFO - Completed generation 135; 1.9s elapsed, 1.9s avg, 2.6e+02s total. Expected time remaining: 1.2e+02s
2020-07-28 11:42:20,645 - root - INFO - #135 MAX:accuracy.mean: 0.76
2020-07-28 11:42:20,687 - root - DEBUG - Sampled weight [1.27952856 0.233292   1.9394409  0.05283262 1.30899857]
2020-07-28 11:42:21,754 - root - DEBUG - Updating hall of fame
2020-07-28 11:42:22,870 - root - INFO - Completed generation 136; 2.2s elapsed, 1.9s avg, 2.6e+02s total. Expected time remaining: 1.2e+02s
2020-07-28 11:42:22,919 - root - INFO - #136 MAX:accuracy.mean: 0.76
2020-07-28 11:42:22,960 - root - DEBUG - Sampled weight [ 0.0758717  -1.31336941 -0.96839273 -0.40081282 -1.4990657 ]
2020-07-28 11:42:24,031 - root - DEBUG - Updating hall of fame
2020-07-28 11:42:24,414 - root - INFO - Completed generation 137; 1.5s elapsed, 1.9s avg, 2.6e+02s total. Expected time remaining: 1.2e+02s
2020-07-28 11:42:24,463 - root - INFO - #137 MAX:accuracy.mean: 0.78
2020-07-28 11:42:24,504 - root - DEBUG - Sampled weight [-1.31414857 -0.19215468 -0.15147054 -0.35550312  0.90422633]
2020-07-28 11:42:25,567 - root - DEBUG - Updating hall of fame
2020-07-28 11:42:27,058 - root - INFO - Completed generation 138; 2.6s elapsed, 1.9s avg, 2.6e+02s total. Expected time remaining: 1.2e+02s
2020-07-28 11:42:27,107 - root - INFO - #138 MAX:accuracy.mean: 0.85
2020-07-28 11:42:27,149 - root - DEBUG - Sampled weight [ 1.30586586  0.9453428  -0.80944632  0.41569311 -1.81526312]
2020-07-28 11:42:28,226 - root - DEBUG - Updating hall of fame
2020-07-28 11:42:28,793 - root - INFO - Completed generation 139; 1.7s elapsed, 1.9s avg, 2.6e+02s total. Expected time remaining: 1.2e+02s
2020-07-28 11:42:28,842 - root - INFO - #139 MAX:accuracy.mean: 0.85
2020-07-28 11:42:28,884 - root - DEBUG - Sampled weight [-1.72975009  0.54373366  1.3580867  -1.77495885  0.98073212]
2020-07-28 11:42:29,953 - root - DEBUG - Updating hall of fame
2020-07-28 11:42:31,078 - root - INFO - Completed generation 140; 2.2s elapsed, 1.9s avg, 2.7e+02s total. Expected time remaining: 1.1e+02s
2020-07-28 11:42:31,127 - root - INFO - #140 MAX:accuracy.mean: 0.85
2020-07-28 11:42:31,239 - root - DEBUG - Sampled weight [-0.11003797 -0.13064218 -0.61490907  1.54715025  0.92419294]
2020-07-28 11:42:32,315 - root - DEBUG - Updating hall of fame
2020-07-28 11:42:33,446 - root - INFO - Completed generation 141; 2.2s elapsed, 1.9s avg, 2.7e+02s total. Expected time remaining: 1.1e+02s
2020-07-28 11:42:33,495 - root - INFO - #141 MAX:accuracy.mean: 0.81
2020-07-28 11:42:33,536 - root - DEBUG - Sampled weight [-1.54288869 -0.43577718 -1.65356092 -1.21305819 -0.77317339]
2020-07-28 11:42:34,610 - root - DEBUG - Updating hall of fame
2020-07-28 11:42:34,999 - root - INFO - Completed generation 142; 1.5s elapsed, 1.9s avg, 2.7e+02s total. Expected time remaining: 1.1e+02s
2020-07-28 11:42:35,048 - root - INFO - #142 MAX:accuracy.mean: 0.9
2020-07-28 11:42:35,089 - root - DEBUG - Sampled weight [ 0.0524267   1.02521331 -0.88952349 -1.6135942  -0.56296619]
2020-07-28 11:42:36,163 - root - DEBUG - Updating hall of fame
2020-07-28 11:42:37,469 - root - INFO - Completed generation 143; 2.4s elapsed, 1.9s avg, 2.7e+02s total. Expected time remaining: 1.1e+02s
2020-07-28 11:42:37,518 - root - INFO - #143 MAX:accuracy.mean: 0.84
2020-07-28 11:42:37,560 - root - DEBUG - Sampled weight [-0.51723588  1.82771588  1.59196664  0.50269582 -0.47056619]
2020-07-28 11:42:38,645 - root - DEBUG - Updating hall of fame
2020-07-28 11:42:39,235 - root - INFO - Completed generation 144; 1.7s elapsed, 1.9s avg, 2.7e+02s total. Expected time remaining: 1.1e+02s
2020-07-28 11:42:39,283 - root - INFO - #144 MAX:accuracy.mean: 0.82
2020-07-28 11:42:39,326 - root - DEBUG - Sampled weight [-1.04708931  1.83639037  1.66788954  0.56468608  0.16744899]
2020-07-28 11:42:40,400 - root - DEBUG - Updating hall of fame
2020-07-28 11:42:41,179 - root - INFO - Completed generation 145; 1.9s elapsed, 1.9s avg, 2.8e+02s total. Expected time remaining: 1e+02s
2020-07-28 11:42:41,228 - root - INFO - #145 MAX:accuracy.mean: 0.82
2020-07-28 11:42:41,270 - root - DEBUG - Sampled weight [-0.53680809 -0.72301543  0.2358193  -0.9168692  -1.60964393]
2020-07-28 11:42:42,343 - root - DEBUG - Updating hall of fame
2020-07-28 11:42:43,490 - root - INFO - Completed generation 146; 2.3s elapsed, 1.9s avg, 2.8e+02s total. Expected time remaining: 1e+02s
2020-07-28 11:42:43,538 - root - INFO - #146 MAX:accuracy.mean: 0.88
2020-07-28 11:42:43,579 - root - DEBUG - Sampled weight [ 0.5589245  -1.72250054 -0.52915734  0.64066139 -1.21497527]
2020-07-28 11:42:44,655 - root - DEBUG - Updating hall of fame
2020-07-28 11:42:45,790 - root - INFO - Completed generation 147; 2.3s elapsed, 1.9s avg, 2.8e+02s total. Expected time remaining: 1e+02s
2020-07-28 11:42:45,839 - root - INFO - #147 MAX:accuracy.mean: 0.87
2020-07-28 11:42:45,880 - root - DEBUG - Sampled weight [-0.28697775  1.37490899 -0.51855019 -1.43866189  0.2274442 ]
2020-07-28 11:42:46,954 - root - DEBUG - Updating hall of fame
2020-07-28 11:42:48,079 - root - INFO - Completed generation 148; 2.2s elapsed, 1.9s avg, 2.8e+02s total. Expected time remaining: 9.9e+01s
2020-07-28 11:42:48,128 - root - INFO - #148 MAX:accuracy.mean: 0.82
2020-07-28 11:42:48,170 - root - DEBUG - Sampled weight [ 0.11409852  0.17045162  1.31587898  0.22879594 -1.20680904]
2020-07-28 11:42:49,243 - root - DEBUG - Updating hall of fame
2020-07-28 11:42:50,004 - root - INFO - Completed generation 149; 1.9s elapsed, 1.9s avg, 2.8e+02s total. Expected time remaining: 9.7e+01s
2020-07-28 11:42:50,053 - root - INFO - #149 MAX:accuracy.mean: 0.81
2020-07-28 11:42:50,095 - root - DEBUG - Sampled weight [-1.68264379  0.34657188  1.45060829  1.33615713 -1.84190426]
2020-07-28 11:42:51,170 - root - DEBUG - Updating hall of fame
2020-07-28 11:42:51,934 - root - INFO - Completed generation 150; 1.9s elapsed, 1.9s avg, 2.9e+02s total. Expected time remaining: 9.5e+01s
2020-07-28 11:42:51,982 - root - INFO - #150 MAX:accuracy.mean: 0.88
2020-07-28 11:42:52,077 - root - DEBUG - Sampled weight [-0.50779299  0.00653005 -0.90224716 -0.88175457  1.79017477]
2020-07-28 11:42:53,151 - root - DEBUG - Updating hall of fame
2020-07-28 11:42:54,268 - root - INFO - Completed generation 151; 2.2s elapsed, 1.9s avg, 2.9e+02s total. Expected time remaining: 9.3e+01s
2020-07-28 11:42:54,317 - root - INFO - #151 MAX:accuracy.mean: 0.82
2020-07-28 11:42:54,358 - root - DEBUG - Sampled weight [ 1.72981872 -1.88670285 -0.1717906   1.68901055  0.06564149]
2020-07-28 11:42:55,435 - root - DEBUG - Updating hall of fame
2020-07-28 11:42:56,741 - root - INFO - Completed generation 152; 2.4s elapsed, 1.9s avg, 2.9e+02s total. Expected time remaining: 9.2e+01s
2020-07-28 11:42:56,790 - root - INFO - #152 MAX:accuracy.mean: 0.81
2020-07-28 11:42:56,831 - root - DEBUG - Sampled weight [ 1.6058826  -0.71215957  0.27456022 -0.70004875 -0.3724739 ]
2020-07-28 11:42:57,909 - root - DEBUG - Updating hall of fame
2020-07-28 11:42:58,289 - root - INFO - Completed generation 153; 1.5s elapsed, 1.9s avg, 2.9e+02s total. Expected time remaining: 9e+01s
2020-07-28 11:42:58,338 - root - INFO - #153 MAX:accuracy.mean: 0.82
2020-07-28 11:42:58,379 - root - DEBUG - Sampled weight [-0.60924703 -0.71464176  0.85449581  1.77275953  1.11680744]
2020-07-28 11:42:59,458 - root - DEBUG - Updating hall of fame
2020-07-28 11:42:59,838 - root - INFO - Completed generation 154; 1.5s elapsed, 1.9s avg, 2.9e+02s total. Expected time remaining: 8.8e+01s
2020-07-28 11:42:59,887 - root - INFO - #154 MAX:accuracy.mean: 0.85
2020-07-28 11:42:59,929 - root - DEBUG - Sampled weight [ 0.63599167 -0.09911031  1.44835215  0.17861768  1.36175284]
2020-07-28 11:43:01,005 - root - DEBUG - Updating hall of fame
2020-07-28 11:43:01,763 - root - INFO - Completed generation 155; 1.9s elapsed, 1.9s avg, 3e+02s total. Expected time remaining: 8.6e+01s
2020-07-28 11:43:01,812 - root - INFO - #155 MAX:accuracy.mean: 0.82
2020-07-28 11:43:01,852 - root - DEBUG - Sampled weight [-0.62330914  1.53858053  0.90106809  0.21752483  0.27043497]
2020-07-28 11:43:02,951 - root - DEBUG - Updating hall of fame
2020-07-28 11:43:03,346 - root - INFO - Completed generation 156; 1.5s elapsed, 1.9s avg, 3e+02s total. Expected time remaining: 8.4e+01s
2020-07-28 11:43:03,395 - root - INFO - #156 MAX:accuracy.mean: 0.84
2020-07-28 11:43:03,436 - root - DEBUG - Sampled weight [-1.41877405 -1.73065148 -1.95542335 -0.00495414 -1.44459906]
2020-07-28 11:43:04,508 - root - DEBUG - Updating hall of fame
2020-07-28 11:43:05,271 - root - INFO - Completed generation 157; 1.9s elapsed, 1.9s avg, 3e+02s total. Expected time remaining: 8.2e+01s
2020-07-28 11:43:05,319 - root - INFO - #157 MAX:accuracy.mean: 0.9
2020-07-28 11:43:05,360 - root - DEBUG - Sampled weight [-1.41471821 -1.25910067  1.82447653  1.89641605 -0.67360319]
2020-07-28 11:43:06,432 - root - DEBUG - Updating hall of fame
2020-07-28 11:43:07,355 - root - INFO - Completed generation 158; 2.0s elapsed, 1.9s avg, 3e+02s total. Expected time remaining: 8e+01s
2020-07-28 11:43:07,403 - root - INFO - #158 MAX:accuracy.mean: 0.86
2020-07-28 11:43:07,444 - root - DEBUG - Sampled weight [ 0.17409655 -1.84693066 -0.14386468  1.51218823  1.46122712]
2020-07-28 11:43:08,520 - root - DEBUG - Updating hall of fame
2020-07-28 11:43:09,460 - root - INFO - Completed generation 159; 2.1s elapsed, 1.9s avg, 3e+02s total. Expected time remaining: 7.8e+01s
2020-07-28 11:43:09,509 - root - INFO - #159 MAX:accuracy.mean: 0.82
2020-07-28 11:43:09,550 - root - DEBUG - Sampled weight [1.78911318 1.09361337 0.92801957 0.63637816 1.28102436]
2020-07-28 11:43:10,627 - root - DEBUG - Updating hall of fame
2020-07-28 11:43:10,995 - root - INFO - Completed generation 160; 1.5s elapsed, 1.9s avg, 3e+02s total. Expected time remaining: 7.6e+01s
2020-07-28 11:43:11,045 - root - INFO - #160 MAX:accuracy.mean: 0.86
2020-07-28 11:43:11,146 - root - DEBUG - Sampled weight [ 0.38995363 -0.23441163 -0.23330817 -0.99002772  0.83299043]
2020-07-28 11:43:12,222 - root - DEBUG - Updating hall of fame
2020-07-28 11:43:12,782 - root - INFO - Completed generation 161; 1.7s elapsed, 1.9s avg, 3.1e+02s total. Expected time remaining: 7.4e+01s
2020-07-28 11:43:12,831 - root - INFO - #161 MAX:accuracy.mean: 0.81
2020-07-28 11:43:12,872 - root - DEBUG - Sampled weight [-0.0115635  -1.19705998 -0.0209241   1.65314937  0.50363209]
2020-07-28 11:43:13,946 - root - DEBUG - Updating hall of fame
2020-07-28 11:43:14,499 - root - INFO - Completed generation 162; 1.7s elapsed, 1.9s avg, 3.1e+02s total. Expected time remaining: 7.2e+01s
2020-07-28 11:43:14,548 - root - INFO - #162 MAX:accuracy.mean: 0.81
2020-07-28 11:43:14,589 - root - DEBUG - Sampled weight [-0.40525086 -1.78815463 -0.38802497  0.513709    1.44429262]
2020-07-28 11:43:15,660 - root - DEBUG - Updating hall of fame
2020-07-28 11:43:15,846 - root - INFO - Completed generation 163; 1.3s elapsed, 1.9s avg, 3.1e+02s total. Expected time remaining: 7e+01s
2020-07-28 11:43:15,895 - root - INFO - #163 MAX:accuracy.mean: 0.86
2020-07-28 11:43:15,936 - root - DEBUG - Sampled weight [-0.47232391  1.23985847  1.40288571  1.43411324 -1.83624651]
2020-07-28 11:43:17,016 - root - DEBUG - Updating hall of fame
2020-07-28 11:43:17,569 - root - INFO - Completed generation 164; 1.7s elapsed, 1.9s avg, 3.1e+02s total. Expected time remaining: 6.8e+01s
2020-07-28 11:43:17,618 - root - INFO - #164 MAX:accuracy.mean: 0.84
2020-07-28 11:43:17,661 - root - DEBUG - Sampled weight [-1.04912453  1.34317151  1.33884647  0.35548868 -0.34565358]
2020-07-28 11:43:18,750 - root - DEBUG - Updating hall of fame
2020-07-28 11:43:19,496 - root - INFO - Completed generation 165; 1.9s elapsed, 1.9s avg, 3.1e+02s total. Expected time remaining: 6.6e+01s
2020-07-28 11:43:19,545 - root - INFO - #165 MAX:accuracy.mean: 0.85
2020-07-28 11:43:19,586 - root - DEBUG - Sampled weight [-1.8679396  -1.33581742 -0.08117687  1.08292062  1.08322694]
2020-07-28 11:43:20,660 - root - DEBUG - Updating hall of fame
2020-07-28 11:43:21,218 - root - INFO - Completed generation 166; 1.7s elapsed, 1.9s avg, 3.1e+02s total. Expected time remaining: 6.4e+01s
2020-07-28 11:43:21,267 - root - INFO - #166 MAX:accuracy.mean: 0.84
2020-07-28 11:43:21,307 - root - DEBUG - Sampled weight [-0.96756237  1.54411574 -1.74200791  1.44456587 -1.95568304]
2020-07-28 11:43:22,384 - root - DEBUG - Updating hall of fame
2020-07-28 11:43:23,500 - root - INFO - Completed generation 167; 2.2s elapsed, 1.9s avg, 3.2e+02s total. Expected time remaining: 6.2e+01s
2020-07-28 11:43:23,549 - root - INFO - #167 MAX:accuracy.mean: 0.89
2020-07-28 11:43:23,590 - root - DEBUG - Sampled weight [-0.6837795   1.89638231 -0.8475267  -1.84317315 -0.00717229]
2020-07-28 11:43:24,670 - root - DEBUG - Updating hall of fame
2020-07-28 11:43:25,410 - root - INFO - Completed generation 168; 1.9s elapsed, 1.9s avg, 3.2e+02s total. Expected time remaining: 6.1e+01s
2020-07-28 11:43:25,458 - root - INFO - #168 MAX:accuracy.mean: 0.84
2020-07-28 11:43:25,500 - root - DEBUG - Sampled weight [ 0.17172711 -1.1591409  -1.17345121 -1.77023911  1.49906018]
2020-07-28 11:43:26,572 - root - DEBUG - Updating hall of fame
2020-07-28 11:43:27,332 - root - INFO - Completed generation 169; 1.9s elapsed, 1.9s avg, 3.2e+02s total. Expected time remaining: 5.9e+01s
2020-07-28 11:43:27,381 - root - INFO - #169 MAX:accuracy.mean: 0.85
2020-07-28 11:43:27,423 - root - DEBUG - Sampled weight [-1.46987315  0.55348584 -1.90248346  0.29069742  1.91457605]
2020-07-28 11:43:28,496 - root - DEBUG - Updating hall of fame
2020-07-28 11:43:29,606 - root - INFO - Completed generation 170; 2.2s elapsed, 1.9s avg, 3.2e+02s total. Expected time remaining: 5.7e+01s
2020-07-28 11:43:29,655 - root - INFO - #170 MAX:accuracy.mean: 0.88
2020-07-28 11:43:29,756 - root - DEBUG - Sampled weight [-0.47920938 -1.31589303 -1.46180955 -0.48480024  1.87965119]
2020-07-28 11:43:30,834 - root - DEBUG - Updating hall of fame
2020-07-28 11:43:31,592 - root - INFO - Completed generation 171; 1.9s elapsed, 1.9s avg, 3.2e+02s total. Expected time remaining: 5.5e+01s
2020-07-28 11:43:31,641 - root - INFO - #171 MAX:accuracy.mean: 0.85
2020-07-28 11:43:31,682 - root - DEBUG - Sampled weight [-0.33327454 -0.81219771  0.56424932  1.29750723  1.70297646]
2020-07-28 11:43:32,756 - root - DEBUG - Updating hall of fame
2020-07-28 11:43:33,877 - root - INFO - Completed generation 172; 2.2s elapsed, 1.9s avg, 3.3e+02s total. Expected time remaining: 5.3e+01s
2020-07-28 11:43:33,926 - root - INFO - #172 MAX:accuracy.mean: 0.84
2020-07-28 11:43:33,967 - root - DEBUG - Sampled weight [-1.02053842 -1.50321195 -0.85791809  0.07628115  1.39271598]
2020-07-28 11:43:35,041 - root - DEBUG - Updating hall of fame
2020-07-28 11:43:35,436 - root - INFO - Completed generation 173; 1.5s elapsed, 1.9s avg, 3.3e+02s total. Expected time remaining: 5.1e+01s
2020-07-28 11:43:35,485 - root - INFO - #173 MAX:accuracy.mean: 0.86
2020-07-28 11:43:35,525 - root - DEBUG - Sampled weight [-1.66438326 -0.23559562  1.73230769  0.93419519 -1.10036034]
2020-07-28 11:43:36,595 - root - DEBUG - Updating hall of fame
2020-07-28 11:43:37,712 - root - INFO - Completed generation 174; 2.2s elapsed, 1.9s avg, 3.3e+02s total. Expected time remaining: 4.9e+01s
2020-07-28 11:43:37,762 - root - INFO - #174 MAX:accuracy.mean: 0.86
2020-07-28 11:43:37,803 - root - DEBUG - Sampled weight [ 1.33591375  1.22052619  0.77748106 -1.80077017  0.74980807]
2020-07-28 11:43:38,876 - root - DEBUG - Updating hall of fame
2020-07-28 11:43:39,628 - root - INFO - Completed generation 175; 1.9s elapsed, 1.9s avg, 3.3e+02s total. Expected time remaining: 4.7e+01s
2020-07-28 11:43:39,676 - root - INFO - #175 MAX:accuracy.mean: 0.87
2020-07-28 11:43:39,718 - root - DEBUG - Sampled weight [ 1.53936959  1.8591122   0.46090218  0.0700242  -0.27865122]
2020-07-28 11:43:40,786 - root - DEBUG - Updating hall of fame
2020-07-28 11:43:41,916 - root - INFO - Completed generation 176; 2.2s elapsed, 1.9s avg, 3.3e+02s total. Expected time remaining: 4.6e+01s
2020-07-28 11:43:41,965 - root - INFO - #176 MAX:accuracy.mean: 0.84
2020-07-28 11:43:42,006 - root - DEBUG - Sampled weight [ 0.64753994  1.59178363 -0.1363435   1.96185117  0.80375573]
2020-07-28 11:43:43,085 - root - DEBUG - Updating hall of fame
2020-07-28 11:43:43,844 - root - INFO - Completed generation 177; 1.9s elapsed, 1.9s avg, 3.4e+02s total. Expected time remaining: 4.4e+01s
2020-07-28 11:43:43,893 - root - INFO - #177 MAX:accuracy.mean: 0.86
2020-07-28 11:43:43,934 - root - DEBUG - Sampled weight [ 1.68833522  0.50257436  0.42812712 -1.93614201  0.47699422]
2020-07-28 11:43:45,007 - root - DEBUG - Updating hall of fame
2020-07-28 11:43:45,765 - root - INFO - Completed generation 178; 1.9s elapsed, 1.9s avg, 3.4e+02s total. Expected time remaining: 4.2e+01s
2020-07-28 11:43:45,814 - root - INFO - #178 MAX:accuracy.mean: 0.87
2020-07-28 11:43:45,855 - root - DEBUG - Sampled weight [ 1.25326032 -0.92894933  1.96003269  1.63756873  0.0546126 ]
2020-07-28 11:43:46,933 - root - DEBUG - Updating hall of fame
2020-07-28 11:43:47,507 - root - INFO - Completed generation 179; 1.7s elapsed, 1.9s avg, 3.4e+02s total. Expected time remaining: 4e+01s
2020-07-28 11:43:47,556 - root - INFO - #179 MAX:accuracy.mean: 0.84
2020-07-28 11:43:47,597 - root - DEBUG - Sampled weight [ 0.14607558 -0.67982989 -0.24031756 -0.64876782  1.94590916]
2020-07-28 11:43:48,674 - root - DEBUG - Updating hall of fame
2020-07-28 11:43:49,437 - root - INFO - Completed generation 180; 1.9s elapsed, 1.9s avg, 3.4e+02s total. Expected time remaining: 3.8e+01s
2020-07-28 11:43:49,486 - root - INFO - #180 MAX:accuracy.mean: 0.83
2020-07-28 11:43:49,585 - root - DEBUG - Sampled weight [ 0.87583549  0.57081156  1.0096011  -1.45590025 -0.72690022]
2020-07-28 11:43:50,660 - root - DEBUG - Updating hall of fame
2020-07-28 11:43:51,607 - root - INFO - Completed generation 181; 2.1s elapsed, 1.9s avg, 3.4e+02s total. Expected time remaining: 3.6e+01s
2020-07-28 11:43:51,656 - root - INFO - #181 MAX:accuracy.mean: 0.88
2020-07-28 11:43:51,697 - root - DEBUG - Sampled weight [-1.2677725  -0.79814577 -0.60030157 -1.75677023 -0.80850632]
2020-07-28 11:43:52,770 - root - DEBUG - Updating hall of fame
2020-07-28 11:43:53,707 - root - INFO - Completed generation 182; 2.1s elapsed, 1.9s avg, 3.5e+02s total. Expected time remaining: 3.4e+01s
2020-07-28 11:43:53,756 - root - INFO - #182 MAX:accuracy.mean: 0.91
2020-07-28 11:43:53,798 - root - DEBUG - Sampled weight [-0.19416815 -0.49173233 -0.53907538  1.59379535  0.53113319]
2020-07-28 11:43:54,873 - root - DEBUG - Updating hall of fame
2020-07-28 11:43:56,541 - root - INFO - Completed generation 183; 2.8s elapsed, 1.9s avg, 3.5e+02s total. Expected time remaining: 3.2e+01s
2020-07-28 11:43:56,590 - root - INFO - #183 MAX:accuracy.mean: 0.87
2020-07-28 11:43:56,630 - root - DEBUG - Sampled weight [ 1.09236264  0.32345379  0.89411019  1.89247919 -0.7039994 ]
2020-07-28 11:43:57,702 - root - DEBUG - Updating hall of fame
2020-07-28 11:43:58,074 - root - INFO - Completed generation 184; 1.5s elapsed, 1.9s avg, 3.5e+02s total. Expected time remaining: 3e+01s
2020-07-28 11:43:58,123 - root - INFO - #184 MAX:accuracy.mean: 0.84
2020-07-28 11:43:58,164 - root - DEBUG - Sampled weight [ 0.56798315 -0.5931718   1.98460437  0.54201759 -1.30566524]
2020-07-28 11:43:59,233 - root - DEBUG - Updating hall of fame
2020-07-28 11:44:00,142 - root - INFO - Completed generation 185; 2.0s elapsed, 1.9s avg, 3.5e+02s total. Expected time remaining: 2.9e+01s
2020-07-28 11:44:00,191 - root - INFO - #185 MAX:accuracy.mean: 0.87
2020-07-28 11:44:00,231 - root - DEBUG - Sampled weight [-1.72186449  0.26273531  0.02002306 -0.05784154 -0.25884307]
2020-07-28 11:44:01,301 - root - DEBUG - Updating hall of fame
2020-07-28 11:44:01,302 - root - INFO - Completed generation 186; 1.1s elapsed, 1.9s avg, 3.5e+02s total. Expected time remaining: 2.7e+01s
2020-07-28 11:44:01,351 - root - INFO - #186 MAX:accuracy.mean: 0.83
2020-07-28 11:44:01,392 - root - DEBUG - Sampled weight [-0.2370813   1.83512883  1.50267344  0.6768013  -0.73355608]
2020-07-28 11:44:02,470 - root - DEBUG - Updating hall of fame
2020-07-28 11:44:02,658 - root - INFO - Completed generation 187; 1.3s elapsed, 1.9s avg, 3.5e+02s total. Expected time remaining: 2.5e+01s
2020-07-28 11:44:02,707 - root - INFO - #187 MAX:accuracy.mean: 0.83
2020-07-28 11:44:02,748 - root - DEBUG - Sampled weight [-1.97043855  1.27474565 -0.88486018 -0.30390297 -0.07270007]
2020-07-28 11:44:03,845 - root - DEBUG - Updating hall of fame
2020-07-28 11:44:04,425 - root - INFO - Completed generation 188; 1.7s elapsed, 1.9s avg, 3.6e+02s total. Expected time remaining: 2.3e+01s
2020-07-28 11:44:04,477 - root - INFO - #188 MAX:accuracy.mean: 0.84
2020-07-28 11:44:04,520 - root - DEBUG - Sampled weight [ 0.69630184  1.15080223  1.82305459 -0.28386803 -0.50954368]
2020-07-28 11:44:05,644 - root - DEBUG - Updating hall of fame
2020-07-28 11:44:06,029 - root - INFO - Completed generation 189; 1.6s elapsed, 1.9s avg, 3.6e+02s total. Expected time remaining: 2.1e+01s
2020-07-28 11:44:06,079 - root - INFO - #189 MAX:accuracy.mean: 0.87
2020-07-28 11:44:06,122 - root - DEBUG - Sampled weight [-1.1174372   0.01932301 -1.79039358  1.67564272 -0.2054572 ]
2020-07-28 11:44:07,226 - root - DEBUG - Updating hall of fame
2020-07-28 11:44:07,972 - root - INFO - Completed generation 190; 1.9s elapsed, 1.9s avg, 3.6e+02s total. Expected time remaining: 1.9e+01s
2020-07-28 11:44:08,022 - root - INFO - #190 MAX:accuracy.mean: 0.83
2020-07-28 11:44:08,226 - root - DEBUG - Sampled weight [ 1.97990524 -1.61270833  1.80370801  0.70681002 -1.39992385]
2020-07-28 11:44:09,291 - root - DEBUG - Updating hall of fame
2020-07-28 11:44:10,031 - root - INFO - Completed generation 191; 1.8s elapsed, 1.9s avg, 3.6e+02s total. Expected time remaining: 1.7e+01s
2020-07-28 11:44:10,080 - root - INFO - #191 MAX:accuracy.mean: 0.88
2020-07-28 11:44:10,121 - root - DEBUG - Sampled weight [-0.20906977  1.09203294 -1.67246192 -0.56873643 -1.93307112]
2020-07-28 11:44:11,189 - root - DEBUG - Updating hall of fame
2020-07-28 11:44:12,133 - root - INFO - Completed generation 192; 2.1s elapsed, 1.9s avg, 3.6e+02s total. Expected time remaining: 1.5e+01s
2020-07-28 11:44:12,182 - root - INFO - #192 MAX:accuracy.mean: 0.87
2020-07-28 11:44:12,222 - root - DEBUG - Sampled weight [ 1.86500183 -0.69783897  0.43196822 -1.499341   -1.39914173]
2020-07-28 11:44:13,293 - root - DEBUG - Updating hall of fame
2020-07-28 11:44:13,665 - root - INFO - Completed generation 193; 1.5s elapsed, 1.9s avg, 3.6e+02s total. Expected time remaining: 1.3e+01s
2020-07-28 11:44:13,713 - root - INFO - #193 MAX:accuracy.mean: 0.88
2020-07-28 11:44:13,755 - root - DEBUG - Sampled weight [-0.97873102 -1.72530569  1.64751171  1.5798379  -0.76026356]
2020-07-28 11:44:14,828 - root - DEBUG - Updating hall of fame
2020-07-28 11:44:15,756 - root - INFO - Completed generation 194; 2.0s elapsed, 1.9s avg, 3.7e+02s total. Expected time remaining: 1.1e+01s
2020-07-28 11:44:15,805 - root - INFO - #194 MAX:accuracy.mean: 0.88
2020-07-28 11:44:15,845 - root - DEBUG - Sampled weight [-0.94511567 -0.19376491 -1.32816421 -0.46432144  1.40365604]
2020-07-28 11:44:16,913 - root - DEBUG - Updating hall of fame
2020-07-28 11:44:17,847 - root - INFO - Completed generation 195; 2.0s elapsed, 1.9s avg, 3.7e+02s total. Expected time remaining: 9.5s
2020-07-28 11:44:17,896 - root - INFO - #195 MAX:accuracy.mean: 0.84
2020-07-28 11:44:17,936 - root - DEBUG - Sampled weight [-0.90641537 -0.15605414  0.3229941   0.0217538   0.58692089]
2020-07-28 11:44:19,008 - root - DEBUG - Updating hall of fame
2020-07-28 11:44:19,573 - root - INFO - Completed generation 196; 1.7s elapsed, 1.9s avg, 3.7e+02s total. Expected time remaining: 7.6s
2020-07-28 11:44:19,622 - root - INFO - #196 MAX:accuracy.mean: 0.84
2020-07-28 11:44:19,664 - root - DEBUG - Sampled weight [ 0.80193595  1.94738022 -0.4978567   1.19735585  0.40987653]
2020-07-28 11:44:20,731 - root - DEBUG - Updating hall of fame
2020-07-28 11:44:21,101 - root - INFO - Completed generation 197; 1.5s elapsed, 1.9s avg, 3.7e+02s total. Expected time remaining: 5.7s
2020-07-28 11:44:21,149 - root - INFO - #197 MAX:accuracy.mean: 0.83
2020-07-28 11:44:21,191 - root - DEBUG - Sampled weight [ 0.46289178 -0.06218858  1.96923321 -0.09177931 -1.62560225]
2020-07-28 11:44:22,253 - root - DEBUG - Updating hall of fame
2020-07-28 11:44:22,991 - root - INFO - Completed generation 198; 1.8s elapsed, 1.9s avg, 3.7e+02s total. Expected time remaining: 3.8s
2020-07-28 11:44:23,041 - root - INFO - #198 MAX:accuracy.mean: 0.84
2020-07-28 11:44:23,082 - root - DEBUG - Sampled weight [ 0.28696284  0.54895336  0.0593356  -0.3177388   1.71823267]
2020-07-28 11:44:24,148 - root - DEBUG - Updating hall of fame
2020-07-28 11:44:24,528 - root - INFO - Completed generation 199; 1.5s elapsed, 1.9s avg, 3.8e+02s total. Expected time remaining: 1.9s
2020-07-28 11:44:24,576 - root - INFO - #199 MAX:accuracy.mean: 0.84
2020-07-28 11:44:24,617 - root - DEBUG - Sampled weight [ 0.89905641 -1.14956464  1.79569047  0.98494631  1.07829613]
2020-07-28 11:44:25,682 - root - DEBUG - Updating hall of fame
2020-07-28 11:44:26,246 - root - INFO - Completed generation 200; 1.7s elapsed, 1.9s avg, 3.8e+02s total. Expected time remaining: 0.0s
2020-07-28 11:44:26,295 - root - INFO - #200 MAX:accuracy.mean: 0.86
2020-07-28 11:44:26,451 - root - DEBUG - Loaded 150 samples.
2020-07-28 11:44:26,454 - root - INFO - Evaluating indivs in hall of fame.
2020-07-28 11:44:28,404 - root - INFO - Completed excution.
