2020-07-26 21:09:20,609 - root - INFO - Package version 0.1.1
2020-07-26 21:09:20,609 - root - INFO - Saving data at /vol/fob-vol1/mi15/plonerma/Lab/rewann/data/2020-07-26_Iris [0, 3, 5, 6, 7, 9, 10]; lognormal 0,0.5; signed: True_000.
2020-07-26 21:09:20,609 - root - DEBUG - Loading training dataset
2020-07-26 21:09:20,709 - root - DEBUG - Loaded 150 samples.
2020-07-26 21:09:20,709 - root - DEBUG - Running experiments with the following parameters:
debug = true
experiment_name = "Iris [0, 3, 5, 6, 7, 9, 10]; lognormal 0,0.5; signed: True"
experiment_path = "data/2020-07-26_Iris [0, 3, 5, 6, 7, 9, 10]; lognormal 0,0.5; signed: True_000"

[config]
num_workers = 1
debug = true
backend = "numpy"

[postopt]
run_postopt = true
compile_report = false
num_weights = 100
num_samples = -1

[sampling]
seed = 0
post_init_seed = false
distribution = "lognormal"
lower_bound = -2
upper_bound = 2
mean = 0
sigma = 0.5
num_weights_per_iteration = 5
num_samples_per_iteration = -1
hof_evaluation_iterations = 20

[task]
name = "iris"
sample_order_seed = 0
test_portion = 0.2
sample_length = 10
num_categories = 8

[storage]
data_base_path = "data"
log_filename = "execution.log"
commit_elite_freq = -1
commit_metrics_freq = 10

[population]
num_generations = 200
size = 100
initial_enabled_edge_prob = 0.05
initial_genes = "full"
hof_size = 10
enable_edge_signs = true
enabled_activation_funcs = [ 0, 3, 5, 6, 7, 9, 10,]

[selection]
use_tournaments = true
elite_ratio = 0.1
culling_ratio = 0.2
tournament_size = 5
objectives = [ "-log_loss.min", "-log_loss.mean", "-n_hidden",]
recorded_metrics = [ "accuracy", "kappa", "log_loss",]
hof_metric = "accuracy.mean"

[mutation.new_edge]
probability = 0.2
strategy = "layer_agnostic"
propability = 0.2

[mutation.new_node]
probability = 0.25
propability = 0.3

[mutation.reenable_edge]
probability = 0.05
propability = 0.1

[mutation.change_activation]
probability = 0.5
propability = 0.4

[mutation.change_edge_sign]
probability = 0.2

[mutation.new_recurrent_edge]
probability = 0.2
strategy = "any"

2020-07-26 21:09:20,721 - root - INFO - Starting evolutionary algorithm
2020-07-26 21:09:20,743 - root - DEBUG - Sampled weight [0.71894433 1.11238747 1.34943325 0.87971398 1.25909998]
2020-07-26 21:09:21,790 - root - DEBUG - Updating hall of fame
2020-07-26 21:09:23,707 - root - INFO - Completed generation 1; 3.0s elapsed, 3.0s avg, 3.0s total. Expected time remaining: 5.9e+02s
2020-07-26 21:09:23,764 - root - INFO - #1 MAX:accuracy.mean: 0.34
2020-07-26 21:09:23,804 - root - DEBUG - Sampled weight [1.27111431 0.98818427 1.06775141 0.82859365 0.91583412]
2020-07-26 21:09:24,852 - root - DEBUG - Updating hall of fame
2020-07-26 21:09:26,695 - root - INFO - Completed generation 2; 2.9s elapsed, 3.0s avg, 5.9s total. Expected time remaining: 5.9e+02s
2020-07-26 21:09:26,752 - root - INFO - #2 MAX:accuracy.mean: 0.67
2020-07-26 21:09:26,792 - root - DEBUG - Sampled weight [1.44427117 1.53115708 0.78377086 1.11449062 1.20809671]
2020-07-26 21:09:27,850 - root - DEBUG - Updating hall of fame
2020-07-26 21:09:29,501 - root - INFO - Completed generation 3; 2.7s elapsed, 2.9s avg, 8.7s total. Expected time remaining: 5.7e+02s
2020-07-26 21:09:29,556 - root - INFO - #3 MAX:accuracy.mean: 0.67
2020-07-26 21:09:29,598 - root - DEBUG - Sampled weight [0.61764273 1.14611635 1.37493375 1.28656694 0.50811346]
2020-07-26 21:09:30,663 - root - DEBUG - Updating hall of fame
2020-07-26 21:09:32,519 - root - INFO - Completed generation 4; 3.0s elapsed, 2.9s avg, 1.2e+01s total. Expected time remaining: 5.7e+02s
2020-07-26 21:09:32,574 - root - INFO - #4 MAX:accuracy.mean: 0.66
2020-07-26 21:09:32,615 - root - DEBUG - Sampled weight [1.29921128 0.4541947  0.60933832 1.1369657  0.63774682]
2020-07-26 21:09:33,681 - root - DEBUG - Updating hall of fame
2020-07-26 21:09:35,200 - root - INFO - Completed generation 5; 2.6s elapsed, 2.9s avg, 1.4e+01s total. Expected time remaining: 5.6e+02s
2020-07-26 21:09:35,255 - root - INFO - #5 MAX:accuracy.mean: 0.66
2020-07-26 21:09:35,298 - root - DEBUG - Sampled weight [1.70986046 1.63535932 1.79540433 0.35789051 1.34923464]
2020-07-26 21:09:36,356 - root - DEBUG - Updating hall of fame
2020-07-26 21:09:38,223 - root - INFO - Completed generation 6; 3.0s elapsed, 2.9s avg, 1.7e+01s total. Expected time remaining: 5.6e+02s
2020-07-26 21:09:38,278 - root - INFO - #6 MAX:accuracy.mean: 0.65
2020-07-26 21:09:38,319 - root - DEBUG - Sampled weight [1.48440043 1.4466192  0.52981294 0.97655241 1.60709593]
2020-07-26 21:09:39,380 - root - DEBUG - Updating hall of fame
2020-07-26 21:09:40,846 - root - INFO - Completed generation 7; 2.6s elapsed, 2.8s avg, 2e+01s total. Expected time remaining: 5.5e+02s
2020-07-26 21:09:40,903 - root - INFO - #7 MAX:accuracy.mean: 0.66
2020-07-26 21:09:40,943 - root - DEBUG - Sampled weight [0.53228653 1.01950045 0.61747393 1.23029848 0.91611722]
2020-07-26 21:09:42,003 - root - DEBUG - Updating hall of fame
2020-07-26 21:09:42,925 - root - INFO - Completed generation 8; 2.0s elapsed, 2.7s avg, 2.2e+01s total. Expected time remaining: 5.2e+02s
2020-07-26 21:09:42,980 - root - INFO - #8 MAX:accuracy.mean: 0.67
2020-07-26 21:09:43,023 - root - DEBUG - Sampled weight [0.95878728 0.64557468 2.07636747 0.78211428 1.70566199]
2020-07-26 21:09:44,087 - root - DEBUG - Updating hall of fame
2020-07-26 21:09:45,392 - root - INFO - Completed generation 9; 2.4s elapsed, 2.7s avg, 2.4e+01s total. Expected time remaining: 5.1e+02s
2020-07-26 21:09:45,448 - root - INFO - #9 MAX:accuracy.mean: 0.66
2020-07-26 21:09:45,490 - root - DEBUG - Sampled weight [1.02596007 1.67898696 1.47509739 1.73575626 0.94799531]
2020-07-26 21:09:46,555 - root - DEBUG - Updating hall of fame
2020-07-26 21:09:48,037 - root - INFO - Completed generation 10; 2.6s elapsed, 2.7s avg, 2.7e+01s total. Expected time remaining: 5.1e+02s
2020-07-26 21:09:48,094 - root - INFO - #10 MAX:accuracy.mean: 0.67
2020-07-26 21:09:48,175 - root - DEBUG - Sampled weight [1.47334734 0.84736233 1.41457246 0.86502202 1.04404059]
2020-07-26 21:09:49,245 - root - DEBUG - Updating hall of fame
2020-07-26 21:09:50,732 - root - INFO - Completed generation 11; 2.6s elapsed, 2.7s avg, 2.9e+01s total. Expected time remaining: 5.1e+02s
2020-07-26 21:09:50,787 - root - INFO - #11 MAX:accuracy.mean: 0.67
2020-07-26 21:09:50,828 - root - DEBUG - Sampled weight [1.05589933 0.81606361 0.74301231 1.37516676 0.62424226]
2020-07-26 21:09:51,899 - root - DEBUG - Updating hall of fame
2020-07-26 21:09:52,827 - root - INFO - Completed generation 12; 2.0s elapsed, 2.6s avg, 3.1e+01s total. Expected time remaining: 4.9e+02s
2020-07-26 21:09:52,882 - root - INFO - #12 MAX:accuracy.mean: 0.74
2020-07-26 21:09:52,924 - root - DEBUG - Sampled weight [1.65259619 0.64589364 0.88611988 1.06120414 1.06698841]
2020-07-26 21:09:53,990 - root - DEBUG - Updating hall of fame
2020-07-26 21:09:55,094 - root - INFO - Completed generation 13; 2.2s elapsed, 2.6s avg, 3.4e+01s total. Expected time remaining: 4.8e+02s
2020-07-26 21:09:55,149 - root - INFO - #13 MAX:accuracy.mean: 0.77
2020-07-26 21:09:55,189 - root - DEBUG - Sampled weight [1.64793802 0.95348455 0.73208191 1.56270429 1.01042782]
2020-07-26 21:09:56,249 - root - DEBUG - Updating hall of fame
2020-07-26 21:09:57,720 - root - INFO - Completed generation 14; 2.6s elapsed, 2.6s avg, 3.6e+01s total. Expected time remaining: 4.8e+02s
2020-07-26 21:09:57,776 - root - INFO - #14 MAX:accuracy.mean: 0.73
2020-07-26 21:09:57,817 - root - DEBUG - Sampled weight [2.22303702 2.42035465 1.88146999 1.70407124 1.14703434]
2020-07-26 21:09:58,882 - root - DEBUG - Updating hall of fame
2020-07-26 21:10:00,201 - root - INFO - Completed generation 15; 2.4s elapsed, 2.6s avg, 3.9e+01s total. Expected time remaining: 4.8e+02s
2020-07-26 21:10:00,256 - root - INFO - #15 MAX:accuracy.mean: 0.71
2020-07-26 21:10:00,297 - root - DEBUG - Sampled weight [0.38883687 1.17994289 0.9198476  1.18780316 0.71353409]
2020-07-26 21:10:01,361 - root - DEBUG - Updating hall of fame
2020-07-26 21:10:02,158 - root - INFO - Completed generation 16; 1.9s elapsed, 2.5s avg, 4.1e+01s total. Expected time remaining: 4.7e+02s
2020-07-26 21:10:02,216 - root - INFO - #16 MAX:accuracy.mean: 0.71
2020-07-26 21:10:02,259 - root - DEBUG - Sampled weight [0.89710468 0.70666551 1.25952893 0.86326889 1.73272367]
2020-07-26 21:10:03,331 - root - DEBUG - Updating hall of fame
2020-07-26 21:10:04,461 - root - INFO - Completed generation 17; 2.2s elapsed, 2.5s avg, 4.3e+01s total. Expected time remaining: 4.6e+02s
2020-07-26 21:10:04,517 - root - INFO - #17 MAX:accuracy.mean: 0.82
2020-07-26 21:10:04,557 - root - DEBUG - Sampled weight [1.34408036 0.64827779 1.08585077 0.95945997 0.63387377]
2020-07-26 21:10:05,627 - root - DEBUG - Updating hall of fame
2020-07-26 21:10:06,765 - root - INFO - Completed generation 18; 2.2s elapsed, 2.5s avg, 4.5e+01s total. Expected time remaining: 4.6e+02s
2020-07-26 21:10:06,821 - root - INFO - #18 MAX:accuracy.mean: 0.77
2020-07-26 21:10:06,862 - root - DEBUG - Sampled weight [1.01389636 1.76665423 2.27219856 0.72544657 0.40968714]
2020-07-26 21:10:07,935 - root - DEBUG - Updating hall of fame
2020-07-26 21:10:09,439 - root - INFO - Completed generation 19; 2.6s elapsed, 2.5s avg, 4.8e+01s total. Expected time remaining: 4.5e+02s
2020-07-26 21:10:09,494 - root - INFO - #19 MAX:accuracy.mean: 0.72
2020-07-26 21:10:09,535 - root - DEBUG - Sampled weight [1.15730441 0.80595147 0.7942689  1.17818652 1.08942362]
2020-07-26 21:10:10,600 - root - DEBUG - Updating hall of fame
2020-07-26 21:10:11,557 - root - INFO - Completed generation 20; 2.1s elapsed, 2.5s avg, 5e+01s total. Expected time remaining: 4.5e+02s
2020-07-26 21:10:11,612 - root - INFO - #20 MAX:accuracy.mean: 0.76
2020-07-26 21:10:11,769 - root - DEBUG - Sampled weight [0.64635519 0.63466952 1.38854637 0.71707915 1.53184278]
2020-07-26 21:10:12,843 - root - DEBUG - Updating hall of fame
2020-07-26 21:10:13,979 - root - INFO - Completed generation 21; 2.3s elapsed, 2.5s avg, 5.2e+01s total. Expected time remaining: 4.4e+02s
2020-07-26 21:10:14,035 - root - INFO - #21 MAX:accuracy.mean: 0.77
2020-07-26 21:10:14,076 - root - DEBUG - Sampled weight [0.7471718  1.30706378 0.47363526 1.63769994 0.64672266]
2020-07-26 21:10:15,158 - root - DEBUG - Updating hall of fame
2020-07-26 21:10:16,318 - root - INFO - Completed generation 22; 2.3s elapsed, 2.5s avg, 5.4e+01s total. Expected time remaining: 4.4e+02s
2020-07-26 21:10:16,373 - root - INFO - #22 MAX:accuracy.mean: 0.77
2020-07-26 21:10:16,414 - root - DEBUG - Sampled weight [0.49357657 0.61541928 0.85423555 2.61750884 1.28012568]
2020-07-26 21:10:17,495 - root - DEBUG - Updating hall of fame
2020-07-26 21:10:18,661 - root - INFO - Completed generation 23; 2.3s elapsed, 2.5s avg, 5.7e+01s total. Expected time remaining: 4.4e+02s
2020-07-26 21:10:18,716 - root - INFO - #23 MAX:accuracy.mean: 0.76
2020-07-26 21:10:18,758 - root - DEBUG - Sampled weight [1.48317926 1.21240921 1.16713999 1.31197248 1.26727249]
2020-07-26 21:10:19,855 - root - DEBUG - Updating hall of fame
2020-07-26 21:10:20,640 - root - INFO - Completed generation 24; 1.9s elapsed, 2.4s avg, 5.8e+01s total. Expected time remaining: 4.3e+02s
2020-07-26 21:10:20,695 - root - INFO - #24 MAX:accuracy.mean: 0.76
2020-07-26 21:10:20,736 - root - DEBUG - Sampled weight [1.39885532 1.51022559 2.55493953 0.69532779 0.34658142]
2020-07-26 21:10:21,816 - root - DEBUG - Updating hall of fame
2020-07-26 21:10:22,975 - root - INFO - Completed generation 25; 2.3s elapsed, 2.4s avg, 6.1e+01s total. Expected time remaining: 4.3e+02s
2020-07-26 21:10:23,031 - root - INFO - #25 MAX:accuracy.mean: 0.76
2020-07-26 21:10:23,073 - root - DEBUG - Sampled weight [0.74350549 1.64962765 2.35711274 0.26176052 0.97718193]
2020-07-26 21:10:24,158 - root - DEBUG - Updating hall of fame
2020-07-26 21:10:25,117 - root - INFO - Completed generation 26; 2.1s elapsed, 2.4s avg, 6.3e+01s total. Expected time remaining: 4.2e+02s
2020-07-26 21:10:25,172 - root - INFO - #26 MAX:accuracy.mean: 0.76
2020-07-26 21:10:25,213 - root - DEBUG - Sampled weight [0.8063357  1.61376185 1.42516898 1.58184871 0.94580558]
2020-07-26 21:10:26,306 - root - DEBUG - Updating hall of fame
2020-07-26 21:10:27,071 - root - INFO - Completed generation 27; 1.9s elapsed, 2.4s avg, 6.5e+01s total. Expected time remaining: 4.1e+02s
2020-07-26 21:10:27,127 - root - INFO - #27 MAX:accuracy.mean: 0.82
2020-07-26 21:10:27,168 - root - DEBUG - Sampled weight [1.96864649 0.51193218 0.79021985 1.42991482 1.11420766]
2020-07-26 21:10:28,252 - root - DEBUG - Updating hall of fame
2020-07-26 21:10:29,389 - root - INFO - Completed generation 28; 2.3s elapsed, 2.4s avg, 6.7e+01s total. Expected time remaining: 4.1e+02s
2020-07-26 21:10:29,444 - root - INFO - #28 MAX:accuracy.mean: 0.85
2020-07-26 21:10:29,487 - root - DEBUG - Sampled weight [0.51177491 1.35029893 0.97280815 1.27635828 1.52663316]
2020-07-26 21:10:30,572 - root - DEBUG - Updating hall of fame
2020-07-26 21:10:30,951 - root - INFO - Completed generation 29; 1.5s elapsed, 2.4s avg, 6.9e+01s total. Expected time remaining: 4e+02s
2020-07-26 21:10:31,007 - root - INFO - #29 MAX:accuracy.mean: 0.88
2020-07-26 21:10:31,047 - root - DEBUG - Sampled weight [1.00323588 2.30775817 2.15168211 1.38615563 0.79823275]
2020-07-26 21:10:32,135 - root - DEBUG - Updating hall of fame
2020-07-26 21:10:32,694 - root - INFO - Completed generation 30; 1.7s elapsed, 2.3s avg, 7e+01s total. Expected time remaining: 4e+02s
2020-07-26 21:10:32,750 - root - INFO - #30 MAX:accuracy.mean: 0.89
2020-07-26 21:10:32,836 - root - DEBUG - Sampled weight [0.81254712 0.61264652 2.76806546 0.75132831 1.1346857 ]
2020-07-26 21:10:33,921 - root - DEBUG - Updating hall of fame
2020-07-26 21:10:34,868 - root - INFO - Completed generation 31; 2.1s elapsed, 2.3s avg, 7.2e+01s total. Expected time remaining: 3.9e+02s
2020-07-26 21:10:34,924 - root - INFO - #31 MAX:accuracy.mean: 0.88
2020-07-26 21:10:34,964 - root - DEBUG - Sampled weight [1.63335542 1.13872738 0.60070907 0.99732969 1.84468116]
2020-07-26 21:10:36,048 - root - DEBUG - Updating hall of fame
2020-07-26 21:10:36,651 - root - INFO - Completed generation 32; 1.7s elapsed, 2.3s avg, 7.4e+01s total. Expected time remaining: 3.9e+02s
2020-07-26 21:10:36,707 - root - INFO - #32 MAX:accuracy.mean: 0.89
2020-07-26 21:10:36,749 - root - DEBUG - Sampled weight [0.38084557 1.89093642 1.56062689 0.68404121 2.60664264]
2020-07-26 21:10:37,843 - root - DEBUG - Updating hall of fame
2020-07-26 21:10:38,622 - root - INFO - Completed generation 33; 1.9s elapsed, 2.3s avg, 7.6e+01s total. Expected time remaining: 3.8e+02s
2020-07-26 21:10:38,677 - root - INFO - #33 MAX:accuracy.mean: 0.85
2020-07-26 21:10:38,719 - root - DEBUG - Sampled weight [1.1757555  0.93084471 1.16376708 0.74695003 1.61845965]
2020-07-26 21:10:39,800 - root - DEBUG - Updating hall of fame
2020-07-26 21:10:40,578 - root - INFO - Completed generation 34; 1.9s elapsed, 2.3s avg, 7.8e+01s total. Expected time remaining: 3.8e+02s
2020-07-26 21:10:40,633 - root - INFO - #34 MAX:accuracy.mean: 0.9
2020-07-26 21:10:40,673 - root - DEBUG - Sampled weight [0.77101654 0.76817143 1.02208633 0.70755755 2.21509632]
2020-07-26 21:10:41,758 - root - DEBUG - Updating hall of fame
2020-07-26 21:10:42,903 - root - INFO - Completed generation 35; 2.3s elapsed, 2.3s avg, 8e+01s total. Expected time remaining: 3.8e+02s
2020-07-26 21:10:42,959 - root - INFO - #35 MAX:accuracy.mean: 0.86
2020-07-26 21:10:43,001 - root - DEBUG - Sampled weight [0.93438408 0.60943309 0.70363113 2.37155122 0.90414163]
2020-07-26 21:10:44,094 - root - DEBUG - Updating hall of fame
2020-07-26 21:10:44,876 - root - INFO - Completed generation 36; 1.9s elapsed, 2.3s avg, 8.2e+01s total. Expected time remaining: 3.7e+02s
2020-07-26 21:10:44,932 - root - INFO - #36 MAX:accuracy.mean: 0.86
2020-07-26 21:10:44,973 - root - DEBUG - Sampled weight [0.65672351 0.68449179 0.43333072 0.2006935  0.81479036]
2020-07-26 21:10:46,062 - root - DEBUG - Updating hall of fame
2020-07-26 21:10:47,010 - root - INFO - Completed generation 37; 2.1s elapsed, 2.3s avg, 8.4e+01s total. Expected time remaining: 3.7e+02s
2020-07-26 21:10:47,065 - root - INFO - #37 MAX:accuracy.mean: 0.86
2020-07-26 21:10:47,107 - root - DEBUG - Sampled weight [0.55143251 2.02515187 0.86292349 0.76151774 1.58727795]
2020-07-26 21:10:48,194 - root - DEBUG - Updating hall of fame
2020-07-26 21:10:48,759 - root - INFO - Completed generation 38; 1.7s elapsed, 2.3s avg, 8.6e+01s total. Expected time remaining: 3.7e+02s
2020-07-26 21:10:48,849 - root - INFO - #38 MAX:accuracy.mean: 0.85
2020-07-26 21:10:48,890 - root - DEBUG - Sampled weight [1.35290579 1.01421812 2.47178704 1.36816877 0.44677489]
2020-07-26 21:10:49,979 - root - DEBUG - Updating hall of fame
2020-07-26 21:10:50,935 - root - INFO - Completed generation 39; 2.1s elapsed, 2.3s avg, 8.8e+01s total. Expected time remaining: 3.6e+02s
2020-07-26 21:10:50,992 - root - INFO - #39 MAX:accuracy.mean: 0.87
2020-07-26 21:10:51,033 - root - DEBUG - Sampled weight [0.76470355 0.83252276 1.39190736 0.95117856 0.61217606]
2020-07-26 21:10:52,126 - root - DEBUG - Updating hall of fame
2020-07-26 21:10:52,695 - root - INFO - Completed generation 40; 1.7s elapsed, 2.2s avg, 9e+01s total. Expected time remaining: 3.6e+02s
2020-07-26 21:10:52,752 - root - INFO - #40 MAX:accuracy.mean: 0.87
2020-07-26 21:10:52,836 - root - DEBUG - Sampled weight [1.15314405 0.59459473 1.30071149 0.35837098 2.01492459]
2020-07-26 21:10:53,924 - root - DEBUG - Updating hall of fame
2020-07-26 21:10:54,703 - root - INFO - Completed generation 41; 1.9s elapsed, 2.2s avg, 9.1e+01s total. Expected time remaining: 3.5e+02s
2020-07-26 21:10:54,758 - root - INFO - #41 MAX:accuracy.mean: 0.86
2020-07-26 21:10:54,800 - root - DEBUG - Sampled weight [1.00708303 0.64028578 0.55842467 0.93062412 1.62177151]
2020-07-26 21:10:55,890 - root - DEBUG - Updating hall of fame
2020-07-26 21:10:56,287 - root - INFO - Completed generation 42; 1.5s elapsed, 2.2s avg, 9.3e+01s total. Expected time remaining: 3.5e+02s
2020-07-26 21:10:56,342 - root - INFO - #42 MAX:accuracy.mean: 0.86
2020-07-26 21:10:56,384 - root - DEBUG - Sampled weight [0.68756879 1.43040868 0.47903961 0.51209443 1.54873619]
2020-07-26 21:10:57,470 - root - DEBUG - Updating hall of fame
2020-07-26 21:10:58,627 - root - INFO - Completed generation 43; 2.3s elapsed, 2.2s avg, 9.5e+01s total. Expected time remaining: 3.5e+02s
2020-07-26 21:10:58,683 - root - INFO - #43 MAX:accuracy.mean: 0.85
2020-07-26 21:10:58,725 - root - DEBUG - Sampled weight [1.17246701 0.69177173 0.9224797  0.31340789 0.4780901 ]
2020-07-26 21:10:59,805 - root - DEBUG - Updating hall of fame
2020-07-26 21:11:00,391 - root - INFO - Completed generation 44; 1.7s elapsed, 2.2s avg, 9.7e+01s total. Expected time remaining: 3.4e+02s
2020-07-26 21:11:00,446 - root - INFO - #44 MAX:accuracy.mean: 0.85
2020-07-26 21:11:00,487 - root - DEBUG - Sampled weight [1.32292946 0.91035489 1.33297734 1.28342402 0.61443616]
2020-07-26 21:11:01,587 - root - DEBUG - Updating hall of fame
2020-07-26 21:11:02,003 - root - INFO - Completed generation 45; 1.6s elapsed, 2.2s avg, 9.9e+01s total. Expected time remaining: 3.4e+02s
2020-07-26 21:11:02,061 - root - INFO - #45 MAX:accuracy.mean: 0.93
2020-07-26 21:11:02,106 - root - DEBUG - Sampled weight [1.74730217 0.77932995 0.93523016 0.56812687 0.5258008 ]
2020-07-26 21:11:03,205 - root - DEBUG - Updating hall of fame
2020-07-26 21:11:03,957 - root - INFO - Completed generation 46; 1.9s elapsed, 2.2s avg, 1e+02s total. Expected time remaining: 3.4e+02s
2020-07-26 21:11:04,013 - root - INFO - #46 MAX:accuracy.mean: 0.87
2020-07-26 21:11:04,054 - root - DEBUG - Sampled weight [1.93195081 0.99698395 1.25374354 1.45168814 1.63711669]
2020-07-26 21:11:05,141 - root - DEBUG - Updating hall of fame
2020-07-26 21:11:05,524 - root - INFO - Completed generation 47; 1.5s elapsed, 2.2s avg, 1e+02s total. Expected time remaining: 3.3e+02s
2020-07-26 21:11:05,580 - root - INFO - #47 MAX:accuracy.mean: 0.87
2020-07-26 21:11:05,621 - root - DEBUG - Sampled weight [1.08541668 0.99061765 0.74263944 1.73310705 0.30531495]
2020-07-26 21:11:06,715 - root - DEBUG - Updating hall of fame
2020-07-26 21:11:07,665 - root - INFO - Completed generation 48; 2.1s elapsed, 2.2s avg, 1e+02s total. Expected time remaining: 3.3e+02s
2020-07-26 21:11:07,723 - root - INFO - #48 MAX:accuracy.mean: 0.87
2020-07-26 21:11:07,764 - root - DEBUG - Sampled weight [0.91877816 0.81831478 1.16932407 0.95266176 0.45606405]
2020-07-26 21:11:08,860 - root - DEBUG - Updating hall of fame
2020-07-26 21:11:09,061 - root - INFO - Completed generation 49; 1.3s elapsed, 2.2s avg, 1.1e+02s total. Expected time remaining: 3.2e+02s
2020-07-26 21:11:09,117 - root - INFO - #49 MAX:accuracy.mean: 0.9
2020-07-26 21:11:09,158 - root - DEBUG - Sampled weight [1.95448645 0.77255844 0.73845679 2.10275706 0.54676637]
2020-07-26 21:11:10,251 - root - DEBUG - Updating hall of fame
2020-07-26 21:11:10,819 - root - INFO - Completed generation 50; 1.7s elapsed, 2.1s avg, 1.1e+02s total. Expected time remaining: 3.2e+02s
2020-07-26 21:11:10,874 - root - INFO - #50 MAX:accuracy.mean: 0.87
2020-07-26 21:11:10,987 - root - DEBUG - Sampled weight [1.79497337 1.05609862 1.97042861 1.4987164  0.40589872]
2020-07-26 21:11:12,079 - root - DEBUG - Updating hall of fame
2020-07-26 21:11:12,281 - root - INFO - Completed generation 51; 1.3s elapsed, 2.1s avg, 1.1e+02s total. Expected time remaining: 3.2e+02s
2020-07-26 21:11:12,336 - root - INFO - #51 MAX:accuracy.mean: 0.87
2020-07-26 21:11:12,377 - root - DEBUG - Sampled weight [0.61426253 1.35296717 0.62085212 0.41479392 1.23816118]
2020-07-26 21:11:13,471 - root - DEBUG - Updating hall of fame
2020-07-26 21:11:13,864 - root - INFO - Completed generation 52; 1.5s elapsed, 2.1s avg, 1.1e+02s total. Expected time remaining: 3.1e+02s
2020-07-26 21:11:13,920 - root - INFO - #52 MAX:accuracy.mean: 0.87
2020-07-26 21:11:13,961 - root - DEBUG - Sampled weight [1.26826173 1.09643089 1.91425117 0.97084791 1.09105019]
2020-07-26 21:11:15,049 - root - DEBUG - Updating hall of fame
2020-07-26 21:11:15,427 - root - INFO - Completed generation 53; 1.5s elapsed, 2.1s avg, 1.1e+02s total. Expected time remaining: 3.1e+02s
2020-07-26 21:11:15,482 - root - INFO - #53 MAX:accuracy.mean: 0.87
2020-07-26 21:11:15,524 - root - DEBUG - Sampled weight [1.14023684 0.89843489 1.26805364 2.32760061 0.81246826]
2020-07-26 21:11:16,620 - root - DEBUG - Updating hall of fame
2020-07-26 21:11:17,382 - root - INFO - Completed generation 54; 1.9s elapsed, 2.1s avg, 1.1e+02s total. Expected time remaining: 3.1e+02s
2020-07-26 21:11:17,437 - root - INFO - #54 MAX:accuracy.mean: 0.87
2020-07-26 21:11:17,479 - root - DEBUG - Sampled weight [0.90711134 0.76970876 0.89929793 0.46548851 0.4326886 ]
2020-07-26 21:11:18,564 - root - DEBUG - Updating hall of fame
2020-07-26 21:11:19,140 - root - INFO - Completed generation 55; 1.7s elapsed, 2.1s avg, 1.2e+02s total. Expected time remaining: 3e+02s
2020-07-26 21:11:19,196 - root - INFO - #55 MAX:accuracy.mean: 0.88
2020-07-26 21:11:19,236 - root - DEBUG - Sampled weight [0.78561841 1.476795   0.29183837 0.445652   1.63670912]
2020-07-26 21:11:20,314 - root - DEBUG - Updating hall of fame
2020-07-26 21:11:20,507 - root - INFO - Completed generation 56; 1.3s elapsed, 2.1s avg, 1.2e+02s total. Expected time remaining: 3e+02s
2020-07-26 21:11:20,562 - root - INFO - #56 MAX:accuracy.mean: 0.87
2020-07-26 21:11:20,605 - root - DEBUG - Sampled weight [1.04877334 0.69590382 1.8329907  2.13355586 1.51442322]
2020-07-26 21:11:21,687 - root - DEBUG - Updating hall of fame
2020-07-26 21:11:22,265 - root - INFO - Completed generation 57; 1.7s elapsed, 2.1s avg, 1.2e+02s total. Expected time remaining: 3e+02s
2020-07-26 21:11:22,321 - root - INFO - #57 MAX:accuracy.mean: 0.88
2020-07-26 21:11:22,362 - root - DEBUG - Sampled weight [2.27592477 0.55088947 1.2347451  0.77347377 2.27153071]
2020-07-26 21:11:23,455 - root - DEBUG - Updating hall of fame
2020-07-26 21:11:24,786 - root - INFO - Completed generation 58; 2.5s elapsed, 2.1s avg, 1.2e+02s total. Expected time remaining: 3e+02s
2020-07-26 21:11:24,841 - root - INFO - #58 MAX:accuracy.mean: 0.86
2020-07-26 21:11:24,883 - root - DEBUG - Sampled weight [0.57564606 0.84874844 1.09092756 0.96374925 1.01742337]
2020-07-26 21:11:25,972 - root - DEBUG - Updating hall of fame
2020-07-26 21:11:26,553 - root - INFO - Completed generation 59; 1.7s elapsed, 2.1s avg, 1.2e+02s total. Expected time remaining: 2.9e+02s
2020-07-26 21:11:26,608 - root - INFO - #59 MAX:accuracy.mean: 0.89
2020-07-26 21:11:26,650 - root - DEBUG - Sampled weight [0.61961423 0.58104312 1.13225626 2.21097467 0.75705274]
2020-07-26 21:11:27,736 - root - DEBUG - Updating hall of fame
2020-07-26 21:11:28,318 - root - INFO - Completed generation 60; 1.7s elapsed, 2.1s avg, 1.2e+02s total. Expected time remaining: 2.9e+02s
2020-07-26 21:11:28,373 - root - INFO - #60 MAX:accuracy.mean: 0.86
2020-07-26 21:11:28,529 - root - DEBUG - Sampled weight [1.39642768 0.68575314 1.03635801 1.368763   1.28352555]
2020-07-26 21:11:29,611 - root - DEBUG - Updating hall of fame
2020-07-26 21:11:30,390 - root - INFO - Completed generation 61; 1.9s elapsed, 2.1s avg, 1.3e+02s total. Expected time remaining: 2.9e+02s
2020-07-26 21:11:30,445 - root - INFO - #61 MAX:accuracy.mean: 0.94
2020-07-26 21:11:30,486 - root - DEBUG - Sampled weight [0.39253823 1.56687676 1.54619234 0.57294389 0.32033252]
2020-07-26 21:11:31,571 - root - DEBUG - Updating hall of fame
2020-07-26 21:11:32,322 - root - INFO - Completed generation 62; 1.9s elapsed, 2.1s avg, 1.3e+02s total. Expected time remaining: 2.8e+02s
2020-07-26 21:11:32,377 - root - INFO - #62 MAX:accuracy.mean: 0.86
2020-07-26 21:11:32,417 - root - DEBUG - Sampled weight [0.43246826 0.82485394 1.0190262  1.38412937 0.54502764]
2020-07-26 21:11:33,500 - root - DEBUG - Updating hall of fame
2020-07-26 21:11:34,077 - root - INFO - Completed generation 63; 1.7s elapsed, 2.1s avg, 1.3e+02s total. Expected time remaining: 2.8e+02s
2020-07-26 21:11:34,133 - root - INFO - #63 MAX:accuracy.mean: 0.86
2020-07-26 21:11:34,174 - root - DEBUG - Sampled weight [0.66722145 2.91600697 1.41267422 1.66046667 1.97654487]
2020-07-26 21:11:35,257 - root - DEBUG - Updating hall of fame
2020-07-26 21:11:35,821 - root - INFO - Completed generation 64; 1.7s elapsed, 2.0s avg, 1.3e+02s total. Expected time remaining: 2.8e+02s
2020-07-26 21:11:35,876 - root - INFO - #64 MAX:accuracy.mean: 0.86
2020-07-26 21:11:35,918 - root - DEBUG - Sampled weight [1.5612563  0.92857363 0.75451454 0.85502209 0.90506888]
2020-07-26 21:11:36,997 - root - DEBUG - Updating hall of fame
2020-07-26 21:11:37,766 - root - INFO - Completed generation 65; 1.9s elapsed, 2.0s avg, 1.3e+02s total. Expected time remaining: 2.8e+02s
2020-07-26 21:11:37,822 - root - INFO - #65 MAX:accuracy.mean: 0.91
2020-07-26 21:11:37,863 - root - DEBUG - Sampled weight [1.07646628 1.39007205 1.97011559 0.73862354 1.86654221]
2020-07-26 21:11:38,948 - root - DEBUG - Updating hall of fame
2020-07-26 21:11:39,712 - root - INFO - Completed generation 66; 1.9s elapsed, 2.0s avg, 1.3e+02s total. Expected time remaining: 2.7e+02s
2020-07-26 21:11:39,768 - root - INFO - #66 MAX:accuracy.mean: 0.89
2020-07-26 21:11:39,809 - root - DEBUG - Sampled weight [0.61502223 0.81917421 0.79985613 0.76507076 1.02665659]
2020-07-26 21:11:40,889 - root - DEBUG - Updating hall of fame
2020-07-26 21:11:41,645 - root - INFO - Completed generation 67; 1.9s elapsed, 2.0s avg, 1.4e+02s total. Expected time remaining: 2.7e+02s
2020-07-26 21:11:41,700 - root - INFO - #67 MAX:accuracy.mean: 0.89
2020-07-26 21:11:41,742 - root - DEBUG - Sampled weight [1.82360336 0.52179308 1.0973818  1.4944161  0.87819489]
2020-07-26 21:11:42,846 - root - DEBUG - Updating hall of fame
2020-07-26 21:11:43,419 - root - INFO - Completed generation 68; 1.7s elapsed, 2.0s avg, 1.4e+02s total. Expected time remaining: 2.7e+02s
2020-07-26 21:11:43,475 - root - INFO - #68 MAX:accuracy.mean: 0.87
2020-07-26 21:11:43,518 - root - DEBUG - Sampled weight [1.40888869 2.33869223 1.63813126 0.7950325  2.12517375]
2020-07-26 21:11:44,599 - root - DEBUG - Updating hall of fame
2020-07-26 21:11:45,354 - root - INFO - Completed generation 69; 1.9s elapsed, 2.0s avg, 1.4e+02s total. Expected time remaining: 2.7e+02s
2020-07-26 21:11:45,410 - root - INFO - #69 MAX:accuracy.mean: 0.86
2020-07-26 21:11:45,450 - root - DEBUG - Sampled weight [1.49491074 1.16241642 0.28848664 0.51832921 0.95913083]
2020-07-26 21:11:46,532 - root - DEBUG - Updating hall of fame
2020-07-26 21:11:47,668 - root - INFO - Completed generation 70; 2.3s elapsed, 2.0s avg, 1.4e+02s total. Expected time remaining: 2.6e+02s
2020-07-26 21:11:47,724 - root - INFO - #70 MAX:accuracy.mean: 0.86
2020-07-26 21:11:47,835 - root - DEBUG - Sampled weight [0.70069338 0.47184938 1.92849676 1.66110346 0.49068493]
2020-07-26 21:11:48,922 - root - DEBUG - Updating hall of fame
2020-07-26 21:11:49,684 - root - INFO - Completed generation 71; 1.9s elapsed, 2.0s avg, 1.4e+02s total. Expected time remaining: 2.6e+02s
2020-07-26 21:11:49,739 - root - INFO - #71 MAX:accuracy.mean: 0.86
2020-07-26 21:11:49,781 - root - DEBUG - Sampled weight [0.97593639 1.43067766 1.64249005 0.94848643 1.43116376]
2020-07-26 21:11:50,876 - root - DEBUG - Updating hall of fame
2020-07-26 21:11:51,641 - root - INFO - Completed generation 72; 1.9s elapsed, 2.0s avg, 1.5e+02s total. Expected time remaining: 2.6e+02s
2020-07-26 21:11:51,696 - root - INFO - #72 MAX:accuracy.mean: 0.86
2020-07-26 21:11:51,737 - root - DEBUG - Sampled weight [0.42514444 0.73137961 1.1494015  1.4263469  1.6952468 ]
2020-07-26 21:11:52,826 - root - DEBUG - Updating hall of fame
2020-07-26 21:11:53,778 - root - INFO - Completed generation 73; 2.1s elapsed, 2.0s avg, 1.5e+02s total. Expected time remaining: 2.6e+02s
2020-07-26 21:11:53,834 - root - INFO - #73 MAX:accuracy.mean: 0.86
2020-07-26 21:11:53,875 - root - DEBUG - Sampled weight [1.00043546 0.85167408 0.5600424  0.81703983 2.04670118]
2020-07-26 21:11:54,968 - root - DEBUG - Updating hall of fame
2020-07-26 21:11:55,358 - root - INFO - Completed generation 74; 1.5s elapsed, 2.0s avg, 1.5e+02s total. Expected time remaining: 2.6e+02s
2020-07-26 21:11:55,414 - root - INFO - #74 MAX:accuracy.mean: 0.86
2020-07-26 21:11:55,456 - root - DEBUG - Sampled weight [2.33010301 1.06917167 1.73561785 1.31540641 0.73048028]
2020-07-26 21:11:56,551 - root - DEBUG - Updating hall of fame
2020-07-26 21:11:56,938 - root - INFO - Completed generation 75; 1.5s elapsed, 2.0s avg, 1.5e+02s total. Expected time remaining: 2.5e+02s
2020-07-26 21:11:56,993 - root - INFO - #75 MAX:accuracy.mean: 0.89
2020-07-26 21:11:57,035 - root - DEBUG - Sampled weight [0.90233405 1.03445164 2.31867634 0.77042917 1.15986705]
2020-07-26 21:11:58,135 - root - DEBUG - Updating hall of fame
2020-07-26 21:11:58,910 - root - INFO - Completed generation 76; 1.9s elapsed, 2.0s avg, 1.5e+02s total. Expected time remaining: 2.5e+02s
2020-07-26 21:11:58,966 - root - INFO - #76 MAX:accuracy.mean: 0.9
2020-07-26 21:11:59,007 - root - DEBUG - Sampled weight [0.38585375 1.29523774 0.87863947 0.46073789 0.69004169]
2020-07-26 21:12:00,105 - root - DEBUG - Updating hall of fame
2020-07-26 21:12:00,889 - root - INFO - Completed generation 77; 1.9s elapsed, 2.0s avg, 1.6e+02s total. Expected time remaining: 2.5e+02s
2020-07-26 21:12:00,944 - root - INFO - #77 MAX:accuracy.mean: 0.87
2020-07-26 21:12:00,985 - root - DEBUG - Sampled weight [1.72352854 0.73010499 0.78856888 0.62780962 0.81661211]
2020-07-26 21:12:02,086 - root - DEBUG - Updating hall of fame
2020-07-26 21:12:02,499 - root - INFO - Completed generation 78; 1.6s elapsed, 2.0s avg, 1.6e+02s total. Expected time remaining: 2.5e+02s
2020-07-26 21:12:02,555 - root - INFO - #78 MAX:accuracy.mean: 0.87
2020-07-26 21:12:02,598 - root - DEBUG - Sampled weight [0.63145446 0.39609151 1.45029294 0.69881309 1.44782815]
2020-07-26 21:12:03,699 - root - DEBUG - Updating hall of fame
2020-07-26 21:12:04,479 - root - INFO - Completed generation 79; 1.9s elapsed, 2.0s avg, 1.6e+02s total. Expected time remaining: 2.4e+02s
2020-07-26 21:12:04,540 - root - INFO - #79 MAX:accuracy.mean: 0.86
2020-07-26 21:12:04,583 - root - DEBUG - Sampled weight [1.07710783 2.30063909 1.19013917 0.59756299 0.66774291]
2020-07-26 21:12:05,687 - root - DEBUG - Updating hall of fame
2020-07-26 21:12:06,845 - root - INFO - Completed generation 80; 2.3s elapsed, 2.0s avg, 1.6e+02s total. Expected time remaining: 2.4e+02s
2020-07-26 21:12:06,901 - root - INFO - #80 MAX:accuracy.mean: 0.86
2020-07-26 21:12:07,061 - root - DEBUG - Sampled weight [0.82232636 1.33027737 0.75852742 0.9357944  1.66549884]
2020-07-26 21:12:08,168 - root - DEBUG - Updating hall of fame
2020-07-26 21:12:08,735 - root - INFO - Completed generation 81; 1.7s elapsed, 2.0s avg, 1.6e+02s total. Expected time remaining: 2.4e+02s
2020-07-26 21:12:08,791 - root - INFO - #81 MAX:accuracy.mean: 0.91
2020-07-26 21:12:08,832 - root - DEBUG - Sampled weight [0.44080865 0.4893729  1.30000303 0.52108878 0.56530268]
2020-07-26 21:12:09,924 - root - DEBUG - Updating hall of fame
2020-07-26 21:12:10,884 - root - INFO - Completed generation 82; 2.1s elapsed, 2.0s avg, 1.6e+02s total. Expected time remaining: 2.4e+02s
2020-07-26 21:12:10,940 - root - INFO - #82 MAX:accuracy.mean: 0.9
2020-07-26 21:12:10,982 - root - DEBUG - Sampled weight [1.14779487 0.66388288 1.44691017 1.26946793 0.29874648]
2020-07-26 21:12:12,080 - root - DEBUG - Updating hall of fame
2020-07-26 21:12:12,841 - root - INFO - Completed generation 83; 1.9s elapsed, 2.0s avg, 1.7e+02s total. Expected time remaining: 2.4e+02s
2020-07-26 21:12:12,896 - root - INFO - #83 MAX:accuracy.mean: 0.85
2020-07-26 21:12:12,940 - root - DEBUG - Sampled weight [1.52536329 0.87007736 0.57710107 1.17885192 1.44203887]
2020-07-26 21:12:14,048 - root - DEBUG - Updating hall of fame
2020-07-26 21:12:14,812 - root - INFO - Completed generation 84; 1.9s elapsed, 2.0s avg, 1.7e+02s total. Expected time remaining: 2.3e+02s
2020-07-26 21:12:14,868 - root - INFO - #84 MAX:accuracy.mean: 0.9
2020-07-26 21:12:14,910 - root - DEBUG - Sampled weight [0.43641776 1.09262299 1.01564504 1.24148088 0.65448674]
2020-07-26 21:12:16,007 - root - DEBUG - Updating hall of fame
2020-07-26 21:12:17,213 - root - INFO - Completed generation 85; 2.3s elapsed, 2.0s avg, 1.7e+02s total. Expected time remaining: 2.3e+02s
2020-07-26 21:12:17,285 - root - INFO - #85 MAX:accuracy.mean: 0.87
2020-07-26 21:12:17,339 - root - DEBUG - Sampled weight [0.35671043 1.79851667 0.75681238 1.36897181 1.31226073]
2020-07-26 21:12:18,720 - root - DEBUG - Updating hall of fame
2020-07-26 21:12:19,415 - root - INFO - Completed generation 86; 2.1s elapsed, 2.0s avg, 1.7e+02s total. Expected time remaining: 2.3e+02s
2020-07-26 21:12:19,495 - root - INFO - #86 MAX:accuracy.mean: 0.88
2020-07-26 21:12:19,549 - root - DEBUG - Sampled weight [0.58122677 0.47537424 0.82823603 0.3276872  0.99121808]
2020-07-26 21:12:20,824 - root - DEBUG - Updating hall of fame
2020-07-26 21:12:21,628 - root - INFO - Completed generation 87; 2.1s elapsed, 2.0s avg, 1.8e+02s total. Expected time remaining: 2.3e+02s
2020-07-26 21:12:21,684 - root - INFO - #87 MAX:accuracy.mean: 0.87
2020-07-26 21:12:21,728 - root - DEBUG - Sampled weight [1.09744229 1.55636995 0.67971112 0.35848083 0.89380934]
2020-07-26 21:12:22,869 - root - DEBUG - Updating hall of fame
2020-07-26 21:12:23,817 - root - INFO - Completed generation 88; 2.1s elapsed, 2.0s avg, 1.8e+02s total. Expected time remaining: 2.3e+02s
2020-07-26 21:12:23,873 - root - INFO - #88 MAX:accuracy.mean: 0.85
2020-07-26 21:12:23,917 - root - DEBUG - Sampled weight [2.84141384 0.9926575  0.54353808 1.54762236 0.77198972]
2020-07-26 21:12:25,053 - root - DEBUG - Updating hall of fame
2020-07-26 21:12:26,052 - root - INFO - Completed generation 89; 2.2s elapsed, 2.0s avg, 1.8e+02s total. Expected time remaining: 2.2e+02s
2020-07-26 21:12:26,111 - root - INFO - #89 MAX:accuracy.mean: 0.84
2020-07-26 21:12:26,154 - root - DEBUG - Sampled weight [1.28715715 1.18751698 0.60315294 1.61436974 0.39170388]
2020-07-26 21:12:27,295 - root - DEBUG - Updating hall of fame
2020-07-26 21:12:27,484 - root - INFO - Completed generation 90; 1.4s elapsed, 2.0s avg, 1.8e+02s total. Expected time remaining: 2.2e+02s
2020-07-26 21:12:27,542 - root - INFO - #90 MAX:accuracy.mean: 0.91
2020-07-26 21:12:27,657 - root - DEBUG - Sampled weight [0.6476733  0.9555668  1.37579387 0.67477402 0.18895478]
2020-07-26 21:12:28,777 - root - DEBUG - Updating hall of fame
2020-07-26 21:12:29,577 - root - INFO - Completed generation 91; 2.0s elapsed, 2.0s avg, 1.8e+02s total. Expected time remaining: 2.2e+02s
2020-07-26 21:12:29,634 - root - INFO - #91 MAX:accuracy.mean: 0.85
2020-07-26 21:12:29,678 - root - DEBUG - Sampled weight [1.96756825 0.62168319 0.81558795 0.75648133 1.103415  ]
2020-07-26 21:12:30,809 - root - DEBUG - Updating hall of fame
2020-07-26 21:12:31,195 - root - INFO - Completed generation 92; 1.6s elapsed, 2.0s avg, 1.8e+02s total. Expected time remaining: 2.2e+02s
2020-07-26 21:12:31,251 - root - INFO - #92 MAX:accuracy.mean: 0.85
2020-07-26 21:12:31,294 - root - DEBUG - Sampled weight [0.56445677 0.61737817 0.80536463 1.58274653 0.72769518]
2020-07-26 21:12:32,407 - root - DEBUG - Updating hall of fame
2020-07-26 21:12:32,976 - root - INFO - Completed generation 93; 1.7s elapsed, 2.0s avg, 1.9e+02s total. Expected time remaining: 2.1e+02s
2020-07-26 21:12:33,035 - root - INFO - #93 MAX:accuracy.mean: 0.92
2020-07-26 21:12:33,080 - root - DEBUG - Sampled weight [0.66525131 3.40694463 0.50547556 1.09078252 1.65513734]
2020-07-26 21:12:34,210 - root - DEBUG - Updating hall of fame
2020-07-26 21:12:34,780 - root - INFO - Completed generation 94; 1.7s elapsed, 2.0s avg, 1.9e+02s total. Expected time remaining: 2.1e+02s
2020-07-26 21:12:34,839 - root - INFO - #94 MAX:accuracy.mean: 0.85
2020-07-26 21:12:34,885 - root - DEBUG - Sampled weight [1.47509168 1.05175966 0.94522431 0.95255542 0.61486222]
2020-07-26 21:12:36,059 - root - DEBUG - Updating hall of fame
2020-07-26 21:12:36,459 - root - INFO - Completed generation 95; 1.6s elapsed, 2.0s avg, 1.9e+02s total. Expected time remaining: 2.1e+02s
2020-07-26 21:12:36,516 - root - INFO - #95 MAX:accuracy.mean: 0.88
2020-07-26 21:12:36,561 - root - DEBUG - Sampled weight [1.14047443 0.74633318 0.34530515 0.7717413  1.29076928]
2020-07-26 21:12:37,720 - root - DEBUG - Updating hall of fame
2020-07-26 21:12:38,307 - root - INFO - Completed generation 96; 1.8s elapsed, 2.0s avg, 1.9e+02s total. Expected time remaining: 2.1e+02s
2020-07-26 21:12:38,364 - root - INFO - #96 MAX:accuracy.mean: 0.85
2020-07-26 21:12:38,409 - root - DEBUG - Sampled weight [1.03353126 0.89189366 2.75180511 1.00951481 1.39162102]
2020-07-26 21:12:39,564 - root - DEBUG - Updating hall of fame
2020-07-26 21:12:39,753 - root - INFO - Completed generation 97; 1.4s elapsed, 2.0s avg, 1.9e+02s total. Expected time remaining: 2e+02s
2020-07-26 21:12:39,809 - root - INFO - #97 MAX:accuracy.mean: 0.84
2020-07-26 21:12:39,855 - root - DEBUG - Sampled weight [0.71717462 1.69745676 0.76986293 0.44607523 1.1055964 ]
2020-07-26 21:12:40,997 - root - DEBUG - Updating hall of fame
2020-07-26 21:12:41,390 - root - INFO - Completed generation 98; 1.6s elapsed, 2.0s avg, 1.9e+02s total. Expected time remaining: 2e+02s
2020-07-26 21:12:41,446 - root - INFO - #98 MAX:accuracy.mean: 0.88
2020-07-26 21:12:41,490 - root - DEBUG - Sampled weight [0.49316788 0.95979339 1.62466169 0.70623406 0.94371667]
2020-07-26 21:12:42,637 - root - DEBUG - Updating hall of fame
2020-07-26 21:12:43,417 - root - INFO - Completed generation 99; 2.0s elapsed, 2.0s avg, 2e+02s total. Expected time remaining: 2e+02s
2020-07-26 21:12:43,474 - root - INFO - #99 MAX:accuracy.mean: 0.86
2020-07-26 21:12:43,517 - root - DEBUG - Sampled weight [1.01742218 0.72250074 1.18098801 1.29307186 0.88705114]
2020-07-26 21:12:44,655 - root - DEBUG - Updating hall of fame
2020-07-26 21:12:45,234 - root - INFO - Completed generation 100; 1.8s elapsed, 2.0s avg, 2e+02s total. Expected time remaining: 2e+02s
2020-07-26 21:12:45,292 - root - INFO - #100 MAX:accuracy.mean: 0.9
2020-07-26 21:12:45,446 - root - DEBUG - Sampled weight [0.92872045 1.28330181 1.63774839 0.31704025 2.8144533 ]
2020-07-26 21:12:46,570 - root - DEBUG - Updating hall of fame
2020-07-26 21:12:47,349 - root - INFO - Completed generation 101; 1.9s elapsed, 2.0s avg, 2e+02s total. Expected time remaining: 2e+02s
2020-07-26 21:12:47,406 - root - INFO - #101 MAX:accuracy.mean: 0.86
2020-07-26 21:12:47,450 - root - DEBUG - Sampled weight [1.15242483 1.25742578 1.16514681 0.99419783 1.57496444]
2020-07-26 21:12:48,586 - root - DEBUG - Updating hall of fame
2020-07-26 21:12:48,988 - root - INFO - Completed generation 102; 1.6s elapsed, 2.0s avg, 2e+02s total. Expected time remaining: 1.9e+02s
2020-07-26 21:12:49,046 - root - INFO - #102 MAX:accuracy.mean: 0.94
2020-07-26 21:12:49,090 - root - DEBUG - Sampled weight [2.40781964 1.19174665 0.96314214 0.63818329 1.68035871]
2020-07-26 21:12:50,221 - root - DEBUG - Updating hall of fame
2020-07-26 21:12:50,611 - root - INFO - Completed generation 103; 1.6s elapsed, 2.0s avg, 2e+02s total. Expected time remaining: 1.9e+02s
2020-07-26 21:12:50,667 - root - INFO - #103 MAX:accuracy.mean: 0.87
2020-07-26 21:12:50,710 - root - DEBUG - Sampled weight [1.51857266 1.62838464 1.40692562 0.95764081 1.06512867]
2020-07-26 21:12:51,833 - root - DEBUG - Updating hall of fame
2020-07-26 21:12:52,230 - root - INFO - Completed generation 104; 1.6s elapsed, 2.0s avg, 2e+02s total. Expected time remaining: 1.9e+02s
2020-07-26 21:12:52,289 - root - INFO - #104 MAX:accuracy.mean: 0.92
2020-07-26 21:12:52,331 - root - DEBUG - Sampled weight [2.26740176 0.54724375 0.88051901 1.11111976 1.2904973 ]
2020-07-26 21:12:53,460 - root - DEBUG - Updating hall of fame
2020-07-26 21:12:54,233 - root - INFO - Completed generation 105; 1.9s elapsed, 2.0s avg, 2.1e+02s total. Expected time remaining: 1.9e+02s
2020-07-26 21:12:54,290 - root - INFO - #105 MAX:accuracy.mean: 0.87
2020-07-26 21:12:54,333 - root - DEBUG - Sampled weight [2.04785895 1.21540919 0.86137844 1.95719528 1.99238303]
2020-07-26 21:12:55,460 - root - DEBUG - Updating hall of fame
2020-07-26 21:12:56,046 - root - INFO - Completed generation 106; 1.8s elapsed, 2.0s avg, 2.1e+02s total. Expected time remaining: 1.8e+02s
2020-07-26 21:12:56,103 - root - INFO - #106 MAX:accuracy.mean: 0.91
2020-07-26 21:12:56,147 - root - DEBUG - Sampled weight [0.45468879 0.73591327 1.03936597 1.48126401 1.29297827]
2020-07-26 21:12:57,285 - root - DEBUG - Updating hall of fame
2020-07-26 21:12:57,676 - root - INFO - Completed generation 107; 1.6s elapsed, 2.0s avg, 2.1e+02s total. Expected time remaining: 1.8e+02s
2020-07-26 21:12:57,732 - root - INFO - #107 MAX:accuracy.mean: 0.86
2020-07-26 21:12:57,774 - root - DEBUG - Sampled weight [0.69335167 0.67881154 1.82384355 1.17265576 1.48056008]
2020-07-26 21:12:58,914 - root - DEBUG - Updating hall of fame
2020-07-26 21:12:59,689 - root - INFO - Completed generation 108; 2.0s elapsed, 2.0s avg, 2.1e+02s total. Expected time remaining: 1.8e+02s
2020-07-26 21:12:59,746 - root - INFO - #108 MAX:accuracy.mean: 0.87
2020-07-26 21:12:59,789 - root - DEBUG - Sampled weight [1.27207579 1.78282005 2.28781201 0.5085224  0.59021433]
2020-07-26 21:13:00,920 - root - DEBUG - Updating hall of fame
2020-07-26 21:13:01,719 - root - INFO - Completed generation 109; 2.0s elapsed, 2.0s avg, 2.1e+02s total. Expected time remaining: 1.8e+02s
2020-07-26 21:13:01,779 - root - INFO - #109 MAX:accuracy.mean: 0.84
2020-07-26 21:13:01,824 - root - DEBUG - Sampled weight [0.99835874 0.60941819 0.3635559  0.50663984 0.60015267]
2020-07-26 21:13:02,992 - root - DEBUG - Updating hall of fame
2020-07-26 21:13:03,202 - root - INFO - Completed generation 110; 1.4s elapsed, 2.0s avg, 2.2e+02s total. Expected time remaining: 1.8e+02s
2020-07-26 21:13:03,261 - root - INFO - #110 MAX:accuracy.mean: 0.87
2020-07-26 21:13:03,378 - root - DEBUG - Sampled weight [0.75656239 1.74513285 0.78313522 1.35800682 1.19189317]
2020-07-26 21:13:04,509 - root - DEBUG - Updating hall of fame
2020-07-26 21:13:05,078 - root - INFO - Completed generation 111; 1.7s elapsed, 2.0s avg, 2.2e+02s total. Expected time remaining: 1.7e+02s
2020-07-26 21:13:05,135 - root - INFO - #111 MAX:accuracy.mean: 0.85
2020-07-26 21:13:05,179 - root - DEBUG - Sampled weight [0.74454092 1.90407634 1.96073367 1.72997019 1.12213552]
2020-07-26 21:13:06,314 - root - DEBUG - Updating hall of fame
2020-07-26 21:13:06,710 - root - INFO - Completed generation 112; 1.6s elapsed, 2.0s avg, 2.2e+02s total. Expected time remaining: 1.7e+02s
2020-07-26 21:13:06,767 - root - INFO - #112 MAX:accuracy.mean: 0.9
2020-07-26 21:13:06,808 - root - DEBUG - Sampled weight [1.81060605 0.74469306 0.9653637  0.59498301 0.46676309]
2020-07-26 21:13:07,933 - root - DEBUG - Updating hall of fame
2020-07-26 21:13:08,530 - root - INFO - Completed generation 113; 1.8s elapsed, 2.0s avg, 2.2e+02s total. Expected time remaining: 1.7e+02s
2020-07-26 21:13:08,587 - root - INFO - #113 MAX:accuracy.mean: 0.86
2020-07-26 21:13:08,629 - root - DEBUG - Sampled weight [1.68509121 1.47956232 0.74204681 0.94590416 2.31238712]
2020-07-26 21:13:09,763 - root - DEBUG - Updating hall of fame
2020-07-26 21:13:10,333 - root - INFO - Completed generation 114; 1.7s elapsed, 2.0s avg, 2.2e+02s total. Expected time remaining: 1.7e+02s
2020-07-26 21:13:10,390 - root - INFO - #114 MAX:accuracy.mean: 0.84
2020-07-26 21:13:10,433 - root - DEBUG - Sampled weight [2.04490002 0.6078086  1.11895483 1.30556439 0.60639117]
2020-07-26 21:13:11,570 - root - DEBUG - Updating hall of fame
2020-07-26 21:13:12,152 - root - INFO - Completed generation 115; 1.8s elapsed, 1.9s avg, 2.2e+02s total. Expected time remaining: 1.7e+02s
2020-07-26 21:13:12,208 - root - INFO - #115 MAX:accuracy.mean: 0.84
2020-07-26 21:13:12,251 - root - DEBUG - Sampled weight [0.35330919 0.87351318 0.95962288 1.08884538 0.68127123]
2020-07-26 21:13:13,393 - root - DEBUG - Updating hall of fame
2020-07-26 21:13:13,786 - root - INFO - Completed generation 116; 1.6s elapsed, 1.9s avg, 2.3e+02s total. Expected time remaining: 1.6e+02s
2020-07-26 21:13:13,843 - root - INFO - #116 MAX:accuracy.mean: 0.85
2020-07-26 21:13:13,886 - root - DEBUG - Sampled weight [0.43981029 2.34509265 1.8395881  1.48387539 0.90515509]
2020-07-26 21:13:15,024 - root - DEBUG - Updating hall of fame
2020-07-26 21:13:15,590 - root - INFO - Completed generation 117; 1.7s elapsed, 1.9s avg, 2.3e+02s total. Expected time remaining: 1.6e+02s
2020-07-26 21:13:15,647 - root - INFO - #117 MAX:accuracy.mean: 0.84
2020-07-26 21:13:15,691 - root - DEBUG - Sampled weight [1.89210681 1.23604165 0.32453342 1.29449635 1.32289202]
2020-07-26 21:13:16,836 - root - DEBUG - Updating hall of fame
2020-07-26 21:13:16,836 - root - INFO - Completed generation 118; 1.2s elapsed, 1.9s avg, 2.3e+02s total. Expected time remaining: 1.6e+02s
2020-07-26 21:13:16,893 - root - INFO - #118 MAX:accuracy.mean: 0.9
2020-07-26 21:13:16,936 - root - DEBUG - Sampled weight [1.04867924 0.43332441 0.96661643 1.06388251 0.7662709 ]
2020-07-26 21:13:18,077 - root - DEBUG - Updating hall of fame
2020-07-26 21:13:18,484 - root - INFO - Completed generation 119; 1.6s elapsed, 1.9s avg, 2.3e+02s total. Expected time remaining: 1.6e+02s
2020-07-26 21:13:18,541 - root - INFO - #119 MAX:accuracy.mean: 0.85
2020-07-26 21:13:18,585 - root - DEBUG - Sampled weight [0.5990614  0.41788495 1.39307045 0.20354482 1.24959375]
2020-07-26 21:13:19,726 - root - DEBUG - Updating hall of fame
2020-07-26 21:13:20,104 - root - INFO - Completed generation 120; 1.6s elapsed, 1.9s avg, 2.3e+02s total. Expected time remaining: 1.5e+02s
2020-07-26 21:13:20,161 - root - INFO - #120 MAX:accuracy.mean: 0.82
2020-07-26 21:13:20,273 - root - DEBUG - Sampled weight [0.44028027 1.94199908 1.00324046 0.72309982 1.63664766]
2020-07-26 21:13:21,416 - root - DEBUG - Updating hall of fame
2020-07-26 21:13:21,621 - root - INFO - Completed generation 121; 1.4s elapsed, 1.9s avg, 2.3e+02s total. Expected time remaining: 1.5e+02s
2020-07-26 21:13:21,678 - root - INFO - #121 MAX:accuracy.mean: 0.89
2020-07-26 21:13:21,720 - root - DEBUG - Sampled weight [0.57194979 2.68080696 0.8378841  0.7860161  0.68428869]
2020-07-26 21:13:22,901 - root - DEBUG - Updating hall of fame
2020-07-26 21:13:23,535 - root - INFO - Completed generation 122; 1.9s elapsed, 1.9s avg, 2.3e+02s total. Expected time remaining: 1.5e+02s
2020-07-26 21:13:23,594 - root - INFO - #122 MAX:accuracy.mean: 0.84
2020-07-26 21:13:23,639 - root - DEBUG - Sampled weight [0.64302993 1.15968571 0.79233121 1.14065875 0.81671725]
2020-07-26 21:13:24,809 - root - DEBUG - Updating hall of fame
2020-07-26 21:13:25,391 - root - INFO - Completed generation 123; 1.8s elapsed, 1.9s avg, 2.4e+02s total. Expected time remaining: 1.5e+02s
2020-07-26 21:13:25,448 - root - INFO - #123 MAX:accuracy.mean: 0.87
2020-07-26 21:13:25,493 - root - DEBUG - Sampled weight [0.48807336 1.56609078 2.44589456 1.17134571 1.09964271]
2020-07-26 21:13:26,648 - root - DEBUG - Updating hall of fame
2020-07-26 21:13:27,232 - root - INFO - Completed generation 124; 1.8s elapsed, 1.9s avg, 2.4e+02s total. Expected time remaining: 1.5e+02s
2020-07-26 21:13:27,288 - root - INFO - #124 MAX:accuracy.mean: 0.87
2020-07-26 21:13:27,331 - root - DEBUG - Sampled weight [1.0323558  0.49200498 1.08804438 2.68009943 1.77977537]
2020-07-26 21:13:28,483 - root - DEBUG - Updating hall of fame
2020-07-26 21:13:28,882 - root - INFO - Completed generation 125; 1.6s elapsed, 1.9s avg, 2.4e+02s total. Expected time remaining: 1.4e+02s
2020-07-26 21:13:28,939 - root - INFO - #125 MAX:accuracy.mean: 0.86
2020-07-26 21:13:28,982 - root - DEBUG - Sampled weight [0.91798889 1.69917349 1.26961522 0.9906177  0.87720635]
2020-07-26 21:13:30,126 - root - DEBUG - Updating hall of fame
2020-07-26 21:13:30,327 - root - INFO - Completed generation 126; 1.4s elapsed, 1.9s avg, 2.4e+02s total. Expected time remaining: 1.4e+02s
2020-07-26 21:13:30,384 - root - INFO - #126 MAX:accuracy.mean: 0.94
2020-07-26 21:13:30,429 - root - DEBUG - Sampled weight [0.98395393 0.8715425  0.78719637 1.04009622 0.78452791]
2020-07-26 21:13:31,580 - root - DEBUG - Updating hall of fame
2020-07-26 21:13:32,363 - root - INFO - Completed generation 127; 2.0s elapsed, 1.9s avg, 2.4e+02s total. Expected time remaining: 1.4e+02s
2020-07-26 21:13:32,420 - root - INFO - #127 MAX:accuracy.mean: 0.91
2020-07-26 21:13:32,462 - root - DEBUG - Sampled weight [0.34661274 0.82837949 0.39083878 0.83064888 1.34982844]
2020-07-26 21:13:33,610 - root - DEBUG - Updating hall of fame
2020-07-26 21:13:33,993 - root - INFO - Completed generation 128; 1.6s elapsed, 1.9s avg, 2.5e+02s total. Expected time remaining: 1.4e+02s
2020-07-26 21:13:34,049 - root - INFO - #128 MAX:accuracy.mean: 0.84
2020-07-26 21:13:34,092 - root - DEBUG - Sampled weight [0.68593186 1.28965621 1.43051344 0.57644355 2.12321788]
2020-07-26 21:13:35,224 - root - DEBUG - Updating hall of fame
2020-07-26 21:13:35,794 - root - INFO - Completed generation 129; 1.7s elapsed, 1.9s avg, 2.5e+02s total. Expected time remaining: 1.4e+02s
2020-07-26 21:13:35,850 - root - INFO - #129 MAX:accuracy.mean: 0.87
2020-07-26 21:13:35,892 - root - DEBUG - Sampled weight [1.31350043 2.04796265 1.13011934 1.21779321 2.67539648]
2020-07-26 21:13:37,023 - root - DEBUG - Updating hall of fame
2020-07-26 21:13:37,429 - root - INFO - Completed generation 130; 1.6s elapsed, 1.9s avg, 2.5e+02s total. Expected time remaining: 1.3e+02s
2020-07-26 21:13:37,485 - root - INFO - #130 MAX:accuracy.mean: 0.91
2020-07-26 21:13:37,666 - root - DEBUG - Sampled weight [1.21128983 1.96220294 0.85254152 1.31424179 0.94957209]
2020-07-26 21:13:38,789 - root - DEBUG - Updating hall of fame
2020-07-26 21:13:38,976 - root - INFO - Completed generation 131; 1.4s elapsed, 1.9s avg, 2.5e+02s total. Expected time remaining: 1.3e+02s
2020-07-26 21:13:39,033 - root - INFO - #131 MAX:accuracy.mean: 0.9
2020-07-26 21:13:39,076 - root - DEBUG - Sampled weight [1.35295835 1.14422717 1.55734829 1.96636757 0.82884783]
2020-07-26 21:13:40,201 - root - DEBUG - Updating hall of fame
2020-07-26 21:13:40,591 - root - INFO - Completed generation 132; 1.6s elapsed, 1.9s avg, 2.5e+02s total. Expected time remaining: 1.3e+02s
2020-07-26 21:13:40,647 - root - INFO - #132 MAX:accuracy.mean: 0.93
2020-07-26 21:13:40,691 - root - DEBUG - Sampled weight [0.8051095  0.54521763 0.88390023 1.73767387 1.40420064]
2020-07-26 21:13:41,843 - root - DEBUG - Updating hall of fame
2020-07-26 21:13:42,438 - root - INFO - Completed generation 133; 1.8s elapsed, 1.9s avg, 2.5e+02s total. Expected time remaining: 1.3e+02s
2020-07-26 21:13:42,494 - root - INFO - #133 MAX:accuracy.mean: 0.9
2020-07-26 21:13:42,537 - root - DEBUG - Sampled weight [1.32709394 0.6732913  0.54842015 0.81742893 1.21770402]
2020-07-26 21:13:43,667 - root - DEBUG - Updating hall of fame
2020-07-26 21:13:44,265 - root - INFO - Completed generation 134; 1.8s elapsed, 1.9s avg, 2.5e+02s total. Expected time remaining: 1.3e+02s
2020-07-26 21:13:44,322 - root - INFO - #134 MAX:accuracy.mean: 0.87
2020-07-26 21:13:44,365 - root - DEBUG - Sampled weight [0.44897368 2.03294141 0.91366535 0.635438   2.20527259]
2020-07-26 21:13:45,504 - root - DEBUG - Updating hall of fame
2020-07-26 21:13:46,079 - root - INFO - Completed generation 135; 1.8s elapsed, 1.9s avg, 2.6e+02s total. Expected time remaining: 1.2e+02s
2020-07-26 21:13:46,135 - root - INFO - #135 MAX:accuracy.mean: 0.84
2020-07-26 21:13:46,178 - root - DEBUG - Sampled weight [0.28023621 1.53439556 0.98866215 0.68964998 0.54735972]
2020-07-26 21:13:47,314 - root - DEBUG - Updating hall of fame
2020-07-26 21:13:47,315 - root - INFO - Completed generation 136; 1.2s elapsed, 1.9s avg, 2.6e+02s total. Expected time remaining: 1.2e+02s
2020-07-26 21:13:47,372 - root - INFO - #136 MAX:accuracy.mean: 0.83
2020-07-26 21:13:47,415 - root - DEBUG - Sampled weight [0.50755584 0.99301894 0.97873281 1.49127949 1.74476454]
2020-07-26 21:13:48,570 - root - DEBUG - Updating hall of fame
2020-07-26 21:13:49,152 - root - INFO - Completed generation 137; 1.8s elapsed, 1.9s avg, 2.6e+02s total. Expected time remaining: 1.2e+02s
2020-07-26 21:13:49,208 - root - INFO - #137 MAX:accuracy.mean: 0.9
2020-07-26 21:13:49,252 - root - DEBUG - Sampled weight [0.60897689 0.88169196 1.48054095 1.83907608 0.98457103]
2020-07-26 21:13:50,417 - root - DEBUG - Updating hall of fame
2020-07-26 21:13:51,218 - root - INFO - Completed generation 138; 2.0s elapsed, 1.9s avg, 2.6e+02s total. Expected time remaining: 1.2e+02s
2020-07-26 21:13:51,274 - root - INFO - #138 MAX:accuracy.mean: 0.9
2020-07-26 21:13:51,318 - root - DEBUG - Sampled weight [2.1857082  1.7584427  2.63062791 0.6036461  1.31988057]
2020-07-26 21:13:52,484 - root - DEBUG - Updating hall of fame
2020-07-26 21:13:52,862 - root - INFO - Completed generation 139; 1.6s elapsed, 1.9s avg, 2.6e+02s total. Expected time remaining: 1.2e+02s
2020-07-26 21:13:52,919 - root - INFO - #139 MAX:accuracy.mean: 0.91
2020-07-26 21:13:52,961 - root - DEBUG - Sampled weight [1.35375608 0.81142677 0.97886497 0.73545749 0.64870855]
2020-07-26 21:13:54,092 - root - DEBUG - Updating hall of fame
2020-07-26 21:13:54,656 - root - INFO - Completed generation 140; 1.7s elapsed, 1.9s avg, 2.6e+02s total. Expected time remaining: 1.1e+02s
2020-07-26 21:13:54,712 - root - INFO - #140 MAX:accuracy.mean: 0.87
2020-07-26 21:13:54,814 - root - DEBUG - Sampled weight [0.89555531 1.35650936 0.29362736 2.21787419 0.90476098]
2020-07-26 21:13:55,946 - root - DEBUG - Updating hall of fame
2020-07-26 21:13:56,708 - root - INFO - Completed generation 141; 1.9s elapsed, 1.9s avg, 2.7e+02s total. Expected time remaining: 1.1e+02s
2020-07-26 21:13:56,765 - root - INFO - #141 MAX:accuracy.mean: 0.85
2020-07-26 21:13:56,807 - root - DEBUG - Sampled weight [1.09431011 1.86003103 0.50609308 1.01829426 1.53696698]
2020-07-26 21:13:57,934 - root - DEBUG - Updating hall of fame
2020-07-26 21:13:57,934 - root - INFO - Completed generation 142; 1.2s elapsed, 1.9s avg, 2.7e+02s total. Expected time remaining: 1.1e+02s
2020-07-26 21:13:57,990 - root - INFO - #142 MAX:accuracy.mean: 0.88
2020-07-26 21:13:58,033 - root - DEBUG - Sampled weight [0.66678377 0.91650604 1.24134976 0.97897776 1.02250237]
2020-07-26 21:13:59,171 - root - DEBUG - Updating hall of fame
2020-07-26 21:13:59,565 - root - INFO - Completed generation 143; 1.6s elapsed, 1.9s avg, 2.7e+02s total. Expected time remaining: 1.1e+02s
2020-07-26 21:13:59,621 - root - INFO - #143 MAX:accuracy.mean: 0.88
2020-07-26 21:13:59,664 - root - DEBUG - Sampled weight [0.74465903 0.29354382 1.02222839 0.73286402 1.24808931]
2020-07-26 21:14:00,795 - root - DEBUG - Updating hall of fame
2020-07-26 21:14:01,372 - root - INFO - Completed generation 144; 1.8s elapsed, 1.9s avg, 2.7e+02s total. Expected time remaining: 1.1e+02s
2020-07-26 21:14:01,431 - root - INFO - #144 MAX:accuracy.mean: 0.89
2020-07-26 21:14:01,474 - root - DEBUG - Sampled weight [1.96377482 1.26619797 0.75284105 0.44810987 0.95743714]
2020-07-26 21:14:02,613 - root - DEBUG - Updating hall of fame
2020-07-26 21:14:02,802 - root - INFO - Completed generation 145; 1.4s elapsed, 1.9s avg, 2.7e+02s total. Expected time remaining: 1e+02s
2020-07-26 21:14:02,858 - root - INFO - #145 MAX:accuracy.mean: 0.84
2020-07-26 21:14:02,901 - root - DEBUG - Sampled weight [0.94055257 1.33479542 0.36678032 1.29289198 0.36686879]
2020-07-26 21:14:04,032 - root - DEBUG - Updating hall of fame
2020-07-26 21:14:04,222 - root - INFO - Completed generation 146; 1.4s elapsed, 1.9s avg, 2.7e+02s total. Expected time remaining: 1e+02s
2020-07-26 21:14:04,278 - root - INFO - #146 MAX:accuracy.mean: 0.83
2020-07-26 21:14:04,322 - root - DEBUG - Sampled weight [0.39880681 0.85835737 1.81861786 1.00352301 1.8992952 ]
2020-07-26 21:14:05,460 - root - DEBUG - Updating hall of fame
2020-07-26 21:14:05,460 - root - INFO - Completed generation 147; 1.2s elapsed, 1.9s avg, 2.8e+02s total. Expected time remaining: 9.9e+01s
2020-07-26 21:14:05,517 - root - INFO - #147 MAX:accuracy.mean: 0.84
2020-07-26 21:14:05,560 - root - DEBUG - Sampled weight [0.79219238 1.63603318 1.19921957 0.56188576 0.93895651]
2020-07-26 21:14:06,723 - root - DEBUG - Updating hall of fame
2020-07-26 21:14:07,119 - root - INFO - Completed generation 148; 1.6s elapsed, 1.9s avg, 2.8e+02s total. Expected time remaining: 9.7e+01s
2020-07-26 21:14:07,178 - root - INFO - #148 MAX:accuracy.mean: 0.85
2020-07-26 21:14:07,221 - root - DEBUG - Sampled weight [0.5601864  0.83295718 2.31137513 4.51541418 0.74484605]
2020-07-26 21:14:08,368 - root - DEBUG - Updating hall of fame
2020-07-26 21:14:08,954 - root - INFO - Completed generation 149; 1.8s elapsed, 1.9s avg, 2.8e+02s total. Expected time remaining: 9.5e+01s
2020-07-26 21:14:09,010 - root - INFO - #149 MAX:accuracy.mean: 0.83
2020-07-26 21:14:09,053 - root - DEBUG - Sampled weight [0.80584693 1.62316624 1.01184262 1.17745855 1.14828057]
2020-07-26 21:14:10,186 - root - DEBUG - Updating hall of fame
2020-07-26 21:14:10,565 - root - INFO - Completed generation 150; 1.6s elapsed, 1.9s avg, 2.8e+02s total. Expected time remaining: 9.3e+01s
2020-07-26 21:14:10,621 - root - INFO - #150 MAX:accuracy.mean: 0.92
2020-07-26 21:14:10,738 - root - DEBUG - Sampled weight [0.75695514 1.15049406 0.6071455  0.67322565 0.61911699]
2020-07-26 21:14:11,886 - root - DEBUG - Updating hall of fame
2020-07-26 21:14:12,490 - root - INFO - Completed generation 151; 1.8s elapsed, 1.9s avg, 2.8e+02s total. Expected time remaining: 9.2e+01s
2020-07-26 21:14:12,547 - root - INFO - #151 MAX:accuracy.mean: 0.89
2020-07-26 21:14:12,590 - root - DEBUG - Sampled weight [1.92753467 0.98381502 0.6541099  1.11103436 1.17789533]
2020-07-26 21:14:13,746 - root - DEBUG - Updating hall of fame
2020-07-26 21:14:14,316 - root - INFO - Completed generation 152; 1.8s elapsed, 1.9s avg, 2.8e+02s total. Expected time remaining: 9e+01s
2020-07-26 21:14:14,373 - root - INFO - #152 MAX:accuracy.mean: 0.89
2020-07-26 21:14:14,415 - root - DEBUG - Sampled weight [0.80284341 0.9640677  2.05124696 0.95926116 1.66066099]
2020-07-26 21:14:15,546 - root - DEBUG - Updating hall of fame
2020-07-26 21:14:16,336 - root - INFO - Completed generation 153; 2.0s elapsed, 1.9s avg, 2.9e+02s total. Expected time remaining: 8.8e+01s
2020-07-26 21:14:16,393 - root - INFO - #153 MAX:accuracy.mean: 0.9
2020-07-26 21:14:16,437 - root - DEBUG - Sampled weight [0.60773097 1.12134111 0.83235454 0.98903267 1.09094289]
2020-07-26 21:14:17,606 - root - DEBUG - Updating hall of fame
2020-07-26 21:14:18,398 - root - INFO - Completed generation 154; 2.0s elapsed, 1.9s avg, 2.9e+02s total. Expected time remaining: 8.6e+01s
2020-07-26 21:14:18,455 - root - INFO - #154 MAX:accuracy.mean: 0.87
2020-07-26 21:14:18,497 - root - DEBUG - Sampled weight [1.42785076 0.78123622 0.70245709 1.31449095 0.97318044]
2020-07-26 21:14:19,632 - root - DEBUG - Updating hall of fame
2020-07-26 21:14:20,022 - root - INFO - Completed generation 155; 1.6s elapsed, 1.9s avg, 2.9e+02s total. Expected time remaining: 8.4e+01s
2020-07-26 21:14:20,079 - root - INFO - #155 MAX:accuracy.mean: 0.85
2020-07-26 21:14:20,121 - root - DEBUG - Sampled weight [0.4387021  0.4476958  2.29333284 0.72155274 0.85917344]
2020-07-26 21:14:21,263 - root - DEBUG - Updating hall of fame
2020-07-26 21:14:21,656 - root - INFO - Completed generation 156; 1.6s elapsed, 1.9s avg, 2.9e+02s total. Expected time remaining: 8.2e+01s
2020-07-26 21:14:21,712 - root - INFO - #156 MAX:accuracy.mean: 0.82
2020-07-26 21:14:21,755 - root - DEBUG - Sampled weight [0.96179102 0.51428917 0.86266395 0.50406412 1.11390092]
2020-07-26 21:14:22,886 - root - DEBUG - Updating hall of fame
2020-07-26 21:14:23,465 - root - INFO - Completed generation 157; 1.8s elapsed, 1.9s avg, 2.9e+02s total. Expected time remaining: 8e+01s
2020-07-26 21:14:23,523 - root - INFO - #157 MAX:accuracy.mean: 0.89
2020-07-26 21:14:23,566 - root - DEBUG - Sampled weight [1.41619171 0.82157273 0.70468607 1.57939612 2.35258484]
2020-07-26 21:14:24,703 - root - DEBUG - Updating hall of fame
2020-07-26 21:14:25,081 - root - INFO - Completed generation 158; 1.6s elapsed, 1.9s avg, 2.9e+02s total. Expected time remaining: 7.8e+01s
2020-07-26 21:14:25,138 - root - INFO - #158 MAX:accuracy.mean: 0.91
2020-07-26 21:14:25,179 - root - DEBUG - Sampled weight [0.7727454  1.98010479 1.21791601 0.55223832 0.87616541]
2020-07-26 21:14:26,309 - root - DEBUG - Updating hall of fame
2020-07-26 21:14:26,907 - root - INFO - Completed generation 159; 1.8s elapsed, 1.9s avg, 3e+02s total. Expected time remaining: 7.6e+01s
2020-07-26 21:14:26,963 - root - INFO - #159 MAX:accuracy.mean: 0.85
2020-07-26 21:14:27,007 - root - DEBUG - Sampled weight [1.59498437 1.60208068 0.9255869  0.8452903  0.5146155 ]
2020-07-26 21:14:28,152 - root - DEBUG - Updating hall of fame
2020-07-26 21:14:28,529 - root - INFO - Completed generation 160; 1.6s elapsed, 1.9s avg, 3e+02s total. Expected time remaining: 7.4e+01s
2020-07-26 21:14:28,586 - root - INFO - #160 MAX:accuracy.mean: 0.9
2020-07-26 21:14:28,719 - root - DEBUG - Sampled weight [1.56045371 1.05336739 1.31542905 0.73201208 1.65142273]
2020-07-26 21:14:29,872 - root - DEBUG - Updating hall of fame
2020-07-26 21:14:30,479 - root - INFO - Completed generation 161; 1.8s elapsed, 1.9s avg, 3e+02s total. Expected time remaining: 7.3e+01s
2020-07-26 21:14:30,535 - root - INFO - #161 MAX:accuracy.mean: 0.93
2020-07-26 21:14:30,578 - root - DEBUG - Sampled weight [1.13749802 2.30400039 0.68298265 0.66097847 0.79511227]
2020-07-26 21:14:31,737 - root - DEBUG - Updating hall of fame
2020-07-26 21:14:32,532 - root - INFO - Completed generation 162; 2.0s elapsed, 1.9s avg, 3e+02s total. Expected time remaining: 7.1e+01s
2020-07-26 21:14:32,589 - root - INFO - #162 MAX:accuracy.mean: 0.84
2020-07-26 21:14:32,634 - root - DEBUG - Sampled weight [1.92038331 0.43425326 1.30541281 2.18131084 2.98802778]
2020-07-26 21:14:33,789 - root - DEBUG - Updating hall of fame
2020-07-26 21:14:33,977 - root - INFO - Completed generation 163; 1.4s elapsed, 1.9s avg, 3e+02s total. Expected time remaining: 6.9e+01s
2020-07-26 21:14:34,034 - root - INFO - #163 MAX:accuracy.mean: 0.83
2020-07-26 21:14:34,077 - root - DEBUG - Sampled weight [1.84486328 0.93755192 0.80895767 1.26037869 0.76908211]
2020-07-26 21:14:35,215 - root - DEBUG - Updating hall of fame
2020-07-26 21:14:35,605 - root - INFO - Completed generation 164; 1.6s elapsed, 1.9s avg, 3e+02s total. Expected time remaining: 6.7e+01s
2020-07-26 21:14:35,662 - root - INFO - #164 MAX:accuracy.mean: 0.94
2020-07-26 21:14:35,705 - root - DEBUG - Sampled weight [0.38298145 1.12065    0.9271624  1.39801969 0.60507078]
2020-07-26 21:14:36,860 - root - DEBUG - Updating hall of fame
2020-07-26 21:14:37,443 - root - INFO - Completed generation 165; 1.8s elapsed, 1.9s avg, 3.1e+02s total. Expected time remaining: 6.5e+01s
2020-07-26 21:14:37,500 - root - INFO - #165 MAX:accuracy.mean: 0.86
2020-07-26 21:14:37,541 - root - DEBUG - Sampled weight [2.40289619 1.62065208 0.4904325  1.58999501 0.35616421]
2020-07-26 21:14:38,690 - root - DEBUG - Updating hall of fame
2020-07-26 21:14:38,895 - root - INFO - Completed generation 166; 1.4s elapsed, 1.9s avg, 3.1e+02s total. Expected time remaining: 6.3e+01s
2020-07-26 21:14:38,952 - root - INFO - #166 MAX:accuracy.mean: 0.85
2020-07-26 21:14:38,994 - root - DEBUG - Sampled weight [1.55596777 1.20724015 0.42549664 0.8340273  1.12725834]
2020-07-26 21:14:40,122 - root - DEBUG - Updating hall of fame
2020-07-26 21:14:40,727 - root - INFO - Completed generation 167; 1.8s elapsed, 1.9s avg, 3.1e+02s total. Expected time remaining: 6.1e+01s
2020-07-26 21:14:40,783 - root - INFO - #167 MAX:accuracy.mean: 0.89
2020-07-26 21:14:40,826 - root - DEBUG - Sampled weight [0.82908551 1.00555744 0.65357502 0.8700267  0.8782903 ]
2020-07-26 21:14:41,963 - root - DEBUG - Updating hall of fame
2020-07-26 21:14:42,549 - root - INFO - Completed generation 168; 1.8s elapsed, 1.9s avg, 3.1e+02s total. Expected time remaining: 5.9e+01s
2020-07-26 21:14:42,606 - root - INFO - #168 MAX:accuracy.mean: 0.93
2020-07-26 21:14:42,649 - root - DEBUG - Sampled weight [0.49616686 0.52467321 0.82879725 0.8975195  1.75023141]
2020-07-26 21:14:43,812 - root - DEBUG - Updating hall of fame
2020-07-26 21:14:44,196 - root - INFO - Completed generation 169; 1.6s elapsed, 1.8s avg, 3.1e+02s total. Expected time remaining: 5.7e+01s
2020-07-26 21:14:44,252 - root - INFO - #169 MAX:accuracy.mean: 0.88
2020-07-26 21:14:44,296 - root - DEBUG - Sampled weight [1.24299025 0.57530137 0.69581653 0.63957279 1.86056087]
2020-07-26 21:14:45,440 - root - DEBUG - Updating hall of fame
2020-07-26 21:14:46,234 - root - INFO - Completed generation 170; 2.0s elapsed, 1.9s avg, 3.1e+02s total. Expected time remaining: 5.6e+01s
2020-07-26 21:14:46,291 - root - INFO - #170 MAX:accuracy.mean: 0.87
2020-07-26 21:14:46,418 - root - DEBUG - Sampled weight [1.09348426 0.55843595 0.71922236 1.32345597 0.81029273]
2020-07-26 21:14:47,596 - root - DEBUG - Updating hall of fame
2020-07-26 21:14:48,384 - root - INFO - Completed generation 171; 2.0s elapsed, 1.9s avg, 3.2e+02s total. Expected time remaining: 5.4e+01s
2020-07-26 21:14:48,441 - root - INFO - #171 MAX:accuracy.mean: 0.85
2020-07-26 21:14:48,486 - root - DEBUG - Sampled weight [0.58577054 0.34218822 0.75434188 2.00292223 0.81972061]
2020-07-26 21:14:49,646 - root - DEBUG - Updating hall of fame
2020-07-26 21:14:50,441 - root - INFO - Completed generation 172; 2.0s elapsed, 1.9s avg, 3.2e+02s total. Expected time remaining: 5.2e+01s
2020-07-26 21:14:50,497 - root - INFO - #172 MAX:accuracy.mean: 0.94
2020-07-26 21:14:50,542 - root - DEBUG - Sampled weight [0.82883858 2.77159702 2.2922618  0.62735258 0.99771283]
2020-07-26 21:14:51,722 - root - DEBUG - Updating hall of fame
2020-07-26 21:14:51,928 - root - INFO - Completed generation 173; 1.4s elapsed, 1.8s avg, 3.2e+02s total. Expected time remaining: 5e+01s
2020-07-26 21:14:51,984 - root - INFO - #173 MAX:accuracy.mean: 0.82
2020-07-26 21:14:52,028 - root - DEBUG - Sampled weight [1.50215133 1.99750262 0.6612809  2.33462421 1.19047543]
2020-07-26 21:14:53,173 - root - DEBUG - Updating hall of fame
2020-07-26 21:14:53,778 - root - INFO - Completed generation 174; 1.8s elapsed, 1.8s avg, 3.2e+02s total. Expected time remaining: 4.8e+01s
2020-07-26 21:14:53,834 - root - INFO - #174 MAX:accuracy.mean: 0.85
2020-07-26 21:14:53,877 - root - DEBUG - Sampled weight [1.43254813 1.19145706 1.47329139 1.6522677  1.01484114]
2020-07-26 21:14:55,027 - root - DEBUG - Updating hall of fame
2020-07-26 21:14:55,437 - root - INFO - Completed generation 175; 1.6s elapsed, 1.8s avg, 3.2e+02s total. Expected time remaining: 4.6e+01s
2020-07-26 21:14:55,494 - root - INFO - #175 MAX:accuracy.mean: 0.94
2020-07-26 21:14:55,537 - root - DEBUG - Sampled weight [0.73973779 1.25442002 1.33956312 0.88430113 0.44252228]
2020-07-26 21:14:56,675 - root - DEBUG - Updating hall of fame
2020-07-26 21:14:57,255 - root - INFO - Completed generation 176; 1.8s elapsed, 1.8s avg, 3.3e+02s total. Expected time remaining: 4.4e+01s
2020-07-26 21:14:57,312 - root - INFO - #176 MAX:accuracy.mean: 0.84
2020-07-26 21:14:57,356 - root - DEBUG - Sampled weight [0.56096022 0.77874949 1.53141261 1.14055316 0.41254665]
2020-07-26 21:14:58,501 - root - DEBUG - Updating hall of fame
2020-07-26 21:14:59,086 - root - INFO - Completed generation 177; 1.8s elapsed, 1.8s avg, 3.3e+02s total. Expected time remaining: 4.2e+01s
2020-07-26 21:14:59,142 - root - INFO - #177 MAX:accuracy.mean: 0.85
2020-07-26 21:14:59,186 - root - DEBUG - Sampled weight [1.98563268 1.12175369 0.50883363 0.56338754 2.12442243]
2020-07-26 21:15:00,332 - root - DEBUG - Updating hall of fame
2020-07-26 21:15:00,726 - root - INFO - Completed generation 178; 1.6s elapsed, 1.8s avg, 3.3e+02s total. Expected time remaining: 4.1e+01s
2020-07-26 21:15:00,782 - root - INFO - #178 MAX:accuracy.mean: 0.85
2020-07-26 21:15:00,826 - root - DEBUG - Sampled weight [1.34404478 1.03255276 1.01134951 0.58358494 0.65868392]
2020-07-26 21:15:01,982 - root - DEBUG - Updating hall of fame
2020-07-26 21:15:02,396 - root - INFO - Completed generation 179; 1.6s elapsed, 1.8s avg, 3.3e+02s total. Expected time remaining: 3.9e+01s
2020-07-26 21:15:02,454 - root - INFO - #179 MAX:accuracy.mean: 0.82
2020-07-26 21:15:02,501 - root - DEBUG - Sampled weight [0.68684577 0.39418234 0.89530953 1.10581384 1.00691298]
2020-07-26 21:15:03,675 - root - DEBUG - Updating hall of fame
2020-07-26 21:15:04,070 - root - INFO - Completed generation 180; 1.6s elapsed, 1.8s avg, 3.3e+02s total. Expected time remaining: 3.7e+01s
2020-07-26 21:15:04,127 - root - INFO - #180 MAX:accuracy.mean: 0.85
2020-07-26 21:15:04,271 - root - DEBUG - Sampled weight [0.77597012 0.47058441 0.53147214 0.45599253 0.93117969]
2020-07-26 21:15:05,409 - root - DEBUG - Updating hall of fame
2020-07-26 21:15:05,604 - root - INFO - Completed generation 181; 1.4s elapsed, 1.8s avg, 3.3e+02s total. Expected time remaining: 3.5e+01s
2020-07-26 21:15:05,660 - root - INFO - #181 MAX:accuracy.mean: 0.9
2020-07-26 21:15:05,704 - root - DEBUG - Sampled weight [0.7233007  2.12452783 0.740996   1.33192851 1.43421851]
2020-07-26 21:15:06,833 - root - DEBUG - Updating hall of fame
2020-07-26 21:15:07,405 - root - INFO - Completed generation 182; 1.7s elapsed, 1.8s avg, 3.3e+02s total. Expected time remaining: 3.3e+01s
2020-07-26 21:15:07,462 - root - INFO - #182 MAX:accuracy.mean: 0.85
2020-07-26 21:15:07,505 - root - DEBUG - Sampled weight [1.27103839 0.58084791 1.2988417  1.27732603 1.48136007]
2020-07-26 21:15:08,655 - root - DEBUG - Updating hall of fame
2020-07-26 21:15:08,864 - root - INFO - Completed generation 183; 1.4s elapsed, 1.8s avg, 3.4e+02s total. Expected time remaining: 3.1e+01s
2020-07-26 21:15:08,921 - root - INFO - #183 MAX:accuracy.mean: 0.91
2020-07-26 21:15:08,965 - root - DEBUG - Sampled weight [1.76478584 2.1096833  1.88682206 0.67165199 0.69740847]
2020-07-26 21:15:10,140 - root - DEBUG - Updating hall of fame
2020-07-26 21:15:10,741 - root - INFO - Completed generation 184; 1.8s elapsed, 1.8s avg, 3.4e+02s total. Expected time remaining: 2.9e+01s
2020-07-26 21:15:10,798 - root - INFO - #184 MAX:accuracy.mean: 0.91
2020-07-26 21:15:10,841 - root - DEBUG - Sampled weight [0.69194431 1.46518928 0.93304938 0.44505598 0.70818305]
2020-07-26 21:15:11,979 - root - DEBUG - Updating hall of fame
2020-07-26 21:15:12,390 - root - INFO - Completed generation 185; 1.6s elapsed, 1.8s avg, 3.4e+02s total. Expected time remaining: 2.8e+01s
2020-07-26 21:15:12,446 - root - INFO - #185 MAX:accuracy.mean: 0.82
2020-07-26 21:15:12,490 - root - DEBUG - Sampled weight [0.58246067 0.97602355 1.01945476 0.71862471 1.38504038]
2020-07-26 21:15:13,636 - root - DEBUG - Updating hall of fame
2020-07-26 21:15:14,019 - root - INFO - Completed generation 186; 1.6s elapsed, 1.8s avg, 3.4e+02s total. Expected time remaining: 2.6e+01s
2020-07-26 21:15:14,076 - root - INFO - #186 MAX:accuracy.mean: 0.85
2020-07-26 21:15:14,119 - root - DEBUG - Sampled weight [1.18084903 0.87995539 1.3805911  1.35386204 0.36971646]
2020-07-26 21:15:15,270 - root - DEBUG - Updating hall of fame
2020-07-26 21:15:15,858 - root - INFO - Completed generation 187; 1.8s elapsed, 1.8s avg, 3.4e+02s total. Expected time remaining: 2.4e+01s
2020-07-26 21:15:15,914 - root - INFO - #187 MAX:accuracy.mean: 0.88
2020-07-26 21:15:15,958 - root - DEBUG - Sampled weight [1.17783717 2.62533754 0.78277511 1.36436113 0.65222648]
2020-07-26 21:15:17,107 - root - DEBUG - Updating hall of fame
2020-07-26 21:15:17,708 - root - INFO - Completed generation 188; 1.8s elapsed, 1.8s avg, 3.4e+02s total. Expected time remaining: 2.2e+01s
2020-07-26 21:15:17,765 - root - INFO - #188 MAX:accuracy.mean: 0.86
2020-07-26 21:15:17,809 - root - DEBUG - Sampled weight [1.21106069 4.56882912 0.76193226 1.43732237 0.78995738]
2020-07-26 21:15:18,967 - root - DEBUG - Updating hall of fame
2020-07-26 21:15:19,380 - root - INFO - Completed generation 189; 1.6s elapsed, 1.8s avg, 3.5e+02s total. Expected time remaining: 2e+01s
2020-07-26 21:15:19,436 - root - INFO - #189 MAX:accuracy.mean: 0.87
2020-07-26 21:15:19,481 - root - DEBUG - Sampled weight [1.75230583 0.84652485 0.7600464  0.87808313 1.61411147]
2020-07-26 21:15:20,623 - root - DEBUG - Updating hall of fame
2020-07-26 21:15:20,811 - root - INFO - Completed generation 190; 1.4s elapsed, 1.8s avg, 3.5e+02s total. Expected time remaining: 1.8e+01s
2020-07-26 21:15:20,867 - root - INFO - #190 MAX:accuracy.mean: 0.88
2020-07-26 21:15:20,979 - root - DEBUG - Sampled weight [0.56466323 1.0322229  0.57852948 1.42989016 0.63637541]
2020-07-26 21:15:22,126 - root - DEBUG - Updating hall of fame
2020-07-26 21:15:23,107 - root - INFO - Completed generation 191; 2.2s elapsed, 1.8s avg, 3.5e+02s total. Expected time remaining: 1.6e+01s
2020-07-26 21:15:23,163 - root - INFO - #191 MAX:accuracy.mean: 0.89
2020-07-26 21:15:23,209 - root - DEBUG - Sampled weight [0.77177796 1.1803203  0.63521341 0.85605331 3.24892848]
2020-07-26 21:15:24,365 - root - DEBUG - Updating hall of fame
2020-07-26 21:15:24,556 - root - INFO - Completed generation 192; 1.4s elapsed, 1.8s avg, 3.5e+02s total. Expected time remaining: 1.5e+01s
2020-07-26 21:15:24,612 - root - INFO - #192 MAX:accuracy.mean: 0.83
2020-07-26 21:15:24,653 - root - DEBUG - Sampled weight [1.38496379 1.32296082 1.15853578 0.53523788 1.20326208]
2020-07-26 21:15:25,772 - root - DEBUG - Updating hall of fame
2020-07-26 21:15:26,155 - root - INFO - Completed generation 193; 1.5s elapsed, 1.8s avg, 3.5e+02s total. Expected time remaining: 1.3e+01s
2020-07-26 21:15:26,211 - root - INFO - #193 MAX:accuracy.mean: 0.87
2020-07-26 21:15:26,254 - root - DEBUG - Sampled weight [0.93641457 1.67330814 0.62993299 2.18044731 0.62798045]
2020-07-26 21:15:27,401 - root - DEBUG - Updating hall of fame
2020-07-26 21:15:27,990 - root - INFO - Completed generation 194; 1.8s elapsed, 1.8s avg, 3.5e+02s total. Expected time remaining: 1.1e+01s
2020-07-26 21:15:28,047 - root - INFO - #194 MAX:accuracy.mean: 0.83
2020-07-26 21:15:28,092 - root - DEBUG - Sampled weight [0.88291895 0.60091243 1.09570746 1.76115664 1.38371828]
2020-07-26 21:15:29,271 - root - DEBUG - Updating hall of fame
2020-07-26 21:15:29,869 - root - INFO - Completed generation 195; 1.8s elapsed, 1.8s avg, 3.6e+02s total. Expected time remaining: 9.1s
2020-07-26 21:15:29,926 - root - INFO - #195 MAX:accuracy.mean: 0.88
2020-07-26 21:15:29,968 - root - DEBUG - Sampled weight [0.78728677 1.13164325 0.81010706 0.53616342 0.77903817]
2020-07-26 21:15:31,131 - root - DEBUG - Updating hall of fame
2020-07-26 21:15:31,730 - root - INFO - Completed generation 196; 1.8s elapsed, 1.8s avg, 3.6e+02s total. Expected time remaining: 7.3s
2020-07-26 21:15:31,786 - root - INFO - #196 MAX:accuracy.mean: 0.87
2020-07-26 21:15:31,830 - root - DEBUG - Sampled weight [1.31411361 2.60292285 1.62789687 0.94475475 1.037719  ]
2020-07-26 21:15:32,971 - root - DEBUG - Updating hall of fame
2020-07-26 21:15:33,160 - root - INFO - Completed generation 197; 1.4s elapsed, 1.8s avg, 3.6e+02s total. Expected time remaining: 5.5s
2020-07-26 21:15:33,217 - root - INFO - #197 MAX:accuracy.mean: 0.91
2020-07-26 21:15:33,261 - root - DEBUG - Sampled weight [0.46326911 1.49466158 1.21754241 1.08419179 2.62024577]
2020-07-26 21:15:34,414 - root - DEBUG - Updating hall of fame
2020-07-26 21:15:35,017 - root - INFO - Completed generation 198; 1.8s elapsed, 1.8s avg, 3.6e+02s total. Expected time remaining: 3.7s
2020-07-26 21:15:35,074 - root - INFO - #198 MAX:accuracy.mean: 0.88
2020-07-26 21:15:35,118 - root - DEBUG - Sampled weight [0.72671529 1.2443236  0.94268575 0.31070565 2.87512458]
2020-07-26 21:15:36,279 - root - DEBUG - Updating hall of fame
2020-07-26 21:15:36,484 - root - INFO - Completed generation 199; 1.4s elapsed, 1.8s avg, 3.6e+02s total. Expected time remaining: 1.8s
2020-07-26 21:15:36,542 - root - INFO - #199 MAX:accuracy.mean: 0.83
2020-07-26 21:15:36,586 - root - DEBUG - Sampled weight [2.7584301  0.72792738 0.79600886 1.17882978 2.32739254]
2020-07-26 21:15:37,727 - root - DEBUG - Updating hall of fame
2020-07-26 21:15:37,934 - root - INFO - Completed generation 200; 1.4s elapsed, 1.8s avg, 3.6e+02s total. Expected time remaining: 0.0s
2020-07-26 21:15:37,991 - root - INFO - #200 MAX:accuracy.mean: 0.83
2020-07-26 21:15:38,157 - root - DEBUG - Loaded 150 samples.
2020-07-26 21:15:38,160 - root - INFO - Evaluating indivs in hall of fame.
2020-07-26 21:15:40,167 - root - INFO - Completed excution.
