2020-08-01 14:42:08,207 - root - INFO - Package version 0.1.1
2020-08-01 14:42:08,207 - root - INFO - Saving data at /vol/fob-vol1/mi15/plonerma/Lab/rewann/data/2020-08-01_Iris direct comparison lognormal 0.65,0.28 2_000.
2020-08-01 14:42:08,207 - root - DEBUG - Loading training dataset
2020-08-01 14:42:08,263 - root - DEBUG - Loaded 150 samples.
2020-08-01 14:42:08,264 - root - DEBUG - Running experiments with the following parameters:
debug = false
experiment_name = "Iris direct comparison lognormal 0.65,0.28 2"
experiment_path = "data/2020-08-01_Iris direct comparison lognormal 0.65,0.28 2_000"

[config]
num_workers = 1
debug = true
backend = "numpy"

[postopt]
run_postopt = true
compile_report = false
num_weights = 100
num_samples = -1

[sampling]
seed = 2
post_init_seed = false
distribution = "lognormal"
lower_bound = -2
upper_bound = 2
mean = 0.6531
sigma = 0.2829
num_weights_per_iteration = 1
num_samples_per_iteration = -1
hof_evaluation_iterations = 20
num_weight_samples_per_iteration = 5

[task]
name = "iris"
sample_order_seed = 0
test_portion = 0.2
sample_length = 10
num_categories = 8

[storage]
data_base_path = "data"
log_filename = "execution.log"
commit_elite_freq = -1
commit_metrics_freq = 10

[population]
num_generations = 200
size = 100
initial_enabled_edge_prob = 0.05
initial_genes = "full"
hof_size = 10
enable_edge_signs = true
enabled_activation_funcs = "all"

[selection]
use_tournaments = true
elite_ratio = 0.1
culling_ratio = 0.2
tournament_size = 5
objectives = [ "-log_loss.min", "-log_loss.mean", "-n_hidden",]
recorded_metrics = [ "accuracy", "kappa", "log_loss",]
hof_metric = "accuracy.mean"

[mutation.new_edge]
probability = 0.2
strategy = "layer_agnostic"
propability = 0.2

[mutation.new_node]
probability = 0.25
propability = 0.3

[mutation.reenable_edge]
probability = 0.05
propability = 0.1

[mutation.change_activation]
probability = 0.5
propability = 0.4

[mutation.change_edge_sign]
probability = 0.2

[mutation.new_recurrent_edge]
probability = 0.2
strategy = "any"

2020-08-01 14:42:08,272 - root - INFO - Starting evolutionary algorithm
2020-08-01 14:42:08,294 - root - DEBUG - Sampled weight [2.34717458]
2020-08-01 14:42:08,581 - root - DEBUG - Updating hall of fame
2020-08-01 14:42:09,028 - root - INFO - Completed generation 1; 0.76s elapsed, 0.76s avg, 0.76s total. Expected time remaining: 1.5e+02s
2020-08-01 14:42:09,095 - root - INFO - #1 MAX:accuracy.mean: 0.67
2020-08-01 14:42:09,136 - root - DEBUG - Sampled weight [3.2916483]
2020-08-01 14:42:09,406 - root - DEBUG - Updating hall of fame
2020-08-01 14:42:09,831 - root - INFO - Completed generation 2; 0.74s elapsed, 0.75s avg, 1.5s total. Expected time remaining: 1.5e+02s
2020-08-01 14:42:09,891 - root - INFO - #2 MAX:accuracy.mean: 0.33
2020-08-01 14:42:09,930 - root - DEBUG - Sampled weight [2.33218084]
2020-08-01 14:42:10,203 - root - DEBUG - Updating hall of fame
2020-08-01 14:42:10,632 - root - INFO - Completed generation 3; 0.74s elapsed, 0.74s avg, 2.2s total. Expected time remaining: 1.5e+02s
2020-08-01 14:42:10,693 - root - INFO - #3 MAX:accuracy.mean: 0.37
2020-08-01 14:42:10,732 - root - DEBUG - Sampled weight [1.31151484]
2020-08-01 14:42:11,003 - root - DEBUG - Updating hall of fame
2020-08-01 14:42:11,429 - root - INFO - Completed generation 4; 0.74s elapsed, 0.74s avg, 3.0s total. Expected time remaining: 1.5e+02s
2020-08-01 14:42:11,490 - root - INFO - #4 MAX:accuracy.mean: 0.33
2020-08-01 14:42:11,530 - root - DEBUG - Sampled weight [1.71345239]
2020-08-01 14:42:11,799 - root - DEBUG - Updating hall of fame
2020-08-01 14:42:12,227 - root - INFO - Completed generation 5; 0.74s elapsed, 0.74s avg, 3.7s total. Expected time remaining: 1.4e+02s
2020-08-01 14:42:12,287 - root - INFO - #5 MAX:accuracy.mean: 0.33
2020-08-01 14:42:12,327 - root - DEBUG - Sampled weight [1.00237043]
2020-08-01 14:42:12,597 - root - DEBUG - Updating hall of fame
2020-08-01 14:42:13,026 - root - INFO - Completed generation 6; 0.74s elapsed, 0.74s avg, 4.4s total. Expected time remaining: 1.4e+02s
2020-08-01 14:42:13,086 - root - INFO - #6 MAX:accuracy.mean: 0.33
2020-08-01 14:42:13,126 - root - DEBUG - Sampled weight [1.80395182]
2020-08-01 14:42:13,406 - root - DEBUG - Updating hall of fame
2020-08-01 14:42:13,831 - root - INFO - Completed generation 7; 0.74s elapsed, 0.74s avg, 5.2s total. Expected time remaining: 1.4e+02s
2020-08-01 14:42:13,890 - root - INFO - #7 MAX:accuracy.mean: 0.39
2020-08-01 14:42:13,931 - root - DEBUG - Sampled weight [1.85559022]
2020-08-01 14:42:14,201 - root - DEBUG - Updating hall of fame
2020-08-01 14:42:14,623 - root - INFO - Completed generation 8; 0.73s elapsed, 0.74s avg, 5.9s total. Expected time remaining: 1.4e+02s
2020-08-01 14:42:14,682 - root - INFO - #8 MAX:accuracy.mean: 0.35
2020-08-01 14:42:14,722 - root - DEBUG - Sampled weight [2.19220925]
2020-08-01 14:42:14,994 - root - DEBUG - Updating hall of fame
2020-08-01 14:42:15,373 - root - INFO - Completed generation 9; 0.69s elapsed, 0.73s avg, 6.6s total. Expected time remaining: 1.4e+02s
2020-08-01 14:42:15,432 - root - INFO - #9 MAX:accuracy.mean: 0.65
2020-08-01 14:42:15,473 - root - DEBUG - Sampled weight [1.66940376]
2020-08-01 14:42:15,752 - root - DEBUG - Updating hall of fame
2020-08-01 14:42:16,182 - root - INFO - Completed generation 10; 0.75s elapsed, 0.74s avg, 7.4s total. Expected time remaining: 1.4e+02s
2020-08-01 14:42:16,241 - root - INFO - #10 MAX:accuracy.mean: 0.67
2020-08-01 14:42:16,326 - root - DEBUG - Sampled weight [2.03775141]
2020-08-01 14:42:16,604 - root - DEBUG - Updating hall of fame
2020-08-01 14:42:16,955 - root - INFO - Completed generation 11; 0.67s elapsed, 0.73s avg, 8.0s total. Expected time remaining: 1.4e+02s
2020-08-01 14:42:17,015 - root - INFO - #11 MAX:accuracy.mean: 0.65
2020-08-01 14:42:17,054 - root - DEBUG - Sampled weight [2.26855477]
2020-08-01 14:42:17,338 - root - DEBUG - Updating hall of fame
2020-08-01 14:42:17,783 - root - INFO - Completed generation 12; 0.77s elapsed, 0.73s avg, 8.8s total. Expected time remaining: 1.4e+02s
2020-08-01 14:42:17,844 - root - INFO - #12 MAX:accuracy.mean: 0.67
2020-08-01 14:42:17,883 - root - DEBUG - Sampled weight [1.67441461]
2020-08-01 14:42:18,167 - root - DEBUG - Updating hall of fame
2020-08-01 14:42:18,527 - root - INFO - Completed generation 13; 0.68s elapsed, 0.73s avg, 9.5s total. Expected time remaining: 1.4e+02s
2020-08-01 14:42:18,588 - root - INFO - #13 MAX:accuracy.mean: 0.75
2020-08-01 14:42:18,628 - root - DEBUG - Sampled weight [1.67136206]
2020-08-01 14:42:18,911 - root - DEBUG - Updating hall of fame
2020-08-01 14:42:19,260 - root - INFO - Completed generation 14; 0.67s elapsed, 0.73s avg, 1e+01s total. Expected time remaining: 1.3e+02s
2020-08-01 14:42:19,320 - root - INFO - #14 MAX:accuracy.mean: 0.75
2020-08-01 14:42:19,361 - root - DEBUG - Sampled weight [2.9763039]
2020-08-01 14:42:19,641 - root - DEBUG - Updating hall of fame
2020-08-01 14:42:20,080 - root - INFO - Completed generation 15; 0.76s elapsed, 0.73s avg, 1.1e+01s total. Expected time remaining: 1.3e+02s
2020-08-01 14:42:20,140 - root - INFO - #15 MAX:accuracy.mean: 0.95
2020-08-01 14:42:20,179 - root - DEBUG - Sampled weight [1.48454112]
2020-08-01 14:42:20,464 - root - DEBUG - Updating hall of fame
2020-08-01 14:42:20,821 - root - INFO - Completed generation 16; 0.68s elapsed, 0.72s avg, 1.2e+01s total. Expected time remaining: 1.3e+02s
2020-08-01 14:42:20,882 - root - INFO - #16 MAX:accuracy.mean: 0.89
2020-08-01 14:42:20,922 - root - DEBUG - Sampled weight [1.57167883]
2020-08-01 14:42:21,208 - root - DEBUG - Updating hall of fame
2020-08-01 14:42:21,394 - root - INFO - Completed generation 17; 0.51s elapsed, 0.71s avg, 1.2e+01s total. Expected time remaining: 1.3e+02s
2020-08-01 14:42:21,453 - root - INFO - #17 MAX:accuracy.mean: 0.76
2020-08-01 14:42:21,494 - root - DEBUG - Sampled weight [2.02620952]
2020-08-01 14:42:21,779 - root - DEBUG - Updating hall of fame
2020-08-01 14:42:22,218 - root - INFO - Completed generation 18; 0.76s elapsed, 0.72s avg, 1.3e+01s total. Expected time remaining: 1.3e+02s
2020-08-01 14:42:22,278 - root - INFO - #18 MAX:accuracy.mean: 0.67
2020-08-01 14:42:22,319 - root - DEBUG - Sampled weight [1.73284809]
2020-08-01 14:42:22,608 - root - DEBUG - Updating hall of fame
2020-08-01 14:42:22,798 - root - INFO - Completed generation 19; 0.52s elapsed, 0.7s avg, 1.3e+01s total. Expected time remaining: 1.3e+02s
2020-08-01 14:42:22,858 - root - INFO - #19 MAX:accuracy.mean: 0.71
2020-08-01 14:42:22,898 - root - DEBUG - Sampled weight [2.62803151]
2020-08-01 14:42:23,190 - root - DEBUG - Updating hall of fame
2020-08-01 14:42:23,602 - root - INFO - Completed generation 20; 0.74s elapsed, 0.71s avg, 1.4e+01s total. Expected time remaining: 1.3e+02s
2020-08-01 14:42:23,662 - root - INFO - #20 MAX:accuracy.mean: 0.72
2020-08-01 14:42:23,764 - root - DEBUG - Sampled weight [1.71177413]
2020-08-01 14:42:24,060 - root - DEBUG - Updating hall of fame
2020-08-01 14:42:24,346 - root - INFO - Completed generation 21; 0.62s elapsed, 0.7s avg, 1.5e+01s total. Expected time remaining: 1.3e+02s
2020-08-01 14:42:24,406 - root - INFO - #21 MAX:accuracy.mean: 0.67
2020-08-01 14:42:24,446 - root - DEBUG - Sampled weight [3.33421716]
2020-08-01 14:42:24,741 - root - DEBUG - Updating hall of fame
2020-08-01 14:42:25,110 - root - INFO - Completed generation 22; 0.7s elapsed, 0.7s avg, 1.5e+01s total. Expected time remaining: 1.3e+02s
2020-08-01 14:42:25,169 - root - INFO - #22 MAX:accuracy.mean: 0.96
2020-08-01 14:42:25,211 - root - DEBUG - Sampled weight [1.9338434]
2020-08-01 14:42:25,510 - root - DEBUG - Updating hall of fame
2020-08-01 14:42:25,748 - root - INFO - Completed generation 23; 0.58s elapsed, 0.7s avg, 1.6e+01s total. Expected time remaining: 1.2e+02s
2020-08-01 14:42:25,808 - root - INFO - #23 MAX:accuracy.mean: 0.77
2020-08-01 14:42:25,848 - root - DEBUG - Sampled weight [2.16950215]
2020-08-01 14:42:26,139 - root - DEBUG - Updating hall of fame
2020-08-01 14:42:26,408 - root - INFO - Completed generation 24; 0.6s elapsed, 0.69s avg, 1.7e+01s total. Expected time remaining: 1.2e+02s
2020-08-01 14:42:26,468 - root - INFO - #24 MAX:accuracy.mean: 0.67
2020-08-01 14:42:26,508 - root - DEBUG - Sampled weight [1.8108582]
2020-08-01 14:42:26,810 - root - DEBUG - Updating hall of fame
2020-08-01 14:42:27,055 - root - INFO - Completed generation 25; 0.59s elapsed, 0.69s avg, 1.7e+01s total. Expected time remaining: 1.2e+02s
2020-08-01 14:42:27,115 - root - INFO - #25 MAX:accuracy.mean: 0.77
2020-08-01 14:42:27,156 - root - DEBUG - Sampled weight [1.46815319]
2020-08-01 14:42:27,456 - root - DEBUG - Updating hall of fame
2020-08-01 14:42:27,640 - root - INFO - Completed generation 26; 0.52s elapsed, 0.68s avg, 1.8e+01s total. Expected time remaining: 1.2e+02s
2020-08-01 14:42:27,700 - root - INFO - #26 MAX:accuracy.mean: 0.95
2020-08-01 14:42:27,742 - root - DEBUG - Sampled weight [1.74516138]
2020-08-01 14:42:28,032 - root - DEBUG - Updating hall of fame
2020-08-01 14:42:28,217 - root - INFO - Completed generation 27; 0.52s elapsed, 0.68s avg, 1.8e+01s total. Expected time remaining: 1.2e+02s
2020-08-01 14:42:28,277 - root - INFO - #27 MAX:accuracy.mean: 0.8
2020-08-01 14:42:28,318 - root - DEBUG - Sampled weight [3.85311643]
2020-08-01 14:42:28,610 - root - DEBUG - Updating hall of fame
2020-08-01 14:42:28,843 - root - INFO - Completed generation 28; 0.57s elapsed, 0.67s avg, 1.9e+01s total. Expected time remaining: 1.2e+02s
2020-08-01 14:42:28,903 - root - INFO - #28 MAX:accuracy.mean: 0.79
2020-08-01 14:42:28,943 - root - DEBUG - Sampled weight [2.13241744]
2020-08-01 14:42:29,248 - root - DEBUG - Updating hall of fame
2020-08-01 14:42:29,391 - root - INFO - Completed generation 29; 0.49s elapsed, 0.67s avg, 1.9e+01s total. Expected time remaining: 1.1e+02s
2020-08-01 14:42:29,450 - root - INFO - #29 MAX:accuracy.mean: 0.79
2020-08-01 14:42:29,490 - root - DEBUG - Sampled weight [1.17541003]
2020-08-01 14:42:29,794 - root - DEBUG - Updating hall of fame
2020-08-01 14:42:30,042 - root - INFO - Completed generation 30; 0.59s elapsed, 0.66s avg, 2e+01s total. Expected time remaining: 1.1e+02s
2020-08-01 14:42:30,102 - root - INFO - #30 MAX:accuracy.mean: 0.8
2020-08-01 14:42:30,190 - root - DEBUG - Sampled weight [1.64349558]
2020-08-01 14:42:30,499 - root - DEBUG - Updating hall of fame
2020-08-01 14:42:30,693 - root - INFO - Completed generation 31; 0.54s elapsed, 0.66s avg, 2e+01s total. Expected time remaining: 1.1e+02s
2020-08-01 14:42:30,753 - root - INFO - #31 MAX:accuracy.mean: 0.8
2020-08-01 14:42:30,793 - root - DEBUG - Sampled weight [1.97577782]
2020-08-01 14:42:31,084 - root - DEBUG - Updating hall of fame
2020-08-01 14:42:31,311 - root - INFO - Completed generation 32; 0.56s elapsed, 0.66s avg, 2.1e+01s total. Expected time remaining: 1.1e+02s
2020-08-01 14:42:31,370 - root - INFO - #32 MAX:accuracy.mean: 0.85
2020-08-01 14:42:31,411 - root - DEBUG - Sampled weight [1.93420763]
2020-08-01 14:42:31,702 - root - DEBUG - Updating hall of fame
2020-08-01 14:42:31,887 - root - INFO - Completed generation 33; 0.52s elapsed, 0.65s avg, 2.2e+01s total. Expected time remaining: 1.1e+02s
2020-08-01 14:42:31,946 - root - INFO - #33 MAX:accuracy.mean: 0.85
2020-08-01 14:42:31,987 - root - DEBUG - Sampled weight [1.68007787]
2020-08-01 14:42:32,287 - root - DEBUG - Updating hall of fame
2020-08-01 14:42:32,522 - root - INFO - Completed generation 34; 0.58s elapsed, 0.65s avg, 2.2e+01s total. Expected time remaining: 1.1e+02s
2020-08-01 14:42:32,581 - root - INFO - #34 MAX:accuracy.mean: 0.86
2020-08-01 14:42:32,623 - root - DEBUG - Sampled weight [1.31825232]
2020-08-01 14:42:32,921 - root - DEBUG - Updating hall of fame
2020-08-01 14:42:33,150 - root - INFO - Completed generation 35; 0.57s elapsed, 0.65s avg, 2.3e+01s total. Expected time remaining: 1.1e+02s
2020-08-01 14:42:33,210 - root - INFO - #35 MAX:accuracy.mean: 0.94
2020-08-01 14:42:33,250 - root - DEBUG - Sampled weight [2.60457751]
2020-08-01 14:42:33,546 - root - DEBUG - Updating hall of fame
2020-08-01 14:42:33,814 - root - INFO - Completed generation 36; 0.6s elapsed, 0.65s avg, 2.3e+01s total. Expected time remaining: 1.1e+02s
2020-08-01 14:42:33,958 - root - INFO - #36 MAX:accuracy.mean: 0.77
2020-08-01 14:42:34,000 - root - DEBUG - Sampled weight [1.29306765]
2020-08-01 14:42:34,302 - root - DEBUG - Updating hall of fame
2020-08-01 14:42:34,635 - root - INFO - Completed generation 37; 0.68s elapsed, 0.65s avg, 2.4e+01s total. Expected time remaining: 1.1e+02s
2020-08-01 14:42:34,695 - root - INFO - #37 MAX:accuracy.mean: 0.86
2020-08-01 14:42:34,736 - root - DEBUG - Sampled weight [1.85962764]
2020-08-01 14:42:35,030 - root - DEBUG - Updating hall of fame
2020-08-01 14:42:35,309 - root - INFO - Completed generation 38; 0.61s elapsed, 0.65s avg, 2.5e+01s total. Expected time remaining: 1e+02s
2020-08-01 14:42:35,369 - root - INFO - #38 MAX:accuracy.mean: 0.89
2020-08-01 14:42:35,410 - root - DEBUG - Sampled weight [2.75776695]
2020-08-01 14:42:35,701 - root - DEBUG - Updating hall of fame
2020-08-01 14:42:36,022 - root - INFO - Completed generation 39; 0.65s elapsed, 0.65s avg, 2.5e+01s total. Expected time remaining: 1e+02s
2020-08-01 14:42:36,081 - root - INFO - #39 MAX:accuracy.mean: 0.77
2020-08-01 14:42:36,123 - root - DEBUG - Sampled weight [1.7139826]
2020-08-01 14:42:36,417 - root - DEBUG - Updating hall of fame
2020-08-01 14:42:36,598 - root - INFO - Completed generation 40; 0.52s elapsed, 0.64s avg, 2.6e+01s total. Expected time remaining: 1e+02s
2020-08-01 14:42:36,658 - root - INFO - #40 MAX:accuracy.mean: 0.91
2020-08-01 14:42:36,762 - root - DEBUG - Sampled weight [1.49551449]
2020-08-01 14:42:37,058 - root - DEBUG - Updating hall of fame
2020-08-01 14:42:37,424 - root - INFO - Completed generation 41; 0.7s elapsed, 0.64s avg, 2.6e+01s total. Expected time remaining: 1e+02s
2020-08-01 14:42:37,483 - root - INFO - #41 MAX:accuracy.mean: 0.83
2020-08-01 14:42:37,524 - root - DEBUG - Sampled weight [1.43477801]
2020-08-01 14:42:37,821 - root - DEBUG - Updating hall of fame
2020-08-01 14:42:37,953 - root - INFO - Completed generation 42; 0.47s elapsed, 0.64s avg, 2.7e+01s total. Expected time remaining: 1e+02s
2020-08-01 14:42:38,013 - root - INFO - #42 MAX:accuracy.mean: 0.82
2020-08-01 14:42:38,055 - root - DEBUG - Sampled weight [4.08492841]
2020-08-01 14:42:38,352 - root - DEBUG - Updating hall of fame
2020-08-01 14:42:38,540 - root - INFO - Completed generation 43; 0.53s elapsed, 0.64s avg, 2.7e+01s total. Expected time remaining: 1e+02s
2020-08-01 14:42:38,600 - root - INFO - #43 MAX:accuracy.mean: 0.82
2020-08-01 14:42:38,639 - root - DEBUG - Sampled weight [1.90856593]
2020-08-01 14:42:38,930 - root - DEBUG - Updating hall of fame
2020-08-01 14:42:39,067 - root - INFO - Completed generation 44; 0.47s elapsed, 0.63s avg, 2.8e+01s total. Expected time remaining: 9.9e+01s
2020-08-01 14:42:39,128 - root - INFO - #44 MAX:accuracy.mean: 0.82
2020-08-01 14:42:39,167 - root - DEBUG - Sampled weight [2.56874062]
2020-08-01 14:42:39,461 - root - DEBUG - Updating hall of fame
2020-08-01 14:42:39,689 - root - INFO - Completed generation 45; 0.56s elapsed, 0.63s avg, 2.8e+01s total. Expected time remaining: 9.8e+01s
2020-08-01 14:42:39,748 - root - INFO - #45 MAX:accuracy.mean: 0.82
2020-08-01 14:42:39,788 - root - DEBUG - Sampled weight [1.65965211]
2020-08-01 14:42:40,085 - root - DEBUG - Updating hall of fame
2020-08-01 14:42:40,137 - root - INFO - Completed generation 46; 0.39s elapsed, 0.63s avg, 2.9e+01s total. Expected time remaining: 9.7e+01s
2020-08-01 14:42:40,197 - root - INFO - #46 MAX:accuracy.mean: 0.89
2020-08-01 14:42:40,238 - root - DEBUG - Sampled weight [1.57370926]
2020-08-01 14:42:40,526 - root - DEBUG - Updating hall of fame
2020-08-01 14:42:40,792 - root - INFO - Completed generation 47; 0.59s elapsed, 0.63s avg, 2.9e+01s total. Expected time remaining: 9.6e+01s
2020-08-01 14:42:40,851 - root - INFO - #47 MAX:accuracy.mean: 0.95
2020-08-01 14:42:40,893 - root - DEBUG - Sampled weight [1.29784613]
2020-08-01 14:42:41,191 - root - DEBUG - Updating hall of fame
2020-08-01 14:42:41,330 - root - INFO - Completed generation 48; 0.48s elapsed, 0.62s avg, 3e+01s total. Expected time remaining: 9.5e+01s
2020-08-01 14:42:41,390 - root - INFO - #48 MAX:accuracy.mean: 0.87
2020-08-01 14:42:41,431 - root - DEBUG - Sampled weight [1.69713463]
2020-08-01 14:42:41,727 - root - DEBUG - Updating hall of fame
2020-08-01 14:42:41,870 - root - INFO - Completed generation 49; 0.48s elapsed, 0.62s avg, 3e+01s total. Expected time remaining: 9.4e+01s
2020-08-01 14:42:41,930 - root - INFO - #49 MAX:accuracy.mean: 0.96
2020-08-01 14:42:41,972 - root - DEBUG - Sampled weight [2.57957189]
2020-08-01 14:42:42,282 - root - DEBUG - Updating hall of fame
2020-08-01 14:42:42,612 - root - INFO - Completed generation 50; 0.68s elapsed, 0.62s avg, 3.1e+01s total. Expected time remaining: 9.3e+01s
2020-08-01 14:42:42,672 - root - INFO - #50 MAX:accuracy.mean: 0.96
2020-08-01 14:42:42,780 - root - DEBUG - Sampled weight [1.69644712]
2020-08-01 14:42:43,079 - root - DEBUG - Updating hall of fame
2020-08-01 14:42:43,267 - root - INFO - Completed generation 51; 0.53s elapsed, 0.62s avg, 3.2e+01s total. Expected time remaining: 9.2e+01s
2020-08-01 14:42:43,327 - root - INFO - #51 MAX:accuracy.mean: 0.91
2020-08-01 14:42:43,367 - root - DEBUG - Sampled weight [3.3016004]
2020-08-01 14:42:43,669 - root - DEBUG - Updating hall of fame
2020-08-01 14:42:43,936 - root - INFO - Completed generation 52; 0.61s elapsed, 0.62s avg, 3.2e+01s total. Expected time remaining: 9.2e+01s
2020-08-01 14:42:43,996 - root - INFO - #52 MAX:accuracy.mean: 0.95
2020-08-01 14:42:44,041 - root - DEBUG - Sampled weight [2.40689772]
2020-08-01 14:42:44,347 - root - DEBUG - Updating hall of fame
2020-08-01 14:42:44,589 - root - INFO - Completed generation 53; 0.59s elapsed, 0.62s avg, 3.3e+01s total. Expected time remaining: 9.1e+01s
2020-08-01 14:42:44,649 - root - INFO - #53 MAX:accuracy.mean: 0.96
2020-08-01 14:42:44,689 - root - DEBUG - Sampled weight [1.11231744]
2020-08-01 14:42:44,989 - root - DEBUG - Updating hall of fame
2020-08-01 14:42:45,313 - root - INFO - Completed generation 54; 0.66s elapsed, 0.62s avg, 3.3e+01s total. Expected time remaining: 9.1e+01s
2020-08-01 14:42:45,373 - root - INFO - #54 MAX:accuracy.mean: 0.89
2020-08-01 14:42:45,414 - root - DEBUG - Sampled weight [1.84639357]
2020-08-01 14:42:45,714 - root - DEBUG - Updating hall of fame
2020-08-01 14:42:45,940 - root - INFO - Completed generation 55; 0.57s elapsed, 0.62s avg, 3.4e+01s total. Expected time remaining: 9e+01s
2020-08-01 14:42:45,999 - root - INFO - #55 MAX:accuracy.mean: 0.96
2020-08-01 14:42:46,040 - root - DEBUG - Sampled weight [2.12031445]
2020-08-01 14:42:46,342 - root - DEBUG - Updating hall of fame
2020-08-01 14:42:46,622 - root - INFO - Completed generation 56; 0.62s elapsed, 0.62s avg, 3.5e+01s total. Expected time remaining: 8.9e+01s
2020-08-01 14:42:46,681 - root - INFO - #56 MAX:accuracy.mean: 0.96
2020-08-01 14:42:46,722 - root - DEBUG - Sampled weight [1.2489631]
2020-08-01 14:42:47,014 - root - DEBUG - Updating hall of fame
2020-08-01 14:42:47,203 - root - INFO - Completed generation 57; 0.52s elapsed, 0.62s avg, 3.5e+01s total. Expected time remaining: 8.8e+01s
2020-08-01 14:42:47,262 - root - INFO - #57 MAX:accuracy.mean: 0.87
2020-08-01 14:42:47,302 - root - DEBUG - Sampled weight [1.44859265]
2020-08-01 14:42:47,590 - root - DEBUG - Updating hall of fame
2020-08-01 14:42:47,719 - root - INFO - Completed generation 58; 0.46s elapsed, 0.61s avg, 3.6e+01s total. Expected time remaining: 8.7e+01s
2020-08-01 14:42:47,778 - root - INFO - #58 MAX:accuracy.mean: 0.96
2020-08-01 14:42:47,820 - root - DEBUG - Sampled weight [1.29384979]
2020-08-01 14:42:48,132 - root - DEBUG - Updating hall of fame
2020-08-01 14:42:48,452 - root - INFO - Completed generation 59; 0.67s elapsed, 0.62s avg, 3.6e+01s total. Expected time remaining: 8.7e+01s
2020-08-01 14:42:48,511 - root - INFO - #59 MAX:accuracy.mean: 0.96
2020-08-01 14:42:48,553 - root - DEBUG - Sampled weight [2.02462891]
2020-08-01 14:42:48,853 - root - DEBUG - Updating hall of fame
2020-08-01 14:42:48,992 - root - INFO - Completed generation 60; 0.48s elapsed, 0.61s avg, 3.7e+01s total. Expected time remaining: 8.6e+01s
2020-08-01 14:42:49,052 - root - INFO - #60 MAX:accuracy.mean: 0.96
2020-08-01 14:42:49,186 - root - DEBUG - Sampled weight [1.48723546]
2020-08-01 14:42:49,480 - root - DEBUG - Updating hall of fame
2020-08-01 14:42:49,799 - root - INFO - Completed generation 61; 0.65s elapsed, 0.61s avg, 3.7e+01s total. Expected time remaining: 8.5e+01s
2020-08-01 14:42:49,859 - root - INFO - #61 MAX:accuracy.mean: 0.96
2020-08-01 14:42:49,900 - root - DEBUG - Sampled weight [1.36764723]
2020-08-01 14:42:50,191 - root - DEBUG - Updating hall of fame
2020-08-01 14:42:50,531 - root - INFO - Completed generation 62; 0.67s elapsed, 0.62s avg, 3.8e+01s total. Expected time remaining: 8.5e+01s
2020-08-01 14:42:50,590 - root - INFO - #62 MAX:accuracy.mean: 0.96
2020-08-01 14:42:50,630 - root - DEBUG - Sampled weight [2.36465604]
2020-08-01 14:42:50,916 - root - DEBUG - Updating hall of fame
2020-08-01 14:42:51,140 - root - INFO - Completed generation 63; 0.55s elapsed, 0.61s avg, 3.9e+01s total. Expected time remaining: 8.4e+01s
2020-08-01 14:42:51,199 - root - INFO - #63 MAX:accuracy.mean: 0.86
2020-08-01 14:42:51,240 - root - DEBUG - Sampled weight [2.61434537]
2020-08-01 14:42:51,529 - root - DEBUG - Updating hall of fame
2020-08-01 14:42:51,530 - root - INFO - Completed generation 64; 0.33s elapsed, 0.61s avg, 3.9e+01s total. Expected time remaining: 8.3e+01s
2020-08-01 14:42:51,589 - root - INFO - #64 MAX:accuracy.mean: 0.85
2020-08-01 14:42:51,630 - root - DEBUG - Sampled weight [1.50272909]
2020-08-01 14:42:51,923 - root - DEBUG - Updating hall of fame
2020-08-01 14:42:51,971 - root - INFO - Completed generation 65; 0.38s elapsed, 0.61s avg, 3.9e+01s total. Expected time remaining: 8.2e+01s
2020-08-01 14:42:52,030 - root - INFO - #65 MAX:accuracy.mean: 0.95
2020-08-01 14:42:52,071 - root - DEBUG - Sampled weight [2.14754515]
2020-08-01 14:42:52,357 - root - DEBUG - Updating hall of fame
2020-08-01 14:42:52,533 - root - INFO - Completed generation 66; 0.5s elapsed, 0.6s avg, 4e+01s total. Expected time remaining: 8.1e+01s
2020-08-01 14:42:52,593 - root - INFO - #66 MAX:accuracy.mean: 0.79
2020-08-01 14:42:52,634 - root - DEBUG - Sampled weight [2.32744798]
2020-08-01 14:42:52,920 - root - DEBUG - Updating hall of fame
2020-08-01 14:42:52,920 - root - INFO - Completed generation 67; 0.33s elapsed, 0.6s avg, 4e+01s total. Expected time remaining: 8e+01s
2020-08-01 14:42:52,980 - root - INFO - #67 MAX:accuracy.mean: 0.79
2020-08-01 14:42:53,020 - root - DEBUG - Sampled weight [1.5604375]
2020-08-01 14:42:53,312 - root - DEBUG - Updating hall of fame
2020-08-01 14:42:53,447 - root - INFO - Completed generation 68; 0.47s elapsed, 0.6s avg, 4.1e+01s total. Expected time remaining: 7.9e+01s
2020-08-01 14:42:53,507 - root - INFO - #68 MAX:accuracy.mean: 0.96
2020-08-01 14:42:53,547 - root - DEBUG - Sampled weight [2.73886755]
2020-08-01 14:42:53,838 - root - DEBUG - Updating hall of fame
2020-08-01 14:42:54,059 - root - INFO - Completed generation 69; 0.55s elapsed, 0.6s avg, 4.1e+01s total. Expected time remaining: 7.8e+01s
2020-08-01 14:42:54,119 - root - INFO - #69 MAX:accuracy.mean: 0.85
2020-08-01 14:42:54,160 - root - DEBUG - Sampled weight [2.4757372]
2020-08-01 14:42:54,459 - root - DEBUG - Updating hall of fame
2020-08-01 14:42:54,508 - root - INFO - Completed generation 70; 0.39s elapsed, 0.59s avg, 4.2e+01s total. Expected time remaining: 7.7e+01s
2020-08-01 14:42:54,568 - root - INFO - #70 MAX:accuracy.mean: 0.95
2020-08-01 14:42:54,681 - root - DEBUG - Sampled weight [1.64866947]
2020-08-01 14:42:54,971 - root - DEBUG - Updating hall of fame
2020-08-01 14:42:55,015 - root - INFO - Completed generation 71; 0.37s elapsed, 0.59s avg, 4.2e+01s total. Expected time remaining: 7.6e+01s
2020-08-01 14:42:55,074 - root - INFO - #71 MAX:accuracy.mean: 0.96
2020-08-01 14:42:55,116 - root - DEBUG - Sampled weight [2.23653799]
2020-08-01 14:42:55,417 - root - DEBUG - Updating hall of fame
2020-08-01 14:42:55,682 - root - INFO - Completed generation 72; 0.61s elapsed, 0.59s avg, 4.3e+01s total. Expected time remaining: 7.6e+01s
2020-08-01 14:42:55,742 - root - INFO - #72 MAX:accuracy.mean: 0.95
2020-08-01 14:42:55,782 - root - DEBUG - Sampled weight [1.53539079]
2020-08-01 14:42:56,084 - root - DEBUG - Updating hall of fame
2020-08-01 14:42:56,227 - root - INFO - Completed generation 73; 0.48s elapsed, 0.59s avg, 4.3e+01s total. Expected time remaining: 7.5e+01s
2020-08-01 14:42:56,286 - root - INFO - #73 MAX:accuracy.mean: 0.96
2020-08-01 14:42:56,327 - root - DEBUG - Sampled weight [2.55740111]
2020-08-01 14:42:56,621 - root - DEBUG - Updating hall of fame
2020-08-01 14:42:56,936 - root - INFO - Completed generation 74; 0.65s elapsed, 0.59s avg, 4.4e+01s total. Expected time remaining: 7.4e+01s
2020-08-01 14:42:56,996 - root - INFO - #74 MAX:accuracy.mean: 0.93
2020-08-01 14:42:57,036 - root - DEBUG - Sampled weight [3.61664563]
2020-08-01 14:42:57,329 - root - DEBUG - Updating hall of fame
2020-08-01 14:42:57,430 - root - INFO - Completed generation 75; 0.43s elapsed, 0.59s avg, 4.4e+01s total. Expected time remaining: 7.4e+01s
2020-08-01 14:42:57,489 - root - INFO - #75 MAX:accuracy.mean: 0.96
2020-08-01 14:42:57,530 - root - DEBUG - Sampled weight [3.76360647]
2020-08-01 14:42:57,819 - root - DEBUG - Updating hall of fame
2020-08-01 14:42:58,003 - root - INFO - Completed generation 76; 0.51s elapsed, 0.59s avg, 4.5e+01s total. Expected time remaining: 7.3e+01s
2020-08-01 14:42:58,063 - root - INFO - #76 MAX:accuracy.mean: 0.96
2020-08-01 14:42:58,104 - root - DEBUG - Sampled weight [1.67253026]
2020-08-01 14:42:58,396 - root - DEBUG - Updating hall of fame
2020-08-01 14:42:58,629 - root - INFO - Completed generation 77; 0.57s elapsed, 0.59s avg, 4.5e+01s total. Expected time remaining: 7.2e+01s
2020-08-01 14:42:58,688 - root - INFO - #77 MAX:accuracy.mean: 0.95
2020-08-01 14:42:58,729 - root - DEBUG - Sampled weight [1.46483625]
2020-08-01 14:42:59,011 - root - DEBUG - Updating hall of fame
2020-08-01 14:42:59,280 - root - INFO - Completed generation 78; 0.59s elapsed, 0.59s avg, 4.6e+01s total. Expected time remaining: 7.2e+01s
2020-08-01 14:42:59,340 - root - INFO - #78 MAX:accuracy.mean: 0.96
2020-08-01 14:42:59,381 - root - DEBUG - Sampled weight [2.65110687]
2020-08-01 14:42:59,678 - root - DEBUG - Updating hall of fame
2020-08-01 14:42:59,995 - root - INFO - Completed generation 79; 0.65s elapsed, 0.59s avg, 4.7e+01s total. Expected time remaining: 7.1e+01s
2020-08-01 14:43:00,054 - root - INFO - #79 MAX:accuracy.mean: 0.96
2020-08-01 14:43:00,096 - root - DEBUG - Sampled weight [3.22358795]
2020-08-01 14:43:00,387 - root - DEBUG - Updating hall of fame
2020-08-01 14:43:00,584 - root - INFO - Completed generation 80; 0.53s elapsed, 0.59s avg, 4.7e+01s total. Expected time remaining: 7.1e+01s
2020-08-01 14:43:00,644 - root - INFO - #80 MAX:accuracy.mean: 0.96
2020-08-01 14:43:00,734 - root - DEBUG - Sampled weight [1.46529027]
2020-08-01 14:43:01,022 - root - DEBUG - Updating hall of fame
2020-08-01 14:43:01,169 - root - INFO - Completed generation 81; 0.48s elapsed, 0.59s avg, 4.8e+01s total. Expected time remaining: 7e+01s
2020-08-01 14:43:01,228 - root - INFO - #81 MAX:accuracy.mean: 0.96
2020-08-01 14:43:01,270 - root - DEBUG - Sampled weight [2.04535492]
2020-08-01 14:43:01,592 - root - DEBUG - Updating hall of fame
2020-08-01 14:43:01,884 - root - INFO - Completed generation 82; 0.66s elapsed, 0.59s avg, 4.8e+01s total. Expected time remaining: 6.9e+01s
2020-08-01 14:43:01,948 - root - INFO - #82 MAX:accuracy.mean: 0.95
2020-08-01 14:43:01,991 - root - DEBUG - Sampled weight [1.82257666]
2020-08-01 14:43:02,300 - root - DEBUG - Updating hall of fame
2020-08-01 14:43:02,534 - root - INFO - Completed generation 83; 0.59s elapsed, 0.59s avg, 4.9e+01s total. Expected time remaining: 6.9e+01s
2020-08-01 14:43:02,593 - root - INFO - #83 MAX:accuracy.mean: 0.96
2020-08-01 14:43:02,633 - root - DEBUG - Sampled weight [1.4519506]
2020-08-01 14:43:02,924 - root - DEBUG - Updating hall of fame
2020-08-01 14:43:03,240 - root - INFO - Completed generation 84; 0.65s elapsed, 0.59s avg, 4.9e+01s total. Expected time remaining: 6.8e+01s
2020-08-01 14:43:03,299 - root - INFO - #84 MAX:accuracy.mean: 0.96
2020-08-01 14:43:03,339 - root - DEBUG - Sampled weight [1.76327305]
2020-08-01 14:43:03,625 - root - DEBUG - Updating hall of fame
2020-08-01 14:43:03,850 - root - INFO - Completed generation 85; 0.55s elapsed, 0.59s avg, 5e+01s total. Expected time remaining: 6.8e+01s
2020-08-01 14:43:03,909 - root - INFO - #85 MAX:accuracy.mean: 0.96
2020-08-01 14:43:03,950 - root - DEBUG - Sampled weight [1.59692924]
2020-08-01 14:43:04,237 - root - DEBUG - Updating hall of fame
2020-08-01 14:43:04,370 - root - INFO - Completed generation 86; 0.46s elapsed, 0.59s avg, 5e+01s total. Expected time remaining: 6.7e+01s
2020-08-01 14:43:04,430 - root - INFO - #86 MAX:accuracy.mean: 0.96
2020-08-01 14:43:04,470 - root - DEBUG - Sampled weight [1.82303121]
2020-08-01 14:43:04,756 - root - DEBUG - Updating hall of fame
2020-08-01 14:43:05,029 - root - INFO - Completed generation 87; 0.6s elapsed, 0.59s avg, 5.1e+01s total. Expected time remaining: 6.6e+01s
2020-08-01 14:43:05,088 - root - INFO - #87 MAX:accuracy.mean: 0.96
2020-08-01 14:43:05,129 - root - DEBUG - Sampled weight [2.55303134]
2020-08-01 14:43:05,411 - root - DEBUG - Updating hall of fame
2020-08-01 14:43:05,549 - root - INFO - Completed generation 88; 0.46s elapsed, 0.58s avg, 5.1e+01s total. Expected time remaining: 6.6e+01s
2020-08-01 14:43:05,608 - root - INFO - #88 MAX:accuracy.mean: 0.95
2020-08-01 14:43:05,648 - root - DEBUG - Sampled weight [2.68318204]
2020-08-01 14:43:05,946 - root - DEBUG - Updating hall of fame
2020-08-01 14:43:06,086 - root - INFO - Completed generation 89; 0.48s elapsed, 0.58s avg, 5.2e+01s total. Expected time remaining: 6.5e+01s
2020-08-01 14:43:06,146 - root - INFO - #89 MAX:accuracy.mean: 0.96
2020-08-01 14:43:06,187 - root - DEBUG - Sampled weight [4.20152569]
2020-08-01 14:43:06,479 - root - DEBUG - Updating hall of fame
2020-08-01 14:43:06,667 - root - INFO - Completed generation 90; 0.52s elapsed, 0.58s avg, 5.2e+01s total. Expected time remaining: 6.4e+01s
2020-08-01 14:43:06,726 - root - INFO - #90 MAX:accuracy.mean: 0.95
2020-08-01 14:43:06,825 - root - DEBUG - Sampled weight [2.61024199]
2020-08-01 14:43:07,121 - root - DEBUG - Updating hall of fame
2020-08-01 14:43:07,210 - root - INFO - Completed generation 91; 0.42s elapsed, 0.58s avg, 5.3e+01s total. Expected time remaining: 6.3e+01s
2020-08-01 14:43:07,270 - root - INFO - #91 MAX:accuracy.mean: 0.96
2020-08-01 14:43:07,310 - root - DEBUG - Sampled weight [1.60293473]
2020-08-01 14:43:07,606 - root - DEBUG - Updating hall of fame
2020-08-01 14:43:07,842 - root - INFO - Completed generation 92; 0.57s elapsed, 0.58s avg, 5.3e+01s total. Expected time remaining: 6.3e+01s
2020-08-01 14:43:07,902 - root - INFO - #92 MAX:accuracy.mean: 0.96
2020-08-01 14:43:07,943 - root - DEBUG - Sampled weight [1.89701135]
2020-08-01 14:43:08,234 - root - DEBUG - Updating hall of fame
2020-08-01 14:43:08,501 - root - INFO - Completed generation 93; 0.6s elapsed, 0.58s avg, 5.4e+01s total. Expected time remaining: 6.2e+01s
2020-08-01 14:43:08,560 - root - INFO - #93 MAX:accuracy.mean: 0.95
2020-08-01 14:43:08,600 - root - DEBUG - Sampled weight [1.76620778]
2020-08-01 14:43:08,892 - root - DEBUG - Updating hall of fame
2020-08-01 14:43:09,029 - root - INFO - Completed generation 94; 0.47s elapsed, 0.58s avg, 5.5e+01s total. Expected time remaining: 6.1e+01s
2020-08-01 14:43:09,088 - root - INFO - #94 MAX:accuracy.mean: 0.96
2020-08-01 14:43:09,129 - root - DEBUG - Sampled weight [2.16697145]
2020-08-01 14:43:09,426 - root - DEBUG - Updating hall of fame
2020-08-01 14:43:09,655 - root - INFO - Completed generation 95; 0.57s elapsed, 0.58s avg, 5.5e+01s total. Expected time remaining: 6.1e+01s
2020-08-01 14:43:09,714 - root - INFO - #95 MAX:accuracy.mean: 0.95
2020-08-01 14:43:09,754 - root - DEBUG - Sampled weight [1.30982515]
2020-08-01 14:43:10,054 - root - DEBUG - Updating hall of fame
2020-08-01 14:43:10,195 - root - INFO - Completed generation 96; 0.48s elapsed, 0.58s avg, 5.6e+01s total. Expected time remaining: 6e+01s
2020-08-01 14:43:10,254 - root - INFO - #96 MAX:accuracy.mean: 0.96
2020-08-01 14:43:10,296 - root - DEBUG - Sampled weight [1.34389554]
2020-08-01 14:43:10,587 - root - DEBUG - Updating hall of fame
2020-08-01 14:43:10,863 - root - INFO - Completed generation 97; 0.61s elapsed, 0.58s avg, 5.6e+01s total. Expected time remaining: 6e+01s
2020-08-01 14:43:10,923 - root - INFO - #97 MAX:accuracy.mean: 0.96
2020-08-01 14:43:10,963 - root - DEBUG - Sampled weight [3.57379163]
2020-08-01 14:43:11,260 - root - DEBUG - Updating hall of fame
2020-08-01 14:43:11,498 - root - INFO - Completed generation 98; 0.57s elapsed, 0.58s avg, 5.7e+01s total. Expected time remaining: 5.9e+01s
2020-08-01 14:43:11,557 - root - INFO - #98 MAX:accuracy.mean: 0.95
2020-08-01 14:43:11,598 - root - DEBUG - Sampled weight [1.67797783]
2020-08-01 14:43:11,897 - root - DEBUG - Updating hall of fame
2020-08-01 14:43:11,998 - root - INFO - Completed generation 99; 0.44s elapsed, 0.58s avg, 5.7e+01s total. Expected time remaining: 5.8e+01s
2020-08-01 14:43:12,057 - root - INFO - #99 MAX:accuracy.mean: 0.96
2020-08-01 14:43:12,098 - root - DEBUG - Sampled weight [1.75884741]
2020-08-01 14:43:12,399 - root - DEBUG - Updating hall of fame
2020-08-01 14:43:12,680 - root - INFO - Completed generation 100; 0.62s elapsed, 0.58s avg, 5.8e+01s total. Expected time remaining: 5.8e+01s
2020-08-01 14:43:12,739 - root - INFO - #100 MAX:accuracy.mean: 0.96
2020-08-01 14:43:12,835 - root - DEBUG - Sampled weight [3.06641322]
2020-08-01 14:43:13,131 - root - DEBUG - Updating hall of fame
2020-08-01 14:43:13,232 - root - INFO - Completed generation 101; 0.44s elapsed, 0.58s avg, 5.8e+01s total. Expected time remaining: 5.7e+01s
2020-08-01 14:43:13,292 - root - INFO - #101 MAX:accuracy.mean: 0.95
2020-08-01 14:43:13,333 - root - DEBUG - Sampled weight [1.77434663]
2020-08-01 14:43:13,626 - root - DEBUG - Updating hall of fame
2020-08-01 14:43:13,776 - root - INFO - Completed generation 102; 0.48s elapsed, 0.58s avg, 5.9e+01s total. Expected time remaining: 5.6e+01s
2020-08-01 14:43:13,836 - root - INFO - #102 MAX:accuracy.mean: 0.96
2020-08-01 14:43:13,877 - root - DEBUG - Sampled weight [2.19902259]
2020-08-01 14:43:14,173 - root - DEBUG - Updating hall of fame
2020-08-01 14:43:14,403 - root - INFO - Completed generation 103; 0.57s elapsed, 0.58s avg, 5.9e+01s total. Expected time remaining: 5.6e+01s
2020-08-01 14:43:14,463 - root - INFO - #103 MAX:accuracy.mean: 0.95
2020-08-01 14:43:14,503 - root - DEBUG - Sampled weight [2.1145331]
2020-08-01 14:43:14,792 - root - DEBUG - Updating hall of fame
2020-08-01 14:43:14,882 - root - INFO - Completed generation 104; 0.42s elapsed, 0.57s avg, 6e+01s total. Expected time remaining: 5.5e+01s
2020-08-01 14:43:14,941 - root - INFO - #104 MAX:accuracy.mean: 0.95
2020-08-01 14:43:14,981 - root - DEBUG - Sampled weight [2.38738487]
2020-08-01 14:43:15,274 - root - DEBUG - Updating hall of fame
2020-08-01 14:43:15,448 - root - INFO - Completed generation 105; 0.51s elapsed, 0.57s avg, 6e+01s total. Expected time remaining: 5.5e+01s
2020-08-01 14:43:15,507 - root - INFO - #105 MAX:accuracy.mean: 0.95
2020-08-01 14:43:15,548 - root - DEBUG - Sampled weight [2.10815184]
2020-08-01 14:43:15,847 - root - DEBUG - Updating hall of fame
2020-08-01 14:43:15,944 - root - INFO - Completed generation 106; 0.44s elapsed, 0.57s avg, 6.1e+01s total. Expected time remaining: 5.4e+01s
2020-08-01 14:43:16,003 - root - INFO - #106 MAX:accuracy.mean: 0.95
2020-08-01 14:43:16,044 - root - DEBUG - Sampled weight [2.70828819]
2020-08-01 14:43:16,334 - root - DEBUG - Updating hall of fame
2020-08-01 14:43:16,512 - root - INFO - Completed generation 107; 0.51s elapsed, 0.57s avg, 6.1e+01s total. Expected time remaining: 5.3e+01s
2020-08-01 14:43:16,572 - root - INFO - #107 MAX:accuracy.mean: 0.96
2020-08-01 14:43:16,613 - root - DEBUG - Sampled weight [1.59269356]
2020-08-01 14:43:16,908 - root - DEBUG - Updating hall of fame
2020-08-01 14:43:16,960 - root - INFO - Completed generation 108; 0.39s elapsed, 0.57s avg, 6.2e+01s total. Expected time remaining: 5.2e+01s
2020-08-01 14:43:17,019 - root - INFO - #108 MAX:accuracy.mean: 0.96
2020-08-01 14:43:17,061 - root - DEBUG - Sampled weight [1.52549369]
2020-08-01 14:43:17,352 - root - DEBUG - Updating hall of fame
2020-08-01 14:43:17,577 - root - INFO - Completed generation 109; 0.56s elapsed, 0.57s avg, 6.2e+01s total. Expected time remaining: 5.2e+01s
2020-08-01 14:43:17,636 - root - INFO - #109 MAX:accuracy.mean: 0.96
2020-08-01 14:43:17,677 - root - DEBUG - Sampled weight [2.43047497]
2020-08-01 14:43:17,962 - root - DEBUG - Updating hall of fame
2020-08-01 14:43:18,186 - root - INFO - Completed generation 110; 0.55s elapsed, 0.57s avg, 6.3e+01s total. Expected time remaining: 5.1e+01s
2020-08-01 14:43:18,246 - root - INFO - #110 MAX:accuracy.mean: 0.95
2020-08-01 14:43:18,388 - root - DEBUG - Sampled weight [2.18927672]
2020-08-01 14:43:18,676 - root - DEBUG - Updating hall of fame
2020-08-01 14:43:18,815 - root - INFO - Completed generation 111; 0.47s elapsed, 0.57s avg, 6.3e+01s total. Expected time remaining: 5.1e+01s
2020-08-01 14:43:18,875 - root - INFO - #111 MAX:accuracy.mean: 0.95
2020-08-01 14:43:18,917 - root - DEBUG - Sampled weight [1.77555594]
2020-08-01 14:43:19,215 - root - DEBUG - Updating hall of fame
2020-08-01 14:43:19,406 - root - INFO - Completed generation 112; 0.53s elapsed, 0.57s avg, 6.4e+01s total. Expected time remaining: 5e+01s
2020-08-01 14:43:19,466 - root - INFO - #112 MAX:accuracy.mean: 0.96
2020-08-01 14:43:19,505 - root - DEBUG - Sampled weight [1.60559519]
2020-08-01 14:43:19,802 - root - DEBUG - Updating hall of fame
2020-08-01 14:43:20,034 - root - INFO - Completed generation 113; 0.57s elapsed, 0.57s avg, 6.4e+01s total. Expected time remaining: 4.9e+01s
2020-08-01 14:43:20,094 - root - INFO - #113 MAX:accuracy.mean: 0.96
2020-08-01 14:43:20,136 - root - DEBUG - Sampled weight [1.76655568]
2020-08-01 14:43:20,432 - root - DEBUG - Updating hall of fame
2020-08-01 14:43:20,570 - root - INFO - Completed generation 114; 0.48s elapsed, 0.57s avg, 6.5e+01s total. Expected time remaining: 4.9e+01s
2020-08-01 14:43:20,630 - root - INFO - #114 MAX:accuracy.mean: 0.96
2020-08-01 14:43:20,671 - root - DEBUG - Sampled weight [2.87587842]
2020-08-01 14:43:20,967 - root - DEBUG - Updating hall of fame
2020-08-01 14:43:21,016 - root - INFO - Completed generation 115; 0.39s elapsed, 0.57s avg, 6.5e+01s total. Expected time remaining: 4.8e+01s
2020-08-01 14:43:21,076 - root - INFO - #115 MAX:accuracy.mean: 0.95
2020-08-01 14:43:21,117 - root - DEBUG - Sampled weight [2.74002628]
2020-08-01 14:43:21,419 - root - DEBUG - Updating hall of fame
2020-08-01 14:43:21,518 - root - INFO - Completed generation 116; 0.44s elapsed, 0.57s avg, 6.6e+01s total. Expected time remaining: 4.7e+01s
2020-08-01 14:43:21,578 - root - INFO - #116 MAX:accuracy.mean: 0.96
2020-08-01 14:43:21,620 - root - DEBUG - Sampled weight [2.17921599]
2020-08-01 14:43:21,920 - root - DEBUG - Updating hall of fame
2020-08-01 14:43:22,112 - root - INFO - Completed generation 117; 0.53s elapsed, 0.56s avg, 6.6e+01s total. Expected time remaining: 4.7e+01s
2020-08-01 14:43:22,172 - root - INFO - #117 MAX:accuracy.mean: 0.96
2020-08-01 14:43:22,214 - root - DEBUG - Sampled weight [2.92904266]
2020-08-01 14:43:22,506 - root - DEBUG - Updating hall of fame
2020-08-01 14:43:22,635 - root - INFO - Completed generation 118; 0.46s elapsed, 0.56s avg, 6.7e+01s total. Expected time remaining: 4.6e+01s
2020-08-01 14:43:22,694 - root - INFO - #118 MAX:accuracy.mean: 0.94
2020-08-01 14:43:22,735 - root - DEBUG - Sampled weight [1.75785778]
2020-08-01 14:43:23,034 - root - DEBUG - Updating hall of fame
2020-08-01 14:43:23,083 - root - INFO - Completed generation 119; 0.39s elapsed, 0.56s avg, 6.7e+01s total. Expected time remaining: 4.6e+01s
2020-08-01 14:43:23,143 - root - INFO - #119 MAX:accuracy.mean: 0.96
2020-08-01 14:43:23,184 - root - DEBUG - Sampled weight [1.506815]
2020-08-01 14:43:23,480 - root - DEBUG - Updating hall of fame
2020-08-01 14:43:23,706 - root - INFO - Completed generation 120; 0.56s elapsed, 0.56s avg, 6.7e+01s total. Expected time remaining: 4.5e+01s
2020-08-01 14:43:23,766 - root - INFO - #120 MAX:accuracy.mean: 0.96
2020-08-01 14:43:23,863 - root - DEBUG - Sampled weight [2.47986324]
2020-08-01 14:43:24,159 - root - DEBUG - Updating hall of fame
2020-08-01 14:43:24,338 - root - INFO - Completed generation 121; 0.52s elapsed, 0.56s avg, 6.8e+01s total. Expected time remaining: 4.4e+01s
2020-08-01 14:43:24,398 - root - INFO - #121 MAX:accuracy.mean: 0.96
2020-08-01 14:43:24,439 - root - DEBUG - Sampled weight [2.78294915]
2020-08-01 14:43:24,732 - root - DEBUG - Updating hall of fame
2020-08-01 14:43:24,826 - root - INFO - Completed generation 122; 0.43s elapsed, 0.56s avg, 6.8e+01s total. Expected time remaining: 4.4e+01s
2020-08-01 14:43:24,886 - root - INFO - #122 MAX:accuracy.mean: 0.96
2020-08-01 14:43:24,926 - root - DEBUG - Sampled weight [2.23707415]
2020-08-01 14:43:25,222 - root - DEBUG - Updating hall of fame
2020-08-01 14:43:25,271 - root - INFO - Completed generation 123; 0.39s elapsed, 0.56s avg, 6.9e+01s total. Expected time remaining: 4.3e+01s
2020-08-01 14:43:25,331 - root - INFO - #123 MAX:accuracy.mean: 0.96
2020-08-01 14:43:25,371 - root - DEBUG - Sampled weight [1.7376314]
2020-08-01 14:43:25,667 - root - DEBUG - Updating hall of fame
2020-08-01 14:43:25,853 - root - INFO - Completed generation 124; 0.52s elapsed, 0.56s avg, 6.9e+01s total. Expected time remaining: 4.3e+01s
2020-08-01 14:43:25,913 - root - INFO - #124 MAX:accuracy.mean: 0.96
2020-08-01 14:43:25,954 - root - DEBUG - Sampled weight [2.20411523]
2020-08-01 14:43:26,254 - root - DEBUG - Updating hall of fame
2020-08-01 14:43:26,394 - root - INFO - Completed generation 125; 0.48s elapsed, 0.56s avg, 7e+01s total. Expected time remaining: 4.2e+01s
2020-08-01 14:43:26,454 - root - INFO - #125 MAX:accuracy.mean: 0.96
2020-08-01 14:43:26,494 - root - DEBUG - Sampled weight [1.69364534]
2020-08-01 14:43:26,795 - root - DEBUG - Updating hall of fame
2020-08-01 14:43:26,843 - root - INFO - Completed generation 126; 0.39s elapsed, 0.56s avg, 7e+01s total. Expected time remaining: 4.1e+01s
2020-08-01 14:43:26,902 - root - INFO - #126 MAX:accuracy.mean: 0.96
2020-08-01 14:43:26,943 - root - DEBUG - Sampled weight [2.42274781]
2020-08-01 14:43:27,245 - root - DEBUG - Updating hall of fame
2020-08-01 14:43:27,430 - root - INFO - Completed generation 127; 0.53s elapsed, 0.56s avg, 7.1e+01s total. Expected time remaining: 4.1e+01s
2020-08-01 14:43:27,489 - root - INFO - #127 MAX:accuracy.mean: 0.96
2020-08-01 14:43:27,530 - root - DEBUG - Sampled weight [1.88675108]
2020-08-01 14:43:27,829 - root - DEBUG - Updating hall of fame
2020-08-01 14:43:27,877 - root - INFO - Completed generation 128; 0.39s elapsed, 0.56s avg, 7.1e+01s total. Expected time remaining: 4e+01s
2020-08-01 14:43:27,937 - root - INFO - #128 MAX:accuracy.mean: 0.96
2020-08-01 14:43:27,977 - root - DEBUG - Sampled weight [2.82789897]
2020-08-01 14:43:28,273 - root - DEBUG - Updating hall of fame
2020-08-01 14:43:28,453 - root - INFO - Completed generation 129; 0.52s elapsed, 0.56s avg, 7.2e+01s total. Expected time remaining: 3.9e+01s
2020-08-01 14:43:28,513 - root - INFO - #129 MAX:accuracy.mean: 0.95
2020-08-01 14:43:28,555 - root - DEBUG - Sampled weight [1.7206431]
2020-08-01 14:43:28,851 - root - DEBUG - Updating hall of fame
2020-08-01 14:43:28,944 - root - INFO - Completed generation 130; 0.43s elapsed, 0.55s avg, 7.2e+01s total. Expected time remaining: 3.9e+01s
2020-08-01 14:43:29,004 - root - INFO - #130 MAX:accuracy.mean: 0.96
2020-08-01 14:43:29,133 - root - DEBUG - Sampled weight [2.25002244]
2020-08-01 14:43:29,434 - root - DEBUG - Updating hall of fame
2020-08-01 14:43:29,618 - root - INFO - Completed generation 131; 0.53s elapsed, 0.55s avg, 7.3e+01s total. Expected time remaining: 3.8e+01s
2020-08-01 14:43:29,678 - root - INFO - #131 MAX:accuracy.mean: 0.96
2020-08-01 14:43:29,719 - root - DEBUG - Sampled weight [2.05098543]
2020-08-01 14:43:30,020 - root - DEBUG - Updating hall of fame
2020-08-01 14:43:30,067 - root - INFO - Completed generation 132; 0.39s elapsed, 0.55s avg, 7.3e+01s total. Expected time remaining: 3.8e+01s
2020-08-01 14:43:30,128 - root - INFO - #132 MAX:accuracy.mean: 0.95
2020-08-01 14:43:30,169 - root - DEBUG - Sampled weight [1.70411379]
2020-08-01 14:43:30,470 - root - DEBUG - Updating hall of fame
2020-08-01 14:43:30,565 - root - INFO - Completed generation 133; 0.44s elapsed, 0.55s avg, 7.3e+01s total. Expected time remaining: 3.7e+01s
2020-08-01 14:43:30,625 - root - INFO - #133 MAX:accuracy.mean: 0.96
2020-08-01 14:43:30,665 - root - DEBUG - Sampled weight [2.51158446]
2020-08-01 14:43:30,957 - root - DEBUG - Updating hall of fame
2020-08-01 14:43:31,183 - root - INFO - Completed generation 134; 0.56s elapsed, 0.55s avg, 7.4e+01s total. Expected time remaining: 3.6e+01s
2020-08-01 14:43:31,246 - root - INFO - #134 MAX:accuracy.mean: 0.93
2020-08-01 14:43:31,290 - root - DEBUG - Sampled weight [2.02539297]
2020-08-01 14:43:31,613 - root - DEBUG - Updating hall of fame
2020-08-01 14:43:31,613 - root - INFO - Completed generation 135; 0.37s elapsed, 0.55s avg, 7.4e+01s total. Expected time remaining: 3.6e+01s
2020-08-01 14:43:31,678 - root - INFO - #135 MAX:accuracy.mean: 0.96
2020-08-01 14:43:31,721 - root - DEBUG - Sampled weight [2.52967694]
2020-08-01 14:43:32,032 - root - DEBUG - Updating hall of fame
2020-08-01 14:43:32,279 - root - INFO - Completed generation 136; 0.6s elapsed, 0.55s avg, 7.5e+01s total. Expected time remaining: 3.5e+01s
2020-08-01 14:43:32,343 - root - INFO - #136 MAX:accuracy.mean: 0.96
2020-08-01 14:43:32,387 - root - DEBUG - Sampled weight [1.68750834]
2020-08-01 14:43:32,712 - root - DEBUG - Updating hall of fame
2020-08-01 14:43:32,812 - root - INFO - Completed generation 137; 0.47s elapsed, 0.55s avg, 7.5e+01s total. Expected time remaining: 3.5e+01s
2020-08-01 14:43:32,876 - root - INFO - #137 MAX:accuracy.mean: 0.96
2020-08-01 14:43:32,919 - root - DEBUG - Sampled weight [1.46998766]
2020-08-01 14:43:33,233 - root - DEBUG - Updating hall of fame
2020-08-01 14:43:33,382 - root - INFO - Completed generation 138; 0.51s elapsed, 0.55s avg, 7.6e+01s total. Expected time remaining: 3.4e+01s
2020-08-01 14:43:33,445 - root - INFO - #138 MAX:accuracy.mean: 0.96
2020-08-01 14:43:33,490 - root - DEBUG - Sampled weight [3.35220614]
2020-08-01 14:43:33,810 - root - DEBUG - Updating hall of fame
2020-08-01 14:43:34,051 - root - INFO - Completed generation 139; 0.61s elapsed, 0.55s avg, 7.7e+01s total. Expected time remaining: 3.4e+01s
2020-08-01 14:43:34,115 - root - INFO - #139 MAX:accuracy.mean: 0.96
2020-08-01 14:43:34,159 - root - DEBUG - Sampled weight [1.59253326]
2020-08-01 14:43:34,489 - root - DEBUG - Updating hall of fame
2020-08-01 14:43:34,698 - root - INFO - Completed generation 140; 0.58s elapsed, 0.55s avg, 7.7e+01s total. Expected time remaining: 3.3e+01s
2020-08-01 14:43:34,761 - root - INFO - #140 MAX:accuracy.mean: 0.96
2020-08-01 14:43:34,888 - root - DEBUG - Sampled weight [1.70123164]
2020-08-01 14:43:35,212 - root - DEBUG - Updating hall of fame
2020-08-01 14:43:35,403 - root - INFO - Completed generation 141; 0.56s elapsed, 0.55s avg, 7.8e+01s total. Expected time remaining: 3.3e+01s
2020-08-01 14:43:35,467 - root - INFO - #141 MAX:accuracy.mean: 0.96
2020-08-01 14:43:35,511 - root - DEBUG - Sampled weight [1.16671806]
2020-08-01 14:43:35,827 - root - DEBUG - Updating hall of fame
2020-08-01 14:43:35,880 - root - INFO - Completed generation 142; 0.41s elapsed, 0.55s avg, 7.8e+01s total. Expected time remaining: 3.2e+01s
2020-08-01 14:43:35,944 - root - INFO - #142 MAX:accuracy.mean: 0.93
2020-08-01 14:43:35,988 - root - DEBUG - Sampled weight [1.59643501]
2020-08-01 14:43:36,317 - root - DEBUG - Updating hall of fame
2020-08-01 14:43:36,453 - root - INFO - Completed generation 143; 0.51s elapsed, 0.55s avg, 7.9e+01s total. Expected time remaining: 3.1e+01s
2020-08-01 14:43:36,517 - root - INFO - #143 MAX:accuracy.mean: 0.96
2020-08-01 14:43:36,561 - root - DEBUG - Sampled weight [2.39153147]
2020-08-01 14:43:36,885 - root - DEBUG - Updating hall of fame
2020-08-01 14:43:37,032 - root - INFO - Completed generation 144; 0.51s elapsed, 0.55s avg, 7.9e+01s total. Expected time remaining: 3.1e+01s
2020-08-01 14:43:37,096 - root - INFO - #144 MAX:accuracy.mean: 0.96
2020-08-01 14:43:37,140 - root - DEBUG - Sampled weight [1.97723986]
2020-08-01 14:43:37,459 - root - DEBUG - Updating hall of fame
2020-08-01 14:43:37,605 - root - INFO - Completed generation 145; 0.51s elapsed, 0.55s avg, 8e+01s total. Expected time remaining: 3e+01s
2020-08-01 14:43:37,668 - root - INFO - #145 MAX:accuracy.mean: 0.96
2020-08-01 14:43:37,712 - root - DEBUG - Sampled weight [1.5731458]
2020-08-01 14:43:38,028 - root - DEBUG - Updating hall of fame
2020-08-01 14:43:38,173 - root - INFO - Completed generation 146; 0.5s elapsed, 0.55s avg, 8e+01s total. Expected time remaining: 3e+01s
2020-08-01 14:43:38,233 - root - INFO - #146 MAX:accuracy.mean: 0.95
2020-08-01 14:43:38,273 - root - DEBUG - Sampled weight [2.41526949]
2020-08-01 14:43:38,586 - root - DEBUG - Updating hall of fame
2020-08-01 14:43:38,723 - root - INFO - Completed generation 147; 0.49s elapsed, 0.55s avg, 8.1e+01s total. Expected time remaining: 2.9e+01s
2020-08-01 14:43:38,783 - root - INFO - #147 MAX:accuracy.mean: 0.96
2020-08-01 14:43:38,826 - root - DEBUG - Sampled weight [3.66560111]
2020-08-01 14:43:39,130 - root - DEBUG - Updating hall of fame
2020-08-01 14:43:39,233 - root - INFO - Completed generation 148; 0.45s elapsed, 0.55s avg, 8.1e+01s total. Expected time remaining: 2.8e+01s
2020-08-01 14:43:39,293 - root - INFO - #148 MAX:accuracy.mean: 0.96
2020-08-01 14:43:39,333 - root - DEBUG - Sampled weight [3.31790208]
2020-08-01 14:43:39,621 - root - DEBUG - Updating hall of fame
2020-08-01 14:43:39,673 - root - INFO - Completed generation 149; 0.38s elapsed, 0.55s avg, 8.1e+01s total. Expected time remaining: 2.8e+01s
2020-08-01 14:43:39,733 - root - INFO - #149 MAX:accuracy.mean: 0.96
2020-08-01 14:43:39,772 - root - DEBUG - Sampled weight [1.54800047]
2020-08-01 14:43:40,065 - root - DEBUG - Updating hall of fame
2020-08-01 14:43:40,112 - root - INFO - Completed generation 150; 0.38s elapsed, 0.55s avg, 8.2e+01s total. Expected time remaining: 2.7e+01s
2020-08-01 14:43:40,171 - root - INFO - #150 MAX:accuracy.mean: 0.96
2020-08-01 14:43:40,287 - root - DEBUG - Sampled weight [2.17691354]
2020-08-01 14:43:40,588 - root - DEBUG - Updating hall of fame
2020-08-01 14:43:40,678 - root - INFO - Completed generation 151; 0.43s elapsed, 0.54s avg, 8.2e+01s total. Expected time remaining: 2.7e+01s
2020-08-01 14:43:40,737 - root - INFO - #151 MAX:accuracy.mean: 0.96
2020-08-01 14:43:40,778 - root - DEBUG - Sampled weight [1.78620722]
2020-08-01 14:43:41,082 - root - DEBUG - Updating hall of fame
2020-08-01 14:43:41,225 - root - INFO - Completed generation 152; 0.49s elapsed, 0.54s avg, 8.3e+01s total. Expected time remaining: 2.6e+01s
2020-08-01 14:43:41,285 - root - INFO - #152 MAX:accuracy.mean: 0.96
2020-08-01 14:43:41,326 - root - DEBUG - Sampled weight [1.6478562]
2020-08-01 14:43:41,625 - root - DEBUG - Updating hall of fame
2020-08-01 14:43:41,862 - root - INFO - Completed generation 153; 0.58s elapsed, 0.54s avg, 8.3e+01s total. Expected time remaining: 2.6e+01s
2020-08-01 14:43:41,922 - root - INFO - #153 MAX:accuracy.mean: 0.96
2020-08-01 14:43:41,963 - root - DEBUG - Sampled weight [1.46071854]
2020-08-01 14:43:42,268 - root - DEBUG - Updating hall of fame
2020-08-01 14:43:42,459 - root - INFO - Completed generation 154; 0.54s elapsed, 0.54s avg, 8.4e+01s total. Expected time remaining: 2.5e+01s
2020-08-01 14:43:42,518 - root - INFO - #154 MAX:accuracy.mean: 0.96
2020-08-01 14:43:42,559 - root - DEBUG - Sampled weight [2.33339641]
2020-08-01 14:43:42,858 - root - DEBUG - Updating hall of fame
2020-08-01 14:43:42,987 - root - INFO - Completed generation 155; 0.47s elapsed, 0.54s avg, 8.4e+01s total. Expected time remaining: 2.4e+01s
2020-08-01 14:43:43,047 - root - INFO - #155 MAX:accuracy.mean: 0.96
2020-08-01 14:43:43,088 - root - DEBUG - Sampled weight [2.73910372]
2020-08-01 14:43:43,389 - root - DEBUG - Updating hall of fame
2020-08-01 14:43:43,495 - root - INFO - Completed generation 156; 0.45s elapsed, 0.54s avg, 8.5e+01s total. Expected time remaining: 2.4e+01s
2020-08-01 14:43:43,555 - root - INFO - #156 MAX:accuracy.mean: 0.96
2020-08-01 14:43:43,597 - root - DEBUG - Sampled weight [1.4696608]
2020-08-01 14:43:43,898 - root - DEBUG - Updating hall of fame
2020-08-01 14:43:43,954 - root - INFO - Completed generation 157; 0.4s elapsed, 0.54s avg, 8.5e+01s total. Expected time remaining: 2.3e+01s
2020-08-01 14:43:44,013 - root - INFO - #157 MAX:accuracy.mean: 0.96
2020-08-01 14:43:44,054 - root - DEBUG - Sampled weight [2.50476163]
2020-08-01 14:43:44,357 - root - DEBUG - Updating hall of fame
2020-08-01 14:43:44,590 - root - INFO - Completed generation 158; 0.58s elapsed, 0.54s avg, 8.6e+01s total. Expected time remaining: 2.3e+01s
2020-08-01 14:43:44,650 - root - INFO - #158 MAX:accuracy.mean: 0.96
2020-08-01 14:43:44,690 - root - DEBUG - Sampled weight [2.10675458]
2020-08-01 14:43:44,986 - root - DEBUG - Updating hall of fame
2020-08-01 14:43:45,085 - root - INFO - Completed generation 159; 0.44s elapsed, 0.54s avg, 8.6e+01s total. Expected time remaining: 2.2e+01s
2020-08-01 14:43:45,145 - root - INFO - #159 MAX:accuracy.mean: 0.96
2020-08-01 14:43:45,185 - root - DEBUG - Sampled weight [2.26751374]
2020-08-01 14:43:45,493 - root - DEBUG - Updating hall of fame
2020-08-01 14:43:45,642 - root - INFO - Completed generation 160; 0.5s elapsed, 0.54s avg, 8.7e+01s total. Expected time remaining: 2.2e+01s
2020-08-01 14:43:45,702 - root - INFO - #160 MAX:accuracy.mean: 0.96
2020-08-01 14:43:45,844 - root - DEBUG - Sampled weight [1.59034828]
2020-08-01 14:43:46,140 - root - DEBUG - Updating hall of fame
2020-08-01 14:43:46,186 - root - INFO - Completed generation 161; 0.38s elapsed, 0.54s avg, 8.7e+01s total. Expected time remaining: 2.1e+01s
2020-08-01 14:43:46,246 - root - INFO - #161 MAX:accuracy.mean: 0.96
2020-08-01 14:43:46,287 - root - DEBUG - Sampled weight [3.77758777]
2020-08-01 14:43:46,587 - root - DEBUG - Updating hall of fame
2020-08-01 14:43:46,778 - root - INFO - Completed generation 162; 0.53s elapsed, 0.54s avg, 8.8e+01s total. Expected time remaining: 2.1e+01s
2020-08-01 14:43:46,838 - root - INFO - #162 MAX:accuracy.mean: 0.96
2020-08-01 14:43:46,880 - root - DEBUG - Sampled weight [2.79483292]
2020-08-01 14:43:47,194 - root - DEBUG - Updating hall of fame
2020-08-01 14:43:47,299 - root - INFO - Completed generation 163; 0.46s elapsed, 0.54s avg, 8.8e+01s total. Expected time remaining: 2e+01s
2020-08-01 14:43:47,359 - root - INFO - #163 MAX:accuracy.mean: 0.96
2020-08-01 14:43:47,399 - root - DEBUG - Sampled weight [1.79520087]
2020-08-01 14:43:47,709 - root - DEBUG - Updating hall of fame
2020-08-01 14:43:47,863 - root - INFO - Completed generation 164; 0.5s elapsed, 0.54s avg, 8.9e+01s total. Expected time remaining: 1.9e+01s
2020-08-01 14:43:47,923 - root - INFO - #164 MAX:accuracy.mean: 0.96
2020-08-01 14:43:47,964 - root - DEBUG - Sampled weight [1.89752545]
2020-08-01 14:43:48,269 - root - DEBUG - Updating hall of fame
2020-08-01 14:43:48,451 - root - INFO - Completed generation 165; 0.53s elapsed, 0.54s avg, 8.9e+01s total. Expected time remaining: 1.9e+01s
2020-08-01 14:43:48,511 - root - INFO - #165 MAX:accuracy.mean: 0.96
2020-08-01 14:43:48,552 - root - DEBUG - Sampled weight [1.96487236]
2020-08-01 14:43:48,860 - root - DEBUG - Updating hall of fame
2020-08-01 14:43:48,915 - root - INFO - Completed generation 166; 0.4s elapsed, 0.54s avg, 9e+01s total. Expected time remaining: 1.8e+01s
2020-08-01 14:43:48,975 - root - INFO - #166 MAX:accuracy.mean: 0.96
2020-08-01 14:43:49,016 - root - DEBUG - Sampled weight [1.76154456]
2020-08-01 14:43:49,317 - root - DEBUG - Updating hall of fame
2020-08-01 14:43:49,558 - root - INFO - Completed generation 167; 0.58s elapsed, 0.54s avg, 9e+01s total. Expected time remaining: 1.8e+01s
2020-08-01 14:43:49,617 - root - INFO - #167 MAX:accuracy.mean: 0.96
2020-08-01 14:43:49,659 - root - DEBUG - Sampled weight [3.13295876]
2020-08-01 14:43:49,960 - root - DEBUG - Updating hall of fame
2020-08-01 14:43:50,232 - root - INFO - Completed generation 168; 0.61s elapsed, 0.54s avg, 9.1e+01s total. Expected time remaining: 1.7e+01s
2020-08-01 14:43:50,292 - root - INFO - #168 MAX:accuracy.mean: 0.96
2020-08-01 14:43:50,332 - root - DEBUG - Sampled weight [1.40174534]
2020-08-01 14:43:50,632 - root - DEBUG - Updating hall of fame
2020-08-01 14:43:50,779 - root - INFO - Completed generation 169; 0.49s elapsed, 0.54s avg, 9.1e+01s total. Expected time remaining: 1.7e+01s
2020-08-01 14:43:50,839 - root - INFO - #169 MAX:accuracy.mean: 0.96
2020-08-01 14:43:50,880 - root - DEBUG - Sampled weight [1.69974547]
2020-08-01 14:43:51,188 - root - DEBUG - Updating hall of fame
2020-08-01 14:43:51,373 - root - INFO - Completed generation 170; 0.53s elapsed, 0.54s avg, 9.2e+01s total. Expected time remaining: 1.6e+01s
2020-08-01 14:43:51,432 - root - INFO - #170 MAX:accuracy.mean: 0.96
2020-08-01 14:43:51,587 - root - DEBUG - Sampled weight [2.02355847]
2020-08-01 14:43:51,892 - root - DEBUG - Updating hall of fame
2020-08-01 14:43:51,945 - root - INFO - Completed generation 171; 0.4s elapsed, 0.54s avg, 9.2e+01s total. Expected time remaining: 1.6e+01s
2020-08-01 14:43:52,005 - root - INFO - #171 MAX:accuracy.mean: 0.96
2020-08-01 14:43:52,047 - root - DEBUG - Sampled weight [2.0492405]
2020-08-01 14:43:52,370 - root - DEBUG - Updating hall of fame
2020-08-01 14:43:52,516 - root - INFO - Completed generation 172; 0.51s elapsed, 0.54s avg, 9.3e+01s total. Expected time remaining: 1.5e+01s
2020-08-01 14:43:52,576 - root - INFO - #172 MAX:accuracy.mean: 0.96
2020-08-01 14:43:52,616 - root - DEBUG - Sampled weight [1.38682384]
2020-08-01 14:43:52,924 - root - DEBUG - Updating hall of fame
2020-08-01 14:43:53,020 - root - INFO - Completed generation 173; 0.44s elapsed, 0.54s avg, 9.3e+01s total. Expected time remaining: 1.5e+01s
2020-08-01 14:43:53,080 - root - INFO - #173 MAX:accuracy.mean: 0.96
2020-08-01 14:43:53,122 - root - DEBUG - Sampled weight [3.53957984]
2020-08-01 14:43:53,438 - root - DEBUG - Updating hall of fame
2020-08-01 14:43:53,581 - root - INFO - Completed generation 174; 0.5s elapsed, 0.54s avg, 9.4e+01s total. Expected time remaining: 1.4e+01s
2020-08-01 14:43:53,640 - root - INFO - #174 MAX:accuracy.mean: 0.93
2020-08-01 14:43:53,681 - root - DEBUG - Sampled weight [1.96558172]
2020-08-01 14:43:53,983 - root - DEBUG - Updating hall of fame
2020-08-01 14:43:53,983 - root - INFO - Completed generation 175; 0.34s elapsed, 0.54s avg, 9.4e+01s total. Expected time remaining: 1.3e+01s
2020-08-01 14:43:54,043 - root - INFO - #175 MAX:accuracy.mean: 0.96
2020-08-01 14:43:54,084 - root - DEBUG - Sampled weight [1.51804765]
2020-08-01 14:43:54,396 - root - DEBUG - Updating hall of fame
2020-08-01 14:43:54,540 - root - INFO - Completed generation 176; 0.5s elapsed, 0.54s avg, 9.4e+01s total. Expected time remaining: 1.3e+01s
2020-08-01 14:43:54,600 - root - INFO - #176 MAX:accuracy.mean: 0.96
2020-08-01 14:43:54,641 - root - DEBUG - Sampled weight [2.49517348]
2020-08-01 14:43:54,950 - root - DEBUG - Updating hall of fame
2020-08-01 14:43:54,993 - root - INFO - Completed generation 177; 0.39s elapsed, 0.54s avg, 9.5e+01s total. Expected time remaining: 1.2e+01s
2020-08-01 14:43:55,053 - root - INFO - #177 MAX:accuracy.mean: 0.96
2020-08-01 14:43:55,094 - root - DEBUG - Sampled weight [1.26508491]
2020-08-01 14:43:55,417 - root - DEBUG - Updating hall of fame
2020-08-01 14:43:55,516 - root - INFO - Completed generation 178; 0.46s elapsed, 0.54s avg, 9.5e+01s total. Expected time remaining: 1.2e+01s
2020-08-01 14:43:55,575 - root - INFO - #178 MAX:accuracy.mean: 0.95
2020-08-01 14:43:55,617 - root - DEBUG - Sampled weight [2.66325545]
2020-08-01 14:43:55,929 - root - DEBUG - Updating hall of fame
2020-08-01 14:43:56,057 - root - INFO - Completed generation 179; 0.48s elapsed, 0.53s avg, 9.6e+01s total. Expected time remaining: 1.1e+01s
2020-08-01 14:43:56,117 - root - INFO - #179 MAX:accuracy.mean: 0.96
2020-08-01 14:43:56,158 - root - DEBUG - Sampled weight [3.06175335]
2020-08-01 14:43:56,482 - root - DEBUG - Updating hall of fame
2020-08-01 14:43:56,621 - root - INFO - Completed generation 180; 0.5s elapsed, 0.53s avg, 9.6e+01s total. Expected time remaining: 1.1e+01s
2020-08-01 14:43:56,681 - root - INFO - #180 MAX:accuracy.mean: 0.96
2020-08-01 14:43:56,836 - root - DEBUG - Sampled weight [1.96889903]
2020-08-01 14:43:57,160 - root - DEBUG - Updating hall of fame
2020-08-01 14:43:57,213 - root - INFO - Completed generation 181; 0.42s elapsed, 0.53s avg, 9.7e+01s total. Expected time remaining: 1e+01s
2020-08-01 14:43:57,273 - root - INFO - #181 MAX:accuracy.mean: 0.96
2020-08-01 14:43:57,314 - root - DEBUG - Sampled weight [1.53267226]
2020-08-01 14:43:57,617 - root - DEBUG - Updating hall of fame
2020-08-01 14:43:57,809 - root - INFO - Completed generation 182; 0.54s elapsed, 0.53s avg, 9.7e+01s total. Expected time remaining: 9.6s
2020-08-01 14:43:57,869 - root - INFO - #182 MAX:accuracy.mean: 0.96
2020-08-01 14:43:57,910 - root - DEBUG - Sampled weight [1.12494856]
2020-08-01 14:43:58,221 - root - DEBUG - Updating hall of fame
2020-08-01 14:43:58,355 - root - INFO - Completed generation 183; 0.49s elapsed, 0.53s avg, 9.8e+01s total. Expected time remaining: 9.1s
2020-08-01 14:43:58,414 - root - INFO - #183 MAX:accuracy.mean: 0.91
2020-08-01 14:43:58,455 - root - DEBUG - Sampled weight [2.22674942]
2020-08-01 14:43:58,766 - root - DEBUG - Updating hall of fame
2020-08-01 14:43:58,938 - root - INFO - Completed generation 184; 0.52s elapsed, 0.53s avg, 9.8e+01s total. Expected time remaining: 8.5s
2020-08-01 14:43:58,997 - root - INFO - #184 MAX:accuracy.mean: 0.96
2020-08-01 14:43:59,039 - root - DEBUG - Sampled weight [2.93064916]
2020-08-01 14:43:59,357 - root - DEBUG - Updating hall of fame
2020-08-01 14:43:59,508 - root - INFO - Completed generation 185; 0.51s elapsed, 0.53s avg, 9.9e+01s total. Expected time remaining: 8.0s
2020-08-01 14:43:59,567 - root - INFO - #185 MAX:accuracy.mean: 0.96
2020-08-01 14:43:59,609 - root - DEBUG - Sampled weight [3.24688768]
2020-08-01 14:43:59,923 - root - DEBUG - Updating hall of fame
2020-08-01 14:44:00,023 - root - INFO - Completed generation 186; 0.46s elapsed, 0.53s avg, 9.9e+01s total. Expected time remaining: 7.5s
2020-08-01 14:44:00,083 - root - INFO - #186 MAX:accuracy.mean: 0.96
2020-08-01 14:44:00,124 - root - DEBUG - Sampled weight [1.16174832]
2020-08-01 14:44:00,448 - root - DEBUG - Updating hall of fame
2020-08-01 14:44:00,504 - root - INFO - Completed generation 187; 0.42s elapsed, 0.53s avg, 1e+02s total. Expected time remaining: 6.9s
2020-08-01 14:44:00,564 - root - INFO - #187 MAX:accuracy.mean: 0.86
2020-08-01 14:44:00,605 - root - DEBUG - Sampled weight [2.08945792]
2020-08-01 14:44:00,910 - root - DEBUG - Updating hall of fame
2020-08-01 14:44:01,039 - root - INFO - Completed generation 188; 0.47s elapsed, 0.53s avg, 1e+02s total. Expected time remaining: 6.4s
2020-08-01 14:44:01,099 - root - INFO - #188 MAX:accuracy.mean: 0.96
2020-08-01 14:44:01,140 - root - DEBUG - Sampled weight [1.8173273]
2020-08-01 14:44:01,441 - root - DEBUG - Updating hall of fame
2020-08-01 14:44:01,633 - root - INFO - Completed generation 189; 0.53s elapsed, 0.53s avg, 1e+02s total. Expected time remaining: 5.9s
2020-08-01 14:44:01,697 - root - INFO - #189 MAX:accuracy.mean: 0.96
2020-08-01 14:44:01,738 - root - DEBUG - Sampled weight [2.44175984]
2020-08-01 14:44:02,047 - root - DEBUG - Updating hall of fame
2020-08-01 14:44:02,189 - root - INFO - Completed generation 190; 0.49s elapsed, 0.53s avg, 1e+02s total. Expected time remaining: 5.3s
2020-08-01 14:44:02,253 - root - INFO - #190 MAX:accuracy.mean: 0.95
2020-08-01 14:44:02,412 - root - DEBUG - Sampled weight [1.0800284]
2020-08-01 14:44:02,737 - root - DEBUG - Updating hall of fame
2020-08-01 14:44:02,795 - root - INFO - Completed generation 191; 0.43s elapsed, 0.53s avg, 1e+02s total. Expected time remaining: 4.8s
2020-08-01 14:44:02,857 - root - INFO - #191 MAX:accuracy.mean: 0.88
2020-08-01 14:44:02,900 - root - DEBUG - Sampled weight [2.62422878]
2020-08-01 14:44:03,211 - root - DEBUG - Updating hall of fame
2020-08-01 14:44:03,385 - root - INFO - Completed generation 192; 0.53s elapsed, 0.53s avg, 1e+02s total. Expected time remaining: 4.3s
2020-08-01 14:44:03,447 - root - INFO - #192 MAX:accuracy.mean: 0.89
2020-08-01 14:44:03,490 - root - DEBUG - Sampled weight [2.4445276]
2020-08-01 14:44:03,818 - root - DEBUG - Updating hall of fame
2020-08-01 14:44:04,069 - root - INFO - Completed generation 193; 0.62s elapsed, 0.53s avg, 1e+02s total. Expected time remaining: 3.7s
2020-08-01 14:44:04,132 - root - INFO - #193 MAX:accuracy.mean: 0.95
2020-08-01 14:44:04,177 - root - DEBUG - Sampled weight [1.5548554]
2020-08-01 14:44:04,510 - root - DEBUG - Updating hall of fame
2020-08-01 14:44:04,704 - root - INFO - Completed generation 194; 0.57s elapsed, 0.53s avg, 1e+02s total. Expected time remaining: 3.2s
2020-08-01 14:44:04,768 - root - INFO - #194 MAX:accuracy.mean: 0.96
2020-08-01 14:44:04,811 - root - DEBUG - Sampled weight [1.62684634]
2020-08-01 14:44:05,145 - root - DEBUG - Updating hall of fame
2020-08-01 14:44:05,341 - root - INFO - Completed generation 195; 0.57s elapsed, 0.53s avg, 1e+02s total. Expected time remaining: 2.7s
2020-08-01 14:44:05,405 - root - INFO - #195 MAX:accuracy.mean: 0.96
2020-08-01 14:44:05,449 - root - DEBUG - Sampled weight [2.02452445]
2020-08-01 14:44:05,790 - root - DEBUG - Updating hall of fame
2020-08-01 14:44:05,896 - root - INFO - Completed generation 196; 0.49s elapsed, 0.53s avg, 1e+02s total. Expected time remaining: 2.1s
2020-08-01 14:44:05,960 - root - INFO - #196 MAX:accuracy.mean: 0.96
2020-08-01 14:44:06,004 - root - DEBUG - Sampled weight [1.93558512]
2020-08-01 14:44:06,332 - root - DEBUG - Updating hall of fame
2020-08-01 14:44:06,472 - root - INFO - Completed generation 197; 0.51s elapsed, 0.53s avg, 1e+02s total. Expected time remaining: 1.6s
2020-08-01 14:44:06,532 - root - INFO - #197 MAX:accuracy.mean: 0.96
2020-08-01 14:44:06,572 - root - DEBUG - Sampled weight [2.71911326]
2020-08-01 14:44:06,878 - root - DEBUG - Updating hall of fame
2020-08-01 14:44:07,017 - root - INFO - Completed generation 198; 0.49s elapsed, 0.53s avg, 1.1e+02s total. Expected time remaining: 1.1s
2020-08-01 14:44:07,077 - root - INFO - #198 MAX:accuracy.mean: 0.96
2020-08-01 14:44:07,117 - root - DEBUG - Sampled weight [1.57032453]
2020-08-01 14:44:07,437 - root - DEBUG - Updating hall of fame
2020-08-01 14:44:07,541 - root - INFO - Completed generation 199; 0.46s elapsed, 0.53s avg, 1.1e+02s total. Expected time remaining: 0.53s
2020-08-01 14:44:07,601 - root - INFO - #199 MAX:accuracy.mean: 0.96
2020-08-01 14:44:07,642 - root - DEBUG - Sampled weight [1.64228544]
2020-08-01 14:44:07,966 - root - DEBUG - Updating hall of fame
2020-08-01 14:44:08,108 - root - INFO - Completed generation 200; 0.51s elapsed, 0.53s avg, 1.1e+02s total. Expected time remaining: 0.0s
2020-08-01 14:44:08,168 - root - INFO - #200 MAX:accuracy.mean: 0.96
2020-08-01 14:44:08,344 - root - DEBUG - Loaded 150 samples.
2020-08-01 14:44:08,348 - root - INFO - Evaluating indivs in hall of fame.
2020-08-01 14:44:10,286 - root - INFO - Completed excution.
