2020-07-26 18:47:24,918 - root - INFO - Package version 0.1.1
2020-07-26 18:47:24,918 - root - INFO - Saving data at /vol/fob-vol1/mi15/plonerma/Lab/rewann/data/2020-07-26_Iris [0, 3, 4, 5, 9, 10]; uniform -2,2; signed: True_000.
2020-07-26 18:47:24,918 - root - DEBUG - Loading training dataset
2020-07-26 18:47:25,010 - root - DEBUG - Loaded 150 samples.
2020-07-26 18:47:25,011 - root - DEBUG - Running experiments with the following parameters:
debug = true
experiment_name = "Iris [0, 3, 4, 5, 9, 10]; uniform -2,2; signed: True"
experiment_path = "data/2020-07-26_Iris [0, 3, 4, 5, 9, 10]; uniform -2,2; signed: True_000"

[config]
num_workers = 1
debug = true
backend = "numpy"

[postopt]
run_postopt = true
compile_report = false
num_weights = 100
num_samples = -1

[sampling]
seed = 0
post_init_seed = false
distribution = "uniform"
lower_bound = -2
upper_bound = 2
mean = 0
sigma = 1
num_weights_per_iteration = 5
num_samples_per_iteration = -1
hof_evaluation_iterations = 20

[task]
name = "iris"
sample_order_seed = 0
test_portion = 0.2
sample_length = 10
num_categories = 8

[storage]
data_base_path = "data"
log_filename = "execution.log"
commit_elite_freq = -1
commit_metrics_freq = 10

[population]
num_generations = 200
size = 100
initial_enabled_edge_prob = 0.05
initial_genes = "full"
hof_size = 10
enable_edge_signs = true
enabled_activation_funcs = [ 0, 3, 4, 5, 9, 10,]

[selection]
use_tournaments = true
elite_ratio = 0.1
culling_ratio = 0.2
tournament_size = 5
objectives = [ "-log_loss.min", "-log_loss.mean", "-n_hidden",]
recorded_metrics = [ "accuracy", "kappa", "log_loss",]
hof_metric = "accuracy.mean"

[mutation.new_edge]
probability = 0.2
strategy = "layer_agnostic"
propability = 0.2

[mutation.new_node]
probability = 0.25
propability = 0.3

[mutation.reenable_edge]
probability = 0.05
propability = 0.1

[mutation.change_activation]
probability = 0.5
propability = 0.4

[mutation.change_edge_sign]
probability = 0.2

[mutation.new_recurrent_edge]
probability = 0.2
strategy = "any"

2020-07-26 18:47:25,022 - root - INFO - Starting evolutionary algorithm
2020-07-26 18:47:25,044 - root - DEBUG - Sampled weight [ 1.97960763  0.98266634  0.5447582  -1.68770058 -0.7071392 ]
2020-07-26 18:47:26,118 - root - DEBUG - Updating hall of fame
2020-07-26 18:47:28,072 - root - INFO - Completed generation 1; 3.0s elapsed, 3.0s avg, 3.0s total. Expected time remaining: 6.1e+02s
2020-07-26 18:47:28,129 - root - INFO - #1 MAX:accuracy.mean: 0.45
2020-07-26 18:47:28,171 - root - DEBUG - Sampled weight [ 1.09359416 -0.67451364 -1.07234383 -0.48923672 -1.18765132]
2020-07-26 18:47:29,240 - root - DEBUG - Updating hall of fame
2020-07-26 18:47:31,116 - root - INFO - Completed generation 2; 3.0s elapsed, 3.0s avg, 6.0s total. Expected time remaining: 6e+02s
2020-07-26 18:47:31,170 - root - INFO - #2 MAX:accuracy.mean: 0.46
2020-07-26 18:47:31,213 - root - DEBUG - Sampled weight [ 1.22860251 -1.04510533 -1.79564092 -0.89268884 -1.29438638]
2020-07-26 18:47:32,285 - root - DEBUG - Updating hall of fame
2020-07-26 18:47:34,169 - root - INFO - Completed generation 3; 3.0s elapsed, 3.0s avg, 9.0s total. Expected time remaining: 5.9e+02s
2020-07-26 18:47:34,224 - root - INFO - #3 MAX:accuracy.mean: 0.6
2020-07-26 18:47:34,266 - root - DEBUG - Sampled weight [ 1.70707716 -1.04793943 -0.11031495  1.63045823  0.83313256]
2020-07-26 18:47:35,341 - root - DEBUG - Updating hall of fame
2020-07-26 18:47:37,225 - root - INFO - Completed generation 4; 3.0s elapsed, 3.0s avg, 1.2e+01s total. Expected time remaining: 5.9e+02s
2020-07-26 18:47:37,279 - root - INFO - #4 MAX:accuracy.mean: 0.57
2020-07-26 18:47:37,322 - root - DEBUG - Sampled weight [-0.54320161 -0.26946295 -0.69317134 -1.30923444  0.49832788]
2020-07-26 18:47:38,399 - root - DEBUG - Updating hall of fame
2020-07-26 18:47:40,087 - root - INFO - Completed generation 5; 2.8s elapsed, 3.0s avg, 1.5e+01s total. Expected time remaining: 5.8e+02s
2020-07-26 18:47:40,142 - root - INFO - #5 MAX:accuracy.mean: 0.51
2020-07-26 18:47:40,185 - root - DEBUG - Sampled weight [ 0.68855961 -1.53963438  0.84056768 -1.56136218 -1.29280899]
2020-07-26 18:47:41,260 - root - DEBUG - Updating hall of fame
2020-07-26 18:47:43,117 - root - INFO - Completed generation 6; 3.0s elapsed, 3.0s avg, 1.8e+01s total. Expected time remaining: 5.8e+02s
2020-07-26 18:47:43,171 - root - INFO - #6 MAX:accuracy.mean: 0.53
2020-07-26 18:47:43,212 - root - DEBUG - Sampled weight [-1.22182258  1.15994535  0.29956662  0.71007582  1.56637776]
2020-07-26 18:47:44,280 - root - DEBUG - Updating hall of fame
2020-07-26 18:47:46,012 - root - INFO - Completed generation 7; 2.8s elapsed, 3.0s avg, 2.1e+01s total. Expected time remaining: 5.7e+02s
2020-07-26 18:47:46,066 - root - INFO - #7 MAX:accuracy.mean: 0.53
2020-07-26 18:47:46,107 - root - DEBUG - Sampled weight [-1.5573426  -1.97615988 -1.65039223 -0.75599855 -0.75560063]
2020-07-26 18:47:47,180 - root - DEBUG - Updating hall of fame
2020-07-26 18:47:48,670 - root - INFO - Completed generation 8; 2.6s elapsed, 2.9s avg, 2.3e+01s total. Expected time remaining: 5.6e+02s
2020-07-26 18:47:48,724 - root - INFO - #8 MAX:accuracy.mean: 0.67
2020-07-26 18:47:48,766 - root - DEBUG - Sampled weight [-0.78163759  0.13157779 -1.27421703  0.30155171  1.377113  ]
2020-07-26 18:47:49,838 - root - DEBUG - Updating hall of fame
2020-07-26 18:47:51,338 - root - INFO - Completed generation 9; 2.6s elapsed, 2.9s avg, 2.6e+01s total. Expected time remaining: 5.5e+02s
2020-07-26 18:47:51,391 - root - INFO - #9 MAX:accuracy.mean: 0.55
2020-07-26 18:47:51,433 - root - DEBUG - Sampled weight [-0.81397923 -1.80259393  0.92856604  1.36813681  0.03922324]
2020-07-26 18:47:52,510 - root - DEBUG - Updating hall of fame
2020-07-26 18:47:53,466 - root - INFO - Completed generation 10; 2.1s elapsed, 2.8s avg, 2.8e+01s total. Expected time remaining: 5.3e+02s
2020-07-26 18:47:53,521 - root - INFO - #10 MAX:accuracy.mean: 0.52
2020-07-26 18:47:53,598 - root - DEBUG - Sampled weight [ 1.17792207  1.60773166 -0.47093387  1.51114143  0.15107084]
2020-07-26 18:47:54,681 - root - DEBUG - Updating hall of fame
2020-07-26 18:47:55,649 - root - INFO - Completed generation 11; 2.1s elapsed, 2.7s avg, 3e+01s total. Expected time remaining: 5.2e+02s
2020-07-26 18:47:55,703 - root - INFO - #11 MAX:accuracy.mean: 0.53
2020-07-26 18:47:55,746 - root - DEBUG - Sampled weight [-1.1703477  -1.36009871 -0.18852906  1.35820724 -1.90494318]
2020-07-26 18:47:56,827 - root - DEBUG - Updating hall of fame
2020-07-26 18:47:57,984 - root - INFO - Completed generation 12; 2.3s elapsed, 2.7s avg, 3.2e+01s total. Expected time remaining: 5.1e+02s
2020-07-26 18:47:58,038 - root - INFO - #12 MAX:accuracy.mean: 0.61
2020-07-26 18:47:58,081 - root - DEBUG - Sampled weight [ 1.02474     1.9637896   0.29642492 -1.40688106  0.68890283]
2020-07-26 18:47:59,163 - root - DEBUG - Updating hall of fame
2020-07-26 18:47:59,752 - root - INFO - Completed generation 13; 1.7s elapsed, 2.6s avg, 3.4e+01s total. Expected time remaining: 4.9e+02s
2020-07-26 18:47:59,806 - root - INFO - #13 MAX:accuracy.mean: 0.56
2020-07-26 18:47:59,847 - root - DEBUG - Sampled weight [-0.53564325 -0.4300697  -1.00578122  1.85386821 -0.27907091]
2020-07-26 18:48:00,924 - root - DEBUG - Updating hall of fame
2020-07-26 18:48:01,939 - root - INFO - Completed generation 14; 2.1s elapsed, 2.6s avg, 3.6e+01s total. Expected time remaining: 4.8e+02s
2020-07-26 18:48:02,000 - root - INFO - #14 MAX:accuracy.mean: 0.67
2020-07-26 18:48:02,045 - root - DEBUG - Sampled weight [ 1.08463913  0.77077121 -0.96488394 -1.1478241   0.99968857]
2020-07-26 18:48:03,251 - root - DEBUG - Updating hall of fame
2020-07-26 18:48:04,946 - root - INFO - Completed generation 15; 2.9s elapsed, 2.6s avg, 3.9e+01s total. Expected time remaining: 4.8e+02s
2020-07-26 18:48:05,001 - root - INFO - #15 MAX:accuracy.mean: 0.6
2020-07-26 18:48:05,043 - root - DEBUG - Sampled weight [ 1.7691999  -1.14639265 -0.80683888 -0.52702916  1.69759311]
2020-07-26 18:48:06,131 - root - DEBUG - Updating hall of fame
2020-07-26 18:48:06,909 - root - INFO - Completed generation 16; 1.9s elapsed, 2.6s avg, 4.1e+01s total. Expected time remaining: 4.7e+02s
2020-07-26 18:48:06,964 - root - INFO - #16 MAX:accuracy.mean: 0.61
2020-07-26 18:48:07,005 - root - DEBUG - Sampled weight [-0.6003202  -1.38174858  1.73400424 -0.03735298 -1.98999153]
2020-07-26 18:48:08,092 - root - DEBUG - Updating hall of fame
2020-07-26 18:48:09,426 - root - INFO - Completed generation 17; 2.5s elapsed, 2.6s avg, 4.3e+01s total. Expected time remaining: 4.7e+02s
2020-07-26 18:48:09,481 - root - INFO - #17 MAX:accuracy.mean: 0.57
2020-07-26 18:48:09,523 - root - DEBUG - Sampled weight [-1.99061986 -1.7992428   1.84317291  0.08359207 -0.24013881]
2020-07-26 18:48:10,614 - root - DEBUG - Updating hall of fame
2020-07-26 18:48:11,015 - root - INFO - Completed generation 18; 1.5s elapsed, 2.5s avg, 4.5e+01s total. Expected time remaining: 4.6e+02s
2020-07-26 18:48:11,070 - root - INFO - #18 MAX:accuracy.mean: 0.53
2020-07-26 18:48:11,112 - root - DEBUG - Sampled weight [-0.07479173  1.21191683 -1.73790399  0.77118572 -0.83870065]
2020-07-26 18:48:12,197 - root - DEBUG - Updating hall of fame
2020-07-26 18:48:12,774 - root - INFO - Completed generation 19; 1.7s elapsed, 2.5s avg, 4.7e+01s total. Expected time remaining: 4.5e+02s
2020-07-26 18:48:12,829 - root - INFO - #19 MAX:accuracy.mean: 0.6
2020-07-26 18:48:12,871 - root - DEBUG - Sampled weight [ 1.98092316  1.87250947 -0.8947231  -1.23484106  0.86057331]
2020-07-26 18:48:13,965 - root - DEBUG - Updating hall of fame
2020-07-26 18:48:14,922 - root - INFO - Completed generation 20; 2.1s elapsed, 2.4s avg, 4.9e+01s total. Expected time remaining: 4.4e+02s
2020-07-26 18:48:14,977 - root - INFO - #20 MAX:accuracy.mean: 0.59
2020-07-26 18:48:15,066 - root - DEBUG - Sampled weight [-1.47630625 -1.54558486 -1.2245388  -1.93125347 -1.79640585]
2020-07-26 18:48:16,154 - root - DEBUG - Updating hall of fame
2020-07-26 18:48:17,095 - root - INFO - Completed generation 21; 2.1s elapsed, 2.4s avg, 5.1e+01s total. Expected time remaining: 4.3e+02s
2020-07-26 18:48:17,149 - root - INFO - #21 MAX:accuracy.mean: 0.66
2020-07-26 18:48:17,192 - root - DEBUG - Sampled weight [ 0.06272843  0.2714669   0.28208947 -1.87942557  1.22501817]
2020-07-26 18:48:18,282 - root - DEBUG - Updating hall of fame
2020-07-26 18:48:19,229 - root - INFO - Completed generation 22; 2.1s elapsed, 2.4s avg, 5.3e+01s total. Expected time remaining: 4.3e+02s
2020-07-26 18:48:19,284 - root - INFO - #22 MAX:accuracy.mean: 0.62
2020-07-26 18:48:19,326 - root - DEBUG - Sampled weight [-0.38156496  0.52542745  0.64856239  1.86405601 -1.3028433 ]
2020-07-26 18:48:20,412 - root - DEBUG - Updating hall of fame
2020-07-26 18:48:20,798 - root - INFO - Completed generation 23; 1.5s elapsed, 2.4s avg, 5.4e+01s total. Expected time remaining: 4.2e+02s
2020-07-26 18:48:20,852 - root - INFO - #23 MAX:accuracy.mean: 0.64
2020-07-26 18:48:20,894 - root - DEBUG - Sampled weight [-1.18214391 -0.10397831  1.92581442 -1.41552777  0.59796846]
2020-07-26 18:48:21,975 - root - DEBUG - Updating hall of fame
2020-07-26 18:48:23,425 - root - INFO - Completed generation 24; 2.6s elapsed, 2.4s avg, 5.7e+01s total. Expected time remaining: 4.2e+02s
2020-07-26 18:48:23,488 - root - INFO - #24 MAX:accuracy.mean: 0.61
2020-07-26 18:48:23,537 - root - DEBUG - Sampled weight [1.8360463  0.15710245 0.87547145 0.61159162 0.17945079]
2020-07-26 18:48:24,672 - root - DEBUG - Updating hall of fame
2020-07-26 18:48:25,852 - root - INFO - Completed generation 25; 2.4s elapsed, 2.4s avg, 5.9e+01s total. Expected time remaining: 4.2e+02s
2020-07-26 18:48:25,908 - root - INFO - #25 MAX:accuracy.mean: 0.64
2020-07-26 18:48:25,951 - root - DEBUG - Sampled weight [ 1.95653864  0.958918   -0.19430988 -1.22780144 -1.56077721]
2020-07-26 18:48:27,040 - root - DEBUG - Updating hall of fame
2020-07-26 18:48:27,834 - root - INFO - Completed generation 26; 1.9s elapsed, 2.4s avg, 6.1e+01s total. Expected time remaining: 4.1e+02s
2020-07-26 18:48:27,889 - root - INFO - #26 MAX:accuracy.mean: 0.62
2020-07-26 18:48:27,931 - root - DEBUG - Sampled weight [ 1.79442645  0.28303052 -1.06809212  0.83289954  1.39153109]
2020-07-26 18:48:29,014 - root - DEBUG - Updating hall of fame
2020-07-26 18:48:29,977 - root - INFO - Completed generation 27; 2.1s elapsed, 2.3s avg, 6.3e+01s total. Expected time remaining: 4.1e+02s
2020-07-26 18:48:30,032 - root - INFO - #27 MAX:accuracy.mean: 0.65
2020-07-26 18:48:30,074 - root - DEBUG - Sampled weight [-1.30661585 -1.7164765  -1.28410919 -1.92545061 -1.41998608]
2020-07-26 18:48:31,162 - root - DEBUG - Updating hall of fame
2020-07-26 18:48:31,959 - root - INFO - Completed generation 28; 1.9s elapsed, 2.3s avg, 6.5e+01s total. Expected time remaining: 4e+02s
2020-07-26 18:48:32,013 - root - INFO - #28 MAX:accuracy.mean: 0.65
2020-07-26 18:48:32,054 - root - DEBUG - Sampled weight [-1.68250433  0.10744578  1.90923763  0.23544332 -1.2827429 ]
2020-07-26 18:48:33,138 - root - DEBUG - Updating hall of fame
2020-07-26 18:48:34,294 - root - INFO - Completed generation 29; 2.3s elapsed, 2.3s avg, 6.8e+01s total. Expected time remaining: 4e+02s
2020-07-26 18:48:34,348 - root - INFO - #29 MAX:accuracy.mean: 0.65
2020-07-26 18:48:34,391 - root - DEBUG - Sampled weight [-1.76586671 -1.21972209  0.74394523  1.06195155 -0.35407341]
2020-07-26 18:48:35,471 - root - DEBUG - Updating hall of fame
2020-07-26 18:48:36,066 - root - INFO - Completed generation 30; 1.7s elapsed, 2.3s avg, 6.9e+01s total. Expected time remaining: 3.9e+02s
2020-07-26 18:48:36,121 - root - INFO - #30 MAX:accuracy.mean: 0.63
2020-07-26 18:48:36,207 - root - DEBUG - Sampled weight [-1.69755659 -1.31762287  1.30878696  1.62630612 -0.28518135]
2020-07-26 18:48:37,294 - root - DEBUG - Updating hall of fame
2020-07-26 18:48:38,452 - root - INFO - Completed generation 31; 2.3s elapsed, 2.3s avg, 7.2e+01s total. Expected time remaining: 3.9e+02s
2020-07-26 18:48:38,507 - root - INFO - #31 MAX:accuracy.mean: 0.63
2020-07-26 18:48:38,549 - root - DEBUG - Sampled weight [-0.72946285  1.12971275 -1.36783433 -0.74222047 -0.27819157]
2020-07-26 18:48:39,634 - root - DEBUG - Updating hall of fame
2020-07-26 18:48:40,402 - root - INFO - Completed generation 32; 1.9s elapsed, 2.3s avg, 7.4e+01s total. Expected time remaining: 3.9e+02s
2020-07-26 18:48:40,456 - root - INFO - #32 MAX:accuracy.mean: 0.71
2020-07-26 18:48:40,498 - root - DEBUG - Sampled weight [-1.70603637  1.04030568 -1.41790117  0.59390964  0.01598348]
2020-07-26 18:48:41,583 - root - DEBUG - Updating hall of fame
2020-07-26 18:48:42,537 - root - INFO - Completed generation 33; 2.1s elapsed, 2.3s avg, 7.6e+01s total. Expected time remaining: 3.8e+02s
2020-07-26 18:48:42,591 - root - INFO - #33 MAX:accuracy.mean: 0.64
2020-07-26 18:48:42,634 - root - DEBUG - Sampled weight [ 1.52688612 -0.45522249 -0.83673413  1.13896105  1.76213741]
2020-07-26 18:48:43,722 - root - DEBUG - Updating hall of fame
2020-07-26 18:48:44,306 - root - INFO - Completed generation 34; 1.7s elapsed, 2.3s avg, 7.7e+01s total. Expected time remaining: 3.8e+02s
2020-07-26 18:48:44,360 - root - INFO - #34 MAX:accuracy.mean: 0.68
2020-07-26 18:48:44,403 - root - DEBUG - Sampled weight [ 0.50313705 -0.98418899  1.00688811 -0.11003622 -0.04534749]
2020-07-26 18:48:45,496 - root - DEBUG - Updating hall of fame
2020-07-26 18:48:46,261 - root - INFO - Completed generation 35; 1.9s elapsed, 2.3s avg, 7.9e+01s total. Expected time remaining: 3.7e+02s
2020-07-26 18:48:46,316 - root - INFO - #35 MAX:accuracy.mean: 0.66
2020-07-26 18:48:46,357 - root - DEBUG - Sampled weight [ 1.99791073 -1.23808398  1.3530111   1.69791719  1.64433338]
2020-07-26 18:48:47,460 - root - DEBUG - Updating hall of fame
2020-07-26 18:48:48,608 - root - INFO - Completed generation 36; 2.3s elapsed, 2.3s avg, 8.2e+01s total. Expected time remaining: 3.7e+02s
2020-07-26 18:48:48,662 - root - INFO - #36 MAX:accuracy.mean: 0.66
2020-07-26 18:48:48,706 - root - DEBUG - Sampled weight [ 1.99987287 -0.56241432  1.18027077 -0.01014697 -0.9185205 ]
2020-07-26 18:48:49,803 - root - DEBUG - Updating hall of fame
2020-07-26 18:48:50,570 - root - INFO - Completed generation 37; 1.9s elapsed, 2.3s avg, 8.3e+01s total. Expected time remaining: 3.7e+02s
2020-07-26 18:48:50,624 - root - INFO - #37 MAX:accuracy.mean: 0.66
2020-07-26 18:48:50,665 - root - DEBUG - Sampled weight [ 0.15344675 -0.64379489 -0.67356322 -1.53145358 -1.6200518 ]
2020-07-26 18:48:51,754 - root - DEBUG - Updating hall of fame
2020-07-26 18:48:52,708 - root - INFO - Completed generation 38; 2.1s elapsed, 2.3s avg, 8.6e+01s total. Expected time remaining: 3.6e+02s
2020-07-26 18:48:52,762 - root - INFO - #38 MAX:accuracy.mean: 0.75
2020-07-26 18:48:52,804 - root - DEBUG - Sampled weight [-0.65280024 -1.49097665 -0.49998419 -0.631029   -1.85937415]
2020-07-26 18:48:53,893 - root - DEBUG - Updating hall of fame
2020-07-26 18:48:54,645 - root - INFO - Completed generation 39; 1.9s elapsed, 2.2s avg, 8.7e+01s total. Expected time remaining: 3.6e+02s
2020-07-26 18:48:54,700 - root - INFO - #39 MAX:accuracy.mean: 0.76
2020-07-26 18:48:54,743 - root - DEBUG - Sampled weight [ 0.73176975 -0.16678561 -0.20094924  1.0790467   1.94358056]
2020-07-26 18:48:55,832 - root - DEBUG - Updating hall of fame
2020-07-26 18:48:56,969 - root - INFO - Completed generation 40; 2.3s elapsed, 2.2s avg, 9e+01s total. Expected time remaining: 3.6e+02s
2020-07-26 18:48:57,058 - root - INFO - #40 MAX:accuracy.mean: 0.66
2020-07-26 18:48:57,142 - root - DEBUG - Sampled weight [ 1.63689232 -1.11234816  0.49774253  0.42142158  1.26459619]
2020-07-26 18:48:58,249 - root - DEBUG - Updating hall of fame
2020-07-26 18:48:59,431 - root - INFO - Completed generation 41; 2.3s elapsed, 2.2s avg, 9.2e+01s total. Expected time remaining: 3.6e+02s
2020-07-26 18:48:59,485 - root - INFO - #41 MAX:accuracy.mean: 0.66
2020-07-26 18:48:59,528 - root - DEBUG - Sampled weight [ 0.71795745  0.27829466  1.10190595 -0.73990844 -1.68637801]
2020-07-26 18:49:00,621 - root - DEBUG - Updating hall of fame
2020-07-26 18:49:01,769 - root - INFO - Completed generation 42; 2.3s elapsed, 2.2s avg, 9.4e+01s total. Expected time remaining: 3.5e+02s
2020-07-26 18:49:01,824 - root - INFO - #42 MAX:accuracy.mean: 0.66
2020-07-26 18:49:01,866 - root - DEBUG - Sampled weight [ 0.25238568 -1.24988202 -0.87051363  1.54768615 -1.90554371]
2020-07-26 18:49:02,991 - root - DEBUG - Updating hall of fame
2020-07-26 18:49:03,966 - root - INFO - Completed generation 43; 2.1s elapsed, 2.2s avg, 9.6e+01s total. Expected time remaining: 3.5e+02s
2020-07-26 18:49:04,021 - root - INFO - #43 MAX:accuracy.mean: 0.66
2020-07-26 18:49:04,064 - root - DEBUG - Sampled weight [-0.6173426  -0.06946116  0.16492801 -1.74715201  1.82074085]
2020-07-26 18:49:05,159 - root - DEBUG - Updating hall of fame
2020-07-26 18:49:05,936 - root - INFO - Completed generation 44; 1.9s elapsed, 2.2s avg, 9.8e+01s total. Expected time remaining: 3.5e+02s
2020-07-26 18:49:05,991 - root - INFO - #44 MAX:accuracy.mean: 0.66
2020-07-26 18:49:06,032 - root - DEBUG - Sampled weight [ 0.70935192 -1.67692564 -0.03850976 -0.00209334  1.95893457]
2020-07-26 18:49:07,197 - root - DEBUG - Updating hall of fame
2020-07-26 18:49:07,996 - root - INFO - Completed generation 45; 2.0s elapsed, 2.2s avg, 1e+02s total. Expected time remaining: 3.5e+02s
2020-07-26 18:49:08,051 - root - INFO - #45 MAX:accuracy.mean: 0.67
2020-07-26 18:49:08,093 - root - DEBUG - Sampled weight [-1.17377562 -1.15989552 -0.80144978 -0.77208633  0.13134414]
2020-07-26 18:49:09,187 - root - DEBUG - Updating hall of fame
2020-07-26 18:49:09,974 - root - INFO - Completed generation 46; 1.9s elapsed, 2.2s avg, 1e+02s total. Expected time remaining: 3.4e+02s
2020-07-26 18:49:10,028 - root - INFO - #46 MAX:accuracy.mean: 0.74
2020-07-26 18:49:10,070 - root - DEBUG - Sampled weight [ 0.13549662 -1.95775304  0.38903672  0.00815489 -0.13556078]
2020-07-26 18:49:11,155 - root - DEBUG - Updating hall of fame
2020-07-26 18:49:12,295 - root - INFO - Completed generation 47; 2.3s elapsed, 2.2s avg, 1e+02s total. Expected time remaining: 3.4e+02s
2020-07-26 18:49:12,350 - root - INFO - #47 MAX:accuracy.mean: 0.66
2020-07-26 18:49:12,391 - root - DEBUG - Sampled weight [-0.02217717 -0.60208601 -1.34116016  1.24617706 -1.99979058]
2020-07-26 18:49:13,480 - root - DEBUG - Updating hall of fame
2020-07-26 18:49:14,053 - root - INFO - Completed generation 48; 1.7s elapsed, 2.2s avg, 1.1e+02s total. Expected time remaining: 3.4e+02s
2020-07-26 18:49:14,107 - root - INFO - #48 MAX:accuracy.mean: 0.75
2020-07-26 18:49:14,150 - root - DEBUG - Sampled weight [-0.29059981  1.01584187 -1.78294884 -0.48016516 -0.295443  ]
2020-07-26 18:49:15,234 - root - DEBUG - Updating hall of fame
2020-07-26 18:49:16,176 - root - INFO - Completed generation 49; 2.1s elapsed, 2.2s avg, 1.1e+02s total. Expected time remaining: 3.3e+02s
2020-07-26 18:49:16,232 - root - INFO - #49 MAX:accuracy.mean: 0.69
2020-07-26 18:49:16,274 - root - DEBUG - Sampled weight [-0.88509154  1.62282335  0.95761951 -1.58791567 -1.54372347]
2020-07-26 18:49:17,366 - root - DEBUG - Updating hall of fame
2020-07-26 18:49:18,146 - root - INFO - Completed generation 50; 1.9s elapsed, 2.2s avg, 1.1e+02s total. Expected time remaining: 3.3e+02s
2020-07-26 18:49:18,200 - root - INFO - #50 MAX:accuracy.mean: 0.79
2020-07-26 18:49:18,291 - root - DEBUG - Sampled weight [ 0.43881896  1.27813378  1.12483954 -0.37092258 -1.03028485]
2020-07-26 18:49:19,387 - root - DEBUG - Updating hall of fame
2020-07-26 18:49:20,144 - root - INFO - Completed generation 51; 1.9s elapsed, 2.2s avg, 1.1e+02s total. Expected time remaining: 3.3e+02s
2020-07-26 18:49:20,198 - root - INFO - #51 MAX:accuracy.mean: 0.72
2020-07-26 18:49:20,240 - root - DEBUG - Sampled weight [-1.717876    1.19810835  0.72463541 -0.19668739 -1.75487846]
2020-07-26 18:49:21,335 - root - DEBUG - Updating hall of fame
2020-07-26 18:49:22,117 - root - INFO - Completed generation 52; 1.9s elapsed, 2.2s avg, 1.1e+02s total. Expected time remaining: 3.2e+02s
2020-07-26 18:49:22,172 - root - INFO - #52 MAX:accuracy.mean: 0.69
2020-07-26 18:49:22,213 - root - DEBUG - Sampled weight [-1.11822497 -1.15113932  0.76823291 -0.94188618 -0.66610654]
2020-07-26 18:49:23,314 - root - DEBUG - Updating hall of fame
2020-07-26 18:49:23,713 - root - INFO - Completed generation 53; 1.5s elapsed, 2.2s avg, 1.2e+02s total. Expected time remaining: 3.2e+02s
2020-07-26 18:49:23,767 - root - INFO - #53 MAX:accuracy.mean: 0.82
2020-07-26 18:49:23,810 - root - DEBUG - Sampled weight [-0.42330702  0.61652026 -0.49925135  1.56494522  0.94249536]
2020-07-26 18:49:24,909 - root - DEBUG - Updating hall of fame
2020-07-26 18:49:26,055 - root - INFO - Completed generation 54; 2.3s elapsed, 2.2s avg, 1.2e+02s total. Expected time remaining: 3.2e+02s
2020-07-26 18:49:26,111 - root - INFO - #54 MAX:accuracy.mean: 0.7
2020-07-26 18:49:26,153 - root - DEBUG - Sampled weight [ 1.17135469  1.18330426 -1.50804582 -1.41970045  0.88704189]
2020-07-26 18:49:27,249 - root - DEBUG - Updating hall of fame
2020-07-26 18:49:28,585 - root - INFO - Completed generation 55; 2.5s elapsed, 2.2s avg, 1.2e+02s total. Expected time remaining: 3.2e+02s
2020-07-26 18:49:28,639 - root - INFO - #55 MAX:accuracy.mean: 0.68
2020-07-26 18:49:28,682 - root - DEBUG - Sampled weight [-1.16252318  1.41830791  1.40999552  1.60531787 -1.06655684]
2020-07-26 18:49:29,777 - root - DEBUG - Updating hall of fame
2020-07-26 18:49:30,361 - root - INFO - Completed generation 56; 1.7s elapsed, 2.2s avg, 1.2e+02s total. Expected time remaining: 3.1e+02s
2020-07-26 18:49:30,415 - root - INFO - #56 MAX:accuracy.mean: 0.76
2020-07-26 18:49:30,457 - root - DEBUG - Sampled weight [-1.59406279  1.79676138 -0.3294423  -0.01335144 -0.28397031]
2020-07-26 18:49:31,550 - root - DEBUG - Updating hall of fame
2020-07-26 18:49:32,701 - root - INFO - Completed generation 57; 2.3s elapsed, 2.2s avg, 1.2e+02s total. Expected time remaining: 3.1e+02s
2020-07-26 18:49:32,756 - root - INFO - #57 MAX:accuracy.mean: 0.66
2020-07-26 18:49:32,799 - root - DEBUG - Sampled weight [-0.59216865  1.15189148 -0.68283714  0.47448169  1.21632785]
2020-07-26 18:49:33,901 - root - DEBUG - Updating hall of fame
2020-07-26 18:49:34,481 - root - INFO - Completed generation 58; 1.7s elapsed, 2.2s avg, 1.3e+02s total. Expected time remaining: 3.1e+02s
2020-07-26 18:49:34,535 - root - INFO - #58 MAX:accuracy.mean: 0.77
2020-07-26 18:49:34,577 - root - DEBUG - Sampled weight [-1.29788624 -1.86721475  1.46419472  0.91755246  0.87787241]
2020-07-26 18:49:35,686 - root - DEBUG - Updating hall of fame
2020-07-26 18:49:36,641 - root - INFO - Completed generation 59; 2.1s elapsed, 2.2s avg, 1.3e+02s total. Expected time remaining: 3.1e+02s
2020-07-26 18:49:36,696 - root - INFO - #59 MAX:accuracy.mean: 0.78
2020-07-26 18:49:36,738 - root - DEBUG - Sampled weight [-1.96200752 -1.21541564 -1.29393762 -0.36790953 -1.79716502]
2020-07-26 18:49:37,835 - root - DEBUG - Updating hall of fame
2020-07-26 18:49:38,593 - root - INFO - Completed generation 60; 1.9s elapsed, 2.2s avg, 1.3e+02s total. Expected time remaining: 3e+02s
2020-07-26 18:49:38,647 - root - INFO - #60 MAX:accuracy.mean: 0.83
2020-07-26 18:49:38,753 - root - DEBUG - Sampled weight [ 1.97887478 -1.5306722  -0.40861759 -1.41380715  1.24452652]
2020-07-26 18:49:39,848 - root - DEBUG - Updating hall of fame
2020-07-26 18:49:40,969 - root - INFO - Completed generation 61; 2.3s elapsed, 2.2s avg, 1.3e+02s total. Expected time remaining: 3e+02s
2020-07-26 18:49:41,023 - root - INFO - #61 MAX:accuracy.mean: 0.67
2020-07-26 18:49:41,066 - root - DEBUG - Sampled weight [-1.4168484   0.41570071 -0.32026395  0.37320187 -1.17552508]
2020-07-26 18:49:42,163 - root - DEBUG - Updating hall of fame
2020-07-26 18:49:42,163 - root - INFO - Completed generation 62; 1.1s elapsed, 2.2s avg, 1.3e+02s total. Expected time remaining: 3e+02s
2020-07-26 18:49:42,217 - root - INFO - #62 MAX:accuracy.mean: 0.76
2020-07-26 18:49:42,260 - root - DEBUG - Sampled weight [ 1.54647909  1.49411306 -1.9003973   0.73723218  1.47367252]
2020-07-26 18:49:43,361 - root - DEBUG - Updating hall of fame
2020-07-26 18:49:43,738 - root - INFO - Completed generation 63; 1.5s elapsed, 2.1s avg, 1.3e+02s total. Expected time remaining: 2.9e+02s
2020-07-26 18:49:43,792 - root - INFO - #63 MAX:accuracy.mean: 0.7
2020-07-26 18:49:43,834 - root - DEBUG - Sampled weight [ 0.33239677  1.34763627  1.19482685 -0.93766944 -1.20520333]
2020-07-26 18:49:44,930 - root - DEBUG - Updating hall of fame
2020-07-26 18:49:45,124 - root - INFO - Completed generation 64; 1.3s elapsed, 2.1s avg, 1.4e+02s total. Expected time remaining: 2.9e+02s
2020-07-26 18:49:45,178 - root - INFO - #64 MAX:accuracy.mean: 0.74
2020-07-26 18:49:45,220 - root - DEBUG - Sampled weight [-1.31819857 -1.65970167 -1.8510922   1.82538306  1.01626112]
2020-07-26 18:49:46,323 - root - DEBUG - Updating hall of fame
2020-07-26 18:49:47,272 - root - INFO - Completed generation 65; 2.1s elapsed, 2.1s avg, 1.4e+02s total. Expected time remaining: 2.9e+02s
2020-07-26 18:49:47,326 - root - INFO - #65 MAX:accuracy.mean: 0.83
2020-07-26 18:49:47,368 - root - DEBUG - Sampled weight [ 1.24292674 -0.81946246 -0.83012057 -0.67094943 -0.54020467]
2020-07-26 18:49:48,469 - root - DEBUG - Updating hall of fame
2020-07-26 18:49:49,421 - root - INFO - Completed generation 66; 2.1s elapsed, 2.1s avg, 1.4e+02s total. Expected time remaining: 2.9e+02s
2020-07-26 18:49:49,475 - root - INFO - #66 MAX:accuracy.mean: 0.85
2020-07-26 18:49:49,518 - root - DEBUG - Sampled weight [ 0.79653042 -0.30571493 -0.55835491  0.63908647  0.11529506]
2020-07-26 18:49:50,614 - root - DEBUG - Updating hall of fame
2020-07-26 18:49:51,769 - root - INFO - Completed generation 67; 2.3s elapsed, 2.1s avg, 1.4e+02s total. Expected time remaining: 2.8e+02s
2020-07-26 18:49:51,825 - root - INFO - #67 MAX:accuracy.mean: 0.72
2020-07-26 18:49:51,866 - root - DEBUG - Sampled weight [ 1.59224159  1.4598325   1.72225074  1.86128034 -0.27326355]
2020-07-26 18:49:52,963 - root - DEBUG - Updating hall of fame
2020-07-26 18:49:53,344 - root - INFO - Completed generation 68; 1.5s elapsed, 2.1s avg, 1.4e+02s total. Expected time remaining: 2.8e+02s
2020-07-26 18:49:53,398 - root - INFO - #68 MAX:accuracy.mean: 0.65
2020-07-26 18:49:53,441 - root - DEBUG - Sampled weight [-1.5641064  -1.22533631  0.47870451 -0.03530469 -0.91585361]
2020-07-26 18:49:54,532 - root - DEBUG - Updating hall of fame
2020-07-26 18:49:54,533 - root - INFO - Completed generation 69; 1.1s elapsed, 2.1s avg, 1.5e+02s total. Expected time remaining: 2.8e+02s
2020-07-26 18:49:54,587 - root - INFO - #69 MAX:accuracy.mean: 0.75
2020-07-26 18:49:54,630 - root - DEBUG - Sampled weight [-0.74698098  0.24009774  1.4420887  -1.63410666 -0.62787651]
2020-07-26 18:49:55,733 - root - DEBUG - Updating hall of fame
2020-07-26 18:49:57,246 - root - INFO - Completed generation 70; 2.7s elapsed, 2.1s avg, 1.5e+02s total. Expected time remaining: 2.8e+02s
2020-07-26 18:49:57,302 - root - INFO - #70 MAX:accuracy.mean: 0.7
2020-07-26 18:49:57,409 - root - DEBUG - Sampled weight [-0.7512664  -1.02497037 -0.65662121 -0.22531763  0.22421717]
2020-07-26 18:49:58,508 - root - DEBUG - Updating hall of fame
2020-07-26 18:49:58,508 - root - INFO - Completed generation 71; 1.1s elapsed, 2.1s avg, 1.5e+02s total. Expected time remaining: 2.7e+02s
2020-07-26 18:49:58,563 - root - INFO - #71 MAX:accuracy.mean: 0.67
2020-07-26 18:49:58,605 - root - DEBUG - Sampled weight [-1.79508158  1.90533639 -0.36383791  0.15534143  0.64992996]
2020-07-26 18:49:59,704 - root - DEBUG - Updating hall of fame
2020-07-26 18:50:00,081 - root - INFO - Completed generation 72; 1.5s elapsed, 2.1s avg, 1.5e+02s total. Expected time remaining: 2.7e+02s
2020-07-26 18:50:00,135 - root - INFO - #72 MAX:accuracy.mean: 0.68
2020-07-26 18:50:00,177 - root - DEBUG - Sampled weight [-1.00731223 -0.20867099 -1.5190095   0.85385291  1.74416744]
2020-07-26 18:50:01,278 - root - DEBUG - Updating hall of fame
2020-07-26 18:50:01,278 - root - INFO - Completed generation 73; 1.1s elapsed, 2.1s avg, 1.5e+02s total. Expected time remaining: 2.6e+02s
2020-07-26 18:50:01,333 - root - INFO - #73 MAX:accuracy.mean: 0.67
2020-07-26 18:50:01,376 - root - DEBUG - Sampled weight [ 0.2683092   1.08893042  0.33600411 -1.04310789 -0.59493569]
2020-07-26 18:50:02,490 - root - DEBUG - Updating hall of fame
2020-07-26 18:50:03,064 - root - INFO - Completed generation 74; 1.7s elapsed, 2.1s avg, 1.5e+02s total. Expected time remaining: 2.6e+02s
2020-07-26 18:50:03,119 - root - INFO - #74 MAX:accuracy.mean: 0.67
2020-07-26 18:50:03,161 - root - DEBUG - Sampled weight [ 0.94465704 -1.78609306  0.14489577 -1.27807813  0.04441342]
2020-07-26 18:50:04,262 - root - DEBUG - Updating hall of fame
2020-07-26 18:50:04,452 - root - INFO - Completed generation 75; 1.3s elapsed, 2.1s avg, 1.5e+02s total. Expected time remaining: 2.6e+02s
2020-07-26 18:50:04,506 - root - INFO - #75 MAX:accuracy.mean: 0.74
2020-07-26 18:50:04,547 - root - DEBUG - Sampled weight [ 0.07446794  0.55439231  1.75319464 -1.11789328 -1.19988381]
2020-07-26 18:50:05,645 - root - DEBUG - Updating hall of fame
2020-07-26 18:50:06,028 - root - INFO - Completed generation 76; 1.5s elapsed, 2.1s avg, 1.6e+02s total. Expected time remaining: 2.6e+02s
2020-07-26 18:50:06,082 - root - INFO - #76 MAX:accuracy.mean: 0.67
2020-07-26 18:50:06,126 - root - DEBUG - Sampled weight [ 0.48797708  0.2132083  -0.41237115  0.97190459  0.72391868]
2020-07-26 18:50:07,236 - root - DEBUG - Updating hall of fame
2020-07-26 18:50:08,013 - root - INFO - Completed generation 77; 1.9s elapsed, 2.1s avg, 1.6e+02s total. Expected time remaining: 2.5e+02s
2020-07-26 18:50:08,068 - root - INFO - #77 MAX:accuracy.mean: 0.67
2020-07-26 18:50:08,110 - root - DEBUG - Sampled weight [ 1.27863331  1.23261387 -1.16900199 -0.68398125 -1.0095112 ]
2020-07-26 18:50:09,203 - root - DEBUG - Updating hall of fame
2020-07-26 18:50:09,955 - root - INFO - Completed generation 78; 1.9s elapsed, 2.1s avg, 1.6e+02s total. Expected time remaining: 2.5e+02s
2020-07-26 18:50:10,010 - root - INFO - #78 MAX:accuracy.mean: 0.78
2020-07-26 18:50:10,054 - root - DEBUG - Sampled weight [-0.21999149  0.20547108 -1.58767981  1.07606417  0.94409377]
2020-07-26 18:50:11,156 - root - DEBUG - Updating hall of fame
2020-07-26 18:50:11,913 - root - INFO - Completed generation 79; 1.9s elapsed, 2.1s avg, 1.6e+02s total. Expected time remaining: 2.5e+02s
2020-07-26 18:50:11,968 - root - INFO - #79 MAX:accuracy.mean: 0.69
2020-07-26 18:50:12,011 - root - DEBUG - Sampled weight [ 1.34779103  0.72612801 -0.45770286 -1.34768034 -0.62595317]
2020-07-26 18:50:13,120 - root - DEBUG - Updating hall of fame
2020-07-26 18:50:13,120 - root - INFO - Completed generation 80; 1.2s elapsed, 2.0s avg, 1.6e+02s total. Expected time remaining: 2.5e+02s
2020-07-26 18:50:13,175 - root - INFO - #80 MAX:accuracy.mean: 0.73
2020-07-26 18:50:13,290 - root - DEBUG - Sampled weight [ 1.61035899  1.26402777  0.16802453  1.45584864 -0.52645639]
2020-07-26 18:50:14,396 - root - DEBUG - Updating hall of fame
2020-07-26 18:50:15,523 - root - INFO - Completed generation 81; 2.3s elapsed, 2.0s avg, 1.7e+02s total. Expected time remaining: 2.4e+02s
2020-07-26 18:50:15,577 - root - INFO - #81 MAX:accuracy.mean: 0.67
2020-07-26 18:50:15,620 - root - DEBUG - Sampled weight [ 1.5618164   1.77091948 -0.01315687 -0.11808319  0.59287038]
2020-07-26 18:50:16,724 - root - DEBUG - Updating hall of fame
2020-07-26 18:50:16,920 - root - INFO - Completed generation 82; 1.3s elapsed, 2.0s avg, 1.7e+02s total. Expected time remaining: 2.4e+02s
2020-07-26 18:50:16,975 - root - INFO - #82 MAX:accuracy.mean: 0.66
2020-07-26 18:50:17,018 - root - DEBUG - Sampled weight [-0.95237648 -1.16892747 -0.71017241 -1.93744648  1.87983251]
2020-07-26 18:50:18,124 - root - DEBUG - Updating hall of fame
2020-07-26 18:50:18,125 - root - INFO - Completed generation 83; 1.1s elapsed, 2.0s avg, 1.7e+02s total. Expected time remaining: 2.4e+02s
2020-07-26 18:50:18,179 - root - INFO - #83 MAX:accuracy.mean: 0.79
2020-07-26 18:50:18,222 - root - DEBUG - Sampled weight [ 0.16105044  1.4822195  -0.06313476  0.59858589  0.76103007]
2020-07-26 18:50:19,329 - root - DEBUG - Updating hall of fame
2020-07-26 18:50:20,471 - root - INFO - Completed generation 84; 2.3s elapsed, 2.0s avg, 1.7e+02s total. Expected time remaining: 2.4e+02s
2020-07-26 18:50:20,525 - root - INFO - #84 MAX:accuracy.mean: 0.66
2020-07-26 18:50:20,568 - root - DEBUG - Sampled weight [ 0.07374857  1.3832222   0.85361827 -1.3554356   0.47910299]
2020-07-26 18:50:21,659 - root - DEBUG - Updating hall of fame
2020-07-26 18:50:21,852 - root - INFO - Completed generation 85; 1.3s elapsed, 2.0s avg, 1.7e+02s total. Expected time remaining: 2.3e+02s
2020-07-26 18:50:21,906 - root - INFO - #85 MAX:accuracy.mean: 0.66
2020-07-26 18:50:21,949 - root - DEBUG - Sampled weight [0.81979676 0.56497961 1.64766545 0.0556914  0.45500724]
2020-07-26 18:50:23,062 - root - DEBUG - Updating hall of fame
2020-07-26 18:50:23,825 - root - INFO - Completed generation 86; 1.9s elapsed, 2.0s avg, 1.7e+02s total. Expected time remaining: 2.3e+02s
2020-07-26 18:50:23,880 - root - INFO - #86 MAX:accuracy.mean: 0.66
2020-07-26 18:50:23,923 - root - DEBUG - Sampled weight [-1.02847527  0.70023135  1.91302943 -1.30346858 -0.80822452]
2020-07-26 18:50:25,025 - root - DEBUG - Updating hall of fame
2020-07-26 18:50:25,976 - root - INFO - Completed generation 87; 2.1s elapsed, 2.0s avg, 1.8e+02s total. Expected time remaining: 2.3e+02s
2020-07-26 18:50:26,030 - root - INFO - #87 MAX:accuracy.mean: 0.71
2020-07-26 18:50:26,072 - root - DEBUG - Sampled weight [ 1.41881478  0.63642339 -1.66565264 -0.20763681  0.87370872]
2020-07-26 18:50:27,172 - root - DEBUG - Updating hall of fame
2020-07-26 18:50:27,926 - root - INFO - Completed generation 88; 1.9s elapsed, 2.0s avg, 1.8e+02s total. Expected time remaining: 2.3e+02s
2020-07-26 18:50:27,981 - root - INFO - #88 MAX:accuracy.mean: 0.66
2020-07-26 18:50:28,024 - root - DEBUG - Sampled weight [-1.13227483  0.96321414  1.99995202  1.46612392 -0.11680342]
2020-07-26 18:50:29,131 - root - DEBUG - Updating hall of fame
2020-07-26 18:50:29,325 - root - INFO - Completed generation 89; 1.3s elapsed, 2.0s avg, 1.8e+02s total. Expected time remaining: 2.2e+02s
2020-07-26 18:50:29,380 - root - INFO - #89 MAX:accuracy.mean: 0.66
2020-07-26 18:50:29,422 - root - DEBUG - Sampled weight [ 0.09045066  0.59789123  1.99826806  1.06067361 -0.6408238 ]
2020-07-26 18:50:30,517 - root - DEBUG - Updating hall of fame
2020-07-26 18:50:30,706 - root - INFO - Completed generation 90; 1.3s elapsed, 2.0s avg, 1.8e+02s total. Expected time remaining: 2.2e+02s
2020-07-26 18:50:30,760 - root - INFO - #90 MAX:accuracy.mean: 0.66
2020-07-26 18:50:30,869 - root - DEBUG - Sampled weight [ 1.02890417  1.13257468  1.85298983 -0.35172433  0.96782653]
2020-07-26 18:50:31,975 - root - DEBUG - Updating hall of fame
2020-07-26 18:50:32,538 - root - INFO - Completed generation 91; 1.7s elapsed, 2.0s avg, 1.8e+02s total. Expected time remaining: 2.2e+02s
2020-07-26 18:50:32,593 - root - INFO - #91 MAX:accuracy.mean: 0.73
2020-07-26 18:50:32,636 - root - DEBUG - Sampled weight [ 0.20848693 -0.72780439  0.65325271  1.9886272  -0.47300609]
2020-07-26 18:50:33,747 - root - DEBUG - Updating hall of fame
2020-07-26 18:50:34,129 - root - INFO - Completed generation 92; 1.5s elapsed, 2.0s avg, 1.8e+02s total. Expected time remaining: 2.2e+02s
2020-07-26 18:50:34,183 - root - INFO - #92 MAX:accuracy.mean: 0.67
2020-07-26 18:50:34,226 - root - DEBUG - Sampled weight [ 1.07311481 -1.86083851  1.85424955  1.34139669 -0.08602235]
2020-07-26 18:50:35,334 - root - DEBUG - Updating hall of fame
2020-07-26 18:50:35,906 - root - INFO - Completed generation 93; 1.7s elapsed, 2.0s avg, 1.9e+02s total. Expected time remaining: 2.1e+02s
2020-07-26 18:50:35,960 - root - INFO - #93 MAX:accuracy.mean: 0.72
2020-07-26 18:50:36,003 - root - DEBUG - Sampled weight [-1.90620801  1.37509658  1.05225876 -1.58779052  0.0024939 ]
2020-07-26 18:50:37,115 - root - DEBUG - Updating hall of fame
2020-07-26 18:50:37,691 - root - INFO - Completed generation 94; 1.7s elapsed, 2.0s avg, 1.9e+02s total. Expected time remaining: 2.1e+02s
2020-07-26 18:50:37,746 - root - INFO - #94 MAX:accuracy.mean: 0.73
2020-07-26 18:50:37,789 - root - DEBUG - Sampled weight [-0.80353172  1.54147042  1.95468602 -0.96514166  0.75408323]
2020-07-26 18:50:38,896 - root - DEBUG - Updating hall of fame
2020-07-26 18:50:39,668 - root - INFO - Completed generation 95; 1.9s elapsed, 2.0s avg, 1.9e+02s total. Expected time remaining: 2.1e+02s
2020-07-26 18:50:39,724 - root - INFO - #95 MAX:accuracy.mean: 0.74
2020-07-26 18:50:39,765 - root - DEBUG - Sampled weight [ 1.07746315  0.00758901  0.05588843  0.57581985 -0.90581567]
2020-07-26 18:50:40,874 - root - DEBUG - Updating hall of fame
2020-07-26 18:50:41,836 - root - INFO - Completed generation 96; 2.1s elapsed, 2.0s avg, 1.9e+02s total. Expected time remaining: 2.1e+02s
2020-07-26 18:50:41,890 - root - INFO - #96 MAX:accuracy.mean: 0.69
2020-07-26 18:50:41,933 - root - DEBUG - Sampled weight [-1.24637911 -0.02072934 -0.76998862  0.70471488 -1.13475937]
2020-07-26 18:50:43,046 - root - DEBUG - Updating hall of fame
2020-07-26 18:50:43,626 - root - INFO - Completed generation 97; 1.7s elapsed, 2.0s avg, 1.9e+02s total. Expected time remaining: 2e+02s
2020-07-26 18:50:43,680 - root - INFO - #97 MAX:accuracy.mean: 0.68
2020-07-26 18:50:43,722 - root - DEBUG - Sampled weight [-0.43328816  0.8711027  -0.7056297   0.70324604  1.10619379]
2020-07-26 18:50:44,834 - root - DEBUG - Updating hall of fame
2020-07-26 18:50:45,207 - root - INFO - Completed generation 98; 1.5s elapsed, 2.0s avg, 1.9e+02s total. Expected time remaining: 2e+02s
2020-07-26 18:50:45,261 - root - INFO - #98 MAX:accuracy.mean: 0.73
2020-07-26 18:50:45,303 - root - DEBUG - Sampled weight [-1.2446971  -1.74000773 -1.85739775  0.81082114 -1.54923965]
2020-07-26 18:50:46,417 - root - DEBUG - Updating hall of fame
2020-07-26 18:50:47,363 - root - INFO - Completed generation 99; 2.1s elapsed, 2.0s avg, 2e+02s total. Expected time remaining: 2e+02s
2020-07-26 18:50:47,418 - root - INFO - #99 MAX:accuracy.mean: 0.81
2020-07-26 18:50:47,461 - root - DEBUG - Sampled weight [-0.89517284 -1.40839668 -1.64632389  0.08190066 -1.66029745]
2020-07-26 18:50:48,579 - root - DEBUG - Updating hall of fame
2020-07-26 18:50:49,345 - root - INFO - Completed generation 100; 1.9s elapsed, 2.0s avg, 2e+02s total. Expected time remaining: 2e+02s
2020-07-26 18:50:49,400 - root - INFO - #100 MAX:accuracy.mean: 0.76
2020-07-26 18:50:49,523 - root - DEBUG - Sampled weight [ 1.09575188  1.9213466  -1.00257111 -1.30249367  1.76775401]
2020-07-26 18:50:50,638 - root - DEBUG - Updating hall of fame
2020-07-26 18:50:51,045 - root - INFO - Completed generation 101; 1.6s elapsed, 2.0s avg, 2e+02s total. Expected time remaining: 2e+02s
2020-07-26 18:50:51,100 - root - INFO - #101 MAX:accuracy.mean: 0.83
2020-07-26 18:50:51,144 - root - DEBUG - Sampled weight [-1.69459026 -0.54265899 -1.09910116  1.34956833  0.09452702]
2020-07-26 18:50:52,262 - root - DEBUG - Updating hall of fame
2020-07-26 18:50:53,445 - root - INFO - Completed generation 102; 2.3s elapsed, 2.0s avg, 2e+02s total. Expected time remaining: 1.9e+02s
2020-07-26 18:50:53,501 - root - INFO - #102 MAX:accuracy.mean: 0.75
2020-07-26 18:50:53,544 - root - DEBUG - Sampled weight [ 1.09711661 -0.12865562 -0.0942589   0.8772753   0.12433516]
2020-07-26 18:50:54,659 - root - DEBUG - Updating hall of fame
2020-07-26 18:50:55,645 - root - INFO - Completed generation 103; 2.1s elapsed, 2.0s avg, 2e+02s total. Expected time remaining: 1.9e+02s
2020-07-26 18:50:55,699 - root - INFO - #103 MAX:accuracy.mean: 0.73
2020-07-26 18:50:55,742 - root - DEBUG - Sampled weight [-0.85228468  1.70782929  1.12122959  0.95832795 -1.49160319]
2020-07-26 18:50:56,864 - root - DEBUG - Updating hall of fame
2020-07-26 18:50:57,277 - root - INFO - Completed generation 104; 1.6s elapsed, 2.0s avg, 2.1e+02s total. Expected time remaining: 1.9e+02s
2020-07-26 18:50:57,331 - root - INFO - #104 MAX:accuracy.mean: 0.84
2020-07-26 18:50:57,374 - root - DEBUG - Sampled weight [-0.06699285  0.84239227  1.35195252 -1.52650843  1.20666239]
2020-07-26 18:50:58,495 - root - DEBUG - Updating hall of fame
2020-07-26 18:50:59,462 - root - INFO - Completed generation 105; 2.1s elapsed, 2.0s avg, 2.1e+02s total. Expected time remaining: 1.9e+02s
2020-07-26 18:50:59,517 - root - INFO - #105 MAX:accuracy.mean: 0.77
2020-07-26 18:50:59,560 - root - DEBUG - Sampled weight [ 0.77585256  0.03551872  1.05604511 -0.74334572 -0.92964208]
2020-07-26 18:51:00,704 - root - DEBUG - Updating hall of fame
2020-07-26 18:51:00,922 - root - INFO - Completed generation 106; 1.4s elapsed, 2.0s avg, 2.1e+02s total. Expected time remaining: 1.9e+02s
2020-07-26 18:51:00,984 - root - INFO - #106 MAX:accuracy.mean: 0.77
2020-07-26 18:51:01,031 - root - DEBUG - Sampled weight [-1.80544744 -1.91850675 -1.4147767   0.55871348 -0.27378258]
2020-07-26 18:51:02,214 - root - DEBUG - Updating hall of fame
2020-07-26 18:51:02,825 - root - INFO - Completed generation 107; 1.8s elapsed, 2.0s avg, 2.1e+02s total. Expected time remaining: 1.8e+02s
2020-07-26 18:51:02,886 - root - INFO - #107 MAX:accuracy.mean: 0.77
2020-07-26 18:51:02,931 - root - DEBUG - Sampled weight [ 1.4621084   1.99329405  0.29981915 -1.61441371  0.67029334]
2020-07-26 18:51:04,270 - root - DEBUG - Updating hall of fame
2020-07-26 18:51:05,382 - root - INFO - Completed generation 108; 2.5s elapsed, 2.0s avg, 2.1e+02s total. Expected time remaining: 1.8e+02s
2020-07-26 18:51:05,444 - root - INFO - #108 MAX:accuracy.mean: 0.82
2020-07-26 18:51:05,491 - root - DEBUG - Sampled weight [ 0.77796685  0.49942473  1.5204393  -0.16590875 -1.87377098]
2020-07-26 18:51:06,806 - root - DEBUG - Updating hall of fame
2020-07-26 18:51:07,528 - root - INFO - Completed generation 109; 2.1s elapsed, 2.0s avg, 2.2e+02s total. Expected time remaining: 1.8e+02s
2020-07-26 18:51:07,599 - root - INFO - #109 MAX:accuracy.mean: 0.76
2020-07-26 18:51:07,651 - root - DEBUG - Sampled weight [-0.90717798 -0.59397903  1.14730862  1.39406299  0.15191202]
2020-07-26 18:51:08,783 - root - DEBUG - Updating hall of fame
2020-07-26 18:51:09,919 - root - INFO - Completed generation 110; 2.3s elapsed, 2.0s avg, 2.2e+02s total. Expected time remaining: 1.8e+02s
2020-07-26 18:51:09,981 - root - INFO - #110 MAX:accuracy.mean: 0.76
2020-07-26 18:51:10,100 - root - DEBUG - Sampled weight [ 1.40291138 -1.930082   -0.49678937  1.21258186  1.18830791]
2020-07-26 18:51:11,192 - root - DEBUG - Updating hall of fame
2020-07-26 18:51:12,330 - root - INFO - Completed generation 111; 2.3s elapsed, 2.0s avg, 2.2e+02s total. Expected time remaining: 1.8e+02s
2020-07-26 18:51:12,383 - root - INFO - #111 MAX:accuracy.mean: 0.88
2020-07-26 18:51:12,425 - root - DEBUG - Sampled weight [ 0.54947053 -0.33156276  1.36806944 -0.49180799  0.44883736]
2020-07-26 18:51:13,520 - root - DEBUG - Updating hall of fame
2020-07-26 18:51:14,468 - root - INFO - Completed generation 112; 2.1s elapsed, 2.0s avg, 2.2e+02s total. Expected time remaining: 1.7e+02s
2020-07-26 18:51:14,521 - root - INFO - #112 MAX:accuracy.mean: 0.78
2020-07-26 18:51:14,564 - root - DEBUG - Sampled weight [ 1.877218    1.54051059 -1.46445599  0.27681068 -1.87556798]
2020-07-26 18:51:15,655 - root - DEBUG - Updating hall of fame
2020-07-26 18:51:16,813 - root - INFO - Completed generation 113; 2.3s elapsed, 2.0s avg, 2.2e+02s total. Expected time remaining: 1.7e+02s
2020-07-26 18:51:16,866 - root - INFO - #113 MAX:accuracy.mean: 0.81
2020-07-26 18:51:16,909 - root - DEBUG - Sampled weight [-0.94060774 -1.92367753 -0.87145158 -0.56427997 -1.78160501]
2020-07-26 18:51:18,011 - root - DEBUG - Updating hall of fame
2020-07-26 18:51:18,973 - root - INFO - Completed generation 114; 2.1s elapsed, 2.0s avg, 2.3e+02s total. Expected time remaining: 1.7e+02s
2020-07-26 18:51:19,028 - root - INFO - #114 MAX:accuracy.mean: 0.78
2020-07-26 18:51:19,070 - root - DEBUG - Sampled weight [-1.42233812  1.46378667  0.07363445 -1.9860741   1.00876216]
2020-07-26 18:51:20,161 - root - DEBUG - Updating hall of fame
2020-07-26 18:51:21,298 - root - INFO - Completed generation 115; 2.3s elapsed, 2.0s avg, 2.3e+02s total. Expected time remaining: 1.7e+02s
2020-07-26 18:51:21,352 - root - INFO - #115 MAX:accuracy.mean: 0.84
2020-07-26 18:51:21,394 - root - DEBUG - Sampled weight [ 0.27312064  1.56847621 -1.50412151 -1.77514323  1.82526497]
2020-07-26 18:51:22,494 - root - DEBUG - Updating hall of fame
2020-07-26 18:51:23,095 - root - INFO - Completed generation 116; 1.7s elapsed, 2.0s avg, 2.3e+02s total. Expected time remaining: 1.7e+02s
2020-07-26 18:51:23,149 - root - INFO - #116 MAX:accuracy.mean: 0.81
2020-07-26 18:51:23,190 - root - DEBUG - Sampled weight [ 0.355886    1.77296776  1.21982062  1.6740156  -1.13686652]
2020-07-26 18:51:24,290 - root - DEBUG - Updating hall of fame
2020-07-26 18:51:25,063 - root - INFO - Completed generation 117; 1.9s elapsed, 2.0s avg, 2.3e+02s total. Expected time remaining: 1.7e+02s
2020-07-26 18:51:25,116 - root - INFO - #117 MAX:accuracy.mean: 0.85
2020-07-26 18:51:25,158 - root - DEBUG - Sampled weight [ 0.30910712  0.88103963 -1.02267604  1.64016873 -1.68379103]
2020-07-26 18:51:26,257 - root - DEBUG - Updating hall of fame
2020-07-26 18:51:26,845 - root - INFO - Completed generation 118; 1.7s elapsed, 2.0s avg, 2.3e+02s total. Expected time remaining: 1.6e+02s
2020-07-26 18:51:26,898 - root - INFO - #118 MAX:accuracy.mean: 0.82
2020-07-26 18:51:26,940 - root - DEBUG - Sampled weight [-1.05587748 -0.90373567  1.72748769 -1.62629936  1.07519956]
2020-07-26 18:51:28,041 - root - DEBUG - Updating hall of fame
2020-07-26 18:51:28,992 - root - INFO - Completed generation 119; 2.1s elapsed, 2.0s avg, 2.4e+02s total. Expected time remaining: 1.6e+02s
2020-07-26 18:51:29,047 - root - INFO - #119 MAX:accuracy.mean: 0.84
2020-07-26 18:51:29,089 - root - DEBUG - Sampled weight [ 1.66182965  1.12802684 -0.56669774  1.19051049  1.22213932]
2020-07-26 18:51:30,182 - root - DEBUG - Updating hall of fame
2020-07-26 18:51:30,940 - root - INFO - Completed generation 120; 1.9s elapsed, 2.0s avg, 2.4e+02s total. Expected time remaining: 1.6e+02s
2020-07-26 18:51:30,993 - root - INFO - #120 MAX:accuracy.mean: 0.9
2020-07-26 18:51:31,088 - root - DEBUG - Sampled weight [ 0.2961471  -1.52765753 -0.77794906  1.42644941  0.64666049]
2020-07-26 18:51:32,188 - root - DEBUG - Updating hall of fame
2020-07-26 18:51:32,957 - root - INFO - Completed generation 121; 1.9s elapsed, 2.0s avg, 2.4e+02s total. Expected time remaining: 1.6e+02s
2020-07-26 18:51:33,011 - root - INFO - #121 MAX:accuracy.mean: 0.86
2020-07-26 18:51:33,051 - root - DEBUG - Sampled weight [ 1.84890932 -1.25851312  1.59415109  0.45356645 -0.2573819 ]
2020-07-26 18:51:34,153 - root - DEBUG - Updating hall of fame
2020-07-26 18:51:34,924 - root - INFO - Completed generation 122; 1.9s elapsed, 2.0s avg, 2.4e+02s total. Expected time remaining: 1.6e+02s
2020-07-26 18:51:34,978 - root - INFO - #122 MAX:accuracy.mean: 0.82
2020-07-26 18:51:35,019 - root - DEBUG - Sampled weight [ 1.80203027 -1.22433907 -0.7698027  -1.87311931 -0.52193897]
2020-07-26 18:51:36,102 - root - DEBUG - Updating hall of fame
2020-07-26 18:51:36,871 - root - INFO - Completed generation 123; 1.9s elapsed, 2.0s avg, 2.4e+02s total. Expected time remaining: 1.5e+02s
2020-07-26 18:51:36,924 - root - INFO - #123 MAX:accuracy.mean: 0.86
2020-07-26 18:51:36,965 - root - DEBUG - Sampled weight [-1.04246529  1.06838511  0.23041143 -0.12337969  0.81924163]
2020-07-26 18:51:38,081 - root - DEBUG - Updating hall of fame
2020-07-26 18:51:39,411 - root - INFO - Completed generation 124; 2.5s elapsed, 2.0s avg, 2.5e+02s total. Expected time remaining: 1.5e+02s
2020-07-26 18:51:39,466 - root - INFO - #124 MAX:accuracy.mean: 0.82
2020-07-26 18:51:39,508 - root - DEBUG - Sampled weight [-1.13697775  0.96553711  0.90847638  1.52381412 -0.53998177]
2020-07-26 18:51:40,593 - root - DEBUG - Updating hall of fame
2020-07-26 18:51:41,363 - root - INFO - Completed generation 125; 1.9s elapsed, 2.0s avg, 2.5e+02s total. Expected time remaining: 1.5e+02s
2020-07-26 18:51:41,416 - root - INFO - #125 MAX:accuracy.mean: 0.92
2020-07-26 18:51:41,457 - root - DEBUG - Sampled weight [-0.28207487  1.6897646  -1.07416333 -0.44746269 -1.39466212]
2020-07-26 18:51:42,566 - root - DEBUG - Updating hall of fame
2020-07-26 18:51:43,539 - root - INFO - Completed generation 126; 2.1s elapsed, 2.0s avg, 2.5e+02s total. Expected time remaining: 1.5e+02s
2020-07-26 18:51:43,594 - root - INFO - #126 MAX:accuracy.mean: 0.82
2020-07-26 18:51:43,637 - root - DEBUG - Sampled weight [-0.44348422 -1.62662938  1.03075246  0.57295087 -0.07180322]
2020-07-26 18:51:44,742 - root - DEBUG - Updating hall of fame
2020-07-26 18:51:45,693 - root - INFO - Completed generation 127; 2.1s elapsed, 2.0s avg, 2.5e+02s total. Expected time remaining: 1.5e+02s
2020-07-26 18:51:45,747 - root - INFO - #127 MAX:accuracy.mean: 0.82
2020-07-26 18:51:45,789 - root - DEBUG - Sampled weight [ 0.13183194 -1.75542081  0.30002673  1.00398919  0.02024562]
2020-07-26 18:51:46,884 - root - DEBUG - Updating hall of fame
2020-07-26 18:51:47,473 - root - INFO - Completed generation 128; 1.7s elapsed, 2.0s avg, 2.5e+02s total. Expected time remaining: 1.4e+02s
2020-07-26 18:51:47,527 - root - INFO - #128 MAX:accuracy.mean: 0.81
2020-07-26 18:51:47,569 - root - DEBUG - Sampled weight [1.01060152 0.71765307 1.41147017 1.88256157 1.24012861]
2020-07-26 18:51:48,674 - root - DEBUG - Updating hall of fame
2020-07-26 18:51:49,081 - root - INFO - Completed generation 129; 1.6s elapsed, 2.0s avg, 2.6e+02s total. Expected time remaining: 1.4e+02s
2020-07-26 18:51:49,135 - root - INFO - #129 MAX:accuracy.mean: 0.96
2020-07-26 18:51:49,178 - root - DEBUG - Sampled weight [-0.62351014 -1.39523802  0.20316911 -1.17221329 -0.35761752]
2020-07-26 18:51:50,270 - root - DEBUG - Updating hall of fame
2020-07-26 18:51:51,024 - root - INFO - Completed generation 130; 1.9s elapsed, 2.0s avg, 2.6e+02s total. Expected time remaining: 1.4e+02s
2020-07-26 18:51:51,077 - root - INFO - #130 MAX:accuracy.mean: 0.86
2020-07-26 18:51:51,186 - root - DEBUG - Sampled weight [-1.90272779 -1.23016895 -1.40116209 -0.29274788 -0.89739849]
2020-07-26 18:51:52,289 - root - DEBUG - Updating hall of fame
2020-07-26 18:51:53,057 - root - INFO - Completed generation 131; 1.9s elapsed, 2.0s avg, 2.6e+02s total. Expected time remaining: 1.4e+02s
2020-07-26 18:51:53,110 - root - INFO - #131 MAX:accuracy.mean: 0.86
2020-07-26 18:51:53,152 - root - DEBUG - Sampled weight [ 0.01320915 -1.3128878  -0.93598228 -1.4973693   1.5219751 ]
2020-07-26 18:51:54,242 - root - DEBUG - Updating hall of fame
2020-07-26 18:51:54,816 - root - INFO - Completed generation 132; 1.7s elapsed, 2.0s avg, 2.6e+02s total. Expected time remaining: 1.3e+02s
2020-07-26 18:51:54,869 - root - INFO - #132 MAX:accuracy.mean: 0.86
2020-07-26 18:51:54,911 - root - DEBUG - Sampled weight [-0.56064072  1.03327106  1.12077325 -1.21112467  0.95041274]
2020-07-26 18:51:56,019 - root - DEBUG - Updating hall of fame
2020-07-26 18:51:56,226 - root - INFO - Completed generation 133; 1.4s elapsed, 2.0s avg, 2.6e+02s total. Expected time remaining: 1.3e+02s
2020-07-26 18:51:56,279 - root - INFO - #133 MAX:accuracy.mean: 0.93
2020-07-26 18:51:56,322 - root - DEBUG - Sampled weight [ 0.2053731   1.7457606   1.78595996 -1.1509083   1.61675637]
2020-07-26 18:51:57,445 - root - DEBUG - Updating hall of fame
2020-07-26 18:51:58,592 - root - INFO - Completed generation 134; 2.3s elapsed, 2.0s avg, 2.7e+02s total. Expected time remaining: 1.3e+02s
2020-07-26 18:51:58,645 - root - INFO - #134 MAX:accuracy.mean: 0.85
2020-07-26 18:51:58,687 - root - DEBUG - Sampled weight [-1.2559751   0.06094425  0.099939    1.99192223  1.03124918]
2020-07-26 18:51:59,795 - root - DEBUG - Updating hall of fame
2020-07-26 18:52:00,187 - root - INFO - Completed generation 135; 1.5s elapsed, 2.0s avg, 2.7e+02s total. Expected time remaining: 1.3e+02s
2020-07-26 18:52:00,241 - root - INFO - #135 MAX:accuracy.mean: 0.81
2020-07-26 18:52:00,283 - root - DEBUG - Sampled weight [-1.70018659 -0.75089503  1.31311755  1.97624238 -1.24304668]
2020-07-26 18:52:01,402 - root - DEBUG - Updating hall of fame
2020-07-26 18:52:01,600 - root - INFO - Completed generation 136; 1.4s elapsed, 2.0s avg, 2.7e+02s total. Expected time remaining: 1.3e+02s
2020-07-26 18:52:01,654 - root - INFO - #136 MAX:accuracy.mean: 0.93
2020-07-26 18:52:01,695 - root - DEBUG - Sampled weight [ 1.30604412  0.43116533 -1.39678481  1.87466552 -1.90398807]
2020-07-26 18:52:02,814 - root - DEBUG - Updating hall of fame
2020-07-26 18:52:03,571 - root - INFO - Completed generation 137; 1.9s elapsed, 2.0s avg, 2.7e+02s total. Expected time remaining: 1.2e+02s
2020-07-26 18:52:03,625 - root - INFO - #137 MAX:accuracy.mean: 0.91
2020-07-26 18:52:03,668 - root - DEBUG - Sampled weight [-1.4577744  -1.94016614  0.37602021  1.84309862  0.76027365]
2020-07-26 18:52:04,778 - root - DEBUG - Updating hall of fame
2020-07-26 18:52:05,172 - root - INFO - Completed generation 138; 1.5s elapsed, 2.0s avg, 2.7e+02s total. Expected time remaining: 1.2e+02s
2020-07-26 18:52:05,226 - root - INFO - #138 MAX:accuracy.mean: 0.9
2020-07-26 18:52:05,269 - root - DEBUG - Sampled weight [-1.08648894  1.01432511 -1.9485697  -0.70548412  0.38850925]
2020-07-26 18:52:06,390 - root - DEBUG - Updating hall of fame
2020-07-26 18:52:06,775 - root - INFO - Completed generation 139; 1.5s elapsed, 2.0s avg, 2.7e+02s total. Expected time remaining: 1.2e+02s
2020-07-26 18:52:06,829 - root - INFO - #139 MAX:accuracy.mean: 0.9
2020-07-26 18:52:06,870 - root - DEBUG - Sampled weight [-1.00951521  1.61091126 -0.19658067 -1.25345884  0.7444297 ]
2020-07-26 18:52:07,971 - root - DEBUG - Updating hall of fame
2020-07-26 18:52:08,351 - root - INFO - Completed generation 140; 1.5s elapsed, 2.0s avg, 2.7e+02s total. Expected time remaining: 1.2e+02s
2020-07-26 18:52:08,404 - root - INFO - #140 MAX:accuracy.mean: 0.88
2020-07-26 18:52:08,509 - root - DEBUG - Sampled weight [-1.32363067 -0.69354009  0.72866509  1.66679758  1.91412941]
2020-07-26 18:52:09,616 - root - DEBUG - Updating hall of fame
2020-07-26 18:52:09,997 - root - INFO - Completed generation 141; 1.5s elapsed, 2.0s avg, 2.8e+02s total. Expected time remaining: 1.2e+02s
2020-07-26 18:52:10,051 - root - INFO - #141 MAX:accuracy.mean: 0.95
2020-07-26 18:52:10,092 - root - DEBUG - Sampled weight [-1.63839491  1.70401543 -1.20288042 -0.15409482 -1.19416818]
2020-07-26 18:52:11,201 - root - DEBUG - Updating hall of fame
2020-07-26 18:52:11,766 - root - INFO - Completed generation 142; 1.7s elapsed, 2.0s avg, 2.8e+02s total. Expected time remaining: 1.1e+02s
2020-07-26 18:52:11,819 - root - INFO - #142 MAX:accuracy.mean: 0.84
2020-07-26 18:52:11,862 - root - DEBUG - Sampled weight [-0.02610477 -1.60204666  1.34577084 -0.15456639 -1.99441218]
2020-07-26 18:52:12,973 - root - DEBUG - Updating hall of fame
2020-07-26 18:52:13,366 - root - INFO - Completed generation 143; 1.5s elapsed, 2.0s avg, 2.8e+02s total. Expected time remaining: 1.1e+02s
2020-07-26 18:52:13,419 - root - INFO - #143 MAX:accuracy.mean: 0.83
2020-07-26 18:52:13,461 - root - DEBUG - Sampled weight [ 0.68811746  1.46341774 -0.87559175 -0.67002347  0.71754608]
2020-07-26 18:52:14,561 - root - DEBUG - Updating hall of fame
2020-07-26 18:52:14,761 - root - INFO - Completed generation 144; 1.3s elapsed, 2.0s avg, 2.8e+02s total. Expected time remaining: 1.1e+02s
2020-07-26 18:52:14,815 - root - INFO - #144 MAX:accuracy.mean: 0.96
2020-07-26 18:52:14,857 - root - DEBUG - Sampled weight [-1.73245941  0.59082132  1.37016935 -0.77464739  0.91557731]
2020-07-26 18:52:15,963 - root - DEBUG - Updating hall of fame
2020-07-26 18:52:16,905 - root - INFO - Completed generation 145; 2.1s elapsed, 2.0s avg, 2.8e+02s total. Expected time remaining: 1.1e+02s
2020-07-26 18:52:16,958 - root - INFO - #145 MAX:accuracy.mean: 0.9
2020-07-26 18:52:17,001 - root - DEBUG - Sampled weight [-0.39680545 -0.09544504 -1.81044844  0.12806703 -1.27120586]
2020-07-26 18:52:18,108 - root - DEBUG - Updating hall of fame
2020-07-26 18:52:18,492 - root - INFO - Completed generation 146; 1.5s elapsed, 1.9s avg, 2.8e+02s total. Expected time remaining: 1.1e+02s
2020-07-26 18:52:18,546 - root - INFO - #146 MAX:accuracy.mean: 0.77
2020-07-26 18:52:18,588 - root - DEBUG - Sampled weight [ 0.51371477  1.46347749  1.42893884 -0.00817272 -1.40609168]
2020-07-26 18:52:19,692 - root - DEBUG - Updating hall of fame
2020-07-26 18:52:19,692 - root - INFO - Completed generation 147; 1.1s elapsed, 1.9s avg, 2.9e+02s total. Expected time remaining: 1e+02s
2020-07-26 18:52:19,746 - root - INFO - #147 MAX:accuracy.mean: 0.8
2020-07-26 18:52:19,788 - root - DEBUG - Sampled weight [ 1.08188602  1.80360027 -0.29187626 -0.11633089 -0.99305384]
2020-07-26 18:52:20,907 - root - DEBUG - Updating hall of fame
2020-07-26 18:52:21,491 - root - INFO - Completed generation 148; 1.7s elapsed, 1.9s avg, 2.9e+02s total. Expected time remaining: 1e+02s
2020-07-26 18:52:21,545 - root - INFO - #148 MAX:accuracy.mean: 0.77
2020-07-26 18:52:21,589 - root - DEBUG - Sampled weight [ 1.51822777 -1.18354288  0.49835622 -0.37412798 -1.95197384]
2020-07-26 18:52:22,712 - root - DEBUG - Updating hall of fame
2020-07-26 18:52:22,712 - root - INFO - Completed generation 149; 1.2s elapsed, 1.9s avg, 2.9e+02s total. Expected time remaining: 9.9e+01s
2020-07-26 18:52:22,765 - root - INFO - #149 MAX:accuracy.mean: 0.82
2020-07-26 18:52:22,807 - root - DEBUG - Sampled weight [-1.06457486  1.15401028 -0.15380486 -1.8222154   0.86660566]
2020-07-26 18:52:23,940 - root - DEBUG - Updating hall of fame
2020-07-26 18:52:24,689 - root - INFO - Completed generation 150; 1.9s elapsed, 1.9s avg, 2.9e+02s total. Expected time remaining: 9.7e+01s
2020-07-26 18:52:24,742 - root - INFO - #150 MAX:accuracy.mean: 0.86
2020-07-26 18:52:24,855 - root - DEBUG - Sampled weight [-1.42583779  0.08233028 -0.54143477  0.98429863  1.61107822]
2020-07-26 18:52:25,972 - root - DEBUG - Updating hall of fame
2020-07-26 18:52:26,371 - root - INFO - Completed generation 151; 1.6s elapsed, 1.9s avg, 2.9e+02s total. Expected time remaining: 9.5e+01s
2020-07-26 18:52:26,424 - root - INFO - #151 MAX:accuracy.mean: 0.84
2020-07-26 18:52:26,466 - root - DEBUG - Sampled weight [ 1.87686842  1.44571696  0.84362221  1.02335694 -1.19748678]
2020-07-26 18:52:27,567 - root - DEBUG - Updating hall of fame
2020-07-26 18:52:27,954 - root - INFO - Completed generation 152; 1.5s elapsed, 1.9s avg, 2.9e+02s total. Expected time remaining: 9.3e+01s
2020-07-26 18:52:28,008 - root - INFO - #152 MAX:accuracy.mean: 0.93
2020-07-26 18:52:28,050 - root - DEBUG - Sampled weight [1.47859346 1.54171389 0.98757859 0.5500173  0.85511202]
2020-07-26 18:52:29,161 - root - DEBUG - Updating hall of fame
2020-07-26 18:52:29,729 - root - INFO - Completed generation 153; 1.7s elapsed, 1.9s avg, 3e+02s total. Expected time remaining: 9.1e+01s
2020-07-26 18:52:29,782 - root - INFO - #153 MAX:accuracy.mean: 0.96
2020-07-26 18:52:29,825 - root - DEBUG - Sampled weight [ 1.84554529  0.66839236  0.17475384 -0.12483252  1.61266124]
2020-07-26 18:52:30,958 - root - DEBUG - Updating hall of fame
2020-07-26 18:52:31,531 - root - INFO - Completed generation 154; 1.7s elapsed, 1.9s avg, 3e+02s total. Expected time remaining: 8.9e+01s
2020-07-26 18:52:31,584 - root - INFO - #154 MAX:accuracy.mean: 0.82
2020-07-26 18:52:31,627 - root - DEBUG - Sampled weight [ 1.04188703  1.73526945 -0.15725631 -1.86849681 -0.5545237 ]
2020-07-26 18:52:32,734 - root - DEBUG - Updating hall of fame
2020-07-26 18:52:32,734 - root - INFO - Completed generation 155; 1.1s elapsed, 1.9s avg, 3e+02s total. Expected time remaining: 8.7e+01s
2020-07-26 18:52:32,788 - root - INFO - #155 MAX:accuracy.mean: 0.78
2020-07-26 18:52:32,830 - root - DEBUG - Sampled weight [-0.51440035  0.517049   -1.10761713  1.92955467 -1.58418293]
2020-07-26 18:52:33,952 - root - DEBUG - Updating hall of fame
2020-07-26 18:52:34,328 - root - INFO - Completed generation 156; 1.5s elapsed, 1.9s avg, 3e+02s total. Expected time remaining: 8.5e+01s
2020-07-26 18:52:34,382 - root - INFO - #156 MAX:accuracy.mean: 0.84
2020-07-26 18:52:34,423 - root - DEBUG - Sampled weight [ 1.76285266 -0.78202469 -1.27506131 -0.422139    0.58360987]
2020-07-26 18:52:35,531 - root - DEBUG - Updating hall of fame
2020-07-26 18:52:35,915 - root - INFO - Completed generation 157; 1.5s elapsed, 1.9s avg, 3e+02s total. Expected time remaining: 8.3e+01s
2020-07-26 18:52:35,969 - root - INFO - #157 MAX:accuracy.mean: 0.87
2020-07-26 18:52:36,012 - root - DEBUG - Sampled weight [-0.43468516 -0.90688733 -0.33061854 -0.39349679  1.63594317]
2020-07-26 18:52:37,151 - root - DEBUG - Updating hall of fame
2020-07-26 18:52:37,909 - root - INFO - Completed generation 158; 1.9s elapsed, 1.9s avg, 3e+02s total. Expected time remaining: 8.1e+01s
2020-07-26 18:52:37,963 - root - INFO - #158 MAX:accuracy.mean: 0.86
2020-07-26 18:52:38,005 - root - DEBUG - Sampled weight [0.78273843 1.38797508 0.04410667 1.5894607  1.3981142 ]
2020-07-26 18:52:39,139 - root - DEBUG - Updating hall of fame
2020-07-26 18:52:39,719 - root - INFO - Completed generation 159; 1.8s elapsed, 1.9s avg, 3.1e+02s total. Expected time remaining: 7.9e+01s
2020-07-26 18:52:39,773 - root - INFO - #159 MAX:accuracy.mean: 0.88
2020-07-26 18:52:39,815 - root - DEBUG - Sampled weight [ 1.11665729 -0.67179303  0.21607261  0.46317547 -0.01532682]
2020-07-26 18:52:40,931 - root - DEBUG - Updating hall of fame
2020-07-26 18:52:41,329 - root - INFO - Completed generation 160; 1.6s elapsed, 1.9s avg, 3.1e+02s total. Expected time remaining: 7.7e+01s
2020-07-26 18:52:41,383 - root - INFO - #160 MAX:accuracy.mean: 0.77
2020-07-26 18:52:41,498 - root - DEBUG - Sampled weight [1.16917573 0.4525065  1.35066032 0.82113452 1.29027811]
2020-07-26 18:52:42,606 - root - DEBUG - Updating hall of fame
2020-07-26 18:52:42,979 - root - INFO - Completed generation 161; 1.5s elapsed, 1.9s avg, 3.1e+02s total. Expected time remaining: 7.5e+01s
2020-07-26 18:52:43,032 - root - INFO - #161 MAX:accuracy.mean: 0.93
2020-07-26 18:52:43,075 - root - DEBUG - Sampled weight [ 1.19701362  1.23604107  1.74918047 -0.83970664 -1.81560112]
2020-07-26 18:52:44,191 - root - DEBUG - Updating hall of fame
2020-07-26 18:52:44,974 - root - INFO - Completed generation 162; 1.9s elapsed, 1.9s avg, 3.1e+02s total. Expected time remaining: 7.3e+01s
2020-07-26 18:52:45,027 - root - INFO - #162 MAX:accuracy.mean: 0.83
2020-07-26 18:52:45,070 - root - DEBUG - Sampled weight [ 1.9091724  -1.60283444  0.40560881  1.97363497 -0.22394669]
2020-07-26 18:52:46,195 - root - DEBUG - Updating hall of fame
2020-07-26 18:52:46,396 - root - INFO - Completed generation 163; 1.4s elapsed, 1.9s avg, 3.1e+02s total. Expected time remaining: 7.1e+01s
2020-07-26 18:52:46,450 - root - INFO - #163 MAX:accuracy.mean: 0.73
2020-07-26 18:52:46,492 - root - DEBUG - Sampled weight [ 0.96579053 -1.27704922 -0.92018061 -0.2232298   0.37334894]
2020-07-26 18:52:47,610 - root - DEBUG - Updating hall of fame
2020-07-26 18:52:48,010 - root - INFO - Completed generation 164; 1.6s elapsed, 1.9s avg, 3.1e+02s total. Expected time remaining: 6.9e+01s
2020-07-26 18:52:48,064 - root - INFO - #164 MAX:accuracy.mean: 0.7
2020-07-26 18:52:48,106 - root - DEBUG - Sampled weight [-0.27214422  0.21973799 -1.63990533  0.47033419  1.13912272]
2020-07-26 18:52:49,215 - root - DEBUG - Updating hall of fame
2020-07-26 18:52:49,785 - root - INFO - Completed generation 165; 1.7s elapsed, 1.9s avg, 3.1e+02s total. Expected time remaining: 6.7e+01s
2020-07-26 18:52:49,838 - root - INFO - #165 MAX:accuracy.mean: 0.71
2020-07-26 18:52:49,881 - root - DEBUG - Sampled weight [0.26487275 0.69376228 1.48873396 1.23614371 1.10843617]
2020-07-26 18:52:50,986 - root - DEBUG - Updating hall of fame
2020-07-26 18:52:51,546 - root - INFO - Completed generation 166; 1.7s elapsed, 1.9s avg, 3.2e+02s total. Expected time remaining: 6.5e+01s
2020-07-26 18:52:51,600 - root - INFO - #166 MAX:accuracy.mean: 0.86
2020-07-26 18:52:51,642 - root - DEBUG - Sampled weight [-1.83616755  1.95453947 -1.47861955 -0.91089859  0.17828561]
2020-07-26 18:52:52,774 - root - DEBUG - Updating hall of fame
2020-07-26 18:52:53,559 - root - INFO - Completed generation 167; 2.0s elapsed, 1.9s avg, 3.2e+02s total. Expected time remaining: 6.3e+01s
2020-07-26 18:52:53,613 - root - INFO - #167 MAX:accuracy.mean: 0.7
2020-07-26 18:52:53,655 - root - DEBUG - Sampled weight [ 0.96469979  0.87605148 -1.60399195 -0.71602393 -1.10544656]
2020-07-26 18:52:54,764 - root - DEBUG - Updating hall of fame
2020-07-26 18:52:54,764 - root - INFO - Completed generation 168; 1.2s elapsed, 1.9s avg, 3.2e+02s total. Expected time remaining: 6.1e+01s
2020-07-26 18:52:54,818 - root - INFO - #168 MAX:accuracy.mean: 0.91
2020-07-26 18:52:54,859 - root - DEBUG - Sampled weight [ 0.39024611 -0.64837521  0.75697951 -0.87417314 -1.56744847]
2020-07-26 18:52:55,992 - root - DEBUG - Updating hall of fame
2020-07-26 18:52:56,576 - root - INFO - Completed generation 169; 1.8s elapsed, 1.9s avg, 3.2e+02s total. Expected time remaining: 5.9e+01s
2020-07-26 18:52:56,629 - root - INFO - #169 MAX:accuracy.mean: 0.93
2020-07-26 18:52:56,672 - root - DEBUG - Sampled weight [ 1.10112204  1.75330489  1.59235965 -1.59846883  1.61943418]
2020-07-26 18:52:57,801 - root - DEBUG - Updating hall of fame
2020-07-26 18:52:58,357 - root - INFO - Completed generation 170; 1.7s elapsed, 1.9s avg, 3.2e+02s total. Expected time remaining: 5.7e+01s
2020-07-26 18:52:58,411 - root - INFO - #170 MAX:accuracy.mean: 0.89
2020-07-26 18:52:58,565 - root - DEBUG - Sampled weight [-0.80195191 -1.15314255  0.4406515  -1.7086223  -1.76088517]
2020-07-26 18:52:59,675 - root - DEBUG - Updating hall of fame
2020-07-26 18:53:00,440 - root - INFO - Completed generation 171; 1.9s elapsed, 1.9s avg, 3.2e+02s total. Expected time remaining: 5.5e+01s
2020-07-26 18:53:00,493 - root - INFO - #171 MAX:accuracy.mean: 0.84
2020-07-26 18:53:00,536 - root - DEBUG - Sampled weight [ 1.16627005 -1.08011886  1.78950823  1.59140077 -1.59663281]
2020-07-26 18:53:01,655 - root - DEBUG - Updating hall of fame
2020-07-26 18:53:02,634 - root - INFO - Completed generation 172; 2.1s elapsed, 1.9s avg, 3.3e+02s total. Expected time remaining: 5.3e+01s
2020-07-26 18:53:02,691 - root - INFO - #172 MAX:accuracy.mean: 0.88
2020-07-26 18:53:02,737 - root - DEBUG - Sampled weight [ 1.85627707 -0.12825147 -1.04247026 -0.98383746 -1.37653343]
2020-07-26 18:53:03,895 - root - DEBUG - Updating hall of fame
2020-07-26 18:53:04,858 - root - INFO - Completed generation 173; 2.2s elapsed, 1.9s avg, 3.3e+02s total. Expected time remaining: 5.1e+01s
2020-07-26 18:53:04,912 - root - INFO - #173 MAX:accuracy.mean: 0.88
2020-07-26 18:53:04,954 - root - DEBUG - Sampled weight [-0.2221326   0.66676854 -1.84252307 -0.58634241  0.34978662]
2020-07-26 18:53:06,089 - root - DEBUG - Updating hall of fame
2020-07-26 18:53:06,305 - root - INFO - Completed generation 174; 1.4s elapsed, 1.9s avg, 3.3e+02s total. Expected time remaining: 4.9e+01s
2020-07-26 18:53:06,359 - root - INFO - #174 MAX:accuracy.mean: 0.83
2020-07-26 18:53:06,402 - root - DEBUG - Sampled weight [ 0.95811489 -1.90795057  0.58032391  1.72784262  1.91392795]
2020-07-26 18:53:07,519 - root - DEBUG - Updating hall of fame
2020-07-26 18:53:08,107 - root - INFO - Completed generation 175; 1.7s elapsed, 1.9s avg, 3.3e+02s total. Expected time remaining: 4.7e+01s
2020-07-26 18:53:08,161 - root - INFO - #175 MAX:accuracy.mean: 0.83
2020-07-26 18:53:08,203 - root - DEBUG - Sampled weight [-1.06214716  1.8931833  -1.5528859   1.93357689  0.54499905]
2020-07-26 18:53:09,343 - root - DEBUG - Updating hall of fame
2020-07-26 18:53:09,728 - root - INFO - Completed generation 176; 1.6s elapsed, 1.9s avg, 3.3e+02s total. Expected time remaining: 4.6e+01s
2020-07-26 18:53:09,781 - root - INFO - #176 MAX:accuracy.mean: 0.92
2020-07-26 18:53:09,823 - root - DEBUG - Sampled weight [-0.42866125 -1.2696386   0.48340477  0.49733031  0.07945234]
2020-07-26 18:53:10,948 - root - DEBUG - Updating hall of fame
2020-07-26 18:53:11,521 - root - INFO - Completed generation 177; 1.7s elapsed, 1.9s avg, 3.4e+02s total. Expected time remaining: 4.4e+01s
2020-07-26 18:53:11,574 - root - INFO - #177 MAX:accuracy.mean: 0.84
2020-07-26 18:53:11,617 - root - DEBUG - Sampled weight [ 0.32206815  1.58806912 -1.46291415  1.78345606  0.27684355]
2020-07-26 18:53:12,735 - root - DEBUG - Updating hall of fame
2020-07-26 18:53:13,117 - root - INFO - Completed generation 178; 1.5s elapsed, 1.9s avg, 3.4e+02s total. Expected time remaining: 4.2e+01s
2020-07-26 18:53:13,170 - root - INFO - #178 MAX:accuracy.mean: 0.79
2020-07-26 18:53:13,214 - root - DEBUG - Sampled weight [ 1.80361009  0.37194004  0.32868709  1.59999532 -1.60735167]
2020-07-26 18:53:14,329 - root - DEBUG - Updating hall of fame
2020-07-26 18:53:14,531 - root - INFO - Completed generation 179; 1.4s elapsed, 1.9s avg, 3.4e+02s total. Expected time remaining: 4e+01s
2020-07-26 18:53:14,584 - root - INFO - #179 MAX:accuracy.mean: 0.82
2020-07-26 18:53:14,627 - root - DEBUG - Sampled weight [-0.55402031  1.58474843  0.02107878 -1.92299296  0.40308256]
2020-07-26 18:53:15,743 - root - DEBUG - Updating hall of fame
2020-07-26 18:53:16,139 - root - INFO - Completed generation 180; 1.6s elapsed, 1.9s avg, 3.4e+02s total. Expected time remaining: 3.8e+01s
2020-07-26 18:53:16,193 - root - INFO - #180 MAX:accuracy.mean: 0.79
2020-07-26 18:53:16,314 - root - DEBUG - Sampled weight [ 0.4418357   0.71365656 -0.13044965  1.70660421  0.14627877]
2020-07-26 18:53:17,436 - root - DEBUG - Updating hall of fame
2020-07-26 18:53:17,810 - root - INFO - Completed generation 181; 1.5s elapsed, 1.9s avg, 3.4e+02s total. Expected time remaining: 3.6e+01s
2020-07-26 18:53:17,864 - root - INFO - #181 MAX:accuracy.mean: 0.78
2020-07-26 18:53:17,906 - root - DEBUG - Sampled weight [-1.9478027  -1.74747628 -0.71160354  1.1042032   1.24123636]
2020-07-26 18:53:19,020 - root - DEBUG - Updating hall of fame
2020-07-26 18:53:19,204 - root - INFO - Completed generation 182; 1.3s elapsed, 1.9s avg, 3.4e+02s total. Expected time remaining: 3.4e+01s
2020-07-26 18:53:19,257 - root - INFO - #182 MAX:accuracy.mean: 0.84
2020-07-26 18:53:19,300 - root - DEBUG - Sampled weight [ 1.72504004 -1.20590492 -0.35820303  0.381231   -0.85986893]
2020-07-26 18:53:20,440 - root - DEBUG - Updating hall of fame
2020-07-26 18:53:21,206 - root - INFO - Completed generation 183; 1.9s elapsed, 1.9s avg, 3.5e+02s total. Expected time remaining: 3.2e+01s
2020-07-26 18:53:21,261 - root - INFO - #183 MAX:accuracy.mean: 0.84
2020-07-26 18:53:21,302 - root - DEBUG - Sampled weight [ 0.74242879 -0.30428917 -1.64629138  1.93281309  0.19383922]
2020-07-26 18:53:22,415 - root - DEBUG - Updating hall of fame
2020-07-26 18:53:22,787 - root - INFO - Completed generation 184; 1.5s elapsed, 1.9s avg, 3.5e+02s total. Expected time remaining: 3e+01s
2020-07-26 18:53:22,842 - root - INFO - #184 MAX:accuracy.mean: 0.79
2020-07-26 18:53:22,884 - root - DEBUG - Sampled weight [-0.2652646   1.65614138  1.46209334 -0.74709461  1.10921879]
2020-07-26 18:53:24,023 - root - DEBUG - Updating hall of fame
2020-07-26 18:53:24,213 - root - INFO - Completed generation 185; 1.4s elapsed, 1.9s avg, 3.5e+02s total. Expected time remaining: 2.8e+01s
2020-07-26 18:53:24,268 - root - INFO - #185 MAX:accuracy.mean: 0.84
2020-07-26 18:53:24,312 - root - DEBUG - Sampled weight [ 0.6876208  -1.5774202  -0.28171567 -0.20074026 -1.93396398]
2020-07-26 18:53:25,442 - root - DEBUG - Updating hall of fame
2020-07-26 18:53:26,010 - root - INFO - Completed generation 186; 1.7s elapsed, 1.9s avg, 3.5e+02s total. Expected time remaining: 2.6e+01s
2020-07-26 18:53:26,064 - root - INFO - #186 MAX:accuracy.mean: 0.79
2020-07-26 18:53:26,106 - root - DEBUG - Sampled weight [-1.86494224  1.51855876  1.55958276 -0.0184609  -0.8934794 ]
2020-07-26 18:53:27,217 - root - DEBUG - Updating hall of fame
2020-07-26 18:53:27,402 - root - INFO - Completed generation 187; 1.3s elapsed, 1.9s avg, 3.5e+02s total. Expected time remaining: 2.4e+01s
2020-07-26 18:53:27,456 - root - INFO - #187 MAX:accuracy.mean: 0.79
2020-07-26 18:53:27,499 - root - DEBUG - Sampled weight [-0.65499519  1.58610182  1.45926681 -0.31776257 -0.1970837 ]
2020-07-26 18:53:28,610 - root - DEBUG - Updating hall of fame
2020-07-26 18:53:28,978 - root - INFO - Completed generation 188; 1.5s elapsed, 1.9s avg, 3.5e+02s total. Expected time remaining: 2.3e+01s
2020-07-26 18:53:29,031 - root - INFO - #188 MAX:accuracy.mean: 0.78
2020-07-26 18:53:29,073 - root - DEBUG - Sampled weight [ 0.71154934  0.41214768 -1.24750076 -0.23982638 -1.53833292]
2020-07-26 18:53:30,191 - root - DEBUG - Updating hall of fame
2020-07-26 18:53:30,560 - root - INFO - Completed generation 189; 1.5s elapsed, 1.9s avg, 3.5e+02s total. Expected time remaining: 2.1e+01s
2020-07-26 18:53:30,613 - root - INFO - #189 MAX:accuracy.mean: 0.84
2020-07-26 18:53:30,655 - root - DEBUG - Sampled weight [ 1.4308915  -1.57631117  0.33792597 -0.92537922  1.27737841]
2020-07-26 18:53:31,769 - root - DEBUG - Updating hall of fame
2020-07-26 18:53:32,138 - root - INFO - Completed generation 190; 1.5s elapsed, 1.9s avg, 3.6e+02s total. Expected time remaining: 1.9e+01s
2020-07-26 18:53:32,192 - root - INFO - #190 MAX:accuracy.mean: 0.85
2020-07-26 18:53:32,392 - root - DEBUG - Sampled weight [-1.00599433 -1.86282276 -0.86630255  0.2122999   1.93228596]
2020-07-26 18:53:33,524 - root - DEBUG - Updating hall of fame
2020-07-26 18:53:33,911 - root - INFO - Completed generation 191; 1.6s elapsed, 1.9s avg, 3.6e+02s total. Expected time remaining: 1.7e+01s
2020-07-26 18:53:33,966 - root - INFO - #191 MAX:accuracy.mean: 0.85
2020-07-26 18:53:34,009 - root - DEBUG - Sampled weight [ 0.11627674  0.49867386  1.14046509  0.30371091 -0.59016998]
2020-07-26 18:53:35,129 - root - DEBUG - Updating hall of fame
2020-07-26 18:53:35,497 - root - INFO - Completed generation 192; 1.5s elapsed, 1.9s avg, 3.6e+02s total. Expected time remaining: 1.5e+01s
2020-07-26 18:53:35,551 - root - INFO - #192 MAX:accuracy.mean: 0.78
2020-07-26 18:53:35,593 - root - DEBUG - Sampled weight [-0.58798126  1.76797099  1.35555688  0.98372655  0.2971373 ]
2020-07-26 18:53:36,722 - root - DEBUG - Updating hall of fame
2020-07-26 18:53:37,295 - root - INFO - Completed generation 193; 1.7s elapsed, 1.9s avg, 3.6e+02s total. Expected time remaining: 1.3e+01s
2020-07-26 18:53:37,348 - root - INFO - #193 MAX:accuracy.mean: 0.81
2020-07-26 18:53:37,390 - root - DEBUG - Sampled weight [-0.52778978 -1.00577448 -0.52710106  0.38979246 -1.78761618]
2020-07-26 18:53:38,506 - root - DEBUG - Updating hall of fame
2020-07-26 18:53:39,093 - root - INFO - Completed generation 194; 1.7s elapsed, 1.9s avg, 3.6e+02s total. Expected time remaining: 1.1e+01s
2020-07-26 18:53:39,147 - root - INFO - #194 MAX:accuracy.mean: 0.78
2020-07-26 18:53:39,189 - root - DEBUG - Sampled weight [ 0.91335668 -0.6447257  -1.66981882 -0.62091748  1.12926039]
2020-07-26 18:53:40,308 - root - DEBUG - Updating hall of fame
2020-07-26 18:53:40,871 - root - INFO - Completed generation 195; 1.7s elapsed, 1.9s avg, 3.6e+02s total. Expected time remaining: 9.3s
2020-07-26 18:53:40,924 - root - INFO - #195 MAX:accuracy.mean: 0.9
2020-07-26 18:53:40,966 - root - DEBUG - Sampled weight [ 1.28652986  1.41326261 -0.9968853   1.03131593 -0.39710315]
2020-07-26 18:53:42,104 - root - DEBUG - Updating hall of fame
2020-07-26 18:53:42,508 - root - INFO - Completed generation 196; 1.6s elapsed, 1.9s avg, 3.7e+02s total. Expected time remaining: 7.5s
2020-07-26 18:53:42,561 - root - INFO - #196 MAX:accuracy.mean: 0.86
2020-07-26 18:53:42,603 - root - DEBUG - Sampled weight [-1.64486989  0.14599728 -0.18593547 -1.92251918 -1.10915328]
2020-07-26 18:53:43,746 - root - DEBUG - Updating hall of fame
2020-07-26 18:53:44,332 - root - INFO - Completed generation 197; 1.8s elapsed, 1.9s avg, 3.7e+02s total. Expected time remaining: 5.6s
2020-07-26 18:53:44,385 - root - INFO - #197 MAX:accuracy.mean: 0.82
2020-07-26 18:53:44,427 - root - DEBUG - Sampled weight [ 0.0934257  -0.26786982  0.51522702  0.10134729 -0.65307482]
2020-07-26 18:53:45,530 - root - DEBUG - Updating hall of fame
2020-07-26 18:53:45,530 - root - INFO - Completed generation 198; 1.1s elapsed, 1.9s avg, 3.7e+02s total. Expected time remaining: 3.7s
2020-07-26 18:53:45,583 - root - INFO - #198 MAX:accuracy.mean: 0.81
2020-07-26 18:53:45,624 - root - DEBUG - Sampled weight [0.00456078 1.95273978 0.84092864 1.43400851 0.32971761]
2020-07-26 18:53:46,732 - root - DEBUG - Updating hall of fame
2020-07-26 18:53:46,923 - root - INFO - Completed generation 199; 1.3s elapsed, 1.9s avg, 3.7e+02s total. Expected time remaining: 1.9s
2020-07-26 18:53:46,977 - root - INFO - #199 MAX:accuracy.mean: 0.81
2020-07-26 18:53:47,020 - root - DEBUG - Sampled weight [ 0.87987053 -1.29391708 -0.99304165 -1.38749917  1.877731  ]
2020-07-26 18:53:48,143 - root - DEBUG - Updating hall of fame
2020-07-26 18:53:48,344 - root - INFO - Completed generation 200; 1.4s elapsed, 1.9s avg, 3.7e+02s total. Expected time remaining: 0.0s
2020-07-26 18:53:48,397 - root - INFO - #200 MAX:accuracy.mean: 0.92
2020-07-26 18:53:48,584 - root - DEBUG - Loaded 150 samples.
2020-07-26 18:53:48,589 - root - INFO - Evaluating indivs in hall of fame.
2020-07-26 18:53:50,574 - root - INFO - Completed excution.
