2020-07-20 01:31:08,809 - root - INFO - Package version 0.1.1
2020-07-20 01:31:08,809 - root - INFO - Saving data at /vol/fob-vol1/mi15/plonerma/Lab/rewann/data/2020-07-20_Iris [0, 2, 4, 6, 9]; lognormal 0,0.5; signed: False_000.
2020-07-20 01:31:08,809 - root - DEBUG - Loading training dataset
2020-07-20 01:31:08,870 - root - DEBUG - Loaded 150 samples.
2020-07-20 01:31:08,870 - root - DEBUG - Running experiments with the following parameters:
debug = true
experiment_name = "Iris [0, 2, 4, 6, 9]; lognormal 0,0.5; signed: False"
experiment_path = "data/2020-07-20_Iris [0, 2, 4, 6, 9]; lognormal 0,0.5; signed: False_000"

[config]
num_workers = 1
debug = true
backend = "numpy"

[postopt]
run_postopt = true
compile_report = false
num_weights = 100
num_samples = -1

[sampling]
seed = 0
post_init_seed = false
distribution = "lognormal"
lower_bound = -2
upper_bound = 2
mean = 0
sigma = 0.5
num_weights_per_iteration = 5
num_samples_per_iteration = -1
hof_evaluation_iterations = 20

[task]
name = "iris"
sample_order_seed = 0
test_portion = 0.2
sample_length = 10
num_categories = 8

[storage]
data_base_path = "data"
log_filename = "execution.log"
commit_elite_freq = -1
commit_metrics_freq = 10

[population]
num_generations = 200
size = 100
initial_enabled_edge_prob = 0.05
initial_genes = "full"
hof_size = 10
enable_edge_signs = false
enabled_activation_funcs = [ 0, 2, 4, 6, 9,]

[selection]
use_tournaments = true
elite_ratio = 0.1
culling_ratio = 0.2
tournament_size = 5
objectives = [ "-log_loss.min", "-log_loss.mean", "-n_hidden",]
recorded_metrics = [ "accuracy", "kappa", "log_loss",]
hof_metric = "accuracy.mean"

[mutation.new_edge]
probability = 0.2
strategy = "layer_agnostic"
propability = 0.2

[mutation.new_node]
probability = 0.25
propability = 0.3

[mutation.reenable_edge]
probability = 0.05
propability = 0.1

[mutation.change_activation]
probability = 0.5
propability = 0.4

[mutation.change_edge_sign]
probability = 0.2

[mutation.new_recurrent_edge]
probability = 0.2
strategy = "any"

2020-07-20 01:31:08,878 - root - INFO - Starting evolutionary algorithm
2020-07-20 01:31:08,894 - root - DEBUG - Sampled weight [1.8417063  0.90808171 0.98347836 0.46514702 1.10887419]
2020-07-20 01:31:09,936 - root - DEBUG - Updating hall of fame
2020-07-20 01:31:11,825 - root - INFO - Completed generation 1; 2.9s elapsed, 2.9s avg, 2.9s total. Expected time remaining: 5.9e+02s
2020-07-20 01:31:11,878 - root - INFO - #1 MAX:accuracy.mean: 0.67
2020-07-20 01:31:11,918 - root - DEBUG - Sampled weight [0.85989404 0.56567456 1.11892455 0.77789307 1.98937588]
2020-07-20 01:31:12,955 - root - DEBUG - Updating hall of fame
2020-07-20 01:31:14,775 - root - INFO - Completed generation 2; 2.9s elapsed, 2.9s avg, 5.8s total. Expected time remaining: 5.8e+02s
2020-07-20 01:31:14,825 - root - INFO - #2 MAX:accuracy.mean: 0.67
2020-07-20 01:31:14,866 - root - DEBUG - Sampled weight [0.98574736 1.34461996 1.50402085 0.74443253 1.89308881]
2020-07-20 01:31:15,909 - root - DEBUG - Updating hall of fame
2020-07-20 01:31:17,557 - root - INFO - Completed generation 3; 2.7s elapsed, 2.9s avg, 8.6s total. Expected time remaining: 5.6e+02s
2020-07-20 01:31:17,609 - root - INFO - #3 MAX:accuracy.mean: 0.67
2020-07-20 01:31:17,649 - root - DEBUG - Sampled weight [1.22751424 1.22179389 0.63175126 2.49164436 1.10505191]
2020-07-20 01:31:18,693 - root - DEBUG - Updating hall of fame
2020-07-20 01:31:20,518 - root - INFO - Completed generation 4; 2.9s elapsed, 2.9s avg, 1.1e+01s total. Expected time remaining: 5.6e+02s
2020-07-20 01:31:20,569 - root - INFO - #4 MAX:accuracy.mean: 0.68
2020-07-20 01:31:20,609 - root - DEBUG - Sampled weight [1.43244665 0.2052601  1.31778155 1.06528281 1.14406081]
2020-07-20 01:31:21,656 - root - DEBUG - Updating hall of fame
2020-07-20 01:31:23,320 - root - INFO - Completed generation 5; 2.8s elapsed, 2.8s avg, 1.4e+01s total. Expected time remaining: 5.6e+02s
2020-07-20 01:31:23,371 - root - INFO - #5 MAX:accuracy.mean: 0.67
2020-07-20 01:31:23,412 - root - DEBUG - Sampled weight [0.66848283 2.48141595 1.51178298 2.13669202 2.41506605]
2020-07-20 01:31:24,459 - root - DEBUG - Updating hall of fame
2020-07-20 01:31:25,584 - root - INFO - Completed generation 6; 2.2s elapsed, 2.7s avg, 1.6e+01s total. Expected time remaining: 5.3e+02s
2020-07-20 01:31:25,635 - root - INFO - #6 MAX:accuracy.mean: 0.67
2020-07-20 01:31:25,675 - root - DEBUG - Sampled weight [1.14621521 0.57725468 0.25192297 1.45946207 0.61177901]
2020-07-20 01:31:26,724 - root - DEBUG - Updating hall of fame
2020-07-20 01:31:27,651 - root - INFO - Completed generation 7; 2.0s elapsed, 2.6s avg, 1.8e+01s total. Expected time remaining: 5.1e+02s
2020-07-20 01:31:27,703 - root - INFO - #7 MAX:accuracy.mean: 0.67
2020-07-20 01:31:27,744 - root - DEBUG - Sampled weight [0.69405305 0.70310206 2.06440442 2.48627891 1.81500782]
2020-07-20 01:31:28,788 - root - DEBUG - Updating hall of fame
2020-07-20 01:31:29,695 - root - INFO - Completed generation 8; 2.0s elapsed, 2.6s avg, 2e+01s total. Expected time remaining: 4.9e+02s
2020-07-20 01:31:29,746 - root - INFO - #8 MAX:accuracy.mean: 0.66
2020-07-20 01:31:29,787 - root - DEBUG - Sampled weight [1.04914232 0.77478463 2.01777298 1.65690359 0.79128082]
2020-07-20 01:31:30,837 - root - DEBUG - Updating hall of fame
2020-07-20 01:31:31,384 - root - INFO - Completed generation 9; 1.6s elapsed, 2.5s avg, 2.2e+01s total. Expected time remaining: 4.7e+02s
2020-07-20 01:31:31,435 - root - INFO - #9 MAX:accuracy.mean: 0.67
2020-07-20 01:31:31,475 - root - DEBUG - Sampled weight [1.30471117 2.92082185 1.21404589 2.30036897 1.54036815]
2020-07-20 01:31:32,522 - root - DEBUG - Updating hall of fame
2020-07-20 01:31:33,432 - root - INFO - Completed generation 10; 2.0s elapsed, 2.4s avg, 2.4e+01s total. Expected time remaining: 4.6e+02s
2020-07-20 01:31:33,484 - root - INFO - #10 MAX:accuracy.mean: 0.67
2020-07-20 01:31:33,596 - root - DEBUG - Sampled weight [0.51802442 1.03543325 0.76031453 0.84418093 1.33855687]
2020-07-20 01:31:34,648 - root - DEBUG - Updating hall of fame
2020-07-20 01:31:35,010 - root - INFO - Completed generation 11; 1.5s elapsed, 2.3s avg, 2.6e+01s total. Expected time remaining: 4.4e+02s
2020-07-20 01:31:35,061 - root - INFO - #11 MAX:accuracy.mean: 0.64
2020-07-20 01:31:35,101 - root - DEBUG - Sampled weight [0.8534778  0.95251386 0.89183395 0.89701989 1.43523039]
2020-07-20 01:31:36,147 - root - DEBUG - Updating hall of fame
2020-07-20 01:31:37,239 - root - INFO - Completed generation 12; 2.2s elapsed, 2.3s avg, 2.8e+01s total. Expected time remaining: 4.3e+02s
2020-07-20 01:31:37,291 - root - INFO - #12 MAX:accuracy.mean: 0.64
2020-07-20 01:31:37,331 - root - DEBUG - Sampled weight [0.8222695  1.07697282 0.49844037 0.6593121  0.87517486]
2020-07-20 01:31:38,389 - root - DEBUG - Updating hall of fame
2020-07-20 01:31:39,121 - root - INFO - Completed generation 13; 1.8s elapsed, 2.3s avg, 3e+01s total. Expected time remaining: 4.3e+02s
2020-07-20 01:31:39,173 - root - INFO - #13 MAX:accuracy.mean: 0.65
2020-07-20 01:31:39,213 - root - DEBUG - Sampled weight [0.78253958 1.97727271 0.89706707 1.41784704 0.63595482]
2020-07-20 01:31:40,264 - root - DEBUG - Updating hall of fame
2020-07-20 01:31:41,360 - root - INFO - Completed generation 14; 2.2s elapsed, 2.3s avg, 3.2e+01s total. Expected time remaining: 4.2e+02s
2020-07-20 01:31:41,411 - root - INFO - #14 MAX:accuracy.mean: 0.66
2020-07-20 01:31:41,451 - root - DEBUG - Sampled weight [1.6922656  0.91787284 1.16815587 0.89432316 1.94293236]
2020-07-20 01:31:42,512 - root - DEBUG - Updating hall of fame
2020-07-20 01:31:43,066 - root - INFO - Completed generation 15; 1.7s elapsed, 2.2s avg, 3.3e+01s total. Expected time remaining: 4.1e+02s
2020-07-20 01:31:43,117 - root - INFO - #15 MAX:accuracy.mean: 0.66
2020-07-20 01:31:43,158 - root - DEBUG - Sampled weight [1.08204453 0.50994313 0.71181589 0.87821725 0.81395647]
2020-07-20 01:31:44,215 - root - DEBUG - Updating hall of fame
2020-07-20 01:31:44,402 - root - INFO - Completed generation 16; 1.3s elapsed, 2.2s avg, 3.5e+01s total. Expected time remaining: 4e+02s
2020-07-20 01:31:44,454 - root - INFO - #16 MAX:accuracy.mean: 0.72
2020-07-20 01:31:44,494 - root - DEBUG - Sampled weight [2.0150183  1.455527   1.3879293  0.87352165 0.4511886 ]
2020-07-20 01:31:45,547 - root - DEBUG - Updating hall of fame
2020-07-20 01:31:46,644 - root - INFO - Completed generation 17; 2.2s elapsed, 2.2s avg, 3.7e+01s total. Expected time remaining: 4e+02s
2020-07-20 01:31:46,696 - root - INFO - #17 MAX:accuracy.mean: 0.62
2020-07-20 01:31:46,735 - root - DEBUG - Sampled weight [1.52957832 1.15482383 1.9968677  1.721955   0.38394307]
2020-07-20 01:31:47,787 - root - DEBUG - Updating hall of fame
2020-07-20 01:31:47,974 - root - INFO - Completed generation 18; 1.3s elapsed, 2.1s avg, 3.8e+01s total. Expected time remaining: 3.9e+02s
2020-07-20 01:31:48,025 - root - INFO - #18 MAX:accuracy.mean: 0.6
2020-07-20 01:31:48,065 - root - DEBUG - Sampled weight [2.12815726 0.62590352 1.22424888 0.71515138 0.59210524]
2020-07-20 01:31:49,121 - root - DEBUG - Updating hall of fame
2020-07-20 01:31:49,121 - root - INFO - Completed generation 19; 1.1s elapsed, 2.1s avg, 3.9e+01s total. Expected time remaining: 3.7e+02s
2020-07-20 01:31:49,173 - root - INFO - #19 MAX:accuracy.mean: 0.7
2020-07-20 01:31:49,213 - root - DEBUG - Sampled weight [0.88059174 1.08271117 1.98223292 2.19903053 0.67953639]
2020-07-20 01:31:50,267 - root - DEBUG - Updating hall of fame
2020-07-20 01:31:50,995 - root - INFO - Completed generation 20; 1.8s elapsed, 2.1s avg, 4.1e+01s total. Expected time remaining: 3.7e+02s
2020-07-20 01:31:51,047 - root - INFO - #20 MAX:accuracy.mean: 0.61
2020-07-20 01:31:51,137 - root - DEBUG - Sampled weight [0.55681872 0.64259554 0.91234112 0.87126408 1.24883455]
2020-07-20 01:31:52,196 - root - DEBUG - Updating hall of fame
2020-07-20 01:31:52,743 - root - INFO - Completed generation 21; 1.6s elapsed, 2.0s avg, 4.3e+01s total. Expected time remaining: 3.6e+02s
2020-07-20 01:31:52,795 - root - INFO - #21 MAX:accuracy.mean: 0.74
2020-07-20 01:31:52,835 - root - DEBUG - Sampled weight [1.99328081 0.89137475 1.6492345  1.30162248 1.56089244]
2020-07-20 01:31:53,897 - root - DEBUG - Updating hall of fame
2020-07-20 01:31:54,813 - root - INFO - Completed generation 22; 2.0s elapsed, 2.0s avg, 4.5e+01s total. Expected time remaining: 3.6e+02s
2020-07-20 01:31:54,864 - root - INFO - #22 MAX:accuracy.mean: 0.67
2020-07-20 01:31:54,904 - root - DEBUG - Sampled weight [0.40161712 0.41576963 1.36614964 1.57060122 1.11758656]
2020-07-20 01:31:55,965 - root - DEBUG - Updating hall of fame
2020-07-20 01:31:56,517 - root - INFO - Completed generation 23; 1.7s elapsed, 2.0s avg, 4.6e+01s total. Expected time remaining: 3.6e+02s
2020-07-20 01:31:56,568 - root - INFO - #23 MAX:accuracy.mean: 0.61
2020-07-20 01:31:56,609 - root - DEBUG - Sampled weight [0.42025672 1.3031341  0.99348622 1.10119971 0.71954229]
2020-07-20 01:31:57,671 - root - DEBUG - Updating hall of fame
2020-07-20 01:31:57,854 - root - INFO - Completed generation 24; 1.3s elapsed, 2.0s avg, 4.8e+01s total. Expected time remaining: 3.5e+02s
2020-07-20 01:31:57,905 - root - INFO - #24 MAX:accuracy.mean: 0.66
2020-07-20 01:31:57,946 - root - DEBUG - Sampled weight [0.9232499  1.07284643 1.4715481  3.00645743 0.90303712]
2020-07-20 01:31:59,007 - root - DEBUG - Updating hall of fame
2020-07-20 01:31:59,376 - root - INFO - Completed generation 25; 1.5s elapsed, 2.0s avg, 4.9e+01s total. Expected time remaining: 3.4e+02s
2020-07-20 01:31:59,428 - root - INFO - #25 MAX:accuracy.mean: 0.65
2020-07-20 01:31:59,469 - root - DEBUG - Sampled weight [1.37922378 1.07078961 1.42257828 1.02898086 1.78882967]
2020-07-20 01:32:00,531 - root - DEBUG - Updating hall of fame
2020-07-20 01:32:01,636 - root - INFO - Completed generation 26; 2.2s elapsed, 2.0s avg, 5.1e+01s total. Expected time remaining: 3.4e+02s
2020-07-20 01:32:01,687 - root - INFO - #26 MAX:accuracy.mean: 0.67
2020-07-20 01:32:01,727 - root - DEBUG - Sampled weight [1.1895544  1.60275958 1.25889087 1.31983151 0.72872327]
2020-07-20 01:32:02,799 - root - DEBUG - Updating hall of fame
2020-07-20 01:32:02,800 - root - INFO - Completed generation 27; 1.1s elapsed, 1.9s avg, 5.2e+01s total. Expected time remaining: 3.4e+02s
2020-07-20 01:32:02,851 - root - INFO - #27 MAX:accuracy.mean: 0.67
2020-07-20 01:32:02,892 - root - DEBUG - Sampled weight [0.64876174 1.21293509 1.8372756  1.88430427 1.15329554]
2020-07-20 01:32:03,952 - root - DEBUG - Updating hall of fame
2020-07-20 01:32:04,316 - root - INFO - Completed generation 28; 1.5s elapsed, 1.9s avg, 5.4e+01s total. Expected time remaining: 3.3e+02s
2020-07-20 01:32:04,367 - root - INFO - #28 MAX:accuracy.mean: 0.66
2020-07-20 01:32:04,413 - root - DEBUG - Sampled weight [0.66545601 0.89896931 0.90925699 0.76030277 1.81542892]
2020-07-20 01:32:05,477 - root - DEBUG - Updating hall of fame
2020-07-20 01:32:06,027 - root - INFO - Completed generation 29; 1.7s elapsed, 1.9s avg, 5.6e+01s total. Expected time remaining: 3.3e+02s
2020-07-20 01:32:06,078 - root - INFO - #29 MAX:accuracy.mean: 0.76
2020-07-20 01:32:06,119 - root - DEBUG - Sampled weight [0.68185963 0.9947422  1.51948045 0.71617443 1.59181869]
2020-07-20 01:32:07,185 - root - DEBUG - Updating hall of fame
2020-07-20 01:32:07,923 - root - INFO - Completed generation 30; 1.8s elapsed, 1.9s avg, 5.7e+01s total. Expected time remaining: 3.3e+02s
2020-07-20 01:32:07,975 - root - INFO - #30 MAX:accuracy.mean: 0.73
2020-07-20 01:32:08,053 - root - DEBUG - Sampled weight [1.23416948 0.94172656 1.78018729 2.83637936 0.88920079]
2020-07-20 01:32:09,124 - root - DEBUG - Updating hall of fame
2020-07-20 01:32:09,862 - root - INFO - Completed generation 31; 1.9s elapsed, 1.9s avg, 5.9e+01s total. Expected time remaining: 3.2e+02s
2020-07-20 01:32:09,914 - root - INFO - #31 MAX:accuracy.mean: 0.67
2020-07-20 01:32:09,955 - root - DEBUG - Sampled weight [0.92120721 3.79876948 0.6985495  1.74095552 1.30535975]
2020-07-20 01:32:11,028 - root - DEBUG - Updating hall of fame
2020-07-20 01:32:11,778 - root - INFO - Completed generation 32; 1.9s elapsed, 1.9s avg, 6.1e+01s total. Expected time remaining: 3.2e+02s
2020-07-20 01:32:11,829 - root - INFO - #32 MAX:accuracy.mean: 0.64
2020-07-20 01:32:11,870 - root - DEBUG - Sampled weight [0.62375357 2.2164773  1.60481363 1.27636367 0.88742649]
2020-07-20 01:32:12,939 - root - DEBUG - Updating hall of fame
2020-07-20 01:32:13,307 - root - INFO - Completed generation 33; 1.5s elapsed, 1.9s avg, 6.3e+01s total. Expected time remaining: 3.2e+02s
2020-07-20 01:32:13,359 - root - INFO - #33 MAX:accuracy.mean: 0.66
2020-07-20 01:32:13,399 - root - DEBUG - Sampled weight [0.93049426 0.97783867 0.75458775 0.7254019  1.54706104]
2020-07-20 01:32:14,472 - root - DEBUG - Updating hall of fame
2020-07-20 01:32:14,840 - root - INFO - Completed generation 34; 1.5s elapsed, 1.9s avg, 6.4e+01s total. Expected time remaining: 3.1e+02s
2020-07-20 01:32:14,891 - root - INFO - #34 MAX:accuracy.mean: 0.75
2020-07-20 01:32:14,931 - root - DEBUG - Sampled weight [0.80716669 3.08698212 0.67100068 1.64228307 0.3228764 ]
2020-07-20 01:32:16,009 - root - DEBUG - Updating hall of fame
2020-07-20 01:32:17,127 - root - INFO - Completed generation 35; 2.2s elapsed, 1.9s avg, 6.6e+01s total. Expected time remaining: 3.1e+02s
2020-07-20 01:32:17,178 - root - INFO - #35 MAX:accuracy.mean: 0.63
2020-07-20 01:32:17,219 - root - DEBUG - Sampled weight [0.85136595 1.69003731 1.85533176 1.68538714 2.16332691]
2020-07-20 01:32:18,298 - root - DEBUG - Updating hall of fame
2020-07-20 01:32:18,298 - root - INFO - Completed generation 36; 1.1s elapsed, 1.9s avg, 6.7e+01s total. Expected time remaining: 3.1e+02s
2020-07-20 01:32:18,350 - root - INFO - #36 MAX:accuracy.mean: 0.69
2020-07-20 01:32:18,391 - root - DEBUG - Sampled weight [0.74029446 1.3879042  0.69728191 1.25342655 1.22995757]
2020-07-20 01:32:19,466 - root - DEBUG - Updating hall of fame
2020-07-20 01:32:20,028 - root - INFO - Completed generation 37; 1.7s elapsed, 1.9s avg, 6.9e+01s total. Expected time remaining: 3e+02s
2020-07-20 01:32:20,080 - root - INFO - #37 MAX:accuracy.mean: 0.7
2020-07-20 01:32:20,120 - root - DEBUG - Sampled weight [0.95480027 2.47153417 0.69647286 1.21202603 1.05421017]
2020-07-20 01:32:21,181 - root - DEBUG - Updating hall of fame
2020-07-20 01:32:21,912 - root - INFO - Completed generation 38; 1.8s elapsed, 1.9s avg, 7.1e+01s total. Expected time remaining: 3e+02s
2020-07-20 01:32:21,997 - root - INFO - #38 MAX:accuracy.mean: 0.66
2020-07-20 01:32:22,039 - root - DEBUG - Sampled weight [2.61545194 1.22732015 1.32725253 0.73177331 0.41571174]
2020-07-20 01:32:23,110 - root - DEBUG - Updating hall of fame
2020-07-20 01:32:23,845 - root - INFO - Completed generation 39; 1.8s elapsed, 1.9s avg, 7.3e+01s total. Expected time remaining: 3e+02s
2020-07-20 01:32:23,897 - root - INFO - #39 MAX:accuracy.mean: 0.59
2020-07-20 01:32:23,938 - root - DEBUG - Sampled weight [0.86614696 2.0746896  1.10982114 0.92168395 3.93336537]
2020-07-20 01:32:25,002 - root - DEBUG - Updating hall of fame
2020-07-20 01:32:25,186 - root - INFO - Completed generation 40; 1.3s elapsed, 1.9s avg, 7.4e+01s total. Expected time remaining: 3e+02s
2020-07-20 01:32:25,237 - root - INFO - #40 MAX:accuracy.mean: 0.64
2020-07-20 01:32:25,321 - root - DEBUG - Sampled weight [0.88284261 0.89536599 0.46445054 0.70885498 0.96244402]
2020-07-20 01:32:26,394 - root - DEBUG - Updating hall of fame
2020-07-20 01:32:27,321 - root - INFO - Completed generation 41; 2.0s elapsed, 1.9s avg, 7.6e+01s total. Expected time remaining: 3e+02s
2020-07-20 01:32:27,372 - root - INFO - #41 MAX:accuracy.mean: 0.77
2020-07-20 01:32:27,414 - root - DEBUG - Sampled weight [1.26212032 0.90054968 0.83819589 1.5418206  2.07086448]
2020-07-20 01:32:28,487 - root - DEBUG - Updating hall of fame
2020-07-20 01:32:29,419 - root - INFO - Completed generation 42; 2.0s elapsed, 1.9s avg, 7.8e+01s total. Expected time remaining: 2.9e+02s
2020-07-20 01:32:29,470 - root - INFO - #42 MAX:accuracy.mean: 0.66
2020-07-20 01:32:29,510 - root - DEBUG - Sampled weight [0.70595032 1.0552987  0.4576481  0.51770383 1.95233021]
2020-07-20 01:32:30,582 - root - DEBUG - Updating hall of fame
2020-07-20 01:32:30,765 - root - INFO - Completed generation 43; 1.3s elapsed, 1.8s avg, 7.9e+01s total. Expected time remaining: 2.9e+02s
2020-07-20 01:32:30,816 - root - INFO - #43 MAX:accuracy.mean: 0.59
2020-07-20 01:32:30,857 - root - DEBUG - Sampled weight [0.73604564 1.36200707 1.96560659 0.67157911 1.50618858]
2020-07-20 01:32:31,924 - root - DEBUG - Updating hall of fame
2020-07-20 01:32:32,109 - root - INFO - Completed generation 44; 1.3s elapsed, 1.8s avg, 8.1e+01s total. Expected time remaining: 2.9e+02s
2020-07-20 01:32:32,160 - root - INFO - #44 MAX:accuracy.mean: 0.66
2020-07-20 01:32:32,200 - root - DEBUG - Sampled weight [1.10279487 1.43172882 0.69877508 0.57626668 0.50727447]
2020-07-20 01:32:33,270 - root - DEBUG - Updating hall of fame
2020-07-20 01:32:33,637 - root - INFO - Completed generation 45; 1.5s elapsed, 1.8s avg, 8.2e+01s total. Expected time remaining: 2.8e+02s
2020-07-20 01:32:33,688 - root - INFO - #45 MAX:accuracy.mean: 0.63
2020-07-20 01:32:33,730 - root - DEBUG - Sampled weight [1.36976235 0.60782829 0.42352474 1.15279007 0.65571091]
2020-07-20 01:32:34,797 - root - DEBUG - Updating hall of fame
2020-07-20 01:32:34,984 - root - INFO - Completed generation 46; 1.3s elapsed, 1.8s avg, 8.4e+01s total. Expected time remaining: 2.8e+02s
2020-07-20 01:32:35,035 - root - INFO - #46 MAX:accuracy.mean: 0.67
2020-07-20 01:32:35,076 - root - DEBUG - Sampled weight [1.13977233 0.50367395 1.03797778 0.49572896 1.00229171]
2020-07-20 01:32:36,147 - root - DEBUG - Updating hall of fame
2020-07-20 01:32:36,334 - root - INFO - Completed generation 47; 1.3s elapsed, 1.8s avg, 8.5e+01s total. Expected time remaining: 2.8e+02s
2020-07-20 01:32:36,386 - root - INFO - #47 MAX:accuracy.mean: 0.69
2020-07-20 01:32:36,427 - root - DEBUG - Sampled weight [1.02586157 0.53507423 3.69541841 0.97089713 1.03664507]
2020-07-20 01:32:37,500 - root - DEBUG - Updating hall of fame
2020-07-20 01:32:38,062 - root - INFO - Completed generation 48; 1.7s elapsed, 1.8s avg, 8.7e+01s total. Expected time remaining: 2.7e+02s
2020-07-20 01:32:38,114 - root - INFO - #48 MAX:accuracy.mean: 0.67
2020-07-20 01:32:38,155 - root - DEBUG - Sampled weight [0.49023285 1.67633053 1.34836628 0.6848156  0.49989462]
2020-07-20 01:32:39,234 - root - DEBUG - Updating hall of fame
2020-07-20 01:32:39,793 - root - INFO - Completed generation 49; 1.7s elapsed, 1.8s avg, 8.8e+01s total. Expected time remaining: 2.7e+02s
2020-07-20 01:32:39,844 - root - INFO - #49 MAX:accuracy.mean: 0.7
2020-07-20 01:32:39,885 - root - DEBUG - Sampled weight [1.10682137 0.87051937 2.42187108 0.33654366 0.47467546]
2020-07-20 01:32:40,959 - root - DEBUG - Updating hall of fame
2020-07-20 01:32:40,960 - root - INFO - Completed generation 50; 1.1s elapsed, 1.8s avg, 8.9e+01s total. Expected time remaining: 2.7e+02s
2020-07-20 01:32:41,011 - root - INFO - #50 MAX:accuracy.mean: 0.62
2020-07-20 01:32:41,135 - root - DEBUG - Sampled weight [0.23114995 1.88714974 0.35313505 3.85073659 0.49818264]
2020-07-20 01:32:42,213 - root - DEBUG - Updating hall of fame
2020-07-20 01:32:42,773 - root - INFO - Completed generation 51; 1.7s elapsed, 1.8s avg, 9.1e+01s total. Expected time remaining: 2.7e+02s
2020-07-20 01:32:42,825 - root - INFO - #51 MAX:accuracy.mean: 0.62
2020-07-20 01:32:42,867 - root - DEBUG - Sampled weight [1.7014723  1.08048883 1.12131743 0.76967817 0.52521403]
2020-07-20 01:32:43,945 - root - DEBUG - Updating hall of fame
2020-07-20 01:32:43,946 - root - INFO - Completed generation 52; 1.1s elapsed, 1.8s avg, 9.2e+01s total. Expected time remaining: 2.6e+02s
2020-07-20 01:32:43,997 - root - INFO - #52 MAX:accuracy.mean: 0.67
2020-07-20 01:32:44,038 - root - DEBUG - Sampled weight [0.75325359 3.28739506 0.97580981 0.42806376 1.49363397]
2020-07-20 01:32:45,108 - root - DEBUG - Updating hall of fame
2020-07-20 01:32:45,852 - root - INFO - Completed generation 53; 1.9s elapsed, 1.8s avg, 9.4e+01s total. Expected time remaining: 2.6e+02s
2020-07-20 01:32:45,905 - root - INFO - #53 MAX:accuracy.mean: 0.62
2020-07-20 01:32:45,945 - root - DEBUG - Sampled weight [0.70001768 1.03520285 0.65886808 0.94973635 0.78871342]
2020-07-20 01:32:47,017 - root - DEBUG - Updating hall of fame
2020-07-20 01:32:47,765 - root - INFO - Completed generation 54; 1.9s elapsed, 1.8s avg, 9.6e+01s total. Expected time remaining: 2.6e+02s
2020-07-20 01:32:47,816 - root - INFO - #54 MAX:accuracy.mean: 0.78
2020-07-20 01:32:47,856 - root - DEBUG - Sampled weight [0.62165991 0.63261988 1.04432802 0.97732538 1.35205677]
2020-07-20 01:32:48,938 - root - DEBUG - Updating hall of fame
2020-07-20 01:32:49,497 - root - INFO - Completed generation 55; 1.7s elapsed, 1.8s avg, 9.8e+01s total. Expected time remaining: 2.6e+02s
2020-07-20 01:32:49,549 - root - INFO - #55 MAX:accuracy.mean: 0.87
2020-07-20 01:32:49,590 - root - DEBUG - Sampled weight [0.94818307 0.8094138  1.15362567 0.97801573 1.20837712]
2020-07-20 01:32:50,653 - root - DEBUG - Updating hall of fame
2020-07-20 01:32:51,571 - root - INFO - Completed generation 56; 2.0s elapsed, 1.8s avg, 1e+02s total. Expected time remaining: 2.6e+02s
2020-07-20 01:32:51,622 - root - INFO - #56 MAX:accuracy.mean: 0.78
2020-07-20 01:32:51,662 - root - DEBUG - Sampled weight [0.57657506 0.60442593 1.46331301 0.8542118  0.78712051]
2020-07-20 01:32:52,723 - root - DEBUG - Updating hall of fame
2020-07-20 01:32:53,455 - root - INFO - Completed generation 57; 1.8s elapsed, 1.8s avg, 1e+02s total. Expected time remaining: 2.5e+02s
2020-07-20 01:32:53,507 - root - INFO - #57 MAX:accuracy.mean: 0.7
2020-07-20 01:32:53,548 - root - DEBUG - Sampled weight [0.52512554 0.64084803 1.47316418 0.85314358 1.21035537]
2020-07-20 01:32:54,610 - root - DEBUG - Updating hall of fame
2020-07-20 01:32:54,794 - root - INFO - Completed generation 58; 1.3s elapsed, 1.8s avg, 1e+02s total. Expected time remaining: 2.5e+02s
2020-07-20 01:32:54,846 - root - INFO - #58 MAX:accuracy.mean: 0.77
2020-07-20 01:32:54,888 - root - DEBUG - Sampled weight [0.76994432 0.56036834 1.57092356 0.81394522 0.58847738]
2020-07-20 01:32:55,944 - root - DEBUG - Updating hall of fame
2020-07-20 01:32:56,676 - root - INFO - Completed generation 59; 1.8s elapsed, 1.8s avg, 1e+02s total. Expected time remaining: 2.5e+02s
2020-07-20 01:32:56,727 - root - INFO - #59 MAX:accuracy.mean: 0.78
2020-07-20 01:32:56,769 - root - DEBUG - Sampled weight [1.30610655 0.84833371 1.01037609 0.74050468 1.46596353]
2020-07-20 01:32:57,832 - root - DEBUG - Updating hall of fame
2020-07-20 01:32:58,215 - root - INFO - Completed generation 60; 1.5s elapsed, 1.8s avg, 1.1e+02s total. Expected time remaining: 2.5e+02s
2020-07-20 01:32:58,266 - root - INFO - #60 MAX:accuracy.mean: 0.86
2020-07-20 01:32:58,386 - root - DEBUG - Sampled weight [1.01284837 1.08165445 0.62334355 0.63412462 1.03703302]
2020-07-20 01:32:59,465 - root - DEBUG - Updating hall of fame
2020-07-20 01:33:00,575 - root - INFO - Completed generation 61; 2.2s elapsed, 1.8s avg, 1.1e+02s total. Expected time remaining: 2.5e+02s
2020-07-20 01:33:00,626 - root - INFO - #61 MAX:accuracy.mean: 0.82
2020-07-20 01:33:00,668 - root - DEBUG - Sampled weight [1.25771477 1.42014112 1.55127751 3.2747264  1.12679559]
2020-07-20 01:33:01,761 - root - DEBUG - Updating hall of fame
2020-07-20 01:33:02,596 - root - INFO - Completed generation 62; 2.0s elapsed, 1.8s avg, 1.1e+02s total. Expected time remaining: 2.5e+02s
2020-07-20 01:33:02,652 - root - INFO - #62 MAX:accuracy.mean: 0.82
2020-07-20 01:33:02,696 - root - DEBUG - Sampled weight [1.36047417 1.60843247 0.89424759 0.94476966 0.5530924 ]
2020-07-20 01:33:03,843 - root - DEBUG - Updating hall of fame
2020-07-20 01:33:05,062 - root - INFO - Completed generation 63; 2.4s elapsed, 1.8s avg, 1.1e+02s total. Expected time remaining: 2.4e+02s
2020-07-20 01:33:05,118 - root - INFO - #63 MAX:accuracy.mean: 0.79
2020-07-20 01:33:05,161 - root - DEBUG - Sampled weight [1.45833154 1.63568924 1.38496395 1.19967531 2.11459274]
2020-07-20 01:33:06,283 - root - DEBUG - Updating hall of fame
2020-07-20 01:33:07,248 - root - INFO - Completed generation 64; 2.1s elapsed, 1.8s avg, 1.1e+02s total. Expected time remaining: 2.4e+02s
2020-07-20 01:33:07,299 - root - INFO - #64 MAX:accuracy.mean: 0.88
2020-07-20 01:33:07,340 - root - DEBUG - Sampled weight [1.19414596 0.40250543 1.06343391 0.96359805 0.48911065]
2020-07-20 01:33:08,405 - root - DEBUG - Updating hall of fame
2020-07-20 01:33:09,529 - root - INFO - Completed generation 65; 2.2s elapsed, 1.8s avg, 1.2e+02s total. Expected time remaining: 2.4e+02s
2020-07-20 01:33:09,581 - root - INFO - #65 MAX:accuracy.mean: 0.83
2020-07-20 01:33:09,622 - root - DEBUG - Sampled weight [1.38307585 0.74128155 0.89340214 0.54283472 1.47834537]
2020-07-20 01:33:10,697 - root - DEBUG - Updating hall of fame
2020-07-20 01:33:11,477 - root - INFO - Completed generation 66; 1.9s elapsed, 1.8s avg, 1.2e+02s total. Expected time remaining: 2.4e+02s
2020-07-20 01:33:11,529 - root - INFO - #66 MAX:accuracy.mean: 0.82
2020-07-20 01:33:11,569 - root - DEBUG - Sampled weight [1.36182794 0.79973192 2.74409992 1.76457914 0.41682089]
2020-07-20 01:33:12,649 - root - DEBUG - Updating hall of fame
2020-07-20 01:33:13,618 - root - INFO - Completed generation 67; 2.1s elapsed, 1.8s avg, 1.2e+02s total. Expected time remaining: 2.4e+02s
2020-07-20 01:33:13,670 - root - INFO - #67 MAX:accuracy.mean: 0.82
2020-07-20 01:33:13,711 - root - DEBUG - Sampled weight [0.53614413 0.91354939 0.92260498 0.78016966 1.15102219]
2020-07-20 01:33:14,794 - root - DEBUG - Updating hall of fame
2020-07-20 01:33:15,749 - root - INFO - Completed generation 68; 2.1s elapsed, 1.8s avg, 1.2e+02s total. Expected time remaining: 2.4e+02s
2020-07-20 01:33:15,800 - root - INFO - #68 MAX:accuracy.mean: 0.89
2020-07-20 01:33:15,842 - root - DEBUG - Sampled weight [1.4952079  1.92373614 0.55230062 1.23468144 0.69243163]
2020-07-20 01:33:16,925 - root - DEBUG - Updating hall of fame
2020-07-20 01:33:17,906 - root - INFO - Completed generation 69; 2.1s elapsed, 1.8s avg, 1.3e+02s total. Expected time remaining: 2.4e+02s
2020-07-20 01:33:17,958 - root - INFO - #69 MAX:accuracy.mean: 0.85
2020-07-20 01:33:17,999 - root - DEBUG - Sampled weight [0.55540193 0.58737794 2.2843554  1.88813899 0.40453567]
2020-07-20 01:33:19,078 - root - DEBUG - Updating hall of fame
2020-07-20 01:33:20,028 - root - INFO - Completed generation 70; 2.1s elapsed, 1.8s avg, 1.3e+02s total. Expected time remaining: 2.4e+02s
2020-07-20 01:33:20,079 - root - INFO - #70 MAX:accuracy.mean: 0.85
2020-07-20 01:33:20,173 - root - DEBUG - Sampled weight [0.55240692 1.07077668 1.2270786  0.5247133  0.99165181]
2020-07-20 01:33:21,259 - root - DEBUG - Updating hall of fame
2020-07-20 01:33:22,225 - root - INFO - Completed generation 71; 2.1s elapsed, 1.8s avg, 1.3e+02s total. Expected time remaining: 2.3e+02s
2020-07-20 01:33:22,278 - root - INFO - #71 MAX:accuracy.mean: 0.87
2020-07-20 01:33:22,321 - root - DEBUG - Sampled weight [0.61607887 1.09253077 0.90611011 0.57579218 2.54083138]
2020-07-20 01:33:23,485 - root - DEBUG - Updating hall of fame
2020-07-20 01:33:24,126 - root - INFO - Completed generation 72; 1.8s elapsed, 1.8s avg, 1.3e+02s total. Expected time remaining: 2.3e+02s
2020-07-20 01:33:24,177 - root - INFO - #72 MAX:accuracy.mean: 0.84
2020-07-20 01:33:24,219 - root - DEBUG - Sampled weight [1.08171254 0.68616369 1.34900609 1.15293087 3.79951542]
2020-07-20 01:33:25,300 - root - DEBUG - Updating hall of fame
2020-07-20 01:33:26,053 - root - INFO - Completed generation 73; 1.9s elapsed, 1.8s avg, 1.3e+02s total. Expected time remaining: 2.3e+02s
2020-07-20 01:33:26,104 - root - INFO - #73 MAX:accuracy.mean: 0.83
2020-07-20 01:33:26,145 - root - DEBUG - Sampled weight [1.45726299 1.94571323 1.49250011 1.05451673 1.47076928]
2020-07-20 01:33:27,234 - root - DEBUG - Updating hall of fame
2020-07-20 01:33:27,808 - root - INFO - Completed generation 74; 1.7s elapsed, 1.8s avg, 1.3e+02s total. Expected time remaining: 2.3e+02s
2020-07-20 01:33:27,860 - root - INFO - #74 MAX:accuracy.mean: 0.87
2020-07-20 01:33:27,901 - root - DEBUG - Sampled weight [0.26672518 0.97755558 0.5756034  0.82670998 1.55592625]
2020-07-20 01:33:28,976 - root - DEBUG - Updating hall of fame
2020-07-20 01:33:29,725 - root - INFO - Completed generation 75; 1.9s elapsed, 1.8s avg, 1.4e+02s total. Expected time remaining: 2.3e+02s
2020-07-20 01:33:29,777 - root - INFO - #75 MAX:accuracy.mean: 0.83
2020-07-20 01:33:29,819 - root - DEBUG - Sampled weight [1.24389476 0.32171379 1.05993794 1.02749084 1.00008702]
2020-07-20 01:33:30,905 - root - DEBUG - Updating hall of fame
2020-07-20 01:33:31,305 - root - INFO - Completed generation 76; 1.5s elapsed, 1.8s avg, 1.4e+02s total. Expected time remaining: 2.3e+02s
2020-07-20 01:33:31,357 - root - INFO - #76 MAX:accuracy.mean: 0.85
2020-07-20 01:33:31,397 - root - DEBUG - Sampled weight [0.71659504 0.26124456 0.90670488 2.60049948 2.18637174]
2020-07-20 01:33:32,470 - root - DEBUG - Updating hall of fame
2020-07-20 01:33:32,867 - root - INFO - Completed generation 77; 1.5s elapsed, 1.8s avg, 1.4e+02s total. Expected time remaining: 2.2e+02s
2020-07-20 01:33:32,921 - root - INFO - #77 MAX:accuracy.mean: 0.85
2020-07-20 01:33:32,963 - root - DEBUG - Sampled weight [1.26208009 2.57404337 1.35086063 0.9551993  2.12591547]
2020-07-20 01:33:34,063 - root - DEBUG - Updating hall of fame
2020-07-20 01:33:34,440 - root - INFO - Completed generation 78; 1.5s elapsed, 1.8s avg, 1.4e+02s total. Expected time remaining: 2.2e+02s
2020-07-20 01:33:34,492 - root - INFO - #78 MAX:accuracy.mean: 0.85
2020-07-20 01:33:34,533 - root - DEBUG - Sampled weight [0.91027392 0.62255877 1.88025439 0.9469635  2.09359978]
2020-07-20 01:33:35,607 - root - DEBUG - Updating hall of fame
2020-07-20 01:33:36,178 - root - INFO - Completed generation 79; 1.7s elapsed, 1.8s avg, 1.4e+02s total. Expected time remaining: 2.2e+02s
2020-07-20 01:33:36,229 - root - INFO - #79 MAX:accuracy.mean: 0.9
2020-07-20 01:33:36,269 - root - DEBUG - Sampled weight [1.49526934 0.73552388 3.78295554 0.82036897 1.75205845]
2020-07-20 01:33:37,360 - root - DEBUG - Updating hall of fame
2020-07-20 01:33:38,320 - root - INFO - Completed generation 80; 2.1s elapsed, 1.8s avg, 1.4e+02s total. Expected time remaining: 2.2e+02s
2020-07-20 01:33:38,372 - root - INFO - #80 MAX:accuracy.mean: 0.86
2020-07-20 01:33:38,457 - root - DEBUG - Sampled weight [2.11918677 1.86907058 2.00445853 0.96899178 0.92013885]
2020-07-20 01:33:39,540 - root - DEBUG - Updating hall of fame
2020-07-20 01:33:40,286 - root - INFO - Completed generation 81; 1.9s elapsed, 1.8s avg, 1.5e+02s total. Expected time remaining: 2.2e+02s
2020-07-20 01:33:40,337 - root - INFO - #81 MAX:accuracy.mean: 0.9
2020-07-20 01:33:40,379 - root - DEBUG - Sampled weight [1.2288228  0.86766562 0.62215919 0.54931867 0.9900178 ]
2020-07-20 01:33:41,453 - root - DEBUG - Updating hall of fame
2020-07-20 01:33:42,016 - root - INFO - Completed generation 82; 1.7s elapsed, 1.8s avg, 1.5e+02s total. Expected time remaining: 2.1e+02s
2020-07-20 01:33:42,068 - root - INFO - #82 MAX:accuracy.mean: 0.86
2020-07-20 01:33:42,109 - root - DEBUG - Sampled weight [0.63999215 0.94812554 0.52008958 1.5378387  1.21913537]
2020-07-20 01:33:43,183 - root - DEBUG - Updating hall of fame
2020-07-20 01:33:43,560 - root - INFO - Completed generation 83; 1.5s elapsed, 1.8s avg, 1.5e+02s total. Expected time remaining: 2.1e+02s
2020-07-20 01:33:43,611 - root - INFO - #83 MAX:accuracy.mean: 0.86
2020-07-20 01:33:43,651 - root - DEBUG - Sampled weight [1.31044211 0.68744456 0.6138338  1.04597842 0.71590177]
2020-07-20 01:33:44,741 - root - DEBUG - Updating hall of fame
2020-07-20 01:33:44,925 - root - INFO - Completed generation 84; 1.3s elapsed, 1.8s avg, 1.5e+02s total. Expected time remaining: 2.1e+02s
2020-07-20 01:33:44,977 - root - INFO - #84 MAX:accuracy.mean: 0.9
2020-07-20 01:33:45,017 - root - DEBUG - Sampled weight [0.94924423 0.67484827 0.46476118 0.41736225 0.79096605]
2020-07-20 01:33:46,111 - root - DEBUG - Updating hall of fame
2020-07-20 01:33:46,303 - root - INFO - Completed generation 85; 1.3s elapsed, 1.8s avg, 1.5e+02s total. Expected time remaining: 2.1e+02s
2020-07-20 01:33:46,355 - root - INFO - #85 MAX:accuracy.mean: 0.92
2020-07-20 01:33:46,396 - root - DEBUG - Sampled weight [1.97850018 1.5140996  1.61028251 0.95439022 2.29461333]
2020-07-20 01:33:47,483 - root - DEBUG - Updating hall of fame
2020-07-20 01:33:47,669 - root - INFO - Completed generation 86; 1.3s elapsed, 1.8s avg, 1.5e+02s total. Expected time remaining: 2e+02s
2020-07-20 01:33:47,720 - root - INFO - #86 MAX:accuracy.mean: 0.82
2020-07-20 01:33:47,761 - root - DEBUG - Sampled weight [1.77109623 3.00798421 1.28920502 1.47483992 0.37748348]
2020-07-20 01:33:48,838 - root - DEBUG - Updating hall of fame
2020-07-20 01:33:49,580 - root - INFO - Completed generation 87; 1.9s elapsed, 1.8s avg, 1.6e+02s total. Expected time remaining: 2e+02s
2020-07-20 01:33:49,632 - root - INFO - #87 MAX:accuracy.mean: 0.8
2020-07-20 01:33:49,672 - root - DEBUG - Sampled weight [0.97287425 0.77709223 1.60166787 1.65272256 0.36733162]
2020-07-20 01:33:50,744 - root - DEBUG - Updating hall of fame
2020-07-20 01:33:50,745 - root - INFO - Completed generation 88; 1.1s elapsed, 1.8s avg, 1.6e+02s total. Expected time remaining: 2e+02s
2020-07-20 01:33:50,797 - root - INFO - #88 MAX:accuracy.mean: 0.82
2020-07-20 01:33:50,837 - root - DEBUG - Sampled weight [2.14319375 1.09772126 1.23686881 0.34231659 0.57591509]
2020-07-20 01:33:51,921 - root - DEBUG - Updating hall of fame
2020-07-20 01:33:52,104 - root - INFO - Completed generation 89; 1.3s elapsed, 1.8s avg, 1.6e+02s total. Expected time remaining: 2e+02s
2020-07-20 01:33:52,156 - root - INFO - #89 MAX:accuracy.mean: 0.83
2020-07-20 01:33:52,196 - root - DEBUG - Sampled weight [0.83246979 0.58680133 0.82661019 1.54845163 1.35368678]
2020-07-20 01:33:53,281 - root - DEBUG - Updating hall of fame
2020-07-20 01:33:53,281 - root - INFO - Completed generation 90; 1.1s elapsed, 1.8s avg, 1.6e+02s total. Expected time remaining: 1.9e+02s
2020-07-20 01:33:53,332 - root - INFO - #90 MAX:accuracy.mean: 0.88
2020-07-20 01:33:53,424 - root - DEBUG - Sampled weight [0.86689789 0.7332969  0.55513955 0.36648909 1.54338833]
2020-07-20 01:33:54,524 - root - DEBUG - Updating hall of fame
2020-07-20 01:33:54,717 - root - INFO - Completed generation 91; 1.3s elapsed, 1.8s avg, 1.6e+02s total. Expected time remaining: 1.9e+02s
2020-07-20 01:33:54,768 - root - INFO - #91 MAX:accuracy.mean: 0.82
2020-07-20 01:33:54,808 - root - DEBUG - Sampled weight [1.25789479 1.55484033 0.9629765  0.53091842 1.28091568]
2020-07-20 01:33:55,893 - root - DEBUG - Updating hall of fame
2020-07-20 01:33:56,081 - root - INFO - Completed generation 92; 1.3s elapsed, 1.8s avg, 1.6e+02s total. Expected time remaining: 1.9e+02s
2020-07-20 01:33:56,133 - root - INFO - #92 MAX:accuracy.mean: 0.82
2020-07-20 01:33:56,173 - root - DEBUG - Sampled weight [0.68674092 0.58323849 0.33167243 0.47590772 1.0471942 ]
2020-07-20 01:33:57,260 - root - DEBUG - Updating hall of fame
2020-07-20 01:33:57,817 - root - INFO - Completed generation 93; 1.7s elapsed, 1.8s avg, 1.6e+02s total. Expected time remaining: 1.9e+02s
2020-07-20 01:33:57,868 - root - INFO - #93 MAX:accuracy.mean: 0.86
2020-07-20 01:33:57,910 - root - DEBUG - Sampled weight [1.33519708 0.96657174 1.19224706 0.67268346 0.49041545]
2020-07-20 01:33:59,003 - root - DEBUG - Updating hall of fame
2020-07-20 01:33:59,004 - root - INFO - Completed generation 94; 1.1s elapsed, 1.8s avg, 1.6e+02s total. Expected time remaining: 1.9e+02s
2020-07-20 01:33:59,055 - root - INFO - #94 MAX:accuracy.mean: 0.85
2020-07-20 01:33:59,097 - root - DEBUG - Sampled weight [0.77238052 0.61035721 0.6052945  0.51519202 0.65407353]
2020-07-20 01:34:00,184 - root - DEBUG - Updating hall of fame
2020-07-20 01:34:00,377 - root - INFO - Completed generation 95; 1.3s elapsed, 1.7s avg, 1.7e+02s total. Expected time remaining: 1.8e+02s
2020-07-20 01:34:00,428 - root - INFO - #95 MAX:accuracy.mean: 0.96
2020-07-20 01:34:00,469 - root - DEBUG - Sampled weight [0.7046067  1.38045818 2.02233241 1.10629802 0.83111717]
2020-07-20 01:34:01,548 - root - DEBUG - Updating hall of fame
2020-07-20 01:34:01,548 - root - INFO - Completed generation 96; 1.1s elapsed, 1.7s avg, 1.7e+02s total. Expected time remaining: 1.8e+02s
2020-07-20 01:34:01,600 - root - INFO - #96 MAX:accuracy.mean: 0.85
2020-07-20 01:34:01,641 - root - DEBUG - Sampled weight [0.69663374 0.6814536  0.78134606 0.4222804  1.61841593]
2020-07-20 01:34:02,795 - root - DEBUG - Updating hall of fame
2020-07-20 01:34:03,597 - root - INFO - Completed generation 97; 2.0s elapsed, 1.7s avg, 1.7e+02s total. Expected time remaining: 1.8e+02s
2020-07-20 01:34:03,652 - root - INFO - #97 MAX:accuracy.mean: 0.85
2020-07-20 01:34:03,696 - root - DEBUG - Sampled weight [1.14890467 0.67737766 0.6805338  0.82559855 0.56069468]
2020-07-20 01:34:04,857 - root - DEBUG - Updating hall of fame
2020-07-20 01:34:04,858 - root - INFO - Completed generation 98; 1.2s elapsed, 1.7s avg, 1.7e+02s total. Expected time remaining: 1.8e+02s
2020-07-20 01:34:04,913 - root - INFO - #98 MAX:accuracy.mean: 0.93
2020-07-20 01:34:04,957 - root - DEBUG - Sampled weight [1.47275705 0.51096431 0.79099913 1.43198553 0.99383883]
2020-07-20 01:34:06,102 - root - DEBUG - Updating hall of fame
2020-07-20 01:34:06,103 - root - INFO - Completed generation 99; 1.2s elapsed, 1.7s avg, 1.7e+02s total. Expected time remaining: 1.8e+02s
2020-07-20 01:34:06,154 - root - INFO - #99 MAX:accuracy.mean: 0.82
2020-07-20 01:34:06,195 - root - DEBUG - Sampled weight [1.41966385 0.70848226 1.48766272 1.77744129 0.56448833]
2020-07-20 01:34:07,268 - root - DEBUG - Updating hall of fame
2020-07-20 01:34:07,830 - root - INFO - Completed generation 100; 1.7s elapsed, 1.7s avg, 1.7e+02s total. Expected time remaining: 1.7e+02s
2020-07-20 01:34:07,881 - root - INFO - #100 MAX:accuracy.mean: 0.82
2020-07-20 01:34:07,984 - root - DEBUG - Sampled weight [0.92618503 0.81491122 0.69607191 1.24534245 0.47313257]
2020-07-20 01:34:09,072 - root - DEBUG - Updating hall of fame
2020-07-20 01:34:09,621 - root - INFO - Completed generation 101; 1.7s elapsed, 1.7s avg, 1.7e+02s total. Expected time remaining: 1.7e+02s
2020-07-20 01:34:09,674 - root - INFO - #101 MAX:accuracy.mean: 0.92
2020-07-20 01:34:09,715 - root - DEBUG - Sampled weight [1.1625109  0.72333714 1.04022716 2.69676658 1.09614637]
2020-07-20 01:34:10,811 - root - DEBUG - Updating hall of fame
2020-07-20 01:34:11,192 - root - INFO - Completed generation 102; 1.5s elapsed, 1.7s avg, 1.8e+02s total. Expected time remaining: 1.7e+02s
2020-07-20 01:34:11,243 - root - INFO - #102 MAX:accuracy.mean: 0.81
2020-07-20 01:34:11,283 - root - DEBUG - Sampled weight [0.50632433 2.32104945 1.49462571 1.09477881 1.05263022]
2020-07-20 01:34:12,362 - root - DEBUG - Updating hall of fame
2020-07-20 01:34:12,918 - root - INFO - Completed generation 103; 1.7s elapsed, 1.7s avg, 1.8e+02s total. Expected time remaining: 1.7e+02s
2020-07-20 01:34:12,970 - root - INFO - #103 MAX:accuracy.mean: 0.81
2020-07-20 01:34:13,011 - root - DEBUG - Sampled weight [2.88015832 1.5032695  1.99019787 1.41984057 0.46955427]
2020-07-20 01:34:14,101 - root - DEBUG - Updating hall of fame
2020-07-20 01:34:14,473 - root - INFO - Completed generation 104; 1.5s elapsed, 1.7s avg, 1.8e+02s total. Expected time remaining: 1.7e+02s
2020-07-20 01:34:14,525 - root - INFO - #104 MAX:accuracy.mean: 0.92
2020-07-20 01:34:14,566 - root - DEBUG - Sampled weight [1.37547757 1.19399986 1.65761244 0.9718985  0.67180776]
2020-07-20 01:34:15,650 - root - DEBUG - Updating hall of fame
2020-07-20 01:34:16,395 - root - INFO - Completed generation 105; 1.9s elapsed, 1.7s avg, 1.8e+02s total. Expected time remaining: 1.6e+02s
2020-07-20 01:34:16,448 - root - INFO - #105 MAX:accuracy.mean: 0.8
2020-07-20 01:34:16,488 - root - DEBUG - Sampled weight [1.56641405 0.99004735 1.47194711 1.00801051 1.17100128]
2020-07-20 01:34:17,566 - root - DEBUG - Updating hall of fame
2020-07-20 01:34:17,567 - root - INFO - Completed generation 106; 1.1s elapsed, 1.7s avg, 1.8e+02s total. Expected time remaining: 1.6e+02s
2020-07-20 01:34:17,618 - root - INFO - #106 MAX:accuracy.mean: 0.8
2020-07-20 01:34:17,659 - root - DEBUG - Sampled weight [1.86059015 1.94327729 1.59432082 0.59144251 1.14061404]
2020-07-20 01:34:18,749 - root - DEBUG - Updating hall of fame
2020-07-20 01:34:19,122 - root - INFO - Completed generation 107; 1.5s elapsed, 1.7s avg, 1.8e+02s total. Expected time remaining: 1.6e+02s
2020-07-20 01:34:19,173 - root - INFO - #107 MAX:accuracy.mean: 0.81
2020-07-20 01:34:19,214 - root - DEBUG - Sampled weight [1.31690845 0.82035736 2.32460242 0.61352825 2.43475781]
2020-07-20 01:34:20,296 - root - DEBUG - Updating hall of fame
2020-07-20 01:34:20,673 - root - INFO - Completed generation 108; 1.5s elapsed, 1.7s avg, 1.9e+02s total. Expected time remaining: 1.6e+02s
2020-07-20 01:34:20,724 - root - INFO - #108 MAX:accuracy.mean: 0.82
2020-07-20 01:34:20,765 - root - DEBUG - Sampled weight [0.80399944 0.97061566 0.94615507 1.13435686 1.72567648]
2020-07-20 01:34:21,847 - root - DEBUG - Updating hall of fame
2020-07-20 01:34:22,412 - root - INFO - Completed generation 109; 1.7s elapsed, 1.7s avg, 1.9e+02s total. Expected time remaining: 1.6e+02s
2020-07-20 01:34:22,463 - root - INFO - #109 MAX:accuracy.mean: 0.82
2020-07-20 01:34:22,504 - root - DEBUG - Sampled weight [1.49107021 0.97668832 0.60134248 2.05265384 0.6588746 ]
2020-07-20 01:34:23,597 - root - DEBUG - Updating hall of fame
2020-07-20 01:34:23,973 - root - INFO - Completed generation 110; 1.5s elapsed, 1.7s avg, 1.9e+02s total. Expected time remaining: 1.5e+02s
2020-07-20 01:34:24,025 - root - INFO - #110 MAX:accuracy.mean: 0.89
2020-07-20 01:34:24,126 - root - DEBUG - Sampled weight [0.53385061 0.93932791 0.88387684 0.86202453 1.1509224 ]
2020-07-20 01:34:25,213 - root - DEBUG - Updating hall of fame
2020-07-20 01:34:25,774 - root - INFO - Completed generation 111; 1.7s elapsed, 1.7s avg, 1.9e+02s total. Expected time remaining: 1.5e+02s
2020-07-20 01:34:25,827 - root - INFO - #111 MAX:accuracy.mean: 0.82
2020-07-20 01:34:25,869 - root - DEBUG - Sampled weight [1.20333193 0.6682543  0.64158961 1.17197491 1.17227921]
2020-07-20 01:34:26,949 - root - DEBUG - Updating hall of fame
2020-07-20 01:34:27,319 - root - INFO - Completed generation 112; 1.5s elapsed, 1.7s avg, 1.9e+02s total. Expected time remaining: 1.5e+02s
2020-07-20 01:34:27,370 - root - INFO - #112 MAX:accuracy.mean: 0.84
2020-07-20 01:34:27,411 - root - DEBUG - Sampled weight [0.78358562 0.59023904 0.84436184 1.90744563 0.54806414]
2020-07-20 01:34:28,495 - root - DEBUG - Updating hall of fame
2020-07-20 01:34:28,496 - root - INFO - Completed generation 113; 1.1s elapsed, 1.7s avg, 1.9e+02s total. Expected time remaining: 1.5e+02s
2020-07-20 01:34:28,547 - root - INFO - #113 MAX:accuracy.mean: 0.82
2020-07-20 01:34:28,589 - root - DEBUG - Sampled weight [1.21574846 1.05857084 1.39546069 2.29418991 0.22478334]
2020-07-20 01:34:29,675 - root - DEBUG - Updating hall of fame
2020-07-20 01:34:30,054 - root - INFO - Completed generation 114; 1.5s elapsed, 1.7s avg, 1.9e+02s total. Expected time remaining: 1.5e+02s
2020-07-20 01:34:30,106 - root - INFO - #114 MAX:accuracy.mean: 0.84
2020-07-20 01:34:30,148 - root - DEBUG - Sampled weight [1.07660507 1.58488461 1.10584442 1.62639697 1.08530579]
2020-07-20 01:34:31,233 - root - DEBUG - Updating hall of fame
2020-07-20 01:34:31,604 - root - INFO - Completed generation 115; 1.5s elapsed, 1.7s avg, 2e+02s total. Expected time remaining: 1.4e+02s
2020-07-20 01:34:31,655 - root - INFO - #115 MAX:accuracy.mean: 0.82
2020-07-20 01:34:31,696 - root - DEBUG - Sampled weight [0.6212     1.34603249 0.71136333 1.37371568 0.46448049]
2020-07-20 01:34:32,770 - root - DEBUG - Updating hall of fame
2020-07-20 01:34:33,508 - root - INFO - Completed generation 116; 1.9s elapsed, 1.7s avg, 2e+02s total. Expected time remaining: 1.4e+02s
2020-07-20 01:34:33,559 - root - INFO - #116 MAX:accuracy.mean: 0.84
2020-07-20 01:34:33,600 - root - DEBUG - Sampled weight [1.18895158 1.13733796 1.90561446 0.75077593 0.78354131]
2020-07-20 01:34:34,682 - root - DEBUG - Updating hall of fame
2020-07-20 01:34:34,682 - root - INFO - Completed generation 117; 1.1s elapsed, 1.7s avg, 2e+02s total. Expected time remaining: 1.4e+02s
2020-07-20 01:34:34,734 - root - INFO - #117 MAX:accuracy.mean: 0.82
2020-07-20 01:34:34,775 - root - DEBUG - Sampled weight [1.04896586 0.88291684 1.63178195 0.78010775 0.50728925]
2020-07-20 01:34:35,862 - root - DEBUG - Updating hall of fame
2020-07-20 01:34:36,788 - root - INFO - Completed generation 118; 2.1s elapsed, 1.7s avg, 2e+02s total. Expected time remaining: 1.4e+02s
2020-07-20 01:34:36,839 - root - INFO - #118 MAX:accuracy.mean: 0.82
2020-07-20 01:34:36,880 - root - DEBUG - Sampled weight [0.57136444 0.80970732 1.08098833 2.12435698 1.12306514]
2020-07-20 01:34:37,966 - root - DEBUG - Updating hall of fame
2020-07-20 01:34:38,339 - root - INFO - Completed generation 119; 1.5s elapsed, 1.7s avg, 2e+02s total. Expected time remaining: 1.4e+02s
2020-07-20 01:34:38,390 - root - INFO - #119 MAX:accuracy.mean: 0.82
2020-07-20 01:34:38,431 - root - DEBUG - Sampled weight [1.19409988 0.60420413 0.46247023 0.73413204 0.50178903]
2020-07-20 01:34:39,524 - root - DEBUG - Updating hall of fame
2020-07-20 01:34:39,715 - root - INFO - Completed generation 120; 1.3s elapsed, 1.7s avg, 2e+02s total. Expected time remaining: 1.4e+02s
2020-07-20 01:34:39,766 - root - INFO - #120 MAX:accuracy.mean: 0.83
2020-07-20 01:34:39,858 - root - DEBUG - Sampled weight [1.02488547 1.36449886 0.7902977  0.4646618  1.0734412 ]
2020-07-20 01:34:40,948 - root - DEBUG - Updating hall of fame
2020-07-20 01:34:40,949 - root - INFO - Completed generation 121; 1.1s elapsed, 1.7s avg, 2.1e+02s total. Expected time remaining: 1.3e+02s
2020-07-20 01:34:41,000 - root - INFO - #121 MAX:accuracy.mean: 0.93
2020-07-20 01:34:41,042 - root - DEBUG - Sampled weight [1.98053949 1.34604346 1.12452388 1.4200168  1.17076181]
2020-07-20 01:34:42,133 - root - DEBUG - Updating hall of fame
2020-07-20 01:34:42,319 - root - INFO - Completed generation 122; 1.3s elapsed, 1.7s avg, 2.1e+02s total. Expected time remaining: 1.3e+02s
2020-07-20 01:34:42,370 - root - INFO - #122 MAX:accuracy.mean: 0.82
2020-07-20 01:34:42,411 - root - DEBUG - Sampled weight [0.67538755 2.57118972 0.90918013 0.59010001 0.63216799]
2020-07-20 01:34:43,499 - root - DEBUG - Updating hall of fame
2020-07-20 01:34:44,435 - root - INFO - Completed generation 123; 2.1s elapsed, 1.7s avg, 2.1e+02s total. Expected time remaining: 1.3e+02s
2020-07-20 01:34:44,487 - root - INFO - #123 MAX:accuracy.mean: 0.82
2020-07-20 01:34:44,528 - root - DEBUG - Sampled weight [0.62669337 1.42997063 2.1378658  2.29130843 0.92864733]
2020-07-20 01:34:45,612 - root - DEBUG - Updating hall of fame
2020-07-20 01:34:45,989 - root - INFO - Completed generation 124; 1.5s elapsed, 1.7s avg, 2.1e+02s total. Expected time remaining: 1.3e+02s
2020-07-20 01:34:46,041 - root - INFO - #124 MAX:accuracy.mean: 0.82
2020-07-20 01:34:46,084 - root - DEBUG - Sampled weight [1.16330855 0.3150175  2.02639963 3.03186649 2.05542102]
2020-07-20 01:34:47,183 - root - DEBUG - Updating hall of fame
2020-07-20 01:34:47,567 - root - INFO - Completed generation 125; 1.5s elapsed, 1.7s avg, 2.1e+02s total. Expected time remaining: 1.3e+02s
2020-07-20 01:34:47,618 - root - INFO - #125 MAX:accuracy.mean: 0.82
2020-07-20 01:34:47,659 - root - DEBUG - Sampled weight [0.86989126 0.77897827 1.13234218 0.86037979 2.94397739]
2020-07-20 01:34:48,751 - root - DEBUG - Updating hall of fame
2020-07-20 01:34:48,945 - root - INFO - Completed generation 126; 1.3s elapsed, 1.7s avg, 2.1e+02s total. Expected time remaining: 1.3e+02s
2020-07-20 01:34:48,997 - root - INFO - #126 MAX:accuracy.mean: 0.93
2020-07-20 01:34:49,038 - root - DEBUG - Sampled weight [0.73749711 1.02709638 0.75137678 0.61137003 1.8992113 ]
2020-07-20 01:34:50,132 - root - DEBUG - Updating hall of fame
2020-07-20 01:34:50,516 - root - INFO - Completed generation 127; 1.5s elapsed, 1.7s avg, 2.1e+02s total. Expected time remaining: 1.2e+02s
2020-07-20 01:34:50,568 - root - INFO - #127 MAX:accuracy.mean: 0.94
2020-07-20 01:34:50,609 - root - DEBUG - Sampled weight [1.89424689 1.25029104 1.38337916 1.40560889 2.09811362]
2020-07-20 01:34:51,704 - root - DEBUG - Updating hall of fame
2020-07-20 01:34:52,102 - root - INFO - Completed generation 128; 1.5s elapsed, 1.7s avg, 2.2e+02s total. Expected time remaining: 1.2e+02s
2020-07-20 01:34:52,154 - root - INFO - #128 MAX:accuracy.mean: 0.91
2020-07-20 01:34:52,195 - root - DEBUG - Sampled weight [1.19063117 1.16308418 1.33436433 1.0350813  1.64208893]
2020-07-20 01:34:53,288 - root - DEBUG - Updating hall of fame
2020-07-20 01:34:53,862 - root - INFO - Completed generation 129; 1.7s elapsed, 1.7s avg, 2.2e+02s total. Expected time remaining: 1.2e+02s
2020-07-20 01:34:53,914 - root - INFO - #129 MAX:accuracy.mean: 0.91
2020-07-20 01:34:53,954 - root - DEBUG - Sampled weight [0.57613536 1.6430498  1.57542932 0.63944884 0.66574502]
2020-07-20 01:34:55,043 - root - DEBUG - Updating hall of fame
2020-07-20 01:34:56,168 - root - INFO - Completed generation 130; 2.3s elapsed, 1.7s avg, 2.2e+02s total. Expected time remaining: 1.2e+02s
2020-07-20 01:34:56,219 - root - INFO - #130 MAX:accuracy.mean: 0.91
2020-07-20 01:34:56,345 - root - DEBUG - Sampled weight [1.7929656  0.58068598 0.58511448 0.45820623 1.83379922]
2020-07-20 01:34:57,433 - root - DEBUG - Updating hall of fame
2020-07-20 01:34:57,807 - root - INFO - Completed generation 131; 1.5s elapsed, 1.7s avg, 2.2e+02s total. Expected time remaining: 1.2e+02s
2020-07-20 01:34:57,859 - root - INFO - #131 MAX:accuracy.mean: 0.9
2020-07-20 01:34:57,900 - root - DEBUG - Sampled weight [1.08689167 0.74644624 2.26431736 1.60748066 0.375279  ]
2020-07-20 01:34:58,997 - root - DEBUG - Updating hall of fame
2020-07-20 01:34:59,561 - root - INFO - Completed generation 132; 1.7s elapsed, 1.7s avg, 2.2e+02s total. Expected time remaining: 1.1e+02s
2020-07-20 01:34:59,613 - root - INFO - #132 MAX:accuracy.mean: 0.9
2020-07-20 01:34:59,653 - root - DEBUG - Sampled weight [1.10188882 0.33339678 1.51838089 1.07988127 1.04229185]
2020-07-20 01:35:00,745 - root - DEBUG - Updating hall of fame
2020-07-20 01:35:01,123 - root - INFO - Completed generation 133; 1.5s elapsed, 1.7s avg, 2.2e+02s total. Expected time remaining: 1.1e+02s
2020-07-20 01:35:01,175 - root - INFO - #133 MAX:accuracy.mean: 0.9
2020-07-20 01:35:01,216 - root - DEBUG - Sampled weight [1.42164781 2.05897312 0.97153205 0.57490575 0.38985476]
2020-07-20 01:35:02,355 - root - DEBUG - Updating hall of fame
2020-07-20 01:35:02,957 - root - INFO - Completed generation 134; 1.8s elapsed, 1.7s avg, 2.3e+02s total. Expected time remaining: 1.1e+02s
2020-07-20 01:35:03,012 - root - INFO - #134 MAX:accuracy.mean: 0.9
2020-07-20 01:35:03,055 - root - DEBUG - Sampled weight [1.44560494 0.93184128 1.48538403 0.98124012 0.4001255 ]
2020-07-20 01:35:04,229 - root - DEBUG - Updating hall of fame
2020-07-20 01:35:04,651 - root - INFO - Completed generation 135; 1.6s elapsed, 1.7s avg, 2.3e+02s total. Expected time remaining: 1.1e+02s
2020-07-20 01:35:04,706 - root - INFO - #135 MAX:accuracy.mean: 0.91
2020-07-20 01:35:04,749 - root - DEBUG - Sampled weight [0.64102754 1.3338426  1.07675866 0.84635218 1.25027801]
2020-07-20 01:35:05,899 - root - DEBUG - Updating hall of fame
2020-07-20 01:35:06,655 - root - INFO - Completed generation 136; 1.9s elapsed, 1.7s avg, 2.3e+02s total. Expected time remaining: 1.1e+02s
2020-07-20 01:35:06,707 - root - INFO - #136 MAX:accuracy.mean: 0.93
2020-07-20 01:35:06,748 - root - DEBUG - Sampled weight [1.3757682  1.23140772 0.59556845 1.94522645 0.38460009]
2020-07-20 01:35:07,838 - root - DEBUG - Updating hall of fame
2020-07-20 01:35:08,780 - root - INFO - Completed generation 137; 2.1s elapsed, 1.7s avg, 2.3e+02s total. Expected time remaining: 1.1e+02s
2020-07-20 01:35:08,832 - root - INFO - #137 MAX:accuracy.mean: 0.91
2020-07-20 01:35:08,873 - root - DEBUG - Sampled weight [0.92894162 0.86085778 0.91353331 0.62921362 1.20632356]
2020-07-20 01:35:09,958 - root - DEBUG - Updating hall of fame
2020-07-20 01:35:10,544 - root - INFO - Completed generation 138; 1.7s elapsed, 1.7s avg, 2.3e+02s total. Expected time remaining: 1.1e+02s
2020-07-20 01:35:10,596 - root - INFO - #138 MAX:accuracy.mean: 0.91
2020-07-20 01:35:10,636 - root - DEBUG - Sampled weight [0.74252653 1.58231226 0.8732645  0.73313646 1.76094834]
2020-07-20 01:35:11,724 - root - DEBUG - Updating hall of fame
2020-07-20 01:35:12,296 - root - INFO - Completed generation 139; 1.7s elapsed, 1.7s avg, 2.4e+02s total. Expected time remaining: 1e+02s
2020-07-20 01:35:12,348 - root - INFO - #139 MAX:accuracy.mean: 0.92
2020-07-20 01:35:12,389 - root - DEBUG - Sampled weight [0.46319323 0.37321919 0.70221018 0.96499309 1.93574393]
2020-07-20 01:35:13,483 - root - DEBUG - Updating hall of fame
2020-07-20 01:35:14,432 - root - INFO - Completed generation 140; 2.1s elapsed, 1.7s avg, 2.4e+02s total. Expected time remaining: 1e+02s
2020-07-20 01:35:14,484 - root - INFO - #140 MAX:accuracy.mean: 0.91
2020-07-20 01:35:14,598 - root - DEBUG - Sampled weight [0.65685914 1.05685337 0.75766541 1.93578902 1.16900123]
2020-07-20 01:35:15,703 - root - DEBUG - Updating hall of fame
2020-07-20 01:35:16,300 - root - INFO - Completed generation 141; 1.7s elapsed, 1.7s avg, 2.4e+02s total. Expected time remaining: 1e+02s
2020-07-20 01:35:16,352 - root - INFO - #141 MAX:accuracy.mean: 0.92
2020-07-20 01:35:16,394 - root - DEBUG - Sampled weight [0.86165488 0.53934986 1.35626974 1.18567479 0.99266735]
2020-07-20 01:35:17,500 - root - DEBUG - Updating hall of fame
2020-07-20 01:35:18,273 - root - INFO - Completed generation 142; 1.9s elapsed, 1.7s avg, 2.4e+02s total. Expected time remaining: 9.9e+01s
2020-07-20 01:35:18,325 - root - INFO - #142 MAX:accuracy.mean: 0.92
2020-07-20 01:35:18,366 - root - DEBUG - Sampled weight [0.71942545 1.41350054 0.94781207 0.8377005  1.00280712]
2020-07-20 01:35:19,468 - root - DEBUG - Updating hall of fame
2020-07-20 01:35:20,229 - root - INFO - Completed generation 143; 1.9s elapsed, 1.7s avg, 2.4e+02s total. Expected time remaining: 9.7e+01s
2020-07-20 01:35:20,283 - root - INFO - #143 MAX:accuracy.mean: 0.95
2020-07-20 01:35:20,325 - root - DEBUG - Sampled weight [0.90369251 0.9487629  1.25560225 0.92876689 0.6325161 ]
2020-07-20 01:35:21,489 - root - DEBUG - Updating hall of fame
2020-07-20 01:35:22,306 - root - INFO - Completed generation 144; 2.0s elapsed, 1.7s avg, 2.5e+02s total. Expected time remaining: 9.5e+01s
2020-07-20 01:35:22,362 - root - INFO - #144 MAX:accuracy.mean: 0.88
2020-07-20 01:35:22,406 - root - DEBUG - Sampled weight [2.07496203 0.83846304 0.61442321 1.16917327 0.93419177]
2020-07-20 01:35:23,589 - root - DEBUG - Updating hall of fame
2020-07-20 01:35:23,798 - root - INFO - Completed generation 145; 1.4s elapsed, 1.7s avg, 2.5e+02s total. Expected time remaining: 9.4e+01s
2020-07-20 01:35:23,853 - root - INFO - #145 MAX:accuracy.mean: 0.88
2020-07-20 01:35:23,897 - root - DEBUG - Sampled weight [1.34982844 2.88301095 1.81077227 1.25400096 0.93906473]
2020-07-20 01:35:25,074 - root - DEBUG - Updating hall of fame
2020-07-20 01:35:25,690 - root - INFO - Completed generation 146; 1.8s elapsed, 1.7s avg, 2.5e+02s total. Expected time remaining: 9.2e+01s
2020-07-20 01:35:25,745 - root - INFO - #146 MAX:accuracy.mean: 0.79
2020-07-20 01:35:25,790 - root - DEBUG - Sampled weight [0.95409806 0.83923552 1.08040051 1.92738687 1.49510998]
2020-07-20 01:35:26,894 - root - DEBUG - Updating hall of fame
2020-07-20 01:35:27,271 - root - INFO - Completed generation 147; 1.5s elapsed, 1.7s avg, 2.5e+02s total. Expected time remaining: 9e+01s
2020-07-20 01:35:27,323 - root - INFO - #147 MAX:accuracy.mean: 0.89
2020-07-20 01:35:27,364 - root - DEBUG - Sampled weight [1.73036269 0.87981842 0.55248108 0.94732957 0.62548215]
2020-07-20 01:35:28,467 - root - DEBUG - Updating hall of fame
2020-07-20 01:35:29,598 - root - INFO - Completed generation 148; 2.3s elapsed, 1.7s avg, 2.5e+02s total. Expected time remaining: 8.9e+01s
2020-07-20 01:35:29,650 - root - INFO - #148 MAX:accuracy.mean: 0.83
2020-07-20 01:35:29,692 - root - DEBUG - Sampled weight [1.70143076 1.43461816 1.09270219 0.39829545 1.34470768]
2020-07-20 01:35:30,795 - root - DEBUG - Updating hall of fame
2020-07-20 01:35:30,984 - root - INFO - Completed generation 149; 1.3s elapsed, 1.7s avg, 2.5e+02s total. Expected time remaining: 8.7e+01s
2020-07-20 01:35:31,036 - root - INFO - #149 MAX:accuracy.mean: 0.84
2020-07-20 01:35:31,077 - root - DEBUG - Sampled weight [2.22150136 0.77569184 1.95060865 1.57891477 1.54084262]
2020-07-20 01:35:32,190 - root - DEBUG - Updating hall of fame
2020-07-20 01:35:32,934 - root - INFO - Completed generation 150; 1.9s elapsed, 1.7s avg, 2.6e+02s total. Expected time remaining: 8.5e+01s
2020-07-20 01:35:32,985 - root - INFO - #150 MAX:accuracy.mean: 0.84
2020-07-20 01:35:33,110 - root - DEBUG - Sampled weight [1.01291953 1.1791549  1.38000814 0.75567496 1.0429937 ]
2020-07-20 01:35:34,219 - root - DEBUG - Updating hall of fame
2020-07-20 01:35:34,790 - root - INFO - Completed generation 151; 1.7s elapsed, 1.7s avg, 2.6e+02s total. Expected time remaining: 8.3e+01s
2020-07-20 01:35:34,842 - root - INFO - #151 MAX:accuracy.mean: 0.85
2020-07-20 01:35:34,883 - root - DEBUG - Sampled weight [0.53572693 0.67726883 0.2676247  1.23956878 1.06312874]
2020-07-20 01:35:35,991 - root - DEBUG - Updating hall of fame
2020-07-20 01:35:35,992 - root - INFO - Completed generation 152; 1.1s elapsed, 1.7s avg, 2.6e+02s total. Expected time remaining: 8.2e+01s
2020-07-20 01:35:36,043 - root - INFO - #152 MAX:accuracy.mean: 0.84
2020-07-20 01:35:36,085 - root - DEBUG - Sampled weight [1.01942387 0.91823891 0.69875924 1.36732294 0.60159604]
2020-07-20 01:35:37,190 - root - DEBUG - Updating hall of fame
2020-07-20 01:35:37,190 - root - INFO - Completed generation 153; 1.1s elapsed, 1.7s avg, 2.6e+02s total. Expected time remaining: 8e+01s
2020-07-20 01:35:37,242 - root - INFO - #153 MAX:accuracy.mean: 0.82
2020-07-20 01:35:37,283 - root - DEBUG - Sampled weight [0.75136161 0.37993203 0.81183936 0.82973725 0.79897149]
2020-07-20 01:35:38,389 - root - DEBUG - Updating hall of fame
2020-07-20 01:35:38,588 - root - INFO - Completed generation 154; 1.3s elapsed, 1.7s avg, 2.6e+02s total. Expected time remaining: 7.8e+01s
2020-07-20 01:35:38,639 - root - INFO - #154 MAX:accuracy.mean: 0.9
2020-07-20 01:35:38,681 - root - DEBUG - Sampled weight [1.50038212 1.09842182 1.48513624 1.51307993 0.78010488]
2020-07-20 01:35:39,785 - root - DEBUG - Updating hall of fame
2020-07-20 01:35:39,978 - root - INFO - Completed generation 155; 1.3s elapsed, 1.7s avg, 2.6e+02s total. Expected time remaining: 7.6e+01s
2020-07-20 01:35:40,030 - root - INFO - #155 MAX:accuracy.mean: 0.84
2020-07-20 01:35:40,071 - root - DEBUG - Sampled weight [1.21284526 0.68576842 1.31211976 0.79764593 0.71743761]
2020-07-20 01:35:41,176 - root - DEBUG - Updating hall of fame
2020-07-20 01:35:41,747 - root - INFO - Completed generation 156; 1.7s elapsed, 1.7s avg, 2.6e+02s total. Expected time remaining: 7.4e+01s
2020-07-20 01:35:41,798 - root - INFO - #156 MAX:accuracy.mean: 0.83
2020-07-20 01:35:41,840 - root - DEBUG - Sampled weight [1.28924908 0.47594914 1.28493646 1.18180458 1.3810884 ]
2020-07-20 01:35:42,938 - root - DEBUG - Updating hall of fame
2020-07-20 01:35:43,130 - root - INFO - Completed generation 157; 1.3s elapsed, 1.7s avg, 2.7e+02s total. Expected time remaining: 7.3e+01s
2020-07-20 01:35:43,181 - root - INFO - #157 MAX:accuracy.mean: 0.85
2020-07-20 01:35:43,223 - root - DEBUG - Sampled weight [0.67484975 0.53642236 0.5710801  0.50324158 0.95797901]
2020-07-20 01:35:44,327 - root - DEBUG - Updating hall of fame
2020-07-20 01:35:44,899 - root - INFO - Completed generation 158; 1.7s elapsed, 1.7s avg, 2.7e+02s total. Expected time remaining: 7.1e+01s
2020-07-20 01:35:44,951 - root - INFO - #158 MAX:accuracy.mean: 0.85
2020-07-20 01:35:44,991 - root - DEBUG - Sampled weight [0.50038701 1.78305591 0.38136482 1.57642572 1.82465915]
2020-07-20 01:35:46,097 - root - DEBUG - Updating hall of fame
2020-07-20 01:35:46,287 - root - INFO - Completed generation 159; 1.3s elapsed, 1.7s avg, 2.7e+02s total. Expected time remaining: 6.9e+01s
2020-07-20 01:35:46,339 - root - INFO - #159 MAX:accuracy.mean: 0.82
2020-07-20 01:35:46,380 - root - DEBUG - Sampled weight [0.91861939 1.90875067 1.35833246 0.86021475 1.06289847]
2020-07-20 01:35:47,492 - root - DEBUG - Updating hall of fame
2020-07-20 01:35:48,063 - root - INFO - Completed generation 160; 1.7s elapsed, 1.7s avg, 2.7e+02s total. Expected time remaining: 6.7e+01s
2020-07-20 01:35:48,114 - root - INFO - #160 MAX:accuracy.mean: 0.84
2020-07-20 01:35:48,231 - root - DEBUG - Sampled weight [1.02163823 1.04015203 1.49139277 1.05481923 2.1913102 ]
2020-07-20 01:35:49,328 - root - DEBUG - Updating hall of fame
2020-07-20 01:35:49,896 - root - INFO - Completed generation 161; 1.7s elapsed, 1.7s avg, 2.7e+02s total. Expected time remaining: 6.6e+01s
2020-07-20 01:35:49,947 - root - INFO - #161 MAX:accuracy.mean: 0.84
2020-07-20 01:35:49,989 - root - DEBUG - Sampled weight [0.3588117  0.54603553 0.72201285 1.83193507 0.5107858 ]
2020-07-20 01:35:51,095 - root - DEBUG - Updating hall of fame
2020-07-20 01:35:51,847 - root - INFO - Completed generation 162; 1.9s elapsed, 1.7s avg, 2.7e+02s total. Expected time remaining: 6.4e+01s
2020-07-20 01:35:51,898 - root - INFO - #162 MAX:accuracy.mean: 0.82
2020-07-20 01:35:51,939 - root - DEBUG - Sampled weight [1.34621571 1.20009378 0.3892441  0.64891614 2.01120531]
2020-07-20 01:35:53,036 - root - DEBUG - Updating hall of fame
2020-07-20 01:35:53,219 - root - INFO - Completed generation 163; 1.3s elapsed, 1.7s avg, 2.7e+02s total. Expected time remaining: 6.2e+01s
2020-07-20 01:35:53,271 - root - INFO - #163 MAX:accuracy.mean: 0.85
2020-07-20 01:35:53,312 - root - DEBUG - Sampled weight [0.42593554 0.54039355 0.52977143 0.96088297 0.69673961]
2020-07-20 01:35:54,424 - root - DEBUG - Updating hall of fame
2020-07-20 01:35:54,425 - root - INFO - Completed generation 164; 1.2s elapsed, 1.7s avg, 2.8e+02s total. Expected time remaining: 6.1e+01s
2020-07-20 01:35:54,476 - root - INFO - #164 MAX:accuracy.mean: 0.86
2020-07-20 01:35:54,518 - root - DEBUG - Sampled weight [0.93365255 0.92835675 1.08871398 0.89736517 0.80060728]
2020-07-20 01:35:55,620 - root - DEBUG - Updating hall of fame
2020-07-20 01:35:55,620 - root - INFO - Completed generation 165; 1.1s elapsed, 1.7s avg, 2.8e+02s total. Expected time remaining: 5.9e+01s
2020-07-20 01:35:55,671 - root - INFO - #165 MAX:accuracy.mean: 0.94
2020-07-20 01:35:55,714 - root - DEBUG - Sampled weight [0.55725669 0.93987975 1.23850947 0.62048718 0.30041321]
2020-07-20 01:35:56,832 - root - DEBUG - Updating hall of fame
2020-07-20 01:35:57,775 - root - INFO - Completed generation 166; 2.1s elapsed, 1.7s avg, 2.8e+02s total. Expected time remaining: 5.7e+01s
2020-07-20 01:35:57,827 - root - INFO - #166 MAX:accuracy.mean: 0.85
2020-07-20 01:35:57,869 - root - DEBUG - Sampled weight [0.80208506 1.10753527 1.13711801 0.72252837 0.52147875]
2020-07-20 01:35:58,980 - root - DEBUG - Updating hall of fame
2020-07-20 01:35:59,178 - root - INFO - Completed generation 167; 1.4s elapsed, 1.7s avg, 2.8e+02s total. Expected time remaining: 5.5e+01s
2020-07-20 01:35:59,229 - root - INFO - #167 MAX:accuracy.mean: 0.88
2020-07-20 01:35:59,272 - root - DEBUG - Sampled weight [1.03199591 0.7456754  1.17546268 1.67735303 1.02247921]
2020-07-20 01:36:00,391 - root - DEBUG - Updating hall of fame
2020-07-20 01:36:00,970 - root - INFO - Completed generation 168; 1.7s elapsed, 1.7s avg, 2.8e+02s total. Expected time remaining: 5.4e+01s
2020-07-20 01:36:01,024 - root - INFO - #168 MAX:accuracy.mean: 0.85
2020-07-20 01:36:01,067 - root - DEBUG - Sampled weight [2.47189824 0.89200849 0.47131024 2.18265889 0.69878184]
2020-07-20 01:36:02,241 - root - DEBUG - Updating hall of fame
2020-07-20 01:36:03,054 - root - INFO - Completed generation 169; 2.0s elapsed, 1.7s avg, 2.8e+02s total. Expected time remaining: 5.2e+01s
2020-07-20 01:36:03,109 - root - INFO - #169 MAX:accuracy.mean: 0.86
2020-07-20 01:36:03,152 - root - DEBUG - Sampled weight [1.42715377 1.94258014 0.66466176 0.72140191 0.53436426]
2020-07-20 01:36:04,321 - root - DEBUG - Updating hall of fame
2020-07-20 01:36:04,515 - root - INFO - Completed generation 170; 1.4s elapsed, 1.7s avg, 2.9e+02s total. Expected time remaining: 5e+01s
2020-07-20 01:36:04,571 - root - INFO - #170 MAX:accuracy.mean: 0.87
2020-07-20 01:36:04,695 - root - DEBUG - Sampled weight [0.7860357  1.57902348 0.89867399 2.26749185 0.49230754]
2020-07-20 01:36:05,867 - root - DEBUG - Updating hall of fame
2020-07-20 01:36:06,052 - root - INFO - Completed generation 171; 1.4s elapsed, 1.7s avg, 2.9e+02s total. Expected time remaining: 4.9e+01s
2020-07-20 01:36:06,104 - root - INFO - #171 MAX:accuracy.mean: 0.82
2020-07-20 01:36:06,145 - root - DEBUG - Sampled weight [0.88086211 0.79387921 0.88901117 0.68389485 1.44416265]
2020-07-20 01:36:07,246 - root - DEBUG - Updating hall of fame
2020-07-20 01:36:07,628 - root - INFO - Completed generation 172; 1.5s elapsed, 1.7s avg, 2.9e+02s total. Expected time remaining: 4.7e+01s
2020-07-20 01:36:07,679 - root - INFO - #172 MAX:accuracy.mean: 0.82
2020-07-20 01:36:07,721 - root - DEBUG - Sampled weight [0.90152272 2.00463049 0.96660789 0.83255226 1.22476481]
2020-07-20 01:36:08,838 - root - DEBUG - Updating hall of fame
2020-07-20 01:36:09,423 - root - INFO - Completed generation 173; 1.7s elapsed, 1.7s avg, 2.9e+02s total. Expected time remaining: 4.5e+01s
2020-07-20 01:36:09,476 - root - INFO - #173 MAX:accuracy.mean: 0.88
2020-07-20 01:36:09,517 - root - DEBUG - Sampled weight [0.7271449  1.27790634 1.12531126 1.20739516 1.75597808]
2020-07-20 01:36:10,627 - root - DEBUG - Updating hall of fame
2020-07-20 01:36:11,191 - root - INFO - Completed generation 174; 1.7s elapsed, 1.7s avg, 2.9e+02s total. Expected time remaining: 4.4e+01s
2020-07-20 01:36:11,243 - root - INFO - #174 MAX:accuracy.mean: 0.82
2020-07-20 01:36:11,285 - root - DEBUG - Sampled weight [0.59267085 0.6755019  0.56370856 0.81343108 1.10432408]
2020-07-20 01:36:12,387 - root - DEBUG - Updating hall of fame
2020-07-20 01:36:13,141 - root - INFO - Completed generation 175; 1.9s elapsed, 1.7s avg, 2.9e+02s total. Expected time remaining: 4.2e+01s
2020-07-20 01:36:13,194 - root - INFO - #175 MAX:accuracy.mean: 0.84
2020-07-20 01:36:13,235 - root - DEBUG - Sampled weight [0.89632913 1.04741657 1.02533227 0.44179651 1.58292584]
2020-07-20 01:36:14,334 - root - DEBUG - Updating hall of fame
2020-07-20 01:36:14,334 - root - INFO - Completed generation 176; 1.1s elapsed, 1.7s avg, 3e+02s total. Expected time remaining: 4e+01s
2020-07-20 01:36:14,386 - root - INFO - #176 MAX:accuracy.mean: 0.82
2020-07-20 01:36:14,427 - root - DEBUG - Sampled weight [0.56428654 0.92569949 1.29432235 1.05766347 0.62120814]
2020-07-20 01:36:15,516 - root - DEBUG - Updating hall of fame
2020-07-20 01:36:15,707 - root - INFO - Completed generation 177; 1.3s elapsed, 1.7s avg, 3e+02s total. Expected time remaining: 3.9e+01s
2020-07-20 01:36:15,758 - root - INFO - #177 MAX:accuracy.mean: 0.9
2020-07-20 01:36:15,801 - root - DEBUG - Sampled weight [0.92203795 0.61094552 1.13841216 2.39024803 1.64318422]
2020-07-20 01:36:16,900 - root - DEBUG - Updating hall of fame
2020-07-20 01:36:17,091 - root - INFO - Completed generation 178; 1.3s elapsed, 1.7s avg, 3e+02s total. Expected time remaining: 3.7e+01s
2020-07-20 01:36:17,143 - root - INFO - #178 MAX:accuracy.mean: 0.82
2020-07-20 01:36:17,184 - root - DEBUG - Sampled weight [1.95240528 1.71570173 1.33504338 0.48167887 0.81021248]
2020-07-20 01:36:18,284 - root - DEBUG - Updating hall of fame
2020-07-20 01:36:19,038 - root - INFO - Completed generation 179; 1.9s elapsed, 1.7s avg, 3e+02s total. Expected time remaining: 3.5e+01s
2020-07-20 01:36:19,089 - root - INFO - #179 MAX:accuracy.mean: 0.85
2020-07-20 01:36:19,130 - root - DEBUG - Sampled weight [0.76809458 1.36974083 2.18720867 1.05111604 1.6241665 ]
2020-07-20 01:36:20,247 - root - DEBUG - Updating hall of fame
2020-07-20 01:36:20,818 - root - INFO - Completed generation 180; 1.7s elapsed, 1.7s avg, 3e+02s total. Expected time remaining: 3.4e+01s
2020-07-20 01:36:20,869 - root - INFO - #180 MAX:accuracy.mean: 0.87
2020-07-20 01:36:21,017 - root - DEBUG - Sampled weight [1.16145919 0.78861416 0.82376974 0.48308948 0.88478172]
2020-07-20 01:36:22,130 - root - DEBUG - Updating hall of fame
2020-07-20 01:36:22,704 - root - INFO - Completed generation 181; 1.7s elapsed, 1.7s avg, 3e+02s total. Expected time remaining: 3.2e+01s
2020-07-20 01:36:22,756 - root - INFO - #181 MAX:accuracy.mean: 0.9
2020-07-20 01:36:22,797 - root - DEBUG - Sampled weight [2.30673581 1.35933626 2.78130209 0.60017769 0.60748571]
2020-07-20 01:36:23,892 - root - DEBUG - Updating hall of fame
2020-07-20 01:36:24,087 - root - INFO - Completed generation 182; 1.3s elapsed, 1.7s avg, 3e+02s total. Expected time remaining: 3e+01s
2020-07-20 01:36:24,138 - root - INFO - #182 MAX:accuracy.mean: 0.85
2020-07-20 01:36:24,181 - root - DEBUG - Sampled weight [1.01529733 0.80872352 1.96077474 0.71408171 0.47428111]
2020-07-20 01:36:25,308 - root - DEBUG - Updating hall of fame
2020-07-20 01:36:25,691 - root - INFO - Completed generation 183; 1.6s elapsed, 1.7s avg, 3.1e+02s total. Expected time remaining: 2.8e+01s
2020-07-20 01:36:25,743 - root - INFO - #183 MAX:accuracy.mean: 0.84
2020-07-20 01:36:25,784 - root - DEBUG - Sampled weight [1.02883798 1.30375056 0.75029026 0.78794921 2.10574973]
2020-07-20 01:36:26,892 - root - DEBUG - Updating hall of fame
2020-07-20 01:36:27,084 - root - INFO - Completed generation 184; 1.3s elapsed, 1.7s avg, 3.1e+02s total. Expected time remaining: 2.7e+01s
2020-07-20 01:36:27,135 - root - INFO - #184 MAX:accuracy.mean: 0.84
2020-07-20 01:36:27,176 - root - DEBUG - Sampled weight [1.11286294 0.98981469 2.06160188 1.02018796 1.83298172]
2020-07-20 01:36:28,273 - root - DEBUG - Updating hall of fame
2020-07-20 01:36:29,030 - root - INFO - Completed generation 185; 1.9s elapsed, 1.7s avg, 3.1e+02s total. Expected time remaining: 2.5e+01s
2020-07-20 01:36:29,083 - root - INFO - #185 MAX:accuracy.mean: 0.88
2020-07-20 01:36:29,124 - root - DEBUG - Sampled weight [0.8231634  0.85943351 0.80039568 0.75593246 0.48478225]
2020-07-20 01:36:30,226 - root - DEBUG - Updating hall of fame
2020-07-20 01:36:30,983 - root - INFO - Completed generation 186; 1.9s elapsed, 1.7s avg, 3.1e+02s total. Expected time remaining: 2.3e+01s
2020-07-20 01:36:31,035 - root - INFO - #186 MAX:accuracy.mean: 0.86
2020-07-20 01:36:31,077 - root - DEBUG - Sampled weight [0.69958714 2.12436327 1.66882987 1.15715155 0.98185892]
2020-07-20 01:36:32,199 - root - DEBUG - Updating hall of fame
2020-07-20 01:36:32,577 - root - INFO - Completed generation 187; 1.5s elapsed, 1.7s avg, 3.1e+02s total. Expected time remaining: 2.2e+01s
2020-07-20 01:36:32,629 - root - INFO - #187 MAX:accuracy.mean: 0.87
2020-07-20 01:36:32,672 - root - DEBUG - Sampled weight [1.21780345 0.45737931 1.0247502  0.89941307 1.37598924]
2020-07-20 01:36:33,787 - root - DEBUG - Updating hall of fame
2020-07-20 01:36:34,367 - root - INFO - Completed generation 188; 1.7s elapsed, 1.7s avg, 3.1e+02s total. Expected time remaining: 2e+01s
2020-07-20 01:36:34,418 - root - INFO - #188 MAX:accuracy.mean: 0.89
2020-07-20 01:36:34,461 - root - DEBUG - Sampled weight [3.2264752  0.91550497 0.96870163 1.24137958 3.38011061]
2020-07-20 01:36:35,586 - root - DEBUG - Updating hall of fame
2020-07-20 01:36:36,160 - root - INFO - Completed generation 189; 1.7s elapsed, 1.7s avg, 3.2e+02s total. Expected time remaining: 1.8e+01s
2020-07-20 01:36:36,212 - root - INFO - #189 MAX:accuracy.mean: 0.88
2020-07-20 01:36:36,254 - root - DEBUG - Sampled weight [0.32184393 1.64368557 2.74610938 0.90559507 1.77462449]
2020-07-20 01:36:37,365 - root - DEBUG - Updating hall of fame
2020-07-20 01:36:38,129 - root - INFO - Completed generation 190; 1.9s elapsed, 1.7s avg, 3.2e+02s total. Expected time remaining: 1.7e+01s
2020-07-20 01:36:38,180 - root - INFO - #190 MAX:accuracy.mean: 0.84
2020-07-20 01:36:38,314 - root - DEBUG - Sampled weight [0.7919773  3.23203497 0.63151336 0.53148992 1.95569835]
2020-07-20 01:36:39,438 - root - DEBUG - Updating hall of fame
2020-07-20 01:36:39,621 - root - INFO - Completed generation 191; 1.3s elapsed, 1.7s avg, 3.2e+02s total. Expected time remaining: 1.5e+01s
2020-07-20 01:36:39,672 - root - INFO - #191 MAX:accuracy.mean: 0.86
2020-07-20 01:36:39,715 - root - DEBUG - Sampled weight [0.72710973 0.49084515 1.25787379 0.45082437 0.59611101]
2020-07-20 01:36:40,832 - root - DEBUG - Updating hall of fame
2020-07-20 01:36:41,225 - root - INFO - Completed generation 192; 1.6s elapsed, 1.7s avg, 3.2e+02s total. Expected time remaining: 1.3e+01s
2020-07-20 01:36:41,277 - root - INFO - #192 MAX:accuracy.mean: 0.91
2020-07-20 01:36:41,320 - root - DEBUG - Sampled weight [1.19961191 1.81799845 1.31916457 1.18145569 1.88706844]
2020-07-20 01:36:42,423 - root - DEBUG - Updating hall of fame
2020-07-20 01:36:42,424 - root - INFO - Completed generation 193; 1.1s elapsed, 1.7s avg, 3.2e+02s total. Expected time remaining: 1.2e+01s
2020-07-20 01:36:42,476 - root - INFO - #193 MAX:accuracy.mean: 0.9
2020-07-20 01:36:42,518 - root - DEBUG - Sampled weight [0.73869236 3.02429684 1.55288624 1.2325272  1.02585162]
2020-07-20 01:36:43,628 - root - DEBUG - Updating hall of fame
2020-07-20 01:36:44,220 - root - INFO - Completed generation 194; 1.7s elapsed, 1.7s avg, 3.2e+02s total. Expected time remaining: 1e+01s
2020-07-20 01:36:44,272 - root - INFO - #194 MAX:accuracy.mean: 0.89
2020-07-20 01:36:44,313 - root - DEBUG - Sampled weight [0.8180502  1.54661248 1.75752092 1.14948536 2.58563574]
2020-07-20 01:36:45,419 - root - DEBUG - Updating hall of fame
2020-07-20 01:36:45,975 - root - INFO - Completed generation 195; 1.7s elapsed, 1.7s avg, 3.3e+02s total. Expected time remaining: 8.4s
2020-07-20 01:36:46,027 - root - INFO - #195 MAX:accuracy.mean: 0.89
2020-07-20 01:36:46,068 - root - DEBUG - Sampled weight [0.96785343 0.5330514  0.44099795 2.57733797 1.36101908]
2020-07-20 01:36:47,197 - root - DEBUG - Updating hall of fame
2020-07-20 01:36:48,163 - root - INFO - Completed generation 196; 2.1s elapsed, 1.7s avg, 3.3e+02s total. Expected time remaining: 6.7s
2020-07-20 01:36:48,215 - root - INFO - #196 MAX:accuracy.mean: 0.9
2020-07-20 01:36:48,258 - root - DEBUG - Sampled weight [1.25709353 0.92925118 1.8654917  0.41587711 0.39926243]
2020-07-20 01:36:49,380 - root - DEBUG - Updating hall of fame
2020-07-20 01:36:49,380 - root - INFO - Completed generation 197; 1.2s elapsed, 1.7s avg, 3.3e+02s total. Expected time remaining: 5.0s
2020-07-20 01:36:49,432 - root - INFO - #197 MAX:accuracy.mean: 0.88
2020-07-20 01:36:49,473 - root - DEBUG - Sampled weight [1.2081959  0.9502985  0.78492222 4.67548687 0.52816918]
2020-07-20 01:36:50,589 - root - DEBUG - Updating hall of fame
2020-07-20 01:36:50,589 - root - INFO - Completed generation 198; 1.2s elapsed, 1.7s avg, 3.3e+02s total. Expected time remaining: 3.3s
2020-07-20 01:36:50,641 - root - INFO - #198 MAX:accuracy.mean: 0.88
2020-07-20 01:36:50,684 - root - DEBUG - Sampled weight [0.78484408 0.6542855  1.21552325 1.88592333 0.97274441]
2020-07-20 01:36:51,822 - root - DEBUG - Updating hall of fame
2020-07-20 01:36:52,614 - root - INFO - Completed generation 199; 2.0s elapsed, 1.7s avg, 3.3e+02s total. Expected time remaining: 1.7s
2020-07-20 01:36:52,665 - root - INFO - #199 MAX:accuracy.mean: 0.86
2020-07-20 01:36:52,707 - root - DEBUG - Sampled weight [1.77494826 0.48526857 1.19090073 0.79363122 0.62939399]
2020-07-20 01:36:53,832 - root - DEBUG - Updating hall of fame
2020-07-20 01:36:54,405 - root - INFO - Completed generation 200; 1.7s elapsed, 1.7s avg, 3.3e+02s total. Expected time remaining: 0.0s
2020-07-20 01:36:54,458 - root - INFO - #200 MAX:accuracy.mean: 0.87
2020-07-20 01:36:54,600 - root - DEBUG - Loaded 150 samples.
2020-07-20 01:36:54,604 - root - INFO - Evaluating indivs in hall of fame.
2020-07-20 01:36:56,574 - root - INFO - Completed excution.
