2020-05-03 02:43:39,409 - root - INFO - Package version 0.1a0
2020-05-03 02:43:39,410 - root - INFO - Saving data at /vol/fob-vol1/mi15/plonerma/Lab/rewann/data/2020-05-03_Iris lognormal Distribution mean=2 sigma=2 run 3_000.
2020-05-03 02:43:39,605 - root - INFO - Starting evolutionary algorithm
2020-05-03 02:43:45,544 - root - INFO - Completed generation 1; 5.9s elapsed, 5.9s avg, 5.9s total. Expected time remaining: 1.2e+03s
2020-05-03 02:43:45,661 - root - INFO - #1 mean, min log_loss: 1.2, 1.1
2020-05-03 02:43:49,030 - root - INFO - Completed generation 2; 3.4s elapsed, 4.7s avg, 9.3s total. Expected time remaining: 9.2e+02s
2020-05-03 02:43:49,099 - root - INFO - #2 mean, min log_loss: 1.2, 1.1
2020-05-03 02:43:53,179 - root - INFO - Completed generation 3; 4.1s elapsed, 4.5s avg, 1.3e+01s total. Expected time remaining: 8.8e+02s
2020-05-03 02:43:53,292 - root - INFO - #3 mean, min log_loss: 1.2, 1.1
2020-05-03 02:43:56,460 - root - INFO - Completed generation 4; 3.2s elapsed, 4.1s avg, 1.7e+01s total. Expected time remaining: 8.1e+02s
2020-05-03 02:43:56,535 - root - INFO - #4 mean, min log_loss: 1.2, 1.1
2020-05-03 02:43:59,378 - root - INFO - Completed generation 5; 2.8s elapsed, 3.9s avg, 1.9e+01s total. Expected time remaining: 7.6e+02s
2020-05-03 02:43:59,449 - root - INFO - #5 mean, min log_loss: 1.2, 1.1
2020-05-03 02:44:02,414 - root - INFO - Completed generation 6; 3.0s elapsed, 3.7s avg, 2.2e+01s total. Expected time remaining: 7.2e+02s
2020-05-03 02:44:02,526 - root - INFO - #6 mean, min log_loss: 1.2, 1.1
2020-05-03 02:44:06,835 - root - INFO - Completed generation 7; 4.3s elapsed, 3.8s avg, 2.7e+01s total. Expected time remaining: 7.4e+02s
2020-05-03 02:44:06,942 - root - INFO - #7 mean, min log_loss: 1.2, 1.1
2020-05-03 02:44:11,191 - root - INFO - Completed generation 8; 4.2s elapsed, 3.9s avg, 3.1e+01s total. Expected time remaining: 7.4e+02s
2020-05-03 02:44:11,303 - root - INFO - #8 mean, min log_loss: 1.2, 1.1
2020-05-03 02:44:15,602 - root - INFO - Completed generation 9; 4.3s elapsed, 3.9s avg, 3.5e+01s total. Expected time remaining: 7.5e+02s
2020-05-03 02:44:15,713 - root - INFO - #9 mean, min log_loss: 1.2, 1.1
2020-05-03 02:44:19,992 - root - INFO - Completed generation 10; 4.3s elapsed, 3.9s avg, 3.9e+01s total. Expected time remaining: 7.5e+02s
2020-05-03 02:44:20,103 - root - INFO - #10 mean, min log_loss: 1.2, 1.1
2020-05-03 02:44:24,502 - root - INFO - Completed generation 11; 4.3s elapsed, 4.0s avg, 4.4e+01s total. Expected time remaining: 7.5e+02s
2020-05-03 02:44:24,612 - root - INFO - #11 mean, min log_loss: 1.2, 1.1
2020-05-03 02:44:28,910 - root - INFO - Completed generation 12; 4.3s elapsed, 4.0s avg, 4.8e+01s total. Expected time remaining: 7.5e+02s
2020-05-03 02:44:29,021 - root - INFO - #12 mean, min log_loss: 1.2, 1.1
2020-05-03 02:44:33,488 - root - INFO - Completed generation 13; 4.5s elapsed, 4.0s avg, 5.3e+01s total. Expected time remaining: 7.6e+02s
2020-05-03 02:44:33,602 - root - INFO - #13 mean, min log_loss: 1.2, 1.1
2020-05-03 02:44:38,065 - root - INFO - Completed generation 14; 4.5s elapsed, 4.1s avg, 5.7e+01s total. Expected time remaining: 7.6e+02s
2020-05-03 02:44:38,181 - root - INFO - #14 mean, min log_loss: 1.2, 1.1
2020-05-03 02:44:42,000 - root - INFO - Completed generation 15; 3.8s elapsed, 4.1s avg, 6.1e+01s total. Expected time remaining: 7.5e+02s
2020-05-03 02:44:42,069 - root - INFO - #15 mean, min log_loss: 1.2, 1.1
2020-05-03 02:44:46,148 - root - INFO - Completed generation 16; 4.1s elapsed, 4.1s avg, 6.5e+01s total. Expected time remaining: 7.5e+02s
2020-05-03 02:44:46,260 - root - INFO - #16 mean, min log_loss: 1.2, 1.1
2020-05-03 02:44:50,588 - root - INFO - Completed generation 17; 4.3s elapsed, 4.1s avg, 6.9e+01s total. Expected time remaining: 7.5e+02s
2020-05-03 02:44:50,704 - root - INFO - #17 mean, min log_loss: 1.2, 1.1
2020-05-03 02:44:55,198 - root - INFO - Completed generation 18; 4.5s elapsed, 4.1s avg, 7.4e+01s total. Expected time remaining: 7.5e+02s
2020-05-03 02:44:55,313 - root - INFO - #18 mean, min log_loss: 1.2, 1.1
2020-05-03 02:44:59,012 - root - INFO - Completed generation 19; 3.7s elapsed, 4.1s avg, 7.7e+01s total. Expected time remaining: 7.4e+02s
2020-05-03 02:44:59,081 - root - INFO - #19 mean, min log_loss: 1.2, 1.1
2020-05-03 02:45:01,931 - root - INFO - Completed generation 20; 2.8s elapsed, 4.0s avg, 8e+01s total. Expected time remaining: 7.2e+02s
2020-05-03 02:45:02,045 - root - INFO - #20 mean, min log_loss: 1.2, 1.1
2020-05-03 02:45:05,328 - root - INFO - Completed generation 21; 3.2s elapsed, 4.0s avg, 8.4e+01s total. Expected time remaining: 7.1e+02s
2020-05-03 02:45:05,442 - root - INFO - #21 mean, min log_loss: 1.2, 1.1
2020-05-03 02:45:09,457 - root - INFO - Completed generation 22; 4.0s elapsed, 4.0s avg, 8.8e+01s total. Expected time remaining: 7.1e+02s
2020-05-03 02:45:09,525 - root - INFO - #22 mean, min log_loss: 1.2, 1.1
2020-05-03 02:45:12,291 - root - INFO - Completed generation 23; 2.8s elapsed, 3.9s avg, 9e+01s total. Expected time remaining: 6.9e+02s
2020-05-03 02:45:12,360 - root - INFO - #23 mean, min log_loss: 1.2, 1.1
2020-05-03 02:45:15,182 - root - INFO - Completed generation 24; 2.8s elapsed, 3.9s avg, 9.3e+01s total. Expected time remaining: 6.8e+02s
2020-05-03 02:45:15,251 - root - INFO - #24 mean, min log_loss: 1.2, 1.1
2020-05-03 02:45:18,058 - root - INFO - Completed generation 25; 2.8s elapsed, 3.8s avg, 9.6e+01s total. Expected time remaining: 6.7e+02s
2020-05-03 02:45:18,127 - root - INFO - #25 mean, min log_loss: 1.2, 1.1
2020-05-03 02:45:22,068 - root - INFO - Completed generation 26; 3.9s elapsed, 3.8s avg, 1e+02s total. Expected time remaining: 6.7e+02s
2020-05-03 02:45:22,178 - root - INFO - #26 mean, min log_loss: 1.2, 1.1
2020-05-03 02:45:26,445 - root - INFO - Completed generation 27; 4.3s elapsed, 3.9s avg, 1e+02s total. Expected time remaining: 6.7e+02s
2020-05-03 02:45:26,557 - root - INFO - #27 mean, min log_loss: 1.2, 1.1
2020-05-03 02:45:30,903 - root - INFO - Completed generation 28; 4.3s elapsed, 3.9s avg, 1.1e+02s total. Expected time remaining: 6.7e+02s
2020-05-03 02:45:31,015 - root - INFO - #28 mean, min log_loss: 1.2, 1.1
2020-05-03 02:45:35,364 - root - INFO - Completed generation 29; 4.3s elapsed, 3.9s avg, 1.1e+02s total. Expected time remaining: 6.7e+02s
2020-05-03 02:45:35,476 - root - INFO - #29 mean, min log_loss: 1.2, 1.1
2020-05-03 02:45:37,162 - root - INFO - Completed generation 30; 1.7s elapsed, 3.8s avg, 1.1e+02s total. Expected time remaining: 6.5e+02s
2020-05-03 02:45:37,272 - root - INFO - #30 mean, min log_loss: 1.2, 1.1
2020-05-03 02:45:38,901 - root - INFO - Completed generation 31; 1.5s elapsed, 3.7s avg, 1.2e+02s total. Expected time remaining: 6.3e+02s
2020-05-03 02:45:39,012 - root - INFO - #31 mean, min log_loss: 1.2, 1.1
2020-05-03 02:45:40,564 - root - INFO - Completed generation 32; 1.6s elapsed, 3.7s avg, 1.2e+02s total. Expected time remaining: 6.2e+02s
2020-05-03 02:45:40,676 - root - INFO - #32 mean, min log_loss: 1.2, 1.1
2020-05-03 02:45:42,239 - root - INFO - Completed generation 33; 1.6s elapsed, 3.6s avg, 1.2e+02s total. Expected time remaining: 6e+02s
2020-05-03 02:45:42,350 - root - INFO - #33 mean, min log_loss: 1.2, 1.1
2020-05-03 02:45:43,911 - root - INFO - Completed generation 34; 1.6s elapsed, 3.6s avg, 1.2e+02s total. Expected time remaining: 5.9e+02s
2020-05-03 02:45:44,021 - root - INFO - #34 mean, min log_loss: 1.2, 1.1
2020-05-03 02:45:45,561 - root - INFO - Completed generation 35; 1.5s elapsed, 3.5s avg, 1.2e+02s total. Expected time remaining: 5.8e+02s
2020-05-03 02:45:45,673 - root - INFO - #35 mean, min log_loss: 1.2, 1.1
2020-05-03 02:45:47,234 - root - INFO - Completed generation 36; 1.6s elapsed, 3.4s avg, 1.2e+02s total. Expected time remaining: 5.6e+02s
2020-05-03 02:45:47,346 - root - INFO - #36 mean, min log_loss: 1.2, 1.1
2020-05-03 02:45:48,890 - root - INFO - Completed generation 37; 1.5s elapsed, 3.4s avg, 1.3e+02s total. Expected time remaining: 5.5e+02s
2020-05-03 02:45:49,004 - root - INFO - #37 mean, min log_loss: 1.2, 1.1
2020-05-03 02:45:50,548 - root - INFO - Completed generation 38; 1.5s elapsed, 3.3s avg, 1.3e+02s total. Expected time remaining: 5.4e+02s
2020-05-03 02:45:50,659 - root - INFO - #38 mean, min log_loss: 1.2, 1.1
2020-05-03 02:45:52,212 - root - INFO - Completed generation 39; 1.6s elapsed, 3.3s avg, 1.3e+02s total. Expected time remaining: 5.3e+02s
2020-05-03 02:45:52,324 - root - INFO - #39 mean, min log_loss: 1.2, 1.1
2020-05-03 02:45:53,870 - root - INFO - Completed generation 40; 1.5s elapsed, 3.3s avg, 1.3e+02s total. Expected time remaining: 5.2e+02s
2020-05-03 02:45:53,980 - root - INFO - #40 mean, min log_loss: 1.2, 1.1
2020-05-03 02:45:55,622 - root - INFO - Completed generation 41; 1.6s elapsed, 3.2s avg, 1.3e+02s total. Expected time remaining: 5.1e+02s
2020-05-03 02:45:55,734 - root - INFO - #41 mean, min log_loss: 1.2, 1.1
2020-05-03 02:45:57,285 - root - INFO - Completed generation 42; 1.6s elapsed, 3.2s avg, 1.3e+02s total. Expected time remaining: 5e+02s
2020-05-03 02:45:57,395 - root - INFO - #42 mean, min log_loss: 1.2, 1.1
2020-05-03 02:45:58,934 - root - INFO - Completed generation 43; 1.5s elapsed, 3.1s avg, 1.3e+02s total. Expected time remaining: 4.9e+02s
2020-05-03 02:45:59,044 - root - INFO - #43 mean, min log_loss: 1.2, 1.1
2020-05-03 02:46:00,607 - root - INFO - Completed generation 44; 1.6s elapsed, 3.1s avg, 1.4e+02s total. Expected time remaining: 4.8e+02s
2020-05-03 02:46:00,718 - root - INFO - #44 mean, min log_loss: 1.2, 1.1
2020-05-03 02:46:02,296 - root - INFO - Completed generation 45; 1.6s elapsed, 3.1s avg, 1.4e+02s total. Expected time remaining: 4.7e+02s
2020-05-03 02:46:02,413 - root - INFO - #45 mean, min log_loss: 1.2, 1.1
2020-05-03 02:46:04,017 - root - INFO - Completed generation 46; 1.6s elapsed, 3.0s avg, 1.4e+02s total. Expected time remaining: 4.7e+02s
2020-05-03 02:46:04,131 - root - INFO - #46 mean, min log_loss: 1.2, 1.1
2020-05-03 02:46:05,487 - root - INFO - Completed generation 47; 1.4s elapsed, 3.0s avg, 1.4e+02s total. Expected time remaining: 4.6e+02s
2020-05-03 02:46:05,569 - root - INFO - #47 mean, min log_loss: 1.2, 1.1
2020-05-03 02:46:06,572 - root - INFO - Completed generation 48; 1.0s elapsed, 3.0s avg, 1.4e+02s total. Expected time remaining: 4.5e+02s
2020-05-03 02:46:06,641 - root - INFO - #48 mean, min log_loss: 1.2, 1.1
2020-05-03 02:46:07,682 - root - INFO - Completed generation 49; 1.0s elapsed, 2.9s avg, 1.4e+02s total. Expected time remaining: 4.4e+02s
2020-05-03 02:46:07,755 - root - INFO - #49 mean, min log_loss: 1.2, 1.1
2020-05-03 02:46:08,906 - root - INFO - Completed generation 50; 1.2s elapsed, 2.9s avg, 1.4e+02s total. Expected time remaining: 4.3e+02s
2020-05-03 02:46:08,976 - root - INFO - #50 mean, min log_loss: 1.2, 1.1
2020-05-03 02:46:10,049 - root - INFO - Completed generation 51; 1.0s elapsed, 2.8s avg, 1.4e+02s total. Expected time remaining: 4.2e+02s
2020-05-03 02:46:10,119 - root - INFO - #51 mean, min log_loss: 1.2, 1.1
2020-05-03 02:46:11,364 - root - INFO - Completed generation 52; 1.2s elapsed, 2.8s avg, 1.5e+02s total. Expected time remaining: 4.2e+02s
2020-05-03 02:46:11,464 - root - INFO - #52 mean, min log_loss: 1.2, 1.1
2020-05-03 02:46:12,487 - root - INFO - Completed generation 53; 1.0s elapsed, 2.8s avg, 1.5e+02s total. Expected time remaining: 4.1e+02s
2020-05-03 02:46:12,557 - root - INFO - #53 mean, min log_loss: 1.2, 1.1
2020-05-03 02:46:13,569 - root - INFO - Completed generation 54; 1.0s elapsed, 2.7s avg, 1.5e+02s total. Expected time remaining: 4e+02s
2020-05-03 02:46:13,640 - root - INFO - #54 mean, min log_loss: 1.2, 1.1
2020-05-03 02:46:14,652 - root - INFO - Completed generation 55; 1.0s elapsed, 2.7s avg, 1.5e+02s total. Expected time remaining: 3.9e+02s
2020-05-03 02:46:14,721 - root - INFO - #55 mean, min log_loss: 1.2, 1.1
2020-05-03 02:46:15,722 - root - INFO - Completed generation 56; 1.0s elapsed, 2.7s avg, 1.5e+02s total. Expected time remaining: 3.9e+02s
2020-05-03 02:46:15,794 - root - INFO - #56 mean, min log_loss: 1.2, 1.1
2020-05-03 02:46:16,841 - root - INFO - Completed generation 57; 1.0s elapsed, 2.7s avg, 1.5e+02s total. Expected time remaining: 3.8e+02s
2020-05-03 02:46:16,910 - root - INFO - #57 mean, min log_loss: 1.2, 1.1
2020-05-03 02:46:17,961 - root - INFO - Completed generation 58; 1.1s elapsed, 2.6s avg, 1.5e+02s total. Expected time remaining: 3.7e+02s
2020-05-03 02:46:18,031 - root - INFO - #58 mean, min log_loss: 1.2, 1.1
2020-05-03 02:46:19,191 - root - INFO - Completed generation 59; 1.2s elapsed, 2.6s avg, 1.5e+02s total. Expected time remaining: 3.7e+02s
2020-05-03 02:46:19,303 - root - INFO - #59 mean, min log_loss: 1.2, 1.1
2020-05-03 02:46:20,867 - root - INFO - Completed generation 60; 1.6s elapsed, 2.6s avg, 1.6e+02s total. Expected time remaining: 3.6e+02s
2020-05-03 02:46:20,978 - root - INFO - #60 mean, min log_loss: 1.2, 1.1
2020-05-03 02:46:22,610 - root - INFO - Completed generation 61; 1.6s elapsed, 2.6s avg, 1.6e+02s total. Expected time remaining: 3.6e+02s
2020-05-03 02:46:22,728 - root - INFO - #61 mean, min log_loss: 1.2, 1.1
2020-05-03 02:46:24,366 - root - INFO - Completed generation 62; 1.6s elapsed, 2.6s avg, 1.6e+02s total. Expected time remaining: 3.5e+02s
2020-05-03 02:46:24,440 - root - INFO - #62 mean, min log_loss: 1.2, 1.1
2020-05-03 02:46:25,467 - root - INFO - Completed generation 63; 1.0s elapsed, 2.5s avg, 1.6e+02s total. Expected time remaining: 3.5e+02s
2020-05-03 02:46:25,579 - root - INFO - #63 mean, min log_loss: 1.2, 1.1
2020-05-03 02:46:27,138 - root - INFO - Completed generation 64; 1.6s elapsed, 2.5s avg, 1.6e+02s total. Expected time remaining: 3.4e+02s
2020-05-03 02:46:27,250 - root - INFO - #64 mean, min log_loss: 1.2, 1.1
2020-05-03 02:46:28,822 - root - INFO - Completed generation 65; 1.6s elapsed, 2.5s avg, 1.6e+02s total. Expected time remaining: 3.4e+02s
2020-05-03 02:46:28,936 - root - INFO - #65 mean, min log_loss: 1.2, 1.1
2020-05-03 02:46:30,508 - root - INFO - Completed generation 66; 1.6s elapsed, 2.5s avg, 1.6e+02s total. Expected time remaining: 3.3e+02s
2020-05-03 02:46:30,620 - root - INFO - #66 mean, min log_loss: 1.2, 1.1
2020-05-03 02:46:32,172 - root - INFO - Completed generation 67; 1.6s elapsed, 2.5s avg, 1.7e+02s total. Expected time remaining: 3.3e+02s
2020-05-03 02:46:32,283 - root - INFO - #67 mean, min log_loss: 1.2, 1.1
2020-05-03 02:46:33,839 - root - INFO - Completed generation 68; 1.6s elapsed, 2.5s avg, 1.7e+02s total. Expected time remaining: 3.2e+02s
2020-05-03 02:46:33,951 - root - INFO - #68 mean, min log_loss: 1.2, 1.1
2020-05-03 02:46:35,516 - root - INFO - Completed generation 69; 1.6s elapsed, 2.4s avg, 1.7e+02s total. Expected time remaining: 3.2e+02s
2020-05-03 02:46:35,627 - root - INFO - #69 mean, min log_loss: 1.2, 1.1
2020-05-03 02:46:37,195 - root - INFO - Completed generation 70; 1.6s elapsed, 2.4s avg, 1.7e+02s total. Expected time remaining: 3.2e+02s
2020-05-03 02:46:37,308 - root - INFO - #70 mean, min log_loss: 1.2, 1.1
2020-05-03 02:46:41,504 - root - INFO - Completed generation 71; 3.8s elapsed, 2.5s avg, 1.7e+02s total. Expected time remaining: 3.2e+02s
2020-05-03 02:46:41,617 - root - INFO - #71 mean, min log_loss: 1.2, 1.1
2020-05-03 02:46:45,996 - root - INFO - Completed generation 72; 4.4s elapsed, 2.5s avg, 1.8e+02s total. Expected time remaining: 3.2e+02s
2020-05-03 02:46:46,108 - root - INFO - #72 mean, min log_loss: 1.2, 1.1
2020-05-03 02:46:50,552 - root - INFO - Completed generation 73; 4.4s elapsed, 2.5s avg, 1.8e+02s total. Expected time remaining: 3.2e+02s
2020-05-03 02:46:50,664 - root - INFO - #73 mean, min log_loss: 1.2, 1.1
2020-05-03 02:46:54,688 - root - INFO - Completed generation 74; 4.0s elapsed, 2.5s avg, 1.9e+02s total. Expected time remaining: 3.2e+02s
2020-05-03 02:46:54,760 - root - INFO - #74 mean, min log_loss: 1.2, 1.1
2020-05-03 02:46:58,933 - root - INFO - Completed generation 75; 4.2s elapsed, 2.5s avg, 1.9e+02s total. Expected time remaining: 3.2e+02s
2020-05-03 02:46:59,045 - root - INFO - #75 mean, min log_loss: 1.2, 1.1
2020-05-03 02:47:03,404 - root - INFO - Completed generation 76; 4.4s elapsed, 2.6s avg, 2e+02s total. Expected time remaining: 3.2e+02s
2020-05-03 02:47:03,519 - root - INFO - #76 mean, min log_loss: 1.2, 1.1
2020-05-03 02:47:07,839 - root - INFO - Completed generation 77; 4.3s elapsed, 2.6s avg, 2e+02s total. Expected time remaining: 3.2e+02s
2020-05-03 02:47:07,953 - root - INFO - #77 mean, min log_loss: 1.2, 1.1
2020-05-03 02:47:09,519 - root - INFO - Completed generation 78; 1.6s elapsed, 2.6s avg, 2e+02s total. Expected time remaining: 3.1e+02s
2020-05-03 02:47:09,636 - root - INFO - #78 mean, min log_loss: 8.6, 1.1
2020-05-03 02:47:11,483 - root - INFO - Completed generation 79; 1.8s elapsed, 2.6s avg, 2e+02s total. Expected time remaining: 3.1e+02s
2020-05-03 02:47:11,595 - root - INFO - #79 mean, min log_loss: 1.2e+01, 1.1
2020-05-03 02:47:13,204 - root - INFO - Completed generation 80; 1.6s elapsed, 2.6s avg, 2e+02s total. Expected time remaining: 3.1e+02s
2020-05-03 02:47:13,318 - root - INFO - #80 mean, min log_loss: 1.7e+01, 1.1
2020-05-03 02:47:15,013 - root - INFO - Completed generation 81; 1.6s elapsed, 2.5s avg, 2.1e+02s total. Expected time remaining: 3e+02s
2020-05-03 02:47:15,127 - root - INFO - #81 mean, min log_loss: 1.7e+01, 1.1
2020-05-03 02:47:16,997 - root - INFO - Completed generation 82; 1.9s elapsed, 2.5s avg, 2.1e+02s total. Expected time remaining: 3e+02s
2020-05-03 02:47:17,109 - root - INFO - #82 mean, min log_loss: 9.8, 1.0
2020-05-03 02:47:19,241 - root - INFO - Completed generation 83; 2.1s elapsed, 2.5s avg, 2.1e+02s total. Expected time remaining: 3e+02s
2020-05-03 02:47:19,353 - root - INFO - #83 mean, min log_loss: 1.7e+01, 1.0
2020-05-03 02:47:21,774 - root - INFO - Completed generation 84; 2.4s elapsed, 2.5s avg, 2.1e+02s total. Expected time remaining: 2.9e+02s
2020-05-03 02:47:21,887 - root - INFO - #84 mean, min log_loss: 1.9e+01, 1.0
2020-05-03 02:47:25,715 - root - INFO - Completed generation 85; 3.8s elapsed, 2.5s avg, 2.2e+02s total. Expected time remaining: 2.9e+02s
2020-05-03 02:47:25,831 - root - INFO - #85 mean, min log_loss: 1.9e+01, 1.0
2020-05-03 02:47:29,101 - root - INFO - Completed generation 86; 3.3s elapsed, 2.6s avg, 2.2e+02s total. Expected time remaining: 2.9e+02s
2020-05-03 02:47:29,216 - root - INFO - #86 mean, min log_loss: 2e+01, 1.0
2020-05-03 02:47:31,594 - root - INFO - Completed generation 87; 2.4s elapsed, 2.6s avg, 2.2e+02s total. Expected time remaining: 2.9e+02s
2020-05-03 02:47:31,663 - root - INFO - #87 mean, min log_loss: 1.3e+01, 0.9
2020-05-03 02:47:34,810 - root - INFO - Completed generation 88; 3.1s elapsed, 2.6s avg, 2.3e+02s total. Expected time remaining: 2.9e+02s
2020-05-03 02:47:34,881 - root - INFO - #88 mean, min log_loss: 1.4e+01, 0.88
2020-05-03 02:47:38,134 - root - INFO - Completed generation 89; 3.3s elapsed, 2.6s avg, 2.3e+02s total. Expected time remaining: 2.9e+02s
2020-05-03 02:47:38,246 - root - INFO - #89 mean, min log_loss: 1.4e+01, 0.87
2020-05-03 02:47:42,640 - root - INFO - Completed generation 90; 4.4s elapsed, 2.6s avg, 2.3e+02s total. Expected time remaining: 2.8e+02s
2020-05-03 02:47:42,755 - root - INFO - #90 mean, min log_loss: 7.1, 0.83
2020-05-03 02:47:45,016 - root - INFO - Completed generation 91; 2.1s elapsed, 2.6s avg, 2.4e+02s total. Expected time remaining: 2.8e+02s
2020-05-03 02:47:45,086 - root - INFO - #91 mean, min log_loss: 1.1e+01, 0.83
2020-05-03 02:47:46,475 - root - INFO - Completed generation 92; 1.4s elapsed, 2.6s avg, 2.4e+02s total. Expected time remaining: 2.8e+02s
2020-05-03 02:47:46,544 - root - INFO - #92 mean, min log_loss: 1.4e+01, 0.83
2020-05-03 02:47:48,487 - root - INFO - Completed generation 93; 1.9s elapsed, 2.6s avg, 2.4e+02s total. Expected time remaining: 2.7e+02s
2020-05-03 02:47:48,599 - root - INFO - #93 mean, min log_loss: 1.9e+01, 0.77
2020-05-03 02:47:51,318 - root - INFO - Completed generation 94; 2.7s elapsed, 2.6s avg, 2.4e+02s total. Expected time remaining: 2.7e+02s
2020-05-03 02:47:51,430 - root - INFO - #94 mean, min log_loss: 1.7e+01, 0.77
2020-05-03 02:47:54,147 - root - INFO - Completed generation 95; 2.7s elapsed, 2.6s avg, 2.4e+02s total. Expected time remaining: 2.7e+02s
2020-05-03 02:47:54,262 - root - INFO - #95 mean, min log_loss: 1.4e+01, 0.77
2020-05-03 02:47:57,558 - root - INFO - Completed generation 96; 3.3s elapsed, 2.6s avg, 2.5e+02s total. Expected time remaining: 2.7e+02s
2020-05-03 02:47:57,669 - root - INFO - #96 mean, min log_loss: 1.5e+01, 0.77
2020-05-03 02:48:00,368 - root - INFO - Completed generation 97; 2.7s elapsed, 2.6s avg, 2.5e+02s total. Expected time remaining: 2.7e+02s
2020-05-03 02:48:00,479 - root - INFO - #97 mean, min log_loss: 1.9e+01, 0.77
2020-05-03 02:48:03,191 - root - INFO - Completed generation 98; 2.7s elapsed, 2.6s avg, 2.5e+02s total. Expected time remaining: 2.6e+02s
2020-05-03 02:48:03,303 - root - INFO - #98 mean, min log_loss: 1.5e+01, 0.77
2020-05-03 02:48:05,460 - root - INFO - Completed generation 99; 2.2s elapsed, 2.6s avg, 2.5e+02s total. Expected time remaining: 2.6e+02s
2020-05-03 02:48:05,572 - root - INFO - #99 mean, min log_loss: 1e+01, 0.77
2020-05-03 02:48:08,274 - root - INFO - Completed generation 100; 2.7s elapsed, 2.6s avg, 2.6e+02s total. Expected time remaining: 2.6e+02s
2020-05-03 02:48:08,386 - root - INFO - #100 mean, min log_loss: 1.2e+01, 0.77
2020-05-03 02:48:10,678 - root - INFO - Completed generation 101; 2.2s elapsed, 2.6s avg, 2.6e+02s total. Expected time remaining: 2.5e+02s
2020-05-03 02:48:10,791 - root - INFO - #101 mean, min log_loss: 1.9e+01, 0.77
2020-05-03 02:48:13,790 - root - INFO - Completed generation 102; 3.0s elapsed, 2.6s avg, 2.6e+02s total. Expected time remaining: 2.5e+02s
2020-05-03 02:48:13,905 - root - INFO - #102 mean, min log_loss: 1.5e+01, 0.77
2020-05-03 02:48:16,069 - root - INFO - Completed generation 103; 2.2s elapsed, 2.6s avg, 2.6e+02s total. Expected time remaining: 2.5e+02s
2020-05-03 02:48:16,181 - root - INFO - #103 mean, min log_loss: 1.9e+01, 0.77
2020-05-03 02:48:18,612 - root - INFO - Completed generation 104; 2.4s elapsed, 2.6s avg, 2.7e+02s total. Expected time remaining: 2.5e+02s
2020-05-03 02:48:18,723 - root - INFO - #104 mean, min log_loss: 1.9e+01, 0.77
2020-05-03 02:48:22,054 - root - INFO - Completed generation 105; 3.3s elapsed, 2.6s avg, 2.7e+02s total. Expected time remaining: 2.4e+02s
2020-05-03 02:48:22,169 - root - INFO - #105 mean, min log_loss: 1.9e+01, 0.77
2020-05-03 02:48:24,639 - root - INFO - Completed generation 106; 2.5s elapsed, 2.6s avg, 2.7e+02s total. Expected time remaining: 2.4e+02s
2020-05-03 02:48:24,752 - root - INFO - #106 mean, min log_loss: 2e+01, 0.77
2020-05-03 02:48:26,924 - root - INFO - Completed generation 107; 2.2s elapsed, 2.6s avg, 2.8e+02s total. Expected time remaining: 2.4e+02s
2020-05-03 02:48:27,036 - root - INFO - #107 mean, min log_loss: 1.4e+01, 0.77
2020-05-03 02:48:29,190 - root - INFO - Completed generation 108; 2.2s elapsed, 2.6s avg, 2.8e+02s total. Expected time remaining: 2.4e+02s
2020-05-03 02:48:29,303 - root - INFO - #108 mean, min log_loss: 1.4e+01, 0.77
2020-05-03 02:48:32,853 - root - INFO - Completed generation 109; 3.5s elapsed, 2.6s avg, 2.8e+02s total. Expected time remaining: 2.3e+02s
2020-05-03 02:48:32,965 - root - INFO - #109 mean, min log_loss: 1e+01, 0.77
2020-05-03 02:48:36,528 - root - INFO - Completed generation 110; 3.6s elapsed, 2.6s avg, 2.8e+02s total. Expected time remaining: 2.3e+02s
2020-05-03 02:48:36,639 - root - INFO - #110 mean, min log_loss: 1.3e+01, 0.77
2020-05-03 02:48:39,486 - root - INFO - Completed generation 111; 2.7s elapsed, 2.6s avg, 2.9e+02s total. Expected time remaining: 2.3e+02s
2020-05-03 02:48:39,597 - root - INFO - #111 mean, min log_loss: 1.1e+01, 0.77
2020-05-03 02:48:42,030 - root - INFO - Completed generation 112; 2.4s elapsed, 2.6s avg, 2.9e+02s total. Expected time remaining: 2.3e+02s
2020-05-03 02:48:42,140 - root - INFO - #112 mean, min log_loss: 2.3e+01, 0.76
2020-05-03 02:48:44,573 - root - INFO - Completed generation 113; 2.4s elapsed, 2.6s avg, 2.9e+02s total. Expected time remaining: 2.2e+02s
2020-05-03 02:48:44,684 - root - INFO - #113 mean, min log_loss: 2.2e+01, 0.76
2020-05-03 02:48:47,117 - root - INFO - Completed generation 114; 2.4s elapsed, 2.6s avg, 2.9e+02s total. Expected time remaining: 2.2e+02s
2020-05-03 02:48:47,228 - root - INFO - #114 mean, min log_loss: 1.7e+01, 0.74
2020-05-03 02:48:50,539 - root - INFO - Completed generation 115; 3.3s elapsed, 2.6s avg, 3e+02s total. Expected time remaining: 2.2e+02s
2020-05-03 02:48:50,651 - root - INFO - #115 mean, min log_loss: 1.2e+01, 0.73
2020-05-03 02:48:53,364 - root - INFO - Completed generation 116; 2.7s elapsed, 2.6s avg, 3e+02s total. Expected time remaining: 2.2e+02s
2020-05-03 02:48:53,475 - root - INFO - #116 mean, min log_loss: 1.5e+01, 0.73
2020-05-03 02:48:57,067 - root - INFO - Completed generation 117; 3.6s elapsed, 2.6s avg, 3e+02s total. Expected time remaining: 2.2e+02s
2020-05-03 02:48:57,181 - root - INFO - #117 mean, min log_loss: 1.4e+01, 0.71
2020-05-03 02:49:00,205 - root - INFO - Completed generation 118; 3.0s elapsed, 2.6s avg, 3.1e+02s total. Expected time remaining: 2.1e+02s
2020-05-03 02:49:00,316 - root - INFO - #118 mean, min log_loss: 1.9e+01, 0.59
2020-05-03 02:49:02,224 - root - INFO - Completed generation 119; 1.9s elapsed, 2.6s avg, 3.1e+02s total. Expected time remaining: 2.1e+02s
2020-05-03 02:49:02,322 - root - INFO - #119 mean, min log_loss: 1.9e+01, 0.59
2020-05-03 02:49:04,137 - root - INFO - Completed generation 120; 1.8s elapsed, 2.6s avg, 3.1e+02s total. Expected time remaining: 2.1e+02s
2020-05-03 02:49:04,206 - root - INFO - #120 mean, min log_loss: 1.9e+01, 0.59
2020-05-03 02:49:06,566 - root - INFO - Completed generation 121; 2.3s elapsed, 2.6s avg, 3.1e+02s total. Expected time remaining: 2e+02s
2020-05-03 02:49:06,678 - root - INFO - #121 mean, min log_loss: 2e+01, 0.57
2020-05-03 02:49:09,679 - root - INFO - Completed generation 122; 3.0s elapsed, 2.6s avg, 3.2e+02s total. Expected time remaining: 2e+02s
2020-05-03 02:49:09,790 - root - INFO - #122 mean, min log_loss: 2.1e+01, 0.57
2020-05-03 02:49:12,271 - root - INFO - Completed generation 123; 2.5s elapsed, 2.6s avg, 3.2e+02s total. Expected time remaining: 2e+02s
2020-05-03 02:49:12,385 - root - INFO - #123 mean, min log_loss: 1.9e+01, 0.57
2020-05-03 02:49:15,130 - root - INFO - Completed generation 124; 2.7s elapsed, 2.6s avg, 3.2e+02s total. Expected time remaining: 2e+02s
2020-05-03 02:49:15,241 - root - INFO - #124 mean, min log_loss: 2e+01, 0.52
2020-05-03 02:49:18,064 - root - INFO - Completed generation 125; 2.8s elapsed, 2.6s avg, 3.2e+02s total. Expected time remaining: 1.9e+02s
2020-05-03 02:49:18,178 - root - INFO - #125 mean, min log_loss: 1.9e+01, 0.49
2020-05-03 02:49:21,495 - root - INFO - Completed generation 126; 3.3s elapsed, 2.6s avg, 3.3e+02s total. Expected time remaining: 1.9e+02s
2020-05-03 02:49:21,605 - root - INFO - #126 mean, min log_loss: 2.3e+01, 0.45
2020-05-03 02:49:24,650 - root - INFO - Completed generation 127; 3.0s elapsed, 2.6s avg, 3.3e+02s total. Expected time remaining: 1.9e+02s
2020-05-03 02:49:24,763 - root - INFO - #127 mean, min log_loss: 9.9, 0.44
2020-05-03 02:49:28,080 - root - INFO - Completed generation 128; 3.3s elapsed, 2.6s avg, 3.3e+02s total. Expected time remaining: 1.9e+02s
2020-05-03 02:49:28,191 - root - INFO - #128 mean, min log_loss: 1.9e+01, 0.44
2020-05-03 02:49:31,192 - root - INFO - Completed generation 129; 3.0s elapsed, 2.6s avg, 3.4e+02s total. Expected time remaining: 1.9e+02s
2020-05-03 02:49:31,304 - root - INFO - #129 mean, min log_loss: 2e+01, 0.44
2020-05-03 02:49:34,100 - root - INFO - Completed generation 130; 2.8s elapsed, 2.6s avg, 3.4e+02s total. Expected time remaining: 1.8e+02s
2020-05-03 02:49:34,212 - root - INFO - #130 mean, min log_loss: 2.3e+01, 0.44
2020-05-03 02:49:37,119 - root - INFO - Completed generation 131; 2.8s elapsed, 2.6s avg, 3.4e+02s total. Expected time remaining: 1.8e+02s
2020-05-03 02:49:37,233 - root - INFO - #131 mean, min log_loss: 2.3e+01, 0.32
2020-05-03 02:49:41,141 - root - INFO - Completed generation 132; 3.9s elapsed, 2.6s avg, 3.5e+02s total. Expected time remaining: 1.8e+02s
2020-05-03 02:49:41,254 - root - INFO - #132 mean, min log_loss: 1.9e+01, 0.29
2020-05-03 02:49:44,914 - root - INFO - Completed generation 133; 3.7s elapsed, 2.6s avg, 3.5e+02s total. Expected time remaining: 1.8e+02s
2020-05-03 02:49:45,029 - root - INFO - #133 mean, min log_loss: 2.1e+01, 0.29
2020-05-03 02:49:47,832 - root - INFO - Completed generation 134; 2.8s elapsed, 2.6s avg, 3.5e+02s total. Expected time remaining: 1.7e+02s
2020-05-03 02:49:47,945 - root - INFO - #134 mean, min log_loss: 1.9e+01, 0.28
2020-05-03 02:49:50,424 - root - INFO - Completed generation 135; 2.5s elapsed, 2.6s avg, 3.6e+02s total. Expected time remaining: 1.7e+02s
2020-05-03 02:49:50,536 - root - INFO - #135 mean, min log_loss: 2.3e+01, 0.18
2020-05-03 02:49:53,347 - root - INFO - Completed generation 136; 2.8s elapsed, 2.6s avg, 3.6e+02s total. Expected time remaining: 1.7e+02s
2020-05-03 02:49:53,460 - root - INFO - #136 mean, min log_loss: 2.3e+01, 0.18
2020-05-03 02:49:56,306 - root - INFO - Completed generation 137; 2.8s elapsed, 2.6s avg, 3.6e+02s total. Expected time remaining: 1.7e+02s
2020-05-03 02:49:56,419 - root - INFO - #137 mean, min log_loss: 2.5e+01, 0.18
2020-05-03 02:49:59,215 - root - INFO - Completed generation 138; 2.8s elapsed, 2.6s avg, 3.6e+02s total. Expected time remaining: 1.6e+02s
2020-05-03 02:49:59,327 - root - INFO - #138 mean, min log_loss: 1.9e+01, 0.18
2020-05-03 02:50:01,863 - root - INFO - Completed generation 139; 2.5s elapsed, 2.6s avg, 3.7e+02s total. Expected time remaining: 1.6e+02s
2020-05-03 02:50:01,977 - root - INFO - #139 mean, min log_loss: 2.4e+01, 0.18
2020-05-03 02:50:04,501 - root - INFO - Completed generation 140; 2.5s elapsed, 2.6s avg, 3.7e+02s total. Expected time remaining: 1.6e+02s
2020-05-03 02:50:04,613 - root - INFO - #140 mean, min log_loss: 1.6e+01, 0.18
2020-05-03 02:50:07,871 - root - INFO - Completed generation 141; 3.1s elapsed, 2.6s avg, 3.7e+02s total. Expected time remaining: 1.6e+02s
2020-05-03 02:50:07,987 - root - INFO - #141 mean, min log_loss: 2.3e+01, 0.18
2020-05-03 02:50:10,245 - root - INFO - Completed generation 142; 2.3s elapsed, 2.6s avg, 3.7e+02s total. Expected time remaining: 1.5e+02s
2020-05-03 02:50:10,358 - root - INFO - #142 mean, min log_loss: 1.4e+01, 0.18
2020-05-03 02:50:13,465 - root - INFO - Completed generation 143; 3.1s elapsed, 2.6s avg, 3.8e+02s total. Expected time remaining: 1.5e+02s
2020-05-03 02:50:13,583 - root - INFO - #143 mean, min log_loss: 1.5e+01, 0.18
2020-05-03 02:50:16,341 - root - INFO - Completed generation 144; 2.8s elapsed, 2.6s avg, 3.8e+02s total. Expected time remaining: 1.5e+02s
2020-05-03 02:50:16,453 - root - INFO - #144 mean, min log_loss: 1.6e+01, 0.18
2020-05-03 02:50:19,275 - root - INFO - Completed generation 145; 2.8s elapsed, 2.6s avg, 3.8e+02s total. Expected time remaining: 1.5e+02s
2020-05-03 02:50:19,388 - root - INFO - #145 mean, min log_loss: 2.3e+01, 0.17
2020-05-03 02:50:22,797 - root - INFO - Completed generation 146; 3.4s elapsed, 2.6s avg, 3.9e+02s total. Expected time remaining: 1.4e+02s
2020-05-03 02:50:22,905 - root - INFO - #146 mean, min log_loss: 2.9e+01, 0.17
2020-05-03 02:50:25,446 - root - INFO - Completed generation 147; 2.5s elapsed, 2.6s avg, 3.9e+02s total. Expected time remaining: 1.4e+02s
2020-05-03 02:50:25,558 - root - INFO - #147 mean, min log_loss: 2.3e+01, 0.17
2020-05-03 02:50:28,148 - root - INFO - Completed generation 148; 2.6s elapsed, 2.6s avg, 3.9e+02s total. Expected time remaining: 1.4e+02s
2020-05-03 02:50:28,265 - root - INFO - #148 mean, min log_loss: 2e+01, 0.17
2020-05-03 02:50:30,791 - root - INFO - Completed generation 149; 2.5s elapsed, 2.6s avg, 3.9e+02s total. Expected time remaining: 1.3e+02s
2020-05-03 02:50:30,904 - root - INFO - #149 mean, min log_loss: 1.9e+01, 0.16
2020-05-03 02:50:33,727 - root - INFO - Completed generation 150; 2.8s elapsed, 2.6s avg, 4e+02s total. Expected time remaining: 1.3e+02s
2020-05-03 02:50:33,839 - root - INFO - #150 mean, min log_loss: 1.9e+01, 0.16
2020-05-03 02:50:36,545 - root - INFO - Completed generation 151; 2.6s elapsed, 2.6s avg, 4e+02s total. Expected time remaining: 1.3e+02s
2020-05-03 02:50:36,658 - root - INFO - #151 mean, min log_loss: 1.5e+01, 0.16
2020-05-03 02:50:40,357 - root - INFO - Completed generation 152; 3.7s elapsed, 2.7s avg, 4e+02s total. Expected time remaining: 1.3e+02s
2020-05-03 02:50:40,469 - root - INFO - #152 mean, min log_loss: 2e+01, 0.16
2020-05-03 02:50:43,406 - root - INFO - Completed generation 153; 2.9s elapsed, 2.7s avg, 4.1e+02s total. Expected time remaining: 1.2e+02s
2020-05-03 02:50:43,476 - root - INFO - #153 mean, min log_loss: 2.3e+01, 0.16
2020-05-03 02:50:45,788 - root - INFO - Completed generation 154; 2.3s elapsed, 2.7s avg, 4.1e+02s total. Expected time remaining: 1.2e+02s
2020-05-03 02:50:45,858 - root - INFO - #154 mean, min log_loss: 2.2e+01, 0.16
2020-05-03 02:50:48,225 - root - INFO - Completed generation 155; 2.4s elapsed, 2.6s avg, 4.1e+02s total. Expected time remaining: 1.2e+02s
2020-05-03 02:50:48,295 - root - INFO - #155 mean, min log_loss: 2.4e+01, 0.16
2020-05-03 02:50:49,699 - root - INFO - Completed generation 156; 1.4s elapsed, 2.6s avg, 4.1e+02s total. Expected time remaining: 1.2e+02s
2020-05-03 02:50:49,768 - root - INFO - #156 mean, min log_loss: 1.7e+01, 0.16
2020-05-03 02:50:51,180 - root - INFO - Completed generation 157; 1.4s elapsed, 2.6s avg, 4.1e+02s total. Expected time remaining: 1.1e+02s
2020-05-03 02:50:51,249 - root - INFO - #157 mean, min log_loss: 1.5e+01, 0.16
2020-05-03 02:50:53,067 - root - INFO - Completed generation 158; 1.8s elapsed, 2.6s avg, 4.2e+02s total. Expected time remaining: 1.1e+02s
2020-05-03 02:50:53,137 - root - INFO - #158 mean, min log_loss: 2.3e+01, 0.16
2020-05-03 02:50:54,561 - root - INFO - Completed generation 159; 1.4s elapsed, 2.6s avg, 4.2e+02s total. Expected time remaining: 1.1e+02s
2020-05-03 02:50:54,635 - root - INFO - #159 mean, min log_loss: 1.5e+01, 0.16
2020-05-03 02:50:56,057 - root - INFO - Completed generation 160; 1.4s elapsed, 2.6s avg, 4.2e+02s total. Expected time remaining: 1e+02s
2020-05-03 02:50:56,127 - root - INFO - #160 mean, min log_loss: 2.8e+01, 0.16
2020-05-03 02:50:57,824 - root - INFO - Completed generation 161; 1.6s elapsed, 2.6s avg, 4.2e+02s total. Expected time remaining: 1e+02s
2020-05-03 02:50:57,894 - root - INFO - #161 mean, min log_loss: 2.3e+01, 0.16
2020-05-03 02:50:59,516 - root - INFO - Completed generation 162; 1.6s elapsed, 2.6s avg, 4.2e+02s total. Expected time remaining: 9.9e+01s
2020-05-03 02:50:59,585 - root - INFO - #162 mean, min log_loss: 1.3e+01, 0.16
2020-05-03 02:51:01,565 - root - INFO - Completed generation 163; 2.0s elapsed, 2.6s avg, 4.2e+02s total. Expected time remaining: 9.6e+01s
2020-05-03 02:51:01,657 - root - INFO - #163 mean, min log_loss: 1.9e+01, 0.16
2020-05-03 02:51:03,373 - root - INFO - Completed generation 164; 1.7s elapsed, 2.6s avg, 4.2e+02s total. Expected time remaining: 9.3e+01s
2020-05-03 02:51:03,485 - root - INFO - #164 mean, min log_loss: 2.3e+01, 0.16
2020-05-03 02:51:05,100 - root - INFO - Completed generation 165; 1.6s elapsed, 2.6s avg, 4.3e+02s total. Expected time remaining: 9e+01s
2020-05-03 02:51:05,170 - root - INFO - #165 mean, min log_loss: 1.7e+01, 0.16
2020-05-03 02:51:06,613 - root - INFO - Completed generation 166; 1.4s elapsed, 2.6s avg, 4.3e+02s total. Expected time remaining: 8.8e+01s
2020-05-03 02:51:06,683 - root - INFO - #166 mean, min log_loss: 1.7e+01, 0.16
2020-05-03 02:51:07,941 - root - INFO - Completed generation 167; 1.3s elapsed, 2.6s avg, 4.3e+02s total. Expected time remaining: 8.5e+01s
2020-05-03 02:51:08,010 - root - INFO - #167 mean, min log_loss: 2.2e+01, 0.16
2020-05-03 02:51:09,631 - root - INFO - Completed generation 168; 1.6s elapsed, 2.6s avg, 4.3e+02s total. Expected time remaining: 8.2e+01s
2020-05-03 02:51:09,701 - root - INFO - #168 mean, min log_loss: 2.3e+01, 0.16
2020-05-03 02:51:11,989 - root - INFO - Completed generation 169; 2.3s elapsed, 2.6s avg, 4.3e+02s total. Expected time remaining: 7.9e+01s
2020-05-03 02:51:12,079 - root - INFO - #169 mean, min log_loss: 1.9e+01, 0.16
2020-05-03 02:51:14,915 - root - INFO - Completed generation 170; 2.8s elapsed, 2.6s avg, 4.4e+02s total. Expected time remaining: 7.7e+01s
2020-05-03 02:51:15,025 - root - INFO - #170 mean, min log_loss: 1.8e+01, 0.16
2020-05-03 02:51:17,949 - root - INFO - Completed generation 171; 2.8s elapsed, 2.6s avg, 4.4e+02s total. Expected time remaining: 7.4e+01s
2020-05-03 02:51:18,062 - root - INFO - #171 mean, min log_loss: 2.3e+01, 0.16
2020-05-03 02:51:19,699 - root - INFO - Completed generation 172; 1.6s elapsed, 2.6s avg, 4.4e+02s total. Expected time remaining: 7.2e+01s
2020-05-03 02:51:19,812 - root - INFO - #172 mean, min log_loss: 2.2e+01, 0.16
2020-05-03 02:51:22,577 - root - INFO - Completed generation 173; 2.8s elapsed, 2.6s avg, 4.4e+02s total. Expected time remaining: 6.9e+01s
2020-05-03 02:51:22,647 - root - INFO - #173 mean, min log_loss: 2.3e+01, 0.16
2020-05-03 02:51:24,252 - root - INFO - Completed generation 174; 1.6s elapsed, 2.6s avg, 4.4e+02s total. Expected time remaining: 6.6e+01s
2020-05-03 02:51:24,322 - root - INFO - #174 mean, min log_loss: 1.9e+01, 0.16
2020-05-03 02:51:26,310 - root - INFO - Completed generation 175; 2.0s elapsed, 2.6s avg, 4.5e+02s total. Expected time remaining: 6.4e+01s
2020-05-03 02:51:26,380 - root - INFO - #175 mean, min log_loss: 1.5e+01, 0.16
2020-05-03 02:51:28,353 - root - INFO - Completed generation 176; 2.0s elapsed, 2.5s avg, 4.5e+02s total. Expected time remaining: 6.1e+01s
2020-05-03 02:51:28,425 - root - INFO - #176 mean, min log_loss: 2.1e+01, 0.16
2020-05-03 02:51:29,676 - root - INFO - Completed generation 177; 1.3s elapsed, 2.5s avg, 4.5e+02s total. Expected time remaining: 5.8e+01s
2020-05-03 02:51:29,746 - root - INFO - #177 mean, min log_loss: 1.9e+01, 0.16
2020-05-03 02:51:31,056 - root - INFO - Completed generation 178; 1.3s elapsed, 2.5s avg, 4.5e+02s total. Expected time remaining: 5.6e+01s
2020-05-03 02:51:31,126 - root - INFO - #178 mean, min log_loss: 1.9e+01, 0.16
2020-05-03 02:51:32,742 - root - INFO - Completed generation 179; 1.6s elapsed, 2.5s avg, 4.5e+02s total. Expected time remaining: 5.3e+01s
2020-05-03 02:51:32,812 - root - INFO - #179 mean, min log_loss: 2.3e+01, 0.16
2020-05-03 02:51:34,323 - root - INFO - Completed generation 180; 1.5s elapsed, 2.5s avg, 4.5e+02s total. Expected time remaining: 5e+01s
2020-05-03 02:51:34,393 - root - INFO - #180 mean, min log_loss: 1.8e+01, 0.16
2020-05-03 02:51:36,275 - root - INFO - Completed generation 181; 1.8s elapsed, 2.5s avg, 4.6e+02s total. Expected time remaining: 4.8e+01s
2020-05-03 02:51:36,349 - root - INFO - #181 mean, min log_loss: 1.9e+01, 0.16
2020-05-03 02:51:38,568 - root - INFO - Completed generation 182; 2.2s elapsed, 2.5s avg, 4.6e+02s total. Expected time remaining: 4.5e+01s
2020-05-03 02:51:38,681 - root - INFO - #182 mean, min log_loss: 1.9e+01, 0.16
2020-05-03 02:51:42,014 - root - INFO - Completed generation 183; 3.3s elapsed, 2.5s avg, 4.6e+02s total. Expected time remaining: 4.3e+01s
2020-05-03 02:51:42,094 - root - INFO - #183 mean, min log_loss: 1.5e+01, 0.16
2020-05-03 02:51:43,944 - root - INFO - Completed generation 184; 1.8s elapsed, 2.5s avg, 4.6e+02s total. Expected time remaining: 4e+01s
2020-05-03 02:51:44,014 - root - INFO - #184 mean, min log_loss: 2.3e+01, 0.16
2020-05-03 02:51:47,217 - root - INFO - Completed generation 185; 3.2s elapsed, 2.5s avg, 4.7e+02s total. Expected time remaining: 3.8e+01s
2020-05-03 02:51:47,329 - root - INFO - #185 mean, min log_loss: 1.9e+01, 0.16
2020-05-03 02:51:49,373 - root - INFO - Completed generation 186; 2.0s elapsed, 2.5s avg, 4.7e+02s total. Expected time remaining: 3.5e+01s
2020-05-03 02:51:49,455 - root - INFO - #186 mean, min log_loss: 2.1e+01, 0.16
2020-05-03 02:51:52,524 - root - INFO - Completed generation 187; 3.1s elapsed, 2.5s avg, 4.7e+02s total. Expected time remaining: 3.3e+01s
2020-05-03 02:51:52,636 - root - INFO - #187 mean, min log_loss: 2.1e+01, 0.16
2020-05-03 02:51:55,691 - root - INFO - Completed generation 188; 3.1s elapsed, 2.5s avg, 4.8e+02s total. Expected time remaining: 3e+01s
2020-05-03 02:51:55,803 - root - INFO - #188 mean, min log_loss: 2.8e+01, 0.16
2020-05-03 02:51:58,031 - root - INFO - Completed generation 189; 2.2s elapsed, 2.5s avg, 4.8e+02s total. Expected time remaining: 2.8e+01s
2020-05-03 02:51:58,144 - root - INFO - #189 mean, min log_loss: 2.3e+01, 0.16
2020-05-03 02:52:00,917 - root - INFO - Completed generation 190; 2.8s elapsed, 2.5s avg, 4.8e+02s total. Expected time remaining: 2.5e+01s
2020-05-03 02:52:01,028 - root - INFO - #190 mean, min log_loss: 1.9e+01, 0.16
2020-05-03 02:52:04,202 - root - INFO - Completed generation 191; 3.1s elapsed, 2.5s avg, 4.8e+02s total. Expected time remaining: 2.3e+01s
2020-05-03 02:52:04,311 - root - INFO - #191 mean, min log_loss: 1.9e+01, 0.16
2020-05-03 02:52:07,396 - root - INFO - Completed generation 192; 3.1s elapsed, 2.5s avg, 4.9e+02s total. Expected time remaining: 2e+01s
2020-05-03 02:52:07,512 - root - INFO - #192 mean, min log_loss: 2.3e+01, 0.16
2020-05-03 02:52:10,062 - root - INFO - Completed generation 193; 2.5s elapsed, 2.5s avg, 4.9e+02s total. Expected time remaining: 1.8e+01s
2020-05-03 02:52:10,173 - root - INFO - #193 mean, min log_loss: 1.7e+01, 0.16
2020-05-03 02:52:12,335 - root - INFO - Completed generation 194; 2.2s elapsed, 2.5s avg, 4.9e+02s total. Expected time remaining: 1.5e+01s
2020-05-03 02:52:12,404 - root - INFO - #194 mean, min log_loss: 2.3e+01, 0.16
2020-05-03 02:52:13,860 - root - INFO - Completed generation 195; 1.5s elapsed, 2.5s avg, 4.9e+02s total. Expected time remaining: 1.3e+01s
2020-05-03 02:52:13,971 - root - INFO - #195 mean, min log_loss: 2.2e+01, 0.16
2020-05-03 02:52:16,241 - root - INFO - Completed generation 196; 2.3s elapsed, 2.5s avg, 4.9e+02s total. Expected time remaining: 1e+01s
2020-05-03 02:52:16,352 - root - INFO - #196 mean, min log_loss: 2.3e+01, 0.16
2020-05-03 02:52:18,322 - root - INFO - Completed generation 197; 2.0s elapsed, 2.5s avg, 5e+02s total. Expected time remaining: 7.6s
2020-05-03 02:52:18,434 - root - INFO - #197 mean, min log_loss: 1.1e+01, 0.16
2020-05-03 02:52:20,968 - root - INFO - Completed generation 198; 2.5s elapsed, 2.5s avg, 5e+02s total. Expected time remaining: 5.0s
2020-05-03 02:52:21,080 - root - INFO - #198 mean, min log_loss: 1.6e+01, 0.16
2020-05-03 02:52:24,211 - root - INFO - Completed generation 199; 3.1s elapsed, 2.5s avg, 5e+02s total. Expected time remaining: 2.5s
2020-05-03 02:52:24,278 - root - INFO - #199 mean, min log_loss: 1.8e+01, 0.16
2020-05-03 02:52:26,565 - root - INFO - Completed generation 200; 2.3s elapsed, 2.5s avg, 5e+02s total. Expected time remaining: 0.0s
2020-05-03 02:52:26,676 - root - INFO - #200 mean, min log_loss: 2.3e+01, 0.16
2020-05-03 02:52:27,002 - root - INFO - Evaluating indivs in hall of fame.
2020-05-03 02:52:30,268 - root - INFO - Completed excution.
