2020-08-23 15:36:23,217 - root - INFO - Package version 0.1.1
2020-08-23 15:36:23,217 - root - INFO - Saving data at /vol/fob-vol1/mi15/plonerma/Lab/rewann/gruenau7/complexity_measure/data/2020-08-23_Iris -n_mutations; lognormal 0,0.5; signed: True; seed: 0_000.
2020-08-23 15:36:23,217 - root - DEBUG - Loading training dataset
2020-08-23 15:36:23,312 - root - DEBUG - Loaded 150 samples.
2020-08-23 15:36:23,312 - root - DEBUG - Running experiments with the following parameters:
debug = true
experiment_name = "Iris -n_mutations; lognormal 0,0.5; signed: True; seed: 0"
experiment_path = "data/2020-08-23_Iris -n_mutations; lognormal 0,0.5; signed: True; seed: 0_000"

[config]
num_workers = 1
debug = true
backend = "numpy"

[postopt]
run_postopt = true
compile_report = false
num_weights = 100
num_samples = -1

[sampling]
seed = 0
post_init_seed = false
distribution = "lognormal"
lower_bound = -2
upper_bound = 2
mean = 0
sigma = 0.5
num_weights_per_iteration = 5
num_samples_per_iteration = -1
hof_evaluation_iterations = 20

[task]
name = "iris"
sample_order_seed = 0
test_portion = 0.2
sample_length = 10
num_categories = 8

[storage]
data_base_path = "data"
log_filename = "execution.log"
commit_elite_freq = -1
commit_metrics_freq = 10

[population]
num_generations = 200
size = 100
initial_enabled_edge_prob = 0.05
initial_genes = "full"
initial_func = "random"
hof_size = 10
enable_edge_signs = true
enabled_activation_funcs = "all"

[selection]
use_tournaments = true
elite_ratio = 0.1
culling_ratio = 0.2
tournament_size = 5
objectives = [ "-log_loss.min", "-log_loss.mean", "-n_mutations",]
recorded_metrics = [ "accuracy", "kappa", "log_loss",]
hof_metric = "accuracy.mean"

[mutation.new_edge]
probability = 0.2
strategy = "layer_agnostic"
propability = 0.2

[mutation.new_node]
probability = 0.25
propability = 0.3

[mutation.reenable_edge]
probability = 0.05
propability = 0.1

[mutation.change_activation]
probability = 0.5
propability = 0.4

[mutation.change_edge_sign]
probability = 0.2

[mutation.new_recurrent_edge]
probability = 0.2
strategy = "any"

2020-08-23 15:36:23,320 - root - INFO - Starting evolutionary algorithm
2020-08-23 15:36:23,344 - root - DEBUG - Sampled weight [1.31169976 4.1788132  0.83714523 1.9805596  2.26603564]
2020-08-23 15:36:24,422 - root - DEBUG - Updating hall of fame
2020-08-23 15:36:26,359 - root - INFO - Completed generation 1; 3.0s elapsed, 3.0s avg, 3.0s total. Expected time remaining: 6e+02s
2020-08-23 15:36:26,427 - root - INFO - #1 MAX:accuracy.mean: 0.41
2020-08-23 15:36:26,470 - root - DEBUG - Sampled weight [1.50838294 0.89887831 0.53642471 0.55677439 1.34428663]
2020-08-23 15:36:27,545 - root - DEBUG - Updating hall of fame
2020-08-23 15:36:29,408 - root - INFO - Completed generation 2; 3.0s elapsed, 3.0s avg, 6.0s total. Expected time remaining: 6e+02s
2020-08-23 15:36:29,470 - root - INFO - #2 MAX:accuracy.mean: 0.47
2020-08-23 15:36:29,513 - root - DEBUG - Sampled weight [1.28891401 1.77504777 1.1786034  1.97068578 0.89631546]
2020-08-23 15:36:30,578 - root - DEBUG - Updating hall of fame
2020-08-23 15:36:32,211 - root - INFO - Completed generation 3; 2.7s elapsed, 2.9s avg, 8.8s total. Expected time remaining: 5.8e+02s
2020-08-23 15:36:32,278 - root - INFO - #3 MAX:accuracy.mean: 0.54
2020-08-23 15:36:32,322 - root - DEBUG - Sampled weight [1.0210574  1.47220121 1.06768297 2.30154264 1.36646028]
2020-08-23 15:36:33,462 - root - DEBUG - Updating hall of fame
2020-08-23 15:36:35,482 - root - INFO - Completed generation 4; 3.2s elapsed, 3.0s avg, 1.2e+01s total. Expected time remaining: 5.9e+02s
2020-08-23 15:36:35,547 - root - INFO - #4 MAX:accuracy.mean: 0.58
2020-08-23 15:36:35,591 - root - DEBUG - Sampled weight [2.41510177 0.50888985 1.81135486 1.27859076 1.00046711]
2020-08-23 15:36:36,696 - root - DEBUG - Updating hall of fame
2020-08-23 15:36:38,419 - root - INFO - Completed generation 5; 2.9s elapsed, 3.0s avg, 1.5e+01s total. Expected time remaining: 5.8e+02s
2020-08-23 15:36:38,481 - root - INFO - #5 MAX:accuracy.mean: 0.52
2020-08-23 15:36:38,523 - root - DEBUG - Sampled weight [0.78587118 1.0266877  1.34341661 1.23336209 2.05243508]
2020-08-23 15:36:39,591 - root - DEBUG - Updating hall of fame
2020-08-23 15:36:40,554 - root - INFO - Completed generation 6; 2.1s elapsed, 2.8s avg, 1.7e+01s total. Expected time remaining: 5.5e+02s
2020-08-23 15:36:40,616 - root - INFO - #6 MAX:accuracy.mean: 0.57
2020-08-23 15:36:40,659 - root - DEBUG - Sampled weight [2.39816634 2.3677476  0.51473703 1.1001163  0.65212178]
2020-08-23 15:36:41,736 - root - DEBUG - Updating hall of fame
2020-08-23 15:36:42,867 - root - INFO - Completed generation 7; 2.3s elapsed, 2.7s avg, 1.9e+01s total. Expected time remaining: 5.3e+02s
2020-08-23 15:36:42,929 - root - INFO - #7 MAX:accuracy.mean: 0.51
2020-08-23 15:36:42,971 - root - DEBUG - Sampled weight [1.61525604 0.75158512 0.8434184  2.14548031 0.45841563]
2020-08-23 15:36:44,050 - root - DEBUG - Updating hall of fame
2020-08-23 15:36:44,632 - root - INFO - Completed generation 8; 1.7s elapsed, 2.6s avg, 2.1e+01s total. Expected time remaining: 5e+02s
2020-08-23 15:36:44,694 - root - INFO - #8 MAX:accuracy.mean: 0.53
2020-08-23 15:36:44,735 - root - DEBUG - Sampled weight [0.88491786 1.03940359 0.67493715 1.05923635 1.04066037]
2020-08-23 15:36:45,823 - root - DEBUG - Updating hall of fame
2020-08-23 15:36:46,393 - root - INFO - Completed generation 9; 1.7s elapsed, 2.5s avg, 2.3e+01s total. Expected time remaining: 4.8e+02s
2020-08-23 15:36:46,454 - root - INFO - #9 MAX:accuracy.mean: 0.61
2020-08-23 15:36:46,496 - root - DEBUG - Sampled weight [0.75153948 1.38005508 0.7271857  1.71663435 1.61576669]
2020-08-23 15:36:47,575 - root - DEBUG - Updating hall of fame
2020-08-23 15:36:48,521 - root - INFO - Completed generation 10; 2.1s elapsed, 2.5s avg, 2.5e+01s total. Expected time remaining: 4.7e+02s
2020-08-23 15:36:48,583 - root - INFO - #10 MAX:accuracy.mean: 0.67
2020-08-23 15:36:48,672 - root - DEBUG - Sampled weight [1.07526214 0.74187134 0.50197307 1.17032682 0.74497365]
2020-08-23 15:36:49,752 - root - DEBUG - Updating hall of fame
2020-08-23 15:36:50,701 - root - INFO - Completed generation 11; 2.1s elapsed, 2.4s avg, 2.7e+01s total. Expected time remaining: 4.6e+02s
2020-08-23 15:36:50,762 - root - INFO - #11 MAX:accuracy.mean: 0.52
2020-08-23 15:36:50,803 - root - DEBUG - Sampled weight [0.87914013 1.57895666 0.58065899 1.25137061 0.87691501]
2020-08-23 15:36:51,876 - root - DEBUG - Updating hall of fame
2020-08-23 15:36:53,000 - root - INFO - Completed generation 12; 2.2s elapsed, 2.4s avg, 2.9e+01s total. Expected time remaining: 4.5e+02s
2020-08-23 15:36:53,061 - root - INFO - #12 MAX:accuracy.mean: 0.52
2020-08-23 15:36:53,103 - root - DEBUG - Sampled weight [0.29148638 1.75176929 0.44807821 0.77100989 1.3033742 ]
2020-08-23 15:36:54,180 - root - DEBUG - Updating hall of fame
2020-08-23 15:36:55,493 - root - INFO - Completed generation 13; 2.4s elapsed, 2.4s avg, 3.1e+01s total. Expected time remaining: 4.5e+02s
2020-08-23 15:36:55,554 - root - INFO - #13 MAX:accuracy.mean: 0.51
2020-08-23 15:36:55,595 - root - DEBUG - Sampled weight [2.30087564 0.86608046 0.73097978 0.57120683 0.94285159]
2020-08-23 15:36:56,667 - root - DEBUG - Updating hall of fame
2020-08-23 15:36:57,242 - root - INFO - Completed generation 14; 1.7s elapsed, 2.4s avg, 3.3e+01s total. Expected time remaining: 4.4e+02s
2020-08-23 15:36:57,303 - root - INFO - #14 MAX:accuracy.mean: 0.59
2020-08-23 15:36:57,343 - root - DEBUG - Sampled weight [3.97201032 1.24949419 0.73305626 1.13644247 0.70158946]
2020-08-23 15:36:58,419 - root - DEBUG - Updating hall of fame
2020-08-23 15:36:59,359 - root - INFO - Completed generation 15; 2.1s elapsed, 2.3s avg, 3.5e+01s total. Expected time remaining: 4.3e+02s
2020-08-23 15:36:59,421 - root - INFO - #15 MAX:accuracy.mean: 0.65
2020-08-23 15:36:59,463 - root - DEBUG - Sampled weight [0.36555736 1.21365915 1.18459938 1.23415726 1.99797575]
2020-08-23 15:37:00,535 - root - DEBUG - Updating hall of fame
2020-08-23 15:37:01,298 - root - INFO - Completed generation 16; 1.9s elapsed, 2.3s avg, 3.7e+01s total. Expected time remaining: 4.3e+02s
2020-08-23 15:37:01,366 - root - INFO - #16 MAX:accuracy.mean: 0.64
2020-08-23 15:37:01,411 - root - DEBUG - Sampled weight [1.20242725 1.45553182 1.60214834 2.2810529  0.46174026]
2020-08-23 15:37:02,520 - root - DEBUG - Updating hall of fame
2020-08-23 15:37:03,852 - root - INFO - Completed generation 17; 2.5s elapsed, 2.3s avg, 3.9e+01s total. Expected time remaining: 4.2e+02s
2020-08-23 15:37:03,913 - root - INFO - #17 MAX:accuracy.mean: 0.63
2020-08-23 15:37:03,956 - root - DEBUG - Sampled weight [0.63996239 0.80493778 1.37250734 1.22220246 1.6928911 ]
2020-08-23 15:37:05,034 - root - DEBUG - Updating hall of fame
2020-08-23 15:37:05,816 - root - INFO - Completed generation 18; 1.9s elapsed, 2.3s avg, 4.1e+01s total. Expected time remaining: 4.2e+02s
2020-08-23 15:37:05,877 - root - INFO - #18 MAX:accuracy.mean: 0.62
2020-08-23 15:37:05,919 - root - DEBUG - Sampled weight [0.8560729  1.21097159 0.34194684 1.38335954 2.95465045]
2020-08-23 15:37:06,994 - root - DEBUG - Updating hall of fame
2020-08-23 15:37:08,331 - root - INFO - Completed generation 19; 2.5s elapsed, 2.3s avg, 4.4e+01s total. Expected time remaining: 4.2e+02s
2020-08-23 15:37:08,392 - root - INFO - #19 MAX:accuracy.mean: 0.6
2020-08-23 15:37:08,433 - root - DEBUG - Sampled weight [1.95090557 1.43975465 2.45450517 1.15766266 1.43451695]
2020-08-23 15:37:09,508 - root - DEBUG - Updating hall of fame
2020-08-23 15:37:10,460 - root - INFO - Completed generation 20; 2.1s elapsed, 2.3s avg, 4.6e+01s total. Expected time remaining: 4.1e+02s
2020-08-23 15:37:10,522 - root - INFO - #20 MAX:accuracy.mean: 0.66
2020-08-23 15:37:10,622 - root - DEBUG - Sampled weight [2.25758317 0.9103606  1.68183039 1.40879129 0.97418599]
2020-08-23 15:37:11,698 - root - DEBUG - Updating hall of fame
2020-08-23 15:37:12,856 - root - INFO - Completed generation 21; 2.3s elapsed, 2.3s avg, 4.8e+01s total. Expected time remaining: 4.1e+02s
2020-08-23 15:37:12,917 - root - INFO - #21 MAX:accuracy.mean: 0.66
2020-08-23 15:37:12,959 - root - DEBUG - Sampled weight [0.70010233 1.60391096 1.23076776 2.0828774  0.9222306 ]
2020-08-23 15:37:14,036 - root - DEBUG - Updating hall of fame
2020-08-23 15:37:15,570 - root - INFO - Completed generation 22; 2.7s elapsed, 2.3s avg, 5.1e+01s total. Expected time remaining: 4.1e+02s
2020-08-23 15:37:15,631 - root - INFO - #22 MAX:accuracy.mean: 0.66
2020-08-23 15:37:15,673 - root - DEBUG - Sampled weight [0.63721981 0.7945264  0.80526223 1.07997879 3.10966845]
2020-08-23 15:37:16,756 - root - DEBUG - Updating hall of fame
2020-08-23 15:37:17,905 - root - INFO - Completed generation 23; 2.3s elapsed, 2.3s avg, 5.3e+01s total. Expected time remaining: 4.1e+02s
2020-08-23 15:37:17,966 - root - INFO - #23 MAX:accuracy.mean: 0.72
2020-08-23 15:37:18,008 - root - DEBUG - Sampled weight [2.45183453 0.79926019 1.84449002 1.55422074 1.30289087]
2020-08-23 15:37:19,091 - root - DEBUG - Updating hall of fame
2020-08-23 15:37:20,057 - root - INFO - Completed generation 24; 2.1s elapsed, 2.3s avg, 5.5e+01s total. Expected time remaining: 4e+02s
2020-08-23 15:37:20,118 - root - INFO - #24 MAX:accuracy.mean: 0.67
2020-08-23 15:37:20,160 - root - DEBUG - Sampled weight [0.96645485 0.76671378 0.95677416 1.64776049 0.60713225]
2020-08-23 15:37:21,243 - root - DEBUG - Updating hall of fame
2020-08-23 15:37:22,196 - root - INFO - Completed generation 25; 2.1s elapsed, 2.3s avg, 5.7e+01s total. Expected time remaining: 4e+02s
2020-08-23 15:37:22,258 - root - INFO - #25 MAX:accuracy.mean: 0.72
2020-08-23 15:37:22,299 - root - DEBUG - Sampled weight [2.123489   2.99044901 0.54550518 1.51795734 1.02123749]
2020-08-23 15:37:23,383 - root - DEBUG - Updating hall of fame
2020-08-23 15:37:24,342 - root - INFO - Completed generation 26; 2.1s elapsed, 2.3s avg, 5.9e+01s total. Expected time remaining: 4e+02s
2020-08-23 15:37:24,404 - root - INFO - #26 MAX:accuracy.mean: 0.67
2020-08-23 15:37:24,447 - root - DEBUG - Sampled weight [0.71302927 0.4163317  1.03572851 0.6082893  0.60895013]
2020-08-23 15:37:25,533 - root - DEBUG - Updating hall of fame
2020-08-23 15:37:26,108 - root - INFO - Completed generation 27; 1.7s elapsed, 2.3s avg, 6.1e+01s total. Expected time remaining: 3.9e+02s
2020-08-23 15:37:26,169 - root - INFO - #27 MAX:accuracy.mean: 0.7
2020-08-23 15:37:26,211 - root - DEBUG - Sampled weight [1.25472285 0.83698555 1.24956583 1.47623789 1.25086981]
2020-08-23 15:37:27,294 - root - DEBUG - Updating hall of fame
2020-08-23 15:37:27,870 - root - INFO - Completed generation 28; 1.7s elapsed, 2.2s avg, 6.3e+01s total. Expected time remaining: 3.9e+02s
2020-08-23 15:37:27,932 - root - INFO - #28 MAX:accuracy.mean: 0.7
2020-08-23 15:37:27,974 - root - DEBUG - Sampled weight [0.6675459  0.66583231 1.75255728 1.01363911 0.32178193]
2020-08-23 15:37:29,061 - root - DEBUG - Updating hall of fame
2020-08-23 15:37:29,820 - root - INFO - Completed generation 29; 1.9s elapsed, 2.2s avg, 6.5e+01s total. Expected time remaining: 3.8e+02s
2020-08-23 15:37:29,882 - root - INFO - #29 MAX:accuracy.mean: 0.67
2020-08-23 15:37:29,924 - root - DEBUG - Sampled weight [0.65628618 0.9861283  0.41805515 4.2170407  0.61528043]
2020-08-23 15:37:31,009 - root - DEBUG - Updating hall of fame
2020-08-23 15:37:31,770 - root - INFO - Completed generation 30; 1.9s elapsed, 2.2s avg, 6.7e+01s total. Expected time remaining: 3.8e+02s
2020-08-23 15:37:31,832 - root - INFO - #30 MAX:accuracy.mean: 0.69
2020-08-23 15:37:31,940 - root - DEBUG - Sampled weight [0.44546021 0.81723951 1.49241571 2.62057278 0.70143012]
2020-08-23 15:37:33,029 - root - DEBUG - Updating hall of fame
2020-08-23 15:37:33,405 - root - INFO - Completed generation 31; 1.5s elapsed, 2.2s avg, 6.8e+01s total. Expected time remaining: 3.7e+02s
2020-08-23 15:37:33,467 - root - INFO - #31 MAX:accuracy.mean: 0.77
2020-08-23 15:37:33,508 - root - DEBUG - Sampled weight [0.91152172 0.53028777 1.34148763 0.95056082 0.59668902]
2020-08-23 15:37:34,597 - root - DEBUG - Updating hall of fame
2020-08-23 15:37:35,543 - root - INFO - Completed generation 32; 2.1s elapsed, 2.2s avg, 7e+01s total. Expected time remaining: 3.7e+02s
2020-08-23 15:37:35,605 - root - INFO - #32 MAX:accuracy.mean: 0.8
2020-08-23 15:37:35,646 - root - DEBUG - Sampled weight [0.36885319 0.95702084 1.50410277 0.70110482 0.88473304]
2020-08-23 15:37:36,737 - root - DEBUG - Updating hall of fame
2020-08-23 15:37:37,696 - root - INFO - Completed generation 33; 2.1s elapsed, 2.2s avg, 7.2e+01s total. Expected time remaining: 3.7e+02s
2020-08-23 15:37:37,757 - root - INFO - #33 MAX:accuracy.mean: 0.81
2020-08-23 15:37:37,800 - root - DEBUG - Sampled weight [0.85479262 1.65977758 1.53537694 1.06001317 0.39819295]
2020-08-23 15:37:38,885 - root - DEBUG - Updating hall of fame
2020-08-23 15:37:39,848 - root - INFO - Completed generation 34; 2.1s elapsed, 2.2s avg, 7.4e+01s total. Expected time remaining: 3.6e+02s
2020-08-23 15:37:39,910 - root - INFO - #34 MAX:accuracy.mean: 0.84
2020-08-23 15:37:39,951 - root - DEBUG - Sampled weight [1.17463842 1.24594748 0.80695307 1.91268715 1.30905078]
2020-08-23 15:37:41,041 - root - DEBUG - Updating hall of fame
2020-08-23 15:37:41,998 - root - INFO - Completed generation 35; 2.1s elapsed, 2.2s avg, 7.6e+01s total. Expected time remaining: 3.6e+02s
2020-08-23 15:37:42,165 - root - INFO - #35 MAX:accuracy.mean: 0.9
2020-08-23 15:37:42,208 - root - DEBUG - Sampled weight [0.34681933 1.667797   1.42594994 0.68940637 1.5801153 ]
2020-08-23 15:37:43,301 - root - DEBUG - Updating hall of fame
2020-08-23 15:37:44,066 - root - INFO - Completed generation 36; 1.9s elapsed, 2.2s avg, 7.8e+01s total. Expected time remaining: 3.6e+02s
2020-08-23 15:37:44,128 - root - INFO - #36 MAX:accuracy.mean: 0.84
2020-08-23 15:37:44,170 - root - DEBUG - Sampled weight [1.23011426 1.29353834 1.62942483 1.01150497 0.96050341]
2020-08-23 15:37:45,264 - root - DEBUG - Updating hall of fame
2020-08-23 15:37:45,672 - root - INFO - Completed generation 37; 1.5s elapsed, 2.2s avg, 8e+01s total. Expected time remaining: 3.5e+02s
2020-08-23 15:37:45,734 - root - INFO - #37 MAX:accuracy.mean: 0.91
2020-08-23 15:37:45,776 - root - DEBUG - Sampled weight [0.83004985 1.4284808  1.10279487 0.31017622 1.17291722]
2020-08-23 15:37:46,884 - root - DEBUG - Updating hall of fame
2020-08-23 15:37:47,644 - root - INFO - Completed generation 38; 1.9s elapsed, 2.2s avg, 8.2e+01s total. Expected time remaining: 3.5e+02s
2020-08-23 15:37:47,705 - root - INFO - #38 MAX:accuracy.mean: 0.85
2020-08-23 15:37:47,747 - root - DEBUG - Sampled weight [0.42436826 0.96328014 0.61386504 0.59235147 1.28847613]
2020-08-23 15:37:48,833 - root - DEBUG - Updating hall of fame
2020-08-23 15:37:49,593 - root - INFO - Completed generation 39; 1.9s elapsed, 2.1s avg, 8.4e+01s total. Expected time remaining: 3.5e+02s
2020-08-23 15:37:49,654 - root - INFO - #39 MAX:accuracy.mean: 0.81
2020-08-23 15:37:49,695 - root - DEBUG - Sampled weight [0.72638365 0.89481256 1.24663209 3.53866979 1.36999308]
2020-08-23 15:37:50,783 - root - DEBUG - Updating hall of fame
2020-08-23 15:37:51,367 - root - INFO - Completed generation 40; 1.7s elapsed, 2.1s avg, 8.5e+01s total. Expected time remaining: 3.4e+02s
2020-08-23 15:37:51,428 - root - INFO - #40 MAX:accuracy.mean: 0.84
2020-08-23 15:37:51,546 - root - DEBUG - Sampled weight [0.76910219 1.38489875 1.26269349 0.73882613 1.89788145]
2020-08-23 15:37:52,645 - root - DEBUG - Updating hall of fame
2020-08-23 15:37:53,423 - root - INFO - Completed generation 41; 1.9s elapsed, 2.1s avg, 8.7e+01s total. Expected time remaining: 3.4e+02s
2020-08-23 15:37:53,485 - root - INFO - #41 MAX:accuracy.mean: 0.91
2020-08-23 15:37:53,528 - root - DEBUG - Sampled weight [0.94476339 1.07616032 1.97352471 0.46317939 1.14322974]
2020-08-23 15:37:54,627 - root - DEBUG - Updating hall of fame
2020-08-23 15:37:55,394 - root - INFO - Completed generation 42; 1.9s elapsed, 2.1s avg, 8.9e+01s total. Expected time remaining: 3.4e+02s
2020-08-23 15:37:55,456 - root - INFO - #42 MAX:accuracy.mean: 0.87
2020-08-23 15:37:55,498 - root - DEBUG - Sampled weight [1.17446019 0.8067695  0.91113444 1.44546939 0.94779546]
2020-08-23 15:37:56,610 - root - DEBUG - Updating hall of fame
2020-08-23 15:37:57,195 - root - INFO - Completed generation 43; 1.7s elapsed, 2.1s avg, 9.1e+01s total. Expected time remaining: 3.3e+02s
2020-08-23 15:37:57,256 - root - INFO - #43 MAX:accuracy.mean: 0.92
2020-08-23 15:37:57,299 - root - DEBUG - Sampled weight [2.42955195 0.98036783 2.16679105 0.3784955  0.4960499 ]
2020-08-23 15:37:58,398 - root - DEBUG - Updating hall of fame
2020-08-23 15:37:59,354 - root - INFO - Completed generation 44; 2.1s elapsed, 2.1s avg, 9.3e+01s total. Expected time remaining: 3.3e+02s
2020-08-23 15:37:59,415 - root - INFO - #44 MAX:accuracy.mean: 0.87
2020-08-23 15:37:59,458 - root - DEBUG - Sampled weight [2.23533104 1.75242269 1.92860637 0.78217469 1.38028423]
2020-08-23 15:38:00,547 - root - DEBUG - Updating hall of fame
2020-08-23 15:38:00,935 - root - INFO - Completed generation 45; 1.5s elapsed, 2.1s avg, 9.5e+01s total. Expected time remaining: 3.3e+02s
2020-08-23 15:38:00,997 - root - INFO - #45 MAX:accuracy.mean: 0.93
2020-08-23 15:38:01,039 - root - DEBUG - Sampled weight [0.86811155 0.90082249 1.90772654 0.68457099 0.61428501]
2020-08-23 15:38:02,168 - root - DEBUG - Updating hall of fame
2020-08-23 15:38:03,197 - root - INFO - Completed generation 46; 2.2s elapsed, 2.1s avg, 9.7e+01s total. Expected time remaining: 3.2e+02s
2020-08-23 15:38:03,263 - root - INFO - #46 MAX:accuracy.mean: 0.87
2020-08-23 15:38:03,310 - root - DEBUG - Sampled weight [1.22515202 0.76014287 0.56653801 0.92329722 0.80954655]
2020-08-23 15:38:04,488 - root - DEBUG - Updating hall of fame
2020-08-23 15:38:05,531 - root - INFO - Completed generation 47; 2.3s elapsed, 2.1s avg, 9.9e+01s total. Expected time remaining: 3.2e+02s
2020-08-23 15:38:05,594 - root - INFO - #47 MAX:accuracy.mean: 0.9
2020-08-23 15:38:05,638 - root - DEBUG - Sampled weight [0.5353815  0.97256117 1.20585981 0.96904535 1.04763686]
2020-08-23 15:38:06,748 - root - DEBUG - Updating hall of fame
2020-08-23 15:38:07,728 - root - INFO - Completed generation 48; 2.1s elapsed, 2.1s avg, 1e+02s total. Expected time remaining: 3.2e+02s
2020-08-23 15:38:07,790 - root - INFO - #48 MAX:accuracy.mean: 0.89
2020-08-23 15:38:07,832 - root - DEBUG - Sampled weight [0.7997559  1.93802943 0.74625682 0.47484228 0.44233789]
2020-08-23 15:38:08,932 - root - DEBUG - Updating hall of fame
2020-08-23 15:38:09,702 - root - INFO - Completed generation 49; 1.9s elapsed, 2.1s avg, 1e+02s total. Expected time remaining: 3.2e+02s
2020-08-23 15:38:09,763 - root - INFO - #49 MAX:accuracy.mean: 0.85
2020-08-23 15:38:09,804 - root - DEBUG - Sampled weight [1.79217301 0.62882322 1.16772627 0.82227092 1.05551542]
2020-08-23 15:38:10,894 - root - DEBUG - Updating hall of fame
2020-08-23 15:38:11,463 - root - INFO - Completed generation 50; 1.7s elapsed, 2.1s avg, 1e+02s total. Expected time remaining: 3.1e+02s
2020-08-23 15:38:11,524 - root - INFO - #50 MAX:accuracy.mean: 0.9
2020-08-23 15:38:11,626 - root - DEBUG - Sampled weight [0.48674959 0.85234498 0.43469437 1.18931492 1.96228297]
2020-08-23 15:38:12,712 - root - DEBUG - Updating hall of fame
2020-08-23 15:38:13,101 - root - INFO - Completed generation 51; 1.5s elapsed, 2.1s avg, 1.1e+02s total. Expected time remaining: 3.1e+02s
2020-08-23 15:38:13,163 - root - INFO - #51 MAX:accuracy.mean: 0.88
2020-08-23 15:38:13,205 - root - DEBUG - Sampled weight [1.42747775 1.206412   0.6006421  1.205811   2.19937541]
2020-08-23 15:38:14,301 - root - DEBUG - Updating hall of fame
2020-08-23 15:38:15,074 - root - INFO - Completed generation 52; 1.9s elapsed, 2.1s avg, 1.1e+02s total. Expected time remaining: 3.1e+02s
2020-08-23 15:38:15,135 - root - INFO - #52 MAX:accuracy.mean: 0.92
2020-08-23 15:38:15,178 - root - DEBUG - Sampled weight [0.88630088 3.33203168 1.44391093 1.13952781 0.78295199]
2020-08-23 15:38:16,270 - root - DEBUG - Updating hall of fame
2020-08-23 15:38:16,865 - root - INFO - Completed generation 53; 1.7s elapsed, 2.1s avg, 1.1e+02s total. Expected time remaining: 3e+02s
2020-08-23 15:38:16,926 - root - INFO - #53 MAX:accuracy.mean: 0.92
2020-08-23 15:38:16,971 - root - DEBUG - Sampled weight [3.11731818 1.23932907 0.97970467 1.72187935 1.18121578]
2020-08-23 15:38:18,071 - root - DEBUG - Updating hall of fame
2020-08-23 15:38:18,837 - root - INFO - Completed generation 54; 1.9s elapsed, 2.1s avg, 1.1e+02s total. Expected time remaining: 3e+02s
2020-08-23 15:38:18,898 - root - INFO - #54 MAX:accuracy.mean: 0.94
2020-08-23 15:38:18,940 - root - DEBUG - Sampled weight [0.73045807 1.39715209 2.6471956  1.177805   1.81899744]
2020-08-23 15:38:20,026 - root - DEBUG - Updating hall of fame
2020-08-23 15:38:20,603 - root - INFO - Completed generation 55; 1.7s elapsed, 2.1s avg, 1.1e+02s total. Expected time remaining: 3e+02s
2020-08-23 15:38:20,665 - root - INFO - #55 MAX:accuracy.mean: 0.93
2020-08-23 15:38:20,707 - root - DEBUG - Sampled weight [0.52209669 0.89702246 0.47368973 0.92547192 0.61365737]
2020-08-23 15:38:21,795 - root - DEBUG - Updating hall of fame
2020-08-23 15:38:22,385 - root - INFO - Completed generation 56; 1.7s elapsed, 2.1s avg, 1.2e+02s total. Expected time remaining: 3e+02s
2020-08-23 15:38:22,446 - root - INFO - #56 MAX:accuracy.mean: 0.89
2020-08-23 15:38:22,489 - root - DEBUG - Sampled weight [0.6639598  0.83397448 3.04880847 0.88912005 1.04927111]
2020-08-23 15:38:23,584 - root - DEBUG - Updating hall of fame
2020-08-23 15:38:23,982 - root - INFO - Completed generation 57; 1.5s elapsed, 2.0s avg, 1.2e+02s total. Expected time remaining: 2.9e+02s
2020-08-23 15:38:24,043 - root - INFO - #57 MAX:accuracy.mean: 0.91
2020-08-23 15:38:24,086 - root - DEBUG - Sampled weight [2.74190923 1.34847661 1.25403015 0.97798727 0.60037231]
2020-08-23 15:38:25,188 - root - DEBUG - Updating hall of fame
2020-08-23 15:38:25,771 - root - INFO - Completed generation 58; 1.7s elapsed, 2.0s avg, 1.2e+02s total. Expected time remaining: 2.9e+02s
2020-08-23 15:38:25,832 - root - INFO - #58 MAX:accuracy.mean: 0.91
2020-08-23 15:38:25,874 - root - DEBUG - Sampled weight [1.04686257 1.26895699 0.67433871 1.04019355 1.28762846]
2020-08-23 15:38:26,982 - root - DEBUG - Updating hall of fame
2020-08-23 15:38:27,750 - root - INFO - Completed generation 59; 1.9s elapsed, 2.0s avg, 1.2e+02s total. Expected time remaining: 2.9e+02s
2020-08-23 15:38:27,811 - root - INFO - #59 MAX:accuracy.mean: 0.93
2020-08-23 15:38:27,854 - root - DEBUG - Sampled weight [0.90186878 0.66280772 0.89389362 2.40552534 3.94535259]
2020-08-23 15:38:28,962 - root - DEBUG - Updating hall of fame
2020-08-23 15:38:29,334 - root - INFO - Completed generation 60; 1.5s elapsed, 2.0s avg, 1.2e+02s total. Expected time remaining: 2.8e+02s
2020-08-23 15:38:29,396 - root - INFO - #60 MAX:accuracy.mean: 0.9
2020-08-23 15:38:29,504 - root - DEBUG - Sampled weight [0.91583923 0.71468385 0.81110903 0.33823985 0.44633567]
2020-08-23 15:38:30,599 - root - DEBUG - Updating hall of fame
2020-08-23 15:38:30,795 - root - INFO - Completed generation 61; 1.3s elapsed, 2.0s avg, 1.2e+02s total. Expected time remaining: 2.8e+02s
2020-08-23 15:38:30,856 - root - INFO - #61 MAX:accuracy.mean: 0.87
2020-08-23 15:38:30,898 - root - DEBUG - Sampled weight [1.09385196 0.51333359 0.69741489 1.9187983  1.41997866]
2020-08-23 15:38:31,987 - root - DEBUG - Updating hall of fame
2020-08-23 15:38:32,547 - root - INFO - Completed generation 62; 1.7s elapsed, 2.0s avg, 1.2e+02s total. Expected time remaining: 2.8e+02s
2020-08-23 15:38:32,608 - root - INFO - #62 MAX:accuracy.mean: 0.87
2020-08-23 15:38:32,650 - root - DEBUG - Sampled weight [2.98949912 1.93424808 0.81185612 0.65655904 0.6727028 ]
2020-08-23 15:38:33,746 - root - DEBUG - Updating hall of fame
2020-08-23 15:38:34,321 - root - INFO - Completed generation 63; 1.7s elapsed, 2.0s avg, 1.3e+02s total. Expected time remaining: 2.8e+02s
2020-08-23 15:38:34,382 - root - INFO - #63 MAX:accuracy.mean: 0.88
2020-08-23 15:38:34,423 - root - DEBUG - Sampled weight [1.18141188 3.16819305 1.28841803 1.37860362 1.15516463]
2020-08-23 15:38:35,548 - root - DEBUG - Updating hall of fame
2020-08-23 15:38:36,147 - root - INFO - Completed generation 64; 1.8s elapsed, 2.0s avg, 1.3e+02s total. Expected time remaining: 2.7e+02s
2020-08-23 15:38:36,208 - root - INFO - #64 MAX:accuracy.mean: 0.96
2020-08-23 15:38:36,249 - root - DEBUG - Sampled weight [0.8276774  0.88131519 1.72806793 1.68205883 0.79695653]
2020-08-23 15:38:37,350 - root - DEBUG - Updating hall of fame
2020-08-23 15:38:37,930 - root - INFO - Completed generation 65; 1.7s elapsed, 2.0s avg, 1.3e+02s total. Expected time remaining: 2.7e+02s
2020-08-23 15:38:37,991 - root - INFO - #65 MAX:accuracy.mean: 0.92
2020-08-23 15:38:38,032 - root - DEBUG - Sampled weight [0.84147322 1.29482316 0.80238621 1.83841208 0.76330266]
2020-08-23 15:38:39,137 - root - DEBUG - Updating hall of fame
2020-08-23 15:38:39,324 - root - INFO - Completed generation 66; 1.3s elapsed, 2.0s avg, 1.3e+02s total. Expected time remaining: 2.7e+02s
2020-08-23 15:38:39,386 - root - INFO - #66 MAX:accuracy.mean: 0.9
2020-08-23 15:38:39,429 - root - DEBUG - Sampled weight [1.02127548 2.31506532 0.99986633 0.56592021 0.77594868]
2020-08-23 15:38:40,532 - root - DEBUG - Updating hall of fame
2020-08-23 15:38:40,730 - root - INFO - Completed generation 67; 1.3s elapsed, 2.0s avg, 1.3e+02s total. Expected time remaining: 2.6e+02s
2020-08-23 15:38:40,791 - root - INFO - #67 MAX:accuracy.mean: 0.88
2020-08-23 15:38:40,832 - root - DEBUG - Sampled weight [0.78630825 1.259551   1.11374393 0.54105292 0.53800394]
2020-08-23 15:38:41,937 - root - DEBUG - Updating hall of fame
2020-08-23 15:38:42,132 - root - INFO - Completed generation 68; 1.3s elapsed, 2.0s avg, 1.3e+02s total. Expected time remaining: 2.6e+02s
2020-08-23 15:38:42,193 - root - INFO - #68 MAX:accuracy.mean: 0.9
2020-08-23 15:38:42,236 - root - DEBUG - Sampled weight [0.68161176 1.3296049  1.42426323 0.68689241 0.63461124]
2020-08-23 15:38:43,338 - root - DEBUG - Updating hall of fame
2020-08-23 15:38:43,536 - root - INFO - Completed generation 69; 1.3s elapsed, 2.0s avg, 1.4e+02s total. Expected time remaining: 2.6e+02s
2020-08-23 15:38:43,597 - root - INFO - #69 MAX:accuracy.mean: 0.87
2020-08-23 15:38:43,640 - root - DEBUG - Sampled weight [0.48308786 0.54102569 1.01391545 1.33307697 2.39808649]
2020-08-23 15:38:44,739 - root - DEBUG - Updating hall of fame
2020-08-23 15:38:45,122 - root - INFO - Completed generation 70; 1.5s elapsed, 2.0s avg, 1.4e+02s total. Expected time remaining: 2.5e+02s
2020-08-23 15:38:45,183 - root - INFO - #70 MAX:accuracy.mean: 0.87
2020-08-23 15:38:45,296 - root - DEBUG - Sampled weight [0.80425455 0.35213065 1.16015783 0.55381144 0.6544453 ]
2020-08-23 15:38:46,409 - root - DEBUG - Updating hall of fame
2020-08-23 15:38:46,805 - root - INFO - Completed generation 71; 1.6s elapsed, 2.0s avg, 1.4e+02s total. Expected time remaining: 2.5e+02s
2020-08-23 15:38:46,866 - root - INFO - #71 MAX:accuracy.mean: 0.87
2020-08-23 15:38:46,909 - root - DEBUG - Sampled weight [1.6510593  1.28562567 1.25829378 2.09775965 1.15025252]
2020-08-23 15:38:48,012 - root - DEBUG - Updating hall of fame
2020-08-23 15:38:48,397 - root - INFO - Completed generation 72; 1.5s elapsed, 1.9s avg, 1.4e+02s total. Expected time remaining: 2.5e+02s
2020-08-23 15:38:48,458 - root - INFO - #72 MAX:accuracy.mean: 0.96
2020-08-23 15:38:48,499 - root - DEBUG - Sampled weight [0.99458393 1.77773477 2.33254652 1.37180428 0.59625617]
2020-08-23 15:38:49,607 - root - DEBUG - Updating hall of fame
2020-08-23 15:38:50,189 - root - INFO - Completed generation 73; 1.7s elapsed, 1.9s avg, 1.4e+02s total. Expected time remaining: 2.5e+02s
2020-08-23 15:38:50,250 - root - INFO - #73 MAX:accuracy.mean: 0.9
2020-08-23 15:38:50,292 - root - DEBUG - Sampled weight [1.02802511 0.62827448 2.14994848 0.60138788 1.6269063 ]
2020-08-23 15:38:51,402 - root - DEBUG - Updating hall of fame
2020-08-23 15:38:51,809 - root - INFO - Completed generation 74; 1.6s elapsed, 1.9s avg, 1.4e+02s total. Expected time remaining: 2.4e+02s
2020-08-23 15:38:51,870 - root - INFO - #74 MAX:accuracy.mean: 0.88
2020-08-23 15:38:51,913 - root - DEBUG - Sampled weight [1.85301255 0.37794731 0.66358422 4.45435666 1.44524233]
2020-08-23 15:38:53,025 - root - DEBUG - Updating hall of fame
2020-08-23 15:38:53,409 - root - INFO - Completed generation 75; 1.5s elapsed, 1.9s avg, 1.4e+02s total. Expected time remaining: 2.4e+02s
2020-08-23 15:38:53,471 - root - INFO - #75 MAX:accuracy.mean: 0.87
2020-08-23 15:38:53,513 - root - DEBUG - Sampled weight [1.30796164 0.3595524  1.32355135 1.49099713 0.72973367]
2020-08-23 15:38:54,612 - root - DEBUG - Updating hall of fame
2020-08-23 15:38:55,191 - root - INFO - Completed generation 76; 1.7s elapsed, 1.9s avg, 1.5e+02s total. Expected time remaining: 2.4e+02s
2020-08-23 15:38:55,252 - root - INFO - #76 MAX:accuracy.mean: 0.88
2020-08-23 15:38:55,295 - root - DEBUG - Sampled weight [0.3071898  0.88459529 1.91698645 1.47291922 0.83697464]
2020-08-23 15:38:56,401 - root - DEBUG - Updating hall of fame
2020-08-23 15:38:56,798 - root - INFO - Completed generation 77; 1.5s elapsed, 1.9s avg, 1.5e+02s total. Expected time remaining: 2.4e+02s
2020-08-23 15:38:56,859 - root - INFO - #77 MAX:accuracy.mean: 0.87
2020-08-23 15:38:56,901 - root - DEBUG - Sampled weight [1.00735276 1.47826125 1.14489068 1.12045353 0.30092842]
2020-08-23 15:38:58,016 - root - DEBUG - Updating hall of fame
2020-08-23 15:38:58,404 - root - INFO - Completed generation 78; 1.5s elapsed, 1.9s avg, 1.5e+02s total. Expected time remaining: 2.3e+02s
2020-08-23 15:38:58,465 - root - INFO - #78 MAX:accuracy.mean: 0.89
2020-08-23 15:38:58,507 - root - DEBUG - Sampled weight [1.5730459  0.84922869 0.90959736 1.76715703 1.38156257]
2020-08-23 15:38:59,619 - root - DEBUG - Updating hall of fame
2020-08-23 15:39:00,409 - root - INFO - Completed generation 79; 1.9s elapsed, 1.9s avg, 1.5e+02s total. Expected time remaining: 2.3e+02s
2020-08-23 15:39:00,473 - root - INFO - #79 MAX:accuracy.mean: 0.92
2020-08-23 15:39:00,516 - root - DEBUG - Sampled weight [1.75770921 0.74924249 0.78127861 1.00313394 0.63402194]
2020-08-23 15:39:01,644 - root - DEBUG - Updating hall of fame
2020-08-23 15:39:02,243 - root - INFO - Completed generation 80; 1.8s elapsed, 1.9s avg, 1.5e+02s total. Expected time remaining: 2.3e+02s
2020-08-23 15:39:02,305 - root - INFO - #80 MAX:accuracy.mean: 0.87
2020-08-23 15:39:02,424 - root - DEBUG - Sampled weight [0.67049884 0.85842105 0.80558937 1.41684184 0.9416652 ]
2020-08-23 15:39:03,544 - root - DEBUG - Updating hall of fame
2020-08-23 15:39:03,733 - root - INFO - Completed generation 81; 1.4s elapsed, 1.9s avg, 1.5e+02s total. Expected time remaining: 2.3e+02s
2020-08-23 15:39:03,793 - root - INFO - #81 MAX:accuracy.mean: 0.89
2020-08-23 15:39:03,836 - root - DEBUG - Sampled weight [0.4395949  0.58234184 0.62891366 0.83732723 1.51819838]
2020-08-23 15:39:04,926 - root - DEBUG - Updating hall of fame
2020-08-23 15:39:05,484 - root - INFO - Completed generation 82; 1.7s elapsed, 1.9s avg, 1.6e+02s total. Expected time remaining: 2.3e+02s
2020-08-23 15:39:05,544 - root - INFO - #82 MAX:accuracy.mean: 0.87
2020-08-23 15:39:05,585 - root - DEBUG - Sampled weight [2.46248718 1.03018133 1.00224185 1.14258878 1.01574869]
2020-08-23 15:39:06,672 - root - DEBUG - Updating hall of fame
2020-08-23 15:39:07,045 - root - INFO - Completed generation 83; 1.5s elapsed, 1.9s avg, 1.6e+02s total. Expected time remaining: 2.2e+02s
2020-08-23 15:39:07,106 - root - INFO - #83 MAX:accuracy.mean: 0.95
2020-08-23 15:39:07,148 - root - DEBUG - Sampled weight [1.0478683  0.7712346  1.79544686 1.25610512 1.88575217]
2020-08-23 15:39:08,241 - root - DEBUG - Updating hall of fame
2020-08-23 15:39:08,635 - root - INFO - Completed generation 84; 1.5s elapsed, 1.9s avg, 1.6e+02s total. Expected time remaining: 2.2e+02s
2020-08-23 15:39:08,699 - root - INFO - #84 MAX:accuracy.mean: 0.94
2020-08-23 15:39:08,744 - root - DEBUG - Sampled weight [0.69053815 1.31063426 1.33038807 0.91056723 1.41835295]
2020-08-23 15:39:09,903 - root - DEBUG - Updating hall of fame
2020-08-23 15:39:10,320 - root - INFO - Completed generation 85; 1.6s elapsed, 1.9s avg, 1.6e+02s total. Expected time remaining: 2.2e+02s
2020-08-23 15:39:10,383 - root - INFO - #85 MAX:accuracy.mean: 0.92
2020-08-23 15:39:10,426 - root - DEBUG - Sampled weight [0.56069468 1.01294921 0.93566795 0.44639145 1.50622093]
2020-08-23 15:39:11,544 - root - DEBUG - Updating hall of fame
2020-08-23 15:39:11,925 - root - INFO - Completed generation 86; 1.5s elapsed, 1.9s avg, 1.6e+02s total. Expected time remaining: 2.2e+02s
2020-08-23 15:39:11,985 - root - INFO - #86 MAX:accuracy.mean: 0.88
2020-08-23 15:39:12,029 - root - DEBUG - Sampled weight [0.64987754 0.78354221 0.96306769 1.11500339 1.03084645]
2020-08-23 15:39:13,124 - root - DEBUG - Updating hall of fame
2020-08-23 15:39:13,320 - root - INFO - Completed generation 87; 1.3s elapsed, 1.9s avg, 1.6e+02s total. Expected time remaining: 2.1e+02s
2020-08-23 15:39:13,385 - root - INFO - #87 MAX:accuracy.mean: 0.9
2020-08-23 15:39:13,431 - root - DEBUG - Sampled weight [0.72909471 0.51097779 0.84643184 0.85448491 0.82361828]
2020-08-23 15:39:14,555 - root - DEBUG - Updating hall of fame
2020-08-23 15:39:14,740 - root - INFO - Completed generation 88; 1.4s elapsed, 1.9s avg, 1.7e+02s total. Expected time remaining: 2.1e+02s
2020-08-23 15:39:14,801 - root - INFO - #88 MAX:accuracy.mean: 0.9
2020-08-23 15:39:14,843 - root - DEBUG - Sampled weight [0.94399756 1.5980062  1.00233864 0.88560939 1.18899385]
2020-08-23 15:39:15,942 - root - DEBUG - Updating hall of fame
2020-08-23 15:39:16,125 - root - INFO - Completed generation 89; 1.3s elapsed, 1.9s avg, 1.7e+02s total. Expected time remaining: 2.1e+02s
2020-08-23 15:39:16,186 - root - INFO - #89 MAX:accuracy.mean: 0.92
2020-08-23 15:39:16,227 - root - DEBUG - Sampled weight [0.83396809 0.81738424 0.65094752 0.66141794 0.59198592]
2020-08-23 15:39:17,318 - root - DEBUG - Updating hall of fame
2020-08-23 15:39:18,069 - root - INFO - Completed generation 90; 1.9s elapsed, 1.9s avg, 1.7e+02s total. Expected time remaining: 2.1e+02s
2020-08-23 15:39:18,130 - root - INFO - #90 MAX:accuracy.mean: 0.89
2020-08-23 15:39:18,243 - root - DEBUG - Sampled weight [0.49827472 0.89558064 0.28120851 0.71231863 0.71561654]
2020-08-23 15:39:19,320 - root - DEBUG - Updating hall of fame
2020-08-23 15:39:19,687 - root - INFO - Completed generation 91; 1.5s elapsed, 1.9s avg, 1.7e+02s total. Expected time remaining: 2e+02s
2020-08-23 15:39:19,747 - root - INFO - #91 MAX:accuracy.mean: 0.87
2020-08-23 15:39:19,788 - root - DEBUG - Sampled weight [0.64209089 1.95855857 1.07793703 0.43372657 1.82905729]
2020-08-23 15:39:20,855 - root - DEBUG - Updating hall of fame
2020-08-23 15:39:21,038 - root - INFO - Completed generation 92; 1.3s elapsed, 1.9s avg, 1.7e+02s total. Expected time remaining: 2e+02s
2020-08-23 15:39:21,098 - root - INFO - #92 MAX:accuracy.mean: 0.87
2020-08-23 15:39:21,137 - root - DEBUG - Sampled weight [0.59038454 0.54407552 0.76524245 0.45271242 0.91871172]
2020-08-23 15:39:22,203 - root - DEBUG - Updating hall of fame
2020-08-23 15:39:22,388 - root - INFO - Completed generation 93; 1.3s elapsed, 1.9s avg, 1.7e+02s total. Expected time remaining: 2e+02s
2020-08-23 15:39:22,448 - root - INFO - #93 MAX:accuracy.mean: 0.87
2020-08-23 15:39:22,489 - root - DEBUG - Sampled weight [0.41576019 1.84641182 2.10253726 1.36829792 1.22414678]
2020-08-23 15:39:23,557 - root - DEBUG - Updating hall of fame
2020-08-23 15:39:23,924 - root - INFO - Completed generation 94; 1.5s elapsed, 1.9s avg, 1.7e+02s total. Expected time remaining: 2e+02s
2020-08-23 15:39:23,983 - root - INFO - #94 MAX:accuracy.mean: 0.89
2020-08-23 15:39:24,025 - root - DEBUG - Sampled weight [0.64338133 2.58608052 1.36156059 0.88175    0.97371331]
2020-08-23 15:39:25,098 - root - DEBUG - Updating hall of fame
2020-08-23 15:39:25,472 - root - INFO - Completed generation 95; 1.5s elapsed, 1.8s avg, 1.8e+02s total. Expected time remaining: 1.9e+02s
2020-08-23 15:39:25,532 - root - INFO - #95 MAX:accuracy.mean: 0.89
2020-08-23 15:39:25,573 - root - DEBUG - Sampled weight [0.93964948 1.17739375 1.29933138 1.01643395 1.34332333]
2020-08-23 15:39:26,673 - root - DEBUG - Updating hall of fame
2020-08-23 15:39:27,048 - root - INFO - Completed generation 96; 1.5s elapsed, 1.8s avg, 1.8e+02s total. Expected time remaining: 1.9e+02s
2020-08-23 15:39:27,108 - root - INFO - #96 MAX:accuracy.mean: 0.94
2020-08-23 15:39:27,149 - root - DEBUG - Sampled weight [1.34827423 1.09103874 1.88568714 1.46255676 1.02696214]
2020-08-23 15:39:28,229 - root - DEBUG - Updating hall of fame
2020-08-23 15:39:28,788 - root - INFO - Completed generation 97; 1.7s elapsed, 1.8s avg, 1.8e+02s total. Expected time remaining: 1.9e+02s
2020-08-23 15:39:28,848 - root - INFO - #97 MAX:accuracy.mean: 0.96
2020-08-23 15:39:28,889 - root - DEBUG - Sampled weight [0.88707512 1.17616068 0.94776599 0.75766317 0.78396552]
2020-08-23 15:39:29,973 - root - DEBUG - Updating hall of fame
2020-08-23 15:39:30,167 - root - INFO - Completed generation 98; 1.3s elapsed, 1.8s avg, 1.8e+02s total. Expected time remaining: 1.9e+02s
2020-08-23 15:39:30,227 - root - INFO - #98 MAX:accuracy.mean: 0.89
2020-08-23 15:39:30,268 - root - DEBUG - Sampled weight [4.06988551 1.89476854 2.50166652 0.43865496 0.7549443 ]
2020-08-23 15:39:31,361 - root - DEBUG - Updating hall of fame
2020-08-23 15:39:31,749 - root - INFO - Completed generation 99; 1.5s elapsed, 1.8s avg, 1.8e+02s total. Expected time remaining: 1.9e+02s
2020-08-23 15:39:31,814 - root - INFO - #99 MAX:accuracy.mean: 0.87
2020-08-23 15:39:31,858 - root - DEBUG - Sampled weight [0.4983671  2.18324297 1.67212192 2.50076256 0.56966797]
2020-08-23 15:39:33,042 - root - DEBUG - Updating hall of fame
2020-08-23 15:39:33,648 - root - INFO - Completed generation 100; 1.8s elapsed, 1.8s avg, 1.8e+02s total. Expected time remaining: 1.8e+02s
2020-08-23 15:39:33,712 - root - INFO - #100 MAX:accuracy.mean: 0.87
2020-08-23 15:39:33,817 - root - DEBUG - Sampled weight [0.90257361 1.59951036 1.94979918 1.62775078 0.84341019]
2020-08-23 15:39:34,984 - root - DEBUG - Updating hall of fame
2020-08-23 15:39:35,388 - root - INFO - Completed generation 101; 1.6s elapsed, 1.8s avg, 1.9e+02s total. Expected time remaining: 1.8e+02s
2020-08-23 15:39:35,452 - root - INFO - #101 MAX:accuracy.mean: 0.93
2020-08-23 15:39:35,495 - root - DEBUG - Sampled weight [0.81940998 0.52200762 0.66897568 1.14928587 0.53014346]
2020-08-23 15:39:36,651 - root - DEBUG - Updating hall of fame
2020-08-23 15:39:37,259 - root - INFO - Completed generation 102; 1.8s elapsed, 1.8s avg, 1.9e+02s total. Expected time remaining: 1.8e+02s
2020-08-23 15:39:37,323 - root - INFO - #102 MAX:accuracy.mean: 0.88
2020-08-23 15:39:37,368 - root - DEBUG - Sampled weight [0.45889697 0.87492582 0.91025659 0.89995691 0.6315419 ]
2020-08-23 15:39:38,460 - root - DEBUG - Updating hall of fame
2020-08-23 15:39:39,011 - root - INFO - Completed generation 103; 1.7s elapsed, 1.8s avg, 1.9e+02s total. Expected time remaining: 1.8e+02s
2020-08-23 15:39:39,071 - root - INFO - #103 MAX:accuracy.mean: 0.87
2020-08-23 15:39:39,113 - root - DEBUG - Sampled weight [1.52719761 0.65008244 0.7903359  1.80895455 1.70155248]
2020-08-23 15:39:40,192 - root - DEBUG - Updating hall of fame
2020-08-23 15:39:40,559 - root - INFO - Completed generation 104; 1.5s elapsed, 1.8s avg, 1.9e+02s total. Expected time remaining: 1.8e+02s
2020-08-23 15:39:40,619 - root - INFO - #104 MAX:accuracy.mean: 0.89
2020-08-23 15:39:40,661 - root - DEBUG - Sampled weight [1.3523374  0.74626    2.28249434 1.43395184 0.57216988]
2020-08-23 15:39:41,753 - root - DEBUG - Updating hall of fame
2020-08-23 15:39:41,949 - root - INFO - Completed generation 105; 1.3s elapsed, 1.8s avg, 1.9e+02s total. Expected time remaining: 1.7e+02s
2020-08-23 15:39:42,009 - root - INFO - #105 MAX:accuracy.mean: 0.89
2020-08-23 15:39:42,049 - root - DEBUG - Sampled weight [3.16458563 0.67676077 2.8135428  0.73969729 0.8704053 ]
2020-08-23 15:39:43,138 - root - DEBUG - Updating hall of fame
2020-08-23 15:39:43,508 - root - INFO - Completed generation 106; 1.5s elapsed, 1.8s avg, 1.9e+02s total. Expected time remaining: 1.7e+02s
2020-08-23 15:39:43,569 - root - INFO - #106 MAX:accuracy.mean: 0.9
2020-08-23 15:39:43,611 - root - DEBUG - Sampled weight [0.76624782 1.77144233 0.63420107 0.41800571 0.78432707]
2020-08-23 15:39:44,704 - root - DEBUG - Updating hall of fame
2020-08-23 15:39:45,275 - root - INFO - Completed generation 107; 1.7s elapsed, 1.8s avg, 1.9e+02s total. Expected time remaining: 1.7e+02s
2020-08-23 15:39:45,336 - root - INFO - #107 MAX:accuracy.mean: 0.87
2020-08-23 15:39:45,377 - root - DEBUG - Sampled weight [1.41607969 0.74058132 1.08807946 1.99169593 0.789618  ]
2020-08-23 15:39:46,455 - root - DEBUG - Updating hall of fame
2020-08-23 15:39:46,823 - root - INFO - Completed generation 108; 1.5s elapsed, 1.8s avg, 2e+02s total. Expected time remaining: 1.7e+02s
2020-08-23 15:39:46,883 - root - INFO - #108 MAX:accuracy.mean: 0.92
2020-08-23 15:39:46,924 - root - DEBUG - Sampled weight [0.99958455 1.19214586 1.42220009 2.00198468 0.84078109]
2020-08-23 15:39:48,018 - root - DEBUG - Updating hall of fame
2020-08-23 15:39:48,588 - root - INFO - Completed generation 109; 1.7s elapsed, 1.8s avg, 2e+02s total. Expected time remaining: 1.7e+02s
2020-08-23 15:39:48,648 - root - INFO - #109 MAX:accuracy.mean: 0.93
2020-08-23 15:39:48,689 - root - DEBUG - Sampled weight [0.96371578 0.66961046 0.68758272 1.7088186  1.77640857]
2020-08-23 15:39:49,777 - root - DEBUG - Updating hall of fame
2020-08-23 15:39:50,335 - root - INFO - Completed generation 110; 1.7s elapsed, 1.8s avg, 2e+02s total. Expected time remaining: 1.6e+02s
2020-08-23 15:39:50,395 - root - INFO - #110 MAX:accuracy.mean: 0.89
2020-08-23 15:39:50,508 - root - DEBUG - Sampled weight [0.63575962 0.76079969 0.48935922 0.42090557 1.39923052]
2020-08-23 15:39:51,603 - root - DEBUG - Updating hall of fame
2020-08-23 15:39:51,797 - root - INFO - Completed generation 111; 1.3s elapsed, 1.8s avg, 2e+02s total. Expected time remaining: 1.6e+02s
2020-08-23 15:39:51,857 - root - INFO - #111 MAX:accuracy.mean: 0.87
2020-08-23 15:39:51,898 - root - DEBUG - Sampled weight [1.84182329 0.50588203 5.25583804 0.67209804 0.87277252]
2020-08-23 15:39:52,982 - root - DEBUG - Updating hall of fame
2020-08-23 15:39:53,350 - root - INFO - Completed generation 112; 1.5s elapsed, 1.8s avg, 2e+02s total. Expected time remaining: 1.6e+02s
2020-08-23 15:39:53,410 - root - INFO - #112 MAX:accuracy.mean: 0.87
2020-08-23 15:39:53,452 - root - DEBUG - Sampled weight [1.15589277 1.08747885 0.48801788 0.76594462 2.20265977]
2020-08-23 15:39:54,544 - root - DEBUG - Updating hall of fame
2020-08-23 15:39:54,728 - root - INFO - Completed generation 113; 1.3s elapsed, 1.8s avg, 2e+02s total. Expected time remaining: 1.6e+02s
2020-08-23 15:39:54,788 - root - INFO - #113 MAX:accuracy.mean: 0.88
2020-08-23 15:39:54,829 - root - DEBUG - Sampled weight [0.69436303 0.51213533 0.64536983 1.89912146 0.84309834]
2020-08-23 15:39:55,910 - root - DEBUG - Updating hall of fame
2020-08-23 15:39:56,479 - root - INFO - Completed generation 114; 1.7s elapsed, 1.8s avg, 2.1e+02s total. Expected time remaining: 1.5e+02s
2020-08-23 15:39:56,539 - root - INFO - #114 MAX:accuracy.mean: 0.91
2020-08-23 15:39:56,579 - root - DEBUG - Sampled weight [0.67707717 0.66693916 0.76876296 0.49342479 0.63420515]
2020-08-23 15:39:57,655 - root - DEBUG - Updating hall of fame
2020-08-23 15:39:58,026 - root - INFO - Completed generation 115; 1.5s elapsed, 1.8s avg, 2.1e+02s total. Expected time remaining: 1.5e+02s
2020-08-23 15:39:58,086 - root - INFO - #115 MAX:accuracy.mean: 0.87
2020-08-23 15:39:58,127 - root - DEBUG - Sampled weight [0.71109489 1.52471504 0.39286499 0.35917655 1.65319707]
2020-08-23 15:39:59,224 - root - DEBUG - Updating hall of fame
2020-08-23 15:39:59,596 - root - INFO - Completed generation 116; 1.5s elapsed, 1.8s avg, 2.1e+02s total. Expected time remaining: 1.5e+02s
2020-08-23 15:39:59,656 - root - INFO - #116 MAX:accuracy.mean: 0.87
2020-08-23 15:39:59,698 - root - DEBUG - Sampled weight [0.35304073 1.21236739 0.503316   1.18716852 0.52542695]
2020-08-23 15:40:00,783 - root - DEBUG - Updating hall of fame
2020-08-23 15:40:00,967 - root - INFO - Completed generation 117; 1.3s elapsed, 1.8s avg, 2.1e+02s total. Expected time remaining: 1.5e+02s
2020-08-23 15:40:01,027 - root - INFO - #117 MAX:accuracy.mean: 0.87
2020-08-23 15:40:01,068 - root - DEBUG - Sampled weight [1.41740567 1.86522172 1.2034036  0.78460564 0.88595797]
2020-08-23 15:40:02,162 - root - DEBUG - Updating hall of fame
2020-08-23 15:40:02,531 - root - INFO - Completed generation 118; 1.5s elapsed, 1.8s avg, 2.1e+02s total. Expected time remaining: 1.5e+02s
2020-08-23 15:40:02,593 - root - INFO - #118 MAX:accuracy.mean: 0.93
2020-08-23 15:40:02,636 - root - DEBUG - Sampled weight [0.72994054 0.95830259 1.19579656 0.74219795 2.01977294]
2020-08-23 15:40:03,739 - root - DEBUG - Updating hall of fame
2020-08-23 15:40:04,309 - root - INFO - Completed generation 119; 1.7s elapsed, 1.8s avg, 2.1e+02s total. Expected time remaining: 1.4e+02s
2020-08-23 15:40:04,369 - root - INFO - #119 MAX:accuracy.mean: 0.9
2020-08-23 15:40:04,411 - root - DEBUG - Sampled weight [0.78190113 1.01105454 1.45100646 0.57449081 1.62232092]
2020-08-23 15:40:05,508 - root - DEBUG - Updating hall of fame
2020-08-23 15:40:05,885 - root - INFO - Completed generation 120; 1.5s elapsed, 1.8s avg, 2.1e+02s total. Expected time remaining: 1.4e+02s
2020-08-23 15:40:05,945 - root - INFO - #120 MAX:accuracy.mean: 0.89
2020-08-23 15:40:06,068 - root - DEBUG - Sampled weight [0.88899736 0.89525225 0.68789089 0.89954013 0.72314672]
2020-08-23 15:40:07,159 - root - DEBUG - Updating hall of fame
2020-08-23 15:40:07,546 - root - INFO - Completed generation 121; 1.5s elapsed, 1.8s avg, 2.2e+02s total. Expected time remaining: 1.4e+02s
2020-08-23 15:40:07,605 - root - INFO - #121 MAX:accuracy.mean: 0.93
2020-08-23 15:40:07,647 - root - DEBUG - Sampled weight [1.79399506 0.68160414 1.66591797 0.63465149 1.33177968]
2020-08-23 15:40:08,724 - root - DEBUG - Updating hall of fame
2020-08-23 15:40:08,907 - root - INFO - Completed generation 122; 1.3s elapsed, 1.8s avg, 2.2e+02s total. Expected time remaining: 1.4e+02s
2020-08-23 15:40:08,967 - root - INFO - #122 MAX:accuracy.mean: 0.89
2020-08-23 15:40:09,008 - root - DEBUG - Sampled weight [1.05930097 0.82361277 1.917671   1.74865776 0.51378653]
2020-08-23 15:40:10,109 - root - DEBUG - Updating hall of fame
2020-08-23 15:40:10,677 - root - INFO - Completed generation 123; 1.7s elapsed, 1.8s avg, 2.2e+02s total. Expected time remaining: 1.4e+02s
2020-08-23 15:40:10,737 - root - INFO - #123 MAX:accuracy.mean: 0.88
2020-08-23 15:40:10,777 - root - DEBUG - Sampled weight [1.35066496 1.53090352 1.33322815 1.92196576 1.58511165]
2020-08-23 15:40:11,871 - root - DEBUG - Updating hall of fame
2020-08-23 15:40:12,258 - root - INFO - Completed generation 124; 1.5s elapsed, 1.8s avg, 2.2e+02s total. Expected time remaining: 1.4e+02s
2020-08-23 15:40:12,318 - root - INFO - #124 MAX:accuracy.mean: 0.96
2020-08-23 15:40:12,361 - root - DEBUG - Sampled weight [0.52656516 0.69403516 1.07866906 0.72738967 0.67280473]
2020-08-23 15:40:13,465 - root - DEBUG - Updating hall of fame
2020-08-23 15:40:14,036 - root - INFO - Completed generation 125; 1.7s elapsed, 1.8s avg, 2.2e+02s total. Expected time remaining: 1.3e+02s
2020-08-23 15:40:14,096 - root - INFO - #125 MAX:accuracy.mean: 0.87
2020-08-23 15:40:14,137 - root - DEBUG - Sampled weight [0.49720396 1.49254917 1.75762783 0.59691268 0.42740749]
2020-08-23 15:40:15,236 - root - DEBUG - Updating hall of fame
2020-08-23 15:40:15,421 - root - INFO - Completed generation 126; 1.3s elapsed, 1.8s avg, 2.2e+02s total. Expected time remaining: 1.3e+02s
2020-08-23 15:40:15,481 - root - INFO - #126 MAX:accuracy.mean: 0.87
2020-08-23 15:40:15,526 - root - DEBUG - Sampled weight [0.79034356 0.66055131 1.16310373 1.45321622 1.11507722]
2020-08-23 15:40:16,629 - root - DEBUG - Updating hall of fame
2020-08-23 15:40:16,812 - root - INFO - Completed generation 127; 1.3s elapsed, 1.8s avg, 2.2e+02s total. Expected time remaining: 1.3e+02s
2020-08-23 15:40:16,872 - root - INFO - #127 MAX:accuracy.mean: 0.91
2020-08-23 15:40:16,914 - root - DEBUG - Sampled weight [0.8417755  1.35787584 0.72433896 0.87660356 0.66935458]
2020-08-23 15:40:18,003 - root - DEBUG - Updating hall of fame
2020-08-23 15:40:18,754 - root - INFO - Completed generation 128; 1.9s elapsed, 1.8s avg, 2.3e+02s total. Expected time remaining: 1.3e+02s
2020-08-23 15:40:18,814 - root - INFO - #128 MAX:accuracy.mean: 0.87
2020-08-23 15:40:18,856 - root - DEBUG - Sampled weight [0.63007144 0.38630789 1.41815414 2.86354515 1.09533185]
2020-08-23 15:40:19,940 - root - DEBUG - Updating hall of fame
2020-08-23 15:40:20,501 - root - INFO - Completed generation 129; 1.7s elapsed, 1.8s avg, 2.3e+02s total. Expected time remaining: 1.3e+02s
2020-08-23 15:40:20,561 - root - INFO - #129 MAX:accuracy.mean: 0.87
2020-08-23 15:40:20,601 - root - DEBUG - Sampled weight [1.25713014 0.66041486 1.5090699  0.86389861 1.15824132]
2020-08-23 15:40:21,680 - root - DEBUG - Updating hall of fame
2020-08-23 15:40:21,875 - root - INFO - Completed generation 130; 1.3s elapsed, 1.8s avg, 2.3e+02s total. Expected time remaining: 1.2e+02s
2020-08-23 15:40:21,935 - root - INFO - #130 MAX:accuracy.mean: 0.91
2020-08-23 15:40:22,056 - root - DEBUG - Sampled weight [0.3155722  0.86279268 0.8184925  2.79778438 1.13517542]
2020-08-23 15:40:23,149 - root - DEBUG - Updating hall of fame
2020-08-23 15:40:23,522 - root - INFO - Completed generation 131; 1.5s elapsed, 1.8s avg, 2.3e+02s total. Expected time remaining: 1.2e+02s
2020-08-23 15:40:23,582 - root - INFO - #131 MAX:accuracy.mean: 0.87
2020-08-23 15:40:23,623 - root - DEBUG - Sampled weight [0.6227697  1.14799733 0.64855284 0.88890757 1.73842524]
2020-08-23 15:40:24,696 - root - DEBUG - Updating hall of fame
2020-08-23 15:40:24,881 - root - INFO - Completed generation 132; 1.3s elapsed, 1.8s avg, 2.3e+02s total. Expected time remaining: 1.2e+02s
2020-08-23 15:40:24,940 - root - INFO - #132 MAX:accuracy.mean: 0.87
2020-08-23 15:40:24,981 - root - DEBUG - Sampled weight [1.89024705 2.33768804 0.38918748 1.68520479 1.05494366]
2020-08-23 15:40:26,062 - root - DEBUG - Updating hall of fame
2020-08-23 15:40:26,244 - root - INFO - Completed generation 133; 1.3s elapsed, 1.8s avg, 2.3e+02s total. Expected time remaining: 1.2e+02s
2020-08-23 15:40:26,304 - root - INFO - #133 MAX:accuracy.mean: 0.89
2020-08-23 15:40:26,345 - root - DEBUG - Sampled weight [0.96044909 0.82934127 0.5902431  1.21708402 0.67203423]
2020-08-23 15:40:27,431 - root - DEBUG - Updating hall of fame
2020-08-23 15:40:27,624 - root - INFO - Completed generation 134; 1.3s elapsed, 1.8s avg, 2.4e+02s total. Expected time remaining: 1.2e+02s
2020-08-23 15:40:27,684 - root - INFO - #134 MAX:accuracy.mean: 0.87
2020-08-23 15:40:27,726 - root - DEBUG - Sampled weight [2.76227673 1.53615237 1.23054943 0.67730069 0.962118  ]
2020-08-23 15:40:28,824 - root - DEBUG - Updating hall of fame
2020-08-23 15:40:29,190 - root - INFO - Completed generation 135; 1.5s elapsed, 1.8s avg, 2.4e+02s total. Expected time remaining: 1.1e+02s
2020-08-23 15:40:29,250 - root - INFO - #135 MAX:accuracy.mean: 0.91
2020-08-23 15:40:29,291 - root - DEBUG - Sampled weight [1.66663109 1.2553356  0.71364409 1.37442328 0.44797156]
2020-08-23 15:40:30,387 - root - DEBUG - Updating hall of fame
2020-08-23 15:40:30,955 - root - INFO - Completed generation 136; 1.7s elapsed, 1.8s avg, 2.4e+02s total. Expected time remaining: 1.1e+02s
2020-08-23 15:40:31,015 - root - INFO - #136 MAX:accuracy.mean: 0.87
2020-08-23 15:40:31,055 - root - DEBUG - Sampled weight [0.93009422 1.58041219 1.00294349 1.7411501  1.0491975 ]
2020-08-23 15:40:32,144 - root - DEBUG - Updating hall of fame
2020-08-23 15:40:32,694 - root - INFO - Completed generation 137; 1.7s elapsed, 1.8s avg, 2.4e+02s total. Expected time remaining: 1.1e+02s
2020-08-23 15:40:32,754 - root - INFO - #137 MAX:accuracy.mean: 0.93
2020-08-23 15:40:32,795 - root - DEBUG - Sampled weight [0.60303246 1.30907918 1.13953524 0.76676709 1.15864439]
2020-08-23 15:40:33,875 - root - DEBUG - Updating hall of fame
2020-08-23 15:40:34,433 - root - INFO - Completed generation 138; 1.7s elapsed, 1.8s avg, 2.4e+02s total. Expected time remaining: 1.1e+02s
2020-08-23 15:40:34,492 - root - INFO - #138 MAX:accuracy.mean: 0.9
2020-08-23 15:40:34,533 - root - DEBUG - Sampled weight [0.7264058  0.97035037 1.78056277 1.44818019 0.64676329]
2020-08-23 15:40:35,613 - root - DEBUG - Updating hall of fame
2020-08-23 15:40:36,181 - root - INFO - Completed generation 139; 1.7s elapsed, 1.8s avg, 2.4e+02s total. Expected time remaining: 1.1e+02s
2020-08-23 15:40:36,240 - root - INFO - #139 MAX:accuracy.mean: 0.9
2020-08-23 15:40:36,282 - root - DEBUG - Sampled weight [2.37325532 0.95966885 1.1891623  1.09741745 2.69988762]
2020-08-23 15:40:37,361 - root - DEBUG - Updating hall of fame
2020-08-23 15:40:37,734 - root - INFO - Completed generation 140; 1.5s elapsed, 1.7s avg, 2.4e+02s total. Expected time remaining: 1e+02s
2020-08-23 15:40:37,794 - root - INFO - #140 MAX:accuracy.mean: 0.95
2020-08-23 15:40:37,895 - root - DEBUG - Sampled weight [0.91107244 1.22979456 0.27159351 1.49641916 0.67976681]
2020-08-23 15:40:39,006 - root - DEBUG - Updating hall of fame
2020-08-23 15:40:39,584 - root - INFO - Completed generation 141; 1.7s elapsed, 1.7s avg, 2.5e+02s total. Expected time remaining: 1e+02s
2020-08-23 15:40:39,644 - root - INFO - #141 MAX:accuracy.mean: 0.88
2020-08-23 15:40:39,686 - root - DEBUG - Sampled weight [0.95933134 1.785043   1.28803596 0.550027   2.68138314]
2020-08-23 15:40:40,789 - root - DEBUG - Updating hall of fame
2020-08-23 15:40:40,977 - root - INFO - Completed generation 142; 1.3s elapsed, 1.7s avg, 2.5e+02s total. Expected time remaining: 1e+02s
2020-08-23 15:40:41,038 - root - INFO - #142 MAX:accuracy.mean: 0.9
2020-08-23 15:40:41,080 - root - DEBUG - Sampled weight [1.10436878 1.55529503 1.23433102 0.71296413 1.43955826]
2020-08-23 15:40:42,177 - root - DEBUG - Updating hall of fame
2020-08-23 15:40:42,751 - root - INFO - Completed generation 143; 1.7s elapsed, 1.7s avg, 2.5e+02s total. Expected time remaining: 1e+02s
2020-08-23 15:40:42,812 - root - INFO - #143 MAX:accuracy.mean: 0.93
2020-08-23 15:40:42,855 - root - DEBUG - Sampled weight [0.92802517 0.58376962 0.57930791 0.75396424 1.3241103 ]
2020-08-23 15:40:43,950 - root - DEBUG - Updating hall of fame
2020-08-23 15:40:44,333 - root - INFO - Completed generation 144; 1.5s elapsed, 1.7s avg, 2.5e+02s total. Expected time remaining: 9.8e+01s
2020-08-23 15:40:44,393 - root - INFO - #144 MAX:accuracy.mean: 0.88
2020-08-23 15:40:44,434 - root - DEBUG - Sampled weight [0.67675478 1.28738919 0.48470479 1.79494123 0.70908202]
2020-08-23 15:40:45,521 - root - DEBUG - Updating hall of fame
2020-08-23 15:40:45,892 - root - INFO - Completed generation 145; 1.5s elapsed, 1.7s avg, 2.5e+02s total. Expected time remaining: 9.6e+01s
2020-08-23 15:40:45,953 - root - INFO - #145 MAX:accuracy.mean: 0.88
2020-08-23 15:40:45,995 - root - DEBUG - Sampled weight [1.11267575 1.35894015 1.04387643 0.97062456 0.60084274]
2020-08-23 15:40:47,107 - root - DEBUG - Updating hall of fame
2020-08-23 15:40:47,488 - root - INFO - Completed generation 146; 1.5s elapsed, 1.7s avg, 2.5e+02s total. Expected time remaining: 9.4e+01s
2020-08-23 15:40:47,548 - root - INFO - #146 MAX:accuracy.mean: 0.92
2020-08-23 15:40:47,590 - root - DEBUG - Sampled weight [0.97379403 0.61156072 1.44745563 0.72920416 0.73697248]
2020-08-23 15:40:48,696 - root - DEBUG - Updating hall of fame
2020-08-23 15:40:49,266 - root - INFO - Completed generation 147; 1.7s elapsed, 1.7s avg, 2.6e+02s total. Expected time remaining: 9.2e+01s
2020-08-23 15:40:49,327 - root - INFO - #147 MAX:accuracy.mean: 0.94
2020-08-23 15:40:49,368 - root - DEBUG - Sampled weight [0.7440823  0.97415547 0.77634966 1.90390689 0.56525645]
2020-08-23 15:40:50,474 - root - DEBUG - Updating hall of fame
2020-08-23 15:40:50,873 - root - INFO - Completed generation 148; 1.5s elapsed, 1.7s avg, 2.6e+02s total. Expected time remaining: 9e+01s
2020-08-23 15:40:50,933 - root - INFO - #148 MAX:accuracy.mean: 0.9
2020-08-23 15:40:50,976 - root - DEBUG - Sampled weight [0.84502445 0.66984352 0.93782777 1.45826568 1.10883932]
2020-08-23 15:40:52,105 - root - DEBUG - Updating hall of fame
2020-08-23 15:40:52,504 - root - INFO - Completed generation 149; 1.6s elapsed, 1.7s avg, 2.6e+02s total. Expected time remaining: 8.9e+01s
2020-08-23 15:40:52,566 - root - INFO - #149 MAX:accuracy.mean: 0.94
2020-08-23 15:40:52,609 - root - DEBUG - Sampled weight [0.57567137 0.90744148 1.27230048 0.95067487 1.16592778]
2020-08-23 15:40:53,728 - root - DEBUG - Updating hall of fame
2020-08-23 15:40:54,514 - root - INFO - Completed generation 150; 1.9s elapsed, 1.7s avg, 2.6e+02s total. Expected time remaining: 8.7e+01s
2020-08-23 15:40:54,578 - root - INFO - #150 MAX:accuracy.mean: 0.94
2020-08-23 15:40:54,710 - root - DEBUG - Sampled weight [0.82316283 1.12616012 1.50054051 1.88089905 2.74536565]
2020-08-23 15:40:55,862 - root - DEBUG - Updating hall of fame
2020-08-23 15:40:56,462 - root - INFO - Completed generation 151; 1.8s elapsed, 1.7s avg, 2.6e+02s total. Expected time remaining: 8.5e+01s
2020-08-23 15:40:56,527 - root - INFO - #151 MAX:accuracy.mean: 0.94
2020-08-23 15:40:56,570 - root - DEBUG - Sampled weight [0.82899135 2.25912681 0.95177518 0.94800882 1.81650507]
2020-08-23 15:40:57,713 - root - DEBUG - Updating hall of fame
2020-08-23 15:40:58,304 - root - INFO - Completed generation 152; 1.8s elapsed, 1.7s avg, 2.6e+02s total. Expected time remaining: 8.4e+01s
2020-08-23 15:40:58,366 - root - INFO - #152 MAX:accuracy.mean: 0.91
2020-08-23 15:40:58,410 - root - DEBUG - Sampled weight [1.14060122 0.36422502 0.93666573 0.72851982 1.11618776]
2020-08-23 15:40:59,525 - root - DEBUG - Updating hall of fame
2020-08-23 15:40:59,711 - root - INFO - Completed generation 153; 1.3s elapsed, 1.7s avg, 2.7e+02s total. Expected time remaining: 8.2e+01s
2020-08-23 15:40:59,772 - root - INFO - #153 MAX:accuracy.mean: 0.87
2020-08-23 15:40:59,813 - root - DEBUG - Sampled weight [1.08344856 0.4918657  0.41791229 0.74711946 1.96546488]
2020-08-23 15:41:00,896 - root - DEBUG - Updating hall of fame
2020-08-23 15:41:01,655 - root - INFO - Completed generation 154; 1.9s elapsed, 1.7s avg, 2.7e+02s total. Expected time remaining: 8e+01s
2020-08-23 15:41:01,721 - root - INFO - #154 MAX:accuracy.mean: 0.87
2020-08-23 15:41:01,764 - root - DEBUG - Sampled weight [0.8501796  0.29948189 1.70373653 0.90837144 1.82489168]
2020-08-23 15:41:02,889 - root - DEBUG - Updating hall of fame
2020-08-23 15:41:03,077 - root - INFO - Completed generation 155; 1.4s elapsed, 1.7s avg, 2.7e+02s total. Expected time remaining: 7.8e+01s
2020-08-23 15:41:03,138 - root - INFO - #155 MAX:accuracy.mean: 0.87
2020-08-23 15:41:03,181 - root - DEBUG - Sampled weight [1.51151824 0.9639805  1.11813248 0.40797172 1.1341604 ]
2020-08-23 15:41:04,270 - root - DEBUG - Updating hall of fame
2020-08-23 15:41:04,829 - root - INFO - Completed generation 156; 1.7s elapsed, 1.7s avg, 2.7e+02s total. Expected time remaining: 7.6e+01s
2020-08-23 15:41:04,890 - root - INFO - #156 MAX:accuracy.mean: 0.88
2020-08-23 15:41:04,932 - root - DEBUG - Sampled weight [0.74461126 1.01482862 0.7501333  0.95078132 1.01579835]
2020-08-23 15:41:06,034 - root - DEBUG - Updating hall of fame
2020-08-23 15:41:06,415 - root - INFO - Completed generation 157; 1.5s elapsed, 1.7s avg, 2.7e+02s total. Expected time remaining: 7.5e+01s
2020-08-23 15:41:06,475 - root - INFO - #157 MAX:accuracy.mean: 0.91
2020-08-23 15:41:06,517 - root - DEBUG - Sampled weight [1.45676296 2.13796696 0.55709028 2.92791827 0.91861164]
2020-08-23 15:41:07,619 - root - DEBUG - Updating hall of fame
2020-08-23 15:41:08,372 - root - INFO - Completed generation 158; 1.9s elapsed, 1.7s avg, 2.7e+02s total. Expected time remaining: 7.3e+01s
2020-08-23 15:41:08,433 - root - INFO - #158 MAX:accuracy.mean: 0.9
2020-08-23 15:41:08,475 - root - DEBUG - Sampled weight [2.98297606 0.95169522 2.04159948 1.23444376 0.95922076]
2020-08-23 15:41:09,579 - root - DEBUG - Updating hall of fame
2020-08-23 15:41:09,960 - root - INFO - Completed generation 159; 1.5s elapsed, 1.7s avg, 2.8e+02s total. Expected time remaining: 7.1e+01s
2020-08-23 15:41:10,021 - root - INFO - #159 MAX:accuracy.mean: 0.93
2020-08-23 15:41:10,063 - root - DEBUG - Sampled weight [1.74168167 0.77298838 1.83445084 1.8642877  0.96349675]
2020-08-23 15:41:11,165 - root - DEBUG - Updating hall of fame
2020-08-23 15:41:11,545 - root - INFO - Completed generation 160; 1.5s elapsed, 1.7s avg, 2.8e+02s total. Expected time remaining: 6.9e+01s
2020-08-23 15:41:11,606 - root - INFO - #160 MAX:accuracy.mean: 0.92
2020-08-23 15:41:11,734 - root - DEBUG - Sampled weight [1.12911501 0.68202007 1.3279984  0.34963237 1.17782793]
2020-08-23 15:41:12,841 - root - DEBUG - Updating hall of fame
2020-08-23 15:41:13,028 - root - INFO - Completed generation 161; 1.3s elapsed, 1.7s avg, 2.8e+02s total. Expected time remaining: 6.8e+01s
2020-08-23 15:41:13,089 - root - INFO - #161 MAX:accuracy.mean: 0.88
2020-08-23 15:41:13,131 - root - DEBUG - Sampled weight [0.93616    0.89265521 0.79703472 3.99409885 0.94327657]
2020-08-23 15:41:14,245 - root - DEBUG - Updating hall of fame
2020-08-23 15:41:14,432 - root - INFO - Completed generation 162; 1.3s elapsed, 1.7s avg, 2.8e+02s total. Expected time remaining: 6.6e+01s
2020-08-23 15:41:14,492 - root - INFO - #162 MAX:accuracy.mean: 0.95
2020-08-23 15:41:14,536 - root - DEBUG - Sampled weight [0.57109089 2.26275333 1.46000532 2.16708086 1.3353278 ]
2020-08-23 15:41:15,640 - root - DEBUG - Updating hall of fame
2020-08-23 15:41:16,025 - root - INFO - Completed generation 163; 1.5s elapsed, 1.7s avg, 2.8e+02s total. Expected time remaining: 6.4e+01s
2020-08-23 15:41:16,086 - root - INFO - #163 MAX:accuracy.mean: 0.91
2020-08-23 15:41:16,129 - root - DEBUG - Sampled weight [1.5190119  1.13827461 0.53221006 1.70356354 1.38574176]
2020-08-23 15:41:17,242 - root - DEBUG - Updating hall of fame
2020-08-23 15:41:17,822 - root - INFO - Completed generation 164; 1.7s elapsed, 1.7s avg, 2.8e+02s total. Expected time remaining: 6.2e+01s
2020-08-23 15:41:17,883 - root - INFO - #164 MAX:accuracy.mean: 0.91
2020-08-23 15:41:17,925 - root - DEBUG - Sampled weight [1.19158534 0.77305777 1.20847733 1.19035609 1.0774954 ]
2020-08-23 15:41:19,028 - root - DEBUG - Updating hall of fame
2020-08-23 15:41:19,213 - root - INFO - Completed generation 165; 1.3s elapsed, 1.7s avg, 2.8e+02s total. Expected time remaining: 6e+01s
2020-08-23 15:41:19,274 - root - INFO - #165 MAX:accuracy.mean: 0.94
2020-08-23 15:41:19,317 - root - DEBUG - Sampled weight [0.95884602 1.13508377 1.5831666  0.65527062 2.36001579]
2020-08-23 15:41:20,442 - root - DEBUG - Updating hall of fame
2020-08-23 15:41:21,023 - root - INFO - Completed generation 166; 1.7s elapsed, 1.7s avg, 2.9e+02s total. Expected time remaining: 5.9e+01s
2020-08-23 15:41:21,084 - root - INFO - #166 MAX:accuracy.mean: 0.91
2020-08-23 15:41:21,128 - root - DEBUG - Sampled weight [0.87544741 2.89103149 0.8976315  0.9493649  1.39074419]
2020-08-23 15:41:22,242 - root - DEBUG - Updating hall of fame
2020-08-23 15:41:22,640 - root - INFO - Completed generation 167; 1.6s elapsed, 1.7s avg, 2.9e+02s total. Expected time remaining: 5.7e+01s
2020-08-23 15:41:22,701 - root - INFO - #167 MAX:accuracy.mean: 0.93
2020-08-23 15:41:22,743 - root - DEBUG - Sampled weight [1.89076815 1.31110005 0.84209164 0.80459514 0.76851767]
2020-08-23 15:41:23,845 - root - DEBUG - Updating hall of fame
2020-08-23 15:41:24,417 - root - INFO - Completed generation 168; 1.7s elapsed, 1.7s avg, 2.9e+02s total. Expected time remaining: 5.5e+01s
2020-08-23 15:41:24,478 - root - INFO - #168 MAX:accuracy.mean: 0.9
2020-08-23 15:41:24,520 - root - DEBUG - Sampled weight [1.87752064 0.47851487 0.96002192 2.68796187 1.87273545]
2020-08-23 15:41:25,617 - root - DEBUG - Updating hall of fame
2020-08-23 15:41:25,992 - root - INFO - Completed generation 169; 1.5s elapsed, 1.7s avg, 2.9e+02s total. Expected time remaining: 5.3e+01s
2020-08-23 15:41:26,052 - root - INFO - #169 MAX:accuracy.mean: 0.88
2020-08-23 15:41:26,095 - root - DEBUG - Sampled weight [1.94272385 0.32582681 1.03294968 0.76608353 2.64547288]
2020-08-23 15:41:27,200 - root - DEBUG - Updating hall of fame
2020-08-23 15:41:27,399 - root - INFO - Completed generation 170; 1.3s elapsed, 1.7s avg, 2.9e+02s total. Expected time remaining: 5.2e+01s
2020-08-23 15:41:27,460 - root - INFO - #170 MAX:accuracy.mean: 0.87
2020-08-23 15:41:27,606 - root - DEBUG - Sampled weight [0.92130168 1.05671705 0.87035354 1.39437429 0.67810484]
2020-08-23 15:41:28,715 - root - DEBUG - Updating hall of fame
2020-08-23 15:41:28,907 - root - INFO - Completed generation 171; 1.3s elapsed, 1.7s avg, 2.9e+02s total. Expected time remaining: 5e+01s
2020-08-23 15:41:28,968 - root - INFO - #171 MAX:accuracy.mean: 0.9
2020-08-23 15:41:29,010 - root - DEBUG - Sampled weight [0.6938334  1.47530035 1.6462748  0.93867944 0.55524293]
2020-08-23 15:41:30,120 - root - DEBUG - Updating hall of fame
2020-08-23 15:41:30,915 - root - INFO - Completed generation 172; 1.9s elapsed, 1.7s avg, 3e+02s total. Expected time remaining: 4.8e+01s
2020-08-23 15:41:30,981 - root - INFO - #172 MAX:accuracy.mean: 0.89
2020-08-23 15:41:31,027 - root - DEBUG - Sampled weight [1.25777875 2.8326365  1.51623411 0.5029858  0.87247065]
2020-08-23 15:41:32,210 - root - DEBUG - Updating hall of fame
2020-08-23 15:41:32,211 - root - INFO - Completed generation 173; 1.2s elapsed, 1.7s avg, 3e+02s total. Expected time remaining: 4.6e+01s
2020-08-23 15:41:32,276 - root - INFO - #173 MAX:accuracy.mean: 0.89
2020-08-23 15:41:32,322 - root - DEBUG - Sampled weight [1.03439595 1.99064442 0.58721735 1.32043554 1.29508463]
2020-08-23 15:41:33,501 - root - DEBUG - Updating hall of fame
2020-08-23 15:41:34,125 - root - INFO - Completed generation 174; 1.8s elapsed, 1.7s avg, 3e+02s total. Expected time remaining: 4.5e+01s
2020-08-23 15:41:34,190 - root - INFO - #174 MAX:accuracy.mean: 0.92
2020-08-23 15:41:34,235 - root - DEBUG - Sampled weight [0.63824367 0.3729827  0.63714327 0.90551402 0.84910202]
2020-08-23 15:41:35,428 - root - DEBUG - Updating hall of fame
2020-08-23 15:41:36,051 - root - INFO - Completed generation 175; 1.9s elapsed, 1.7s avg, 3e+02s total. Expected time remaining: 4.3e+01s
2020-08-23 15:41:36,116 - root - INFO - #175 MAX:accuracy.mean: 0.88
2020-08-23 15:41:36,162 - root - DEBUG - Sampled weight [0.87341427 1.12483212 0.8953274  1.69938529 0.66476199]
2020-08-23 15:41:37,327 - root - DEBUG - Updating hall of fame
2020-08-23 15:41:38,112 - root - INFO - Completed generation 176; 2.0s elapsed, 1.7s avg, 3e+02s total. Expected time remaining: 4.1e+01s
2020-08-23 15:41:38,175 - root - INFO - #176 MAX:accuracy.mean: 0.9
2020-08-23 15:41:38,219 - root - DEBUG - Sampled weight [0.74548809 2.12287509 1.79105646 1.3246549  1.47410606]
2020-08-23 15:41:39,346 - root - DEBUG - Updating hall of fame
2020-08-23 15:41:39,732 - root - INFO - Completed generation 177; 1.6s elapsed, 1.7s avg, 3e+02s total. Expected time remaining: 4e+01s
2020-08-23 15:41:39,794 - root - INFO - #177 MAX:accuracy.mean: 0.92
2020-08-23 15:41:39,839 - root - DEBUG - Sampled weight [1.01035429 0.56766045 0.44750109 1.30625334 1.32714638]
2020-08-23 15:41:40,977 - root - DEBUG - Updating hall of fame
2020-08-23 15:41:41,562 - root - INFO - Completed generation 178; 1.8s elapsed, 1.7s avg, 3.1e+02s total. Expected time remaining: 3.8e+01s
2020-08-23 15:41:41,623 - root - INFO - #178 MAX:accuracy.mean: 0.87
2020-08-23 15:41:41,665 - root - DEBUG - Sampled weight [0.9255319  0.6342152  3.56805802 0.95742965 0.83411342]
2020-08-23 15:41:42,781 - root - DEBUG - Updating hall of fame
2020-08-23 15:41:42,967 - root - INFO - Completed generation 179; 1.3s elapsed, 1.7s avg, 3.1e+02s total. Expected time remaining: 3.6e+01s
2020-08-23 15:41:43,028 - root - INFO - #179 MAX:accuracy.mean: 0.88
2020-08-23 15:41:43,069 - root - DEBUG - Sampled weight [0.98749948 0.64982594 0.90464382 2.24418785 0.39060481]
2020-08-23 15:41:44,171 - root - DEBUG - Updating hall of fame
2020-08-23 15:41:44,935 - root - INFO - Completed generation 180; 1.9s elapsed, 1.7s avg, 3.1e+02s total. Expected time remaining: 3.4e+01s
2020-08-23 15:41:44,996 - root - INFO - #180 MAX:accuracy.mean: 0.87
2020-08-23 15:41:45,146 - root - DEBUG - Sampled weight [0.74860187 1.92349628 0.95473738 1.06442278 1.2982334 ]
2020-08-23 15:41:46,286 - root - DEBUG - Updating hall of fame
2020-08-23 15:41:46,663 - root - INFO - Completed generation 181; 1.6s elapsed, 1.7s avg, 3.1e+02s total. Expected time remaining: 3.3e+01s
2020-08-23 15:41:46,725 - root - INFO - #181 MAX:accuracy.mean: 0.93
2020-08-23 15:41:46,767 - root - DEBUG - Sampled weight [1.43183866 0.66586607 2.08551169 1.30791723 2.36170982]
2020-08-23 15:41:47,879 - root - DEBUG - Updating hall of fame
2020-08-23 15:41:48,263 - root - INFO - Completed generation 182; 1.5s elapsed, 1.7s avg, 3.1e+02s total. Expected time remaining: 3.1e+01s
2020-08-23 15:41:48,325 - root - INFO - #182 MAX:accuracy.mean: 0.91
2020-08-23 15:41:48,367 - root - DEBUG - Sampled weight [0.86756451 2.51627359 1.03557843 1.16426914 1.38403395]
2020-08-23 15:41:49,479 - root - DEBUG - Updating hall of fame
2020-08-23 15:41:50,049 - root - INFO - Completed generation 183; 1.7s elapsed, 1.7s avg, 3.1e+02s total. Expected time remaining: 2.9e+01s
2020-08-23 15:41:50,110 - root - INFO - #183 MAX:accuracy.mean: 0.95
2020-08-23 15:41:50,153 - root - DEBUG - Sampled weight [0.72892339 1.24716399 1.30568142 0.56043022 0.54240666]
2020-08-23 15:41:51,279 - root - DEBUG - Updating hall of fame
2020-08-23 15:41:51,664 - root - INFO - Completed generation 184; 1.6s elapsed, 1.7s avg, 3.2e+02s total. Expected time remaining: 2.7e+01s
2020-08-23 15:41:51,725 - root - INFO - #184 MAX:accuracy.mean: 0.91
2020-08-23 15:41:51,768 - root - DEBUG - Sampled weight [2.63881357 1.35141101 0.9035252  1.85212413 1.67098362]
2020-08-23 15:41:52,882 - root - DEBUG - Updating hall of fame
2020-08-23 15:41:53,254 - root - INFO - Completed generation 185; 1.5s elapsed, 1.7s avg, 3.2e+02s total. Expected time remaining: 2.6e+01s
2020-08-23 15:41:53,315 - root - INFO - #185 MAX:accuracy.mean: 0.95
2020-08-23 15:41:53,357 - root - DEBUG - Sampled weight [0.72219928 1.85697927 0.89274288 0.72394085 1.14199837]
2020-08-23 15:41:54,493 - root - DEBUG - Updating hall of fame
2020-08-23 15:41:55,076 - root - INFO - Completed generation 186; 1.8s elapsed, 1.7s avg, 3.2e+02s total. Expected time remaining: 2.4e+01s
2020-08-23 15:41:55,137 - root - INFO - #186 MAX:accuracy.mean: 0.89
2020-08-23 15:41:55,180 - root - DEBUG - Sampled weight [1.43805609 0.70002683 1.06129532 1.7535709  0.85355109]
2020-08-23 15:41:56,305 - root - DEBUG - Updating hall of fame
2020-08-23 15:41:56,305 - root - INFO - Completed generation 187; 1.2s elapsed, 1.7s avg, 3.2e+02s total. Expected time remaining: 2.2e+01s
2020-08-23 15:41:56,366 - root - INFO - #187 MAX:accuracy.mean: 0.92
2020-08-23 15:41:56,408 - root - DEBUG - Sampled weight [1.39472044 0.72325649 1.31195915 1.30244227 0.65144341]
2020-08-23 15:41:57,522 - root - DEBUG - Updating hall of fame
2020-08-23 15:41:57,920 - root - INFO - Completed generation 188; 1.6s elapsed, 1.7s avg, 3.2e+02s total. Expected time remaining: 2.1e+01s
2020-08-23 15:41:57,982 - root - INFO - #188 MAX:accuracy.mean: 0.89
2020-08-23 15:41:58,023 - root - DEBUG - Sampled weight [0.56675099 0.63660246 1.4053613  1.89674571 0.7870675 ]
2020-08-23 15:41:59,132 - root - DEBUG - Updating hall of fame
2020-08-23 15:41:59,506 - root - INFO - Completed generation 189; 1.5s elapsed, 1.7s avg, 3.2e+02s total. Expected time remaining: 1.9e+01s
2020-08-23 15:41:59,568 - root - INFO - #189 MAX:accuracy.mean: 0.88
2020-08-23 15:41:59,610 - root - DEBUG - Sampled weight [1.50078685 0.84928703 3.18535742 0.88715513 1.33334968]
2020-08-23 15:42:00,718 - root - DEBUG - Updating hall of fame
2020-08-23 15:42:00,719 - root - INFO - Completed generation 190; 1.2s elapsed, 1.7s avg, 3.2e+02s total. Expected time remaining: 1.7e+01s
2020-08-23 15:42:00,780 - root - INFO - #190 MAX:accuracy.mean: 0.93
2020-08-23 15:42:00,924 - root - DEBUG - Sampled weight [0.92719221 1.32102004 1.20564653 0.89789345 0.78109785]
2020-08-23 15:42:02,069 - root - DEBUG - Updating hall of fame
2020-08-23 15:42:02,640 - root - INFO - Completed generation 191; 1.8s elapsed, 1.7s avg, 3.3e+02s total. Expected time remaining: 1.5e+01s
2020-08-23 15:42:02,702 - root - INFO - #191 MAX:accuracy.mean: 0.91
2020-08-23 15:42:02,745 - root - DEBUG - Sampled weight [1.15403356 0.72607281 0.78834704 1.73091277 0.33797087]
2020-08-23 15:42:03,856 - root - DEBUG - Updating hall of fame
2020-08-23 15:42:04,240 - root - INFO - Completed generation 192; 1.5s elapsed, 1.7s avg, 3.3e+02s total. Expected time remaining: 1.4e+01s
2020-08-23 15:42:04,302 - root - INFO - #192 MAX:accuracy.mean: 0.86
2020-08-23 15:42:04,343 - root - DEBUG - Sampled weight [0.82126358 1.79153865 2.29421134 0.42643275 0.70905818]
2020-08-23 15:42:05,466 - root - DEBUG - Updating hall of fame
2020-08-23 15:42:05,653 - root - INFO - Completed generation 193; 1.4s elapsed, 1.7s avg, 3.3e+02s total. Expected time remaining: 1.2e+01s
2020-08-23 15:42:05,714 - root - INFO - #193 MAX:accuracy.mean: 0.86
2020-08-23 15:42:05,756 - root - DEBUG - Sampled weight [1.52837425 0.66848072 0.80464217 1.5088682  0.33655727]
2020-08-23 15:42:06,867 - root - DEBUG - Updating hall of fame
2020-08-23 15:42:07,437 - root - INFO - Completed generation 194; 1.7s elapsed, 1.7s avg, 3.3e+02s total. Expected time remaining: 1e+01s
2020-08-23 15:42:07,499 - root - INFO - #194 MAX:accuracy.mean: 0.88
2020-08-23 15:42:07,540 - root - DEBUG - Sampled weight [0.22926014 1.41121788 0.80264627 0.96929989 1.20909481]
2020-08-23 15:42:08,648 - root - DEBUG - Updating hall of fame
2020-08-23 15:42:08,649 - root - INFO - Completed generation 195; 1.1s elapsed, 1.7s avg, 3.3e+02s total. Expected time remaining: 8.5s
2020-08-23 15:42:08,710 - root - INFO - #195 MAX:accuracy.mean: 0.88
2020-08-23 15:42:08,752 - root - DEBUG - Sampled weight [1.49547665 1.05782978 0.61182547 1.40502903 1.17467966]
2020-08-23 15:42:09,867 - root - DEBUG - Updating hall of fame
2020-08-23 15:42:10,245 - root - INFO - Completed generation 196; 1.5s elapsed, 1.7s avg, 3.3e+02s total. Expected time remaining: 6.8s
2020-08-23 15:42:10,306 - root - INFO - #196 MAX:accuracy.mean: 0.92
2020-08-23 15:42:10,350 - root - DEBUG - Sampled weight [0.52151664 1.38107083 0.68003937 2.23721225 1.68852389]
2020-08-23 15:42:11,466 - root - DEBUG - Updating hall of fame
2020-08-23 15:42:12,244 - root - INFO - Completed generation 197; 1.9s elapsed, 1.7s avg, 3.4e+02s total. Expected time remaining: 5.1s
2020-08-23 15:42:12,306 - root - INFO - #197 MAX:accuracy.mean: 0.87
2020-08-23 15:42:12,349 - root - DEBUG - Sampled weight [1.72769784 0.70369487 1.46077602 1.30193775 1.2022284 ]
2020-08-23 15:42:13,466 - root - DEBUG - Updating hall of fame
2020-08-23 15:42:13,865 - root - INFO - Completed generation 198; 1.6s elapsed, 1.7s avg, 3.4e+02s total. Expected time remaining: 3.4s
2020-08-23 15:42:13,927 - root - INFO - #198 MAX:accuracy.mean: 0.93
2020-08-23 15:42:13,969 - root - DEBUG - Sampled weight [1.28058154 0.61526936 1.13700998 0.39666623 0.53730619]
2020-08-23 15:42:15,087 - root - DEBUG - Updating hall of fame
2020-08-23 15:42:15,671 - root - INFO - Completed generation 199; 1.7s elapsed, 1.7s avg, 3.4e+02s total. Expected time remaining: 1.7s
2020-08-23 15:42:15,733 - root - INFO - #199 MAX:accuracy.mean: 0.88
2020-08-23 15:42:15,775 - root - DEBUG - Sampled weight [0.57346698 1.92532079 1.30324153 0.7329448  1.45792912]
2020-08-23 15:42:16,889 - root - DEBUG - Updating hall of fame
2020-08-23 15:42:17,076 - root - INFO - Completed generation 200; 1.3s elapsed, 1.7s avg, 3.4e+02s total. Expected time remaining: 0.0s
2020-08-23 15:42:17,138 - root - INFO - #200 MAX:accuracy.mean: 0.89
2020-08-23 15:42:17,289 - root - DEBUG - Loaded 150 samples.
2020-08-23 15:42:17,294 - root - INFO - Evaluating indivs in hall of fame.
2020-08-23 15:42:19,307 - root - INFO - Completed excution.
