2020-07-19 03:20:28,396 - root - INFO - Package version 0.1.1
2020-07-19 03:20:28,396 - root - INFO - Saving data at /vol/fob-vol1/mi15/plonerma/Lab/rewann/data/2020-07-19_Iris [0, 1, 4, 6, 7, 8]; uniform -2,2; signed: False_000.
2020-07-19 03:20:28,397 - root - DEBUG - Loading training dataset
2020-07-19 03:20:28,469 - root - DEBUG - Loaded 150 samples.
2020-07-19 03:20:28,470 - root - DEBUG - Running experiments with the following parameters:
debug = true
experiment_name = "Iris [0, 1, 4, 6, 7, 8]; uniform -2,2; signed: False"
experiment_path = "data/2020-07-19_Iris [0, 1, 4, 6, 7, 8]; uniform -2,2; signed: False_000"

[config]
num_workers = 1
debug = true
backend = "numpy"

[postopt]
run_postopt = true
compile_report = false
num_weights = 100
num_samples = -1

[sampling]
seed = 0
post_init_seed = false
distribution = "uniform"
lower_bound = -2
upper_bound = 2
mean = 0
sigma = 1
num_weights_per_iteration = 5
num_samples_per_iteration = -1
hof_evaluation_iterations = 20

[task]
name = "iris"
sample_order_seed = 0
test_portion = 0.2
sample_length = 10
num_categories = 8

[storage]
data_base_path = "data"
log_filename = "execution.log"
commit_elite_freq = -1
commit_metrics_freq = 10

[population]
num_generations = 200
size = 100
initial_enabled_edge_prob = 0.05
initial_genes = "full"
hof_size = 10
enable_edge_signs = false
enabled_activation_funcs = [ 0, 1, 4, 6, 7, 8,]

[selection]
use_tournaments = true
elite_ratio = 0.1
culling_ratio = 0.2
tournament_size = 5
objectives = [ "-log_loss.min", "-log_loss.mean", "-n_hidden",]
recorded_metrics = [ "accuracy", "kappa", "log_loss",]
hof_metric = "accuracy.mean"

[mutation.new_edge]
probability = 0.2
strategy = "layer_agnostic"
propability = 0.2

[mutation.new_node]
probability = 0.25
propability = 0.3

[mutation.reenable_edge]
probability = 0.05
propability = 0.1

[mutation.change_activation]
probability = 0.5
propability = 0.4

[mutation.change_edge_sign]
probability = 0.2

[mutation.new_recurrent_edge]
probability = 0.2
strategy = "any"

2020-07-19 03:20:28,478 - root - INFO - Starting evolutionary algorithm
2020-07-19 03:20:28,494 - root - DEBUG - Sampled weight [-0.21282672  1.34796146 -1.11270388 -0.02421898  1.71847496]
2020-07-19 03:20:29,542 - root - DEBUG - Updating hall of fame
2020-07-19 03:20:31,443 - root - INFO - Completed generation 1; 3.0s elapsed, 3.0s avg, 3.0s total. Expected time remaining: 5.9e+02s
2020-07-19 03:20:31,497 - root - INFO - #1 MAX:accuracy.mean: 0.47
2020-07-19 03:20:31,537 - root - DEBUG - Sampled weight [ 0.95329903 -0.96263397  1.85608156  0.64779493 -1.72488861]
2020-07-19 03:20:32,578 - root - DEBUG - Updating hall of fame
2020-07-19 03:20:34,413 - root - INFO - Completed generation 2; 2.9s elapsed, 2.9s avg, 5.9s total. Expected time remaining: 5.8e+02s
2020-07-19 03:20:34,465 - root - INFO - #2 MAX:accuracy.mean: 0.33
2020-07-19 03:20:34,505 - root - DEBUG - Sampled weight [-1.35877913  1.2233233  -1.81972069 -1.73436499 -0.80992488]
2020-07-19 03:20:35,549 - root - DEBUG - Updating hall of fame
2020-07-19 03:20:37,193 - root - INFO - Completed generation 3; 2.7s elapsed, 2.9s avg, 8.6s total. Expected time remaining: 5.7e+02s
2020-07-19 03:20:37,247 - root - INFO - #3 MAX:accuracy.mean: 0.33
2020-07-19 03:20:37,286 - root - DEBUG - Sampled weight [-1.35009799  0.88435727  0.38533178 -1.10842861 -1.00015266]
2020-07-19 03:20:38,328 - root - DEBUG - Updating hall of fame
2020-07-19 03:20:39,775 - root - INFO - Completed generation 4; 2.5s elapsed, 2.8s avg, 1.1e+01s total. Expected time remaining: 5.5e+02s
2020-07-19 03:20:39,828 - root - INFO - #4 MAX:accuracy.mean: 0.33
2020-07-19 03:20:39,867 - root - DEBUG - Sampled weight [-1.43387965  0.33979678  1.43839681 -0.20234926 -0.6271979 ]
2020-07-19 03:20:40,909 - root - DEBUG - Updating hall of fame
2020-07-19 03:20:42,358 - root - INFO - Completed generation 5; 2.5s elapsed, 2.7s avg, 1.4e+01s total. Expected time remaining: 5.3e+02s
2020-07-19 03:20:42,412 - root - INFO - #5 MAX:accuracy.mean: 0.33
2020-07-19 03:20:42,452 - root - DEBUG - Sampled weight [ 1.02010108  0.38046833 -1.08137536  0.45120451 -0.48559836]
2020-07-19 03:20:43,496 - root - DEBUG - Updating hall of fame
2020-07-19 03:20:45,151 - root - INFO - Completed generation 6; 2.7s elapsed, 2.7s avg, 1.6e+01s total. Expected time remaining: 5.3e+02s
2020-07-19 03:20:45,204 - root - INFO - #6 MAX:accuracy.mean: 0.33
2020-07-19 03:20:45,244 - root - DEBUG - Sampled weight [ 1.85654414  1.45997271  0.93371672 -0.45015582  0.3318112 ]
2020-07-19 03:20:46,293 - root - DEBUG - Updating hall of fame
2020-07-19 03:20:48,115 - root - INFO - Completed generation 7; 2.9s elapsed, 2.8s avg, 1.9e+01s total. Expected time remaining: 5.3e+02s
2020-07-19 03:20:48,168 - root - INFO - #7 MAX:accuracy.mean: 0.6
2020-07-19 03:20:48,210 - root - DEBUG - Sampled weight [-1.21040249 -1.12030894  0.69964371  0.29361493  0.00795192]
2020-07-19 03:20:49,256 - root - DEBUG - Updating hall of fame
2020-07-19 03:20:50,974 - root - INFO - Completed generation 8; 2.8s elapsed, 2.8s avg, 2.2e+01s total. Expected time remaining: 5.3e+02s
2020-07-19 03:20:51,027 - root - INFO - #8 MAX:accuracy.mean: 0.54
2020-07-19 03:20:51,068 - root - DEBUG - Sampled weight [-0.28980169  0.26275328 -1.86577472  0.66186046  1.23314939]
2020-07-19 03:20:52,126 - root - DEBUG - Updating hall of fame
2020-07-19 03:20:53,976 - root - INFO - Completed generation 9; 2.9s elapsed, 2.8s avg, 2.5e+01s total. Expected time remaining: 5.3e+02s
2020-07-19 03:20:54,028 - root - INFO - #9 MAX:accuracy.mean: 0.59
2020-07-19 03:20:54,069 - root - DEBUG - Sampled weight [-0.49809473  1.7629692  -1.36129195  1.40226962 -1.27166393]
2020-07-19 03:20:55,136 - root - DEBUG - Updating hall of fame
2020-07-19 03:20:56,890 - root - INFO - Completed generation 10; 2.9s elapsed, 2.8s avg, 2.8e+01s total. Expected time remaining: 5.3e+02s
2020-07-19 03:20:56,945 - root - INFO - #10 MAX:accuracy.mean: 0.66
2020-07-19 03:20:57,031 - root - DEBUG - Sampled weight [0.27415025 0.82385998 0.78846247 0.64947284 0.58804895]
2020-07-19 03:20:58,108 - root - DEBUG - Updating hall of fame
2020-07-19 03:20:59,431 - root - INFO - Completed generation 11; 2.4s elapsed, 2.8s avg, 3e+01s total. Expected time remaining: 5.2e+02s
2020-07-19 03:20:59,484 - root - INFO - #11 MAX:accuracy.mean: 0.65
2020-07-19 03:20:59,524 - root - DEBUG - Sampled weight [ 0.52314873 -0.91576358  0.28726542  0.19910688  1.82291834]
2020-07-19 03:21:00,592 - root - DEBUG - Updating hall of fame
2020-07-19 03:21:02,562 - root - INFO - Completed generation 12; 3.1s elapsed, 2.8s avg, 3.3e+01s total. Expected time remaining: 5.2e+02s
2020-07-19 03:21:02,619 - root - INFO - #12 MAX:accuracy.mean: 0.6
2020-07-19 03:21:02,663 - root - DEBUG - Sampled weight [ 1.37895807  0.63150582  1.64607314  1.75213422 -0.56783768]
2020-07-19 03:21:03,804 - root - DEBUG - Updating hall of fame
2020-07-19 03:21:05,009 - root - INFO - Completed generation 13; 2.4s elapsed, 2.8s avg, 3.6e+01s total. Expected time remaining: 5.2e+02s
2020-07-19 03:21:05,065 - root - INFO - #13 MAX:accuracy.mean: 0.66
2020-07-19 03:21:05,109 - root - DEBUG - Sampled weight [-0.49154915 -1.85126361  0.79834391 -1.83414928  1.08108564]
2020-07-19 03:21:06,245 - root - DEBUG - Updating hall of fame
2020-07-19 03:21:07,661 - root - INFO - Completed generation 14; 2.6s elapsed, 2.7s avg, 3.8e+01s total. Expected time remaining: 5.1e+02s
2020-07-19 03:21:07,717 - root - INFO - #14 MAX:accuracy.mean: 0.62
2020-07-19 03:21:07,761 - root - DEBUG - Sampled weight [-0.96512368  0.88137275  1.88243329 -0.87557018  0.11125939]
2020-07-19 03:21:08,894 - root - DEBUG - Updating hall of fame
2020-07-19 03:21:09,886 - root - INFO - Completed generation 15; 2.2s elapsed, 2.7s avg, 4.1e+01s total. Expected time remaining: 5e+02s
2020-07-19 03:21:09,942 - root - INFO - #15 MAX:accuracy.mean: 0.6
2020-07-19 03:21:09,986 - root - DEBUG - Sampled weight [-1.16079975  0.75533478 -1.14903469 -0.75422227  1.00963793]
2020-07-19 03:21:11,056 - root - DEBUG - Updating hall of fame
2020-07-19 03:21:12,161 - root - INFO - Completed generation 16; 2.2s elapsed, 2.7s avg, 4.3e+01s total. Expected time remaining: 4.9e+02s
2020-07-19 03:21:12,214 - root - INFO - #16 MAX:accuracy.mean: 0.74
2020-07-19 03:21:12,254 - root - DEBUG - Sampled weight [ 0.99187763  1.40213427 -1.4647762  -1.45487343  0.14595294]
2020-07-19 03:21:13,320 - root - DEBUG - Updating hall of fame
2020-07-19 03:21:14,426 - root - INFO - Completed generation 17; 2.2s elapsed, 2.6s avg, 4.5e+01s total. Expected time remaining: 4.8e+02s
2020-07-19 03:21:14,479 - root - INFO - #17 MAX:accuracy.mean: 0.59
2020-07-19 03:21:14,520 - root - DEBUG - Sampled weight [-1.00819639 -1.99633714 -0.91223416  0.69855745 -1.1282699 ]
2020-07-19 03:21:15,584 - root - DEBUG - Updating hall of fame
2020-07-19 03:21:15,953 - root - INFO - Completed generation 18; 1.5s elapsed, 2.6s avg, 4.7e+01s total. Expected time remaining: 4.7e+02s
2020-07-19 03:21:16,006 - root - INFO - #18 MAX:accuracy.mean: 0.67
2020-07-19 03:21:16,046 - root - DEBUG - Sampled weight [-1.8604576   1.65872758 -0.95992055  1.84061453  0.13221853]
2020-07-19 03:21:17,115 - root - DEBUG - Updating hall of fame
2020-07-19 03:21:18,044 - root - INFO - Completed generation 19; 2.0s elapsed, 2.6s avg, 4.9e+01s total. Expected time remaining: 4.6e+02s
2020-07-19 03:21:18,097 - root - INFO - #19 MAX:accuracy.mean: 0.61
2020-07-19 03:21:18,137 - root - DEBUG - Sampled weight [-1.9910165   1.81442152 -1.16199225  1.00917367 -1.54006218]
2020-07-19 03:21:19,203 - root - DEBUG - Updating hall of fame
2020-07-19 03:21:19,949 - root - INFO - Completed generation 20; 1.9s elapsed, 2.5s avg, 5e+01s total. Expected time remaining: 4.5e+02s
2020-07-19 03:21:20,002 - root - INFO - #20 MAX:accuracy.mean: 0.65
2020-07-19 03:21:20,084 - root - DEBUG - Sampled weight [-0.04508507 -0.30441827 -0.41455478 -1.89268693 -1.29740638]
2020-07-19 03:21:21,149 - root - DEBUG - Updating hall of fame
2020-07-19 03:21:22,085 - root - INFO - Completed generation 21; 2.0s elapsed, 2.5s avg, 5.2e+01s total. Expected time remaining: 4.5e+02s
2020-07-19 03:21:22,138 - root - INFO - #21 MAX:accuracy.mean: 0.61
2020-07-19 03:21:22,178 - root - DEBUG - Sampled weight [ 1.72562298  1.05394211 -1.17101654 -0.42175562  0.16942757]
2020-07-19 03:21:23,247 - root - DEBUG - Updating hall of fame
2020-07-19 03:21:23,630 - root - INFO - Completed generation 22; 1.5s elapsed, 2.5s avg, 5.4e+01s total. Expected time remaining: 4.4e+02s
2020-07-19 03:21:23,682 - root - INFO - #22 MAX:accuracy.mean: 0.66
2020-07-19 03:21:23,724 - root - DEBUG - Sampled weight [ 0.77301617  0.80614089 -0.36081838 -1.91984775 -0.79218947]
2020-07-19 03:21:24,795 - root - DEBUG - Updating hall of fame
2020-07-19 03:21:26,266 - root - INFO - Completed generation 23; 2.6s elapsed, 2.5s avg, 5.7e+01s total. Expected time remaining: 4.3e+02s
2020-07-19 03:21:26,319 - root - INFO - #23 MAX:accuracy.mean: 0.8
2020-07-19 03:21:26,359 - root - DEBUG - Sampled weight [ 1.29151058 -0.26665081 -0.2604497  -0.42038325  1.72424813]
2020-07-19 03:21:27,429 - root - DEBUG - Updating hall of fame
2020-07-19 03:21:28,565 - root - INFO - Completed generation 24; 2.2s elapsed, 2.4s avg, 5.9e+01s total. Expected time remaining: 4.3e+02s
2020-07-19 03:21:28,619 - root - INFO - #24 MAX:accuracy.mean: 0.67
2020-07-19 03:21:28,659 - root - DEBUG - Sampled weight [ 0.25429232 -0.36987231  0.90849814 -1.18264727 -0.0485462 ]
2020-07-19 03:21:29,718 - root - DEBUG - Updating hall of fame
2020-07-19 03:21:30,654 - root - INFO - Completed generation 25; 2.0s elapsed, 2.4s avg, 6.1e+01s total. Expected time remaining: 4.3e+02s
2020-07-19 03:21:30,706 - root - INFO - #25 MAX:accuracy.mean: 0.67
2020-07-19 03:21:30,747 - root - DEBUG - Sampled weight [ 1.26490286  0.35330032 -0.32701276  1.56611794  0.40912768]
2020-07-19 03:21:31,810 - root - DEBUG - Updating hall of fame
2020-07-19 03:21:32,396 - root - INFO - Completed generation 26; 1.7s elapsed, 2.4s avg, 6.2e+01s total. Expected time remaining: 4.2e+02s
2020-07-19 03:21:32,448 - root - INFO - #26 MAX:accuracy.mean: 0.74
2020-07-19 03:21:32,488 - root - DEBUG - Sampled weight [-0.83435421  0.32522393 -0.1225328  -0.83923024 -1.37173295]
2020-07-19 03:21:33,547 - root - DEBUG - Updating hall of fame
2020-07-19 03:21:34,674 - root - INFO - Completed generation 27; 2.2s elapsed, 2.4s avg, 6.5e+01s total. Expected time remaining: 4.1e+02s
2020-07-19 03:21:34,727 - root - INFO - #27 MAX:accuracy.mean: 0.76
2020-07-19 03:21:34,767 - root - DEBUG - Sampled weight [-1.65510478  0.26903652 -0.50222467  1.76859726  1.28659904]
2020-07-19 03:21:35,823 - root - DEBUG - Updating hall of fame
2020-07-19 03:21:36,594 - root - INFO - Completed generation 28; 1.9s elapsed, 2.4s avg, 6.7e+01s total. Expected time remaining: 4.1e+02s
2020-07-19 03:21:36,647 - root - INFO - #28 MAX:accuracy.mean: 0.8
2020-07-19 03:21:36,687 - root - DEBUG - Sampled weight [ 0.89013383 -1.61284254 -1.60659538 -1.13294878 -0.75659177]
2020-07-19 03:21:37,738 - root - DEBUG - Updating hall of fame
2020-07-19 03:21:38,870 - root - INFO - Completed generation 29; 2.2s elapsed, 2.4s avg, 6.9e+01s total. Expected time remaining: 4.1e+02s
2020-07-19 03:21:38,924 - root - INFO - #29 MAX:accuracy.mean: 0.76
2020-07-19 03:21:38,964 - root - DEBUG - Sampled weight [-0.51445401  1.87702701 -1.77522583 -0.40969673 -1.75878376]
2020-07-19 03:21:40,012 - root - DEBUG - Updating hall of fame
2020-07-19 03:21:41,522 - root - INFO - Completed generation 30; 2.6s elapsed, 2.4s avg, 7.1e+01s total. Expected time remaining: 4e+02s
2020-07-19 03:21:41,575 - root - INFO - #30 MAX:accuracy.mean: 0.83
2020-07-19 03:21:41,678 - root - DEBUG - Sampled weight [-0.78230621  0.26035925 -0.84063885  0.39755577 -0.11453921]
2020-07-19 03:21:42,728 - root - DEBUG - Updating hall of fame
2020-07-19 03:21:44,245 - root - INFO - Completed generation 31; 2.6s elapsed, 2.4s avg, 7.4e+01s total. Expected time remaining: 4e+02s
2020-07-19 03:21:44,299 - root - INFO - #31 MAX:accuracy.mean: 0.76
2020-07-19 03:21:44,339 - root - DEBUG - Sampled weight [ 1.69413836 -1.71276506  1.35748025 -0.45886594  0.4685683 ]
2020-07-19 03:21:45,387 - root - DEBUG - Updating hall of fame
2020-07-19 03:21:46,540 - root - INFO - Completed generation 32; 2.2s elapsed, 2.4s avg, 7.6e+01s total. Expected time remaining: 4e+02s
2020-07-19 03:21:46,593 - root - INFO - #32 MAX:accuracy.mean: 0.77
2020-07-19 03:21:46,633 - root - DEBUG - Sampled weight [ 0.22395718  0.86248403 -1.05687137  0.48881119 -1.90599078]
2020-07-19 03:21:47,678 - root - DEBUG - Updating hall of fame
2020-07-19 03:21:49,191 - root - INFO - Completed generation 33; 2.6s elapsed, 2.4s avg, 7.9e+01s total. Expected time remaining: 4e+02s
2020-07-19 03:21:49,245 - root - INFO - #33 MAX:accuracy.mean: 0.76
2020-07-19 03:21:49,284 - root - DEBUG - Sampled weight [1.43580992 0.60117812 1.49842269 0.36376082 0.86147443]
2020-07-19 03:21:50,332 - root - DEBUG - Updating hall of fame
2020-07-19 03:21:51,293 - root - INFO - Completed generation 34; 2.0s elapsed, 2.4s avg, 8.1e+01s total. Expected time remaining: 3.9e+02s
2020-07-19 03:21:51,345 - root - INFO - #34 MAX:accuracy.mean: 0.76
2020-07-19 03:21:51,385 - root - DEBUG - Sampled weight [-1.96322411 -0.1437021  -1.31070726 -0.70479817  1.92174117]
2020-07-19 03:21:52,428 - root - DEBUG - Updating hall of fame
2020-07-19 03:21:53,558 - root - INFO - Completed generation 35; 2.2s elapsed, 2.4s avg, 8.3e+01s total. Expected time remaining: 3.9e+02s
2020-07-19 03:21:53,611 - root - INFO - #35 MAX:accuracy.mean: 0.81
2020-07-19 03:21:53,651 - root - DEBUG - Sampled weight [-0.97577448 -0.26218982  0.54596829  0.5753595  -0.11545719]
2020-07-19 03:21:54,699 - root - DEBUG - Updating hall of fame
2020-07-19 03:21:55,825 - root - INFO - Completed generation 36; 2.2s elapsed, 2.4s avg, 8.5e+01s total. Expected time remaining: 3.9e+02s
2020-07-19 03:21:55,878 - root - INFO - #36 MAX:accuracy.mean: 0.76
2020-07-19 03:21:55,918 - root - DEBUG - Sampled weight [-1.8956026   1.98738988 -1.72436492 -0.92770235  0.89668242]
2020-07-19 03:21:56,963 - root - DEBUG - Updating hall of fame
2020-07-19 03:21:57,923 - root - INFO - Completed generation 37; 2.0s elapsed, 2.4s avg, 8.7e+01s total. Expected time remaining: 3.8e+02s
2020-07-19 03:21:57,976 - root - INFO - #37 MAX:accuracy.mean: 0.81
2020-07-19 03:21:58,016 - root - DEBUG - Sampled weight [-0.27955385 -0.66690325  0.25386545 -1.87590066  0.62396419]
2020-07-19 03:21:59,064 - root - DEBUG - Updating hall of fame
2020-07-19 03:22:00,573 - root - INFO - Completed generation 38; 2.6s elapsed, 2.4s avg, 9e+01s total. Expected time remaining: 3.8e+02s
2020-07-19 03:22:00,626 - root - INFO - #38 MAX:accuracy.mean: 0.76
2020-07-19 03:22:00,667 - root - DEBUG - Sampled weight [ 0.83191984 -0.61449176  0.72378224  0.73782319 -0.19350893]
2020-07-19 03:22:01,722 - root - DEBUG - Updating hall of fame
2020-07-19 03:22:03,477 - root - INFO - Completed generation 39; 2.9s elapsed, 2.4s avg, 9.3e+01s total. Expected time remaining: 3.8e+02s
2020-07-19 03:22:03,530 - root - INFO - #39 MAX:accuracy.mean: 0.76
2020-07-19 03:22:03,570 - root - DEBUG - Sampled weight [ 0.44719758 -1.66200388  0.71079124  1.53992067  0.59083901]
2020-07-19 03:22:04,618 - root - DEBUG - Updating hall of fame
2020-07-19 03:22:06,138 - root - INFO - Completed generation 40; 2.6s elapsed, 2.4s avg, 9.5e+01s total. Expected time remaining: 3.8e+02s
2020-07-19 03:22:06,190 - root - INFO - #40 MAX:accuracy.mean: 0.76
2020-07-19 03:22:06,283 - root - DEBUG - Sampled weight [-0.58103475  0.41640508 -1.43948462 -0.04238898 -1.68014821]
2020-07-19 03:22:07,339 - root - DEBUG - Updating hall of fame
2020-07-19 03:22:09,045 - root - INFO - Completed generation 41; 2.8s elapsed, 2.4s avg, 9.8e+01s total. Expected time remaining: 3.8e+02s
2020-07-19 03:22:09,098 - root - INFO - #41 MAX:accuracy.mean: 0.77
2020-07-19 03:22:09,138 - root - DEBUG - Sampled weight [ 1.25133123  0.58190327  1.28911771  1.09414511 -0.39294488]
2020-07-19 03:22:10,197 - root - DEBUG - Updating hall of fame
2020-07-19 03:22:11,911 - root - INFO - Completed generation 42; 2.8s elapsed, 2.4s avg, 1e+02s total. Expected time remaining: 3.8e+02s
2020-07-19 03:22:11,997 - root - INFO - #42 MAX:accuracy.mean: 0.8
2020-07-19 03:22:12,038 - root - DEBUG - Sampled weight [-0.94055052 -0.29053611  1.51455592 -1.1805911   0.41484682]
2020-07-19 03:22:13,099 - root - DEBUG - Updating hall of fame
2020-07-19 03:22:14,804 - root - INFO - Completed generation 43; 2.8s elapsed, 2.4s avg, 1e+02s total. Expected time remaining: 3.8e+02s
2020-07-19 03:22:14,858 - root - INFO - #43 MAX:accuracy.mean: 0.78
2020-07-19 03:22:14,899 - root - DEBUG - Sampled weight [ 0.36067951 -1.29886095 -1.63504329  1.24208748  1.4963231 ]
2020-07-19 03:22:15,966 - root - DEBUG - Updating hall of fame
2020-07-19 03:22:17,687 - root - INFO - Completed generation 44; 2.8s elapsed, 2.4s avg, 1.1e+02s total. Expected time remaining: 3.8e+02s
2020-07-19 03:22:17,740 - root - INFO - #44 MAX:accuracy.mean: 0.86
2020-07-19 03:22:17,781 - root - DEBUG - Sampled weight [ 0.05547201 -0.20327555 -1.17561664  1.99461566 -1.3414059 ]
2020-07-19 03:22:18,849 - root - DEBUG - Updating hall of fame
2020-07-19 03:22:20,369 - root - INFO - Completed generation 45; 2.6s elapsed, 2.4s avg, 1.1e+02s total. Expected time remaining: 3.8e+02s
2020-07-19 03:22:20,421 - root - INFO - #45 MAX:accuracy.mean: 0.8
2020-07-19 03:22:20,462 - root - DEBUG - Sampled weight [-0.25521477  0.95155646  0.96932204  0.52395693  1.05432234]
2020-07-19 03:22:21,537 - root - DEBUG - Updating hall of fame
2020-07-19 03:22:22,896 - root - INFO - Completed generation 46; 2.5s elapsed, 2.4s avg, 1.1e+02s total. Expected time remaining: 3.7e+02s
2020-07-19 03:22:22,949 - root - INFO - #46 MAX:accuracy.mean: 0.83
2020-07-19 03:22:22,989 - root - DEBUG - Sampled weight [-1.00548812  0.25979912 -0.44039414 -1.0395817  -0.38865794]
2020-07-19 03:22:24,067 - root - DEBUG - Updating hall of fame
2020-07-19 03:22:25,237 - root - INFO - Completed generation 47; 2.3s elapsed, 2.4s avg, 1.1e+02s total. Expected time remaining: 3.7e+02s
2020-07-19 03:22:25,290 - root - INFO - #47 MAX:accuracy.mean: 0.79
2020-07-19 03:22:25,331 - root - DEBUG - Sampled weight [ 1.96505538 -1.70584553 -0.11189587  1.84657226  0.76918972]
2020-07-19 03:22:26,404 - root - DEBUG - Updating hall of fame
2020-07-19 03:22:27,185 - root - INFO - Completed generation 48; 1.9s elapsed, 2.4s avg, 1.2e+02s total. Expected time remaining: 3.7e+02s
2020-07-19 03:22:27,238 - root - INFO - #48 MAX:accuracy.mean: 0.83
2020-07-19 03:22:27,279 - root - DEBUG - Sampled weight [-1.98170649 -1.07343579 -1.24933321 -0.62615571  0.54727544]
2020-07-19 03:22:28,363 - root - DEBUG - Updating hall of fame
2020-07-19 03:22:29,681 - root - INFO - Completed generation 49; 2.4s elapsed, 2.4s avg, 1.2e+02s total. Expected time remaining: 3.6e+02s
2020-07-19 03:22:29,735 - root - INFO - #49 MAX:accuracy.mean: 0.81
2020-07-19 03:22:29,777 - root - DEBUG - Sampled weight [-1.56854315  1.03998951 -1.62169163 -1.26293217 -1.77295996]
2020-07-19 03:22:30,861 - root - DEBUG - Updating hall of fame
2020-07-19 03:22:31,833 - root - INFO - Completed generation 50; 2.1s elapsed, 2.4s avg, 1.2e+02s total. Expected time remaining: 3.6e+02s
2020-07-19 03:22:31,886 - root - INFO - #50 MAX:accuracy.mean: 0.9
2020-07-19 03:22:31,989 - root - DEBUG - Sampled weight [-1.30284442 -0.29548049 -0.67254067  1.56481175 -1.4705425 ]
2020-07-19 03:22:33,072 - root - DEBUG - Updating hall of fame
2020-07-19 03:22:34,400 - root - INFO - Completed generation 51; 2.5s elapsed, 2.4s avg, 1.2e+02s total. Expected time remaining: 3.6e+02s
2020-07-19 03:22:34,454 - root - INFO - #51 MAX:accuracy.mean: 0.82
2020-07-19 03:22:34,495 - root - DEBUG - Sampled weight [ 0.79604397 -1.70111759  1.70562953 -0.97138978 -0.85712877]
2020-07-19 03:22:35,586 - root - DEBUG - Updating hall of fame
2020-07-19 03:22:36,554 - root - INFO - Completed generation 52; 2.1s elapsed, 2.4s avg, 1.3e+02s total. Expected time remaining: 3.6e+02s
2020-07-19 03:22:36,607 - root - INFO - #52 MAX:accuracy.mean: 0.83
2020-07-19 03:22:36,647 - root - DEBUG - Sampled weight [1.63010546 1.00001685 0.60935802 0.26258056 1.14479511]
2020-07-19 03:22:37,724 - root - DEBUG - Updating hall of fame
2020-07-19 03:22:38,868 - root - INFO - Completed generation 53; 2.3s elapsed, 2.4s avg, 1.3e+02s total. Expected time remaining: 3.5e+02s
2020-07-19 03:22:38,921 - root - INFO - #53 MAX:accuracy.mean: 0.82
2020-07-19 03:22:38,962 - root - DEBUG - Sampled weight [-1.20226573  1.08540972 -0.1208589  -0.64613896 -0.453166  ]
2020-07-19 03:22:40,044 - root - DEBUG - Updating hall of fame
2020-07-19 03:22:41,196 - root - INFO - Completed generation 54; 2.3s elapsed, 2.4s avg, 1.3e+02s total. Expected time remaining: 3.5e+02s
2020-07-19 03:22:41,249 - root - INFO - #54 MAX:accuracy.mean: 0.81
2020-07-19 03:22:41,291 - root - DEBUG - Sampled weight [-0.33829059 -0.49097026 -1.87152137  1.95695983 -1.86532373]
2020-07-19 03:22:42,370 - root - DEBUG - Updating hall of fame
2020-07-19 03:22:43,350 - root - INFO - Completed generation 55; 2.1s elapsed, 2.4s avg, 1.3e+02s total. Expected time remaining: 3.5e+02s
2020-07-19 03:22:43,403 - root - INFO - #55 MAX:accuracy.mean: 0.83
2020-07-19 03:22:43,444 - root - DEBUG - Sampled weight [-1.2730152   1.27341648  1.34734815 -1.26722533  1.13494981]
2020-07-19 03:22:44,533 - root - DEBUG - Updating hall of fame
2020-07-19 03:22:45,874 - root - INFO - Completed generation 56; 2.5s elapsed, 2.4s avg, 1.3e+02s total. Expected time remaining: 3.4e+02s
2020-07-19 03:22:45,927 - root - INFO - #56 MAX:accuracy.mean: 0.89
2020-07-19 03:22:45,968 - root - DEBUG - Sampled weight [ 1.80358789 -1.61510856  0.21704989 -1.10121249  1.94238051]
2020-07-19 03:22:47,059 - root - DEBUG - Updating hall of fame
2020-07-19 03:22:48,021 - root - INFO - Completed generation 57; 2.1s elapsed, 2.4s avg, 1.4e+02s total. Expected time remaining: 3.4e+02s
2020-07-19 03:22:48,074 - root - INFO - #57 MAX:accuracy.mean: 0.86
2020-07-19 03:22:48,115 - root - DEBUG - Sampled weight [ 0.8531666   1.13835569 -1.91098781 -0.74535588  0.2133303 ]
2020-07-19 03:22:49,204 - root - DEBUG - Updating hall of fame
2020-07-19 03:22:50,156 - root - INFO - Completed generation 58; 2.1s elapsed, 2.4s avg, 1.4e+02s total. Expected time remaining: 3.4e+02s
2020-07-19 03:22:50,210 - root - INFO - #58 MAX:accuracy.mean: 0.8
2020-07-19 03:22:50,251 - root - DEBUG - Sampled weight [ 1.04558507  1.50761937  1.93335939  0.55599878 -0.20025023]
2020-07-19 03:22:51,337 - root - DEBUG - Updating hall of fame
2020-07-19 03:22:52,101 - root - INFO - Completed generation 59; 1.9s elapsed, 2.4s avg, 1.4e+02s total. Expected time remaining: 3.4e+02s
2020-07-19 03:22:52,154 - root - INFO - #59 MAX:accuracy.mean: 0.8
2020-07-19 03:22:52,195 - root - DEBUG - Sampled weight [-1.33825869  0.47600635 -0.16837339  1.41749839 -1.20312012]
2020-07-19 03:22:53,272 - root - DEBUG - Updating hall of fame
2020-07-19 03:22:53,831 - root - INFO - Completed generation 60; 1.7s elapsed, 2.4s avg, 1.4e+02s total. Expected time remaining: 3.3e+02s
2020-07-19 03:22:53,884 - root - INFO - #60 MAX:accuracy.mean: 0.8
2020-07-19 03:22:53,999 - root - DEBUG - Sampled weight [-1.14002438 -0.49174243  1.60795581 -0.05956615 -1.45862275]
2020-07-19 03:22:55,078 - root - DEBUG - Updating hall of fame
2020-07-19 03:22:55,641 - root - INFO - Completed generation 61; 1.7s elapsed, 2.4s avg, 1.4e+02s total. Expected time remaining: 3.3e+02s
2020-07-19 03:22:55,694 - root - INFO - #61 MAX:accuracy.mean: 0.81
2020-07-19 03:22:55,736 - root - DEBUG - Sampled weight [ 1.65334032  1.81184646 -1.9069544  -0.14567864  1.32124527]
2020-07-19 03:22:56,819 - root - DEBUG - Updating hall of fame
2020-07-19 03:22:57,389 - root - INFO - Completed generation 62; 1.7s elapsed, 2.3s avg, 1.5e+02s total. Expected time remaining: 3.2e+02s
2020-07-19 03:22:57,442 - root - INFO - #62 MAX:accuracy.mean: 0.87
2020-07-19 03:22:57,483 - root - DEBUG - Sampled weight [ 1.91278339  0.66229112 -1.52475949 -1.69884418 -1.29464126]
2020-07-19 03:22:58,561 - root - DEBUG - Updating hall of fame
2020-07-19 03:22:59,682 - root - INFO - Completed generation 63; 2.2s elapsed, 2.3s avg, 1.5e+02s total. Expected time remaining: 3.2e+02s
2020-07-19 03:22:59,735 - root - INFO - #63 MAX:accuracy.mean: 0.89
2020-07-19 03:22:59,776 - root - DEBUG - Sampled weight [ 1.31440393  0.24404165  1.79172181  1.57569124 -1.34369008]
2020-07-19 03:23:00,868 - root - DEBUG - Updating hall of fame
2020-07-19 03:23:01,645 - root - INFO - Completed generation 64; 1.9s elapsed, 2.3s avg, 1.5e+02s total. Expected time remaining: 3.2e+02s
2020-07-19 03:23:01,701 - root - INFO - #64 MAX:accuracy.mean: 0.87
2020-07-19 03:23:01,746 - root - DEBUG - Sampled weight [ 0.25920539 -1.89449929 -1.29772532  1.3596099   0.68372638]
2020-07-19 03:23:02,838 - root - DEBUG - Updating hall of fame
2020-07-19 03:23:03,608 - root - INFO - Completed generation 65; 1.9s elapsed, 2.3s avg, 1.5e+02s total. Expected time remaining: 3.1e+02s
2020-07-19 03:23:03,661 - root - INFO - #65 MAX:accuracy.mean: 0.85
2020-07-19 03:23:03,701 - root - DEBUG - Sampled weight [ 1.78351791  0.71634522  0.42140524 -0.26203573  0.43292243]
2020-07-19 03:23:04,781 - root - DEBUG - Updating hall of fame
2020-07-19 03:23:05,722 - root - INFO - Completed generation 66; 2.1s elapsed, 2.3s avg, 1.5e+02s total. Expected time remaining: 3.1e+02s
2020-07-19 03:23:05,776 - root - INFO - #66 MAX:accuracy.mean: 0.81
2020-07-19 03:23:05,817 - root - DEBUG - Sampled weight [-1.27716365 -0.55056486  0.21628608  1.52195605 -1.8295844 ]
2020-07-19 03:23:06,897 - root - DEBUG - Updating hall of fame
2020-07-19 03:23:07,274 - root - INFO - Completed generation 67; 1.5s elapsed, 2.3s avg, 1.5e+02s total. Expected time remaining: 3.1e+02s
2020-07-19 03:23:07,327 - root - INFO - #67 MAX:accuracy.mean: 0.83
2020-07-19 03:23:07,368 - root - DEBUG - Sampled weight [-1.6120105  -1.12638169 -1.63282065  1.21835405 -0.79189386]
2020-07-19 03:23:08,454 - root - DEBUG - Updating hall of fame
2020-07-19 03:23:09,023 - root - INFO - Completed generation 68; 1.7s elapsed, 2.3s avg, 1.6e+02s total. Expected time remaining: 3e+02s
2020-07-19 03:23:09,076 - root - INFO - #68 MAX:accuracy.mean: 0.9
2020-07-19 03:23:09,117 - root - DEBUG - Sampled weight [ 0.02987315  0.92881547 -1.67958407 -0.72251091  0.51416596]
2020-07-19 03:23:10,207 - root - DEBUG - Updating hall of fame
2020-07-19 03:23:11,160 - root - INFO - Completed generation 69; 2.1s elapsed, 2.3s avg, 1.6e+02s total. Expected time remaining: 3e+02s
2020-07-19 03:23:11,213 - root - INFO - #69 MAX:accuracy.mean: 0.83
2020-07-19 03:23:11,255 - root - DEBUG - Sampled weight [-0.88750094 -0.86710054  0.90525527 -0.41537976  1.31446492]
2020-07-19 03:23:12,341 - root - DEBUG - Updating hall of fame
2020-07-19 03:23:13,303 - root - INFO - Completed generation 70; 2.1s elapsed, 2.3s avg, 1.6e+02s total. Expected time remaining: 3e+02s
2020-07-19 03:23:13,356 - root - INFO - #70 MAX:accuracy.mean: 0.86
2020-07-19 03:23:13,463 - root - DEBUG - Sampled weight [ 0.93614595  0.15353435 -0.24860727 -0.29198932  0.97363013]
2020-07-19 03:23:14,544 - root - DEBUG - Updating hall of fame
2020-07-19 03:23:15,515 - root - INFO - Completed generation 71; 2.1s elapsed, 2.3s avg, 1.6e+02s total. Expected time remaining: 3e+02s
2020-07-19 03:23:15,569 - root - INFO - #71 MAX:accuracy.mean: 0.83
2020-07-19 03:23:15,611 - root - DEBUG - Sampled weight [-1.22818558 -1.73417245  1.81282364 -0.44030131  0.58526298]
2020-07-19 03:23:16,699 - root - DEBUG - Updating hall of fame
2020-07-19 03:23:17,668 - root - INFO - Completed generation 72; 2.1s elapsed, 2.3s avg, 1.6e+02s total. Expected time remaining: 2.9e+02s
2020-07-19 03:23:17,721 - root - INFO - #72 MAX:accuracy.mean: 0.83
2020-07-19 03:23:17,762 - root - DEBUG - Sampled weight [-1.5800687  -0.40716236  0.47187319  0.16771928 -0.7861045 ]
2020-07-19 03:23:18,848 - root - DEBUG - Updating hall of fame
2020-07-19 03:23:19,990 - root - INFO - Completed generation 73; 2.3s elapsed, 2.3s avg, 1.7e+02s total. Expected time remaining: 2.9e+02s
2020-07-19 03:23:20,043 - root - INFO - #73 MAX:accuracy.mean: 0.82
2020-07-19 03:23:20,084 - root - DEBUG - Sampled weight [-1.4927421  -0.52541718 -0.67802468  1.9393726   1.81372421]
2020-07-19 03:23:21,175 - root - DEBUG - Updating hall of fame
2020-07-19 03:23:21,767 - root - INFO - Completed generation 74; 1.7s elapsed, 2.3s avg, 1.7e+02s total. Expected time remaining: 2.9e+02s
2020-07-19 03:23:21,820 - root - INFO - #74 MAX:accuracy.mean: 0.85
2020-07-19 03:23:21,860 - root - DEBUG - Sampled weight [-1.79073097 -1.9231153  -1.41348044  1.72694504  1.04352104]
2020-07-19 03:23:22,979 - root - DEBUG - Updating hall of fame
2020-07-19 03:23:24,182 - root - INFO - Completed generation 75; 2.4s elapsed, 2.3s avg, 1.7e+02s total. Expected time remaining: 2.9e+02s
2020-07-19 03:23:24,238 - root - INFO - #75 MAX:accuracy.mean: 0.93
2020-07-19 03:23:24,282 - root - DEBUG - Sampled weight [-0.72670363 -0.08275506 -1.32489728 -1.12628577  1.66858332]
2020-07-19 03:23:25,453 - root - DEBUG - Updating hall of fame
2020-07-19 03:23:26,264 - root - INFO - Completed generation 76; 2.0s elapsed, 2.3s avg, 1.7e+02s total. Expected time remaining: 2.8e+02s
2020-07-19 03:23:26,317 - root - INFO - #76 MAX:accuracy.mean: 0.85
2020-07-19 03:23:26,359 - root - DEBUG - Sampled weight [-0.85192746  0.90628229  0.1363682  -0.25195763  1.53130584]
2020-07-19 03:23:27,436 - root - DEBUG - Updating hall of fame
2020-07-19 03:23:28,022 - root - INFO - Completed generation 77; 1.7s elapsed, 2.3s avg, 1.8e+02s total. Expected time remaining: 2.8e+02s
2020-07-19 03:23:28,074 - root - INFO - #77 MAX:accuracy.mean: 0.82
2020-07-19 03:23:28,116 - root - DEBUG - Sampled weight [ 1.02508968  1.14331755  1.16629938  0.82771331 -1.43684449]
2020-07-19 03:23:29,205 - root - DEBUG - Updating hall of fame
2020-07-19 03:23:29,780 - root - INFO - Completed generation 78; 1.7s elapsed, 2.3s avg, 1.8e+02s total. Expected time remaining: 2.8e+02s
2020-07-19 03:23:29,833 - root - INFO - #78 MAX:accuracy.mean: 0.91
2020-07-19 03:23:29,874 - root - DEBUG - Sampled weight [-1.76621516 -1.65100381 -1.19212201  1.24149836 -1.10500919]
2020-07-19 03:23:30,953 - root - DEBUG - Updating hall of fame
2020-07-19 03:23:32,282 - root - INFO - Completed generation 79; 2.4s elapsed, 2.3s avg, 1.8e+02s total. Expected time remaining: 2.7e+02s
2020-07-19 03:23:32,335 - root - INFO - #79 MAX:accuracy.mean: 0.93
2020-07-19 03:23:32,377 - root - DEBUG - Sampled weight [-0.66434446  1.63157839  0.84233331  1.77864101  1.67271782]
2020-07-19 03:23:33,465 - root - DEBUG - Updating hall of fame
2020-07-19 03:23:34,409 - root - INFO - Completed generation 80; 2.1s elapsed, 2.3s avg, 1.8e+02s total. Expected time remaining: 2.7e+02s
2020-07-19 03:23:34,462 - root - INFO - #80 MAX:accuracy.mean: 0.88
2020-07-19 03:23:34,560 - root - DEBUG - Sampled weight [ 1.8176381   0.77361693  1.16862321 -1.97250513  0.68995429]
2020-07-19 03:23:35,652 - root - DEBUG - Updating hall of fame
2020-07-19 03:23:36,615 - root - INFO - Completed generation 81; 2.1s elapsed, 2.3s avg, 1.8e+02s total. Expected time remaining: 2.7e+02s
2020-07-19 03:23:36,668 - root - INFO - #81 MAX:accuracy.mean: 0.87
2020-07-19 03:23:36,709 - root - DEBUG - Sampled weight [ 1.20443535 -1.23038981  0.70173405  0.99777784 -0.50096761]
2020-07-19 03:23:37,802 - root - DEBUG - Updating hall of fame
2020-07-19 03:23:39,147 - root - INFO - Completed generation 82; 2.5s elapsed, 2.3s avg, 1.9e+02s total. Expected time remaining: 2.7e+02s
2020-07-19 03:23:39,200 - root - INFO - #82 MAX:accuracy.mean: 0.84
2020-07-19 03:23:39,241 - root - DEBUG - Sampled weight [-1.02791214 -0.1667956   0.96670979  1.60277124  1.02425539]
2020-07-19 03:23:40,340 - root - DEBUG - Updating hall of fame
2020-07-19 03:23:41,127 - root - INFO - Completed generation 83; 1.9s elapsed, 2.3s avg, 1.9e+02s total. Expected time remaining: 2.6e+02s
2020-07-19 03:23:41,181 - root - INFO - #83 MAX:accuracy.mean: 0.87
2020-07-19 03:23:41,223 - root - DEBUG - Sampled weight [ 0.80197056 -1.42478143 -1.33759381  0.16299115  0.80398349]
2020-07-19 03:23:42,336 - root - DEBUG - Updating hall of fame
2020-07-19 03:23:43,320 - root - INFO - Completed generation 84; 2.1s elapsed, 2.3s avg, 1.9e+02s total. Expected time remaining: 2.6e+02s
2020-07-19 03:23:43,373 - root - INFO - #84 MAX:accuracy.mean: 0.85
2020-07-19 03:23:43,414 - root - DEBUG - Sampled weight [ 1.28995244  0.86886739 -1.3422513   0.12192439  1.50773791]
2020-07-19 03:23:44,513 - root - DEBUG - Updating hall of fame
2020-07-19 03:23:45,109 - root - INFO - Completed generation 85; 1.7s elapsed, 2.3s avg, 1.9e+02s total. Expected time remaining: 2.6e+02s
2020-07-19 03:23:45,162 - root - INFO - #85 MAX:accuracy.mean: 0.87
2020-07-19 03:23:45,203 - root - DEBUG - Sampled weight [ 1.19295394 -0.5712713  -0.87848125 -1.71788754  0.51352392]
2020-07-19 03:23:46,294 - root - DEBUG - Updating hall of fame
2020-07-19 03:23:47,256 - root - INFO - Completed generation 86; 2.1s elapsed, 2.3s avg, 1.9e+02s total. Expected time remaining: 2.6e+02s
2020-07-19 03:23:47,309 - root - INFO - #86 MAX:accuracy.mean: 0.84
2020-07-19 03:23:47,350 - root - DEBUG - Sampled weight [ 1.62480389 -1.2028213  -1.0512287  -1.22466223  1.44215988]
2020-07-19 03:23:48,449 - root - DEBUG - Updating hall of fame
2020-07-19 03:23:49,030 - root - INFO - Completed generation 87; 1.7s elapsed, 2.2s avg, 2e+02s total. Expected time remaining: 2.5e+02s
2020-07-19 03:23:49,082 - root - INFO - #87 MAX:accuracy.mean: 0.93
2020-07-19 03:23:49,123 - root - DEBUG - Sampled weight [-1.92376989 -1.82645981 -0.10029789 -0.77611374  1.85149843]
2020-07-19 03:23:50,216 - root - DEBUG - Updating hall of fame
2020-07-19 03:23:51,541 - root - INFO - Completed generation 88; 2.5s elapsed, 2.2s avg, 2e+02s total. Expected time remaining: 2.5e+02s
2020-07-19 03:23:51,595 - root - INFO - #88 MAX:accuracy.mean: 0.87
2020-07-19 03:23:51,635 - root - DEBUG - Sampled weight [-1.39644958  1.65466499  1.93292029  1.87808187 -0.10632795]
2020-07-19 03:23:52,736 - root - DEBUG - Updating hall of fame
2020-07-19 03:23:53,910 - root - INFO - Completed generation 89; 2.3s elapsed, 2.2s avg, 2e+02s total. Expected time remaining: 2.5e+02s
2020-07-19 03:23:53,963 - root - INFO - #89 MAX:accuracy.mean: 0.89
2020-07-19 03:23:54,004 - root - DEBUG - Sampled weight [ 0.28864264  0.80871526 -1.57712487  0.00706649  0.24167286]
2020-07-19 03:23:55,112 - root - DEBUG - Updating hall of fame
2020-07-19 03:23:56,259 - root - INFO - Completed generation 90; 2.3s elapsed, 2.3s avg, 2e+02s total. Expected time remaining: 2.5e+02s
2020-07-19 03:23:56,312 - root - INFO - #90 MAX:accuracy.mean: 0.84
2020-07-19 03:23:56,465 - root - DEBUG - Sampled weight [ 0.08971842 -0.01757817 -0.97844216  0.10524905 -0.07644099]
2020-07-19 03:23:57,567 - root - DEBUG - Updating hall of fame
2020-07-19 03:23:57,761 - root - INFO - Completed generation 91; 1.3s elapsed, 2.2s avg, 2e+02s total. Expected time remaining: 2.4e+02s
2020-07-19 03:23:57,814 - root - INFO - #91 MAX:accuracy.mean: 0.83
2020-07-19 03:23:57,856 - root - DEBUG - Sampled weight [ 0.67106656 -0.97954555  0.96113677 -1.94916656 -1.49147037]
2020-07-19 03:23:58,962 - root - DEBUG - Updating hall of fame
2020-07-19 03:23:59,172 - root - INFO - Completed generation 92; 1.4s elapsed, 2.2s avg, 2.1e+02s total. Expected time remaining: 2.4e+02s
2020-07-19 03:23:59,224 - root - INFO - #92 MAX:accuracy.mean: 0.89
2020-07-19 03:23:59,266 - root - DEBUG - Sampled weight [-1.40130089  1.93412402  1.9729765   1.43059903 -0.11252979]
2020-07-19 03:24:00,360 - root - DEBUG - Updating hall of fame
2020-07-19 03:24:01,692 - root - INFO - Completed generation 93; 2.5s elapsed, 2.2s avg, 2.1e+02s total. Expected time remaining: 2.4e+02s
2020-07-19 03:24:01,745 - root - INFO - #93 MAX:accuracy.mean: 0.88
2020-07-19 03:24:01,787 - root - DEBUG - Sampled weight [-0.29298026  0.45221705 -0.91154234 -1.96608893 -1.19434564]
2020-07-19 03:24:02,955 - root - DEBUG - Updating hall of fame
2020-07-19 03:24:03,551 - root - INFO - Completed generation 94; 1.8s elapsed, 2.2s avg, 2.1e+02s total. Expected time remaining: 2.4e+02s
2020-07-19 03:24:03,607 - root - INFO - #94 MAX:accuracy.mean: 0.85
2020-07-19 03:24:03,652 - root - DEBUG - Sampled weight [-1.79944    -1.30021198  0.55946975 -1.40484523 -0.6534353 ]
2020-07-19 03:24:04,820 - root - DEBUG - Updating hall of fame
2020-07-19 03:24:05,847 - root - INFO - Completed generation 95; 2.2s elapsed, 2.2s avg, 2.1e+02s total. Expected time remaining: 2.3e+02s
2020-07-19 03:24:05,901 - root - INFO - #95 MAX:accuracy.mean: 0.87
2020-07-19 03:24:05,942 - root - DEBUG - Sampled weight [ 0.52881151 -0.39536562 -0.13980379  0.93733549 -1.75870509]
2020-07-19 03:24:07,044 - root - DEBUG - Updating hall of fame
2020-07-19 03:24:08,003 - root - INFO - Completed generation 96; 2.1s elapsed, 2.2s avg, 2.1e+02s total. Expected time remaining: 2.3e+02s
2020-07-19 03:24:08,056 - root - INFO - #96 MAX:accuracy.mean: 0.84
2020-07-19 03:24:08,097 - root - DEBUG - Sampled weight [ 1.29167955  1.94740922  1.63344846  1.87033042 -1.79637571]
2020-07-19 03:24:09,200 - root - DEBUG - Updating hall of fame
2020-07-19 03:24:09,952 - root - INFO - Completed generation 97; 1.9s elapsed, 2.2s avg, 2.2e+02s total. Expected time remaining: 2.3e+02s
2020-07-19 03:24:10,005 - root - INFO - #97 MAX:accuracy.mean: 0.93
2020-07-19 03:24:10,048 - root - DEBUG - Sampled weight [ 1.16477946  0.76509501 -1.94031522 -0.53053645 -1.76155143]
2020-07-19 03:24:11,140 - root - DEBUG - Updating hall of fame
2020-07-19 03:24:12,261 - root - INFO - Completed generation 98; 2.3s elapsed, 2.2s avg, 2.2e+02s total. Expected time remaining: 2.3e+02s
2020-07-19 03:24:12,315 - root - INFO - #98 MAX:accuracy.mean: 0.82
2020-07-19 03:24:12,356 - root - DEBUG - Sampled weight [-0.40692181 -0.70604589  1.51897715  0.77106558 -1.77432082]
2020-07-19 03:24:13,465 - root - DEBUG - Updating hall of fame
2020-07-19 03:24:14,028 - root - INFO - Completed generation 99; 1.7s elapsed, 2.2s avg, 2.2e+02s total. Expected time remaining: 2.2e+02s
2020-07-19 03:24:14,081 - root - INFO - #99 MAX:accuracy.mean: 0.84
2020-07-19 03:24:14,123 - root - DEBUG - Sampled weight [ 1.41558663 -1.44621874  0.18336176  0.17096562 -0.43487528]
2020-07-19 03:24:15,239 - root - DEBUG - Updating hall of fame
2020-07-19 03:24:15,815 - root - INFO - Completed generation 100; 1.7s elapsed, 2.2s avg, 2.2e+02s total. Expected time remaining: 2.2e+02s
2020-07-19 03:24:15,868 - root - INFO - #100 MAX:accuracy.mean: 0.81
2020-07-19 03:24:15,988 - root - DEBUG - Sampled weight [ 0.2732298  -1.19986121  1.75354708  1.44124645  1.49408242]
2020-07-19 03:24:17,087 - root - DEBUG - Updating hall of fame
2020-07-19 03:24:17,270 - root - INFO - Completed generation 101; 1.3s elapsed, 2.2s avg, 2.2e+02s total. Expected time remaining: 2.2e+02s
2020-07-19 03:24:17,323 - root - INFO - #101 MAX:accuracy.mean: 0.87
2020-07-19 03:24:17,364 - root - DEBUG - Sampled weight [ 0.80017662 -1.27585304  0.04117716  1.60954324 -0.61452495]
2020-07-19 03:24:18,468 - root - DEBUG - Updating hall of fame
2020-07-19 03:24:19,414 - root - INFO - Completed generation 102; 2.1s elapsed, 2.2s avg, 2.2e+02s total. Expected time remaining: 2.2e+02s
2020-07-19 03:24:19,467 - root - INFO - #102 MAX:accuracy.mean: 0.82
2020-07-19 03:24:19,509 - root - DEBUG - Sampled weight [ 0.90508984  1.36980865 -0.8686808  -0.28417407 -0.35961014]
2020-07-19 03:24:20,617 - root - DEBUG - Updating hall of fame
2020-07-19 03:24:21,004 - root - INFO - Completed generation 103; 1.5s elapsed, 2.2s avg, 2.3e+02s total. Expected time remaining: 2.1e+02s
2020-07-19 03:24:21,057 - root - INFO - #103 MAX:accuracy.mean: 0.82
2020-07-19 03:24:21,098 - root - DEBUG - Sampled weight [-1.47773902  1.83252356 -1.63951386  0.24622101  1.10097147]
2020-07-19 03:24:22,200 - root - DEBUG - Updating hall of fame
2020-07-19 03:24:22,393 - root - INFO - Completed generation 104; 1.3s elapsed, 2.2s avg, 2.3e+02s total. Expected time remaining: 2.1e+02s
2020-07-19 03:24:22,446 - root - INFO - #104 MAX:accuracy.mean: 0.88
2020-07-19 03:24:22,488 - root - DEBUG - Sampled weight [-1.72380768 -0.24907887 -1.51407874 -0.45044968  1.11848922]
2020-07-19 03:24:23,593 - root - DEBUG - Updating hall of fame
2020-07-19 03:24:24,355 - root - INFO - Completed generation 105; 1.9s elapsed, 2.2s avg, 2.3e+02s total. Expected time remaining: 2.1e+02s
2020-07-19 03:24:24,408 - root - INFO - #105 MAX:accuracy.mean: 0.83
2020-07-19 03:24:24,450 - root - DEBUG - Sampled weight [ 0.42611296  1.79667473  1.04609572 -0.99414818  1.77258111]
2020-07-19 03:24:25,557 - root - DEBUG - Updating hall of fame
2020-07-19 03:24:25,750 - root - INFO - Completed generation 106; 1.3s elapsed, 2.2s avg, 2.3e+02s total. Expected time remaining: 2e+02s
2020-07-19 03:24:25,803 - root - INFO - #106 MAX:accuracy.mean: 0.87
2020-07-19 03:24:25,845 - root - DEBUG - Sampled weight [-0.23231585  1.35329575  0.48265857 -0.53416692  0.81129654]
2020-07-19 03:24:26,955 - root - DEBUG - Updating hall of fame
2020-07-19 03:24:27,720 - root - INFO - Completed generation 107; 1.9s elapsed, 2.2s avg, 2.3e+02s total. Expected time remaining: 2e+02s
2020-07-19 03:24:27,773 - root - INFO - #107 MAX:accuracy.mean: 0.83
2020-07-19 03:24:27,814 - root - DEBUG - Sampled weight [-1.81258664 -0.20210281  0.55149187 -1.74084793 -1.2103561 ]
2020-07-19 03:24:28,914 - root - DEBUG - Updating hall of fame
2020-07-19 03:24:29,098 - root - INFO - Completed generation 108; 1.3s elapsed, 2.2s avg, 2.3e+02s total. Expected time remaining: 2e+02s
2020-07-19 03:24:29,151 - root - INFO - #108 MAX:accuracy.mean: 0.86
2020-07-19 03:24:29,194 - root - DEBUG - Sampled weight [-0.50625217  1.32848753 -0.9057121   1.00141177 -0.98125131]
2020-07-19 03:24:30,306 - root - DEBUG - Updating hall of fame
2020-07-19 03:24:31,070 - root - INFO - Completed generation 109; 1.9s elapsed, 2.2s avg, 2.4e+02s total. Expected time remaining: 2e+02s
2020-07-19 03:24:31,123 - root - INFO - #109 MAX:accuracy.mean: 0.85
2020-07-19 03:24:31,164 - root - DEBUG - Sampled weight [ 0.75880096  1.8107402  -0.95470553 -0.97788719  0.41634802]
2020-07-19 03:24:32,272 - root - DEBUG - Updating hall of fame
2020-07-19 03:24:32,660 - root - INFO - Completed generation 110; 1.5s elapsed, 2.2s avg, 2.4e+02s total. Expected time remaining: 1.9e+02s
2020-07-19 03:24:32,714 - root - INFO - #110 MAX:accuracy.mean: 0.83
2020-07-19 03:24:32,817 - root - DEBUG - Sampled weight [ 0.81522406  1.85362966  0.56088564 -1.04010095  1.20989898]
2020-07-19 03:24:33,923 - root - DEBUG - Updating hall of fame
2020-07-19 03:24:34,107 - root - INFO - Completed generation 111; 1.3s elapsed, 2.2s avg, 2.4e+02s total. Expected time remaining: 1.9e+02s
2020-07-19 03:24:34,160 - root - INFO - #111 MAX:accuracy.mean: 0.84
2020-07-19 03:24:34,202 - root - DEBUG - Sampled weight [ 0.23085984  0.74698134  1.66793821 -0.86886202  0.57397416]
2020-07-19 03:24:35,300 - root - DEBUG - Updating hall of fame
2020-07-19 03:24:35,867 - root - INFO - Completed generation 112; 1.7s elapsed, 2.1s avg, 2.4e+02s total. Expected time remaining: 1.9e+02s
2020-07-19 03:24:35,920 - root - INFO - #112 MAX:accuracy.mean: 0.82
2020-07-19 03:24:35,962 - root - DEBUG - Sampled weight [-1.71135416  1.31760148 -1.75403993 -0.58711101  1.98929754]
2020-07-19 03:24:37,065 - root - DEBUG - Updating hall of fame
2020-07-19 03:24:37,066 - root - INFO - Completed generation 113; 1.1s elapsed, 2.1s avg, 2.4e+02s total. Expected time remaining: 1.9e+02s
2020-07-19 03:24:37,119 - root - INFO - #113 MAX:accuracy.mean: 0.88
2020-07-19 03:24:37,161 - root - DEBUG - Sampled weight [-1.4742627  -1.99438533  0.764678   -0.15078857  0.91016942]
2020-07-19 03:24:38,259 - root - DEBUG - Updating hall of fame
2020-07-19 03:24:39,012 - root - INFO - Completed generation 114; 1.9s elapsed, 2.1s avg, 2.4e+02s total. Expected time remaining: 1.8e+02s
2020-07-19 03:24:39,064 - root - INFO - #114 MAX:accuracy.mean: 0.86
2020-07-19 03:24:39,107 - root - DEBUG - Sampled weight [-1.65493654  1.00874553  1.64053875  1.88967386 -1.04455911]
2020-07-19 03:24:40,221 - root - DEBUG - Updating hall of fame
2020-07-19 03:24:40,993 - root - INFO - Completed generation 115; 1.9s elapsed, 2.1s avg, 2.5e+02s total. Expected time remaining: 1.8e+02s
2020-07-19 03:24:41,046 - root - INFO - #115 MAX:accuracy.mean: 0.92
2020-07-19 03:24:41,088 - root - DEBUG - Sampled weight [-1.89944071 -0.36313807  1.70532785 -1.20966814  1.06842195]
2020-07-19 03:24:42,199 - root - DEBUG - Updating hall of fame
2020-07-19 03:24:42,394 - root - INFO - Completed generation 116; 1.3s elapsed, 2.1s avg, 2.5e+02s total. Expected time remaining: 1.8e+02s
2020-07-19 03:24:42,447 - root - INFO - #116 MAX:accuracy.mean: 0.87
2020-07-19 03:24:42,489 - root - DEBUG - Sampled weight [1.28024119 1.25245823 1.71676513 1.93881177 0.58565998]
2020-07-19 03:24:43,607 - root - DEBUG - Updating hall of fame
2020-07-19 03:24:44,190 - root - INFO - Completed generation 117; 1.7s elapsed, 2.1s avg, 2.5e+02s total. Expected time remaining: 1.8e+02s
2020-07-19 03:24:44,243 - root - INFO - #117 MAX:accuracy.mean: 0.88
2020-07-19 03:24:44,285 - root - DEBUG - Sampled weight [ 1.79101411 -1.57344542  1.30678388 -0.99776592 -0.14480421]
2020-07-19 03:24:45,403 - root - DEBUG - Updating hall of fame
2020-07-19 03:24:45,794 - root - INFO - Completed generation 118; 1.6s elapsed, 2.1s avg, 2.5e+02s total. Expected time remaining: 1.7e+02s
2020-07-19 03:24:45,847 - root - INFO - #118 MAX:accuracy.mean: 0.88
2020-07-19 03:24:45,888 - root - DEBUG - Sampled weight [ 0.93020076 -1.98851601 -1.02086899  1.70111496  0.57648406]
2020-07-19 03:24:47,005 - root - DEBUG - Updating hall of fame
2020-07-19 03:24:47,371 - root - INFO - Completed generation 119; 1.5s elapsed, 2.1s avg, 2.5e+02s total. Expected time remaining: 1.7e+02s
2020-07-19 03:24:47,425 - root - INFO - #119 MAX:accuracy.mean: 0.87
2020-07-19 03:24:47,466 - root - DEBUG - Sampled weight [ 0.77706134  1.18110377 -1.36789483 -1.26156727  1.82563435]
2020-07-19 03:24:48,588 - root - DEBUG - Updating hall of fame
2020-07-19 03:24:49,563 - root - INFO - Completed generation 120; 2.1s elapsed, 2.1s avg, 2.5e+02s total. Expected time remaining: 1.7e+02s
2020-07-19 03:24:49,616 - root - INFO - #120 MAX:accuracy.mean: 0.9
2020-07-19 03:24:49,756 - root - DEBUG - Sampled weight [-0.10527549 -1.54584095 -0.4418637   0.2705579  -1.21342688]
2020-07-19 03:24:50,880 - root - DEBUG - Updating hall of fame
2020-07-19 03:24:51,268 - root - INFO - Completed generation 121; 1.6s elapsed, 2.1s avg, 2.6e+02s total. Expected time remaining: 1.7e+02s
2020-07-19 03:24:51,321 - root - INFO - #121 MAX:accuracy.mean: 0.83
2020-07-19 03:24:51,363 - root - DEBUG - Sampled weight [-0.06543104  1.55218786 -1.81274658  1.26798899  0.40024264]
2020-07-19 03:24:52,469 - root - DEBUG - Updating hall of fame
2020-07-19 03:24:52,653 - root - INFO - Completed generation 122; 1.3s elapsed, 2.1s avg, 2.6e+02s total. Expected time remaining: 1.6e+02s
2020-07-19 03:24:52,706 - root - INFO - #122 MAX:accuracy.mean: 0.83
2020-07-19 03:24:52,747 - root - DEBUG - Sampled weight [ 1.10685721 -0.37122477 -0.90047894  1.16144473  1.72913881]
2020-07-19 03:24:53,853 - root - DEBUG - Updating hall of fame
2020-07-19 03:24:54,051 - root - INFO - Completed generation 123; 1.3s elapsed, 2.1s avg, 2.6e+02s total. Expected time remaining: 1.6e+02s
2020-07-19 03:24:54,104 - root - INFO - #123 MAX:accuracy.mean: 0.87
2020-07-19 03:24:54,146 - root - DEBUG - Sampled weight [ 0.71746566  1.1728605  -0.89736472  1.30433803 -0.17882587]
2020-07-19 03:24:55,268 - root - DEBUG - Updating hall of fame
2020-07-19 03:24:55,839 - root - INFO - Completed generation 124; 1.7s elapsed, 2.1s avg, 2.6e+02s total. Expected time remaining: 1.6e+02s
2020-07-19 03:24:55,892 - root - INFO - #124 MAX:accuracy.mean: 0.83
2020-07-19 03:24:55,935 - root - DEBUG - Sampled weight [-0.766818    0.54076326  0.28839712  1.81852555 -0.19321434]
2020-07-19 03:24:57,055 - root - DEBUG - Updating hall of fame
2020-07-19 03:24:57,055 - root - INFO - Completed generation 125; 1.2s elapsed, 2.1s avg, 2.6e+02s total. Expected time remaining: 1.6e+02s
2020-07-19 03:24:57,108 - root - INFO - #125 MAX:accuracy.mean: 0.81
2020-07-19 03:24:57,149 - root - DEBUG - Sampled weight [-0.19809732  1.89187681  0.97677248 -0.92468596 -1.98511339]
2020-07-19 03:24:58,265 - root - DEBUG - Updating hall of fame
2020-07-19 03:24:58,266 - root - INFO - Completed generation 126; 1.2s elapsed, 2.1s avg, 2.6e+02s total. Expected time remaining: 1.5e+02s
2020-07-19 03:24:58,319 - root - INFO - #126 MAX:accuracy.mean: 0.87
2020-07-19 03:24:58,361 - root - DEBUG - Sampled weight [-0.74589904 -0.46473809 -1.34529372  0.49662634  1.44343362]
2020-07-19 03:24:59,466 - root - DEBUG - Updating hall of fame
2020-07-19 03:25:00,627 - root - INFO - Completed generation 127; 2.3s elapsed, 2.1s avg, 2.6e+02s total. Expected time remaining: 1.5e+02s
2020-07-19 03:25:00,680 - root - INFO - #127 MAX:accuracy.mean: 0.82
2020-07-19 03:25:00,722 - root - DEBUG - Sampled weight [ 0.14394988 -1.66181446 -1.23256665  1.41589715 -0.60542686]
2020-07-19 03:25:01,872 - root - DEBUG - Updating hall of fame
2020-07-19 03:25:01,873 - root - INFO - Completed generation 128; 1.2s elapsed, 2.1s avg, 2.7e+02s total. Expected time remaining: 1.5e+02s
2020-07-19 03:25:01,929 - root - INFO - #128 MAX:accuracy.mean: 0.83
2020-07-19 03:25:01,975 - root - DEBUG - Sampled weight [ 0.37111119 -1.91054364  1.45355072  1.46364555 -1.97768564]
2020-07-19 03:25:03,093 - root - DEBUG - Updating hall of fame
2020-07-19 03:25:03,674 - root - INFO - Completed generation 129; 1.7s elapsed, 2.1s avg, 2.7e+02s total. Expected time remaining: 1.5e+02s
2020-07-19 03:25:03,727 - root - INFO - #129 MAX:accuracy.mean: 0.88
2020-07-19 03:25:03,770 - root - DEBUG - Sampled weight [ 0.23181999  1.24540318 -1.95868815 -0.10909858  1.54694236]
2020-07-19 03:25:04,881 - root - DEBUG - Updating hall of fame
2020-07-19 03:25:05,462 - root - INFO - Completed generation 130; 1.7s elapsed, 2.1s avg, 2.7e+02s total. Expected time remaining: 1.4e+02s
2020-07-19 03:25:05,515 - root - INFO - #130 MAX:accuracy.mean: 0.82
2020-07-19 03:25:05,641 - root - DEBUG - Sampled weight [-1.69127882 -1.37695091  0.21783238 -0.26578575  0.79978441]
2020-07-19 03:25:06,751 - root - DEBUG - Updating hall of fame
2020-07-19 03:25:07,321 - root - INFO - Completed generation 131; 1.7s elapsed, 2.1s avg, 2.7e+02s total. Expected time remaining: 1.4e+02s
2020-07-19 03:25:07,374 - root - INFO - #131 MAX:accuracy.mean: 0.79
2020-07-19 03:25:07,416 - root - DEBUG - Sampled weight [0.36811178 0.68801413 1.93271546 0.54715172 1.13402532]
2020-07-19 03:25:08,554 - root - DEBUG - Updating hall of fame
2020-07-19 03:25:08,759 - root - INFO - Completed generation 132; 1.4s elapsed, 2.1s avg, 2.7e+02s total. Expected time remaining: 1.4e+02s
2020-07-19 03:25:08,813 - root - INFO - #132 MAX:accuracy.mean: 0.79
2020-07-19 03:25:08,857 - root - DEBUG - Sampled weight [ 0.02299797 -1.43673177 -1.88401505 -0.69273273 -0.21441454]
2020-07-19 03:25:10,008 - root - DEBUG - Updating hall of fame
2020-07-19 03:25:10,009 - root - INFO - Completed generation 133; 1.2s elapsed, 2.1s avg, 2.7e+02s total. Expected time remaining: 1.4e+02s
2020-07-19 03:25:10,064 - root - INFO - #133 MAX:accuracy.mean: 0.79
2020-07-19 03:25:10,108 - root - DEBUG - Sampled weight [ 1.94152991 -1.77573169 -1.08905786  0.94698215 -0.60286889]
2020-07-19 03:25:11,263 - root - DEBUG - Updating hall of fame
2020-07-19 03:25:11,661 - root - INFO - Completed generation 134; 1.6s elapsed, 2.1s avg, 2.8e+02s total. Expected time remaining: 1.4e+02s
2020-07-19 03:25:11,716 - root - INFO - #134 MAX:accuracy.mean: 0.82
2020-07-19 03:25:11,759 - root - DEBUG - Sampled weight [-0.58629836 -1.62229573  1.64540811  0.86675393  0.27179554]
2020-07-19 03:25:12,918 - root - DEBUG - Updating hall of fame
2020-07-19 03:25:13,724 - root - INFO - Completed generation 135; 2.0s elapsed, 2.1s avg, 2.8e+02s total. Expected time remaining: 1.3e+02s
2020-07-19 03:25:13,777 - root - INFO - #135 MAX:accuracy.mean: 0.79
2020-07-19 03:25:13,819 - root - DEBUG - Sampled weight [ 0.93010594  0.25300463 -0.73782882 -0.97960438 -0.25327562]
2020-07-19 03:25:14,932 - root - DEBUG - Updating hall of fame
2020-07-19 03:25:14,932 - root - INFO - Completed generation 136; 1.2s elapsed, 2.0s avg, 2.8e+02s total. Expected time remaining: 1.3e+02s
2020-07-19 03:25:14,985 - root - INFO - #136 MAX:accuracy.mean: 0.79
2020-07-19 03:25:15,027 - root - DEBUG - Sampled weight [ 0.16490169 -1.16143508  0.23012609 -0.08730268  1.0468145 ]
2020-07-19 03:25:16,144 - root - DEBUG - Updating hall of fame
2020-07-19 03:25:16,145 - root - INFO - Completed generation 137; 1.2s elapsed, 2.0s avg, 2.8e+02s total. Expected time remaining: 1.3e+02s
2020-07-19 03:25:16,198 - root - INFO - #137 MAX:accuracy.mean: 0.79
2020-07-19 03:25:16,240 - root - DEBUG - Sampled weight [ 1.26222753 -0.73521728  1.21969404 -1.90445783 -0.35801594]
2020-07-19 03:25:17,368 - root - DEBUG - Updating hall of fame
2020-07-19 03:25:17,368 - root - INFO - Completed generation 138; 1.2s elapsed, 2.0s avg, 2.8e+02s total. Expected time remaining: 1.3e+02s
2020-07-19 03:25:17,421 - root - INFO - #138 MAX:accuracy.mean: 0.83
2020-07-19 03:25:17,463 - root - DEBUG - Sampled weight [ 1.08863565  0.14116081  1.90232954  0.36342902 -0.80979989]
2020-07-19 03:25:18,582 - root - DEBUG - Updating hall of fame
2020-07-19 03:25:19,369 - root - INFO - Completed generation 139; 1.9s elapsed, 2.0s avg, 2.8e+02s total. Expected time remaining: 1.2e+02s
2020-07-19 03:25:19,422 - root - INFO - #139 MAX:accuracy.mean: 0.81
2020-07-19 03:25:19,462 - root - DEBUG - Sampled weight [ 1.70310948  0.49474578  1.21343908  0.9877954  -1.5987574 ]
2020-07-19 03:25:20,578 - root - DEBUG - Updating hall of fame
2020-07-19 03:25:20,578 - root - INFO - Completed generation 140; 1.2s elapsed, 2.0s avg, 2.8e+02s total. Expected time remaining: 1.2e+02s
2020-07-19 03:25:20,633 - root - INFO - #140 MAX:accuracy.mean: 0.85
2020-07-19 03:25:20,748 - root - DEBUG - Sampled weight [ 1.49781452 -0.74138242  1.14116116  1.43714654 -1.27452789]
2020-07-19 03:25:21,959 - root - DEBUG - Updating hall of fame
2020-07-19 03:25:22,780 - root - INFO - Completed generation 141; 2.1s elapsed, 2.0s avg, 2.9e+02s total. Expected time remaining: 1.2e+02s
2020-07-19 03:25:22,837 - root - INFO - #141 MAX:accuracy.mean: 0.88
2020-07-19 03:25:22,881 - root - DEBUG - Sampled weight [-1.02717459  1.40223442 -0.52370944  0.99502829 -1.01410064]
2020-07-19 03:25:24,064 - root - DEBUG - Updating hall of fame
2020-07-19 03:25:24,885 - root - INFO - Completed generation 142; 2.0s elapsed, 2.0s avg, 2.9e+02s total. Expected time remaining: 1.2e+02s
2020-07-19 03:25:24,942 - root - INFO - #142 MAX:accuracy.mean: 0.82
2020-07-19 03:25:24,986 - root - DEBUG - Sampled weight [ 1.06368565 -1.68065339  0.01946558 -0.57142488  0.88875891]
2020-07-19 03:25:26,151 - root - DEBUG - Updating hall of fame
2020-07-19 03:25:26,151 - root - INFO - Completed generation 143; 1.2s elapsed, 2.0s avg, 2.9e+02s total. Expected time remaining: 1.2e+02s
2020-07-19 03:25:26,204 - root - INFO - #143 MAX:accuracy.mean: 0.81
2020-07-19 03:25:26,246 - root - DEBUG - Sampled weight [-1.85974169 -1.09790556 -0.90743918 -0.11508364  1.90697414]
2020-07-19 03:25:27,361 - root - DEBUG - Updating hall of fame
2020-07-19 03:25:27,745 - root - INFO - Completed generation 144; 1.5s elapsed, 2.0s avg, 2.9e+02s total. Expected time remaining: 1.1e+02s
2020-07-19 03:25:27,798 - root - INFO - #144 MAX:accuracy.mean: 0.84
2020-07-19 03:25:27,838 - root - DEBUG - Sampled weight [-1.31434012 -0.93837532 -0.78707017  1.64400511 -1.73215366]
2020-07-19 03:25:28,966 - root - DEBUG - Updating hall of fame
2020-07-19 03:25:29,748 - root - INFO - Completed generation 145; 1.9s elapsed, 2.0s avg, 2.9e+02s total. Expected time remaining: 1.1e+02s
2020-07-19 03:25:29,801 - root - INFO - #145 MAX:accuracy.mean: 0.91
2020-07-19 03:25:29,843 - root - DEBUG - Sampled weight [-0.92188456 -0.46929233  0.08318215  1.33582688  1.40927287]
2020-07-19 03:25:30,964 - root - DEBUG - Updating hall of fame
2020-07-19 03:25:31,735 - root - INFO - Completed generation 146; 1.9s elapsed, 2.0s avg, 2.9e+02s total. Expected time remaining: 1.1e+02s
2020-07-19 03:25:31,788 - root - INFO - #146 MAX:accuracy.mean: 0.84
2020-07-19 03:25:31,831 - root - DEBUG - Sampled weight [1.59855167 1.23258519 0.57316935 0.16238401 0.4757351 ]
2020-07-19 03:25:32,968 - root - DEBUG - Updating hall of fame
2020-07-19 03:25:33,166 - root - INFO - Completed generation 147; 1.4s elapsed, 2.0s avg, 3e+02s total. Expected time remaining: 1.1e+02s
2020-07-19 03:25:33,219 - root - INFO - #147 MAX:accuracy.mean: 0.84
2020-07-19 03:25:33,263 - root - DEBUG - Sampled weight [-0.45841544 -1.07920475 -1.9627443  -1.16687592 -0.41513029]
2020-07-19 03:25:34,407 - root - DEBUG - Updating hall of fame
2020-07-19 03:25:34,804 - root - INFO - Completed generation 148; 1.6s elapsed, 2.0s avg, 3e+02s total. Expected time remaining: 1e+02s
2020-07-19 03:25:34,857 - root - INFO - #148 MAX:accuracy.mean: 0.84
2020-07-19 03:25:34,901 - root - DEBUG - Sampled weight [-1.30544701 -0.66902859 -0.46683929 -0.48509846 -1.24165061]
2020-07-19 03:25:36,026 - root - DEBUG - Updating hall of fame
2020-07-19 03:25:36,605 - root - INFO - Completed generation 149; 1.7s elapsed, 2.0s avg, 3e+02s total. Expected time remaining: 1e+02s
2020-07-19 03:25:36,658 - root - INFO - #149 MAX:accuracy.mean: 0.83
2020-07-19 03:25:36,701 - root - DEBUG - Sampled weight [-1.10500325 -1.8565561   1.11094893  0.71528284  0.49899284]
2020-07-19 03:25:37,850 - root - DEBUG - Updating hall of fame
2020-07-19 03:25:38,066 - root - INFO - Completed generation 150; 1.4s elapsed, 2.0s avg, 3e+02s total. Expected time remaining: 1e+02s
2020-07-19 03:25:38,119 - root - INFO - #150 MAX:accuracy.mean: 0.83
2020-07-19 03:25:38,283 - root - DEBUG - Sampled weight [ 0.8861805   0.13630997 -1.6288312  -0.69258885 -0.58274669]
2020-07-19 03:25:39,422 - root - DEBUG - Updating hall of fame
2020-07-19 03:25:39,825 - root - INFO - Completed generation 151; 1.6s elapsed, 2.0s avg, 3e+02s total. Expected time remaining: 9.8e+01s
2020-07-19 03:25:39,878 - root - INFO - #151 MAX:accuracy.mean: 0.82
2020-07-19 03:25:39,921 - root - DEBUG - Sampled weight [-0.76482916  0.81210722  0.68126781  0.14354393 -0.99072644]
2020-07-19 03:25:41,055 - root - DEBUG - Updating hall of fame
2020-07-19 03:25:41,055 - root - INFO - Completed generation 152; 1.2s elapsed, 2.0s avg, 3e+02s total. Expected time remaining: 9.6e+01s
2020-07-19 03:25:41,108 - root - INFO - #152 MAX:accuracy.mean: 0.82
2020-07-19 03:25:41,151 - root - DEBUG - Sampled weight [ 0.03417513 -0.03454939 -0.54487691 -0.74959756  0.27132379]
2020-07-19 03:25:42,287 - root - DEBUG - Updating hall of fame
2020-07-19 03:25:42,287 - root - INFO - Completed generation 153; 1.2s elapsed, 2.0s avg, 3e+02s total. Expected time remaining: 9.4e+01s
2020-07-19 03:25:42,340 - root - INFO - #153 MAX:accuracy.mean: 0.81
2020-07-19 03:25:42,381 - root - DEBUG - Sampled weight [ 0.85546152 -1.74651092  1.14570617 -1.39754855  0.50476966]
2020-07-19 03:25:43,517 - root - DEBUG - Updating hall of fame
2020-07-19 03:25:43,517 - root - INFO - Completed generation 154; 1.2s elapsed, 2.0s avg, 3.1e+02s total. Expected time remaining: 9.1e+01s
2020-07-19 03:25:43,571 - root - INFO - #154 MAX:accuracy.mean: 0.86
2020-07-19 03:25:43,613 - root - DEBUG - Sampled weight [ 0.08725119  0.56072823 -1.52439039  1.82072493 -0.81430904]
2020-07-19 03:25:44,776 - root - DEBUG - Updating hall of fame
2020-07-19 03:25:45,557 - root - INFO - Completed generation 155; 2.0s elapsed, 2.0s avg, 3.1e+02s total. Expected time remaining: 8.9e+01s
2020-07-19 03:25:45,610 - root - INFO - #155 MAX:accuracy.mean: 0.83
2020-07-19 03:25:45,653 - root - DEBUG - Sampled weight [-1.43467334 -0.91129132  1.48611395 -0.27763746  1.07429506]
2020-07-19 03:25:46,816 - root - DEBUG - Updating hall of fame
2020-07-19 03:25:47,021 - root - INFO - Completed generation 156; 1.4s elapsed, 2.0s avg, 3.1e+02s total. Expected time remaining: 8.7e+01s
2020-07-19 03:25:47,074 - root - INFO - #156 MAX:accuracy.mean: 0.87
2020-07-19 03:25:47,116 - root - DEBUG - Sampled weight [ 1.55424749 -1.88074148  0.48429503 -1.21558889 -0.10713081]
2020-07-19 03:25:48,286 - root - DEBUG - Updating hall of fame
2020-07-19 03:25:49,294 - root - INFO - Completed generation 157; 2.2s elapsed, 2.0s avg, 3.1e+02s total. Expected time remaining: 8.5e+01s
2020-07-19 03:25:49,350 - root - INFO - #157 MAX:accuracy.mean: 0.83
2020-07-19 03:25:49,393 - root - DEBUG - Sampled weight [ 0.84118835 -1.49613992  0.50984511 -1.17770189 -0.04277891]
2020-07-19 03:25:50,594 - root - DEBUG - Updating hall of fame
2020-07-19 03:25:50,798 - root - INFO - Completed generation 158; 1.4s elapsed, 2.0s avg, 3.1e+02s total. Expected time remaining: 8.3e+01s
2020-07-19 03:25:50,851 - root - INFO - #158 MAX:accuracy.mean: 0.82
2020-07-19 03:25:50,894 - root - DEBUG - Sampled weight [-0.33915664  0.905093    1.64753927  0.77856541 -0.38612961]
2020-07-19 03:25:52,052 - root - DEBUG - Updating hall of fame
2020-07-19 03:25:52,250 - root - INFO - Completed generation 159; 1.4s elapsed, 2.0s avg, 3.1e+02s total. Expected time remaining: 8.1e+01s
2020-07-19 03:25:52,303 - root - INFO - #159 MAX:accuracy.mean: 0.82
2020-07-19 03:25:52,347 - root - DEBUG - Sampled weight [ 0.96190394 -0.45735909 -0.58052628  1.86338296  0.36189223]
2020-07-19 03:25:53,494 - root - DEBUG - Updating hall of fame
2020-07-19 03:25:54,088 - root - INFO - Completed generation 160; 1.8s elapsed, 2.0s avg, 3.2e+02s total. Expected time remaining: 7.9e+01s
2020-07-19 03:25:54,142 - root - INFO - #160 MAX:accuracy.mean: 0.82
2020-07-19 03:25:54,254 - root - DEBUG - Sampled weight [-1.17285311 -1.19293939  0.44310359 -1.84983193 -1.39056342]
2020-07-19 03:25:55,420 - root - DEBUG - Updating hall of fame
2020-07-19 03:25:55,828 - root - INFO - Completed generation 161; 1.6s elapsed, 2.0s avg, 3.2e+02s total. Expected time remaining: 7.7e+01s
2020-07-19 03:25:55,881 - root - INFO - #161 MAX:accuracy.mean: 0.9
2020-07-19 03:25:55,925 - root - DEBUG - Sampled weight [ 1.25940833 -1.81619255  1.21252196 -0.14604993  1.7380398 ]
2020-07-19 03:25:57,079 - root - DEBUG - Updating hall of fame
2020-07-19 03:25:57,673 - root - INFO - Completed generation 162; 1.8s elapsed, 2.0s avg, 3.2e+02s total. Expected time remaining: 7.5e+01s
2020-07-19 03:25:57,727 - root - INFO - #162 MAX:accuracy.mean: 0.86
2020-07-19 03:25:57,772 - root - DEBUG - Sampled weight [-0.70192267 -1.24923318  0.66115514 -1.78377719  1.90922533]
2020-07-19 03:25:58,948 - root - DEBUG - Updating hall of fame
2020-07-19 03:25:59,739 - root - INFO - Completed generation 163; 2.0s elapsed, 2.0s avg, 3.2e+02s total. Expected time remaining: 7.3e+01s
2020-07-19 03:25:59,792 - root - INFO - #163 MAX:accuracy.mean: 0.86
2020-07-19 03:25:59,835 - root - DEBUG - Sampled weight [ 1.42239632 -0.66105994 -0.18469143 -0.87609457 -1.59166116]
2020-07-19 03:26:00,997 - root - DEBUG - Updating hall of fame
2020-07-19 03:26:01,435 - root - INFO - Completed generation 164; 1.6s elapsed, 2.0s avg, 3.2e+02s total. Expected time remaining: 7.1e+01s
2020-07-19 03:26:01,491 - root - INFO - #164 MAX:accuracy.mean: 0.81
2020-07-19 03:26:01,537 - root - DEBUG - Sampled weight [-0.3366894  -1.08787401 -1.76551178  1.39869667 -0.44434719]
2020-07-19 03:26:02,771 - root - DEBUG - Updating hall of fame
2020-07-19 03:26:02,771 - root - INFO - Completed generation 165; 1.3s elapsed, 2.0s avg, 3.2e+02s total. Expected time remaining: 6.9e+01s
2020-07-19 03:26:02,828 - root - INFO - #165 MAX:accuracy.mean: 0.82
2020-07-19 03:26:02,875 - root - DEBUG - Sampled weight [-0.43771023 -0.15686759 -1.1246049  -0.98426458 -0.86241611]
2020-07-19 03:26:04,118 - root - DEBUG - Updating hall of fame
2020-07-19 03:26:04,537 - root - INFO - Completed generation 166; 1.7s elapsed, 2.0s avg, 3.3e+02s total. Expected time remaining: 6.7e+01s
2020-07-19 03:26:04,594 - root - INFO - #166 MAX:accuracy.mean: 0.81
2020-07-19 03:26:04,640 - root - DEBUG - Sampled weight [ 1.42684079 -1.17833375  0.08978791 -0.27152886  0.36070168]
2020-07-19 03:26:05,871 - root - DEBUG - Updating hall of fame
2020-07-19 03:26:05,872 - root - INFO - Completed generation 167; 1.3s elapsed, 2.0s avg, 3.3e+02s total. Expected time remaining: 6.5e+01s
2020-07-19 03:26:05,928 - root - INFO - #167 MAX:accuracy.mean: 0.81
2020-07-19 03:26:05,973 - root - DEBUG - Sampled weight [ 0.86858972  0.31640876 -0.72362502 -1.02277831  0.72500137]
2020-07-19 03:26:07,205 - root - DEBUG - Updating hall of fame
2020-07-19 03:26:07,205 - root - INFO - Completed generation 168; 1.3s elapsed, 2.0s avg, 3.3e+02s total. Expected time remaining: 6.3e+01s
2020-07-19 03:26:07,262 - root - INFO - #168 MAX:accuracy.mean: 0.81
2020-07-19 03:26:07,307 - root - DEBUG - Sampled weight [-0.90934169 -1.40621467 -0.4664552   0.77604965 -1.3350821 ]
2020-07-19 03:26:08,540 - root - DEBUG - Updating hall of fame
2020-07-19 03:26:08,540 - root - INFO - Completed generation 169; 1.3s elapsed, 2.0s avg, 3.3e+02s total. Expected time remaining: 6.1e+01s
2020-07-19 03:26:08,596 - root - INFO - #169 MAX:accuracy.mean: 0.86
2020-07-19 03:26:08,641 - root - DEBUG - Sampled weight [-0.90732939  0.58613921  1.86079233  1.80237117 -0.24193071]
2020-07-19 03:26:09,867 - root - DEBUG - Updating hall of fame
2020-07-19 03:26:10,673 - root - INFO - Completed generation 170; 2.1s elapsed, 2.0s avg, 3.3e+02s total. Expected time remaining: 5.9e+01s
2020-07-19 03:26:10,726 - root - INFO - #170 MAX:accuracy.mean: 0.83
2020-07-19 03:26:10,851 - root - DEBUG - Sampled weight [-1.54734464 -1.66067689 -0.15798846 -0.15045808  1.82239271]
2020-07-19 03:26:12,004 - root - DEBUG - Updating hall of fame
2020-07-19 03:26:12,618 - root - INFO - Completed generation 171; 1.8s elapsed, 2.0s avg, 3.3e+02s total. Expected time remaining: 5.7e+01s
2020-07-19 03:26:12,671 - root - INFO - #171 MAX:accuracy.mean: 0.83
2020-07-19 03:26:12,713 - root - DEBUG - Sampled weight [-0.38178     0.34061952 -1.25565791 -1.62063718  1.63501344]
2020-07-19 03:26:13,853 - root - DEBUG - Updating hall of fame
2020-07-19 03:26:14,447 - root - INFO - Completed generation 172; 1.8s elapsed, 2.0s avg, 3.4e+02s total. Expected time remaining: 5.5e+01s
2020-07-19 03:26:14,500 - root - INFO - #172 MAX:accuracy.mean: 0.86
2020-07-19 03:26:14,544 - root - DEBUG - Sampled weight [-1.10404622 -1.91783677  0.53985831  1.78809219  1.12007427]
2020-07-19 03:26:15,712 - root - DEBUG - Updating hall of fame
2020-07-19 03:26:16,318 - root - INFO - Completed generation 173; 1.8s elapsed, 2.0s avg, 3.4e+02s total. Expected time remaining: 5.3e+01s
2020-07-19 03:26:16,372 - root - INFO - #173 MAX:accuracy.mean: 0.87
2020-07-19 03:26:16,413 - root - DEBUG - Sampled weight [ 1.73383716  1.26464915  0.5334941  -0.7721646  -1.65913115]
2020-07-19 03:26:17,569 - root - DEBUG - Updating hall of fame
2020-07-19 03:26:18,185 - root - INFO - Completed generation 174; 1.8s elapsed, 1.9s avg, 3.4e+02s total. Expected time remaining: 5.1e+01s
2020-07-19 03:26:18,238 - root - INFO - #174 MAX:accuracy.mean: 0.85
2020-07-19 03:26:18,281 - root - DEBUG - Sampled weight [ 1.7923999  -1.69396181 -1.96392845  0.77002318  1.3390778 ]
2020-07-19 03:26:19,463 - root - DEBUG - Updating hall of fame
2020-07-19 03:26:20,265 - root - INFO - Completed generation 175; 2.0s elapsed, 1.9s avg, 3.4e+02s total. Expected time remaining: 4.9e+01s
2020-07-19 03:26:20,318 - root - INFO - #175 MAX:accuracy.mean: 0.89
2020-07-19 03:26:20,361 - root - DEBUG - Sampled weight [-1.77804245  0.46222578  0.48195163 -0.8890963  -0.73568927]
2020-07-19 03:26:21,515 - root - DEBUG - Updating hall of fame
2020-07-19 03:26:22,331 - root - INFO - Completed generation 176; 2.0s elapsed, 2.0s avg, 3.4e+02s total. Expected time remaining: 4.7e+01s
2020-07-19 03:26:22,384 - root - INFO - #176 MAX:accuracy.mean: 0.85
2020-07-19 03:26:22,427 - root - DEBUG - Sampled weight [ 0.88795427 -1.51713893  1.4829354  -1.78744206  0.43985248]
2020-07-19 03:26:23,567 - root - DEBUG - Updating hall of fame
2020-07-19 03:26:23,567 - root - INFO - Completed generation 177; 1.2s elapsed, 1.9s avg, 3.4e+02s total. Expected time remaining: 4.5e+01s
2020-07-19 03:26:23,620 - root - INFO - #177 MAX:accuracy.mean: 0.86
2020-07-19 03:26:23,662 - root - DEBUG - Sampled weight [ 1.5660952   1.12942031 -1.48948175 -0.5059431  -1.28901445]
2020-07-19 03:26:24,834 - root - DEBUG - Updating hall of fame
2020-07-19 03:26:25,437 - root - INFO - Completed generation 178; 1.8s elapsed, 1.9s avg, 3.5e+02s total. Expected time remaining: 4.3e+01s
2020-07-19 03:26:25,490 - root - INFO - #178 MAX:accuracy.mean: 0.89
2020-07-19 03:26:25,533 - root - DEBUG - Sampled weight [ 1.99776395 -0.69721079 -0.98048739  1.24453729 -1.38740527]
2020-07-19 03:26:26,709 - root - DEBUG - Updating hall of fame
2020-07-19 03:26:26,942 - root - INFO - Completed generation 179; 1.5s elapsed, 1.9s avg, 3.5e+02s total. Expected time remaining: 4.1e+01s
2020-07-19 03:26:26,995 - root - INFO - #179 MAX:accuracy.mean: 0.85
2020-07-19 03:26:27,038 - root - DEBUG - Sampled weight [ 1.77912187 -1.4150045   1.64946336 -1.47020046  0.26011171]
2020-07-19 03:26:28,213 - root - DEBUG - Updating hall of fame
2020-07-19 03:26:28,214 - root - INFO - Completed generation 180; 1.2s elapsed, 1.9s avg, 3.5e+02s total. Expected time remaining: 3.9e+01s
2020-07-19 03:26:28,267 - root - INFO - #180 MAX:accuracy.mean: 0.89
2020-07-19 03:26:28,384 - root - DEBUG - Sampled weight [-0.28969615 -0.94122424 -1.86739433  1.09010394  1.69606033]
2020-07-19 03:26:29,524 - root - DEBUG - Updating hall of fame
2020-07-19 03:26:30,120 - root - INFO - Completed generation 181; 1.8s elapsed, 1.9s avg, 3.5e+02s total. Expected time remaining: 3.7e+01s
2020-07-19 03:26:30,174 - root - INFO - #181 MAX:accuracy.mean: 0.86
2020-07-19 03:26:30,215 - root - DEBUG - Sampled weight [ 0.31646191 -1.58476573 -1.80663377  1.4558222   1.45796115]
2020-07-19 03:26:31,384 - root - DEBUG - Updating hall of fame
2020-07-19 03:26:31,384 - root - INFO - Completed generation 182; 1.2s elapsed, 1.9s avg, 3.5e+02s total. Expected time remaining: 3.5e+01s
2020-07-19 03:26:31,437 - root - INFO - #182 MAX:accuracy.mean: 0.87
2020-07-19 03:26:31,480 - root - DEBUG - Sampled weight [ 0.15002603  1.53745432 -0.03076458  1.85635751 -1.21006386]
2020-07-19 03:26:32,632 - root - DEBUG - Updating hall of fame
2020-07-19 03:26:33,018 - root - INFO - Completed generation 183; 1.6s elapsed, 1.9s avg, 3.5e+02s total. Expected time remaining: 3.3e+01s
2020-07-19 03:26:33,071 - root - INFO - #183 MAX:accuracy.mean: 0.83
2020-07-19 03:26:33,115 - root - DEBUG - Sampled weight [ 0.18005638 -1.05883184  0.75570948  1.16724593 -0.62581012]
2020-07-19 03:26:34,277 - root - DEBUG - Updating hall of fame
2020-07-19 03:26:34,485 - root - INFO - Completed generation 184; 1.4s elapsed, 1.9s avg, 3.5e+02s total. Expected time remaining: 3.1e+01s
2020-07-19 03:26:34,537 - root - INFO - #184 MAX:accuracy.mean: 0.82
2020-07-19 03:26:34,580 - root - DEBUG - Sampled weight [ 0.85308324  0.96987944 -1.09751107  1.34830591  1.47362307]
2020-07-19 03:26:35,733 - root - DEBUG - Updating hall of fame
2020-07-19 03:26:35,734 - root - INFO - Completed generation 185; 1.2s elapsed, 1.9s avg, 3.6e+02s total. Expected time remaining: 2.9e+01s
2020-07-19 03:26:35,787 - root - INFO - #185 MAX:accuracy.mean: 0.89
2020-07-19 03:26:35,829 - root - DEBUG - Sampled weight [-1.4357287  -1.41425283 -0.06249211  0.41733267  0.98690523]
2020-07-19 03:26:36,973 - root - DEBUG - Updating hall of fame
2020-07-19 03:26:37,583 - root - INFO - Completed generation 186; 1.8s elapsed, 1.9s avg, 3.6e+02s total. Expected time remaining: 2.7e+01s
2020-07-19 03:26:37,636 - root - INFO - #186 MAX:accuracy.mean: 0.82
2020-07-19 03:26:37,681 - root - DEBUG - Sampled weight [ 1.94350865 -0.06183313 -1.25557229  1.2966722  -1.59017529]
2020-07-19 03:26:38,842 - root - DEBUG - Updating hall of fame
2020-07-19 03:26:38,842 - root - INFO - Completed generation 187; 1.2s elapsed, 1.9s avg, 3.6e+02s total. Expected time remaining: 2.5e+01s
2020-07-19 03:26:38,895 - root - INFO - #187 MAX:accuracy.mean: 0.88
2020-07-19 03:26:38,938 - root - DEBUG - Sampled weight [-0.36261768 -0.79297405 -0.8024855  -1.3972393  -0.72406544]
2020-07-19 03:26:40,104 - root - DEBUG - Updating hall of fame
2020-07-19 03:26:40,715 - root - INFO - Completed generation 188; 1.8s elapsed, 1.9s avg, 3.6e+02s total. Expected time remaining: 2.3e+01s
2020-07-19 03:26:40,768 - root - INFO - #188 MAX:accuracy.mean: 0.81
2020-07-19 03:26:40,812 - root - DEBUG - Sampled weight [-0.34766241 -0.91975326 -0.17091617  1.56980502 -0.1388315 ]
2020-07-19 03:26:41,962 - root - DEBUG - Updating hall of fame
2020-07-19 03:26:41,963 - root - INFO - Completed generation 189; 1.2s elapsed, 1.9s avg, 3.6e+02s total. Expected time remaining: 2.1e+01s
2020-07-19 03:26:42,016 - root - INFO - #189 MAX:accuracy.mean: 0.81
2020-07-19 03:26:42,059 - root - DEBUG - Sampled weight [-1.56594846 -1.88844154  1.59312845  1.26073895 -0.63939809]
2020-07-19 03:26:43,212 - root - DEBUG - Updating hall of fame
2020-07-19 03:26:43,418 - root - INFO - Completed generation 190; 1.4s elapsed, 1.9s avg, 3.6e+02s total. Expected time remaining: 1.9e+01s
2020-07-19 03:26:43,471 - root - INFO - #190 MAX:accuracy.mean: 0.9
2020-07-19 03:26:43,602 - root - DEBUG - Sampled weight [ 1.12360153  0.00473742 -1.2237451  -1.31719052  1.42002538]
2020-07-19 03:26:44,758 - root - DEBUG - Updating hall of fame
2020-07-19 03:26:45,362 - root - INFO - Completed generation 191; 1.8s elapsed, 1.9s avg, 3.7e+02s total. Expected time remaining: 1.7e+01s
2020-07-19 03:26:45,415 - root - INFO - #191 MAX:accuracy.mean: 0.87
2020-07-19 03:26:45,457 - root - DEBUG - Sampled weight [ 1.68594654 -0.98104229 -0.23306776 -1.42656639 -0.38017827]
2020-07-19 03:26:46,626 - root - DEBUG - Updating hall of fame
2020-07-19 03:26:46,811 - root - INFO - Completed generation 192; 1.4s elapsed, 1.9s avg, 3.7e+02s total. Expected time remaining: 1.5e+01s
2020-07-19 03:26:46,864 - root - INFO - #192 MAX:accuracy.mean: 0.81
2020-07-19 03:26:46,907 - root - DEBUG - Sampled weight [ 0.697868    0.44996713 -1.83814347  0.28976105  0.54099947]
2020-07-19 03:26:48,081 - root - DEBUG - Updating hall of fame
2020-07-19 03:26:48,289 - root - INFO - Completed generation 193; 1.4s elapsed, 1.9s avg, 3.7e+02s total. Expected time remaining: 1.3e+01s
2020-07-19 03:26:48,342 - root - INFO - #193 MAX:accuracy.mean: 0.81
2020-07-19 03:26:48,387 - root - DEBUG - Sampled weight [-1.24872183 -0.10591357 -0.80524186  0.93513177 -1.67446176]
2020-07-19 03:26:49,559 - root - DEBUG - Updating hall of fame
2020-07-19 03:26:49,962 - root - INFO - Completed generation 194; 1.6s elapsed, 1.9s avg, 3.7e+02s total. Expected time remaining: 1.1e+01s
2020-07-19 03:26:50,015 - root - INFO - #194 MAX:accuracy.mean: 0.83
2020-07-19 03:26:50,058 - root - DEBUG - Sampled weight [ 1.14165245  0.11758999  0.16062421  0.95057648 -1.14839806]
2020-07-19 03:26:51,219 - root - DEBUG - Updating hall of fame
2020-07-19 03:26:51,628 - root - INFO - Completed generation 195; 1.6s elapsed, 1.9s avg, 3.7e+02s total. Expected time remaining: 9.5s
2020-07-19 03:26:51,681 - root - INFO - #195 MAX:accuracy.mean: 0.81
2020-07-19 03:26:51,725 - root - DEBUG - Sampled weight [-1.30042966  0.67697753 -0.70168075 -0.66277813 -1.91478661]
2020-07-19 03:26:52,889 - root - DEBUG - Updating hall of fame
2020-07-19 03:26:52,889 - root - INFO - Completed generation 196; 1.2s elapsed, 1.9s avg, 3.7e+02s total. Expected time remaining: 7.6s
2020-07-19 03:26:52,942 - root - INFO - #196 MAX:accuracy.mean: 0.82
2020-07-19 03:26:52,985 - root - DEBUG - Sampled weight [-1.51340102 -0.77357223  0.8342264  -0.69030264 -0.2782254 ]
2020-07-19 03:26:54,148 - root - DEBUG - Updating hall of fame
2020-07-19 03:26:54,542 - root - INFO - Completed generation 197; 1.6s elapsed, 1.9s avg, 3.7e+02s total. Expected time remaining: 5.7s
2020-07-19 03:26:54,595 - root - INFO - #197 MAX:accuracy.mean: 0.82
2020-07-19 03:26:54,639 - root - DEBUG - Sampled weight [-0.90422343 -1.05297038  1.17081926 -0.44911133  1.31558021]
2020-07-19 03:26:55,793 - root - DEBUG - Updating hall of fame
2020-07-19 03:26:55,794 - root - INFO - Completed generation 198; 1.2s elapsed, 1.9s avg, 3.8e+02s total. Expected time remaining: 3.8s
2020-07-19 03:26:55,847 - root - INFO - #198 MAX:accuracy.mean: 0.86
2020-07-19 03:26:55,890 - root - DEBUG - Sampled weight [ 1.98643665  1.87781038 -1.79110127  0.50580704 -0.25844542]
2020-07-19 03:26:57,049 - root - DEBUG - Updating hall of fame
2020-07-19 03:26:57,649 - root - INFO - Completed generation 199; 1.8s elapsed, 1.9s avg, 3.8e+02s total. Expected time remaining: 1.9s
2020-07-19 03:26:57,702 - root - INFO - #199 MAX:accuracy.mean: 0.83
2020-07-19 03:26:57,748 - root - DEBUG - Sampled weight [ 1.3352835  -1.37231009 -1.79235134  0.03643692  0.9723756 ]
2020-07-19 03:26:58,911 - root - DEBUG - Updating hall of fame
2020-07-19 03:26:59,317 - root - INFO - Completed generation 200; 1.6s elapsed, 1.9s avg, 3.8e+02s total. Expected time remaining: 0.0s
2020-07-19 03:26:59,370 - root - INFO - #200 MAX:accuracy.mean: 0.86
2020-07-19 03:26:59,560 - root - DEBUG - Loaded 150 samples.
2020-07-19 03:26:59,564 - root - INFO - Evaluating indivs in hall of fame.
2020-07-19 03:27:01,575 - root - INFO - Completed excution.
