2020-07-27 00:39:49,754 - root - INFO - Package version 0.1.1
2020-07-27 00:39:49,755 - root - INFO - Saving data at /vol/fob-vol1/mi15/plonerma/Lab/rewann/data/2020-07-27_Iris [0, 3, 6]; lognormal 0,0.5; signed: True_000.
2020-07-27 00:39:49,755 - root - DEBUG - Loading training dataset
2020-07-27 00:39:49,823 - root - DEBUG - Loaded 150 samples.
2020-07-27 00:39:49,824 - root - DEBUG - Running experiments with the following parameters:
debug = true
experiment_name = "Iris [0, 3, 6]; lognormal 0,0.5; signed: True"
experiment_path = "data/2020-07-27_Iris [0, 3, 6]; lognormal 0,0.5; signed: True_000"

[config]
num_workers = 1
debug = true
backend = "numpy"

[postopt]
run_postopt = true
compile_report = false
num_weights = 100
num_samples = -1

[sampling]
seed = 0
post_init_seed = false
distribution = "lognormal"
lower_bound = -2
upper_bound = 2
mean = 0
sigma = 0.5
num_weights_per_iteration = 5
num_samples_per_iteration = -1
hof_evaluation_iterations = 20

[task]
name = "iris"
sample_order_seed = 0
test_portion = 0.2
sample_length = 10
num_categories = 8

[storage]
data_base_path = "data"
log_filename = "execution.log"
commit_elite_freq = -1
commit_metrics_freq = 10

[population]
num_generations = 200
size = 100
initial_enabled_edge_prob = 0.05
initial_genes = "full"
hof_size = 10
enable_edge_signs = true
enabled_activation_funcs = [ 0, 3, 6,]

[selection]
use_tournaments = true
elite_ratio = 0.1
culling_ratio = 0.2
tournament_size = 5
objectives = [ "-log_loss.min", "-log_loss.mean", "-n_hidden",]
recorded_metrics = [ "accuracy", "kappa", "log_loss",]
hof_metric = "accuracy.mean"

[mutation.new_edge]
probability = 0.2
strategy = "layer_agnostic"
propability = 0.2

[mutation.new_node]
probability = 0.25
propability = 0.3

[mutation.reenable_edge]
probability = 0.05
propability = 0.1

[mutation.change_activation]
probability = 0.5
propability = 0.4

[mutation.change_edge_sign]
probability = 0.2

[mutation.new_recurrent_edge]
probability = 0.2
strategy = "any"

2020-07-27 00:39:49,844 - root - INFO - Starting evolutionary algorithm
2020-07-27 00:39:49,872 - root - DEBUG - Sampled weight [0.71894433 1.11238747 1.34943325 0.87971398 1.25909998]
2020-07-27 00:39:51,110 - root - DEBUG - Updating hall of fame
2020-07-27 00:39:53,205 - root - INFO - Completed generation 1; 3.4s elapsed, 3.4s avg, 3.4s total. Expected time remaining: 6.7e+02s
2020-07-27 00:39:53,265 - root - INFO - #1 MAX:accuracy.mean: 0.34
2020-07-27 00:39:53,309 - root - DEBUG - Sampled weight [1.96988122 1.3291812  1.18459285 1.033865   1.1524072 ]
2020-07-27 00:39:54,401 - root - DEBUG - Updating hall of fame
2020-07-27 00:39:56,303 - root - INFO - Completed generation 2; 3.0s elapsed, 3.2s avg, 6.4s total. Expected time remaining: 6.3e+02s
2020-07-27 00:39:56,354 - root - INFO - #2 MAX:accuracy.mean: 0.67
2020-07-27 00:39:56,396 - root - DEBUG - Sampled weight [0.95002713 0.80860865 0.51368362 2.57333276 0.85628208]
2020-07-27 00:39:57,483 - root - DEBUG - Updating hall of fame
2020-07-27 00:39:59,376 - root - INFO - Completed generation 3; 3.0s elapsed, 3.1s avg, 9.4s total. Expected time remaining: 6.2e+02s
2020-07-27 00:39:59,426 - root - INFO - #3 MAX:accuracy.mean: 0.64
2020-07-27 00:39:59,467 - root - DEBUG - Sampled weight [2.46031436 0.40693097 0.9111678  0.94537651 0.94229802]
2020-07-27 00:40:00,550 - root - DEBUG - Updating hall of fame
2020-07-27 00:40:02,460 - root - INFO - Completed generation 4; 3.0s elapsed, 3.1s avg, 1.2e+01s total. Expected time remaining: 6.1e+02s
2020-07-27 00:40:02,510 - root - INFO - #4 MAX:accuracy.mean: 0.63
2020-07-27 00:40:02,552 - root - DEBUG - Sampled weight [0.35879218 0.86708478 1.63384367 1.01979634 0.49258937]
2020-07-27 00:40:03,634 - root - DEBUG - Updating hall of fame
2020-07-27 00:40:05,541 - root - INFO - Completed generation 5; 3.0s elapsed, 3.1s avg, 1.5e+01s total. Expected time remaining: 6e+02s
2020-07-27 00:40:05,591 - root - INFO - #5 MAX:accuracy.mean: 0.63
2020-07-27 00:40:05,634 - root - DEBUG - Sampled weight [1.62521953 1.45055328 0.68600553 1.1835811  0.7367971 ]
2020-07-27 00:40:06,721 - root - DEBUG - Updating hall of fame
2020-07-27 00:40:08,227 - root - INFO - Completed generation 6; 2.6s elapsed, 3.0s avg, 1.8e+01s total. Expected time remaining: 5.9e+02s
2020-07-27 00:40:08,278 - root - INFO - #6 MAX:accuracy.mean: 0.67
2020-07-27 00:40:08,320 - root - DEBUG - Sampled weight [1.47559669 0.85434016 1.30495251 1.27179818 1.3748368 ]
2020-07-27 00:40:09,406 - root - DEBUG - Updating hall of fame
2020-07-27 00:40:10,911 - root - INFO - Completed generation 7; 2.6s elapsed, 3.0s avg, 2.1e+01s total. Expected time remaining: 5.7e+02s
2020-07-27 00:40:10,961 - root - INFO - #7 MAX:accuracy.mean: 0.67
2020-07-27 00:40:11,004 - root - DEBUG - Sampled weight [1.48267429 0.56080294 0.42577778 1.2270474  1.92044884]
2020-07-27 00:40:12,092 - root - DEBUG - Updating hall of fame
2020-07-27 00:40:13,277 - root - INFO - Completed generation 8; 2.3s elapsed, 2.9s avg, 2.3e+01s total. Expected time remaining: 5.5e+02s
2020-07-27 00:40:13,328 - root - INFO - #8 MAX:accuracy.mean: 0.64
2020-07-27 00:40:13,370 - root - DEBUG - Sampled weight [0.46990173 0.84346666 1.73497322 1.5108058  0.89238493]
2020-07-27 00:40:14,459 - root - DEBUG - Updating hall of fame
2020-07-27 00:40:15,626 - root - INFO - Completed generation 9; 2.3s elapsed, 2.8s avg, 2.5e+01s total. Expected time remaining: 5.4e+02s
2020-07-27 00:40:15,676 - root - INFO - #9 MAX:accuracy.mean: 0.63
2020-07-27 00:40:15,719 - root - DEBUG - Sampled weight [1.70690184 0.78356808 1.69675398 0.77469345 0.74714189]
2020-07-27 00:40:16,813 - root - DEBUG - Updating hall of fame
2020-07-27 00:40:17,978 - root - INFO - Completed generation 10; 2.3s elapsed, 2.8s avg, 2.8e+01s total. Expected time remaining: 5.3e+02s
2020-07-27 00:40:18,028 - root - INFO - #10 MAX:accuracy.mean: 0.66
2020-07-27 00:40:18,109 - root - DEBUG - Sampled weight [2.54299225 0.96707178 1.31708973 1.76726939 0.70672307]
2020-07-27 00:40:19,221 - root - DEBUG - Updating hall of fame
2020-07-27 00:40:20,390 - root - INFO - Completed generation 11; 2.3s elapsed, 2.7s avg, 3e+01s total. Expected time remaining: 5.2e+02s
2020-07-27 00:40:20,442 - root - INFO - #11 MAX:accuracy.mean: 0.65
2020-07-27 00:40:20,486 - root - DEBUG - Sampled weight [0.85231212 0.82327945 1.55458112 0.5972787  0.71559933]
2020-07-27 00:40:21,605 - root - DEBUG - Updating hall of fame
2020-07-27 00:40:22,177 - root - INFO - Completed generation 12; 1.7s elapsed, 2.6s avg, 3.2e+01s total. Expected time remaining: 5e+02s
2020-07-27 00:40:22,227 - root - INFO - #12 MAX:accuracy.mean: 0.79
2020-07-27 00:40:22,271 - root - DEBUG - Sampled weight [1.39094431 0.42418335 1.47010386 1.00599138 1.57106772]
2020-07-27 00:40:23,377 - root - DEBUG - Updating hall of fame
2020-07-27 00:40:24,334 - root - INFO - Completed generation 13; 2.1s elapsed, 2.6s avg, 3.4e+01s total. Expected time remaining: 4.9e+02s
2020-07-27 00:40:24,385 - root - INFO - #13 MAX:accuracy.mean: 0.67
2020-07-27 00:40:24,427 - root - DEBUG - Sampled weight [0.73108561 0.97420138 0.91565848 1.37669639 1.94140759]
2020-07-27 00:40:25,532 - root - DEBUG - Updating hall of fame
2020-07-27 00:40:25,920 - root - INFO - Completed generation 14; 1.5s elapsed, 2.5s avg, 3.5e+01s total. Expected time remaining: 4.7e+02s
2020-07-27 00:40:25,970 - root - INFO - #14 MAX:accuracy.mean: 0.67
2020-07-27 00:40:26,013 - root - DEBUG - Sampled weight [1.18163711 0.67374745 2.53524928 0.34871367 1.02593848]
2020-07-27 00:40:27,111 - root - DEBUG - Updating hall of fame
2020-07-27 00:40:28,457 - root - INFO - Completed generation 15; 2.5s elapsed, 2.5s avg, 3.8e+01s total. Expected time remaining: 4.7e+02s
2020-07-27 00:40:28,506 - root - INFO - #15 MAX:accuracy.mean: 0.6
2020-07-27 00:40:28,549 - root - DEBUG - Sampled weight [1.50696575 0.92999466 1.43378545 1.67080768 1.16800677]
2020-07-27 00:40:29,637 - root - DEBUG - Updating hall of fame
2020-07-27 00:40:30,957 - root - INFO - Completed generation 16; 2.5s elapsed, 2.5s avg, 4e+01s total. Expected time remaining: 4.6e+02s
2020-07-27 00:40:31,007 - root - INFO - #16 MAX:accuracy.mean: 0.67
2020-07-27 00:40:31,049 - root - DEBUG - Sampled weight [1.28844571 1.2068297  0.57510557 2.10431882 0.84973572]
2020-07-27 00:40:32,133 - root - DEBUG - Updating hall of fame
2020-07-27 00:40:33,456 - root - INFO - Completed generation 17; 2.4s elapsed, 2.5s avg, 4.3e+01s total. Expected time remaining: 4.6e+02s
2020-07-27 00:40:33,505 - root - INFO - #17 MAX:accuracy.mean: 0.63
2020-07-27 00:40:33,547 - root - DEBUG - Sampled weight [1.47129909 0.73488536 2.75656229 1.03649255 0.80213848]
2020-07-27 00:40:34,634 - root - DEBUG - Updating hall of fame
2020-07-27 00:40:34,635 - root - INFO - Completed generation 18; 1.1s elapsed, 2.4s avg, 4.4e+01s total. Expected time remaining: 4.4e+02s
2020-07-27 00:40:34,685 - root - INFO - #18 MAX:accuracy.mean: 0.77
2020-07-27 00:40:34,728 - root - DEBUG - Sampled weight [0.81587996 1.4488856  1.12781698 1.24366965 0.84972902]
2020-07-27 00:40:35,812 - root - DEBUG - Updating hall of fame
2020-07-27 00:40:36,754 - root - INFO - Completed generation 19; 2.1s elapsed, 2.4s avg, 4.6e+01s total. Expected time remaining: 4.4e+02s
2020-07-27 00:40:36,803 - root - INFO - #19 MAX:accuracy.mean: 0.81
2020-07-27 00:40:36,845 - root - DEBUG - Sampled weight [2.83075162 1.63584611 0.85480486 1.27572169 0.93967287]
2020-07-27 00:40:37,930 - root - DEBUG - Updating hall of fame
2020-07-27 00:40:38,122 - root - INFO - Completed generation 20; 1.3s elapsed, 2.4s avg, 4.7e+01s total. Expected time remaining: 4.3e+02s
2020-07-27 00:40:38,172 - root - INFO - #20 MAX:accuracy.mean: 0.77
2020-07-27 00:40:38,276 - root - DEBUG - Sampled weight [1.11534783 1.68056176 0.68643245 0.54152809 0.77279158]
2020-07-27 00:40:39,367 - root - DEBUG - Updating hall of fame
2020-07-27 00:40:40,311 - root - INFO - Completed generation 21; 2.1s elapsed, 2.3s avg, 4.9e+01s total. Expected time remaining: 4.2e+02s
2020-07-27 00:40:40,361 - root - INFO - #21 MAX:accuracy.mean: 0.62
2020-07-27 00:40:40,403 - root - DEBUG - Sampled weight [1.83656216 1.4426086  0.62036468 1.26524294 0.72188907]
2020-07-27 00:40:41,491 - root - DEBUG - Updating hall of fame
2020-07-27 00:40:41,492 - root - INFO - Completed generation 22; 1.1s elapsed, 2.3s avg, 5e+01s total. Expected time remaining: 4.1e+02s
2020-07-27 00:40:41,541 - root - INFO - #22 MAX:accuracy.mean: 0.64
2020-07-27 00:40:41,584 - root - DEBUG - Sampled weight [0.79889492 0.80010398 0.65641829 1.13795303 1.13577024]
2020-07-27 00:40:42,672 - root - DEBUG - Updating hall of fame
2020-07-27 00:40:43,618 - root - INFO - Completed generation 23; 2.1s elapsed, 2.3s avg, 5.3e+01s total. Expected time remaining: 4e+02s
2020-07-27 00:40:43,668 - root - INFO - #23 MAX:accuracy.mean: 0.65
2020-07-27 00:40:43,709 - root - DEBUG - Sampled weight [1.24133933 0.49150272 1.88102687 1.2015255  0.85447472]
2020-07-27 00:40:44,793 - root - DEBUG - Updating hall of fame
2020-07-27 00:40:44,985 - root - INFO - Completed generation 24; 1.3s elapsed, 2.2s avg, 5.4e+01s total. Expected time remaining: 4e+02s
2020-07-27 00:40:45,035 - root - INFO - #24 MAX:accuracy.mean: 0.62
2020-07-27 00:40:45,077 - root - DEBUG - Sampled weight [0.22985254 1.94544377 1.11381614 1.18818544 0.99884318]
2020-07-27 00:40:46,159 - root - DEBUG - Updating hall of fame
2020-07-27 00:40:46,349 - root - INFO - Completed generation 25; 1.3s elapsed, 2.2s avg, 5.5e+01s total. Expected time remaining: 3.9e+02s
2020-07-27 00:40:46,400 - root - INFO - #25 MAX:accuracy.mean: 0.78
2020-07-27 00:40:46,442 - root - DEBUG - Sampled weight [1.19627665 0.66321898 1.35497783 0.87418929 1.3583708 ]
2020-07-27 00:40:47,525 - root - DEBUG - Updating hall of fame
2020-07-27 00:40:47,525 - root - INFO - Completed generation 26; 1.1s elapsed, 2.2s avg, 5.6e+01s total. Expected time remaining: 3.8e+02s
2020-07-27 00:40:47,575 - root - INFO - #26 MAX:accuracy.mean: 0.66
2020-07-27 00:40:47,617 - root - DEBUG - Sampled weight [1.0531175  0.73660028 1.99190652 1.3992346  0.79678204]
2020-07-27 00:40:48,707 - root - DEBUG - Updating hall of fame
2020-07-27 00:40:49,841 - root - INFO - Completed generation 27; 2.3s elapsed, 2.2s avg, 5.9e+01s total. Expected time remaining: 3.8e+02s
2020-07-27 00:40:49,892 - root - INFO - #27 MAX:accuracy.mean: 0.66
2020-07-27 00:40:49,935 - root - DEBUG - Sampled weight [0.69952997 0.35312973 0.69985466 0.61447756 1.45770114]
2020-07-27 00:40:51,019 - root - DEBUG - Updating hall of fame
2020-07-27 00:40:52,149 - root - INFO - Completed generation 28; 2.3s elapsed, 2.2s avg, 6.1e+01s total. Expected time remaining: 3.7e+02s
2020-07-27 00:40:52,199 - root - INFO - #28 MAX:accuracy.mean: 0.57
2020-07-27 00:40:52,241 - root - DEBUG - Sampled weight [0.60052929 0.99394476 0.91671553 0.9698916  0.47152968]
2020-07-27 00:40:53,331 - root - DEBUG - Updating hall of fame
2020-07-27 00:40:53,331 - root - INFO - Completed generation 29; 1.1s elapsed, 2.1s avg, 6.2e+01s total. Expected time remaining: 3.7e+02s
2020-07-27 00:40:53,381 - root - INFO - #29 MAX:accuracy.mean: 0.59
2020-07-27 00:40:53,423 - root - DEBUG - Sampled weight [1.00684733 1.73494508 0.57112518 1.71310367 0.87565744]
2020-07-27 00:40:54,512 - root - DEBUG - Updating hall of fame
2020-07-27 00:40:54,513 - root - INFO - Completed generation 30; 1.1s elapsed, 2.1s avg, 6.3e+01s total. Expected time remaining: 3.6e+02s
2020-07-27 00:40:54,562 - root - INFO - #30 MAX:accuracy.mean: 0.77
2020-07-27 00:40:54,656 - root - DEBUG - Sampled weight [0.88914103 1.1656434  1.12285207 0.89834822 0.37710359]
2020-07-27 00:40:55,755 - root - DEBUG - Updating hall of fame
2020-07-27 00:40:57,081 - root - INFO - Completed generation 31; 2.5s elapsed, 2.1s avg, 6.6e+01s total. Expected time remaining: 3.6e+02s
2020-07-27 00:40:57,131 - root - INFO - #31 MAX:accuracy.mean: 0.86
2020-07-27 00:40:57,174 - root - DEBUG - Sampled weight [1.16260364 0.22770423 1.69368605 3.51424027 0.89026046]
2020-07-27 00:40:58,271 - root - DEBUG - Updating hall of fame
2020-07-27 00:40:58,676 - root - INFO - Completed generation 32; 1.5s elapsed, 2.1s avg, 6.7e+01s total. Expected time remaining: 3.5e+02s
2020-07-27 00:40:58,726 - root - INFO - #32 MAX:accuracy.mean: 0.76
2020-07-27 00:40:58,768 - root - DEBUG - Sampled weight [2.53540986 1.69921649 0.98842147 1.82944913 1.13642921]
2020-07-27 00:40:59,862 - root - DEBUG - Updating hall of fame
2020-07-27 00:41:00,268 - root - INFO - Completed generation 33; 1.5s elapsed, 2.1s avg, 6.9e+01s total. Expected time remaining: 3.5e+02s
2020-07-27 00:41:00,318 - root - INFO - #33 MAX:accuracy.mean: 0.78
2020-07-27 00:41:00,361 - root - DEBUG - Sampled weight [1.19004895 1.73855348 1.38679014 2.08752577 1.06607782]
2020-07-27 00:41:01,455 - root - DEBUG - Updating hall of fame
2020-07-27 00:41:02,412 - root - INFO - Completed generation 34; 2.1s elapsed, 2.1s avg, 7.1e+01s total. Expected time remaining: 3.5e+02s
2020-07-27 00:41:02,463 - root - INFO - #34 MAX:accuracy.mean: 0.85
2020-07-27 00:41:02,506 - root - DEBUG - Sampled weight [1.40070392 0.97129616 1.04490667 0.96462337 0.61233343]
2020-07-27 00:41:03,605 - root - DEBUG - Updating hall of fame
2020-07-27 00:41:04,187 - root - INFO - Completed generation 35; 1.7s elapsed, 2.1s avg, 7.2e+01s total. Expected time remaining: 3.4e+02s
2020-07-27 00:41:04,237 - root - INFO - #35 MAX:accuracy.mean: 0.8
2020-07-27 00:41:04,280 - root - DEBUG - Sampled weight [0.79049244 1.75504119 1.59121351 0.98699658 1.03506494]
2020-07-27 00:41:05,379 - root - DEBUG - Updating hall of fame
2020-07-27 00:41:05,777 - root - INFO - Completed generation 36; 1.5s elapsed, 2.1s avg, 7.4e+01s total. Expected time remaining: 3.4e+02s
2020-07-27 00:41:05,827 - root - INFO - #36 MAX:accuracy.mean: 0.81
2020-07-27 00:41:05,870 - root - DEBUG - Sampled weight [0.86036821 1.70513491 1.73752485 1.65383904 0.7102625 ]
2020-07-27 00:41:06,976 - root - DEBUG - Updating hall of fame
2020-07-27 00:41:08,318 - root - INFO - Completed generation 37; 2.5s elapsed, 2.1s avg, 7.6e+01s total. Expected time remaining: 3.4e+02s
2020-07-27 00:41:08,368 - root - INFO - #37 MAX:accuracy.mean: 0.83
2020-07-27 00:41:08,410 - root - DEBUG - Sampled weight [0.51032836 1.595736   1.75067896 0.93988772 0.57391557]
2020-07-27 00:41:09,508 - root - DEBUG - Updating hall of fame
2020-07-27 00:41:10,837 - root - INFO - Completed generation 38; 2.5s elapsed, 2.1s avg, 7.9e+01s total. Expected time remaining: 3.4e+02s
2020-07-27 00:41:10,888 - root - INFO - #38 MAX:accuracy.mean: 0.81
2020-07-27 00:41:10,930 - root - DEBUG - Sampled weight [0.54373564 1.15264722 0.75486375 2.65932313 0.36043696]
2020-07-27 00:41:12,022 - root - DEBUG - Updating hall of fame
2020-07-27 00:41:12,605 - root - INFO - Completed generation 39; 1.7s elapsed, 2.1s avg, 8.1e+01s total. Expected time remaining: 3.3e+02s
2020-07-27 00:41:12,778 - root - INFO - #39 MAX:accuracy.mean: 0.8
2020-07-27 00:41:12,822 - root - DEBUG - Sampled weight [0.80383981 0.43005005 1.74790817 0.885676   0.94491849]
2020-07-27 00:41:13,929 - root - DEBUG - Updating hall of fame
2020-07-27 00:41:14,133 - root - INFO - Completed generation 40; 1.4s elapsed, 2.1s avg, 8.2e+01s total. Expected time remaining: 3.3e+02s
2020-07-27 00:41:14,184 - root - INFO - #40 MAX:accuracy.mean: 0.82
2020-07-27 00:41:14,266 - root - DEBUG - Sampled weight [1.83959157 0.88593087 1.30421285 1.29661794 1.2342538 ]
2020-07-27 00:41:15,368 - root - DEBUG - Updating hall of fame
2020-07-27 00:41:15,571 - root - INFO - Completed generation 41; 1.3s elapsed, 2.0s avg, 8.3e+01s total. Expected time remaining: 3.2e+02s
2020-07-27 00:41:15,622 - root - INFO - #41 MAX:accuracy.mean: 0.89
2020-07-27 00:41:15,665 - root - DEBUG - Sampled weight [1.17636217 0.34726467 1.03772647 0.72294874 1.0438456 ]
2020-07-27 00:41:16,774 - root - DEBUG - Updating hall of fame
2020-07-27 00:41:17,939 - root - INFO - Completed generation 42; 2.3s elapsed, 2.0s avg, 8.6e+01s total. Expected time remaining: 3.2e+02s
2020-07-27 00:41:17,990 - root - INFO - #42 MAX:accuracy.mean: 0.81
2020-07-27 00:41:18,033 - root - DEBUG - Sampled weight [0.88148272 0.59178879 0.63933678 0.89146986 0.70375236]
2020-07-27 00:41:19,139 - root - DEBUG - Updating hall of fame
2020-07-27 00:41:19,747 - root - INFO - Completed generation 43; 1.8s elapsed, 2.0s avg, 8.7e+01s total. Expected time remaining: 3.2e+02s
2020-07-27 00:41:19,798 - root - INFO - #43 MAX:accuracy.mean: 0.81
2020-07-27 00:41:19,840 - root - DEBUG - Sampled weight [0.4805158  0.67663219 1.00533694 0.96387643 1.19998145]
2020-07-27 00:41:20,942 - root - DEBUG - Updating hall of fame
2020-07-27 00:41:21,346 - root - INFO - Completed generation 44; 1.5s elapsed, 2.0s avg, 8.9e+01s total. Expected time remaining: 3.2e+02s
2020-07-27 00:41:21,396 - root - INFO - #44 MAX:accuracy.mean: 0.84
2020-07-27 00:41:21,439 - root - DEBUG - Sampled weight [1.07355106 0.67212489 0.75986753 0.70037746 0.86902293]
2020-07-27 00:41:22,544 - root - DEBUG - Updating hall of fame
2020-07-27 00:41:22,951 - root - INFO - Completed generation 45; 1.6s elapsed, 2.0s avg, 9.1e+01s total. Expected time remaining: 3.1e+02s
2020-07-27 00:41:23,001 - root - INFO - #45 MAX:accuracy.mean: 0.81
2020-07-27 00:41:23,045 - root - DEBUG - Sampled weight [1.10701946 1.36543357 1.25751046 2.61215551 1.40569204]
2020-07-27 00:41:24,151 - root - DEBUG - Updating hall of fame
2020-07-27 00:41:24,557 - root - INFO - Completed generation 46; 1.6s elapsed, 2.0s avg, 9.2e+01s total. Expected time remaining: 3.1e+02s
2020-07-27 00:41:24,607 - root - INFO - #46 MAX:accuracy.mean: 0.85
2020-07-27 00:41:24,649 - root - DEBUG - Sampled weight [2.37047337 1.48267112 1.21599101 1.63166842 0.91144553]
2020-07-27 00:41:25,748 - root - DEBUG - Updating hall of fame
2020-07-27 00:41:26,710 - root - INFO - Completed generation 47; 2.1s elapsed, 2.0s avg, 9.4e+01s total. Expected time remaining: 3.1e+02s
2020-07-27 00:41:26,760 - root - INFO - #47 MAX:accuracy.mean: 0.82
2020-07-27 00:41:26,803 - root - DEBUG - Sampled weight [0.66101145 0.73138934 1.69908697 1.79544899 1.35607492]
2020-07-27 00:41:27,910 - root - DEBUG - Updating hall of fame
2020-07-27 00:41:28,879 - root - INFO - Completed generation 48; 2.1s elapsed, 2.0s avg, 9.6e+01s total. Expected time remaining: 3.1e+02s
2020-07-27 00:41:28,929 - root - INFO - #48 MAX:accuracy.mean: 0.77
2020-07-27 00:41:28,971 - root - DEBUG - Sampled weight [0.72822723 0.93493077 1.32198185 1.45638224 1.19600261]
2020-07-27 00:41:30,071 - root - DEBUG - Updating hall of fame
2020-07-27 00:41:31,213 - root - INFO - Completed generation 49; 2.3s elapsed, 2.0s avg, 9.9e+01s total. Expected time remaining: 3e+02s
2020-07-27 00:41:31,263 - root - INFO - #49 MAX:accuracy.mean: 0.8
2020-07-27 00:41:31,307 - root - DEBUG - Sampled weight [0.22962648 0.65115465 1.55812302 1.96448219 2.28066981]
2020-07-27 00:41:32,408 - root - DEBUG - Updating hall of fame
2020-07-27 00:41:32,983 - root - INFO - Completed generation 50; 1.7s elapsed, 2.0s avg, 1e+02s total. Expected time remaining: 3e+02s
2020-07-27 00:41:33,034 - root - INFO - #50 MAX:accuracy.mean: 0.71
2020-07-27 00:41:33,117 - root - DEBUG - Sampled weight [1.71908639 0.46317452 1.49147918 1.38588887 1.21001342]
2020-07-27 00:41:34,225 - root - DEBUG - Updating hall of fame
2020-07-27 00:41:34,608 - root - INFO - Completed generation 51; 1.5s elapsed, 2.0s avg, 1e+02s total. Expected time remaining: 3e+02s
2020-07-27 00:41:34,658 - root - INFO - #51 MAX:accuracy.mean: 0.77
2020-07-27 00:41:34,701 - root - DEBUG - Sampled weight [0.91574171 1.45239901 0.83482251 3.73647371 1.25320213]
2020-07-27 00:41:35,799 - root - DEBUG - Updating hall of fame
2020-07-27 00:41:36,577 - root - INFO - Completed generation 52; 1.9s elapsed, 2.0s avg, 1e+02s total. Expected time remaining: 3e+02s
2020-07-27 00:41:36,628 - root - INFO - #52 MAX:accuracy.mean: 0.83
2020-07-27 00:41:36,671 - root - DEBUG - Sampled weight [0.71484174 0.54459121 0.59060174 1.98527135 0.55137616]
2020-07-27 00:41:37,775 - root - DEBUG - Updating hall of fame
2020-07-27 00:41:38,537 - root - INFO - Completed generation 53; 1.9s elapsed, 2.0s avg, 1.1e+02s total. Expected time remaining: 2.9e+02s
2020-07-27 00:41:38,587 - root - INFO - #53 MAX:accuracy.mean: 0.87
2020-07-27 00:41:38,630 - root - DEBUG - Sampled weight [1.68077725 1.53586284 0.8874498  1.70059135 0.35756692]
2020-07-27 00:41:39,731 - root - DEBUG - Updating hall of fame
2020-07-27 00:41:40,508 - root - INFO - Completed generation 54; 1.9s elapsed, 2.0s avg, 1.1e+02s total. Expected time remaining: 2.9e+02s
2020-07-27 00:41:40,558 - root - INFO - #54 MAX:accuracy.mean: 0.85
2020-07-27 00:41:40,600 - root - DEBUG - Sampled weight [1.03440129 0.79378916 1.14324026 1.91453371 1.01336508]
2020-07-27 00:41:41,697 - root - DEBUG - Updating hall of fame
2020-07-27 00:41:42,679 - root - INFO - Completed generation 55; 2.1s elapsed, 2.0s avg, 1.1e+02s total. Expected time remaining: 2.9e+02s
2020-07-27 00:41:42,731 - root - INFO - #55 MAX:accuracy.mean: 0.86
2020-07-27 00:41:42,775 - root - DEBUG - Sampled weight [0.95444251 0.90583816 0.68537205 0.84158073 0.53995314]
2020-07-27 00:41:43,882 - root - DEBUG - Updating hall of fame
2020-07-27 00:41:44,842 - root - INFO - Completed generation 56; 2.1s elapsed, 2.0s avg, 1.1e+02s total. Expected time remaining: 2.9e+02s
2020-07-27 00:41:44,892 - root - INFO - #56 MAX:accuracy.mean: 0.81
2020-07-27 00:41:44,935 - root - DEBUG - Sampled weight [0.96356816 1.15392336 1.29388895 0.86843416 1.92068877]
2020-07-27 00:41:46,037 - root - DEBUG - Updating hall of fame
2020-07-27 00:41:46,443 - root - INFO - Completed generation 57; 1.6s elapsed, 2.0s avg, 1.1e+02s total. Expected time remaining: 2.8e+02s
2020-07-27 00:41:46,493 - root - INFO - #57 MAX:accuracy.mean: 0.88
2020-07-27 00:41:46,535 - root - DEBUG - Sampled weight [0.80442693 0.9586515  0.45508734 2.08298111 1.17814098]
2020-07-27 00:41:47,632 - root - DEBUG - Updating hall of fame
2020-07-27 00:41:48,591 - root - INFO - Completed generation 58; 2.1s elapsed, 2.0s avg, 1.2e+02s total. Expected time remaining: 2.8e+02s
2020-07-27 00:41:48,641 - root - INFO - #58 MAX:accuracy.mean: 0.81
2020-07-27 00:41:48,684 - root - DEBUG - Sampled weight [2.00456538 0.74774424 2.93405248 1.37858181 2.61907836]
2020-07-27 00:41:49,789 - root - DEBUG - Updating hall of fame
2020-07-27 00:41:50,392 - root - INFO - Completed generation 59; 1.8s elapsed, 2.0s avg, 1.2e+02s total. Expected time remaining: 2.8e+02s
2020-07-27 00:41:50,442 - root - INFO - #59 MAX:accuracy.mean: 0.85
2020-07-27 00:41:50,485 - root - DEBUG - Sampled weight [0.57631966 0.99131774 1.200648   0.39698155 0.78373086]
2020-07-27 00:41:51,587 - root - DEBUG - Updating hall of fame
2020-07-27 00:41:52,736 - root - INFO - Completed generation 60; 2.3s elapsed, 2.0s avg, 1.2e+02s total. Expected time remaining: 2.8e+02s
2020-07-27 00:41:52,786 - root - INFO - #60 MAX:accuracy.mean: 0.8
2020-07-27 00:41:52,868 - root - DEBUG - Sampled weight [0.73437601 0.73791835 1.10873545 0.63946847 0.26684238]
2020-07-27 00:41:53,979 - root - DEBUG - Updating hall of fame
2020-07-27 00:41:53,979 - root - INFO - Completed generation 61; 1.2s elapsed, 2.0s avg, 1.2e+02s total. Expected time remaining: 2.8e+02s
2020-07-27 00:41:54,030 - root - INFO - #61 MAX:accuracy.mean: 0.83
2020-07-27 00:41:54,073 - root - DEBUG - Sampled weight [0.49949358 1.04035901 1.19761056 0.49853448 0.63892389]
2020-07-27 00:41:55,181 - root - DEBUG - Updating hall of fame
2020-07-27 00:41:55,182 - root - INFO - Completed generation 62; 1.2s elapsed, 2.0s avg, 1.2e+02s total. Expected time remaining: 2.7e+02s
2020-07-27 00:41:55,232 - root - INFO - #62 MAX:accuracy.mean: 0.8
2020-07-27 00:41:55,274 - root - DEBUG - Sampled weight [0.47373319 1.3336303  1.10202974 0.69530266 0.31103517]
2020-07-27 00:41:56,376 - root - DEBUG - Updating hall of fame
2020-07-27 00:41:56,377 - root - INFO - Completed generation 63; 1.1s elapsed, 2.0s avg, 1.2e+02s total. Expected time remaining: 2.7e+02s
2020-07-27 00:41:56,427 - root - INFO - #63 MAX:accuracy.mean: 0.79
2020-07-27 00:41:56,469 - root - DEBUG - Sampled weight [1.05582086 1.4267062  0.58788736 1.39640402 0.48134848]
2020-07-27 00:41:57,566 - root - DEBUG - Updating hall of fame
2020-07-27 00:41:57,566 - root - INFO - Completed generation 64; 1.1s elapsed, 1.9s avg, 1.2e+02s total. Expected time remaining: 2.6e+02s
2020-07-27 00:41:57,616 - root - INFO - #64 MAX:accuracy.mean: 0.82
2020-07-27 00:41:57,658 - root - DEBUG - Sampled weight [1.02415775 0.88603958 1.74315323 0.30378317 0.82167207]
2020-07-27 00:41:58,763 - root - DEBUG - Updating hall of fame
2020-07-27 00:41:58,956 - root - INFO - Completed generation 65; 1.3s elapsed, 1.9s avg, 1.3e+02s total. Expected time remaining: 2.6e+02s
2020-07-27 00:41:59,006 - root - INFO - #65 MAX:accuracy.mean: 0.83
2020-07-27 00:41:59,048 - root - DEBUG - Sampled weight [0.53267335 2.16090358 1.64487222 0.75029048 2.02673614]
2020-07-27 00:42:00,147 - root - DEBUG - Updating hall of fame
2020-07-27 00:42:00,147 - root - INFO - Completed generation 66; 1.1s elapsed, 1.9s avg, 1.3e+02s total. Expected time remaining: 2.6e+02s
2020-07-27 00:42:00,197 - root - INFO - #66 MAX:accuracy.mean: 0.83
2020-07-27 00:42:00,239 - root - DEBUG - Sampled weight [1.98926239 1.2898443  0.71045676 0.80139017 0.96385687]
2020-07-27 00:42:01,335 - root - DEBUG - Updating hall of fame
2020-07-27 00:42:02,320 - root - INFO - Completed generation 67; 2.1s elapsed, 1.9s avg, 1.3e+02s total. Expected time remaining: 2.6e+02s
2020-07-27 00:42:02,370 - root - INFO - #67 MAX:accuracy.mean: 0.86
2020-07-27 00:42:02,413 - root - DEBUG - Sampled weight [1.37812472 0.3102409  0.73015491 0.73276385 1.18606409]
2020-07-27 00:42:03,518 - root - DEBUG - Updating hall of fame
2020-07-27 00:42:04,098 - root - INFO - Completed generation 68; 1.7s elapsed, 1.9s avg, 1.3e+02s total. Expected time remaining: 2.5e+02s
2020-07-27 00:42:04,148 - root - INFO - #68 MAX:accuracy.mean: 0.8
2020-07-27 00:42:04,191 - root - DEBUG - Sampled weight [0.70280998 1.41003055 0.73490268 0.76597011 2.23812431]
2020-07-27 00:42:05,298 - root - DEBUG - Updating hall of fame
2020-07-27 00:42:05,494 - root - INFO - Completed generation 69; 1.3s elapsed, 1.9s avg, 1.3e+02s total. Expected time remaining: 2.5e+02s
2020-07-27 00:42:05,544 - root - INFO - #69 MAX:accuracy.mean: 0.82
2020-07-27 00:42:05,588 - root - DEBUG - Sampled weight [1.45254979 0.86940809 0.86219515 0.98673752 0.95095275]
2020-07-27 00:42:06,690 - root - DEBUG - Updating hall of fame
2020-07-27 00:42:07,649 - root - INFO - Completed generation 70; 2.1s elapsed, 1.9s avg, 1.3e+02s total. Expected time remaining: 2.5e+02s
2020-07-27 00:42:07,699 - root - INFO - #70 MAX:accuracy.mean: 0.83
2020-07-27 00:42:07,786 - root - DEBUG - Sampled weight [0.91292181 0.35115537 1.11752453 0.47547794 0.83140361]
2020-07-27 00:42:08,893 - root - DEBUG - Updating hall of fame
2020-07-27 00:42:09,654 - root - INFO - Completed generation 71; 1.9s elapsed, 1.9s avg, 1.4e+02s total. Expected time remaining: 2.5e+02s
2020-07-27 00:42:09,704 - root - INFO - #71 MAX:accuracy.mean: 0.82
2020-07-27 00:42:09,747 - root - DEBUG - Sampled weight [1.01706043 1.06168972 2.04298509 1.72901997 0.73431855]
2020-07-27 00:42:10,842 - root - DEBUG - Updating hall of fame
2020-07-27 00:42:11,043 - root - INFO - Completed generation 72; 1.3s elapsed, 1.9s avg, 1.4e+02s total. Expected time remaining: 2.4e+02s
2020-07-27 00:42:11,094 - root - INFO - #72 MAX:accuracy.mean: 0.83
2020-07-27 00:42:11,137 - root - DEBUG - Sampled weight [1.00321458 2.02627672 0.89614721 2.04995477 1.76793775]
2020-07-27 00:42:12,239 - root - DEBUG - Updating hall of fame
2020-07-27 00:42:13,588 - root - INFO - Completed generation 73; 2.5s elapsed, 1.9s avg, 1.4e+02s total. Expected time remaining: 2.4e+02s
2020-07-27 00:42:13,638 - root - INFO - #73 MAX:accuracy.mean: 0.87
2020-07-27 00:42:13,681 - root - DEBUG - Sampled weight [0.32666562 0.42582076 0.82571007 0.61934793 1.31794572]
2020-07-27 00:42:14,791 - root - DEBUG - Updating hall of fame
2020-07-27 00:42:15,951 - root - INFO - Completed generation 74; 2.3s elapsed, 1.9s avg, 1.4e+02s total. Expected time remaining: 2.4e+02s
2020-07-27 00:42:16,004 - root - INFO - #74 MAX:accuracy.mean: 0.82
2020-07-27 00:42:16,049 - root - DEBUG - Sampled weight [0.75914833 0.74848662 1.82341258 0.78918061 1.43128952]
2020-07-27 00:42:17,157 - root - DEBUG - Updating hall of fame
2020-07-27 00:42:17,564 - root - INFO - Completed generation 75; 1.6s elapsed, 1.9s avg, 1.4e+02s total. Expected time remaining: 2.4e+02s
2020-07-27 00:42:17,615 - root - INFO - #75 MAX:accuracy.mean: 0.82
2020-07-27 00:42:17,658 - root - DEBUG - Sampled weight [0.92531584 1.00197804 1.99029639 0.64571469 1.95870759]
2020-07-27 00:42:18,769 - root - DEBUG - Updating hall of fame
2020-07-27 00:42:19,925 - root - INFO - Completed generation 76; 2.3s elapsed, 1.9s avg, 1.5e+02s total. Expected time remaining: 2.4e+02s
2020-07-27 00:42:19,976 - root - INFO - #76 MAX:accuracy.mean: 0.85
2020-07-27 00:42:20,018 - root - DEBUG - Sampled weight [0.92444177 1.5945533  0.84495418 1.2271743  1.23420763]
2020-07-27 00:42:21,122 - root - DEBUG - Updating hall of fame
2020-07-27 00:42:22,265 - root - INFO - Completed generation 77; 2.3s elapsed, 1.9s avg, 1.5e+02s total. Expected time remaining: 2.4e+02s
2020-07-27 00:42:22,319 - root - INFO - #77 MAX:accuracy.mean: 0.87
2020-07-27 00:42:22,361 - root - DEBUG - Sampled weight [1.26049371 0.96624319 0.80960983 1.05654423 0.87228558]
2020-07-27 00:42:23,470 - root - DEBUG - Updating hall of fame
2020-07-27 00:42:24,237 - root - INFO - Completed generation 78; 1.9s elapsed, 1.9s avg, 1.5e+02s total. Expected time remaining: 2.3e+02s
2020-07-27 00:42:24,287 - root - INFO - #78 MAX:accuracy.mean: 0.92
2020-07-27 00:42:24,330 - root - DEBUG - Sampled weight [1.37576376 1.54654051 1.98395754 0.71526649 1.07066364]
2020-07-27 00:42:25,438 - root - DEBUG - Updating hall of fame
2020-07-27 00:42:25,829 - root - INFO - Completed generation 79; 1.5s elapsed, 1.9s avg, 1.5e+02s total. Expected time remaining: 2.3e+02s
2020-07-27 00:42:25,879 - root - INFO - #79 MAX:accuracy.mean: 0.89
2020-07-27 00:42:25,922 - root - DEBUG - Sampled weight [0.89110756 1.06709939 1.38038935 1.60183102 0.58000956]
2020-07-27 00:42:27,032 - root - DEBUG - Updating hall of fame
2020-07-27 00:42:28,192 - root - INFO - Completed generation 80; 2.3s elapsed, 1.9s avg, 1.5e+02s total. Expected time remaining: 2.3e+02s
2020-07-27 00:42:28,242 - root - INFO - #80 MAX:accuracy.mean: 0.85
2020-07-27 00:42:28,327 - root - DEBUG - Sampled weight [1.32650776 1.4069317  1.04003345 1.32741719 1.18448433]
2020-07-27 00:42:29,442 - root - DEBUG - Updating hall of fame
2020-07-27 00:42:29,642 - root - INFO - Completed generation 81; 1.4s elapsed, 1.9s avg, 1.6e+02s total. Expected time remaining: 2.3e+02s
2020-07-27 00:42:29,692 - root - INFO - #81 MAX:accuracy.mean: 0.93
2020-07-27 00:42:29,735 - root - DEBUG - Sampled weight [0.84591329 1.41378904 1.53722308 3.18609475 0.74903309]
2020-07-27 00:42:30,846 - root - DEBUG - Updating hall of fame
2020-07-27 00:42:31,631 - root - INFO - Completed generation 82; 1.9s elapsed, 1.9s avg, 1.6e+02s total. Expected time remaining: 2.3e+02s
2020-07-27 00:42:31,681 - root - INFO - #82 MAX:accuracy.mean: 0.88
2020-07-27 00:42:31,724 - root - DEBUG - Sampled weight [0.72091016 0.81214861 0.53134308 0.96546853 1.46580673]
2020-07-27 00:42:32,843 - root - DEBUG - Updating hall of fame
2020-07-27 00:42:33,238 - root - INFO - Completed generation 83; 1.6s elapsed, 1.9s avg, 1.6e+02s total. Expected time remaining: 2.2e+02s
2020-07-27 00:42:33,288 - root - INFO - #83 MAX:accuracy.mean: 0.84
2020-07-27 00:42:33,330 - root - DEBUG - Sampled weight [0.54775639 0.98642356 0.79542685 1.18848292 0.93601457]
2020-07-27 00:42:34,447 - root - DEBUG - Updating hall of fame
2020-07-27 00:42:34,844 - root - INFO - Completed generation 84; 1.6s elapsed, 1.9s avg, 1.6e+02s total. Expected time remaining: 2.2e+02s
2020-07-27 00:42:34,894 - root - INFO - #84 MAX:accuracy.mean: 0.84
2020-07-27 00:42:34,937 - root - DEBUG - Sampled weight [1.51002204 2.05670422 0.78557751 1.14321185 0.93376131]
2020-07-27 00:42:36,049 - root - DEBUG - Updating hall of fame
2020-07-27 00:42:36,641 - root - INFO - Completed generation 85; 1.7s elapsed, 1.9s avg, 1.6e+02s total. Expected time remaining: 2.2e+02s
2020-07-27 00:42:36,692 - root - INFO - #85 MAX:accuracy.mean: 0.88
2020-07-27 00:42:36,733 - root - DEBUG - Sampled weight [0.79356375 0.68553902 1.12051204 1.5143398  1.59972543]
2020-07-27 00:42:37,848 - root - DEBUG - Updating hall of fame
2020-07-27 00:42:39,212 - root - INFO - Completed generation 86; 2.5s elapsed, 1.9s avg, 1.6e+02s total. Expected time remaining: 2.2e+02s
2020-07-27 00:42:39,262 - root - INFO - #86 MAX:accuracy.mean: 0.89
2020-07-27 00:42:39,306 - root - DEBUG - Sampled weight [0.85987848 0.60126583 0.55062847 1.31648404 4.12336963]
2020-07-27 00:42:40,412 - root - DEBUG - Updating hall of fame
2020-07-27 00:42:41,022 - root - INFO - Completed generation 87; 1.8s elapsed, 1.9s avg, 1.7e+02s total. Expected time remaining: 2.2e+02s
2020-07-27 00:42:41,073 - root - INFO - #87 MAX:accuracy.mean: 0.92
2020-07-27 00:42:41,117 - root - DEBUG - Sampled weight [2.2623592  0.56016375 1.3793291  0.30236017 0.53014421]
2020-07-27 00:42:42,228 - root - DEBUG - Updating hall of fame
2020-07-27 00:42:42,838 - root - INFO - Completed generation 88; 1.8s elapsed, 1.9s avg, 1.7e+02s total. Expected time remaining: 2.1e+02s
2020-07-27 00:42:42,888 - root - INFO - #88 MAX:accuracy.mean: 0.86
2020-07-27 00:42:42,931 - root - DEBUG - Sampled weight [1.19666469 1.27661034 0.88631671 0.86656612 2.67221074]
2020-07-27 00:42:44,043 - root - DEBUG - Updating hall of fame
2020-07-27 00:42:44,651 - root - INFO - Completed generation 89; 1.8s elapsed, 1.9s avg, 1.7e+02s total. Expected time remaining: 2.1e+02s
2020-07-27 00:42:44,701 - root - INFO - #89 MAX:accuracy.mean: 0.87
2020-07-27 00:42:44,745 - root - DEBUG - Sampled weight [0.84806628 0.68134871 0.64545734 0.88326756 1.39827748]
2020-07-27 00:42:45,864 - root - DEBUG - Updating hall of fame
2020-07-27 00:42:47,205 - root - INFO - Completed generation 90; 2.5s elapsed, 1.9s avg, 1.7e+02s total. Expected time remaining: 2.1e+02s
2020-07-27 00:42:47,256 - root - INFO - #90 MAX:accuracy.mean: 0.86
2020-07-27 00:42:47,348 - root - DEBUG - Sampled weight [2.37388843 1.09989291 0.7104651  0.99311741 0.71734843]
2020-07-27 00:42:48,463 - root - DEBUG - Updating hall of fame
2020-07-27 00:42:48,663 - root - INFO - Completed generation 91; 1.4s elapsed, 1.9s avg, 1.7e+02s total. Expected time remaining: 2.1e+02s
2020-07-27 00:42:48,713 - root - INFO - #91 MAX:accuracy.mean: 0.86
2020-07-27 00:42:48,757 - root - DEBUG - Sampled weight [1.21847412 2.07227963 0.96483012 0.52177734 1.70476141]
2020-07-27 00:42:49,883 - root - DEBUG - Updating hall of fame
2020-07-27 00:42:51,247 - root - INFO - Completed generation 92; 2.5s elapsed, 1.9s avg, 1.8e+02s total. Expected time remaining: 2.1e+02s
2020-07-27 00:42:51,297 - root - INFO - #92 MAX:accuracy.mean: 0.88
2020-07-27 00:42:51,341 - root - DEBUG - Sampled weight [1.1127901  1.07420208 1.39638228 2.14625314 0.52095693]
2020-07-27 00:42:52,468 - root - DEBUG - Updating hall of fame
2020-07-27 00:42:53,638 - root - INFO - Completed generation 93; 2.3s elapsed, 1.9s avg, 1.8e+02s total. Expected time remaining: 2.1e+02s
2020-07-27 00:42:53,687 - root - INFO - #93 MAX:accuracy.mean: 0.89
2020-07-27 00:42:53,730 - root - DEBUG - Sampled weight [1.08567782 0.70325193 0.89946549 0.52059077 0.97464113]
2020-07-27 00:42:54,840 - root - DEBUG - Updating hall of fame
2020-07-27 00:42:55,635 - root - INFO - Completed generation 94; 1.9s elapsed, 1.9s avg, 1.8e+02s total. Expected time remaining: 2e+02s
2020-07-27 00:42:55,686 - root - INFO - #94 MAX:accuracy.mean: 0.89
2020-07-27 00:42:55,728 - root - DEBUG - Sampled weight [1.32678447 0.84421903 1.31718235 2.86762983 1.45703688]
2020-07-27 00:42:56,839 - root - DEBUG - Updating hall of fame
2020-07-27 00:42:57,448 - root - INFO - Completed generation 95; 1.8s elapsed, 1.9s avg, 1.8e+02s total. Expected time remaining: 2e+02s
2020-07-27 00:42:57,499 - root - INFO - #95 MAX:accuracy.mean: 0.93
2020-07-27 00:42:57,543 - root - DEBUG - Sampled weight [1.22509284 2.49401495 1.0389138  2.48953179 1.10753908]
2020-07-27 00:42:58,667 - root - DEBUG - Updating hall of fame
2020-07-27 00:42:59,835 - root - INFO - Completed generation 96; 2.3s elapsed, 1.9s avg, 1.8e+02s total. Expected time remaining: 2e+02s
2020-07-27 00:42:59,885 - root - INFO - #96 MAX:accuracy.mean: 0.9
2020-07-27 00:42:59,928 - root - DEBUG - Sampled weight [1.53304735 0.734625   0.77180157 1.2594428  0.54312692]
2020-07-27 00:43:01,054 - root - DEBUG - Updating hall of fame
2020-07-27 00:43:02,477 - root - INFO - Completed generation 97; 2.6s elapsed, 1.9s avg, 1.9e+02s total. Expected time remaining: 2e+02s
2020-07-27 00:43:02,529 - root - INFO - #97 MAX:accuracy.mean: 0.93
2020-07-27 00:43:02,575 - root - DEBUG - Sampled weight [0.66283775 0.63013637 0.92523858 1.48463735 1.09747584]
2020-07-27 00:43:03,736 - root - DEBUG - Updating hall of fame
2020-07-27 00:43:04,545 - root - INFO - Completed generation 98; 2.0s elapsed, 1.9s avg, 1.9e+02s total. Expected time remaining: 2e+02s
2020-07-27 00:43:04,596 - root - INFO - #98 MAX:accuracy.mean: 0.91
2020-07-27 00:43:04,639 - root - DEBUG - Sampled weight [0.99416542 1.06106267 0.28460353 0.89908706 1.58610376]
2020-07-27 00:43:05,768 - root - DEBUG - Updating hall of fame
2020-07-27 00:43:06,586 - root - INFO - Completed generation 99; 2.0s elapsed, 1.9s avg, 1.9e+02s total. Expected time remaining: 2e+02s
2020-07-27 00:43:06,636 - root - INFO - #99 MAX:accuracy.mean: 0.9
2020-07-27 00:43:06,680 - root - DEBUG - Sampled weight [2.38227298 1.04608485 1.44803138 0.93661788 0.3834564 ]
2020-07-27 00:43:07,812 - root - DEBUG - Updating hall of fame
2020-07-27 00:43:08,637 - root - INFO - Completed generation 100; 2.0s elapsed, 1.9s avg, 1.9e+02s total. Expected time remaining: 1.9e+02s
2020-07-27 00:43:08,687 - root - INFO - #100 MAX:accuracy.mean: 0.9
2020-07-27 00:43:08,847 - root - DEBUG - Sampled weight [1.44542715 1.2663128  0.92678727 0.79788719 0.31175519]
2020-07-27 00:43:09,976 - root - DEBUG - Updating hall of fame
2020-07-27 00:43:11,156 - root - INFO - Completed generation 101; 2.4s elapsed, 1.9s avg, 2e+02s total. Expected time remaining: 1.9e+02s
2020-07-27 00:43:11,206 - root - INFO - #101 MAX:accuracy.mean: 0.9
2020-07-27 00:43:11,249 - root - DEBUG - Sampled weight [1.26148089 0.87181501 0.98958247 0.67040332 0.54909613]
2020-07-27 00:43:12,375 - root - DEBUG - Updating hall of fame
2020-07-27 00:43:13,179 - root - INFO - Completed generation 102; 2.0s elapsed, 1.9s avg, 2e+02s total. Expected time remaining: 1.9e+02s
2020-07-27 00:43:13,229 - root - INFO - #102 MAX:accuracy.mean: 0.89
2020-07-27 00:43:13,272 - root - DEBUG - Sampled weight [1.69215021 0.52958931 1.87545991 2.0032782  0.82615285]
2020-07-27 00:43:14,396 - root - DEBUG - Updating hall of fame
2020-07-27 00:43:14,809 - root - INFO - Completed generation 103; 1.6s elapsed, 1.9s avg, 2e+02s total. Expected time remaining: 1.9e+02s
2020-07-27 00:43:14,859 - root - INFO - #103 MAX:accuracy.mean: 0.9
2020-07-27 00:43:14,902 - root - DEBUG - Sampled weight [0.75281385 0.70487297 0.75825174 2.80108018 1.6184139 ]
2020-07-27 00:43:16,035 - root - DEBUG - Updating hall of fame
2020-07-27 00:43:17,026 - root - INFO - Completed generation 104; 2.2s elapsed, 1.9s avg, 2e+02s total. Expected time remaining: 1.9e+02s
2020-07-27 00:43:17,076 - root - INFO - #104 MAX:accuracy.mean: 0.94
2020-07-27 00:43:17,119 - root - DEBUG - Sampled weight [1.01198606 0.83015712 0.67373436 0.63229479 1.13300358]
2020-07-27 00:43:18,245 - root - DEBUG - Updating hall of fame
2020-07-27 00:43:18,839 - root - INFO - Completed generation 105; 1.8s elapsed, 1.9s avg, 2e+02s total. Expected time remaining: 1.8e+02s
2020-07-27 00:43:18,889 - root - INFO - #105 MAX:accuracy.mean: 0.89
2020-07-27 00:43:18,932 - root - DEBUG - Sampled weight [1.66684142 1.4408184  1.53437584 1.80891204 0.61976148]
2020-07-27 00:43:20,039 - root - DEBUG - Updating hall of fame
2020-07-27 00:43:20,451 - root - INFO - Completed generation 106; 1.6s elapsed, 1.9s avg, 2e+02s total. Expected time remaining: 1.8e+02s
2020-07-27 00:43:20,501 - root - INFO - #106 MAX:accuracy.mean: 0.94
2020-07-27 00:43:20,544 - root - DEBUG - Sampled weight [0.49133224 0.43337484 1.14902161 0.72387922 0.56639814]
2020-07-27 00:43:21,661 - root - DEBUG - Updating hall of fame
2020-07-27 00:43:22,652 - root - INFO - Completed generation 107; 2.2s elapsed, 1.9s avg, 2.1e+02s total. Expected time remaining: 1.8e+02s
2020-07-27 00:43:22,704 - root - INFO - #107 MAX:accuracy.mean: 0.88
2020-07-27 00:43:22,749 - root - DEBUG - Sampled weight [1.13653836 0.66790204 0.51799992 0.62323771 0.57717169]
2020-07-27 00:43:23,929 - root - DEBUG - Updating hall of fame
2020-07-27 00:43:24,352 - root - INFO - Completed generation 108; 1.6s elapsed, 1.9s avg, 2.1e+02s total. Expected time remaining: 1.8e+02s
2020-07-27 00:43:24,402 - root - INFO - #108 MAX:accuracy.mean: 0.89
2020-07-27 00:43:24,445 - root - DEBUG - Sampled weight [1.1148416  1.06337136 1.41561704 1.02894332 1.17411092]
2020-07-27 00:43:25,567 - root - DEBUG - Updating hall of fame
2020-07-27 00:43:25,978 - root - INFO - Completed generation 109; 1.6s elapsed, 1.9s avg, 2.1e+02s total. Expected time remaining: 1.8e+02s
2020-07-27 00:43:26,028 - root - INFO - #109 MAX:accuracy.mean: 0.89
2020-07-27 00:43:26,071 - root - DEBUG - Sampled weight [0.70193233 1.01338041 0.67009697 2.27958515 1.33133324]
2020-07-27 00:43:27,191 - root - DEBUG - Updating hall of fame
2020-07-27 00:43:28,177 - root - INFO - Completed generation 110; 2.1s elapsed, 1.9s avg, 2.1e+02s total. Expected time remaining: 1.7e+02s
2020-07-27 00:43:28,228 - root - INFO - #110 MAX:accuracy.mean: 0.91
2020-07-27 00:43:28,315 - root - DEBUG - Sampled weight [0.28034353 1.5561324  1.03624654 0.68941307 2.07934752]
2020-07-27 00:43:29,440 - root - DEBUG - Updating hall of fame
2020-07-27 00:43:30,233 - root - INFO - Completed generation 111; 2.0s elapsed, 1.9s avg, 2.1e+02s total. Expected time remaining: 1.7e+02s
2020-07-27 00:43:30,283 - root - INFO - #111 MAX:accuracy.mean: 0.88
2020-07-27 00:43:30,328 - root - DEBUG - Sampled weight [1.09924046 0.81461857 1.75844826 1.12014568 0.79621219]
2020-07-27 00:43:31,451 - root - DEBUG - Updating hall of fame
2020-07-27 00:43:31,842 - root - INFO - Completed generation 112; 1.6s elapsed, 1.9s avg, 2.2e+02s total. Expected time remaining: 1.7e+02s
2020-07-27 00:43:31,892 - root - INFO - #112 MAX:accuracy.mean: 0.93
2020-07-27 00:43:31,935 - root - DEBUG - Sampled weight [0.41817732 1.39481442 0.80992027 1.9084974  0.44831722]
2020-07-27 00:43:33,083 - root - DEBUG - Updating hall of fame
2020-07-27 00:43:33,890 - root - INFO - Completed generation 113; 2.0s elapsed, 1.9s avg, 2.2e+02s total. Expected time remaining: 1.7e+02s
2020-07-27 00:43:33,940 - root - INFO - #113 MAX:accuracy.mean: 0.88
2020-07-27 00:43:33,983 - root - DEBUG - Sampled weight [1.32914967 0.68351399 0.63788034 0.44009109 1.9352109 ]
2020-07-27 00:43:35,115 - root - DEBUG - Updating hall of fame
2020-07-27 00:43:35,515 - root - INFO - Completed generation 114; 1.6s elapsed, 1.9s avg, 2.2e+02s total. Expected time remaining: 1.7e+02s
2020-07-27 00:43:35,565 - root - INFO - #114 MAX:accuracy.mean: 0.9
2020-07-27 00:43:35,607 - root - DEBUG - Sampled weight [3.065201   1.96866083 0.54965567 0.5991607  0.86463027]
2020-07-27 00:43:36,751 - root - DEBUG - Updating hall of fame
2020-07-27 00:43:37,163 - root - INFO - Completed generation 115; 1.6s elapsed, 1.9s avg, 2.2e+02s total. Expected time remaining: 1.6e+02s
2020-07-27 00:43:37,213 - root - INFO - #115 MAX:accuracy.mean: 0.89
2020-07-27 00:43:37,255 - root - DEBUG - Sampled weight [1.86147786 1.22960297 0.34519772 0.59348233 1.19330772]
2020-07-27 00:43:38,392 - root - DEBUG - Updating hall of fame
2020-07-27 00:43:38,993 - root - INFO - Completed generation 116; 1.8s elapsed, 1.9s avg, 2.2e+02s total. Expected time remaining: 1.6e+02s
2020-07-27 00:43:39,043 - root - INFO - #116 MAX:accuracy.mean: 0.88
2020-07-27 00:43:39,086 - root - DEBUG - Sampled weight [0.49921355 0.57071705 0.67512705 0.74045153 0.63880449]
2020-07-27 00:43:40,232 - root - DEBUG - Updating hall of fame
2020-07-27 00:43:40,655 - root - INFO - Completed generation 117; 1.6s elapsed, 1.9s avg, 2.2e+02s total. Expected time remaining: 1.6e+02s
2020-07-27 00:43:40,705 - root - INFO - #117 MAX:accuracy.mean: 0.91
2020-07-27 00:43:40,747 - root - DEBUG - Sampled weight [0.73417068 0.61468013 1.19493146 0.88643323 2.2283255 ]
2020-07-27 00:43:41,887 - root - DEBUG - Updating hall of fame
2020-07-27 00:43:42,313 - root - INFO - Completed generation 118; 1.6s elapsed, 1.9s avg, 2.3e+02s total. Expected time remaining: 1.6e+02s
2020-07-27 00:43:42,363 - root - INFO - #118 MAX:accuracy.mean: 0.91
2020-07-27 00:43:42,406 - root - DEBUG - Sampled weight [1.24231123 0.69856659 0.49289987 1.90608216 0.69791218]
2020-07-27 00:43:43,527 - root - DEBUG - Updating hall of fame
2020-07-27 00:43:44,505 - root - INFO - Completed generation 119; 2.1s elapsed, 1.9s avg, 2.3e+02s total. Expected time remaining: 1.6e+02s
2020-07-27 00:43:44,555 - root - INFO - #119 MAX:accuracy.mean: 0.9
2020-07-27 00:43:44,598 - root - DEBUG - Sampled weight [0.53487482 0.75040723 0.64189529 1.02104718 0.72169841]
2020-07-27 00:43:45,722 - root - DEBUG - Updating hall of fame
2020-07-27 00:43:45,723 - root - INFO - Completed generation 120; 1.2s elapsed, 1.9s avg, 2.3e+02s total. Expected time remaining: 1.5e+02s
2020-07-27 00:43:45,773 - root - INFO - #120 MAX:accuracy.mean: 0.88
2020-07-27 00:43:45,890 - root - DEBUG - Sampled weight [1.25801202 1.034639   0.5706829  1.6529574  1.8388308 ]
2020-07-27 00:43:47,003 - root - DEBUG - Updating hall of fame
2020-07-27 00:43:47,003 - root - INFO - Completed generation 121; 1.2s elapsed, 1.9s avg, 2.3e+02s total. Expected time remaining: 1.5e+02s
2020-07-27 00:43:47,053 - root - INFO - #121 MAX:accuracy.mean: 0.91
2020-07-27 00:43:47,097 - root - DEBUG - Sampled weight [0.75825121 1.22068642 0.53832764 0.71996033 1.64963642]
2020-07-27 00:43:48,231 - root - DEBUG - Updating hall of fame
2020-07-27 00:43:49,207 - root - INFO - Completed generation 122; 2.2s elapsed, 1.9s avg, 2.3e+02s total. Expected time remaining: 1.5e+02s
2020-07-27 00:43:49,257 - root - INFO - #122 MAX:accuracy.mean: 0.93
2020-07-27 00:43:49,300 - root - DEBUG - Sampled weight [0.49795395 1.71268335 0.81874708 0.75024429 1.04516512]
2020-07-27 00:43:50,417 - root - DEBUG - Updating hall of fame
2020-07-27 00:43:50,417 - root - INFO - Completed generation 123; 1.2s elapsed, 1.9s avg, 2.3e+02s total. Expected time remaining: 1.5e+02s
2020-07-27 00:43:50,467 - root - INFO - #123 MAX:accuracy.mean: 0.88
2020-07-27 00:43:50,511 - root - DEBUG - Sampled weight [0.97404786 0.65234884 0.59260805 0.70317567 0.55415006]
2020-07-27 00:43:51,633 - root - DEBUG - Updating hall of fame
2020-07-27 00:43:51,825 - root - INFO - Completed generation 124; 1.4s elapsed, 1.9s avg, 2.3e+02s total. Expected time remaining: 1.4e+02s
2020-07-27 00:43:51,875 - root - INFO - #124 MAX:accuracy.mean: 0.92
2020-07-27 00:43:51,919 - root - DEBUG - Sampled weight [0.53418639 1.73106384 1.18534497 0.40657272 0.77301491]
2020-07-27 00:43:53,043 - root - DEBUG - Updating hall of fame
2020-07-27 00:43:53,043 - root - INFO - Completed generation 125; 1.2s elapsed, 1.9s avg, 2.4e+02s total. Expected time remaining: 1.4e+02s
2020-07-27 00:43:53,094 - root - INFO - #125 MAX:accuracy.mean: 0.85
2020-07-27 00:43:53,137 - root - DEBUG - Sampled weight [0.93733769 1.36216436 0.94222096 1.59247512 0.86531908]
2020-07-27 00:43:54,264 - root - DEBUG - Updating hall of fame
2020-07-27 00:43:54,455 - root - INFO - Completed generation 126; 1.4s elapsed, 1.9s avg, 2.4e+02s total. Expected time remaining: 1.4e+02s
2020-07-27 00:43:54,505 - root - INFO - #126 MAX:accuracy.mean: 0.96
2020-07-27 00:43:54,549 - root - DEBUG - Sampled weight [1.12590065 0.6186649  0.57796579 0.79624765 0.575695  ]
2020-07-27 00:43:55,692 - root - DEBUG - Updating hall of fame
2020-07-27 00:43:56,283 - root - INFO - Completed generation 127; 1.8s elapsed, 1.9s avg, 2.4e+02s total. Expected time remaining: 1.4e+02s
2020-07-27 00:43:56,333 - root - INFO - #127 MAX:accuracy.mean: 0.94
2020-07-27 00:43:56,375 - root - DEBUG - Sampled weight [0.94458578 0.75993925 1.80749147 2.11595063 1.63868924]
2020-07-27 00:43:57,492 - root - DEBUG - Updating hall of fame
2020-07-27 00:43:57,492 - root - INFO - Completed generation 128; 1.2s elapsed, 1.9s avg, 2.4e+02s total. Expected time remaining: 1.4e+02s
2020-07-27 00:43:57,543 - root - INFO - #128 MAX:accuracy.mean: 0.92
2020-07-27 00:43:57,587 - root - DEBUG - Sampled weight [0.80274837 1.04368421 1.34481966 1.61153155 0.49740159]
2020-07-27 00:43:58,731 - root - DEBUG - Updating hall of fame
2020-07-27 00:43:59,505 - root - INFO - Completed generation 129; 2.0s elapsed, 1.9s avg, 2.4e+02s total. Expected time remaining: 1.3e+02s
2020-07-27 00:43:59,555 - root - INFO - #129 MAX:accuracy.mean: 0.9
2020-07-27 00:43:59,598 - root - DEBUG - Sampled weight [0.97303302 3.17501904 2.074502   0.59076493 0.59987289]
2020-07-27 00:44:00,743 - root - DEBUG - Updating hall of fame
2020-07-27 00:44:00,935 - root - INFO - Completed generation 130; 1.4s elapsed, 1.9s avg, 2.4e+02s total. Expected time remaining: 1.3e+02s
2020-07-27 00:44:00,985 - root - INFO - #130 MAX:accuracy.mean: 0.9
2020-07-27 00:44:01,112 - root - DEBUG - Sampled weight [1.02132839 2.00459611 1.35327779 1.13930736 2.53312866]
2020-07-27 00:44:02,251 - root - DEBUG - Updating hall of fame
2020-07-27 00:44:02,648 - root - INFO - Completed generation 131; 1.6s elapsed, 1.9s avg, 2.5e+02s total. Expected time remaining: 1.3e+02s
2020-07-27 00:44:02,698 - root - INFO - #131 MAX:accuracy.mean: 0.89
2020-07-27 00:44:02,741 - root - DEBUG - Sampled weight [1.10689315 0.79975706 1.09378307 0.89405916 2.05217163]
2020-07-27 00:44:03,865 - root - DEBUG - Updating hall of fame
2020-07-27 00:44:04,853 - root - INFO - Completed generation 132; 2.2s elapsed, 1.9s avg, 2.5e+02s total. Expected time remaining: 1.3e+02s
2020-07-27 00:44:04,903 - root - INFO - #132 MAX:accuracy.mean: 0.95
2020-07-27 00:44:04,947 - root - DEBUG - Sampled weight [2.27283797 1.21590452 1.52429197 0.8816458  1.7362302 ]
2020-07-27 00:44:06,093 - root - DEBUG - Updating hall of fame
2020-07-27 00:44:06,478 - root - INFO - Completed generation 133; 1.6s elapsed, 1.9s avg, 2.5e+02s total. Expected time remaining: 1.3e+02s
2020-07-27 00:44:06,529 - root - INFO - #133 MAX:accuracy.mean: 0.91
2020-07-27 00:44:06,572 - root - DEBUG - Sampled weight [2.01010208 0.99259058 1.11940867 1.05122219 0.73824926]
2020-07-27 00:44:07,763 - root - DEBUG - Updating hall of fame
2020-07-27 00:44:08,941 - root - INFO - Completed generation 134; 2.4s elapsed, 1.9s avg, 2.5e+02s total. Expected time remaining: 1.2e+02s
2020-07-27 00:44:08,991 - root - INFO - #134 MAX:accuracy.mean: 0.88
2020-07-27 00:44:09,036 - root - DEBUG - Sampled weight [0.66026398 1.51522833 0.99059187 0.52629533 0.88855523]
2020-07-27 00:44:10,187 - root - DEBUG - Updating hall of fame
2020-07-27 00:44:10,187 - root - INFO - Completed generation 135; 1.2s elapsed, 1.9s avg, 2.5e+02s total. Expected time remaining: 1.2e+02s
2020-07-27 00:44:10,238 - root - INFO - #135 MAX:accuracy.mean: 0.9
2020-07-27 00:44:10,281 - root - DEBUG - Sampled weight [0.66809416 0.97889    1.89004089 0.54321671 1.10153006]
2020-07-27 00:44:11,411 - root - DEBUG - Updating hall of fame
2020-07-27 00:44:11,411 - root - INFO - Completed generation 136; 1.2s elapsed, 1.9s avg, 2.5e+02s total. Expected time remaining: 1.2e+02s
2020-07-27 00:44:11,461 - root - INFO - #136 MAX:accuracy.mean: 0.9
2020-07-27 00:44:11,505 - root - DEBUG - Sampled weight [0.39962255 0.46767722 0.88097998 0.71098382 0.47233559]
2020-07-27 00:44:12,638 - root - DEBUG - Updating hall of fame
2020-07-27 00:44:12,829 - root - INFO - Completed generation 137; 1.4s elapsed, 1.9s avg, 2.6e+02s total. Expected time remaining: 1.2e+02s
2020-07-27 00:44:12,879 - root - INFO - #137 MAX:accuracy.mean: 0.87
2020-07-27 00:44:12,922 - root - DEBUG - Sampled weight [0.95078336 0.31708642 0.87742202 1.67559486 1.54619717]
2020-07-27 00:44:14,048 - root - DEBUG - Updating hall of fame
2020-07-27 00:44:14,049 - root - INFO - Completed generation 138; 1.2s elapsed, 1.9s avg, 2.6e+02s total. Expected time remaining: 1.2e+02s
2020-07-27 00:44:14,099 - root - INFO - #138 MAX:accuracy.mean: 0.87
2020-07-27 00:44:14,143 - root - DEBUG - Sampled weight [0.53855635 0.78234971 0.78295056 0.83877002 1.47836925]
2020-07-27 00:44:15,286 - root - DEBUG - Updating hall of fame
2020-07-27 00:44:15,286 - root - INFO - Completed generation 139; 1.2s elapsed, 1.9s avg, 2.6e+02s total. Expected time remaining: 1.1e+02s
2020-07-27 00:44:15,336 - root - INFO - #139 MAX:accuracy.mean: 0.9
2020-07-27 00:44:15,379 - root - DEBUG - Sampled weight [1.08896479 0.48287913 1.56529505 0.60643817 0.75106067]
2020-07-27 00:44:16,509 - root - DEBUG - Updating hall of fame
2020-07-27 00:44:16,509 - root - INFO - Completed generation 140; 1.2s elapsed, 1.8s avg, 2.6e+02s total. Expected time remaining: 1.1e+02s
2020-07-27 00:44:16,560 - root - INFO - #140 MAX:accuracy.mean: 0.91
2020-07-27 00:44:16,720 - root - DEBUG - Sampled weight [1.47987226 1.06709669 0.66394542 0.51045344 0.87068235]
2020-07-27 00:44:17,845 - root - DEBUG - Updating hall of fame
2020-07-27 00:44:18,038 - root - INFO - Completed generation 141; 1.4s elapsed, 1.8s avg, 2.6e+02s total. Expected time remaining: 1.1e+02s
2020-07-27 00:44:18,088 - root - INFO - #141 MAX:accuracy.mean: 0.9
2020-07-27 00:44:18,132 - root - DEBUG - Sampled weight [0.70434595 0.58235258 0.6411416  0.71803944 0.81126544]
2020-07-27 00:44:19,253 - root - DEBUG - Updating hall of fame
2020-07-27 00:44:19,254 - root - INFO - Completed generation 142; 1.2s elapsed, 1.8s avg, 2.6e+02s total. Expected time remaining: 1.1e+02s
2020-07-27 00:44:19,304 - root - INFO - #142 MAX:accuracy.mean: 0.94
2020-07-27 00:44:19,347 - root - DEBUG - Sampled weight [0.79236774 1.9020523  2.16539404 0.60448022 0.80427467]
2020-07-27 00:44:20,474 - root - DEBUG - Updating hall of fame
2020-07-27 00:44:20,474 - root - INFO - Completed generation 143; 1.2s elapsed, 1.8s avg, 2.6e+02s total. Expected time remaining: 1e+02s
2020-07-27 00:44:20,524 - root - INFO - #143 MAX:accuracy.mean: 0.94
2020-07-27 00:44:20,567 - root - DEBUG - Sampled weight [0.41853405 0.63627776 0.87997097 0.25542774 0.71927954]
2020-07-27 00:44:21,687 - root - DEBUG - Updating hall of fame
2020-07-27 00:44:22,266 - root - INFO - Completed generation 144; 1.7s elapsed, 1.8s avg, 2.6e+02s total. Expected time remaining: 1e+02s
2020-07-27 00:44:22,316 - root - INFO - #144 MAX:accuracy.mean: 0.91
2020-07-27 00:44:22,359 - root - DEBUG - Sampled weight [1.71375995 1.03071047 1.74576504 0.69377283 0.4122154 ]
2020-07-27 00:44:23,483 - root - DEBUG - Updating hall of fame
2020-07-27 00:44:23,684 - root - INFO - Completed generation 145; 1.4s elapsed, 1.8s avg, 2.7e+02s total. Expected time remaining: 1e+02s
2020-07-27 00:44:23,734 - root - INFO - #145 MAX:accuracy.mean: 0.91
2020-07-27 00:44:23,778 - root - DEBUG - Sampled weight [1.25541401 1.09769687 1.5840677  1.87307533 1.48885801]
2020-07-27 00:44:24,903 - root - DEBUG - Updating hall of fame
2020-07-27 00:44:25,104 - root - INFO - Completed generation 146; 1.4s elapsed, 1.8s avg, 2.7e+02s total. Expected time remaining: 9.9e+01s
2020-07-27 00:44:25,154 - root - INFO - #146 MAX:accuracy.mean: 0.96
2020-07-27 00:44:25,198 - root - DEBUG - Sampled weight [1.29205983 0.69171496 0.85250308 1.37236915 0.76331306]
2020-07-27 00:44:26,340 - root - DEBUG - Updating hall of fame
2020-07-27 00:44:26,930 - root - INFO - Completed generation 147; 1.8s elapsed, 1.8s avg, 2.7e+02s total. Expected time remaining: 9.7e+01s
2020-07-27 00:44:26,980 - root - INFO - #147 MAX:accuracy.mean: 0.96
2020-07-27 00:44:27,023 - root - DEBUG - Sampled weight [0.49116361 0.32621079 0.81408116 0.92289616 0.75455153]
2020-07-27 00:44:28,152 - root - DEBUG - Updating hall of fame
2020-07-27 00:44:28,762 - root - INFO - Completed generation 148; 1.8s elapsed, 1.8s avg, 2.7e+02s total. Expected time remaining: 9.5e+01s
2020-07-27 00:44:28,812 - root - INFO - #148 MAX:accuracy.mean: 0.92
2020-07-27 00:44:28,856 - root - DEBUG - Sampled weight [1.32260994 1.39066992 1.4759891  1.13595879 1.07117711]
2020-07-27 00:44:30,002 - root - DEBUG - Updating hall of fame
2020-07-27 00:44:30,403 - root - INFO - Completed generation 149; 1.6s elapsed, 1.8s avg, 2.7e+02s total. Expected time remaining: 9.3e+01s
2020-07-27 00:44:30,453 - root - INFO - #149 MAX:accuracy.mean: 0.96
2020-07-27 00:44:30,496 - root - DEBUG - Sampled weight [2.37427637 1.22661317 0.65467403 0.68474389 0.94712573]
2020-07-27 00:44:31,628 - root - DEBUG - Updating hall of fame
2020-07-27 00:44:32,409 - root - INFO - Completed generation 150; 2.0s elapsed, 1.8s avg, 2.7e+02s total. Expected time remaining: 9.1e+01s
2020-07-27 00:44:32,459 - root - INFO - #150 MAX:accuracy.mean: 0.95
2020-07-27 00:44:32,589 - root - DEBUG - Sampled weight [0.79517434 2.43327018 0.58512993 1.727386   2.72232078]
2020-07-27 00:44:33,734 - root - DEBUG - Updating hall of fame
2020-07-27 00:44:34,326 - root - INFO - Completed generation 151; 1.8s elapsed, 1.8s avg, 2.8e+02s total. Expected time remaining: 9e+01s
2020-07-27 00:44:34,377 - root - INFO - #151 MAX:accuracy.mean: 0.92
2020-07-27 00:44:34,420 - root - DEBUG - Sampled weight [0.69798187 0.48226207 2.67964066 1.36381507 1.37078016]
2020-07-27 00:44:35,551 - root - DEBUG - Updating hall of fame
2020-07-27 00:44:36,524 - root - INFO - Completed generation 152; 2.1s elapsed, 1.8s avg, 2.8e+02s total. Expected time remaining: 8.8e+01s
2020-07-27 00:44:36,575 - root - INFO - #152 MAX:accuracy.mean: 0.92
2020-07-27 00:44:36,617 - root - DEBUG - Sampled weight [3.0060523  0.68779405 2.03117661 0.39414952 2.22946483]
2020-07-27 00:44:37,727 - root - DEBUG - Updating hall of fame
2020-07-27 00:44:38,323 - root - INFO - Completed generation 153; 1.7s elapsed, 1.8s avg, 2.8e+02s total. Expected time remaining: 8.6e+01s
2020-07-27 00:44:38,373 - root - INFO - #153 MAX:accuracy.mean: 0.88
2020-07-27 00:44:38,416 - root - DEBUG - Sampled weight [1.77140154 0.36081745 0.81072729 1.05659431 0.35833498]
2020-07-27 00:44:39,537 - root - DEBUG - Updating hall of fame
2020-07-27 00:44:39,741 - root - INFO - Completed generation 154; 1.4s elapsed, 1.8s avg, 2.8e+02s total. Expected time remaining: 8.4e+01s
2020-07-27 00:44:39,791 - root - INFO - #154 MAX:accuracy.mean: 0.88
2020-07-27 00:44:39,834 - root - DEBUG - Sampled weight [0.38575605 0.97329593 1.65577665 3.23052372 0.36589556]
2020-07-27 00:44:40,948 - root - DEBUG - Updating hall of fame
2020-07-27 00:44:40,948 - root - INFO - Completed generation 155; 1.2s elapsed, 1.8s avg, 2.8e+02s total. Expected time remaining: 8.2e+01s
2020-07-27 00:44:40,999 - root - INFO - #155 MAX:accuracy.mean: 0.87
2020-07-27 00:44:41,042 - root - DEBUG - Sampled weight [0.75991453 0.80019679 1.47183159 0.54367492 0.26805542]
2020-07-27 00:44:42,186 - root - DEBUG - Updating hall of fame
2020-07-27 00:44:42,592 - root - INFO - Completed generation 156; 1.6s elapsed, 1.8s avg, 2.8e+02s total. Expected time remaining: 8e+01s
2020-07-27 00:44:42,643 - root - INFO - #156 MAX:accuracy.mean: 0.9
2020-07-27 00:44:42,686 - root - DEBUG - Sampled weight [0.65835659 1.05356314 1.94317829 1.02604784 1.27227134]
2020-07-27 00:44:43,833 - root - DEBUG - Updating hall of fame
2020-07-27 00:44:44,049 - root - INFO - Completed generation 157; 1.4s elapsed, 1.8s avg, 2.9e+02s total. Expected time remaining: 7.8e+01s
2020-07-27 00:44:44,099 - root - INFO - #157 MAX:accuracy.mean: 0.93
2020-07-27 00:44:44,143 - root - DEBUG - Sampled weight [1.91718595 0.95066666 1.14392641 1.39906413 0.67075005]
2020-07-27 00:44:45,288 - root - DEBUG - Updating hall of fame
2020-07-27 00:44:45,883 - root - INFO - Completed generation 158; 1.8s elapsed, 1.8s avg, 2.9e+02s total. Expected time remaining: 7.6e+01s
2020-07-27 00:44:45,933 - root - INFO - #158 MAX:accuracy.mean: 0.94
2020-07-27 00:44:45,977 - root - DEBUG - Sampled weight [0.96768167 0.64467566 2.61718771 2.13830623 0.86187567]
2020-07-27 00:44:47,127 - root - DEBUG - Updating hall of fame
2020-07-27 00:44:48,105 - root - INFO - Completed generation 159; 2.2s elapsed, 1.8s avg, 2.9e+02s total. Expected time remaining: 7.5e+01s
2020-07-27 00:44:48,155 - root - INFO - #159 MAX:accuracy.mean: 0.91
2020-07-27 00:44:48,198 - root - DEBUG - Sampled weight [1.62742691 0.66777519 0.96434102 0.96328237 1.51129364]
2020-07-27 00:44:49,326 - root - DEBUG - Updating hall of fame
2020-07-27 00:44:49,935 - root - INFO - Completed generation 160; 1.8s elapsed, 1.8s avg, 2.9e+02s total. Expected time remaining: 7.3e+01s
2020-07-27 00:44:49,986 - root - INFO - #160 MAX:accuracy.mean: 0.95
2020-07-27 00:44:50,078 - root - DEBUG - Sampled weight [0.79667115 1.34360432 0.58333296 0.67704267 1.08554066]
2020-07-27 00:44:51,213 - root - DEBUG - Updating hall of fame
2020-07-27 00:44:51,808 - root - INFO - Completed generation 161; 1.8s elapsed, 1.8s avg, 2.9e+02s total. Expected time remaining: 7.1e+01s
2020-07-27 00:44:51,858 - root - INFO - #161 MAX:accuracy.mean: 0.95
2020-07-27 00:44:51,902 - root - DEBUG - Sampled weight [1.1847983  1.14089673 1.03535288 0.70263509 0.8926502 ]
2020-07-27 00:44:53,050 - root - DEBUG - Updating hall of fame
2020-07-27 00:44:53,455 - root - INFO - Completed generation 162; 1.6s elapsed, 1.8s avg, 2.9e+02s total. Expected time remaining: 6.9e+01s
2020-07-27 00:44:53,505 - root - INFO - #162 MAX:accuracy.mean: 0.95
2020-07-27 00:44:53,547 - root - DEBUG - Sampled weight [0.63649103 1.35957893 0.65302149 1.02145387 0.87348158]
2020-07-27 00:44:54,673 - root - DEBUG - Updating hall of fame
2020-07-27 00:44:55,454 - root - INFO - Completed generation 163; 1.9s elapsed, 1.8s avg, 3e+02s total. Expected time remaining: 6.7e+01s
2020-07-27 00:44:55,504 - root - INFO - #163 MAX:accuracy.mean: 0.95
2020-07-27 00:44:55,547 - root - DEBUG - Sampled weight [1.21349388 0.81093616 0.93376311 1.08248328 2.31846776]
2020-07-27 00:44:56,686 - root - DEBUG - Updating hall of fame
2020-07-27 00:44:57,091 - root - INFO - Completed generation 164; 1.6s elapsed, 1.8s avg, 3e+02s total. Expected time remaining: 6.5e+01s
2020-07-27 00:44:57,142 - root - INFO - #164 MAX:accuracy.mean: 0.92
2020-07-27 00:44:57,184 - root - DEBUG - Sampled weight [0.69570631 0.45991807 1.54043171 1.16623205 2.06964234]
2020-07-27 00:44:58,333 - root - DEBUG - Updating hall of fame
2020-07-27 00:44:59,690 - root - INFO - Completed generation 165; 2.5s elapsed, 1.8s avg, 3e+02s total. Expected time remaining: 6.4e+01s
2020-07-27 00:44:59,740 - root - INFO - #165 MAX:accuracy.mean: 0.92
2020-07-27 00:44:59,783 - root - DEBUG - Sampled weight [0.42346624 0.53126956 1.80312422 0.76615881 0.85602224]
2020-07-27 00:45:00,923 - root - DEBUG - Updating hall of fame
2020-07-27 00:45:01,540 - root - INFO - Completed generation 166; 1.8s elapsed, 1.8s avg, 3e+02s total. Expected time remaining: 6.2e+01s
2020-07-27 00:45:01,593 - root - INFO - #166 MAX:accuracy.mean: 0.93
2020-07-27 00:45:01,638 - root - DEBUG - Sampled weight [2.49486143 0.39343473 1.96203472 0.4597755  1.4892238 ]
2020-07-27 00:45:02,789 - root - DEBUG - Updating hall of fame
2020-07-27 00:45:03,203 - root - INFO - Completed generation 167; 1.6s elapsed, 1.8s avg, 3e+02s total. Expected time remaining: 6e+01s
2020-07-27 00:45:03,253 - root - INFO - #167 MAX:accuracy.mean: 0.92
2020-07-27 00:45:03,296 - root - DEBUG - Sampled weight [0.47956878 1.7486977  1.54926818 1.5301138  0.40177307]
2020-07-27 00:45:04,438 - root - DEBUG - Updating hall of fame
2020-07-27 00:45:04,843 - root - INFO - Completed generation 168; 1.6s elapsed, 1.8s avg, 3.1e+02s total. Expected time remaining: 5.8e+01s
2020-07-27 00:45:04,893 - root - INFO - #168 MAX:accuracy.mean: 0.92
2020-07-27 00:45:04,936 - root - DEBUG - Sampled weight [1.53349557 1.20578145 0.55741838 1.65417998 0.51637152]
2020-07-27 00:45:06,062 - root - DEBUG - Updating hall of fame
2020-07-27 00:45:06,467 - root - INFO - Completed generation 169; 1.6s elapsed, 1.8s avg, 3.1e+02s total. Expected time remaining: 5.6e+01s
2020-07-27 00:45:06,517 - root - INFO - #169 MAX:accuracy.mean: 0.94
2020-07-27 00:45:06,559 - root - DEBUG - Sampled weight [1.71514181 1.26441745 0.86787036 1.05666419 1.82311116]
2020-07-27 00:45:07,704 - root - DEBUG - Updating hall of fame
2020-07-27 00:45:08,683 - root - INFO - Completed generation 170; 2.2s elapsed, 1.8s avg, 3.1e+02s total. Expected time remaining: 5.5e+01s
2020-07-27 00:45:08,732 - root - INFO - #170 MAX:accuracy.mean: 0.94
2020-07-27 00:45:08,850 - root - DEBUG - Sampled weight [0.82195119 1.66732153 0.81800396 0.56454836 0.49255742]
2020-07-27 00:45:10,012 - root - DEBUG - Updating hall of fame
2020-07-27 00:45:10,800 - root - INFO - Completed generation 171; 2.0s elapsed, 1.8s avg, 3.1e+02s total. Expected time remaining: 5.3e+01s
2020-07-27 00:45:10,850 - root - INFO - #171 MAX:accuracy.mean: 0.95
2020-07-27 00:45:10,894 - root - DEBUG - Sampled weight [0.80911573 0.75899222 0.60435475 0.72993236 0.85970523]
2020-07-27 00:45:12,057 - root - DEBUG - Updating hall of fame
2020-07-27 00:45:12,466 - root - INFO - Completed generation 172; 1.6s elapsed, 1.8s avg, 3.1e+02s total. Expected time remaining: 5.1e+01s
2020-07-27 00:45:12,516 - root - INFO - #172 MAX:accuracy.mean: 0.95
2020-07-27 00:45:12,560 - root - DEBUG - Sampled weight [0.84631176 0.66426672 1.26194059 0.74621012 1.54295199]
2020-07-27 00:45:13,722 - root - DEBUG - Updating hall of fame
2020-07-27 00:45:13,938 - root - INFO - Completed generation 173; 1.4s elapsed, 1.8s avg, 3.1e+02s total. Expected time remaining: 4.9e+01s
2020-07-27 00:45:13,989 - root - INFO - #173 MAX:accuracy.mean: 0.95
2020-07-27 00:45:14,032 - root - DEBUG - Sampled weight [1.25040368 1.2170735  1.26080702 1.4315904  0.68405385]
2020-07-27 00:45:15,174 - root - DEBUG - Updating hall of fame
2020-07-27 00:45:15,967 - root - INFO - Completed generation 174; 2.0s elapsed, 1.8s avg, 3.2e+02s total. Expected time remaining: 4.7e+01s
2020-07-27 00:45:16,017 - root - INFO - #174 MAX:accuracy.mean: 0.95
2020-07-27 00:45:16,060 - root - DEBUG - Sampled weight [0.54991621 0.70585499 1.05577631 1.01875045 0.6344689 ]
2020-07-27 00:45:17,192 - root - DEBUG - Updating hall of fame
2020-07-27 00:45:17,789 - root - INFO - Completed generation 175; 1.8s elapsed, 1.8s avg, 3.2e+02s total. Expected time remaining: 4.5e+01s
2020-07-27 00:45:17,839 - root - INFO - #175 MAX:accuracy.mean: 0.94
2020-07-27 00:45:17,883 - root - DEBUG - Sampled weight [0.27324819 2.08389061 0.78480296 0.94096429 1.38759401]
2020-07-27 00:45:19,026 - root - DEBUG - Updating hall of fame
2020-07-27 00:45:19,027 - root - INFO - Completed generation 176; 1.2s elapsed, 1.8s avg, 3.2e+02s total. Expected time remaining: 4.4e+01s
2020-07-27 00:45:19,077 - root - INFO - #176 MAX:accuracy.mean: 0.89
2020-07-27 00:45:19,123 - root - DEBUG - Sampled weight [0.76022392 0.79549278 0.75546814 0.87073205 1.4524379 ]
2020-07-27 00:45:20,284 - root - DEBUG - Updating hall of fame
2020-07-27 00:45:20,882 - root - INFO - Completed generation 177; 1.8s elapsed, 1.8s avg, 3.2e+02s total. Expected time remaining: 4.2e+01s
2020-07-27 00:45:20,932 - root - INFO - #177 MAX:accuracy.mean: 0.95
2020-07-27 00:45:20,976 - root - DEBUG - Sampled weight [0.69212311 0.59272525 0.8380681  1.30405138 0.79683491]
2020-07-27 00:45:22,121 - root - DEBUG - Updating hall of fame
2020-07-27 00:45:22,525 - root - INFO - Completed generation 178; 1.6s elapsed, 1.8s avg, 3.2e+02s total. Expected time remaining: 4e+01s
2020-07-27 00:45:22,575 - root - INFO - #178 MAX:accuracy.mean: 0.96
2020-07-27 00:45:22,618 - root - DEBUG - Sampled weight [0.62775692 1.21022164 1.40314877 0.73363541 0.80084866]
2020-07-27 00:45:23,769 - root - DEBUG - Updating hall of fame
2020-07-27 00:45:24,355 - root - INFO - Completed generation 179; 1.8s elapsed, 1.8s avg, 3.2e+02s total. Expected time remaining: 3.8e+01s
2020-07-27 00:45:24,409 - root - INFO - #179 MAX:accuracy.mean: 0.93
2020-07-27 00:45:24,452 - root - DEBUG - Sampled weight [0.89327782 0.78325472 2.30181051 1.95895355 3.68743766]
2020-07-27 00:45:25,607 - root - DEBUG - Updating hall of fame
2020-07-27 00:45:26,015 - root - INFO - Completed generation 180; 1.6s elapsed, 1.8s avg, 3.3e+02s total. Expected time remaining: 3.6e+01s
2020-07-27 00:45:26,065 - root - INFO - #180 MAX:accuracy.mean: 0.89
2020-07-27 00:45:26,203 - root - DEBUG - Sampled weight [1.12988086 0.86725026 2.08442904 1.38884199 1.25798435]
2020-07-27 00:45:27,369 - root - DEBUG - Updating hall of fame
2020-07-27 00:45:27,955 - root - INFO - Completed generation 181; 1.8s elapsed, 1.8s avg, 3.3e+02s total. Expected time remaining: 3.4e+01s
2020-07-27 00:45:28,005 - root - INFO - #181 MAX:accuracy.mean: 0.93
2020-07-27 00:45:28,049 - root - DEBUG - Sampled weight [1.70095083 0.71717763 0.87131501 0.46627573 1.10326634]
2020-07-27 00:45:29,204 - root - DEBUG - Updating hall of fame
2020-07-27 00:45:29,795 - root - INFO - Completed generation 182; 1.8s elapsed, 1.8s avg, 3.3e+02s total. Expected time remaining: 3.3e+01s
2020-07-27 00:45:29,845 - root - INFO - #182 MAX:accuracy.mean: 0.93
2020-07-27 00:45:29,889 - root - DEBUG - Sampled weight [0.9409409  0.66752191 0.31219684 0.27924347 1.01830075]
2020-07-27 00:45:31,043 - root - DEBUG - Updating hall of fame
2020-07-27 00:45:31,649 - root - INFO - Completed generation 183; 1.8s elapsed, 1.8s avg, 3.3e+02s total. Expected time remaining: 3.1e+01s
2020-07-27 00:45:31,699 - root - INFO - #183 MAX:accuracy.mean: 0.89
2020-07-27 00:45:31,744 - root - DEBUG - Sampled weight [1.69099964 0.45266534 1.37842566 1.0466612  0.61250749]
2020-07-27 00:45:32,895 - root - DEBUG - Updating hall of fame
2020-07-27 00:45:32,896 - root - INFO - Completed generation 184; 1.2s elapsed, 1.8s avg, 3.3e+02s total. Expected time remaining: 2.9e+01s
2020-07-27 00:45:32,946 - root - INFO - #184 MAX:accuracy.mean: 0.92
2020-07-27 00:45:32,989 - root - DEBUG - Sampled weight [0.9583611  0.58137075 0.64409213 0.35891248 0.42385207]
2020-07-27 00:45:34,130 - root - DEBUG - Updating hall of fame
2020-07-27 00:45:34,722 - root - INFO - Completed generation 185; 1.8s elapsed, 1.8s avg, 3.3e+02s total. Expected time remaining: 2.7e+01s
2020-07-27 00:45:34,772 - root - INFO - #185 MAX:accuracy.mean: 0.89
2020-07-27 00:45:34,815 - root - DEBUG - Sampled weight [1.01167286 1.25838105 0.93140255 0.75169077 0.81066199]
2020-07-27 00:45:35,957 - root - DEBUG - Updating hall of fame
2020-07-27 00:45:35,957 - root - INFO - Completed generation 186; 1.2s elapsed, 1.8s avg, 3.4e+02s total. Expected time remaining: 2.5e+01s
2020-07-27 00:45:36,008 - root - INFO - #186 MAX:accuracy.mean: 0.95
2020-07-27 00:45:36,053 - root - DEBUG - Sampled weight [1.56249973 0.54359215 1.42495566 1.08786231 1.87354275]
2020-07-27 00:45:37,203 - root - DEBUG - Updating hall of fame
2020-07-27 00:45:37,986 - root - INFO - Completed generation 187; 2.0s elapsed, 1.8s avg, 3.4e+02s total. Expected time remaining: 2.3e+01s
2020-07-27 00:45:38,037 - root - INFO - #187 MAX:accuracy.mean: 0.93
2020-07-27 00:45:38,080 - root - DEBUG - Sampled weight [0.37670302 1.54068393 1.29265987 0.55663775 1.9891645 ]
2020-07-27 00:45:39,238 - root - DEBUG - Updating hall of fame
2020-07-27 00:45:40,421 - root - INFO - Completed generation 188; 2.4s elapsed, 1.8s avg, 3.4e+02s total. Expected time remaining: 2.2e+01s
2020-07-27 00:45:40,471 - root - INFO - #188 MAX:accuracy.mean: 0.91
2020-07-27 00:45:40,515 - root - DEBUG - Sampled weight [0.38537859 1.35851781 0.5627605  0.67871618 1.37615712]
2020-07-27 00:45:41,678 - root - DEBUG - Updating hall of fame
2020-07-27 00:45:41,883 - root - INFO - Completed generation 189; 1.4s elapsed, 1.8s avg, 3.4e+02s total. Expected time remaining: 2e+01s
2020-07-27 00:45:41,934 - root - INFO - #189 MAX:accuracy.mean: 0.9
2020-07-27 00:45:41,978 - root - DEBUG - Sampled weight [0.84516616 1.78995563 2.51881545 0.96140429 1.15114927]
2020-07-27 00:45:43,139 - root - DEBUG - Updating hall of fame
2020-07-27 00:45:43,347 - root - INFO - Completed generation 190; 1.4s elapsed, 1.8s avg, 3.4e+02s total. Expected time remaining: 1.8e+01s
2020-07-27 00:45:43,397 - root - INFO - #190 MAX:accuracy.mean: 0.9
2020-07-27 00:45:43,553 - root - DEBUG - Sampled weight [1.16262255 1.49692842 0.98599164 0.96278257 0.75161354]
2020-07-27 00:45:44,706 - root - DEBUG - Updating hall of fame
2020-07-27 00:45:45,279 - root - INFO - Completed generation 191; 1.8s elapsed, 1.8s avg, 3.4e+02s total. Expected time remaining: 1.6e+01s
2020-07-27 00:45:45,329 - root - INFO - #191 MAX:accuracy.mean: 0.95
2020-07-27 00:45:45,374 - root - DEBUG - Sampled weight [1.05999405 1.64034543 1.55040633 0.67302401 0.52356613]
2020-07-27 00:45:46,520 - root - DEBUG - Updating hall of fame
2020-07-27 00:45:46,930 - root - INFO - Completed generation 192; 1.6s elapsed, 1.8s avg, 3.5e+02s total. Expected time remaining: 1.4e+01s
2020-07-27 00:45:46,980 - root - INFO - #192 MAX:accuracy.mean: 0.91
2020-07-27 00:45:47,023 - root - DEBUG - Sampled weight [5.8011916  2.20979489 1.87746699 2.48935304 2.05824429]
2020-07-27 00:45:48,164 - root - DEBUG - Updating hall of fame
2020-07-27 00:45:48,963 - root - INFO - Completed generation 193; 2.0s elapsed, 1.8s avg, 3.5e+02s total. Expected time remaining: 1.3e+01s
2020-07-27 00:45:49,013 - root - INFO - #193 MAX:accuracy.mean: 0.89
2020-07-27 00:45:49,056 - root - DEBUG - Sampled weight [1.78845707 0.88509696 1.08089832 1.24226998 1.25626923]
2020-07-27 00:45:50,202 - root - DEBUG - Updating hall of fame
2020-07-27 00:45:50,977 - root - INFO - Completed generation 194; 2.0s elapsed, 1.8s avg, 3.5e+02s total. Expected time remaining: 1.1e+01s
2020-07-27 00:45:51,027 - root - INFO - #194 MAX:accuracy.mean: 0.93
2020-07-27 00:45:51,071 - root - DEBUG - Sampled weight [1.60501626 0.53513329 0.50591504 1.59176293 1.52200272]
2020-07-27 00:45:52,225 - root - DEBUG - Updating hall of fame
2020-07-27 00:45:53,420 - root - INFO - Completed generation 195; 2.4s elapsed, 1.8s avg, 3.5e+02s total. Expected time remaining: 9.0s
2020-07-27 00:45:53,471 - root - INFO - #195 MAX:accuracy.mean: 0.91
2020-07-27 00:45:53,514 - root - DEBUG - Sampled weight [1.05705509 0.44599745 1.02115383 1.4621277  0.56302682]
2020-07-27 00:45:54,668 - root - DEBUG - Updating hall of fame
2020-07-27 00:45:55,079 - root - INFO - Completed generation 196; 1.6s elapsed, 1.8s avg, 3.5e+02s total. Expected time remaining: 7.2s
2020-07-27 00:45:55,129 - root - INFO - #196 MAX:accuracy.mean: 0.87
2020-07-27 00:45:55,172 - root - DEBUG - Sampled weight [2.03871667 0.2897288  2.21544464 0.30299984 0.40929777]
2020-07-27 00:45:56,306 - root - DEBUG - Updating hall of fame
2020-07-27 00:45:56,307 - root - INFO - Completed generation 197; 1.2s elapsed, 1.8s avg, 3.6e+02s total. Expected time remaining: 5.4s
2020-07-27 00:45:56,357 - root - INFO - #197 MAX:accuracy.mean: 0.87
2020-07-27 00:45:56,401 - root - DEBUG - Sampled weight [2.2319013  0.78708202 1.06715541 0.78432602 1.08525772]
2020-07-27 00:45:57,556 - root - DEBUG - Updating hall of fame
2020-07-27 00:45:57,556 - root - INFO - Completed generation 198; 1.2s elapsed, 1.8s avg, 3.6e+02s total. Expected time remaining: 3.6s
2020-07-27 00:45:57,607 - root - INFO - #198 MAX:accuracy.mean: 0.9
2020-07-27 00:45:57,650 - root - DEBUG - Sampled weight [0.78284548 0.31194204 0.66279251 1.05288948 1.36523691]
2020-07-27 00:45:58,800 - root - DEBUG - Updating hall of fame
2020-07-27 00:45:59,383 - root - INFO - Completed generation 199; 1.8s elapsed, 1.8s avg, 3.6e+02s total. Expected time remaining: 1.8s
2020-07-27 00:45:59,433 - root - INFO - #199 MAX:accuracy.mean: 0.88
2020-07-27 00:45:59,477 - root - DEBUG - Sampled weight [0.81821997 1.00108667 0.60022657 0.79351133 1.56455337]
2020-07-27 00:46:00,620 - root - DEBUG - Updating hall of fame
2020-07-27 00:46:00,825 - root - INFO - Completed generation 200; 1.4s elapsed, 1.8s avg, 3.6e+02s total. Expected time remaining: 0.0s
2020-07-27 00:46:00,875 - root - INFO - #200 MAX:accuracy.mean: 0.92
2020-07-27 00:46:01,023 - root - DEBUG - Loaded 150 samples.
2020-07-27 00:46:01,028 - root - INFO - Evaluating indivs in hall of fame.
2020-07-27 00:46:03,085 - root - INFO - Completed excution.
