2020-07-18 14:17:44,617 - root - INFO - Package version 0.1.1
2020-07-18 14:17:44,617 - root - INFO - Saving data at /vol/fob-vol1/mi15/plonerma/Lab/rewann/data/2020-07-18_Iris [0, 1, 2, 5, 7]; lognormal 0,0.5; signed: False_000.
2020-07-18 14:17:44,617 - root - DEBUG - Loading training dataset
2020-07-18 14:17:44,678 - root - DEBUG - Loaded 150 samples.
2020-07-18 14:17:44,679 - root - DEBUG - Running experiments with the following parameters:
debug = true
experiment_name = "Iris [0, 1, 2, 5, 7]; lognormal 0,0.5; signed: False"
experiment_path = "data/2020-07-18_Iris [0, 1, 2, 5, 7]; lognormal 0,0.5; signed: False_000"

[config]
num_workers = 1
debug = true
backend = "numpy"

[postopt]
run_postopt = true
compile_report = false
num_weights = 100
num_samples = -1

[sampling]
seed = 0
post_init_seed = false
distribution = "lognormal"
lower_bound = -2
upper_bound = 2
mean = 0
sigma = 0.5
num_weights_per_iteration = 5
num_samples_per_iteration = -1
hof_evaluation_iterations = 20

[task]
name = "iris"
sample_order_seed = 0
test_portion = 0.2
sample_length = 10
num_categories = 8

[storage]
data_base_path = "data"
log_filename = "execution.log"
commit_elite_freq = -1
commit_metrics_freq = 10

[population]
num_generations = 200
size = 100
initial_enabled_edge_prob = 0.05
initial_genes = "full"
hof_size = 10
enable_edge_signs = false
enabled_activation_funcs = [ 0, 1, 2, 5, 7,]

[selection]
use_tournaments = true
elite_ratio = 0.1
culling_ratio = 0.2
tournament_size = 5
objectives = [ "-log_loss.min", "-log_loss.mean", "-n_hidden",]
recorded_metrics = [ "accuracy", "kappa", "log_loss",]
hof_metric = "accuracy.mean"

[mutation.new_edge]
probability = 0.2
strategy = "layer_agnostic"
propability = 0.2

[mutation.new_node]
probability = 0.25
propability = 0.3

[mutation.reenable_edge]
probability = 0.05
propability = 0.1

[mutation.change_activation]
probability = 0.5
propability = 0.4

[mutation.change_edge_sign]
probability = 0.2

[mutation.new_recurrent_edge]
probability = 0.2
strategy = "any"

2020-07-18 14:17:44,691 - root - INFO - Starting evolutionary algorithm
2020-07-18 14:17:44,707 - root - DEBUG - Sampled weight [1.8417063  0.90808171 0.98347836 0.46514702 1.10887419]
2020-07-18 14:17:45,775 - root - DEBUG - Updating hall of fame
2020-07-18 14:17:47,695 - root - INFO - Completed generation 1; 3.0s elapsed, 3.0s avg, 3.0s total. Expected time remaining: 6e+02s
2020-07-18 14:17:47,749 - root - INFO - #1 MAX:accuracy.mean: 0.67
2020-07-18 14:17:47,789 - root - DEBUG - Sampled weight [0.85989404 0.56567456 1.11892455 0.77789307 1.98937588]
2020-07-18 14:17:48,840 - root - DEBUG - Updating hall of fame
2020-07-18 14:17:50,683 - root - INFO - Completed generation 2; 2.9s elapsed, 3.0s avg, 5.9s total. Expected time remaining: 5.9e+02s
2020-07-18 14:17:50,735 - root - INFO - #2 MAX:accuracy.mean: 0.67
2020-07-18 14:17:50,777 - root - DEBUG - Sampled weight [1.06692135 0.49510593 1.80346532 1.51940376 1.07183553]
2020-07-18 14:17:51,841 - root - DEBUG - Updating hall of fame
2020-07-18 14:17:53,697 - root - INFO - Completed generation 3; 3.0s elapsed, 3.0s avg, 8.9s total. Expected time remaining: 5.8e+02s
2020-07-18 14:17:53,749 - root - INFO - #3 MAX:accuracy.mean: 0.67
2020-07-18 14:17:53,789 - root - DEBUG - Sampled weight [0.76018109 0.74693725 1.49624775 0.63945638 2.81538332]
2020-07-18 14:17:54,855 - root - DEBUG - Updating hall of fame
2020-07-18 14:17:56,756 - root - INFO - Completed generation 4; 3.0s elapsed, 3.0s avg, 1.2e+01s total. Expected time remaining: 5.8e+02s
2020-07-18 14:17:56,807 - root - INFO - #4 MAX:accuracy.mean: 0.75
2020-07-18 14:17:56,849 - root - DEBUG - Sampled weight [0.89358162 0.89765099 1.33423883 1.01866032 0.74955215]
2020-07-18 14:17:57,910 - root - DEBUG - Updating hall of fame
2020-07-18 14:17:59,598 - root - INFO - Completed generation 5; 2.8s elapsed, 2.9s avg, 1.5e+01s total. Expected time remaining: 5.7e+02s
2020-07-18 14:17:59,650 - root - INFO - #5 MAX:accuracy.mean: 0.67
2020-07-18 14:17:59,691 - root - DEBUG - Sampled weight [0.84001061 0.74782876 1.61227049 0.59870675 1.1515758 ]
2020-07-18 14:18:00,772 - root - DEBUG - Updating hall of fame
2020-07-18 14:18:02,287 - root - INFO - Completed generation 6; 2.6s elapsed, 2.9s avg, 1.7e+01s total. Expected time remaining: 5.6e+02s
2020-07-18 14:18:02,340 - root - INFO - #6 MAX:accuracy.mean: 0.67
2020-07-18 14:18:02,382 - root - DEBUG - Sampled weight [0.721409   0.66743369 1.98965438 1.18424158 0.6997413 ]
2020-07-18 14:18:03,489 - root - DEBUG - Updating hall of fame
2020-07-18 14:18:04,992 - root - INFO - Completed generation 7; 2.7s elapsed, 2.9s avg, 2e+01s total. Expected time remaining: 5.5e+02s
2020-07-18 14:18:05,043 - root - INFO - #7 MAX:accuracy.mean: 0.67
2020-07-18 14:18:05,084 - root - DEBUG - Sampled weight [1.74346451 0.78640481 1.17733153 0.63349424 1.06113419]
2020-07-18 14:18:06,158 - root - DEBUG - Updating hall of fame
2020-07-18 14:18:07,470 - root - INFO - Completed generation 8; 2.4s elapsed, 2.8s avg, 2.2e+01s total. Expected time remaining: 5.4e+02s
2020-07-18 14:18:07,521 - root - INFO - #8 MAX:accuracy.mean: 0.73
2020-07-18 14:18:07,562 - root - DEBUG - Sampled weight [0.76948122 2.19362368 0.4072662  1.05840362 1.38966537]
2020-07-18 14:18:08,634 - root - DEBUG - Updating hall of fame
2020-07-18 14:18:10,132 - root - INFO - Completed generation 9; 2.6s elapsed, 2.8s avg, 2.5e+01s total. Expected time remaining: 5.3e+02s
2020-07-18 14:18:10,184 - root - INFO - #9 MAX:accuracy.mean: 0.67
2020-07-18 14:18:10,225 - root - DEBUG - Sampled weight [0.66720841 0.47735026 1.1520478  2.05848269 1.20240171]
2020-07-18 14:18:11,298 - root - DEBUG - Updating hall of fame
2020-07-18 14:18:12,061 - root - INFO - Completed generation 10; 1.9s elapsed, 2.7s avg, 2.7e+01s total. Expected time remaining: 5.1e+02s
2020-07-18 14:18:12,113 - root - INFO - #10 MAX:accuracy.mean: 0.67
2020-07-18 14:18:12,255 - root - DEBUG - Sampled weight [0.83031299 0.93494523 0.82269542 0.79055706 1.01328986]
2020-07-18 14:18:13,328 - root - DEBUG - Updating hall of fame
2020-07-18 14:18:14,272 - root - INFO - Completed generation 11; 2.1s elapsed, 2.6s avg, 2.9e+01s total. Expected time remaining: 5e+02s
2020-07-18 14:18:14,323 - root - INFO - #11 MAX:accuracy.mean: 0.83
2020-07-18 14:18:14,364 - root - DEBUG - Sampled weight [0.97964143 2.0570871  1.01792998 0.44925076 0.82365381]
2020-07-18 14:18:15,441 - root - DEBUG - Updating hall of fame
2020-07-18 14:18:16,580 - root - INFO - Completed generation 12; 2.3s elapsed, 2.6s avg, 3.1e+01s total. Expected time remaining: 4.9e+02s
2020-07-18 14:18:16,631 - root - INFO - #12 MAX:accuracy.mean: 0.71
2020-07-18 14:18:16,673 - root - DEBUG - Sampled weight [0.88310483 0.65091226 1.37183368 2.29208106 1.40442025]
2020-07-18 14:18:17,743 - root - DEBUG - Updating hall of fame
2020-07-18 14:18:18,887 - root - INFO - Completed generation 13; 2.3s elapsed, 2.6s avg, 3.3e+01s total. Expected time remaining: 4.8e+02s
2020-07-18 14:18:18,939 - root - INFO - #13 MAX:accuracy.mean: 0.73
2020-07-18 14:18:18,981 - root - DEBUG - Sampled weight [1.69298159 1.89240093 0.74574757 2.74142585 0.90164376]
2020-07-18 14:18:20,061 - root - DEBUG - Updating hall of fame
2020-07-18 14:18:20,813 - root - INFO - Completed generation 14; 1.9s elapsed, 2.5s avg, 3.5e+01s total. Expected time remaining: 4.7e+02s
2020-07-18 14:18:20,864 - root - INFO - #14 MAX:accuracy.mean: 0.7
2020-07-18 14:18:20,905 - root - DEBUG - Sampled weight [1.20861165 1.03806074 0.83917498 0.60381312 1.24393603]
2020-07-18 14:18:21,977 - root - DEBUG - Updating hall of fame
2020-07-18 14:18:22,745 - root - INFO - Completed generation 15; 1.9s elapsed, 2.5s avg, 3.7e+01s total. Expected time remaining: 4.6e+02s
2020-07-18 14:18:22,799 - root - INFO - #15 MAX:accuracy.mean: 0.68
2020-07-18 14:18:22,841 - root - DEBUG - Sampled weight [1.15355085 1.21620371 3.38734346 1.53973725 1.28336714]
2020-07-18 14:18:23,947 - root - DEBUG - Updating hall of fame
2020-07-18 14:18:24,910 - root - INFO - Completed generation 16; 2.1s elapsed, 2.5s avg, 3.9e+01s total. Expected time remaining: 4.5e+02s
2020-07-18 14:18:24,961 - root - INFO - #16 MAX:accuracy.mean: 0.67
2020-07-18 14:18:25,003 - root - DEBUG - Sampled weight [0.58351565 0.57973926 4.6291326  0.49050302 1.73464977]
2020-07-18 14:18:26,072 - root - DEBUG - Updating hall of fame
2020-07-18 14:18:27,365 - root - INFO - Completed generation 17; 2.4s elapsed, 2.5s avg, 4.2e+01s total. Expected time remaining: 4.5e+02s
2020-07-18 14:18:27,417 - root - INFO - #17 MAX:accuracy.mean: 0.77
2020-07-18 14:18:27,458 - root - DEBUG - Sampled weight [0.90078107 2.44077048 0.50425005 1.27571909 1.50639951]
2020-07-18 14:18:28,526 - root - DEBUG - Updating hall of fame
2020-07-18 14:18:29,081 - root - INFO - Completed generation 18; 1.7s elapsed, 2.4s avg, 4.3e+01s total. Expected time remaining: 4.4e+02s
2020-07-18 14:18:29,132 - root - INFO - #18 MAX:accuracy.mean: 0.66
2020-07-18 14:18:29,173 - root - DEBUG - Sampled weight [0.65808241 0.47395038 0.34570539 0.54973609 0.92428107]
2020-07-18 14:18:30,242 - root - DEBUG - Updating hall of fame
2020-07-18 14:18:31,167 - root - INFO - Completed generation 19; 2.0s elapsed, 2.4s avg, 4.5e+01s total. Expected time remaining: 4.3e+02s
2020-07-18 14:18:31,219 - root - INFO - #19 MAX:accuracy.mean: 0.73
2020-07-18 14:18:31,260 - root - DEBUG - Sampled weight [0.80806624 0.55604358 1.75949429 1.23254474 0.31456896]
2020-07-18 14:18:32,334 - root - DEBUG - Updating hall of fame
2020-07-18 14:18:33,075 - root - INFO - Completed generation 20; 1.9s elapsed, 2.4s avg, 4.7e+01s total. Expected time remaining: 4.3e+02s
2020-07-18 14:18:33,126 - root - INFO - #20 MAX:accuracy.mean: 0.71
2020-07-18 14:18:33,267 - root - DEBUG - Sampled weight [0.54852749 0.49208362 0.55043219 1.25397521 2.30247804]
2020-07-18 14:18:34,341 - root - DEBUG - Updating hall of fame
2020-07-18 14:18:35,636 - root - INFO - Completed generation 21; 2.4s elapsed, 2.4s avg, 5e+01s total. Expected time remaining: 4.2e+02s
2020-07-18 14:18:35,688 - root - INFO - #21 MAX:accuracy.mean: 0.77
2020-07-18 14:18:35,729 - root - DEBUG - Sampled weight [0.38517871 0.84163817 1.22594488 1.54637561 0.97643163]
2020-07-18 14:18:36,804 - root - DEBUG - Updating hall of fame
2020-07-18 14:18:37,748 - root - INFO - Completed generation 22; 2.1s elapsed, 2.4s avg, 5.2e+01s total. Expected time remaining: 4.2e+02s
2020-07-18 14:18:37,799 - root - INFO - #22 MAX:accuracy.mean: 0.67
2020-07-18 14:18:37,841 - root - DEBUG - Sampled weight [0.97694728 0.81854374 1.76784212 0.83607221 1.24817572]
2020-07-18 14:18:38,911 - root - DEBUG - Updating hall of fame
2020-07-18 14:18:40,215 - root - INFO - Completed generation 23; 2.4s elapsed, 2.4s avg, 5.4e+01s total. Expected time remaining: 4.2e+02s
2020-07-18 14:18:40,266 - root - INFO - #23 MAX:accuracy.mean: 0.7
2020-07-18 14:18:40,307 - root - DEBUG - Sampled weight [0.49237333 2.1610005  1.61541683 1.64318285 1.41441442]
2020-07-18 14:18:41,380 - root - DEBUG - Updating hall of fame
2020-07-18 14:18:42,702 - root - INFO - Completed generation 24; 2.4s elapsed, 2.4s avg, 5.7e+01s total. Expected time remaining: 4.2e+02s
2020-07-18 14:18:42,754 - root - INFO - #24 MAX:accuracy.mean: 0.7
2020-07-18 14:18:42,794 - root - DEBUG - Sampled weight [0.45342366 0.31400215 1.27825422 0.94855718 1.09890295]
2020-07-18 14:18:43,864 - root - DEBUG - Updating hall of fame
2020-07-18 14:18:44,455 - root - INFO - Completed generation 25; 1.7s elapsed, 2.3s avg, 5.8e+01s total. Expected time remaining: 4.1e+02s
2020-07-18 14:18:44,507 - root - INFO - #25 MAX:accuracy.mean: 0.7
2020-07-18 14:18:44,548 - root - DEBUG - Sampled weight [0.58553613 1.00875708 0.90815186 1.22289485 1.6017569 ]
2020-07-18 14:18:45,617 - root - DEBUG - Updating hall of fame
2020-07-18 14:18:47,120 - root - INFO - Completed generation 26; 2.6s elapsed, 2.3s avg, 6.1e+01s total. Expected time remaining: 4.1e+02s
2020-07-18 14:18:47,172 - root - INFO - #26 MAX:accuracy.mean: 0.72
2020-07-18 14:18:47,213 - root - DEBUG - Sampled weight [0.67393775 1.06947826 1.48631986 0.93601413 0.80704682]
2020-07-18 14:18:48,289 - root - DEBUG - Updating hall of fame
2020-07-18 14:18:49,231 - root - INFO - Completed generation 27; 2.1s elapsed, 2.3s avg, 6.3e+01s total. Expected time remaining: 4e+02s
2020-07-18 14:18:49,283 - root - INFO - #27 MAX:accuracy.mean: 0.75
2020-07-18 14:18:49,323 - root - DEBUG - Sampled weight [0.51682125 0.3645058  0.99688968 1.1994522  0.74055042]
2020-07-18 14:18:50,398 - root - DEBUG - Updating hall of fame
2020-07-18 14:18:51,909 - root - INFO - Completed generation 28; 2.6s elapsed, 2.3s avg, 6.6e+01s total. Expected time remaining: 4e+02s
2020-07-18 14:18:51,960 - root - INFO - #28 MAX:accuracy.mean: 0.71
2020-07-18 14:18:52,001 - root - DEBUG - Sampled weight [0.85675741 1.30168728 2.11202687 0.80791478 1.0995973 ]
2020-07-18 14:18:53,073 - root - DEBUG - Updating hall of fame
2020-07-18 14:18:54,196 - root - INFO - Completed generation 29; 2.2s elapsed, 2.3s avg, 6.8e+01s total. Expected time remaining: 4e+02s
2020-07-18 14:18:54,248 - root - INFO - #29 MAX:accuracy.mean: 0.73
2020-07-18 14:18:54,289 - root - DEBUG - Sampled weight [1.59487817 0.63122609 0.46011257 0.66200416 0.87075752]
2020-07-18 14:18:55,364 - root - DEBUG - Updating hall of fame
2020-07-18 14:18:56,858 - root - INFO - Completed generation 30; 2.6s elapsed, 2.3s avg, 7e+01s total. Expected time remaining: 4e+02s
2020-07-18 14:18:56,910 - root - INFO - #30 MAX:accuracy.mean: 0.78
2020-07-18 14:18:56,999 - root - DEBUG - Sampled weight [0.89640134 1.53467654 1.09544626 0.7284272  1.59080739]
2020-07-18 14:18:58,078 - root - DEBUG - Updating hall of fame
2020-07-18 14:18:59,019 - root - INFO - Completed generation 31; 2.1s elapsed, 2.3s avg, 7.3e+01s total. Expected time remaining: 4e+02s
2020-07-18 14:18:59,071 - root - INFO - #31 MAX:accuracy.mean: 0.73
2020-07-18 14:18:59,111 - root - DEBUG - Sampled weight [0.4291366  1.1276067  1.01167804 1.01184501 0.90734782]
2020-07-18 14:19:00,195 - root - DEBUG - Updating hall of fame
2020-07-18 14:19:01,132 - root - INFO - Completed generation 32; 2.1s elapsed, 2.3s avg, 7.5e+01s total. Expected time remaining: 3.9e+02s
2020-07-18 14:19:01,184 - root - INFO - #32 MAX:accuracy.mean: 0.67
2020-07-18 14:19:01,225 - root - DEBUG - Sampled weight [0.7484497  1.45949614 1.05246655 1.3512842  0.4798593 ]
2020-07-18 14:19:02,321 - root - DEBUG - Updating hall of fame
2020-07-18 14:19:02,880 - root - INFO - Completed generation 33; 1.7s elapsed, 2.3s avg, 7.6e+01s total. Expected time remaining: 3.9e+02s
2020-07-18 14:19:02,932 - root - INFO - #33 MAX:accuracy.mean: 0.69
2020-07-18 14:19:02,973 - root - DEBUG - Sampled weight [0.85139277 1.05007105 0.70118015 0.33573198 0.88282233]
2020-07-18 14:19:04,082 - root - DEBUG - Updating hall of fame
2020-07-18 14:19:04,458 - root - INFO - Completed generation 34; 1.5s elapsed, 2.3s avg, 7.8e+01s total. Expected time remaining: 3.8e+02s
2020-07-18 14:19:04,510 - root - INFO - #34 MAX:accuracy.mean: 0.68
2020-07-18 14:19:04,551 - root - DEBUG - Sampled weight [1.16239528 0.40034379 1.56633752 0.44416461 0.85086066]
2020-07-18 14:19:05,634 - root - DEBUG - Updating hall of fame
2020-07-18 14:19:06,375 - root - INFO - Completed generation 35; 1.9s elapsed, 2.3s avg, 8e+01s total. Expected time remaining: 3.8e+02s
2020-07-18 14:19:06,429 - root - INFO - #35 MAX:accuracy.mean: 0.67
2020-07-18 14:19:06,471 - root - DEBUG - Sampled weight [1.32979826 0.6864502  0.9094676  1.3501142  1.06632737]
2020-07-18 14:19:07,549 - root - DEBUG - Updating hall of fame
2020-07-18 14:19:08,102 - root - INFO - Completed generation 36; 1.7s elapsed, 2.3s avg, 8.1e+01s total. Expected time remaining: 3.7e+02s
2020-07-18 14:19:08,154 - root - INFO - #36 MAX:accuracy.mean: 0.73
2020-07-18 14:19:08,194 - root - DEBUG - Sampled weight [1.19586227 1.52689437 1.39576538 2.32100019 1.31726934]
2020-07-18 14:19:09,271 - root - DEBUG - Updating hall of fame
2020-07-18 14:19:10,218 - root - INFO - Completed generation 37; 2.1s elapsed, 2.3s avg, 8.3e+01s total. Expected time remaining: 3.7e+02s
2020-07-18 14:19:10,271 - root - INFO - #37 MAX:accuracy.mean: 0.69
2020-07-18 14:19:10,313 - root - DEBUG - Sampled weight [0.90497536 0.25884836 0.38053504 0.55126023 1.09862529]
2020-07-18 14:19:11,400 - root - DEBUG - Updating hall of fame
2020-07-18 14:19:11,959 - root - INFO - Completed generation 38; 1.7s elapsed, 2.2s avg, 8.5e+01s total. Expected time remaining: 3.6e+02s
2020-07-18 14:19:12,046 - root - INFO - #38 MAX:accuracy.mean: 0.69
2020-07-18 14:19:12,088 - root - DEBUG - Sampled weight [0.44214672 0.67424043 0.93501102 1.27551607 0.43870636]
2020-07-18 14:19:13,158 - root - DEBUG - Updating hall of fame
2020-07-18 14:19:14,087 - root - INFO - Completed generation 39; 2.0s elapsed, 2.2s avg, 8.7e+01s total. Expected time remaining: 3.6e+02s
2020-07-18 14:19:14,139 - root - INFO - #39 MAX:accuracy.mean: 0.68
2020-07-18 14:19:14,181 - root - DEBUG - Sampled weight [0.94502851 0.80829856 1.44931667 0.83760746 0.97982656]
2020-07-18 14:19:15,267 - root - DEBUG - Updating hall of fame
2020-07-18 14:19:16,198 - root - INFO - Completed generation 40; 2.1s elapsed, 2.2s avg, 8.9e+01s total. Expected time remaining: 3.6e+02s
2020-07-18 14:19:16,251 - root - INFO - #40 MAX:accuracy.mean: 0.75
2020-07-18 14:19:16,353 - root - DEBUG - Sampled weight [1.4922456  0.87025616 0.63362656 0.76990364 0.85507733]
2020-07-18 14:19:17,437 - root - DEBUG - Updating hall of fame
2020-07-18 14:19:18,566 - root - INFO - Completed generation 41; 2.3s elapsed, 2.2s avg, 9.1e+01s total. Expected time remaining: 3.5e+02s
2020-07-18 14:19:18,618 - root - INFO - #41 MAX:accuracy.mean: 0.75
2020-07-18 14:19:18,659 - root - DEBUG - Sampled weight [1.10969307 0.62471431 1.86087188 1.47507086 0.73270057]
2020-07-18 14:19:19,742 - root - DEBUG - Updating hall of fame
2020-07-18 14:19:20,695 - root - INFO - Completed generation 42; 2.1s elapsed, 2.2s avg, 9.4e+01s total. Expected time remaining: 3.5e+02s
2020-07-18 14:19:20,747 - root - INFO - #42 MAX:accuracy.mean: 0.74
2020-07-18 14:19:20,788 - root - DEBUG - Sampled weight [2.46928038 1.06072206 1.42670962 0.88040606 1.11698969]
2020-07-18 14:19:21,891 - root - DEBUG - Updating hall of fame
2020-07-18 14:19:23,203 - root - INFO - Completed generation 43; 2.5s elapsed, 2.2s avg, 9.6e+01s total. Expected time remaining: 3.5e+02s
2020-07-18 14:19:23,256 - root - INFO - #43 MAX:accuracy.mean: 0.72
2020-07-18 14:19:23,297 - root - DEBUG - Sampled weight [1.1849682  1.25086378 0.64323256 0.82992024 1.15175586]
2020-07-18 14:19:24,374 - root - DEBUG - Updating hall of fame
2020-07-18 14:19:25,324 - root - INFO - Completed generation 44; 2.1s elapsed, 2.2s avg, 9.8e+01s total. Expected time remaining: 3.5e+02s
2020-07-18 14:19:25,376 - root - INFO - #44 MAX:accuracy.mean: 0.73
2020-07-18 14:19:25,416 - root - DEBUG - Sampled weight [1.05745849 0.45492352 0.65299388 1.04465591 1.60464742]
2020-07-18 14:19:26,489 - root - DEBUG - Updating hall of fame
2020-07-18 14:19:27,603 - root - INFO - Completed generation 45; 2.2s elapsed, 2.2s avg, 1e+02s total. Expected time remaining: 3.5e+02s
2020-07-18 14:19:27,654 - root - INFO - #45 MAX:accuracy.mean: 0.72
2020-07-18 14:19:27,695 - root - DEBUG - Sampled weight [1.26256767 1.21946368 0.68260884 1.5461315  1.9343641 ]
2020-07-18 14:19:28,767 - root - DEBUG - Updating hall of fame
2020-07-18 14:19:29,138 - root - INFO - Completed generation 46; 1.5s elapsed, 2.2s avg, 1e+02s total. Expected time remaining: 3.4e+02s
2020-07-18 14:19:29,190 - root - INFO - #46 MAX:accuracy.mean: 0.7
2020-07-18 14:19:29,231 - root - DEBUG - Sampled weight [1.18122974 0.6969622  0.81285307 1.47221419 0.43943779]
2020-07-18 14:19:30,305 - root - DEBUG - Updating hall of fame
2020-07-18 14:19:31,047 - root - INFO - Completed generation 47; 1.9s elapsed, 2.2s avg, 1e+02s total. Expected time remaining: 3.4e+02s
2020-07-18 14:19:31,099 - root - INFO - #47 MAX:accuracy.mean: 0.75
2020-07-18 14:19:31,139 - root - DEBUG - Sampled weight [1.11013006 0.76474127 1.57794927 1.29892229 1.26213029]
2020-07-18 14:19:32,221 - root - DEBUG - Updating hall of fame
2020-07-18 14:19:32,963 - root - INFO - Completed generation 48; 1.9s elapsed, 2.2s avg, 1.1e+02s total. Expected time remaining: 3.3e+02s
2020-07-18 14:19:33,015 - root - INFO - #48 MAX:accuracy.mean: 0.72
2020-07-18 14:19:33,055 - root - DEBUG - Sampled weight [3.41093435 0.69231751 1.11697772 1.08384129 1.01747117]
2020-07-18 14:19:34,134 - root - DEBUG - Updating hall of fame
2020-07-18 14:19:34,709 - root - INFO - Completed generation 49; 1.7s elapsed, 2.2s avg, 1.1e+02s total. Expected time remaining: 3.3e+02s
2020-07-18 14:19:34,761 - root - INFO - #49 MAX:accuracy.mean: 0.75
2020-07-18 14:19:34,802 - root - DEBUG - Sampled weight [1.09331355 1.40992353 1.3175819  0.77367719 0.92106992]
2020-07-18 14:19:35,872 - root - DEBUG - Updating hall of fame
2020-07-18 14:19:36,243 - root - INFO - Completed generation 50; 1.5s elapsed, 2.2s avg, 1.1e+02s total. Expected time remaining: 3.3e+02s
2020-07-18 14:19:36,296 - root - INFO - #50 MAX:accuracy.mean: 0.73
2020-07-18 14:19:36,420 - root - DEBUG - Sampled weight [1.26193718 0.92665929 0.74814683 2.28668128 1.03599902]
2020-07-18 14:19:37,502 - root - DEBUG - Updating hall of fame
2020-07-18 14:19:38,809 - root - INFO - Completed generation 51; 2.4s elapsed, 2.2s avg, 1.1e+02s total. Expected time remaining: 3.2e+02s
2020-07-18 14:19:38,860 - root - INFO - #51 MAX:accuracy.mean: 0.71
2020-07-18 14:19:38,901 - root - DEBUG - Sampled weight [3.14072881 1.3242225  1.95182987 1.98294743 0.42021521]
2020-07-18 14:19:40,004 - root - DEBUG - Updating hall of fame
2020-07-18 14:19:40,579 - root - INFO - Completed generation 52; 1.7s elapsed, 2.2s avg, 1.1e+02s total. Expected time remaining: 3.2e+02s
2020-07-18 14:19:40,631 - root - INFO - #52 MAX:accuracy.mean: 0.72
2020-07-18 14:19:40,672 - root - DEBUG - Sampled weight [0.66890984 1.24676326 0.35245226 1.17329122 1.14667408]
2020-07-18 14:19:41,756 - root - DEBUG - Updating hall of fame
2020-07-18 14:19:42,139 - root - INFO - Completed generation 53; 1.5s elapsed, 2.2s avg, 1.1e+02s total. Expected time remaining: 3.2e+02s
2020-07-18 14:19:42,191 - root - INFO - #53 MAX:accuracy.mean: 0.76
2020-07-18 14:19:42,232 - root - DEBUG - Sampled weight [1.34448892 1.26860004 0.66469521 1.55032924 1.26812668]
2020-07-18 14:19:43,312 - root - DEBUG - Updating hall of fame
2020-07-18 14:19:44,441 - root - INFO - Completed generation 54; 2.2s elapsed, 2.2s avg, 1.2e+02s total. Expected time remaining: 3.2e+02s
2020-07-18 14:19:44,493 - root - INFO - #54 MAX:accuracy.mean: 0.73
2020-07-18 14:19:44,536 - root - DEBUG - Sampled weight [0.5087078  0.58487365 1.09070443 1.34827133 0.64069979]
2020-07-18 14:19:45,620 - root - DEBUG - Updating hall of fame
2020-07-18 14:19:46,554 - root - INFO - Completed generation 55; 2.1s elapsed, 2.2s avg, 1.2e+02s total. Expected time remaining: 3.1e+02s
2020-07-18 14:19:46,606 - root - INFO - #55 MAX:accuracy.mean: 0.72
2020-07-18 14:19:46,648 - root - DEBUG - Sampled weight [0.7946221  0.89153013 1.02300206 0.3797625  0.5922676 ]
2020-07-18 14:19:47,729 - root - DEBUG - Updating hall of fame
2020-07-18 14:19:47,917 - root - INFO - Completed generation 56; 1.3s elapsed, 2.1s avg, 1.2e+02s total. Expected time remaining: 3.1e+02s
2020-07-18 14:19:47,968 - root - INFO - #56 MAX:accuracy.mean: 0.69
2020-07-18 14:19:48,010 - root - DEBUG - Sampled weight [1.99104895 0.72172831 0.69156568 0.7791832  0.82415845]
2020-07-18 14:19:49,083 - root - DEBUG - Updating hall of fame
2020-07-18 14:19:49,830 - root - INFO - Completed generation 57; 1.9s elapsed, 2.1s avg, 1.2e+02s total. Expected time remaining: 3.1e+02s
2020-07-18 14:19:49,881 - root - INFO - #57 MAX:accuracy.mean: 0.78
2020-07-18 14:19:49,923 - root - DEBUG - Sampled weight [0.33395718 0.42154616 1.79630473 0.91091036 1.11816594]
2020-07-18 14:19:51,002 - root - DEBUG - Updating hall of fame
2020-07-18 14:19:51,751 - root - INFO - Completed generation 58; 1.9s elapsed, 2.1s avg, 1.2e+02s total. Expected time remaining: 3e+02s
2020-07-18 14:19:51,803 - root - INFO - #58 MAX:accuracy.mean: 0.69
2020-07-18 14:19:51,845 - root - DEBUG - Sampled weight [1.03291184 1.20897385 0.59062375 2.97875839 2.28802874]
2020-07-18 14:19:52,916 - root - DEBUG - Updating hall of fame
2020-07-18 14:19:52,917 - root - INFO - Completed generation 59; 1.1s elapsed, 2.1s avg, 1.2e+02s total. Expected time remaining: 3e+02s
2020-07-18 14:19:52,969 - root - INFO - #59 MAX:accuracy.mean: 0.69
2020-07-18 14:19:53,010 - root - DEBUG - Sampled weight [0.98742565 1.32017465 2.49559434 4.14620381 0.86169027]
2020-07-18 14:19:54,082 - root - DEBUG - Updating hall of fame
2020-07-18 14:19:54,640 - root - INFO - Completed generation 60; 1.7s elapsed, 2.1s avg, 1.3e+02s total. Expected time remaining: 3e+02s
2020-07-18 14:19:54,691 - root - INFO - #60 MAX:accuracy.mean: 0.69
2020-07-18 14:19:54,776 - root - DEBUG - Sampled weight [1.55010113 0.58019779 2.23479146 1.12205649 0.7963112 ]
2020-07-18 14:19:55,854 - root - DEBUG - Updating hall of fame
2020-07-18 14:19:56,235 - root - INFO - Completed generation 61; 1.5s elapsed, 2.1s avg, 1.3e+02s total. Expected time remaining: 2.9e+02s
2020-07-18 14:19:56,287 - root - INFO - #61 MAX:accuracy.mean: 0.72
2020-07-18 14:19:56,327 - root - DEBUG - Sampled weight [0.39598728 0.63528161 2.94112899 1.03219511 0.58607953]
2020-07-18 14:19:57,397 - root - DEBUG - Updating hall of fame
2020-07-18 14:19:58,142 - root - INFO - Completed generation 62; 1.9s elapsed, 2.1s avg, 1.3e+02s total. Expected time remaining: 2.9e+02s
2020-07-18 14:19:58,194 - root - INFO - #62 MAX:accuracy.mean: 0.72
2020-07-18 14:19:58,235 - root - DEBUG - Sampled weight [1.80579355 1.25685341 2.20580833 1.59908383 0.63730138]
2020-07-18 14:19:59,313 - root - DEBUG - Updating hall of fame
2020-07-18 14:19:59,500 - root - INFO - Completed generation 63; 1.3s elapsed, 2.1s avg, 1.3e+02s total. Expected time remaining: 2.9e+02s
2020-07-18 14:19:59,552 - root - INFO - #63 MAX:accuracy.mean: 0.7
2020-07-18 14:19:59,593 - root - DEBUG - Sampled weight [0.67119259 1.79867488 2.51105316 0.82929888 1.7171554 ]
2020-07-18 14:20:00,672 - root - DEBUG - Updating hall of fame
2020-07-18 14:20:01,237 - root - INFO - Completed generation 64; 1.7s elapsed, 2.1s avg, 1.3e+02s total. Expected time remaining: 2.8e+02s
2020-07-18 14:20:01,291 - root - INFO - #64 MAX:accuracy.mean: 0.71
2020-07-18 14:20:01,333 - root - DEBUG - Sampled weight [0.37799277 1.94243554 1.82226344 1.10558437 1.07824073]
2020-07-18 14:20:02,423 - root - DEBUG - Updating hall of fame
2020-07-18 14:20:03,166 - root - INFO - Completed generation 65; 1.9s elapsed, 2.1s avg, 1.3e+02s total. Expected time remaining: 2.8e+02s
2020-07-18 14:20:03,218 - root - INFO - #65 MAX:accuracy.mean: 0.69
2020-07-18 14:20:03,258 - root - DEBUG - Sampled weight [1.27139214 0.85792648 0.80099545 0.59871975 5.63026803]
2020-07-18 14:20:04,337 - root - DEBUG - Updating hall of fame
2020-07-18 14:20:04,337 - root - INFO - Completed generation 66; 1.1s elapsed, 2.1s avg, 1.4e+02s total. Expected time remaining: 2.8e+02s
2020-07-18 14:20:04,389 - root - INFO - #66 MAX:accuracy.mean: 0.69
2020-07-18 14:20:04,431 - root - DEBUG - Sampled weight [0.88870514 0.59748704 1.10132846 1.00180519 0.97459903]
2020-07-18 14:20:05,512 - root - DEBUG - Updating hall of fame
2020-07-18 14:20:05,512 - root - INFO - Completed generation 67; 1.1s elapsed, 2.0s avg, 1.4e+02s total. Expected time remaining: 2.7e+02s
2020-07-18 14:20:05,564 - root - INFO - #67 MAX:accuracy.mean: 0.73
2020-07-18 14:20:05,606 - root - DEBUG - Sampled weight [0.79387378 1.55178851 0.70513399 0.73123336 0.9188104 ]
2020-07-18 14:20:06,685 - root - DEBUG - Updating hall of fame
2020-07-18 14:20:07,999 - root - INFO - Completed generation 68; 2.4s elapsed, 2.0s avg, 1.4e+02s total. Expected time remaining: 2.7e+02s
2020-07-18 14:20:08,051 - root - INFO - #68 MAX:accuracy.mean: 0.83
2020-07-18 14:20:08,093 - root - DEBUG - Sampled weight [0.85638662 0.86727149 1.14111939 0.83877299 0.81493902]
2020-07-18 14:20:09,190 - root - DEBUG - Updating hall of fame
2020-07-18 14:20:09,939 - root - INFO - Completed generation 69; 1.9s elapsed, 2.0s avg, 1.4e+02s total. Expected time remaining: 2.7e+02s
2020-07-18 14:20:09,991 - root - INFO - #69 MAX:accuracy.mean: 0.8
2020-07-18 14:20:10,031 - root - DEBUG - Sampled weight [0.81557153 0.62688508 1.03308659 0.62958094 0.96727036]
2020-07-18 14:20:11,119 - root - DEBUG - Updating hall of fame
2020-07-18 14:20:12,442 - root - INFO - Completed generation 70; 2.5s elapsed, 2.1s avg, 1.4e+02s total. Expected time remaining: 2.7e+02s
2020-07-18 14:20:12,495 - root - INFO - #70 MAX:accuracy.mean: 0.79
2020-07-18 14:20:12,594 - root - DEBUG - Sampled weight [0.40924279 0.51857438 0.55195025 1.72242913 0.76645723]
2020-07-18 14:20:13,675 - root - DEBUG - Updating hall of fame
2020-07-18 14:20:14,064 - root - INFO - Completed generation 71; 1.5s elapsed, 2.0s avg, 1.5e+02s total. Expected time remaining: 2.6e+02s
2020-07-18 14:20:14,116 - root - INFO - #71 MAX:accuracy.mean: 0.79
2020-07-18 14:20:14,157 - root - DEBUG - Sampled weight [2.20716394 0.729127   1.37142269 0.9432842  1.50645513]
2020-07-18 14:20:15,261 - root - DEBUG - Updating hall of fame
2020-07-18 14:20:16,205 - root - INFO - Completed generation 72; 2.1s elapsed, 2.0s avg, 1.5e+02s total. Expected time remaining: 2.6e+02s
2020-07-18 14:20:16,257 - root - INFO - #72 MAX:accuracy.mean: 0.72
2020-07-18 14:20:16,298 - root - DEBUG - Sampled weight [1.34104998 0.65486602 2.07410505 1.40664598 1.93275813]
2020-07-18 14:20:17,382 - root - DEBUG - Updating hall of fame
2020-07-18 14:20:18,125 - root - INFO - Completed generation 73; 1.9s elapsed, 2.0s avg, 1.5e+02s total. Expected time remaining: 2.6e+02s
2020-07-18 14:20:18,178 - root - INFO - #73 MAX:accuracy.mean: 0.78
2020-07-18 14:20:18,219 - root - DEBUG - Sampled weight [1.16923082 0.84886633 0.87494018 1.34525735 1.13967958]
2020-07-18 14:20:19,305 - root - DEBUG - Updating hall of fame
2020-07-18 14:20:19,868 - root - INFO - Completed generation 74; 1.7s elapsed, 2.0s avg, 1.5e+02s total. Expected time remaining: 2.6e+02s
2020-07-18 14:20:19,920 - root - INFO - #74 MAX:accuracy.mean: 0.78
2020-07-18 14:20:19,962 - root - DEBUG - Sampled weight [1.2305389  1.08894701 0.65117237 0.81121578 1.6389208 ]
2020-07-18 14:20:21,093 - root - DEBUG - Updating hall of fame
2020-07-18 14:20:22,280 - root - INFO - Completed generation 75; 2.4s elapsed, 2.0s avg, 1.5e+02s total. Expected time remaining: 2.6e+02s
2020-07-18 14:20:22,335 - root - INFO - #75 MAX:accuracy.mean: 0.75
2020-07-18 14:20:22,378 - root - DEBUG - Sampled weight [0.94952257 0.95553572 0.36345008 1.49038108 0.92456063]
2020-07-18 14:20:23,496 - root - DEBUG - Updating hall of fame
2020-07-18 14:20:23,900 - root - INFO - Completed generation 76; 1.6s elapsed, 2.0s avg, 1.5e+02s total. Expected time remaining: 2.5e+02s
2020-07-18 14:20:23,951 - root - INFO - #76 MAX:accuracy.mean: 0.73
2020-07-18 14:20:23,992 - root - DEBUG - Sampled weight [1.19810187 1.60794069 1.08770598 0.48513535 0.86189371]
2020-07-18 14:20:25,088 - root - DEBUG - Updating hall of fame
2020-07-18 14:20:26,056 - root - INFO - Completed generation 77; 2.1s elapsed, 2.0s avg, 1.6e+02s total. Expected time remaining: 2.5e+02s
2020-07-18 14:20:26,108 - root - INFO - #77 MAX:accuracy.mean: 0.78
2020-07-18 14:20:26,150 - root - DEBUG - Sampled weight [1.12046828 0.97264997 1.18839872 0.80005306 0.86701244]
2020-07-18 14:20:27,242 - root - DEBUG - Updating hall of fame
2020-07-18 14:20:28,203 - root - INFO - Completed generation 78; 2.1s elapsed, 2.0s avg, 1.6e+02s total. Expected time remaining: 2.5e+02s
2020-07-18 14:20:28,255 - root - INFO - #78 MAX:accuracy.mean: 0.84
2020-07-18 14:20:28,297 - root - DEBUG - Sampled weight [0.8341816  0.86316914 1.36875769 1.07867659 1.2421484 ]
2020-07-18 14:20:29,397 - root - DEBUG - Updating hall of fame
2020-07-18 14:20:30,551 - root - INFO - Completed generation 79; 2.3s elapsed, 2.0s avg, 1.6e+02s total. Expected time remaining: 2.5e+02s
2020-07-18 14:20:30,602 - root - INFO - #79 MAX:accuracy.mean: 0.83
2020-07-18 14:20:30,643 - root - DEBUG - Sampled weight [2.32109837 1.25250447 2.71365357 1.02216611 0.50487151]
2020-07-18 14:20:31,740 - root - DEBUG - Updating hall of fame
2020-07-18 14:20:32,499 - root - INFO - Completed generation 80; 1.9s elapsed, 2.0s avg, 1.6e+02s total. Expected time remaining: 2.4e+02s
2020-07-18 14:20:32,550 - root - INFO - #80 MAX:accuracy.mean: 0.85
2020-07-18 14:20:32,647 - root - DEBUG - Sampled weight [0.99001514 0.63421243 0.42152036 1.0630988  0.44483581]
2020-07-18 14:20:33,746 - root - DEBUG - Updating hall of fame
2020-07-18 14:20:34,713 - root - INFO - Completed generation 81; 2.1s elapsed, 2.0s avg, 1.7e+02s total. Expected time remaining: 2.4e+02s
2020-07-18 14:20:34,765 - root - INFO - #81 MAX:accuracy.mean: 0.77
2020-07-18 14:20:34,807 - root - DEBUG - Sampled weight [2.29870691 1.49074143 0.72133951 1.71048877 0.84810841]
2020-07-18 14:20:35,899 - root - DEBUG - Updating hall of fame
2020-07-18 14:20:37,056 - root - INFO - Completed generation 82; 2.3s elapsed, 2.0s avg, 1.7e+02s total. Expected time remaining: 2.4e+02s
2020-07-18 14:20:37,108 - root - INFO - #82 MAX:accuracy.mean: 0.85
2020-07-18 14:20:37,150 - root - DEBUG - Sampled weight [2.58405302 1.00968811 0.51952791 0.46004914 0.79856656]
2020-07-18 14:20:38,243 - root - DEBUG - Updating hall of fame
2020-07-18 14:20:39,214 - root - INFO - Completed generation 83; 2.1s elapsed, 2.0s avg, 1.7e+02s total. Expected time remaining: 2.4e+02s
2020-07-18 14:20:39,266 - root - INFO - #83 MAX:accuracy.mean: 0.77
2020-07-18 14:20:39,308 - root - DEBUG - Sampled weight [0.68160142 0.80845814 1.35725256 1.39475073 1.4033299 ]
2020-07-18 14:20:40,424 - root - DEBUG - Updating hall of fame
2020-07-18 14:20:41,216 - root - INFO - Completed generation 84; 1.9s elapsed, 2.0s avg, 1.7e+02s total. Expected time remaining: 2.4e+02s
2020-07-18 14:20:41,269 - root - INFO - #84 MAX:accuracy.mean: 0.87
2020-07-18 14:20:41,310 - root - DEBUG - Sampled weight [0.43029758 0.6515436  1.92834212 1.00321193 1.1852472 ]
2020-07-18 14:20:42,412 - root - DEBUG - Updating hall of fame
2020-07-18 14:20:43,181 - root - INFO - Completed generation 85; 1.9s elapsed, 2.0s avg, 1.7e+02s total. Expected time remaining: 2.3e+02s
2020-07-18 14:20:43,233 - root - INFO - #85 MAX:accuracy.mean: 0.83
2020-07-18 14:20:43,274 - root - DEBUG - Sampled weight [0.92447287 0.51137263 0.50228193 0.49106758 0.59894612]
2020-07-18 14:20:44,376 - root - DEBUG - Updating hall of fame
2020-07-18 14:20:45,355 - root - INFO - Completed generation 86; 2.1s elapsed, 2.0s avg, 1.8e+02s total. Expected time remaining: 2.3e+02s
2020-07-18 14:20:45,407 - root - INFO - #86 MAX:accuracy.mean: 0.81
2020-07-18 14:20:45,448 - root - DEBUG - Sampled weight [1.82664823 1.11991478 0.48388765 1.79910107 0.87110082]
2020-07-18 14:20:46,544 - root - DEBUG - Updating hall of fame
2020-07-18 14:20:47,327 - root - INFO - Completed generation 87; 1.9s elapsed, 2.0s avg, 1.8e+02s total. Expected time remaining: 2.3e+02s
2020-07-18 14:20:47,380 - root - INFO - #87 MAX:accuracy.mean: 0.86
2020-07-18 14:20:47,421 - root - DEBUG - Sampled weight [1.14180043 1.07349071 0.56888259 0.90933039 0.49149708]
2020-07-18 14:20:48,527 - root - DEBUG - Updating hall of fame
2020-07-18 14:20:49,502 - root - INFO - Completed generation 88; 2.1s elapsed, 2.0s avg, 1.8e+02s total. Expected time remaining: 2.3e+02s
2020-07-18 14:20:49,555 - root - INFO - #88 MAX:accuracy.mean: 0.83
2020-07-18 14:20:49,598 - root - DEBUG - Sampled weight [1.0088452  1.60266531 1.02821507 2.10834058 1.58184224]
2020-07-18 14:20:50,716 - root - DEBUG - Updating hall of fame
2020-07-18 14:20:51,499 - root - INFO - Completed generation 89; 1.9s elapsed, 2.0s avg, 1.8e+02s total. Expected time remaining: 2.3e+02s
2020-07-18 14:20:51,552 - root - INFO - #89 MAX:accuracy.mean: 0.93
2020-07-18 14:20:51,594 - root - DEBUG - Sampled weight [1.76028823 0.28447712 1.19819452 0.46583895 0.65559258]
2020-07-18 14:20:52,734 - root - DEBUG - Updating hall of fame
2020-07-18 14:20:53,527 - root - INFO - Completed generation 90; 2.0s elapsed, 2.0s avg, 1.8e+02s total. Expected time remaining: 2.2e+02s
2020-07-18 14:20:53,579 - root - INFO - #90 MAX:accuracy.mean: 0.82
2020-07-18 14:20:53,679 - root - DEBUG - Sampled weight [1.5134376  0.6060084  1.27489846 1.20080763 1.09320329]
2020-07-18 14:20:54,804 - root - DEBUG - Updating hall of fame
2020-07-18 14:20:55,221 - root - INFO - Completed generation 91; 1.6s elapsed, 2.0s avg, 1.9e+02s total. Expected time remaining: 2.2e+02s
2020-07-18 14:20:55,275 - root - INFO - #91 MAX:accuracy.mean: 0.88
2020-07-18 14:20:55,318 - root - DEBUG - Sampled weight [2.94774646 0.90954455 0.99604583 0.91021678 0.49803382]
2020-07-18 14:20:56,427 - root - DEBUG - Updating hall of fame
2020-07-18 14:20:57,210 - root - INFO - Completed generation 92; 1.9s elapsed, 2.0s avg, 1.9e+02s total. Expected time remaining: 2.2e+02s
2020-07-18 14:20:57,262 - root - INFO - #92 MAX:accuracy.mean: 0.84
2020-07-18 14:20:57,304 - root - DEBUG - Sampled weight [1.33464659 1.05858106 0.7203101  1.52990488 1.11259175]
2020-07-18 14:20:58,418 - root - DEBUG - Updating hall of fame
2020-07-18 14:20:58,810 - root - INFO - Completed generation 93; 1.5s elapsed, 2.0s avg, 1.9e+02s total. Expected time remaining: 2.2e+02s
2020-07-18 14:20:58,861 - root - INFO - #93 MAX:accuracy.mean: 0.89
2020-07-18 14:20:58,904 - root - DEBUG - Sampled weight [1.43258233 1.19434538 2.00917086 0.71180225 1.0177984 ]
2020-07-18 14:21:00,019 - root - DEBUG - Updating hall of fame
2020-07-18 14:21:00,595 - root - INFO - Completed generation 94; 1.7s elapsed, 2.0s avg, 1.9e+02s total. Expected time remaining: 2.1e+02s
2020-07-18 14:21:00,650 - root - INFO - #94 MAX:accuracy.mean: 0.89
2020-07-18 14:21:00,694 - root - DEBUG - Sampled weight [0.6997698  1.51845927 1.58781366 0.49080735 2.397339  ]
2020-07-18 14:21:01,852 - root - DEBUG - Updating hall of fame
2020-07-18 14:21:02,263 - root - INFO - Completed generation 95; 1.6s elapsed, 2.0s avg, 1.9e+02s total. Expected time remaining: 2.1e+02s
2020-07-18 14:21:02,317 - root - INFO - #95 MAX:accuracy.mean: 0.85
2020-07-18 14:21:02,362 - root - DEBUG - Sampled weight [0.59886438 1.09393794 1.51035396 0.46623258 2.26611616]
2020-07-18 14:21:03,488 - root - DEBUG - Updating hall of fame
2020-07-18 14:21:03,876 - root - INFO - Completed generation 96; 1.6s elapsed, 2.0s avg, 1.9e+02s total. Expected time remaining: 2.1e+02s
2020-07-18 14:21:03,928 - root - INFO - #96 MAX:accuracy.mean: 0.83
2020-07-18 14:21:03,970 - root - DEBUG - Sampled weight [1.22595051 0.46556252 1.10999666 0.29842186 1.08409931]
2020-07-18 14:21:05,091 - root - DEBUG - Updating hall of fame
2020-07-18 14:21:05,883 - root - INFO - Completed generation 97; 2.0s elapsed, 2.0s avg, 2e+02s total. Expected time remaining: 2.1e+02s
2020-07-18 14:21:05,935 - root - INFO - #97 MAX:accuracy.mean: 0.82
2020-07-18 14:21:05,977 - root - DEBUG - Sampled weight [0.55224015 1.46746497 0.95071979 0.49034442 0.84623375]
2020-07-18 14:21:07,081 - root - DEBUG - Updating hall of fame
2020-07-18 14:21:07,843 - root - INFO - Completed generation 98; 1.9s elapsed, 2.0s avg, 2e+02s total. Expected time remaining: 2.1e+02s
2020-07-18 14:21:07,895 - root - INFO - #98 MAX:accuracy.mean: 0.83
2020-07-18 14:21:07,937 - root - DEBUG - Sampled weight [0.69917826 2.09523532 1.64428693 1.41172462 1.28286985]
2020-07-18 14:21:09,056 - root - DEBUG - Updating hall of fame
2020-07-18 14:21:09,831 - root - INFO - Completed generation 99; 1.9s elapsed, 2.0s avg, 2e+02s total. Expected time remaining: 2e+02s
2020-07-18 14:21:09,883 - root - INFO - #99 MAX:accuracy.mean: 0.9
2020-07-18 14:21:09,924 - root - DEBUG - Sampled weight [0.34442673 0.41371545 0.37114373 1.42024895 3.01470106]
2020-07-18 14:21:11,025 - root - DEBUG - Updating hall of fame
2020-07-18 14:21:11,619 - root - INFO - Completed generation 100; 1.7s elapsed, 2.0s avg, 2e+02s total. Expected time remaining: 2e+02s
2020-07-18 14:21:11,671 - root - INFO - #100 MAX:accuracy.mean: 0.83
2020-07-18 14:21:11,817 - root - DEBUG - Sampled weight [0.71312099 1.01080415 1.08726968 2.16045914 1.46912763]
2020-07-18 14:21:12,920 - root - DEBUG - Updating hall of fame
2020-07-18 14:21:13,518 - root - INFO - Completed generation 101; 1.7s elapsed, 2.0s avg, 2e+02s total. Expected time remaining: 2e+02s
2020-07-18 14:21:13,570 - root - INFO - #101 MAX:accuracy.mean: 0.83
2020-07-18 14:21:13,612 - root - DEBUG - Sampled weight [2.53005893 0.71515236 1.52380847 0.72121071 1.36801429]
2020-07-18 14:21:14,718 - root - DEBUG - Updating hall of fame
2020-07-18 14:21:15,701 - root - INFO - Completed generation 102; 2.1s elapsed, 2.0s avg, 2e+02s total. Expected time remaining: 2e+02s
2020-07-18 14:21:15,754 - root - INFO - #102 MAX:accuracy.mean: 0.86
2020-07-18 14:21:15,796 - root - DEBUG - Sampled weight [0.48278779 0.62378953 1.57022869 1.89527077 1.14278665]
2020-07-18 14:21:16,920 - root - DEBUG - Updating hall of fame
2020-07-18 14:21:17,311 - root - INFO - Completed generation 103; 1.6s elapsed, 2.0s avg, 2.1e+02s total. Expected time remaining: 1.9e+02s
2020-07-18 14:21:17,365 - root - INFO - #103 MAX:accuracy.mean: 0.84
2020-07-18 14:21:17,409 - root - DEBUG - Sampled weight [1.14758946 0.63759694 0.33525699 1.12870886 2.69825707]
2020-07-18 14:21:18,530 - root - DEBUG - Updating hall of fame
2020-07-18 14:21:18,917 - root - INFO - Completed generation 104; 1.6s elapsed, 2.0s avg, 2.1e+02s total. Expected time remaining: 1.9e+02s
2020-07-18 14:21:18,971 - root - INFO - #104 MAX:accuracy.mean: 0.82
2020-07-18 14:21:19,013 - root - DEBUG - Sampled weight [0.85706629 1.01720538 1.38521879 0.5994162  1.19040921]
2020-07-18 14:21:20,112 - root - DEBUG - Updating hall of fame
2020-07-18 14:21:20,512 - root - INFO - Completed generation 105; 1.5s elapsed, 2.0s avg, 2.1e+02s total. Expected time remaining: 1.9e+02s
2020-07-18 14:21:20,564 - root - INFO - #105 MAX:accuracy.mean: 0.86
2020-07-18 14:21:20,605 - root - DEBUG - Sampled weight [0.79006191 1.3523302  1.94819101 1.67396603 1.26115041]
2020-07-18 14:21:21,712 - root - DEBUG - Updating hall of fame
2020-07-18 14:21:22,468 - root - INFO - Completed generation 106; 1.9s elapsed, 2.0s avg, 2.1e+02s total. Expected time remaining: 1.9e+02s
2020-07-18 14:21:22,520 - root - INFO - #106 MAX:accuracy.mean: 0.91
2020-07-18 14:21:22,562 - root - DEBUG - Sampled weight [0.64209681 1.27296944 0.40481292 1.97713373 1.04413198]
2020-07-18 14:21:23,677 - root - DEBUG - Updating hall of fame
2020-07-18 14:21:24,260 - root - INFO - Completed generation 107; 1.7s elapsed, 2.0s avg, 2.1e+02s total. Expected time remaining: 1.9e+02s
2020-07-18 14:21:24,314 - root - INFO - #107 MAX:accuracy.mean: 0.85
2020-07-18 14:21:24,358 - root - DEBUG - Sampled weight [0.6042612  0.9507865  3.32596864 1.87913587 1.15607323]
2020-07-18 14:21:25,497 - root - DEBUG - Updating hall of fame
2020-07-18 14:21:25,712 - root - INFO - Completed generation 108; 1.4s elapsed, 2.0s avg, 2.1e+02s total. Expected time remaining: 1.8e+02s
2020-07-18 14:21:25,765 - root - INFO - #108 MAX:accuracy.mean: 0.86
2020-07-18 14:21:25,808 - root - DEBUG - Sampled weight [0.8821221  1.11118715 2.05789895 0.52296561 0.97094166]
2020-07-18 14:21:26,932 - root - DEBUG - Updating hall of fame
2020-07-18 14:21:27,339 - root - INFO - Completed generation 109; 1.6s elapsed, 2.0s avg, 2.2e+02s total. Expected time remaining: 1.8e+02s
2020-07-18 14:21:27,393 - root - INFO - #109 MAX:accuracy.mean: 0.85
2020-07-18 14:21:27,436 - root - DEBUG - Sampled weight [0.84493279 1.35843884 1.00338796 1.50296165 1.84117159]
2020-07-18 14:21:28,565 - root - DEBUG - Updating hall of fame
2020-07-18 14:21:28,953 - root - INFO - Completed generation 110; 1.6s elapsed, 2.0s avg, 2.2e+02s total. Expected time remaining: 1.8e+02s
2020-07-18 14:21:29,005 - root - INFO - #110 MAX:accuracy.mean: 0.91
2020-07-18 14:21:29,126 - root - DEBUG - Sampled weight [0.89622518 1.98533746 1.09160852 1.21416471 1.13896464]
2020-07-18 14:21:30,230 - root - DEBUG - Updating hall of fame
2020-07-18 14:21:31,204 - root - INFO - Completed generation 111; 2.1s elapsed, 2.0s avg, 2.2e+02s total. Expected time remaining: 1.8e+02s
2020-07-18 14:21:31,255 - root - INFO - #111 MAX:accuracy.mean: 0.91
2020-07-18 14:21:31,297 - root - DEBUG - Sampled weight [0.26970921 0.69334226 0.82826795 0.80296103 0.82800837]
2020-07-18 14:21:32,415 - root - DEBUG - Updating hall of fame
2020-07-18 14:21:33,004 - root - INFO - Completed generation 112; 1.7s elapsed, 2.0s avg, 2.2e+02s total. Expected time remaining: 1.7e+02s
2020-07-18 14:21:33,056 - root - INFO - #112 MAX:accuracy.mean: 0.85
2020-07-18 14:21:33,099 - root - DEBUG - Sampled weight [0.79512306 0.63012601 0.50730809 0.65499806 0.73330378]
2020-07-18 14:21:34,218 - root - DEBUG - Updating hall of fame
2020-07-18 14:21:34,788 - root - INFO - Completed generation 113; 1.7s elapsed, 2.0s avg, 2.2e+02s total. Expected time remaining: 1.7e+02s
2020-07-18 14:21:34,841 - root - INFO - #113 MAX:accuracy.mean: 0.84
2020-07-18 14:21:34,885 - root - DEBUG - Sampled weight [0.93307265 1.06329373 0.89979833 1.13045749 1.34135817]
2020-07-18 14:21:35,997 - root - DEBUG - Updating hall of fame
2020-07-18 14:21:36,752 - root - INFO - Completed generation 114; 1.9s elapsed, 2.0s avg, 2.3e+02s total. Expected time remaining: 1.7e+02s
2020-07-18 14:21:36,804 - root - INFO - #114 MAX:accuracy.mean: 0.89
2020-07-18 14:21:36,846 - root - DEBUG - Sampled weight [4.03555114 1.06579705 0.74861446 1.32161684 1.37029368]
2020-07-18 14:21:37,955 - root - DEBUG - Updating hall of fame
2020-07-18 14:21:38,544 - root - INFO - Completed generation 115; 1.7s elapsed, 2.0s avg, 2.3e+02s total. Expected time remaining: 1.7e+02s
2020-07-18 14:21:38,596 - root - INFO - #115 MAX:accuracy.mean: 0.87
2020-07-18 14:21:38,638 - root - DEBUG - Sampled weight [1.05458301 0.53219049 0.84082399 2.0219486  1.52276123]
2020-07-18 14:21:39,764 - root - DEBUG - Updating hall of fame
2020-07-18 14:21:40,337 - root - INFO - Completed generation 116; 1.7s elapsed, 2.0s avg, 2.3e+02s total. Expected time remaining: 1.7e+02s
2020-07-18 14:21:40,389 - root - INFO - #116 MAX:accuracy.mean: 0.86
2020-07-18 14:21:40,432 - root - DEBUG - Sampled weight [1.1214201  3.26984531 0.99465014 1.5191385  0.82974137]
2020-07-18 14:21:41,571 - root - DEBUG - Updating hall of fame
2020-07-18 14:21:42,350 - root - INFO - Completed generation 117; 2.0s elapsed, 2.0s avg, 2.3e+02s total. Expected time remaining: 1.6e+02s
2020-07-18 14:21:42,404 - root - INFO - #117 MAX:accuracy.mean: 0.89
2020-07-18 14:21:42,447 - root - DEBUG - Sampled weight [1.43375874 0.71829179 0.54097911 1.62826375 0.72206922]
2020-07-18 14:21:43,563 - root - DEBUG - Updating hall of fame
2020-07-18 14:21:43,965 - root - INFO - Completed generation 118; 1.6s elapsed, 2.0s avg, 2.3e+02s total. Expected time remaining: 1.6e+02s
2020-07-18 14:21:44,017 - root - INFO - #118 MAX:accuracy.mean: 0.84
2020-07-18 14:21:44,059 - root - DEBUG - Sampled weight [1.42279888 1.44256244 0.51701167 0.53277282 1.00524114]
2020-07-18 14:21:45,174 - root - DEBUG - Updating hall of fame
2020-07-18 14:21:45,937 - root - INFO - Completed generation 119; 1.9s elapsed, 2.0s avg, 2.3e+02s total. Expected time remaining: 1.6e+02s
2020-07-18 14:21:45,989 - root - INFO - #119 MAX:accuracy.mean: 0.82
2020-07-18 14:21:46,031 - root - DEBUG - Sampled weight [3.34552333 1.22327015 0.84043199 1.06081143 1.58391872]
2020-07-18 14:21:47,164 - root - DEBUG - Updating hall of fame
2020-07-18 14:21:48,145 - root - INFO - Completed generation 120; 2.2s elapsed, 2.0s avg, 2.4e+02s total. Expected time remaining: 1.6e+02s
2020-07-18 14:21:48,197 - root - INFO - #120 MAX:accuracy.mean: 0.83
2020-07-18 14:21:48,303 - root - DEBUG - Sampled weight [0.70426172 0.92728065 2.50117425 0.78817589 1.1369539 ]
2020-07-18 14:21:49,436 - root - DEBUG - Updating hall of fame
2020-07-18 14:21:49,843 - root - INFO - Completed generation 121; 1.6s elapsed, 2.0s avg, 2.4e+02s total. Expected time remaining: 1.6e+02s
2020-07-18 14:21:49,896 - root - INFO - #121 MAX:accuracy.mean: 0.85
2020-07-18 14:21:49,939 - root - DEBUG - Sampled weight [3.22629062 0.30639738 0.55296785 1.60961903 2.48100679]
2020-07-18 14:21:51,079 - root - DEBUG - Updating hall of fame
2020-07-18 14:21:51,479 - root - INFO - Completed generation 122; 1.6s elapsed, 2.0s avg, 2.4e+02s total. Expected time remaining: 1.5e+02s
2020-07-18 14:21:51,533 - root - INFO - #122 MAX:accuracy.mean: 0.84
2020-07-18 14:21:51,576 - root - DEBUG - Sampled weight [0.2328852  1.09452765 1.85180215 1.57711556 0.97777853]
2020-07-18 14:21:52,700 - root - DEBUG - Updating hall of fame
2020-07-18 14:21:52,913 - root - INFO - Completed generation 123; 1.4s elapsed, 2.0s avg, 2.4e+02s total. Expected time remaining: 1.5e+02s
2020-07-18 14:21:52,965 - root - INFO - #123 MAX:accuracy.mean: 0.83
2020-07-18 14:21:53,006 - root - DEBUG - Sampled weight [1.51851914 1.09681201 1.81926609 0.59017283 0.33831286]
2020-07-18 14:21:54,133 - root - DEBUG - Updating hall of fame
2020-07-18 14:21:55,105 - root - INFO - Completed generation 124; 2.1s elapsed, 2.0s avg, 2.4e+02s total. Expected time remaining: 1.5e+02s
2020-07-18 14:21:55,158 - root - INFO - #124 MAX:accuracy.mean: 0.82
2020-07-18 14:21:55,201 - root - DEBUG - Sampled weight [3.41627298 2.01502813 1.42545608 1.88373527 0.57679697]
2020-07-18 14:21:56,349 - root - DEBUG - Updating hall of fame
2020-07-18 14:21:56,543 - root - INFO - Completed generation 125; 1.4s elapsed, 2.0s avg, 2.4e+02s total. Expected time remaining: 1.5e+02s
2020-07-18 14:21:56,597 - root - INFO - #125 MAX:accuracy.mean: 0.88
2020-07-18 14:21:56,641 - root - DEBUG - Sampled weight [0.60080248 0.70477157 1.15556509 0.5659963  0.35931062]
2020-07-18 14:21:57,783 - root - DEBUG - Updating hall of fame
2020-07-18 14:21:57,783 - root - INFO - Completed generation 126; 1.2s elapsed, 1.9s avg, 2.5e+02s total. Expected time remaining: 1.4e+02s
2020-07-18 14:21:57,835 - root - INFO - #126 MAX:accuracy.mean: 0.82
2020-07-18 14:21:57,877 - root - DEBUG - Sampled weight [0.91612062 0.7380303  0.93056491 2.8257204  0.65622601]
2020-07-18 14:21:58,998 - root - DEBUG - Updating hall of fame
2020-07-18 14:21:59,584 - root - INFO - Completed generation 127; 1.7s elapsed, 1.9s avg, 2.5e+02s total. Expected time remaining: 1.4e+02s
2020-07-18 14:21:59,638 - root - INFO - #127 MAX:accuracy.mean: 0.84
2020-07-18 14:21:59,681 - root - DEBUG - Sampled weight [0.44106256 1.39169381 0.73326795 0.46729462 0.84112756]
2020-07-18 14:22:00,795 - root - DEBUG - Updating hall of fame
2020-07-18 14:22:01,581 - root - INFO - Completed generation 128; 1.9s elapsed, 1.9s avg, 2.5e+02s total. Expected time remaining: 1.4e+02s
2020-07-18 14:22:01,636 - root - INFO - #128 MAX:accuracy.mean: 0.82
2020-07-18 14:22:01,679 - root - DEBUG - Sampled weight [1.16492043 1.40377083 1.4519324  0.93046043 2.34824842]
2020-07-18 14:22:02,795 - root - DEBUG - Updating hall of fame
2020-07-18 14:22:03,556 - root - INFO - Completed generation 129; 1.9s elapsed, 1.9s avg, 2.5e+02s total. Expected time remaining: 1.4e+02s
2020-07-18 14:22:03,608 - root - INFO - #129 MAX:accuracy.mean: 0.93
2020-07-18 14:22:03,650 - root - DEBUG - Sampled weight [0.56218645 0.80458011 1.74971141 0.72510152 0.78105541]
2020-07-18 14:22:04,760 - root - DEBUG - Updating hall of fame
2020-07-18 14:22:05,526 - root - INFO - Completed generation 130; 1.9s elapsed, 1.9s avg, 2.5e+02s total. Expected time remaining: 1.4e+02s
2020-07-18 14:22:05,578 - root - INFO - #130 MAX:accuracy.mean: 0.84
2020-07-18 14:22:05,701 - root - DEBUG - Sampled weight [0.59757438 0.33500985 0.31761923 1.13694637 1.43266091]
2020-07-18 14:22:06,852 - root - DEBUG - Updating hall of fame
2020-07-18 14:22:07,436 - root - INFO - Completed generation 131; 1.8s elapsed, 1.9s avg, 2.5e+02s total. Expected time remaining: 1.3e+02s
2020-07-18 14:22:07,490 - root - INFO - #131 MAX:accuracy.mean: 0.83
2020-07-18 14:22:07,533 - root - DEBUG - Sampled weight [0.88855305 1.01204044 2.09388837 1.56070179 1.4319633 ]
2020-07-18 14:22:08,702 - root - DEBUG - Updating hall of fame
2020-07-18 14:22:09,105 - root - INFO - Completed generation 132; 1.6s elapsed, 1.9s avg, 2.6e+02s total. Expected time remaining: 1.3e+02s
2020-07-18 14:22:09,157 - root - INFO - #132 MAX:accuracy.mean: 0.91
2020-07-18 14:22:09,199 - root - DEBUG - Sampled weight [0.76122545 0.76933389 1.11471781 0.85095667 1.2365591 ]
2020-07-18 14:22:10,324 - root - DEBUG - Updating hall of fame
2020-07-18 14:22:11,098 - root - INFO - Completed generation 133; 1.9s elapsed, 1.9s avg, 2.6e+02s total. Expected time remaining: 1.3e+02s
2020-07-18 14:22:11,150 - root - INFO - #133 MAX:accuracy.mean: 0.88
2020-07-18 14:22:11,193 - root - DEBUG - Sampled weight [0.87699894 0.73377873 1.39599402 0.30945311 1.24592294]
2020-07-18 14:22:12,340 - root - DEBUG - Updating hall of fame
2020-07-18 14:22:13,129 - root - INFO - Completed generation 134; 2.0s elapsed, 1.9s avg, 2.6e+02s total. Expected time remaining: 1.3e+02s
2020-07-18 14:22:13,183 - root - INFO - #134 MAX:accuracy.mean: 0.84
2020-07-18 14:22:13,225 - root - DEBUG - Sampled weight [0.81561521 1.74033324 2.11243505 0.61782092 1.77457886]
2020-07-18 14:22:14,358 - root - DEBUG - Updating hall of fame
2020-07-18 14:22:14,947 - root - INFO - Completed generation 135; 1.8s elapsed, 1.9s avg, 2.6e+02s total. Expected time remaining: 1.3e+02s
2020-07-18 14:22:15,000 - root - INFO - #135 MAX:accuracy.mean: 0.87
2020-07-18 14:22:15,043 - root - DEBUG - Sampled weight [1.53824003 1.30251939 0.57837587 0.87376255 1.36993178]
2020-07-18 14:22:16,182 - root - DEBUG - Updating hall of fame
2020-07-18 14:22:16,761 - root - INFO - Completed generation 136; 1.8s elapsed, 1.9s avg, 2.6e+02s total. Expected time remaining: 1.2e+02s
2020-07-18 14:22:16,814 - root - INFO - #136 MAX:accuracy.mean: 0.87
2020-07-18 14:22:16,855 - root - DEBUG - Sampled weight [2.11628139 0.4486318  1.02344957 3.17161523 0.90068271]
2020-07-18 14:22:17,957 - root - DEBUG - Updating hall of fame
2020-07-18 14:22:18,708 - root - INFO - Completed generation 137; 1.9s elapsed, 1.9s avg, 2.7e+02s total. Expected time remaining: 1.2e+02s
2020-07-18 14:22:18,760 - root - INFO - #137 MAX:accuracy.mean: 0.85
2020-07-18 14:22:18,801 - root - DEBUG - Sampled weight [0.55735027 0.6889543  0.50115989 0.47409494 1.83724925]
2020-07-18 14:22:19,903 - root - DEBUG - Updating hall of fame
2020-07-18 14:22:20,287 - root - INFO - Completed generation 138; 1.5s elapsed, 1.9s avg, 2.7e+02s total. Expected time remaining: 1.2e+02s
2020-07-18 14:22:20,339 - root - INFO - #138 MAX:accuracy.mean: 0.84
2020-07-18 14:22:20,380 - root - DEBUG - Sampled weight [0.9577181  1.21935935 3.16217293 2.82831295 1.61822231]
2020-07-18 14:22:21,500 - root - DEBUG - Updating hall of fame
2020-07-18 14:22:21,892 - root - INFO - Completed generation 139; 1.6s elapsed, 1.9s avg, 2.7e+02s total. Expected time remaining: 1.2e+02s
2020-07-18 14:22:21,944 - root - INFO - #139 MAX:accuracy.mean: 0.92
2020-07-18 14:22:21,985 - root - DEBUG - Sampled weight [0.79510089 1.13806728 0.3220138  1.37927577 0.73837006]
2020-07-18 14:22:23,080 - root - DEBUG - Updating hall of fame
2020-07-18 14:22:23,472 - root - INFO - Completed generation 140; 1.5s elapsed, 1.9s avg, 2.7e+02s total. Expected time remaining: 1.2e+02s
2020-07-18 14:22:23,525 - root - INFO - #140 MAX:accuracy.mean: 0.84
2020-07-18 14:22:23,645 - root - DEBUG - Sampled weight [0.76890505 1.06737411 1.28521574 1.43580113 1.05791872]
2020-07-18 14:22:24,763 - root - DEBUG - Updating hall of fame
2020-07-18 14:22:25,361 - root - INFO - Completed generation 141; 1.8s elapsed, 1.9s avg, 2.7e+02s total. Expected time remaining: 1.1e+02s
2020-07-18 14:22:25,413 - root - INFO - #141 MAX:accuracy.mean: 0.89
2020-07-18 14:22:25,455 - root - DEBUG - Sampled weight [0.99886874 0.99964644 1.11090194 1.23442572 1.59653919]
2020-07-18 14:22:26,574 - root - DEBUG - Updating hall of fame
2020-07-18 14:22:27,356 - root - INFO - Completed generation 142; 1.9s elapsed, 1.9s avg, 2.7e+02s total. Expected time remaining: 1.1e+02s
2020-07-18 14:22:27,408 - root - INFO - #142 MAX:accuracy.mean: 0.92
2020-07-18 14:22:27,451 - root - DEBUG - Sampled weight [1.33717711 1.96913781 1.57009582 1.51802515 2.41105911]
2020-07-18 14:22:28,560 - root - DEBUG - Updating hall of fame
2020-07-18 14:22:29,139 - root - INFO - Completed generation 143; 1.7s elapsed, 1.9s avg, 2.8e+02s total. Expected time remaining: 1.1e+02s
2020-07-18 14:22:29,193 - root - INFO - #143 MAX:accuracy.mean: 0.95
2020-07-18 14:22:29,237 - root - DEBUG - Sampled weight [1.21230786 0.50641217 0.8761385  0.66958514 0.9092864 ]
2020-07-18 14:22:30,372 - root - DEBUG - Updating hall of fame
2020-07-18 14:22:30,775 - root - INFO - Completed generation 144; 1.6s elapsed, 1.9s avg, 2.8e+02s total. Expected time remaining: 1.1e+02s
2020-07-18 14:22:30,828 - root - INFO - #144 MAX:accuracy.mean: 0.86
2020-07-18 14:22:30,871 - root - DEBUG - Sampled weight [1.22058546 2.62723916 1.35836475 0.93900498 3.34630306]
2020-07-18 14:22:32,015 - root - DEBUG - Updating hall of fame
2020-07-18 14:22:32,608 - root - INFO - Completed generation 145; 1.8s elapsed, 1.9s avg, 2.8e+02s total. Expected time remaining: 1.1e+02s
2020-07-18 14:22:32,662 - root - INFO - #145 MAX:accuracy.mean: 0.92
2020-07-18 14:22:32,707 - root - DEBUG - Sampled weight [1.20080694 1.31321834 0.78621948 0.45379133 1.18013012]
2020-07-18 14:22:33,844 - root - DEBUG - Updating hall of fame
2020-07-18 14:22:34,429 - root - INFO - Completed generation 146; 1.8s elapsed, 1.9s avg, 2.8e+02s total. Expected time remaining: 1e+02s
2020-07-18 14:22:34,481 - root - INFO - #146 MAX:accuracy.mean: 0.85
2020-07-18 14:22:34,524 - root - DEBUG - Sampled weight [0.41720656 1.20913917 1.04474681 0.74805993 1.17121794]
2020-07-18 14:22:35,653 - root - DEBUG - Updating hall of fame
2020-07-18 14:22:36,243 - root - INFO - Completed generation 147; 1.8s elapsed, 1.9s avg, 2.8e+02s total. Expected time remaining: 1e+02s
2020-07-18 14:22:36,295 - root - INFO - #147 MAX:accuracy.mean: 0.84
2020-07-18 14:22:36,337 - root - DEBUG - Sampled weight [1.38326365 0.63087258 0.750832   0.72708962 1.37721927]
2020-07-18 14:22:37,478 - root - DEBUG - Updating hall of fame
2020-07-18 14:22:37,851 - root - INFO - Completed generation 148; 1.6s elapsed, 1.9s avg, 2.8e+02s total. Expected time remaining: 1e+02s
2020-07-18 14:22:37,904 - root - INFO - #148 MAX:accuracy.mean: 0.83
2020-07-18 14:22:37,948 - root - DEBUG - Sampled weight [0.90489508 0.49466302 0.74519048 3.1047893  0.90918406]
2020-07-18 14:22:39,075 - root - DEBUG - Updating hall of fame
2020-07-18 14:22:39,863 - root - INFO - Completed generation 149; 2.0s elapsed, 1.9s avg, 2.9e+02s total. Expected time remaining: 9.8e+01s
2020-07-18 14:22:39,915 - root - INFO - #149 MAX:accuracy.mean: 0.84
2020-07-18 14:22:39,958 - root - DEBUG - Sampled weight [1.40727611 1.147294   0.42555831 1.20154888 1.5825416 ]
2020-07-18 14:22:41,088 - root - DEBUG - Updating hall of fame
2020-07-18 14:22:41,691 - root - INFO - Completed generation 150; 1.8s elapsed, 1.9s avg, 2.9e+02s total. Expected time remaining: 9.6e+01s
2020-07-18 14:22:41,743 - root - INFO - #150 MAX:accuracy.mean: 0.89
2020-07-18 14:22:41,863 - root - DEBUG - Sampled weight [0.8049501  0.91321025 1.5003894  1.03865765 0.70266514]
2020-07-18 14:22:43,008 - root - DEBUG - Updating hall of fame
2020-07-18 14:22:43,789 - root - INFO - Completed generation 151; 2.0s elapsed, 1.9s avg, 2.9e+02s total. Expected time remaining: 9.4e+01s
2020-07-18 14:22:43,841 - root - INFO - #151 MAX:accuracy.mean: 0.85
2020-07-18 14:22:43,883 - root - DEBUG - Sampled weight [1.46846335 0.49987292 0.7212031  1.47127705 0.85735218]
2020-07-18 14:22:44,998 - root - DEBUG - Updating hall of fame
2020-07-18 14:22:45,559 - root - INFO - Completed generation 152; 1.7s elapsed, 1.9s avg, 2.9e+02s total. Expected time remaining: 9.2e+01s
2020-07-18 14:22:45,611 - root - INFO - #152 MAX:accuracy.mean: 0.84
2020-07-18 14:22:45,653 - root - DEBUG - Sampled weight [0.58568517 1.17955547 0.75136161 0.37993203 0.81183936]
2020-07-18 14:22:46,773 - root - DEBUG - Updating hall of fame
2020-07-18 14:22:47,167 - root - INFO - Completed generation 153; 1.6s elapsed, 1.9s avg, 2.9e+02s total. Expected time remaining: 9e+01s
2020-07-18 14:22:47,221 - root - INFO - #153 MAX:accuracy.mean: 0.83
2020-07-18 14:22:47,263 - root - DEBUG - Sampled weight [1.12568189 1.09842182 1.48513624 1.51307993 0.78010488]
2020-07-18 14:22:48,368 - root - DEBUG - Updating hall of fame
2020-07-18 14:22:48,937 - root - INFO - Completed generation 154; 1.7s elapsed, 1.9s avg, 3e+02s total. Expected time remaining: 8.8e+01s
2020-07-18 14:22:48,989 - root - INFO - #154 MAX:accuracy.mean: 0.9
2020-07-18 14:22:49,030 - root - DEBUG - Sampled weight [0.78565542 1.5724365  0.61529832 0.92132371 0.96968602]
2020-07-18 14:22:50,202 - root - DEBUG - Updating hall of fame
2020-07-18 14:22:50,991 - root - INFO - Completed generation 155; 2.0s elapsed, 1.9s avg, 3e+02s total. Expected time remaining: 8.6e+01s
2020-07-18 14:22:51,043 - root - INFO - #155 MAX:accuracy.mean: 0.84
2020-07-18 14:22:51,084 - root - DEBUG - Sampled weight [0.49273178 0.42319228 1.17166385 0.31468624 1.00597304]
2020-07-18 14:22:52,241 - root - DEBUG - Updating hall of fame
2020-07-18 14:22:52,432 - root - INFO - Completed generation 156; 1.4s elapsed, 1.9s avg, 3e+02s total. Expected time remaining: 8.4e+01s
2020-07-18 14:22:52,485 - root - INFO - #156 MAX:accuracy.mean: 0.83
2020-07-18 14:22:52,529 - root - DEBUG - Sampled weight [1.30439415 0.913886   0.67013031 0.98090873 1.07969988]
2020-07-18 14:22:53,671 - root - DEBUG - Updating hall of fame
2020-07-18 14:22:54,043 - root - INFO - Completed generation 157; 1.6s elapsed, 1.9s avg, 3e+02s total. Expected time remaining: 8.2e+01s
2020-07-18 14:22:54,095 - root - INFO - #157 MAX:accuracy.mean: 0.86
2020-07-18 14:22:54,137 - root - DEBUG - Sampled weight [1.27934762 1.38115677 0.59498484 1.08353928 0.93533482]
2020-07-18 14:22:55,294 - root - DEBUG - Updating hall of fame
2020-07-18 14:22:55,874 - root - INFO - Completed generation 158; 1.8s elapsed, 1.9s avg, 3e+02s total. Expected time remaining: 8e+01s
2020-07-18 14:22:55,925 - root - INFO - #158 MAX:accuracy.mean: 0.87
2020-07-18 14:22:55,968 - root - DEBUG - Sampled weight [1.08848491 0.73710376 0.87366675 0.40334677 1.03793772]
2020-07-18 14:22:57,117 - root - DEBUG - Updating hall of fame
2020-07-18 14:22:57,719 - root - INFO - Completed generation 159; 1.8s elapsed, 1.9s avg, 3e+02s total. Expected time remaining: 7.8e+01s
2020-07-18 14:22:57,771 - root - INFO - #159 MAX:accuracy.mean: 0.83
2020-07-18 14:22:57,812 - root - DEBUG - Sampled weight [1.14366153 0.73427513 1.74256456 1.25440991 0.65673279]
2020-07-18 14:22:58,968 - root - DEBUG - Updating hall of fame
2020-07-18 14:22:59,529 - root - INFO - Completed generation 160; 1.8s elapsed, 1.9s avg, 3.1e+02s total. Expected time remaining: 7.6e+01s
2020-07-18 14:22:59,581 - root - INFO - #160 MAX:accuracy.mean: 0.85
2020-07-18 14:22:59,689 - root - DEBUG - Sampled weight [0.93843366 0.65921956 0.96496113 0.49195517 3.2106793 ]
2020-07-18 14:23:00,852 - root - DEBUG - Updating hall of fame
2020-07-18 14:23:01,470 - root - INFO - Completed generation 161; 1.8s elapsed, 1.9s avg, 3.1e+02s total. Expected time remaining: 7.4e+01s
2020-07-18 14:23:01,522 - root - INFO - #161 MAX:accuracy.mean: 0.83
2020-07-18 14:23:01,565 - root - DEBUG - Sampled weight [2.02641546 1.20362984 1.02712507 0.63556443 0.92476541]
2020-07-18 14:23:02,733 - root - DEBUG - Updating hall of fame
2020-07-18 14:23:02,946 - root - INFO - Completed generation 162; 1.4s elapsed, 1.9s avg, 3.1e+02s total. Expected time remaining: 7.2e+01s
2020-07-18 14:23:02,998 - root - INFO - #162 MAX:accuracy.mean: 0.86
2020-07-18 14:23:03,042 - root - DEBUG - Sampled weight [0.68159692 0.95990592 1.08831293 0.80059532 1.04598591]
2020-07-18 14:23:04,185 - root - DEBUG - Updating hall of fame
2020-07-18 14:23:04,776 - root - INFO - Completed generation 163; 1.8s elapsed, 1.9s avg, 3.1e+02s total. Expected time remaining: 7e+01s
2020-07-18 14:23:04,830 - root - INFO - #163 MAX:accuracy.mean: 0.86
2020-07-18 14:23:04,874 - root - DEBUG - Sampled weight [0.58625853 0.99539373 1.38961999 3.36422156 0.86536957]
2020-07-18 14:23:06,064 - root - DEBUG - Updating hall of fame
2020-07-18 14:23:06,649 - root - INFO - Completed generation 164; 1.8s elapsed, 1.9s avg, 3.1e+02s total. Expected time remaining: 6.9e+01s
2020-07-18 14:23:06,700 - root - INFO - #164 MAX:accuracy.mean: 0.85
2020-07-18 14:23:06,742 - root - DEBUG - Sampled weight [0.91346836 1.4976363  0.77904072 2.4302729  2.68606582]
2020-07-18 14:23:07,856 - root - DEBUG - Updating hall of fame
2020-07-18 14:23:08,067 - root - INFO - Completed generation 165; 1.4s elapsed, 1.9s avg, 3.1e+02s total. Expected time remaining: 6.7e+01s
2020-07-18 14:23:08,119 - root - INFO - #165 MAX:accuracy.mean: 0.89
2020-07-18 14:23:08,161 - root - DEBUG - Sampled weight [0.72725878 0.82205016 0.82369828 2.99583029 5.28221566]
2020-07-18 14:23:09,270 - root - DEBUG - Updating hall of fame
2020-07-18 14:23:09,854 - root - INFO - Completed generation 166; 1.7s elapsed, 1.9s avg, 3.2e+02s total. Expected time remaining: 6.5e+01s
2020-07-18 14:23:09,906 - root - INFO - #166 MAX:accuracy.mean: 0.82
2020-07-18 14:23:09,948 - root - DEBUG - Sampled weight [1.12943694 0.63861106 1.52695956 1.35453992 1.82248479]
2020-07-18 14:23:11,084 - root - DEBUG - Updating hall of fame
2020-07-18 14:23:11,458 - root - INFO - Completed generation 167; 1.6s elapsed, 1.9s avg, 3.2e+02s total. Expected time remaining: 6.3e+01s
2020-07-18 14:23:11,510 - root - INFO - #167 MAX:accuracy.mean: 0.89
2020-07-18 14:23:11,553 - root - DEBUG - Sampled weight [1.27932348 0.47131102 1.08869092 1.81480013 0.29962725]
2020-07-18 14:23:12,697 - root - DEBUG - Updating hall of fame
2020-07-18 14:23:13,091 - root - INFO - Completed generation 168; 1.6s elapsed, 1.9s avg, 3.2e+02s total. Expected time remaining: 6.1e+01s
2020-07-18 14:23:13,143 - root - INFO - #168 MAX:accuracy.mean: 0.83
2020-07-18 14:23:13,185 - root - DEBUG - Sampled weight [1.24117765 1.00079513 1.31413926 0.54931363 2.03856785]
2020-07-18 14:23:14,320 - root - DEBUG - Updating hall of fame
2020-07-18 14:23:14,321 - root - INFO - Completed generation 169; 1.2s elapsed, 1.9s avg, 3.2e+02s total. Expected time remaining: 5.9e+01s
2020-07-18 14:23:14,373 - root - INFO - #169 MAX:accuracy.mean: 0.88
2020-07-18 14:23:14,416 - root - DEBUG - Sampled weight [1.60053176 0.85569153 1.962091   0.54357444 2.52809249]
2020-07-18 14:23:15,587 - root - DEBUG - Updating hall of fame
2020-07-18 14:23:15,993 - root - INFO - Completed generation 170; 1.6s elapsed, 1.9s avg, 3.2e+02s total. Expected time remaining: 5.7e+01s
2020-07-18 14:23:16,044 - root - INFO - #170 MAX:accuracy.mean: 0.86
2020-07-18 14:23:16,165 - root - DEBUG - Sampled weight [2.32868678 1.32005728 1.85653643 0.8464355  0.97068542]
2020-07-18 14:23:17,324 - root - DEBUG - Updating hall of fame
2020-07-18 14:23:17,930 - root - INFO - Completed generation 171; 1.8s elapsed, 1.9s avg, 3.2e+02s total. Expected time remaining: 5.5e+01s
2020-07-18 14:23:17,982 - root - INFO - #171 MAX:accuracy.mean: 0.89
2020-07-18 14:23:18,025 - root - DEBUG - Sampled weight [1.66315411 0.7462413  1.36274154 0.69530117 1.1700735 ]
2020-07-18 14:23:19,187 - root - DEBUG - Updating hall of fame
2020-07-18 14:23:19,979 - root - INFO - Completed generation 172; 2.0s elapsed, 1.9s avg, 3.3e+02s total. Expected time remaining: 5.3e+01s
2020-07-18 14:23:20,033 - root - INFO - #172 MAX:accuracy.mean: 0.85
2020-07-18 14:23:20,075 - root - DEBUG - Sampled weight [0.86013654 2.20375075 1.11660721 1.23163911 0.68147375]
2020-07-18 14:23:21,238 - root - DEBUG - Updating hall of fame
2020-07-18 14:23:21,618 - root - INFO - Completed generation 173; 1.6s elapsed, 1.9s avg, 3.3e+02s total. Expected time remaining: 5.1e+01s
2020-07-18 14:23:21,671 - root - INFO - #173 MAX:accuracy.mean: 0.86
2020-07-18 14:23:21,716 - root - DEBUG - Sampled weight [1.21818018 1.71390412 0.4077465  0.99884103 0.70681541]
2020-07-18 14:23:22,877 - root - DEBUG - Updating hall of fame
2020-07-18 14:23:23,283 - root - INFO - Completed generation 174; 1.6s elapsed, 1.9s avg, 3.3e+02s total. Expected time remaining: 4.9e+01s
2020-07-18 14:23:23,337 - root - INFO - #174 MAX:accuracy.mean: 0.84
2020-07-18 14:23:23,383 - root - DEBUG - Sampled weight [0.94733183 0.8013517  1.02405254 0.6656528  0.47585869]
2020-07-18 14:23:24,580 - root - DEBUG - Updating hall of fame
2020-07-18 14:23:24,972 - root - INFO - Completed generation 175; 1.6s elapsed, 1.9s avg, 3.3e+02s total. Expected time remaining: 4.7e+01s
2020-07-18 14:23:25,027 - root - INFO - #175 MAX:accuracy.mean: 0.83
2020-07-18 14:23:25,069 - root - DEBUG - Sampled weight [2.48010017 1.51199034 0.71768498 0.6755161  1.13417589]
2020-07-18 14:23:26,207 - root - DEBUG - Updating hall of fame
2020-07-18 14:23:26,976 - root - INFO - Completed generation 176; 1.9s elapsed, 1.9s avg, 3.3e+02s total. Expected time remaining: 4.5e+01s
2020-07-18 14:23:27,028 - root - INFO - #176 MAX:accuracy.mean: 0.85
2020-07-18 14:23:27,070 - root - DEBUG - Sampled weight [0.79927285 0.79084623 0.46036386 1.6455125  0.57359606]
2020-07-18 14:23:28,234 - root - DEBUG - Updating hall of fame
2020-07-18 14:23:29,038 - root - INFO - Completed generation 177; 2.0s elapsed, 1.9s avg, 3.3e+02s total. Expected time remaining: 4.3e+01s
2020-07-18 14:23:29,090 - root - INFO - #177 MAX:accuracy.mean: 0.85
2020-07-18 14:23:29,131 - root - DEBUG - Sampled weight [1.65093508 0.6027216  0.51182122 1.02233881 2.29445536]
2020-07-18 14:23:30,289 - root - DEBUG - Updating hall of fame
2020-07-18 14:23:30,852 - root - INFO - Completed generation 178; 1.8s elapsed, 1.9s avg, 3.4e+02s total. Expected time remaining: 4.1e+01s
2020-07-18 14:23:30,904 - root - INFO - #178 MAX:accuracy.mean: 0.85
2020-07-18 14:23:30,946 - root - DEBUG - Sampled weight [1.23415734 1.13894262 0.54387164 0.70401025 1.26541489]
2020-07-18 14:23:32,099 - root - DEBUG - Updating hall of fame
2020-07-18 14:23:32,726 - root - INFO - Completed generation 179; 1.8s elapsed, 1.9s avg, 3.4e+02s total. Expected time remaining: 4e+01s
2020-07-18 14:23:32,778 - root - INFO - #179 MAX:accuracy.mean: 0.84
2020-07-18 14:23:32,820 - root - DEBUG - Sampled weight [0.80519438 0.65239728 0.59319634 0.7336238  0.92110505]
2020-07-18 14:23:33,991 - root - DEBUG - Updating hall of fame
2020-07-18 14:23:35,167 - root - INFO - Completed generation 180; 2.4s elapsed, 1.9s avg, 3.4e+02s total. Expected time remaining: 3.8e+01s
2020-07-18 14:23:35,219 - root - INFO - #180 MAX:accuracy.mean: 0.84
2020-07-18 14:23:35,343 - root - DEBUG - Sampled weight [0.35384981 0.93039091 0.7847743  0.68499878 0.72842761]
2020-07-18 14:23:36,515 - root - DEBUG - Updating hall of fame
2020-07-18 14:23:37,114 - root - INFO - Completed generation 181; 1.8s elapsed, 1.9s avg, 3.4e+02s total. Expected time remaining: 3.6e+01s
2020-07-18 14:23:37,167 - root - INFO - #181 MAX:accuracy.mean: 0.84
2020-07-18 14:23:37,210 - root - DEBUG - Sampled weight [0.86813472 0.56008669 0.69164929 0.98609932 1.54972669]
2020-07-18 14:23:38,371 - root - DEBUG - Updating hall of fame
2020-07-18 14:23:38,600 - root - INFO - Completed generation 182; 1.4s elapsed, 1.9s avg, 3.4e+02s total. Expected time remaining: 3.4e+01s
2020-07-18 14:23:38,652 - root - INFO - #182 MAX:accuracy.mean: 0.83
2020-07-18 14:23:38,696 - root - DEBUG - Sampled weight [1.03498987 1.12920092 0.86899916 0.15442627 0.98012269]
2020-07-18 14:23:39,889 - root - DEBUG - Updating hall of fame
2020-07-18 14:23:40,903 - root - INFO - Completed generation 183; 2.3s elapsed, 1.9s avg, 3.5e+02s total. Expected time remaining: 3.2e+01s
2020-07-18 14:23:40,955 - root - INFO - #183 MAX:accuracy.mean: 0.83
2020-07-18 14:23:40,997 - root - DEBUG - Sampled weight [0.61686029 0.72920828 0.70488812 2.20322663 1.84658709]
2020-07-18 14:23:42,113 - root - DEBUG - Updating hall of fame
2020-07-18 14:23:42,870 - root - INFO - Completed generation 184; 1.9s elapsed, 1.9s avg, 3.5e+02s total. Expected time remaining: 3e+01s
2020-07-18 14:23:42,922 - root - INFO - #184 MAX:accuracy.mean: 0.83
2020-07-18 14:23:42,964 - root - DEBUG - Sampled weight [1.06201455 0.56991694 0.93233078 1.40957513 0.49476444]
2020-07-18 14:23:44,116 - root - DEBUG - Updating hall of fame
2020-07-18 14:23:44,714 - root - INFO - Completed generation 185; 1.8s elapsed, 1.9s avg, 3.5e+02s total. Expected time remaining: 2.8e+01s
2020-07-18 14:23:44,766 - root - INFO - #185 MAX:accuracy.mean: 0.83
2020-07-18 14:23:44,809 - root - DEBUG - Sampled weight [0.90539773 0.5946578  1.10770367 2.11764491 0.35789418]
2020-07-18 14:23:45,936 - root - DEBUG - Updating hall of fame
2020-07-18 14:23:46,690 - root - INFO - Completed generation 186; 1.9s elapsed, 1.9s avg, 3.5e+02s total. Expected time remaining: 2.6e+01s
2020-07-18 14:23:46,742 - root - INFO - #186 MAX:accuracy.mean: 0.83
2020-07-18 14:23:46,784 - root - DEBUG - Sampled weight [1.60833927 0.71884007 0.56012897 0.75162346 1.71611208]
2020-07-18 14:23:47,909 - root - DEBUG - Updating hall of fame
2020-07-18 14:23:48,292 - root - INFO - Completed generation 187; 1.5s elapsed, 1.9s avg, 3.5e+02s total. Expected time remaining: 2.5e+01s
2020-07-18 14:23:48,343 - root - INFO - #187 MAX:accuracy.mean: 0.83
2020-07-18 14:23:48,387 - root - DEBUG - Sampled weight [0.51561041 0.66879399 1.18041748 0.67526529 1.20769427]
2020-07-18 14:23:49,546 - root - DEBUG - Updating hall of fame
2020-07-18 14:23:50,326 - root - INFO - Completed generation 188; 2.0s elapsed, 1.9s avg, 3.5e+02s total. Expected time remaining: 2.3e+01s
2020-07-18 14:23:50,378 - root - INFO - #188 MAX:accuracy.mean: 0.83
2020-07-18 14:23:50,422 - root - DEBUG - Sampled weight [0.7939768  1.29538144 0.64975992 0.98889095 0.60849544]
2020-07-18 14:23:51,562 - root - DEBUG - Updating hall of fame
2020-07-18 14:23:52,129 - root - INFO - Completed generation 189; 1.8s elapsed, 1.9s avg, 3.6e+02s total. Expected time remaining: 2.1e+01s
2020-07-18 14:23:52,181 - root - INFO - #189 MAX:accuracy.mean: 0.83
2020-07-18 14:23:52,224 - root - DEBUG - Sampled weight [3.74825124 0.47392812 2.6709771  0.81297743 0.62097489]
2020-07-18 14:23:53,340 - root - DEBUG - Updating hall of fame
2020-07-18 14:23:53,915 - root - INFO - Completed generation 190; 1.7s elapsed, 1.9s avg, 3.6e+02s total. Expected time remaining: 1.9e+01s
2020-07-18 14:23:53,967 - root - INFO - #190 MAX:accuracy.mean: 0.83
2020-07-18 14:23:54,077 - root - DEBUG - Sampled weight [0.68560797 0.64060552 1.02066054 1.06741418 0.95184758]
2020-07-18 14:23:55,207 - root - DEBUG - Updating hall of fame
2020-07-18 14:23:55,805 - root - INFO - Completed generation 191; 1.8s elapsed, 1.9s avg, 3.6e+02s total. Expected time remaining: 1.7e+01s
2020-07-18 14:23:55,857 - root - INFO - #191 MAX:accuracy.mean: 0.83
2020-07-18 14:23:55,900 - root - DEBUG - Sampled weight [1.24173056 0.75139268 0.83228809 0.83626151 1.24506727]
2020-07-18 14:23:57,061 - root - DEBUG - Updating hall of fame
2020-07-18 14:23:57,656 - root - INFO - Completed generation 192; 1.8s elapsed, 1.9s avg, 3.6e+02s total. Expected time remaining: 1.5e+01s
2020-07-18 14:23:57,708 - root - INFO - #192 MAX:accuracy.mean: 0.84
2020-07-18 14:23:57,751 - root - DEBUG - Sampled weight [0.9956609  1.05681328 0.6176908  0.95755156 0.88065437]
2020-07-18 14:23:58,923 - root - DEBUG - Updating hall of fame
2020-07-18 14:23:59,725 - root - INFO - Completed generation 193; 2.0s elapsed, 1.9s avg, 3.6e+02s total. Expected time remaining: 1.3e+01s
2020-07-18 14:23:59,777 - root - INFO - #193 MAX:accuracy.mean: 0.83
2020-07-18 14:23:59,819 - root - DEBUG - Sampled weight [0.24591962 0.87717787 1.29833095 1.83882214 1.20914973]
2020-07-18 14:24:00,986 - root - DEBUG - Updating hall of fame
2020-07-18 14:24:01,400 - root - INFO - Completed generation 194; 1.6s elapsed, 1.9s avg, 3.7e+02s total. Expected time remaining: 1.1e+01s
2020-07-18 14:24:01,452 - root - INFO - #194 MAX:accuracy.mean: 0.83
2020-07-18 14:24:01,495 - root - DEBUG - Sampled weight [0.59348698 2.00496587 0.93479693 1.45851671 1.02621169]
2020-07-18 14:24:02,643 - root - DEBUG - Updating hall of fame
2020-07-18 14:24:03,242 - root - INFO - Completed generation 195; 1.8s elapsed, 1.9s avg, 3.7e+02s total. Expected time remaining: 9.4s
2020-07-18 14:24:03,293 - root - INFO - #195 MAX:accuracy.mean: 0.86
2020-07-18 14:24:03,337 - root - DEBUG - Sampled weight [0.88526514 2.74999791 0.49981643 0.8876477  0.7441109 ]
2020-07-18 14:24:04,487 - root - DEBUG - Updating hall of fame
2020-07-18 14:24:05,285 - root - INFO - Completed generation 196; 2.0s elapsed, 1.9s avg, 3.7e+02s total. Expected time remaining: 7.5s
2020-07-18 14:24:05,336 - root - INFO - #196 MAX:accuracy.mean: 0.84
2020-07-18 14:24:05,377 - root - DEBUG - Sampled weight [1.58538459 1.5262729  1.33106706 0.95735457 1.55363215]
2020-07-18 14:24:06,504 - root - DEBUG - Updating hall of fame
2020-07-18 14:24:06,881 - root - INFO - Completed generation 197; 1.5s elapsed, 1.9s avg, 3.7e+02s total. Expected time remaining: 5.6s
2020-07-18 14:24:06,935 - root - INFO - #197 MAX:accuracy.mean: 0.93
2020-07-18 14:24:06,978 - root - DEBUG - Sampled weight [2.01352101 0.50148135 1.18497812 0.71594732 0.61304014]
2020-07-18 14:24:08,125 - root - DEBUG - Updating hall of fame
2020-07-18 14:24:09,112 - root - INFO - Completed generation 198; 2.2s elapsed, 1.9s avg, 3.7e+02s total. Expected time remaining: 3.8s
2020-07-18 14:24:09,165 - root - INFO - #198 MAX:accuracy.mean: 0.84
2020-07-18 14:24:09,207 - root - DEBUG - Sampled weight [0.74915105 0.84437117 0.77736142 0.89843741 0.50009427]
2020-07-18 14:24:10,333 - root - DEBUG - Updating hall of fame
2020-07-18 14:24:10,713 - root - INFO - Completed generation 199; 1.5s elapsed, 1.9s avg, 3.7e+02s total. Expected time remaining: 1.9s
2020-07-18 14:24:10,767 - root - INFO - #199 MAX:accuracy.mean: 0.84
2020-07-18 14:24:10,812 - root - DEBUG - Sampled weight [0.91369612 0.82203793 0.73390612 0.74559389 0.86693274]
2020-07-18 14:24:11,979 - root - DEBUG - Updating hall of fame
2020-07-18 14:24:12,962 - root - INFO - Completed generation 200; 2.2s elapsed, 1.9s avg, 3.8e+02s total. Expected time remaining: 0.0s
2020-07-18 14:24:13,014 - root - INFO - #200 MAX:accuracy.mean: 0.88
2020-07-18 14:24:13,186 - root - DEBUG - Loaded 150 samples.
2020-07-18 14:24:13,192 - root - INFO - Evaluating indivs in hall of fame.
2020-07-18 14:24:15,214 - root - INFO - Completed excution.
