2020-08-02 01:45:31,795 - root - INFO - Package version 0.1.1
2020-08-02 01:45:31,795 - root - INFO - Saving data at /vol/fob-vol1/mi15/plonerma/Lab/rewann/data/2020-08-02_Iris selection comparison 5 tournament 0.3 elite 3_000.
2020-08-02 01:45:31,796 - root - DEBUG - Loading training dataset
2020-08-02 01:45:31,885 - root - DEBUG - Loaded 150 samples.
2020-08-02 01:45:31,885 - root - DEBUG - Running experiments with the following parameters:
debug = false
experiment_name = "Iris selection comparison 5 tournament 0.3 elite 3"
experiment_path = "data/2020-08-02_Iris selection comparison 5 tournament 0.3 elite 3_000"

[config]
num_workers = 1
debug = true
backend = "numpy"

[postopt]
run_postopt = true
compile_report = false
num_weights = 100
num_samples = -1

[sampling]
seed = 3
post_init_seed = false
distribution = "lognormal"
lower_bound = -2
upper_bound = 2
mean = 0
sigma = 0.5
num_weights_per_iteration = 1
num_samples_per_iteration = -1
hof_evaluation_iterations = 20
num_weight_samples_per_iteration = 5

[task]
name = "iris"
sample_order_seed = 0
test_portion = 0.2
sample_length = 10
num_categories = 8

[storage]
data_base_path = "data"
log_filename = "execution.log"
commit_elite_freq = -1
commit_metrics_freq = 10

[population]
num_generations = 200
size = 100
initial_enabled_edge_prob = 0.05
initial_genes = "full"
hof_size = 10
enable_edge_signs = true
enabled_activation_funcs = "all"

[selection]
use_tournaments = true
elite_ratio = 0.3
culling_ratio = 0.2
tournament_size = 5
objectives = [ "-log_loss.min", "-log_loss.mean", "-n_hidden",]
recorded_metrics = [ "accuracy", "kappa", "log_loss",]
hof_metric = "accuracy.mean"

[mutation.new_edge]
probability = 0.2
strategy = "layer_agnostic"
propability = 0.2

[mutation.new_node]
probability = 0.25
propability = 0.3

[mutation.reenable_edge]
probability = 0.05
propability = 0.1

[mutation.change_activation]
probability = 0.5
propability = 0.4

[mutation.change_edge_sign]
probability = 0.2

[mutation.new_recurrent_edge]
probability = 0.2
strategy = "any"

2020-08-02 01:45:31,909 - root - INFO - Starting evolutionary algorithm
2020-08-02 01:45:31,940 - root - DEBUG - Sampled weight [1.2478518]
2020-08-02 01:45:32,219 - root - DEBUG - Updating hall of fame
2020-08-02 01:45:33,536 - root - INFO - Completed generation 1; 1.6s elapsed, 1.6s avg, 1.6s total. Expected time remaining: 3.2e+02s
2020-08-02 01:45:33,602 - root - INFO - #1 MAX:accuracy.mean: 0.59
2020-08-02 01:45:33,633 - root - DEBUG - Sampled weight [1.20693867]
2020-08-02 01:45:33,903 - root - DEBUG - Updating hall of fame
2020-08-02 01:45:35,090 - root - INFO - Completed generation 2; 1.5s elapsed, 1.6s avg, 3.1s total. Expected time remaining: 3.1e+02s
2020-08-02 01:45:35,153 - root - INFO - #2 MAX:accuracy.mean: 0.33
2020-08-02 01:45:35,184 - root - DEBUG - Sampled weight [0.8689726]
2020-08-02 01:45:35,450 - root - DEBUG - Updating hall of fame
2020-08-02 01:45:36,578 - root - INFO - Completed generation 3; 1.4s elapsed, 1.5s avg, 4.5s total. Expected time remaining: 3e+02s
2020-08-02 01:45:36,637 - root - INFO - #3 MAX:accuracy.mean: 0.55
2020-08-02 01:45:36,669 - root - DEBUG - Sampled weight [0.9239546]
2020-08-02 01:45:36,935 - root - DEBUG - Updating hall of fame
2020-08-02 01:45:38,147 - root - INFO - Completed generation 4; 1.5s elapsed, 1.5s avg, 6.0s total. Expected time remaining: 3e+02s
2020-08-02 01:45:38,207 - root - INFO - #4 MAX:accuracy.mean: 0.57
2020-08-02 01:45:38,238 - root - DEBUG - Sampled weight [0.56280697]
2020-08-02 01:45:38,508 - root - DEBUG - Updating hall of fame
2020-08-02 01:45:39,636 - root - INFO - Completed generation 5; 1.4s elapsed, 1.5s avg, 7.5s total. Expected time remaining: 2.9e+02s
2020-08-02 01:45:39,695 - root - INFO - #5 MAX:accuracy.mean: 0.75
2020-08-02 01:45:39,727 - root - DEBUG - Sampled weight [0.92380772]
2020-08-02 01:45:39,998 - root - DEBUG - Updating hall of fame
2020-08-02 01:45:41,143 - root - INFO - Completed generation 6; 1.4s elapsed, 1.5s avg, 8.9s total. Expected time remaining: 2.9e+02s
2020-08-02 01:45:41,204 - root - INFO - #6 MAX:accuracy.mean: 0.67
2020-08-02 01:45:41,235 - root - DEBUG - Sampled weight [0.68000922]
2020-08-02 01:45:41,507 - root - DEBUG - Updating hall of fame
2020-08-02 01:45:42,416 - root - INFO - Completed generation 7; 1.2s elapsed, 1.4s avg, 1e+01s total. Expected time remaining: 2.8e+02s
2020-08-02 01:45:42,476 - root - INFO - #7 MAX:accuracy.mean: 0.81
2020-08-02 01:45:42,507 - root - DEBUG - Sampled weight [0.40136924]
2020-08-02 01:45:42,782 - root - DEBUG - Updating hall of fame
2020-08-02 01:45:43,615 - root - INFO - Completed generation 8; 1.1s elapsed, 1.4s avg, 1.1e+01s total. Expected time remaining: 2.7e+02s
2020-08-02 01:45:43,675 - root - INFO - #8 MAX:accuracy.mean: 0.75
2020-08-02 01:45:43,706 - root - DEBUG - Sampled weight [0.50619115]
2020-08-02 01:45:43,980 - root - DEBUG - Updating hall of fame
2020-08-02 01:45:44,897 - root - INFO - Completed generation 9; 1.2s elapsed, 1.4s avg, 1.2e+01s total. Expected time remaining: 2.7e+02s
2020-08-02 01:45:44,957 - root - INFO - #9 MAX:accuracy.mean: 0.91
2020-08-02 01:45:44,988 - root - DEBUG - Sampled weight [1.17723013]
2020-08-02 01:45:45,259 - root - DEBUG - Updating hall of fame
2020-08-02 01:45:45,731 - root - INFO - Completed generation 10; 0.77s elapsed, 1.3s avg, 1.3e+01s total. Expected time remaining: 2.5e+02s
2020-08-02 01:45:45,791 - root - INFO - #10 MAX:accuracy.mean: 0.66
2020-08-02 01:45:45,890 - root - DEBUG - Sampled weight [1.10096717]
2020-08-02 01:45:46,168 - root - DEBUG - Updating hall of fame
2020-08-02 01:45:46,472 - root - INFO - Completed generation 11; 0.61s elapsed, 1.3s avg, 1.4e+01s total. Expected time remaining: 2.4e+02s
2020-08-02 01:45:46,532 - root - INFO - #11 MAX:accuracy.mean: 0.67
2020-08-02 01:45:46,564 - root - DEBUG - Sampled weight [1.09588249]
2020-08-02 01:45:46,836 - root - DEBUG - Updating hall of fame
2020-08-02 01:45:47,181 - root - INFO - Completed generation 12; 0.65s elapsed, 1.2s avg, 1.5e+01s total. Expected time remaining: 2.3e+02s
2020-08-02 01:45:47,241 - root - INFO - #12 MAX:accuracy.mean: 0.67
2020-08-02 01:45:47,272 - root - DEBUG - Sampled weight [0.76382522]
2020-08-02 01:45:47,548 - root - DEBUG - Updating hall of fame
2020-08-02 01:45:48,450 - root - INFO - Completed generation 13; 1.2s elapsed, 1.2s avg, 1.6e+01s total. Expected time remaining: 2.3e+02s
2020-08-02 01:45:48,510 - root - INFO - #13 MAX:accuracy.mean: 0.85
2020-08-02 01:45:48,541 - root - DEBUG - Sampled weight [0.62070777]
2020-08-02 01:45:48,819 - root - DEBUG - Updating hall of fame
2020-08-02 01:45:49,520 - root - INFO - Completed generation 14; 1.0s elapsed, 1.2s avg, 1.7e+01s total. Expected time remaining: 2.2e+02s
2020-08-02 01:45:49,579 - root - INFO - #14 MAX:accuracy.mean: 0.96
2020-08-02 01:45:49,611 - root - DEBUG - Sampled weight [0.48733648]
2020-08-02 01:45:49,888 - root - DEBUG - Updating hall of fame
2020-08-02 01:45:50,462 - root - INFO - Completed generation 15; 0.88s elapsed, 1.2s avg, 1.8e+01s total. Expected time remaining: 2.2e+02s
2020-08-02 01:45:50,522 - root - INFO - #15 MAX:accuracy.mean: 0.92
2020-08-02 01:45:50,553 - root - DEBUG - Sampled weight [1.23129566]
2020-08-02 01:45:50,834 - root - DEBUG - Updating hall of fame
2020-08-02 01:45:51,287 - root - INFO - Completed generation 16; 0.77s elapsed, 1.2s avg, 1.8e+01s total. Expected time remaining: 2.1e+02s
2020-08-02 01:45:51,347 - root - INFO - #16 MAX:accuracy.mean: 0.67
2020-08-02 01:45:51,377 - root - DEBUG - Sampled weight [2.01204396]
2020-08-02 01:45:51,655 - root - DEBUG - Updating hall of fame
2020-08-02 01:45:52,198 - root - INFO - Completed generation 17; 0.85s elapsed, 1.1s avg, 1.9e+01s total. Expected time remaining: 2.1e+02s
2020-08-02 01:45:52,258 - root - INFO - #17 MAX:accuracy.mean: 0.67
2020-08-02 01:45:52,288 - root - DEBUG - Sampled weight [0.79208539]
2020-08-02 01:45:52,570 - root - DEBUG - Updating hall of fame
2020-08-02 01:45:53,071 - root - INFO - Completed generation 18; 0.81s elapsed, 1.1s avg, 2e+01s total. Expected time remaining: 2e+02s
2020-08-02 01:45:53,131 - root - INFO - #18 MAX:accuracy.mean: 0.95
2020-08-02 01:45:53,164 - root - DEBUG - Sampled weight [0.80569396]
2020-08-02 01:45:53,443 - root - DEBUG - Updating hall of fame
2020-08-02 01:45:54,194 - root - INFO - Completed generation 19; 1.1s elapsed, 1.1s avg, 2.1e+01s total. Expected time remaining: 2e+02s
2020-08-02 01:45:54,254 - root - INFO - #19 MAX:accuracy.mean: 0.77
2020-08-02 01:45:54,285 - root - DEBUG - Sampled weight [1.43866498]
2020-08-02 01:45:54,559 - root - DEBUG - Updating hall of fame
2020-08-02 01:45:55,013 - root - INFO - Completed generation 20; 0.76s elapsed, 1.1s avg, 2.2e+01s total. Expected time remaining: 2e+02s
2020-08-02 01:45:55,072 - root - INFO - #20 MAX:accuracy.mean: 0.7
2020-08-02 01:45:55,150 - root - DEBUG - Sampled weight [0.65515081]
2020-08-02 01:45:55,426 - root - DEBUG - Updating hall of fame
2020-08-02 01:45:55,701 - root - INFO - Completed generation 21; 0.58s elapsed, 1.1s avg, 2.2e+01s total. Expected time remaining: 1.9e+02s
2020-08-02 01:45:55,761 - root - INFO - #21 MAX:accuracy.mean: 0.95
2020-08-02 01:45:55,793 - root - DEBUG - Sampled weight [0.73458624]
2020-08-02 01:45:56,073 - root - DEBUG - Updating hall of fame
2020-08-02 01:45:56,834 - root - INFO - Completed generation 22; 1.1s elapsed, 1.1s avg, 2.4e+01s total. Expected time remaining: 1.9e+02s
2020-08-02 01:45:56,894 - root - INFO - #22 MAX:accuracy.mean: 0.85
2020-08-02 01:45:56,926 - root - DEBUG - Sampled weight [1.20443965]
2020-08-02 01:45:57,203 - root - DEBUG - Updating hall of fame
2020-08-02 01:45:57,896 - root - INFO - Completed generation 23; 1.0s elapsed, 1.1s avg, 2.5e+01s total. Expected time remaining: 1.9e+02s
2020-08-02 01:45:57,956 - root - INFO - #23 MAX:accuracy.mean: 0.69
2020-08-02 01:45:57,987 - root - DEBUG - Sampled weight [1.44311297]
2020-08-02 01:45:58,269 - root - DEBUG - Updating hall of fame
2020-08-02 01:45:58,362 - root - INFO - Completed generation 24; 0.41s elapsed, 1.0s avg, 2.5e+01s total. Expected time remaining: 1.8e+02s
2020-08-02 01:45:58,422 - root - INFO - #24 MAX:accuracy.mean: 0.68
2020-08-02 01:45:58,455 - root - DEBUG - Sampled weight [0.39966602]
2020-08-02 01:45:58,738 - root - DEBUG - Updating hall of fame
2020-08-02 01:45:59,140 - root - INFO - Completed generation 25; 0.72s elapsed, 1.0s avg, 2.6e+01s total. Expected time remaining: 1.8e+02s
2020-08-02 01:45:59,202 - root - INFO - #25 MAX:accuracy.mean: 0.95
2020-08-02 01:45:59,235 - root - DEBUG - Sampled weight [0.91430517]
2020-08-02 01:45:59,522 - root - DEBUG - Updating hall of fame
2020-08-02 01:46:00,011 - root - INFO - Completed generation 26; 0.81s elapsed, 1.0s avg, 2.6e+01s total. Expected time remaining: 1.8e+02s
2020-08-02 01:46:00,073 - root - INFO - #26 MAX:accuracy.mean: 0.77
2020-08-02 01:46:00,106 - root - DEBUG - Sampled weight [0.54405933]
2020-08-02 01:46:00,393 - root - DEBUG - Updating hall of fame
2020-08-02 01:46:00,848 - root - INFO - Completed generation 27; 0.78s elapsed, 1.0s avg, 2.7e+01s total. Expected time remaining: 1.7e+02s
2020-08-02 01:46:00,910 - root - INFO - #27 MAX:accuracy.mean: 0.89
2020-08-02 01:46:00,943 - root - DEBUG - Sampled weight [1.54603469]
2020-08-02 01:46:01,233 - root - DEBUG - Updating hall of fame
2020-08-02 01:46:01,474 - root - INFO - Completed generation 28; 0.56s elapsed, 0.99s avg, 2.8e+01s total. Expected time remaining: 1.7e+02s
2020-08-02 01:46:01,538 - root - INFO - #28 MAX:accuracy.mean: 0.69
2020-08-02 01:46:01,572 - root - DEBUG - Sampled weight [0.3976918]
2020-08-02 01:46:01,874 - root - DEBUG - Updating hall of fame
2020-08-02 01:46:02,063 - root - INFO - Completed generation 29; 0.52s elapsed, 0.98s avg, 2.8e+01s total. Expected time remaining: 1.7e+02s
2020-08-02 01:46:02,128 - root - INFO - #29 MAX:accuracy.mean: 0.97
2020-08-02 01:46:02,160 - root - DEBUG - Sampled weight [1.36841165]
2020-08-02 01:46:02,452 - root - DEBUG - Updating hall of fame
2020-08-02 01:46:02,928 - root - INFO - Completed generation 30; 0.8s elapsed, 0.97s avg, 2.9e+01s total. Expected time remaining: 1.7e+02s
2020-08-02 01:46:02,987 - root - INFO - #30 MAX:accuracy.mean: 0.75
2020-08-02 01:46:03,061 - root - DEBUG - Sampled weight [0.48831493]
2020-08-02 01:46:03,338 - root - DEBUG - Updating hall of fame
2020-08-02 01:46:03,559 - root - INFO - Completed generation 31; 0.53s elapsed, 0.96s avg, 3e+01s total. Expected time remaining: 1.6e+02s
2020-08-02 01:46:03,618 - root - INFO - #31 MAX:accuracy.mean: 0.95
2020-08-02 01:46:03,649 - root - DEBUG - Sampled weight [0.91055606]
2020-08-02 01:46:03,925 - root - DEBUG - Updating hall of fame
2020-08-02 01:46:04,350 - root - INFO - Completed generation 32; 0.73s elapsed, 0.95s avg, 3e+01s total. Expected time remaining: 1.6e+02s
2020-08-02 01:46:04,410 - root - INFO - #32 MAX:accuracy.mean: 0.75
2020-08-02 01:46:04,442 - root - DEBUG - Sampled weight [0.47949741]
2020-08-02 01:46:04,719 - root - DEBUG - Updating hall of fame
2020-08-02 01:46:04,938 - root - INFO - Completed generation 33; 0.53s elapsed, 0.94s avg, 3.1e+01s total. Expected time remaining: 1.6e+02s
2020-08-02 01:46:04,997 - root - INFO - #33 MAX:accuracy.mean: 0.95
2020-08-02 01:46:05,029 - root - DEBUG - Sampled weight [1.15389834]
2020-08-02 01:46:05,306 - root - DEBUG - Updating hall of fame
2020-08-02 01:46:06,030 - root - INFO - Completed generation 34; 1.0s elapsed, 0.94s avg, 3.2e+01s total. Expected time remaining: 1.6e+02s
2020-08-02 01:46:06,090 - root - INFO - #34 MAX:accuracy.mean: 0.75
2020-08-02 01:46:06,122 - root - DEBUG - Sampled weight [0.63573694]
2020-08-02 01:46:06,399 - root - DEBUG - Updating hall of fame
2020-08-02 01:46:06,574 - root - INFO - Completed generation 35; 0.48s elapsed, 0.93s avg, 3.2e+01s total. Expected time remaining: 1.5e+02s
2020-08-02 01:46:06,634 - root - INFO - #35 MAX:accuracy.mean: 0.96
2020-08-02 01:46:06,666 - root - DEBUG - Sampled weight [0.82162963]
2020-08-02 01:46:06,943 - root - DEBUG - Updating hall of fame
2020-08-02 01:46:07,293 - root - INFO - Completed generation 36; 0.66s elapsed, 0.92s avg, 3.3e+01s total. Expected time remaining: 1.5e+02s
2020-08-02 01:46:07,352 - root - INFO - #36 MAX:accuracy.mean: 0.77
2020-08-02 01:46:07,384 - root - DEBUG - Sampled weight [0.61409989]
2020-08-02 01:46:07,661 - root - DEBUG - Updating hall of fame
2020-08-02 01:46:08,095 - root - INFO - Completed generation 37; 0.74s elapsed, 0.91s avg, 3.4e+01s total. Expected time remaining: 1.5e+02s
2020-08-02 01:46:08,156 - root - INFO - #37 MAX:accuracy.mean: 0.96
2020-08-02 01:46:08,187 - root - DEBUG - Sampled weight [0.63272294]
2020-08-02 01:46:08,466 - root - DEBUG - Updating hall of fame
2020-08-02 01:46:09,152 - root - INFO - Completed generation 38; 1.0s elapsed, 0.92s avg, 3.5e+01s total. Expected time remaining: 1.5e+02s
2020-08-02 01:46:09,212 - root - INFO - #38 MAX:accuracy.mean: 0.95
2020-08-02 01:46:09,243 - root - DEBUG - Sampled weight [1.68966271]
2020-08-02 01:46:09,521 - root - DEBUG - Updating hall of fame
2020-08-02 01:46:09,750 - root - INFO - Completed generation 39; 0.54s elapsed, 0.91s avg, 3.5e+01s total. Expected time remaining: 1.5e+02s
2020-08-02 01:46:09,810 - root - INFO - #39 MAX:accuracy.mean: 0.71
2020-08-02 01:46:09,841 - root - DEBUG - Sampled weight [3.62545773]
2020-08-02 01:46:10,125 - root - DEBUG - Updating hall of fame
2020-08-02 01:46:10,300 - root - INFO - Completed generation 40; 0.49s elapsed, 0.9s avg, 3.6e+01s total. Expected time remaining: 1.4e+02s
2020-08-02 01:46:10,360 - root - INFO - #40 MAX:accuracy.mean: 0.7
2020-08-02 01:46:10,453 - root - DEBUG - Sampled weight [2.19983112]
2020-08-02 01:46:10,733 - root - DEBUG - Updating hall of fame
2020-08-02 01:46:10,779 - root - INFO - Completed generation 41; 0.36s elapsed, 0.88s avg, 3.6e+01s total. Expected time remaining: 1.4e+02s
2020-08-02 01:46:10,838 - root - INFO - #41 MAX:accuracy.mean: 0.68
2020-08-02 01:46:10,869 - root - DEBUG - Sampled weight [1.37387618]
2020-08-02 01:46:11,147 - root - DEBUG - Updating hall of fame
2020-08-02 01:46:11,191 - root - INFO - Completed generation 42; 0.35s elapsed, 0.87s avg, 3.7e+01s total. Expected time remaining: 1.4e+02s
2020-08-02 01:46:11,251 - root - INFO - #42 MAX:accuracy.mean: 0.68
2020-08-02 01:46:11,283 - root - DEBUG - Sampled weight [0.71879359]
2020-08-02 01:46:11,560 - root - DEBUG - Updating hall of fame
2020-08-02 01:46:11,692 - root - INFO - Completed generation 43; 0.44s elapsed, 0.86s avg, 3.7e+01s total. Expected time remaining: 1.4e+02s
2020-08-02 01:46:11,752 - root - INFO - #43 MAX:accuracy.mean: 0.89
2020-08-02 01:46:11,783 - root - DEBUG - Sampled weight [2.36998208]
2020-08-02 01:46:12,062 - root - DEBUG - Updating hall of fame
2020-08-02 01:46:12,201 - root - INFO - Completed generation 44; 0.45s elapsed, 0.85s avg, 3.7e+01s total. Expected time remaining: 1.3e+02s
2020-08-02 01:46:12,261 - root - INFO - #44 MAX:accuracy.mean: 0.7
2020-08-02 01:46:12,293 - root - DEBUG - Sampled weight [0.96261862]
2020-08-02 01:46:12,573 - root - DEBUG - Updating hall of fame
2020-08-02 01:46:12,573 - root - INFO - Completed generation 45; 0.31s elapsed, 0.84s avg, 3.8e+01s total. Expected time remaining: 1.3e+02s
2020-08-02 01:46:12,633 - root - INFO - #45 MAX:accuracy.mean: 0.71
2020-08-02 01:46:12,666 - root - DEBUG - Sampled weight [0.58437037]
2020-08-02 01:46:12,944 - root - DEBUG - Updating hall of fame
2020-08-02 01:46:13,122 - root - INFO - Completed generation 46; 0.49s elapsed, 0.83s avg, 3.8e+01s total. Expected time remaining: 1.3e+02s
2020-08-02 01:46:13,182 - root - INFO - #46 MAX:accuracy.mean: 0.96
2020-08-02 01:46:13,213 - root - DEBUG - Sampled weight [0.3892843]
2020-08-02 01:46:13,497 - root - DEBUG - Updating hall of fame
2020-08-02 01:46:13,932 - root - INFO - Completed generation 47; 0.75s elapsed, 0.83s avg, 3.9e+01s total. Expected time remaining: 1.3e+02s
2020-08-02 01:46:13,992 - root - INFO - #47 MAX:accuracy.mean: 0.93
2020-08-02 01:46:14,023 - root - DEBUG - Sampled weight [0.66067795]
2020-08-02 01:46:14,304 - root - DEBUG - Updating hall of fame
2020-08-02 01:46:14,611 - root - INFO - Completed generation 48; 0.62s elapsed, 0.83s avg, 4e+01s total. Expected time remaining: 1.3e+02s
2020-08-02 01:46:14,671 - root - INFO - #48 MAX:accuracy.mean: 0.95
2020-08-02 01:46:14,703 - root - DEBUG - Sampled weight [1.09526516]
2020-08-02 01:46:14,985 - root - DEBUG - Updating hall of fame
2020-08-02 01:46:15,217 - root - INFO - Completed generation 49; 0.55s elapsed, 0.82s avg, 4e+01s total. Expected time remaining: 1.2e+02s
2020-08-02 01:46:15,276 - root - INFO - #49 MAX:accuracy.mean: 0.79
2020-08-02 01:46:15,308 - root - DEBUG - Sampled weight [2.61234444]
2020-08-02 01:46:15,593 - root - DEBUG - Updating hall of fame
2020-08-02 01:46:15,870 - root - INFO - Completed generation 50; 0.59s elapsed, 0.82s avg, 4.1e+01s total. Expected time remaining: 1.2e+02s
2020-08-02 01:46:15,930 - root - INFO - #50 MAX:accuracy.mean: 0.78
2020-08-02 01:46:16,037 - root - DEBUG - Sampled weight [1.69492065]
2020-08-02 01:46:16,319 - root - DEBUG - Updating hall of fame
2020-08-02 01:46:16,455 - root - INFO - Completed generation 51; 0.45s elapsed, 0.81s avg, 4.1e+01s total. Expected time remaining: 1.2e+02s
2020-08-02 01:46:16,515 - root - INFO - #51 MAX:accuracy.mean: 0.77
2020-08-02 01:46:16,546 - root - DEBUG - Sampled weight [1.01970058]
2020-08-02 01:46:16,830 - root - DEBUG - Updating hall of fame
2020-08-02 01:46:16,965 - root - INFO - Completed generation 52; 0.45s elapsed, 0.8s avg, 4.2e+01s total. Expected time remaining: 1.2e+02s
2020-08-02 01:46:17,025 - root - INFO - #52 MAX:accuracy.mean: 0.77
2020-08-02 01:46:17,056 - root - DEBUG - Sampled weight [1.2895726]
2020-08-02 01:46:17,340 - root - DEBUG - Updating hall of fame
2020-08-02 01:46:17,747 - root - INFO - Completed generation 53; 0.72s elapsed, 0.8s avg, 4.2e+01s total. Expected time remaining: 1.2e+02s
2020-08-02 01:46:17,807 - root - INFO - #53 MAX:accuracy.mean: 0.77
2020-08-02 01:46:17,839 - root - DEBUG - Sampled weight [2.85465997]
2020-08-02 01:46:18,127 - root - DEBUG - Updating hall of fame
2020-08-02 01:46:18,361 - root - INFO - Completed generation 54; 0.55s elapsed, 0.8s avg, 4.3e+01s total. Expected time remaining: 1.2e+02s
2020-08-02 01:46:18,421 - root - INFO - #54 MAX:accuracy.mean: 0.76
2020-08-02 01:46:18,453 - root - DEBUG - Sampled weight [0.35281562]
2020-08-02 01:46:18,739 - root - DEBUG - Updating hall of fame
2020-08-02 01:46:18,922 - root - INFO - Completed generation 55; 0.5s elapsed, 0.79s avg, 4.3e+01s total. Expected time remaining: 1.1e+02s
2020-08-02 01:46:18,982 - root - INFO - #55 MAX:accuracy.mean: 0.76
2020-08-02 01:46:19,014 - root - DEBUG - Sampled weight [0.80237528]
2020-08-02 01:46:19,298 - root - DEBUG - Updating hall of fame
2020-08-02 01:46:19,643 - root - INFO - Completed generation 56; 0.66s elapsed, 0.79s avg, 4.4e+01s total. Expected time remaining: 1.1e+02s
2020-08-02 01:46:19,703 - root - INFO - #56 MAX:accuracy.mean: 0.96
2020-08-02 01:46:19,736 - root - DEBUG - Sampled weight [3.33156076]
2020-08-02 01:46:20,020 - root - DEBUG - Updating hall of fame
2020-08-02 01:46:20,211 - root - INFO - Completed generation 57; 0.51s elapsed, 0.78s avg, 4.5e+01s total. Expected time remaining: 1.1e+02s
2020-08-02 01:46:20,271 - root - INFO - #57 MAX:accuracy.mean: 0.73
2020-08-02 01:46:20,303 - root - DEBUG - Sampled weight [0.219697]
2020-08-02 01:46:20,588 - root - DEBUG - Updating hall of fame
2020-08-02 01:46:20,682 - root - INFO - Completed generation 58; 0.41s elapsed, 0.78s avg, 4.5e+01s total. Expected time remaining: 1.1e+02s
2020-08-02 01:46:20,742 - root - INFO - #58 MAX:accuracy.mean: 0.72
2020-08-02 01:46:20,774 - root - DEBUG - Sampled weight [1.25938158]
2020-08-02 01:46:21,065 - root - DEBUG - Updating hall of fame
2020-08-02 01:46:21,380 - root - INFO - Completed generation 59; 0.64s elapsed, 0.77s avg, 4.6e+01s total. Expected time remaining: 1.1e+02s
2020-08-02 01:46:21,439 - root - INFO - #59 MAX:accuracy.mean: 0.72
2020-08-02 01:46:21,471 - root - DEBUG - Sampled weight [1.95779299]
2020-08-02 01:46:21,760 - root - DEBUG - Updating hall of fame
2020-08-02 01:46:21,994 - root - INFO - Completed generation 60; 0.55s elapsed, 0.77s avg, 4.6e+01s total. Expected time remaining: 1.1e+02s
2020-08-02 01:46:22,054 - root - INFO - #60 MAX:accuracy.mean: 0.72
2020-08-02 01:46:22,143 - root - DEBUG - Sampled weight [0.88555079]
2020-08-02 01:46:22,432 - root - DEBUG - Updating hall of fame
2020-08-02 01:46:22,521 - root - INFO - Completed generation 61; 0.41s elapsed, 0.76s avg, 4.7e+01s total. Expected time remaining: 1.1e+02s
2020-08-02 01:46:22,581 - root - INFO - #61 MAX:accuracy.mean: 0.85
2020-08-02 01:46:22,612 - root - DEBUG - Sampled weight [0.70217043]
2020-08-02 01:46:22,901 - root - DEBUG - Updating hall of fame
2020-08-02 01:46:23,177 - root - INFO - Completed generation 62; 0.6s elapsed, 0.76s avg, 4.7e+01s total. Expected time remaining: 1.1e+02s
2020-08-02 01:46:23,237 - root - INFO - #62 MAX:accuracy.mean: 0.89
2020-08-02 01:46:23,268 - root - DEBUG - Sampled weight [0.63917206]
2020-08-02 01:46:23,558 - root - DEBUG - Updating hall of fame
2020-08-02 01:46:24,018 - root - INFO - Completed generation 63; 0.78s elapsed, 0.76s avg, 4.8e+01s total. Expected time remaining: 1e+02s
2020-08-02 01:46:24,078 - root - INFO - #63 MAX:accuracy.mean: 0.95
2020-08-02 01:46:24,111 - root - DEBUG - Sampled weight [0.97293298]
2020-08-02 01:46:24,398 - root - DEBUG - Updating hall of fame
2020-08-02 01:46:24,575 - root - INFO - Completed generation 64; 0.5s elapsed, 0.76s avg, 4.9e+01s total. Expected time remaining: 1e+02s
2020-08-02 01:46:24,635 - root - INFO - #64 MAX:accuracy.mean: 0.72
2020-08-02 01:46:24,667 - root - DEBUG - Sampled weight [0.52704566]
2020-08-02 01:46:24,960 - root - DEBUG - Updating hall of fame
2020-08-02 01:46:25,189 - root - INFO - Completed generation 65; 0.55s elapsed, 0.75s avg, 4.9e+01s total. Expected time remaining: 1e+02s
2020-08-02 01:46:25,249 - root - INFO - #65 MAX:accuracy.mean: 0.89
2020-08-02 01:46:25,281 - root - DEBUG - Sampled weight [2.31058012]
2020-08-02 01:46:25,575 - root - DEBUG - Updating hall of fame
2020-08-02 01:46:25,843 - root - INFO - Completed generation 66; 0.59s elapsed, 0.75s avg, 5e+01s total. Expected time remaining: 1e+02s
2020-08-02 01:46:25,903 - root - INFO - #66 MAX:accuracy.mean: 0.71
2020-08-02 01:46:25,934 - root - DEBUG - Sampled weight [0.94163577]
2020-08-02 01:46:26,222 - root - DEBUG - Updating hall of fame
2020-08-02 01:46:26,359 - root - INFO - Completed generation 67; 0.46s elapsed, 0.75s avg, 5e+01s total. Expected time remaining: 9.9e+01s
2020-08-02 01:46:26,419 - root - INFO - #67 MAX:accuracy.mean: 0.73
2020-08-02 01:46:26,453 - root - DEBUG - Sampled weight [0.49721094]
2020-08-02 01:46:26,743 - root - DEBUG - Updating hall of fame
2020-08-02 01:46:27,015 - root - INFO - Completed generation 68; 0.6s elapsed, 0.75s avg, 5.1e+01s total. Expected time remaining: 9.8e+01s
2020-08-02 01:46:27,075 - root - INFO - #68 MAX:accuracy.mean: 0.93
2020-08-02 01:46:27,107 - root - DEBUG - Sampled weight [1.08716435]
2020-08-02 01:46:27,398 - root - DEBUG - Updating hall of fame
2020-08-02 01:46:27,622 - root - INFO - Completed generation 69; 0.55s elapsed, 0.74s avg, 5.1e+01s total. Expected time remaining: 9.7e+01s
2020-08-02 01:46:27,682 - root - INFO - #69 MAX:accuracy.mean: 0.71
2020-08-02 01:46:27,713 - root - DEBUG - Sampled weight [0.70186581]
2020-08-02 01:46:28,004 - root - DEBUG - Updating hall of fame
2020-08-02 01:46:28,182 - root - INFO - Completed generation 70; 0.5s elapsed, 0.74s avg, 5.2e+01s total. Expected time remaining: 9.6e+01s
2020-08-02 01:46:28,243 - root - INFO - #70 MAX:accuracy.mean: 0.95
2020-08-02 01:46:28,360 - root - DEBUG - Sampled weight [1.30026024]
2020-08-02 01:46:28,652 - root - DEBUG - Updating hall of fame
2020-08-02 01:46:29,027 - root - INFO - Completed generation 71; 0.7s elapsed, 0.74s avg, 5.2e+01s total. Expected time remaining: 9.5e+01s
2020-08-02 01:46:29,087 - root - INFO - #71 MAX:accuracy.mean: 0.72
2020-08-02 01:46:29,118 - root - DEBUG - Sampled weight [0.47096734]
2020-08-02 01:46:29,405 - root - DEBUG - Updating hall of fame
2020-08-02 01:46:29,501 - root - INFO - Completed generation 72; 0.41s elapsed, 0.73s avg, 5.3e+01s total. Expected time remaining: 9.4e+01s
2020-08-02 01:46:29,561 - root - INFO - #72 MAX:accuracy.mean: 0.95
2020-08-02 01:46:29,593 - root - DEBUG - Sampled weight [0.6753722]
2020-08-02 01:46:29,881 - root - DEBUG - Updating hall of fame
2020-08-02 01:46:30,110 - root - INFO - Completed generation 73; 0.55s elapsed, 0.73s avg, 5.3e+01s total. Expected time remaining: 9.3e+01s
2020-08-02 01:46:30,170 - root - INFO - #73 MAX:accuracy.mean: 0.89
2020-08-02 01:46:30,201 - root - DEBUG - Sampled weight [1.5981408]
2020-08-02 01:46:30,498 - root - DEBUG - Updating hall of fame
2020-08-02 01:46:30,819 - root - INFO - Completed generation 74; 0.65s elapsed, 0.73s avg, 5.4e+01s total. Expected time remaining: 9.2e+01s
2020-08-02 01:46:30,879 - root - INFO - #74 MAX:accuracy.mean: 0.72
2020-08-02 01:46:30,910 - root - DEBUG - Sampled weight [1.11696958]
2020-08-02 01:46:31,197 - root - DEBUG - Updating hall of fame
2020-08-02 01:46:31,378 - root - INFO - Completed generation 75; 0.5s elapsed, 0.73s avg, 5.5e+01s total. Expected time remaining: 9.1e+01s
2020-08-02 01:46:31,438 - root - INFO - #75 MAX:accuracy.mean: 0.73
2020-08-02 01:46:31,470 - root - DEBUG - Sampled weight [1.71598081]
2020-08-02 01:46:31,765 - root - DEBUG - Updating hall of fame
2020-08-02 01:46:32,035 - root - INFO - Completed generation 76; 0.6s elapsed, 0.73s avg, 5.5e+01s total. Expected time remaining: 9e+01s
2020-08-02 01:46:32,095 - root - INFO - #76 MAX:accuracy.mean: 0.73
2020-08-02 01:46:32,127 - root - DEBUG - Sampled weight [0.82590719]
2020-08-02 01:46:32,420 - root - DEBUG - Updating hall of fame
2020-08-02 01:46:32,597 - root - INFO - Completed generation 77; 0.5s elapsed, 0.72s avg, 5.6e+01s total. Expected time remaining: 8.9e+01s
2020-08-02 01:46:32,657 - root - INFO - #77 MAX:accuracy.mean: 0.97
2020-08-02 01:46:32,688 - root - DEBUG - Sampled weight [0.76948299]
2020-08-02 01:46:32,973 - root - DEBUG - Updating hall of fame
2020-08-02 01:46:33,303 - root - INFO - Completed generation 78; 0.65s elapsed, 0.72s avg, 5.6e+01s total. Expected time remaining: 8.8e+01s
2020-08-02 01:46:33,363 - root - INFO - #78 MAX:accuracy.mean: 0.97
2020-08-02 01:46:33,395 - root - DEBUG - Sampled weight [0.66384419]
2020-08-02 01:46:33,687 - root - DEBUG - Updating hall of fame
2020-08-02 01:46:33,951 - root - INFO - Completed generation 79; 0.59s elapsed, 0.72s avg, 5.7e+01s total. Expected time remaining: 8.7e+01s
2020-08-02 01:46:34,012 - root - INFO - #79 MAX:accuracy.mean: 0.96
2020-08-02 01:46:34,044 - root - DEBUG - Sampled weight [2.45617243]
2020-08-02 01:46:34,340 - root - DEBUG - Updating hall of fame
2020-08-02 01:46:34,530 - root - INFO - Completed generation 80; 0.52s elapsed, 0.72s avg, 5.7e+01s total. Expected time remaining: 8.6e+01s
2020-08-02 01:46:34,590 - root - INFO - #80 MAX:accuracy.mean: 0.74
2020-08-02 01:46:34,681 - root - DEBUG - Sampled weight [1.10743993]
2020-08-02 01:46:34,979 - root - DEBUG - Updating hall of fame
2020-08-02 01:46:35,215 - root - INFO - Completed generation 81; 0.57s elapsed, 0.72s avg, 5.8e+01s total. Expected time remaining: 8.5e+01s
2020-08-02 01:46:35,275 - root - INFO - #81 MAX:accuracy.mean: 0.89
2020-08-02 01:46:35,306 - root - DEBUG - Sampled weight [0.76735444]
2020-08-02 01:46:35,596 - root - DEBUG - Updating hall of fame
2020-08-02 01:46:35,831 - root - INFO - Completed generation 82; 0.56s elapsed, 0.71s avg, 5.9e+01s total. Expected time remaining: 8.4e+01s
2020-08-02 01:46:35,891 - root - INFO - #82 MAX:accuracy.mean: 0.95
2020-08-02 01:46:35,922 - root - DEBUG - Sampled weight [0.74709249]
2020-08-02 01:46:36,215 - root - DEBUG - Updating hall of fame
2020-08-02 01:46:36,685 - root - INFO - Completed generation 83; 0.79s elapsed, 0.71s avg, 5.9e+01s total. Expected time remaining: 8.4e+01s
2020-08-02 01:46:36,745 - root - INFO - #83 MAX:accuracy.mean: 0.95
2020-08-02 01:46:36,777 - root - DEBUG - Sampled weight [0.65700784]
2020-08-02 01:46:37,071 - root - DEBUG - Updating hall of fame
2020-08-02 01:46:37,561 - root - INFO - Completed generation 84; 0.82s elapsed, 0.72s avg, 6e+01s total. Expected time remaining: 8.3e+01s
2020-08-02 01:46:37,621 - root - INFO - #84 MAX:accuracy.mean: 0.89
2020-08-02 01:46:37,654 - root - DEBUG - Sampled weight [1.26332352]
2020-08-02 01:46:37,956 - root - DEBUG - Updating hall of fame
2020-08-02 01:46:38,292 - root - INFO - Completed generation 85; 0.67s elapsed, 0.72s avg, 6.1e+01s total. Expected time remaining: 8.2e+01s
2020-08-02 01:46:38,352 - root - INFO - #85 MAX:accuracy.mean: 0.79
2020-08-02 01:46:38,384 - root - DEBUG - Sampled weight [0.51112934]
2020-08-02 01:46:38,682 - root - DEBUG - Updating hall of fame
2020-08-02 01:46:38,961 - root - INFO - Completed generation 86; 0.61s elapsed, 0.71s avg, 6.1e+01s total. Expected time remaining: 8.1e+01s
2020-08-02 01:46:39,022 - root - INFO - #86 MAX:accuracy.mean: 0.87
2020-08-02 01:46:39,053 - root - DEBUG - Sampled weight [0.32000548]
2020-08-02 01:46:39,351 - root - DEBUG - Updating hall of fame
2020-08-02 01:46:39,669 - root - INFO - Completed generation 87; 0.65s elapsed, 0.71s avg, 6.2e+01s total. Expected time remaining: 8.1e+01s
2020-08-02 01:46:39,729 - root - INFO - #87 MAX:accuracy.mean: 0.78
2020-08-02 01:46:39,762 - root - DEBUG - Sampled weight [1.70086153]
2020-08-02 01:46:40,061 - root - DEBUG - Updating hall of fame
2020-08-02 01:46:40,336 - root - INFO - Completed generation 88; 0.61s elapsed, 0.71s avg, 6.3e+01s total. Expected time remaining: 8e+01s
2020-08-02 01:46:40,396 - root - INFO - #88 MAX:accuracy.mean: 0.77
2020-08-02 01:46:40,429 - root - DEBUG - Sampled weight [1.616861]
2020-08-02 01:46:40,729 - root - DEBUG - Updating hall of fame
2020-08-02 01:46:40,928 - root - INFO - Completed generation 89; 0.53s elapsed, 0.71s avg, 6.3e+01s total. Expected time remaining: 7.9e+01s
2020-08-02 01:46:40,988 - root - INFO - #89 MAX:accuracy.mean: 0.76
2020-08-02 01:46:41,020 - root - DEBUG - Sampled weight [1.49578391]
2020-08-02 01:46:41,319 - root - DEBUG - Updating hall of fame
2020-08-02 01:46:41,594 - root - INFO - Completed generation 90; 0.61s elapsed, 0.71s avg, 6.4e+01s total. Expected time remaining: 7.8e+01s
2020-08-02 01:46:41,654 - root - INFO - #90 MAX:accuracy.mean: 0.76
2020-08-02 01:46:41,748 - root - DEBUG - Sampled weight [0.67059554]
2020-08-02 01:46:42,065 - root - DEBUG - Updating hall of fame
2020-08-02 01:46:42,504 - root - INFO - Completed generation 91; 0.79s elapsed, 0.71s avg, 6.5e+01s total. Expected time remaining: 7.7e+01s
2020-08-02 01:46:42,568 - root - INFO - #91 MAX:accuracy.mean: 0.96
2020-08-02 01:46:42,602 - root - DEBUG - Sampled weight [0.99705305]
2020-08-02 01:46:42,916 - root - DEBUG - Updating hall of fame
2020-08-02 01:46:43,258 - root - INFO - Completed generation 92; 0.69s elapsed, 0.71s avg, 6.5e+01s total. Expected time remaining: 7.7e+01s
2020-08-02 01:46:43,322 - root - INFO - #92 MAX:accuracy.mean: 0.77
2020-08-02 01:46:43,356 - root - DEBUG - Sampled weight [0.44364883]
2020-08-02 01:46:43,674 - root - DEBUG - Updating hall of fame
2020-08-02 01:46:43,867 - root - INFO - Completed generation 93; 0.54s elapsed, 0.71s avg, 6.6e+01s total. Expected time remaining: 7.6e+01s
2020-08-02 01:46:43,931 - root - INFO - #93 MAX:accuracy.mean: 0.95
2020-08-02 01:46:43,966 - root - DEBUG - Sampled weight [1.44866305]
2020-08-02 01:46:44,285 - root - DEBUG - Updating hall of fame
2020-08-02 01:46:44,482 - root - INFO - Completed generation 94; 0.55s elapsed, 0.71s avg, 6.6e+01s total. Expected time remaining: 7.5e+01s
2020-08-02 01:46:44,546 - root - INFO - #94 MAX:accuracy.mean: 0.76
2020-08-02 01:46:44,580 - root - DEBUG - Sampled weight [1.73623464]
2020-08-02 01:46:44,903 - root - DEBUG - Updating hall of fame
2020-08-02 01:46:45,053 - root - INFO - Completed generation 95; 0.51s elapsed, 0.7s avg, 6.7e+01s total. Expected time remaining: 7.4e+01s
2020-08-02 01:46:45,118 - root - INFO - #95 MAX:accuracy.mean: 0.75
2020-08-02 01:46:45,152 - root - DEBUG - Sampled weight [1.06139241]
2020-08-02 01:46:45,467 - root - DEBUG - Updating hall of fame
2020-08-02 01:46:45,572 - root - INFO - Completed generation 96; 0.45s elapsed, 0.7s avg, 6.7e+01s total. Expected time remaining: 7.3e+01s
2020-08-02 01:46:45,637 - root - INFO - #96 MAX:accuracy.mean: 0.75
2020-08-02 01:46:45,672 - root - DEBUG - Sampled weight [1.33552126]
2020-08-02 01:46:45,984 - root - DEBUG - Updating hall of fame
2020-08-02 01:46:46,307 - root - INFO - Completed generation 97; 0.67s elapsed, 0.7s avg, 6.8e+01s total. Expected time remaining: 7.2e+01s
2020-08-02 01:46:46,367 - root - INFO - #97 MAX:accuracy.mean: 0.76
2020-08-02 01:46:46,399 - root - DEBUG - Sampled weight [0.79250459]
2020-08-02 01:46:46,692 - root - DEBUG - Updating hall of fame
2020-08-02 01:46:46,846 - root - INFO - Completed generation 98; 0.48s elapsed, 0.7s avg, 6.9e+01s total. Expected time remaining: 7.1e+01s
2020-08-02 01:46:46,906 - root - INFO - #98 MAX:accuracy.mean: 0.97
2020-08-02 01:46:46,937 - root - DEBUG - Sampled weight [2.14130804]
2020-08-02 01:46:47,238 - root - DEBUG - Updating hall of fame
2020-08-02 01:46:47,577 - root - INFO - Completed generation 99; 0.67s elapsed, 0.7s avg, 6.9e+01s total. Expected time remaining: 7.1e+01s
2020-08-02 01:46:47,637 - root - INFO - #99 MAX:accuracy.mean: 0.8
2020-08-02 01:46:47,669 - root - DEBUG - Sampled weight [1.71653134]
2020-08-02 01:46:47,967 - root - DEBUG - Updating hall of fame
2020-08-02 01:46:48,159 - root - INFO - Completed generation 100; 0.52s elapsed, 0.7s avg, 7e+01s total. Expected time remaining: 7e+01s
2020-08-02 01:46:48,219 - root - INFO - #100 MAX:accuracy.mean: 0.73
2020-08-02 01:46:48,342 - root - DEBUG - Sampled weight [1.43602308]
2020-08-02 01:46:48,643 - root - DEBUG - Updating hall of fame
2020-08-02 01:46:48,746 - root - INFO - Completed generation 101; 0.44s elapsed, 0.69s avg, 7e+01s total. Expected time remaining: 6.9e+01s
2020-08-02 01:46:48,806 - root - INFO - #101 MAX:accuracy.mean: 0.73
2020-08-02 01:46:48,838 - root - DEBUG - Sampled weight [0.70755487]
2020-08-02 01:46:49,136 - root - DEBUG - Updating hall of fame
2020-08-02 01:46:49,272 - root - INFO - Completed generation 102; 0.47s elapsed, 0.69s avg, 7.1e+01s total. Expected time remaining: 6.8e+01s
2020-08-02 01:46:49,333 - root - INFO - #102 MAX:accuracy.mean: 0.96
2020-08-02 01:46:49,365 - root - DEBUG - Sampled weight [0.90525457]
2020-08-02 01:46:49,670 - root - DEBUG - Updating hall of fame
2020-08-02 01:46:49,911 - root - INFO - Completed generation 103; 0.58s elapsed, 0.69s avg, 7.1e+01s total. Expected time remaining: 6.7e+01s
2020-08-02 01:46:49,971 - root - INFO - #103 MAX:accuracy.mean: 0.88
2020-08-02 01:46:50,004 - root - DEBUG - Sampled weight [1.34888657]
2020-08-02 01:46:50,303 - root - DEBUG - Updating hall of fame
2020-08-02 01:46:50,444 - root - INFO - Completed generation 104; 0.47s elapsed, 0.69s avg, 7.2e+01s total. Expected time remaining: 6.6e+01s
2020-08-02 01:46:50,504 - root - INFO - #104 MAX:accuracy.mean: 0.82
2020-08-02 01:46:50,536 - root - DEBUG - Sampled weight [0.61945563]
2020-08-02 01:46:50,839 - root - DEBUG - Updating hall of fame
2020-08-02 01:46:51,158 - root - INFO - Completed generation 105; 0.65s elapsed, 0.69s avg, 7.2e+01s total. Expected time remaining: 6.5e+01s
2020-08-02 01:46:51,218 - root - INFO - #105 MAX:accuracy.mean: 0.96
2020-08-02 01:46:51,249 - root - DEBUG - Sampled weight [0.89067729]
2020-08-02 01:46:51,543 - root - DEBUG - Updating hall of fame
2020-08-02 01:46:51,638 - root - INFO - Completed generation 106; 0.42s elapsed, 0.69s avg, 7.3e+01s total. Expected time remaining: 6.4e+01s
2020-08-02 01:46:51,699 - root - INFO - #106 MAX:accuracy.mean: 0.89
2020-08-02 01:46:51,731 - root - DEBUG - Sampled weight [1.25356002]
2020-08-02 01:46:52,025 - root - DEBUG - Updating hall of fame
2020-08-02 01:46:52,435 - root - INFO - Completed generation 107; 0.74s elapsed, 0.69s avg, 7.3e+01s total. Expected time remaining: 6.4e+01s
2020-08-02 01:46:52,495 - root - INFO - #107 MAX:accuracy.mean: 0.81
2020-08-02 01:46:52,527 - root - DEBUG - Sampled weight [0.28594155]
2020-08-02 01:46:52,822 - root - DEBUG - Updating hall of fame
2020-08-02 01:46:53,105 - root - INFO - Completed generation 108; 0.61s elapsed, 0.69s avg, 7.4e+01s total. Expected time remaining: 6.3e+01s
2020-08-02 01:46:53,165 - root - INFO - #108 MAX:accuracy.mean: 0.77
2020-08-02 01:46:53,197 - root - DEBUG - Sampled weight [1.15279016]
2020-08-02 01:46:53,484 - root - DEBUG - Updating hall of fame
2020-08-02 01:46:53,578 - root - INFO - Completed generation 109; 0.41s elapsed, 0.68s avg, 7.4e+01s total. Expected time remaining: 6.2e+01s
2020-08-02 01:46:53,638 - root - INFO - #109 MAX:accuracy.mean: 0.78
2020-08-02 01:46:53,670 - root - DEBUG - Sampled weight [0.94443394]
2020-08-02 01:46:53,962 - root - DEBUG - Updating hall of fame
2020-08-02 01:46:54,328 - root - INFO - Completed generation 110; 0.69s elapsed, 0.68s avg, 7.5e+01s total. Expected time remaining: 6.2e+01s
2020-08-02 01:46:54,388 - root - INFO - #110 MAX:accuracy.mean: 0.8
2020-08-02 01:46:54,496 - root - DEBUG - Sampled weight [0.85216657]
2020-08-02 01:46:54,790 - root - DEBUG - Updating hall of fame
2020-08-02 01:46:54,939 - root - INFO - Completed generation 111; 0.47s elapsed, 0.68s avg, 7.6e+01s total. Expected time remaining: 6.1e+01s
2020-08-02 01:46:54,999 - root - INFO - #111 MAX:accuracy.mean: 0.87
2020-08-02 01:46:55,031 - root - DEBUG - Sampled weight [0.90122128]
2020-08-02 01:46:55,324 - root - DEBUG - Updating hall of fame
2020-08-02 01:46:55,640 - root - INFO - Completed generation 112; 0.64s elapsed, 0.68s avg, 7.6e+01s total. Expected time remaining: 6e+01s
2020-08-02 01:46:55,700 - root - INFO - #112 MAX:accuracy.mean: 0.84
2020-08-02 01:46:55,732 - root - DEBUG - Sampled weight [0.49788545]
2020-08-02 01:46:56,029 - root - DEBUG - Updating hall of fame
2020-08-02 01:46:56,258 - root - INFO - Completed generation 113; 0.56s elapsed, 0.68s avg, 7.7e+01s total. Expected time remaining: 5.9e+01s
2020-08-02 01:46:56,318 - root - INFO - #113 MAX:accuracy.mean: 0.82
2020-08-02 01:46:56,350 - root - DEBUG - Sampled weight [2.22650426]
2020-08-02 01:46:56,645 - root - DEBUG - Updating hall of fame
2020-08-02 01:46:56,738 - root - INFO - Completed generation 114; 0.42s elapsed, 0.68s avg, 7.7e+01s total. Expected time remaining: 5.8e+01s
2020-08-02 01:46:56,798 - root - INFO - #114 MAX:accuracy.mean: 0.78
2020-08-02 01:46:56,830 - root - DEBUG - Sampled weight [1.00893878]
2020-08-02 01:46:57,123 - root - DEBUG - Updating hall of fame
2020-08-02 01:46:57,429 - root - INFO - Completed generation 115; 0.63s elapsed, 0.68s avg, 7.8e+01s total. Expected time remaining: 5.8e+01s
2020-08-02 01:46:57,489 - root - INFO - #115 MAX:accuracy.mean: 0.79
2020-08-02 01:46:57,521 - root - DEBUG - Sampled weight [0.6783194]
2020-08-02 01:46:57,810 - root - DEBUG - Updating hall of fame
2020-08-02 01:46:58,037 - root - INFO - Completed generation 116; 0.55s elapsed, 0.68s avg, 7.8e+01s total. Expected time remaining: 5.7e+01s
2020-08-02 01:46:58,097 - root - INFO - #116 MAX:accuracy.mean: 0.96
2020-08-02 01:46:58,129 - root - DEBUG - Sampled weight [2.61910417]
2020-08-02 01:46:58,421 - root - DEBUG - Updating hall of fame
2020-08-02 01:46:58,929 - root - INFO - Completed generation 117; 0.83s elapsed, 0.68s avg, 7.9e+01s total. Expected time remaining: 5.6e+01s
2020-08-02 01:46:58,989 - root - INFO - #117 MAX:accuracy.mean: 0.8
2020-08-02 01:46:59,021 - root - DEBUG - Sampled weight [0.97000384]
2020-08-02 01:46:59,323 - root - DEBUG - Updating hall of fame
2020-08-02 01:46:59,656 - root - INFO - Completed generation 118; 0.67s elapsed, 0.68s avg, 8e+01s total. Expected time remaining: 5.6e+01s
2020-08-02 01:46:59,717 - root - INFO - #118 MAX:accuracy.mean: 0.79
2020-08-02 01:46:59,749 - root - DEBUG - Sampled weight [1.85939115]
2020-08-02 01:47:00,039 - root - DEBUG - Updating hall of fame
2020-08-02 01:47:00,458 - root - INFO - Completed generation 119; 0.74s elapsed, 0.68s avg, 8.1e+01s total. Expected time remaining: 5.5e+01s
2020-08-02 01:47:00,519 - root - INFO - #119 MAX:accuracy.mean: 0.79
2020-08-02 01:47:00,550 - root - DEBUG - Sampled weight [0.78586442]
2020-08-02 01:47:00,846 - root - DEBUG - Updating hall of fame
2020-08-02 01:47:01,231 - root - INFO - Completed generation 120; 0.71s elapsed, 0.68s avg, 8.1e+01s total. Expected time remaining: 5.4e+01s
2020-08-02 01:47:01,291 - root - INFO - #120 MAX:accuracy.mean: 0.89
2020-08-02 01:47:01,413 - root - DEBUG - Sampled weight [1.29026036]
2020-08-02 01:47:01,714 - root - DEBUG - Updating hall of fame
2020-08-02 01:47:02,331 - root - INFO - Completed generation 121; 0.95s elapsed, 0.68s avg, 8.2e+01s total. Expected time remaining: 5.4e+01s
2020-08-02 01:47:02,392 - root - INFO - #121 MAX:accuracy.mean: 0.79
2020-08-02 01:47:02,424 - root - DEBUG - Sampled weight [0.46142901]
2020-08-02 01:47:02,716 - root - DEBUG - Updating hall of fame
2020-08-02 01:47:02,907 - root - INFO - Completed generation 122; 0.52s elapsed, 0.68s avg, 8.3e+01s total. Expected time remaining: 5.3e+01s
2020-08-02 01:47:02,967 - root - INFO - #122 MAX:accuracy.mean: 0.83
2020-08-02 01:47:02,999 - root - DEBUG - Sampled weight [0.90550116]
2020-08-02 01:47:03,290 - root - DEBUG - Updating hall of fame
2020-08-02 01:47:03,575 - root - INFO - Completed generation 123; 0.61s elapsed, 0.68s avg, 8.3e+01s total. Expected time remaining: 5.2e+01s
2020-08-02 01:47:03,635 - root - INFO - #123 MAX:accuracy.mean: 0.79
2020-08-02 01:47:03,666 - root - DEBUG - Sampled weight [0.91976261]
2020-08-02 01:47:03,957 - root - DEBUG - Updating hall of fame
2020-08-02 01:47:04,464 - root - INFO - Completed generation 124; 0.83s elapsed, 0.68s avg, 8.4e+01s total. Expected time remaining: 5.2e+01s
2020-08-02 01:47:04,524 - root - INFO - #124 MAX:accuracy.mean: 0.8
2020-08-02 01:47:04,556 - root - DEBUG - Sampled weight [0.77015955]
2020-08-02 01:47:04,850 - root - DEBUG - Updating hall of fame
2020-08-02 01:47:05,355 - root - INFO - Completed generation 125; 0.83s elapsed, 0.68s avg, 8.5e+01s total. Expected time remaining: 5.1e+01s
2020-08-02 01:47:05,415 - root - INFO - #125 MAX:accuracy.mean: 0.89
2020-08-02 01:47:05,448 - root - DEBUG - Sampled weight [2.18255195]
2020-08-02 01:47:05,744 - root - DEBUG - Updating hall of fame
2020-08-02 01:47:06,131 - root - INFO - Completed generation 126; 0.72s elapsed, 0.68s avg, 8.6e+01s total. Expected time remaining: 5e+01s
2020-08-02 01:47:06,192 - root - INFO - #126 MAX:accuracy.mean: 0.78
2020-08-02 01:47:06,224 - root - DEBUG - Sampled weight [0.58541039]
2020-08-02 01:47:06,519 - root - DEBUG - Updating hall of fame
2020-08-02 01:47:06,656 - root - INFO - Completed generation 127; 0.46s elapsed, 0.68s avg, 8.6e+01s total. Expected time remaining: 5e+01s
2020-08-02 01:47:06,716 - root - INFO - #127 MAX:accuracy.mean: 0.96
2020-08-02 01:47:06,747 - root - DEBUG - Sampled weight [0.79852385]
2020-08-02 01:47:07,044 - root - DEBUG - Updating hall of fame
2020-08-02 01:47:07,370 - root - INFO - Completed generation 128; 0.65s elapsed, 0.68s avg, 8.7e+01s total. Expected time remaining: 4.9e+01s
2020-08-02 01:47:07,430 - root - INFO - #128 MAX:accuracy.mean: 0.89
2020-08-02 01:47:07,463 - root - DEBUG - Sampled weight [0.76106114]
2020-08-02 01:47:07,764 - root - DEBUG - Updating hall of fame
2020-08-02 01:47:08,237 - root - INFO - Completed generation 129; 0.81s elapsed, 0.68s avg, 8.8e+01s total. Expected time remaining: 4.8e+01s
2020-08-02 01:47:08,297 - root - INFO - #129 MAX:accuracy.mean: 0.96
2020-08-02 01:47:08,328 - root - DEBUG - Sampled weight [0.53896244]
2020-08-02 01:47:08,629 - root - DEBUG - Updating hall of fame
2020-08-02 01:47:09,162 - root - INFO - Completed generation 130; 0.86s elapsed, 0.68s avg, 8.9e+01s total. Expected time remaining: 4.8e+01s
2020-08-02 01:47:09,222 - root - INFO - #130 MAX:accuracy.mean: 0.81
2020-08-02 01:47:09,336 - root - DEBUG - Sampled weight [0.68470216]
2020-08-02 01:47:09,635 - root - DEBUG - Updating hall of fame
2020-08-02 01:47:09,820 - root - INFO - Completed generation 131; 0.52s elapsed, 0.68s avg, 8.9e+01s total. Expected time remaining: 4.7e+01s
2020-08-02 01:47:09,880 - root - INFO - #131 MAX:accuracy.mean: 0.96
2020-08-02 01:47:09,911 - root - DEBUG - Sampled weight [0.79175262]
2020-08-02 01:47:10,214 - root - DEBUG - Updating hall of fame
2020-08-02 01:47:10,591 - root - INFO - Completed generation 132; 0.71s elapsed, 0.68s avg, 9e+01s total. Expected time remaining: 4.6e+01s
2020-08-02 01:47:10,651 - root - INFO - #132 MAX:accuracy.mean: 0.95
2020-08-02 01:47:10,683 - root - DEBUG - Sampled weight [0.66551201]
2020-08-02 01:47:10,985 - root - DEBUG - Updating hall of fame
2020-08-02 01:47:11,328 - root - INFO - Completed generation 133; 0.68s elapsed, 0.68s avg, 9.1e+01s total. Expected time remaining: 4.6e+01s
2020-08-02 01:47:11,388 - root - INFO - #133 MAX:accuracy.mean: 0.95
2020-08-02 01:47:11,420 - root - DEBUG - Sampled weight [1.04541783]
2020-08-02 01:47:11,727 - root - DEBUG - Updating hall of fame
2020-08-02 01:47:12,154 - root - INFO - Completed generation 134; 0.77s elapsed, 0.68s avg, 9.1e+01s total. Expected time remaining: 4.5e+01s
2020-08-02 01:47:12,214 - root - INFO - #134 MAX:accuracy.mean: 0.79
2020-08-02 01:47:12,247 - root - DEBUG - Sampled weight [1.02578659]
2020-08-02 01:47:12,543 - root - DEBUG - Updating hall of fame
2020-08-02 01:47:12,804 - root - INFO - Completed generation 135; 0.59s elapsed, 0.68s avg, 9.2e+01s total. Expected time remaining: 4.4e+01s
2020-08-02 01:47:12,864 - root - INFO - #135 MAX:accuracy.mean: 0.93
2020-08-02 01:47:12,896 - root - DEBUG - Sampled weight [1.88763513]
2020-08-02 01:47:13,199 - root - DEBUG - Updating hall of fame
2020-08-02 01:47:13,563 - root - INFO - Completed generation 136; 0.7s elapsed, 0.68s avg, 9.3e+01s total. Expected time remaining: 4.4e+01s
2020-08-02 01:47:13,623 - root - INFO - #136 MAX:accuracy.mean: 0.79
2020-08-02 01:47:13,655 - root - DEBUG - Sampled weight [1.74328689]
2020-08-02 01:47:13,953 - root - DEBUG - Updating hall of fame
2020-08-02 01:47:14,005 - root - INFO - Completed generation 137; 0.38s elapsed, 0.68s avg, 9.3e+01s total. Expected time remaining: 4.3e+01s
2020-08-02 01:47:14,065 - root - INFO - #137 MAX:accuracy.mean: 0.79
2020-08-02 01:47:14,097 - root - DEBUG - Sampled weight [2.85271238]
2020-08-02 01:47:14,396 - root - DEBUG - Updating hall of fame
2020-08-02 01:47:14,490 - root - INFO - Completed generation 138; 0.42s elapsed, 0.68s avg, 9.3e+01s total. Expected time remaining: 4.2e+01s
2020-08-02 01:47:14,550 - root - INFO - #138 MAX:accuracy.mean: 0.78
2020-08-02 01:47:14,582 - root - DEBUG - Sampled weight [1.79007477]
2020-08-02 01:47:14,882 - root - DEBUG - Updating hall of fame
2020-08-02 01:47:15,105 - root - INFO - Completed generation 139; 0.55s elapsed, 0.68s avg, 9.4e+01s total. Expected time remaining: 4.1e+01s
2020-08-02 01:47:15,165 - root - INFO - #139 MAX:accuracy.mean: 0.78
2020-08-02 01:47:15,196 - root - DEBUG - Sampled weight [2.24981459]
2020-08-02 01:47:15,494 - root - DEBUG - Updating hall of fame
2020-08-02 01:47:15,589 - root - INFO - Completed generation 140; 0.42s elapsed, 0.67s avg, 9.4e+01s total. Expected time remaining: 4e+01s
2020-08-02 01:47:15,649 - root - INFO - #140 MAX:accuracy.mean: 0.78
2020-08-02 01:47:15,774 - root - DEBUG - Sampled weight [0.74123348]
2020-08-02 01:47:16,067 - root - DEBUG - Updating hall of fame
2020-08-02 01:47:16,422 - root - INFO - Completed generation 141; 0.68s elapsed, 0.67s avg, 9.5e+01s total. Expected time remaining: 4e+01s
2020-08-02 01:47:16,482 - root - INFO - #141 MAX:accuracy.mean: 0.96
2020-08-02 01:47:16,514 - root - DEBUG - Sampled weight [1.81993537]
2020-08-02 01:47:16,805 - root - DEBUG - Updating hall of fame
2020-08-02 01:47:17,307 - root - INFO - Completed generation 142; 0.82s elapsed, 0.68s avg, 9.6e+01s total. Expected time remaining: 3.9e+01s
2020-08-02 01:47:17,367 - root - INFO - #142 MAX:accuracy.mean: 0.71
2020-08-02 01:47:17,400 - root - DEBUG - Sampled weight [1.53352416]
2020-08-02 01:47:17,700 - root - DEBUG - Updating hall of fame
2020-08-02 01:47:17,872 - root - INFO - Completed generation 143; 0.5s elapsed, 0.67s avg, 9.6e+01s total. Expected time remaining: 3.8e+01s
2020-08-02 01:47:17,932 - root - INFO - #143 MAX:accuracy.mean: 0.71
2020-08-02 01:47:17,964 - root - DEBUG - Sampled weight [0.77008056]
2020-08-02 01:47:18,261 - root - DEBUG - Updating hall of fame
2020-08-02 01:47:18,592 - root - INFO - Completed generation 144; 0.66s elapsed, 0.67s avg, 9.7e+01s total. Expected time remaining: 3.8e+01s
2020-08-02 01:47:18,652 - root - INFO - #144 MAX:accuracy.mean: 0.95
2020-08-02 01:47:18,683 - root - DEBUG - Sampled weight [0.3974373]
2020-08-02 01:47:18,978 - root - DEBUG - Updating hall of fame
2020-08-02 01:47:19,299 - root - INFO - Completed generation 145; 0.65s elapsed, 0.67s avg, 9.8e+01s total. Expected time remaining: 3.7e+01s
2020-08-02 01:47:19,360 - root - INFO - #145 MAX:accuracy.mean: 0.73
2020-08-02 01:47:19,392 - root - DEBUG - Sampled weight [0.72978077]
2020-08-02 01:47:19,686 - root - DEBUG - Updating hall of fame
2020-08-02 01:47:19,779 - root - INFO - Completed generation 146; 0.42s elapsed, 0.67s avg, 9.8e+01s total. Expected time remaining: 3.6e+01s
2020-08-02 01:47:19,839 - root - INFO - #146 MAX:accuracy.mean: 0.96
2020-08-02 01:47:19,872 - root - DEBUG - Sampled weight [1.12840379]
2020-08-02 01:47:20,169 - root - DEBUG - Updating hall of fame
2020-08-02 01:47:20,805 - root - INFO - Completed generation 147; 0.97s elapsed, 0.67s avg, 9.9e+01s total. Expected time remaining: 3.6e+01s
2020-08-02 01:47:20,865 - root - INFO - #147 MAX:accuracy.mean: 0.79
2020-08-02 01:47:20,896 - root - DEBUG - Sampled weight [3.86831964]
2020-08-02 01:47:21,193 - root - DEBUG - Updating hall of fame
2020-08-02 01:47:21,555 - root - INFO - Completed generation 148; 0.69s elapsed, 0.67s avg, 1e+02s total. Expected time remaining: 3.5e+01s
2020-08-02 01:47:21,615 - root - INFO - #148 MAX:accuracy.mean: 0.71
2020-08-02 01:47:21,647 - root - DEBUG - Sampled weight [0.16575201]
2020-08-02 01:47:21,937 - root - DEBUG - Updating hall of fame
2020-08-02 01:47:22,023 - root - INFO - Completed generation 149; 0.41s elapsed, 0.67s avg, 1e+02s total. Expected time remaining: 3.4e+01s
2020-08-02 01:47:22,083 - root - INFO - #149 MAX:accuracy.mean: 0.7
2020-08-02 01:47:22,115 - root - DEBUG - Sampled weight [0.74178996]
2020-08-02 01:47:22,404 - root - DEBUG - Updating hall of fame
2020-08-02 01:47:22,490 - root - INFO - Completed generation 150; 0.41s elapsed, 0.67s avg, 1e+02s total. Expected time remaining: 3.4e+01s
2020-08-02 01:47:22,550 - root - INFO - #150 MAX:accuracy.mean: 0.96
2020-08-02 01:47:22,662 - root - DEBUG - Sampled weight [0.95022219]
2020-08-02 01:47:22,964 - root - DEBUG - Updating hall of fame
2020-08-02 01:47:23,764 - root - INFO - Completed generation 151; 1.1s elapsed, 0.67s avg, 1e+02s total. Expected time remaining: 3.3e+01s
2020-08-02 01:47:23,824 - root - INFO - #151 MAX:accuracy.mean: 0.72
2020-08-02 01:47:23,856 - root - DEBUG - Sampled weight [0.8482918]
2020-08-02 01:47:24,159 - root - DEBUG - Updating hall of fame
2020-08-02 01:47:24,203 - root - INFO - Completed generation 152; 0.38s elapsed, 0.67s avg, 1e+02s total. Expected time remaining: 3.2e+01s
2020-08-02 01:47:24,263 - root - INFO - #152 MAX:accuracy.mean: 0.89
2020-08-02 01:47:24,295 - root - DEBUG - Sampled weight [0.5866234]
2020-08-02 01:47:24,594 - root - DEBUG - Updating hall of fame
2020-08-02 01:47:24,770 - root - INFO - Completed generation 153; 0.51s elapsed, 0.67s avg, 1e+02s total. Expected time remaining: 3.2e+01s
2020-08-02 01:47:24,830 - root - INFO - #153 MAX:accuracy.mean: 0.76
2020-08-02 01:47:24,861 - root - DEBUG - Sampled weight [0.84084873]
2020-08-02 01:47:25,160 - root - DEBUG - Updating hall of fame
2020-08-02 01:47:25,204 - root - INFO - Completed generation 154; 0.37s elapsed, 0.67s avg, 1e+02s total. Expected time remaining: 3.1e+01s
2020-08-02 01:47:25,264 - root - INFO - #154 MAX:accuracy.mean: 0.97
2020-08-02 01:47:25,296 - root - DEBUG - Sampled weight [1.18572235]
2020-08-02 01:47:25,596 - root - DEBUG - Updating hall of fame
2020-08-02 01:47:26,019 - root - INFO - Completed generation 155; 0.76s elapsed, 0.67s avg, 1e+02s total. Expected time remaining: 3e+01s
2020-08-02 01:47:26,079 - root - INFO - #155 MAX:accuracy.mean: 0.79
2020-08-02 01:47:26,112 - root - DEBUG - Sampled weight [0.34381703]
2020-08-02 01:47:26,408 - root - DEBUG - Updating hall of fame
2020-08-02 01:47:26,651 - root - INFO - Completed generation 156; 0.57s elapsed, 0.67s avg, 1e+02s total. Expected time remaining: 2.9e+01s
2020-08-02 01:47:26,711 - root - INFO - #156 MAX:accuracy.mean: 0.75
2020-08-02 01:47:26,743 - root - DEBUG - Sampled weight [1.26278106]
2020-08-02 01:47:27,041 - root - DEBUG - Updating hall of fame
2020-08-02 01:47:27,087 - root - INFO - Completed generation 157; 0.38s elapsed, 0.67s avg, 1e+02s total. Expected time remaining: 2.9e+01s
2020-08-02 01:47:27,147 - root - INFO - #157 MAX:accuracy.mean: 0.74
2020-08-02 01:47:27,179 - root - DEBUG - Sampled weight [0.70921333]
2020-08-02 01:47:27,478 - root - DEBUG - Updating hall of fame
2020-08-02 01:47:27,657 - root - INFO - Completed generation 158; 0.51s elapsed, 0.67s avg, 1.1e+02s total. Expected time remaining: 2.8e+01s
2020-08-02 01:47:27,718 - root - INFO - #158 MAX:accuracy.mean: 0.89
2020-08-02 01:47:27,750 - root - DEBUG - Sampled weight [1.42455998]
2020-08-02 01:47:28,047 - root - DEBUG - Updating hall of fame
2020-08-02 01:47:28,229 - root - INFO - Completed generation 159; 0.51s elapsed, 0.66s avg, 1.1e+02s total. Expected time remaining: 2.7e+01s
2020-08-02 01:47:28,289 - root - INFO - #159 MAX:accuracy.mean: 0.75
2020-08-02 01:47:28,321 - root - DEBUG - Sampled weight [1.06426732]
2020-08-02 01:47:28,619 - root - DEBUG - Updating hall of fame
2020-08-02 01:47:28,663 - root - INFO - Completed generation 160; 0.37s elapsed, 0.66s avg, 1.1e+02s total. Expected time remaining: 2.7e+01s
2020-08-02 01:47:28,723 - root - INFO - #160 MAX:accuracy.mean: 0.95
2020-08-02 01:47:28,824 - root - DEBUG - Sampled weight [0.77370445]
2020-08-02 01:47:29,124 - root - DEBUG - Updating hall of fame
2020-08-02 01:47:29,432 - root - INFO - Completed generation 161; 0.64s elapsed, 0.66s avg, 1.1e+02s total. Expected time remaining: 2.6e+01s
2020-08-02 01:47:29,492 - root - INFO - #161 MAX:accuracy.mean: 0.95
2020-08-02 01:47:29,524 - root - DEBUG - Sampled weight [1.15300496]
2020-08-02 01:47:29,822 - root - DEBUG - Updating hall of fame
2020-08-02 01:47:30,204 - root - INFO - Completed generation 162; 0.71s elapsed, 0.66s avg, 1.1e+02s total. Expected time remaining: 2.5e+01s
2020-08-02 01:47:30,264 - root - INFO - #162 MAX:accuracy.mean: 0.74
2020-08-02 01:47:30,297 - root - DEBUG - Sampled weight [0.46427357]
2020-08-02 01:47:30,600 - root - DEBUG - Updating hall of fame
2020-08-02 01:47:30,686 - root - INFO - Completed generation 163; 0.42s elapsed, 0.66s avg, 1.1e+02s total. Expected time remaining: 2.4e+01s
2020-08-02 01:47:30,746 - root - INFO - #163 MAX:accuracy.mean: 0.94
2020-08-02 01:47:30,778 - root - DEBUG - Sampled weight [0.87999653]
2020-08-02 01:47:31,072 - root - DEBUG - Updating hall of fame
2020-08-02 01:47:31,266 - root - INFO - Completed generation 164; 0.52s elapsed, 0.66s avg, 1.1e+02s total. Expected time remaining: 2.4e+01s
2020-08-02 01:47:31,326 - root - INFO - #164 MAX:accuracy.mean: 0.86
2020-08-02 01:47:31,358 - root - DEBUG - Sampled weight [1.4322624]
2020-08-02 01:47:31,658 - root - DEBUG - Updating hall of fame
2020-08-02 01:47:31,957 - root - INFO - Completed generation 165; 0.63s elapsed, 0.66s avg, 1.1e+02s total. Expected time remaining: 2.3e+01s
2020-08-02 01:47:32,017 - root - INFO - #165 MAX:accuracy.mean: 0.74
2020-08-02 01:47:32,049 - root - DEBUG - Sampled weight [0.58520036]
2020-08-02 01:47:32,344 - root - DEBUG - Updating hall of fame
2020-08-02 01:47:32,345 - root - INFO - Completed generation 166; 0.33s elapsed, 0.66s avg, 1.1e+02s total. Expected time remaining: 2.2e+01s
2020-08-02 01:47:32,405 - root - INFO - #166 MAX:accuracy.mean: 0.97
2020-08-02 01:47:32,436 - root - DEBUG - Sampled weight [1.31095117]
2020-08-02 01:47:32,735 - root - DEBUG - Updating hall of fame
2020-08-02 01:47:32,827 - root - INFO - Completed generation 167; 0.42s elapsed, 0.66s avg, 1.1e+02s total. Expected time remaining: 2.2e+01s
2020-08-02 01:47:32,887 - root - INFO - #167 MAX:accuracy.mean: 0.86
2020-08-02 01:47:32,920 - root - DEBUG - Sampled weight [1.58809251]
2020-08-02 01:47:33,223 - root - DEBUG - Updating hall of fame
2020-08-02 01:47:33,505 - root - INFO - Completed generation 168; 0.62s elapsed, 0.66s avg, 1.1e+02s total. Expected time remaining: 2.1e+01s
2020-08-02 01:47:33,565 - root - INFO - #168 MAX:accuracy.mean: 0.75
2020-08-02 01:47:33,597 - root - DEBUG - Sampled weight [0.54637068]
2020-08-02 01:47:33,901 - root - DEBUG - Updating hall of fame
2020-08-02 01:47:34,191 - root - INFO - Completed generation 169; 0.63s elapsed, 0.66s avg, 1.1e+02s total. Expected time remaining: 2e+01s
2020-08-02 01:47:34,251 - root - INFO - #169 MAX:accuracy.mean: 0.95
2020-08-02 01:47:34,283 - root - DEBUG - Sampled weight [1.30739132]
2020-08-02 01:47:34,590 - root - DEBUG - Updating hall of fame
2020-08-02 01:47:34,642 - root - INFO - Completed generation 170; 0.39s elapsed, 0.66s avg, 1.1e+02s total. Expected time remaining: 2e+01s
2020-08-02 01:47:34,703 - root - INFO - #170 MAX:accuracy.mean: 0.75
2020-08-02 01:47:34,843 - root - DEBUG - Sampled weight [2.02600302]
2020-08-02 01:47:35,150 - root - DEBUG - Updating hall of fame
2020-08-02 01:47:35,420 - root - INFO - Completed generation 171; 0.61s elapsed, 0.65s avg, 1.1e+02s total. Expected time remaining: 1.9e+01s
2020-08-02 01:47:35,480 - root - INFO - #171 MAX:accuracy.mean: 0.73
2020-08-02 01:47:35,511 - root - DEBUG - Sampled weight [3.25381998]
2020-08-02 01:47:35,810 - root - DEBUG - Updating hall of fame
2020-08-02 01:47:35,853 - root - INFO - Completed generation 172; 0.37s elapsed, 0.65s avg, 1.1e+02s total. Expected time remaining: 1.8e+01s
2020-08-02 01:47:35,913 - root - INFO - #172 MAX:accuracy.mean: 0.73
2020-08-02 01:47:35,945 - root - DEBUG - Sampled weight [0.97254718]
2020-08-02 01:47:36,253 - root - DEBUG - Updating hall of fame
2020-08-02 01:47:36,338 - root - INFO - Completed generation 173; 0.42s elapsed, 0.65s avg, 1.1e+02s total. Expected time remaining: 1.8e+01s
2020-08-02 01:47:36,398 - root - INFO - #173 MAX:accuracy.mean: 0.77
2020-08-02 01:47:36,430 - root - DEBUG - Sampled weight [1.18208992]
2020-08-02 01:47:36,726 - root - DEBUG - Updating hall of fame
2020-08-02 01:47:36,916 - root - INFO - Completed generation 174; 0.52s elapsed, 0.65s avg, 1.1e+02s total. Expected time remaining: 1.7e+01s
2020-08-02 01:47:36,976 - root - INFO - #174 MAX:accuracy.mean: 0.73
2020-08-02 01:47:37,009 - root - DEBUG - Sampled weight [0.92228007]
2020-08-02 01:47:37,309 - root - DEBUG - Updating hall of fame
2020-08-02 01:47:37,620 - root - INFO - Completed generation 175; 0.64s elapsed, 0.65s avg, 1.1e+02s total. Expected time remaining: 1.6e+01s
2020-08-02 01:47:37,681 - root - INFO - #175 MAX:accuracy.mean: 0.86
2020-08-02 01:47:37,713 - root - DEBUG - Sampled weight [1.31187386]
2020-08-02 01:47:38,020 - root - DEBUG - Updating hall of fame
2020-08-02 01:47:38,248 - root - INFO - Completed generation 176; 0.57s elapsed, 0.65s avg, 1.1e+02s total. Expected time remaining: 1.6e+01s
2020-08-02 01:47:38,309 - root - INFO - #176 MAX:accuracy.mean: 0.73
2020-08-02 01:47:38,341 - root - DEBUG - Sampled weight [0.84369593]
2020-08-02 01:47:38,660 - root - DEBUG - Updating hall of fame
2020-08-02 01:47:38,859 - root - INFO - Completed generation 177; 0.55s elapsed, 0.65s avg, 1.2e+02s total. Expected time remaining: 1.5e+01s
2020-08-02 01:47:38,921 - root - INFO - #177 MAX:accuracy.mean: 0.92
2020-08-02 01:47:38,954 - root - DEBUG - Sampled weight [1.66788275]
2020-08-02 01:47:39,261 - root - DEBUG - Updating hall of fame
2020-08-02 01:47:39,495 - root - INFO - Completed generation 178; 0.57s elapsed, 0.65s avg, 1.2e+02s total. Expected time remaining: 1.4e+01s
2020-08-02 01:47:39,557 - root - INFO - #178 MAX:accuracy.mean: 0.73
2020-08-02 01:47:39,591 - root - DEBUG - Sampled weight [0.85440093]
2020-08-02 01:47:39,905 - root - DEBUG - Updating hall of fame
2020-08-02 01:47:40,039 - root - INFO - Completed generation 179; 0.48s elapsed, 0.65s avg, 1.2e+02s total. Expected time remaining: 1.4e+01s
2020-08-02 01:47:40,102 - root - INFO - #179 MAX:accuracy.mean: 0.93
2020-08-02 01:47:40,135 - root - DEBUG - Sampled weight [0.84513195]
2020-08-02 01:47:40,451 - root - DEBUG - Updating hall of fame
2020-08-02 01:47:40,756 - root - INFO - Completed generation 180; 0.65s elapsed, 0.65s avg, 1.2e+02s total. Expected time remaining: 1.3e+01s
2020-08-02 01:47:40,820 - root - INFO - #180 MAX:accuracy.mean: 0.93
2020-08-02 01:47:40,956 - root - DEBUG - Sampled weight [0.75246599]
2020-08-02 01:47:41,272 - root - DEBUG - Updating hall of fame
2020-08-02 01:47:41,560 - root - INFO - Completed generation 181; 0.64s elapsed, 0.65s avg, 1.2e+02s total. Expected time remaining: 1.2e+01s
2020-08-02 01:47:41,624 - root - INFO - #181 MAX:accuracy.mean: 0.96
2020-08-02 01:47:41,658 - root - DEBUG - Sampled weight [0.4001475]
2020-08-02 01:47:41,981 - root - DEBUG - Updating hall of fame
2020-08-02 01:47:42,387 - root - INFO - Completed generation 182; 0.76s elapsed, 0.65s avg, 1.2e+02s total. Expected time remaining: 1.2e+01s
2020-08-02 01:47:42,451 - root - INFO - #182 MAX:accuracy.mean: 0.74
2020-08-02 01:47:42,486 - root - DEBUG - Sampled weight [1.02308275]
2020-08-02 01:47:42,809 - root - DEBUG - Updating hall of fame
2020-08-02 01:47:42,809 - root - INFO - Completed generation 183; 0.36s elapsed, 0.65s avg, 1.2e+02s total. Expected time remaining: 1.1e+01s
2020-08-02 01:47:42,873 - root - INFO - #183 MAX:accuracy.mean: 0.74
2020-08-02 01:47:42,907 - root - DEBUG - Sampled weight [2.48365274]
2020-08-02 01:47:43,248 - root - DEBUG - Updating hall of fame
2020-08-02 01:47:43,500 - root - INFO - Completed generation 184; 0.63s elapsed, 0.65s avg, 1.2e+02s total. Expected time remaining: 1e+01s
2020-08-02 01:47:43,564 - root - INFO - #184 MAX:accuracy.mean: 0.75
2020-08-02 01:47:43,599 - root - DEBUG - Sampled weight [0.71243705]
2020-08-02 01:47:43,927 - root - DEBUG - Updating hall of fame
2020-08-02 01:47:44,019 - root - INFO - Completed generation 185; 0.45s elapsed, 0.65s avg, 1.2e+02s total. Expected time remaining: 9.7s
2020-08-02 01:47:44,083 - root - INFO - #185 MAX:accuracy.mean: 0.95
2020-08-02 01:47:44,117 - root - DEBUG - Sampled weight [1.24723861]
2020-08-02 01:47:44,446 - root - DEBUG - Updating hall of fame
2020-08-02 01:47:44,708 - root - INFO - Completed generation 186; 0.62s elapsed, 0.65s avg, 1.2e+02s total. Expected time remaining: 9.0s
2020-08-02 01:47:44,772 - root - INFO - #186 MAX:accuracy.mean: 0.74
2020-08-02 01:47:44,806 - root - DEBUG - Sampled weight [1.32739643]
2020-08-02 01:47:45,131 - root - DEBUG - Updating hall of fame
2020-08-02 01:47:45,312 - root - INFO - Completed generation 187; 0.54s elapsed, 0.65s avg, 1.2e+02s total. Expected time remaining: 8.4s
2020-08-02 01:47:45,377 - root - INFO - #187 MAX:accuracy.mean: 0.8
2020-08-02 01:47:45,411 - root - DEBUG - Sampled weight [1.03915384]
2020-08-02 01:47:45,733 - root - DEBUG - Updating hall of fame
2020-08-02 01:47:46,127 - root - INFO - Completed generation 188; 0.75s elapsed, 0.65s avg, 1.2e+02s total. Expected time remaining: 7.8s
2020-08-02 01:47:46,192 - root - INFO - #188 MAX:accuracy.mean: 0.91
2020-08-02 01:47:46,227 - root - DEBUG - Sampled weight [1.67977173]
2020-08-02 01:47:46,542 - root - DEBUG - Updating hall of fame
2020-08-02 01:47:46,915 - root - INFO - Completed generation 189; 0.72s elapsed, 0.65s avg, 1.2e+02s total. Expected time remaining: 7.1s
2020-08-02 01:47:46,975 - root - INFO - #189 MAX:accuracy.mean: 0.78
2020-08-02 01:47:47,007 - root - DEBUG - Sampled weight [0.46938019]
2020-08-02 01:47:47,315 - root - DEBUG - Updating hall of fame
2020-08-02 01:47:47,455 - root - INFO - Completed generation 190; 0.48s elapsed, 0.65s avg, 1.2e+02s total. Expected time remaining: 6.5s
2020-08-02 01:47:47,515 - root - INFO - #190 MAX:accuracy.mean: 0.86
2020-08-02 01:47:47,641 - root - DEBUG - Sampled weight [1.91133728]
2020-08-02 01:47:47,938 - root - DEBUG - Updating hall of fame
2020-08-02 01:47:47,990 - root - INFO - Completed generation 191; 0.38s elapsed, 0.64s avg, 1.2e+02s total. Expected time remaining: 5.8s
2020-08-02 01:47:48,050 - root - INFO - #191 MAX:accuracy.mean: 0.76
2020-08-02 01:47:48,083 - root - DEBUG - Sampled weight [1.27857797]
2020-08-02 01:47:48,390 - root - DEBUG - Updating hall of fame
2020-08-02 01:47:48,613 - root - INFO - Completed generation 192; 0.56s elapsed, 0.64s avg, 1.2e+02s total. Expected time remaining: 5.2s
2020-08-02 01:47:48,673 - root - INFO - #192 MAX:accuracy.mean: 0.87
2020-08-02 01:47:48,703 - root - DEBUG - Sampled weight [1.62353678]
2020-08-02 01:47:49,003 - root - DEBUG - Updating hall of fame
2020-08-02 01:47:49,241 - root - INFO - Completed generation 193; 0.57s elapsed, 0.64s avg, 1.2e+02s total. Expected time remaining: 4.5s
2020-08-02 01:47:49,301 - root - INFO - #193 MAX:accuracy.mean: 0.89
2020-08-02 01:47:49,334 - root - DEBUG - Sampled weight [2.10555301]
2020-08-02 01:47:49,643 - root - DEBUG - Updating hall of fame
2020-08-02 01:47:49,825 - root - INFO - Completed generation 194; 0.52s elapsed, 0.64s avg, 1.2e+02s total. Expected time remaining: 3.9s
2020-08-02 01:47:49,885 - root - INFO - #194 MAX:accuracy.mean: 0.74
2020-08-02 01:47:49,917 - root - DEBUG - Sampled weight [1.29975991]
2020-08-02 01:47:50,220 - root - DEBUG - Updating hall of fame
2020-08-02 01:47:50,402 - root - INFO - Completed generation 195; 0.52s elapsed, 0.64s avg, 1.3e+02s total. Expected time remaining: 3.2s
2020-08-02 01:47:50,462 - root - INFO - #195 MAX:accuracy.mean: 0.94
2020-08-02 01:47:50,494 - root - DEBUG - Sampled weight [2.35276146]
2020-08-02 01:47:50,791 - root - DEBUG - Updating hall of fame
2020-08-02 01:47:51,086 - root - INFO - Completed generation 196; 0.62s elapsed, 0.64s avg, 1.3e+02s total. Expected time remaining: 2.6s
2020-08-02 01:47:51,146 - root - INFO - #196 MAX:accuracy.mean: 0.85
2020-08-02 01:47:51,179 - root - DEBUG - Sampled weight [0.72958498]
2020-08-02 01:47:51,486 - root - DEBUG - Updating hall of fame
2020-08-02 01:47:51,668 - root - INFO - Completed generation 197; 0.52s elapsed, 0.64s avg, 1.3e+02s total. Expected time remaining: 1.9s
2020-08-02 01:47:51,728 - root - INFO - #197 MAX:accuracy.mean: 0.97
2020-08-02 01:47:51,760 - root - DEBUG - Sampled weight [0.94608658]
2020-08-02 01:47:52,058 - root - DEBUG - Updating hall of fame
2020-08-02 01:47:52,396 - root - INFO - Completed generation 198; 0.67s elapsed, 0.64s avg, 1.3e+02s total. Expected time remaining: 1.3s
2020-08-02 01:47:52,456 - root - INFO - #198 MAX:accuracy.mean: 0.84
2020-08-02 01:47:52,488 - root - DEBUG - Sampled weight [0.89743025]
2020-08-02 01:47:52,785 - root - DEBUG - Updating hall of fame
2020-08-02 01:47:53,006 - root - INFO - Completed generation 199; 0.55s elapsed, 0.64s avg, 1.3e+02s total. Expected time remaining: 0.64s
2020-08-02 01:47:53,066 - root - INFO - #199 MAX:accuracy.mean: 0.84
2020-08-02 01:47:53,098 - root - DEBUG - Sampled weight [0.7742153]
2020-08-02 01:47:53,401 - root - DEBUG - Updating hall of fame
2020-08-02 01:47:53,808 - root - INFO - Completed generation 200; 0.74s elapsed, 0.64s avg, 1.3e+02s total. Expected time remaining: 0.0s
2020-08-02 01:47:53,868 - root - INFO - #200 MAX:accuracy.mean: 0.95
2020-08-02 01:47:54,067 - root - DEBUG - Loaded 150 samples.
2020-08-02 01:47:54,070 - root - INFO - Evaluating indivs in hall of fame.
2020-08-02 01:47:56,022 - root - INFO - Completed excution.
