2020-05-01 20:16:48,241 - root - INFO - Package version 0.1a0
2020-05-01 20:16:48,241 - root - INFO - Saving data at /vol/fob-vol1/mi15/plonerma/Lab/rewann/data/2020-05-01_Iris Uniform Distribution [0, 8] run 7_000.
2020-05-01 20:16:48,366 - root - INFO - Starting evolutionary algorithm
2020-05-01 20:16:52,141 - root - INFO - Completed generation 1; 3.8s elapsed, 3.8s avg, 3.8s total. Expected time remaining: 7.5e+02s
2020-05-01 20:16:52,215 - root - INFO - #1 mean, min log_loss: 1.2, 1.1
2020-05-01 20:16:55,643 - root - INFO - Completed generation 2; 3.4s elapsed, 3.6s avg, 7.2s total. Expected time remaining: 7.1e+02s
2020-05-01 20:16:55,760 - root - INFO - #2 mean, min log_loss: 1.2, 1.1
2020-05-01 20:16:58,860 - root - INFO - Completed generation 3; 3.1s elapsed, 3.4s avg, 1e+01s total. Expected time remaining: 6.8e+02s
2020-05-01 20:16:58,930 - root - INFO - #3 mean, min log_loss: 1.2, 1.1
2020-05-01 20:17:02,442 - root - INFO - Completed generation 4; 3.5s elapsed, 3.5s avg, 1.4e+01s total. Expected time remaining: 6.8e+02s
2020-05-01 20:17:02,512 - root - INFO - #4 mean, min log_loss: 1.2, 1.1
2020-05-01 20:17:05,551 - root - INFO - Completed generation 5; 3.0s elapsed, 3.4s avg, 1.7e+01s total. Expected time remaining: 6.6e+02s
2020-05-01 20:17:05,621 - root - INFO - #5 mean, min log_loss: 1.2, 1.1
2020-05-01 20:17:08,842 - root - INFO - Completed generation 6; 3.2s elapsed, 3.3s avg, 2e+01s total. Expected time remaining: 6.5e+02s
2020-05-01 20:17:08,914 - root - INFO - #6 mean, min log_loss: 1.2, 1.1
2020-05-01 20:17:12,116 - root - INFO - Completed generation 7; 3.2s elapsed, 3.3s avg, 2.3e+01s total. Expected time remaining: 6.4e+02s
2020-05-01 20:17:12,184 - root - INFO - #7 mean, min log_loss: 1.2, 1.1
2020-05-01 20:17:14,961 - root - INFO - Completed generation 8; 2.8s elapsed, 3.3s avg, 2.6e+01s total. Expected time remaining: 6.3e+02s
2020-05-01 20:17:15,028 - root - INFO - #8 mean, min log_loss: 1.2, 1.1
2020-05-01 20:17:18,007 - root - INFO - Completed generation 9; 3.0s elapsed, 3.2s avg, 2.9e+01s total. Expected time remaining: 6.2e+02s
2020-05-01 20:17:18,075 - root - INFO - #9 mean, min log_loss: 1.2, 1.1
2020-05-01 20:17:20,904 - root - INFO - Completed generation 10; 2.8s elapsed, 3.2s avg, 3.2e+01s total. Expected time remaining: 6.1e+02s
2020-05-01 20:17:20,974 - root - INFO - #10 mean, min log_loss: 1.2, 1.1
2020-05-01 20:17:23,966 - root - INFO - Completed generation 11; 2.9s elapsed, 3.2s avg, 3.5e+01s total. Expected time remaining: 6e+02s
2020-05-01 20:17:24,035 - root - INFO - #11 mean, min log_loss: 1.2, 1.1
2020-05-01 20:17:26,877 - root - INFO - Completed generation 12; 2.8s elapsed, 3.1s avg, 3.8e+01s total. Expected time remaining: 5.9e+02s
2020-05-01 20:17:26,947 - root - INFO - #12 mean, min log_loss: 1.2, 1.1
2020-05-01 20:17:29,914 - root - INFO - Completed generation 13; 3.0s elapsed, 3.1s avg, 4.1e+01s total. Expected time remaining: 5.8e+02s
2020-05-01 20:17:29,983 - root - INFO - #13 mean, min log_loss: 1.2, 1.1
2020-05-01 20:17:32,820 - root - INFO - Completed generation 14; 2.8s elapsed, 3.1s avg, 4.3e+01s total. Expected time remaining: 5.8e+02s
2020-05-01 20:17:32,888 - root - INFO - #14 mean, min log_loss: 1.2, 1.1
2020-05-01 20:17:35,647 - root - INFO - Completed generation 15; 2.8s elapsed, 3.1s avg, 4.6e+01s total. Expected time remaining: 5.7e+02s
2020-05-01 20:17:35,717 - root - INFO - #15 mean, min log_loss: 1.2, 1.1
2020-05-01 20:17:38,645 - root - INFO - Completed generation 16; 2.9s elapsed, 3.1s avg, 4.9e+01s total. Expected time remaining: 5.6e+02s
2020-05-01 20:17:38,715 - root - INFO - #16 mean, min log_loss: 1.2, 1.1
2020-05-01 20:17:41,837 - root - INFO - Completed generation 17; 3.1s elapsed, 3.1s avg, 5.2e+01s total. Expected time remaining: 5.6e+02s
2020-05-01 20:17:41,950 - root - INFO - #17 mean, min log_loss: 1.2, 1.1
2020-05-01 20:17:45,282 - root - INFO - Completed generation 18; 3.3s elapsed, 3.1s avg, 5.6e+01s total. Expected time remaining: 5.6e+02s
2020-05-01 20:17:45,351 - root - INFO - #18 mean, min log_loss: 1.2, 1.1
2020-05-01 20:17:48,126 - root - INFO - Completed generation 19; 2.8s elapsed, 3.1s avg, 5.8e+01s total. Expected time remaining: 5.6e+02s
2020-05-01 20:17:48,194 - root - INFO - #19 mean, min log_loss: 1.2, 1.1
2020-05-01 20:17:50,907 - root - INFO - Completed generation 20; 2.7s elapsed, 3.1s avg, 6.1e+01s total. Expected time remaining: 5.5e+02s
2020-05-01 20:17:50,975 - root - INFO - #20 mean, min log_loss: 1.2, 1.1
2020-05-01 20:17:53,917 - root - INFO - Completed generation 21; 2.9s elapsed, 3.0s avg, 6.4e+01s total. Expected time remaining: 5.4e+02s
2020-05-01 20:17:54,018 - root - INFO - #21 mean, min log_loss: 1.2, 1.1
2020-05-01 20:17:56,880 - root - INFO - Completed generation 22; 2.9s elapsed, 3.0s avg, 6.7e+01s total. Expected time remaining: 5.4e+02s
2020-05-01 20:17:56,991 - root - INFO - #22 mean, min log_loss: 1.2, 1.1
2020-05-01 20:17:59,715 - root - INFO - Completed generation 23; 2.7s elapsed, 3.0s avg, 7e+01s total. Expected time remaining: 5.3e+02s
2020-05-01 20:17:59,784 - root - INFO - #23 mean, min log_loss: 1.2, 1.1
2020-05-01 20:18:02,784 - root - INFO - Completed generation 24; 3.0s elapsed, 3.0s avg, 7.3e+01s total. Expected time remaining: 5.3e+02s
2020-05-01 20:18:02,869 - root - INFO - #24 mean, min log_loss: 1.2, 1.1
2020-05-01 20:18:05,609 - root - INFO - Completed generation 25; 2.7s elapsed, 3.0s avg, 7.5e+01s total. Expected time remaining: 5.3e+02s
2020-05-01 20:18:05,677 - root - INFO - #25 mean, min log_loss: 1.2, 1.1
2020-05-01 20:18:09,011 - root - INFO - Completed generation 26; 3.3s elapsed, 3.0s avg, 7.9e+01s total. Expected time remaining: 5.3e+02s
2020-05-01 20:18:09,081 - root - INFO - #26 mean, min log_loss: 1.2, 1.1
2020-05-01 20:18:11,861 - root - INFO - Completed generation 27; 2.8s elapsed, 3.0s avg, 8.1e+01s total. Expected time remaining: 5.2e+02s
2020-05-01 20:18:11,930 - root - INFO - #27 mean, min log_loss: 1.2, 1.1
2020-05-01 20:18:14,688 - root - INFO - Completed generation 28; 2.8s elapsed, 3.0s avg, 8.4e+01s total. Expected time remaining: 5.2e+02s
2020-05-01 20:18:14,757 - root - INFO - #28 mean, min log_loss: 1.2, 1.1
2020-05-01 20:18:17,470 - root - INFO - Completed generation 29; 2.7s elapsed, 3.0s avg, 8.7e+01s total. Expected time remaining: 5.1e+02s
2020-05-01 20:18:17,538 - root - INFO - #29 mean, min log_loss: 1.2, 1.1
2020-05-01 20:18:18,887 - root - INFO - Completed generation 30; 1.3s elapsed, 2.9s avg, 8.8e+01s total. Expected time remaining: 5e+02s
2020-05-01 20:18:18,957 - root - INFO - #30 mean, min log_loss: 1.2, 1.1
2020-05-01 20:18:20,044 - root - INFO - Completed generation 31; 1.0s elapsed, 2.9s avg, 8.9e+01s total. Expected time remaining: 4.9e+02s
2020-05-01 20:18:20,114 - root - INFO - #31 mean, min log_loss: 1.2, 1.1
2020-05-01 20:18:21,106 - root - INFO - Completed generation 32; 0.99s elapsed, 2.8s avg, 9e+01s total. Expected time remaining: 4.7e+02s
2020-05-01 20:18:21,176 - root - INFO - #32 mean, min log_loss: 1.2, 1.1
2020-05-01 20:18:22,190 - root - INFO - Completed generation 33; 1.0s elapsed, 2.8s avg, 9.1e+01s total. Expected time remaining: 4.6e+02s
2020-05-01 20:18:22,259 - root - INFO - #33 mean, min log_loss: 1.2, 1.1
2020-05-01 20:18:23,288 - root - INFO - Completed generation 34; 1.0s elapsed, 2.7s avg, 9.2e+01s total. Expected time remaining: 4.5e+02s
2020-05-01 20:18:23,357 - root - INFO - #34 mean, min log_loss: 1.2, 1.1
2020-05-01 20:18:24,506 - root - INFO - Completed generation 35; 1.1s elapsed, 2.7s avg, 9.3e+01s total. Expected time remaining: 4.4e+02s
2020-05-01 20:18:24,576 - root - INFO - #35 mean, min log_loss: 1.2, 1.1
2020-05-01 20:18:25,640 - root - INFO - Completed generation 36; 1.1s elapsed, 2.6s avg, 9.4e+01s total. Expected time remaining: 4.3e+02s
2020-05-01 20:18:25,709 - root - INFO - #36 mean, min log_loss: 1.2, 1.1
2020-05-01 20:18:26,773 - root - INFO - Completed generation 37; 1.1s elapsed, 2.6s avg, 9.6e+01s total. Expected time remaining: 4.2e+02s
2020-05-01 20:18:26,841 - root - INFO - #37 mean, min log_loss: 1.2, 1.1
2020-05-01 20:18:28,084 - root - INFO - Completed generation 38; 1.2s elapsed, 2.5s avg, 9.7e+01s total. Expected time remaining: 4.1e+02s
2020-05-01 20:18:28,209 - root - INFO - #38 mean, min log_loss: 1.2, 1.1
2020-05-01 20:18:29,302 - root - INFO - Completed generation 39; 1.1s elapsed, 2.5s avg, 9.8e+01s total. Expected time remaining: 4e+02s
2020-05-01 20:18:29,378 - root - INFO - #39 mean, min log_loss: 1.2, 1.1
2020-05-01 20:18:30,407 - root - INFO - Completed generation 40; 1.0s elapsed, 2.5s avg, 9.9e+01s total. Expected time remaining: 4e+02s
2020-05-01 20:18:30,479 - root - INFO - #40 mean, min log_loss: 1.2, 1.1
2020-05-01 20:18:31,649 - root - INFO - Completed generation 41; 1.1s elapsed, 2.4s avg, 1e+02s total. Expected time remaining: 3.9e+02s
2020-05-01 20:18:31,721 - root - INFO - #41 mean, min log_loss: 1.2, 1.1
2020-05-01 20:18:32,916 - root - INFO - Completed generation 42; 1.2s elapsed, 2.4s avg, 1e+02s total. Expected time remaining: 3.8e+02s
2020-05-01 20:18:32,993 - root - INFO - #42 mean, min log_loss: 1.2, 1.1
2020-05-01 20:18:34,010 - root - INFO - Completed generation 43; 1.0s elapsed, 2.4s avg, 1e+02s total. Expected time remaining: 3.7e+02s
2020-05-01 20:18:34,082 - root - INFO - #43 mean, min log_loss: 1.2, 1.1
2020-05-01 20:18:35,115 - root - INFO - Completed generation 44; 1.0s elapsed, 2.3s avg, 1e+02s total. Expected time remaining: 3.7e+02s
2020-05-01 20:18:35,219 - root - INFO - #44 mean, min log_loss: 1.2, 1.1
2020-05-01 20:18:36,265 - root - INFO - Completed generation 45; 1.0s elapsed, 2.3s avg, 1e+02s total. Expected time remaining: 3.6e+02s
2020-05-01 20:18:36,337 - root - INFO - #45 mean, min log_loss: 1.2, 1.1
2020-05-01 20:18:37,350 - root - INFO - Completed generation 46; 1.0s elapsed, 2.3s avg, 1.1e+02s total. Expected time remaining: 3.5e+02s
2020-05-01 20:18:37,418 - root - INFO - #46 mean, min log_loss: 1.2, 1.1
2020-05-01 20:18:38,402 - root - INFO - Completed generation 47; 0.98s elapsed, 2.3s avg, 1.1e+02s total. Expected time remaining: 3.5e+02s
2020-05-01 20:18:38,471 - root - INFO - #47 mean, min log_loss: 1.2, 1.1
2020-05-01 20:18:39,501 - root - INFO - Completed generation 48; 1.0s elapsed, 2.2s avg, 1.1e+02s total. Expected time remaining: 3.4e+02s
2020-05-01 20:18:39,572 - root - INFO - #48 mean, min log_loss: 1.2, 1.1
2020-05-01 20:18:40,753 - root - INFO - Completed generation 49; 1.2s elapsed, 2.2s avg, 1.1e+02s total. Expected time remaining: 3.3e+02s
2020-05-01 20:18:40,836 - root - INFO - #49 mean, min log_loss: 1.2, 1.1
2020-05-01 20:18:41,896 - root - INFO - Completed generation 50; 1.1s elapsed, 2.2s avg, 1.1e+02s total. Expected time remaining: 3.3e+02s
2020-05-01 20:18:42,006 - root - INFO - #50 mean, min log_loss: 1.2, 1.1
2020-05-01 20:18:43,146 - root - INFO - Completed generation 51; 1.1s elapsed, 2.2s avg, 1.1e+02s total. Expected time remaining: 3.2e+02s
2020-05-01 20:18:43,215 - root - INFO - #51 mean, min log_loss: 1.2, 1.1
2020-05-01 20:18:44,216 - root - INFO - Completed generation 52; 1.0s elapsed, 2.1s avg, 1.1e+02s total. Expected time remaining: 3.2e+02s
2020-05-01 20:18:44,288 - root - INFO - #52 mean, min log_loss: 1.2, 1.1
2020-05-01 20:18:45,358 - root - INFO - Completed generation 53; 1.1s elapsed, 2.1s avg, 1.1e+02s total. Expected time remaining: 3.1e+02s
2020-05-01 20:18:45,430 - root - INFO - #53 mean, min log_loss: 1.2, 1.1
2020-05-01 20:18:46,576 - root - INFO - Completed generation 54; 1.1s elapsed, 2.1s avg, 1.1e+02s total. Expected time remaining: 3.1e+02s
2020-05-01 20:18:46,649 - root - INFO - #54 mean, min log_loss: 1.2, 1.1
2020-05-01 20:18:48,163 - root - INFO - Completed generation 55; 1.5s elapsed, 2.1s avg, 1.2e+02s total. Expected time remaining: 3e+02s
2020-05-01 20:18:48,277 - root - INFO - #55 mean, min log_loss: 1.2, 1.1
2020-05-01 20:18:49,746 - root - INFO - Completed generation 56; 1.5s elapsed, 2.1s avg, 1.2e+02s total. Expected time remaining: 3e+02s
2020-05-01 20:18:49,819 - root - INFO - #56 mean, min log_loss: 1.2, 1.1
2020-05-01 20:18:50,853 - root - INFO - Completed generation 57; 1.0s elapsed, 2.1s avg, 1.2e+02s total. Expected time remaining: 3e+02s
2020-05-01 20:18:50,926 - root - INFO - #57 mean, min log_loss: 1.2, 1.1
2020-05-01 20:18:51,991 - root - INFO - Completed generation 58; 1.1s elapsed, 2.1s avg, 1.2e+02s total. Expected time remaining: 2.9e+02s
2020-05-01 20:18:52,064 - root - INFO - #58 mean, min log_loss: 1.2, 1.1
2020-05-01 20:18:53,220 - root - INFO - Completed generation 59; 1.2s elapsed, 2.0s avg, 1.2e+02s total. Expected time remaining: 2.9e+02s
2020-05-01 20:18:53,293 - root - INFO - #59 mean, min log_loss: 1.2, 1.1
2020-05-01 20:18:54,370 - root - INFO - Completed generation 60; 1.1s elapsed, 2.0s avg, 1.2e+02s total. Expected time remaining: 2.8e+02s
2020-05-01 20:18:54,442 - root - INFO - #60 mean, min log_loss: 1.2, 1.1
2020-05-01 20:18:55,520 - root - INFO - Completed generation 61; 1.0s elapsed, 2.0s avg, 1.2e+02s total. Expected time remaining: 2.8e+02s
2020-05-01 20:18:55,589 - root - INFO - #61 mean, min log_loss: 1.2, 1.1
2020-05-01 20:18:56,610 - root - INFO - Completed generation 62; 1.0s elapsed, 2.0s avg, 1.2e+02s total. Expected time remaining: 2.7e+02s
2020-05-01 20:18:56,681 - root - INFO - #62 mean, min log_loss: 1.2, 1.1
2020-05-01 20:18:57,768 - root - INFO - Completed generation 63; 1.1s elapsed, 2.0s avg, 1.2e+02s total. Expected time remaining: 2.7e+02s
2020-05-01 20:18:57,841 - root - INFO - #63 mean, min log_loss: 1.2, 1.1
2020-05-01 20:18:58,948 - root - INFO - Completed generation 64; 1.1s elapsed, 2.0s avg, 1.3e+02s total. Expected time remaining: 2.7e+02s
2020-05-01 20:18:59,020 - root - INFO - #64 mean, min log_loss: 1.2, 1.1
2020-05-01 20:19:00,055 - root - INFO - Completed generation 65; 1.0s elapsed, 1.9s avg, 1.3e+02s total. Expected time remaining: 2.6e+02s
2020-05-01 20:19:00,173 - root - INFO - #65 mean, min log_loss: 1.2, 1.1
2020-05-01 20:19:01,247 - root - INFO - Completed generation 66; 1.1s elapsed, 1.9s avg, 1.3e+02s total. Expected time remaining: 2.6e+02s
2020-05-01 20:19:01,334 - root - INFO - #66 mean, min log_loss: 1.2, 1.1
2020-05-01 20:19:02,488 - root - INFO - Completed generation 67; 1.2s elapsed, 1.9s avg, 1.3e+02s total. Expected time remaining: 2.6e+02s
2020-05-01 20:19:02,559 - root - INFO - #67 mean, min log_loss: 1.2, 1.1
2020-05-01 20:19:03,659 - root - INFO - Completed generation 68; 1.1s elapsed, 1.9s avg, 1.3e+02s total. Expected time remaining: 2.5e+02s
2020-05-01 20:19:03,733 - root - INFO - #68 mean, min log_loss: 1.2, 1.1
2020-05-01 20:19:04,865 - root - INFO - Completed generation 69; 1.1s elapsed, 1.9s avg, 1.3e+02s total. Expected time remaining: 2.5e+02s
2020-05-01 20:19:04,937 - root - INFO - #69 mean, min log_loss: 1.2, 1.1
2020-05-01 20:19:05,953 - root - INFO - Completed generation 70; 1.0s elapsed, 1.9s avg, 1.3e+02s total. Expected time remaining: 2.4e+02s
2020-05-01 20:19:06,025 - root - INFO - #70 mean, min log_loss: 1.2, 1.1
2020-05-01 20:19:08,776 - root - INFO - Completed generation 71; 2.7s elapsed, 1.9s avg, 1.3e+02s total. Expected time remaining: 2.4e+02s
2020-05-01 20:19:08,846 - root - INFO - #71 mean, min log_loss: 1.2, 1.1
2020-05-01 20:19:12,009 - root - INFO - Completed generation 72; 3.2s elapsed, 1.9s avg, 1.4e+02s total. Expected time remaining: 2.4e+02s
2020-05-01 20:19:12,080 - root - INFO - #72 mean, min log_loss: 1.2, 1.1
2020-05-01 20:19:14,861 - root - INFO - Completed generation 73; 2.8s elapsed, 1.9s avg, 1.4e+02s total. Expected time remaining: 2.4e+02s
2020-05-01 20:19:14,932 - root - INFO - #73 mean, min log_loss: 1.2, 1.1
2020-05-01 20:19:18,096 - root - INFO - Completed generation 74; 3.2s elapsed, 1.9s avg, 1.4e+02s total. Expected time remaining: 2.4e+02s
2020-05-01 20:19:18,215 - root - INFO - #74 mean, min log_loss: 1.2, 1.1
2020-05-01 20:19:21,339 - root - INFO - Completed generation 75; 3.1s elapsed, 2.0s avg, 1.5e+02s total. Expected time remaining: 2.4e+02s
2020-05-01 20:19:21,435 - root - INFO - #75 mean, min log_loss: 1.2, 1.1
2020-05-01 20:19:24,391 - root - INFO - Completed generation 76; 3.0s elapsed, 2.0s avg, 1.5e+02s total. Expected time remaining: 2.4e+02s
2020-05-01 20:19:24,464 - root - INFO - #76 mean, min log_loss: 1.2, 1.1
2020-05-01 20:19:27,323 - root - INFO - Completed generation 77; 2.9s elapsed, 2.0s avg, 1.5e+02s total. Expected time remaining: 2.4e+02s
2020-05-01 20:19:27,393 - root - INFO - #77 mean, min log_loss: 1.2, 1.1
2020-05-01 20:19:28,436 - root - INFO - Completed generation 78; 1.0s elapsed, 2.0s avg, 1.5e+02s total. Expected time remaining: 2.4e+02s
2020-05-01 20:19:28,505 - root - INFO - #78 mean, min log_loss: 1.6e+01, 1.1
2020-05-01 20:19:29,492 - root - INFO - Completed generation 79; 0.99s elapsed, 2.0s avg, 1.5e+02s total. Expected time remaining: 2.4e+02s
2020-05-01 20:19:29,561 - root - INFO - #79 mean, min log_loss: 1.9e+01, 1.1
2020-05-01 20:19:30,632 - root - INFO - Completed generation 80; 1.1s elapsed, 1.9s avg, 1.6e+02s total. Expected time remaining: 2.3e+02s
2020-05-01 20:19:30,701 - root - INFO - #80 mean, min log_loss: 8.2, 1.1
2020-05-01 20:19:32,290 - root - INFO - Completed generation 81; 1.5s elapsed, 1.9s avg, 1.6e+02s total. Expected time remaining: 2.3e+02s
2020-05-01 20:19:32,370 - root - INFO - #81 mean, min log_loss: 1.1e+01, 1.1
2020-05-01 20:19:33,836 - root - INFO - Completed generation 82; 1.5s elapsed, 1.9s avg, 1.6e+02s total. Expected time remaining: 2.3e+02s
2020-05-01 20:19:33,905 - root - INFO - #82 mean, min log_loss: 7.9, 1.1
2020-05-01 20:19:36,054 - root - INFO - Completed generation 83; 2.1s elapsed, 1.9s avg, 1.6e+02s total. Expected time remaining: 2.3e+02s
2020-05-01 20:19:36,126 - root - INFO - #83 mean, min log_loss: 1.9, 1.1
2020-05-01 20:19:38,357 - root - INFO - Completed generation 84; 2.2s elapsed, 1.9s avg, 1.6e+02s total. Expected time remaining: 2.3e+02s
2020-05-01 20:19:38,427 - root - INFO - #84 mean, min log_loss: 2.9, 1.0
2020-05-01 20:19:40,341 - root - INFO - Completed generation 85; 1.9s elapsed, 1.9s avg, 1.6e+02s total. Expected time remaining: 2.2e+02s
2020-05-01 20:19:40,414 - root - INFO - #85 mean, min log_loss: 9.6, 0.97
2020-05-01 20:19:43,067 - root - INFO - Completed generation 86; 2.7s elapsed, 1.9s avg, 1.7e+02s total. Expected time remaining: 2.2e+02s
2020-05-01 20:19:43,139 - root - INFO - #86 mean, min log_loss: 1.1e+01, 0.86
2020-05-01 20:19:45,629 - root - INFO - Completed generation 87; 2.5s elapsed, 2.0s avg, 1.7e+02s total. Expected time remaining: 2.2e+02s
2020-05-01 20:19:45,702 - root - INFO - #87 mean, min log_loss: 1.6e+01, 0.85
2020-05-01 20:19:48,281 - root - INFO - Completed generation 88; 2.6s elapsed, 2.0s avg, 1.7e+02s total. Expected time remaining: 2.2e+02s
2020-05-01 20:19:48,351 - root - INFO - #88 mean, min log_loss: 1.6e+01, 0.84
2020-05-01 20:19:51,207 - root - INFO - Completed generation 89; 2.9s elapsed, 2.0s avg, 1.8e+02s total. Expected time remaining: 2.2e+02s
2020-05-01 20:19:51,277 - root - INFO - #89 mean, min log_loss: 1.3e+01, 0.78
2020-05-01 20:19:54,454 - root - INFO - Completed generation 90; 3.2s elapsed, 2.0s avg, 1.8e+02s total. Expected time remaining: 2.2e+02s
2020-05-01 20:19:54,524 - root - INFO - #90 mean, min log_loss: 1.2e+01, 0.5
2020-05-01 20:19:57,336 - root - INFO - Completed generation 91; 2.7s elapsed, 2.0s avg, 1.8e+02s total. Expected time remaining: 2.2e+02s
2020-05-01 20:19:57,407 - root - INFO - #91 mean, min log_loss: 6.1, 0.5
2020-05-01 20:19:59,580 - root - INFO - Completed generation 92; 2.2s elapsed, 2.0s avg, 1.8e+02s total. Expected time remaining: 2.2e+02s
2020-05-01 20:19:59,649 - root - INFO - #92 mean, min log_loss: 1.3e+01, 0.5
2020-05-01 20:20:01,819 - root - INFO - Completed generation 93; 2.2s elapsed, 2.0s avg, 1.9e+02s total. Expected time remaining: 2.1e+02s
2020-05-01 20:20:01,918 - root - INFO - #93 mean, min log_loss: 1.7e+01, 0.5
2020-05-01 20:20:05,593 - root - INFO - Completed generation 94; 3.7s elapsed, 2.0s avg, 1.9e+02s total. Expected time remaining: 2.1e+02s
2020-05-01 20:20:05,668 - root - INFO - #94 mean, min log_loss: 2.2e+01, 0.5
2020-05-01 20:20:07,625 - root - INFO - Completed generation 95; 2.0s elapsed, 2.0s avg, 1.9e+02s total. Expected time remaining: 2.1e+02s
2020-05-01 20:20:07,693 - root - INFO - #95 mean, min log_loss: 1.7e+01, 0.5
2020-05-01 20:20:09,241 - root - INFO - Completed generation 96; 1.5s elapsed, 2.0s avg, 1.9e+02s total. Expected time remaining: 2.1e+02s
2020-05-01 20:20:09,309 - root - INFO - #96 mean, min log_loss: 1.6e+01, 0.5
2020-05-01 20:20:11,082 - root - INFO - Completed generation 97; 1.8s elapsed, 2.0s avg, 1.9e+02s total. Expected time remaining: 2.1e+02s
2020-05-01 20:20:11,150 - root - INFO - #97 mean, min log_loss: 1.7e+01, 0.5
2020-05-01 20:20:12,687 - root - INFO - Completed generation 98; 1.5s elapsed, 2.0s avg, 2e+02s total. Expected time remaining: 2e+02s
2020-05-01 20:20:12,754 - root - INFO - #98 mean, min log_loss: 1.1e+01, 0.5
2020-05-01 20:20:14,664 - root - INFO - Completed generation 99; 1.9s elapsed, 2.0s avg, 2e+02s total. Expected time remaining: 2e+02s
2020-05-01 20:20:14,731 - root - INFO - #99 mean, min log_loss: 2e+01, 0.5
2020-05-01 20:20:16,278 - root - INFO - Completed generation 100; 1.5s elapsed, 2.0s avg, 2e+02s total. Expected time remaining: 2e+02s
2020-05-01 20:20:16,346 - root - INFO - #100 mean, min log_loss: 7.9, 0.5
2020-05-01 20:20:18,311 - root - INFO - Completed generation 101; 1.9s elapsed, 2.0s avg, 2e+02s total. Expected time remaining: 2e+02s
2020-05-01 20:20:18,379 - root - INFO - #101 mean, min log_loss: 1.2e+01, 0.5
2020-05-01 20:20:20,251 - root - INFO - Completed generation 102; 1.9s elapsed, 2.0s avg, 2e+02s total. Expected time remaining: 2e+02s
2020-05-01 20:20:20,319 - root - INFO - #102 mean, min log_loss: 7.3, 0.5
2020-05-01 20:20:22,380 - root - INFO - Completed generation 103; 2.1s elapsed, 2.0s avg, 2.1e+02s total. Expected time remaining: 1.9e+02s
2020-05-01 20:20:22,448 - root - INFO - #103 mean, min log_loss: 1.5e+01, 0.5
2020-05-01 20:20:24,011 - root - INFO - Completed generation 104; 1.6s elapsed, 2.0s avg, 2.1e+02s total. Expected time remaining: 1.9e+02s
2020-05-01 20:20:24,081 - root - INFO - #104 mean, min log_loss: 1.3e+01, 0.5
2020-05-01 20:20:25,816 - root - INFO - Completed generation 105; 1.7s elapsed, 2.0s avg, 2.1e+02s total. Expected time remaining: 1.9e+02s
2020-05-01 20:20:25,885 - root - INFO - #105 mean, min log_loss: 9.6, 0.5
2020-05-01 20:20:27,446 - root - INFO - Completed generation 106; 1.6s elapsed, 2.0s avg, 2.1e+02s total. Expected time remaining: 1.9e+02s
2020-05-01 20:20:27,514 - root - INFO - #106 mean, min log_loss: 1.2e+01, 0.5
2020-05-01 20:20:29,807 - root - INFO - Completed generation 107; 2.3s elapsed, 2.0s avg, 2.1e+02s total. Expected time remaining: 1.8e+02s
2020-05-01 20:20:29,876 - root - INFO - #107 mean, min log_loss: 2e+01, 0.5
2020-05-01 20:20:31,470 - root - INFO - Completed generation 108; 1.6s elapsed, 2.0s avg, 2.1e+02s total. Expected time remaining: 1.8e+02s
2020-05-01 20:20:31,557 - root - INFO - #108 mean, min log_loss: 9.3, 0.5
2020-05-01 20:20:33,159 - root - INFO - Completed generation 109; 1.6s elapsed, 2.0s avg, 2.2e+02s total. Expected time remaining: 1.8e+02s
2020-05-01 20:20:33,260 - root - INFO - #109 mean, min log_loss: 1.6e+01, 0.5
2020-05-01 20:20:34,900 - root - INFO - Completed generation 110; 1.6s elapsed, 2.0s avg, 2.2e+02s total. Expected time remaining: 1.8e+02s
2020-05-01 20:20:34,968 - root - INFO - #110 mean, min log_loss: 1e+01, 0.5
2020-05-01 20:20:36,572 - root - INFO - Completed generation 111; 1.5s elapsed, 2.0s avg, 2.2e+02s total. Expected time remaining: 1.8e+02s
2020-05-01 20:20:36,641 - root - INFO - #111 mean, min log_loss: 1.3e+01, 0.5
2020-05-01 20:20:38,330 - root - INFO - Completed generation 112; 1.7s elapsed, 2.0s avg, 2.2e+02s total. Expected time remaining: 1.7e+02s
2020-05-01 20:20:38,398 - root - INFO - #112 mean, min log_loss: 2.2e+01, 0.5
2020-05-01 20:20:40,482 - root - INFO - Completed generation 113; 2.1s elapsed, 2.0s avg, 2.2e+02s total. Expected time remaining: 1.7e+02s
2020-05-01 20:20:40,550 - root - INFO - #113 mean, min log_loss: 1.8e+01, 0.5
2020-05-01 20:20:41,745 - root - INFO - Completed generation 114; 1.2s elapsed, 2.0s avg, 2.2e+02s total. Expected time remaining: 1.7e+02s
2020-05-01 20:20:41,813 - root - INFO - #114 mean, min log_loss: 1.4e+01, 0.5
2020-05-01 20:20:43,139 - root - INFO - Completed generation 115; 1.3s elapsed, 2.0s avg, 2.3e+02s total. Expected time remaining: 1.7e+02s
2020-05-01 20:20:43,212 - root - INFO - #115 mean, min log_loss: 1e+01, 0.5
2020-05-01 20:20:45,318 - root - INFO - Completed generation 116; 2.1s elapsed, 2.0s avg, 2.3e+02s total. Expected time remaining: 1.6e+02s
2020-05-01 20:20:45,389 - root - INFO - #116 mean, min log_loss: 1.6e+01, 0.5
2020-05-01 20:20:47,124 - root - INFO - Completed generation 117; 1.7s elapsed, 2.0s avg, 2.3e+02s total. Expected time remaining: 1.6e+02s
2020-05-01 20:20:47,237 - root - INFO - #117 mean, min log_loss: 1.5e+01, 0.5
2020-05-01 20:20:48,708 - root - INFO - Completed generation 118; 1.5s elapsed, 2.0s avg, 2.3e+02s total. Expected time remaining: 1.6e+02s
2020-05-01 20:20:48,819 - root - INFO - #118 mean, min log_loss: 1.1e+01, 0.49
2020-05-01 20:20:50,279 - root - INFO - Completed generation 119; 1.5s elapsed, 2.0s avg, 2.3e+02s total. Expected time remaining: 1.6e+02s
2020-05-01 20:20:50,348 - root - INFO - #119 mean, min log_loss: 6.0, 0.49
2020-05-01 20:20:51,518 - root - INFO - Completed generation 120; 1.2s elapsed, 1.9s avg, 2.3e+02s total. Expected time remaining: 1.6e+02s
2020-05-01 20:20:51,597 - root - INFO - #120 mean, min log_loss: 9.9, 0.49
2020-05-01 20:20:53,122 - root - INFO - Completed generation 121; 1.4s elapsed, 1.9s avg, 2.3e+02s total. Expected time remaining: 1.5e+02s
2020-05-01 20:20:53,213 - root - INFO - #121 mean, min log_loss: 1.4e+01, 0.49
2020-05-01 20:20:55,554 - root - INFO - Completed generation 122; 2.3s elapsed, 1.9s avg, 2.4e+02s total. Expected time remaining: 1.5e+02s
2020-05-01 20:20:55,622 - root - INFO - #122 mean, min log_loss: 2e+01, 0.49
2020-05-01 20:20:57,004 - root - INFO - Completed generation 123; 1.4s elapsed, 1.9s avg, 2.4e+02s total. Expected time remaining: 1.5e+02s
2020-05-01 20:20:57,072 - root - INFO - #123 mean, min log_loss: 1.9e+01, 0.49
2020-05-01 20:20:58,992 - root - INFO - Completed generation 124; 1.9s elapsed, 1.9s avg, 2.4e+02s total. Expected time remaining: 1.5e+02s
2020-05-01 20:20:59,060 - root - INFO - #124 mean, min log_loss: 1.8e+01, 0.49
2020-05-01 20:21:01,255 - root - INFO - Completed generation 125; 2.2s elapsed, 1.9s avg, 2.4e+02s total. Expected time remaining: 1.5e+02s
2020-05-01 20:21:01,324 - root - INFO - #125 mean, min log_loss: 1.3e+01, 0.49
2020-05-01 20:21:02,628 - root - INFO - Completed generation 126; 1.3s elapsed, 1.9s avg, 2.4e+02s total. Expected time remaining: 1.4e+02s
2020-05-01 20:21:02,739 - root - INFO - #126 mean, min log_loss: 8.8, 0.49
2020-05-01 20:21:04,786 - root - INFO - Completed generation 127; 2.0s elapsed, 1.9s avg, 2.5e+02s total. Expected time remaining: 1.4e+02s
2020-05-01 20:21:04,855 - root - INFO - #127 mean, min log_loss: 1.5e+01, 0.49
2020-05-01 20:21:06,273 - root - INFO - Completed generation 128; 1.4s elapsed, 1.9s avg, 2.5e+02s total. Expected time remaining: 1.4e+02s
2020-05-01 20:21:06,342 - root - INFO - #128 mean, min log_loss: 1.1e+01, 0.49
2020-05-01 20:21:07,659 - root - INFO - Completed generation 129; 1.3s elapsed, 1.9s avg, 2.5e+02s total. Expected time remaining: 1.4e+02s
2020-05-01 20:21:07,727 - root - INFO - #129 mean, min log_loss: 1.3e+01, 0.49
2020-05-01 20:21:08,874 - root - INFO - Completed generation 130; 1.1s elapsed, 1.9s avg, 2.5e+02s total. Expected time remaining: 1.3e+02s
2020-05-01 20:21:08,942 - root - INFO - #130 mean, min log_loss: 1.2e+01, 0.49
2020-05-01 20:21:10,301 - root - INFO - Completed generation 131; 1.3s elapsed, 1.9s avg, 2.5e+02s total. Expected time remaining: 1.3e+02s
2020-05-01 20:21:10,371 - root - INFO - #131 mean, min log_loss: 6.6, 0.49
2020-05-01 20:21:12,419 - root - INFO - Completed generation 132; 2.0s elapsed, 1.9s avg, 2.5e+02s total. Expected time remaining: 1.3e+02s
2020-05-01 20:21:12,527 - root - INFO - #132 mean, min log_loss: 1.4e+01, 0.49
2020-05-01 20:21:13,944 - root - INFO - Completed generation 133; 1.4s elapsed, 1.9s avg, 2.5e+02s total. Expected time remaining: 1.3e+02s
2020-05-01 20:21:14,011 - root - INFO - #133 mean, min log_loss: 9.4, 0.49
2020-05-01 20:21:15,296 - root - INFO - Completed generation 134; 1.3s elapsed, 1.9s avg, 2.6e+02s total. Expected time remaining: 1.3e+02s
2020-05-01 20:21:15,396 - root - INFO - #134 mean, min log_loss: 1.5e+01, 0.49
2020-05-01 20:21:16,970 - root - INFO - Completed generation 135; 1.6s elapsed, 1.9s avg, 2.6e+02s total. Expected time remaining: 1.2e+02s
2020-05-01 20:21:17,037 - root - INFO - #135 mean, min log_loss: 1.9e+01, 0.49
2020-05-01 20:21:18,264 - root - INFO - Completed generation 136; 1.2s elapsed, 1.9s avg, 2.6e+02s total. Expected time remaining: 1.2e+02s
2020-05-01 20:21:18,347 - root - INFO - #136 mean, min log_loss: 1.1e+01, 0.49
2020-05-01 20:21:19,589 - root - INFO - Completed generation 137; 1.2s elapsed, 1.9s avg, 2.6e+02s total. Expected time remaining: 1.2e+02s
2020-05-01 20:21:19,657 - root - INFO - #137 mean, min log_loss: 1e+01, 0.49
2020-05-01 20:21:21,884 - root - INFO - Completed generation 138; 2.2s elapsed, 1.9s avg, 2.6e+02s total. Expected time remaining: 1.2e+02s
2020-05-01 20:21:21,994 - root - INFO - #138 mean, min log_loss: 1.6e+01, 0.49
2020-05-01 20:21:24,754 - root - INFO - Completed generation 139; 2.8s elapsed, 1.9s avg, 2.6e+02s total. Expected time remaining: 1.2e+02s
2020-05-01 20:21:24,841 - root - INFO - #139 mean, min log_loss: 2.2e+01, 0.49
2020-05-01 20:21:26,827 - root - INFO - Completed generation 140; 2.0s elapsed, 1.9s avg, 2.7e+02s total. Expected time remaining: 1.1e+02s
2020-05-01 20:21:26,894 - root - INFO - #140 mean, min log_loss: 1.4e+01, 0.49
2020-05-01 20:21:28,923 - root - INFO - Completed generation 141; 2.0s elapsed, 1.9s avg, 2.7e+02s total. Expected time remaining: 1.1e+02s
2020-05-01 20:21:28,991 - root - INFO - #141 mean, min log_loss: 1.7e+01, 0.49
2020-05-01 20:21:30,974 - root - INFO - Completed generation 142; 2.0s elapsed, 1.9s avg, 2.7e+02s total. Expected time remaining: 1.1e+02s
2020-05-01 20:21:31,042 - root - INFO - #142 mean, min log_loss: 1.8e+01, 0.49
2020-05-01 20:21:32,130 - root - INFO - Completed generation 143; 1.1s elapsed, 1.9s avg, 2.7e+02s total. Expected time remaining: 1.1e+02s
2020-05-01 20:21:32,197 - root - INFO - #143 mean, min log_loss: 1.3e+01, 0.49
2020-05-01 20:21:33,795 - root - INFO - Completed generation 144; 1.6s elapsed, 1.9s avg, 2.7e+02s total. Expected time remaining: 1.1e+02s
2020-05-01 20:21:33,863 - root - INFO - #144 mean, min log_loss: 1.9e+01, 0.49
2020-05-01 20:21:35,139 - root - INFO - Completed generation 145; 1.3s elapsed, 1.9s avg, 2.7e+02s total. Expected time remaining: 1e+02s
2020-05-01 20:21:35,207 - root - INFO - #145 mean, min log_loss: 1.5e+01, 0.48
2020-05-01 20:21:37,021 - root - INFO - Completed generation 146; 1.8s elapsed, 1.9s avg, 2.8e+02s total. Expected time remaining: 1e+02s
2020-05-01 20:21:37,133 - root - INFO - #146 mean, min log_loss: 1.3e+01, 0.48
2020-05-01 20:21:39,503 - root - INFO - Completed generation 147; 2.4s elapsed, 1.9s avg, 2.8e+02s total. Expected time remaining: 1e+02s
2020-05-01 20:21:39,571 - root - INFO - #147 mean, min log_loss: 9.8, 0.47
2020-05-01 20:21:40,863 - root - INFO - Completed generation 148; 1.3s elapsed, 1.9s avg, 2.8e+02s total. Expected time remaining: 9.8e+01s
2020-05-01 20:21:40,931 - root - INFO - #148 mean, min log_loss: 1.3e+01, 0.47
2020-05-01 20:21:42,891 - root - INFO - Completed generation 149; 2.0s elapsed, 1.9s avg, 2.8e+02s total. Expected time remaining: 9.7e+01s
2020-05-01 20:21:42,958 - root - INFO - #149 mean, min log_loss: 1.9e+01, 0.46
2020-05-01 20:21:44,709 - root - INFO - Completed generation 150; 1.8s elapsed, 1.9s avg, 2.8e+02s total. Expected time remaining: 9.5e+01s
2020-05-01 20:21:44,792 - root - INFO - #150 mean, min log_loss: 1.5e+01, 0.46
2020-05-01 20:21:46,412 - root - INFO - Completed generation 151; 1.5s elapsed, 1.9s avg, 2.9e+02s total. Expected time remaining: 9.3e+01s
2020-05-01 20:21:46,479 - root - INFO - #151 mean, min log_loss: 1.4e+01, 0.46
2020-05-01 20:21:47,925 - root - INFO - Completed generation 152; 1.4s elapsed, 1.9s avg, 2.9e+02s total. Expected time remaining: 9.1e+01s
2020-05-01 20:21:47,991 - root - INFO - #152 mean, min log_loss: 1.7e+01, 0.46
2020-05-01 20:21:49,403 - root - INFO - Completed generation 153; 1.4s elapsed, 1.9s avg, 2.9e+02s total. Expected time remaining: 8.9e+01s
2020-05-01 20:21:49,470 - root - INFO - #153 mean, min log_loss: 1.4e+01, 0.46
2020-05-01 20:21:52,303 - root - INFO - Completed generation 154; 2.8s elapsed, 1.9s avg, 2.9e+02s total. Expected time remaining: 8.7e+01s
2020-05-01 20:21:52,414 - root - INFO - #154 mean, min log_loss: 2.2e+01, 0.46
2020-05-01 20:21:54,624 - root - INFO - Completed generation 155; 2.2s elapsed, 1.9s avg, 2.9e+02s total. Expected time remaining: 8.5e+01s
2020-05-01 20:21:54,692 - root - INFO - #155 mean, min log_loss: 1.9e+01, 0.46
2020-05-01 20:21:56,072 - root - INFO - Completed generation 156; 1.4s elapsed, 1.9s avg, 2.9e+02s total. Expected time remaining: 8.3e+01s
2020-05-01 20:21:56,140 - root - INFO - #156 mean, min log_loss: 1.1e+01, 0.46
2020-05-01 20:21:57,658 - root - INFO - Completed generation 157; 1.5s elapsed, 1.9s avg, 3e+02s total. Expected time remaining: 8.1e+01s
2020-05-01 20:21:57,727 - root - INFO - #157 mean, min log_loss: 1.3e+01, 0.46
2020-05-01 20:21:58,868 - root - INFO - Completed generation 158; 1.1s elapsed, 1.9s avg, 3e+02s total. Expected time remaining: 7.9e+01s
2020-05-01 20:21:58,937 - root - INFO - #158 mean, min log_loss: 1.1e+01, 0.46
2020-05-01 20:21:59,993 - root - INFO - Completed generation 159; 1.1s elapsed, 1.9s avg, 3e+02s total. Expected time remaining: 7.7e+01s
2020-05-01 20:22:00,062 - root - INFO - #159 mean, min log_loss: 1.5e+01, 0.46
2020-05-01 20:22:01,737 - root - INFO - Completed generation 160; 1.7s elapsed, 1.9s avg, 3e+02s total. Expected time remaining: 7.5e+01s
2020-05-01 20:22:01,803 - root - INFO - #160 mean, min log_loss: 7.3, 0.46
2020-05-01 20:22:04,561 - root - INFO - Completed generation 161; 2.7s elapsed, 1.9s avg, 3e+02s total. Expected time remaining: 7.3e+01s
2020-05-01 20:22:04,629 - root - INFO - #161 mean, min log_loss: 1.7e+01, 0.46
2020-05-01 20:22:05,873 - root - INFO - Completed generation 162; 1.2s elapsed, 1.9s avg, 3e+02s total. Expected time remaining: 7.1e+01s
2020-05-01 20:22:05,940 - root - INFO - #162 mean, min log_loss: 1.1e+01, 0.46
2020-05-01 20:22:07,434 - root - INFO - Completed generation 163; 1.5s elapsed, 1.9s avg, 3.1e+02s total. Expected time remaining: 6.9e+01s
2020-05-01 20:22:07,501 - root - INFO - #163 mean, min log_loss: 1.7e+01, 0.46
2020-05-01 20:22:09,114 - root - INFO - Completed generation 164; 1.6s elapsed, 1.9s avg, 3.1e+02s total. Expected time remaining: 6.7e+01s
2020-05-01 20:22:09,181 - root - INFO - #164 mean, min log_loss: 1.7e+01, 0.46
2020-05-01 20:22:10,951 - root - INFO - Completed generation 165; 1.8s elapsed, 1.9s avg, 3.1e+02s total. Expected time remaining: 6.6e+01s
2020-05-01 20:22:11,018 - root - INFO - #165 mean, min log_loss: 1.9e+01, 0.46
2020-05-01 20:22:12,365 - root - INFO - Completed generation 166; 1.3s elapsed, 1.9s avg, 3.1e+02s total. Expected time remaining: 6.4e+01s
2020-05-01 20:22:12,432 - root - INFO - #166 mean, min log_loss: 1.1e+01, 0.46
2020-05-01 20:22:13,963 - root - INFO - Completed generation 167; 1.5s elapsed, 1.9s avg, 3.1e+02s total. Expected time remaining: 6.2e+01s
2020-05-01 20:22:14,030 - root - INFO - #167 mean, min log_loss: 1.6e+01, 0.46
2020-05-01 20:22:15,255 - root - INFO - Completed generation 168; 1.2s elapsed, 1.9s avg, 3.1e+02s total. Expected time remaining: 6e+01s
2020-05-01 20:22:15,321 - root - INFO - #168 mean, min log_loss: 8.0, 0.29
2020-05-01 20:22:16,894 - root - INFO - Completed generation 169; 1.6s elapsed, 1.9s avg, 3.1e+02s total. Expected time remaining: 5.8e+01s
2020-05-01 20:22:16,960 - root - INFO - #169 mean, min log_loss: 1.9e+01, 0.29
2020-05-01 20:22:18,260 - root - INFO - Completed generation 170; 1.3s elapsed, 1.9s avg, 3.2e+02s total. Expected time remaining: 5.6e+01s
2020-05-01 20:22:18,327 - root - INFO - #170 mean, min log_loss: 1.2e+01, 0.29
2020-05-01 20:22:19,879 - root - INFO - Completed generation 171; 1.5s elapsed, 1.9s avg, 3.2e+02s total. Expected time remaining: 5.4e+01s
2020-05-01 20:22:19,946 - root - INFO - #171 mean, min log_loss: 1.4e+01, 0.29
2020-05-01 20:22:21,705 - root - INFO - Completed generation 172; 1.8s elapsed, 1.9s avg, 3.2e+02s total. Expected time remaining: 5.2e+01s
2020-05-01 20:22:21,773 - root - INFO - #172 mean, min log_loss: 1.8e+01, 0.29
2020-05-01 20:22:23,592 - root - INFO - Completed generation 173; 1.8s elapsed, 1.9s avg, 3.2e+02s total. Expected time remaining: 5e+01s
2020-05-01 20:22:23,700 - root - INFO - #173 mean, min log_loss: 1.9e+01, 0.29
2020-05-01 20:22:26,842 - root - INFO - Completed generation 174; 3.1s elapsed, 1.9s avg, 3.2e+02s total. Expected time remaining: 4.8e+01s
2020-05-01 20:22:26,910 - root - INFO - #174 mean, min log_loss: 2.3e+01, 0.27
2020-05-01 20:22:28,733 - root - INFO - Completed generation 175; 1.8s elapsed, 1.9s avg, 3.3e+02s total. Expected time remaining: 4.7e+01s
2020-05-01 20:22:28,800 - root - INFO - #175 mean, min log_loss: 9.3, 0.27
2020-05-01 20:22:30,698 - root - INFO - Completed generation 176; 1.9s elapsed, 1.9s avg, 3.3e+02s total. Expected time remaining: 4.5e+01s
2020-05-01 20:22:30,808 - root - INFO - #176 mean, min log_loss: 2.3e+01, 0.27
2020-05-01 20:22:33,995 - root - INFO - Completed generation 177; 3.2s elapsed, 1.9s avg, 3.3e+02s total. Expected time remaining: 4.3e+01s
2020-05-01 20:22:34,104 - root - INFO - #177 mean, min log_loss: 1.3e+01, 0.27
2020-05-01 20:22:36,697 - root - INFO - Completed generation 178; 2.6s elapsed, 1.9s avg, 3.3e+02s total. Expected time remaining: 4.1e+01s
2020-05-01 20:22:36,808 - root - INFO - #178 mean, min log_loss: 8.5, 0.27
2020-05-01 20:22:39,346 - root - INFO - Completed generation 179; 2.5s elapsed, 1.9s avg, 3.4e+02s total. Expected time remaining: 3.9e+01s
2020-05-01 20:22:39,415 - root - INFO - #179 mean, min log_loss: 2e+01, 0.27
2020-05-01 20:22:40,901 - root - INFO - Completed generation 180; 1.5s elapsed, 1.9s avg, 3.4e+02s total. Expected time remaining: 3.8e+01s
2020-05-01 20:22:40,968 - root - INFO - #180 mean, min log_loss: 1e+01, 0.27
2020-05-01 20:22:43,797 - root - INFO - Completed generation 181; 2.8s elapsed, 1.9s avg, 3.4e+02s total. Expected time remaining: 3.6e+01s
2020-05-01 20:22:43,904 - root - INFO - #181 mean, min log_loss: 1.4e+01, 0.27
2020-05-01 20:22:45,530 - root - INFO - Completed generation 182; 1.6s elapsed, 1.9s avg, 3.4e+02s total. Expected time remaining: 3.4e+01s
2020-05-01 20:22:45,597 - root - INFO - #182 mean, min log_loss: 1e+01, 0.27
2020-05-01 20:22:47,034 - root - INFO - Completed generation 183; 1.4s elapsed, 1.9s avg, 3.4e+02s total. Expected time remaining: 3.2e+01s
2020-05-01 20:22:47,103 - root - INFO - #183 mean, min log_loss: 9.4, 0.27
2020-05-01 20:22:49,365 - root - INFO - Completed generation 184; 2.3s elapsed, 1.9s avg, 3.5e+02s total. Expected time remaining: 3e+01s
2020-05-01 20:22:49,433 - root - INFO - #184 mean, min log_loss: 1.2e+01, 0.27
2020-05-01 20:22:51,231 - root - INFO - Completed generation 185; 1.8s elapsed, 1.9s avg, 3.5e+02s total. Expected time remaining: 2.8e+01s
2020-05-01 20:22:51,299 - root - INFO - #185 mean, min log_loss: 1.5e+01, 0.27
2020-05-01 20:22:53,517 - root - INFO - Completed generation 186; 2.2s elapsed, 1.9s avg, 3.5e+02s total. Expected time remaining: 2.6e+01s
2020-05-01 20:22:53,583 - root - INFO - #186 mean, min log_loss: 1.5e+01, 0.27
2020-05-01 20:22:55,558 - root - INFO - Completed generation 187; 2.0s elapsed, 1.9s avg, 3.5e+02s total. Expected time remaining: 2.4e+01s
2020-05-01 20:22:55,625 - root - INFO - #187 mean, min log_loss: 1.3e+01, 0.27
2020-05-01 20:22:57,690 - root - INFO - Completed generation 188; 2.1s elapsed, 1.9s avg, 3.5e+02s total. Expected time remaining: 2.3e+01s
2020-05-01 20:22:57,785 - root - INFO - #188 mean, min log_loss: 1.9e+01, 0.27
2020-05-01 20:22:59,623 - root - INFO - Completed generation 189; 1.8s elapsed, 1.9s avg, 3.6e+02s total. Expected time remaining: 2.1e+01s
2020-05-01 20:22:59,691 - root - INFO - #189 mean, min log_loss: 1.6e+01, 0.27
2020-05-01 20:23:01,507 - root - INFO - Completed generation 190; 1.8s elapsed, 1.9s avg, 3.6e+02s total. Expected time remaining: 1.9e+01s
2020-05-01 20:23:01,618 - root - INFO - #190 mean, min log_loss: 1.1e+01, 0.27
2020-05-01 20:23:03,764 - root - INFO - Completed generation 191; 2.0s elapsed, 1.9s avg, 3.6e+02s total. Expected time remaining: 1.7e+01s
2020-05-01 20:23:03,832 - root - INFO - #191 mean, min log_loss: 1.1e+01, 0.22
2020-05-01 20:23:05,711 - root - INFO - Completed generation 192; 1.9s elapsed, 1.9s avg, 3.6e+02s total. Expected time remaining: 1.5e+01s
2020-05-01 20:23:05,780 - root - INFO - #192 mean, min log_loss: 1.8e+01, 0.22
2020-05-01 20:23:07,624 - root - INFO - Completed generation 193; 1.8s elapsed, 1.9s avg, 3.6e+02s total. Expected time remaining: 1.3e+01s
2020-05-01 20:23:07,692 - root - INFO - #193 mean, min log_loss: 1.5e+01, 0.22
2020-05-01 20:23:09,342 - root - INFO - Completed generation 194; 1.6s elapsed, 1.9s avg, 3.6e+02s total. Expected time remaining: 1.1e+01s
2020-05-01 20:23:09,410 - root - INFO - #194 mean, min log_loss: 1.1e+01, 0.22
2020-05-01 20:23:11,137 - root - INFO - Completed generation 195; 1.7s elapsed, 1.9s avg, 3.7e+02s total. Expected time remaining: 9.4s
2020-05-01 20:23:11,205 - root - INFO - #195 mean, min log_loss: 6.6, 0.22
2020-05-01 20:23:13,071 - root - INFO - Completed generation 196; 1.9s elapsed, 1.9s avg, 3.7e+02s total. Expected time remaining: 7.5s
2020-05-01 20:23:13,140 - root - INFO - #196 mean, min log_loss: 1.9e+01, 0.22
2020-05-01 20:23:14,996 - root - INFO - Completed generation 197; 1.9s elapsed, 1.9s avg, 3.7e+02s total. Expected time remaining: 5.6s
2020-05-01 20:23:15,064 - root - INFO - #197 mean, min log_loss: 1.4e+01, 0.22
2020-05-01 20:23:16,833 - root - INFO - Completed generation 198; 1.8s elapsed, 1.9s avg, 3.7e+02s total. Expected time remaining: 3.8s
2020-05-01 20:23:16,901 - root - INFO - #198 mean, min log_loss: 1.2e+01, 0.22
2020-05-01 20:23:19,080 - root - INFO - Completed generation 199; 2.2s elapsed, 1.9s avg, 3.7e+02s total. Expected time remaining: 1.9s
2020-05-01 20:23:19,148 - root - INFO - #199 mean, min log_loss: 2.4e+01, 0.22
2020-05-01 20:23:21,044 - root - INFO - Completed generation 200; 1.9s elapsed, 1.9s avg, 3.8e+02s total. Expected time remaining: 0.0s
2020-05-01 20:23:21,112 - root - INFO - #200 mean, min log_loss: 2.4e+01, 0.22
2020-05-01 20:23:21,289 - root - INFO - Evaluating indivs in hall of fame.
2020-05-01 20:23:33,935 - root - INFO - Completed excution.
