2020-05-03 14:01:07,800 - root - INFO - Package version 0.1a0
2020-05-03 14:01:07,800 - root - INFO - Saving data at /vol/fob-vol1/mi15/plonerma/Lab/rewann/data/2020-05-03_Iris normal Distribution mean=2 sigma=8 run 3_000.
2020-05-03 14:01:07,935 - root - INFO - Starting evolutionary algorithm
2020-05-03 14:01:13,516 - root - INFO - Completed generation 1; 5.6s elapsed, 5.6s avg, 5.6s total. Expected time remaining: 1.1e+03s
2020-05-03 14:01:13,624 - root - INFO - #1 mean, min log_loss: 1.2, 1.1
2020-05-03 14:01:17,813 - root - INFO - Completed generation 2; 4.2s elapsed, 4.9s avg, 9.8s total. Expected time remaining: 9.7e+02s
2020-05-03 14:01:17,919 - root - INFO - #2 mean, min log_loss: 1.2, 1.1
2020-05-03 14:01:22,151 - root - INFO - Completed generation 3; 4.2s elapsed, 4.7s avg, 1.4e+01s total. Expected time remaining: 9.2e+02s
2020-05-03 14:01:22,259 - root - INFO - #3 mean, min log_loss: 1.2, 1.1
2020-05-03 14:01:25,377 - root - INFO - Completed generation 4; 3.1s elapsed, 4.3s avg, 1.7e+01s total. Expected time remaining: 8.4e+02s
2020-05-03 14:01:25,447 - root - INFO - #4 mean, min log_loss: 1.2, 1.1
2020-05-03 14:01:28,652 - root - INFO - Completed generation 5; 3.2s elapsed, 4.1s avg, 2e+01s total. Expected time remaining: 7.9e+02s
2020-05-03 14:01:28,721 - root - INFO - #5 mean, min log_loss: 1.2, 1.1
2020-05-03 14:01:31,687 - root - INFO - Completed generation 6; 3.0s elapsed, 3.9s avg, 2.3e+01s total. Expected time remaining: 7.5e+02s
2020-05-03 14:01:31,757 - root - INFO - #6 mean, min log_loss: 1.2, 1.1
2020-05-03 14:01:35,197 - root - INFO - Completed generation 7; 3.4s elapsed, 3.8s avg, 2.7e+01s total. Expected time remaining: 7.4e+02s
2020-05-03 14:01:35,308 - root - INFO - #7 mean, min log_loss: 1.2, 1.1
2020-05-03 14:01:38,289 - root - INFO - Completed generation 8; 3.0s elapsed, 3.7s avg, 3e+01s total. Expected time remaining: 7.1e+02s
2020-05-03 14:01:38,361 - root - INFO - #8 mean, min log_loss: 1.2, 1.1
2020-05-03 14:01:41,421 - root - INFO - Completed generation 9; 3.1s elapsed, 3.6s avg, 3.3e+01s total. Expected time remaining: 7e+02s
2020-05-03 14:01:41,493 - root - INFO - #9 mean, min log_loss: 1.2, 1.1
2020-05-03 14:01:44,385 - root - INFO - Completed generation 10; 2.9s elapsed, 3.6s avg, 3.6e+01s total. Expected time remaining: 6.8e+02s
2020-05-03 14:01:44,453 - root - INFO - #10 mean, min log_loss: 1.2, 1.1
2020-05-03 14:01:47,613 - root - INFO - Completed generation 11; 3.1s elapsed, 3.5s avg, 3.9e+01s total. Expected time remaining: 6.7e+02s
2020-05-03 14:01:47,766 - root - INFO - #11 mean, min log_loss: 1.2, 1.1
2020-05-03 14:01:50,934 - root - INFO - Completed generation 12; 3.2s elapsed, 3.5s avg, 4.2e+01s total. Expected time remaining: 6.6e+02s
2020-05-03 14:01:51,003 - root - INFO - #12 mean, min log_loss: 1.2, 1.1
2020-05-03 14:01:54,594 - root - INFO - Completed generation 13; 3.6s elapsed, 3.5s avg, 4.6e+01s total. Expected time remaining: 6.5e+02s
2020-05-03 14:01:54,707 - root - INFO - #13 mean, min log_loss: 1.2, 1.1
2020-05-03 14:01:58,182 - root - INFO - Completed generation 14; 3.5s elapsed, 3.5s avg, 4.9e+01s total. Expected time remaining: 6.5e+02s
2020-05-03 14:01:58,251 - root - INFO - #14 mean, min log_loss: 1.2, 1.1
2020-05-03 14:02:01,416 - root - INFO - Completed generation 15; 3.2s elapsed, 3.5s avg, 5.2e+01s total. Expected time remaining: 6.4e+02s
2020-05-03 14:02:01,514 - root - INFO - #15 mean, min log_loss: 1.2, 1.1
2020-05-03 14:02:04,733 - root - INFO - Completed generation 16; 3.2s elapsed, 3.5s avg, 5.5e+01s total. Expected time remaining: 6.4e+02s
2020-05-03 14:02:04,801 - root - INFO - #16 mean, min log_loss: 1.2, 1.1
2020-05-03 14:02:07,713 - root - INFO - Completed generation 17; 2.9s elapsed, 3.4s avg, 5.8e+01s total. Expected time remaining: 6.3e+02s
2020-05-03 14:02:07,782 - root - INFO - #17 mean, min log_loss: 1.2, 1.1
2020-05-03 14:02:10,717 - root - INFO - Completed generation 18; 2.9s elapsed, 3.4s avg, 6.1e+01s total. Expected time remaining: 6.2e+02s
2020-05-03 14:02:10,785 - root - INFO - #18 mean, min log_loss: 1.2, 1.1
2020-05-03 14:02:13,773 - root - INFO - Completed generation 19; 3.0s elapsed, 3.4s avg, 6.4e+01s total. Expected time remaining: 6.1e+02s
2020-05-03 14:02:13,840 - root - INFO - #19 mean, min log_loss: 1.2, 1.1
2020-05-03 14:02:16,869 - root - INFO - Completed generation 20; 3.0s elapsed, 3.4s avg, 6.7e+01s total. Expected time remaining: 6.1e+02s
2020-05-03 14:02:16,937 - root - INFO - #20 mean, min log_loss: 1.2, 1.1
2020-05-03 14:02:20,113 - root - INFO - Completed generation 21; 3.1s elapsed, 3.4s avg, 7e+01s total. Expected time remaining: 6e+02s
2020-05-03 14:02:20,226 - root - INFO - #21 mean, min log_loss: 1.2, 1.1
2020-05-03 14:02:23,689 - root - INFO - Completed generation 22; 3.5s elapsed, 3.4s avg, 7.4e+01s total. Expected time remaining: 6e+02s
2020-05-03 14:02:23,759 - root - INFO - #22 mean, min log_loss: 1.2, 1.1
2020-05-03 14:02:26,669 - root - INFO - Completed generation 23; 2.9s elapsed, 3.3s avg, 7.7e+01s total. Expected time remaining: 5.9e+02s
2020-05-03 14:02:26,781 - root - INFO - #23 mean, min log_loss: 1.2, 1.1
2020-05-03 14:02:30,489 - root - INFO - Completed generation 24; 3.7s elapsed, 3.4s avg, 8e+01s total. Expected time remaining: 5.9e+02s
2020-05-03 14:02:30,558 - root - INFO - #24 mean, min log_loss: 1.2, 1.1
2020-05-03 14:02:34,126 - root - INFO - Completed generation 25; 3.6s elapsed, 3.4s avg, 8.4e+01s total. Expected time remaining: 5.9e+02s
2020-05-03 14:02:34,194 - root - INFO - #25 mean, min log_loss: 1.2, 1.1
2020-05-03 14:02:37,203 - root - INFO - Completed generation 26; 3.0s elapsed, 3.3s avg, 8.7e+01s total. Expected time remaining: 5.8e+02s
2020-05-03 14:02:37,270 - root - INFO - #26 mean, min log_loss: 1.2, 1.1
2020-05-03 14:02:40,200 - root - INFO - Completed generation 27; 2.9s elapsed, 3.3s avg, 9e+01s total. Expected time remaining: 5.8e+02s
2020-05-03 14:02:40,266 - root - INFO - #27 mean, min log_loss: 1.2, 1.1
2020-05-03 14:02:43,213 - root - INFO - Completed generation 28; 2.9s elapsed, 3.3s avg, 9.3e+01s total. Expected time remaining: 5.7e+02s
2020-05-03 14:02:43,280 - root - INFO - #28 mean, min log_loss: 1.2, 1.1
2020-05-03 14:02:47,400 - root - INFO - Completed generation 29; 4.1s elapsed, 3.3s avg, 9.7e+01s total. Expected time remaining: 5.7e+02s
2020-05-03 14:02:47,507 - root - INFO - #29 mean, min log_loss: 1.2, 1.1
2020-05-03 14:02:49,218 - root - INFO - Completed generation 30; 1.7s elapsed, 3.3s avg, 9.9e+01s total. Expected time remaining: 5.6e+02s
2020-05-03 14:02:49,289 - root - INFO - #30 mean, min log_loss: 1.2, 1.1
2020-05-03 14:02:50,572 - root - INFO - Completed generation 31; 1.2s elapsed, 3.2s avg, 1e+02s total. Expected time remaining: 5.4e+02s
2020-05-03 14:02:50,643 - root - INFO - #31 mean, min log_loss: 1.2, 1.1
2020-05-03 14:02:51,659 - root - INFO - Completed generation 32; 1.0s elapsed, 3.2s avg, 1e+02s total. Expected time remaining: 5.3e+02s
2020-05-03 14:02:51,728 - root - INFO - #32 mean, min log_loss: 1.2, 1.1
2020-05-03 14:02:53,096 - root - INFO - Completed generation 33; 1.4s elapsed, 3.1s avg, 1e+02s total. Expected time remaining: 5.2e+02s
2020-05-03 14:02:53,207 - root - INFO - #33 mean, min log_loss: 1.2, 1.1
2020-05-03 14:02:54,645 - root - INFO - Completed generation 34; 1.4s elapsed, 3.1s avg, 1e+02s total. Expected time remaining: 5.1e+02s
2020-05-03 14:02:54,714 - root - INFO - #34 mean, min log_loss: 1.2, 1.1
2020-05-03 14:02:55,844 - root - INFO - Completed generation 35; 1.1s elapsed, 3.0s avg, 1e+02s total. Expected time remaining: 4.9e+02s
2020-05-03 14:02:55,960 - root - INFO - #35 mean, min log_loss: 1.2, 1.1
2020-05-03 14:02:57,316 - root - INFO - Completed generation 36; 1.4s elapsed, 3.0s avg, 1.1e+02s total. Expected time remaining: 4.8e+02s
2020-05-03 14:02:57,426 - root - INFO - #36 mean, min log_loss: 1.2, 1.1
2020-05-03 14:02:58,558 - root - INFO - Completed generation 37; 1.1s elapsed, 2.9s avg, 1.1e+02s total. Expected time remaining: 4.7e+02s
2020-05-03 14:02:58,693 - root - INFO - #37 mean, min log_loss: 1.2, 1.1
2020-05-03 14:02:59,930 - root - INFO - Completed generation 38; 1.2s elapsed, 2.9s avg, 1.1e+02s total. Expected time remaining: 4.6e+02s
2020-05-03 14:03:00,021 - root - INFO - #38 mean, min log_loss: 1.2, 1.1
2020-05-03 14:03:01,193 - root - INFO - Completed generation 39; 1.2s elapsed, 2.8s avg, 1.1e+02s total. Expected time remaining: 4.5e+02s
2020-05-03 14:03:01,265 - root - INFO - #39 mean, min log_loss: 1.2, 1.1
2020-05-03 14:03:02,305 - root - INFO - Completed generation 40; 1.0s elapsed, 2.8s avg, 1.1e+02s total. Expected time remaining: 4.4e+02s
2020-05-03 14:03:02,397 - root - INFO - #40 mean, min log_loss: 1.2, 1.1
2020-05-03 14:03:03,643 - root - INFO - Completed generation 41; 1.2s elapsed, 2.7s avg, 1.1e+02s total. Expected time remaining: 4.3e+02s
2020-05-03 14:03:03,713 - root - INFO - #41 mean, min log_loss: 1.2, 1.1
2020-05-03 14:03:04,869 - root - INFO - Completed generation 42; 1.2s elapsed, 2.7s avg, 1.1e+02s total. Expected time remaining: 4.3e+02s
2020-05-03 14:03:04,979 - root - INFO - #42 mean, min log_loss: 1.2, 1.1
2020-05-03 14:03:05,988 - root - INFO - Completed generation 43; 1.0s elapsed, 2.7s avg, 1.1e+02s total. Expected time remaining: 4.2e+02s
2020-05-03 14:03:06,057 - root - INFO - #43 mean, min log_loss: 1.2, 1.1
2020-05-03 14:03:07,129 - root - INFO - Completed generation 44; 1.1s elapsed, 2.6s avg, 1.2e+02s total. Expected time remaining: 4.1e+02s
2020-05-03 14:03:07,199 - root - INFO - #44 mean, min log_loss: 1.2, 1.1
2020-05-03 14:03:08,256 - root - INFO - Completed generation 45; 1.1s elapsed, 2.6s avg, 1.2e+02s total. Expected time remaining: 4e+02s
2020-05-03 14:03:08,326 - root - INFO - #45 mean, min log_loss: 1.2, 1.1
2020-05-03 14:03:09,475 - root - INFO - Completed generation 46; 1.1s elapsed, 2.6s avg, 1.2e+02s total. Expected time remaining: 3.9e+02s
2020-05-03 14:03:09,546 - root - INFO - #46 mean, min log_loss: 1.2, 1.1
2020-05-03 14:03:10,565 - root - INFO - Completed generation 47; 1.0s elapsed, 2.5s avg, 1.2e+02s total. Expected time remaining: 3.9e+02s
2020-05-03 14:03:10,672 - root - INFO - #47 mean, min log_loss: 1.2, 1.1
2020-05-03 14:03:11,783 - root - INFO - Completed generation 48; 1.1s elapsed, 2.5s avg, 1.2e+02s total. Expected time remaining: 3.8e+02s
2020-05-03 14:03:11,854 - root - INFO - #48 mean, min log_loss: 1.2, 1.1
2020-05-03 14:03:12,941 - root - INFO - Completed generation 49; 1.1s elapsed, 2.5s avg, 1.2e+02s total. Expected time remaining: 3.7e+02s
2020-05-03 14:03:13,012 - root - INFO - #49 mean, min log_loss: 1.2, 1.1
2020-05-03 14:03:14,301 - root - INFO - Completed generation 50; 1.3s elapsed, 2.4s avg, 1.2e+02s total. Expected time remaining: 3.7e+02s
2020-05-03 14:03:14,375 - root - INFO - #50 mean, min log_loss: 1.2, 1.1
2020-05-03 14:03:15,501 - root - INFO - Completed generation 51; 1.1s elapsed, 2.4s avg, 1.2e+02s total. Expected time remaining: 3.6e+02s
2020-05-03 14:03:15,570 - root - INFO - #51 mean, min log_loss: 1.2, 1.1
2020-05-03 14:03:16,593 - root - INFO - Completed generation 52; 1.0s elapsed, 2.4s avg, 1.2e+02s total. Expected time remaining: 3.5e+02s
2020-05-03 14:03:16,661 - root - INFO - #52 mean, min log_loss: 1.2, 1.1
2020-05-03 14:03:17,806 - root - INFO - Completed generation 53; 1.1s elapsed, 2.4s avg, 1.3e+02s total. Expected time remaining: 3.5e+02s
2020-05-03 14:03:17,881 - root - INFO - #53 mean, min log_loss: 1.2, 1.1
2020-05-03 14:03:18,944 - root - INFO - Completed generation 54; 1.1s elapsed, 2.3s avg, 1.3e+02s total. Expected time remaining: 3.4e+02s
2020-05-03 14:03:19,061 - root - INFO - #54 mean, min log_loss: 1.2, 1.1
2020-05-03 14:03:20,516 - root - INFO - Completed generation 55; 1.5s elapsed, 2.3s avg, 1.3e+02s total. Expected time remaining: 3.4e+02s
2020-05-03 14:03:20,625 - root - INFO - #55 mean, min log_loss: 1.2, 1.1
2020-05-03 14:03:22,155 - root - INFO - Completed generation 56; 1.5s elapsed, 2.3s avg, 1.3e+02s total. Expected time remaining: 3.3e+02s
2020-05-03 14:03:22,233 - root - INFO - #56 mean, min log_loss: 1.2, 1.1
2020-05-03 14:03:23,276 - root - INFO - Completed generation 57; 1.0s elapsed, 2.3s avg, 1.3e+02s total. Expected time remaining: 3.3e+02s
2020-05-03 14:03:23,384 - root - INFO - #57 mean, min log_loss: 1.2, 1.1
2020-05-03 14:03:24,390 - root - INFO - Completed generation 58; 1.0s elapsed, 2.3s avg, 1.3e+02s total. Expected time remaining: 3.2e+02s
2020-05-03 14:03:24,458 - root - INFO - #58 mean, min log_loss: 1.2, 1.1
2020-05-03 14:03:25,551 - root - INFO - Completed generation 59; 1.1s elapsed, 2.2s avg, 1.3e+02s total. Expected time remaining: 3.2e+02s
2020-05-03 14:03:25,618 - root - INFO - #59 mean, min log_loss: 1.2, 1.1
2020-05-03 14:03:26,724 - root - INFO - Completed generation 60; 1.1s elapsed, 2.2s avg, 1.3e+02s total. Expected time remaining: 3.1e+02s
2020-05-03 14:03:26,829 - root - INFO - #60 mean, min log_loss: 1.2, 1.1
2020-05-03 14:03:27,916 - root - INFO - Completed generation 61; 1.0s elapsed, 2.2s avg, 1.3e+02s total. Expected time remaining: 3.1e+02s
2020-05-03 14:03:27,986 - root - INFO - #61 mean, min log_loss: 1.2, 1.1
2020-05-03 14:03:29,028 - root - INFO - Completed generation 62; 1.0s elapsed, 2.2s avg, 1.4e+02s total. Expected time remaining: 3e+02s
2020-05-03 14:03:29,100 - root - INFO - #62 mean, min log_loss: 1.2, 1.1
2020-05-03 14:03:30,222 - root - INFO - Completed generation 63; 1.1s elapsed, 2.2s avg, 1.4e+02s total. Expected time remaining: 3e+02s
2020-05-03 14:03:30,327 - root - INFO - #63 mean, min log_loss: 1.2, 1.1
2020-05-03 14:03:31,404 - root - INFO - Completed generation 64; 1.1s elapsed, 2.2s avg, 1.4e+02s total. Expected time remaining: 2.9e+02s
2020-05-03 14:03:31,476 - root - INFO - #64 mean, min log_loss: 1.2, 1.1
2020-05-03 14:03:32,716 - root - INFO - Completed generation 65; 1.2s elapsed, 2.1s avg, 1.4e+02s total. Expected time remaining: 2.9e+02s
2020-05-03 14:03:32,829 - root - INFO - #65 mean, min log_loss: 1.2, 1.1
2020-05-03 14:03:33,986 - root - INFO - Completed generation 66; 1.2s elapsed, 2.1s avg, 1.4e+02s total. Expected time remaining: 2.8e+02s
2020-05-03 14:03:34,082 - root - INFO - #66 mean, min log_loss: 1.2, 1.1
2020-05-03 14:03:35,114 - root - INFO - Completed generation 67; 1.0s elapsed, 2.1s avg, 1.4e+02s total. Expected time remaining: 2.8e+02s
2020-05-03 14:03:35,187 - root - INFO - #67 mean, min log_loss: 1.2, 1.1
2020-05-03 14:03:36,596 - root - INFO - Completed generation 68; 1.4s elapsed, 2.1s avg, 1.4e+02s total. Expected time remaining: 2.8e+02s
2020-05-03 14:03:36,710 - root - INFO - #68 mean, min log_loss: 1.2, 1.1
2020-05-03 14:03:38,119 - root - INFO - Completed generation 69; 1.4s elapsed, 2.1s avg, 1.4e+02s total. Expected time remaining: 2.7e+02s
2020-05-03 14:03:38,190 - root - INFO - #69 mean, min log_loss: 1.2, 1.1
2020-05-03 14:03:39,265 - root - INFO - Completed generation 70; 1.1s elapsed, 2.1s avg, 1.5e+02s total. Expected time remaining: 2.7e+02s
2020-05-03 14:03:39,335 - root - INFO - #70 mean, min log_loss: 1.2, 1.1
2020-05-03 14:03:42,179 - root - INFO - Completed generation 71; 2.8s elapsed, 2.1s avg, 1.5e+02s total. Expected time remaining: 2.7e+02s
2020-05-03 14:03:42,299 - root - INFO - #71 mean, min log_loss: 1.2, 1.1
2020-05-03 14:03:46,437 - root - INFO - Completed generation 72; 4.1s elapsed, 2.1s avg, 1.5e+02s total. Expected time remaining: 2.7e+02s
2020-05-03 14:03:46,544 - root - INFO - #72 mean, min log_loss: 1.2, 1.1
2020-05-03 14:03:49,733 - root - INFO - Completed generation 73; 3.2s elapsed, 2.1s avg, 1.6e+02s total. Expected time remaining: 2.7e+02s
2020-05-03 14:03:49,810 - root - INFO - #73 mean, min log_loss: 1.2, 1.1
2020-05-03 14:03:52,726 - root - INFO - Completed generation 74; 2.9s elapsed, 2.1s avg, 1.6e+02s total. Expected time remaining: 2.7e+02s
2020-05-03 14:03:52,795 - root - INFO - #74 mean, min log_loss: 1.2, 1.1
2020-05-03 14:03:55,665 - root - INFO - Completed generation 75; 2.9s elapsed, 2.1s avg, 1.6e+02s total. Expected time remaining: 2.7e+02s
2020-05-03 14:03:55,774 - root - INFO - #75 mean, min log_loss: 1.2, 1.1
2020-05-03 14:03:59,268 - root - INFO - Completed generation 76; 3.5s elapsed, 2.2s avg, 1.6e+02s total. Expected time remaining: 2.7e+02s
2020-05-03 14:03:59,412 - root - INFO - #76 mean, min log_loss: 1.2, 1.1
2020-05-03 14:04:02,292 - root - INFO - Completed generation 77; 2.9s elapsed, 2.2s avg, 1.7e+02s total. Expected time remaining: 2.7e+02s
2020-05-03 14:04:02,363 - root - INFO - #77 mean, min log_loss: 1.2, 1.1
2020-05-03 14:04:03,421 - root - INFO - Completed generation 78; 1.1s elapsed, 2.2s avg, 1.7e+02s total. Expected time remaining: 2.6e+02s
2020-05-03 14:04:03,491 - root - INFO - #78 mean, min log_loss: 3.9, 1.1
2020-05-03 14:04:04,686 - root - INFO - Completed generation 79; 1.2s elapsed, 2.1s avg, 1.7e+02s total. Expected time remaining: 2.6e+02s
2020-05-03 14:04:04,794 - root - INFO - #79 mean, min log_loss: 5.5, 1.1
2020-05-03 14:04:06,303 - root - INFO - Completed generation 80; 1.5s elapsed, 2.1s avg, 1.7e+02s total. Expected time remaining: 2.6e+02s
2020-05-03 14:04:06,410 - root - INFO - #80 mean, min log_loss: 1e+01, 1.1
2020-05-03 14:04:08,044 - root - INFO - Completed generation 81; 1.5s elapsed, 2.1s avg, 1.7e+02s total. Expected time remaining: 2.5e+02s
2020-05-03 14:04:08,154 - root - INFO - #81 mean, min log_loss: 6.1, 1.1
2020-05-03 14:04:09,704 - root - INFO - Completed generation 82; 1.5s elapsed, 2.1s avg, 1.7e+02s total. Expected time remaining: 2.5e+02s
2020-05-03 14:04:09,812 - root - INFO - #82 mean, min log_loss: 1.9e+01, 1.1
2020-05-03 14:04:11,350 - root - INFO - Completed generation 83; 1.5s elapsed, 2.1s avg, 1.8e+02s total. Expected time remaining: 2.5e+02s
2020-05-03 14:04:11,458 - root - INFO - #83 mean, min log_loss: 1.5e+01, 1.1
2020-05-03 14:04:12,993 - root - INFO - Completed generation 84; 1.5s elapsed, 2.1s avg, 1.8e+02s total. Expected time remaining: 2.4e+02s
2020-05-03 14:04:13,095 - root - INFO - #84 mean, min log_loss: 2e+01, 1.1
2020-05-03 14:04:15,718 - root - INFO - Completed generation 85; 2.6s elapsed, 2.1s avg, 1.8e+02s total. Expected time remaining: 2.4e+02s
2020-05-03 14:04:15,830 - root - INFO - #85 mean, min log_loss: 6.9, 1.1
2020-05-03 14:04:19,294 - root - INFO - Completed generation 86; 3.5s elapsed, 2.1s avg, 1.8e+02s total. Expected time remaining: 2.4e+02s
2020-05-03 14:04:19,405 - root - INFO - #86 mean, min log_loss: 6.1, 1.1
2020-05-03 14:04:23,672 - root - INFO - Completed generation 87; 4.3s elapsed, 2.2s avg, 1.9e+02s total. Expected time remaining: 2.4e+02s
2020-05-03 14:04:23,784 - root - INFO - #87 mean, min log_loss: 1.6e+01, 1.1
2020-05-03 14:04:28,209 - root - INFO - Completed generation 88; 4.4s elapsed, 2.2s avg, 1.9e+02s total. Expected time remaining: 2.4e+02s
2020-05-03 14:04:28,287 - root - INFO - #88 mean, min log_loss: 1.4e+01, 1.1
2020-05-03 14:04:31,782 - root - INFO - Completed generation 89; 3.5s elapsed, 2.2s avg, 2e+02s total. Expected time remaining: 2.4e+02s
2020-05-03 14:04:31,896 - root - INFO - #89 mean, min log_loss: 8.3, 1.1
2020-05-03 14:04:35,612 - root - INFO - Completed generation 90; 3.7s elapsed, 2.2s avg, 2e+02s total. Expected time remaining: 2.4e+02s
2020-05-03 14:04:35,719 - root - INFO - #90 mean, min log_loss: 1.1e+01, 1.1
2020-05-03 14:04:38,997 - root - INFO - Completed generation 91; 3.2s elapsed, 2.2s avg, 2e+02s total. Expected time remaining: 2.4e+02s
2020-05-03 14:04:39,130 - root - INFO - #91 mean, min log_loss: 9.9, 1.1
2020-05-03 14:04:42,698 - root - INFO - Completed generation 92; 3.6s elapsed, 2.2s avg, 2.1e+02s total. Expected time remaining: 2.4e+02s
2020-05-03 14:04:42,765 - root - INFO - #92 mean, min log_loss: 2.6, 1.1
2020-05-03 14:04:45,795 - root - INFO - Completed generation 93; 3.0s elapsed, 2.2s avg, 2.1e+02s total. Expected time remaining: 2.4e+02s
2020-05-03 14:04:45,862 - root - INFO - #93 mean, min log_loss: 6.5, 1.1
2020-05-03 14:04:48,785 - root - INFO - Completed generation 94; 2.9s elapsed, 2.3s avg, 2.1e+02s total. Expected time remaining: 2.4e+02s
2020-05-03 14:04:48,864 - root - INFO - #94 mean, min log_loss: 1.5e+01, 1.0
2020-05-03 14:04:52,006 - root - INFO - Completed generation 95; 3.1s elapsed, 2.3s avg, 2.2e+02s total. Expected time remaining: 2.4e+02s
2020-05-03 14:04:52,080 - root - INFO - #95 mean, min log_loss: 1.2e+01, 1.0
2020-05-03 14:04:54,687 - root - INFO - Completed generation 96; 2.6s elapsed, 2.3s avg, 2.2e+02s total. Expected time remaining: 2.4e+02s
2020-05-03 14:04:54,785 - root - INFO - #96 mean, min log_loss: 1.1e+01, 0.98
2020-05-03 14:04:57,622 - root - INFO - Completed generation 97; 2.8s elapsed, 2.3s avg, 2.2e+02s total. Expected time remaining: 2.3e+02s
2020-05-03 14:04:57,688 - root - INFO - #97 mean, min log_loss: 1.6e+01, 0.97
2020-05-03 14:04:59,495 - root - INFO - Completed generation 98; 1.8s elapsed, 2.3s avg, 2.2e+02s total. Expected time remaining: 2.3e+02s
2020-05-03 14:04:59,562 - root - INFO - #98 mean, min log_loss: 1.1e+01, 0.94
2020-05-03 14:05:01,618 - root - INFO - Completed generation 99; 2.1s elapsed, 2.3s avg, 2.2e+02s total. Expected time remaining: 2.3e+02s
2020-05-03 14:05:01,698 - root - INFO - #99 mean, min log_loss: 1.2e+01, 0.92
2020-05-03 14:05:03,268 - root - INFO - Completed generation 100; 1.6s elapsed, 2.3s avg, 2.3e+02s total. Expected time remaining: 2.3e+02s
2020-05-03 14:05:03,337 - root - INFO - #100 mean, min log_loss: 1.6e+01, 0.92
2020-05-03 14:05:04,869 - root - INFO - Completed generation 101; 1.5s elapsed, 2.3s avg, 2.3e+02s total. Expected time remaining: 2.2e+02s
2020-05-03 14:05:04,935 - root - INFO - #101 mean, min log_loss: 1.6e+01, 0.92
2020-05-03 14:05:06,454 - root - INFO - Completed generation 102; 1.5s elapsed, 2.2s avg, 2.3e+02s total. Expected time remaining: 2.2e+02s
2020-05-03 14:05:06,521 - root - INFO - #102 mean, min log_loss: 9.5, 0.92
2020-05-03 14:05:08,311 - root - INFO - Completed generation 103; 1.8s elapsed, 2.2s avg, 2.3e+02s total. Expected time remaining: 2.2e+02s
2020-05-03 14:05:08,382 - root - INFO - #103 mean, min log_loss: 1.1e+01, 0.92
2020-05-03 14:05:10,176 - root - INFO - Completed generation 104; 1.8s elapsed, 2.2s avg, 2.3e+02s total. Expected time remaining: 2.1e+02s
2020-05-03 14:05:10,258 - root - INFO - #104 mean, min log_loss: 5.4, 0.83
2020-05-03 14:05:12,128 - root - INFO - Completed generation 105; 1.9s elapsed, 2.2s avg, 2.3e+02s total. Expected time remaining: 2.1e+02s
2020-05-03 14:05:12,212 - root - INFO - #105 mean, min log_loss: 1e+01, 0.8
2020-05-03 14:05:15,187 - root - INFO - Completed generation 106; 3.0s elapsed, 2.2s avg, 2.4e+02s total. Expected time remaining: 2.1e+02s
2020-05-03 14:05:15,294 - root - INFO - #106 mean, min log_loss: 2.3e+01, 0.74
2020-05-03 14:05:18,242 - root - INFO - Completed generation 107; 2.9s elapsed, 2.2s avg, 2.4e+02s total. Expected time remaining: 2.1e+02s
2020-05-03 14:05:18,350 - root - INFO - #107 mean, min log_loss: 8.1, 0.73
2020-05-03 14:05:21,006 - root - INFO - Completed generation 108; 2.7s elapsed, 2.2s avg, 2.4e+02s total. Expected time remaining: 2.1e+02s
2020-05-03 14:05:21,121 - root - INFO - #108 mean, min log_loss: 1.4e+01, 0.73
2020-05-03 14:05:23,659 - root - INFO - Completed generation 109; 2.5s elapsed, 2.3s avg, 2.5e+02s total. Expected time remaining: 2e+02s
2020-05-03 14:05:23,794 - root - INFO - #109 mean, min log_loss: 4.5, 0.7
2020-05-03 14:05:25,778 - root - INFO - Completed generation 110; 2.0s elapsed, 2.2s avg, 2.5e+02s total. Expected time remaining: 2e+02s
2020-05-03 14:05:25,846 - root - INFO - #110 mean, min log_loss: 1.4e+01, 0.7
2020-05-03 14:05:27,586 - root - INFO - Completed generation 111; 1.7s elapsed, 2.2s avg, 2.5e+02s total. Expected time remaining: 2e+02s
2020-05-03 14:05:27,655 - root - INFO - #111 mean, min log_loss: 1.9e+01, 0.7
2020-05-03 14:05:29,949 - root - INFO - Completed generation 112; 2.3s elapsed, 2.2s avg, 2.5e+02s total. Expected time remaining: 2e+02s
2020-05-03 14:05:30,065 - root - INFO - #112 mean, min log_loss: 9.2, 0.58
2020-05-03 14:05:33,218 - root - INFO - Completed generation 113; 3.2s elapsed, 2.3s avg, 2.5e+02s total. Expected time remaining: 2e+02s
2020-05-03 14:05:33,329 - root - INFO - #113 mean, min log_loss: 1e+01, 0.58
2020-05-03 14:05:35,209 - root - INFO - Completed generation 114; 1.9s elapsed, 2.2s avg, 2.6e+02s total. Expected time remaining: 1.9e+02s
2020-05-03 14:05:35,322 - root - INFO - #114 mean, min log_loss: 1.4e+01, 0.57
2020-05-03 14:05:38,100 - root - INFO - Completed generation 115; 2.8s elapsed, 2.3s avg, 2.6e+02s total. Expected time remaining: 1.9e+02s
2020-05-03 14:05:38,172 - root - INFO - #115 mean, min log_loss: 1.1e+01, 0.57
2020-05-03 14:05:40,284 - root - INFO - Completed generation 116; 2.1s elapsed, 2.3s avg, 2.6e+02s total. Expected time remaining: 1.9e+02s
2020-05-03 14:05:40,364 - root - INFO - #116 mean, min log_loss: 1.5e+01, 0.57
2020-05-03 14:05:42,416 - root - INFO - Completed generation 117; 2.1s elapsed, 2.3s avg, 2.6e+02s total. Expected time remaining: 1.9e+02s
2020-05-03 14:05:42,485 - root - INFO - #117 mean, min log_loss: 1.4e+01, 0.57
2020-05-03 14:05:44,681 - root - INFO - Completed generation 118; 2.2s elapsed, 2.3s avg, 2.7e+02s total. Expected time remaining: 1.8e+02s
2020-05-03 14:05:44,788 - root - INFO - #118 mean, min log_loss: 9.9, 0.57
2020-05-03 14:05:47,418 - root - INFO - Completed generation 119; 2.6s elapsed, 2.3s avg, 2.7e+02s total. Expected time remaining: 1.8e+02s
2020-05-03 14:05:47,489 - root - INFO - #119 mean, min log_loss: 1.8e+01, 0.57
2020-05-03 14:05:49,320 - root - INFO - Completed generation 120; 1.8s elapsed, 2.3s avg, 2.7e+02s total. Expected time remaining: 1.8e+02s
2020-05-03 14:05:49,386 - root - INFO - #120 mean, min log_loss: 1.9e+01, 0.57
2020-05-03 14:05:51,452 - root - INFO - Completed generation 121; 2.0s elapsed, 2.2s avg, 2.7e+02s total. Expected time remaining: 1.8e+02s
2020-05-03 14:05:51,560 - root - INFO - #121 mean, min log_loss: 1.8e+01, 0.57
2020-05-03 14:05:53,304 - root - INFO - Completed generation 122; 1.7s elapsed, 2.2s avg, 2.7e+02s total. Expected time remaining: 1.8e+02s
2020-05-03 14:05:53,373 - root - INFO - #122 mean, min log_loss: 1.5e+01, 0.57
2020-05-03 14:05:54,799 - root - INFO - Completed generation 123; 1.4s elapsed, 2.2s avg, 2.8e+02s total. Expected time remaining: 1.7e+02s
2020-05-03 14:05:54,866 - root - INFO - #123 mean, min log_loss: 7.8, 0.57
2020-05-03 14:05:56,440 - root - INFO - Completed generation 124; 1.6s elapsed, 2.2s avg, 2.8e+02s total. Expected time remaining: 1.7e+02s
2020-05-03 14:05:56,553 - root - INFO - #124 mean, min log_loss: 9.9, 0.57
2020-05-03 14:05:58,321 - root - INFO - Completed generation 125; 1.8s elapsed, 2.2s avg, 2.8e+02s total. Expected time remaining: 1.7e+02s
2020-05-03 14:05:58,389 - root - INFO - #125 mean, min log_loss: 1.4e+01, 0.57
2020-05-03 14:06:00,024 - root - INFO - Completed generation 126; 1.6s elapsed, 2.2s avg, 2.8e+02s total. Expected time remaining: 1.6e+02s
2020-05-03 14:06:00,093 - root - INFO - #126 mean, min log_loss: 1.5e+01, 0.57
2020-05-03 14:06:01,316 - root - INFO - Completed generation 127; 1.2s elapsed, 2.2s avg, 2.8e+02s total. Expected time remaining: 1.6e+02s
2020-05-03 14:06:01,383 - root - INFO - #127 mean, min log_loss: 1.4e+01, 0.57
2020-05-03 14:06:03,015 - root - INFO - Completed generation 128; 1.6s elapsed, 2.2s avg, 2.8e+02s total. Expected time remaining: 1.6e+02s
2020-05-03 14:06:03,082 - root - INFO - #128 mean, min log_loss: 1.6e+01, 0.57
2020-05-03 14:06:05,089 - root - INFO - Completed generation 129; 2.0s elapsed, 2.2s avg, 2.9e+02s total. Expected time remaining: 1.6e+02s
2020-05-03 14:06:05,156 - root - INFO - #129 mean, min log_loss: 9.3, 0.57
2020-05-03 14:06:06,746 - root - INFO - Completed generation 130; 1.6s elapsed, 2.2s avg, 2.9e+02s total. Expected time remaining: 1.5e+02s
2020-05-03 14:06:06,844 - root - INFO - #130 mean, min log_loss: 1.5e+01, 0.57
2020-05-03 14:06:08,767 - root - INFO - Completed generation 131; 1.8s elapsed, 2.2s avg, 2.9e+02s total. Expected time remaining: 1.5e+02s
2020-05-03 14:06:08,862 - root - INFO - #131 mean, min log_loss: 1.9e+01, 0.57
2020-05-03 14:06:10,787 - root - INFO - Completed generation 132; 1.9s elapsed, 2.2s avg, 2.9e+02s total. Expected time remaining: 1.5e+02s
2020-05-03 14:06:10,857 - root - INFO - #132 mean, min log_loss: 2.3e+01, 0.57
2020-05-03 14:06:12,614 - root - INFO - Completed generation 133; 1.8s elapsed, 2.2s avg, 2.9e+02s total. Expected time remaining: 1.5e+02s
2020-05-03 14:06:12,684 - root - INFO - #133 mean, min log_loss: 1.5e+01, 0.57
2020-05-03 14:06:14,358 - root - INFO - Completed generation 134; 1.7s elapsed, 2.2s avg, 2.9e+02s total. Expected time remaining: 1.4e+02s
2020-05-03 14:06:14,427 - root - INFO - #134 mean, min log_loss: 8.3, 0.57
2020-05-03 14:06:16,147 - root - INFO - Completed generation 135; 1.7s elapsed, 2.2s avg, 3e+02s total. Expected time remaining: 1.4e+02s
2020-05-03 14:06:16,219 - root - INFO - #135 mean, min log_loss: 1.4e+01, 0.57
2020-05-03 14:06:17,709 - root - INFO - Completed generation 136; 1.5s elapsed, 2.2s avg, 3e+02s total. Expected time remaining: 1.4e+02s
2020-05-03 14:06:17,787 - root - INFO - #136 mean, min log_loss: 1e+01, 0.57
2020-05-03 14:06:19,975 - root - INFO - Completed generation 137; 2.2s elapsed, 2.2s avg, 3e+02s total. Expected time remaining: 1.4e+02s
2020-05-03 14:06:20,043 - root - INFO - #137 mean, min log_loss: 1.3e+01, 0.57
2020-05-03 14:06:22,091 - root - INFO - Completed generation 138; 2.0s elapsed, 2.2s avg, 3e+02s total. Expected time remaining: 1.4e+02s
2020-05-03 14:06:22,160 - root - INFO - #138 mean, min log_loss: 1e+01, 0.57
2020-05-03 14:06:24,159 - root - INFO - Completed generation 139; 2.0s elapsed, 2.2s avg, 3e+02s total. Expected time remaining: 1.3e+02s
2020-05-03 14:06:24,264 - root - INFO - #139 mean, min log_loss: 1.4e+01, 0.57
2020-05-03 14:06:26,586 - root - INFO - Completed generation 140; 2.3s elapsed, 2.2s avg, 3.1e+02s total. Expected time remaining: 1.3e+02s
2020-05-03 14:06:26,696 - root - INFO - #140 mean, min log_loss: 8.6, 0.57
2020-05-03 14:06:28,942 - root - INFO - Completed generation 141; 2.1s elapsed, 2.2s avg, 3.1e+02s total. Expected time remaining: 1.3e+02s
2020-05-03 14:06:29,025 - root - INFO - #141 mean, min log_loss: 8.3, 0.57
2020-05-03 14:06:31,236 - root - INFO - Completed generation 142; 2.2s elapsed, 2.2s avg, 3.1e+02s total. Expected time remaining: 1.3e+02s
2020-05-03 14:06:31,304 - root - INFO - #142 mean, min log_loss: 1.7e+01, 0.57
2020-05-03 14:06:33,243 - root - INFO - Completed generation 143; 1.9s elapsed, 2.2s avg, 3.1e+02s total. Expected time remaining: 1.2e+02s
2020-05-03 14:06:33,313 - root - INFO - #143 mean, min log_loss: 1.5e+01, 0.57
2020-05-03 14:06:35,089 - root - INFO - Completed generation 144; 1.8s elapsed, 2.2s avg, 3.1e+02s total. Expected time remaining: 1.2e+02s
2020-05-03 14:06:35,157 - root - INFO - #144 mean, min log_loss: 1.4e+01, 0.57
2020-05-03 14:06:37,408 - root - INFO - Completed generation 145; 2.3s elapsed, 2.2s avg, 3.2e+02s total. Expected time remaining: 1.2e+02s
2020-05-03 14:06:37,480 - root - INFO - #145 mean, min log_loss: 1e+01, 0.57
2020-05-03 14:06:39,215 - root - INFO - Completed generation 146; 1.7s elapsed, 2.2s avg, 3.2e+02s total. Expected time remaining: 1.2e+02s
2020-05-03 14:06:39,305 - root - INFO - #146 mean, min log_loss: 2.3e+01, 0.57
2020-05-03 14:06:41,886 - root - INFO - Completed generation 147; 2.6s elapsed, 2.2s avg, 3.2e+02s total. Expected time remaining: 1.2e+02s
2020-05-03 14:06:41,996 - root - INFO - #147 mean, min log_loss: 1.3e+01, 0.57
2020-05-03 14:06:44,253 - root - INFO - Completed generation 148; 2.3s elapsed, 2.2s avg, 3.2e+02s total. Expected time remaining: 1.1e+02s
2020-05-03 14:06:44,355 - root - INFO - #148 mean, min log_loss: 1.7e+01, 0.57
2020-05-03 14:06:46,062 - root - INFO - Completed generation 149; 1.7s elapsed, 2.2s avg, 3.2e+02s total. Expected time remaining: 1.1e+02s
2020-05-03 14:06:46,133 - root - INFO - #149 mean, min log_loss: 1.4e+01, 0.57
2020-05-03 14:06:47,864 - root - INFO - Completed generation 150; 1.7s elapsed, 2.2s avg, 3.3e+02s total. Expected time remaining: 1.1e+02s
2020-05-03 14:06:47,976 - root - INFO - #150 mean, min log_loss: 1.8e+01, 0.57
2020-05-03 14:06:50,716 - root - INFO - Completed generation 151; 2.6s elapsed, 2.2s avg, 3.3e+02s total. Expected time remaining: 1.1e+02s
2020-05-03 14:06:50,826 - root - INFO - #151 mean, min log_loss: 1.9e+01, 0.57
2020-05-03 14:06:53,630 - root - INFO - Completed generation 152; 2.8s elapsed, 2.2s avg, 3.3e+02s total. Expected time remaining: 1e+02s
2020-05-03 14:06:53,739 - root - INFO - #152 mean, min log_loss: 1.3e+01, 0.57
2020-05-03 14:06:55,918 - root - INFO - Completed generation 153; 2.2s elapsed, 2.2s avg, 3.3e+02s total. Expected time remaining: 1e+02s
2020-05-03 14:06:55,989 - root - INFO - #153 mean, min log_loss: 9.9, 0.57
2020-05-03 14:06:58,041 - root - INFO - Completed generation 154; 2.1s elapsed, 2.2s avg, 3.4e+02s total. Expected time remaining: 1e+02s
2020-05-03 14:06:58,153 - root - INFO - #154 mean, min log_loss: 1.1e+01, 0.57
2020-05-03 14:07:00,008 - root - INFO - Completed generation 155; 1.9s elapsed, 2.2s avg, 3.4e+02s total. Expected time remaining: 9.8e+01s
2020-05-03 14:07:00,122 - root - INFO - #155 mean, min log_loss: 5.9, 0.57
2020-05-03 14:07:01,908 - root - INFO - Completed generation 156; 1.8s elapsed, 2.2s avg, 3.4e+02s total. Expected time remaining: 9.6e+01s
2020-05-03 14:07:01,979 - root - INFO - #156 mean, min log_loss: 1.2e+01, 0.57
2020-05-03 14:07:03,777 - root - INFO - Completed generation 157; 1.8s elapsed, 2.2s avg, 3.4e+02s total. Expected time remaining: 9.3e+01s
2020-05-03 14:07:03,845 - root - INFO - #157 mean, min log_loss: 1.6e+01, 0.57
2020-05-03 14:07:05,906 - root - INFO - Completed generation 158; 2.1s elapsed, 2.2s avg, 3.4e+02s total. Expected time remaining: 9.1e+01s
2020-05-03 14:07:06,018 - root - INFO - #158 mean, min log_loss: 1.7e+01, 0.57
2020-05-03 14:07:08,687 - root - INFO - Completed generation 159; 2.7s elapsed, 2.2s avg, 3.5e+02s total. Expected time remaining: 8.9e+01s
2020-05-03 14:07:08,756 - root - INFO - #159 mean, min log_loss: 1.4e+01, 0.56
2020-05-03 14:07:10,607 - root - INFO - Completed generation 160; 1.9s elapsed, 2.2s avg, 3.5e+02s total. Expected time remaining: 8.7e+01s
2020-05-03 14:07:10,674 - root - INFO - #160 mean, min log_loss: 1.9e+01, 0.57
2020-05-03 14:07:13,115 - root - INFO - Completed generation 161; 2.4s elapsed, 2.2s avg, 3.5e+02s total. Expected time remaining: 8.5e+01s
2020-05-03 14:07:13,186 - root - INFO - #161 mean, min log_loss: 1.9e+01, 0.57
2020-05-03 14:07:15,273 - root - INFO - Completed generation 162; 2.1s elapsed, 2.2s avg, 3.5e+02s total. Expected time remaining: 8.3e+01s
2020-05-03 14:07:15,384 - root - INFO - #162 mean, min log_loss: 1.9e+01, 0.57
2020-05-03 14:07:17,263 - root - INFO - Completed generation 163; 1.9s elapsed, 2.2s avg, 3.5e+02s total. Expected time remaining: 8e+01s
2020-05-03 14:07:17,334 - root - INFO - #163 mean, min log_loss: 1.7e+01, 0.57
2020-05-03 14:07:19,265 - root - INFO - Completed generation 164; 1.9s elapsed, 2.2s avg, 3.6e+02s total. Expected time remaining: 7.8e+01s
2020-05-03 14:07:19,333 - root - INFO - #164 mean, min log_loss: 1.9e+01, 0.57
2020-05-03 14:07:22,287 - root - INFO - Completed generation 165; 3.0s elapsed, 2.2s avg, 3.6e+02s total. Expected time remaining: 7.6e+01s
2020-05-03 14:07:22,397 - root - INFO - #165 mean, min log_loss: 1.1e+01, 0.57
2020-05-03 14:07:24,910 - root - INFO - Completed generation 166; 2.5s elapsed, 2.2s avg, 3.6e+02s total. Expected time remaining: 7.4e+01s
2020-05-03 14:07:24,980 - root - INFO - #166 mean, min log_loss: 1.4e+01, 0.57
2020-05-03 14:07:27,536 - root - INFO - Completed generation 167; 2.6s elapsed, 2.2s avg, 3.6e+02s total. Expected time remaining: 7.2e+01s
2020-05-03 14:07:27,649 - root - INFO - #167 mean, min log_loss: 1.2e+01, 0.57
2020-05-03 14:07:29,380 - root - INFO - Completed generation 168; 1.7s elapsed, 2.2s avg, 3.7e+02s total. Expected time remaining: 7e+01s
2020-05-03 14:07:29,451 - root - INFO - #168 mean, min log_loss: 1.3e+01, 0.57
2020-05-03 14:07:31,613 - root - INFO - Completed generation 169; 2.2s elapsed, 2.2s avg, 3.7e+02s total. Expected time remaining: 6.7e+01s
2020-05-03 14:07:31,700 - root - INFO - #169 mean, min log_loss: 1.3e+01, 0.56
2020-05-03 14:07:33,653 - root - INFO - Completed generation 170; 2.0s elapsed, 2.2s avg, 3.7e+02s total. Expected time remaining: 6.5e+01s
2020-05-03 14:07:33,725 - root - INFO - #170 mean, min log_loss: 1.6e+01, 0.56
2020-05-03 14:07:37,104 - root - INFO - Completed generation 171; 3.3s elapsed, 2.2s avg, 3.7e+02s total. Expected time remaining: 6.3e+01s
2020-05-03 14:07:37,214 - root - INFO - #171 mean, min log_loss: 1.7e+01, 0.55
2020-05-03 14:07:39,801 - root - INFO - Completed generation 172; 2.6s elapsed, 2.2s avg, 3.8e+02s total. Expected time remaining: 6.1e+01s
2020-05-03 14:07:39,909 - root - INFO - #172 mean, min log_loss: 1.6e+01, 0.55
2020-05-03 14:07:41,961 - root - INFO - Completed generation 173; 2.1s elapsed, 2.2s avg, 3.8e+02s total. Expected time remaining: 5.9e+01s
2020-05-03 14:07:42,032 - root - INFO - #173 mean, min log_loss: 1.6e+01, 0.55
2020-05-03 14:07:44,064 - root - INFO - Completed generation 174; 2.0s elapsed, 2.2s avg, 3.8e+02s total. Expected time remaining: 5.7e+01s
2020-05-03 14:07:44,133 - root - INFO - #174 mean, min log_loss: 1.6e+01, 0.55
2020-05-03 14:07:46,152 - root - INFO - Completed generation 175; 2.0s elapsed, 2.2s avg, 3.8e+02s total. Expected time remaining: 5.5e+01s
2020-05-03 14:07:46,263 - root - INFO - #175 mean, min log_loss: 1.4e+01, 0.55
2020-05-03 14:07:48,770 - root - INFO - Completed generation 176; 2.5s elapsed, 2.2s avg, 3.8e+02s total. Expected time remaining: 5.2e+01s
2020-05-03 14:07:48,837 - root - INFO - #176 mean, min log_loss: 1.8e+01, 0.55
2020-05-03 14:07:50,790 - root - INFO - Completed generation 177; 2.0s elapsed, 2.2s avg, 3.9e+02s total. Expected time remaining: 5e+01s
2020-05-03 14:07:50,858 - root - INFO - #177 mean, min log_loss: 1.4e+01, 0.55
2020-05-03 14:07:52,829 - root - INFO - Completed generation 178; 2.0s elapsed, 2.2s avg, 3.9e+02s total. Expected time remaining: 4.8e+01s
2020-05-03 14:07:52,896 - root - INFO - #178 mean, min log_loss: 1.9e+01, 0.55
2020-05-03 14:07:55,352 - root - INFO - Completed generation 179; 2.5s elapsed, 2.2s avg, 3.9e+02s total. Expected time remaining: 4.6e+01s
2020-05-03 14:07:55,436 - root - INFO - #179 mean, min log_loss: 1.5e+01, 0.54
2020-05-03 14:07:57,066 - root - INFO - Completed generation 180; 1.6s elapsed, 2.2s avg, 3.9e+02s total. Expected time remaining: 4.4e+01s
2020-05-03 14:07:57,138 - root - INFO - #180 mean, min log_loss: 1.3e+01, 0.54
2020-05-03 14:07:59,633 - root - INFO - Completed generation 181; 2.4s elapsed, 2.2s avg, 3.9e+02s total. Expected time remaining: 4.1e+01s
2020-05-03 14:07:59,726 - root - INFO - #181 mean, min log_loss: 1.2e+01, 0.53
2020-05-03 14:08:01,572 - root - INFO - Completed generation 182; 1.8s elapsed, 2.2s avg, 4e+02s total. Expected time remaining: 3.9e+01s
2020-05-03 14:08:01,643 - root - INFO - #182 mean, min log_loss: 1.5e+01, 0.53
2020-05-03 14:08:03,569 - root - INFO - Completed generation 183; 1.9s elapsed, 2.2s avg, 4e+02s total. Expected time remaining: 3.7e+01s
2020-05-03 14:08:03,639 - root - INFO - #183 mean, min log_loss: 1.5e+01, 0.53
2020-05-03 14:08:06,659 - root - INFO - Completed generation 184; 3.0s elapsed, 2.2s avg, 4e+02s total. Expected time remaining: 3.5e+01s
2020-05-03 14:08:06,773 - root - INFO - #184 mean, min log_loss: 1.5e+01, 0.53
2020-05-03 14:08:09,297 - root - INFO - Completed generation 185; 2.5s elapsed, 2.2s avg, 4e+02s total. Expected time remaining: 3.3e+01s
2020-05-03 14:08:09,367 - root - INFO - #185 mean, min log_loss: 7.6, 0.51
2020-05-03 14:08:11,861 - root - INFO - Completed generation 186; 2.5s elapsed, 2.2s avg, 4.1e+02s total. Expected time remaining: 3.1e+01s
2020-05-03 14:08:11,973 - root - INFO - #186 mean, min log_loss: 1.3e+01, 0.51
2020-05-03 14:08:14,058 - root - INFO - Completed generation 187; 2.1s elapsed, 2.2s avg, 4.1e+02s total. Expected time remaining: 2.8e+01s
2020-05-03 14:08:14,157 - root - INFO - #187 mean, min log_loss: 9.5, 0.51
2020-05-03 14:08:16,416 - root - INFO - Completed generation 188; 2.3s elapsed, 2.2s avg, 4.1e+02s total. Expected time remaining: 2.6e+01s
2020-05-03 14:08:16,483 - root - INFO - #188 mean, min log_loss: 1.8e+01, 0.5
2020-05-03 14:08:18,915 - root - INFO - Completed generation 189; 2.4s elapsed, 2.2s avg, 4.1e+02s total. Expected time remaining: 2.4e+01s
2020-05-03 14:08:19,028 - root - INFO - #189 mean, min log_loss: 1.1e+01, 0.5
2020-05-03 14:08:21,465 - root - INFO - Completed generation 190; 2.4s elapsed, 2.2s avg, 4.2e+02s total. Expected time remaining: 2.2e+01s
2020-05-03 14:08:21,535 - root - INFO - #190 mean, min log_loss: 1.6e+01, 0.5
2020-05-03 14:08:24,050 - root - INFO - Completed generation 191; 2.4s elapsed, 2.2s avg, 4.2e+02s total. Expected time remaining: 2e+01s
2020-05-03 14:08:24,118 - root - INFO - #191 mean, min log_loss: 1.4e+01, 0.5
2020-05-03 14:08:26,422 - root - INFO - Completed generation 192; 2.3s elapsed, 2.2s avg, 4.2e+02s total. Expected time remaining: 1.8e+01s
2020-05-03 14:08:26,497 - root - INFO - #192 mean, min log_loss: 1.1e+01, 0.5
2020-05-03 14:08:28,578 - root - INFO - Completed generation 193; 2.1s elapsed, 2.2s avg, 4.2e+02s total. Expected time remaining: 1.5e+01s
2020-05-03 14:08:28,648 - root - INFO - #193 mean, min log_loss: 1.3e+01, 0.5
2020-05-03 14:08:30,681 - root - INFO - Completed generation 194; 2.0s elapsed, 2.2s avg, 4.2e+02s total. Expected time remaining: 1.3e+01s
2020-05-03 14:08:30,749 - root - INFO - #194 mean, min log_loss: 1.2e+01, 0.5
2020-05-03 14:08:32,521 - root - INFO - Completed generation 195; 1.8s elapsed, 2.2s avg, 4.3e+02s total. Expected time remaining: 1.1e+01s
2020-05-03 14:08:32,589 - root - INFO - #195 mean, min log_loss: 1.4e+01, 0.5
2020-05-03 14:08:34,593 - root - INFO - Completed generation 196; 2.0s elapsed, 2.2s avg, 4.3e+02s total. Expected time remaining: 8.7s
2020-05-03 14:08:34,661 - root - INFO - #196 mean, min log_loss: 9.9, 0.5
2020-05-03 14:08:37,156 - root - INFO - Completed generation 197; 2.5s elapsed, 2.2s avg, 4.3e+02s total. Expected time remaining: 6.6s
2020-05-03 14:08:37,267 - root - INFO - #197 mean, min log_loss: 1.6e+01, 0.5
2020-05-03 14:08:39,421 - root - INFO - Completed generation 198; 2.2s elapsed, 2.2s avg, 4.3e+02s total. Expected time remaining: 4.4s
2020-05-03 14:08:39,533 - root - INFO - #198 mean, min log_loss: 1.4e+01, 0.5
2020-05-03 14:08:41,948 - root - INFO - Completed generation 199; 2.4s elapsed, 2.2s avg, 4.4e+02s total. Expected time remaining: 2.2s
2020-05-03 14:08:42,053 - root - INFO - #199 mean, min log_loss: 1.8e+01, 0.5
2020-05-03 14:08:44,554 - root - INFO - Completed generation 200; 2.5s elapsed, 2.2s avg, 4.4e+02s total. Expected time remaining: 0.0s
2020-05-03 14:08:44,622 - root - INFO - #200 mean, min log_loss: 1.4e+01, 0.5
2020-05-03 14:08:44,862 - root - INFO - Evaluating indivs in hall of fame.
2020-05-03 14:08:46,867 - root - INFO - Completed excution.
