2020-07-29 23:58:31,599 - root - INFO - Package version 0.1.1
2020-07-29 23:58:31,599 - root - INFO - Saving data at /vol/fob-vol1/mi15/plonerma/Lab/rewann/data/2020-07-29_Iris [2, 4, 5, 8]; lognormal 0,0.5; signed: False_000.
2020-07-29 23:58:31,600 - root - DEBUG - Loading training dataset
2020-07-29 23:58:31,668 - root - DEBUG - Loaded 150 samples.
2020-07-29 23:58:31,669 - root - DEBUG - Running experiments with the following parameters:
debug = true
experiment_name = "Iris [2, 4, 5, 8]; lognormal 0,0.5; signed: False"
experiment_path = "data/2020-07-29_Iris [2, 4, 5, 8]; lognormal 0,0.5; signed: False_000"

[config]
num_workers = 1
debug = true
backend = "numpy"

[postopt]
run_postopt = true
compile_report = false
num_weights = 100
num_samples = -1

[sampling]
seed = 0
post_init_seed = false
distribution = "lognormal"
lower_bound = -2
upper_bound = 2
mean = 0
sigma = 0.5
num_weights_per_iteration = 5
num_samples_per_iteration = -1
hof_evaluation_iterations = 20

[task]
name = "iris"
sample_order_seed = 0
test_portion = 0.2
sample_length = 10
num_categories = 8

[storage]
data_base_path = "data"
log_filename = "execution.log"
commit_elite_freq = -1
commit_metrics_freq = 10

[population]
num_generations = 200
size = 100
initial_enabled_edge_prob = 0.05
initial_genes = "full"
hof_size = 10
enable_edge_signs = false
enabled_activation_funcs = [ 2, 4, 5, 8,]

[selection]
use_tournaments = true
elite_ratio = 0.1
culling_ratio = 0.2
tournament_size = 5
objectives = [ "-log_loss.min", "-log_loss.mean", "-n_hidden",]
recorded_metrics = [ "accuracy", "kappa", "log_loss",]
hof_metric = "accuracy.mean"

[mutation.new_edge]
probability = 0.2
strategy = "layer_agnostic"
propability = 0.2

[mutation.new_node]
probability = 0.25
propability = 0.3

[mutation.reenable_edge]
probability = 0.05
propability = 0.1

[mutation.change_activation]
probability = 0.5
propability = 0.4

[mutation.change_edge_sign]
probability = 0.2

[mutation.new_recurrent_edge]
probability = 0.2
strategy = "any"

2020-07-29 23:58:31,677 - root - INFO - Starting evolutionary algorithm
2020-07-29 23:58:31,694 - root - DEBUG - Sampled weight [1.8417063  0.90808171 0.98347836 0.46514702 1.10887419]
2020-07-29 23:58:32,820 - root - DEBUG - Updating hall of fame
2020-07-29 23:58:34,870 - root - INFO - Completed generation 1; 3.2s elapsed, 3.2s avg, 3.2s total. Expected time remaining: 6.4e+02s
2020-07-29 23:58:34,927 - root - INFO - #1 MAX:accuracy.mean: 0.67
2020-07-29 23:58:34,972 - root - DEBUG - Sampled weight [1.12752895 1.05135489 0.78852785 1.8898111  0.42824251]
2020-07-29 23:58:36,107 - root - DEBUG - Updating hall of fame
2020-07-29 23:58:38,083 - root - INFO - Completed generation 2; 3.2s elapsed, 3.2s avg, 6.3s total. Expected time remaining: 6.3e+02s
2020-07-29 23:58:38,138 - root - INFO - #2 MAX:accuracy.mean: 0.67
2020-07-29 23:58:38,183 - root - DEBUG - Sampled weight [1.57032468 0.61851436 1.37171216 1.21103541 1.30513313]
2020-07-29 23:58:39,318 - root - DEBUG - Updating hall of fame
2020-07-29 23:58:41,295 - root - INFO - Completed generation 3; 3.2s elapsed, 3.2s avg, 9.5s total. Expected time remaining: 6.2e+02s
2020-07-29 23:58:41,351 - root - INFO - #3 MAX:accuracy.mean: 0.67
2020-07-29 23:58:41,396 - root - DEBUG - Sampled weight [1.068038   0.96176022 0.69898913 1.72046518 0.95370557]
2020-07-29 23:58:42,530 - root - DEBUG - Updating hall of fame
2020-07-29 23:58:44,154 - root - INFO - Completed generation 4; 2.8s elapsed, 3.1s avg, 1.2e+01s total. Expected time remaining: 6e+02s
2020-07-29 23:58:44,208 - root - INFO - #4 MAX:accuracy.mean: 0.67
2020-07-29 23:58:44,252 - root - DEBUG - Sampled weight [0.89741956 1.02443954 0.5548128  1.30610315 0.79805817]
2020-07-29 23:58:45,387 - root - DEBUG - Updating hall of fame
2020-07-29 23:58:46,991 - root - INFO - Completed generation 5; 2.8s elapsed, 3.0s avg, 1.5e+01s total. Expected time remaining: 5.9e+02s
2020-07-29 23:58:47,046 - root - INFO - #5 MAX:accuracy.mean: 0.67
2020-07-29 23:58:47,091 - root - DEBUG - Sampled weight [0.98941492 0.29550596 0.92048436 1.5859404  0.66848283]
2020-07-29 23:58:48,224 - root - DEBUG - Updating hall of fame
2020-07-29 23:58:49,988 - root - INFO - Completed generation 6; 2.9s elapsed, 3.0s avg, 1.8e+01s total. Expected time remaining: 5.8e+02s
2020-07-29 23:58:50,043 - root - INFO - #6 MAX:accuracy.mean: 0.67
2020-07-29 23:58:50,088 - root - DEBUG - Sampled weight [1.1369676  0.55059686 1.74157738 1.07352817 1.24842711]
2020-07-29 23:58:51,229 - root - DEBUG - Updating hall of fame
2020-07-29 23:58:53,216 - root - INFO - Completed generation 7; 3.2s elapsed, 3.0s avg, 2.1e+01s total. Expected time remaining: 5.8e+02s
2020-07-29 23:58:53,271 - root - INFO - #7 MAX:accuracy.mean: 0.71
2020-07-29 23:58:53,316 - root - DEBUG - Sampled weight [2.29546637 0.91248866 1.61284528 2.54482894 0.7262892 ]
2020-07-29 23:58:54,463 - root - DEBUG - Updating hall of fame
2020-07-29 23:58:56,452 - root - INFO - Completed generation 8; 3.2s elapsed, 3.0s avg, 2.4e+01s total. Expected time remaining: 5.9e+02s
2020-07-29 23:58:56,508 - root - INFO - #8 MAX:accuracy.mean: 0.66
2020-07-29 23:58:56,552 - root - DEBUG - Sampled weight [0.81591074 0.7943467  2.15207669 0.97702467 1.19762727]
2020-07-29 23:58:57,695 - root - DEBUG - Updating hall of fame
2020-07-29 23:58:59,461 - root - INFO - Completed generation 9; 3.0s elapsed, 3.0s avg, 2.7e+01s total. Expected time remaining: 5.8e+02s
2020-07-29 23:58:59,516 - root - INFO - #9 MAX:accuracy.mean: 0.66
2020-07-29 23:58:59,560 - root - DEBUG - Sampled weight [1.77623314 1.83778895 0.77899521 0.77573622 0.64590791]
2020-07-29 23:59:00,704 - root - DEBUG - Updating hall of fame
2020-07-29 23:59:00,901 - root - INFO - Completed generation 10; 1.4s elapsed, 2.9s avg, 2.9e+01s total. Expected time remaining: 5.5e+02s
2020-07-29 23:59:00,956 - root - INFO - #10 MAX:accuracy.mean: 0.66
2020-07-29 23:59:01,036 - root - DEBUG - Sampled weight [0.52885596 0.97898683 2.6624929  1.45820258 0.61470105]
2020-07-29 23:59:02,203 - root - DEBUG - Updating hall of fame
2020-07-29 23:59:03,586 - root - INFO - Completed generation 11; 2.6s elapsed, 2.8s avg, 3.1e+01s total. Expected time remaining: 5.4e+02s
2020-07-29 23:59:03,641 - root - INFO - #11 MAX:accuracy.mean: 0.65
2020-07-29 23:59:03,689 - root - DEBUG - Sampled weight [0.90447274 0.71220309 0.93928879 1.57263982 2.7930514 ]
2020-07-29 23:59:04,846 - root - DEBUG - Updating hall of fame
2020-07-29 23:59:05,259 - root - INFO - Completed generation 12; 1.6s elapsed, 2.7s avg, 3.3e+01s total. Expected time remaining: 5.2e+02s
2020-07-29 23:59:05,314 - root - INFO - #12 MAX:accuracy.mean: 0.67
2020-07-29 23:59:05,359 - root - DEBUG - Sampled weight [0.75735473 1.08368018 2.2260137  0.6621329  0.65762717]
2020-07-29 23:59:06,514 - root - DEBUG - Updating hall of fame
2020-07-29 23:59:08,129 - root - INFO - Completed generation 13; 2.8s elapsed, 2.8s avg, 3.6e+01s total. Expected time remaining: 5.1e+02s
2020-07-29 23:59:08,184 - root - INFO - #13 MAX:accuracy.mean: 0.67
2020-07-29 23:59:08,229 - root - DEBUG - Sampled weight [0.77903008 0.80664749 1.83772171 0.91900113 0.58343155]
2020-07-29 23:59:09,377 - root - DEBUG - Updating hall of fame
2020-07-29 23:59:10,008 - root - INFO - Completed generation 14; 1.8s elapsed, 2.7s avg, 3.8e+01s total. Expected time remaining: 5e+02s
2020-07-29 23:59:10,063 - root - INFO - #14 MAX:accuracy.mean: 0.71
2020-07-29 23:59:10,108 - root - DEBUG - Sampled weight [1.02681708 0.99880649 1.71206712 0.93471164 1.83442487]
2020-07-29 23:59:11,251 - root - DEBUG - Updating hall of fame
2020-07-29 23:59:11,866 - root - INFO - Completed generation 15; 1.8s elapsed, 2.6s avg, 3.9e+01s total. Expected time remaining: 4.9e+02s
2020-07-29 23:59:11,921 - root - INFO - #15 MAX:accuracy.mean: 0.69
2020-07-29 23:59:11,966 - root - DEBUG - Sampled weight [1.16474544 1.58092504 1.81296016 0.85473858 0.75126555]
2020-07-29 23:59:13,116 - root - DEBUG - Updating hall of fame
2020-07-29 23:59:14,118 - root - INFO - Completed generation 16; 2.2s elapsed, 2.6s avg, 4.2e+01s total. Expected time remaining: 4.8e+02s
2020-07-29 23:59:14,173 - root - INFO - #16 MAX:accuracy.mean: 0.69
2020-07-29 23:59:14,219 - root - DEBUG - Sampled weight [0.98720107 0.59119553 0.60941358 1.05863862 0.38096679]
2020-07-29 23:59:15,366 - root - DEBUG - Updating hall of fame
2020-07-29 23:59:15,993 - root - INFO - Completed generation 17; 1.8s elapsed, 2.6s avg, 4.3e+01s total. Expected time remaining: 4.7e+02s
2020-07-29 23:59:16,049 - root - INFO - #17 MAX:accuracy.mean: 0.68
2020-07-29 23:59:16,093 - root - DEBUG - Sampled weight [0.8915347  0.49262828 0.43590421 1.51264805 0.92212834]
2020-07-29 23:59:17,243 - root - DEBUG - Updating hall of fame
2020-07-29 23:59:17,870 - root - INFO - Completed generation 18; 1.8s elapsed, 2.5s avg, 4.5e+01s total. Expected time remaining: 4.6e+02s
2020-07-29 23:59:17,925 - root - INFO - #18 MAX:accuracy.mean: 0.7
2020-07-29 23:59:17,970 - root - DEBUG - Sampled weight [1.76801069 0.8665781  0.99021734 0.93163859 1.3781539 ]
2020-07-29 23:59:19,119 - root - DEBUG - Updating hall of fame
2020-07-29 23:59:20,141 - root - INFO - Completed generation 19; 2.2s elapsed, 2.5s avg, 4.7e+01s total. Expected time remaining: 4.5e+02s
2020-07-29 23:59:20,196 - root - INFO - #19 MAX:accuracy.mean: 0.7
2020-07-29 23:59:20,239 - root - DEBUG - Sampled weight [1.46950459 0.49031064 2.9705927  0.60135638 0.84445803]
2020-07-29 23:59:21,398 - root - DEBUG - Updating hall of fame
2020-07-29 23:59:22,830 - root - INFO - Completed generation 20; 2.6s elapsed, 2.5s avg, 5e+01s total. Expected time remaining: 4.5e+02s
2020-07-29 23:59:22,885 - root - INFO - #20 MAX:accuracy.mean: 0.68
2020-07-29 23:59:22,979 - root - DEBUG - Sampled weight [1.31929393 0.748876   0.8649767  0.4807646  0.46999818]
2020-07-29 23:59:24,132 - root - DEBUG - Updating hall of fame
2020-07-29 23:59:24,546 - root - INFO - Completed generation 21; 1.6s elapsed, 2.5s avg, 5.2e+01s total. Expected time remaining: 4.4e+02s
2020-07-29 23:59:24,602 - root - INFO - #21 MAX:accuracy.mean: 0.71
2020-07-29 23:59:24,646 - root - DEBUG - Sampled weight [0.42023557 0.76534566 0.38517871 0.84163817 1.22594488]
2020-07-29 23:59:25,797 - root - DEBUG - Updating hall of fame
2020-07-29 23:59:26,816 - root - INFO - Completed generation 22; 2.2s elapsed, 2.4s avg, 5.4e+01s total. Expected time remaining: 4.4e+02s
2020-07-29 23:59:26,871 - root - INFO - #22 MAX:accuracy.mean: 0.71
2020-07-29 23:59:26,916 - root - DEBUG - Sampled weight [1.07166183 0.89743457 2.04830066 0.55780611 3.12755262]
2020-07-29 23:59:28,071 - root - DEBUG - Updating hall of fame
2020-07-29 23:59:28,890 - root - INFO - Completed generation 23; 2.0s elapsed, 2.4s avg, 5.6e+01s total. Expected time remaining: 4.3e+02s
2020-07-29 23:59:28,945 - root - INFO - #23 MAX:accuracy.mean: 0.68
2020-07-29 23:59:28,991 - root - DEBUG - Sampled weight [1.25810627 0.86444014 0.51394381 1.08805855 0.93007297]
2020-07-29 23:59:30,142 - root - DEBUG - Updating hall of fame
2020-07-29 23:59:31,152 - root - INFO - Completed generation 24; 2.2s elapsed, 2.4s avg, 5.8e+01s total. Expected time remaining: 4.3e+02s
2020-07-29 23:59:31,207 - root - INFO - #24 MAX:accuracy.mean: 0.72
2020-07-29 23:59:31,252 - root - DEBUG - Sampled weight [1.39309636 0.62200228 0.63527131 0.78773663 0.54230149]
2020-07-29 23:59:32,404 - root - DEBUG - Updating hall of fame
2020-07-29 23:59:33,239 - root - INFO - Completed generation 25; 2.0s elapsed, 2.4s avg, 6e+01s total. Expected time remaining: 4.2e+02s
2020-07-29 23:59:33,294 - root - INFO - #25 MAX:accuracy.mean: 0.7
2020-07-29 23:59:33,339 - root - DEBUG - Sampled weight [0.95943174 0.29132142 0.97667314 1.01393826 0.96061517]
2020-07-29 23:59:34,495 - root - DEBUG - Updating hall of fame
2020-07-29 23:59:34,918 - root - INFO - Completed generation 26; 1.6s elapsed, 2.4s avg, 6.2e+01s total. Expected time remaining: 4.1e+02s
2020-07-29 23:59:34,973 - root - INFO - #26 MAX:accuracy.mean: 0.68
2020-07-29 23:59:35,018 - root - DEBUG - Sampled weight [1.01413138 0.84551896 1.30461507 0.47744229 0.60205804]
2020-07-29 23:59:36,171 - root - DEBUG - Updating hall of fame
2020-07-29 23:59:36,793 - root - INFO - Completed generation 27; 1.8s elapsed, 2.4s avg, 6.4e+01s total. Expected time remaining: 4.1e+02s
2020-07-29 23:59:36,848 - root - INFO - #27 MAX:accuracy.mean: 0.69
2020-07-29 23:59:36,893 - root - DEBUG - Sampled weight [1.9935747  1.14536716 0.34329333 0.67639386 1.10883832]
2020-07-29 23:59:38,047 - root - DEBUG - Updating hall of fame
2020-07-29 23:59:38,846 - root - INFO - Completed generation 28; 2.0s elapsed, 2.3s avg, 6.6e+01s total. Expected time remaining: 4e+02s
2020-07-29 23:59:38,901 - root - INFO - #28 MAX:accuracy.mean: 0.67
2020-07-29 23:59:38,947 - root - DEBUG - Sampled weight [0.44926896 1.20062656 0.42333855 2.3879781  0.97594385]
2020-07-29 23:59:40,103 - root - DEBUG - Updating hall of fame
2020-07-29 23:59:40,316 - root - INFO - Completed generation 29; 1.4s elapsed, 2.3s avg, 6.7e+01s total. Expected time remaining: 4e+02s
2020-07-29 23:59:40,371 - root - INFO - #29 MAX:accuracy.mean: 0.67
2020-07-29 23:59:40,416 - root - DEBUG - Sampled weight [1.01718515 0.52492165 1.68687293 1.242518   1.25252238]
2020-07-29 23:59:41,564 - root - DEBUG - Updating hall of fame
2020-07-29 23:59:41,564 - root - INFO - Completed generation 30; 1.2s elapsed, 2.3s avg, 6.8e+01s total. Expected time remaining: 3.9e+02s
2020-07-29 23:59:41,619 - root - INFO - #30 MAX:accuracy.mean: 0.73
2020-07-29 23:59:41,711 - root - DEBUG - Sampled weight [0.56952283 0.72288131 0.4224387  0.60802982 0.71917229]
2020-07-29 23:59:42,870 - root - DEBUG - Updating hall of fame
2020-07-29 23:59:43,664 - root - INFO - Completed generation 31; 2.0s elapsed, 2.3s avg, 7e+01s total. Expected time remaining: 3.8e+02s
2020-07-29 23:59:43,719 - root - INFO - #31 MAX:accuracy.mean: 0.67
2020-07-29 23:59:43,763 - root - DEBUG - Sampled weight [1.21070139 1.87123019 1.43166729 0.47436702 0.84530189]
2020-07-29 23:59:44,921 - root - DEBUG - Updating hall of fame
2020-07-29 23:59:45,133 - root - INFO - Completed generation 32; 1.4s elapsed, 2.2s avg, 7.2e+01s total. Expected time remaining: 3.8e+02s
2020-07-29 23:59:45,189 - root - INFO - #32 MAX:accuracy.mean: 0.69
2020-07-29 23:59:45,233 - root - DEBUG - Sampled weight [2.51295156 1.55121928 1.34127774 0.73900918 2.43771864]
2020-07-29 23:59:46,388 - root - DEBUG - Updating hall of fame
2020-07-29 23:59:47,780 - root - INFO - Completed generation 33; 2.6s elapsed, 2.2s avg, 7.4e+01s total. Expected time remaining: 3.8e+02s
2020-07-29 23:59:47,836 - root - INFO - #33 MAX:accuracy.mean: 0.67
2020-07-29 23:59:47,880 - root - DEBUG - Sampled weight [0.68452594 0.86056326 2.06752489 0.7858438  0.79142725]
2020-07-29 23:59:49,039 - root - DEBUG - Updating hall of fame
2020-07-29 23:59:49,843 - root - INFO - Completed generation 34; 2.0s elapsed, 2.2s avg, 7.6e+01s total. Expected time remaining: 3.7e+02s
2020-07-29 23:59:49,898 - root - INFO - #34 MAX:accuracy.mean: 0.67
2020-07-29 23:59:49,943 - root - DEBUG - Sampled weight [0.31968015 1.23851499 1.61896279 0.83506736 1.03696221]
2020-07-29 23:59:51,095 - root - DEBUG - Updating hall of fame
2020-07-29 23:59:51,302 - root - INFO - Completed generation 35; 1.4s elapsed, 2.2s avg, 7.8e+01s total. Expected time remaining: 3.7e+02s
2020-07-29 23:59:51,358 - root - INFO - #35 MAX:accuracy.mean: 0.71
2020-07-29 23:59:51,403 - root - DEBUG - Sampled weight [1.54830768 0.65009915 2.52405988 1.29266036 0.78998722]
2020-07-29 23:59:52,555 - root - DEBUG - Updating hall of fame
2020-07-29 23:59:53,363 - root - INFO - Completed generation 36; 2.0s elapsed, 2.2s avg, 8e+01s total. Expected time remaining: 3.6e+02s
2020-07-29 23:59:53,418 - root - INFO - #36 MAX:accuracy.mean: 0.67
2020-07-29 23:59:53,462 - root - DEBUG - Sampled weight [1.01625625 0.61273254 3.06258483 1.02284379 0.9802276 ]
2020-07-29 23:59:54,612 - root - DEBUG - Updating hall of fame
2020-07-29 23:59:55,214 - root - INFO - Completed generation 37; 1.8s elapsed, 2.2s avg, 8.1e+01s total. Expected time remaining: 3.6e+02s
2020-07-29 23:59:55,269 - root - INFO - #37 MAX:accuracy.mean: 0.67
2020-07-29 23:59:55,314 - root - DEBUG - Sampled weight [1.07726089 0.72028861 0.64916122 1.09436601 2.35944753]
2020-07-29 23:59:56,463 - root - DEBUG - Updating hall of fame
2020-07-29 23:59:56,673 - root - INFO - Completed generation 38; 1.4s elapsed, 2.2s avg, 8.3e+01s total. Expected time remaining: 3.5e+02s
2020-07-29 23:59:56,728 - root - INFO - #38 MAX:accuracy.mean: 0.66
2020-07-29 23:59:56,773 - root - DEBUG - Sampled weight [1.12434505 1.15818015 1.2297667  1.28113032 0.72549614]
2020-07-29 23:59:57,925 - root - DEBUG - Updating hall of fame
2020-07-29 23:59:58,536 - root - INFO - Completed generation 39; 1.8s elapsed, 2.2s avg, 8.5e+01s total. Expected time remaining: 3.5e+02s
2020-07-29 23:59:58,592 - root - INFO - #39 MAX:accuracy.mean: 0.79
2020-07-29 23:59:58,636 - root - DEBUG - Sampled weight [0.34805075 0.47419605 0.78044835 0.31004012 1.59154   ]
2020-07-29 23:59:59,790 - root - DEBUG - Updating hall of fame
2020-07-30 00:00:01,192 - root - INFO - Completed generation 40; 2.6s elapsed, 2.2s avg, 8.7e+01s total. Expected time remaining: 3.5e+02s
2020-07-30 00:00:01,307 - root - INFO - #40 MAX:accuracy.mean: 0.68
2020-07-30 00:00:01,436 - root - DEBUG - Sampled weight [0.37494525 0.56811688 1.47154911 1.22058174 1.28593785]
2020-07-30 00:00:02,590 - root - DEBUG - Updating hall of fame
2020-07-30 00:00:02,992 - root - INFO - Completed generation 41; 1.6s elapsed, 2.2s avg, 8.9e+01s total. Expected time remaining: 3.4e+02s
2020-07-30 00:00:03,048 - root - INFO - #41 MAX:accuracy.mean: 0.75
2020-07-30 00:00:03,092 - root - DEBUG - Sampled weight [1.24641645 1.45158169 0.75120578 1.18249448 0.65447735]
2020-07-30 00:00:04,221 - root - DEBUG - Updating hall of fame
2020-07-30 00:00:05,217 - root - INFO - Completed generation 42; 2.2s elapsed, 2.2s avg, 9.1e+01s total. Expected time remaining: 3.4e+02s
2020-07-30 00:00:05,272 - root - INFO - #42 MAX:accuracy.mean: 0.74
2020-07-30 00:00:05,316 - root - DEBUG - Sampled weight [2.71951883 1.51102083 1.34441533 1.1012608  1.10729806]
2020-07-30 00:00:06,454 - root - DEBUG - Updating hall of fame
2020-07-30 00:00:07,444 - root - INFO - Completed generation 43; 2.2s elapsed, 2.2s avg, 9.3e+01s total. Expected time remaining: 3.4e+02s
2020-07-30 00:00:07,498 - root - INFO - #43 MAX:accuracy.mean: 0.67
2020-07-30 00:00:07,542 - root - DEBUG - Sampled weight [0.84945756 1.79067017 1.51012094 1.54348976 0.41742624]
2020-07-30 00:00:08,672 - root - DEBUG - Updating hall of fame
2020-07-30 00:00:09,255 - root - INFO - Completed generation 44; 1.8s elapsed, 2.2s avg, 9.5e+01s total. Expected time remaining: 3.4e+02s
2020-07-30 00:00:09,309 - root - INFO - #44 MAX:accuracy.mean: 0.73
2020-07-30 00:00:09,353 - root - DEBUG - Sampled weight [0.43005005 1.74790817 0.885676   0.94491849 0.68084935]
2020-07-30 00:00:10,479 - root - DEBUG - Updating hall of fame
2020-07-30 00:00:11,274 - root - INFO - Completed generation 45; 2.0s elapsed, 2.2s avg, 9.7e+01s total. Expected time remaining: 3.3e+02s
2020-07-30 00:00:11,328 - root - INFO - #45 MAX:accuracy.mean: 0.67
2020-07-30 00:00:11,371 - root - DEBUG - Sampled weight [1.48174641 1.19914063 0.83183408 0.81796359 1.70413459]
2020-07-30 00:00:12,500 - root - DEBUG - Updating hall of fame
2020-07-30 00:00:13,095 - root - INFO - Completed generation 46; 1.8s elapsed, 2.1s avg, 9.9e+01s total. Expected time remaining: 3.3e+02s
2020-07-30 00:00:13,150 - root - INFO - #46 MAX:accuracy.mean: 0.74
2020-07-30 00:00:13,194 - root - DEBUG - Sampled weight [0.71928083 0.98324108 1.25968884 1.05172401 0.52882466]
2020-07-30 00:00:14,323 - root - DEBUG - Updating hall of fame
2020-07-30 00:00:15,503 - root - INFO - Completed generation 47; 2.4s elapsed, 2.1s avg, 1e+02s total. Expected time remaining: 3.3e+02s
2020-07-30 00:00:15,557 - root - INFO - #47 MAX:accuracy.mean: 0.72
2020-07-30 00:00:15,603 - root - DEBUG - Sampled weight [0.97507508 0.68389255 1.38006185 0.4921142  1.50191842]
2020-07-30 00:00:16,742 - root - DEBUG - Updating hall of fame
2020-07-30 00:00:17,353 - root - INFO - Completed generation 48; 1.8s elapsed, 2.1s avg, 1e+02s total. Expected time remaining: 3.3e+02s
2020-07-30 00:00:17,408 - root - INFO - #48 MAX:accuracy.mean: 0.73
2020-07-30 00:00:17,451 - root - DEBUG - Sampled weight [0.74417051 1.86190952 1.71663573 1.29363451 0.40202338]
2020-07-30 00:00:18,586 - root - DEBUG - Updating hall of fame
2020-07-30 00:00:19,602 - root - INFO - Completed generation 49; 2.2s elapsed, 2.1s avg, 1e+02s total. Expected time remaining: 3.2e+02s
2020-07-30 00:00:19,656 - root - INFO - #49 MAX:accuracy.mean: 0.7
2020-07-30 00:00:19,700 - root - DEBUG - Sampled weight [1.03186658 2.64487093 1.88595511 0.62280101 2.18551164]
2020-07-30 00:00:20,834 - root - DEBUG - Updating hall of fame
2020-07-30 00:00:22,034 - root - INFO - Completed generation 50; 2.4s elapsed, 2.1s avg, 1.1e+02s total. Expected time remaining: 3.2e+02s
2020-07-30 00:00:22,088 - root - INFO - #50 MAX:accuracy.mean: 0.67
2020-07-30 00:00:22,182 - root - DEBUG - Sampled weight [1.34487482 0.76362855 2.04032106 0.65410816 0.82782019]
2020-07-30 00:00:23,322 - root - DEBUG - Updating hall of fame
2020-07-30 00:00:24,526 - root - INFO - Completed generation 51; 2.4s elapsed, 2.2s avg, 1.1e+02s total. Expected time remaining: 3.2e+02s
2020-07-30 00:00:24,581 - root - INFO - #51 MAX:accuracy.mean: 0.67
2020-07-30 00:00:24,624 - root - DEBUG - Sampled weight [0.71540659 0.78149041 1.30732382 1.09635928 1.30970054]
2020-07-30 00:00:25,759 - root - DEBUG - Updating hall of fame
2020-07-30 00:00:26,575 - root - INFO - Completed generation 52; 2.0s elapsed, 2.1s avg, 1.1e+02s total. Expected time remaining: 3.2e+02s
2020-07-30 00:00:26,630 - root - INFO - #52 MAX:accuracy.mean: 0.76
2020-07-30 00:00:26,674 - root - DEBUG - Sampled weight [0.63003181 0.94425534 0.70345478 0.67435256 1.14442282]
2020-07-30 00:00:27,806 - root - DEBUG - Updating hall of fame
2020-07-30 00:00:28,797 - root - INFO - Completed generation 53; 2.2s elapsed, 2.1s avg, 1.1e+02s total. Expected time remaining: 3.2e+02s
2020-07-30 00:00:28,852 - root - INFO - #53 MAX:accuracy.mean: 0.7
2020-07-30 00:00:28,896 - root - DEBUG - Sampled weight [1.59912301 1.37257184 1.71806892 1.90446736 0.78351418]
2020-07-30 00:00:30,023 - root - DEBUG - Updating hall of fame
2020-07-30 00:00:30,622 - root - INFO - Completed generation 54; 1.8s elapsed, 2.1s avg, 1.2e+02s total. Expected time remaining: 3.1e+02s
2020-07-30 00:00:30,676 - root - INFO - #54 MAX:accuracy.mean: 0.73
2020-07-30 00:00:30,720 - root - DEBUG - Sampled weight [0.64977281 0.51887507 1.64282383 0.84991365 1.24287582]
2020-07-30 00:00:31,851 - root - DEBUG - Updating hall of fame
2020-07-30 00:00:33,040 - root - INFO - Completed generation 55; 2.4s elapsed, 2.1s avg, 1.2e+02s total. Expected time remaining: 3.1e+02s
2020-07-30 00:00:33,094 - root - INFO - #55 MAX:accuracy.mean: 0.71
2020-07-30 00:00:33,138 - root - DEBUG - Sampled weight [1.10294368 1.12063941 0.5667724  1.03665448 0.68982855]
2020-07-30 00:00:34,266 - root - DEBUG - Updating hall of fame
2020-07-30 00:00:34,864 - root - INFO - Completed generation 56; 1.8s elapsed, 2.1s avg, 1.2e+02s total. Expected time remaining: 3.1e+02s
2020-07-30 00:00:34,918 - root - INFO - #56 MAX:accuracy.mean: 0.68
2020-07-30 00:00:34,962 - root - DEBUG - Sampled weight [1.41421389 0.4395193  1.12097797 0.93596143 1.00212417]
2020-07-30 00:00:36,095 - root - DEBUG - Updating hall of fame
2020-07-30 00:00:36,301 - root - INFO - Completed generation 57; 1.4s elapsed, 2.1s avg, 1.2e+02s total. Expected time remaining: 3e+02s
2020-07-30 00:00:36,356 - root - INFO - #57 MAX:accuracy.mean: 0.69
2020-07-30 00:00:36,400 - root - DEBUG - Sampled weight [1.12356564 1.49313073 1.23940317 0.91023352 0.74330274]
2020-07-30 00:00:37,526 - root - DEBUG - Updating hall of fame
2020-07-30 00:00:38,509 - root - INFO - Completed generation 58; 2.2s elapsed, 2.1s avg, 1.2e+02s total. Expected time remaining: 3e+02s
2020-07-30 00:00:38,564 - root - INFO - #58 MAX:accuracy.mean: 0.71
2020-07-30 00:00:38,608 - root - DEBUG - Sampled weight [1.65013901 1.11028766 1.34507779 1.91902158 1.36161293]
2020-07-30 00:00:39,736 - root - DEBUG - Updating hall of fame
2020-07-30 00:00:41,113 - root - INFO - Completed generation 59; 2.5s elapsed, 2.1s avg, 1.3e+02s total. Expected time remaining: 3e+02s
2020-07-30 00:00:41,168 - root - INFO - #59 MAX:accuracy.mean: 0.72
2020-07-30 00:00:41,212 - root - DEBUG - Sampled weight [0.58062519 0.95645167 0.90522449 1.89195519 0.88637437]
2020-07-30 00:00:42,334 - root - DEBUG - Updating hall of fame
2020-07-30 00:00:43,504 - root - INFO - Completed generation 60; 2.3s elapsed, 2.1s avg, 1.3e+02s total. Expected time remaining: 3e+02s
2020-07-30 00:00:43,559 - root - INFO - #60 MAX:accuracy.mean: 0.68
2020-07-30 00:00:43,668 - root - DEBUG - Sampled weight [1.49431282 0.93302157 1.3179741  0.43262574 1.80201055]
2020-07-30 00:00:44,797 - root - DEBUG - Updating hall of fame
2020-07-30 00:00:45,215 - root - INFO - Completed generation 61; 1.6s elapsed, 2.1s avg, 1.3e+02s total. Expected time remaining: 3e+02s
2020-07-30 00:00:45,269 - root - INFO - #61 MAX:accuracy.mean: 0.72
2020-07-30 00:00:45,313 - root - DEBUG - Sampled weight [0.73920289 3.87384122 1.38398108 1.01558467 1.13014124]
2020-07-30 00:00:46,447 - root - DEBUG - Updating hall of fame
2020-07-30 00:00:47,641 - root - INFO - Completed generation 62; 2.4s elapsed, 2.1s avg, 1.3e+02s total. Expected time remaining: 2.9e+02s
2020-07-30 00:00:47,696 - root - INFO - #62 MAX:accuracy.mean: 0.69
2020-07-30 00:00:47,740 - root - DEBUG - Sampled weight [0.80410993 1.03864424 2.075159   0.80085801 2.48909528]
2020-07-30 00:00:48,871 - root - DEBUG - Updating hall of fame
2020-07-30 00:00:49,669 - root - INFO - Completed generation 63; 2.0s elapsed, 2.1s avg, 1.3e+02s total. Expected time remaining: 2.9e+02s
2020-07-30 00:00:49,724 - root - INFO - #63 MAX:accuracy.mean: 0.68
2020-07-30 00:00:49,768 - root - DEBUG - Sampled weight [1.07539022 0.42589439 1.97766401 1.19658962 1.25025659]
2020-07-30 00:00:50,912 - root - DEBUG - Updating hall of fame
2020-07-30 00:00:52,294 - root - INFO - Completed generation 64; 2.6s elapsed, 2.1s avg, 1.4e+02s total. Expected time remaining: 2.9e+02s
2020-07-30 00:00:52,348 - root - INFO - #64 MAX:accuracy.mean: 0.68
2020-07-30 00:00:52,391 - root - DEBUG - Sampled weight [1.20178254 1.00841578 0.8444727  2.03022871 2.63071477]
2020-07-30 00:00:53,519 - root - DEBUG - Updating hall of fame
2020-07-30 00:00:54,321 - root - INFO - Completed generation 65; 2.0s elapsed, 2.1s avg, 1.4e+02s total. Expected time remaining: 2.9e+02s
2020-07-30 00:00:54,375 - root - INFO - #65 MAX:accuracy.mean: 0.68
2020-07-30 00:00:54,419 - root - DEBUG - Sampled weight [1.15742391 1.3523182  1.53069919 0.85555253 2.12521321]
2020-07-30 00:00:55,546 - root - DEBUG - Updating hall of fame
2020-07-30 00:00:56,538 - root - INFO - Completed generation 66; 2.2s elapsed, 2.1s avg, 1.4e+02s total. Expected time remaining: 2.9e+02s
2020-07-30 00:00:56,592 - root - INFO - #66 MAX:accuracy.mean: 0.68
2020-07-30 00:00:56,636 - root - DEBUG - Sampled weight [2.00884382 1.77474275 0.80551127 0.66956911 1.11559648]
2020-07-30 00:00:57,771 - root - DEBUG - Updating hall of fame
2020-07-30 00:00:59,143 - root - INFO - Completed generation 67; 2.6s elapsed, 2.1s avg, 1.4e+02s total. Expected time remaining: 2.8e+02s
2020-07-30 00:00:59,197 - root - INFO - #67 MAX:accuracy.mean: 0.67
2020-07-30 00:00:59,241 - root - DEBUG - Sampled weight [1.25182571 1.71864575 1.06298547 0.5962156  1.1801796 ]
2020-07-30 00:01:00,378 - root - DEBUG - Updating hall of fame
2020-07-30 00:01:00,778 - root - INFO - Completed generation 68; 1.6s elapsed, 2.1s avg, 1.5e+02s total. Expected time remaining: 2.8e+02s
2020-07-30 00:01:00,832 - root - INFO - #68 MAX:accuracy.mean: 0.72
2020-07-30 00:01:00,876 - root - DEBUG - Sampled weight [2.16407737 0.43461138 1.01529961 1.07614242 1.48479821]
2020-07-30 00:01:02,002 - root - DEBUG - Updating hall of fame
2020-07-30 00:01:03,190 - root - INFO - Completed generation 69; 2.4s elapsed, 2.1s avg, 1.5e+02s total. Expected time remaining: 2.8e+02s
2020-07-30 00:01:03,244 - root - INFO - #69 MAX:accuracy.mean: 0.68
2020-07-30 00:01:03,288 - root - DEBUG - Sampled weight [0.38770638 0.81736113 0.55101005 0.82326982 0.63332594]
2020-07-30 00:01:04,412 - root - DEBUG - Updating hall of fame
2020-07-30 00:01:04,619 - root - INFO - Completed generation 70; 1.4s elapsed, 2.1s avg, 1.5e+02s total. Expected time remaining: 2.8e+02s
2020-07-30 00:01:04,673 - root - INFO - #70 MAX:accuracy.mean: 0.68
2020-07-30 00:01:04,788 - root - DEBUG - Sampled weight [1.2825458  0.92889942 0.43916358 0.85233708 0.80893175]
2020-07-30 00:01:05,915 - root - DEBUG - Updating hall of fame
2020-07-30 00:01:06,119 - root - INFO - Completed generation 71; 1.4s elapsed, 2.1s avg, 1.5e+02s total. Expected time remaining: 2.7e+02s
2020-07-30 00:01:06,173 - root - INFO - #71 MAX:accuracy.mean: 0.7
2020-07-30 00:01:06,218 - root - DEBUG - Sampled weight [0.5914195  0.63748138 0.96019965 1.14435811 1.0401642 ]
2020-07-30 00:01:07,350 - root - DEBUG - Updating hall of fame
2020-07-30 00:01:07,754 - root - INFO - Completed generation 72; 1.6s elapsed, 2.1s avg, 1.5e+02s total. Expected time remaining: 2.7e+02s
2020-07-30 00:01:07,808 - root - INFO - #72 MAX:accuracy.mean: 0.68
2020-07-30 00:01:07,852 - root - DEBUG - Sampled weight [1.03031056 1.41973082 0.94107584 0.54157289 1.61217247]
2020-07-30 00:01:08,983 - root - DEBUG - Updating hall of fame
2020-07-30 00:01:09,190 - root - INFO - Completed generation 73; 1.4s elapsed, 2.1s avg, 1.5e+02s total. Expected time remaining: 2.7e+02s
2020-07-30 00:01:09,245 - root - INFO - #73 MAX:accuracy.mean: 0.73
2020-07-30 00:01:09,288 - root - DEBUG - Sampled weight [1.30150378 1.93114202 0.80031652 1.5576729  1.07269417]
2020-07-30 00:01:10,415 - root - DEBUG - Updating hall of fame
2020-07-30 00:01:11,586 - root - INFO - Completed generation 74; 2.3s elapsed, 2.1s avg, 1.6e+02s total. Expected time remaining: 2.6e+02s
2020-07-30 00:01:11,641 - root - INFO - #74 MAX:accuracy.mean: 0.69
2020-07-30 00:01:11,685 - root - DEBUG - Sampled weight [0.49286661 1.37250133 1.29456483 0.68047561 1.69320344]
2020-07-30 00:01:12,815 - root - DEBUG - Updating hall of fame
2020-07-30 00:01:13,400 - root - INFO - Completed generation 75; 1.8s elapsed, 2.1s avg, 1.6e+02s total. Expected time remaining: 2.6e+02s
2020-07-30 00:01:13,455 - root - INFO - #75 MAX:accuracy.mean: 0.73
2020-07-30 00:01:13,498 - root - DEBUG - Sampled weight [1.2756259  1.1004297  2.09909601 1.0078488  1.38231479]
2020-07-30 00:01:14,618 - root - DEBUG - Updating hall of fame
2020-07-30 00:01:15,201 - root - INFO - Completed generation 76; 1.7s elapsed, 2.1s avg, 1.6e+02s total. Expected time remaining: 2.6e+02s
2020-07-30 00:01:15,255 - root - INFO - #76 MAX:accuracy.mean: 0.68
2020-07-30 00:01:15,299 - root - DEBUG - Sampled weight [1.94763362 0.54377574 0.97321751 2.47362717 1.46026942]
2020-07-30 00:01:16,422 - root - DEBUG - Updating hall of fame
2020-07-30 00:01:17,193 - root - INFO - Completed generation 77; 1.9s elapsed, 2.1s avg, 1.6e+02s total. Expected time remaining: 2.6e+02s
2020-07-30 00:01:17,247 - root - INFO - #77 MAX:accuracy.mean: 0.67
2020-07-30 00:01:17,291 - root - DEBUG - Sampled weight [0.50879806 0.28325867 0.75788902 0.51294828 0.60724135]
2020-07-30 00:01:18,411 - root - DEBUG - Updating hall of fame
2020-07-30 00:01:18,412 - root - INFO - Completed generation 78; 1.2s elapsed, 2.1s avg, 1.6e+02s total. Expected time remaining: 2.5e+02s
2020-07-30 00:01:18,466 - root - INFO - #78 MAX:accuracy.mean: 0.67
2020-07-30 00:01:18,510 - root - DEBUG - Sampled weight [2.45900907 1.91259796 1.66827919 0.56286308 2.31843202]
2020-07-30 00:01:19,631 - root - DEBUG - Updating hall of fame
2020-07-30 00:01:19,824 - root - INFO - Completed generation 79; 1.4s elapsed, 2.1s avg, 1.6e+02s total. Expected time remaining: 2.5e+02s
2020-07-30 00:01:19,879 - root - INFO - #79 MAX:accuracy.mean: 0.67
2020-07-30 00:01:19,923 - root - DEBUG - Sampled weight [1.1473878  0.424812   1.75641989 0.84587211 1.40765744]
2020-07-30 00:01:21,048 - root - DEBUG - Updating hall of fame
2020-07-30 00:01:21,823 - root - INFO - Completed generation 80; 1.9s elapsed, 2.1s avg, 1.7e+02s total. Expected time remaining: 2.5e+02s
2020-07-30 00:01:21,877 - root - INFO - #80 MAX:accuracy.mean: 0.69
2020-07-30 00:01:21,990 - root - DEBUG - Sampled weight [1.46434505 1.38433131 1.85228311 1.20827872 1.60806754]
2020-07-30 00:01:23,118 - root - DEBUG - Updating hall of fame
2020-07-30 00:01:23,707 - root - INFO - Completed generation 81; 1.8s elapsed, 2.1s avg, 1.7e+02s total. Expected time remaining: 2.5e+02s
2020-07-30 00:01:23,762 - root - INFO - #81 MAX:accuracy.mean: 0.84
2020-07-30 00:01:23,806 - root - DEBUG - Sampled weight [0.92470709 0.56557921 1.06224662 1.49874933 0.67857618]
2020-07-30 00:01:24,927 - root - DEBUG - Updating hall of fame
2020-07-30 00:01:26,095 - root - INFO - Completed generation 82; 2.3s elapsed, 2.1s avg, 1.7e+02s total. Expected time remaining: 2.4e+02s
2020-07-30 00:01:26,149 - root - INFO - #82 MAX:accuracy.mean: 0.71
2020-07-30 00:01:26,194 - root - DEBUG - Sampled weight [0.95309755 1.39688885 1.34271171 0.61668695 1.24828365]
2020-07-30 00:01:27,320 - root - DEBUG - Updating hall of fame
2020-07-30 00:01:27,529 - root - INFO - Completed generation 83; 1.4s elapsed, 2.1s avg, 1.7e+02s total. Expected time remaining: 2.4e+02s
2020-07-30 00:01:27,583 - root - INFO - #83 MAX:accuracy.mean: 0.8
2020-07-30 00:01:27,628 - root - DEBUG - Sampled weight [1.47317768 0.89308515 0.43490078 1.73219564 1.44893283]
2020-07-30 00:01:28,763 - root - DEBUG - Updating hall of fame
2020-07-30 00:01:29,945 - root - INFO - Completed generation 84; 2.4s elapsed, 2.1s avg, 1.7e+02s total. Expected time remaining: 2.4e+02s
2020-07-30 00:01:30,000 - root - INFO - #84 MAX:accuracy.mean: 0.79
2020-07-30 00:01:30,044 - root - DEBUG - Sampled weight [1.97361779 0.75221695 1.10707362 0.79891727 3.26901696]
2020-07-30 00:01:31,175 - root - DEBUG - Updating hall of fame
2020-07-30 00:01:31,965 - root - INFO - Completed generation 85; 2.0s elapsed, 2.1s avg, 1.8e+02s total. Expected time remaining: 2.4e+02s
2020-07-30 00:01:32,019 - root - INFO - #85 MAX:accuracy.mean: 0.7
2020-07-30 00:01:32,062 - root - DEBUG - Sampled weight [0.77630482 0.92550534 1.40953484 1.31460721 1.35971405]
2020-07-30 00:01:33,200 - root - DEBUG - Updating hall of fame
2020-07-30 00:01:34,571 - root - INFO - Completed generation 86; 2.6s elapsed, 2.1s avg, 1.8e+02s total. Expected time remaining: 2.4e+02s
2020-07-30 00:01:34,626 - root - INFO - #86 MAX:accuracy.mean: 0.74
2020-07-30 00:01:34,670 - root - DEBUG - Sampled weight [1.11417657 1.84452483 0.83595061 1.04144916 1.7234538 ]
2020-07-30 00:01:35,793 - root - DEBUG - Updating hall of fame
2020-07-30 00:01:37,159 - root - INFO - Completed generation 87; 2.5s elapsed, 2.1s avg, 1.8e+02s total. Expected time remaining: 2.3e+02s
2020-07-30 00:01:37,213 - root - INFO - #87 MAX:accuracy.mean: 0.75
2020-07-30 00:01:37,257 - root - DEBUG - Sampled weight [0.81114775 1.89323463 1.12564897 0.8683047  0.81015061]
2020-07-30 00:01:38,391 - root - DEBUG - Updating hall of fame
2020-07-30 00:01:39,764 - root - INFO - Completed generation 88; 2.6s elapsed, 2.1s avg, 1.8e+02s total. Expected time remaining: 2.3e+02s
2020-07-30 00:01:39,819 - root - INFO - #88 MAX:accuracy.mean: 0.79
2020-07-30 00:01:39,863 - root - DEBUG - Sampled weight [1.27582679 1.02648252 4.64330034 1.33339175 0.782879  ]
2020-07-30 00:01:40,990 - root - DEBUG - Updating hall of fame
2020-07-30 00:01:41,605 - root - INFO - Completed generation 89; 1.8s elapsed, 2.1s avg, 1.8e+02s total. Expected time remaining: 2.3e+02s
2020-07-30 00:01:41,660 - root - INFO - #89 MAX:accuracy.mean: 0.71
2020-07-30 00:01:41,703 - root - DEBUG - Sampled weight [1.26239768 0.50118877 0.54275646 1.02634379 0.94042979]
2020-07-30 00:01:42,829 - root - DEBUG - Updating hall of fame
2020-07-30 00:01:43,818 - root - INFO - Completed generation 90; 2.2s elapsed, 2.1s avg, 1.9e+02s total. Expected time remaining: 2.3e+02s
2020-07-30 00:01:43,873 - root - INFO - #90 MAX:accuracy.mean: 0.72
2020-07-30 00:01:43,988 - root - DEBUG - Sampled weight [2.73489667 0.41518099 0.35342224 0.61944018 0.65434283]
2020-07-30 00:01:45,115 - root - DEBUG - Updating hall of fame
2020-07-30 00:01:46,116 - root - INFO - Completed generation 91; 2.2s elapsed, 2.1s avg, 1.9e+02s total. Expected time remaining: 2.3e+02s
2020-07-30 00:01:46,170 - root - INFO - #91 MAX:accuracy.mean: 0.71
2020-07-30 00:01:46,214 - root - DEBUG - Sampled weight [2.48248752 2.20665709 2.92083945 0.26805239 0.64293093]
2020-07-30 00:01:47,343 - root - DEBUG - Updating hall of fame
2020-07-30 00:01:48,134 - root - INFO - Completed generation 92; 2.0s elapsed, 2.1s avg, 1.9e+02s total. Expected time remaining: 2.2e+02s
2020-07-30 00:01:48,188 - root - INFO - #92 MAX:accuracy.mean: 0.69
2020-07-30 00:01:48,233 - root - DEBUG - Sampled weight [1.35589854 1.71817407 0.53426374 1.60981027 1.63733829]
2020-07-30 00:01:49,354 - root - DEBUG - Updating hall of fame
2020-07-30 00:01:50,347 - root - INFO - Completed generation 93; 2.2s elapsed, 2.1s avg, 1.9e+02s total. Expected time remaining: 2.2e+02s
2020-07-30 00:01:50,401 - root - INFO - #93 MAX:accuracy.mean: 0.84
2020-07-30 00:01:50,445 - root - DEBUG - Sampled weight [0.48023882 2.5137398  1.05866178 0.71286543 2.13649275]
2020-07-30 00:01:51,573 - root - DEBUG - Updating hall of fame
2020-07-30 00:01:53,162 - root - INFO - Completed generation 94; 2.8s elapsed, 2.1s avg, 2e+02s total. Expected time remaining: 2.2e+02s
2020-07-30 00:01:53,216 - root - INFO - #94 MAX:accuracy.mean: 0.71
2020-07-30 00:01:53,260 - root - DEBUG - Sampled weight [1.28967738 1.49925784 1.62753308 0.57030293 1.90757084]
2020-07-30 00:01:54,384 - root - DEBUG - Updating hall of fame
2020-07-30 00:01:55,006 - root - INFO - Completed generation 95; 1.8s elapsed, 2.1s avg, 2e+02s total. Expected time remaining: 2.2e+02s
2020-07-30 00:01:55,061 - root - INFO - #95 MAX:accuracy.mean: 0.81
2020-07-30 00:01:55,104 - root - DEBUG - Sampled weight [0.44237477 1.14882539 0.81676638 0.95055709 0.92199322]
2020-07-30 00:01:56,232 - root - DEBUG - Updating hall of fame
2020-07-30 00:01:57,632 - root - INFO - Completed generation 96; 2.6s elapsed, 2.1s avg, 2e+02s total. Expected time remaining: 2.2e+02s
2020-07-30 00:01:57,686 - root - INFO - #96 MAX:accuracy.mean: 0.71
2020-07-30 00:01:57,730 - root - DEBUG - Sampled weight [1.43841271 1.07418941 0.7600358  1.13432545 0.79385462]
2020-07-30 00:01:58,858 - root - DEBUG - Updating hall of fame
2020-07-30 00:01:59,477 - root - INFO - Completed generation 97; 1.8s elapsed, 2.1s avg, 2e+02s total. Expected time remaining: 2.1e+02s
2020-07-30 00:01:59,531 - root - INFO - #97 MAX:accuracy.mean: 0.71
2020-07-30 00:01:59,576 - root - DEBUG - Sampled weight [1.83638577 2.42066841 1.57265495 1.1871898  0.69802106]
2020-07-30 00:02:00,710 - root - DEBUG - Updating hall of fame
2020-07-30 00:02:01,925 - root - INFO - Completed generation 98; 2.4s elapsed, 2.1s avg, 2e+02s total. Expected time remaining: 2.1e+02s
2020-07-30 00:02:01,981 - root - INFO - #98 MAX:accuracy.mean: 0.71
2020-07-30 00:02:02,026 - root - DEBUG - Sampled weight [0.88401502 2.22334474 0.53531895 0.78704185 0.81699907]
2020-07-30 00:02:03,161 - root - DEBUG - Updating hall of fame
2020-07-30 00:02:04,161 - root - INFO - Completed generation 99; 2.2s elapsed, 2.1s avg, 2.1e+02s total. Expected time remaining: 2.1e+02s
2020-07-30 00:02:04,215 - root - INFO - #99 MAX:accuracy.mean: 0.77
2020-07-30 00:02:04,260 - root - DEBUG - Sampled weight [0.74351335 1.88808206 1.26667791 0.62784838 0.45056771]
2020-07-30 00:02:05,389 - root - DEBUG - Updating hall of fame
2020-07-30 00:02:05,802 - root - INFO - Completed generation 100; 1.6s elapsed, 2.1s avg, 2.1e+02s total. Expected time remaining: 2.1e+02s
2020-07-30 00:02:05,857 - root - INFO - #100 MAX:accuracy.mean: 0.71
2020-07-30 00:02:05,979 - root - DEBUG - Sampled weight [0.69820747 2.4015199  2.91107626 1.17529346 0.48015982]
2020-07-30 00:02:07,117 - root - DEBUG - Updating hall of fame
2020-07-30 00:02:07,918 - root - INFO - Completed generation 101; 2.0s elapsed, 2.1s avg, 2.1e+02s total. Expected time remaining: 2.1e+02s
2020-07-30 00:02:07,972 - root - INFO - #101 MAX:accuracy.mean: 0.69
2020-07-30 00:02:08,016 - root - DEBUG - Sampled weight [0.45148364 0.50632433 2.32104945 1.49462571 1.09477881]
2020-07-30 00:02:09,145 - root - DEBUG - Updating hall of fame
2020-07-30 00:02:09,935 - root - INFO - Completed generation 102; 2.0s elapsed, 2.1s avg, 2.1e+02s total. Expected time remaining: 2e+02s
2020-07-30 00:02:09,990 - root - INFO - #102 MAX:accuracy.mean: 0.69
2020-07-30 00:02:10,034 - root - DEBUG - Sampled weight [0.55239711 1.36603188 2.20283716 0.96379748 0.74375849]
2020-07-30 00:02:11,162 - root - DEBUG - Updating hall of fame
2020-07-30 00:02:11,955 - root - INFO - Completed generation 103; 2.0s elapsed, 2.1s avg, 2.1e+02s total. Expected time remaining: 2e+02s
2020-07-30 00:02:12,009 - root - INFO - #103 MAX:accuracy.mean: 0.7
2020-07-30 00:02:12,053 - root - DEBUG - Sampled weight [0.65161886 1.91114286 5.10357924 1.31035176 1.70061228]
2020-07-30 00:02:13,180 - root - DEBUG - Updating hall of fame
2020-07-30 00:02:13,572 - root - INFO - Completed generation 104; 1.6s elapsed, 2.1s avg, 2.2e+02s total. Expected time remaining: 2e+02s
2020-07-30 00:02:13,627 - root - INFO - #104 MAX:accuracy.mean: 0.71
2020-07-30 00:02:13,670 - root - DEBUG - Sampled weight [0.99004735 1.47194711 1.00801051 1.17100128 0.86632994]
2020-07-30 00:02:14,804 - root - DEBUG - Updating hall of fame
2020-07-30 00:02:15,386 - root - INFO - Completed generation 105; 1.8s elapsed, 2.1s avg, 2.2e+02s total. Expected time remaining: 2e+02s
2020-07-30 00:02:15,441 - root - INFO - #105 MAX:accuracy.mean: 0.71
2020-07-30 00:02:15,485 - root - DEBUG - Sampled weight [1.21333188 0.79812697 1.67200187 0.81287816 2.35460193]
2020-07-30 00:02:16,619 - root - DEBUG - Updating hall of fame
2020-07-30 00:02:17,598 - root - INFO - Completed generation 106; 2.2s elapsed, 2.1s avg, 2.2e+02s total. Expected time remaining: 1.9e+02s
2020-07-30 00:02:17,652 - root - INFO - #106 MAX:accuracy.mean: 0.7
2020-07-30 00:02:17,696 - root - DEBUG - Sampled weight [2.6308174  0.59419013 0.43942924 2.49197351 1.76193657]
2020-07-30 00:02:18,833 - root - DEBUG - Updating hall of fame
2020-07-30 00:02:19,618 - root - INFO - Completed generation 107; 2.0s elapsed, 2.1s avg, 2.2e+02s total. Expected time remaining: 1.9e+02s
2020-07-30 00:02:19,673 - root - INFO - #107 MAX:accuracy.mean: 0.69
2020-07-30 00:02:19,717 - root - DEBUG - Sampled weight [1.81166361 1.61454602 2.63843043 1.51998468 1.45106071]
2020-07-30 00:02:20,848 - root - DEBUG - Updating hall of fame
2020-07-30 00:02:21,044 - root - INFO - Completed generation 108; 1.4s elapsed, 2.1s avg, 2.2e+02s total. Expected time remaining: 1.9e+02s
2020-07-30 00:02:21,098 - root - INFO - #108 MAX:accuracy.mean: 0.78
2020-07-30 00:02:21,143 - root - DEBUG - Sampled weight [0.66226593 0.72369647 1.19540756 0.97316971 0.66432813]
2020-07-30 00:02:22,271 - root - DEBUG - Updating hall of fame
2020-07-30 00:02:23,050 - root - INFO - Completed generation 109; 2.0s elapsed, 2.1s avg, 2.2e+02s total. Expected time remaining: 1.9e+02s
2020-07-30 00:02:23,104 - root - INFO - #109 MAX:accuracy.mean: 0.69
2020-07-30 00:02:23,148 - root - DEBUG - Sampled weight [1.04689455 0.34936846 1.13417577 0.93291742 1.23338644]
2020-07-30 00:02:24,280 - root - DEBUG - Updating hall of fame
2020-07-30 00:02:24,280 - root - INFO - Completed generation 110; 1.2s elapsed, 2.1s avg, 2.3e+02s total. Expected time remaining: 1.8e+02s
2020-07-30 00:02:24,334 - root - INFO - #110 MAX:accuracy.mean: 0.78
2020-07-30 00:02:24,484 - root - DEBUG - Sampled weight [0.54750214 0.25571887 0.40546431 0.65580487 1.01291857]
2020-07-30 00:02:25,615 - root - DEBUG - Updating hall of fame
2020-07-30 00:02:26,206 - root - INFO - Completed generation 111; 1.8s elapsed, 2.1s avg, 2.3e+02s total. Expected time remaining: 1.8e+02s
2020-07-30 00:02:26,261 - root - INFO - #111 MAX:accuracy.mean: 0.71
2020-07-30 00:02:26,303 - root - DEBUG - Sampled weight [0.37539745 0.72451599 0.54459964 0.82186175 0.86310587]
2020-07-30 00:02:27,437 - root - DEBUG - Updating hall of fame
2020-07-30 00:02:27,647 - root - INFO - Completed generation 112; 1.4s elapsed, 2.0s avg, 2.3e+02s total. Expected time remaining: 1.8e+02s
2020-07-30 00:02:27,701 - root - INFO - #112 MAX:accuracy.mean: 0.73
2020-07-30 00:02:27,746 - root - DEBUG - Sampled weight [0.7079512  0.60549736 1.18085313 0.55128891 0.90454391]
2020-07-30 00:02:28,875 - root - DEBUG - Updating hall of fame
2020-07-30 00:02:29,264 - root - INFO - Completed generation 113; 1.6s elapsed, 2.0s avg, 2.3e+02s total. Expected time remaining: 1.8e+02s
2020-07-30 00:02:29,318 - root - INFO - #113 MAX:accuracy.mean: 0.76
2020-07-30 00:02:29,362 - root - DEBUG - Sampled weight [0.6627723  1.2042319  0.5334054  0.39382729 0.54534356]
2020-07-30 00:02:30,493 - root - DEBUG - Updating hall of fame
2020-07-30 00:02:30,885 - root - INFO - Completed generation 114; 1.6s elapsed, 2.0s avg, 2.3e+02s total. Expected time remaining: 1.8e+02s
2020-07-30 00:02:30,939 - root - INFO - #114 MAX:accuracy.mean: 0.7
2020-07-30 00:02:30,983 - root - DEBUG - Sampled weight [0.56966797 0.5803831  0.97946869 0.66813403 0.75489511]
2020-07-30 00:02:32,112 - root - DEBUG - Updating hall of fame
2020-07-30 00:02:32,307 - root - INFO - Completed generation 115; 1.4s elapsed, 2.0s avg, 2.3e+02s total. Expected time remaining: 1.7e+02s
2020-07-30 00:02:32,361 - root - INFO - #115 MAX:accuracy.mean: 0.72
2020-07-30 00:02:32,406 - root - DEBUG - Sampled weight [1.2076688  0.50976636 0.5350938  0.68009574 0.81873838]
2020-07-30 00:02:33,535 - root - DEBUG - Updating hall of fame
2020-07-30 00:02:33,728 - root - INFO - Completed generation 116; 1.4s elapsed, 2.0s avg, 2.3e+02s total. Expected time remaining: 1.7e+02s
2020-07-30 00:02:33,782 - root - INFO - #116 MAX:accuracy.mean: 0.7
2020-07-30 00:02:33,828 - root - DEBUG - Sampled weight [2.11197973 1.58466617 1.91930255 0.89943539 1.17733938]
2020-07-30 00:02:34,960 - root - DEBUG - Updating hall of fame
2020-07-30 00:02:35,351 - root - INFO - Completed generation 117; 1.6s elapsed, 2.0s avg, 2.4e+02s total. Expected time remaining: 1.7e+02s
2020-07-30 00:02:35,406 - root - INFO - #117 MAX:accuracy.mean: 0.75
2020-07-30 00:02:35,449 - root - DEBUG - Sampled weight [2.11815713 0.64661188 1.36309581 0.66655827 1.12197091]
2020-07-30 00:02:36,580 - root - DEBUG - Updating hall of fame
2020-07-30 00:02:37,941 - root - INFO - Completed generation 118; 2.5s elapsed, 2.0s avg, 2.4e+02s total. Expected time remaining: 1.7e+02s
2020-07-30 00:02:37,995 - root - INFO - #118 MAX:accuracy.mean: 0.71
2020-07-30 00:02:38,038 - root - DEBUG - Sampled weight [2.89883701 1.1574899  0.49512634 0.7989006  1.3184902 ]
2020-07-30 00:02:39,161 - root - DEBUG - Updating hall of fame
2020-07-30 00:02:39,572 - root - INFO - Completed generation 119; 1.6s elapsed, 2.0s avg, 2.4e+02s total. Expected time remaining: 1.6e+02s
2020-07-30 00:02:39,627 - root - INFO - #119 MAX:accuracy.mean: 0.7
2020-07-30 00:02:39,671 - root - DEBUG - Sampled weight [0.60260474 0.91119216 1.12505829 1.01885778 0.61638253]
2020-07-30 00:02:40,797 - root - DEBUG - Updating hall of fame
2020-07-30 00:02:41,596 - root - INFO - Completed generation 120; 2.0s elapsed, 2.0s avg, 2.4e+02s total. Expected time remaining: 1.6e+02s
2020-07-30 00:02:41,650 - root - INFO - #120 MAX:accuracy.mean: 0.7
2020-07-30 00:02:41,759 - root - DEBUG - Sampled weight [0.71238436 0.64728263 2.04277872 1.30185418 0.45616143]
2020-07-30 00:02:42,891 - root - DEBUG - Updating hall of fame
2020-07-30 00:02:43,306 - root - INFO - Completed generation 121; 1.6s elapsed, 2.0s avg, 2.4e+02s total. Expected time remaining: 1.6e+02s
2020-07-30 00:02:43,360 - root - INFO - #121 MAX:accuracy.mean: 0.7
2020-07-30 00:02:43,403 - root - DEBUG - Sampled weight [1.76288339 2.45563315 1.41751686 0.83576937 1.32030402]
2020-07-30 00:02:44,532 - root - DEBUG - Updating hall of fame
2020-07-30 00:02:45,121 - root - INFO - Completed generation 122; 1.8s elapsed, 2.0s avg, 2.5e+02s total. Expected time remaining: 1.6e+02s
2020-07-30 00:02:45,176 - root - INFO - #122 MAX:accuracy.mean: 0.71
2020-07-30 00:02:45,220 - root - DEBUG - Sampled weight [1.23361674 0.87469365 0.86739519 1.29900371 0.5960029 ]
2020-07-30 00:02:46,354 - root - DEBUG - Updating hall of fame
2020-07-30 00:02:47,530 - root - INFO - Completed generation 123; 2.4s elapsed, 2.0s avg, 2.5e+02s total. Expected time remaining: 1.6e+02s
2020-07-30 00:02:47,584 - root - INFO - #123 MAX:accuracy.mean: 0.77
2020-07-30 00:02:47,629 - root - DEBUG - Sampled weight [0.70456982 0.97007188 1.69729232 2.9256397  0.73846208]
2020-07-30 00:02:48,763 - root - DEBUG - Updating hall of fame
2020-07-30 00:02:48,962 - root - INFO - Completed generation 124; 1.4s elapsed, 2.0s avg, 2.5e+02s total. Expected time remaining: 1.5e+02s
2020-07-30 00:02:49,016 - root - INFO - #124 MAX:accuracy.mean: 0.69
2020-07-30 00:02:49,060 - root - DEBUG - Sampled weight [0.88115388 1.40773024 0.70568087 0.44436335 1.44332737]
2020-07-30 00:02:50,195 - root - DEBUG - Updating hall of fame
2020-07-30 00:02:50,772 - root - INFO - Completed generation 125; 1.8s elapsed, 2.0s avg, 2.5e+02s total. Expected time remaining: 1.5e+02s
2020-07-30 00:02:50,827 - root - INFO - #125 MAX:accuracy.mean: 0.74
2020-07-30 00:02:50,871 - root - DEBUG - Sampled weight [1.05224375 0.94384448 1.03169914 1.64898613 0.45702597]
2020-07-30 00:02:51,998 - root - DEBUG - Updating hall of fame
2020-07-30 00:02:52,787 - root - INFO - Completed generation 126; 2.0s elapsed, 2.0s avg, 2.5e+02s total. Expected time remaining: 1.5e+02s
2020-07-30 00:02:52,842 - root - INFO - #126 MAX:accuracy.mean: 0.72
2020-07-30 00:02:52,886 - root - DEBUG - Sampled weight [2.03834735 0.81627686 1.08062366 1.03003875 1.1492856 ]
2020-07-30 00:02:54,012 - root - DEBUG - Updating hall of fame
2020-07-30 00:02:55,172 - root - INFO - Completed generation 127; 2.3s elapsed, 2.0s avg, 2.6e+02s total. Expected time remaining: 1.5e+02s
2020-07-30 00:02:55,226 - root - INFO - #127 MAX:accuracy.mean: 0.71
2020-07-30 00:02:55,269 - root - DEBUG - Sampled weight [2.86923929 0.74431724 1.80278004 0.7619535  0.75176811]
2020-07-30 00:02:56,411 - root - DEBUG - Updating hall of fame
2020-07-30 00:02:57,405 - root - INFO - Completed generation 128; 2.2s elapsed, 2.0s avg, 2.6e+02s total. Expected time remaining: 1.5e+02s
2020-07-30 00:02:57,460 - root - INFO - #128 MAX:accuracy.mean: 0.72
2020-07-30 00:02:57,504 - root - DEBUG - Sampled weight [1.48093158 0.68880849 1.22750303 1.27268567 1.76268264]
2020-07-30 00:02:58,639 - root - DEBUG - Updating hall of fame
2020-07-30 00:02:59,044 - root - INFO - Completed generation 129; 1.6s elapsed, 2.0s avg, 2.6e+02s total. Expected time remaining: 1.4e+02s
2020-07-30 00:02:59,099 - root - INFO - #129 MAX:accuracy.mean: 0.78
2020-07-30 00:02:59,142 - root - DEBUG - Sampled weight [1.44127009 1.4671824  0.92873975 0.76046289 1.17334553]
2020-07-30 00:03:00,278 - root - DEBUG - Updating hall of fame
2020-07-30 00:03:01,473 - root - INFO - Completed generation 130; 2.4s elapsed, 2.0s avg, 2.6e+02s total. Expected time remaining: 1.4e+02s
2020-07-30 00:03:01,528 - root - INFO - #130 MAX:accuracy.mean: 0.76
2020-07-30 00:03:01,790 - root - DEBUG - Sampled weight [0.99188584 1.1263492  1.29241374 0.71277613 0.82549459]
2020-07-30 00:03:02,921 - root - DEBUG - Updating hall of fame
2020-07-30 00:03:03,521 - root - INFO - Completed generation 131; 1.8s elapsed, 2.0s avg, 2.6e+02s total. Expected time remaining: 1.4e+02s
2020-07-30 00:03:03,576 - root - INFO - #131 MAX:accuracy.mean: 0.73
2020-07-30 00:03:03,620 - root - DEBUG - Sampled weight [1.37032728 1.41387888 1.57395225 0.91432183 0.87179586]
2020-07-30 00:03:04,754 - root - DEBUG - Updating hall of fame
2020-07-30 00:03:04,960 - root - INFO - Completed generation 132; 1.4s elapsed, 2.0s avg, 2.7e+02s total. Expected time remaining: 1.4e+02s
2020-07-30 00:03:05,014 - root - INFO - #132 MAX:accuracy.mean: 0.87
2020-07-30 00:03:05,058 - root - DEBUG - Sampled weight [1.02969482 1.57823917 0.44728663 1.73270737 2.21108571]
2020-07-30 00:03:06,198 - root - DEBUG - Updating hall of fame
2020-07-30 00:03:07,182 - root - INFO - Completed generation 133; 2.2s elapsed, 2.0s avg, 2.7e+02s total. Expected time remaining: 1.3e+02s
2020-07-30 00:03:07,236 - root - INFO - #133 MAX:accuracy.mean: 0.77
2020-07-30 00:03:07,279 - root - DEBUG - Sampled weight [0.50074874 1.32869016 1.57322561 1.20654586 0.86000262]
2020-07-30 00:03:08,415 - root - DEBUG - Updating hall of fame
2020-07-30 00:03:08,828 - root - INFO - Completed generation 134; 1.6s elapsed, 2.0s avg, 2.7e+02s total. Expected time remaining: 1.3e+02s
2020-07-30 00:03:08,882 - root - INFO - #134 MAX:accuracy.mean: 0.84
2020-07-30 00:03:08,927 - root - DEBUG - Sampled weight [3.24112774 1.12253278 1.2595011  0.71512255 0.62167108]
2020-07-30 00:03:10,061 - root - DEBUG - Updating hall of fame
2020-07-30 00:03:10,868 - root - INFO - Completed generation 135; 2.0s elapsed, 2.0s avg, 2.7e+02s total. Expected time remaining: 1.3e+02s
2020-07-30 00:03:10,924 - root - INFO - #135 MAX:accuracy.mean: 0.81
2020-07-30 00:03:10,968 - root - DEBUG - Sampled weight [1.17954517 0.84134311 0.61638774 1.23227211 1.08886905]
2020-07-30 00:03:12,107 - root - DEBUG - Updating hall of fame
2020-07-30 00:03:12,739 - root - INFO - Completed generation 136; 1.8s elapsed, 2.0s avg, 2.7e+02s total. Expected time remaining: 1.3e+02s
2020-07-30 00:03:12,793 - root - INFO - #136 MAX:accuracy.mean: 0.87
2020-07-30 00:03:12,837 - root - DEBUG - Sampled weight [1.35719129 1.44451231 2.54233599 1.26959505 0.58477158]
2020-07-30 00:03:13,973 - root - DEBUG - Updating hall of fame
2020-07-30 00:03:14,970 - root - INFO - Completed generation 137; 2.2s elapsed, 2.0s avg, 2.7e+02s total. Expected time remaining: 1.3e+02s
2020-07-30 00:03:15,025 - root - INFO - #137 MAX:accuracy.mean: 0.86
2020-07-30 00:03:15,068 - root - DEBUG - Sampled weight [1.14314577 1.08652043 0.89173506 1.94190204 0.84489103]
2020-07-30 00:03:16,206 - root - DEBUG - Updating hall of fame
2020-07-30 00:03:17,616 - root - INFO - Completed generation 138; 2.6s elapsed, 2.0s avg, 2.8e+02s total. Expected time remaining: 1.2e+02s
2020-07-30 00:03:17,671 - root - INFO - #138 MAX:accuracy.mean: 0.92
2020-07-30 00:03:17,715 - root - DEBUG - Sampled weight [0.97521354 0.85977063 1.82142089 0.79837104 0.88179504]
2020-07-30 00:03:18,859 - root - DEBUG - Updating hall of fame
2020-07-30 00:03:20,094 - root - INFO - Completed generation 139; 2.4s elapsed, 2.0s avg, 2.8e+02s total. Expected time remaining: 1.2e+02s
2020-07-30 00:03:20,149 - root - INFO - #139 MAX:accuracy.mean: 0.89
2020-07-30 00:03:20,193 - root - DEBUG - Sampled weight [0.5799076  0.43755748 1.22006483 0.84089356 2.36928307]
2020-07-30 00:03:21,339 - root - DEBUG - Updating hall of fame
2020-07-30 00:03:22,359 - root - INFO - Completed generation 140; 2.2s elapsed, 2.0s avg, 2.8e+02s total. Expected time remaining: 1.2e+02s
2020-07-30 00:03:22,413 - root - INFO - #140 MAX:accuracy.mean: 0.8
2020-07-30 00:03:22,536 - root - DEBUG - Sampled weight [1.34722067 0.72235624 2.66130902 0.95615218 1.86561813]
2020-07-30 00:03:23,687 - root - DEBUG - Updating hall of fame
2020-07-30 00:03:24,711 - root - INFO - Completed generation 141; 2.2s elapsed, 2.0s avg, 2.8e+02s total. Expected time remaining: 1.2e+02s
2020-07-30 00:03:24,766 - root - INFO - #141 MAX:accuracy.mean: 0.9
2020-07-30 00:03:24,811 - root - DEBUG - Sampled weight [1.36113016 1.15291545 0.60977271 1.90201602 1.45201644]
2020-07-30 00:03:25,948 - root - DEBUG - Updating hall of fame
2020-07-30 00:03:26,963 - root - INFO - Completed generation 142; 2.2s elapsed, 2.0s avg, 2.9e+02s total. Expected time remaining: 1.2e+02s
2020-07-30 00:03:27,017 - root - INFO - #142 MAX:accuracy.mean: 0.89
2020-07-30 00:03:27,062 - root - DEBUG - Sampled weight [1.76461994 0.59462247 1.02554206 1.16852625 0.40379305]
2020-07-30 00:03:28,193 - root - DEBUG - Updating hall of fame
2020-07-30 00:03:29,405 - root - INFO - Completed generation 143; 2.4s elapsed, 2.0s avg, 2.9e+02s total. Expected time remaining: 1.2e+02s
2020-07-30 00:03:29,460 - root - INFO - #143 MAX:accuracy.mean: 0.82
2020-07-30 00:03:29,504 - root - DEBUG - Sampled weight [1.2713197  0.79413873 2.0886951  1.1848711  0.54817723]
2020-07-30 00:03:30,654 - root - DEBUG - Updating hall of fame
2020-07-30 00:03:31,289 - root - INFO - Completed generation 144; 1.8s elapsed, 2.0s avg, 2.9e+02s total. Expected time remaining: 1.1e+02s
2020-07-30 00:03:31,343 - root - INFO - #144 MAX:accuracy.mean: 0.84
2020-07-30 00:03:31,387 - root - DEBUG - Sampled weight [0.95710603 0.74729812 0.80263962 0.85678001 1.49975454]
2020-07-30 00:03:32,528 - root - DEBUG - Updating hall of fame
2020-07-30 00:03:33,530 - root - INFO - Completed generation 145; 2.2s elapsed, 2.0s avg, 2.9e+02s total. Expected time remaining: 1.1e+02s
2020-07-30 00:03:33,585 - root - INFO - #145 MAX:accuracy.mean: 0.89
2020-07-30 00:03:33,629 - root - DEBUG - Sampled weight [2.07479128 0.60656807 0.32317356 0.50951333 1.52337584]
2020-07-30 00:03:34,768 - root - DEBUG - Updating hall of fame
2020-07-30 00:03:35,363 - root - INFO - Completed generation 146; 1.8s elapsed, 2.0s avg, 2.9e+02s total. Expected time remaining: 1.1e+02s
2020-07-30 00:03:35,418 - root - INFO - #146 MAX:accuracy.mean: 0.8
2020-07-30 00:03:35,463 - root - DEBUG - Sampled weight [0.51393358 1.82950222 0.78710723 1.08208534 1.03374062]
2020-07-30 00:03:36,608 - root - DEBUG - Updating hall of fame
2020-07-30 00:03:37,018 - root - INFO - Completed generation 147; 1.6s elapsed, 2.0s avg, 3e+02s total. Expected time remaining: 1.1e+02s
2020-07-30 00:03:37,073 - root - INFO - #147 MAX:accuracy.mean: 0.83
2020-07-30 00:03:37,117 - root - DEBUG - Sampled weight [0.69046083 1.01468969 2.0905825  0.70172594 2.99602813]
2020-07-30 00:03:38,263 - root - DEBUG - Updating hall of fame
2020-07-30 00:03:38,661 - root - INFO - Completed generation 148; 1.6s elapsed, 2.0s avg, 3e+02s total. Expected time remaining: 1e+02s
2020-07-30 00:03:38,716 - root - INFO - #148 MAX:accuracy.mean: 0.82
2020-07-30 00:03:38,760 - root - DEBUG - Sampled weight [0.92975871 0.39573585 1.60172698 0.60866655 0.35391247]
2020-07-30 00:03:39,903 - root - DEBUG - Updating hall of fame
2020-07-30 00:03:40,694 - root - INFO - Completed generation 149; 2.0s elapsed, 2.0s avg, 3e+02s total. Expected time remaining: 1e+02s
2020-07-30 00:03:40,748 - root - INFO - #149 MAX:accuracy.mean: 0.82
2020-07-30 00:03:40,792 - root - DEBUG - Sampled weight [3.94410744 0.73577096 1.20928373 0.89945567 0.81800979]
2020-07-30 00:03:41,935 - root - DEBUG - Updating hall of fame
2020-07-30 00:03:42,340 - root - INFO - Completed generation 150; 1.6s elapsed, 2.0s avg, 3e+02s total. Expected time remaining: 1e+02s
2020-07-30 00:03:42,394 - root - INFO - #150 MAX:accuracy.mean: 0.89
2020-07-30 00:03:42,498 - root - DEBUG - Sampled weight [1.45698698 1.13612655 1.02475473 0.91272712 2.05305574]
2020-07-30 00:03:43,645 - root - DEBUG - Updating hall of fame
2020-07-30 00:03:43,852 - root - INFO - Completed generation 151; 1.4s elapsed, 2.0s avg, 3e+02s total. Expected time remaining: 9.8e+01s
2020-07-30 00:03:43,907 - root - INFO - #151 MAX:accuracy.mean: 0.88
2020-07-30 00:03:43,951 - root - DEBUG - Sampled weight [0.24053297 1.50031903 0.8774687  0.50174569 0.92209923]
2020-07-30 00:03:45,089 - root - DEBUG - Updating hall of fame
2020-07-30 00:03:46,085 - root - INFO - Completed generation 152; 2.2s elapsed, 2.0s avg, 3e+02s total. Expected time remaining: 9.6e+01s
2020-07-30 00:03:46,140 - root - INFO - #152 MAX:accuracy.mean: 0.8
2020-07-30 00:03:46,183 - root - DEBUG - Sampled weight [1.06764854 1.78160954 1.80525369 1.14274707 0.97268918]
2020-07-30 00:03:47,326 - root - DEBUG - Updating hall of fame
2020-07-30 00:03:47,538 - root - INFO - Completed generation 153; 1.4s elapsed, 2.0s avg, 3.1e+02s total. Expected time remaining: 9.4e+01s
2020-07-30 00:03:47,592 - root - INFO - #153 MAX:accuracy.mean: 0.9
2020-07-30 00:03:47,637 - root - DEBUG - Sampled weight [0.35145715 0.74614551 0.94848788 1.63593509 0.76642192]
2020-07-30 00:03:48,787 - root - DEBUG - Updating hall of fame
2020-07-30 00:03:49,591 - root - INFO - Completed generation 154; 2.0s elapsed, 2.0s avg, 3.1e+02s total. Expected time remaining: 9.2e+01s
2020-07-30 00:03:49,646 - root - INFO - #154 MAX:accuracy.mean: 0.89
2020-07-30 00:03:49,690 - root - DEBUG - Sampled weight [3.10586707 1.283763   0.86632244 0.40956745 0.70492848]
2020-07-30 00:03:50,828 - root - DEBUG - Updating hall of fame
2020-07-30 00:03:51,217 - root - INFO - Completed generation 155; 1.6s elapsed, 2.0s avg, 3.1e+02s total. Expected time remaining: 9e+01s
2020-07-30 00:03:51,272 - root - INFO - #155 MAX:accuracy.mean: 0.78
2020-07-30 00:03:51,317 - root - DEBUG - Sampled weight [1.70651808 1.02966401 0.53244709 0.77299645 0.86316788]
2020-07-30 00:03:52,465 - root - DEBUG - Updating hall of fame
2020-07-30 00:03:52,465 - root - INFO - Completed generation 156; 1.2s elapsed, 2.0s avg, 3.1e+02s total. Expected time remaining: 8.8e+01s
2020-07-30 00:03:52,519 - root - INFO - #156 MAX:accuracy.mean: 0.82
2020-07-30 00:03:52,563 - root - DEBUG - Sampled weight [1.18493642 0.95110283 0.55213751 0.97370439 0.27653766]
2020-07-30 00:03:53,711 - root - DEBUG - Updating hall of fame
2020-07-30 00:03:53,711 - root - INFO - Completed generation 157; 1.2s elapsed, 2.0s avg, 3.1e+02s total. Expected time remaining: 8.6e+01s
2020-07-30 00:03:53,766 - root - INFO - #157 MAX:accuracy.mean: 0.8
2020-07-30 00:03:53,810 - root - DEBUG - Sampled weight [2.23816774 0.89168604 0.35694072 1.83740642 0.96886475]
2020-07-30 00:03:54,953 - root - DEBUG - Updating hall of fame
2020-07-30 00:03:54,953 - root - INFO - Completed generation 158; 1.2s elapsed, 2.0s avg, 3.1e+02s total. Expected time remaining: 8.3e+01s
2020-07-30 00:03:55,007 - root - INFO - #158 MAX:accuracy.mean: 0.82
2020-07-30 00:03:55,051 - root - DEBUG - Sampled weight [1.13419284 2.31719696 0.3742184  2.60706634 0.65078496]
2020-07-30 00:03:56,195 - root - DEBUG - Updating hall of fame
2020-07-30 00:03:57,179 - root - INFO - Completed generation 159; 2.2s elapsed, 2.0s avg, 3.2e+02s total. Expected time remaining: 8.1e+01s
2020-07-30 00:03:57,233 - root - INFO - #159 MAX:accuracy.mean: 0.79
2020-07-30 00:03:57,277 - root - DEBUG - Sampled weight [2.10545654 0.94682862 1.24277269 0.68632231 1.52872669]
2020-07-30 00:03:58,423 - root - DEBUG - Updating hall of fame
2020-07-30 00:03:58,625 - root - INFO - Completed generation 160; 1.4s elapsed, 2.0s avg, 3.2e+02s total. Expected time remaining: 7.9e+01s
2020-07-30 00:03:58,680 - root - INFO - #160 MAX:accuracy.mean: 0.91
2020-07-30 00:03:58,799 - root - DEBUG - Sampled weight [1.13092218 2.64028195 0.51097906 0.52880701 1.37900795]
2020-07-30 00:03:59,947 - root - DEBUG - Updating hall of fame
2020-07-30 00:04:01,130 - root - INFO - Completed generation 161; 2.4s elapsed, 2.0s avg, 3.2e+02s total. Expected time remaining: 7.7e+01s
2020-07-30 00:04:01,184 - root - INFO - #161 MAX:accuracy.mean: 0.84
2020-07-30 00:04:01,229 - root - DEBUG - Sampled weight [1.65123927 0.57673376 0.94350053 1.43751665 2.00291636]
2020-07-30 00:04:02,387 - root - DEBUG - Updating hall of fame
2020-07-30 00:04:02,798 - root - INFO - Completed generation 162; 1.6s elapsed, 2.0s avg, 3.2e+02s total. Expected time remaining: 7.5e+01s
2020-07-30 00:04:02,853 - root - INFO - #162 MAX:accuracy.mean: 0.86
2020-07-30 00:04:02,898 - root - DEBUG - Sampled weight [1.52196603 0.66443436 1.52163677 2.66378418 1.07404798]
2020-07-30 00:04:04,067 - root - DEBUG - Updating hall of fame
2020-07-30 00:04:05,067 - root - INFO - Completed generation 163; 2.2s elapsed, 2.0s avg, 3.2e+02s total. Expected time remaining: 7.3e+01s
2020-07-30 00:04:05,121 - root - INFO - #163 MAX:accuracy.mean: 0.87
2020-07-30 00:04:05,166 - root - DEBUG - Sampled weight [0.95344664 1.10539355 0.84662686 1.00325237 1.29822262]
2020-07-30 00:04:06,314 - root - DEBUG - Updating hall of fame
2020-07-30 00:04:07,335 - root - INFO - Completed generation 164; 2.2s elapsed, 2.0s avg, 3.3e+02s total. Expected time remaining: 7.1e+01s
2020-07-30 00:04:07,390 - root - INFO - #164 MAX:accuracy.mean: 0.87
2020-07-30 00:04:07,434 - root - DEBUG - Sampled weight [0.60879232 0.75193377 2.11501017 1.92045852 1.30613229]
2020-07-30 00:04:08,586 - root - DEBUG - Updating hall of fame
2020-07-30 00:04:09,401 - root - INFO - Completed generation 165; 2.0s elapsed, 2.0s avg, 3.3e+02s total. Expected time remaining: 6.9e+01s
2020-07-30 00:04:09,455 - root - INFO - #165 MAX:accuracy.mean: 0.85
2020-07-30 00:04:09,500 - root - DEBUG - Sampled weight [0.74655974 1.05034195 1.15990813 0.61186332 0.67211246]
2020-07-30 00:04:10,651 - root - DEBUG - Updating hall of fame
2020-07-30 00:04:12,051 - root - INFO - Completed generation 166; 2.6s elapsed, 2.0s avg, 3.3e+02s total. Expected time remaining: 6.8e+01s
2020-07-30 00:04:12,105 - root - INFO - #166 MAX:accuracy.mean: 0.95
2020-07-30 00:04:12,150 - root - DEBUG - Sampled weight [0.53592268 1.45458755 0.67118899 0.99353831 1.42110967]
2020-07-30 00:04:13,293 - root - DEBUG - Updating hall of fame
2020-07-30 00:04:13,909 - root - INFO - Completed generation 167; 1.8s elapsed, 2.0s avg, 3.3e+02s total. Expected time remaining: 6.6e+01s
2020-07-30 00:04:13,964 - root - INFO - #167 MAX:accuracy.mean: 0.84
2020-07-30 00:04:14,008 - root - DEBUG - Sampled weight [1.37611681 2.58574369 1.31083027 0.823142   3.43774982]
2020-07-30 00:04:15,149 - root - DEBUG - Updating hall of fame
2020-07-30 00:04:15,950 - root - INFO - Completed generation 168; 2.0s elapsed, 2.0s avg, 3.3e+02s total. Expected time remaining: 6.4e+01s
2020-07-30 00:04:16,005 - root - INFO - #168 MAX:accuracy.mean: 0.84
2020-07-30 00:04:16,049 - root - DEBUG - Sampled weight [1.15074536 0.46672725 0.90741006 3.32216669 0.94638173]
2020-07-30 00:04:17,206 - root - DEBUG - Updating hall of fame
2020-07-30 00:04:18,012 - root - INFO - Completed generation 169; 2.0s elapsed, 2.0s avg, 3.4e+02s total. Expected time remaining: 6.2e+01s
2020-07-30 00:04:18,067 - root - INFO - #169 MAX:accuracy.mean: 0.84
2020-07-30 00:04:18,110 - root - DEBUG - Sampled weight [1.89087797 0.85715078 0.73942145 0.2163038  0.66482634]
2020-07-30 00:04:19,260 - root - DEBUG - Updating hall of fame
2020-07-30 00:04:19,684 - root - INFO - Completed generation 170; 1.6s elapsed, 2.0s avg, 3.4e+02s total. Expected time remaining: 6e+01s
2020-07-30 00:04:19,739 - root - INFO - #170 MAX:accuracy.mean: 0.91
2020-07-30 00:04:19,899 - root - DEBUG - Sampled weight [0.95059972 0.35186906 0.68481643 0.87348664 0.60141507]
2020-07-30 00:04:21,044 - root - DEBUG - Updating hall of fame
2020-07-30 00:04:21,673 - root - INFO - Completed generation 171; 1.8s elapsed, 2.0s avg, 3.4e+02s total. Expected time remaining: 5.8e+01s
2020-07-30 00:04:21,727 - root - INFO - #171 MAX:accuracy.mean: 0.92
2020-07-30 00:04:21,771 - root - DEBUG - Sampled weight [1.48306742 0.98382327 2.04792178 0.98882006 1.07946733]
2020-07-30 00:04:22,917 - root - DEBUG - Updating hall of fame
2020-07-30 00:04:23,339 - root - INFO - Completed generation 172; 1.6s elapsed, 2.0s avg, 3.4e+02s total. Expected time remaining: 5.5e+01s
2020-07-30 00:04:23,394 - root - INFO - #172 MAX:accuracy.mean: 0.87
2020-07-30 00:04:23,439 - root - DEBUG - Sampled weight [0.95854155 1.58107285 0.78866511 1.80274195 2.08049411]
2020-07-30 00:04:24,585 - root - DEBUG - Updating hall of fame
2020-07-30 00:04:25,783 - root - INFO - Completed generation 173; 2.4s elapsed, 2.0s avg, 3.4e+02s total. Expected time remaining: 5.4e+01s
2020-07-30 00:04:25,838 - root - INFO - #173 MAX:accuracy.mean: 0.9
2020-07-30 00:04:25,882 - root - DEBUG - Sampled weight [1.07585066 0.53088725 0.91705011 0.87215022 0.32183395]
2020-07-30 00:04:27,030 - root - DEBUG - Updating hall of fame
2020-07-30 00:04:28,222 - root - INFO - Completed generation 174; 2.4s elapsed, 2.0s avg, 3.5e+02s total. Expected time remaining: 5.2e+01s
2020-07-30 00:04:28,277 - root - INFO - #174 MAX:accuracy.mean: 0.9
2020-07-30 00:04:28,321 - root - DEBUG - Sampled weight [1.74151592 0.78123622 0.70245709 1.31449095 0.97318044]
2020-07-30 00:04:29,456 - root - DEBUG - Updating hall of fame
2020-07-30 00:04:30,060 - root - INFO - Completed generation 175; 1.8s elapsed, 2.0s avg, 3.5e+02s total. Expected time remaining: 5e+01s
2020-07-30 00:04:30,115 - root - INFO - #175 MAX:accuracy.mean: 0.85
2020-07-30 00:04:30,159 - root - DEBUG - Sampled weight [0.36754647 0.34063371 1.31272563 1.2525623  0.31268521]
2020-07-30 00:04:31,305 - root - DEBUG - Updating hall of fame
2020-07-30 00:04:32,506 - root - INFO - Completed generation 176; 2.4s elapsed, 2.0s avg, 3.5e+02s total. Expected time remaining: 4.8e+01s
2020-07-30 00:04:32,561 - root - INFO - #176 MAX:accuracy.mean: 0.9
2020-07-30 00:04:32,606 - root - DEBUG - Sampled weight [0.63410033 1.64366732 1.31823767 1.02782978 0.91636566]
2020-07-30 00:04:33,765 - root - DEBUG - Updating hall of fame
2020-07-30 00:04:34,178 - root - INFO - Completed generation 177; 1.6s elapsed, 2.0s avg, 3.5e+02s total. Expected time remaining: 4.6e+01s
2020-07-30 00:04:34,233 - root - INFO - #177 MAX:accuracy.mean: 0.94
2020-07-30 00:04:34,277 - root - DEBUG - Sampled weight [0.41988882 1.53856446 1.37250358 0.61819134 0.86724408]
2020-07-30 00:04:35,443 - root - DEBUG - Updating hall of fame
2020-07-30 00:04:36,854 - root - INFO - Completed generation 178; 2.6s elapsed, 2.0s avg, 3.5e+02s total. Expected time remaining: 4.4e+01s
2020-07-30 00:04:36,908 - root - INFO - #178 MAX:accuracy.mean: 0.94
2020-07-30 00:04:36,953 - root - DEBUG - Sampled weight [0.88411618 0.90332036 1.19186804 1.37726396 0.42639267]
2020-07-30 00:04:38,114 - root - DEBUG - Updating hall of fame
2020-07-30 00:04:38,724 - root - INFO - Completed generation 179; 1.8s elapsed, 2.0s avg, 3.6e+02s total. Expected time remaining: 4.2e+01s
2020-07-30 00:04:38,778 - root - INFO - #179 MAX:accuracy.mean: 0.87
2020-07-30 00:04:38,822 - root - DEBUG - Sampled weight [1.50602368 0.45151633 0.9802397  0.85456445 0.73830321]
2020-07-30 00:04:39,970 - root - DEBUG - Updating hall of fame
2020-07-30 00:04:41,168 - root - INFO - Completed generation 180; 2.4s elapsed, 2.0s avg, 3.6e+02s total. Expected time remaining: 4e+01s
2020-07-30 00:04:41,222 - root - INFO - #180 MAX:accuracy.mean: 0.89
2020-07-30 00:04:41,353 - root - DEBUG - Sampled weight [0.60427377 0.81475808 0.94990949 1.64769929 1.92726478]
2020-07-30 00:04:42,509 - root - DEBUG - Updating hall of fame
2020-07-30 00:04:43,112 - root - INFO - Completed generation 181; 1.8s elapsed, 2.0s avg, 3.6e+02s total. Expected time remaining: 3.8e+01s
2020-07-30 00:04:43,167 - root - INFO - #181 MAX:accuracy.mean: 0.85
2020-07-30 00:04:43,211 - root - DEBUG - Sampled weight [0.51849555 0.54570558 1.97642598 0.49196231 1.01595162]
2020-07-30 00:04:44,361 - root - DEBUG - Updating hall of fame
2020-07-30 00:04:45,560 - root - INFO - Completed generation 182; 2.4s elapsed, 2.0s avg, 3.6e+02s total. Expected time remaining: 3.6e+01s
2020-07-30 00:04:45,615 - root - INFO - #182 MAX:accuracy.mean: 0.84
2020-07-30 00:04:45,659 - root - DEBUG - Sampled weight [2.14089756 1.6896922  0.46364621 0.88431676 1.11308979]
2020-07-30 00:04:46,806 - root - DEBUG - Updating hall of fame
2020-07-30 00:04:47,203 - root - INFO - Completed generation 183; 1.6s elapsed, 2.0s avg, 3.6e+02s total. Expected time remaining: 3.4e+01s
2020-07-30 00:04:47,258 - root - INFO - #183 MAX:accuracy.mean: 0.83
2020-07-30 00:04:47,302 - root - DEBUG - Sampled weight [2.06160188 0.39370789 1.13456215 0.57756371 0.60298506]
2020-07-30 00:04:48,461 - root - DEBUG - Updating hall of fame
2020-07-30 00:04:49,666 - root - INFO - Completed generation 184; 2.4s elapsed, 2.0s avg, 3.7e+02s total. Expected time remaining: 3.2e+01s
2020-07-30 00:04:49,720 - root - INFO - #184 MAX:accuracy.mean: 0.83
2020-07-30 00:04:49,765 - root - DEBUG - Sampled weight [1.22704662 2.53781609 1.05100983 1.01492679 1.2637944 ]
2020-07-30 00:04:50,919 - root - DEBUG - Updating hall of fame
2020-07-30 00:04:51,138 - root - INFO - Completed generation 185; 1.4s elapsed, 2.0s avg, 3.7e+02s total. Expected time remaining: 3e+01s
2020-07-30 00:04:51,192 - root - INFO - #185 MAX:accuracy.mean: 0.89
2020-07-30 00:04:51,237 - root - DEBUG - Sampled weight [2.20006153 0.83760695 0.84642537 1.89385053 0.45243151]
2020-07-30 00:04:52,404 - root - DEBUG - Updating hall of fame
2020-07-30 00:04:53,609 - root - INFO - Completed generation 186; 2.4s elapsed, 2.0s avg, 3.7e+02s total. Expected time remaining: 2.8e+01s
2020-07-30 00:04:53,664 - root - INFO - #186 MAX:accuracy.mean: 0.89
2020-07-30 00:04:53,708 - root - DEBUG - Sampled weight [1.37452693 0.74209859 1.11170482 0.7370577  0.8342681 ]
2020-07-30 00:04:54,849 - root - DEBUG - Updating hall of fame
2020-07-30 00:04:55,453 - root - INFO - Completed generation 187; 1.8s elapsed, 2.0s avg, 3.7e+02s total. Expected time remaining: 2.6e+01s
2020-07-30 00:04:55,507 - root - INFO - #187 MAX:accuracy.mean: 0.86
2020-07-30 00:04:55,550 - root - DEBUG - Sampled weight [1.26509589 1.08397159 1.01477832 1.26712702 1.53045377]
2020-07-30 00:04:56,702 - root - DEBUG - Updating hall of fame
2020-07-30 00:04:57,310 - root - INFO - Completed generation 188; 1.8s elapsed, 2.0s avg, 3.7e+02s total. Expected time remaining: 2.4e+01s
2020-07-30 00:04:57,365 - root - INFO - #188 MAX:accuracy.mean: 0.92
2020-07-30 00:04:57,409 - root - DEBUG - Sampled weight [0.39962701 0.99744991 0.71571919 1.48057508 1.81347088]
2020-07-30 00:04:58,583 - root - DEBUG - Updating hall of fame
2020-07-30 00:04:59,608 - root - INFO - Completed generation 189; 2.2s elapsed, 2.0s avg, 3.8e+02s total. Expected time remaining: 2.2e+01s
2020-07-30 00:04:59,662 - root - INFO - #189 MAX:accuracy.mean: 0.89
2020-07-30 00:04:59,707 - root - DEBUG - Sampled weight [1.14152242 0.68777136 0.79472257 1.43472889 1.35692205]
2020-07-30 00:05:00,876 - root - DEBUG - Updating hall of fame
2020-07-30 00:05:01,555 - root - INFO - Completed generation 190; 1.9s elapsed, 2.0s avg, 3.8e+02s total. Expected time remaining: 2e+01s
2020-07-30 00:05:01,612 - root - INFO - #190 MAX:accuracy.mean: 0.88
2020-07-30 00:05:01,735 - root - DEBUG - Sampled weight [1.16747739 2.65313978 1.86043065 1.91182447 1.43353322]
2020-07-30 00:05:02,919 - root - DEBUG - Updating hall of fame
2020-07-30 00:05:03,922 - root - INFO - Completed generation 191; 2.2s elapsed, 2.0s avg, 3.8e+02s total. Expected time remaining: 1.8e+01s
2020-07-30 00:05:03,977 - root - INFO - #191 MAX:accuracy.mean: 0.9
2020-07-30 00:05:04,025 - root - DEBUG - Sampled weight [1.06390271 1.99109741 0.87736793 0.78825162 0.30103934]
2020-07-30 00:05:05,201 - root - DEBUG - Updating hall of fame
2020-07-30 00:05:06,222 - root - INFO - Completed generation 192; 2.2s elapsed, 2.0s avg, 3.8e+02s total. Expected time remaining: 1.6e+01s
2020-07-30 00:05:06,278 - root - INFO - #192 MAX:accuracy.mean: 0.85
2020-07-30 00:05:06,324 - root - DEBUG - Sampled weight [0.6868588  1.41526905 1.97889874 0.48153477 0.83462463]
2020-07-30 00:05:07,502 - root - DEBUG - Updating hall of fame
2020-07-30 00:05:07,710 - root - INFO - Completed generation 193; 1.4s elapsed, 2.0s avg, 3.8e+02s total. Expected time remaining: 1.4e+01s
2020-07-30 00:05:07,766 - root - INFO - #193 MAX:accuracy.mean: 0.88
2020-07-30 00:05:07,811 - root - DEBUG - Sampled weight [0.81323283 2.98267035 0.56534206 1.38911164 1.03647379]
2020-07-30 00:05:08,981 - root - DEBUG - Updating hall of fame
2020-07-30 00:05:09,603 - root - INFO - Completed generation 194; 1.8s elapsed, 2.0s avg, 3.9e+02s total. Expected time remaining: 1.2e+01s
2020-07-30 00:05:09,658 - root - INFO - #194 MAX:accuracy.mean: 0.85
2020-07-30 00:05:09,704 - root - DEBUG - Sampled weight [1.00176746 1.68349288 0.42577197 0.56046917 3.16001428]
2020-07-30 00:05:10,877 - root - DEBUG - Updating hall of fame
2020-07-30 00:05:11,483 - root - INFO - Completed generation 195; 1.8s elapsed, 2.0s avg, 3.9e+02s total. Expected time remaining: 9.9s
2020-07-30 00:05:11,539 - root - INFO - #195 MAX:accuracy.mean: 0.85
2020-07-30 00:05:11,585 - root - DEBUG - Sampled weight [1.1210389  0.78247428 2.05017378 1.08899834 1.20012635]
2020-07-30 00:05:12,752 - root - DEBUG - Updating hall of fame
2020-07-30 00:05:13,180 - root - INFO - Completed generation 196; 1.6s elapsed, 2.0s avg, 3.9e+02s total. Expected time remaining: 7.9s
2020-07-30 00:05:13,237 - root - INFO - #196 MAX:accuracy.mean: 0.92
2020-07-30 00:05:13,281 - root - DEBUG - Sampled weight [1.26106727 0.97326834 0.49484053 0.67718047 0.69212311]
2020-07-30 00:05:14,448 - root - DEBUG - Updating hall of fame
2020-07-30 00:05:15,479 - root - INFO - Completed generation 197; 2.2s elapsed, 2.0s avg, 3.9e+02s total. Expected time remaining: 6.0s
2020-07-30 00:05:15,533 - root - INFO - #197 MAX:accuracy.mean: 0.85
2020-07-30 00:05:15,578 - root - DEBUG - Sampled weight [1.79809936 1.05328575 2.01032487 0.9509687  0.52683935]
2020-07-30 00:05:16,738 - root - DEBUG - Updating hall of fame
2020-07-30 00:05:17,339 - root - INFO - Completed generation 198; 1.8s elapsed, 2.0s avg, 3.9e+02s total. Expected time remaining: 4.0s
2020-07-30 00:05:17,395 - root - INFO - #198 MAX:accuracy.mean: 0.9
2020-07-30 00:05:17,440 - root - DEBUG - Sampled weight [0.61791131 0.94606032 2.42435395 1.30553113 1.25242448]
2020-07-30 00:05:18,602 - root - DEBUG - Updating hall of fame
2020-07-30 00:05:19,626 - root - INFO - Completed generation 199; 2.2s elapsed, 2.0s avg, 4e+02s total. Expected time remaining: 2.0s
2020-07-30 00:05:19,680 - root - INFO - #199 MAX:accuracy.mean: 0.89
2020-07-30 00:05:19,724 - root - DEBUG - Sampled weight [0.41924842 0.66495472 1.33649559 1.02674136 1.20990429]
2020-07-30 00:05:20,893 - root - DEBUG - Updating hall of fame
2020-07-30 00:05:21,506 - root - INFO - Completed generation 200; 1.8s elapsed, 2.0s avg, 4e+02s total. Expected time remaining: 0.0s
2020-07-30 00:05:21,561 - root - INFO - #200 MAX:accuracy.mean: 0.85
2020-07-30 00:05:21,730 - root - DEBUG - Loaded 150 samples.
2020-07-30 00:05:21,735 - root - INFO - Evaluating indivs in hall of fame.
2020-07-30 00:05:23,839 - root - INFO - Completed excution.
