2020-07-27 05:18:26,474 - root - INFO - Package version 0.1.1
2020-07-27 05:18:26,474 - root - INFO - Saving data at /vol/fob-vol1/mi15/plonerma/Lab/rewann/data/2020-07-27_Iris [0, 4, 6, 7, 10]; lognormal 0,0.5; signed: False_000.
2020-07-27 05:18:26,474 - root - DEBUG - Loading training dataset
2020-07-27 05:18:26,561 - root - DEBUG - Loaded 150 samples.
2020-07-27 05:18:26,563 - root - DEBUG - Running experiments with the following parameters:
debug = true
experiment_name = "Iris [0, 4, 6, 7, 10]; lognormal 0,0.5; signed: False"
experiment_path = "data/2020-07-27_Iris [0, 4, 6, 7, 10]; lognormal 0,0.5; signed: False_000"

[config]
num_workers = 1
debug = true
backend = "numpy"

[postopt]
run_postopt = true
compile_report = false
num_weights = 100
num_samples = -1

[sampling]
seed = 0
post_init_seed = false
distribution = "lognormal"
lower_bound = -2
upper_bound = 2
mean = 0
sigma = 0.5
num_weights_per_iteration = 5
num_samples_per_iteration = -1
hof_evaluation_iterations = 20

[task]
name = "iris"
sample_order_seed = 0
test_portion = 0.2
sample_length = 10
num_categories = 8

[storage]
data_base_path = "data"
log_filename = "execution.log"
commit_elite_freq = -1
commit_metrics_freq = 10

[population]
num_generations = 200
size = 100
initial_enabled_edge_prob = 0.05
initial_genes = "full"
hof_size = 10
enable_edge_signs = false
enabled_activation_funcs = [ 0, 4, 6, 7, 10,]

[selection]
use_tournaments = true
elite_ratio = 0.1
culling_ratio = 0.2
tournament_size = 5
objectives = [ "-log_loss.min", "-log_loss.mean", "-n_hidden",]
recorded_metrics = [ "accuracy", "kappa", "log_loss",]
hof_metric = "accuracy.mean"

[mutation.new_edge]
probability = 0.2
strategy = "layer_agnostic"
propability = 0.2

[mutation.new_node]
probability = 0.25
propability = 0.3

[mutation.reenable_edge]
probability = 0.05
propability = 0.1

[mutation.change_activation]
probability = 0.5
propability = 0.4

[mutation.change_edge_sign]
probability = 0.2

[mutation.new_recurrent_edge]
probability = 0.2
strategy = "any"

2020-07-27 05:18:26,574 - root - INFO - Starting evolutionary algorithm
2020-07-27 05:18:26,592 - root - DEBUG - Sampled weight [1.8417063  0.90808171 0.98347836 0.46514702 1.10887419]
2020-07-27 05:18:27,722 - root - DEBUG - Updating hall of fame
2020-07-27 05:18:29,868 - root - INFO - Completed generation 1; 3.3s elapsed, 3.3s avg, 3.3s total. Expected time remaining: 6.6e+02s
2020-07-27 05:18:29,947 - root - INFO - #1 MAX:accuracy.mean: 0.67
2020-07-27 05:18:29,990 - root - DEBUG - Sampled weight [0.85989404 0.56567456 1.11892455 0.77789307 1.98937588]
2020-07-27 05:18:31,039 - root - DEBUG - Updating hall of fame
2020-07-27 05:18:32,881 - root - INFO - Completed generation 2; 2.9s elapsed, 3.1s avg, 6.2s total. Expected time remaining: 6.2e+02s
2020-07-27 05:18:32,941 - root - INFO - #2 MAX:accuracy.mean: 0.67
2020-07-27 05:18:32,983 - root - DEBUG - Sampled weight [0.42445143 1.22450923 0.49390521 1.08595129 0.86583084]
2020-07-27 05:18:34,041 - root - DEBUG - Updating hall of fame
2020-07-27 05:18:35,884 - root - INFO - Completed generation 3; 2.9s elapsed, 3.1s avg, 9.2s total. Expected time remaining: 6e+02s
2020-07-27 05:18:35,936 - root - INFO - #3 MAX:accuracy.mean: 0.67
2020-07-27 05:18:35,977 - root - DEBUG - Sampled weight [1.18724668 1.97972193 0.52909015 1.26963851 0.59264806]
2020-07-27 05:18:37,035 - root - DEBUG - Updating hall of fame
2020-07-27 05:18:38,867 - root - INFO - Completed generation 4; 2.9s elapsed, 3.0s avg, 1.2e+01s total. Expected time remaining: 5.9e+02s
2020-07-27 05:18:38,919 - root - INFO - #4 MAX:accuracy.mean: 0.67
2020-07-27 05:18:38,959 - root - DEBUG - Sampled weight [1.77504777 0.92335063 2.61501607 0.55807782 0.47358185]
2020-07-27 05:18:40,021 - root - DEBUG - Updating hall of fame
2020-07-27 05:18:41,918 - root - INFO - Completed generation 5; 3.0s elapsed, 3.0s avg, 1.5e+01s total. Expected time remaining: 5.9e+02s
2020-07-27 05:18:41,970 - root - INFO - #5 MAX:accuracy.mean: 0.67
2020-07-27 05:18:42,010 - root - DEBUG - Sampled weight [3.19100141 1.31326169 2.0764436  1.32520755 0.50924802]
2020-07-27 05:18:43,076 - root - DEBUG - Updating hall of fame
2020-07-27 05:18:44,423 - root - INFO - Completed generation 6; 2.5s elapsed, 2.9s avg, 1.8e+01s total. Expected time remaining: 5.7e+02s
2020-07-27 05:18:44,474 - root - INFO - #6 MAX:accuracy.mean: 0.67
2020-07-27 05:18:44,514 - root - DEBUG - Sampled weight [0.47317999 1.2985891  0.94840699 0.63937287 0.65480291]
2020-07-27 05:18:45,583 - root - DEBUG - Updating hall of fame
2020-07-27 05:18:46,724 - root - INFO - Completed generation 7; 2.2s elapsed, 2.8s avg, 2e+01s total. Expected time remaining: 5.5e+02s
2020-07-27 05:18:46,776 - root - INFO - #7 MAX:accuracy.mean: 0.67
2020-07-27 05:18:46,816 - root - DEBUG - Sampled weight [1.84922025 0.52838651 0.50564696 0.42636377 0.66739721]
2020-07-27 05:18:47,874 - root - DEBUG - Updating hall of fame
2020-07-27 05:18:49,355 - root - INFO - Completed generation 8; 2.6s elapsed, 2.8s avg, 2.2e+01s total. Expected time remaining: 5.4e+02s
2020-07-27 05:18:49,408 - root - INFO - #8 MAX:accuracy.mean: 0.67
2020-07-27 05:18:49,448 - root - DEBUG - Sampled weight [0.49310425 0.43969294 0.39788789 0.78517371 1.03464595]
2020-07-27 05:18:50,518 - root - DEBUG - Updating hall of fame
2020-07-27 05:18:51,635 - root - INFO - Completed generation 9; 2.2s elapsed, 2.7s avg, 2.5e+01s total. Expected time remaining: 5.2e+02s
2020-07-27 05:18:51,686 - root - INFO - #9 MAX:accuracy.mean: 0.67
2020-07-27 05:18:51,727 - root - DEBUG - Sampled weight [2.1312869  0.87262419 1.7901795  0.91000119 1.38738144]
2020-07-27 05:18:52,798 - root - DEBUG - Updating hall of fame
2020-07-27 05:18:54,302 - root - INFO - Completed generation 10; 2.6s elapsed, 2.7s avg, 2.7e+01s total. Expected time remaining: 5.2e+02s
2020-07-27 05:18:54,354 - root - INFO - #10 MAX:accuracy.mean: 0.67
2020-07-27 05:18:54,432 - root - DEBUG - Sampled weight [0.76626798 0.98095312 1.93375289 2.17771112 0.81430979]
2020-07-27 05:18:55,499 - root - DEBUG - Updating hall of fame
2020-07-27 05:18:56,624 - root - INFO - Completed generation 11; 2.2s elapsed, 2.7s avg, 2.9e+01s total. Expected time remaining: 5.1e+02s
2020-07-27 05:18:56,676 - root - INFO - #11 MAX:accuracy.mean: 0.67
2020-07-27 05:18:56,716 - root - DEBUG - Sampled weight [1.46970207 0.54526715 0.34203756 1.15878415 1.21968107]
2020-07-27 05:18:57,778 - root - DEBUG - Updating hall of fame
2020-07-27 05:18:58,357 - root - INFO - Completed generation 12; 1.7s elapsed, 2.6s avg, 3.1e+01s total. Expected time remaining: 4.9e+02s
2020-07-27 05:18:58,409 - root - INFO - #12 MAX:accuracy.mean: 0.67
2020-07-27 05:18:58,450 - root - DEBUG - Sampled weight [1.88718603 0.6593121  0.87517486 2.12305155 0.6680179 ]
2020-07-27 05:18:59,519 - root - DEBUG - Updating hall of fame
2020-07-27 05:19:00,843 - root - INFO - Completed generation 13; 2.4s elapsed, 2.6s avg, 3.4e+01s total. Expected time remaining: 4.8e+02s
2020-07-27 05:19:00,894 - root - INFO - #13 MAX:accuracy.mean: 0.76
2020-07-27 05:19:00,937 - root - DEBUG - Sampled weight [0.59867494 0.83690546 1.59239308 0.7563983  0.93498413]
2020-07-27 05:19:02,024 - root - DEBUG - Updating hall of fame
2020-07-27 05:19:02,982 - root - INFO - Completed generation 14; 2.1s elapsed, 2.5s avg, 3.6e+01s total. Expected time remaining: 4.7e+02s
2020-07-27 05:19:03,035 - root - INFO - #14 MAX:accuracy.mean: 0.76
2020-07-27 05:19:03,076 - root - DEBUG - Sampled weight [0.67211374 1.3043846  1.22936109 0.53627494 2.60855535]
2020-07-27 05:19:04,139 - root - DEBUG - Updating hall of fame
2020-07-27 05:19:04,525 - root - INFO - Completed generation 15; 1.5s elapsed, 2.5s avg, 3.7e+01s total. Expected time remaining: 4.6e+02s
2020-07-27 05:19:04,576 - root - INFO - #15 MAX:accuracy.mean: 0.75
2020-07-27 05:19:04,617 - root - DEBUG - Sampled weight [0.60135955 0.88395228 1.05852485 0.65834133 0.58303209]
2020-07-27 05:19:05,680 - root - DEBUG - Updating hall of fame
2020-07-27 05:19:06,838 - root - INFO - Completed generation 16; 2.3s elapsed, 2.5s avg, 3.9e+01s total. Expected time remaining: 4.5e+02s
2020-07-27 05:19:06,892 - root - INFO - #16 MAX:accuracy.mean: 0.67
2020-07-27 05:19:06,935 - root - DEBUG - Sampled weight [1.16299701 0.57973926 4.6291326  0.49050302 1.73464977]
2020-07-27 05:19:08,038 - root - DEBUG - Updating hall of fame
2020-07-27 05:19:08,998 - root - INFO - Completed generation 17; 2.1s elapsed, 2.4s avg, 4.2e+01s total. Expected time remaining: 4.5e+02s
2020-07-27 05:19:09,052 - root - INFO - #17 MAX:accuracy.mean: 0.67
2020-07-27 05:19:09,092 - root - DEBUG - Sampled weight [3.12417416 1.53992673 0.89645964 0.69558328 1.5484326 ]
2020-07-27 05:19:10,189 - root - DEBUG - Updating hall of fame
2020-07-27 05:19:11,137 - root - INFO - Completed generation 18; 2.1s elapsed, 2.4s avg, 4.4e+01s total. Expected time remaining: 4.4e+02s
2020-07-27 05:19:11,190 - root - INFO - #18 MAX:accuracy.mean: 0.71
2020-07-27 05:19:11,230 - root - DEBUG - Sampled weight [1.19372669 0.87468054 0.79675682 1.46471972 0.52055671]
2020-07-27 05:19:12,302 - root - DEBUG - Updating hall of fame
2020-07-27 05:19:13,257 - root - INFO - Completed generation 19; 2.1s elapsed, 2.4s avg, 4.6e+01s total. Expected time remaining: 4.4e+02s
2020-07-27 05:19:13,309 - root - INFO - #19 MAX:accuracy.mean: 0.71
2020-07-27 05:19:13,349 - root - DEBUG - Sampled weight [0.99850566 2.03583605 0.70466527 0.78124828 0.7573588 ]
2020-07-27 05:19:14,424 - root - DEBUG - Updating hall of fame
2020-07-27 05:19:15,006 - root - INFO - Completed generation 20; 1.7s elapsed, 2.4s avg, 4.7e+01s total. Expected time remaining: 4.3e+02s
2020-07-27 05:19:15,058 - root - INFO - #20 MAX:accuracy.mean: 0.78
2020-07-27 05:19:15,140 - root - DEBUG - Sampled weight [1.40894211 1.40592856 1.26177767 1.65923203 1.98859569]
2020-07-27 05:19:16,210 - root - DEBUG - Updating hall of fame
2020-07-27 05:19:16,591 - root - INFO - Completed generation 21; 1.5s elapsed, 2.3s avg, 4.9e+01s total. Expected time remaining: 4.2e+02s
2020-07-27 05:19:16,642 - root - INFO - #21 MAX:accuracy.mean: 0.67
2020-07-27 05:19:16,683 - root - DEBUG - Sampled weight [0.99028643 0.54042543 1.50409133 1.90586706 0.62374975]
2020-07-27 05:19:17,753 - root - DEBUG - Updating hall of fame
2020-07-27 05:19:18,319 - root - INFO - Completed generation 22; 1.7s elapsed, 2.3s avg, 5.1e+01s total. Expected time remaining: 4.1e+02s
2020-07-27 05:19:18,371 - root - INFO - #22 MAX:accuracy.mean: 0.75
2020-07-27 05:19:18,412 - root - DEBUG - Sampled weight [0.64420295 0.67462268 0.61872798 2.17841578 0.99741993]
2020-07-27 05:19:19,478 - root - DEBUG - Updating hall of fame
2020-07-27 05:19:20,049 - root - INFO - Completed generation 23; 1.7s elapsed, 2.3s avg, 5.2e+01s total. Expected time remaining: 4e+02s
2020-07-27 05:19:20,101 - root - INFO - #23 MAX:accuracy.mean: 0.84
2020-07-27 05:19:20,140 - root - DEBUG - Sampled weight [1.11427806 0.52568534 2.17741361 1.07165127 1.49391575]
2020-07-27 05:19:21,202 - root - DEBUG - Updating hall of fame
2020-07-27 05:19:21,583 - root - INFO - Completed generation 24; 1.5s elapsed, 2.2s avg, 5.4e+01s total. Expected time remaining: 3.9e+02s
2020-07-27 05:19:21,635 - root - INFO - #24 MAX:accuracy.mean: 0.69
2020-07-27 05:19:21,676 - root - DEBUG - Sampled weight [1.74477645 1.36106051 1.30147827 1.00814408 2.33484246]
2020-07-27 05:19:22,745 - root - DEBUG - Updating hall of fame
2020-07-27 05:19:23,679 - root - INFO - Completed generation 25; 2.0s elapsed, 2.2s avg, 5.6e+01s total. Expected time remaining: 3.9e+02s
2020-07-27 05:19:23,731 - root - INFO - #25 MAX:accuracy.mean: 0.67
2020-07-27 05:19:23,771 - root - DEBUG - Sampled weight [1.58248685 1.62737518 0.66519227 0.68347766 1.3308123 ]
2020-07-27 05:19:24,831 - root - DEBUG - Updating hall of fame
2020-07-27 05:19:26,131 - root - INFO - Completed generation 26; 2.4s elapsed, 2.2s avg, 5.8e+01s total. Expected time remaining: 3.9e+02s
2020-07-27 05:19:26,183 - root - INFO - #26 MAX:accuracy.mean: 0.67
2020-07-27 05:19:26,224 - root - DEBUG - Sampled weight [0.65343689 2.14945736 0.6611902  0.64075855 0.56372714]
2020-07-27 05:19:27,290 - root - DEBUG - Updating hall of fame
2020-07-27 05:19:28,038 - root - INFO - Completed generation 27; 1.9s elapsed, 2.2s avg, 6e+01s total. Expected time remaining: 3.8e+02s
2020-07-27 05:19:28,090 - root - INFO - #27 MAX:accuracy.mean: 0.86
2020-07-27 05:19:28,131 - root - DEBUG - Sampled weight [0.8849505  1.45996892 1.72248697 0.74626337 0.72980206]
2020-07-27 05:19:29,199 - root - DEBUG - Updating hall of fame
2020-07-27 05:19:29,394 - root - INFO - Completed generation 28; 1.3s elapsed, 2.2s avg, 6.1e+01s total. Expected time remaining: 3.8e+02s
2020-07-27 05:19:29,446 - root - INFO - #28 MAX:accuracy.mean: 0.76
2020-07-27 05:19:29,486 - root - DEBUG - Sampled weight [0.88235222 1.80673963 0.88715966 0.99684264 0.93032077]
2020-07-27 05:19:30,550 - root - DEBUG - Updating hall of fame
2020-07-27 05:19:30,927 - root - INFO - Completed generation 29; 1.5s elapsed, 2.2s avg, 6.3e+01s total. Expected time remaining: 3.7e+02s
2020-07-27 05:19:30,980 - root - INFO - #29 MAX:accuracy.mean: 0.86
2020-07-27 05:19:31,020 - root - DEBUG - Sampled weight [1.03095477 0.76693324 0.73723278 2.19113289 0.96955916]
2020-07-27 05:19:32,092 - root - DEBUG - Updating hall of fame
2020-07-27 05:19:32,841 - root - INFO - Completed generation 30; 1.9s elapsed, 2.2s avg, 6.5e+01s total. Expected time remaining: 3.7e+02s
2020-07-27 05:19:32,893 - root - INFO - #30 MAX:accuracy.mean: 0.75
2020-07-27 05:19:32,979 - root - DEBUG - Sampled weight [1.56386825 1.96225553 1.566662   1.3766514  1.28871211]
2020-07-27 05:19:34,055 - root - DEBUG - Updating hall of fame
2020-07-27 05:19:34,440 - root - INFO - Completed generation 31; 1.5s elapsed, 2.1s avg, 6.6e+01s total. Expected time remaining: 3.6e+02s
2020-07-27 05:19:34,492 - root - INFO - #31 MAX:accuracy.mean: 0.68
2020-07-27 05:19:34,533 - root - DEBUG - Sampled weight [0.74954108 1.35135116 2.59389733 0.75666973 0.67714514]
2020-07-27 05:19:35,605 - root - DEBUG - Updating hall of fame
2020-07-27 05:19:36,177 - root - INFO - Completed generation 32; 1.7s elapsed, 2.1s avg, 6.8e+01s total. Expected time remaining: 3.6e+02s
2020-07-27 05:19:36,228 - root - INFO - #32 MAX:accuracy.mean: 0.8
2020-07-27 05:19:36,269 - root - DEBUG - Sampled weight [1.16746321 0.81814773 0.63828144 1.87404443 1.26118123]
2020-07-27 05:19:37,339 - root - DEBUG - Updating hall of fame
2020-07-27 05:19:37,538 - root - INFO - Completed generation 33; 1.3s elapsed, 2.1s avg, 6.9e+01s total. Expected time remaining: 3.5e+02s
2020-07-27 05:19:37,590 - root - INFO - #33 MAX:accuracy.mean: 0.71
2020-07-27 05:19:37,631 - root - DEBUG - Sampled weight [0.81896056 0.36535392 3.25048643 0.60861523 0.73404777]
2020-07-27 05:19:38,709 - root - DEBUG - Updating hall of fame
2020-07-27 05:19:39,659 - root - INFO - Completed generation 34; 2.1s elapsed, 2.1s avg, 7.1e+01s total. Expected time remaining: 3.5e+02s
2020-07-27 05:19:39,715 - root - INFO - #34 MAX:accuracy.mean: 0.76
2020-07-27 05:19:39,758 - root - DEBUG - Sampled weight [1.55920553 1.28094302 1.04019961 1.94451398 0.61488282]
2020-07-27 05:19:40,880 - root - DEBUG - Updating hall of fame
2020-07-27 05:19:41,274 - root - INFO - Completed generation 35; 1.6s elapsed, 2.1s avg, 7.3e+01s total. Expected time remaining: 3.4e+02s
2020-07-27 05:19:41,330 - root - INFO - #35 MAX:accuracy.mean: 0.73
2020-07-27 05:19:41,373 - root - DEBUG - Sampled weight [1.11613817 1.22397837 0.89135018 0.9122149  0.84408794]
2020-07-27 05:19:42,489 - root - DEBUG - Updating hall of fame
2020-07-27 05:19:43,465 - root - INFO - Completed generation 36; 2.1s elapsed, 2.1s avg, 7.5e+01s total. Expected time remaining: 3.4e+02s
2020-07-27 05:19:43,521 - root - INFO - #36 MAX:accuracy.mean: 0.83
2020-07-27 05:19:43,563 - root - DEBUG - Sampled weight [0.45755634 0.85989606 2.05222284 1.07340889 3.65781047]
2020-07-27 05:19:44,689 - root - DEBUG - Updating hall of fame
2020-07-27 05:19:45,270 - root - INFO - Completed generation 37; 1.7s elapsed, 2.1s avg, 7.7e+01s total. Expected time remaining: 3.4e+02s
2020-07-27 05:19:45,326 - root - INFO - #37 MAX:accuracy.mean: 0.67
2020-07-27 05:19:45,369 - root - DEBUG - Sampled weight [0.97571997 0.6037889  1.06432449 2.59879527 0.98361245]
2020-07-27 05:19:46,495 - root - DEBUG - Updating hall of fame
2020-07-27 05:19:46,878 - root - INFO - Completed generation 38; 1.6s elapsed, 2.1s avg, 7.8e+01s total. Expected time remaining: 3.3e+02s
2020-07-27 05:19:47,060 - root - INFO - #38 MAX:accuracy.mean: 0.71
2020-07-27 05:19:47,104 - root - DEBUG - Sampled weight [1.95624564 0.57406961 0.74681485 1.17011579 0.72197343]
2020-07-27 05:19:48,228 - root - DEBUG - Updating hall of fame
2020-07-27 05:19:48,628 - root - INFO - Completed generation 39; 1.6s elapsed, 2.0s avg, 8e+01s total. Expected time remaining: 3.3e+02s
2020-07-27 05:19:48,683 - root - INFO - #39 MAX:accuracy.mean: 0.78
2020-07-27 05:19:48,727 - root - DEBUG - Sampled weight [1.39668251 0.82479286 1.22544799 0.47419184 1.30935472]
2020-07-27 05:19:49,833 - root - DEBUG - Updating hall of fame
2020-07-27 05:19:50,038 - root - INFO - Completed generation 40; 1.4s elapsed, 2.0s avg, 8.1e+01s total. Expected time remaining: 3.2e+02s
2020-07-27 05:19:50,093 - root - INFO - #40 MAX:accuracy.mean: 0.68
2020-07-27 05:19:50,196 - root - DEBUG - Sampled weight [1.02164485 0.7928254  2.0596895  1.06632485 1.26660912]
2020-07-27 05:19:51,324 - root - DEBUG - Updating hall of fame
2020-07-27 05:19:51,912 - root - INFO - Completed generation 41; 1.8s elapsed, 2.0s avg, 8.3e+01s total. Expected time remaining: 3.2e+02s
2020-07-27 05:19:51,968 - root - INFO - #41 MAX:accuracy.mean: 0.73
2020-07-27 05:19:52,010 - root - DEBUG - Sampled weight [0.71199693 1.71596472 2.07825594 0.60384542 0.73813258]
2020-07-27 05:19:53,140 - root - DEBUG - Updating hall of fame
2020-07-27 05:19:53,741 - root - INFO - Completed generation 42; 1.8s elapsed, 2.0s avg, 8.5e+01s total. Expected time remaining: 3.2e+02s
2020-07-27 05:19:53,798 - root - INFO - #42 MAX:accuracy.mean: 0.79
2020-07-27 05:19:53,840 - root - DEBUG - Sampled weight [0.54701715 0.93062566 0.94492951 1.06939157 0.49293969]
2020-07-27 05:19:54,980 - root - DEBUG - Updating hall of fame
2020-07-27 05:19:55,177 - root - INFO - Completed generation 43; 1.4s elapsed, 2.0s avg, 8.6e+01s total. Expected time remaining: 3.1e+02s
2020-07-27 05:19:55,233 - root - INFO - #43 MAX:accuracy.mean: 0.72
2020-07-27 05:19:55,277 - root - DEBUG - Sampled weight [0.31895119 0.68296882 1.2977118  1.61842043 2.20663196]
2020-07-27 05:19:56,409 - root - DEBUG - Updating hall of fame
2020-07-27 05:19:56,999 - root - INFO - Completed generation 44; 1.8s elapsed, 2.0s avg, 8.8e+01s total. Expected time remaining: 3.1e+02s
2020-07-27 05:19:57,056 - root - INFO - #44 MAX:accuracy.mean: 0.66
2020-07-27 05:19:57,101 - root - DEBUG - Sampled weight [0.90968045 1.63725835 1.52129337 0.8129866  1.58321152]
2020-07-27 05:19:58,216 - root - DEBUG - Updating hall of fame
2020-07-27 05:19:59,187 - root - INFO - Completed generation 45; 2.1s elapsed, 2.0s avg, 9e+01s total. Expected time remaining: 3.1e+02s
2020-07-27 05:19:59,243 - root - INFO - #45 MAX:accuracy.mean: 0.67
2020-07-27 05:19:59,288 - root - DEBUG - Sampled weight [1.30809894 0.71818957 2.93081481 0.94967959 0.91059236]
2020-07-27 05:20:00,427 - root - DEBUG - Updating hall of fame
2020-07-27 05:20:01,449 - root - INFO - Completed generation 46; 2.2s elapsed, 2.0s avg, 9.2e+01s total. Expected time remaining: 3.1e+02s
2020-07-27 05:20:01,516 - root - INFO - #46 MAX:accuracy.mean: 0.72
2020-07-27 05:20:01,565 - root - DEBUG - Sampled weight [0.50847194 2.59958128 0.75470773 0.57019693 1.54190087]
2020-07-27 05:20:02,890 - root - DEBUG - Updating hall of fame
2020-07-27 05:20:03,348 - root - INFO - Completed generation 47; 1.8s elapsed, 2.0s avg, 9.4e+01s total. Expected time remaining: 3.1e+02s
2020-07-27 05:20:03,414 - root - INFO - #47 MAX:accuracy.mean: 0.67
2020-07-27 05:20:03,465 - root - DEBUG - Sampled weight [1.6079012  1.0147933  0.69851085 0.69134696 0.62770352]
2020-07-27 05:20:04,574 - root - DEBUG - Updating hall of fame
2020-07-27 05:20:04,944 - root - INFO - Completed generation 48; 1.5s elapsed, 2.0s avg, 9.5e+01s total. Expected time remaining: 3e+02s
2020-07-27 05:20:04,997 - root - INFO - #48 MAX:accuracy.mean: 0.67
2020-07-27 05:20:05,038 - root - DEBUG - Sampled weight [1.90897176 1.15009205 2.05601013 1.18291613 1.2429091 ]
2020-07-27 05:20:06,136 - root - DEBUG - Updating hall of fame
2020-07-27 05:20:06,695 - root - INFO - Completed generation 49; 1.7s elapsed, 2.0s avg, 9.7e+01s total. Expected time remaining: 3e+02s
2020-07-27 05:20:06,748 - root - INFO - #49 MAX:accuracy.mean: 0.67
2020-07-27 05:20:06,788 - root - DEBUG - Sampled weight [1.0227045  1.07481063 0.83962237 0.87401251 0.96080977]
2020-07-27 05:20:07,882 - root - DEBUG - Updating hall of fame
2020-07-27 05:20:08,277 - root - INFO - Completed generation 50; 1.5s elapsed, 2.0s avg, 9.9e+01s total. Expected time remaining: 3e+02s
2020-07-27 05:20:08,330 - root - INFO - #50 MAX:accuracy.mean: 0.71
2020-07-27 05:20:08,420 - root - DEBUG - Sampled weight [0.57208558 2.70346204 1.96833275 0.87877832 1.2322189 ]
2020-07-27 05:20:09,518 - root - DEBUG - Updating hall of fame
2020-07-27 05:20:09,703 - root - INFO - Completed generation 51; 1.3s elapsed, 2.0s avg, 1e+02s total. Expected time remaining: 2.9e+02s
2020-07-27 05:20:09,755 - root - INFO - #51 MAX:accuracy.mean: 0.71
2020-07-27 05:20:09,797 - root - DEBUG - Sampled weight [1.17393884 0.91999383 0.54747621 0.51328681 1.72953774]
2020-07-27 05:20:10,886 - root - DEBUG - Updating hall of fame
2020-07-27 05:20:11,459 - root - INFO - Completed generation 52; 1.7s elapsed, 2.0s avg, 1e+02s total. Expected time remaining: 2.9e+02s
2020-07-27 05:20:11,513 - root - INFO - #52 MAX:accuracy.mean: 0.65
2020-07-27 05:20:11,556 - root - DEBUG - Sampled weight [1.01574622 2.44619084 1.05754208 1.92511756 0.70071323]
2020-07-27 05:20:12,660 - root - DEBUG - Updating hall of fame
2020-07-27 05:20:13,601 - root - INFO - Completed generation 53; 2.1s elapsed, 2.0s avg, 1e+02s total. Expected time remaining: 2.9e+02s
2020-07-27 05:20:13,655 - root - INFO - #53 MAX:accuracy.mean: 0.71
2020-07-27 05:20:13,697 - root - DEBUG - Sampled weight [1.06100661 0.98364518 0.70464282 0.52468845 0.67448424]
2020-07-27 05:20:14,784 - root - DEBUG - Updating hall of fame
2020-07-27 05:20:15,735 - root - INFO - Completed generation 54; 2.1s elapsed, 2.0s avg, 1.1e+02s total. Expected time remaining: 2.9e+02s
2020-07-27 05:20:15,788 - root - INFO - #54 MAX:accuracy.mean: 0.72
2020-07-27 05:20:15,828 - root - DEBUG - Sampled weight [1.0490589  0.9834777  0.50276052 1.49035334 0.98016633]
2020-07-27 05:20:16,903 - root - DEBUG - Updating hall of fame
2020-07-27 05:20:18,091 - root - INFO - Completed generation 55; 2.3s elapsed, 2.0s avg, 1.1e+02s total. Expected time remaining: 2.9e+02s
2020-07-27 05:20:18,152 - root - INFO - #55 MAX:accuracy.mean: 0.67
2020-07-27 05:20:18,197 - root - DEBUG - Sampled weight [1.01667694 0.88835393 1.82377171 1.21347403 2.1020841 ]
2020-07-27 05:20:19,348 - root - DEBUG - Updating hall of fame
2020-07-27 05:20:20,731 - root - INFO - Completed generation 56; 2.6s elapsed, 2.0s avg, 1.1e+02s total. Expected time remaining: 2.8e+02s
2020-07-27 05:20:20,789 - root - INFO - #56 MAX:accuracy.mean: 0.72
2020-07-27 05:20:20,834 - root - DEBUG - Sampled weight [1.18831965 0.58393958 1.0533953  0.75609292 2.94404921]
2020-07-27 05:20:21,976 - root - DEBUG - Updating hall of fame
2020-07-27 05:20:22,772 - root - INFO - Completed generation 57; 2.0s elapsed, 2.0s avg, 1.1e+02s total. Expected time remaining: 2.8e+02s
2020-07-27 05:20:22,831 - root - INFO - #57 MAX:accuracy.mean: 0.67
2020-07-27 05:20:22,875 - root - DEBUG - Sampled weight [0.44531575 0.6998075  1.33285264 2.18342707 0.92419849]
2020-07-27 05:20:24,013 - root - DEBUG - Updating hall of fame
2020-07-27 05:20:24,634 - root - INFO - Completed generation 58; 1.8s elapsed, 2.0s avg, 1.1e+02s total. Expected time remaining: 2.8e+02s
2020-07-27 05:20:24,692 - root - INFO - #58 MAX:accuracy.mean: 0.73
2020-07-27 05:20:24,736 - root - DEBUG - Sampled weight [2.93149354 0.97792611 1.39526562 0.6242551  2.31629132]
2020-07-27 05:20:25,873 - root - DEBUG - Updating hall of fame
2020-07-27 05:20:26,490 - root - INFO - Completed generation 59; 1.8s elapsed, 2.0s avg, 1.2e+02s total. Expected time remaining: 2.8e+02s
2020-07-27 05:20:26,548 - root - INFO - #59 MAX:accuracy.mean: 0.68
2020-07-27 05:20:26,593 - root - DEBUG - Sampled weight [3.91378517 2.40320465 1.34992491 1.73406051 1.12250456]
2020-07-27 05:20:27,736 - root - DEBUG - Updating hall of fame
2020-07-27 05:20:28,339 - root - INFO - Completed generation 60; 1.8s elapsed, 2.0s avg, 1.2e+02s total. Expected time remaining: 2.8e+02s
2020-07-27 05:20:28,397 - root - INFO - #60 MAX:accuracy.mean: 0.79
2020-07-27 05:20:28,488 - root - DEBUG - Sampled weight [0.7841839  1.11930432 0.8744912  0.84549931 1.17155597]
2020-07-27 05:20:29,619 - root - DEBUG - Updating hall of fame
2020-07-27 05:20:29,825 - root - INFO - Completed generation 61; 1.4s elapsed, 2.0s avg, 1.2e+02s total. Expected time remaining: 2.7e+02s
2020-07-27 05:20:29,881 - root - INFO - #61 MAX:accuracy.mean: 0.7
2020-07-27 05:20:29,925 - root - DEBUG - Sampled weight [0.33175254 1.17851014 0.97042785 1.10976527 1.16889233]
2020-07-27 05:20:31,047 - root - DEBUG - Updating hall of fame
2020-07-27 05:20:32,028 - root - INFO - Completed generation 62; 2.1s elapsed, 2.0s avg, 1.2e+02s total. Expected time remaining: 2.7e+02s
2020-07-27 05:20:32,084 - root - INFO - #62 MAX:accuracy.mean: 0.75
2020-07-27 05:20:32,127 - root - DEBUG - Sampled weight [0.62835686 2.83093583 2.68342301 0.50220666 0.96742379]
2020-07-27 05:20:33,250 - root - DEBUG - Updating hall of fame
2020-07-27 05:20:34,038 - root - INFO - Completed generation 63; 2.0s elapsed, 2.0s avg, 1.2e+02s total. Expected time remaining: 2.7e+02s
2020-07-27 05:20:34,094 - root - INFO - #63 MAX:accuracy.mean: 0.67
2020-07-27 05:20:34,137 - root - DEBUG - Sampled weight [0.50176586 1.25048069 0.41360302 0.62090057 1.40828891]
2020-07-27 05:20:35,256 - root - DEBUG - Updating hall of fame
2020-07-27 05:20:35,467 - root - INFO - Completed generation 64; 1.4s elapsed, 2.0s avg, 1.3e+02s total. Expected time remaining: 2.7e+02s
2020-07-27 05:20:35,523 - root - INFO - #64 MAX:accuracy.mean: 0.71
2020-07-27 05:20:35,565 - root - DEBUG - Sampled weight [1.57689596 1.54325362 1.11944685 0.94744359 0.99395688]
2020-07-27 05:20:36,693 - root - DEBUG - Updating hall of fame
2020-07-27 05:20:37,289 - root - INFO - Completed generation 65; 1.8s elapsed, 2.0s avg, 1.3e+02s total. Expected time remaining: 2.6e+02s
2020-07-27 05:20:37,346 - root - INFO - #65 MAX:accuracy.mean: 0.71
2020-07-27 05:20:37,390 - root - DEBUG - Sampled weight [2.74758153 0.90325122 0.955834   0.83146312 0.7759664 ]
2020-07-27 05:20:38,530 - root - DEBUG - Updating hall of fame
2020-07-27 05:20:39,136 - root - INFO - Completed generation 66; 1.8s elapsed, 1.9s avg, 1.3e+02s total. Expected time remaining: 2.6e+02s
2020-07-27 05:20:39,194 - root - INFO - #66 MAX:accuracy.mean: 0.76
2020-07-27 05:20:39,237 - root - DEBUG - Sampled weight [1.01931243 0.79214248 1.02461587 0.97899023 1.77361829]
2020-07-27 05:20:40,376 - root - DEBUG - Updating hall of fame
2020-07-27 05:20:41,183 - root - INFO - Completed generation 67; 2.0s elapsed, 1.9s avg, 1.3e+02s total. Expected time remaining: 2.6e+02s
2020-07-27 05:20:41,241 - root - INFO - #67 MAX:accuracy.mean: 0.71
2020-07-27 05:20:41,285 - root - DEBUG - Sampled weight [1.47370375 0.37746941 0.50732241 1.26587508 0.80683952]
2020-07-27 05:20:42,428 - root - DEBUG - Updating hall of fame
2020-07-27 05:20:43,428 - root - INFO - Completed generation 68; 2.2s elapsed, 2.0s avg, 1.3e+02s total. Expected time remaining: 2.6e+02s
2020-07-27 05:20:43,485 - root - INFO - #68 MAX:accuracy.mean: 0.68
2020-07-27 05:20:43,529 - root - DEBUG - Sampled weight [1.65348883 2.14555063 2.06583313 0.8717457  0.82606776]
2020-07-27 05:20:44,651 - root - DEBUG - Updating hall of fame
2020-07-27 05:20:45,061 - root - INFO - Completed generation 69; 1.6s elapsed, 1.9s avg, 1.3e+02s total. Expected time remaining: 2.6e+02s
2020-07-27 05:20:45,118 - root - INFO - #69 MAX:accuracy.mean: 0.76
2020-07-27 05:20:45,161 - root - DEBUG - Sampled weight [2.52249615 0.93875957 1.83619109 0.92401336 1.16877089]
2020-07-27 05:20:46,296 - root - DEBUG - Updating hall of fame
2020-07-27 05:20:46,910 - root - INFO - Completed generation 70; 1.8s elapsed, 1.9s avg, 1.4e+02s total. Expected time remaining: 2.5e+02s
2020-07-27 05:20:46,966 - root - INFO - #70 MAX:accuracy.mean: 0.72
2020-07-27 05:20:47,070 - root - DEBUG - Sampled weight [0.42133143 0.44993308 0.45793175 0.82345957 0.58866646]
2020-07-27 05:20:48,209 - root - DEBUG - Updating hall of fame
2020-07-27 05:20:48,629 - root - INFO - Completed generation 71; 1.6s elapsed, 1.9s avg, 1.4e+02s total. Expected time remaining: 2.5e+02s
2020-07-27 05:20:48,687 - root - INFO - #71 MAX:accuracy.mean: 0.81
2020-07-27 05:20:48,731 - root - DEBUG - Sampled weight [1.10821772 0.89352868 0.64605203 1.48304502 3.03066269]
2020-07-27 05:20:49,869 - root - DEBUG - Updating hall of fame
2020-07-27 05:20:50,289 - root - INFO - Completed generation 72; 1.6s elapsed, 1.9s avg, 1.4e+02s total. Expected time remaining: 2.5e+02s
2020-07-27 05:20:50,347 - root - INFO - #72 MAX:accuracy.mean: 0.68
2020-07-27 05:20:50,391 - root - DEBUG - Sampled weight [3.17040336 1.2157879  0.91199989 0.74306772 1.24664797]
2020-07-27 05:20:51,528 - root - DEBUG - Updating hall of fame
2020-07-27 05:20:51,943 - root - INFO - Completed generation 73; 1.6s elapsed, 1.9s avg, 1.4e+02s total. Expected time remaining: 2.5e+02s
2020-07-27 05:20:51,999 - root - INFO - #73 MAX:accuracy.mean: 0.7
2020-07-27 05:20:52,043 - root - DEBUG - Sampled weight [0.93643848 1.03401083 1.15471468 0.40409951 1.57357847]
2020-07-27 05:20:53,172 - root - DEBUG - Updating hall of fame
2020-07-27 05:20:53,588 - root - INFO - Completed generation 74; 1.6s elapsed, 1.9s avg, 1.4e+02s total. Expected time remaining: 2.4e+02s
2020-07-27 05:20:53,646 - root - INFO - #74 MAX:accuracy.mean: 0.68
2020-07-27 05:20:53,690 - root - DEBUG - Sampled weight [0.67369425 0.53585039 1.46294691 0.55104147 0.50635725]
2020-07-27 05:20:54,830 - root - DEBUG - Updating hall of fame
2020-07-27 05:20:55,638 - root - INFO - Completed generation 75; 2.0s elapsed, 1.9s avg, 1.4e+02s total. Expected time remaining: 2.4e+02s
2020-07-27 05:20:55,695 - root - INFO - #75 MAX:accuracy.mean: 0.78
2020-07-27 05:20:55,739 - root - DEBUG - Sampled weight [1.84256706 0.47105401 0.84698871 3.5080918  1.49114541]
2020-07-27 05:20:56,873 - root - DEBUG - Updating hall of fame
2020-07-27 05:20:57,290 - root - INFO - Completed generation 76; 1.6s elapsed, 1.9s avg, 1.5e+02s total. Expected time remaining: 2.4e+02s
2020-07-27 05:20:57,347 - root - INFO - #76 MAX:accuracy.mean: 0.71
2020-07-27 05:20:57,391 - root - DEBUG - Sampled weight [0.83453036 0.76189573 2.97054143 0.78267928 2.22749203]
2020-07-27 05:20:58,516 - root - DEBUG - Updating hall of fame
2020-07-27 05:20:59,116 - root - INFO - Completed generation 77; 1.8s elapsed, 1.9s avg, 1.5e+02s total. Expected time remaining: 2.4e+02s
2020-07-27 05:20:59,173 - root - INFO - #77 MAX:accuracy.mean: 0.73
2020-07-27 05:20:59,220 - root - DEBUG - Sampled weight [0.88531483 2.0480926  0.86382785 1.21994617 1.04433499]
2020-07-27 05:21:00,347 - root - DEBUG - Updating hall of fame
2020-07-27 05:21:00,957 - root - INFO - Completed generation 78; 1.8s elapsed, 1.9s avg, 1.5e+02s total. Expected time remaining: 2.3e+02s
2020-07-27 05:21:01,014 - root - INFO - #78 MAX:accuracy.mean: 0.8
2020-07-27 05:21:01,058 - root - DEBUG - Sampled weight [1.12239981 0.62012618 1.26210307 0.77508007 1.09152041]
2020-07-27 05:21:02,193 - root - DEBUG - Updating hall of fame
2020-07-27 05:21:03,011 - root - INFO - Completed generation 79; 2.0s elapsed, 1.9s avg, 1.5e+02s total. Expected time remaining: 2.3e+02s
2020-07-27 05:21:03,068 - root - INFO - #79 MAX:accuracy.mean: 0.76
2020-07-27 05:21:03,112 - root - DEBUG - Sampled weight [2.48051023 0.59397267 2.19514854 1.05258004 0.91292405]
2020-07-27 05:21:04,246 - root - DEBUG - Updating hall of fame
2020-07-27 05:21:05,465 - root - INFO - Completed generation 80; 2.4s elapsed, 1.9s avg, 1.5e+02s total. Expected time remaining: 2.3e+02s
2020-07-27 05:21:05,523 - root - INFO - #80 MAX:accuracy.mean: 0.81
2020-07-27 05:21:05,614 - root - DEBUG - Sampled weight [1.59538606 0.76616241 1.66261888 1.15307511 1.12647235]
2020-07-27 05:21:06,756 - root - DEBUG - Updating hall of fame
2020-07-27 05:21:07,976 - root - INFO - Completed generation 81; 2.4s elapsed, 1.9s avg, 1.6e+02s total. Expected time remaining: 2.3e+02s
2020-07-27 05:21:08,034 - root - INFO - #81 MAX:accuracy.mean: 0.9
2020-07-27 05:21:08,078 - root - DEBUG - Sampled weight [0.8463936  0.49128372 1.57066553 1.1416989  0.77663053]
2020-07-27 05:21:09,228 - root - DEBUG - Updating hall of fame
2020-07-27 05:21:10,462 - root - INFO - Completed generation 82; 2.4s elapsed, 1.9s avg, 1.6e+02s total. Expected time remaining: 2.3e+02s
2020-07-27 05:21:10,520 - root - INFO - #82 MAX:accuracy.mean: 0.88
2020-07-27 05:21:10,564 - root - DEBUG - Sampled weight [1.08918613 0.4641994  1.0319855  1.55785525 0.90464783]
2020-07-27 05:21:11,715 - root - DEBUG - Updating hall of fame
2020-07-27 05:21:12,946 - root - INFO - Completed generation 83; 2.4s elapsed, 1.9s avg, 1.6e+02s total. Expected time remaining: 2.3e+02s
2020-07-27 05:21:13,004 - root - INFO - #83 MAX:accuracy.mean: 0.88
2020-07-27 05:21:13,049 - root - DEBUG - Sampled weight [0.54850258 0.862879   1.17246309 2.72274399 1.12547126]
2020-07-27 05:21:14,198 - root - DEBUG - Updating hall of fame
2020-07-27 05:21:15,023 - root - INFO - Completed generation 84; 2.0s elapsed, 1.9s avg, 1.6e+02s total. Expected time remaining: 2.3e+02s
2020-07-27 05:21:15,080 - root - INFO - #84 MAX:accuracy.mean: 0.82
2020-07-27 05:21:15,124 - root - DEBUG - Sampled weight [0.53623697 0.34059218 1.36785533 1.02651386 1.77820122]
2020-07-27 05:21:16,277 - root - DEBUG - Updating hall of fame
2020-07-27 05:21:16,904 - root - INFO - Completed generation 85; 1.8s elapsed, 1.9s avg, 1.7e+02s total. Expected time remaining: 2.2e+02s
2020-07-27 05:21:16,962 - root - INFO - #85 MAX:accuracy.mean: 0.82
2020-07-27 05:21:17,006 - root - DEBUG - Sampled weight [0.50000943 2.30504315 0.8238554  1.50369565 1.76841168]
2020-07-27 05:21:18,155 - root - DEBUG - Updating hall of fame
2020-07-27 05:21:18,764 - root - INFO - Completed generation 86; 1.8s elapsed, 1.9s avg, 1.7e+02s total. Expected time remaining: 2.2e+02s
2020-07-27 05:21:18,822 - root - INFO - #86 MAX:accuracy.mean: 0.86
2020-07-27 05:21:18,866 - root - DEBUG - Sampled weight [0.76235742 1.38774332 1.97640066 0.75689718 1.66905443]
2020-07-27 05:21:20,017 - root - DEBUG - Updating hall of fame
2020-07-27 05:21:20,828 - root - INFO - Completed generation 87; 2.0s elapsed, 1.9s avg, 1.7e+02s total. Expected time remaining: 2.2e+02s
2020-07-27 05:21:20,886 - root - INFO - #87 MAX:accuracy.mean: 0.9
2020-07-27 05:21:20,931 - root - DEBUG - Sampled weight [0.48130954 1.21762377 0.48119621 0.65416006 1.0147732 ]
2020-07-27 05:21:22,092 - root - DEBUG - Updating hall of fame
2020-07-27 05:21:22,720 - root - INFO - Completed generation 88; 1.8s elapsed, 1.9s avg, 1.7e+02s total. Expected time remaining: 2.2e+02s
2020-07-27 05:21:22,778 - root - INFO - #88 MAX:accuracy.mean: 0.84
2020-07-27 05:21:22,823 - root - DEBUG - Sampled weight [1.62781423 0.38031189 1.14125538 0.68467905 1.05582607]
2020-07-27 05:21:23,976 - root - DEBUG - Updating hall of fame
2020-07-27 05:21:24,609 - root - INFO - Completed generation 89; 1.8s elapsed, 1.9s avg, 1.7e+02s total. Expected time remaining: 2.2e+02s
2020-07-27 05:21:24,667 - root - INFO - #89 MAX:accuracy.mean: 0.84
2020-07-27 05:21:24,712 - root - DEBUG - Sampled weight [1.19962572 0.63862376 1.51343191 1.48021193 0.84958416]
2020-07-27 05:21:25,864 - root - DEBUG - Updating hall of fame
2020-07-27 05:21:26,482 - root - INFO - Completed generation 90; 1.8s elapsed, 1.9s avg, 1.7e+02s total. Expected time remaining: 2.1e+02s
2020-07-27 05:21:26,539 - root - INFO - #90 MAX:accuracy.mean: 0.85
2020-07-27 05:21:26,631 - root - DEBUG - Sampled weight [0.58444931 0.90011802 1.54983293 0.58352384 0.88249087]
2020-07-27 05:21:27,777 - root - DEBUG - Updating hall of fame
2020-07-27 05:21:28,784 - root - INFO - Completed generation 91; 2.2s elapsed, 1.9s avg, 1.8e+02s total. Expected time remaining: 2.1e+02s
2020-07-27 05:21:28,842 - root - INFO - #91 MAX:accuracy.mean: 0.88
2020-07-27 05:21:28,886 - root - DEBUG - Sampled weight [0.62991751 0.84521386 0.77144103 0.74590169 0.9086507 ]
2020-07-27 05:21:30,041 - root - DEBUG - Updating hall of fame
2020-07-27 05:21:30,853 - root - INFO - Completed generation 92; 2.0s elapsed, 1.9s avg, 1.8e+02s total. Expected time remaining: 2.1e+02s
2020-07-27 05:21:30,910 - root - INFO - #92 MAX:accuracy.mean: 0.92
2020-07-27 05:21:30,955 - root - DEBUG - Sampled weight [0.64222178 1.20907074 1.07941724 0.64917945 0.8903232 ]
2020-07-27 05:21:32,086 - root - DEBUG - Updating hall of fame
2020-07-27 05:21:32,700 - root - INFO - Completed generation 93; 1.8s elapsed, 1.9s avg, 1.8e+02s total. Expected time remaining: 2.1e+02s
2020-07-27 05:21:32,756 - root - INFO - #93 MAX:accuracy.mean: 0.83
2020-07-27 05:21:32,801 - root - DEBUG - Sampled weight [1.21090287 5.46877205 0.52426467 1.349299   0.85118891]
2020-07-27 05:21:33,949 - root - DEBUG - Updating hall of fame
2020-07-27 05:21:34,567 - root - INFO - Completed generation 94; 1.8s elapsed, 1.9s avg, 1.8e+02s total. Expected time remaining: 2.1e+02s
2020-07-27 05:21:34,624 - root - INFO - #94 MAX:accuracy.mean: 0.82
2020-07-27 05:21:34,668 - root - DEBUG - Sampled weight [1.25539547 1.13533904 1.5590118  0.89143102 0.95712295]
2020-07-27 05:21:35,807 - root - DEBUG - Updating hall of fame
2020-07-27 05:21:36,410 - root - INFO - Completed generation 95; 1.8s elapsed, 1.9s avg, 1.8e+02s total. Expected time remaining: 2e+02s
2020-07-27 05:21:36,468 - root - INFO - #95 MAX:accuracy.mean: 0.87
2020-07-27 05:21:36,512 - root - DEBUG - Sampled weight [2.8073426  2.38390962 0.38377514 0.5818444  1.61246643]
2020-07-27 05:21:37,655 - root - DEBUG - Updating hall of fame
2020-07-27 05:21:38,659 - root - INFO - Completed generation 96; 2.2s elapsed, 1.9s avg, 1.9e+02s total. Expected time remaining: 2e+02s
2020-07-27 05:21:38,717 - root - INFO - #96 MAX:accuracy.mean: 0.83
2020-07-27 05:21:38,762 - root - DEBUG - Sampled weight [1.58274278 0.67119876 0.59907398 0.38565689 0.62550745]
2020-07-27 05:21:39,908 - root - DEBUG - Updating hall of fame
2020-07-27 05:21:40,726 - root - INFO - Completed generation 97; 2.0s elapsed, 1.9s avg, 1.9e+02s total. Expected time remaining: 2e+02s
2020-07-27 05:21:40,784 - root - INFO - #97 MAX:accuracy.mean: 0.86
2020-07-27 05:21:40,827 - root - DEBUG - Sampled weight [1.36538499 1.00078646 0.85549655 0.44142517 1.31409369]
2020-07-27 05:21:41,974 - root - DEBUG - Updating hall of fame
2020-07-27 05:21:42,991 - root - INFO - Completed generation 98; 2.2s elapsed, 1.9s avg, 1.9e+02s total. Expected time remaining: 2e+02s
2020-07-27 05:21:43,051 - root - INFO - #98 MAX:accuracy.mean: 0.86
2020-07-27 05:21:43,096 - root - DEBUG - Sampled weight [0.54742562 0.80673068 0.35714992 0.55846498 2.82835825]
2020-07-27 05:21:44,240 - root - DEBUG - Updating hall of fame
2020-07-27 05:21:45,041 - root - INFO - Completed generation 99; 2.0s elapsed, 1.9s avg, 1.9e+02s total. Expected time remaining: 2e+02s
2020-07-27 05:21:45,097 - root - INFO - #99 MAX:accuracy.mean: 0.8
2020-07-27 05:21:45,140 - root - DEBUG - Sampled weight [0.62841048 2.98734236 0.622854   0.83962788 0.97877911]
2020-07-27 05:21:46,288 - root - DEBUG - Updating hall of fame
2020-07-27 05:21:46,497 - root - INFO - Completed generation 100; 1.4s elapsed, 1.9s avg, 1.9e+02s total. Expected time remaining: 1.9e+02s
2020-07-27 05:21:46,555 - root - INFO - #100 MAX:accuracy.mean: 0.88
2020-07-27 05:21:46,657 - root - DEBUG - Sampled weight [0.8078465  0.81685228 1.02986726 1.12130035 0.6939344 ]
2020-07-27 05:21:47,805 - root - DEBUG - Updating hall of fame
2020-07-27 05:21:48,015 - root - INFO - Completed generation 101; 1.4s elapsed, 1.9s avg, 2e+02s total. Expected time remaining: 1.9e+02s
2020-07-27 05:21:48,073 - root - INFO - #101 MAX:accuracy.mean: 0.91
2020-07-27 05:21:48,117 - root - DEBUG - Sampled weight [1.32034651 0.73674441 0.86709896 1.25968539 1.09946892]
2020-07-27 05:21:49,263 - root - DEBUG - Updating hall of fame
2020-07-27 05:21:49,867 - root - INFO - Completed generation 102; 1.8s elapsed, 1.9s avg, 2e+02s total. Expected time remaining: 1.9e+02s
2020-07-27 05:21:49,925 - root - INFO - #102 MAX:accuracy.mean: 0.84
2020-07-27 05:21:49,969 - root - DEBUG - Sampled weight [1.07667225 1.65354508 1.02908463 0.40362216 0.90423928]
2020-07-27 05:21:51,111 - root - DEBUG - Updating hall of fame
2020-07-27 05:21:51,914 - root - INFO - Completed generation 103; 2.0s elapsed, 1.9s avg, 2e+02s total. Expected time remaining: 1.9e+02s
2020-07-27 05:21:51,970 - root - INFO - #103 MAX:accuracy.mean: 0.89
2020-07-27 05:21:52,014 - root - DEBUG - Sampled weight [0.74491786 0.77757518 0.96954342 0.29138753 1.03186717]
2020-07-27 05:21:53,161 - root - DEBUG - Updating hall of fame
2020-07-27 05:21:53,568 - root - INFO - Completed generation 104; 1.6s elapsed, 1.9s avg, 2e+02s total. Expected time remaining: 1.9e+02s
2020-07-27 05:21:53,626 - root - INFO - #104 MAX:accuracy.mean: 0.8
2020-07-27 05:21:53,671 - root - DEBUG - Sampled weight [1.74575232 1.20473385 1.10256813 3.6817242  1.21062808]
2020-07-27 05:21:54,821 - root - DEBUG - Updating hall of fame
2020-07-27 05:21:55,424 - root - INFO - Completed generation 105; 1.8s elapsed, 1.9s avg, 2e+02s total. Expected time remaining: 1.8e+02s
2020-07-27 05:21:55,481 - root - INFO - #105 MAX:accuracy.mean: 0.87
2020-07-27 05:21:55,526 - root - DEBUG - Sampled weight [1.30999343 0.88800934 0.75782692 0.57898178 0.89945786]
2020-07-27 05:21:56,673 - root - DEBUG - Updating hall of fame
2020-07-27 05:21:57,285 - root - INFO - Completed generation 106; 1.8s elapsed, 1.9s avg, 2e+02s total. Expected time remaining: 1.8e+02s
2020-07-27 05:21:57,343 - root - INFO - #106 MAX:accuracy.mean: 0.91
2020-07-27 05:21:57,388 - root - DEBUG - Sampled weight [0.98473929 0.9818959  0.75660702 0.78315714 1.47716047]
2020-07-27 05:21:58,538 - root - DEBUG - Updating hall of fame
2020-07-27 05:21:58,959 - root - INFO - Completed generation 107; 1.6s elapsed, 1.9s avg, 2.1e+02s total. Expected time remaining: 1.8e+02s
2020-07-27 05:21:59,016 - root - INFO - #107 MAX:accuracy.mean: 0.88
2020-07-27 05:21:59,060 - root - DEBUG - Sampled weight [0.74378799 0.95808227 3.20101907 1.14030883 1.74686616]
2020-07-27 05:22:00,220 - root - DEBUG - Updating hall of fame
2020-07-27 05:22:01,040 - root - INFO - Completed generation 108; 2.0s elapsed, 1.9s avg, 2.1e+02s total. Expected time remaining: 1.8e+02s
2020-07-27 05:22:01,099 - root - INFO - #108 MAX:accuracy.mean: 0.89
2020-07-27 05:22:01,142 - root - DEBUG - Sampled weight [2.05070647 0.5230416  1.10380837 0.63854004 0.48385171]
2020-07-27 05:22:02,298 - root - DEBUG - Updating hall of fame
2020-07-27 05:22:02,920 - root - INFO - Completed generation 109; 1.8s elapsed, 1.9s avg, 2.1e+02s total. Expected time remaining: 1.8e+02s
2020-07-27 05:22:02,978 - root - INFO - #109 MAX:accuracy.mean: 0.86
2020-07-27 05:22:03,023 - root - DEBUG - Sampled weight [0.47703716 0.60592468 1.57285926 1.62306658 0.9333935 ]
2020-07-27 05:22:04,174 - root - DEBUG - Updating hall of fame
2020-07-27 05:22:04,798 - root - INFO - Completed generation 110; 1.8s elapsed, 1.9s avg, 2.1e+02s total. Expected time remaining: 1.7e+02s
2020-07-27 05:22:04,856 - root - INFO - #110 MAX:accuracy.mean: 0.86
2020-07-27 05:22:04,955 - root - DEBUG - Sampled weight [0.53841801 2.33219644 1.14829503 1.23736783 1.19450834]
2020-07-27 05:22:06,105 - root - DEBUG - Updating hall of fame
2020-07-27 05:22:06,526 - root - INFO - Completed generation 111; 1.6s elapsed, 1.9s avg, 2.1e+02s total. Expected time remaining: 1.7e+02s
2020-07-27 05:22:06,583 - root - INFO - #111 MAX:accuracy.mean: 0.87
2020-07-27 05:22:06,626 - root - DEBUG - Sampled weight [1.34448181 1.08860271 1.21785687 0.95515553 4.21602216]
2020-07-27 05:22:07,774 - root - DEBUG - Updating hall of fame
2020-07-27 05:22:08,391 - root - INFO - Completed generation 112; 1.8s elapsed, 1.9s avg, 2.1e+02s total. Expected time remaining: 1.7e+02s
2020-07-27 05:22:08,449 - root - INFO - #112 MAX:accuracy.mean: 0.88
2020-07-27 05:22:08,494 - root - DEBUG - Sampled weight [0.49103096 0.68451223 0.61037379 1.10280662 0.81455783]
2020-07-27 05:22:09,640 - root - DEBUG - Updating hall of fame
2020-07-27 05:22:10,052 - root - INFO - Completed generation 113; 1.6s elapsed, 1.9s avg, 2.2e+02s total. Expected time remaining: 1.7e+02s
2020-07-27 05:22:10,110 - root - INFO - #113 MAX:accuracy.mean: 0.86
2020-07-27 05:22:10,153 - root - DEBUG - Sampled weight [1.28786352 0.95477096 0.45163345 0.96717642 1.04130882]
2020-07-27 05:22:11,299 - root - DEBUG - Updating hall of fame
2020-07-27 05:22:11,510 - root - INFO - Completed generation 114; 1.4s elapsed, 1.9s avg, 2.2e+02s total. Expected time remaining: 1.6e+02s
2020-07-27 05:22:11,566 - root - INFO - #114 MAX:accuracy.mean: 0.86
2020-07-27 05:22:11,610 - root - DEBUG - Sampled weight [0.55024158 1.72904871 1.14656292 1.75328834 0.81353657]
2020-07-27 05:22:12,759 - root - DEBUG - Updating hall of fame
2020-07-27 05:22:13,168 - root - INFO - Completed generation 115; 1.6s elapsed, 1.9s avg, 2.2e+02s total. Expected time remaining: 1.6e+02s
2020-07-27 05:22:13,225 - root - INFO - #115 MAX:accuracy.mean: 0.91
2020-07-27 05:22:13,269 - root - DEBUG - Sampled weight [1.35988662 1.06327377 1.9176922  0.85560444 1.56914126]
2020-07-27 05:22:14,415 - root - DEBUG - Updating hall of fame
2020-07-27 05:22:15,219 - root - INFO - Completed generation 116; 2.0s elapsed, 1.9s avg, 2.2e+02s total. Expected time remaining: 1.6e+02s
2020-07-27 05:22:15,276 - root - INFO - #116 MAX:accuracy.mean: 0.9
2020-07-27 05:22:15,320 - root - DEBUG - Sampled weight [1.20488315 0.7264824  2.36813006 1.83656538 1.037412  ]
2020-07-27 05:22:16,455 - root - DEBUG - Updating hall of fame
2020-07-27 05:22:17,030 - root - INFO - Completed generation 117; 1.8s elapsed, 1.9s avg, 2.2e+02s total. Expected time remaining: 1.6e+02s
2020-07-27 05:22:17,084 - root - INFO - #117 MAX:accuracy.mean: 0.91
2020-07-27 05:22:17,126 - root - DEBUG - Sampled weight [0.61690244 1.2655603  0.56880214 0.73688803 0.41279946]
2020-07-27 05:22:18,217 - root - DEBUG - Updating hall of fame
2020-07-27 05:22:18,603 - root - INFO - Completed generation 118; 1.5s elapsed, 1.9s avg, 2.2e+02s total. Expected time remaining: 1.6e+02s
2020-07-27 05:22:18,657 - root - INFO - #118 MAX:accuracy.mean: 0.85
2020-07-27 05:22:18,700 - root - DEBUG - Sampled weight [0.69581434 1.25593472 0.8867444  1.31453685 0.89569093]
2020-07-27 05:22:19,801 - root - DEBUG - Updating hall of fame
2020-07-27 05:22:20,005 - root - INFO - Completed generation 119; 1.3s elapsed, 1.9s avg, 2.3e+02s total. Expected time remaining: 1.5e+02s
2020-07-27 05:22:20,059 - root - INFO - #119 MAX:accuracy.mean: 0.88
2020-07-27 05:22:20,101 - root - DEBUG - Sampled weight [0.90125732 1.7798928  0.60801288 0.98471007 0.85638895]
2020-07-27 05:22:21,201 - root - DEBUG - Updating hall of fame
2020-07-27 05:22:21,585 - root - INFO - Completed generation 120; 1.5s elapsed, 1.9s avg, 2.3e+02s total. Expected time remaining: 1.5e+02s
2020-07-27 05:22:21,638 - root - INFO - #120 MAX:accuracy.mean: 0.92
2020-07-27 05:22:21,743 - root - DEBUG - Sampled weight [1.60954631 1.92205882 0.77203872 0.59825062 0.7484494 ]
2020-07-27 05:22:22,844 - root - DEBUG - Updating hall of fame
2020-07-27 05:22:23,247 - root - INFO - Completed generation 121; 1.5s elapsed, 1.9s avg, 2.3e+02s total. Expected time remaining: 1.5e+02s
2020-07-27 05:22:23,300 - root - INFO - #121 MAX:accuracy.mean: 0.92
2020-07-27 05:22:23,341 - root - DEBUG - Sampled weight [1.44570216 0.81623856 0.67727154 0.61549185 0.34389701]
2020-07-27 05:22:24,444 - root - DEBUG - Updating hall of fame
2020-07-27 05:22:25,224 - root - INFO - Completed generation 122; 1.9s elapsed, 1.9s avg, 2.3e+02s total. Expected time remaining: 1.5e+02s
2020-07-27 05:22:25,277 - root - INFO - #122 MAX:accuracy.mean: 0.87
2020-07-27 05:22:25,320 - root - DEBUG - Sampled weight [1.34417764 2.95624467 1.44669592 0.37807259 1.15680463]
2020-07-27 05:22:26,429 - root - DEBUG - Updating hall of fame
2020-07-27 05:22:26,832 - root - INFO - Completed generation 123; 1.6s elapsed, 1.9s avg, 2.3e+02s total. Expected time remaining: 1.5e+02s
2020-07-27 05:22:26,885 - root - INFO - #123 MAX:accuracy.mean: 0.92
2020-07-27 05:22:26,927 - root - DEBUG - Sampled weight [0.41399422 0.64855003 1.57997249 1.92651071 1.04361817]
2020-07-27 05:22:28,024 - root - DEBUG - Updating hall of fame
2020-07-27 05:22:28,605 - root - INFO - Completed generation 124; 1.7s elapsed, 1.9s avg, 2.3e+02s total. Expected time remaining: 1.4e+02s
2020-07-27 05:22:28,658 - root - INFO - #124 MAX:accuracy.mean: 0.85
2020-07-27 05:22:28,700 - root - DEBUG - Sampled weight [0.90463794 2.11087779 0.49492916 0.69275901 0.87348955]
2020-07-27 05:22:29,799 - root - DEBUG - Updating hall of fame
2020-07-27 05:22:30,366 - root - INFO - Completed generation 125; 1.7s elapsed, 1.9s avg, 2.4e+02s total. Expected time remaining: 1.4e+02s
2020-07-27 05:22:30,419 - root - INFO - #125 MAX:accuracy.mean: 0.91
2020-07-27 05:22:30,460 - root - DEBUG - Sampled weight [0.3299403  1.38156352 2.35413796 0.61982225 1.2762075 ]
2020-07-27 05:22:31,562 - root - DEBUG - Updating hall of fame
2020-07-27 05:22:31,754 - root - INFO - Completed generation 126; 1.3s elapsed, 1.9s avg, 2.4e+02s total. Expected time remaining: 1.4e+02s
2020-07-27 05:22:31,807 - root - INFO - #126 MAX:accuracy.mean: 0.83
2020-07-27 05:22:31,850 - root - DEBUG - Sampled weight [1.80237136 1.89300885 1.25985772 1.66051947 1.65426821]
2020-07-27 05:22:32,947 - root - DEBUG - Updating hall of fame
2020-07-27 05:22:33,335 - root - INFO - Completed generation 127; 1.5s elapsed, 1.9s avg, 2.4e+02s total. Expected time remaining: 1.4e+02s
2020-07-27 05:22:33,388 - root - INFO - #127 MAX:accuracy.mean: 0.95
2020-07-27 05:22:33,431 - root - DEBUG - Sampled weight [2.72538371 1.08390673 0.77643588 0.75357509 1.0405647 ]
2020-07-27 05:22:34,537 - root - DEBUG - Updating hall of fame
2020-07-27 05:22:35,110 - root - INFO - Completed generation 128; 1.7s elapsed, 1.9s avg, 2.4e+02s total. Expected time remaining: 1.4e+02s
2020-07-27 05:22:35,164 - root - INFO - #128 MAX:accuracy.mean: 0.89
2020-07-27 05:22:35,205 - root - DEBUG - Sampled weight [0.42575957 0.8379336  2.85451639 0.60020412 0.38138833]
2020-07-27 05:22:36,313 - root - DEBUG - Updating hall of fame
2020-07-27 05:22:36,896 - root - INFO - Completed generation 129; 1.7s elapsed, 1.9s avg, 2.4e+02s total. Expected time remaining: 1.3e+02s
2020-07-27 05:22:36,949 - root - INFO - #129 MAX:accuracy.mean: 0.86
2020-07-27 05:22:36,991 - root - DEBUG - Sampled weight [1.02320046 0.66051912 3.20610171 0.91470167 0.83935163]
2020-07-27 05:22:38,092 - root - DEBUG - Updating hall of fame
2020-07-27 05:22:38,480 - root - INFO - Completed generation 130; 1.5s elapsed, 1.9s avg, 2.4e+02s total. Expected time remaining: 1.3e+02s
2020-07-27 05:22:38,533 - root - INFO - #130 MAX:accuracy.mean: 0.9
2020-07-27 05:22:38,705 - root - DEBUG - Sampled weight [2.34230826 0.6553283  1.32646257 0.66296691 0.93727849]
2020-07-27 05:22:39,805 - root - DEBUG - Updating hall of fame
2020-07-27 05:22:40,204 - root - INFO - Completed generation 131; 1.5s elapsed, 1.9s avg, 2.5e+02s total. Expected time remaining: 1.3e+02s
2020-07-27 05:22:40,258 - root - INFO - #131 MAX:accuracy.mean: 0.85
2020-07-27 05:22:40,300 - root - DEBUG - Sampled weight [0.73694614 0.48748732 1.18221954 1.04880981 0.91798663]
2020-07-27 05:22:41,398 - root - DEBUG - Updating hall of fame
2020-07-27 05:22:41,794 - root - INFO - Completed generation 132; 1.5s elapsed, 1.9s avg, 2.5e+02s total. Expected time remaining: 1.3e+02s
2020-07-27 05:22:41,847 - root - INFO - #132 MAX:accuracy.mean: 0.85
2020-07-27 05:22:41,889 - root - DEBUG - Sampled weight [0.62091002 0.91069526 1.34778354 0.30122145 1.88767691]
2020-07-27 05:22:42,990 - root - DEBUG - Updating hall of fame
2020-07-27 05:22:43,375 - root - INFO - Completed generation 133; 1.5s elapsed, 1.9s avg, 2.5e+02s total. Expected time remaining: 1.3e+02s
2020-07-27 05:22:43,428 - root - INFO - #133 MAX:accuracy.mean: 0.84
2020-07-27 05:22:43,470 - root - DEBUG - Sampled weight [1.78395799 0.63803322 1.10061971 3.47602466 1.09594518]
2020-07-27 05:22:44,569 - root - DEBUG - Updating hall of fame
2020-07-27 05:22:45,161 - root - INFO - Completed generation 134; 1.7s elapsed, 1.9s avg, 2.5e+02s total. Expected time remaining: 1.2e+02s
2020-07-27 05:22:45,214 - root - INFO - #134 MAX:accuracy.mean: 0.87
2020-07-27 05:22:45,256 - root - DEBUG - Sampled weight [1.55008307 1.02337177 0.77388426 0.82874681 0.62614834]
2020-07-27 05:22:46,350 - root - DEBUG - Updating hall of fame
2020-07-27 05:22:46,738 - root - INFO - Completed generation 135; 1.5s elapsed, 1.9s avg, 2.5e+02s total. Expected time remaining: 1.2e+02s
2020-07-27 05:22:46,791 - root - INFO - #135 MAX:accuracy.mean: 0.87
2020-07-27 05:22:46,833 - root - DEBUG - Sampled weight [1.0032462  0.93123425 1.59339561 1.50115442 0.48779495]
2020-07-27 05:22:47,929 - root - DEBUG - Updating hall of fame
2020-07-27 05:22:48,691 - root - INFO - Completed generation 136; 1.9s elapsed, 1.9s avg, 2.5e+02s total. Expected time remaining: 1.2e+02s
2020-07-27 05:22:48,744 - root - INFO - #136 MAX:accuracy.mean: 0.87
2020-07-27 05:22:48,786 - root - DEBUG - Sampled weight [0.68266756 1.22236649 0.46784562 0.97025152 0.79279023]
2020-07-27 05:22:49,884 - root - DEBUG - Updating hall of fame
2020-07-27 05:22:50,660 - root - INFO - Completed generation 137; 1.9s elapsed, 1.9s avg, 2.6e+02s total. Expected time remaining: 1.2e+02s
2020-07-27 05:22:50,713 - root - INFO - #137 MAX:accuracy.mean: 0.87
2020-07-27 05:22:50,755 - root - DEBUG - Sampled weight [0.857446   0.85460996 1.1178356  1.53310981 0.95561503]
2020-07-27 05:22:51,849 - root - DEBUG - Updating hall of fame
2020-07-27 05:22:52,247 - root - INFO - Completed generation 138; 1.5s elapsed, 1.9s avg, 2.6e+02s total. Expected time remaining: 1.2e+02s
2020-07-27 05:22:52,300 - root - INFO - #138 MAX:accuracy.mean: 0.93
2020-07-27 05:22:52,343 - root - DEBUG - Sampled weight [0.58564644 1.8986163  0.7283353  2.4295144  0.4535814 ]
2020-07-27 05:22:53,447 - root - DEBUG - Updating hall of fame
2020-07-27 05:22:54,021 - root - INFO - Completed generation 139; 1.7s elapsed, 1.9s avg, 2.6e+02s total. Expected time remaining: 1.1e+02s
2020-07-27 05:22:54,074 - root - INFO - #139 MAX:accuracy.mean: 0.91
2020-07-27 05:22:54,116 - root - DEBUG - Sampled weight [0.50101109 2.18967232 2.2374594  1.17664084 0.55885516]
2020-07-27 05:22:55,215 - root - DEBUG - Updating hall of fame
2020-07-27 05:22:55,807 - root - INFO - Completed generation 140; 1.7s elapsed, 1.9s avg, 2.6e+02s total. Expected time remaining: 1.1e+02s
2020-07-27 05:22:55,861 - root - INFO - #140 MAX:accuracy.mean: 0.9
2020-07-27 05:22:55,978 - root - DEBUG - Sampled weight [0.99964644 1.11090194 1.23442572 1.59653919 0.89178612]
2020-07-27 05:22:57,077 - root - DEBUG - Updating hall of fame
2020-07-27 05:22:57,467 - root - INFO - Completed generation 141; 1.5s elapsed, 1.9s avg, 2.6e+02s total. Expected time remaining: 1.1e+02s
2020-07-27 05:22:57,520 - root - INFO - #141 MAX:accuracy.mean: 0.93
2020-07-27 05:22:57,563 - root - DEBUG - Sampled weight [4.35868544 1.01120614 0.62461334 0.75505873 0.71668039]
2020-07-27 05:22:58,667 - root - DEBUG - Updating hall of fame
2020-07-27 05:22:59,626 - root - INFO - Completed generation 142; 2.1s elapsed, 1.9s avg, 2.6e+02s total. Expected time remaining: 1.1e+02s
2020-07-27 05:22:59,679 - root - INFO - #142 MAX:accuracy.mean: 0.92
2020-07-27 05:22:59,720 - root - DEBUG - Sampled weight [0.95330145 0.95068209 0.98588519 0.99792262 1.77617841]
2020-07-27 05:23:00,827 - root - DEBUG - Updating hall of fame
2020-07-27 05:23:01,648 - root - INFO - Completed generation 143; 2.0s elapsed, 1.9s avg, 2.7e+02s total. Expected time remaining: 1.1e+02s
2020-07-27 05:23:01,704 - root - INFO - #143 MAX:accuracy.mean: 0.95
2020-07-27 05:23:01,748 - root - DEBUG - Sampled weight [0.80828784 0.66231115 1.39844264 0.75795058 1.16959443]
2020-07-27 05:23:02,887 - root - DEBUG - Updating hall of fame
2020-07-27 05:23:03,669 - root - INFO - Completed generation 144; 2.0s elapsed, 1.9s avg, 2.7e+02s total. Expected time remaining: 1e+02s
2020-07-27 05:23:03,722 - root - INFO - #144 MAX:accuracy.mean: 0.93
2020-07-27 05:23:03,764 - root - DEBUG - Sampled weight [0.79615802 0.60871033 0.4667846  1.66836558 0.67164676]
2020-07-27 05:23:04,865 - root - DEBUG - Updating hall of fame
2020-07-27 05:23:05,659 - root - INFO - Completed generation 145; 1.9s elapsed, 1.9s avg, 2.7e+02s total. Expected time remaining: 1e+02s
2020-07-27 05:23:05,712 - root - INFO - #145 MAX:accuracy.mean: 0.91
2020-07-27 05:23:05,753 - root - DEBUG - Sampled weight [1.06701685 0.52608416 0.90880274 1.37677141 1.02748686]
2020-07-27 05:23:06,861 - root - DEBUG - Updating hall of fame
2020-07-27 05:23:07,259 - root - INFO - Completed generation 146; 1.5s elapsed, 1.9s avg, 2.7e+02s total. Expected time remaining: 1e+02s
2020-07-27 05:23:07,312 - root - INFO - #146 MAX:accuracy.mean: 0.91
2020-07-27 05:23:07,357 - root - DEBUG - Sampled weight [1.1434417  1.81832856 0.44730899 1.43279883 0.38972993]
2020-07-27 05:23:08,484 - root - DEBUG - Updating hall of fame
2020-07-27 05:23:09,469 - root - INFO - Completed generation 147; 2.2s elapsed, 1.9s avg, 2.7e+02s total. Expected time remaining: 9.9e+01s
2020-07-27 05:23:09,523 - root - INFO - #147 MAX:accuracy.mean: 0.9
2020-07-27 05:23:09,565 - root - DEBUG - Sampled weight [0.82152324 1.49794473 0.61672989 1.72521168 0.9213096 ]
2020-07-27 05:23:10,671 - root - DEBUG - Updating hall of fame
2020-07-27 05:23:11,638 - root - INFO - Completed generation 148; 2.1s elapsed, 1.9s avg, 2.8e+02s total. Expected time remaining: 9.7e+01s
2020-07-27 05:23:11,692 - root - INFO - #148 MAX:accuracy.mean: 0.94
2020-07-27 05:23:11,733 - root - DEBUG - Sampled weight [0.8445396  0.86700055 0.65361693 1.37217977 0.74312989]
2020-07-27 05:23:12,865 - root - DEBUG - Updating hall of fame
2020-07-27 05:23:13,860 - root - INFO - Completed generation 149; 2.2s elapsed, 1.9s avg, 2.8e+02s total. Expected time remaining: 9.5e+01s
2020-07-27 05:23:13,914 - root - INFO - #149 MAX:accuracy.mean: 0.93
2020-07-27 05:23:13,956 - root - DEBUG - Sampled weight [1.0429937  1.20798313 0.93530349 1.9498474  0.47447278]
2020-07-27 05:23:15,086 - root - DEBUG - Updating hall of fame
2020-07-27 05:23:15,884 - root - INFO - Completed generation 150; 2.0s elapsed, 1.9s avg, 2.8e+02s total. Expected time remaining: 9.3e+01s
2020-07-27 05:23:15,937 - root - INFO - #150 MAX:accuracy.mean: 0.9
2020-07-27 05:23:16,034 - root - DEBUG - Sampled weight [0.89772901 1.07837233 1.43910627 0.40011623 1.06011033]
2020-07-27 05:23:17,140 - root - DEBUG - Updating hall of fame
2020-07-27 05:23:18,310 - root - INFO - Completed generation 151; 2.3s elapsed, 1.9s avg, 2.8e+02s total. Expected time remaining: 9.2e+01s
2020-07-27 05:23:18,364 - root - INFO - #151 MAX:accuracy.mean: 0.9
2020-07-27 05:23:18,406 - root - DEBUG - Sampled weight [0.3052507  0.86399217 1.08365604 1.48911134 0.54001917]
2020-07-27 05:23:19,515 - root - DEBUG - Updating hall of fame
2020-07-27 05:23:20,487 - root - INFO - Completed generation 152; 2.1s elapsed, 1.9s avg, 2.8e+02s total. Expected time remaining: 9e+01s
2020-07-27 05:23:20,540 - root - INFO - #152 MAX:accuracy.mean: 0.9
2020-07-27 05:23:20,581 - root - DEBUG - Sampled weight [2.60274008 0.81479203 0.96502631 0.70030338 1.14777487]
2020-07-27 05:23:21,685 - root - DEBUG - Updating hall of fame
2020-07-27 05:23:22,273 - root - INFO - Completed generation 153; 1.7s elapsed, 1.9s avg, 2.9e+02s total. Expected time remaining: 8.8e+01s
2020-07-27 05:23:22,329 - root - INFO - #153 MAX:accuracy.mean: 0.92
2020-07-27 05:23:22,372 - root - DEBUG - Sampled weight [1.0139569  0.5326691  0.50784601 0.73815282 1.46167887]
2020-07-27 05:23:23,526 - root - DEBUG - Updating hall of fame
2020-07-27 05:23:24,357 - root - INFO - Completed generation 154; 2.0s elapsed, 1.9s avg, 2.9e+02s total. Expected time remaining: 8.6e+01s
2020-07-27 05:23:24,410 - root - INFO - #154 MAX:accuracy.mean: 0.9
2020-07-27 05:23:24,452 - root - DEBUG - Sampled weight [1.46704735 0.78184799 1.15288512 1.10865445 1.18915036]
2020-07-27 05:23:25,557 - root - DEBUG - Updating hall of fame
2020-07-27 05:23:26,350 - root - INFO - Completed generation 155; 1.9s elapsed, 1.9s avg, 2.9e+02s total. Expected time remaining: 8.4e+01s
2020-07-27 05:23:26,404 - root - INFO - #155 MAX:accuracy.mean: 0.91
2020-07-27 05:23:26,446 - root - DEBUG - Sampled weight [0.556656   1.42369753 0.63749259 0.94317513 1.01599229]
2020-07-27 05:23:27,562 - root - DEBUG - Updating hall of fame
2020-07-27 05:23:28,544 - root - INFO - Completed generation 156; 2.1s elapsed, 1.9s avg, 2.9e+02s total. Expected time remaining: 8.2e+01s
2020-07-27 05:23:28,597 - root - INFO - #156 MAX:accuracy.mean: 0.94
2020-07-27 05:23:28,640 - root - DEBUG - Sampled weight [1.1028906  0.30114895 0.61270788 0.48983586 1.4146154 ]
2020-07-27 05:23:29,739 - root - DEBUG - Updating hall of fame
2020-07-27 05:23:30,348 - root - INFO - Completed generation 157; 1.8s elapsed, 1.9s avg, 2.9e+02s total. Expected time remaining: 8.1e+01s
2020-07-27 05:23:30,401 - root - INFO - #157 MAX:accuracy.mean: 0.91
2020-07-27 05:23:30,443 - root - DEBUG - Sampled weight [0.86520718 0.43992908 0.95148115 1.50527341 0.82025894]
2020-07-27 05:23:31,564 - root - DEBUG - Updating hall of fame
2020-07-27 05:23:32,165 - root - INFO - Completed generation 158; 1.8s elapsed, 1.9s avg, 3e+02s total. Expected time remaining: 7.9e+01s
2020-07-27 05:23:32,219 - root - INFO - #158 MAX:accuracy.mean: 0.91
2020-07-27 05:23:32,260 - root - DEBUG - Sampled weight [2.16344938 1.32478409 1.81947166 1.42198505 0.76910762]
2020-07-27 05:23:33,363 - root - DEBUG - Updating hall of fame
2020-07-27 05:23:34,145 - root - INFO - Completed generation 159; 1.9s elapsed, 1.9s avg, 3e+02s total. Expected time remaining: 7.7e+01s
2020-07-27 05:23:34,198 - root - INFO - #159 MAX:accuracy.mean: 0.92
2020-07-27 05:23:34,240 - root - DEBUG - Sampled weight [3.15409613 0.52417649 0.8497223  1.22613985 1.1002334 ]
2020-07-27 05:23:35,343 - root - DEBUG - Updating hall of fame
2020-07-27 05:23:36,112 - root - INFO - Completed generation 160; 1.9s elapsed, 1.9s avg, 3e+02s total. Expected time remaining: 7.5e+01s
2020-07-27 05:23:36,165 - root - INFO - #160 MAX:accuracy.mean: 0.85
2020-07-27 05:23:36,271 - root - DEBUG - Sampled weight [2.2782143  0.73740249 2.18674094 3.67909253 0.32441235]
2020-07-27 05:23:37,377 - root - DEBUG - Updating hall of fame
2020-07-27 05:23:37,377 - root - INFO - Completed generation 161; 1.1s elapsed, 1.9s avg, 3e+02s total. Expected time remaining: 7.3e+01s
2020-07-27 05:23:37,430 - root - INFO - #161 MAX:accuracy.mean: 0.85
2020-07-27 05:23:37,473 - root - DEBUG - Sampled weight [0.74227841 1.40460462 1.17961742 1.03033263 0.7823568 ]
2020-07-27 05:23:38,579 - root - DEBUG - Updating hall of fame
2020-07-27 05:23:38,771 - root - INFO - Completed generation 162; 1.3s elapsed, 1.9s avg, 3e+02s total. Expected time remaining: 7.1e+01s
2020-07-27 05:23:38,824 - root - INFO - #162 MAX:accuracy.mean: 0.92
2020-07-27 05:23:38,865 - root - DEBUG - Sampled weight [0.65245904 0.67358487 1.04735496 1.93354482 1.16880707]
2020-07-27 05:23:39,973 - root - DEBUG - Updating hall of fame
2020-07-27 05:23:40,739 - root - INFO - Completed generation 163; 1.9s elapsed, 1.9s avg, 3e+02s total. Expected time remaining: 6.9e+01s
2020-07-27 05:23:40,792 - root - INFO - #163 MAX:accuracy.mean: 0.95
2020-07-27 05:23:40,833 - root - DEBUG - Sampled weight [2.13627406 0.53455731 1.48505718 0.47409571 0.78192707]
2020-07-27 05:23:41,933 - root - DEBUG - Updating hall of fame
2020-07-27 05:23:42,127 - root - INFO - Completed generation 164; 1.3s elapsed, 1.9s avg, 3.1e+02s total. Expected time remaining: 6.7e+01s
2020-07-27 05:23:42,180 - root - INFO - #164 MAX:accuracy.mean: 0.87
2020-07-27 05:23:42,223 - root - DEBUG - Sampled weight [1.14199764 0.49997326 0.87948177 0.50896477 1.00136787]
2020-07-27 05:23:43,331 - root - DEBUG - Updating hall of fame
2020-07-27 05:23:43,907 - root - INFO - Completed generation 165; 1.7s elapsed, 1.9s avg, 3.1e+02s total. Expected time remaining: 6.5e+01s
2020-07-27 05:23:43,961 - root - INFO - #165 MAX:accuracy.mean: 0.89
2020-07-27 05:23:44,002 - root - DEBUG - Sampled weight [0.8278115  0.70898746 0.63834426 1.31529376 0.65086569]
2020-07-27 05:23:45,122 - root - DEBUG - Updating hall of fame
2020-07-27 05:23:45,717 - root - INFO - Completed generation 166; 1.8s elapsed, 1.9s avg, 3.1e+02s total. Expected time remaining: 6.3e+01s
2020-07-27 05:23:45,771 - root - INFO - #166 MAX:accuracy.mean: 0.95
2020-07-27 05:23:45,812 - root - DEBUG - Sampled weight [1.34690372 1.35629658 0.69398029 0.67170673 1.0849512 ]
2020-07-27 05:23:46,919 - root - DEBUG - Updating hall of fame
2020-07-27 05:23:47,506 - root - INFO - Completed generation 167; 1.7s elapsed, 1.9s avg, 3.1e+02s total. Expected time remaining: 6.1e+01s
2020-07-27 05:23:47,559 - root - INFO - #167 MAX:accuracy.mean: 0.91
2020-07-27 05:23:47,601 - root - DEBUG - Sampled weight [0.30312302 0.8340997  0.38996372 0.97750113 0.64263127]
2020-07-27 05:23:48,710 - root - DEBUG - Updating hall of fame
2020-07-27 05:23:49,476 - root - INFO - Completed generation 168; 1.9s elapsed, 1.9s avg, 3.1e+02s total. Expected time remaining: 6e+01s
2020-07-27 05:23:49,529 - root - INFO - #168 MAX:accuracy.mean: 0.91
2020-07-27 05:23:49,571 - root - DEBUG - Sampled weight [1.26870203 0.98258787 0.61079406 1.62271718 1.55399176]
2020-07-27 05:23:50,678 - root - DEBUG - Updating hall of fame
2020-07-27 05:23:50,876 - root - INFO - Completed generation 169; 1.3s elapsed, 1.9s avg, 3.1e+02s total. Expected time remaining: 5.8e+01s
2020-07-27 05:23:50,929 - root - INFO - #169 MAX:accuracy.mean: 0.95
2020-07-27 05:23:50,971 - root - DEBUG - Sampled weight [1.74618229 0.78670037 2.32537688 1.14958806 0.61496396]
2020-07-27 05:23:52,093 - root - DEBUG - Updating hall of fame
2020-07-27 05:23:52,871 - root - INFO - Completed generation 170; 1.9s elapsed, 1.9s avg, 3.2e+02s total. Expected time remaining: 5.6e+01s
2020-07-27 05:23:52,925 - root - INFO - #170 MAX:accuracy.mean: 0.91
2020-07-27 05:23:53,079 - root - DEBUG - Sampled weight [0.47412172 0.92551831 1.92891587 2.60251797 1.75554436]
2020-07-27 05:23:54,196 - root - DEBUG - Updating hall of fame
2020-07-27 05:23:54,779 - root - INFO - Completed generation 171; 1.7s elapsed, 1.9s avg, 3.2e+02s total. Expected time remaining: 5.4e+01s
2020-07-27 05:23:54,832 - root - INFO - #171 MAX:accuracy.mean: 0.91
2020-07-27 05:23:54,874 - root - DEBUG - Sampled weight [0.71264317 1.82544701 2.31316767 1.79494544 2.32078024]
2020-07-27 05:23:55,987 - root - DEBUG - Updating hall of fame
2020-07-27 05:23:56,190 - root - INFO - Completed generation 172; 1.4s elapsed, 1.9s avg, 3.2e+02s total. Expected time remaining: 5.2e+01s
2020-07-27 05:23:56,244 - root - INFO - #172 MAX:accuracy.mean: 0.93
2020-07-27 05:23:56,286 - root - DEBUG - Sampled weight [0.59353874 0.55888208 1.55977062 0.78088226 0.61745845]
2020-07-27 05:23:57,422 - root - DEBUG - Updating hall of fame
2020-07-27 05:23:57,826 - root - INFO - Completed generation 173; 1.6s elapsed, 1.9s avg, 3.2e+02s total. Expected time remaining: 5e+01s
2020-07-27 05:23:57,879 - root - INFO - #173 MAX:accuracy.mean: 0.87
2020-07-27 05:23:57,922 - root - DEBUG - Sampled weight [1.61245644 0.99231492 1.24917107 1.20068737 0.87234648]
2020-07-27 05:23:59,058 - root - DEBUG - Updating hall of fame
2020-07-27 05:23:59,433 - root - INFO - Completed generation 174; 1.6s elapsed, 1.9s avg, 3.2e+02s total. Expected time remaining: 4.8e+01s
2020-07-27 05:23:59,486 - root - INFO - #174 MAX:accuracy.mean: 0.87
2020-07-27 05:23:59,527 - root - DEBUG - Sampled weight [0.65097334 0.60208205 1.09013285 0.76265071 1.12338101]
2020-07-27 05:24:00,663 - root - DEBUG - Updating hall of fame
2020-07-27 05:24:01,634 - root - INFO - Completed generation 175; 2.1s elapsed, 1.9s avg, 3.2e+02s total. Expected time remaining: 4.6e+01s
2020-07-27 05:24:01,690 - root - INFO - #175 MAX:accuracy.mean: 0.9
2020-07-27 05:24:01,735 - root - DEBUG - Sampled weight [1.0707046  1.35237782 0.93175772 1.03843592 0.82441821]
2020-07-27 05:24:02,872 - root - DEBUG - Updating hall of fame
2020-07-27 05:24:02,873 - root - INFO - Completed generation 176; 1.2s elapsed, 1.8s avg, 3.3e+02s total. Expected time remaining: 4.4e+01s
2020-07-27 05:24:02,926 - root - INFO - #176 MAX:accuracy.mean: 0.91
2020-07-27 05:24:02,969 - root - DEBUG - Sampled weight [1.48871435 0.52448496 1.98540976 0.71297482 0.34361168]
2020-07-27 05:24:04,122 - root - DEBUG - Updating hall of fame
2020-07-27 05:24:04,901 - root - INFO - Completed generation 177; 2.0s elapsed, 1.8s avg, 3.3e+02s total. Expected time remaining: 4.3e+01s
2020-07-27 05:24:04,954 - root - INFO - #177 MAX:accuracy.mean: 0.87
2020-07-27 05:24:04,996 - root - DEBUG - Sampled weight [0.4171074  0.66859431 0.68991907 0.99942912 0.39771554]
2020-07-27 05:24:06,118 - root - DEBUG - Updating hall of fame
2020-07-27 05:24:06,323 - root - INFO - Completed generation 178; 1.4s elapsed, 1.8s avg, 3.3e+02s total. Expected time remaining: 4.1e+01s
2020-07-27 05:24:06,376 - root - INFO - #178 MAX:accuracy.mean: 0.87
2020-07-27 05:24:06,418 - root - DEBUG - Sampled weight [0.9806044  0.61799724 0.41169442 0.94390757 0.34687951]
2020-07-27 05:24:07,572 - root - DEBUG - Updating hall of fame
2020-07-27 05:24:07,950 - root - INFO - Completed generation 179; 1.6s elapsed, 1.8s avg, 3.3e+02s total. Expected time remaining: 3.9e+01s
2020-07-27 05:24:08,004 - root - INFO - #179 MAX:accuracy.mean: 0.87
2020-07-27 05:24:08,048 - root - DEBUG - Sampled weight [0.43590472 1.11987845 2.39315469 0.96126061 1.59079406]
2020-07-27 05:24:09,170 - root - DEBUG - Updating hall of fame
2020-07-27 05:24:09,359 - root - INFO - Completed generation 180; 1.4s elapsed, 1.8s avg, 3.3e+02s total. Expected time remaining: 3.7e+01s
2020-07-27 05:24:09,412 - root - INFO - #180 MAX:accuracy.mean: 0.87
2020-07-27 05:24:09,535 - root - DEBUG - Sampled weight [0.96789315 0.87157169 1.83172581 2.34022678 1.16967761]
2020-07-27 05:24:10,692 - root - DEBUG - Updating hall of fame
2020-07-27 05:24:11,269 - root - INFO - Completed generation 181; 1.8s elapsed, 1.8s avg, 3.3e+02s total. Expected time remaining: 3.5e+01s
2020-07-27 05:24:11,322 - root - INFO - #181 MAX:accuracy.mean: 0.94
2020-07-27 05:24:11,363 - root - DEBUG - Sampled weight [0.92121207 0.48076926 1.21041466 0.65711138 0.8115254 ]
2020-07-27 05:24:12,487 - root - DEBUG - Updating hall of fame
2020-07-27 05:24:13,068 - root - INFO - Completed generation 182; 1.7s elapsed, 1.8s avg, 3.4e+02s total. Expected time remaining: 3.3e+01s
2020-07-27 05:24:13,121 - root - INFO - #182 MAX:accuracy.mean: 0.88
2020-07-27 05:24:13,164 - root - DEBUG - Sampled weight [0.99181091 0.41845059 0.81475439 0.6968685  0.94244521]
2020-07-27 05:24:14,313 - root - DEBUG - Updating hall of fame
2020-07-27 05:24:14,501 - root - INFO - Completed generation 183; 1.4s elapsed, 1.8s avg, 3.4e+02s total. Expected time remaining: 3.1e+01s
2020-07-27 05:24:14,554 - root - INFO - #183 MAX:accuracy.mean: 0.89
2020-07-27 05:24:14,597 - root - DEBUG - Sampled weight [0.84879291 0.71449945 0.62893555 0.83799526 0.6439041 ]
2020-07-27 05:24:15,745 - root - DEBUG - Updating hall of fame
2020-07-27 05:24:15,746 - root - INFO - Completed generation 184; 1.2s elapsed, 1.8s avg, 3.4e+02s total. Expected time remaining: 2.9e+01s
2020-07-27 05:24:15,799 - root - INFO - #184 MAX:accuracy.mean: 0.95
2020-07-27 05:24:15,842 - root - DEBUG - Sampled weight [0.73966705 1.94383794 0.84136506 0.59727589 0.39750341]
2020-07-27 05:24:16,991 - root - DEBUG - Updating hall of fame
2020-07-27 05:24:17,366 - root - INFO - Completed generation 185; 1.6s elapsed, 1.8s avg, 3.4e+02s total. Expected time remaining: 2.8e+01s
2020-07-27 05:24:17,419 - root - INFO - #185 MAX:accuracy.mean: 0.88
2020-07-27 05:24:17,461 - root - DEBUG - Sampled weight [0.91593586 2.63382873 1.56206502 1.44491571 0.50583163]
2020-07-27 05:24:18,602 - root - DEBUG - Updating hall of fame
2020-07-27 05:24:18,602 - root - INFO - Completed generation 186; 1.2s elapsed, 1.8s avg, 3.4e+02s total. Expected time remaining: 2.6e+01s
2020-07-27 05:24:18,656 - root - INFO - #186 MAX:accuracy.mean: 0.91
2020-07-27 05:24:18,698 - root - DEBUG - Sampled weight [1.46319283 0.76870454 0.49554163 0.75200213 0.86288917]
2020-07-27 05:24:19,827 - root - DEBUG - Updating hall of fame
2020-07-27 05:24:20,612 - root - INFO - Completed generation 187; 2.0s elapsed, 1.8s avg, 3.4e+02s total. Expected time remaining: 2.4e+01s
2020-07-27 05:24:20,666 - root - INFO - #187 MAX:accuracy.mean: 0.88
2020-07-27 05:24:20,709 - root - DEBUG - Sampled weight [0.42403499 1.5019388  1.3807646  1.52953433 3.97237801]
2020-07-27 05:24:21,859 - root - DEBUG - Updating hall of fame
2020-07-27 05:24:22,237 - root - INFO - Completed generation 188; 1.6s elapsed, 1.8s avg, 3.4e+02s total. Expected time remaining: 2.2e+01s
2020-07-27 05:24:22,290 - root - INFO - #188 MAX:accuracy.mean: 0.89
2020-07-27 05:24:22,334 - root - DEBUG - Sampled weight [0.98471439 0.48290595 0.51862067 0.61018443 2.17079918]
2020-07-27 05:24:23,459 - root - DEBUG - Updating hall of fame
2020-07-27 05:24:23,460 - root - INFO - Completed generation 189; 1.2s elapsed, 1.8s avg, 3.5e+02s total. Expected time remaining: 2e+01s
2020-07-27 05:24:23,513 - root - INFO - #189 MAX:accuracy.mean: 0.88
2020-07-27 05:24:23,555 - root - DEBUG - Sampled weight [1.03217972 1.36721877 0.83919244 2.28869033 0.50812707]
2020-07-27 05:24:24,696 - root - DEBUG - Updating hall of fame
2020-07-27 05:24:24,885 - root - INFO - Completed generation 190; 1.4s elapsed, 1.8s avg, 3.5e+02s total. Expected time remaining: 1.8e+01s
2020-07-27 05:24:24,938 - root - INFO - #190 MAX:accuracy.mean: 0.89
2020-07-27 05:24:25,054 - root - DEBUG - Sampled weight [0.47605741 0.96736075 1.14042186 0.74339169 0.99321876]
2020-07-27 05:24:26,189 - root - DEBUG - Updating hall of fame
2020-07-27 05:24:26,779 - root - INFO - Completed generation 191; 1.8s elapsed, 1.8s avg, 3.5e+02s total. Expected time remaining: 1.6e+01s
2020-07-27 05:24:26,833 - root - INFO - #191 MAX:accuracy.mean: 0.92
2020-07-27 05:24:26,875 - root - DEBUG - Sampled weight [2.76006398 0.92824335 1.31802072 3.48075    1.78963144]
2020-07-27 05:24:28,008 - root - DEBUG - Updating hall of fame
2020-07-27 05:24:28,800 - root - INFO - Completed generation 192; 2.0s elapsed, 1.8s avg, 3.5e+02s total. Expected time remaining: 1.5e+01s
2020-07-27 05:24:28,853 - root - INFO - #192 MAX:accuracy.mean: 0.92
2020-07-27 05:24:28,895 - root - DEBUG - Sampled weight [1.27058063 1.23931038 1.06997127 1.26548049 1.24029628]
2020-07-27 05:24:30,034 - root - DEBUG - Updating hall of fame
2020-07-27 05:24:30,856 - root - INFO - Completed generation 193; 2.0s elapsed, 1.8s avg, 3.5e+02s total. Expected time remaining: 1.3e+01s
2020-07-27 05:24:30,909 - root - INFO - #193 MAX:accuracy.mean: 0.94
2020-07-27 05:24:30,952 - root - DEBUG - Sampled weight [1.26308758 0.87679399 1.02679843 1.3494529  1.40302873]
2020-07-27 05:24:32,091 - root - DEBUG - Updating hall of fame
2020-07-27 05:24:32,872 - root - INFO - Completed generation 194; 2.0s elapsed, 1.8s avg, 3.5e+02s total. Expected time remaining: 1.1e+01s
2020-07-27 05:24:32,925 - root - INFO - #194 MAX:accuracy.mean: 0.93
2020-07-27 05:24:32,968 - root - DEBUG - Sampled weight [0.5238907  0.33485953 0.85986577 1.81646241 0.84615579]
2020-07-27 05:24:34,092 - root - DEBUG - Updating hall of fame
2020-07-27 05:24:34,474 - root - INFO - Completed generation 195; 1.5s elapsed, 1.8s avg, 3.6e+02s total. Expected time remaining: 9.1s
2020-07-27 05:24:34,528 - root - INFO - #195 MAX:accuracy.mean: 0.86
2020-07-27 05:24:34,569 - root - DEBUG - Sampled weight [0.40803225 0.96160061 1.69517933 0.71979834 1.13231733]
2020-07-27 05:24:35,676 - root - DEBUG - Updating hall of fame
2020-07-27 05:24:35,677 - root - INFO - Completed generation 196; 1.1s elapsed, 1.8s avg, 3.6e+02s total. Expected time remaining: 7.3s
2020-07-27 05:24:35,730 - root - INFO - #196 MAX:accuracy.mean: 0.86
2020-07-27 05:24:35,772 - root - DEBUG - Sampled weight [0.88724774 0.7601296  1.83310562 0.79997899 0.3943889 ]
2020-07-27 05:24:36,892 - root - DEBUG - Updating hall of fame
2020-07-27 05:24:37,266 - root - INFO - Completed generation 197; 1.5s elapsed, 1.8s avg, 3.6e+02s total. Expected time remaining: 5.5s
2020-07-27 05:24:37,320 - root - INFO - #197 MAX:accuracy.mean: 0.87
2020-07-27 05:24:37,362 - root - DEBUG - Sampled weight [0.66629059 0.91822562 1.09485909 1.04235428 1.01898919]
2020-07-27 05:24:38,467 - root - DEBUG - Updating hall of fame
2020-07-27 05:24:38,468 - root - INFO - Completed generation 198; 1.1s elapsed, 1.8s avg, 3.6e+02s total. Expected time remaining: 3.6s
2020-07-27 05:24:38,521 - root - INFO - #198 MAX:accuracy.mean: 0.93
2020-07-27 05:24:38,563 - root - DEBUG - Sampled weight [0.9832514  1.20714685 1.2806366  1.72910737 0.81946261]
2020-07-27 05:24:39,713 - root - DEBUG - Updating hall of fame
2020-07-27 05:24:40,491 - root - INFO - Completed generation 199; 2.0s elapsed, 1.8s avg, 3.6e+02s total. Expected time remaining: 1.8s
2020-07-27 05:24:40,545 - root - INFO - #199 MAX:accuracy.mean: 0.88
2020-07-27 05:24:40,586 - root - DEBUG - Sampled weight [0.8715115  0.49210873 0.97271409 0.8653445  0.31249999]
2020-07-27 05:24:41,732 - root - DEBUG - Updating hall of fame
2020-07-27 05:24:42,124 - root - INFO - Completed generation 200; 1.6s elapsed, 1.8s avg, 3.6e+02s total. Expected time remaining: 0.0s
2020-07-27 05:24:42,177 - root - INFO - #200 MAX:accuracy.mean: 0.87
2020-07-27 05:24:42,361 - root - DEBUG - Loaded 150 samples.
2020-07-27 05:24:42,366 - root - INFO - Evaluating indivs in hall of fame.
2020-07-27 05:24:44,383 - root - INFO - Completed excution.
