2020-07-18 01:53:10,775 - root - INFO - Package version 0.1.1
2020-07-18 01:53:10,775 - root - INFO - Saving data at /vol/fob-vol1/mi15/plonerma/Lab/rewann/data/2020-07-18_Iris [0, 1, 2, 3, 4, 7, 8, 9]; uniform -2,2; signed: False_000.
2020-07-18 01:53:10,775 - root - DEBUG - Loading training dataset
2020-07-18 01:53:10,845 - root - DEBUG - Loaded 150 samples.
2020-07-18 01:53:10,845 - root - DEBUG - Running experiments with the following parameters:
debug = true
experiment_name = "Iris [0, 1, 2, 3, 4, 7, 8, 9]; uniform -2,2; signed: False"
experiment_path = "data/2020-07-18_Iris [0, 1, 2, 3, 4, 7, 8, 9]; uniform -2,2; signed: False_000"

[config]
num_workers = 1
debug = true
backend = "numpy"

[postopt]
run_postopt = true
compile_report = false
num_weights = 100
num_samples = -1

[sampling]
seed = 0
post_init_seed = false
distribution = "uniform"
lower_bound = -2
upper_bound = 2
mean = 0
sigma = 1
num_weights_per_iteration = 5
num_samples_per_iteration = -1
hof_evaluation_iterations = 20

[task]
name = "iris"
sample_order_seed = 0
test_portion = 0.2
sample_length = 10
num_categories = 8

[storage]
data_base_path = "data"
log_filename = "execution.log"
commit_elite_freq = -1
commit_metrics_freq = 10

[population]
num_generations = 200
size = 100
initial_enabled_edge_prob = 0.05
initial_genes = "full"
hof_size = 10
enable_edge_signs = false
enabled_activation_funcs = [ 0, 1, 2, 3, 4, 7, 8, 9,]

[selection]
use_tournaments = true
elite_ratio = 0.1
culling_ratio = 0.2
tournament_size = 5
objectives = [ "-log_loss.min", "-log_loss.mean", "-n_hidden",]
recorded_metrics = [ "accuracy", "kappa", "log_loss",]
hof_metric = "accuracy.mean"

[mutation.new_edge]
probability = 0.2
strategy = "layer_agnostic"
propability = 0.2

[mutation.new_node]
probability = 0.25
propability = 0.3

[mutation.reenable_edge]
probability = 0.05
propability = 0.1

[mutation.change_activation]
probability = 0.5
propability = 0.4

[mutation.change_edge_sign]
probability = 0.2

[mutation.new_recurrent_edge]
probability = 0.2
strategy = "any"

2020-07-18 01:53:10,873 - root - INFO - Starting evolutionary algorithm
2020-07-18 01:53:10,889 - root - DEBUG - Sampled weight [-0.21282672  1.34796146 -1.11270388 -0.02421898  1.71847496]
2020-07-18 01:53:11,944 - root - DEBUG - Updating hall of fame
2020-07-18 01:53:13,892 - root - INFO - Completed generation 1; 3.0s elapsed, 3.0s avg, 3.0s total. Expected time remaining: 6e+02s
2020-07-18 01:53:13,955 - root - INFO - #1 MAX:accuracy.mean: 0.47
2020-07-18 01:53:13,996 - root - DEBUG - Sampled weight [ 0.92517124  1.38570466 -1.76729439  1.09921543 -0.20998624]
2020-07-18 01:53:15,033 - root - DEBUG - Updating hall of fame
2020-07-18 01:53:16,856 - root - INFO - Completed generation 2; 2.9s elapsed, 3.0s avg, 5.9s total. Expected time remaining: 5.9e+02s
2020-07-18 01:53:16,912 - root - INFO - #2 MAX:accuracy.mean: 0.33
2020-07-18 01:53:16,951 - root - DEBUG - Sampled weight [ 1.46710793 -1.80533076  1.10328479 -1.86018652  0.61887194]
2020-07-18 01:53:17,992 - root - DEBUG - Updating hall of fame
2020-07-18 01:53:19,627 - root - INFO - Completed generation 3; 2.7s elapsed, 2.9s avg, 8.6s total. Expected time remaining: 5.7e+02s
2020-07-18 01:53:19,682 - root - INFO - #3 MAX:accuracy.mean: 0.33
2020-07-18 01:53:19,721 - root - DEBUG - Sampled weight [-0.99926987 -0.45980282  0.25678344  1.25385203  0.43070083]
2020-07-18 01:53:20,759 - root - DEBUG - Updating hall of fame
2020-07-18 01:53:22,398 - root - INFO - Completed generation 4; 2.7s elapsed, 2.8s avg, 1.1e+01s total. Expected time remaining: 5.6e+02s
2020-07-18 01:53:22,455 - root - INFO - #4 MAX:accuracy.mean: 0.33
2020-07-18 01:53:22,497 - root - DEBUG - Sampled weight [ 0.53071023 -0.88558814  1.94360881 -0.88333328  0.87860645]
2020-07-18 01:53:23,585 - root - DEBUG - Updating hall of fame
2020-07-18 01:53:25,357 - root - INFO - Completed generation 5; 2.9s elapsed, 2.9s avg, 1.4e+01s total. Expected time remaining: 5.6e+02s
2020-07-18 01:53:25,416 - root - INFO - #5 MAX:accuracy.mean: 0.64
2020-07-18 01:53:25,459 - root - DEBUG - Sampled weight [0.12180724 1.09352294 1.33038461 1.82969877 1.9806676 ]
2020-07-18 01:53:26,554 - root - DEBUG - Updating hall of fame
2020-07-18 01:53:28,196 - root - INFO - Completed generation 6; 2.8s elapsed, 2.8s avg, 1.7e+01s total. Expected time remaining: 5.5e+02s
2020-07-18 01:53:28,252 - root - INFO - #6 MAX:accuracy.mean: 0.6
2020-07-18 01:53:28,291 - root - DEBUG - Sampled weight [-1.88884205  1.38119937 -1.12301351 -0.04856862  0.92208281]
2020-07-18 01:53:29,339 - root - DEBUG - Updating hall of fame
2020-07-18 01:53:30,644 - root - INFO - Completed generation 7; 2.4s elapsed, 2.8s avg, 1.9e+01s total. Expected time remaining: 5.4e+02s
2020-07-18 01:53:30,700 - root - INFO - #7 MAX:accuracy.mean: 0.6
2020-07-18 01:53:30,741 - root - DEBUG - Sampled weight [-0.52713866  0.49802856 -0.63105485 -0.71629894 -0.22774267]
2020-07-18 01:53:31,793 - root - DEBUG - Updating hall of fame
2020-07-18 01:53:33,250 - root - INFO - Completed generation 8; 2.5s elapsed, 2.7s avg, 2.2e+01s total. Expected time remaining: 5.3e+02s
2020-07-18 01:53:33,306 - root - INFO - #8 MAX:accuracy.mean: 0.67
2020-07-18 01:53:33,347 - root - DEBUG - Sampled weight [-0.62101469 -0.51431888  1.54621734 -0.48558349 -1.92273428]
2020-07-18 01:53:34,394 - root - DEBUG - Updating hall of fame
2020-07-18 01:53:36,061 - root - INFO - Completed generation 9; 2.8s elapsed, 2.7s avg, 2.5e+01s total. Expected time remaining: 5.2e+02s
2020-07-18 01:53:36,118 - root - INFO - #9 MAX:accuracy.mean: 0.63
2020-07-18 01:53:36,159 - root - DEBUG - Sampled weight [-0.17787639  0.17970795 -1.03623588 -0.00515509  1.70152304]
2020-07-18 01:53:37,211 - root - DEBUG - Updating hall of fame
2020-07-18 01:53:38,854 - root - INFO - Completed generation 10; 2.7s elapsed, 2.7s avg, 2.7e+01s total. Expected time remaining: 5.2e+02s
2020-07-18 01:53:38,909 - root - INFO - #10 MAX:accuracy.mean: 0.59
2020-07-18 01:53:38,993 - root - DEBUG - Sampled weight [-0.57183654 -0.18662279  1.69170707  1.64382857 -0.97409048]
2020-07-18 01:53:40,048 - root - DEBUG - Updating hall of fame
2020-07-18 01:53:40,049 - root - INFO - Completed generation 11; 1.1s elapsed, 2.6s avg, 2.9e+01s total. Expected time remaining: 4.9e+02s
2020-07-18 01:53:40,104 - root - INFO - #11 MAX:accuracy.mean: 0.6
2020-07-18 01:53:40,145 - root - DEBUG - Sampled weight [ 0.27070063 -0.13962984  1.90451478  0.99357427 -0.61999318]
2020-07-18 01:53:41,191 - root - DEBUG - Updating hall of fame
2020-07-18 01:53:42,469 - root - INFO - Completed generation 12; 2.4s elapsed, 2.6s avg, 3.1e+01s total. Expected time remaining: 4.8e+02s
2020-07-18 01:53:42,525 - root - INFO - #12 MAX:accuracy.mean: 0.63
2020-07-18 01:53:42,564 - root - DEBUG - Sampled weight [-0.67837577 -0.83572153  0.80989833 -1.00297298  1.83392904]
2020-07-18 01:53:43,610 - root - DEBUG - Updating hall of fame
2020-07-18 01:53:44,518 - root - INFO - Completed generation 13; 2.0s elapsed, 2.5s avg, 3.3e+01s total. Expected time remaining: 4.7e+02s
2020-07-18 01:53:44,573 - root - INFO - #13 MAX:accuracy.mean: 0.64
2020-07-18 01:53:44,613 - root - DEBUG - Sampled weight [-1.27650645  1.75220048 -0.64970533  0.06829009  0.90216395]
2020-07-18 01:53:45,667 - root - DEBUG - Updating hall of fame
2020-07-18 01:53:46,758 - root - INFO - Completed generation 14; 2.2s elapsed, 2.5s avg, 3.5e+01s total. Expected time remaining: 4.7e+02s
2020-07-18 01:53:46,815 - root - INFO - #14 MAX:accuracy.mean: 0.59
2020-07-18 01:53:46,856 - root - DEBUG - Sampled weight [ 0.23717195 -0.93705964 -0.13121104 -0.95186045 -0.38251319]
2020-07-18 01:53:47,913 - root - DEBUG - Updating hall of fame
2020-07-18 01:53:48,280 - root - INFO - Completed generation 15; 1.5s elapsed, 2.4s avg, 3.7e+01s total. Expected time remaining: 4.5e+02s
2020-07-18 01:53:48,336 - root - INFO - #15 MAX:accuracy.mean: 0.64
2020-07-18 01:53:48,376 - root - DEBUG - Sampled weight [ 0.93888613 -0.69152193  0.81373943 -1.51279813 -1.11264416]
2020-07-18 01:53:49,436 - root - DEBUG - Updating hall of fame
2020-07-18 01:53:50,354 - root - INFO - Completed generation 16; 2.0s elapsed, 2.4s avg, 3.9e+01s total. Expected time remaining: 4.4e+02s
2020-07-18 01:53:50,410 - root - INFO - #16 MAX:accuracy.mean: 0.66
2020-07-18 01:53:50,450 - root - DEBUG - Sampled weight [0.55571356 0.31651423 0.89472531 0.60600492 1.04432126]
2020-07-18 01:53:51,510 - root - DEBUG - Updating hall of fame
2020-07-18 01:53:52,427 - root - INFO - Completed generation 17; 2.0s elapsed, 2.4s avg, 4.1e+01s total. Expected time remaining: 4.4e+02s
2020-07-18 01:53:52,482 - root - INFO - #17 MAX:accuracy.mean: 0.7
2020-07-18 01:53:52,522 - root - DEBUG - Sampled weight [-0.39173067 -1.46550408  0.1593505  -1.90248541 -1.20713386]
2020-07-18 01:53:53,569 - root - DEBUG - Updating hall of fame
2020-07-18 01:53:54,659 - root - INFO - Completed generation 18; 2.2s elapsed, 2.4s avg, 4.3e+01s total. Expected time remaining: 4.3e+02s
2020-07-18 01:53:54,715 - root - INFO - #18 MAX:accuracy.mean: 0.6
2020-07-18 01:53:54,755 - root - DEBUG - Sampled weight [-1.83729803 -0.16676987  0.79508902 -1.41933107  1.94857217]
2020-07-18 01:53:55,810 - root - DEBUG - Updating hall of fame
2020-07-18 01:53:56,173 - root - INFO - Completed generation 19; 1.5s elapsed, 2.3s avg, 4.4e+01s total. Expected time remaining: 4.2e+02s
2020-07-18 01:53:56,228 - root - INFO - #19 MAX:accuracy.mean: 0.54
2020-07-18 01:53:56,268 - root - DEBUG - Sampled weight [-1.86509186 -0.81940697  0.54433979  1.47845375 -1.4890189 ]
2020-07-18 01:53:57,327 - root - DEBUG - Updating hall of fame
2020-07-18 01:53:57,698 - root - INFO - Completed generation 20; 1.5s elapsed, 2.3s avg, 4.6e+01s total. Expected time remaining: 4.1e+02s
2020-07-18 01:53:57,754 - root - INFO - #20 MAX:accuracy.mean: 0.65
2020-07-18 01:53:57,845 - root - DEBUG - Sampled weight [-0.0275649   1.16459251  1.37559292  1.49308698 -1.96142517]
2020-07-18 01:53:58,912 - root - DEBUG - Updating hall of fame
2020-07-18 01:53:59,830 - root - INFO - Completed generation 21; 2.0s elapsed, 2.3s avg, 4.8e+01s total. Expected time remaining: 4.1e+02s
2020-07-18 01:53:59,885 - root - INFO - #21 MAX:accuracy.mean: 0.57
2020-07-18 01:53:59,925 - root - DEBUG - Sampled weight [ 0.12985351 -1.54400591  0.95517193  1.58479057  0.67564472]
2020-07-18 01:54:00,992 - root - DEBUG - Updating hall of fame
2020-07-18 01:54:01,177 - root - INFO - Completed generation 22; 1.3s elapsed, 2.2s avg, 4.9e+01s total. Expected time remaining: 4e+02s
2020-07-18 01:54:01,232 - root - INFO - #22 MAX:accuracy.mean: 0.63
2020-07-18 01:54:01,273 - root - DEBUG - Sampled weight [ 1.08414326 -0.89166724  0.4767757   0.68800746  1.19539479]
2020-07-18 01:54:02,393 - root - DEBUG - Updating hall of fame
2020-07-18 01:54:03,132 - root - INFO - Completed generation 23; 1.9s elapsed, 2.2s avg, 5.1e+01s total. Expected time remaining: 3.9e+02s
2020-07-18 01:54:03,188 - root - INFO - #23 MAX:accuracy.mean: 0.71
2020-07-18 01:54:03,228 - root - DEBUG - Sampled weight [-1.90564432  1.05620377  1.66340156 -0.43471701 -1.85830696]
2020-07-18 01:54:04,291 - root - DEBUG - Updating hall of fame
2020-07-18 01:54:05,210 - root - INFO - Completed generation 24; 2.0s elapsed, 2.2s avg, 5.3e+01s total. Expected time remaining: 3.9e+02s
2020-07-18 01:54:05,265 - root - INFO - #24 MAX:accuracy.mean: 0.63
2020-07-18 01:54:05,305 - root - DEBUG - Sampled weight [ 0.99521298 -1.20438667  0.52268431  0.81697814  0.92543617]
2020-07-18 01:54:06,375 - root - DEBUG - Updating hall of fame
2020-07-18 01:54:06,927 - root - INFO - Completed generation 25; 1.7s elapsed, 2.2s avg, 5.5e+01s total. Expected time remaining: 3.8e+02s
2020-07-18 01:54:06,983 - root - INFO - #25 MAX:accuracy.mean: 0.68
2020-07-18 01:54:07,023 - root - DEBUG - Sampled weight [-0.75434675  1.51476654  1.25317687  1.44365056 -0.90391405]
2020-07-18 01:54:08,086 - root - DEBUG - Updating hall of fame
2020-07-18 01:54:09,560 - root - INFO - Completed generation 26; 2.6s elapsed, 2.2s avg, 5.7e+01s total. Expected time remaining: 3.8e+02s
2020-07-18 01:54:09,616 - root - INFO - #26 MAX:accuracy.mean: 0.66
2020-07-18 01:54:09,655 - root - DEBUG - Sampled weight [ 0.26135292  1.71885995 -0.07878343 -0.65123342  0.43058125]
2020-07-18 01:54:10,718 - root - DEBUG - Updating hall of fame
2020-07-18 01:54:10,900 - root - INFO - Completed generation 27; 1.3s elapsed, 2.2s avg, 5.8e+01s total. Expected time remaining: 3.7e+02s
2020-07-18 01:54:10,955 - root - INFO - #27 MAX:accuracy.mean: 0.68
2020-07-18 01:54:10,995 - root - DEBUG - Sampled weight [-1.22726611  1.43268637 -1.26072069  0.92795717 -0.86377854]
2020-07-18 01:54:12,063 - root - DEBUG - Updating hall of fame
2020-07-18 01:54:12,615 - root - INFO - Completed generation 28; 1.7s elapsed, 2.1s avg, 6e+01s total. Expected time remaining: 3.7e+02s
2020-07-18 01:54:12,671 - root - INFO - #28 MAX:accuracy.mean: 0.67
2020-07-18 01:54:12,711 - root - DEBUG - Sampled weight [ 0.39064871 -1.09708954 -0.19923113 -0.22397009  0.56678128]
2020-07-18 01:54:13,780 - root - DEBUG - Updating hall of fame
2020-07-18 01:54:14,705 - root - INFO - Completed generation 29; 2.0s elapsed, 2.1s avg, 6.2e+01s total. Expected time remaining: 3.7e+02s
2020-07-18 01:54:14,760 - root - INFO - #29 MAX:accuracy.mean: 0.65
2020-07-18 01:54:14,800 - root - DEBUG - Sampled weight [ 1.45251388  0.20481186 -0.95464992 -0.66934035  0.05110429]
2020-07-18 01:54:15,865 - root - DEBUG - Updating hall of fame
2020-07-18 01:54:16,604 - root - INFO - Completed generation 30; 1.8s elapsed, 2.1s avg, 6.4e+01s total. Expected time remaining: 3.6e+02s
2020-07-18 01:54:16,660 - root - INFO - #30 MAX:accuracy.mean: 0.64
2020-07-18 01:54:16,747 - root - DEBUG - Sampled weight [0.82328104 1.671125   1.49134119 1.24724445 0.43483418]
2020-07-18 01:54:17,822 - root - DEBUG - Updating hall of fame
2020-07-18 01:54:18,007 - root - INFO - Completed generation 31; 1.3s elapsed, 2.1s avg, 6.5e+01s total. Expected time remaining: 3.6e+02s
2020-07-18 01:54:18,063 - root - INFO - #31 MAX:accuracy.mean: 0.58
2020-07-18 01:54:18,103 - root - DEBUG - Sampled weight [1.96654218 0.59521895 1.74136899 1.16989954 0.37848781]
2020-07-18 01:54:19,175 - root - DEBUG - Updating hall of fame
2020-07-18 01:54:19,722 - root - INFO - Completed generation 32; 1.7s elapsed, 2.1s avg, 6.7e+01s total. Expected time remaining: 3.5e+02s
2020-07-18 01:54:19,778 - root - INFO - #32 MAX:accuracy.mean: 0.61
2020-07-18 01:54:19,818 - root - DEBUG - Sampled weight [-0.92463198  0.26040122 -0.53034432 -0.4781791   0.32208367]
2020-07-18 01:54:20,885 - root - DEBUG - Updating hall of fame
2020-07-18 01:54:21,435 - root - INFO - Completed generation 33; 1.7s elapsed, 2.1s avg, 6.9e+01s total. Expected time remaining: 3.5e+02s
2020-07-18 01:54:21,490 - root - INFO - #33 MAX:accuracy.mean: 0.73
2020-07-18 01:54:21,531 - root - DEBUG - Sampled weight [ 1.6356833  -0.67319009 -1.56014181  0.82720865 -0.61254671]
2020-07-18 01:54:22,605 - root - DEBUG - Updating hall of fame
2020-07-18 01:54:23,153 - root - INFO - Completed generation 34; 1.7s elapsed, 2.1s avg, 7e+01s total. Expected time remaining: 3.4e+02s
2020-07-18 01:54:23,209 - root - INFO - #34 MAX:accuracy.mean: 0.65
2020-07-18 01:54:23,249 - root - DEBUG - Sampled weight [-0.18460781 -0.47599701  1.65525531  1.0395379   0.82517957]
2020-07-18 01:54:24,317 - root - DEBUG - Updating hall of fame
2020-07-18 01:54:25,057 - root - INFO - Completed generation 35; 1.8s elapsed, 2.1s avg, 7.2e+01s total. Expected time remaining: 3.4e+02s
2020-07-18 01:54:25,112 - root - INFO - #35 MAX:accuracy.mean: 0.64
2020-07-18 01:54:25,152 - root - DEBUG - Sampled weight [ 1.27303111 -0.27154285 -0.39617706  1.58783281  1.98481717]
2020-07-18 01:54:26,215 - root - DEBUG - Updating hall of fame
2020-07-18 01:54:27,131 - root - INFO - Completed generation 36; 2.0s elapsed, 2.1s avg, 7.4e+01s total. Expected time remaining: 3.4e+02s
2020-07-18 01:54:27,188 - root - INFO - #36 MAX:accuracy.mean: 0.6
2020-07-18 01:54:27,227 - root - DEBUG - Sampled weight [-0.26030189  1.83551461  1.09765437  1.88569561 -1.40862982]
2020-07-18 01:54:28,290 - root - DEBUG - Updating hall of fame
2020-07-18 01:54:28,477 - root - INFO - Completed generation 37; 1.3s elapsed, 2.0s avg, 7.5e+01s total. Expected time remaining: 3.3e+02s
2020-07-18 01:54:28,533 - root - INFO - #37 MAX:accuracy.mean: 0.59
2020-07-18 01:54:28,572 - root - DEBUG - Sampled weight [-0.06115139  0.35968971 -1.9737486   0.51558581 -1.11326597]
2020-07-18 01:54:29,645 - root - DEBUG - Updating hall of fame
2020-07-18 01:54:30,200 - root - INFO - Completed generation 38; 1.7s elapsed, 2.0s avg, 7.7e+01s total. Expected time remaining: 3.3e+02s
2020-07-18 01:54:30,255 - root - INFO - #38 MAX:accuracy.mean: 0.6
2020-07-18 01:54:30,296 - root - DEBUG - Sampled weight [-1.1777801  -0.43454112 -0.95744776  0.82794608  0.21675229]
2020-07-18 01:54:31,363 - root - DEBUG - Updating hall of fame
2020-07-18 01:54:31,919 - root - INFO - Completed generation 39; 1.7s elapsed, 2.0s avg, 7.9e+01s total. Expected time remaining: 3.3e+02s
2020-07-18 01:54:32,087 - root - INFO - #39 MAX:accuracy.mean: 0.68
2020-07-18 01:54:32,128 - root - DEBUG - Sampled weight [ 0.38052229  1.59895145 -1.36977788 -1.13986882  1.6919589 ]
2020-07-18 01:54:33,199 - root - DEBUG - Updating hall of fame
2020-07-18 01:54:34,123 - root - INFO - Completed generation 40; 2.0s elapsed, 2.0s avg, 8.1e+01s total. Expected time remaining: 3.2e+02s
2020-07-18 01:54:34,179 - root - INFO - #40 MAX:accuracy.mean: 0.61
2020-07-18 01:54:34,265 - root - DEBUG - Sampled weight [ 1.54413302  1.46381143  1.45624822 -1.39533238  1.22601035]
2020-07-18 01:54:35,337 - root - DEBUG - Updating hall of fame
2020-07-18 01:54:35,711 - root - INFO - Completed generation 41; 1.5s elapsed, 2.0s avg, 8.2e+01s total. Expected time remaining: 3.2e+02s
2020-07-18 01:54:35,767 - root - INFO - #41 MAX:accuracy.mean: 0.66
2020-07-18 01:54:35,807 - root - DEBUG - Sampled weight [ 1.37975108  0.58874238 -1.9682063   1.19193585  0.75502845]
2020-07-18 01:54:36,883 - root - DEBUG - Updating hall of fame
2020-07-18 01:54:37,632 - root - INFO - Completed generation 42; 1.9s elapsed, 2.0s avg, 8.4e+01s total. Expected time remaining: 3.2e+02s
2020-07-18 01:54:37,689 - root - INFO - #42 MAX:accuracy.mean: 0.7
2020-07-18 01:54:37,729 - root - DEBUG - Sampled weight [ 0.01399898 -1.54378245 -1.99548388 -0.97666716  1.27224635]
2020-07-18 01:54:38,802 - root - DEBUG - Updating hall of fame
2020-07-18 01:54:39,733 - root - INFO - Completed generation 43; 2.0s elapsed, 2.0s avg, 8.6e+01s total. Expected time remaining: 3.1e+02s
2020-07-18 01:54:39,789 - root - INFO - #43 MAX:accuracy.mean: 0.64
2020-07-18 01:54:39,829 - root - DEBUG - Sampled weight [ 0.82803703  1.0417364  -0.16401613 -0.03232783  1.84309324]
2020-07-18 01:54:40,896 - root - DEBUG - Updating hall of fame
2020-07-18 01:54:41,284 - root - INFO - Completed generation 44; 1.5s elapsed, 2.0s avg, 8.8e+01s total. Expected time remaining: 3.1e+02s
2020-07-18 01:54:41,339 - root - INFO - #44 MAX:accuracy.mean: 0.65
2020-07-18 01:54:41,379 - root - DEBUG - Sampled weight [-0.1105417   1.71372724 -0.91124092 -0.89433243 -1.10117548]
2020-07-18 01:54:42,446 - root - DEBUG - Updating hall of fame
2020-07-18 01:54:42,833 - root - INFO - Completed generation 45; 1.5s elapsed, 2.0s avg, 8.9e+01s total. Expected time remaining: 3.1e+02s
2020-07-18 01:54:42,889 - root - INFO - #45 MAX:accuracy.mean: 0.67
2020-07-18 01:54:42,929 - root - DEBUG - Sampled weight [-0.98011095 -0.84742382 -1.71780208  0.52290311  0.27727277]
2020-07-18 01:54:44,020 - root - DEBUG - Updating hall of fame
2020-07-18 01:54:44,782 - root - INFO - Completed generation 46; 1.9s elapsed, 2.0s avg, 9.1e+01s total. Expected time remaining: 3e+02s
2020-07-18 01:54:44,838 - root - INFO - #46 MAX:accuracy.mean: 0.7
2020-07-18 01:54:44,879 - root - DEBUG - Sampled weight [-1.95726496  1.03421881  0.08428491 -1.46028653 -1.23353385]
2020-07-18 01:54:45,961 - root - DEBUG - Updating hall of fame
2020-07-18 01:54:46,905 - root - INFO - Completed generation 47; 2.1s elapsed, 2.0s avg, 9.3e+01s total. Expected time remaining: 3e+02s
2020-07-18 01:54:46,961 - root - INFO - #47 MAX:accuracy.mean: 0.62
2020-07-18 01:54:47,002 - root - DEBUG - Sampled weight [-0.15173624  0.96937154 -0.62004495 -0.76940558 -0.99746384]
2020-07-18 01:54:48,098 - root - DEBUG - Updating hall of fame
2020-07-18 01:54:48,489 - root - INFO - Completed generation 48; 1.5s elapsed, 2.0s avg, 9.5e+01s total. Expected time remaining: 3e+02s
2020-07-18 01:54:48,545 - root - INFO - #48 MAX:accuracy.mean: 0.69
2020-07-18 01:54:48,587 - root - DEBUG - Sampled weight [ 0.92914249  1.29721525  0.28968473  0.90381011 -1.47167126]
2020-07-18 01:54:49,679 - root - DEBUG - Updating hall of fame
2020-07-18 01:54:50,654 - root - INFO - Completed generation 49; 2.1s elapsed, 2.0s avg, 9.7e+01s total. Expected time remaining: 3e+02s
2020-07-18 01:54:50,710 - root - INFO - #49 MAX:accuracy.mean: 0.67
2020-07-18 01:54:50,752 - root - DEBUG - Sampled weight [ 0.42243481 -0.63110955 -1.53567234 -1.41455743  0.29538597]
2020-07-18 01:54:51,835 - root - DEBUG - Updating hall of fame
2020-07-18 01:54:52,227 - root - INFO - Completed generation 50; 1.5s elapsed, 2.0s avg, 9.8e+01s total. Expected time remaining: 2.9e+02s
2020-07-18 01:54:52,282 - root - INFO - #50 MAX:accuracy.mean: 0.7
2020-07-18 01:54:52,379 - root - DEBUG - Sampled weight [ 0.70729724 -0.29916878  1.62169821  0.81196096 -1.3403524 ]
2020-07-18 01:54:53,478 - root - DEBUG - Updating hall of fame
2020-07-18 01:54:54,235 - root - INFO - Completed generation 51; 1.9s elapsed, 2.0s avg, 1e+02s total. Expected time remaining: 2.9e+02s
2020-07-18 01:54:54,291 - root - INFO - #51 MAX:accuracy.mean: 0.62
2020-07-18 01:54:54,331 - root - DEBUG - Sampled weight [1.16972254 1.8107612  1.72133424 1.39743752 1.43740513]
2020-07-18 01:54:55,406 - root - DEBUG - Updating hall of fame
2020-07-18 01:54:55,790 - root - INFO - Completed generation 52; 1.5s elapsed, 2.0s avg, 1e+02s total. Expected time remaining: 2.9e+02s
2020-07-18 01:54:55,846 - root - INFO - #52 MAX:accuracy.mean: 0.64
2020-07-18 01:54:55,887 - root - DEBUG - Sampled weight [-1.38222708 -1.54055476 -0.60929602  1.96453326  0.87068952]
2020-07-18 01:54:56,983 - root - DEBUG - Updating hall of fame
2020-07-18 01:54:57,373 - root - INFO - Completed generation 53; 1.5s elapsed, 1.9s avg, 1e+02s total. Expected time remaining: 2.9e+02s
2020-07-18 01:54:57,429 - root - INFO - #53 MAX:accuracy.mean: 0.68
2020-07-18 01:54:57,469 - root - DEBUG - Sampled weight [-1.11852726 -0.63173916 -0.4946241  -0.72980556  0.93733266]
2020-07-18 01:54:58,551 - root - DEBUG - Updating hall of fame
2020-07-18 01:54:59,136 - root - INFO - Completed generation 54; 1.7s elapsed, 1.9s avg, 1e+02s total. Expected time remaining: 2.8e+02s
2020-07-18 01:54:59,191 - root - INFO - #54 MAX:accuracy.mean: 0.72
2020-07-18 01:54:59,233 - root - DEBUG - Sampled weight [ 1.97097129 -1.35982201 -1.34275441 -0.39463824  1.41584687]
2020-07-18 01:55:00,345 - root - DEBUG - Updating hall of fame
2020-07-18 01:55:01,103 - root - INFO - Completed generation 55; 1.9s elapsed, 1.9s avg, 1.1e+02s total. Expected time remaining: 2.8e+02s
2020-07-18 01:55:01,159 - root - INFO - #55 MAX:accuracy.mean: 0.63
2020-07-18 01:55:01,200 - root - DEBUG - Sampled weight [-0.58445495  0.66476656  1.13605694  1.1356299   1.50606999]
2020-07-18 01:55:02,311 - root - DEBUG - Updating hall of fame
2020-07-18 01:55:02,724 - root - INFO - Completed generation 56; 1.6s elapsed, 1.9s avg, 1.1e+02s total. Expected time remaining: 2.8e+02s
2020-07-18 01:55:02,784 - root - INFO - #56 MAX:accuracy.mean: 0.75
2020-07-18 01:55:02,827 - root - DEBUG - Sampled weight [ 1.41715448 -1.25586646  0.56191605  0.86289946 -1.09963779]
2020-07-18 01:55:03,990 - root - DEBUG - Updating hall of fame
2020-07-18 01:55:05,199 - root - INFO - Completed generation 57; 2.4s elapsed, 1.9s avg, 1.1e+02s total. Expected time remaining: 2.8e+02s
2020-07-18 01:55:05,258 - root - INFO - #57 MAX:accuracy.mean: 0.71
2020-07-18 01:55:05,302 - root - DEBUG - Sampled weight [-0.47466095 -1.6245787   1.90434441 -1.17719318 -1.10061889]
2020-07-18 01:55:06,428 - root - DEBUG - Updating hall of fame
2020-07-18 01:55:07,207 - root - INFO - Completed generation 58; 1.9s elapsed, 1.9s avg, 1.1e+02s total. Expected time remaining: 2.8e+02s
2020-07-18 01:55:07,262 - root - INFO - #58 MAX:accuracy.mean: 0.73
2020-07-18 01:55:07,303 - root - DEBUG - Sampled weight [-0.8712408  -1.78271683  0.47271875  1.26197803 -0.42794468]
2020-07-18 01:55:08,378 - root - DEBUG - Updating hall of fame
2020-07-18 01:55:09,132 - root - INFO - Completed generation 59; 1.9s elapsed, 1.9s avg, 1.1e+02s total. Expected time remaining: 2.7e+02s
2020-07-18 01:55:09,188 - root - INFO - #59 MAX:accuracy.mean: 0.71
2020-07-18 01:55:09,229 - root - DEBUG - Sampled weight [ 1.64825925 -1.72595713  1.09271909  0.29933197  1.07818608]
2020-07-18 01:55:10,304 - root - DEBUG - Updating hall of fame
2020-07-18 01:55:11,064 - root - INFO - Completed generation 60; 1.9s elapsed, 1.9s avg, 1.2e+02s total. Expected time remaining: 2.7e+02s
2020-07-18 01:55:11,120 - root - INFO - #60 MAX:accuracy.mean: 0.73
2020-07-18 01:55:11,234 - root - DEBUG - Sampled weight [ 0.32787121 -1.66912381 -0.43839203  0.49910439 -1.80087366]
2020-07-18 01:55:12,326 - root - DEBUG - Updating hall of fame
2020-07-18 01:55:12,899 - root - INFO - Completed generation 61; 1.7s elapsed, 1.9s avg, 1.2e+02s total. Expected time remaining: 2.7e+02s
2020-07-18 01:55:12,954 - root - INFO - #61 MAX:accuracy.mean: 0.62
2020-07-18 01:55:12,994 - root - DEBUG - Sampled weight [1.29914863 1.31393543 0.77513105 1.13227737 0.61967029]
2020-07-18 01:55:14,088 - root - DEBUG - Updating hall of fame
2020-07-18 01:55:14,490 - root - INFO - Completed generation 62; 1.5s elapsed, 1.9s avg, 1.2e+02s total. Expected time remaining: 2.7e+02s
2020-07-18 01:55:14,546 - root - INFO - #62 MAX:accuracy.mean: 0.83
2020-07-18 01:55:14,587 - root - DEBUG - Sampled weight [-1.69568052 -1.57312012 -0.49546752  0.6294058  -1.72223471]
2020-07-18 01:55:15,671 - root - DEBUG - Updating hall of fame
2020-07-18 01:55:16,643 - root - INFO - Completed generation 63; 2.1s elapsed, 1.9s avg, 1.2e+02s total. Expected time remaining: 2.6e+02s
2020-07-18 01:55:16,699 - root - INFO - #63 MAX:accuracy.mean: 0.79
2020-07-18 01:55:16,740 - root - DEBUG - Sampled weight [ 1.99675531 -1.75488111 -1.17396646  1.44607456 -0.45369355]
2020-07-18 01:55:17,841 - root - DEBUG - Updating hall of fame
2020-07-18 01:55:18,801 - root - INFO - Completed generation 64; 2.1s elapsed, 1.9s avg, 1.2e+02s total. Expected time remaining: 2.6e+02s
2020-07-18 01:55:18,857 - root - INFO - #64 MAX:accuracy.mean: 0.66
2020-07-18 01:55:18,897 - root - DEBUG - Sampled weight [ 1.9388683  -0.46416732  0.5560497   0.36963001  0.85479106]
2020-07-18 01:55:19,986 - root - DEBUG - Updating hall of fame
2020-07-18 01:55:20,777 - root - INFO - Completed generation 65; 1.9s elapsed, 1.9s avg, 1.3e+02s total. Expected time remaining: 2.6e+02s
2020-07-18 01:55:20,837 - root - INFO - #65 MAX:accuracy.mean: 0.72
2020-07-18 01:55:20,880 - root - DEBUG - Sampled weight [ 1.8137429   0.28557007  1.56667878 -1.60868839 -0.29729663]
2020-07-18 01:55:22,053 - root - DEBUG - Updating hall of fame
2020-07-18 01:55:23,468 - root - INFO - Completed generation 66; 2.6s elapsed, 1.9s avg, 1.3e+02s total. Expected time remaining: 2.6e+02s
2020-07-18 01:55:23,528 - root - INFO - #66 MAX:accuracy.mean: 0.65
2020-07-18 01:55:23,572 - root - DEBUG - Sampled weight [-1.99916229 -1.99225927 -1.4712701   1.58291875 -1.61008543]
2020-07-18 01:55:24,733 - root - DEBUG - Updating hall of fame
2020-07-18 01:55:25,363 - root - INFO - Completed generation 67; 1.8s elapsed, 1.9s avg, 1.3e+02s total. Expected time remaining: 2.6e+02s
2020-07-18 01:55:25,422 - root - INFO - #67 MAX:accuracy.mean: 0.66
2020-07-18 01:55:25,466 - root - DEBUG - Sampled weight [ 0.47588264 -0.61737666  0.92626753 -1.18968642  0.95060211]
2020-07-18 01:55:26,571 - root - DEBUG - Updating hall of fame
2020-07-18 01:55:27,336 - root - INFO - Completed generation 68; 1.9s elapsed, 1.9s avg, 1.3e+02s total. Expected time remaining: 2.6e+02s
2020-07-18 01:55:27,392 - root - INFO - #68 MAX:accuracy.mean: 0.74
2020-07-18 01:55:27,433 - root - DEBUG - Sampled weight [1.73662594 0.90404384 0.44954502 1.00224831 0.84724606]
2020-07-18 01:55:28,543 - root - DEBUG - Updating hall of fame
2020-07-18 01:55:29,505 - root - INFO - Completed generation 69; 2.1s elapsed, 1.9s avg, 1.3e+02s total. Expected time remaining: 2.6e+02s
2020-07-18 01:55:29,561 - root - INFO - #69 MAX:accuracy.mean: 0.82
2020-07-18 01:55:29,602 - root - DEBUG - Sampled weight [-1.31194933  1.21450098 -1.08087207  0.28985485  0.71584791]
2020-07-18 01:55:30,730 - root - DEBUG - Updating hall of fame
2020-07-18 01:55:31,535 - root - INFO - Completed generation 70; 2.0s elapsed, 1.9s avg, 1.4e+02s total. Expected time remaining: 2.5e+02s
2020-07-18 01:55:31,593 - root - INFO - #70 MAX:accuracy.mean: 0.78
2020-07-18 01:55:31,687 - root - DEBUG - Sampled weight [ 1.83276084  1.20783031 -0.4831204  -0.66085281 -1.55483398]
2020-07-18 01:55:32,797 - root - DEBUG - Updating hall of fame
2020-07-18 01:55:33,936 - root - INFO - Completed generation 71; 2.3s elapsed, 2.0s avg, 1.4e+02s total. Expected time remaining: 2.5e+02s
2020-07-18 01:55:33,992 - root - INFO - #71 MAX:accuracy.mean: 0.69
2020-07-18 01:55:34,033 - root - DEBUG - Sampled weight [-1.52684459  0.11605612 -0.67116656 -1.39092979 -1.60789695]
2020-07-18 01:55:35,121 - root - DEBUG - Updating hall of fame
2020-07-18 01:55:35,872 - root - INFO - Completed generation 72; 1.9s elapsed, 2.0s avg, 1.4e+02s total. Expected time remaining: 2.5e+02s
2020-07-18 01:55:35,928 - root - INFO - #72 MAX:accuracy.mean: 0.74
2020-07-18 01:55:35,969 - root - DEBUG - Sampled weight [ 1.69437375 -0.27878151 -1.77081496  0.76088773  1.86795418]
2020-07-18 01:55:37,048 - root - DEBUG - Updating hall of fame
2020-07-18 01:55:37,639 - root - INFO - Completed generation 73; 1.7s elapsed, 1.9s avg, 1.4e+02s total. Expected time remaining: 2.5e+02s
2020-07-18 01:55:37,695 - root - INFO - #73 MAX:accuracy.mean: 0.69
2020-07-18 01:55:37,735 - root - DEBUG - Sampled weight [ 1.19544327 -0.2456535  -0.78417436  1.69824194 -0.08226031]
2020-07-18 01:55:38,816 - root - DEBUG - Updating hall of fame
2020-07-18 01:55:39,205 - root - INFO - Completed generation 74; 1.5s elapsed, 1.9s avg, 1.4e+02s total. Expected time remaining: 2.4e+02s
2020-07-18 01:55:39,261 - root - INFO - #74 MAX:accuracy.mean: 0.68
2020-07-18 01:55:39,303 - root - DEBUG - Sampled weight [1.25304267 0.50927425 0.07362476 1.32805357 1.04820661]
2020-07-18 01:55:40,374 - root - DEBUG - Updating hall of fame
2020-07-18 01:55:40,750 - root - INFO - Completed generation 75; 1.5s elapsed, 1.9s avg, 1.5e+02s total. Expected time remaining: 2.4e+02s
2020-07-18 01:55:40,805 - root - INFO - #75 MAX:accuracy.mean: 0.68
2020-07-18 01:55:40,847 - root - DEBUG - Sampled weight [ 0.57317952 -1.77069399 -0.10510927 -0.79061684  0.2274232 ]
2020-07-18 01:55:41,942 - root - DEBUG - Updating hall of fame
2020-07-18 01:55:42,701 - root - INFO - Completed generation 76; 1.9s elapsed, 1.9s avg, 1.5e+02s total. Expected time remaining: 2.4e+02s
2020-07-18 01:55:42,757 - root - INFO - #76 MAX:accuracy.mean: 0.68
2020-07-18 01:55:42,798 - root - DEBUG - Sampled weight [-0.15714631 -0.70342835  1.55598416 -0.72670363 -0.08275506]
2020-07-18 01:55:43,890 - root - DEBUG - Updating hall of fame
2020-07-18 01:55:44,651 - root - INFO - Completed generation 77; 1.9s elapsed, 1.9s avg, 1.5e+02s total. Expected time remaining: 2.4e+02s
2020-07-18 01:55:44,706 - root - INFO - #77 MAX:accuracy.mean: 0.67
2020-07-18 01:55:44,747 - root - DEBUG - Sampled weight [ 0.56268652 -0.65762518  0.39043797 -0.94962369 -0.78003128]
2020-07-18 01:55:45,825 - root - DEBUG - Updating hall of fame
2020-07-18 01:55:46,570 - root - INFO - Completed generation 78; 1.9s elapsed, 1.9s avg, 1.5e+02s total. Expected time remaining: 2.4e+02s
2020-07-18 01:55:46,626 - root - INFO - #78 MAX:accuracy.mean: 0.72
2020-07-18 01:55:46,667 - root - DEBUG - Sampled weight [-0.47738697 -0.5040687  -1.47778767 -1.2464081   0.18422452]
2020-07-18 01:55:47,758 - root - DEBUG - Updating hall of fame
2020-07-18 01:55:48,713 - root - INFO - Completed generation 79; 2.1s elapsed, 1.9s avg, 1.5e+02s total. Expected time remaining: 2.3e+02s
2020-07-18 01:55:48,769 - root - INFO - #79 MAX:accuracy.mean: 0.69
2020-07-18 01:55:48,810 - root - DEBUG - Sampled weight [ 1.19142533 -1.72904656 -0.74133263 -1.76515793 -0.23471912]
2020-07-18 01:55:49,907 - root - DEBUG - Updating hall of fame
2020-07-18 01:55:50,848 - root - INFO - Completed generation 80; 2.1s elapsed, 1.9s avg, 1.6e+02s total. Expected time remaining: 2.3e+02s
2020-07-18 01:55:50,904 - root - INFO - #80 MAX:accuracy.mean: 0.67
2020-07-18 01:55:50,994 - root - DEBUG - Sampled weight [ 1.58872245  1.71742037 -0.25501229 -1.12886229 -0.6294401 ]
2020-07-18 01:55:52,098 - root - DEBUG - Updating hall of fame
2020-07-18 01:55:52,670 - root - INFO - Completed generation 81; 1.7s elapsed, 1.9s avg, 1.6e+02s total. Expected time remaining: 2.3e+02s
2020-07-18 01:55:52,726 - root - INFO - #81 MAX:accuracy.mean: 0.67
2020-07-18 01:55:52,766 - root - DEBUG - Sampled weight [-0.83109777 -1.55909461 -0.29716343 -1.09173804  0.74292553]
2020-07-18 01:55:53,854 - root - DEBUG - Updating hall of fame
2020-07-18 01:55:54,603 - root - INFO - Completed generation 82; 1.9s elapsed, 1.9s avg, 1.6e+02s total. Expected time remaining: 2.3e+02s
2020-07-18 01:55:54,660 - root - INFO - #82 MAX:accuracy.mean: 0.74
2020-07-18 01:55:54,701 - root - DEBUG - Sampled weight [ 1.15041925 -0.12817046  1.55354243 -0.98914824  1.08959842]
2020-07-18 01:55:55,830 - root - DEBUG - Updating hall of fame
2020-07-18 01:55:56,985 - root - INFO - Completed generation 83; 2.3s elapsed, 1.9s avg, 1.6e+02s total. Expected time remaining: 2.3e+02s
2020-07-18 01:55:57,040 - root - INFO - #83 MAX:accuracy.mean: 0.72
2020-07-18 01:55:57,082 - root - DEBUG - Sampled weight [ 1.72129085 -1.95140445 -0.83116559 -0.96267994  0.47799688]
2020-07-18 01:55:58,184 - root - DEBUG - Updating hall of fame
2020-07-18 01:55:58,787 - root - INFO - Completed generation 84; 1.7s elapsed, 1.9s avg, 1.6e+02s total. Expected time remaining: 2.2e+02s
2020-07-18 01:55:58,843 - root - INFO - #84 MAX:accuracy.mean: 0.7
2020-07-18 01:55:58,882 - root - DEBUG - Sampled weight [-1.76070174  0.93269693  0.85010832  1.66564331  0.66369483]
2020-07-18 01:55:59,960 - root - DEBUG - Updating hall of fame
2020-07-18 01:56:00,739 - root - INFO - Completed generation 85; 1.9s elapsed, 1.9s avg, 1.6e+02s total. Expected time remaining: 2.2e+02s
2020-07-18 01:56:00,798 - root - INFO - #85 MAX:accuracy.mean: 0.83
2020-07-18 01:56:00,843 - root - DEBUG - Sampled weight [ 0.68967227 -1.18354302  0.6410971   1.06642464  1.28368511]
2020-07-18 01:56:02,009 - root - DEBUG - Updating hall of fame
2020-07-18 01:56:03,139 - root - INFO - Completed generation 86; 2.3s elapsed, 1.9s avg, 1.7e+02s total. Expected time remaining: 2.2e+02s
2020-07-18 01:56:03,195 - root - INFO - #86 MAX:accuracy.mean: 0.88
2020-07-18 01:56:03,235 - root - DEBUG - Sampled weight [ 0.0044045   0.07446794  0.55439231  1.75319464 -1.11789328]
2020-07-18 01:56:04,339 - root - DEBUG - Updating hall of fame
2020-07-18 01:56:05,296 - root - INFO - Completed generation 87; 2.1s elapsed, 1.9s avg, 1.7e+02s total. Expected time remaining: 2.2e+02s
2020-07-18 01:56:05,351 - root - INFO - #87 MAX:accuracy.mean: 0.68
2020-07-18 01:56:05,392 - root - DEBUG - Sampled weight [-0.28243949 -0.39240948 -0.55691615  1.36627123 -0.32978418]
2020-07-18 01:56:06,485 - root - DEBUG - Updating hall of fame
2020-07-18 01:56:07,072 - root - INFO - Completed generation 88; 1.7s elapsed, 1.9s avg, 1.7e+02s total. Expected time remaining: 2.2e+02s
2020-07-18 01:56:07,128 - root - INFO - #88 MAX:accuracy.mean: 0.74
2020-07-18 01:56:07,168 - root - DEBUG - Sampled weight [ 0.96702218 -0.90431972  1.05279829 -1.79755436  1.41927899]
2020-07-18 01:56:08,247 - root - DEBUG - Updating hall of fame
2020-07-18 01:56:09,202 - root - INFO - Completed generation 89; 2.1s elapsed, 1.9s avg, 1.7e+02s total. Expected time remaining: 2.2e+02s
2020-07-18 01:56:09,258 - root - INFO - #89 MAX:accuracy.mean: 0.78
2020-07-18 01:56:09,299 - root - DEBUG - Sampled weight [-0.30103761 -0.51369224 -0.9596185  -1.66896366  0.68902385]
2020-07-18 01:56:10,404 - root - DEBUG - Updating hall of fame
2020-07-18 01:56:10,813 - root - INFO - Completed generation 90; 1.6s elapsed, 1.9s avg, 1.7e+02s total. Expected time remaining: 2.1e+02s
2020-07-18 01:56:10,869 - root - INFO - #90 MAX:accuracy.mean: 0.7
2020-07-18 01:56:10,982 - root - DEBUG - Sampled weight [ 0.5257062   0.1263335   1.68262135 -0.22114518 -0.10185321]
2020-07-18 01:56:12,086 - root - DEBUG - Updating hall of fame
2020-07-18 01:56:13,221 - root - INFO - Completed generation 91; 2.3s elapsed, 1.9s avg, 1.8e+02s total. Expected time remaining: 2.1e+02s
2020-07-18 01:56:13,277 - root - INFO - #91 MAX:accuracy.mean: 0.69
2020-07-18 01:56:13,318 - root - DEBUG - Sampled weight [ 1.24440264  0.17855975 -1.43974754  1.24950205 -1.0966944 ]
2020-07-18 01:56:14,414 - root - DEBUG - Updating hall of fame
2020-07-18 01:56:14,978 - root - INFO - Completed generation 92; 1.7s elapsed, 1.9s avg, 1.8e+02s total. Expected time remaining: 2.1e+02s
2020-07-18 01:56:15,035 - root - INFO - #92 MAX:accuracy.mean: 0.69
2020-07-18 01:56:15,077 - root - DEBUG - Sampled weight [-0.65370447  1.37022872  1.67747904 -0.54795091 -0.25724527]
2020-07-18 01:56:16,194 - root - DEBUG - Updating hall of fame
2020-07-18 01:56:17,152 - root - INFO - Completed generation 93; 2.1s elapsed, 1.9s avg, 1.8e+02s total. Expected time remaining: 2.1e+02s
2020-07-18 01:56:17,208 - root - INFO - #93 MAX:accuracy.mean: 0.71
2020-07-18 01:56:17,249 - root - DEBUG - Sampled weight [ 0.6369439  -0.08275524 -1.98034274 -1.20845528 -0.163082  ]
2020-07-18 01:56:18,352 - root - DEBUG - Updating hall of fame
2020-07-18 01:56:19,130 - root - INFO - Completed generation 94; 1.9s elapsed, 1.9s avg, 1.8e+02s total. Expected time remaining: 2.1e+02s
2020-07-18 01:56:19,186 - root - INFO - #94 MAX:accuracy.mean: 0.71
2020-07-18 01:56:19,228 - root - DEBUG - Sampled weight [-1.58184021  1.48972362 -1.5966168  -1.01953228 -0.65068288]
2020-07-18 01:56:20,333 - root - DEBUG - Updating hall of fame
2020-07-18 01:56:21,115 - root - INFO - Completed generation 95; 1.9s elapsed, 1.9s avg, 1.8e+02s total. Expected time remaining: 2e+02s
2020-07-18 01:56:21,171 - root - INFO - #95 MAX:accuracy.mean: 0.78
2020-07-18 01:56:21,211 - root - DEBUG - Sampled weight [ 1.10415992  1.06853096 -1.98321883  0.76700055  0.71577053]
2020-07-18 01:56:22,320 - root - DEBUG - Updating hall of fame
2020-07-18 01:56:23,108 - root - INFO - Completed generation 96; 1.9s elapsed, 1.9s avg, 1.9e+02s total. Expected time remaining: 2e+02s
2020-07-18 01:56:23,164 - root - INFO - #96 MAX:accuracy.mean: 0.87
2020-07-18 01:56:23,205 - root - DEBUG - Sampled weight [-0.08591026  0.1989675   0.6878065  -1.58641407 -0.50016686]
2020-07-18 01:56:24,317 - root - DEBUG - Updating hall of fame
2020-07-18 01:56:25,284 - root - INFO - Completed generation 97; 2.1s elapsed, 1.9s avg, 1.9e+02s total. Expected time remaining: 2e+02s
2020-07-18 01:56:25,341 - root - INFO - #97 MAX:accuracy.mean: 0.71
2020-07-18 01:56:25,381 - root - DEBUG - Sampled weight [-0.66826695 -0.6589522   0.92884672  1.57509451 -1.36977536]
2020-07-18 01:56:26,483 - root - DEBUG - Updating hall of fame
2020-07-18 01:56:27,447 - root - INFO - Completed generation 98; 2.1s elapsed, 1.9s avg, 1.9e+02s total. Expected time remaining: 2e+02s
2020-07-18 01:56:27,503 - root - INFO - #98 MAX:accuracy.mean: 0.76
2020-07-18 01:56:27,544 - root - DEBUG - Sampled weight [ 0.03475629  0.42358155 -0.08904501  1.6378993   0.94017922]
2020-07-18 01:56:28,643 - root - DEBUG - Updating hall of fame
2020-07-18 01:56:29,419 - root - INFO - Completed generation 99; 1.9s elapsed, 1.9s avg, 1.9e+02s total. Expected time remaining: 2e+02s
2020-07-18 01:56:29,475 - root - INFO - #99 MAX:accuracy.mean: 0.7
2020-07-18 01:56:29,516 - root - DEBUG - Sampled weight [-1.30022253 -0.36249536  1.12962803 -0.62364913  1.40580094]
2020-07-18 01:56:30,604 - root - DEBUG - Updating hall of fame
2020-07-18 01:56:30,982 - root - INFO - Completed generation 100; 1.5s elapsed, 1.9s avg, 1.9e+02s total. Expected time remaining: 1.9e+02s
2020-07-18 01:56:31,037 - root - INFO - #100 MAX:accuracy.mean: 0.7
2020-07-18 01:56:31,134 - root - DEBUG - Sampled weight [ 0.1119762   0.64714926 -0.77473489 -1.69960756  0.04984939]
2020-07-18 01:56:32,242 - root - DEBUG - Updating hall of fame
2020-07-18 01:56:33,207 - root - INFO - Completed generation 101; 2.1s elapsed, 1.9s avg, 2e+02s total. Expected time remaining: 1.9e+02s
2020-07-18 01:56:33,263 - root - INFO - #101 MAX:accuracy.mean: 0.65
2020-07-18 01:56:33,305 - root - DEBUG - Sampled weight [1.70760437 0.25551315 0.37165443 0.97836421 0.90459768]
2020-07-18 01:56:34,416 - root - DEBUG - Updating hall of fame
2020-07-18 01:56:34,972 - root - INFO - Completed generation 102; 1.7s elapsed, 1.9s avg, 2e+02s total. Expected time remaining: 1.9e+02s
2020-07-18 01:56:35,028 - root - INFO - #102 MAX:accuracy.mean: 0.65
2020-07-18 01:56:35,069 - root - DEBUG - Sampled weight [ 0.74820921 -1.2405908  -1.67712105 -1.51061254  0.21297371]
2020-07-18 01:56:36,174 - root - DEBUG - Updating hall of fame
2020-07-18 01:56:36,544 - root - INFO - Completed generation 103; 1.5s elapsed, 1.9s avg, 2e+02s total. Expected time remaining: 1.9e+02s
2020-07-18 01:56:36,599 - root - INFO - #103 MAX:accuracy.mean: 0.79
2020-07-18 01:56:36,640 - root - DEBUG - Sampled weight [-1.17308981 -1.64113788  1.48244741 -0.75777021 -1.83183876]
2020-07-18 01:56:37,744 - root - DEBUG - Updating hall of fame
2020-07-18 01:56:38,308 - root - INFO - Completed generation 104; 1.7s elapsed, 1.9s avg, 2e+02s total. Expected time remaining: 1.9e+02s
2020-07-18 01:56:38,363 - root - INFO - #104 MAX:accuracy.mean: 0.77
2020-07-18 01:56:38,404 - root - DEBUG - Sampled weight [-1.03739888  0.36418087 -1.85516645  1.13162067  0.71131354]
2020-07-18 01:56:39,502 - root - DEBUG - Updating hall of fame
2020-07-18 01:56:40,051 - root - INFO - Completed generation 105; 1.7s elapsed, 1.9s avg, 2e+02s total. Expected time remaining: 1.8e+02s
2020-07-18 01:56:40,107 - root - INFO - #105 MAX:accuracy.mean: 0.71
2020-07-18 01:56:40,149 - root - DEBUG - Sampled weight [-0.36361626  0.31855322 -1.73165641  0.57990554  1.35801226]
2020-07-18 01:56:41,263 - root - DEBUG - Updating hall of fame
2020-07-18 01:56:41,827 - root - INFO - Completed generation 106; 1.7s elapsed, 1.9s avg, 2e+02s total. Expected time remaining: 1.8e+02s
2020-07-18 01:56:41,883 - root - INFO - #106 MAX:accuracy.mean: 0.67
2020-07-18 01:56:41,924 - root - DEBUG - Sampled weight [-1.70539268  1.65233561 -1.40905623 -0.09060452  0.39594843]
2020-07-18 01:56:43,041 - root - DEBUG - Updating hall of fame
2020-07-18 01:56:43,421 - root - INFO - Completed generation 107; 1.5s elapsed, 1.9s avg, 2.1e+02s total. Expected time remaining: 1.8e+02s
2020-07-18 01:56:43,477 - root - INFO - #107 MAX:accuracy.mean: 0.71
2020-07-18 01:56:43,518 - root - DEBUG - Sampled weight [ 0.90516768 -1.63055153 -1.71754492 -1.85951894  0.27303216]
2020-07-18 01:56:44,629 - root - DEBUG - Updating hall of fame
2020-07-18 01:56:45,238 - root - INFO - Completed generation 108; 1.8s elapsed, 1.9s avg, 2.1e+02s total. Expected time remaining: 1.8e+02s
2020-07-18 01:56:45,294 - root - INFO - #108 MAX:accuracy.mean: 0.79
2020-07-18 01:56:45,336 - root - DEBUG - Sampled weight [-1.40469991  1.82928908 -0.90236306 -0.31451939  1.47965814]
2020-07-18 01:56:46,450 - root - DEBUG - Updating hall of fame
2020-07-18 01:56:47,237 - root - INFO - Completed generation 109; 1.9s elapsed, 1.9s avg, 2.1e+02s total. Expected time remaining: 1.8e+02s
2020-07-18 01:56:47,293 - root - INFO - #109 MAX:accuracy.mean: 0.73
2020-07-18 01:56:47,334 - root - DEBUG - Sampled weight [-0.86469268 -0.13916839 -0.8095514   0.21760152 -1.43009207]
2020-07-18 01:56:48,434 - root - DEBUG - Updating hall of fame
2020-07-18 01:56:48,645 - root - INFO - Completed generation 110; 1.4s elapsed, 1.9s avg, 2.1e+02s total. Expected time remaining: 1.7e+02s
2020-07-18 01:56:48,701 - root - INFO - #110 MAX:accuracy.mean: 0.66
2020-07-18 01:56:48,800 - root - DEBUG - Sampled weight [ 1.20548056 -0.39739975 -0.9932786  -1.66550721 -0.99378874]
2020-07-18 01:56:49,932 - root - DEBUG - Updating hall of fame
2020-07-18 01:56:50,525 - root - INFO - Completed generation 111; 1.8s elapsed, 1.9s avg, 2.1e+02s total. Expected time remaining: 1.7e+02s
2020-07-18 01:56:50,581 - root - INFO - #111 MAX:accuracy.mean: 0.7
2020-07-18 01:56:50,621 - root - DEBUG - Sampled weight [ 0.28354511 -1.35953191  0.13057291 -1.83435573  1.10803923]
2020-07-18 01:56:51,722 - root - DEBUG - Updating hall of fame
2020-07-18 01:56:52,119 - root - INFO - Completed generation 112; 1.5s elapsed, 1.9s avg, 2.1e+02s total. Expected time remaining: 1.7e+02s
2020-07-18 01:56:52,175 - root - INFO - #112 MAX:accuracy.mean: 0.68
2020-07-18 01:56:52,216 - root - DEBUG - Sampled weight [ 1.60102493  0.08819896 -0.69462639 -1.72748568 -1.04790403]
2020-07-18 01:56:53,324 - root - DEBUG - Updating hall of fame
2020-07-18 01:56:53,910 - root - INFO - Completed generation 113; 1.7s elapsed, 1.9s avg, 2.2e+02s total. Expected time remaining: 1.7e+02s
2020-07-18 01:56:53,966 - root - INFO - #113 MAX:accuracy.mean: 0.68
2020-07-18 01:56:54,007 - root - DEBUG - Sampled weight [-0.78187242  1.03584001  0.73890091 -1.23286557 -1.86994867]
2020-07-18 01:56:55,119 - root - DEBUG - Updating hall of fame
2020-07-18 01:56:55,505 - root - INFO - Completed generation 114; 1.5s elapsed, 1.9s avg, 2.2e+02s total. Expected time remaining: 1.6e+02s
2020-07-18 01:56:55,561 - root - INFO - #114 MAX:accuracy.mean: 0.75
2020-07-18 01:56:55,602 - root - DEBUG - Sampled weight [-1.74822172  0.96458451 -1.4858443  -1.04831605  0.36426756]
2020-07-18 01:56:56,731 - root - DEBUG - Updating hall of fame
2020-07-18 01:56:57,317 - root - INFO - Completed generation 115; 1.8s elapsed, 1.9s avg, 2.2e+02s total. Expected time remaining: 1.6e+02s
2020-07-18 01:56:57,373 - root - INFO - #115 MAX:accuracy.mean: 0.76
2020-07-18 01:56:57,414 - root - DEBUG - Sampled weight [-1.03450952 -1.81763809  0.68288123  0.68639673 -0.83376325]
2020-07-18 01:56:58,527 - root - DEBUG - Updating hall of fame
2020-07-18 01:56:58,933 - root - INFO - Completed generation 116; 1.6s elapsed, 1.9s avg, 2.2e+02s total. Expected time remaining: 1.6e+02s
2020-07-18 01:56:58,988 - root - INFO - #116 MAX:accuracy.mean: 0.7
2020-07-18 01:56:59,030 - root - DEBUG - Sampled weight [ 0.21383488 -1.73381478 -0.07982095  1.23190066  1.0414254 ]
2020-07-18 01:57:00,150 - root - DEBUG - Updating hall of fame
2020-07-18 01:57:00,889 - root - INFO - Completed generation 117; 1.9s elapsed, 1.9s avg, 2.2e+02s total. Expected time remaining: 1.6e+02s
2020-07-18 01:57:00,945 - root - INFO - #117 MAX:accuracy.mean: 0.63
2020-07-18 01:57:00,988 - root - DEBUG - Sampled weight [-1.04398269  0.47691267 -0.37017059 -1.64449003  0.62880211]
2020-07-18 01:57:02,106 - root - DEBUG - Updating hall of fame
2020-07-18 01:57:02,497 - root - INFO - Completed generation 118; 1.6s elapsed, 1.9s avg, 2.2e+02s total. Expected time remaining: 1.6e+02s
2020-07-18 01:57:02,553 - root - INFO - #118 MAX:accuracy.mean: 0.67
2020-07-18 01:57:02,597 - root - DEBUG - Sampled weight [-1.42719475  1.33638446  0.88310253  1.6742933  -0.40401961]
2020-07-18 01:57:03,824 - root - DEBUG - Updating hall of fame
2020-07-18 01:57:04,443 - root - INFO - Completed generation 119; 1.9s elapsed, 1.9s avg, 2.3e+02s total. Expected time remaining: 1.5e+02s
2020-07-18 01:57:04,503 - root - INFO - #119 MAX:accuracy.mean: 0.71
2020-07-18 01:57:04,548 - root - DEBUG - Sampled weight [-0.93843974 -0.80892331 -0.19215272  0.8095479   0.97975991]
2020-07-18 01:57:05,750 - root - DEBUG - Updating hall of fame
2020-07-18 01:57:06,166 - root - INFO - Completed generation 120; 1.7s elapsed, 1.9s avg, 2.3e+02s total. Expected time remaining: 1.5e+02s
2020-07-18 01:57:06,222 - root - INFO - #120 MAX:accuracy.mean: 0.66
2020-07-18 01:57:06,320 - root - DEBUG - Sampled weight [1.40347147 1.59192678 0.53550951 1.64004295 0.69714377]
2020-07-18 01:57:07,430 - root - DEBUG - Updating hall of fame
2020-07-18 01:57:08,003 - root - INFO - Completed generation 121; 1.7s elapsed, 1.9s avg, 2.3e+02s total. Expected time remaining: 1.5e+02s
2020-07-18 01:57:08,058 - root - INFO - #121 MAX:accuracy.mean: 0.69
2020-07-18 01:57:08,099 - root - DEBUG - Sampled weight [-0.32459127  0.46930022  1.2313201   0.03350546 -1.51582975]
2020-07-18 01:57:09,216 - root - DEBUG - Updating hall of fame
2020-07-18 01:57:09,786 - root - INFO - Completed generation 122; 1.7s elapsed, 1.9s avg, 2.3e+02s total. Expected time remaining: 1.5e+02s
2020-07-18 01:57:09,842 - root - INFO - #122 MAX:accuracy.mean: 0.59
2020-07-18 01:57:09,884 - root - DEBUG - Sampled weight [-1.26618129  0.45248217  1.34519652 -1.47789717  1.53495248]
2020-07-18 01:57:11,015 - root - DEBUG - Updating hall of fame
2020-07-18 01:57:11,603 - root - INFO - Completed generation 123; 1.8s elapsed, 1.9s avg, 2.3e+02s total. Expected time remaining: 1.5e+02s
2020-07-18 01:57:11,659 - root - INFO - #123 MAX:accuracy.mean: 0.7
2020-07-18 01:57:11,699 - root - DEBUG - Sampled weight [ 1.13873915 -1.87014663 -0.48870873 -1.39053101 -1.40678519]
2020-07-18 01:57:12,811 - root - DEBUG - Updating hall of fame
2020-07-18 01:57:13,215 - root - INFO - Completed generation 124; 1.6s elapsed, 1.9s avg, 2.3e+02s total. Expected time remaining: 1.4e+02s
2020-07-18 01:57:13,270 - root - INFO - #124 MAX:accuracy.mean: 0.82
2020-07-18 01:57:13,310 - root - DEBUG - Sampled weight [-1.15862208 -0.11290957  0.41120843 -1.76628249 -1.04545838]
2020-07-18 01:57:14,415 - root - DEBUG - Updating hall of fame
2020-07-18 01:57:15,001 - root - INFO - Completed generation 125; 1.7s elapsed, 1.9s avg, 2.4e+02s total. Expected time remaining: 1.4e+02s
2020-07-18 01:57:15,057 - root - INFO - #125 MAX:accuracy.mean: 0.68
2020-07-18 01:57:15,098 - root - DEBUG - Sampled weight [-0.81341812  0.22373289 -1.48750094  1.92577805 -1.73623571]
2020-07-18 01:57:16,208 - root - DEBUG - Updating hall of fame
2020-07-18 01:57:16,396 - root - INFO - Completed generation 126; 1.3s elapsed, 1.9s avg, 2.4e+02s total. Expected time remaining: 1.4e+02s
2020-07-18 01:57:16,452 - root - INFO - #126 MAX:accuracy.mean: 0.67
2020-07-18 01:57:16,494 - root - DEBUG - Sampled weight [ 1.45310592 -0.17835293  1.84779852 -0.93203033  0.34784634]
2020-07-18 01:57:17,602 - root - DEBUG - Updating hall of fame
2020-07-18 01:57:17,602 - root - INFO - Completed generation 127; 1.2s elapsed, 1.9s avg, 2.4e+02s total. Expected time remaining: 1.4e+02s
2020-07-18 01:57:17,658 - root - INFO - #127 MAX:accuracy.mean: 0.6
2020-07-18 01:57:17,699 - root - DEBUG - Sampled weight [-0.91483908 -0.46611723 -1.09673343 -1.51951866 -1.83757043]
2020-07-18 01:57:18,809 - root - DEBUG - Updating hall of fame
2020-07-18 01:57:19,361 - root - INFO - Completed generation 128; 1.7s elapsed, 1.9s avg, 2.4e+02s total. Expected time remaining: 1.4e+02s
2020-07-18 01:57:19,416 - root - INFO - #128 MAX:accuracy.mean: 0.78
2020-07-18 01:57:19,457 - root - DEBUG - Sampled weight [-0.77118644  1.41400292 -0.35583043 -0.08219779  1.63644002]
2020-07-18 01:57:20,555 - root - DEBUG - Updating hall of fame
2020-07-18 01:57:21,152 - root - INFO - Completed generation 129; 1.7s elapsed, 1.9s avg, 2.4e+02s total. Expected time remaining: 1.3e+02s
2020-07-18 01:57:21,209 - root - INFO - #129 MAX:accuracy.mean: 0.61
2020-07-18 01:57:21,250 - root - DEBUG - Sampled weight [ 0.37770436  1.42848797 -1.83251534 -0.63481804 -0.96862788]
2020-07-18 01:57:22,367 - root - DEBUG - Updating hall of fame
2020-07-18 01:57:23,304 - root - INFO - Completed generation 130; 2.1s elapsed, 1.9s avg, 2.4e+02s total. Expected time remaining: 1.3e+02s
2020-07-18 01:57:23,360 - root - INFO - #130 MAX:accuracy.mean: 0.67
2020-07-18 01:57:23,475 - root - DEBUG - Sampled weight [ 0.5894023  -1.68465347 -1.48085083  0.49039934  0.83938578]
2020-07-18 01:57:24,577 - root - DEBUG - Updating hall of fame
2020-07-18 01:57:25,128 - root - INFO - Completed generation 131; 1.7s elapsed, 1.9s avg, 2.5e+02s total. Expected time remaining: 1.3e+02s
2020-07-18 01:57:25,184 - root - INFO - #131 MAX:accuracy.mean: 0.7
2020-07-18 01:57:25,226 - root - DEBUG - Sampled weight [ 0.02455254  1.70289156 -1.78683514  1.0886181   1.32649881]
2020-07-18 01:57:26,336 - root - DEBUG - Updating hall of fame
2020-07-18 01:57:27,083 - root - INFO - Completed generation 132; 1.9s elapsed, 1.9s avg, 2.5e+02s total. Expected time remaining: 1.3e+02s
2020-07-18 01:57:27,139 - root - INFO - #132 MAX:accuracy.mean: 0.67
2020-07-18 01:57:27,180 - root - DEBUG - Sampled weight [0.32051211 1.28732099 1.55270673 1.17933049 1.81114198]
2020-07-18 01:57:28,281 - root - DEBUG - Updating hall of fame
2020-07-18 01:57:28,281 - root - INFO - Completed generation 133; 1.1s elapsed, 1.9s avg, 2.5e+02s total. Expected time remaining: 1.3e+02s
2020-07-18 01:57:28,337 - root - INFO - #133 MAX:accuracy.mean: 0.65
2020-07-18 01:57:28,392 - root - DEBUG - Sampled weight [-1.82511463 -1.89375093  0.05981983  0.56019586  1.68268134]
2020-07-18 01:57:29,497 - root - DEBUG - Updating hall of fame
2020-07-18 01:57:30,059 - root - INFO - Completed generation 134; 1.7s elapsed, 1.9s avg, 2.5e+02s total. Expected time remaining: 1.2e+02s
2020-07-18 01:57:30,115 - root - INFO - #134 MAX:accuracy.mean: 0.65
2020-07-18 01:57:30,155 - root - DEBUG - Sampled weight [-0.78733344  0.51363234 -1.15039352 -0.03473482 -1.27251668]
2020-07-18 01:57:31,260 - root - DEBUG - Updating hall of fame
2020-07-18 01:57:31,458 - root - INFO - Completed generation 135; 1.3s elapsed, 1.9s avg, 2.5e+02s total. Expected time remaining: 1.2e+02s
2020-07-18 01:57:31,515 - root - INFO - #135 MAX:accuracy.mean: 0.64
2020-07-18 01:57:31,557 - root - DEBUG - Sampled weight [-1.70552667 -1.38350418  1.3573123   1.03161172  0.78946384]
2020-07-18 01:57:32,668 - root - DEBUG - Updating hall of fame
2020-07-18 01:57:33,430 - root - INFO - Completed generation 136; 1.9s elapsed, 1.9s avg, 2.5e+02s total. Expected time remaining: 1.2e+02s
2020-07-18 01:57:33,485 - root - INFO - #136 MAX:accuracy.mean: 0.76
2020-07-18 01:57:33,527 - root - DEBUG - Sampled weight [-1.43947374  0.55262099  0.79839887  0.25835656  0.13550643]
2020-07-18 01:57:34,645 - root - DEBUG - Updating hall of fame
2020-07-18 01:57:35,218 - root - INFO - Completed generation 137; 1.7s elapsed, 1.9s avg, 2.6e+02s total. Expected time remaining: 1.2e+02s
2020-07-18 01:57:35,274 - root - INFO - #137 MAX:accuracy.mean: 0.63
2020-07-18 01:57:35,315 - root - DEBUG - Sampled weight [ 0.43072995 -1.51887274  1.66085548  0.52199738  0.09529483]
2020-07-18 01:57:36,416 - root - DEBUG - Updating hall of fame
2020-07-18 01:57:36,785 - root - INFO - Completed generation 138; 1.5s elapsed, 1.9s avg, 2.6e+02s total. Expected time remaining: 1.2e+02s
2020-07-18 01:57:36,841 - root - INFO - #138 MAX:accuracy.mean: 0.6
2020-07-18 01:57:36,883 - root - DEBUG - Sampled weight [ 1.32646981  0.43306973 -0.09634192 -1.60090424  0.32961708]
2020-07-18 01:57:38,007 - root - DEBUG - Updating hall of fame
2020-07-18 01:57:38,191 - root - INFO - Completed generation 139; 1.3s elapsed, 1.9s avg, 2.6e+02s total. Expected time remaining: 1.1e+02s
2020-07-18 01:57:38,247 - root - INFO - #139 MAX:accuracy.mean: 0.6
2020-07-18 01:57:38,289 - root - DEBUG - Sampled weight [ 1.22498107 -1.0707797  -1.78227109  1.68623614  0.98056808]
2020-07-18 01:57:39,421 - root - DEBUG - Updating hall of fame
2020-07-18 01:57:39,973 - root - INFO - Completed generation 140; 1.7s elapsed, 1.9s avg, 2.6e+02s total. Expected time remaining: 1.1e+02s
2020-07-18 01:57:40,029 - root - INFO - #140 MAX:accuracy.mean: 0.74
2020-07-18 01:57:40,139 - root - DEBUG - Sampled weight [-1.28699053  0.49389168 -1.22979264  0.45850531 -1.56872761]
2020-07-18 01:57:41,280 - root - DEBUG - Updating hall of fame
2020-07-18 01:57:41,480 - root - INFO - Completed generation 141; 1.4s elapsed, 1.9s avg, 2.6e+02s total. Expected time remaining: 1.1e+02s
2020-07-18 01:57:41,536 - root - INFO - #141 MAX:accuracy.mean: 0.71
2020-07-18 01:57:41,578 - root - DEBUG - Sampled weight [ 1.61404584  1.14254718 -0.59896647  0.82016991  1.80760755]
2020-07-18 01:57:42,725 - root - DEBUG - Updating hall of fame
2020-07-18 01:57:43,496 - root - INFO - Completed generation 142; 2.0s elapsed, 1.9s avg, 2.6e+02s total. Expected time remaining: 1.1e+02s
2020-07-18 01:57:43,552 - root - INFO - #142 MAX:accuracy.mean: 0.73
2020-07-18 01:57:43,593 - root - DEBUG - Sampled weight [-1.00049947 -1.37229831 -1.94154342  1.82237776  1.51672946]
2020-07-18 01:57:44,728 - root - DEBUG - Updating hall of fame
2020-07-18 01:57:45,095 - root - INFO - Completed generation 143; 1.5s elapsed, 1.9s avg, 2.7e+02s total. Expected time remaining: 1.1e+02s
2020-07-18 01:57:45,150 - root - INFO - #143 MAX:accuracy.mean: 0.8
2020-07-18 01:57:45,191 - root - DEBUG - Sampled weight [-0.39513181 -0.56764759 -0.57366584  0.47290734 -0.95804741]
2020-07-18 01:57:46,314 - root - DEBUG - Updating hall of fame
2020-07-18 01:57:46,701 - root - INFO - Completed generation 144; 1.6s elapsed, 1.9s avg, 2.7e+02s total. Expected time remaining: 1e+02s
2020-07-18 01:57:46,757 - root - INFO - #144 MAX:accuracy.mean: 0.7
2020-07-18 01:57:46,798 - root - DEBUG - Sampled weight [-1.37530225  1.75506573  1.93310756 -0.7283883  -1.38732176]
2020-07-18 01:57:47,914 - root - DEBUG - Updating hall of fame
2020-07-18 01:57:48,855 - root - INFO - Completed generation 145; 2.1s elapsed, 1.9s avg, 2.7e+02s total. Expected time remaining: 1e+02s
2020-07-18 01:57:48,911 - root - INFO - #145 MAX:accuracy.mean: 0.75
2020-07-18 01:57:48,951 - root - DEBUG - Sampled weight [-0.48474538 -1.26337977 -1.41578335 -1.60031725  0.5930836 ]
2020-07-18 01:57:50,034 - root - DEBUG - Updating hall of fame
2020-07-18 01:57:50,584 - root - INFO - Completed generation 146; 1.7s elapsed, 1.9s avg, 2.7e+02s total. Expected time remaining: 1e+02s
2020-07-18 01:57:50,639 - root - INFO - #146 MAX:accuracy.mean: 0.77
2020-07-18 01:57:50,680 - root - DEBUG - Sampled weight [-1.75759121 -1.72074129  0.30639472 -0.87573366 -1.86130926]
2020-07-18 01:57:51,794 - root - DEBUG - Updating hall of fame
2020-07-18 01:57:52,566 - root - INFO - Completed generation 147; 1.9s elapsed, 1.9s avg, 2.7e+02s total. Expected time remaining: 9.8e+01s
2020-07-18 01:57:52,622 - root - INFO - #147 MAX:accuracy.mean: 0.73
2020-07-18 01:57:52,663 - root - DEBUG - Sampled weight [ 1.41949402 -1.9662644   0.42273167  1.913136   -0.17750768]
2020-07-18 01:57:53,773 - root - DEBUG - Updating hall of fame
2020-07-18 01:57:53,774 - root - INFO - Completed generation 148; 1.2s elapsed, 1.8s avg, 2.7e+02s total. Expected time remaining: 9.6e+01s
2020-07-18 01:57:53,829 - root - INFO - #148 MAX:accuracy.mean: 0.63
2020-07-18 01:57:53,871 - root - DEBUG - Sampled weight [ 1.64103833  1.99554895  1.89468533 -0.15190073  1.17419418]
2020-07-18 01:57:54,991 - root - DEBUG - Updating hall of fame
2020-07-18 01:57:54,991 - root - INFO - Completed generation 149; 1.2s elapsed, 1.8s avg, 2.7e+02s total. Expected time remaining: 9.4e+01s
2020-07-18 01:57:55,047 - root - INFO - #149 MAX:accuracy.mean: 0.63
2020-07-18 01:57:55,088 - root - DEBUG - Sampled weight [-1.84786499  0.61069869 -1.30482632 -1.98711697  1.34197692]
2020-07-18 01:57:56,206 - root - DEBUG - Updating hall of fame
2020-07-18 01:57:56,206 - root - INFO - Completed generation 150; 1.2s elapsed, 1.8s avg, 2.8e+02s total. Expected time remaining: 9.2e+01s
2020-07-18 01:57:56,262 - root - INFO - #150 MAX:accuracy.mean: 0.74
2020-07-18 01:57:56,387 - root - DEBUG - Sampled weight [-0.39689175 -1.03984514  0.28628429  0.03437225 -1.44852742]
2020-07-18 01:57:57,499 - root - DEBUG - Updating hall of fame
2020-07-18 01:57:58,257 - root - INFO - Completed generation 151; 1.9s elapsed, 1.8s avg, 2.8e+02s total. Expected time remaining: 9e+01s
2020-07-18 01:57:58,313 - root - INFO - #151 MAX:accuracy.mean: 0.64
2020-07-18 01:57:58,356 - root - DEBUG - Sampled weight [ 1.41258131  1.47414137 -0.28941072 -1.13260804 -0.61824043]
2020-07-18 01:57:59,487 - root - DEBUG - Updating hall of fame
2020-07-18 01:58:00,081 - root - INFO - Completed generation 152; 1.8s elapsed, 1.8s avg, 2.8e+02s total. Expected time remaining: 8.8e+01s
2020-07-18 01:58:00,137 - root - INFO - #152 MAX:accuracy.mean: 0.64
2020-07-18 01:58:00,179 - root - DEBUG - Sampled weight [-1.94059525 -0.99699916  1.96022824 -0.49764499  0.2094411 ]
2020-07-18 01:58:01,313 - root - DEBUG - Updating hall of fame
2020-07-18 01:58:01,710 - root - INFO - Completed generation 153; 1.6s elapsed, 1.8s avg, 2.8e+02s total. Expected time remaining: 8.6e+01s
2020-07-18 01:58:01,769 - root - INFO - #153 MAX:accuracy.mean: 0.69
2020-07-18 01:58:01,815 - root - DEBUG - Sampled weight [-1.88628788 -1.27220733 -0.51661942  1.96941902 -1.00697185]
2020-07-18 01:58:03,016 - root - DEBUG - Updating hall of fame
2020-07-18 01:58:03,828 - root - INFO - Completed generation 154; 2.1s elapsed, 1.8s avg, 2.8e+02s total. Expected time remaining: 8.5e+01s
2020-07-18 01:58:03,887 - root - INFO - #154 MAX:accuracy.mean: 0.78
2020-07-18 01:58:03,930 - root - DEBUG - Sampled weight [-1.17364182  1.49507945 -1.97026081  1.13557665  0.68127732]
2020-07-18 01:58:05,089 - root - DEBUG - Updating hall of fame
2020-07-18 01:58:05,692 - root - INFO - Completed generation 155; 1.8s elapsed, 1.8s avg, 2.9e+02s total. Expected time remaining: 8.3e+01s
2020-07-18 01:58:05,748 - root - INFO - #155 MAX:accuracy.mean: 0.76
2020-07-18 01:58:05,788 - root - DEBUG - Sampled weight [ 1.36769269  0.9963304   1.72019494  0.05783025 -1.42474285]
2020-07-18 01:58:06,899 - root - DEBUG - Updating hall of fame
2020-07-18 01:58:07,287 - root - INFO - Completed generation 156; 1.5s elapsed, 1.8s avg, 2.9e+02s total. Expected time remaining: 8.1e+01s
2020-07-18 01:58:07,343 - root - INFO - #156 MAX:accuracy.mean: 0.68
2020-07-18 01:58:07,384 - root - DEBUG - Sampled weight [ 1.36866305 -0.81360085  1.40408028 -1.53027704 -0.45645137]
2020-07-18 01:58:08,477 - root - DEBUG - Updating hall of fame
2020-07-18 01:58:08,661 - root - INFO - Completed generation 157; 1.3s elapsed, 1.8s avg, 2.9e+02s total. Expected time remaining: 7.9e+01s
2020-07-18 01:58:08,716 - root - INFO - #157 MAX:accuracy.mean: 0.66
2020-07-18 01:58:08,756 - root - DEBUG - Sampled weight [-0.30994308 -0.47089774  0.53836321  1.48270405 -1.99308224]
2020-07-18 01:58:09,839 - root - DEBUG - Updating hall of fame
2020-07-18 01:58:10,206 - root - INFO - Completed generation 158; 1.5s elapsed, 1.8s avg, 2.9e+02s total. Expected time remaining: 7.7e+01s
2020-07-18 01:58:10,261 - root - INFO - #158 MAX:accuracy.mean: 0.63
2020-07-18 01:58:10,302 - root - DEBUG - Sampled weight [-0.97274183  0.05906147 -1.83982103  1.11979185  1.29615313]
2020-07-18 01:58:11,387 - root - DEBUG - Updating hall of fame
2020-07-18 01:58:11,572 - root - INFO - Completed generation 159; 1.3s elapsed, 1.8s avg, 2.9e+02s total. Expected time remaining: 7.5e+01s
2020-07-18 01:58:11,628 - root - INFO - #159 MAX:accuracy.mean: 0.64
2020-07-18 01:58:11,668 - root - DEBUG - Sampled weight [ 0.77440414  1.17262499 -0.02514916  0.3013574  -1.32214537]
2020-07-18 01:58:12,780 - root - DEBUG - Updating hall of fame
2020-07-18 01:58:13,535 - root - INFO - Completed generation 160; 1.9s elapsed, 1.8s avg, 2.9e+02s total. Expected time remaining: 7.3e+01s
2020-07-18 01:58:13,591 - root - INFO - #160 MAX:accuracy.mean: 0.66
2020-07-18 01:58:13,694 - root - DEBUG - Sampled weight [ 1.936937   -1.65617133  1.48337843 -1.70891362  0.5814337 ]
2020-07-18 01:58:14,804 - root - DEBUG - Updating hall of fame
2020-07-18 01:58:15,190 - root - INFO - Completed generation 161; 1.5s elapsed, 1.8s avg, 2.9e+02s total. Expected time remaining: 7.1e+01s
2020-07-18 01:58:15,246 - root - INFO - #161 MAX:accuracy.mean: 0.7
2020-07-18 01:58:15,288 - root - DEBUG - Sampled weight [ 0.1632995   1.64853502 -1.54390132 -0.73590052  1.19418064]
2020-07-18 01:58:16,405 - root - DEBUG - Updating hall of fame
2020-07-18 01:58:16,773 - root - INFO - Completed generation 162; 1.5s elapsed, 1.8s avg, 3e+02s total. Expected time remaining: 6.9e+01s
2020-07-18 01:58:16,829 - root - INFO - #162 MAX:accuracy.mean: 0.64
2020-07-18 01:58:16,871 - root - DEBUG - Sampled weight [-1.25762134 -1.44964717 -1.61555255 -0.4549359   0.32624696]
2020-07-18 01:58:17,995 - root - DEBUG - Updating hall of fame
2020-07-18 01:58:18,403 - root - INFO - Completed generation 163; 1.6s elapsed, 1.8s avg, 3e+02s total. Expected time remaining: 6.7e+01s
2020-07-18 01:58:18,458 - root - INFO - #163 MAX:accuracy.mean: 0.76
2020-07-18 01:58:18,500 - root - DEBUG - Sampled weight [ 0.30457978 -1.82678304 -0.3171328  -1.62871216  0.64654805]
2020-07-18 01:58:19,611 - root - DEBUG - Updating hall of fame
2020-07-18 01:58:20,201 - root - INFO - Completed generation 164; 1.7s elapsed, 1.8s avg, 3e+02s total. Expected time remaining: 6.6e+01s
2020-07-18 01:58:20,256 - root - INFO - #164 MAX:accuracy.mean: 0.66
2020-07-18 01:58:20,297 - root - DEBUG - Sampled weight [ 1.69635114  0.77600511  0.20254738  0.07705634 -1.89541542]
2020-07-18 01:58:21,406 - root - DEBUG - Updating hall of fame
2020-07-18 01:58:21,590 - root - INFO - Completed generation 165; 1.3s elapsed, 1.8s avg, 3e+02s total. Expected time remaining: 6.4e+01s
2020-07-18 01:58:21,646 - root - INFO - #165 MAX:accuracy.mean: 0.61
2020-07-18 01:58:21,686 - root - DEBUG - Sampled weight [-1.26777454 -0.04947042  0.09027827  0.4175144  -1.67748179]
2020-07-18 01:58:22,789 - root - DEBUG - Updating hall of fame
2020-07-18 01:58:22,979 - root - INFO - Completed generation 166; 1.3s elapsed, 1.8s avg, 3e+02s total. Expected time remaining: 6.2e+01s
2020-07-18 01:58:23,037 - root - INFO - #166 MAX:accuracy.mean: 0.59
2020-07-18 01:58:23,082 - root - DEBUG - Sampled weight [-0.32606476 -1.71623934 -1.17130188 -0.67659462 -0.11893986]
2020-07-18 01:58:24,272 - root - DEBUG - Updating hall of fame
2020-07-18 01:58:24,693 - root - INFO - Completed generation 167; 1.7s elapsed, 1.8s avg, 3e+02s total. Expected time remaining: 6e+01s
2020-07-18 01:58:24,753 - root - INFO - #167 MAX:accuracy.mean: 0.64
2020-07-18 01:58:24,798 - root - DEBUG - Sampled weight [ 1.51606701  0.4665516  -1.93644859  0.3006753   1.51355803]
2020-07-18 01:58:26,035 - root - DEBUG - Updating hall of fame
2020-07-18 01:58:26,629 - root - INFO - Completed generation 168; 1.9s elapsed, 1.8s avg, 3.1e+02s total. Expected time remaining: 5.8e+01s
2020-07-18 01:58:26,685 - root - INFO - #168 MAX:accuracy.mean: 0.59
2020-07-18 01:58:26,725 - root - DEBUG - Sampled weight [-0.83542385  1.27749529 -0.0941134  -1.38261481  1.65178612]
2020-07-18 01:58:27,822 - root - DEBUG - Updating hall of fame
2020-07-18 01:58:28,560 - root - INFO - Completed generation 169; 1.9s elapsed, 1.8s avg, 3.1e+02s total. Expected time remaining: 5.6e+01s
2020-07-18 01:58:28,616 - root - INFO - #169 MAX:accuracy.mean: 0.63
2020-07-18 01:58:28,656 - root - DEBUG - Sampled weight [ 0.47319001  0.63361978  0.77922626  1.82304185 -0.08984635]
2020-07-18 01:58:29,750 - root - DEBUG - Updating hall of fame
2020-07-18 01:58:30,303 - root - INFO - Completed generation 170; 1.7s elapsed, 1.8s avg, 3.1e+02s total. Expected time remaining: 5.5e+01s
2020-07-18 01:58:30,358 - root - INFO - #170 MAX:accuracy.mean: 0.61
2020-07-18 01:58:30,490 - root - DEBUG - Sampled weight [1.11908693 1.91525494 1.15943611 0.53148212 0.58420679]
2020-07-18 01:58:31,609 - root - DEBUG - Updating hall of fame
2020-07-18 01:58:31,981 - root - INFO - Completed generation 171; 1.5s elapsed, 1.8s avg, 3.1e+02s total. Expected time remaining: 5.3e+01s
2020-07-18 01:58:32,037 - root - INFO - #171 MAX:accuracy.mean: 0.68
2020-07-18 01:58:32,078 - root - DEBUG - Sampled weight [-0.33614644  1.46483642 -1.47312195  1.23644385 -0.90636618]
2020-07-18 01:58:33,178 - root - DEBUG - Updating hall of fame
2020-07-18 01:58:33,732 - root - INFO - Completed generation 172; 1.7s elapsed, 1.8s avg, 3.1e+02s total. Expected time remaining: 5.1e+01s
2020-07-18 01:58:33,788 - root - INFO - #172 MAX:accuracy.mean: 0.65
2020-07-18 01:58:33,829 - root - DEBUG - Sampled weight [ 1.49068515 -0.98524532 -0.02998317  1.93025717 -0.31957887]
2020-07-18 01:58:34,928 - root - DEBUG - Updating hall of fame
2020-07-18 01:58:35,131 - root - INFO - Completed generation 173; 1.3s elapsed, 1.8s avg, 3.1e+02s total. Expected time remaining: 4.9e+01s
2020-07-18 01:58:35,187 - root - INFO - #173 MAX:accuracy.mean: 0.6
2020-07-18 01:58:35,227 - root - DEBUG - Sampled weight [-1.95076999 -0.12131335  0.18860755 -1.10377675  1.7087138 ]
2020-07-18 01:58:36,307 - root - DEBUG - Updating hall of fame
2020-07-18 01:58:36,858 - root - INFO - Completed generation 174; 1.7s elapsed, 1.8s avg, 3.2e+02s total. Expected time remaining: 4.7e+01s
2020-07-18 01:58:36,914 - root - INFO - #174 MAX:accuracy.mean: 0.59
2020-07-18 01:58:36,954 - root - DEBUG - Sampled weight [ 0.01126951 -1.79679875 -1.60649225 -0.50655663  1.57815312]
2020-07-18 01:58:38,051 - root - DEBUG - Updating hall of fame
2020-07-18 01:58:38,437 - root - INFO - Completed generation 175; 1.5s elapsed, 1.8s avg, 3.2e+02s total. Expected time remaining: 4.5e+01s
2020-07-18 01:58:38,493 - root - INFO - #175 MAX:accuracy.mean: 0.73
2020-07-18 01:58:38,534 - root - DEBUG - Sampled weight [-1.57842131  0.20565129 -1.82212828  1.35537276 -1.91854256]
2020-07-18 01:58:39,626 - root - DEBUG - Updating hall of fame
2020-07-18 01:58:40,196 - root - INFO - Completed generation 176; 1.7s elapsed, 1.8s avg, 3.2e+02s total. Expected time remaining: 4.3e+01s
2020-07-18 01:58:40,252 - root - INFO - #176 MAX:accuracy.mean: 0.71
2020-07-18 01:58:40,294 - root - DEBUG - Sampled weight [ 1.03772803 -1.34836735  1.61312257  1.01050295  0.75168919]
2020-07-18 01:58:41,410 - root - DEBUG - Updating hall of fame
2020-07-18 01:58:41,980 - root - INFO - Completed generation 177; 1.7s elapsed, 1.8s avg, 3.2e+02s total. Expected time remaining: 4.2e+01s
2020-07-18 01:58:42,036 - root - INFO - #177 MAX:accuracy.mean: 0.73
2020-07-18 01:58:42,076 - root - DEBUG - Sampled weight [-1.69087407 -0.66566761  0.55056274  0.57774991 -0.37136074]
2020-07-18 01:58:43,166 - root - DEBUG - Updating hall of fame
2020-07-18 01:58:43,715 - root - INFO - Completed generation 178; 1.7s elapsed, 1.8s avg, 3.2e+02s total. Expected time remaining: 4e+01s
2020-07-18 01:58:43,771 - root - INFO - #178 MAX:accuracy.mean: 0.64
2020-07-18 01:58:43,812 - root - DEBUG - Sampled weight [ 0.92961325 -1.78718747  1.87097095 -0.46316167 -1.13249252]
2020-07-18 01:58:44,932 - root - DEBUG - Updating hall of fame
2020-07-18 01:58:45,505 - root - INFO - Completed generation 179; 1.7s elapsed, 1.8s avg, 3.2e+02s total. Expected time remaining: 3.8e+01s
2020-07-18 01:58:45,561 - root - INFO - #179 MAX:accuracy.mean: 0.7
2020-07-18 01:58:45,602 - root - DEBUG - Sampled weight [ 1.58850765 -1.32833181  0.53242263 -0.7969674   0.7250588 ]
2020-07-18 01:58:46,697 - root - DEBUG - Updating hall of fame
2020-07-18 01:58:46,697 - root - INFO - Completed generation 180; 1.1s elapsed, 1.8s avg, 3.2e+02s total. Expected time remaining: 3.6e+01s
2020-07-18 01:58:46,753 - root - INFO - #180 MAX:accuracy.mean: 0.65
2020-07-18 01:58:46,887 - root - DEBUG - Sampled weight [ 1.8607775   1.7125777  -1.76481691 -0.70687239  1.59769581]
2020-07-18 01:58:48,010 - root - DEBUG - Updating hall of fame
2020-07-18 01:58:48,765 - root - INFO - Completed generation 181; 1.9s elapsed, 1.8s avg, 3.3e+02s total. Expected time remaining: 3.4e+01s
2020-07-18 01:58:48,821 - root - INFO - #181 MAX:accuracy.mean: 0.64
2020-07-18 01:58:48,862 - root - DEBUG - Sampled weight [ 0.99158932 -1.58149267 -1.31659345 -1.6675651   1.14753188]
2020-07-18 01:58:49,950 - root - DEBUG - Updating hall of fame
2020-07-18 01:58:50,136 - root - INFO - Completed generation 182; 1.3s elapsed, 1.8s avg, 3.3e+02s total. Expected time remaining: 3.2e+01s
2020-07-18 01:58:50,192 - root - INFO - #182 MAX:accuracy.mean: 0.8
2020-07-18 01:58:50,234 - root - DEBUG - Sampled weight [-1.67317517 -0.89270647 -1.21450372  1.41469647  0.83907872]
2020-07-18 01:58:51,347 - root - DEBUG - Updating hall of fame
2020-07-18 01:58:51,734 - root - INFO - Completed generation 183; 1.5s elapsed, 1.8s avg, 3.3e+02s total. Expected time remaining: 3.1e+01s
2020-07-18 01:58:51,790 - root - INFO - #183 MAX:accuracy.mean: 0.74
2020-07-18 01:58:51,833 - root - DEBUG - Sampled weight [-0.54589361 -0.25326504 -0.88746754  0.41754819 -0.35344636]
2020-07-18 01:58:52,975 - root - DEBUG - Updating hall of fame
2020-07-18 01:58:53,545 - root - INFO - Completed generation 184; 1.8s elapsed, 1.8s avg, 3.3e+02s total. Expected time remaining: 2.9e+01s
2020-07-18 01:58:53,601 - root - INFO - #184 MAX:accuracy.mean: 0.64
2020-07-18 01:58:53,642 - root - DEBUG - Sampled weight [ 0.84520488  1.00148709 -1.82259726  0.43924425  0.86002786]
2020-07-18 01:58:54,757 - root - DEBUG - Updating hall of fame
2020-07-18 01:58:55,314 - root - INFO - Completed generation 185; 1.7s elapsed, 1.8s avg, 3.3e+02s total. Expected time remaining: 2.7e+01s
2020-07-18 01:58:55,370 - root - INFO - #185 MAX:accuracy.mean: 0.64
2020-07-18 01:58:55,431 - root - DEBUG - Sampled weight [ 1.63644834 -0.62455148 -0.88659534 -0.12941892 -1.62700154]
2020-07-18 01:58:56,551 - root - DEBUG - Updating hall of fame
2020-07-18 01:58:57,307 - root - INFO - Completed generation 186; 1.9s elapsed, 1.8s avg, 3.3e+02s total. Expected time remaining: 2.5e+01s
2020-07-18 01:58:57,363 - root - INFO - #186 MAX:accuracy.mean: 0.59
2020-07-18 01:58:57,404 - root - DEBUG - Sampled weight [-0.6626323   1.05956383  1.97338142  0.34180988 -1.35330032]
2020-07-18 01:58:58,525 - root - DEBUG - Updating hall of fame
2020-07-18 01:58:59,099 - root - INFO - Completed generation 187; 1.7s elapsed, 1.8s avg, 3.4e+02s total. Expected time remaining: 2.3e+01s
2020-07-18 01:58:59,155 - root - INFO - #187 MAX:accuracy.mean: 0.62
2020-07-18 01:58:59,197 - root - DEBUG - Sampled weight [ 1.9638326  -1.41826492  1.48111535 -1.20347879  1.17761081]
2020-07-18 01:59:00,300 - root - DEBUG - Updating hall of fame
2020-07-18 01:59:00,687 - root - INFO - Completed generation 188; 1.5s elapsed, 1.8s avg, 3.4e+02s total. Expected time remaining: 2.2e+01s
2020-07-18 01:59:00,743 - root - INFO - #188 MAX:accuracy.mean: 0.78
2020-07-18 01:59:00,783 - root - DEBUG - Sampled weight [ 1.14797832 -1.62433114 -0.6402938   0.89926333  0.35302042]
2020-07-18 01:59:01,933 - root - DEBUG - Updating hall of fame
2020-07-18 01:59:02,125 - root - INFO - Completed generation 189; 1.4s elapsed, 1.8s avg, 3.4e+02s total. Expected time remaining: 2e+01s
2020-07-18 01:59:02,181 - root - INFO - #189 MAX:accuracy.mean: 0.68
2020-07-18 01:59:02,222 - root - DEBUG - Sampled weight [-1.5542264   1.75447718  1.57585685  0.4717584  -0.08984505]
2020-07-18 01:59:03,322 - root - DEBUG - Updating hall of fame
2020-07-18 01:59:03,889 - root - INFO - Completed generation 190; 1.7s elapsed, 1.8s avg, 3.4e+02s total. Expected time remaining: 1.8e+01s
2020-07-18 01:59:03,946 - root - INFO - #190 MAX:accuracy.mean: 0.63
2020-07-18 01:59:04,071 - root - DEBUG - Sampled weight [-0.08989712  1.10846429  1.9247135  -1.15152378 -0.41946997]
2020-07-18 01:59:05,160 - root - DEBUG - Updating hall of fame
2020-07-18 01:59:05,344 - root - INFO - Completed generation 191; 1.3s elapsed, 1.8s avg, 3.4e+02s total. Expected time remaining: 1.6e+01s
2020-07-18 01:59:05,399 - root - INFO - #191 MAX:accuracy.mean: 0.6
2020-07-18 01:59:05,440 - root - DEBUG - Sampled weight [ 1.82935106 -1.08918622  1.58869718  0.98990041 -0.30662807]
2020-07-18 01:59:06,534 - root - DEBUG - Updating hall of fame
2020-07-18 01:59:06,738 - root - INFO - Completed generation 192; 1.3s elapsed, 1.8s avg, 3.4e+02s total. Expected time remaining: 1.4e+01s
2020-07-18 01:59:06,794 - root - INFO - #192 MAX:accuracy.mean: 0.66
2020-07-18 01:59:06,835 - root - DEBUG - Sampled weight [-1.73034383  1.37843838 -1.50031161  1.02167849  1.26750467]
2020-07-18 01:59:07,924 - root - DEBUG - Updating hall of fame
2020-07-18 01:59:08,290 - root - INFO - Completed generation 193; 1.5s elapsed, 1.8s avg, 3.5e+02s total. Expected time remaining: 1.3e+01s
2020-07-18 01:59:08,345 - root - INFO - #193 MAX:accuracy.mean: 0.76
2020-07-18 01:59:08,386 - root - DEBUG - Sampled weight [ 1.22100407  0.24635364 -0.63490998  1.91805024 -0.17623862]
2020-07-18 01:59:09,493 - root - DEBUG - Updating hall of fame
2020-07-18 01:59:09,881 - root - INFO - Completed generation 194; 1.5s elapsed, 1.8s avg, 3.5e+02s total. Expected time remaining: 1.1e+01s
2020-07-18 01:59:09,937 - root - INFO - #194 MAX:accuracy.mean: 0.61
2020-07-18 01:59:09,977 - root - DEBUG - Sampled weight [-0.75811848  0.56995116 -1.25135712 -1.70270329  0.84647378]
2020-07-18 01:59:11,067 - root - DEBUG - Updating hall of fame
2020-07-18 01:59:11,252 - root - INFO - Completed generation 195; 1.3s elapsed, 1.8s avg, 3.5e+02s total. Expected time remaining: 8.9s
2020-07-18 01:59:11,307 - root - INFO - #195 MAX:accuracy.mean: 0.73
2020-07-18 01:59:11,350 - root - DEBUG - Sampled weight [-1.76213266 -1.55130744 -1.14719738 -1.67637412  0.79090309]
2020-07-18 01:59:12,457 - root - DEBUG - Updating hall of fame
2020-07-18 01:59:13,410 - root - INFO - Completed generation 196; 2.1s elapsed, 1.8s avg, 3.5e+02s total. Expected time remaining: 7.1s
2020-07-18 01:59:13,466 - root - INFO - #196 MAX:accuracy.mean: 0.89
2020-07-18 01:59:13,509 - root - DEBUG - Sampled weight [-0.35862292  1.86577164  0.55526355 -1.58061092 -1.33989207]
2020-07-18 01:59:14,624 - root - DEBUG - Updating hall of fame
2020-07-18 01:59:15,030 - root - INFO - Completed generation 197; 1.6s elapsed, 1.8s avg, 3.5e+02s total. Expected time remaining: 5.4s
2020-07-18 01:59:15,086 - root - INFO - #197 MAX:accuracy.mean: 0.72
2020-07-18 01:59:15,128 - root - DEBUG - Sampled weight [ 0.79231806 -1.39313902  1.80184721  1.29686117  1.26065591]
2020-07-18 01:59:16,252 - root - DEBUG - Updating hall of fame
2020-07-18 01:59:16,800 - root - INFO - Completed generation 198; 1.7s elapsed, 1.8s avg, 3.5e+02s total. Expected time remaining: 3.6s
2020-07-18 01:59:16,856 - root - INFO - #198 MAX:accuracy.mean: 0.76
2020-07-18 01:59:16,897 - root - DEBUG - Sampled weight [-0.88837973 -0.38145099  1.03875299  1.29435433  0.96291359]
2020-07-18 01:59:18,006 - root - DEBUG - Updating hall of fame
2020-07-18 01:59:18,758 - root - INFO - Completed generation 199; 1.9s elapsed, 1.8s avg, 3.6e+02s total. Expected time remaining: 1.8s
2020-07-18 01:59:18,814 - root - INFO - #199 MAX:accuracy.mean: 0.71
2020-07-18 01:59:18,856 - root - DEBUG - Sampled weight [-1.09200518  1.79065401 -0.98592407 -0.32100874 -0.35905588]
2020-07-18 01:59:19,988 - root - DEBUG - Updating hall of fame
2020-07-18 01:59:20,759 - root - INFO - Completed generation 200; 1.9s elapsed, 1.8s avg, 3.6e+02s total. Expected time remaining: 0.0s
2020-07-18 01:59:20,815 - root - INFO - #200 MAX:accuracy.mean: 0.71
2020-07-18 01:59:20,975 - root - DEBUG - Loaded 150 samples.
2020-07-18 01:59:20,980 - root - INFO - Evaluating indivs in hall of fame.
2020-07-18 01:59:22,991 - root - INFO - Completed excution.
