2020-05-03 13:02:18,523 - root - INFO - Package version 0.1a0
2020-05-03 13:02:18,523 - root - INFO - Saving data at /vol/fob-vol1/mi15/plonerma/Lab/rewann/data/2020-05-03_Iris normal Distribution mean=2 sigma=2 run 4_000.
2020-05-03 13:02:18,635 - root - INFO - Starting evolutionary algorithm
2020-05-03 13:02:22,202 - root - INFO - Completed generation 1; 3.6s elapsed, 3.6s avg, 3.6s total. Expected time remaining: 7.1e+02s
2020-05-03 13:02:22,278 - root - INFO - #1 mean, min log_loss: 1.2, 1.1
2020-05-03 13:02:25,146 - root - INFO - Completed generation 2; 2.9s elapsed, 3.2s avg, 6.4s total. Expected time remaining: 6.4e+02s
2020-05-03 13:02:25,256 - root - INFO - #2 mean, min log_loss: 1.2, 1.1
2020-05-03 13:02:28,071 - root - INFO - Completed generation 3; 2.8s elapsed, 3.1s avg, 9.2s total. Expected time remaining: 6.1e+02s
2020-05-03 13:02:28,140 - root - INFO - #3 mean, min log_loss: 8.5, 1.1
2020-05-03 13:02:31,079 - root - INFO - Completed generation 4; 2.9s elapsed, 3.0s avg, 1.2e+01s total. Expected time remaining: 6e+02s
2020-05-03 13:02:31,146 - root - INFO - #4 mean, min log_loss: 8.0, 0.92
2020-05-03 13:02:33,521 - root - INFO - Completed generation 5; 2.4s elapsed, 2.9s avg, 1.5e+01s total. Expected time remaining: 5.7e+02s
2020-05-03 13:02:33,589 - root - INFO - #5 mean, min log_loss: 8.6, 0.92
2020-05-03 13:02:35,801 - root - INFO - Completed generation 6; 2.2s elapsed, 2.8s avg, 1.7e+01s total. Expected time remaining: 5.4e+02s
2020-05-03 13:02:35,868 - root - INFO - #6 mean, min log_loss: 8.6, 0.91
2020-05-03 13:02:37,596 - root - INFO - Completed generation 7; 1.7s elapsed, 2.6s avg, 1.8e+01s total. Expected time remaining: 5.1e+02s
2020-05-03 13:02:37,663 - root - INFO - #7 mean, min log_loss: 7.8, 0.92
2020-05-03 13:02:40,481 - root - INFO - Completed generation 8; 2.8s elapsed, 2.7s avg, 2.1e+01s total. Expected time remaining: 5.1e+02s
2020-05-03 13:02:40,549 - root - INFO - #8 mean, min log_loss: 4.9, 0.79
2020-05-03 13:02:42,071 - root - INFO - Completed generation 9; 1.5s elapsed, 2.5s avg, 2.3e+01s total. Expected time remaining: 4.8e+02s
2020-05-03 13:02:42,141 - root - INFO - #9 mean, min log_loss: 8.2, 0.79
2020-05-03 13:02:44,644 - root - INFO - Completed generation 10; 2.5s elapsed, 2.5s avg, 2.5e+01s total. Expected time remaining: 4.8e+02s
2020-05-03 13:02:44,712 - root - INFO - #10 mean, min log_loss: 5.9, 0.79
2020-05-03 13:02:46,531 - root - INFO - Completed generation 11; 1.7s elapsed, 2.5s avg, 2.7e+01s total. Expected time remaining: 4.7e+02s
2020-05-03 13:02:46,600 - root - INFO - #11 mean, min log_loss: 1.4e+01, 0.79
2020-05-03 13:02:48,163 - root - INFO - Completed generation 12; 1.6s elapsed, 2.4s avg, 2.9e+01s total. Expected time remaining: 4.5e+02s
2020-05-03 13:02:48,232 - root - INFO - #12 mean, min log_loss: 1.3e+01, 0.79
2020-05-03 13:02:49,775 - root - INFO - Completed generation 13; 1.5s elapsed, 2.3s avg, 3e+01s total. Expected time remaining: 4.3e+02s
2020-05-03 13:02:49,844 - root - INFO - #13 mean, min log_loss: 1e+01, 0.79
2020-05-03 13:02:51,774 - root - INFO - Completed generation 14; 1.9s elapsed, 2.3s avg, 3.2e+01s total. Expected time remaining: 4.3e+02s
2020-05-03 13:02:51,843 - root - INFO - #14 mean, min log_loss: 1.9e+01, 0.79
2020-05-03 13:02:53,172 - root - INFO - Completed generation 15; 1.3s elapsed, 2.2s avg, 3.3e+01s total. Expected time remaining: 4.1e+02s
2020-05-03 13:02:53,238 - root - INFO - #15 mean, min log_loss: 8.9, 0.79
2020-05-03 13:02:55,242 - root - INFO - Completed generation 16; 2.0s elapsed, 2.2s avg, 3.5e+01s total. Expected time remaining: 4.1e+02s
2020-05-03 13:02:55,308 - root - INFO - #16 mean, min log_loss: 1.1e+01, 0.78
2020-05-03 13:02:56,671 - root - INFO - Completed generation 17; 1.4s elapsed, 2.2s avg, 3.7e+01s total. Expected time remaining: 4e+02s
2020-05-03 13:02:56,741 - root - INFO - #17 mean, min log_loss: 1.4e+01, 0.78
2020-05-03 13:02:57,926 - root - INFO - Completed generation 18; 1.2s elapsed, 2.1s avg, 3.8e+01s total. Expected time remaining: 3.8e+02s
2020-05-03 13:02:57,993 - root - INFO - #18 mean, min log_loss: 8.6, 0.78
2020-05-03 13:02:59,952 - root - INFO - Completed generation 19; 2.0s elapsed, 2.1s avg, 4e+01s total. Expected time remaining: 3.8e+02s
2020-05-03 13:03:00,021 - root - INFO - #19 mean, min log_loss: 1.1e+01, 0.78
2020-05-03 13:03:01,696 - root - INFO - Completed generation 20; 1.7s elapsed, 2.1s avg, 4.2e+01s total. Expected time remaining: 3.7e+02s
2020-05-03 13:03:01,763 - root - INFO - #20 mean, min log_loss: 8.7, 0.78
2020-05-03 13:03:03,530 - root - INFO - Completed generation 21; 1.7s elapsed, 2.1s avg, 4.3e+01s total. Expected time remaining: 3.7e+02s
2020-05-03 13:03:03,598 - root - INFO - #21 mean, min log_loss: 1.2e+01, 0.78
2020-05-03 13:03:05,624 - root - INFO - Completed generation 22; 2.0s elapsed, 2.1s avg, 4.5e+01s total. Expected time remaining: 3.7e+02s
2020-05-03 13:03:05,692 - root - INFO - #22 mean, min log_loss: 7.7, 0.78
2020-05-03 13:03:07,282 - root - INFO - Completed generation 23; 1.6s elapsed, 2.0s avg, 4.7e+01s total. Expected time remaining: 3.6e+02s
2020-05-03 13:03:07,345 - root - INFO - #23 mean, min log_loss: 9.4, 0.78
2020-05-03 13:03:09,066 - root - INFO - Completed generation 24; 1.7s elapsed, 2.0s avg, 4.9e+01s total. Expected time remaining: 3.6e+02s
2020-05-03 13:03:09,135 - root - INFO - #24 mean, min log_loss: 1e+01, 0.78
2020-05-03 13:03:10,718 - root - INFO - Completed generation 25; 1.6s elapsed, 2.0s avg, 5e+01s total. Expected time remaining: 3.5e+02s
2020-05-03 13:03:10,787 - root - INFO - #25 mean, min log_loss: 1.1e+01, 0.78
2020-05-03 13:03:12,559 - root - INFO - Completed generation 26; 1.8s elapsed, 2.0s avg, 5.2e+01s total. Expected time remaining: 3.5e+02s
2020-05-03 13:03:12,629 - root - INFO - #26 mean, min log_loss: 9.6, 0.78
2020-05-03 13:03:14,343 - root - INFO - Completed generation 27; 1.7s elapsed, 2.0s avg, 5.4e+01s total. Expected time remaining: 3.4e+02s
2020-05-03 13:03:14,412 - root - INFO - #27 mean, min log_loss: 5.9, 0.78
2020-05-03 13:03:16,268 - root - INFO - Completed generation 28; 1.9s elapsed, 2.0s avg, 5.6e+01s total. Expected time remaining: 3.4e+02s
2020-05-03 13:03:16,336 - root - INFO - #28 mean, min log_loss: 9.0, 0.78
2020-05-03 13:03:18,264 - root - INFO - Completed generation 29; 1.9s elapsed, 2.0s avg, 5.8e+01s total. Expected time remaining: 3.4e+02s
2020-05-03 13:03:18,333 - root - INFO - #29 mean, min log_loss: 1.1e+01, 0.78
2020-05-03 13:03:20,381 - root - INFO - Completed generation 30; 2.0s elapsed, 2.0s avg, 6e+01s total. Expected time remaining: 3.4e+02s
2020-05-03 13:03:20,452 - root - INFO - #30 mean, min log_loss: 1.1e+01, 0.78
2020-05-03 13:03:22,123 - root - INFO - Completed generation 31; 1.6s elapsed, 2.0s avg, 6.1e+01s total. Expected time remaining: 3.3e+02s
2020-05-03 13:03:22,194 - root - INFO - #31 mean, min log_loss: 1.7e+01, 0.57
2020-05-03 13:03:23,803 - root - INFO - Completed generation 32; 1.6s elapsed, 2.0s avg, 6.3e+01s total. Expected time remaining: 3.3e+02s
2020-05-03 13:03:23,873 - root - INFO - #32 mean, min log_loss: 1.9e+01, 0.57
2020-05-03 13:03:25,512 - root - INFO - Completed generation 33; 1.6s elapsed, 2.0s avg, 6.4e+01s total. Expected time remaining: 3.3e+02s
2020-05-03 13:03:25,583 - root - INFO - #33 mean, min log_loss: 1.8e+01, 0.57
2020-05-03 13:03:27,018 - root - INFO - Completed generation 34; 1.4s elapsed, 1.9s avg, 6.6e+01s total. Expected time remaining: 3.2e+02s
2020-05-03 13:03:27,088 - root - INFO - #34 mean, min log_loss: 2.1e+01, 0.57
2020-05-03 13:03:28,833 - root - INFO - Completed generation 35; 1.7s elapsed, 1.9s avg, 6.8e+01s total. Expected time remaining: 3.2e+02s
2020-05-03 13:03:28,902 - root - INFO - #35 mean, min log_loss: 1.7e+01, 0.57
2020-05-03 13:03:30,470 - root - INFO - Completed generation 36; 1.6s elapsed, 1.9s avg, 6.9e+01s total. Expected time remaining: 3.2e+02s
2020-05-03 13:03:30,539 - root - INFO - #36 mean, min log_loss: 1.4e+01, 0.57
2020-05-03 13:03:32,521 - root - INFO - Completed generation 37; 2.0s elapsed, 1.9s avg, 7.1e+01s total. Expected time remaining: 3.1e+02s
2020-05-03 13:03:32,588 - root - INFO - #37 mean, min log_loss: 1.3e+01, 0.57
2020-05-03 13:03:34,290 - root - INFO - Completed generation 38; 1.7s elapsed, 1.9s avg, 7.3e+01s total. Expected time remaining: 3.1e+02s
2020-05-03 13:03:34,357 - root - INFO - #38 mean, min log_loss: 1.5e+01, 0.57
2020-05-03 13:03:35,894 - root - INFO - Completed generation 39; 1.5s elapsed, 1.9s avg, 7.4e+01s total. Expected time remaining: 3.1e+02s
2020-05-03 13:03:35,962 - root - INFO - #39 mean, min log_loss: 1.9e+01, 0.57
2020-05-03 13:03:37,848 - root - INFO - Completed generation 40; 1.9s elapsed, 1.9s avg, 7.6e+01s total. Expected time remaining: 3.1e+02s
2020-05-03 13:03:37,917 - root - INFO - #40 mean, min log_loss: 1e+01, 0.55
2020-05-03 13:03:39,401 - root - INFO - Completed generation 41; 1.4s elapsed, 1.9s avg, 7.8e+01s total. Expected time remaining: 3e+02s
2020-05-03 13:03:39,546 - root - INFO - #41 mean, min log_loss: 1.5e+01, 0.55
2020-05-03 13:03:41,263 - root - INFO - Completed generation 42; 1.7s elapsed, 1.9s avg, 7.9e+01s total. Expected time remaining: 3e+02s
2020-05-03 13:03:41,329 - root - INFO - #42 mean, min log_loss: 5.8, 0.55
2020-05-03 13:03:43,386 - root - INFO - Completed generation 43; 2.1s elapsed, 1.9s avg, 8.1e+01s total. Expected time remaining: 3e+02s
2020-05-03 13:03:43,456 - root - INFO - #43 mean, min log_loss: 1.2e+01, 0.52
2020-05-03 13:03:45,714 - root - INFO - Completed generation 44; 2.3s elapsed, 1.9s avg, 8.4e+01s total. Expected time remaining: 3e+02s
2020-05-03 13:03:45,780 - root - INFO - #44 mean, min log_loss: 7.7, 0.52
2020-05-03 13:03:47,872 - root - INFO - Completed generation 45; 2.1s elapsed, 1.9s avg, 8.6e+01s total. Expected time remaining: 3e+02s
2020-05-03 13:03:47,940 - root - INFO - #45 mean, min log_loss: 1.9e+01, 0.48
2020-05-03 13:03:49,687 - root - INFO - Completed generation 46; 1.7s elapsed, 1.9s avg, 8.8e+01s total. Expected time remaining: 2.9e+02s
2020-05-03 13:03:49,757 - root - INFO - #46 mean, min log_loss: 1.3e+01, 0.48
2020-05-03 13:03:51,312 - root - INFO - Completed generation 47; 1.6s elapsed, 1.9s avg, 8.9e+01s total. Expected time remaining: 2.9e+02s
2020-05-03 13:03:51,380 - root - INFO - #47 mean, min log_loss: 9.8, 0.48
2020-05-03 13:03:53,313 - root - INFO - Completed generation 48; 1.9s elapsed, 1.9s avg, 9.1e+01s total. Expected time remaining: 2.9e+02s
2020-05-03 13:03:53,380 - root - INFO - #48 mean, min log_loss: 1.9e+01, 0.47
2020-05-03 13:03:55,282 - root - INFO - Completed generation 49; 1.9s elapsed, 1.9s avg, 9.3e+01s total. Expected time remaining: 2.9e+02s
2020-05-03 13:03:55,352 - root - INFO - #49 mean, min log_loss: 8.8, 0.48
2020-05-03 13:03:57,109 - root - INFO - Completed generation 50; 1.8s elapsed, 1.9s avg, 9.5e+01s total. Expected time remaining: 2.8e+02s
2020-05-03 13:03:57,178 - root - INFO - #50 mean, min log_loss: 2.2e+01, 0.47
2020-05-03 13:03:59,507 - root - INFO - Completed generation 51; 2.2s elapsed, 1.9s avg, 9.7e+01s total. Expected time remaining: 2.8e+02s
2020-05-03 13:03:59,576 - root - INFO - #51 mean, min log_loss: 6.9, 0.47
2020-05-03 13:04:00,950 - root - INFO - Completed generation 52; 1.4s elapsed, 1.9s avg, 9.8e+01s total. Expected time remaining: 2.8e+02s
2020-05-03 13:04:01,020 - root - INFO - #52 mean, min log_loss: 1.4e+01, 0.47
2020-05-03 13:04:02,421 - root - INFO - Completed generation 53; 1.4s elapsed, 1.9s avg, 1e+02s total. Expected time remaining: 2.8e+02s
2020-05-03 13:04:02,488 - root - INFO - #53 mean, min log_loss: 1.1e+01, 0.47
2020-05-03 13:04:03,994 - root - INFO - Completed generation 54; 1.5s elapsed, 1.9s avg, 1e+02s total. Expected time remaining: 2.7e+02s
2020-05-03 13:04:04,061 - root - INFO - #54 mean, min log_loss: 1.4e+01, 0.47
2020-05-03 13:04:05,627 - root - INFO - Completed generation 55; 1.6s elapsed, 1.9s avg, 1e+02s total. Expected time remaining: 2.7e+02s
2020-05-03 13:04:05,696 - root - INFO - #55 mean, min log_loss: 8.4, 0.47
2020-05-03 13:04:07,617 - root - INFO - Completed generation 56; 1.9s elapsed, 1.9s avg, 1e+02s total. Expected time remaining: 2.7e+02s
2020-05-03 13:04:07,686 - root - INFO - #56 mean, min log_loss: 8.1, 0.47
2020-05-03 13:04:09,435 - root - INFO - Completed generation 57; 1.7s elapsed, 1.9s avg, 1.1e+02s total. Expected time remaining: 2.7e+02s
2020-05-03 13:04:09,503 - root - INFO - #57 mean, min log_loss: 1.1e+01, 0.47
2020-05-03 13:04:11,299 - root - INFO - Completed generation 58; 1.8s elapsed, 1.9s avg, 1.1e+02s total. Expected time remaining: 2.7e+02s
2020-05-03 13:04:11,364 - root - INFO - #58 mean, min log_loss: 1.3e+01, 0.47
2020-05-03 13:04:13,106 - root - INFO - Completed generation 59; 1.7s elapsed, 1.9s avg, 1.1e+02s total. Expected time remaining: 2.6e+02s
2020-05-03 13:04:13,175 - root - INFO - #59 mean, min log_loss: 1.9e+01, 0.47
2020-05-03 13:04:15,094 - root - INFO - Completed generation 60; 1.9s elapsed, 1.9s avg, 1.1e+02s total. Expected time remaining: 2.6e+02s
2020-05-03 13:04:15,167 - root - INFO - #60 mean, min log_loss: 1.4e+01, 0.47
2020-05-03 13:04:16,998 - root - INFO - Completed generation 61; 1.8s elapsed, 1.9s avg, 1.1e+02s total. Expected time remaining: 2.6e+02s
2020-05-03 13:04:17,068 - root - INFO - #61 mean, min log_loss: 1.2e+01, 0.47
2020-05-03 13:04:18,826 - root - INFO - Completed generation 62; 1.8s elapsed, 1.9s avg, 1.2e+02s total. Expected time remaining: 2.6e+02s
2020-05-03 13:04:18,895 - root - INFO - #62 mean, min log_loss: 7.1, 0.47
2020-05-03 13:04:20,626 - root - INFO - Completed generation 63; 1.7s elapsed, 1.9s avg, 1.2e+02s total. Expected time remaining: 2.5e+02s
2020-05-03 13:04:20,694 - root - INFO - #63 mean, min log_loss: 1.3e+01, 0.47
2020-05-03 13:04:22,343 - root - INFO - Completed generation 64; 1.6s elapsed, 1.9s avg, 1.2e+02s total. Expected time remaining: 2.5e+02s
2020-05-03 13:04:22,409 - root - INFO - #64 mean, min log_loss: 1.1e+01, 0.47
2020-05-03 13:04:23,866 - root - INFO - Completed generation 65; 1.5s elapsed, 1.8s avg, 1.2e+02s total. Expected time remaining: 2.5e+02s
2020-05-03 13:04:23,938 - root - INFO - #65 mean, min log_loss: 1.5e+01, 0.47
2020-05-03 13:04:25,526 - root - INFO - Completed generation 66; 1.6s elapsed, 1.8s avg, 1.2e+02s total. Expected time remaining: 2.5e+02s
2020-05-03 13:04:25,595 - root - INFO - #66 mean, min log_loss: 1.6e+01, 0.47
2020-05-03 13:04:27,303 - root - INFO - Completed generation 67; 1.7s elapsed, 1.8s avg, 1.2e+02s total. Expected time remaining: 2.5e+02s
2020-05-03 13:04:27,370 - root - INFO - #67 mean, min log_loss: 1.4e+01, 0.47
2020-05-03 13:04:28,944 - root - INFO - Completed generation 68; 1.6s elapsed, 1.8s avg, 1.3e+02s total. Expected time remaining: 2.4e+02s
2020-05-03 13:04:29,012 - root - INFO - #68 mean, min log_loss: 1.1e+01, 0.47
2020-05-03 13:04:30,628 - root - INFO - Completed generation 69; 1.6s elapsed, 1.8s avg, 1.3e+02s total. Expected time remaining: 2.4e+02s
2020-05-03 13:04:30,697 - root - INFO - #69 mean, min log_loss: 1.5e+01, 0.47
2020-05-03 13:04:32,069 - root - INFO - Completed generation 70; 1.4s elapsed, 1.8s avg, 1.3e+02s total. Expected time remaining: 2.4e+02s
2020-05-03 13:04:32,138 - root - INFO - #70 mean, min log_loss: 1.4e+01, 0.47
2020-05-03 13:04:33,825 - root - INFO - Completed generation 71; 1.6s elapsed, 1.8s avg, 1.3e+02s total. Expected time remaining: 2.4e+02s
2020-05-03 13:04:33,893 - root - INFO - #71 mean, min log_loss: 2.3e+01, 0.47
2020-05-03 13:04:35,606 - root - INFO - Completed generation 72; 1.7s elapsed, 1.8s avg, 1.3e+02s total. Expected time remaining: 2.3e+02s
2020-05-03 13:04:35,697 - root - INFO - #72 mean, min log_loss: 7.7, 0.47
2020-05-03 13:04:37,517 - root - INFO - Completed generation 73; 1.8s elapsed, 1.8s avg, 1.3e+02s total. Expected time remaining: 2.3e+02s
2020-05-03 13:04:37,587 - root - INFO - #73 mean, min log_loss: 9.5, 0.47
2020-05-03 13:04:39,483 - root - INFO - Completed generation 74; 1.9s elapsed, 1.8s avg, 1.4e+02s total. Expected time remaining: 2.3e+02s
2020-05-03 13:04:39,551 - root - INFO - #74 mean, min log_loss: 9.0, 0.47
2020-05-03 13:04:41,039 - root - INFO - Completed generation 75; 1.5s elapsed, 1.8s avg, 1.4e+02s total. Expected time remaining: 2.3e+02s
2020-05-03 13:04:41,108 - root - INFO - #75 mean, min log_loss: 2.1e+01, 0.46
2020-05-03 13:04:42,731 - root - INFO - Completed generation 76; 1.6s elapsed, 1.8s avg, 1.4e+02s total. Expected time remaining: 2.3e+02s
2020-05-03 13:04:42,802 - root - INFO - #76 mean, min log_loss: 1.4e+01, 0.46
2020-05-03 13:04:44,227 - root - INFO - Completed generation 77; 1.4s elapsed, 1.8s avg, 1.4e+02s total. Expected time remaining: 2.2e+02s
2020-05-03 13:04:44,297 - root - INFO - #77 mean, min log_loss: 6.2, 0.46
2020-05-03 13:04:45,936 - root - INFO - Completed generation 78; 1.6s elapsed, 1.8s avg, 1.4e+02s total. Expected time remaining: 2.2e+02s
2020-05-03 13:04:46,005 - root - INFO - #78 mean, min log_loss: 1.2e+01, 0.46
2020-05-03 13:04:47,527 - root - INFO - Completed generation 79; 1.5s elapsed, 1.8s avg, 1.4e+02s total. Expected time remaining: 2.2e+02s
2020-05-03 13:04:47,598 - root - INFO - #79 mean, min log_loss: 1.2e+01, 0.46
2020-05-03 13:04:49,431 - root - INFO - Completed generation 80; 1.8s elapsed, 1.8s avg, 1.4e+02s total. Expected time remaining: 2.2e+02s
2020-05-03 13:04:49,500 - root - INFO - #80 mean, min log_loss: 1.5e+01, 0.44
2020-05-03 13:04:51,485 - root - INFO - Completed generation 81; 1.9s elapsed, 1.8s avg, 1.5e+02s total. Expected time remaining: 2.2e+02s
2020-05-03 13:04:51,554 - root - INFO - #81 mean, min log_loss: 1.1e+01, 0.44
2020-05-03 13:04:53,269 - root - INFO - Completed generation 82; 1.7s elapsed, 1.8s avg, 1.5e+02s total. Expected time remaining: 2.1e+02s
2020-05-03 13:04:53,337 - root - INFO - #82 mean, min log_loss: 1.4e+01, 0.44
2020-05-03 13:04:55,273 - root - INFO - Completed generation 83; 1.9s elapsed, 1.8s avg, 1.5e+02s total. Expected time remaining: 2.1e+02s
2020-05-03 13:04:55,342 - root - INFO - #83 mean, min log_loss: 1.4e+01, 0.44
2020-05-03 13:04:56,547 - root - INFO - Completed generation 84; 1.2s elapsed, 1.8s avg, 1.5e+02s total. Expected time remaining: 2.1e+02s
2020-05-03 13:04:56,615 - root - INFO - #84 mean, min log_loss: 6.5, 0.44
2020-05-03 13:04:57,702 - root - INFO - Completed generation 85; 1.1s elapsed, 1.8s avg, 1.5e+02s total. Expected time remaining: 2.1e+02s
2020-05-03 13:04:57,769 - root - INFO - #85 mean, min log_loss: 1.3e+01, 0.44
2020-05-03 13:04:59,308 - root - INFO - Completed generation 86; 1.5s elapsed, 1.8s avg, 1.5e+02s total. Expected time remaining: 2e+02s
2020-05-03 13:04:59,376 - root - INFO - #86 mean, min log_loss: 8.2, 0.44
2020-05-03 13:05:00,740 - root - INFO - Completed generation 87; 1.4s elapsed, 1.8s avg, 1.6e+02s total. Expected time remaining: 2e+02s
2020-05-03 13:05:00,807 - root - INFO - #87 mean, min log_loss: 1.6e+01, 0.44
2020-05-03 13:05:02,386 - root - INFO - Completed generation 88; 1.6s elapsed, 1.8s avg, 1.6e+02s total. Expected time remaining: 2e+02s
2020-05-03 13:05:02,465 - root - INFO - #88 mean, min log_loss: 2e+01, 0.36
2020-05-03 13:05:03,833 - root - INFO - Completed generation 89; 1.4s elapsed, 1.8s avg, 1.6e+02s total. Expected time remaining: 2e+02s
2020-05-03 13:05:03,899 - root - INFO - #89 mean, min log_loss: 1.3e+01, 0.36
2020-05-03 13:05:05,629 - root - INFO - Completed generation 90; 1.7s elapsed, 1.8s avg, 1.6e+02s total. Expected time remaining: 2e+02s
2020-05-03 13:05:05,696 - root - INFO - #90 mean, min log_loss: 1.9e+01, 0.36
2020-05-03 13:05:07,346 - root - INFO - Completed generation 91; 1.6s elapsed, 1.8s avg, 1.6e+02s total. Expected time remaining: 1.9e+02s
2020-05-03 13:05:07,415 - root - INFO - #91 mean, min log_loss: 1.9e+01, 0.36
2020-05-03 13:05:09,089 - root - INFO - Completed generation 92; 1.7s elapsed, 1.8s avg, 1.6e+02s total. Expected time remaining: 1.9e+02s
2020-05-03 13:05:09,154 - root - INFO - #92 mean, min log_loss: 1.5e+01, 0.36
2020-05-03 13:05:10,849 - root - INFO - Completed generation 93; 1.7s elapsed, 1.8s avg, 1.6e+02s total. Expected time remaining: 1.9e+02s
2020-05-03 13:05:10,921 - root - INFO - #93 mean, min log_loss: 2e+01, 0.36
2020-05-03 13:05:12,410 - root - INFO - Completed generation 94; 1.5s elapsed, 1.8s avg, 1.7e+02s total. Expected time remaining: 1.9e+02s
2020-05-03 13:05:12,480 - root - INFO - #94 mean, min log_loss: 1.8e+01, 0.36
2020-05-03 13:05:14,095 - root - INFO - Completed generation 95; 1.6s elapsed, 1.8s avg, 1.7e+02s total. Expected time remaining: 1.9e+02s
2020-05-03 13:05:14,164 - root - INFO - #95 mean, min log_loss: 1e+01, 0.36
2020-05-03 13:05:16,012 - root - INFO - Completed generation 96; 1.8s elapsed, 1.8s avg, 1.7e+02s total. Expected time remaining: 1.8e+02s
2020-05-03 13:05:16,082 - root - INFO - #96 mean, min log_loss: 2e+01, 0.36
2020-05-03 13:05:17,506 - root - INFO - Completed generation 97; 1.4s elapsed, 1.8s avg, 1.7e+02s total. Expected time remaining: 1.8e+02s
2020-05-03 13:05:17,577 - root - INFO - #97 mean, min log_loss: 1.3e+01, 0.36
2020-05-03 13:05:19,181 - root - INFO - Completed generation 98; 1.6s elapsed, 1.8s avg, 1.7e+02s total. Expected time remaining: 1.8e+02s
2020-05-03 13:05:19,251 - root - INFO - #98 mean, min log_loss: 8.1, 0.36
2020-05-03 13:05:21,046 - root - INFO - Completed generation 99; 1.8s elapsed, 1.8s avg, 1.7e+02s total. Expected time remaining: 1.8e+02s
2020-05-03 13:05:21,114 - root - INFO - #99 mean, min log_loss: 1.3e+01, 0.36
2020-05-03 13:05:22,572 - root - INFO - Completed generation 100; 1.5s elapsed, 1.8s avg, 1.8e+02s total. Expected time remaining: 1.8e+02s
2020-05-03 13:05:22,644 - root - INFO - #100 mean, min log_loss: 1.2e+01, 0.36
2020-05-03 13:05:24,557 - root - INFO - Completed generation 101; 1.8s elapsed, 1.8s avg, 1.8e+02s total. Expected time remaining: 1.7e+02s
2020-05-03 13:05:24,624 - root - INFO - #101 mean, min log_loss: 9.1, 0.36
2020-05-03 13:05:26,218 - root - INFO - Completed generation 102; 1.6s elapsed, 1.8s avg, 1.8e+02s total. Expected time remaining: 1.7e+02s
2020-05-03 13:05:26,287 - root - INFO - #102 mean, min log_loss: 1.1e+01, 0.36
2020-05-03 13:05:28,164 - root - INFO - Completed generation 103; 1.9s elapsed, 1.8s avg, 1.8e+02s total. Expected time remaining: 1.7e+02s
2020-05-03 13:05:28,236 - root - INFO - #103 mean, min log_loss: 1.7e+01, 0.36
2020-05-03 13:05:29,836 - root - INFO - Completed generation 104; 1.6s elapsed, 1.8s avg, 1.8e+02s total. Expected time remaining: 1.7e+02s
2020-05-03 13:05:29,905 - root - INFO - #104 mean, min log_loss: 1.9e+01, 0.36
2020-05-03 13:05:31,500 - root - INFO - Completed generation 105; 1.6s elapsed, 1.8s avg, 1.8e+02s total. Expected time remaining: 1.7e+02s
2020-05-03 13:05:31,568 - root - INFO - #105 mean, min log_loss: 1.4e+01, 0.36
2020-05-03 13:05:33,286 - root - INFO - Completed generation 106; 1.7s elapsed, 1.8s avg, 1.9e+02s total. Expected time remaining: 1.7e+02s
2020-05-03 13:05:33,360 - root - INFO - #106 mean, min log_loss: 1.2e+01, 0.36
2020-05-03 13:05:35,151 - root - INFO - Completed generation 107; 1.8s elapsed, 1.8s avg, 1.9e+02s total. Expected time remaining: 1.6e+02s
2020-05-03 13:05:35,225 - root - INFO - #107 mean, min log_loss: 1.4e+01, 0.36
2020-05-03 13:05:36,914 - root - INFO - Completed generation 108; 1.7s elapsed, 1.8s avg, 1.9e+02s total. Expected time remaining: 1.6e+02s
2020-05-03 13:05:37,032 - root - INFO - #108 mean, min log_loss: 2e+01, 0.34
2020-05-03 13:05:38,802 - root - INFO - Completed generation 109; 1.8s elapsed, 1.8s avg, 1.9e+02s total. Expected time remaining: 1.6e+02s
2020-05-03 13:05:38,871 - root - INFO - #109 mean, min log_loss: 1.8e+01, 0.32
2020-05-03 13:05:40,296 - root - INFO - Completed generation 110; 1.4s elapsed, 1.8s avg, 1.9e+02s total. Expected time remaining: 1.6e+02s
2020-05-03 13:05:40,365 - root - INFO - #110 mean, min log_loss: 1.3e+01, 0.32
2020-05-03 13:05:42,152 - root - INFO - Completed generation 111; 1.7s elapsed, 1.8s avg, 1.9e+02s total. Expected time remaining: 1.6e+02s
2020-05-03 13:05:42,256 - root - INFO - #111 mean, min log_loss: 1.8e+01, 0.32
2020-05-03 13:05:43,615 - root - INFO - Completed generation 112; 1.4s elapsed, 1.8s avg, 2e+02s total. Expected time remaining: 1.5e+02s
2020-05-03 13:05:43,682 - root - INFO - #112 mean, min log_loss: 9.9, 0.32
2020-05-03 13:05:45,177 - root - INFO - Completed generation 113; 1.5s elapsed, 1.7s avg, 2e+02s total. Expected time remaining: 1.5e+02s
2020-05-03 13:05:45,245 - root - INFO - #113 mean, min log_loss: 1.8e+01, 0.32
2020-05-03 13:05:46,637 - root - INFO - Completed generation 114; 1.4s elapsed, 1.7s avg, 2e+02s total. Expected time remaining: 1.5e+02s
2020-05-03 13:05:46,706 - root - INFO - #114 mean, min log_loss: 1.9e+01, 0.32
2020-05-03 13:05:47,961 - root - INFO - Completed generation 115; 1.3s elapsed, 1.7s avg, 2e+02s total. Expected time remaining: 1.5e+02s
2020-05-03 13:05:48,031 - root - INFO - #115 mean, min log_loss: 1.2e+01, 0.32
2020-05-03 13:05:49,339 - root - INFO - Completed generation 116; 1.3s elapsed, 1.7s avg, 2e+02s total. Expected time remaining: 1.5e+02s
2020-05-03 13:05:49,409 - root - INFO - #116 mean, min log_loss: 1.3e+01, 0.32
2020-05-03 13:05:50,888 - root - INFO - Completed generation 117; 1.5s elapsed, 1.7s avg, 2e+02s total. Expected time remaining: 1.4e+02s
2020-05-03 13:05:50,957 - root - INFO - #117 mean, min log_loss: 1.6e+01, 0.32
2020-05-03 13:05:52,483 - root - INFO - Completed generation 118; 1.5s elapsed, 1.7s avg, 2e+02s total. Expected time remaining: 1.4e+02s
2020-05-03 13:05:52,548 - root - INFO - #118 mean, min log_loss: 1.6e+01, 0.32
2020-05-03 13:05:54,063 - root - INFO - Completed generation 119; 1.5s elapsed, 1.7s avg, 2.1e+02s total. Expected time remaining: 1.4e+02s
2020-05-03 13:05:54,131 - root - INFO - #119 mean, min log_loss: 1.2e+01, 0.32
2020-05-03 13:05:55,627 - root - INFO - Completed generation 120; 1.5s elapsed, 1.7s avg, 2.1e+02s total. Expected time remaining: 1.4e+02s
2020-05-03 13:05:55,695 - root - INFO - #120 mean, min log_loss: 1.1e+01, 0.32
2020-05-03 13:05:57,286 - root - INFO - Completed generation 121; 1.5s elapsed, 1.7s avg, 2.1e+02s total. Expected time remaining: 1.4e+02s
2020-05-03 13:05:57,356 - root - INFO - #121 mean, min log_loss: 9.2, 0.32
2020-05-03 13:05:58,804 - root - INFO - Completed generation 122; 1.4s elapsed, 1.7s avg, 2.1e+02s total. Expected time remaining: 1.3e+02s
2020-05-03 13:05:58,874 - root - INFO - #122 mean, min log_loss: 1.4e+01, 0.32
2020-05-03 13:06:00,468 - root - INFO - Completed generation 123; 1.6s elapsed, 1.7s avg, 2.1e+02s total. Expected time remaining: 1.3e+02s
2020-05-03 13:06:00,536 - root - INFO - #123 mean, min log_loss: 1.3e+01, 0.32
2020-05-03 13:06:02,185 - root - INFO - Completed generation 124; 1.6s elapsed, 1.7s avg, 2.1e+02s total. Expected time remaining: 1.3e+02s
2020-05-03 13:06:02,253 - root - INFO - #124 mean, min log_loss: 2.1e+01, 0.32
2020-05-03 13:06:03,739 - root - INFO - Completed generation 125; 1.5s elapsed, 1.7s avg, 2.2e+02s total. Expected time remaining: 1.3e+02s
2020-05-03 13:06:03,808 - root - INFO - #125 mean, min log_loss: 9.1, 0.32
2020-05-03 13:06:05,153 - root - INFO - Completed generation 126; 1.3s elapsed, 1.7s avg, 2.2e+02s total. Expected time remaining: 1.3e+02s
2020-05-03 13:06:05,221 - root - INFO - #126 mean, min log_loss: 1.3e+01, 0.32
2020-05-03 13:06:06,720 - root - INFO - Completed generation 127; 1.5s elapsed, 1.7s avg, 2.2e+02s total. Expected time remaining: 1.3e+02s
2020-05-03 13:06:06,790 - root - INFO - #127 mean, min log_loss: 8.9, 0.32
2020-05-03 13:06:08,224 - root - INFO - Completed generation 128; 1.4s elapsed, 1.7s avg, 2.2e+02s total. Expected time remaining: 1.2e+02s
2020-05-03 13:06:08,294 - root - INFO - #128 mean, min log_loss: 1.2e+01, 0.32
2020-05-03 13:06:09,571 - root - INFO - Completed generation 129; 1.3s elapsed, 1.7s avg, 2.2e+02s total. Expected time remaining: 1.2e+02s
2020-05-03 13:06:09,652 - root - INFO - #129 mean, min log_loss: 1.7e+01, 0.32
2020-05-03 13:06:11,324 - root - INFO - Completed generation 130; 1.7s elapsed, 1.7s avg, 2.2e+02s total. Expected time remaining: 1.2e+02s
2020-05-03 13:06:11,397 - root - INFO - #130 mean, min log_loss: 1.3e+01, 0.32
2020-05-03 13:06:13,323 - root - INFO - Completed generation 131; 1.9s elapsed, 1.7s avg, 2.2e+02s total. Expected time remaining: 1.2e+02s
2020-05-03 13:06:13,395 - root - INFO - #131 mean, min log_loss: 1.5e+01, 0.32
2020-05-03 13:06:14,834 - root - INFO - Completed generation 132; 1.4s elapsed, 1.7s avg, 2.3e+02s total. Expected time remaining: 1.2e+02s
2020-05-03 13:06:14,902 - root - INFO - #132 mean, min log_loss: 1.4e+01, 0.32
2020-05-03 13:06:16,543 - root - INFO - Completed generation 133; 1.6s elapsed, 1.7s avg, 2.3e+02s total. Expected time remaining: 1.1e+02s
2020-05-03 13:06:16,613 - root - INFO - #133 mean, min log_loss: 1.3e+01, 0.32
2020-05-03 13:06:18,460 - root - INFO - Completed generation 134; 1.8s elapsed, 1.7s avg, 2.3e+02s total. Expected time remaining: 1.1e+02s
2020-05-03 13:06:18,530 - root - INFO - #134 mean, min log_loss: 1.7e+01, 0.32
2020-05-03 13:06:20,485 - root - INFO - Completed generation 135; 2.0s elapsed, 1.7s avg, 2.3e+02s total. Expected time remaining: 1.1e+02s
2020-05-03 13:06:20,556 - root - INFO - #135 mean, min log_loss: 1.7e+01, 0.3
2020-05-03 13:06:21,913 - root - INFO - Completed generation 136; 1.4s elapsed, 1.7s avg, 2.3e+02s total. Expected time remaining: 1.1e+02s
2020-05-03 13:06:21,986 - root - INFO - #136 mean, min log_loss: 1.4e+01, 0.3
2020-05-03 13:06:23,747 - root - INFO - Completed generation 137; 1.8s elapsed, 1.7s avg, 2.3e+02s total. Expected time remaining: 1.1e+02s
2020-05-03 13:06:23,815 - root - INFO - #137 mean, min log_loss: 1.8e+01, 0.3
2020-05-03 13:06:25,133 - root - INFO - Completed generation 138; 1.3s elapsed, 1.7s avg, 2.4e+02s total. Expected time remaining: 1.1e+02s
2020-05-03 13:06:25,201 - root - INFO - #138 mean, min log_loss: 1.8e+01, 0.3
2020-05-03 13:06:26,868 - root - INFO - Completed generation 139; 1.7s elapsed, 1.7s avg, 2.4e+02s total. Expected time remaining: 1e+02s
2020-05-03 13:06:26,937 - root - INFO - #139 mean, min log_loss: 2.2e+01, 0.3
2020-05-03 13:06:28,542 - root - INFO - Completed generation 140; 1.6s elapsed, 1.7s avg, 2.4e+02s total. Expected time remaining: 1e+02s
2020-05-03 13:06:28,610 - root - INFO - #140 mean, min log_loss: 1.6e+01, 0.3
2020-05-03 13:06:30,377 - root - INFO - Completed generation 141; 1.7s elapsed, 1.7s avg, 2.4e+02s total. Expected time remaining: 1e+02s
2020-05-03 13:06:30,447 - root - INFO - #141 mean, min log_loss: 1e+01, 0.3
2020-05-03 13:06:32,239 - root - INFO - Completed generation 142; 1.8s elapsed, 1.7s avg, 2.4e+02s total. Expected time remaining: 9.9e+01s
2020-05-03 13:06:32,311 - root - INFO - #142 mean, min log_loss: 1.6e+01, 0.3
2020-05-03 13:06:33,585 - root - INFO - Completed generation 143; 1.3s elapsed, 1.7s avg, 2.4e+02s total. Expected time remaining: 9.7e+01s
2020-05-03 13:06:33,655 - root - INFO - #143 mean, min log_loss: 9.1, 0.3
2020-05-03 13:06:35,321 - root - INFO - Completed generation 144; 1.7s elapsed, 1.7s avg, 2.5e+02s total. Expected time remaining: 9.5e+01s
2020-05-03 13:06:35,389 - root - INFO - #144 mean, min log_loss: 9.9, 0.3
2020-05-03 13:06:37,037 - root - INFO - Completed generation 145; 1.6s elapsed, 1.7s avg, 2.5e+02s total. Expected time remaining: 9.4e+01s
2020-05-03 13:06:37,107 - root - INFO - #145 mean, min log_loss: 1.9e+01, 0.3
2020-05-03 13:06:38,753 - root - INFO - Completed generation 146; 1.6s elapsed, 1.7s avg, 2.5e+02s total. Expected time remaining: 9.2e+01s
2020-05-03 13:06:38,820 - root - INFO - #146 mean, min log_loss: 1.9e+01, 0.3
2020-05-03 13:06:40,668 - root - INFO - Completed generation 147; 1.8s elapsed, 1.7s avg, 2.5e+02s total. Expected time remaining: 9e+01s
2020-05-03 13:06:40,735 - root - INFO - #147 mean, min log_loss: 9.7, 0.3
2020-05-03 13:06:42,110 - root - INFO - Completed generation 148; 1.4s elapsed, 1.7s avg, 2.5e+02s total. Expected time remaining: 8.8e+01s
2020-05-03 13:06:42,177 - root - INFO - #148 mean, min log_loss: 1e+01, 0.3
2020-05-03 13:06:43,698 - root - INFO - Completed generation 149; 1.5s elapsed, 1.7s avg, 2.5e+02s total. Expected time remaining: 8.7e+01s
2020-05-03 13:06:43,796 - root - INFO - #149 mean, min log_loss: 1.4e+01, 0.3
2020-05-03 13:06:45,291 - root - INFO - Completed generation 150; 1.5s elapsed, 1.7s avg, 2.5e+02s total. Expected time remaining: 8.5e+01s
2020-05-03 13:06:45,378 - root - INFO - #150 mean, min log_loss: 1.5e+01, 0.3
2020-05-03 13:06:46,968 - root - INFO - Completed generation 151; 1.5s elapsed, 1.7s avg, 2.6e+02s total. Expected time remaining: 8.3e+01s
2020-05-03 13:06:47,039 - root - INFO - #151 mean, min log_loss: 1.3e+01, 0.3
2020-05-03 13:06:48,856 - root - INFO - Completed generation 152; 1.8s elapsed, 1.7s avg, 2.6e+02s total. Expected time remaining: 8.2e+01s
2020-05-03 13:06:48,924 - root - INFO - #152 mean, min log_loss: 1.9e+01, 0.3
2020-05-03 13:06:50,574 - root - INFO - Completed generation 153; 1.6s elapsed, 1.7s avg, 2.6e+02s total. Expected time remaining: 8e+01s
2020-05-03 13:06:50,646 - root - INFO - #153 mean, min log_loss: 1.6e+01, 0.3
2020-05-03 13:06:51,726 - root - INFO - Completed generation 154; 1.1s elapsed, 1.7s avg, 2.6e+02s total. Expected time remaining: 7.8e+01s
2020-05-03 13:06:51,797 - root - INFO - #154 mean, min log_loss: 1.1e+01, 0.3
2020-05-03 13:06:53,748 - root - INFO - Completed generation 155; 2.0s elapsed, 1.7s avg, 2.6e+02s total. Expected time remaining: 7.6e+01s
2020-05-03 13:06:53,816 - root - INFO - #155 mean, min log_loss: 1.4e+01, 0.3
2020-05-03 13:06:55,621 - root - INFO - Completed generation 156; 1.8s elapsed, 1.7s avg, 2.6e+02s total. Expected time remaining: 7.5e+01s
2020-05-03 13:06:55,690 - root - INFO - #156 mean, min log_loss: 1.9e+01, 0.3
2020-05-03 13:06:57,602 - root - INFO - Completed generation 157; 1.9s elapsed, 1.7s avg, 2.7e+02s total. Expected time remaining: 7.3e+01s
2020-05-03 13:06:57,673 - root - INFO - #157 mean, min log_loss: 1.6e+01, 0.3
2020-05-03 13:06:59,339 - root - INFO - Completed generation 158; 1.7s elapsed, 1.7s avg, 2.7e+02s total. Expected time remaining: 7.1e+01s
2020-05-03 13:06:59,431 - root - INFO - #158 mean, min log_loss: 2.3e+01, 0.3
2020-05-03 13:07:01,529 - root - INFO - Completed generation 159; 2.1s elapsed, 1.7s avg, 2.7e+02s total. Expected time remaining: 7e+01s
2020-05-03 13:07:01,602 - root - INFO - #159 mean, min log_loss: 2.1e+01, 0.29
2020-05-03 13:07:02,958 - root - INFO - Completed generation 160; 1.4s elapsed, 1.7s avg, 2.7e+02s total. Expected time remaining: 6.8e+01s
2020-05-03 13:07:03,028 - root - INFO - #160 mean, min log_loss: 1.7e+01, 0.29
2020-05-03 13:07:04,912 - root - INFO - Completed generation 161; 1.8s elapsed, 1.7s avg, 2.7e+02s total. Expected time remaining: 6.6e+01s
2020-05-03 13:07:04,981 - root - INFO - #161 mean, min log_loss: 1.4e+01, 0.29
2020-05-03 13:07:06,084 - root - INFO - Completed generation 162; 1.1s elapsed, 1.7s avg, 2.7e+02s total. Expected time remaining: 6.4e+01s
2020-05-03 13:07:06,153 - root - INFO - #162 mean, min log_loss: 1.2e+01, 0.29
2020-05-03 13:07:07,611 - root - INFO - Completed generation 163; 1.5s elapsed, 1.7s avg, 2.8e+02s total. Expected time remaining: 6.3e+01s
2020-05-03 13:07:07,680 - root - INFO - #163 mean, min log_loss: 1.9e+01, 0.29
2020-05-03 13:07:09,554 - root - INFO - Completed generation 164; 1.9s elapsed, 1.7s avg, 2.8e+02s total. Expected time remaining: 6.1e+01s
2020-05-03 13:07:09,624 - root - INFO - #164 mean, min log_loss: 1.3e+01, 0.29
2020-05-03 13:07:10,920 - root - INFO - Completed generation 165; 1.3s elapsed, 1.7s avg, 2.8e+02s total. Expected time remaining: 5.9e+01s
2020-05-03 13:07:10,992 - root - INFO - #165 mean, min log_loss: 1.4e+01, 0.29
2020-05-03 13:07:12,745 - root - INFO - Completed generation 166; 1.8s elapsed, 1.7s avg, 2.8e+02s total. Expected time remaining: 5.8e+01s
2020-05-03 13:07:12,813 - root - INFO - #166 mean, min log_loss: 1.6e+01, 0.29
2020-05-03 13:07:14,321 - root - INFO - Completed generation 167; 1.5s elapsed, 1.7s avg, 2.8e+02s total. Expected time remaining: 5.6e+01s
2020-05-03 13:07:14,403 - root - INFO - #167 mean, min log_loss: 2.3e+01, 0.29
2020-05-03 13:07:15,868 - root - INFO - Completed generation 168; 1.5s elapsed, 1.7s avg, 2.8e+02s total. Expected time remaining: 5.4e+01s
2020-05-03 13:07:15,936 - root - INFO - #168 mean, min log_loss: 1.4e+01, 0.29
2020-05-03 13:07:17,589 - root - INFO - Completed generation 169; 1.7s elapsed, 1.7s avg, 2.9e+02s total. Expected time remaining: 5.2e+01s
2020-05-03 13:07:17,659 - root - INFO - #169 mean, min log_loss: 1.8e+01, 0.29
2020-05-03 13:07:19,292 - root - INFO - Completed generation 170; 1.6s elapsed, 1.7s avg, 2.9e+02s total. Expected time remaining: 5.1e+01s
2020-05-03 13:07:19,363 - root - INFO - #170 mean, min log_loss: 1.5e+01, 0.29
2020-05-03 13:07:20,928 - root - INFO - Completed generation 171; 1.5s elapsed, 1.7s avg, 2.9e+02s total. Expected time remaining: 4.9e+01s
2020-05-03 13:07:20,997 - root - INFO - #171 mean, min log_loss: 1.5e+01, 0.29
2020-05-03 13:07:22,763 - root - INFO - Completed generation 172; 1.8s elapsed, 1.7s avg, 2.9e+02s total. Expected time remaining: 4.7e+01s
2020-05-03 13:07:22,831 - root - INFO - #172 mean, min log_loss: 1.4e+01, 0.29
2020-05-03 13:07:24,551 - root - INFO - Completed generation 173; 1.7s elapsed, 1.7s avg, 2.9e+02s total. Expected time remaining: 4.6e+01s
2020-05-03 13:07:24,644 - root - INFO - #173 mean, min log_loss: 1.7e+01, 0.29
2020-05-03 13:07:26,284 - root - INFO - Completed generation 174; 1.6s elapsed, 1.7s avg, 2.9e+02s total. Expected time remaining: 4.4e+01s
2020-05-03 13:07:26,352 - root - INFO - #174 mean, min log_loss: 1.7e+01, 0.29
2020-05-03 13:07:28,014 - root - INFO - Completed generation 175; 1.7s elapsed, 1.7s avg, 3e+02s total. Expected time remaining: 4.2e+01s
2020-05-03 13:07:28,084 - root - INFO - #175 mean, min log_loss: 1.9e+01, 0.29
2020-05-03 13:07:29,550 - root - INFO - Completed generation 176; 1.5s elapsed, 1.7s avg, 3e+02s total. Expected time remaining: 4e+01s
2020-05-03 13:07:29,618 - root - INFO - #176 mean, min log_loss: 9.3, 0.29
2020-05-03 13:07:31,292 - root - INFO - Completed generation 177; 1.7s elapsed, 1.7s avg, 3e+02s total. Expected time remaining: 3.9e+01s
2020-05-03 13:07:31,362 - root - INFO - #177 mean, min log_loss: 1.5e+01, 0.29
2020-05-03 13:07:33,236 - root - INFO - Completed generation 178; 1.9s elapsed, 1.7s avg, 3e+02s total. Expected time remaining: 3.7e+01s
2020-05-03 13:07:33,304 - root - INFO - #178 mean, min log_loss: 1.8e+01, 0.29
2020-05-03 13:07:34,863 - root - INFO - Completed generation 179; 1.6s elapsed, 1.7s avg, 3e+02s total. Expected time remaining: 3.5e+01s
2020-05-03 13:07:34,970 - root - INFO - #179 mean, min log_loss: 9.3, 0.29
2020-05-03 13:07:36,735 - root - INFO - Completed generation 180; 1.8s elapsed, 1.7s avg, 3e+02s total. Expected time remaining: 3.4e+01s
2020-05-03 13:07:36,805 - root - INFO - #180 mean, min log_loss: 1.1e+01, 0.29
2020-05-03 13:07:38,422 - root - INFO - Completed generation 181; 1.5s elapsed, 1.7s avg, 3.1e+02s total. Expected time remaining: 3.2e+01s
2020-05-03 13:07:38,493 - root - INFO - #181 mean, min log_loss: 9.2, 0.29
2020-05-03 13:07:40,203 - root - INFO - Completed generation 182; 1.7s elapsed, 1.7s avg, 3.1e+02s total. Expected time remaining: 3e+01s
2020-05-03 13:07:40,275 - root - INFO - #182 mean, min log_loss: 2.3e+01, 0.29
2020-05-03 13:07:41,747 - root - INFO - Completed generation 183; 1.5s elapsed, 1.7s avg, 3.1e+02s total. Expected time remaining: 2.9e+01s
2020-05-03 13:07:41,815 - root - INFO - #183 mean, min log_loss: 9.2, 0.29
2020-05-03 13:07:43,260 - root - INFO - Completed generation 184; 1.4s elapsed, 1.7s avg, 3.1e+02s total. Expected time remaining: 2.7e+01s
2020-05-03 13:07:43,327 - root - INFO - #184 mean, min log_loss: 1.8e+01, 0.29
2020-05-03 13:07:44,956 - root - INFO - Completed generation 185; 1.6s elapsed, 1.7s avg, 3.1e+02s total. Expected time remaining: 2.5e+01s
2020-05-03 13:07:45,025 - root - INFO - #185 mean, min log_loss: 9.1, 0.29
2020-05-03 13:07:46,632 - root - INFO - Completed generation 186; 1.6s elapsed, 1.7s avg, 3.1e+02s total. Expected time remaining: 2.4e+01s
2020-05-03 13:07:46,701 - root - INFO - #186 mean, min log_loss: 1.1e+01, 0.29
2020-05-03 13:07:48,358 - root - INFO - Completed generation 187; 1.7s elapsed, 1.7s avg, 3.1e+02s total. Expected time remaining: 2.2e+01s
2020-05-03 13:07:48,428 - root - INFO - #187 mean, min log_loss: 1.2e+01, 0.29
2020-05-03 13:07:49,719 - root - INFO - Completed generation 188; 1.3s elapsed, 1.7s avg, 3.2e+02s total. Expected time remaining: 2e+01s
2020-05-03 13:07:49,789 - root - INFO - #188 mean, min log_loss: 1.1e+01, 0.29
2020-05-03 13:07:51,186 - root - INFO - Completed generation 189; 1.4s elapsed, 1.7s avg, 3.2e+02s total. Expected time remaining: 1.8e+01s
2020-05-03 13:07:51,254 - root - INFO - #189 mean, min log_loss: 1.4e+01, 0.29
2020-05-03 13:07:52,950 - root - INFO - Completed generation 190; 1.7s elapsed, 1.7s avg, 3.2e+02s total. Expected time remaining: 1.7e+01s
2020-05-03 13:07:53,019 - root - INFO - #190 mean, min log_loss: 1.5e+01, 0.29
2020-05-03 13:07:54,850 - root - INFO - Completed generation 191; 1.7s elapsed, 1.7s avg, 3.2e+02s total. Expected time remaining: 1.5e+01s
2020-05-03 13:07:54,920 - root - INFO - #191 mean, min log_loss: 1.7e+01, 0.29
2020-05-03 13:07:56,520 - root - INFO - Completed generation 192; 1.6s elapsed, 1.7s avg, 3.2e+02s total. Expected time remaining: 1.3e+01s
2020-05-03 13:07:56,638 - root - INFO - #192 mean, min log_loss: 1.3e+01, 0.29
2020-05-03 13:07:57,891 - root - INFO - Completed generation 193; 1.3s elapsed, 1.7s avg, 3.2e+02s total. Expected time remaining: 1.2e+01s
2020-05-03 13:07:57,962 - root - INFO - #193 mean, min log_loss: 9.4, 0.29
2020-05-03 13:07:59,525 - root - INFO - Completed generation 194; 1.6s elapsed, 1.7s avg, 3.3e+02s total. Expected time remaining: 1e+01s
2020-05-03 13:07:59,657 - root - INFO - #194 mean, min log_loss: 1.2e+01, 0.29
2020-05-03 13:08:01,145 - root - INFO - Completed generation 195; 1.5s elapsed, 1.7s avg, 3.3e+02s total. Expected time remaining: 8.4s
2020-05-03 13:08:01,215 - root - INFO - #195 mean, min log_loss: 2.3e+01, 0.29
2020-05-03 13:08:02,975 - root - INFO - Completed generation 196; 1.8s elapsed, 1.7s avg, 3.3e+02s total. Expected time remaining: 6.7s
2020-05-03 13:08:03,052 - root - INFO - #196 mean, min log_loss: 1.6e+01, 0.29
2020-05-03 13:08:04,711 - root - INFO - Completed generation 197; 1.7s elapsed, 1.7s avg, 3.3e+02s total. Expected time remaining: 5.0s
2020-05-03 13:08:04,782 - root - INFO - #197 mean, min log_loss: 1.9e+01, 0.29
2020-05-03 13:08:06,361 - root - INFO - Completed generation 198; 1.6s elapsed, 1.7s avg, 3.3e+02s total. Expected time remaining: 3.4s
2020-05-03 13:08:06,431 - root - INFO - #198 mean, min log_loss: 1.7e+01, 0.29
2020-05-03 13:08:08,411 - root - INFO - Completed generation 199; 2.0s elapsed, 1.7s avg, 3.3e+02s total. Expected time remaining: 1.7s
2020-05-03 13:08:08,482 - root - INFO - #199 mean, min log_loss: 1.9e+01, 0.29
2020-05-03 13:08:10,370 - root - INFO - Completed generation 200; 1.9s elapsed, 1.7s avg, 3.4e+02s total. Expected time remaining: 0.0s
2020-05-03 13:08:10,439 - root - INFO - #200 mean, min log_loss: 1.4e+01, 0.29
2020-05-03 13:08:10,706 - root - INFO - Evaluating indivs in hall of fame.
2020-05-03 13:08:12,672 - root - INFO - Completed excution.
