2020-07-28 11:57:34,764 - root - INFO - Package version 0.1.1
2020-07-28 11:57:34,764 - root - INFO - Saving data at /vol/fob-vol1/mi15/plonerma/Lab/rewann/data/2020-07-28_Iris [1, 2, 9, 10]; uniform -2,2; signed: False_000.
2020-07-28 11:57:34,765 - root - DEBUG - Loading training dataset
2020-07-28 11:57:34,863 - root - DEBUG - Loaded 150 samples.
2020-07-28 11:57:34,864 - root - DEBUG - Running experiments with the following parameters:
debug = true
experiment_name = "Iris [1, 2, 9, 10]; uniform -2,2; signed: False"
experiment_path = "data/2020-07-28_Iris [1, 2, 9, 10]; uniform -2,2; signed: False_000"

[config]
num_workers = 1
debug = true
backend = "numpy"

[postopt]
run_postopt = true
compile_report = false
num_weights = 100
num_samples = -1

[sampling]
seed = 0
post_init_seed = false
distribution = "uniform"
lower_bound = -2
upper_bound = 2
mean = 0
sigma = 1
num_weights_per_iteration = 5
num_samples_per_iteration = -1
hof_evaluation_iterations = 20

[task]
name = "iris"
sample_order_seed = 0
test_portion = 0.2
sample_length = 10
num_categories = 8

[storage]
data_base_path = "data"
log_filename = "execution.log"
commit_elite_freq = -1
commit_metrics_freq = 10

[population]
num_generations = 200
size = 100
initial_enabled_edge_prob = 0.05
initial_genes = "full"
hof_size = 10
enable_edge_signs = false
enabled_activation_funcs = [ 1, 2, 9, 10,]

[selection]
use_tournaments = true
elite_ratio = 0.1
culling_ratio = 0.2
tournament_size = 5
objectives = [ "-log_loss.min", "-log_loss.mean", "-n_hidden",]
recorded_metrics = [ "accuracy", "kappa", "log_loss",]
hof_metric = "accuracy.mean"

[mutation.new_edge]
probability = 0.2
strategy = "layer_agnostic"
propability = 0.2

[mutation.new_node]
probability = 0.25
propability = 0.3

[mutation.reenable_edge]
probability = 0.05
propability = 0.1

[mutation.change_activation]
probability = 0.5
propability = 0.4

[mutation.change_edge_sign]
probability = 0.2

[mutation.new_recurrent_edge]
probability = 0.2
strategy = "any"

2020-07-28 11:57:34,896 - root - INFO - Starting evolutionary algorithm
2020-07-28 11:57:34,917 - root - DEBUG - Sampled weight [-0.21282672  1.34796146 -1.11270388 -0.02421898  1.71847496]
2020-07-28 11:57:36,038 - root - DEBUG - Updating hall of fame
2020-07-28 11:57:37,950 - root - INFO - Completed generation 1; 3.1s elapsed, 3.1s avg, 3.1s total. Expected time remaining: 6.1e+02s
2020-07-28 11:57:38,008 - root - INFO - #1 MAX:accuracy.mean: 0.47
2020-07-28 11:57:38,048 - root - DEBUG - Sampled weight [ 1.76436117 -1.92369361 -0.9634611  -1.96621544  1.5256505 ]
2020-07-28 11:57:39,099 - root - DEBUG - Updating hall of fame
2020-07-28 11:57:40,936 - root - INFO - Completed generation 2; 2.9s elapsed, 3.0s avg, 6.0s total. Expected time remaining: 5.9e+02s
2020-07-28 11:57:40,987 - root - INFO - #2 MAX:accuracy.mean: 0.41
2020-07-28 11:57:41,026 - root - DEBUG - Sampled weight [-0.94404665  0.88676252 -1.9036875   1.77041318  0.90402693]
2020-07-28 11:57:42,077 - root - DEBUG - Updating hall of fame
2020-07-28 11:57:43,968 - root - INFO - Completed generation 3; 3.0s elapsed, 3.0s avg, 9.0s total. Expected time remaining: 5.9e+02s
2020-07-28 11:57:44,019 - root - INFO - #3 MAX:accuracy.mean: 0.52
2020-07-28 11:57:44,059 - root - DEBUG - Sampled weight [ 1.81471295  0.41422705 -1.255111   -1.82494693 -1.48765026]
2020-07-28 11:57:45,113 - root - DEBUG - Updating hall of fame
2020-07-28 11:57:46,769 - root - INFO - Completed generation 4; 2.7s elapsed, 2.9s avg, 1.2e+01s total. Expected time remaining: 5.7e+02s
2020-07-28 11:57:46,819 - root - INFO - #4 MAX:accuracy.mean: 0.6
2020-07-28 11:57:46,859 - root - DEBUG - Sampled weight [ 1.59563036  0.13582196  1.48293622 -1.12781714  1.8677068 ]
2020-07-28 11:57:47,922 - root - DEBUG - Updating hall of fame
2020-07-28 11:57:49,788 - root - INFO - Completed generation 5; 3.0s elapsed, 2.9s avg, 1.5e+01s total. Expected time remaining: 5.7e+02s
2020-07-28 11:57:49,838 - root - INFO - #5 MAX:accuracy.mean: 0.6
2020-07-28 11:57:49,879 - root - DEBUG - Sampled weight [-1.0548781  -1.66793324  0.64307587 -1.12361758  0.19603073]
2020-07-28 11:57:50,937 - root - DEBUG - Updating hall of fame
2020-07-28 11:57:52,636 - root - INFO - Completed generation 6; 2.8s elapsed, 2.9s avg, 1.7e+01s total. Expected time remaining: 5.7e+02s
2020-07-28 11:57:52,686 - root - INFO - #6 MAX:accuracy.mean: 0.53
2020-07-28 11:57:52,727 - root - DEBUG - Sampled weight [ 0.96215139 -0.39078554 -0.43832805  0.52581064 -1.88727368]
2020-07-28 11:57:53,784 - root - DEBUG - Updating hall of fame
2020-07-28 11:57:55,437 - root - INFO - Completed generation 7; 2.8s elapsed, 2.9s avg, 2e+01s total. Expected time remaining: 5.6e+02s
2020-07-28 11:57:55,487 - root - INFO - #7 MAX:accuracy.mean: 0.47
2020-07-28 11:57:55,527 - root - DEBUG - Sampled weight [ 0.3342182   0.39395586  0.24658942 -0.60043552  0.51503251]
2020-07-28 11:57:56,587 - root - DEBUG - Updating hall of fame
2020-07-28 11:57:57,327 - root - INFO - Completed generation 8; 1.8s elapsed, 2.8s avg, 2.2e+01s total. Expected time remaining: 5.3e+02s
2020-07-28 11:57:57,377 - root - INFO - #8 MAX:accuracy.mean: 0.57
2020-07-28 11:57:57,417 - root - DEBUG - Sampled weight [-0.14828653 -1.09124333 -0.16520477  1.28616945 -1.20272144]
2020-07-28 11:57:58,484 - root - DEBUG - Updating hall of fame
2020-07-28 11:57:59,774 - root - INFO - Completed generation 9; 2.4s elapsed, 2.7s avg, 2.4e+01s total. Expected time remaining: 5.2e+02s
2020-07-28 11:57:59,824 - root - INFO - #9 MAX:accuracy.mean: 0.47
2020-07-28 11:57:59,864 - root - DEBUG - Sampled weight [-1.34947756 -1.8750598   1.30812491  1.20438651 -1.9047047 ]
2020-07-28 11:58:00,927 - root - DEBUG - Updating hall of fame
2020-07-28 11:58:01,861 - root - INFO - Completed generation 10; 2.0s elapsed, 2.7s avg, 2.7e+01s total. Expected time remaining: 5e+02s
2020-07-28 11:58:01,914 - root - INFO - #10 MAX:accuracy.mean: 0.47
2020-07-28 11:58:01,996 - root - DEBUG - Sampled weight [-1.36992143 -0.02594854  1.37639545 -0.19891973 -1.90429907]
2020-07-28 11:58:03,071 - root - DEBUG - Updating hall of fame
2020-07-28 11:58:04,195 - root - INFO - Completed generation 11; 2.2s elapsed, 2.6s avg, 2.9e+01s total. Expected time remaining: 4.9e+02s
2020-07-28 11:58:04,246 - root - INFO - #11 MAX:accuracy.mean: 0.43
2020-07-28 11:58:04,286 - root - DEBUG - Sampled weight [ 1.52005755 -0.15464454  0.26327068  1.49629753 -0.86190302]
2020-07-28 11:58:05,344 - root - DEBUG - Updating hall of fame
2020-07-28 11:58:06,276 - root - INFO - Completed generation 12; 2.0s elapsed, 2.6s avg, 3.1e+01s total. Expected time remaining: 4.8e+02s
2020-07-28 11:58:06,327 - root - INFO - #12 MAX:accuracy.mean: 0.46
2020-07-28 11:58:06,367 - root - DEBUG - Sampled weight [ 1.16332686  1.71722451 -0.40097906 -1.2181566  -0.39729923]
2020-07-28 11:58:07,428 - root - DEBUG - Updating hall of fame
2020-07-28 11:58:08,351 - root - INFO - Completed generation 13; 2.0s elapsed, 2.5s avg, 3.3e+01s total. Expected time remaining: 4.7e+02s
2020-07-28 11:58:08,401 - root - INFO - #13 MAX:accuracy.mean: 0.47
2020-07-28 11:58:08,442 - root - DEBUG - Sampled weight [ 1.78476136  1.6731846   1.71363563 -1.07404279  1.88293012]
2020-07-28 11:58:09,510 - root - DEBUG - Updating hall of fame
2020-07-28 11:58:10,618 - root - INFO - Completed generation 14; 2.2s elapsed, 2.5s avg, 3.5e+01s total. Expected time remaining: 4.7e+02s
2020-07-28 11:58:10,668 - root - INFO - #14 MAX:accuracy.mean: 0.6
2020-07-28 11:58:10,709 - root - DEBUG - Sampled weight [ 1.54348359 -0.37562329 -0.68683711 -1.91282622 -1.04584649]
2020-07-28 11:58:11,773 - root - DEBUG - Updating hall of fame
2020-07-28 11:58:13,255 - root - INFO - Completed generation 15; 2.6s elapsed, 2.5s avg, 3.8e+01s total. Expected time remaining: 4.6e+02s
2020-07-28 11:58:13,306 - root - INFO - #15 MAX:accuracy.mean: 0.42
2020-07-28 11:58:13,346 - root - DEBUG - Sampled weight [ 1.40807431 -0.53807845 -1.54404385  0.10510483  0.93277876]
2020-07-28 11:58:14,421 - root - DEBUG - Updating hall of fame
2020-07-28 11:58:14,988 - root - INFO - Completed generation 16; 1.7s elapsed, 2.5s avg, 3.9e+01s total. Expected time remaining: 4.5e+02s
2020-07-28 11:58:15,039 - root - INFO - #16 MAX:accuracy.mean: 0.4
2020-07-28 11:58:15,079 - root - DEBUG - Sampled weight [ 1.1747757   0.85247903  1.12677951 -1.03820566  0.17269799]
2020-07-28 11:58:16,142 - root - DEBUG - Updating hall of fame
2020-07-28 11:58:17,430 - root - INFO - Completed generation 17; 2.4s elapsed, 2.5s avg, 4.2e+01s total. Expected time remaining: 4.5e+02s
2020-07-28 11:58:17,480 - root - INFO - #17 MAX:accuracy.mean: 0.55
2020-07-28 11:58:17,520 - root - DEBUG - Sampled weight [ 0.82220862 -1.74875956 -0.02976194 -0.25975941 -0.65858007]
2020-07-28 11:58:18,600 - root - DEBUG - Updating hall of fame
2020-07-28 11:58:20,090 - root - INFO - Completed generation 18; 2.6s elapsed, 2.5s avg, 4.4e+01s total. Expected time remaining: 4.5e+02s
2020-07-28 11:58:20,141 - root - INFO - #18 MAX:accuracy.mean: 0.42
2020-07-28 11:58:20,182 - root - DEBUG - Sampled weight [-0.44262984  1.3561949   1.70240084 -1.3984725  -1.35499049]
2020-07-28 11:58:21,262 - root - DEBUG - Updating hall of fame
2020-07-28 11:58:22,391 - root - INFO - Completed generation 19; 2.2s elapsed, 2.4s avg, 4.7e+01s total. Expected time remaining: 4.4e+02s
2020-07-28 11:58:22,442 - root - INFO - #19 MAX:accuracy.mean: 0.5
2020-07-28 11:58:22,482 - root - DEBUG - Sampled weight [ 1.41452379  1.50927815 -0.68764951  1.14696003  0.67617813]
2020-07-28 11:58:23,561 - root - DEBUG - Updating hall of fame
2020-07-28 11:58:24,483 - root - INFO - Completed generation 20; 2.0s elapsed, 2.4s avg, 4.9e+01s total. Expected time remaining: 4.4e+02s
2020-07-28 11:58:24,533 - root - INFO - #20 MAX:accuracy.mean: 0.57
2020-07-28 11:58:24,610 - root - DEBUG - Sampled weight [-0.27718704  0.18281604 -0.19570437  1.99196643  1.44437656]
2020-07-28 11:58:25,679 - root - DEBUG - Updating hall of fame
2020-07-28 11:58:26,796 - root - INFO - Completed generation 21; 2.2s elapsed, 2.4s avg, 5.1e+01s total. Expected time remaining: 4.3e+02s
2020-07-28 11:58:26,847 - root - INFO - #21 MAX:accuracy.mean: 0.48
2020-07-28 11:58:26,887 - root - DEBUG - Sampled weight [ 1.32447137 -0.83485111  0.02372161  0.81089799 -1.08852691]
2020-07-28 11:58:27,959 - root - DEBUG - Updating hall of fame
2020-07-28 11:58:28,353 - root - INFO - Completed generation 22; 1.5s elapsed, 2.4s avg, 5.2e+01s total. Expected time remaining: 4.2e+02s
2020-07-28 11:58:28,403 - root - INFO - #22 MAX:accuracy.mean: 0.51
2020-07-28 11:58:28,444 - root - DEBUG - Sampled weight [-1.30348661 -1.4308543   1.02340973  0.36385707 -0.56744006]
2020-07-28 11:58:29,515 - root - DEBUG - Updating hall of fame
2020-07-28 11:58:30,624 - root - INFO - Completed generation 23; 2.2s elapsed, 2.4s avg, 5.5e+01s total. Expected time remaining: 4.2e+02s
2020-07-28 11:58:30,674 - root - INFO - #23 MAX:accuracy.mean: 0.6
2020-07-28 11:58:30,715 - root - DEBUG - Sampled weight [-0.56834272 -1.37405817 -0.96763677 -0.17259167  1.88678093]
2020-07-28 11:58:31,779 - root - DEBUG - Updating hall of fame
2020-07-28 11:58:32,887 - root - INFO - Completed generation 24; 2.2s elapsed, 2.4s avg, 5.7e+01s total. Expected time remaining: 4.2e+02s
2020-07-28 11:58:32,939 - root - INFO - #24 MAX:accuracy.mean: 0.59
2020-07-28 11:58:32,979 - root - DEBUG - Sampled weight [-1.5865478   1.99142198  1.06925589  0.65621919 -1.91754679]
2020-07-28 11:58:34,055 - root - DEBUG - Updating hall of fame
2020-07-28 11:58:34,988 - root - INFO - Completed generation 25; 2.0s elapsed, 2.4s avg, 5.9e+01s total. Expected time remaining: 4.1e+02s
2020-07-28 11:58:35,038 - root - INFO - #25 MAX:accuracy.mean: 0.65
2020-07-28 11:58:35,079 - root - DEBUG - Sampled weight [ 0.08650696  1.97867455 -0.25049396 -1.43083127  0.36641057]
2020-07-28 11:58:36,147 - root - DEBUG - Updating hall of fame
2020-07-28 11:58:36,902 - root - INFO - Completed generation 26; 1.9s elapsed, 2.3s avg, 6.1e+01s total. Expected time remaining: 4.1e+02s
2020-07-28 11:58:36,953 - root - INFO - #26 MAX:accuracy.mean: 0.47
2020-07-28 11:58:36,993 - root - DEBUG - Sampled weight [-1.95954883  0.48230911  0.36844246 -0.32734125 -0.6385011 ]
2020-07-28 11:58:38,064 - root - DEBUG - Updating hall of fame
2020-07-28 11:58:38,814 - root - INFO - Completed generation 27; 1.9s elapsed, 2.3s avg, 6.3e+01s total. Expected time remaining: 4e+02s
2020-07-28 11:58:38,865 - root - INFO - #27 MAX:accuracy.mean: 0.58
2020-07-28 11:58:38,904 - root - DEBUG - Sampled weight [ 0.16597517 -1.8197609   0.32375935  0.02544379 -1.69079598]
2020-07-28 11:58:39,971 - root - DEBUG - Updating hall of fame
2020-07-28 11:58:40,723 - root - INFO - Completed generation 28; 1.9s elapsed, 2.3s avg, 6.4e+01s total. Expected time remaining: 4e+02s
2020-07-28 11:58:40,773 - root - INFO - #28 MAX:accuracy.mean: 0.5
2020-07-28 11:58:40,813 - root - DEBUG - Sampled weight [0.09620265 0.47266137 1.32317868 0.2150954  0.43629838]
2020-07-28 11:58:41,883 - root - DEBUG - Updating hall of fame
2020-07-28 11:58:42,826 - root - INFO - Completed generation 29; 2.1s elapsed, 2.3s avg, 6.6e+01s total. Expected time remaining: 3.9e+02s
2020-07-28 11:58:42,877 - root - INFO - #29 MAX:accuracy.mean: 0.58
2020-07-28 11:58:42,918 - root - DEBUG - Sampled weight [-1.33212272  0.71200198  0.91713748 -0.63669775 -1.06847442]
2020-07-28 11:58:43,996 - root - DEBUG - Updating hall of fame
2020-07-28 11:58:45,308 - root - INFO - Completed generation 30; 2.4s elapsed, 2.3s avg, 6.9e+01s total. Expected time remaining: 3.9e+02s
2020-07-28 11:58:45,358 - root - INFO - #30 MAX:accuracy.mean: 0.63
2020-07-28 11:58:45,439 - root - DEBUG - Sampled weight [ 1.83462804  1.20134198 -0.00439219 -0.93598551  0.54244037]
2020-07-28 11:58:46,517 - root - DEBUG - Updating hall of fame
2020-07-28 11:58:47,650 - root - INFO - Completed generation 31; 2.3s elapsed, 2.3s avg, 7.1e+01s total. Expected time remaining: 3.9e+02s
2020-07-28 11:58:47,700 - root - INFO - #31 MAX:accuracy.mean: 0.52
2020-07-28 11:58:47,741 - root - DEBUG - Sampled weight [-1.35874457 -0.95832035 -1.51022455  1.26620531  0.16465804]
2020-07-28 11:58:48,813 - root - DEBUG - Updating hall of fame
2020-07-28 11:58:49,947 - root - INFO - Completed generation 32; 2.2s elapsed, 2.3s avg, 7.3e+01s total. Expected time remaining: 3.9e+02s
2020-07-28 11:58:49,998 - root - INFO - #32 MAX:accuracy.mean: 0.6
2020-07-28 11:58:50,038 - root - DEBUG - Sampled weight [ 1.33667052  0.72574297 -0.50205373  0.55576709 -0.24572701]
2020-07-28 11:58:51,116 - root - DEBUG - Updating hall of fame
2020-07-28 11:58:52,620 - root - INFO - Completed generation 33; 2.6s elapsed, 2.3s avg, 7.6e+01s total. Expected time remaining: 3.8e+02s
2020-07-28 11:58:52,670 - root - INFO - #33 MAX:accuracy.mean: 0.52
2020-07-28 11:58:52,710 - root - DEBUG - Sampled weight [ 0.43728517  1.87262376 -1.93054464  1.68007227  0.26110098]
2020-07-28 11:58:53,779 - root - DEBUG - Updating hall of fame
2020-07-28 11:58:54,695 - root - INFO - Completed generation 34; 2.0s elapsed, 2.3s avg, 7.8e+01s total. Expected time remaining: 3.8e+02s
2020-07-28 11:58:54,746 - root - INFO - #34 MAX:accuracy.mean: 0.51
2020-07-28 11:58:54,786 - root - DEBUG - Sampled weight [ 0.80115236 -0.20750309 -0.38819275  1.46974541 -1.40068707]
2020-07-28 11:58:55,854 - root - DEBUG - Updating hall of fame
2020-07-28 11:58:56,591 - root - INFO - Completed generation 35; 1.8s elapsed, 2.3s avg, 8e+01s total. Expected time remaining: 3.8e+02s
2020-07-28 11:58:56,641 - root - INFO - #35 MAX:accuracy.mean: 0.5
2020-07-28 11:58:56,682 - root - DEBUG - Sampled weight [ 0.6785846   1.61418543  1.61451054  1.6847314  -0.58524361]
2020-07-28 11:58:57,748 - root - DEBUG - Updating hall of fame
2020-07-28 11:58:58,306 - root - INFO - Completed generation 36; 1.7s elapsed, 2.3s avg, 8.2e+01s total. Expected time remaining: 3.7e+02s
2020-07-28 11:58:58,357 - root - INFO - #36 MAX:accuracy.mean: 0.5
2020-07-28 11:58:58,397 - root - DEBUG - Sampled weight [-1.90988022 -1.82642633 -0.65587863  1.71636862 -0.47512209]
2020-07-28 11:58:59,460 - root - DEBUG - Updating hall of fame
2020-07-28 11:59:00,017 - root - INFO - Completed generation 37; 1.7s elapsed, 2.2s avg, 8.3e+01s total. Expected time remaining: 3.7e+02s
2020-07-28 11:59:00,068 - root - INFO - #37 MAX:accuracy.mean: 0.61
2020-07-28 11:59:00,108 - root - DEBUG - Sampled weight [ 0.83455424  1.6609935   1.00547639 -0.24873405  0.1981484 ]
2020-07-28 11:59:01,179 - root - DEBUG - Updating hall of fame
2020-07-28 11:59:02,494 - root - INFO - Completed generation 38; 2.4s elapsed, 2.3s avg, 8.6e+01s total. Expected time remaining: 3.6e+02s
2020-07-28 11:59:02,545 - root - INFO - #38 MAX:accuracy.mean: 0.53
2020-07-28 11:59:02,585 - root - DEBUG - Sampled weight [ 0.96590252  0.08099855  1.26226205 -1.55480501  0.40032746]
2020-07-28 11:59:03,659 - root - DEBUG - Updating hall of fame
2020-07-28 11:59:04,442 - root - INFO - Completed generation 39; 1.9s elapsed, 2.2s avg, 8.7e+01s total. Expected time remaining: 3.6e+02s
2020-07-28 11:59:04,600 - root - INFO - #39 MAX:accuracy.mean: 0.53
2020-07-28 11:59:04,642 - root - DEBUG - Sampled weight [ 0.1814431   0.60470788  0.26512652 -0.52705121  0.78461251]
2020-07-28 11:59:05,706 - root - DEBUG - Updating hall of fame
2020-07-28 11:59:06,281 - root - INFO - Completed generation 40; 1.7s elapsed, 2.2s avg, 8.9e+01s total. Expected time remaining: 3.6e+02s
2020-07-28 11:59:06,331 - root - INFO - #40 MAX:accuracy.mean: 0.53
2020-07-28 11:59:06,412 - root - DEBUG - Sampled weight [ 1.63186822  1.67568486  0.86591343 -0.04160833  0.23687412]
2020-07-28 11:59:07,481 - root - DEBUG - Updating hall of fame
2020-07-28 11:59:08,794 - root - INFO - Completed generation 41; 2.4s elapsed, 2.2s avg, 9.2e+01s total. Expected time remaining: 3.6e+02s
2020-07-28 11:59:08,845 - root - INFO - #41 MAX:accuracy.mean: 0.56
2020-07-28 11:59:08,885 - root - DEBUG - Sampled weight [-0.33845728 -0.4565639  -1.20617286  1.49233154 -0.13918667]
2020-07-28 11:59:09,960 - root - DEBUG - Updating hall of fame
2020-07-28 11:59:11,093 - root - INFO - Completed generation 42; 2.2s elapsed, 2.2s avg, 9.4e+01s total. Expected time remaining: 3.5e+02s
2020-07-28 11:59:11,143 - root - INFO - #42 MAX:accuracy.mean: 0.51
2020-07-28 11:59:11,184 - root - DEBUG - Sampled weight [-1.67701968  1.23320518  1.06223937 -0.16917047 -1.74574405]
2020-07-28 11:59:12,257 - root - DEBUG - Updating hall of fame
2020-07-28 11:59:13,401 - root - INFO - Completed generation 43; 2.3s elapsed, 2.2s avg, 9.6e+01s total. Expected time remaining: 3.5e+02s
2020-07-28 11:59:13,451 - root - INFO - #43 MAX:accuracy.mean: 0.6
2020-07-28 11:59:13,492 - root - DEBUG - Sampled weight [-1.29371499 -0.08428892  1.39800904  1.48759421  1.794229  ]
2020-07-28 11:59:14,573 - root - DEBUG - Updating hall of fame
2020-07-28 11:59:15,708 - root - INFO - Completed generation 44; 2.3s elapsed, 2.2s avg, 9.8e+01s total. Expected time remaining: 3.5e+02s
2020-07-28 11:59:15,759 - root - INFO - #44 MAX:accuracy.mean: 0.53
2020-07-28 11:59:15,799 - root - DEBUG - Sampled weight [ 1.45990297  1.80357263  1.24927738 -1.80406349  1.07588802]
2020-07-28 11:59:16,862 - root - DEBUG - Updating hall of fame
2020-07-28 11:59:17,972 - root - INFO - Completed generation 45; 2.2s elapsed, 2.2s avg, 1e+02s total. Expected time remaining: 3.5e+02s
2020-07-28 11:59:18,023 - root - INFO - #45 MAX:accuracy.mean: 0.47
2020-07-28 11:59:18,064 - root - DEBUG - Sampled weight [-1.54475371  1.37869693 -1.56170226 -1.02775288 -0.11760856]
2020-07-28 11:59:19,129 - root - DEBUG - Updating hall of fame
2020-07-28 11:59:20,231 - root - INFO - Completed generation 46; 2.2s elapsed, 2.2s avg, 1e+02s total. Expected time remaining: 3.4e+02s
2020-07-28 11:59:20,282 - root - INFO - #46 MAX:accuracy.mean: 0.59
2020-07-28 11:59:20,323 - root - DEBUG - Sampled weight [ 0.28276092  0.51238101 -0.70917155 -1.23171161 -0.84134897]
2020-07-28 11:59:21,391 - root - DEBUG - Updating hall of fame
2020-07-28 11:59:22,691 - root - INFO - Completed generation 47; 2.4s elapsed, 2.2s avg, 1.1e+02s total. Expected time remaining: 3.4e+02s
2020-07-28 11:59:22,741 - root - INFO - #47 MAX:accuracy.mean: 0.54
2020-07-28 11:59:22,783 - root - DEBUG - Sampled weight [-1.1883015   1.48561812 -1.70534334  1.0944528  -0.51703303]
2020-07-28 11:59:23,858 - root - DEBUG - Updating hall of fame
2020-07-28 11:59:24,990 - root - INFO - Completed generation 48; 2.2s elapsed, 2.2s avg, 1.1e+02s total. Expected time remaining: 3.4e+02s
2020-07-28 11:59:25,040 - root - INFO - #48 MAX:accuracy.mean: 0.6
2020-07-28 11:59:25,081 - root - DEBUG - Sampled weight [-1.24236017  1.07780283 -1.0290004   0.77266495  0.19063472]
2020-07-28 11:59:26,148 - root - DEBUG - Updating hall of fame
2020-07-28 11:59:27,455 - root - INFO - Completed generation 49; 2.4s elapsed, 2.2s avg, 1.1e+02s total. Expected time remaining: 3.4e+02s
2020-07-28 11:59:27,506 - root - INFO - #49 MAX:accuracy.mean: 0.55
2020-07-28 11:59:27,548 - root - DEBUG - Sampled weight [ 0.77504688  1.52645443 -0.3463044   0.78676692 -0.74634251]
2020-07-28 11:59:28,636 - root - DEBUG - Updating hall of fame
2020-07-28 11:59:29,958 - root - INFO - Completed generation 50; 2.5s elapsed, 2.2s avg, 1.1e+02s total. Expected time remaining: 3.4e+02s
2020-07-28 11:59:30,008 - root - INFO - #50 MAX:accuracy.mean: 0.53
2020-07-28 11:59:30,109 - root - DEBUG - Sampled weight [-0.56837519  0.13405196  0.49482401 -1.62518524  0.79807509]
2020-07-28 11:59:31,190 - root - DEBUG - Updating hall of fame
2020-07-28 11:59:31,945 - root - INFO - Completed generation 51; 1.9s elapsed, 2.2s avg, 1.1e+02s total. Expected time remaining: 3.3e+02s
2020-07-28 11:59:31,996 - root - INFO - #51 MAX:accuracy.mean: 0.52
2020-07-28 11:59:32,036 - root - DEBUG - Sampled weight [-0.88734769  0.31389961  1.38686164  1.93776644  0.61058021]
2020-07-28 11:59:33,138 - root - DEBUG - Updating hall of fame
2020-07-28 11:59:33,702 - root - INFO - Completed generation 52; 1.7s elapsed, 2.2s avg, 1.2e+02s total. Expected time remaining: 3.3e+02s
2020-07-28 11:59:33,753 - root - INFO - #52 MAX:accuracy.mean: 0.51
2020-07-28 11:59:33,795 - root - DEBUG - Sampled weight [-0.8837261   1.91983541  0.12595209 -1.65777522  0.64856911]
2020-07-28 11:59:34,868 - root - DEBUG - Updating hall of fame
2020-07-28 11:59:35,802 - root - INFO - Completed generation 53; 2.0s elapsed, 2.2s avg, 1.2e+02s total. Expected time remaining: 3.3e+02s
2020-07-28 11:59:35,852 - root - INFO - #53 MAX:accuracy.mean: 0.57
2020-07-28 11:59:35,892 - root - DEBUG - Sampled weight [-1.77792907 -0.30790543 -0.15716118 -0.28432626  0.87968466]
2020-07-28 11:59:36,959 - root - DEBUG - Updating hall of fame
2020-07-28 11:59:37,893 - root - INFO - Completed generation 54; 2.0s elapsed, 2.2s avg, 1.2e+02s total. Expected time remaining: 3.2e+02s
2020-07-28 11:59:37,944 - root - INFO - #54 MAX:accuracy.mean: 0.56
2020-07-28 11:59:37,984 - root - DEBUG - Sampled weight [ 1.64705929  0.55136387  0.90637194  1.7845758  -0.19203823]
2020-07-28 11:59:39,065 - root - DEBUG - Updating hall of fame
2020-07-28 11:59:40,027 - root - INFO - Completed generation 55; 2.1s elapsed, 2.2s avg, 1.2e+02s total. Expected time remaining: 3.2e+02s
2020-07-28 11:59:40,078 - root - INFO - #55 MAX:accuracy.mean: 0.49
2020-07-28 11:59:40,118 - root - DEBUG - Sampled weight [ 1.71210663 -0.78197883 -0.89200973 -1.40207531 -0.5119045 ]
2020-07-28 11:59:41,198 - root - DEBUG - Updating hall of fame
2020-07-28 11:59:41,942 - root - INFO - Completed generation 56; 1.9s elapsed, 2.2s avg, 1.2e+02s total. Expected time remaining: 3.2e+02s
2020-07-28 11:59:41,993 - root - INFO - #56 MAX:accuracy.mean: 0.6
2020-07-28 11:59:42,033 - root - DEBUG - Sampled weight [ 0.13210338 -0.85382774  1.2575153   0.04297213 -0.69516297]
2020-07-28 11:59:43,111 - root - DEBUG - Updating hall of fame
2020-07-28 11:59:43,869 - root - INFO - Completed generation 57; 1.9s elapsed, 2.2s avg, 1.3e+02s total. Expected time remaining: 3.2e+02s
2020-07-28 11:59:43,919 - root - INFO - #57 MAX:accuracy.mean: 0.5
2020-07-28 11:59:43,960 - root - DEBUG - Sampled weight [ 1.20385871  0.23308712 -0.33889337  0.67462583 -0.49294496]
2020-07-28 11:59:45,033 - root - DEBUG - Updating hall of fame
2020-07-28 11:59:45,600 - root - INFO - Completed generation 58; 1.7s elapsed, 2.2s avg, 1.3e+02s total. Expected time remaining: 3.1e+02s
2020-07-28 11:59:45,650 - root - INFO - #58 MAX:accuracy.mean: 0.55
2020-07-28 11:59:45,691 - root - DEBUG - Sampled weight [-1.61112653 -0.75562938  1.69248532  1.83439233  1.75264939]
2020-07-28 11:59:46,768 - root - DEBUG - Updating hall of fame
2020-07-28 11:59:47,706 - root - INFO - Completed generation 59; 2.1s elapsed, 2.2s avg, 1.3e+02s total. Expected time remaining: 3.1e+02s
2020-07-28 11:59:47,757 - root - INFO - #59 MAX:accuracy.mean: 0.53
2020-07-28 11:59:47,798 - root - DEBUG - Sampled weight [-0.31322848  0.09431618  0.28185828  1.29555278 -0.21906155]
2020-07-28 11:59:48,878 - root - DEBUG - Updating hall of fame
2020-07-28 11:59:49,815 - root - INFO - Completed generation 60; 2.1s elapsed, 2.2s avg, 1.3e+02s total. Expected time remaining: 3.1e+02s
2020-07-28 11:59:49,865 - root - INFO - #60 MAX:accuracy.mean: 0.48
2020-07-28 11:59:49,948 - root - DEBUG - Sampled weight [-0.44899915  1.17745453  1.32810514 -0.84542772  0.23401858]
2020-07-28 11:59:51,037 - root - DEBUG - Updating hall of fame
2020-07-28 11:59:51,982 - root - INFO - Completed generation 61; 2.1s elapsed, 2.2s avg, 1.3e+02s total. Expected time remaining: 3e+02s
2020-07-28 11:59:52,032 - root - INFO - #61 MAX:accuracy.mean: 0.49
2020-07-28 11:59:52,073 - root - DEBUG - Sampled weight [-1.81830502  1.27652742  1.28797272 -1.53505091  0.71642458]
2020-07-28 11:59:53,153 - root - DEBUG - Updating hall of fame
2020-07-28 11:59:53,902 - root - INFO - Completed generation 62; 1.9s elapsed, 2.2s avg, 1.4e+02s total. Expected time remaining: 3e+02s
2020-07-28 11:59:53,953 - root - INFO - #62 MAX:accuracy.mean: 0.5
2020-07-28 11:59:53,994 - root - DEBUG - Sampled weight [ 0.52565511  0.50457157  0.35915718 -1.29875331 -0.59463719]
2020-07-28 11:59:55,071 - root - DEBUG - Updating hall of fame
2020-07-28 11:59:56,001 - root - INFO - Completed generation 63; 2.0s elapsed, 2.2s avg, 1.4e+02s total. Expected time remaining: 3e+02s
2020-07-28 11:59:56,051 - root - INFO - #63 MAX:accuracy.mean: 0.55
2020-07-28 11:59:56,092 - root - DEBUG - Sampled weight [-1.87133595 -1.07931318 -1.00807149 -0.93077617  1.33576543]
2020-07-28 11:59:57,177 - root - DEBUG - Updating hall of fame
2020-07-28 11:59:58,324 - root - INFO - Completed generation 64; 2.3s elapsed, 2.2s avg, 1.4e+02s total. Expected time remaining: 3e+02s
2020-07-28 11:59:58,374 - root - INFO - #64 MAX:accuracy.mean: 0.63
2020-07-28 11:59:58,415 - root - DEBUG - Sampled weight [ 1.61045862  1.80448051 -0.6712908   1.20870792  0.83905241]
2020-07-28 11:59:59,497 - root - DEBUG - Updating hall of fame
2020-07-28 12:00:00,265 - root - INFO - Completed generation 65; 1.9s elapsed, 2.2s avg, 1.4e+02s total. Expected time remaining: 2.9e+02s
2020-07-28 12:00:00,316 - root - INFO - #65 MAX:accuracy.mean: 0.48
2020-07-28 12:00:00,356 - root - DEBUG - Sampled weight [-0.49256993  0.78098812 -1.31469688  1.1485441  -0.6346712 ]
2020-07-28 12:00:01,435 - root - DEBUG - Updating hall of fame
2020-07-28 12:00:01,821 - root - INFO - Completed generation 66; 1.5s elapsed, 2.2s avg, 1.4e+02s total. Expected time remaining: 2.9e+02s
2020-07-28 12:00:01,872 - root - INFO - #66 MAX:accuracy.mean: 0.65
2020-07-28 12:00:01,913 - root - DEBUG - Sampled weight [-0.91771385 -1.74569378 -1.977339    1.71682446  1.99089858]
2020-07-28 12:00:03,007 - root - DEBUG - Updating hall of fame
2020-07-28 12:00:04,143 - root - INFO - Completed generation 67; 2.3s elapsed, 2.2s avg, 1.5e+02s total. Expected time remaining: 2.9e+02s
2020-07-28 12:00:04,195 - root - INFO - #67 MAX:accuracy.mean: 0.61
2020-07-28 12:00:04,235 - root - DEBUG - Sampled weight [ 0.44485332  0.50380655 -1.57615153  0.21598194 -1.02704718]
2020-07-28 12:00:05,311 - root - DEBUG - Updating hall of fame
2020-07-28 12:00:06,256 - root - INFO - Completed generation 68; 2.1s elapsed, 2.2s avg, 1.5e+02s total. Expected time remaining: 2.9e+02s
2020-07-28 12:00:06,307 - root - INFO - #68 MAX:accuracy.mean: 0.57
2020-07-28 12:00:06,347 - root - DEBUG - Sampled weight [-0.2287928   1.20712254  0.56184347 -1.17927336 -1.18485524]
2020-07-28 12:00:07,409 - root - DEBUG - Updating hall of fame
2020-07-28 12:00:08,525 - root - INFO - Completed generation 69; 2.2s elapsed, 2.2s avg, 1.5e+02s total. Expected time remaining: 2.8e+02s
2020-07-28 12:00:08,575 - root - INFO - #69 MAX:accuracy.mean: 0.54
2020-07-28 12:00:08,617 - root - DEBUG - Sampled weight [-0.43216127 -1.35217287  0.27485811  0.46667496  1.65074043]
2020-07-28 12:00:09,687 - root - DEBUG - Updating hall of fame
2020-07-28 12:00:10,055 - root - INFO - Completed generation 70; 1.5s elapsed, 2.2s avg, 1.5e+02s total. Expected time remaining: 2.8e+02s
2020-07-28 12:00:10,106 - root - INFO - #70 MAX:accuracy.mean: 0.51
2020-07-28 12:00:10,228 - root - DEBUG - Sampled weight [-1.04511285  0.79511134 -1.27621806  0.84252619 -0.47489463]
2020-07-28 12:00:11,310 - root - DEBUG - Updating hall of fame
2020-07-28 12:00:12,070 - root - INFO - Completed generation 71; 1.9s elapsed, 2.2s avg, 1.5e+02s total. Expected time remaining: 2.8e+02s
2020-07-28 12:00:12,121 - root - INFO - #71 MAX:accuracy.mean: 0.61
2020-07-28 12:00:12,162 - root - DEBUG - Sampled weight [-0.50669753  0.55512799  1.77831819  1.34059113  0.37740663]
2020-07-28 12:00:13,252 - root - DEBUG - Updating hall of fame
2020-07-28 12:00:14,380 - root - INFO - Completed generation 72; 2.3s elapsed, 2.2s avg, 1.6e+02s total. Expected time remaining: 2.8e+02s
2020-07-28 12:00:14,430 - root - INFO - #72 MAX:accuracy.mean: 0.45
2020-07-28 12:00:14,470 - root - DEBUG - Sampled weight [-1.0984508   0.56092745  1.84187994 -0.61601066  1.62929667]
2020-07-28 12:00:15,535 - root - DEBUG - Updating hall of fame
2020-07-28 12:00:16,270 - root - INFO - Completed generation 73; 1.8s elapsed, 2.2s avg, 1.6e+02s total. Expected time remaining: 2.7e+02s
2020-07-28 12:00:16,321 - root - INFO - #73 MAX:accuracy.mean: 0.46
2020-07-28 12:00:16,361 - root - DEBUG - Sampled weight [-0.54169024 -1.65728627  1.6885018   0.24124372  0.69165048]
2020-07-28 12:00:17,442 - root - DEBUG - Updating hall of fame
2020-07-28 12:00:18,562 - root - INFO - Completed generation 74; 2.2s elapsed, 2.2s avg, 1.6e+02s total. Expected time remaining: 2.7e+02s
2020-07-28 12:00:18,612 - root - INFO - #74 MAX:accuracy.mean: 0.45
2020-07-28 12:00:18,654 - root - DEBUG - Sampled weight [-0.89712566 -0.41162968 -0.12916615  0.81626143  1.78934083]
2020-07-28 12:00:19,734 - root - DEBUG - Updating hall of fame
2020-07-28 12:00:20,310 - root - INFO - Completed generation 75; 1.7s elapsed, 2.1s avg, 1.6e+02s total. Expected time remaining: 2.7e+02s
2020-07-28 12:00:20,360 - root - INFO - #75 MAX:accuracy.mean: 0.42
2020-07-28 12:00:20,400 - root - DEBUG - Sampled weight [ 1.1973773   1.93891111  0.78053464  1.21818089 -0.95796465]
2020-07-28 12:00:21,485 - root - DEBUG - Updating hall of fame
2020-07-28 12:00:22,652 - root - INFO - Completed generation 76; 2.3s elapsed, 2.2s avg, 1.6e+02s total. Expected time remaining: 2.7e+02s
2020-07-28 12:00:22,703 - root - INFO - #76 MAX:accuracy.mean: 0.48
2020-07-28 12:00:22,744 - root - DEBUG - Sampled weight [-1.92932749 -0.59558894  1.56027201  1.74674074 -0.25397528]
2020-07-28 12:00:23,837 - root - DEBUG - Updating hall of fame
2020-07-28 12:00:24,958 - root - INFO - Completed generation 77; 2.3s elapsed, 2.2s avg, 1.7e+02s total. Expected time remaining: 2.6e+02s
2020-07-28 12:00:25,008 - root - INFO - #77 MAX:accuracy.mean: 0.47
2020-07-28 12:00:25,049 - root - DEBUG - Sampled weight [-1.51594759  0.63116304  0.15913134 -0.11525729  1.57414102]
2020-07-28 12:00:26,127 - root - DEBUG - Updating hall of fame
2020-07-28 12:00:26,496 - root - INFO - Completed generation 78; 1.5s elapsed, 2.1s avg, 1.7e+02s total. Expected time remaining: 2.6e+02s
2020-07-28 12:00:26,546 - root - INFO - #78 MAX:accuracy.mean: 0.47
2020-07-28 12:00:26,588 - root - DEBUG - Sampled weight [-1.4065349   0.63355781  0.40501947  1.3008248  -1.80183204]
2020-07-28 12:00:27,675 - root - DEBUG - Updating hall of fame
2020-07-28 12:00:28,790 - root - INFO - Completed generation 79; 2.2s elapsed, 2.1s avg, 1.7e+02s total. Expected time remaining: 2.6e+02s
2020-07-28 12:00:28,840 - root - INFO - #79 MAX:accuracy.mean: 0.47
2020-07-28 12:00:28,881 - root - DEBUG - Sampled weight [ 1.23414902 -1.45511444 -0.569979   -0.64622521 -1.44509831]
2020-07-28 12:00:29,962 - root - DEBUG - Updating hall of fame
2020-07-28 12:00:31,070 - root - INFO - Completed generation 80; 2.2s elapsed, 2.1s avg, 1.7e+02s total. Expected time remaining: 2.6e+02s
2020-07-28 12:00:31,121 - root - INFO - #80 MAX:accuracy.mean: 0.65
2020-07-28 12:00:31,213 - root - DEBUG - Sampled weight [ 1.49990301  1.81917036 -1.30852094  1.81465244  0.71519515]
2020-07-28 12:00:32,299 - root - DEBUG - Updating hall of fame
2020-07-28 12:00:33,065 - root - INFO - Completed generation 81; 1.9s elapsed, 2.1s avg, 1.7e+02s total. Expected time remaining: 2.6e+02s
2020-07-28 12:00:33,116 - root - INFO - #81 MAX:accuracy.mean: 0.47
2020-07-28 12:00:33,158 - root - DEBUG - Sampled weight [-1.51611344  1.45070068 -0.79325608  1.57927497 -0.65236501]
2020-07-28 12:00:34,259 - root - DEBUG - Updating hall of fame
2020-07-28 12:00:35,006 - root - INFO - Completed generation 82; 1.9s elapsed, 2.1s avg, 1.8e+02s total. Expected time remaining: 2.5e+02s
2020-07-28 12:00:35,057 - root - INFO - #82 MAX:accuracy.mean: 0.56
2020-07-28 12:00:35,098 - root - DEBUG - Sampled weight [-0.16480944 -0.56046569 -0.54065316 -0.57487803 -1.664138  ]
2020-07-28 12:00:36,194 - root - DEBUG - Updating hall of fame
2020-07-28 12:00:36,940 - root - INFO - Completed generation 83; 1.9s elapsed, 2.1s avg, 1.8e+02s total. Expected time remaining: 2.5e+02s
2020-07-28 12:00:36,990 - root - INFO - #83 MAX:accuracy.mean: 0.69
2020-07-28 12:00:37,031 - root - DEBUG - Sampled weight [-0.69481954  1.56223975  0.06184599 -1.90345372 -0.37019739]
2020-07-28 12:00:38,130 - root - DEBUG - Updating hall of fame
2020-07-28 12:00:39,266 - root - INFO - Completed generation 84; 2.3s elapsed, 2.1s avg, 1.8e+02s total. Expected time remaining: 2.5e+02s
2020-07-28 12:00:39,316 - root - INFO - #84 MAX:accuracy.mean: 0.51
2020-07-28 12:00:39,358 - root - DEBUG - Sampled weight [ 1.82546106  0.06297615 -0.64148302 -1.84609974 -1.16950979]
2020-07-28 12:00:40,451 - root - DEBUG - Updating hall of fame
2020-07-28 12:00:40,635 - root - INFO - Completed generation 85; 1.3s elapsed, 2.1s avg, 1.8e+02s total. Expected time remaining: 2.4e+02s
2020-07-28 12:00:40,686 - root - INFO - #85 MAX:accuracy.mean: 0.68
2020-07-28 12:00:40,726 - root - DEBUG - Sampled weight [-0.50442628 -0.24541944  1.81075738 -1.16732385 -0.30014355]
2020-07-28 12:00:41,809 - root - DEBUG - Updating hall of fame
2020-07-28 12:00:42,936 - root - INFO - Completed generation 86; 2.3s elapsed, 2.1s avg, 1.8e+02s total. Expected time remaining: 2.4e+02s
2020-07-28 12:00:42,987 - root - INFO - #86 MAX:accuracy.mean: 0.56
2020-07-28 12:00:43,028 - root - DEBUG - Sampled weight [-0.41894181 -0.39045512  1.48109172 -0.27431462  0.75486045]
2020-07-28 12:00:44,126 - root - DEBUG - Updating hall of fame
2020-07-28 12:00:44,873 - root - INFO - Completed generation 87; 1.9s elapsed, 2.1s avg, 1.9e+02s total. Expected time remaining: 2.4e+02s
2020-07-28 12:00:44,923 - root - INFO - #87 MAX:accuracy.mean: 0.48
2020-07-28 12:00:44,964 - root - DEBUG - Sampled weight [-0.62676669 -0.34638502  0.00944995  0.14097985  1.24604948]
2020-07-28 12:00:46,045 - root - DEBUG - Updating hall of fame
2020-07-28 12:00:46,231 - root - INFO - Completed generation 88; 1.3s elapsed, 2.1s avg, 1.9e+02s total. Expected time remaining: 2.4e+02s
2020-07-28 12:00:46,281 - root - INFO - #88 MAX:accuracy.mean: 0.47
2020-07-28 12:00:46,322 - root - DEBUG - Sampled weight [-0.11519465 -1.61678109 -0.25840856  1.62829916  1.04492976]
2020-07-28 12:00:47,402 - root - DEBUG - Updating hall of fame
2020-07-28 12:00:48,335 - root - INFO - Completed generation 89; 2.1s elapsed, 2.1s avg, 1.9e+02s total. Expected time remaining: 2.4e+02s
2020-07-28 12:00:48,385 - root - INFO - #89 MAX:accuracy.mean: 0.47
2020-07-28 12:00:48,425 - root - DEBUG - Sampled weight [-0.43402853  1.96828861  0.60728103 -0.89763988  0.29046041]
2020-07-28 12:00:49,501 - root - DEBUG - Updating hall of fame
2020-07-28 12:00:49,877 - root - INFO - Completed generation 90; 1.5s elapsed, 2.1s avg, 1.9e+02s total. Expected time remaining: 2.3e+02s
2020-07-28 12:00:49,928 - root - INFO - #90 MAX:accuracy.mean: 0.49
2020-07-28 12:00:50,043 - root - DEBUG - Sampled weight [-0.07978452 -0.4627175  -1.28825369 -0.34971411  0.82727637]
2020-07-28 12:00:51,142 - root - DEBUG - Updating hall of fame
2020-07-28 12:00:51,912 - root - INFO - Completed generation 91; 1.9s elapsed, 2.1s avg, 1.9e+02s total. Expected time remaining: 2.3e+02s
2020-07-28 12:00:51,965 - root - INFO - #91 MAX:accuracy.mean: 0.49
2020-07-28 12:00:52,008 - root - DEBUG - Sampled weight [ 1.08114364 -1.67121501  1.84271195 -1.68129054 -0.53820664]
2020-07-28 12:00:53,131 - root - DEBUG - Updating hall of fame
2020-07-28 12:00:53,697 - root - INFO - Completed generation 92; 1.7s elapsed, 2.1s avg, 1.9e+02s total. Expected time remaining: 2.3e+02s
2020-07-28 12:00:53,748 - root - INFO - #92 MAX:accuracy.mean: 0.6
2020-07-28 12:00:53,790 - root - DEBUG - Sampled weight [-1.00768362  1.99619432  0.37567005 -0.76610056 -1.74834218]
2020-07-28 12:00:54,894 - root - DEBUG - Updating hall of fame
2020-07-28 12:00:55,652 - root - INFO - Completed generation 93; 1.9s elapsed, 2.1s avg, 2e+02s total. Expected time remaining: 2.2e+02s
2020-07-28 12:00:55,702 - root - INFO - #93 MAX:accuracy.mean: 0.77
2020-07-28 12:00:55,742 - root - DEBUG - Sampled weight [-1.47909754 -0.55966218  1.66687558 -0.31319126  0.93238184]
2020-07-28 12:00:56,834 - root - DEBUG - Updating hall of fame
2020-07-28 12:00:57,578 - root - INFO - Completed generation 94; 1.9s elapsed, 2.1s avg, 2e+02s total. Expected time remaining: 2.2e+02s
2020-07-28 12:00:57,629 - root - INFO - #94 MAX:accuracy.mean: 0.5
2020-07-28 12:00:57,669 - root - DEBUG - Sampled weight [ 0.67189372 -1.69324725 -0.09873177 -0.48795897  0.24056592]
2020-07-28 12:00:58,756 - root - DEBUG - Updating hall of fame
2020-07-28 12:00:59,314 - root - INFO - Completed generation 95; 1.7s elapsed, 2.1s avg, 2e+02s total. Expected time remaining: 2.2e+02s
2020-07-28 12:00:59,365 - root - INFO - #95 MAX:accuracy.mean: 0.5
2020-07-28 12:00:59,406 - root - DEBUG - Sampled weight [-0.78676653 -0.93685001 -0.628824    0.81099854  0.93072964]
2020-07-28 12:01:00,501 - root - DEBUG - Updating hall of fame
2020-07-28 12:01:01,431 - root - INFO - Completed generation 96; 2.1s elapsed, 2.1s avg, 2e+02s total. Expected time remaining: 2.2e+02s
2020-07-28 12:01:01,481 - root - INFO - #96 MAX:accuracy.mean: 0.61
2020-07-28 12:01:01,522 - root - DEBUG - Sampled weight [ 0.77996626 -1.30201247  1.82879547 -0.66616199  0.20666198]
2020-07-28 12:01:02,631 - root - DEBUG - Updating hall of fame
2020-07-28 12:01:03,386 - root - INFO - Completed generation 97; 1.9s elapsed, 2.1s avg, 2e+02s total. Expected time remaining: 2.2e+02s
2020-07-28 12:01:03,436 - root - INFO - #97 MAX:accuracy.mean: 0.5
2020-07-28 12:01:03,478 - root - DEBUG - Sampled weight [ 1.85062338 -1.10241966 -1.03909139 -0.86045794 -0.24627124]
2020-07-28 12:01:04,560 - root - DEBUG - Updating hall of fame
2020-07-28 12:01:05,303 - root - INFO - Completed generation 98; 1.9s elapsed, 2.1s avg, 2e+02s total. Expected time remaining: 2.1e+02s
2020-07-28 12:01:05,354 - root - INFO - #98 MAX:accuracy.mean: 0.69
2020-07-28 12:01:05,395 - root - DEBUG - Sampled weight [ 1.98181391 -1.65955344 -1.13836854  1.13444392  1.94938382]
2020-07-28 12:01:06,480 - root - DEBUG - Updating hall of fame
2020-07-28 12:01:07,608 - root - INFO - Completed generation 99; 2.3s elapsed, 2.1s avg, 2.1e+02s total. Expected time remaining: 2.1e+02s
2020-07-28 12:01:07,659 - root - INFO - #99 MAX:accuracy.mean: 0.53
2020-07-28 12:01:07,700 - root - DEBUG - Sampled weight [0.4994478  0.24443083 1.46468855 1.73962387 0.48168135]
2020-07-28 12:01:08,785 - root - DEBUG - Updating hall of fame
2020-07-28 12:01:10,112 - root - INFO - Completed generation 100; 2.5s elapsed, 2.1s avg, 2.1e+02s total. Expected time remaining: 2.1e+02s
2020-07-28 12:01:10,163 - root - INFO - #100 MAX:accuracy.mean: 0.52
2020-07-28 12:01:10,265 - root - DEBUG - Sampled weight [ 1.18656852e+00 -3.11985647e-02  2.40588507e-04 -1.13227483e+00
  9.63214137e-01]
2020-07-28 12:01:11,334 - root - DEBUG - Updating hall of fame
2020-07-28 12:01:12,631 - root - INFO - Completed generation 101; 2.4s elapsed, 2.1s avg, 2.1e+02s total. Expected time remaining: 2.1e+02s
2020-07-28 12:01:12,682 - root - INFO - #101 MAX:accuracy.mean: 0.51
2020-07-28 12:01:12,723 - root - DEBUG - Sampled weight [-1.53205136 -1.0556631   1.43968395 -0.8792709  -0.66633014]
2020-07-28 12:01:13,810 - root - DEBUG - Updating hall of fame
2020-07-28 12:01:14,564 - root - INFO - Completed generation 102; 1.9s elapsed, 2.1s avg, 2.1e+02s total. Expected time remaining: 2.1e+02s
2020-07-28 12:01:14,614 - root - INFO - #102 MAX:accuracy.mean: 0.76
2020-07-28 12:01:14,654 - root - DEBUG - Sampled weight [-0.24139478  1.28954985 -1.60913466 -1.76482991 -0.11250566]
2020-07-28 12:01:15,727 - root - DEBUG - Updating hall of fame
2020-07-28 12:01:17,226 - root - INFO - Completed generation 103; 2.6s elapsed, 2.1s avg, 2.2e+02s total. Expected time remaining: 2e+02s
2020-07-28 12:01:17,277 - root - INFO - #103 MAX:accuracy.mean: 0.52
2020-07-28 12:01:17,317 - root - DEBUG - Sampled weight [-0.21557858  1.4568291  -0.33166977 -1.98902036 -1.88507526]
2020-07-28 12:01:18,408 - root - DEBUG - Updating hall of fame
2020-07-28 12:01:19,161 - root - INFO - Completed generation 104; 1.9s elapsed, 2.1s avg, 2.2e+02s total. Expected time remaining: 2e+02s
2020-07-28 12:01:19,212 - root - INFO - #104 MAX:accuracy.mean: 0.53
2020-07-28 12:01:19,252 - root - DEBUG - Sampled weight [-1.96520126  0.01924077 -0.75159097 -1.59319888 -0.40843167]
2020-07-28 12:01:20,324 - root - DEBUG - Updating hall of fame
2020-07-28 12:01:21,085 - root - INFO - Completed generation 105; 1.9s elapsed, 2.1s avg, 2.2e+02s total. Expected time remaining: 2e+02s
2020-07-28 12:01:21,136 - root - INFO - #105 MAX:accuracy.mean: 0.67
2020-07-28 12:01:21,176 - root - DEBUG - Sampled weight [ 1.27267498 -0.11086959 -1.55708139 -1.0709217   1.8403903 ]
2020-07-28 12:01:22,262 - root - DEBUG - Updating hall of fame
2020-07-28 12:01:23,212 - root - INFO - Completed generation 106; 2.1s elapsed, 2.1s avg, 2.2e+02s total. Expected time remaining: 2e+02s
2020-07-28 12:01:23,262 - root - INFO - #106 MAX:accuracy.mean: 0.53
2020-07-28 12:01:23,303 - root - DEBUG - Sampled weight [-1.35527618 -1.77165522 -1.7354938  -1.25562416  0.17633034]
2020-07-28 12:01:24,390 - root - DEBUG - Updating hall of fame
2020-07-28 12:01:25,329 - root - INFO - Completed generation 107; 2.1s elapsed, 2.1s avg, 2.2e+02s total. Expected time remaining: 2e+02s
2020-07-28 12:01:25,381 - root - INFO - #107 MAX:accuracy.mean: 0.72
2020-07-28 12:01:25,421 - root - DEBUG - Sampled weight [-0.38488347  0.85673814 -0.32095041 -1.0203671  -0.84535879]
2020-07-28 12:01:26,496 - root - DEBUG - Updating hall of fame
2020-07-28 12:01:27,431 - root - INFO - Completed generation 108; 2.1s elapsed, 2.1s avg, 2.3e+02s total. Expected time remaining: 1.9e+02s
2020-07-28 12:01:27,481 - root - INFO - #108 MAX:accuracy.mean: 0.64
2020-07-28 12:01:27,522 - root - DEBUG - Sampled weight [-1.7810536  -0.31615143  0.35135893 -1.05148853  1.53487895]
2020-07-28 12:01:28,603 - root - DEBUG - Updating hall of fame
2020-07-28 12:01:29,719 - root - INFO - Completed generation 109; 2.2s elapsed, 2.1s avg, 2.3e+02s total. Expected time remaining: 1.9e+02s
2020-07-28 12:01:29,770 - root - INFO - #109 MAX:accuracy.mean: 0.54
2020-07-28 12:01:29,811 - root - DEBUG - Sampled weight [-0.02072934 -0.76998862  0.70471488 -1.13475937  1.23353548]
2020-07-28 12:01:30,899 - root - DEBUG - Updating hall of fame
2020-07-28 12:01:31,849 - root - INFO - Completed generation 110; 2.1s elapsed, 2.1s avg, 2.3e+02s total. Expected time remaining: 1.9e+02s
2020-07-28 12:01:31,900 - root - INFO - #110 MAX:accuracy.mean: 0.57
2020-07-28 12:01:32,014 - root - DEBUG - Sampled weight [-0.89443392  0.11782775 -0.49649658 -0.2081481   0.4854082 ]
2020-07-28 12:01:33,148 - root - DEBUG - Updating hall of fame
2020-07-28 12:01:34,533 - root - INFO - Completed generation 111; 2.6s elapsed, 2.1s avg, 2.3e+02s total. Expected time remaining: 1.9e+02s
2020-07-28 12:01:34,586 - root - INFO - #111 MAX:accuracy.mean: 0.58
2020-07-28 12:01:34,630 - root - DEBUG - Sampled weight [ 0.93691228  0.99176702  0.87498288  0.36196874 -0.66771155]
2020-07-28 12:01:35,757 - root - DEBUG - Updating hall of fame
2020-07-28 12:01:36,706 - root - INFO - Completed generation 112; 2.1s elapsed, 2.1s avg, 2.4e+02s total. Expected time remaining: 1.9e+02s
2020-07-28 12:01:36,757 - root - INFO - #112 MAX:accuracy.mean: 0.55
2020-07-28 12:01:36,798 - root - DEBUG - Sampled weight [ 0.51726519  1.60189146  1.85794847  1.36554008 -0.54043836]
2020-07-28 12:01:37,902 - root - DEBUG - Updating hall of fame
2020-07-28 12:01:38,289 - root - INFO - Completed generation 113; 1.5s elapsed, 2.1s avg, 2.4e+02s total. Expected time remaining: 1.8e+02s
2020-07-28 12:01:38,340 - root - INFO - #113 MAX:accuracy.mean: 0.5
2020-07-28 12:01:38,382 - root - DEBUG - Sampled weight [-0.1214868   0.42970196 -0.81065197 -1.14219429 -0.24889738]
2020-07-28 12:01:39,482 - root - DEBUG - Updating hall of fame
2020-07-28 12:01:40,217 - root - INFO - Completed generation 114; 1.9s elapsed, 2.1s avg, 2.4e+02s total. Expected time remaining: 1.8e+02s
2020-07-28 12:01:40,268 - root - INFO - #114 MAX:accuracy.mean: 0.69
2020-07-28 12:01:40,309 - root - DEBUG - Sampled weight [ 0.16870008 -0.29242415  0.32539647  0.47945865 -1.77373756]
2020-07-28 12:01:41,413 - root - DEBUG - Updating hall of fame
2020-07-28 12:01:42,185 - root - INFO - Completed generation 115; 1.9s elapsed, 2.1s avg, 2.4e+02s total. Expected time remaining: 1.8e+02s
2020-07-28 12:01:42,236 - root - INFO - #115 MAX:accuracy.mean: 0.52
2020-07-28 12:01:42,277 - root - DEBUG - Sampled weight [ 1.83827792 -1.45223879 -1.44250195  0.42854523 -0.58625011]
2020-07-28 12:01:43,389 - root - DEBUG - Updating hall of fame
2020-07-28 12:01:43,758 - root - INFO - Completed generation 116; 1.5s elapsed, 2.1s avg, 2.4e+02s total. Expected time remaining: 1.8e+02s
2020-07-28 12:01:43,810 - root - INFO - #116 MAX:accuracy.mean: 0.64
2020-07-28 12:01:43,851 - root - DEBUG - Sampled weight [-0.66103912  0.07893074  1.26825879 -1.32780601  1.42664919]
2020-07-28 12:01:44,950 - root - DEBUG - Updating hall of fame
2020-07-28 12:01:46,091 - root - INFO - Completed generation 117; 2.3s elapsed, 2.1s avg, 2.4e+02s total. Expected time remaining: 1.7e+02s
2020-07-28 12:01:46,141 - root - INFO - #117 MAX:accuracy.mean: 0.55
2020-07-28 12:01:46,183 - root - DEBUG - Sampled weight [ 1.66320793 -1.55079088 -0.09350712  1.06227316 -0.83719384]
2020-07-28 12:01:47,286 - root - DEBUG - Updating hall of fame
2020-07-28 12:01:48,263 - root - INFO - Completed generation 118; 2.1s elapsed, 2.1s avg, 2.5e+02s total. Expected time remaining: 1.7e+02s
2020-07-28 12:01:48,314 - root - INFO - #118 MAX:accuracy.mean: 0.56
2020-07-28 12:01:48,354 - root - DEBUG - Sampled weight [-0.45886584 -0.64669662  1.72785328 -1.77738536 -0.55266389]
2020-07-28 12:01:49,456 - root - DEBUG - Updating hall of fame
2020-07-28 12:01:50,624 - root - INFO - Completed generation 119; 2.3s elapsed, 2.1s avg, 2.5e+02s total. Expected time remaining: 1.7e+02s
2020-07-28 12:01:50,674 - root - INFO - #119 MAX:accuracy.mean: 0.64
2020-07-28 12:01:50,715 - root - DEBUG - Sampled weight [ 1.02472385  1.74326851  0.3024071  -0.22992943 -1.13156072]
2020-07-28 12:01:51,814 - root - DEBUG - Updating hall of fame
2020-07-28 12:01:52,766 - root - INFO - Completed generation 120; 2.1s elapsed, 2.1s avg, 2.5e+02s total. Expected time remaining: 1.7e+02s
2020-07-28 12:01:52,816 - root - INFO - #120 MAX:accuracy.mean: 0.53
2020-07-28 12:01:52,935 - root - DEBUG - Sampled weight [-1.62809514  0.83938492 -0.45382071  1.08934929 -1.10279044]
2020-07-28 12:01:54,045 - root - DEBUG - Updating hall of fame
2020-07-28 12:01:54,815 - root - INFO - Completed generation 121; 1.9s elapsed, 2.1s avg, 2.5e+02s total. Expected time remaining: 1.7e+02s
2020-07-28 12:01:54,865 - root - INFO - #121 MAX:accuracy.mean: 0.61
2020-07-28 12:01:54,906 - root - DEBUG - Sampled weight [ 1.12773571  1.68064663  0.19579852 -0.48077079  0.72718185]
2020-07-28 12:01:55,992 - root - DEBUG - Updating hall of fame
2020-07-28 12:01:56,756 - root - INFO - Completed generation 122; 1.9s elapsed, 2.1s avg, 2.5e+02s total. Expected time remaining: 1.6e+02s
2020-07-28 12:01:56,806 - root - INFO - #122 MAX:accuracy.mean: 0.52
2020-07-28 12:01:56,846 - root - DEBUG - Sampled weight [ 0.22131169 -0.03769797 -0.49709089 -1.68988934 -1.49467283]
2020-07-28 12:01:57,929 - root - DEBUG - Updating hall of fame
2020-07-28 12:01:58,687 - root - INFO - Completed generation 123; 1.9s elapsed, 2.1s avg, 2.6e+02s total. Expected time remaining: 1.6e+02s
2020-07-28 12:01:58,737 - root - INFO - #123 MAX:accuracy.mean: 0.61
2020-07-28 12:01:58,778 - root - DEBUG - Sampled weight [-0.62614635 -1.13936435  1.363339   -0.64930034  0.67925063]
2020-07-28 12:01:59,868 - root - DEBUG - Updating hall of fame
2020-07-28 12:02:01,018 - root - INFO - Completed generation 124; 2.3s elapsed, 2.1s avg, 2.6e+02s total. Expected time remaining: 1.6e+02s
2020-07-28 12:02:01,068 - root - INFO - #124 MAX:accuracy.mean: 0.66
2020-07-28 12:02:01,110 - root - DEBUG - Sampled weight [-1.36315375  1.88939927 -1.51652125 -1.56694128 -1.02994171]
2020-07-28 12:02:02,240 - root - DEBUG - Updating hall of fame
2020-07-28 12:02:03,387 - root - INFO - Completed generation 125; 2.3s elapsed, 2.1s avg, 2.6e+02s total. Expected time remaining: 1.6e+02s
2020-07-28 12:02:03,437 - root - INFO - #125 MAX:accuracy.mean: 0.79
2020-07-28 12:02:03,478 - root - DEBUG - Sampled weight [ 0.95769463  1.13639899  1.34672457 -0.48378782  1.73447406]
2020-07-28 12:02:04,566 - root - DEBUG - Updating hall of fame
2020-07-28 12:02:05,926 - root - INFO - Completed generation 126; 2.5s elapsed, 2.1s avg, 2.6e+02s total. Expected time remaining: 1.5e+02s
2020-07-28 12:02:05,976 - root - INFO - #126 MAX:accuracy.mean: 0.53
2020-07-28 12:02:06,018 - root - DEBUG - Sampled weight [-0.06746965  0.76602959 -1.46733465 -1.63600852  0.94354418]
2020-07-28 12:02:07,110 - root - DEBUG - Updating hall of fame
2020-07-28 12:02:08,074 - root - INFO - Completed generation 127; 2.1s elapsed, 2.1s avg, 2.7e+02s total. Expected time remaining: 1.5e+02s
2020-07-28 12:02:08,125 - root - INFO - #127 MAX:accuracy.mean: 0.57
2020-07-28 12:02:08,166 - root - DEBUG - Sampled weight [ 0.74015013 -1.48301945  0.54109542 -0.44249732 -1.60319815]
2020-07-28 12:02:09,267 - root - DEBUG - Updating hall of fame
2020-07-28 12:02:10,241 - root - INFO - Completed generation 128; 2.1s elapsed, 2.1s avg, 2.7e+02s total. Expected time remaining: 1.5e+02s
2020-07-28 12:02:10,291 - root - INFO - #128 MAX:accuracy.mean: 0.58
2020-07-28 12:02:10,332 - root - DEBUG - Sampled weight [-1.60600501 -0.08227054  0.10303663 -0.09828893  0.23451801]
2020-07-28 12:02:11,413 - root - DEBUG - Updating hall of fame
2020-07-28 12:02:12,387 - root - INFO - Completed generation 129; 2.1s elapsed, 2.1s avg, 2.7e+02s total. Expected time remaining: 1.5e+02s
2020-07-28 12:02:12,437 - root - INFO - #129 MAX:accuracy.mean: 0.55
2020-07-28 12:02:12,479 - root - DEBUG - Sampled weight [-0.69481178 -0.92390348  1.64861975 -0.87211513 -0.23320427]
2020-07-28 12:02:13,576 - root - DEBUG - Updating hall of fame
2020-07-28 12:02:14,335 - root - INFO - Completed generation 130; 1.9s elapsed, 2.1s avg, 2.7e+02s total. Expected time remaining: 1.5e+02s
2020-07-28 12:02:14,385 - root - INFO - #130 MAX:accuracy.mean: 0.71
2020-07-28 12:02:14,510 - root - DEBUG - Sampled weight [ 1.87493883 -0.14089885 -1.02394066  0.54558018  1.38336923]
2020-07-28 12:02:15,603 - root - DEBUG - Updating hall of fame
2020-07-28 12:02:16,200 - root - INFO - Completed generation 131; 1.7s elapsed, 2.1s avg, 2.7e+02s total. Expected time remaining: 1.4e+02s
2020-07-28 12:02:16,251 - root - INFO - #131 MAX:accuracy.mean: 0.53
2020-07-28 12:02:16,291 - root - DEBUG - Sampled weight [-1.04674207  0.61249982 -0.84181768  1.95422625 -1.59382286]
2020-07-28 12:02:17,377 - root - DEBUG - Updating hall of fame
2020-07-28 12:02:18,512 - root - INFO - Completed generation 132; 2.3s elapsed, 2.1s avg, 2.8e+02s total. Expected time remaining: 1.4e+02s
2020-07-28 12:02:18,563 - root - INFO - #132 MAX:accuracy.mean: 0.67
2020-07-28 12:02:18,603 - root - DEBUG - Sampled weight [ 1.21815405  1.15185702  1.92404376 -1.07453555 -0.63037873]
2020-07-28 12:02:19,704 - root - DEBUG - Updating hall of fame
2020-07-28 12:02:21,235 - root - INFO - Completed generation 133; 2.7s elapsed, 2.1s avg, 2.8e+02s total. Expected time remaining: 1.4e+02s
2020-07-28 12:02:21,286 - root - INFO - #133 MAX:accuracy.mean: 0.6
2020-07-28 12:02:21,327 - root - DEBUG - Sampled weight [ 1.97464739 -1.37951776 -1.00374575 -1.90641567 -1.33810405]
2020-07-28 12:02:22,432 - root - DEBUG - Updating hall of fame
2020-07-28 12:02:23,433 - root - INFO - Completed generation 134; 2.1s elapsed, 2.1s avg, 2.8e+02s total. Expected time remaining: 1.4e+02s
2020-07-28 12:02:23,483 - root - INFO - #134 MAX:accuracy.mean: 0.79
2020-07-28 12:02:23,523 - root - DEBUG - Sampled weight [0.36843668 1.44051097 0.56652177 0.68477383 1.40649672]
2020-07-28 12:02:24,614 - root - DEBUG - Updating hall of fame
2020-07-28 12:02:25,741 - root - INFO - Completed generation 135; 2.3s elapsed, 2.1s avg, 2.8e+02s total. Expected time remaining: 1.4e+02s
2020-07-28 12:02:25,793 - root - INFO - #135 MAX:accuracy.mean: 0.53
2020-07-28 12:02:25,835 - root - DEBUG - Sampled weight [ 1.84555771  1.9630565   1.13208097  1.6117256  -0.5263709 ]
2020-07-28 12:02:26,931 - root - DEBUG - Updating hall of fame
2020-07-28 12:02:27,486 - root - INFO - Completed generation 136; 1.7s elapsed, 2.1s avg, 2.8e+02s total. Expected time remaining: 1.3e+02s
2020-07-28 12:02:27,536 - root - INFO - #136 MAX:accuracy.mean: 0.53
2020-07-28 12:02:27,577 - root - DEBUG - Sampled weight [ 1.41324353  0.1350626   1.48608641  0.63405769 -0.070193  ]
2020-07-28 12:02:28,659 - root - DEBUG - Updating hall of fame
2020-07-28 12:02:29,212 - root - INFO - Completed generation 137; 1.7s elapsed, 2.1s avg, 2.9e+02s total. Expected time remaining: 1.3e+02s
2020-07-28 12:02:29,262 - root - INFO - #137 MAX:accuracy.mean: 0.52
2020-07-28 12:02:29,304 - root - DEBUG - Sampled weight [-0.9897214  -1.85961825  1.85821809  0.80440048  0.81044047]
2020-07-28 12:02:30,400 - root - DEBUG - Updating hall of fame
2020-07-28 12:02:30,951 - root - INFO - Completed generation 138; 1.7s elapsed, 2.1s avg, 2.9e+02s total. Expected time remaining: 1.3e+02s
2020-07-28 12:02:31,002 - root - INFO - #138 MAX:accuracy.mean: 0.55
2020-07-28 12:02:31,042 - root - DEBUG - Sampled weight [-0.73521349 -1.72830279 -0.0960105   1.62431585 -1.29419741]
2020-07-28 12:02:32,129 - root - DEBUG - Updating hall of fame
2020-07-28 12:02:33,069 - root - INFO - Completed generation 139; 2.1s elapsed, 2.1s avg, 2.9e+02s total. Expected time remaining: 1.3e+02s
2020-07-28 12:02:33,121 - root - INFO - #139 MAX:accuracy.mean: 0.66
2020-07-28 12:02:33,162 - root - DEBUG - Sampled weight [-1.54004946 -1.27849211 -0.49805688  0.91882555  0.37485834]
2020-07-28 12:02:34,270 - root - DEBUG - Updating hall of fame
2020-07-28 12:02:35,211 - root - INFO - Completed generation 140; 2.1s elapsed, 2.1s avg, 2.9e+02s total. Expected time remaining: 1.3e+02s
2020-07-28 12:02:35,261 - root - INFO - #140 MAX:accuracy.mean: 0.6
2020-07-28 12:02:35,361 - root - DEBUG - Sampled weight [-1.42193988 -0.87300698  1.3028341   1.60539522  1.29519329]
2020-07-28 12:02:36,453 - root - DEBUG - Updating hall of fame
2020-07-28 12:02:37,405 - root - INFO - Completed generation 141; 2.1s elapsed, 2.1s avg, 2.9e+02s total. Expected time remaining: 1.2e+02s
2020-07-28 12:02:37,456 - root - INFO - #141 MAX:accuracy.mean: 0.57
2020-07-28 12:02:37,498 - root - DEBUG - Sampled weight [-0.62195705 -1.72733782  1.39329707 -1.21682067 -0.6858837 ]
2020-07-28 12:02:38,613 - root - DEBUG - Updating hall of fame
2020-07-28 12:02:39,170 - root - INFO - Completed generation 142; 1.7s elapsed, 2.1s avg, 3e+02s total. Expected time remaining: 1.2e+02s
2020-07-28 12:02:39,220 - root - INFO - #142 MAX:accuracy.mean: 0.75
2020-07-28 12:02:39,262 - root - DEBUG - Sampled weight [ 1.77164491  0.71938952 -0.83172907 -0.92867185  0.67495948]
2020-07-28 12:02:40,373 - root - DEBUG - Updating hall of fame
2020-07-28 12:02:41,326 - root - INFO - Completed generation 143; 2.1s elapsed, 2.1s avg, 3e+02s total. Expected time remaining: 1.2e+02s
2020-07-28 12:02:41,377 - root - INFO - #143 MAX:accuracy.mean: 0.58
2020-07-28 12:02:41,417 - root - DEBUG - Sampled weight [-0.62442459 -1.90258329 -1.41041208  0.02137687 -0.22372742]
2020-07-28 12:02:42,523 - root - DEBUG - Updating hall of fame
2020-07-28 12:02:42,902 - root - INFO - Completed generation 144; 1.5s elapsed, 2.1s avg, 3e+02s total. Expected time remaining: 1.2e+02s
2020-07-28 12:02:42,952 - root - INFO - #144 MAX:accuracy.mean: 0.66
2020-07-28 12:02:42,993 - root - DEBUG - Sampled weight [-0.02506412  0.21485911  0.40504164  1.32876847 -1.38604027]
2020-07-28 12:02:44,084 - root - DEBUG - Updating hall of fame
2020-07-28 12:02:45,251 - root - INFO - Completed generation 145; 2.3s elapsed, 2.1s avg, 3e+02s total. Expected time remaining: 1.1e+02s
2020-07-28 12:02:45,301 - root - INFO - #145 MAX:accuracy.mean: 0.53
2020-07-28 12:02:45,343 - root - DEBUG - Sampled weight [-0.1061327   1.25131476  0.17063804  0.47767203 -0.77433824]
2020-07-28 12:02:46,445 - root - DEBUG - Updating hall of fame
2020-07-28 12:02:46,998 - root - INFO - Completed generation 146; 1.7s elapsed, 2.1s avg, 3e+02s total. Expected time remaining: 1.1e+02s
2020-07-28 12:02:47,049 - root - INFO - #146 MAX:accuracy.mean: 0.53
2020-07-28 12:02:47,090 - root - DEBUG - Sampled weight [-1.40219516  1.86515716 -0.6247432  -0.52788383 -0.20722514]
2020-07-28 12:02:48,182 - root - DEBUG - Updating hall of fame
2020-07-28 12:02:48,563 - root - INFO - Completed generation 147; 1.5s elapsed, 2.1s avg, 3.1e+02s total. Expected time remaining: 1.1e+02s
2020-07-28 12:02:48,613 - root - INFO - #147 MAX:accuracy.mean: 0.59
2020-07-28 12:02:48,654 - root - DEBUG - Sampled weight [ 0.92233762 -1.30453143  0.21092178  1.20470621 -1.63733277]
2020-07-28 12:02:49,755 - root - DEBUG - Updating hall of fame
2020-07-28 12:02:50,708 - root - INFO - Completed generation 148; 2.1s elapsed, 2.1s avg, 3.1e+02s total. Expected time remaining: 1.1e+02s
2020-07-28 12:02:50,758 - root - INFO - #148 MAX:accuracy.mean: 0.57
2020-07-28 12:02:50,799 - root - DEBUG - Sampled weight [-1.76500775  1.61971765 -1.48558588  0.09259177  1.81853626]
2020-07-28 12:02:51,894 - root - DEBUG - Updating hall of fame
2020-07-28 12:02:52,837 - root - INFO - Completed generation 149; 2.1s elapsed, 2.1s avg, 3.1e+02s total. Expected time remaining: 1.1e+02s
2020-07-28 12:02:52,887 - root - INFO - #149 MAX:accuracy.mean: 0.55
2020-07-28 12:02:52,929 - root - DEBUG - Sampled weight [ 0.670446   -0.79464447  1.08155709  0.0408596   1.59084661]
2020-07-28 12:02:54,037 - root - DEBUG - Updating hall of fame
2020-07-28 12:02:54,786 - root - INFO - Completed generation 150; 1.9s elapsed, 2.1s avg, 3.1e+02s total. Expected time remaining: 1e+02s
2020-07-28 12:02:54,837 - root - INFO - #150 MAX:accuracy.mean: 0.53
2020-07-28 12:02:54,951 - root - DEBUG - Sampled weight [-0.73441866 -1.3405793   0.24353842  0.65538055 -0.73988352]
2020-07-28 12:02:56,039 - root - DEBUG - Updating hall of fame
2020-07-28 12:02:56,226 - root - INFO - Completed generation 151; 1.3s elapsed, 2.1s avg, 3.1e+02s total. Expected time remaining: 1e+02s
2020-07-28 12:02:56,276 - root - INFO - #151 MAX:accuracy.mean: 0.63
2020-07-28 12:02:56,317 - root - DEBUG - Sampled weight [ 0.81299733  1.40569287 -1.94000296  0.82546988 -0.62438807]
2020-07-28 12:02:57,419 - root - DEBUG - Updating hall of fame
2020-07-28 12:02:58,362 - root - INFO - Completed generation 152; 2.1s elapsed, 2.1s avg, 3.1e+02s total. Expected time remaining: 9.9e+01s
2020-07-28 12:02:58,412 - root - INFO - #152 MAX:accuracy.mean: 0.53
2020-07-28 12:02:58,453 - root - DEBUG - Sampled weight [-0.39002478  0.99194098  0.23062221 -0.71676844 -0.14957806]
2020-07-28 12:02:59,540 - root - DEBUG - Updating hall of fame
2020-07-28 12:02:59,913 - root - INFO - Completed generation 153; 1.5s elapsed, 2.1s avg, 3.2e+02s total. Expected time remaining: 9.7e+01s
2020-07-28 12:02:59,963 - root - INFO - #153 MAX:accuracy.mean: 0.53
2020-07-28 12:03:00,004 - root - DEBUG - Sampled weight [-1.12386522  1.53870682  1.69999938  1.6418407  -0.05857668]
2020-07-28 12:03:01,084 - root - DEBUG - Updating hall of fame
2020-07-28 12:03:02,219 - root - INFO - Completed generation 154; 2.3s elapsed, 2.1s avg, 3.2e+02s total. Expected time remaining: 9.5e+01s
2020-07-28 12:03:02,270 - root - INFO - #154 MAX:accuracy.mean: 0.53
2020-07-28 12:03:02,311 - root - DEBUG - Sampled weight [ 1.98156976  1.27339932  0.06099104 -0.21422427 -1.81530465]
2020-07-28 12:03:03,396 - root - DEBUG - Updating hall of fame
2020-07-28 12:03:04,498 - root - INFO - Completed generation 155; 2.2s elapsed, 2.1s avg, 3.2e+02s total. Expected time remaining: 9.3e+01s
2020-07-28 12:03:04,548 - root - INFO - #155 MAX:accuracy.mean: 0.53
2020-07-28 12:03:04,589 - root - DEBUG - Sampled weight [ 0.81289632 -0.05358853  1.96579951  0.65940831  1.75615706]
2020-07-28 12:03:05,670 - root - DEBUG - Updating hall of fame
2020-07-28 12:03:06,232 - root - INFO - Completed generation 156; 1.7s elapsed, 2.1s avg, 3.2e+02s total. Expected time remaining: 9.1e+01s
2020-07-28 12:03:06,282 - root - INFO - #156 MAX:accuracy.mean: 0.52
2020-07-28 12:03:06,324 - root - DEBUG - Sampled weight [ 0.89566701 -1.24989236  0.24362294 -0.54133282 -1.5521168 ]
2020-07-28 12:03:07,401 - root - DEBUG - Updating hall of fame
2020-07-28 12:03:08,321 - root - INFO - Completed generation 157; 2.0s elapsed, 2.1s avg, 3.2e+02s total. Expected time remaining: 8.9e+01s
2020-07-28 12:03:08,371 - root - INFO - #157 MAX:accuracy.mean: 0.62
2020-07-28 12:03:08,412 - root - DEBUG - Sampled weight [-0.07365982  1.85904941 -0.89455991 -1.72063954 -1.99994148]
2020-07-28 12:03:09,495 - root - DEBUG - Updating hall of fame
2020-07-28 12:03:10,431 - root - INFO - Completed generation 158; 2.1s elapsed, 2.1s avg, 3.3e+02s total. Expected time remaining: 8.7e+01s
2020-07-28 12:03:10,482 - root - INFO - #158 MAX:accuracy.mean: 0.69
2020-07-28 12:03:10,522 - root - DEBUG - Sampled weight [ 0.08273469 -1.04658701  0.50696137 -1.46971801  0.60132664]
2020-07-28 12:03:11,608 - root - DEBUG - Updating hall of fame
2020-07-28 12:03:11,977 - root - INFO - Completed generation 159; 1.5s elapsed, 2.1s avg, 3.3e+02s total. Expected time remaining: 8.5e+01s
2020-07-28 12:03:12,028 - root - INFO - #159 MAX:accuracy.mean: 0.55
2020-07-28 12:03:12,070 - root - DEBUG - Sampled weight [ 0.55058153  1.79214148  1.51781788 -1.63855155  1.31433742]
2020-07-28 12:03:13,175 - root - DEBUG - Updating hall of fame
2020-07-28 12:03:14,309 - root - INFO - Completed generation 160; 2.3s elapsed, 2.1s avg, 3.3e+02s total. Expected time remaining: 8.3e+01s
2020-07-28 12:03:14,359 - root - INFO - #160 MAX:accuracy.mean: 0.52
2020-07-28 12:03:14,580 - root - DEBUG - Sampled weight [ 0.8373437   0.77734802 -0.22918441 -1.79659859 -1.99158027]
2020-07-28 12:03:15,664 - root - DEBUG - Updating hall of fame
2020-07-28 12:03:15,861 - root - INFO - Completed generation 161; 1.3s elapsed, 2.1s avg, 3.3e+02s total. Expected time remaining: 8e+01s
2020-07-28 12:03:15,912 - root - INFO - #161 MAX:accuracy.mean: 0.59
2020-07-28 12:03:15,953 - root - DEBUG - Sampled weight [ 1.03220243  1.69201033 -0.7909681  -1.56761747 -0.17717097]
2020-07-28 12:03:17,066 - root - DEBUG - Updating hall of fame
2020-07-28 12:03:17,452 - root - INFO - Completed generation 162; 1.5s elapsed, 2.1s avg, 3.3e+02s total. Expected time remaining: 7.8e+01s
2020-07-28 12:03:17,502 - root - INFO - #162 MAX:accuracy.mean: 0.56
2020-07-28 12:03:17,543 - root - DEBUG - Sampled weight [-1.22628773  1.0597999  -0.63842796 -1.23617685 -0.90377878]
2020-07-28 12:03:18,639 - root - DEBUG - Updating hall of fame
2020-07-28 12:03:19,593 - root - INFO - Completed generation 163; 2.1s elapsed, 2.1s avg, 3.4e+02s total. Expected time remaining: 7.6e+01s
2020-07-28 12:03:19,644 - root - INFO - #163 MAX:accuracy.mean: 0.7
2020-07-28 12:03:19,686 - root - DEBUG - Sampled weight [ 0.05015888 -0.94090025  1.27111743  1.66754804  1.30133189]
2020-07-28 12:03:20,787 - root - DEBUG - Updating hall of fame
2020-07-28 12:03:21,726 - root - INFO - Completed generation 164; 2.1s elapsed, 2.1s avg, 3.4e+02s total. Expected time remaining: 7.4e+01s
2020-07-28 12:03:21,777 - root - INFO - #164 MAX:accuracy.mean: 0.53
2020-07-28 12:03:21,817 - root - DEBUG - Sampled weight [-0.42199606 -1.56711407  1.55701147  1.30864126 -1.84309697]
2020-07-28 12:03:22,915 - root - DEBUG - Updating hall of fame
2020-07-28 12:03:23,284 - root - INFO - Completed generation 165; 1.5s elapsed, 2.1s avg, 3.4e+02s total. Expected time remaining: 7.2e+01s
2020-07-28 12:03:23,334 - root - INFO - #165 MAX:accuracy.mean: 0.54
2020-07-28 12:03:23,375 - root - DEBUG - Sampled weight [ 0.81872567  1.25823866  1.40319678  0.53955718 -1.5856907 ]
2020-07-28 12:03:24,465 - root - DEBUG - Updating hall of fame
2020-07-28 12:03:25,219 - root - INFO - Completed generation 166; 1.9s elapsed, 2.1s avg, 3.4e+02s total. Expected time remaining: 7e+01s
2020-07-28 12:03:25,269 - root - INFO - #166 MAX:accuracy.mean: 0.52
2020-07-28 12:03:25,310 - root - DEBUG - Sampled weight [-1.37038736  0.88035668  1.3298737  -0.26589284 -1.19809064]
2020-07-28 12:03:26,412 - root - DEBUG - Updating hall of fame
2020-07-28 12:03:26,962 - root - INFO - Completed generation 167; 1.7s elapsed, 2.1s avg, 3.4e+02s total. Expected time remaining: 6.8e+01s
2020-07-28 12:03:27,012 - root - INFO - #167 MAX:accuracy.mean: 0.61
2020-07-28 12:03:27,053 - root - DEBUG - Sampled weight [-1.31015083 -1.39409744  1.10741499  0.66322404  1.59885025]
2020-07-28 12:03:28,141 - root - DEBUG - Updating hall of fame
2020-07-28 12:03:28,727 - root - INFO - Completed generation 168; 1.7s elapsed, 2.0s avg, 3.4e+02s total. Expected time remaining: 6.6e+01s
2020-07-28 12:03:28,777 - root - INFO - #168 MAX:accuracy.mean: 0.57
2020-07-28 12:03:28,819 - root - DEBUG - Sampled weight [ 1.9462842   1.09599942 -0.55522479  1.06808614 -0.33907733]
2020-07-28 12:03:29,909 - root - DEBUG - Updating hall of fame
2020-07-28 12:03:30,475 - root - INFO - Completed generation 169; 1.7s elapsed, 2.0s avg, 3.5e+02s total. Expected time remaining: 6.3e+01s
2020-07-28 12:03:30,525 - root - INFO - #169 MAX:accuracy.mean: 0.52
2020-07-28 12:03:30,565 - root - DEBUG - Sampled weight [-1.19149586 -1.10999973 -0.47499134 -0.20336472  1.11398052]
2020-07-28 12:03:31,660 - root - DEBUG - Updating hall of fame
2020-07-28 12:03:32,226 - root - INFO - Completed generation 170; 1.7s elapsed, 2.0s avg, 3.5e+02s total. Expected time remaining: 6.1e+01s
2020-07-28 12:03:32,276 - root - INFO - #170 MAX:accuracy.mean: 0.67
2020-07-28 12:03:32,389 - root - DEBUG - Sampled weight [-0.44664327  0.70802667 -0.1860098   1.98521045 -0.7957596 ]
2020-07-28 12:03:33,485 - root - DEBUG - Updating hall of fame
2020-07-28 12:03:34,616 - root - INFO - Completed generation 171; 2.3s elapsed, 2.0s avg, 3.5e+02s total. Expected time remaining: 5.9e+01s
2020-07-28 12:03:34,666 - root - INFO - #171 MAX:accuracy.mean: 0.57
2020-07-28 12:03:34,707 - root - DEBUG - Sampled weight [-0.3323228  -0.03362617  0.96763828 -0.01086587  0.57151101]
2020-07-28 12:03:35,796 - root - DEBUG - Updating hall of fame
2020-07-28 12:03:35,991 - root - INFO - Completed generation 172; 1.3s elapsed, 2.0s avg, 3.5e+02s total. Expected time remaining: 5.7e+01s
2020-07-28 12:03:36,041 - root - INFO - #172 MAX:accuracy.mean: 0.56
2020-07-28 12:03:36,081 - root - DEBUG - Sampled weight [-0.05771935  1.50242463 -0.45176174 -0.4338885   1.37293525]
2020-07-28 12:03:37,167 - root - DEBUG - Updating hall of fame
2020-07-28 12:03:37,913 - root - INFO - Completed generation 173; 1.9s elapsed, 2.0s avg, 3.5e+02s total. Expected time remaining: 5.5e+01s
2020-07-28 12:03:37,964 - root - INFO - #173 MAX:accuracy.mean: 0.56
2020-07-28 12:03:38,004 - root - DEBUG - Sampled weight [-0.24891141  0.72240357 -0.95126349  1.92982833 -0.7232265 ]
2020-07-28 12:03:39,100 - root - DEBUG - Updating hall of fame
2020-07-28 12:03:40,040 - root - INFO - Completed generation 174; 2.1s elapsed, 2.0s avg, 3.6e+02s total. Expected time remaining: 5.3e+01s
2020-07-28 12:03:40,091 - root - INFO - #174 MAX:accuracy.mean: 0.58
2020-07-28 12:03:40,132 - root - DEBUG - Sampled weight [ 0.1081219   0.93467311 -0.21575583  1.05765215  1.02749699]
2020-07-28 12:03:41,241 - root - DEBUG - Updating hall of fame
2020-07-28 12:03:42,001 - root - INFO - Completed generation 175; 1.9s elapsed, 2.0s avg, 3.6e+02s total. Expected time remaining: 5.1e+01s
2020-07-28 12:03:42,051 - root - INFO - #175 MAX:accuracy.mean: 0.6
2020-07-28 12:03:42,092 - root - DEBUG - Sampled weight [ 0.63583773  1.82793422 -0.56540639  0.43422412  0.08451889]
2020-07-28 12:03:43,192 - root - DEBUG - Updating hall of fame
2020-07-28 12:03:43,930 - root - INFO - Completed generation 176; 1.9s elapsed, 2.0s avg, 3.6e+02s total. Expected time remaining: 4.9e+01s
2020-07-28 12:03:43,981 - root - INFO - #176 MAX:accuracy.mean: 0.6
2020-07-28 12:03:44,022 - root - DEBUG - Sampled weight [-1.39274115  1.81692935 -1.35564263 -1.59491243  0.64281728]
2020-07-28 12:03:45,108 - root - DEBUG - Updating hall of fame
2020-07-28 12:03:45,847 - root - INFO - Completed generation 177; 1.9s elapsed, 2.0s avg, 3.6e+02s total. Expected time remaining: 4.7e+01s
2020-07-28 12:03:45,898 - root - INFO - #177 MAX:accuracy.mean: 0.68
2020-07-28 12:03:45,937 - root - DEBUG - Sampled weight [ 1.02243153  0.19816553  0.02223486 -1.9024731   1.48901491]
2020-07-28 12:03:47,026 - root - DEBUG - Updating hall of fame
2020-07-28 12:03:47,602 - root - INFO - Completed generation 178; 1.7s elapsed, 2.0s avg, 3.6e+02s total. Expected time remaining: 4.5e+01s
2020-07-28 12:03:47,652 - root - INFO - #178 MAX:accuracy.mean: 0.55
2020-07-28 12:03:47,694 - root - DEBUG - Sampled weight [ 0.53162198 -1.95122356 -0.07034591  1.40439295  1.86347463]
2020-07-28 12:03:48,785 - root - DEBUG - Updating hall of fame
2020-07-28 12:03:49,337 - root - INFO - Completed generation 179; 1.7s elapsed, 2.0s avg, 3.6e+02s total. Expected time remaining: 4.3e+01s
2020-07-28 12:03:49,387 - root - INFO - #179 MAX:accuracy.mean: 0.53
2020-07-28 12:03:49,428 - root - DEBUG - Sampled weight [-1.10285186  0.74117861 -0.02266487 -0.04650903  1.98428308]
2020-07-28 12:03:50,524 - root - DEBUG - Updating hall of fame
2020-07-28 12:03:50,892 - root - INFO - Completed generation 180; 1.5s elapsed, 2.0s avg, 3.7e+02s total. Expected time remaining: 4.1e+01s
2020-07-28 12:03:50,943 - root - INFO - #180 MAX:accuracy.mean: 0.53
2020-07-28 12:03:51,070 - root - DEBUG - Sampled weight [ 0.9854158   1.76543183  0.48729555  0.20198154 -0.14528212]
2020-07-28 12:03:52,169 - root - DEBUG - Updating hall of fame
2020-07-28 12:03:52,935 - root - INFO - Completed generation 181; 1.9s elapsed, 2.0s avg, 3.7e+02s total. Expected time remaining: 3.9e+01s
2020-07-28 12:03:52,986 - root - INFO - #181 MAX:accuracy.mean: 0.53
2020-07-28 12:03:53,027 - root - DEBUG - Sampled weight [ 0.38921637  1.29946127 -0.09437118 -1.35265001 -1.76181611]
2020-07-28 12:03:54,135 - root - DEBUG - Updating hall of fame
2020-07-28 12:03:54,875 - root - INFO - Completed generation 182; 1.9s elapsed, 2.0s avg, 3.7e+02s total. Expected time remaining: 3.7e+01s
2020-07-28 12:03:54,926 - root - INFO - #182 MAX:accuracy.mean: 0.54
2020-07-28 12:03:54,967 - root - DEBUG - Sampled weight [ 0.38760965  1.21148087  0.24532863  1.2834105  -0.89187475]
2020-07-28 12:03:56,069 - root - DEBUG - Updating hall of fame
2020-07-28 12:03:56,841 - root - INFO - Completed generation 183; 1.9s elapsed, 2.0s avg, 3.7e+02s total. Expected time remaining: 3.4e+01s
2020-07-28 12:03:56,892 - root - INFO - #183 MAX:accuracy.mean: 0.6
2020-07-28 12:03:56,933 - root - DEBUG - Sampled weight [-1.51846989  1.95051222 -0.60232826 -1.55823135  1.40973747]
2020-07-28 12:03:58,027 - root - DEBUG - Updating hall of fame
2020-07-28 12:03:58,579 - root - INFO - Completed generation 184; 1.7s elapsed, 2.0s avg, 3.7e+02s total. Expected time remaining: 3.2e+01s
2020-07-28 12:03:58,629 - root - INFO - #184 MAX:accuracy.mean: 0.6
2020-07-28 12:03:58,670 - root - DEBUG - Sampled weight [-1.86689907  0.1903154   1.68795972 -1.02953607 -1.87688818]
2020-07-28 12:03:59,780 - root - DEBUG - Updating hall of fame
2020-07-28 12:04:00,551 - root - INFO - Completed generation 185; 1.9s elapsed, 2.0s avg, 3.7e+02s total. Expected time remaining: 3e+01s
2020-07-28 12:04:00,602 - root - INFO - #185 MAX:accuracy.mean: 0.63
2020-07-28 12:04:00,643 - root - DEBUG - Sampled weight [-1.18510914 -0.86462752 -1.74885427  1.33992223  1.68402009]
2020-07-28 12:04:01,776 - root - DEBUG - Updating hall of fame
2020-07-28 12:04:02,356 - root - INFO - Completed generation 186; 1.8s elapsed, 2.0s avg, 3.8e+02s total. Expected time remaining: 2.8e+01s
2020-07-28 12:04:02,407 - root - INFO - #186 MAX:accuracy.mean: 0.61
2020-07-28 12:04:02,448 - root - DEBUG - Sampled weight [ 1.71910473  0.05016914  1.95914823 -0.50143868 -1.5674818 ]
2020-07-28 12:04:03,557 - root - DEBUG - Updating hall of fame
2020-07-28 12:04:03,972 - root - INFO - Completed generation 187; 1.6s elapsed, 2.0s avg, 3.8e+02s total. Expected time remaining: 2.6e+01s
2020-07-28 12:04:04,025 - root - INFO - #187 MAX:accuracy.mean: 0.54
2020-07-28 12:04:04,068 - root - DEBUG - Sampled weight [-1.5951237  -1.6447605   0.47501503  1.43073984 -1.05351033]
2020-07-28 12:04:05,203 - root - DEBUG - Updating hall of fame
2020-07-28 12:04:06,151 - root - INFO - Completed generation 188; 2.1s elapsed, 2.0s avg, 3.8e+02s total. Expected time remaining: 2.4e+01s
2020-07-28 12:04:06,202 - root - INFO - #188 MAX:accuracy.mean: 0.64
2020-07-28 12:04:06,243 - root - DEBUG - Sampled weight [ 0.55334787  0.70573288  1.1631813  -1.69244664  0.24651682]
2020-07-28 12:04:07,339 - root - DEBUG - Updating hall of fame
2020-07-28 12:04:08,094 - root - INFO - Completed generation 189; 1.9s elapsed, 2.0s avg, 3.8e+02s total. Expected time remaining: 2.2e+01s
2020-07-28 12:04:08,145 - root - INFO - #189 MAX:accuracy.mean: 0.56
2020-07-28 12:04:08,187 - root - DEBUG - Sampled weight [-1.13541606  0.39122289 -1.25133601  0.53500729 -1.07751373]
2020-07-28 12:04:09,280 - root - DEBUG - Updating hall of fame
2020-07-28 12:04:09,832 - root - INFO - Completed generation 190; 1.7s elapsed, 2.0s avg, 3.8e+02s total. Expected time remaining: 2e+01s
2020-07-28 12:04:09,883 - root - INFO - #190 MAX:accuracy.mean: 0.71
2020-07-28 12:04:09,993 - root - DEBUG - Sampled weight [ 0.87645994  0.89910066 -1.03878032 -0.06354829 -0.33753864]
2020-07-28 12:04:11,086 - root - DEBUG - Updating hall of fame
2020-07-28 12:04:12,042 - root - INFO - Completed generation 191; 2.1s elapsed, 2.0s avg, 3.9e+02s total. Expected time remaining: 1.8e+01s
2020-07-28 12:04:12,093 - root - INFO - #191 MAX:accuracy.mean: 0.54
2020-07-28 12:04:12,134 - root - DEBUG - Sampled weight [-0.25093023 -1.45910455 -1.07454574 -1.72081678  0.07848357]
2020-07-28 12:04:13,236 - root - DEBUG - Updating hall of fame
2020-07-28 12:04:13,236 - root - INFO - Completed generation 192; 1.1s elapsed, 2.0s avg, 3.9e+02s total. Expected time remaining: 1.6e+01s
2020-07-28 12:04:13,287 - root - INFO - #192 MAX:accuracy.mean: 0.67
2020-07-28 12:04:13,328 - root - DEBUG - Sampled weight [ 0.62682103 -1.00071068  1.12524518 -1.25037875 -0.9485281 ]
2020-07-28 12:04:14,440 - root - DEBUG - Updating hall of fame
2020-07-28 12:04:15,399 - root - INFO - Completed generation 193; 2.1s elapsed, 2.0s avg, 3.9e+02s total. Expected time remaining: 1.4e+01s
2020-07-28 12:04:15,449 - root - INFO - #193 MAX:accuracy.mean: 0.7
2020-07-28 12:04:15,490 - root - DEBUG - Sampled weight [ 0.75732156  1.8196659  -0.71131552 -1.66596796  0.1005051 ]
2020-07-28 12:04:16,593 - root - DEBUG - Updating hall of fame
2020-07-28 12:04:17,533 - root - INFO - Completed generation 194; 2.1s elapsed, 2.0s avg, 3.9e+02s total. Expected time remaining: 1.2e+01s
2020-07-28 12:04:17,583 - root - INFO - #194 MAX:accuracy.mean: 0.54
2020-07-28 12:04:17,624 - root - DEBUG - Sampled weight [-1.13331686  0.32147053 -0.63730884  0.36876775 -0.04494141]
2020-07-28 12:04:18,714 - root - DEBUG - Updating hall of fame
2020-07-28 12:04:19,267 - root - INFO - Completed generation 195; 1.7s elapsed, 2.0s avg, 3.9e+02s total. Expected time remaining: 1e+01s
2020-07-28 12:04:19,317 - root - INFO - #195 MAX:accuracy.mean: 0.54
2020-07-28 12:04:19,359 - root - DEBUG - Sampled weight [-0.81077731 -1.24800368  0.75111374 -0.6054277  -1.2300856 ]
2020-07-28 12:04:20,467 - root - DEBUG - Updating hall of fame
2020-07-28 12:04:21,432 - root - INFO - Completed generation 196; 2.1s elapsed, 2.0s avg, 4e+02s total. Expected time remaining: 8.1s
2020-07-28 12:04:21,484 - root - INFO - #196 MAX:accuracy.mean: 0.78
2020-07-28 12:04:21,524 - root - DEBUG - Sampled weight [-1.10384521 -0.18846287  1.49304668  1.17803577  1.93510607]
2020-07-28 12:04:22,630 - root - DEBUG - Updating hall of fame
2020-07-28 12:04:23,780 - root - INFO - Completed generation 197; 2.3s elapsed, 2.0s avg, 4e+02s total. Expected time remaining: 6.1s
2020-07-28 12:04:23,830 - root - INFO - #197 MAX:accuracy.mean: 0.57
2020-07-28 12:04:23,871 - root - DEBUG - Sampled weight [-0.42139738  1.54852686 -1.55923174  1.97901299  0.81113061]
2020-07-28 12:04:24,983 - root - DEBUG - Updating hall of fame
2020-07-28 12:04:25,753 - root - INFO - Completed generation 198; 1.9s elapsed, 2.0s avg, 4e+02s total. Expected time remaining: 4.0s
2020-07-28 12:04:25,803 - root - INFO - #198 MAX:accuracy.mean: 0.57
2020-07-28 12:04:25,845 - root - DEBUG - Sampled weight [ 0.11181078 -0.34254826  0.93415129 -1.34563768 -0.62788163]
2020-07-28 12:04:26,939 - root - DEBUG - Updating hall of fame
2020-07-28 12:04:27,509 - root - INFO - Completed generation 199; 1.7s elapsed, 2.0s avg, 4e+02s total. Expected time remaining: 2.0s
2020-07-28 12:04:27,560 - root - INFO - #199 MAX:accuracy.mean: 0.57
2020-07-28 12:04:27,602 - root - DEBUG - Sampled weight [-0.32939279 -0.8017693  -1.23006776  0.47517103  1.52022968]
2020-07-28 12:04:28,696 - root - DEBUG - Updating hall of fame
2020-07-28 12:04:29,456 - root - INFO - Completed generation 200; 1.9s elapsed, 2.0s avg, 4e+02s total. Expected time remaining: 0.0s
2020-07-28 12:04:29,506 - root - INFO - #200 MAX:accuracy.mean: 0.61
2020-07-28 12:04:29,650 - root - DEBUG - Loaded 150 samples.
2020-07-28 12:04:29,654 - root - INFO - Evaluating indivs in hall of fame.
2020-07-28 12:04:31,655 - root - INFO - Completed excution.
