2020-05-01 23:08:34,667 - root - INFO - Package version 0.1a0
2020-05-01 23:08:34,667 - root - INFO - Saving data at /vol/fob-vol1/mi15/plonerma/Lab/rewann/data/2020-05-01_Iris Uniform Distribution [1, 17] run 2_000.
2020-05-01 23:08:34,802 - root - INFO - Starting evolutionary algorithm
2020-05-01 23:08:38,701 - root - INFO - Completed generation 1; 3.9s elapsed, 3.9s avg, 3.9s total. Expected time remaining: 7.8e+02s
2020-05-01 23:08:38,821 - root - INFO - #1 mean, min log_loss: 1.2, 1.1
2020-05-01 23:08:41,812 - root - INFO - Completed generation 2; 3.0s elapsed, 3.4s avg, 6.9s total. Expected time remaining: 6.8e+02s
2020-05-01 23:08:41,878 - root - INFO - #2 mean, min log_loss: 1.2, 1.1
2020-05-01 23:08:44,711 - root - INFO - Completed generation 3; 2.8s elapsed, 3.2s avg, 9.7s total. Expected time remaining: 6.4e+02s
2020-05-01 23:08:44,778 - root - INFO - #3 mean, min log_loss: 1.2, 1.1
2020-05-01 23:08:47,605 - root - INFO - Completed generation 4; 2.8s elapsed, 3.1s avg, 1.3e+01s total. Expected time remaining: 6.1e+02s
2020-05-01 23:08:47,673 - root - INFO - #4 mean, min log_loss: 1.2, 1.1
2020-05-01 23:08:50,451 - root - INFO - Completed generation 5; 2.8s elapsed, 3.1s avg, 1.5e+01s total. Expected time remaining: 6e+02s
2020-05-01 23:08:50,556 - root - INFO - #5 mean, min log_loss: 1.2, 1.1
2020-05-01 23:08:53,576 - root - INFO - Completed generation 6; 3.0s elapsed, 3.1s avg, 1.8e+01s total. Expected time remaining: 5.9e+02s
2020-05-01 23:08:53,645 - root - INFO - #6 mean, min log_loss: 1.2, 1.1
2020-05-01 23:08:56,440 - root - INFO - Completed generation 7; 2.8s elapsed, 3.0s avg, 2.1e+01s total. Expected time remaining: 5.8e+02s
2020-05-01 23:08:56,509 - root - INFO - #7 mean, min log_loss: 1.2, 1.1
2020-05-01 23:08:59,516 - root - INFO - Completed generation 8; 3.0s elapsed, 3.0s avg, 2.4e+01s total. Expected time remaining: 5.8e+02s
2020-05-01 23:08:59,584 - root - INFO - #8 mean, min log_loss: 1.2, 1.1
2020-05-01 23:09:02,664 - root - INFO - Completed generation 9; 3.1s elapsed, 3.0s avg, 2.7e+01s total. Expected time remaining: 5.8e+02s
2020-05-01 23:09:02,738 - root - INFO - #9 mean, min log_loss: 1.2, 1.1
2020-05-01 23:09:05,759 - root - INFO - Completed generation 10; 3.0s elapsed, 3.0s avg, 3e+01s total. Expected time remaining: 5.7e+02s
2020-05-01 23:09:05,855 - root - INFO - #10 mean, min log_loss: 1.2, 1.1
2020-05-01 23:09:08,944 - root - INFO - Completed generation 11; 3.0s elapsed, 3.0s avg, 3.3e+01s total. Expected time remaining: 5.7e+02s
2020-05-01 23:09:09,011 - root - INFO - #11 mean, min log_loss: 1.2, 1.1
2020-05-01 23:09:11,781 - root - INFO - Completed generation 12; 2.8s elapsed, 3.0s avg, 3.6e+01s total. Expected time remaining: 5.6e+02s
2020-05-01 23:09:11,850 - root - INFO - #12 mean, min log_loss: 1.2, 1.1
2020-05-01 23:09:14,710 - root - INFO - Completed generation 13; 2.9s elapsed, 3.0s avg, 3.9e+01s total. Expected time remaining: 5.6e+02s
2020-05-01 23:09:14,778 - root - INFO - #13 mean, min log_loss: 1.2, 1.1
2020-05-01 23:09:17,620 - root - INFO - Completed generation 14; 2.8s elapsed, 3.0s avg, 4.2e+01s total. Expected time remaining: 5.5e+02s
2020-05-01 23:09:17,688 - root - INFO - #14 mean, min log_loss: 1.2, 1.1
2020-05-01 23:09:20,670 - root - INFO - Completed generation 15; 3.0s elapsed, 3.0s avg, 4.5e+01s total. Expected time remaining: 5.5e+02s
2020-05-01 23:09:20,752 - root - INFO - #15 mean, min log_loss: 1.2, 1.1
2020-05-01 23:09:23,555 - root - INFO - Completed generation 16; 2.8s elapsed, 3.0s avg, 4.8e+01s total. Expected time remaining: 5.5e+02s
2020-05-01 23:09:23,623 - root - INFO - #16 mean, min log_loss: 1.2, 1.1
2020-05-01 23:09:26,333 - root - INFO - Completed generation 17; 2.7s elapsed, 3.0s avg, 5e+01s total. Expected time remaining: 5.4e+02s
2020-05-01 23:09:26,401 - root - INFO - #17 mean, min log_loss: 1.2, 1.1
2020-05-01 23:09:29,404 - root - INFO - Completed generation 18; 3.0s elapsed, 3.0s avg, 5.3e+01s total. Expected time remaining: 5.4e+02s
2020-05-01 23:09:29,473 - root - INFO - #18 mean, min log_loss: 1.2, 1.1
2020-05-01 23:09:32,414 - root - INFO - Completed generation 19; 2.9s elapsed, 3.0s avg, 5.6e+01s total. Expected time remaining: 5.4e+02s
2020-05-01 23:09:32,482 - root - INFO - #19 mean, min log_loss: 1.2, 1.1
2020-05-01 23:09:35,289 - root - INFO - Completed generation 20; 2.8s elapsed, 2.9s avg, 5.9e+01s total. Expected time remaining: 5.3e+02s
2020-05-01 23:09:35,357 - root - INFO - #20 mean, min log_loss: 1.2, 1.1
2020-05-01 23:09:38,365 - root - INFO - Completed generation 21; 2.9s elapsed, 2.9s avg, 6.2e+01s total. Expected time remaining: 5.3e+02s
2020-05-01 23:09:38,433 - root - INFO - #21 mean, min log_loss: 1.2, 1.1
2020-05-01 23:09:41,187 - root - INFO - Completed generation 22; 2.8s elapsed, 2.9s avg, 6.5e+01s total. Expected time remaining: 5.2e+02s
2020-05-01 23:09:41,255 - root - INFO - #22 mean, min log_loss: 1.2, 1.1
2020-05-01 23:09:44,209 - root - INFO - Completed generation 23; 3.0s elapsed, 2.9s avg, 6.8e+01s total. Expected time remaining: 5.2e+02s
2020-05-01 23:09:44,278 - root - INFO - #23 mean, min log_loss: 1.2, 1.1
2020-05-01 23:09:47,129 - root - INFO - Completed generation 24; 2.9s elapsed, 2.9s avg, 7e+01s total. Expected time remaining: 5.2e+02s
2020-05-01 23:09:47,198 - root - INFO - #24 mean, min log_loss: 1.2, 1.1
2020-05-01 23:09:50,083 - root - INFO - Completed generation 25; 2.9s elapsed, 2.9s avg, 7.3e+01s total. Expected time remaining: 5.1e+02s
2020-05-01 23:09:50,151 - root - INFO - #25 mean, min log_loss: 1.2, 1.1
2020-05-01 23:09:52,934 - root - INFO - Completed generation 26; 2.8s elapsed, 2.9s avg, 7.6e+01s total. Expected time remaining: 5.1e+02s
2020-05-01 23:09:53,002 - root - INFO - #26 mean, min log_loss: 1.2, 1.1
2020-05-01 23:09:55,890 - root - INFO - Completed generation 27; 2.9s elapsed, 2.9s avg, 7.9e+01s total. Expected time remaining: 5.1e+02s
2020-05-01 23:09:55,958 - root - INFO - #27 mean, min log_loss: 1.2, 1.1
2020-05-01 23:09:58,757 - root - INFO - Completed generation 28; 2.8s elapsed, 2.9s avg, 8.2e+01s total. Expected time remaining: 5e+02s
2020-05-01 23:09:58,823 - root - INFO - #28 mean, min log_loss: 1.2, 1.1
2020-05-01 23:10:01,843 - root - INFO - Completed generation 29; 3.0s elapsed, 2.9s avg, 8.5e+01s total. Expected time remaining: 5e+02s
2020-05-01 23:10:01,923 - root - INFO - #29 mean, min log_loss: 1.2, 1.1
2020-05-01 23:10:04,001 - root - INFO - Completed generation 30; 2.1s elapsed, 2.9s avg, 8.7e+01s total. Expected time remaining: 4.9e+02s
2020-05-01 23:10:04,088 - root - INFO - #30 mean, min log_loss: 1.2, 1.1
2020-05-01 23:10:05,121 - root - INFO - Completed generation 31; 0.98s elapsed, 2.8s avg, 8.8e+01s total. Expected time remaining: 4.8e+02s
2020-05-01 23:10:05,190 - root - INFO - #31 mean, min log_loss: 1.2, 1.1
2020-05-01 23:10:06,439 - root - INFO - Completed generation 32; 1.2s elapsed, 2.8s avg, 8.9e+01s total. Expected time remaining: 4.7e+02s
2020-05-01 23:10:06,533 - root - INFO - #32 mean, min log_loss: 1.2, 1.1
2020-05-01 23:10:07,663 - root - INFO - Completed generation 33; 1.1s elapsed, 2.7s avg, 9e+01s total. Expected time remaining: 4.6e+02s
2020-05-01 23:10:07,730 - root - INFO - #33 mean, min log_loss: 1.2, 1.1
2020-05-01 23:10:08,700 - root - INFO - Completed generation 34; 0.97s elapsed, 2.7s avg, 9.1e+01s total. Expected time remaining: 4.5e+02s
2020-05-01 23:10:08,768 - root - INFO - #34 mean, min log_loss: 1.2, 1.1
2020-05-01 23:10:09,808 - root - INFO - Completed generation 35; 1.0s elapsed, 2.6s avg, 9.2e+01s total. Expected time remaining: 4.4e+02s
2020-05-01 23:10:09,877 - root - INFO - #35 mean, min log_loss: 1.2, 1.1
2020-05-01 23:10:10,953 - root - INFO - Completed generation 36; 1.1s elapsed, 2.6s avg, 9.3e+01s total. Expected time remaining: 4.3e+02s
2020-05-01 23:10:11,019 - root - INFO - #36 mean, min log_loss: 1.2, 1.1
2020-05-01 23:10:11,981 - root - INFO - Completed generation 37; 0.96s elapsed, 2.5s avg, 9.4e+01s total. Expected time remaining: 4.2e+02s
2020-05-01 23:10:12,048 - root - INFO - #37 mean, min log_loss: 1.2, 1.1
2020-05-01 23:10:13,100 - root - INFO - Completed generation 38; 1.1s elapsed, 2.5s avg, 9.5e+01s total. Expected time remaining: 4.1e+02s
2020-05-01 23:10:13,208 - root - INFO - #38 mean, min log_loss: 1.2, 1.1
2020-05-01 23:10:14,385 - root - INFO - Completed generation 39; 1.2s elapsed, 2.5s avg, 9.7e+01s total. Expected time remaining: 4e+02s
2020-05-01 23:10:14,455 - root - INFO - #39 mean, min log_loss: 1.2, 1.1
2020-05-01 23:10:15,599 - root - INFO - Completed generation 40; 1.1s elapsed, 2.4s avg, 9.8e+01s total. Expected time remaining: 3.9e+02s
2020-05-01 23:10:15,666 - root - INFO - #40 mean, min log_loss: 1.2, 1.1
2020-05-01 23:10:16,853 - root - INFO - Completed generation 41; 1.1s elapsed, 2.4s avg, 9.9e+01s total. Expected time remaining: 3.8e+02s
2020-05-01 23:10:16,921 - root - INFO - #41 mean, min log_loss: 1.2, 1.1
2020-05-01 23:10:17,999 - root - INFO - Completed generation 42; 1.1s elapsed, 2.4s avg, 1e+02s total. Expected time remaining: 3.8e+02s
2020-05-01 23:10:18,065 - root - INFO - #42 mean, min log_loss: 1.2, 1.1
2020-05-01 23:10:19,125 - root - INFO - Completed generation 43; 1.1s elapsed, 2.3s avg, 1e+02s total. Expected time remaining: 3.7e+02s
2020-05-01 23:10:19,192 - root - INFO - #43 mean, min log_loss: 1.2, 1.1
2020-05-01 23:10:20,402 - root - INFO - Completed generation 44; 1.2s elapsed, 2.3s avg, 1e+02s total. Expected time remaining: 3.6e+02s
2020-05-01 23:10:20,511 - root - INFO - #44 mean, min log_loss: 1.2, 1.1
2020-05-01 23:10:21,749 - root - INFO - Completed generation 45; 1.2s elapsed, 2.3s avg, 1e+02s total. Expected time remaining: 3.6e+02s
2020-05-01 23:10:21,815 - root - INFO - #45 mean, min log_loss: 1.2, 1.1
2020-05-01 23:10:22,803 - root - INFO - Completed generation 46; 0.99s elapsed, 2.3s avg, 1e+02s total. Expected time remaining: 3.5e+02s
2020-05-01 23:10:22,870 - root - INFO - #46 mean, min log_loss: 1.2, 1.1
2020-05-01 23:10:23,831 - root - INFO - Completed generation 47; 0.96s elapsed, 2.2s avg, 1.1e+02s total. Expected time remaining: 3.4e+02s
2020-05-01 23:10:23,898 - root - INFO - #47 mean, min log_loss: 1.2, 1.1
2020-05-01 23:10:24,897 - root - INFO - Completed generation 48; 1.0s elapsed, 2.2s avg, 1.1e+02s total. Expected time remaining: 3.4e+02s
2020-05-01 23:10:24,963 - root - INFO - #48 mean, min log_loss: 1.2, 1.1
2020-05-01 23:10:25,920 - root - INFO - Completed generation 49; 0.96s elapsed, 2.2s avg, 1.1e+02s total. Expected time remaining: 3.3e+02s
2020-05-01 23:10:25,987 - root - INFO - #49 mean, min log_loss: 1.2, 1.1
2020-05-01 23:10:27,097 - root - INFO - Completed generation 50; 1.1s elapsed, 2.2s avg, 1.1e+02s total. Expected time remaining: 3.3e+02s
2020-05-01 23:10:27,206 - root - INFO - #50 mean, min log_loss: 1.2, 1.1
2020-05-01 23:10:28,400 - root - INFO - Completed generation 51; 1.1s elapsed, 2.1s avg, 1.1e+02s total. Expected time remaining: 3.2e+02s
2020-05-01 23:10:28,473 - root - INFO - #51 mean, min log_loss: 1.2, 1.1
2020-05-01 23:10:29,450 - root - INFO - Completed generation 52; 0.98s elapsed, 2.1s avg, 1.1e+02s total. Expected time remaining: 3.1e+02s
2020-05-01 23:10:29,554 - root - INFO - #52 mean, min log_loss: 1.2, 1.1
2020-05-01 23:10:30,644 - root - INFO - Completed generation 53; 1.1s elapsed, 2.1s avg, 1.1e+02s total. Expected time remaining: 3.1e+02s
2020-05-01 23:10:30,712 - root - INFO - #53 mean, min log_loss: 1.2, 1.1
2020-05-01 23:10:31,820 - root - INFO - Completed generation 54; 1.1s elapsed, 2.1s avg, 1.1e+02s total. Expected time remaining: 3e+02s
2020-05-01 23:10:31,887 - root - INFO - #54 mean, min log_loss: 1.2, 1.1
2020-05-01 23:10:32,914 - root - INFO - Completed generation 55; 1.0s elapsed, 2.1s avg, 1.1e+02s total. Expected time remaining: 3e+02s
2020-05-01 23:10:32,980 - root - INFO - #55 mean, min log_loss: 1.2, 1.1
2020-05-01 23:10:34,469 - root - INFO - Completed generation 56; 1.5s elapsed, 2.1s avg, 1.2e+02s total. Expected time remaining: 3e+02s
2020-05-01 23:10:34,556 - root - INFO - #56 mean, min log_loss: 1.2, 1.1
2020-05-01 23:10:35,685 - root - INFO - Completed generation 57; 1.1s elapsed, 2.0s avg, 1.2e+02s total. Expected time remaining: 2.9e+02s
2020-05-01 23:10:35,753 - root - INFO - #57 mean, min log_loss: 1.2, 1.1
2020-05-01 23:10:36,730 - root - INFO - Completed generation 58; 0.98s elapsed, 2.0s avg, 1.2e+02s total. Expected time remaining: 2.9e+02s
2020-05-01 23:10:36,798 - root - INFO - #58 mean, min log_loss: 1.2, 1.1
2020-05-01 23:10:37,870 - root - INFO - Completed generation 59; 1.1s elapsed, 2.0s avg, 1.2e+02s total. Expected time remaining: 2.8e+02s
2020-05-01 23:10:37,946 - root - INFO - #59 mean, min log_loss: 1.2, 1.1
2020-05-01 23:10:38,928 - root - INFO - Completed generation 60; 0.98s elapsed, 2.0s avg, 1.2e+02s total. Expected time remaining: 2.8e+02s
2020-05-01 23:10:38,996 - root - INFO - #60 mean, min log_loss: 1.2, 1.1
2020-05-01 23:10:40,290 - root - INFO - Completed generation 61; 1.2s elapsed, 2.0s avg, 1.2e+02s total. Expected time remaining: 2.7e+02s
2020-05-01 23:10:40,358 - root - INFO - #61 mean, min log_loss: 1.2, 1.1
2020-05-01 23:10:41,362 - root - INFO - Completed generation 62; 1.0s elapsed, 2.0s avg, 1.2e+02s total. Expected time remaining: 2.7e+02s
2020-05-01 23:10:41,430 - root - INFO - #62 mean, min log_loss: 1.2, 1.1
2020-05-01 23:10:42,411 - root - INFO - Completed generation 63; 0.98s elapsed, 1.9s avg, 1.2e+02s total. Expected time remaining: 2.7e+02s
2020-05-01 23:10:42,479 - root - INFO - #63 mean, min log_loss: 1.2, 1.1
2020-05-01 23:10:43,455 - root - INFO - Completed generation 64; 0.98s elapsed, 1.9s avg, 1.2e+02s total. Expected time remaining: 2.6e+02s
2020-05-01 23:10:43,523 - root - INFO - #64 mean, min log_loss: 1.2, 1.1
2020-05-01 23:10:44,503 - root - INFO - Completed generation 65; 0.98s elapsed, 1.9s avg, 1.2e+02s total. Expected time remaining: 2.6e+02s
2020-05-01 23:10:44,571 - root - INFO - #65 mean, min log_loss: 1.2, 1.1
2020-05-01 23:10:45,565 - root - INFO - Completed generation 66; 0.99s elapsed, 1.9s avg, 1.3e+02s total. Expected time remaining: 2.5e+02s
2020-05-01 23:10:45,635 - root - INFO - #66 mean, min log_loss: 1.2, 1.1
2020-05-01 23:10:46,828 - root - INFO - Completed generation 67; 1.2s elapsed, 1.9s avg, 1.3e+02s total. Expected time remaining: 2.5e+02s
2020-05-01 23:10:46,895 - root - INFO - #67 mean, min log_loss: 1.2, 1.1
2020-05-01 23:10:47,952 - root - INFO - Completed generation 68; 1.1s elapsed, 1.9s avg, 1.3e+02s total. Expected time remaining: 2.5e+02s
2020-05-01 23:10:48,052 - root - INFO - #68 mean, min log_loss: 1.2, 1.1
2020-05-01 23:10:49,414 - root - INFO - Completed generation 69; 1.4s elapsed, 1.9s avg, 1.3e+02s total. Expected time remaining: 2.5e+02s
2020-05-01 23:10:49,482 - root - INFO - #69 mean, min log_loss: 1.2, 1.1
2020-05-01 23:10:50,569 - root - INFO - Completed generation 70; 1.1s elapsed, 1.9s avg, 1.3e+02s total. Expected time remaining: 2.4e+02s
2020-05-01 23:10:50,637 - root - INFO - #70 mean, min log_loss: 1.2, 1.1
2020-05-01 23:10:54,197 - root - INFO - Completed generation 71; 3.5s elapsed, 1.9s avg, 1.3e+02s total. Expected time remaining: 2.4e+02s
2020-05-01 23:10:54,307 - root - INFO - #71 mean, min log_loss: 1.2, 1.1
2020-05-01 23:10:57,576 - root - INFO - Completed generation 72; 3.3s elapsed, 1.9s avg, 1.4e+02s total. Expected time remaining: 2.4e+02s
2020-05-01 23:10:57,644 - root - INFO - #72 mean, min log_loss: 1.2, 1.1
2020-05-01 23:11:00,768 - root - INFO - Completed generation 73; 3.1s elapsed, 1.9s avg, 1.4e+02s total. Expected time remaining: 2.4e+02s
2020-05-01 23:11:00,838 - root - INFO - #73 mean, min log_loss: 1.2, 1.1
2020-05-01 23:11:03,633 - root - INFO - Completed generation 74; 2.8s elapsed, 1.9s avg, 1.4e+02s total. Expected time remaining: 2.4e+02s
2020-05-01 23:11:03,702 - root - INFO - #74 mean, min log_loss: 1.2, 1.1
2020-05-01 23:11:06,571 - root - INFO - Completed generation 75; 2.9s elapsed, 1.9s avg, 1.5e+02s total. Expected time remaining: 2.4e+02s
2020-05-01 23:11:06,641 - root - INFO - #75 mean, min log_loss: 1.2, 1.1
2020-05-01 23:11:09,788 - root - INFO - Completed generation 76; 3.1s elapsed, 2.0s avg, 1.5e+02s total. Expected time remaining: 2.4e+02s
2020-05-01 23:11:09,857 - root - INFO - #76 mean, min log_loss: 1.2, 1.1
2020-05-01 23:11:12,971 - root - INFO - Completed generation 77; 3.1s elapsed, 2.0s avg, 1.5e+02s total. Expected time remaining: 2.4e+02s
2020-05-01 23:11:13,040 - root - INFO - #77 mean, min log_loss: 1.2, 1.1
2020-05-01 23:11:14,065 - root - INFO - Completed generation 78; 1.0s elapsed, 2.0s avg, 1.5e+02s total. Expected time remaining: 2.4e+02s
2020-05-01 23:11:14,133 - root - INFO - #78 mean, min log_loss: 5.9, 1.1
2020-05-01 23:11:15,203 - root - INFO - Completed generation 79; 1.1s elapsed, 2.0s avg, 1.5e+02s total. Expected time remaining: 2.4e+02s
2020-05-01 23:11:15,272 - root - INFO - #79 mean, min log_loss: 7.8, 1.1
2020-05-01 23:11:16,318 - root - INFO - Completed generation 80; 1.0s elapsed, 1.9s avg, 1.6e+02s total. Expected time remaining: 2.3e+02s
2020-05-01 23:11:16,385 - root - INFO - #80 mean, min log_loss: 1.2e+01, 1.1
2020-05-01 23:11:17,548 - root - INFO - Completed generation 81; 1.1s elapsed, 1.9s avg, 1.6e+02s total. Expected time remaining: 2.3e+02s
2020-05-01 23:11:17,624 - root - INFO - #81 mean, min log_loss: 8.4, 1.1
2020-05-01 23:11:18,677 - root - INFO - Completed generation 82; 1.1s elapsed, 1.9s avg, 1.6e+02s total. Expected time remaining: 2.3e+02s
2020-05-01 23:11:18,745 - root - INFO - #82 mean, min log_loss: 1.1e+01, 1.1
2020-05-01 23:11:19,888 - root - INFO - Completed generation 83; 1.1s elapsed, 1.9s avg, 1.6e+02s total. Expected time remaining: 2.2e+02s
2020-05-01 23:11:19,955 - root - INFO - #83 mean, min log_loss: 8.6, 1.1
2020-05-01 23:11:21,040 - root - INFO - Completed generation 84; 1.1s elapsed, 1.9s avg, 1.6e+02s total. Expected time remaining: 2.2e+02s
2020-05-01 23:11:21,110 - root - INFO - #84 mean, min log_loss: 1.2e+01, 1.1
2020-05-01 23:11:23,524 - root - INFO - Completed generation 85; 2.4s elapsed, 1.9s avg, 1.6e+02s total. Expected time remaining: 2.2e+02s
2020-05-01 23:11:23,591 - root - INFO - #85 mean, min log_loss: 1.2e+01, 1.1
2020-05-01 23:11:26,253 - root - INFO - Completed generation 86; 2.7s elapsed, 1.9s avg, 1.6e+02s total. Expected time remaining: 2.2e+02s
2020-05-01 23:11:26,322 - root - INFO - #86 mean, min log_loss: 1.2e+01, 1.1
2020-05-01 23:11:29,357 - root - INFO - Completed generation 87; 3.0s elapsed, 1.9s avg, 1.7e+02s total. Expected time remaining: 2.2e+02s
2020-05-01 23:11:29,426 - root - INFO - #87 mean, min log_loss: 1.2e+01, 1.1
2020-05-01 23:11:32,469 - root - INFO - Completed generation 88; 3.0s elapsed, 1.9s avg, 1.7e+02s total. Expected time remaining: 2.2e+02s
2020-05-01 23:11:32,538 - root - INFO - #88 mean, min log_loss: 1e+01, 1.1
2020-05-01 23:11:36,181 - root - INFO - Completed generation 89; 3.6s elapsed, 2.0s avg, 1.7e+02s total. Expected time remaining: 2.2e+02s
2020-05-01 23:11:36,263 - root - INFO - #89 mean, min log_loss: 7.6, 1.1
2020-05-01 23:11:39,004 - root - INFO - Completed generation 90; 2.7s elapsed, 2.0s avg, 1.8e+02s total. Expected time remaining: 2.2e+02s
2020-05-01 23:11:39,074 - root - INFO - #90 mean, min log_loss: 1e+01, 1.1
2020-05-01 23:11:42,193 - root - INFO - Completed generation 91; 3.1s elapsed, 2.0s avg, 1.8e+02s total. Expected time remaining: 2.2e+02s
2020-05-01 23:11:42,262 - root - INFO - #91 mean, min log_loss: 1.2e+01, 1.1
2020-05-01 23:11:45,262 - root - INFO - Completed generation 92; 3.0s elapsed, 2.0s avg, 1.8e+02s total. Expected time remaining: 2.1e+02s
2020-05-01 23:11:45,330 - root - INFO - #92 mean, min log_loss: 9.7, 1.1
2020-05-01 23:11:48,293 - root - INFO - Completed generation 93; 3.0s elapsed, 2.0s avg, 1.9e+02s total. Expected time remaining: 2.1e+02s
2020-05-01 23:11:48,363 - root - INFO - #93 mean, min log_loss: 7.8, 1.1
2020-05-01 23:11:51,502 - root - INFO - Completed generation 94; 3.1s elapsed, 2.0s avg, 1.9e+02s total. Expected time remaining: 2.1e+02s
2020-05-01 23:11:51,571 - root - INFO - #94 mean, min log_loss: 1.2, 1.1
2020-05-01 23:11:54,475 - root - INFO - Completed generation 95; 2.9s elapsed, 2.0s avg, 1.9e+02s total. Expected time remaining: 2.1e+02s
2020-05-01 23:11:54,544 - root - INFO - #95 mean, min log_loss: 1.1e+01, 1.1
2020-05-01 23:11:57,631 - root - INFO - Completed generation 96; 3.1s elapsed, 2.0s avg, 2e+02s total. Expected time remaining: 2.1e+02s
2020-05-01 23:11:57,700 - root - INFO - #96 mean, min log_loss: 1.2e+01, 1.1
2020-05-01 23:12:00,690 - root - INFO - Completed generation 97; 3.0s elapsed, 2.0s avg, 2e+02s total. Expected time remaining: 2.1e+02s
2020-05-01 23:12:00,758 - root - INFO - #97 mean, min log_loss: 1.2, 1.1
2020-05-01 23:12:03,635 - root - INFO - Completed generation 98; 2.9s elapsed, 2.1s avg, 2e+02s total. Expected time remaining: 2.1e+02s
2020-05-01 23:12:03,704 - root - INFO - #98 mean, min log_loss: 9.1, 1.1
2020-05-01 23:12:06,610 - root - INFO - Completed generation 99; 2.9s elapsed, 2.1s avg, 2e+02s total. Expected time remaining: 2.1e+02s
2020-05-01 23:12:06,705 - root - INFO - #99 mean, min log_loss: 9.3, 1.1
2020-05-01 23:12:09,793 - root - INFO - Completed generation 100; 3.1s elapsed, 2.1s avg, 2.1e+02s total. Expected time remaining: 2.1e+02s
2020-05-01 23:12:09,862 - root - INFO - #100 mean, min log_loss: 1.2, 1.1
2020-05-01 23:12:12,797 - root - INFO - Completed generation 101; 2.8s elapsed, 2.1s avg, 2.1e+02s total. Expected time remaining: 2.1e+02s
2020-05-01 23:12:12,864 - root - INFO - #101 mean, min log_loss: 9.2, 1.1
2020-05-01 23:12:15,767 - root - INFO - Completed generation 102; 2.9s elapsed, 2.1s avg, 2.1e+02s total. Expected time remaining: 2e+02s
2020-05-01 23:12:15,854 - root - INFO - #102 mean, min log_loss: 3.6, 1.1
2020-05-01 23:12:18,602 - root - INFO - Completed generation 103; 2.7s elapsed, 2.1s avg, 2.2e+02s total. Expected time remaining: 2e+02s
2020-05-01 23:12:18,669 - root - INFO - #103 mean, min log_loss: 9.5, 1.1
2020-05-01 23:12:21,663 - root - INFO - Completed generation 104; 3.0s elapsed, 2.1s avg, 2.2e+02s total. Expected time remaining: 2e+02s
2020-05-01 23:12:21,770 - root - INFO - #104 mean, min log_loss: 9.8, 1.1
2020-05-01 23:12:24,871 - root - INFO - Completed generation 105; 3.1s elapsed, 2.1s avg, 2.2e+02s total. Expected time remaining: 2e+02s
2020-05-01 23:12:24,939 - root - INFO - #105 mean, min log_loss: 1.2, 1.1
2020-05-01 23:12:26,321 - root - INFO - Completed generation 106; 1.4s elapsed, 2.1s avg, 2.2e+02s total. Expected time remaining: 2e+02s
2020-05-01 23:12:26,389 - root - INFO - #106 mean, min log_loss: 9.0, 1.1
2020-05-01 23:12:27,485 - root - INFO - Completed generation 107; 1.1s elapsed, 2.1s avg, 2.2e+02s total. Expected time remaining: 1.9e+02s
2020-05-01 23:12:27,553 - root - INFO - #107 mean, min log_loss: 1.1e+01, 1.1
2020-05-01 23:12:28,532 - root - INFO - Completed generation 108; 0.98s elapsed, 2.1s avg, 2.3e+02s total. Expected time remaining: 1.9e+02s
2020-05-01 23:12:28,600 - root - INFO - #108 mean, min log_loss: 7.2, 1.1
2020-05-01 23:12:29,573 - root - INFO - Completed generation 109; 0.97s elapsed, 2.1s avg, 2.3e+02s total. Expected time remaining: 1.9e+02s
2020-05-01 23:12:29,641 - root - INFO - #109 mean, min log_loss: 8.0, 1.1
2020-05-01 23:12:30,788 - root - INFO - Completed generation 110; 1.1s elapsed, 2.1s avg, 2.3e+02s total. Expected time remaining: 1.9e+02s
2020-05-01 23:12:30,855 - root - INFO - #110 mean, min log_loss: 1.2e+01, 1.1
2020-05-01 23:12:31,960 - root - INFO - Completed generation 111; 1.0s elapsed, 2.1s avg, 2.3e+02s total. Expected time remaining: 1.8e+02s
2020-05-01 23:12:32,056 - root - INFO - #111 mean, min log_loss: 6.9, 1.1
2020-05-01 23:12:33,038 - root - INFO - Completed generation 112; 0.98s elapsed, 2.0s avg, 2.3e+02s total. Expected time remaining: 1.8e+02s
2020-05-01 23:12:33,130 - root - INFO - #112 mean, min log_loss: 1e+01, 1.1
2020-05-01 23:12:34,237 - root - INFO - Completed generation 113; 1.1s elapsed, 2.0s avg, 2.3e+02s total. Expected time remaining: 1.8e+02s
2020-05-01 23:12:34,304 - root - INFO - #113 mean, min log_loss: 9.9, 1.1
2020-05-01 23:12:35,367 - root - INFO - Completed generation 114; 1.1s elapsed, 2.0s avg, 2.3e+02s total. Expected time remaining: 1.7e+02s
2020-05-01 23:12:35,434 - root - INFO - #114 mean, min log_loss: 1e+01, 1.1
2020-05-01 23:12:36,478 - root - INFO - Completed generation 115; 1.0s elapsed, 2.0s avg, 2.3e+02s total. Expected time remaining: 1.7e+02s
2020-05-01 23:12:36,545 - root - INFO - #115 mean, min log_loss: 8.6, 1.1
2020-05-01 23:12:37,505 - root - INFO - Completed generation 116; 0.96s elapsed, 2.0s avg, 2.3e+02s total. Expected time remaining: 1.7e+02s
2020-05-01 23:12:37,572 - root - INFO - #116 mean, min log_loss: 1.2e+01, 1.1
2020-05-01 23:12:38,670 - root - INFO - Completed generation 117; 1.1s elapsed, 2.0s avg, 2.3e+02s total. Expected time remaining: 1.7e+02s
2020-05-01 23:12:38,737 - root - INFO - #117 mean, min log_loss: 1.1e+01, 1.1
2020-05-01 23:12:39,769 - root - INFO - Completed generation 118; 1.0s elapsed, 2.0s avg, 2.4e+02s total. Expected time remaining: 1.6e+02s
2020-05-01 23:12:39,875 - root - INFO - #118 mean, min log_loss: 9.0, 1.1
2020-05-01 23:12:40,938 - root - INFO - Completed generation 119; 1.1s elapsed, 2.0s avg, 2.4e+02s total. Expected time remaining: 1.6e+02s
2020-05-01 23:12:41,011 - root - INFO - #119 mean, min log_loss: 1.1e+01, 1.1
2020-05-01 23:12:41,985 - root - INFO - Completed generation 120; 0.97s elapsed, 2.0s avg, 2.4e+02s total. Expected time remaining: 1.6e+02s
2020-05-01 23:12:42,052 - root - INFO - #120 mean, min log_loss: 1e+01, 1.1
2020-05-01 23:12:43,087 - root - INFO - Completed generation 121; 0.98s elapsed, 2.0s avg, 2.4e+02s total. Expected time remaining: 1.6e+02s
2020-05-01 23:12:43,194 - root - INFO - #121 mean, min log_loss: 1e+01, 1.1
2020-05-01 23:12:44,319 - root - INFO - Completed generation 122; 1.1s elapsed, 2.0s avg, 2.4e+02s total. Expected time remaining: 1.5e+02s
2020-05-01 23:12:44,388 - root - INFO - #122 mean, min log_loss: 1.2e+01, 1.1
2020-05-01 23:12:45,626 - root - INFO - Completed generation 123; 1.2s elapsed, 2.0s avg, 2.4e+02s total. Expected time remaining: 1.5e+02s
2020-05-01 23:12:45,712 - root - INFO - #123 mean, min log_loss: 1.2, 1.1
2020-05-01 23:12:46,774 - root - INFO - Completed generation 124; 1.1s elapsed, 2.0s avg, 2.4e+02s total. Expected time remaining: 1.5e+02s
2020-05-01 23:12:46,842 - root - INFO - #124 mean, min log_loss: 1.2e+01, 1.1
2020-05-01 23:12:47,850 - root - INFO - Completed generation 125; 1.0s elapsed, 1.9s avg, 2.4e+02s total. Expected time remaining: 1.5e+02s
2020-05-01 23:12:47,919 - root - INFO - #125 mean, min log_loss: 4.9, 1.1
2020-05-01 23:12:48,953 - root - INFO - Completed generation 126; 1.0s elapsed, 1.9s avg, 2.4e+02s total. Expected time remaining: 1.4e+02s
2020-05-01 23:12:49,040 - root - INFO - #126 mean, min log_loss: 7.1, 1.1
2020-05-01 23:12:50,046 - root - INFO - Completed generation 127; 1.0s elapsed, 1.9s avg, 2.5e+02s total. Expected time remaining: 1.4e+02s
2020-05-01 23:12:50,114 - root - INFO - #127 mean, min log_loss: 1.2e+01, 1.1
2020-05-01 23:12:51,164 - root - INFO - Completed generation 128; 1.0s elapsed, 1.9s avg, 2.5e+02s total. Expected time remaining: 1.4e+02s
2020-05-01 23:12:51,233 - root - INFO - #128 mean, min log_loss: 1.2e+01, 1.1
2020-05-01 23:12:52,226 - root - INFO - Completed generation 129; 0.99s elapsed, 1.9s avg, 2.5e+02s total. Expected time remaining: 1.4e+02s
2020-05-01 23:12:52,295 - root - INFO - #129 mean, min log_loss: 1.2e+01, 1.1
2020-05-01 23:12:53,362 - root - INFO - Completed generation 130; 1.1s elapsed, 1.9s avg, 2.5e+02s total. Expected time remaining: 1.3e+02s
2020-05-01 23:12:53,431 - root - INFO - #130 mean, min log_loss: 5.9, 1.1
2020-05-01 23:12:54,499 - root - INFO - Completed generation 131; 1.0s elapsed, 1.9s avg, 2.5e+02s total. Expected time remaining: 1.3e+02s
2020-05-01 23:12:54,567 - root - INFO - #131 mean, min log_loss: 1.2, 1.1
2020-05-01 23:12:55,555 - root - INFO - Completed generation 132; 0.99s elapsed, 1.9s avg, 2.5e+02s total. Expected time remaining: 1.3e+02s
2020-05-01 23:12:55,624 - root - INFO - #132 mean, min log_loss: 1e+01, 1.1
2020-05-01 23:12:56,754 - root - INFO - Completed generation 133; 1.1s elapsed, 1.9s avg, 2.5e+02s total. Expected time remaining: 1.3e+02s
2020-05-01 23:12:56,828 - root - INFO - #133 mean, min log_loss: 9.0, 1.1
2020-05-01 23:12:57,865 - root - INFO - Completed generation 134; 1.0s elapsed, 1.9s avg, 2.5e+02s total. Expected time remaining: 1.2e+02s
2020-05-01 23:12:57,933 - root - INFO - #134 mean, min log_loss: 9.6, 1.1
2020-05-01 23:12:59,070 - root - INFO - Completed generation 135; 1.1s elapsed, 1.9s avg, 2.5e+02s total. Expected time remaining: 1.2e+02s
2020-05-01 23:12:59,170 - root - INFO - #135 mean, min log_loss: 1e+01, 1.1
2020-05-01 23:13:00,254 - root - INFO - Completed generation 136; 1.1s elapsed, 1.9s avg, 2.5e+02s total. Expected time remaining: 1.2e+02s
2020-05-01 23:13:00,323 - root - INFO - #136 mean, min log_loss: 1.1e+01, 1.1
2020-05-01 23:13:01,398 - root - INFO - Completed generation 137; 1.1s elapsed, 1.9s avg, 2.6e+02s total. Expected time remaining: 1.2e+02s
2020-05-01 23:13:01,472 - root - INFO - #137 mean, min log_loss: 1.1e+01, 1.1
2020-05-01 23:13:02,525 - root - INFO - Completed generation 138; 1.1s elapsed, 1.9s avg, 2.6e+02s total. Expected time remaining: 1.2e+02s
2020-05-01 23:13:02,594 - root - INFO - #138 mean, min log_loss: 6.5, 1.1
2020-05-01 23:13:03,581 - root - INFO - Completed generation 139; 0.99s elapsed, 1.9s avg, 2.6e+02s total. Expected time remaining: 1.1e+02s
2020-05-01 23:13:03,649 - root - INFO - #139 mean, min log_loss: 1.1e+01, 1.1
2020-05-01 23:13:04,653 - root - INFO - Completed generation 140; 1.0s elapsed, 1.8s avg, 2.6e+02s total. Expected time remaining: 1.1e+02s
2020-05-01 23:13:04,722 - root - INFO - #140 mean, min log_loss: 1.1e+01, 1.1
2020-05-01 23:13:05,921 - root - INFO - Completed generation 141; 1.1s elapsed, 1.8s avg, 2.6e+02s total. Expected time remaining: 1.1e+02s
2020-05-01 23:13:05,990 - root - INFO - #141 mean, min log_loss: 1.2e+01, 1.1
2020-05-01 23:13:07,067 - root - INFO - Completed generation 142; 1.1s elapsed, 1.8s avg, 2.6e+02s total. Expected time remaining: 1.1e+02s
2020-05-01 23:13:07,175 - root - INFO - #142 mean, min log_loss: 1e+01, 1.1
2020-05-01 23:13:08,452 - root - INFO - Completed generation 143; 1.3s elapsed, 1.8s avg, 2.6e+02s total. Expected time remaining: 1e+02s
2020-05-01 23:13:08,561 - root - INFO - #143 mean, min log_loss: 6.5, 1.1
2020-05-01 23:13:09,877 - root - INFO - Completed generation 144; 1.3s elapsed, 1.8s avg, 2.6e+02s total. Expected time remaining: 1e+02s
2020-05-01 23:13:09,945 - root - INFO - #144 mean, min log_loss: 5.4, 1.1
2020-05-01 23:13:10,927 - root - INFO - Completed generation 145; 0.98s elapsed, 1.8s avg, 2.6e+02s total. Expected time remaining: 1e+02s
2020-05-01 23:13:10,996 - root - INFO - #145 mean, min log_loss: 1.2e+01, 1.1
2020-05-01 23:13:12,005 - root - INFO - Completed generation 146; 1.0s elapsed, 1.8s avg, 2.7e+02s total. Expected time remaining: 9.8e+01s
2020-05-01 23:13:12,074 - root - INFO - #146 mean, min log_loss: 7.7, 1.1
2020-05-01 23:13:14,657 - root - INFO - Completed generation 147; 2.6s elapsed, 1.8s avg, 2.7e+02s total. Expected time remaining: 9.7e+01s
2020-05-01 23:13:14,725 - root - INFO - #147 mean, min log_loss: 8.7, 1.1
2020-05-01 23:13:17,572 - root - INFO - Completed generation 148; 2.8s elapsed, 1.8s avg, 2.7e+02s total. Expected time remaining: 9.5e+01s
2020-05-01 23:13:17,639 - root - INFO - #148 mean, min log_loss: 1.2e+01, 1.1
2020-05-01 23:13:20,429 - root - INFO - Completed generation 149; 2.8s elapsed, 1.8s avg, 2.7e+02s total. Expected time remaining: 9.4e+01s
2020-05-01 23:13:20,497 - root - INFO - #149 mean, min log_loss: 1.1e+01, 1.1
2020-05-01 23:13:23,320 - root - INFO - Completed generation 150; 2.8s elapsed, 1.8s avg, 2.8e+02s total. Expected time remaining: 9.2e+01s
2020-05-01 23:13:23,388 - root - INFO - #150 mean, min log_loss: 1.1e+01, 1.1
2020-05-01 23:13:26,499 - root - INFO - Completed generation 151; 3.0s elapsed, 1.9s avg, 2.8e+02s total. Expected time remaining: 9.1e+01s
2020-05-01 23:13:26,607 - root - INFO - #151 mean, min log_loss: 1.2, 1.1
2020-05-01 23:13:29,984 - root - INFO - Completed generation 152; 3.4s elapsed, 1.9s avg, 2.8e+02s total. Expected time remaining: 8.9e+01s
2020-05-01 23:13:30,051 - root - INFO - #152 mean, min log_loss: 7.2, 1.1
2020-05-01 23:13:32,856 - root - INFO - Completed generation 153; 2.8s elapsed, 1.9s avg, 2.9e+02s total. Expected time remaining: 8.8e+01s
2020-05-01 23:13:32,969 - root - INFO - #153 mean, min log_loss: 1.2, 1.1
2020-05-01 23:13:34,503 - root - INFO - Completed generation 154; 1.5s elapsed, 1.9s avg, 2.9e+02s total. Expected time remaining: 8.6e+01s
2020-05-01 23:13:34,570 - root - INFO - #154 mean, min log_loss: 9.3, 1.1
2020-05-01 23:13:35,664 - root - INFO - Completed generation 155; 1.1s elapsed, 1.9s avg, 2.9e+02s total. Expected time remaining: 8.4e+01s
2020-05-01 23:13:35,731 - root - INFO - #155 mean, min log_loss: 1.2e+01, 1.1
2020-05-01 23:13:36,694 - root - INFO - Completed generation 156; 0.96s elapsed, 1.9s avg, 2.9e+02s total. Expected time remaining: 8.2e+01s
2020-05-01 23:13:36,761 - root - INFO - #156 mean, min log_loss: 1.1e+01, 1.1
2020-05-01 23:13:37,780 - root - INFO - Completed generation 157; 1.0s elapsed, 1.8s avg, 2.9e+02s total. Expected time remaining: 8e+01s
2020-05-01 23:13:37,847 - root - INFO - #157 mean, min log_loss: 1e+01, 1.1
2020-05-01 23:13:39,167 - root - INFO - Completed generation 158; 1.3s elapsed, 1.8s avg, 2.9e+02s total. Expected time remaining: 7.8e+01s
2020-05-01 23:13:39,239 - root - INFO - #158 mean, min log_loss: 1e+01, 1.1
2020-05-01 23:13:40,771 - root - INFO - Completed generation 159; 1.5s elapsed, 1.8s avg, 2.9e+02s total. Expected time remaining: 7.6e+01s
2020-05-01 23:13:40,879 - root - INFO - #159 mean, min log_loss: 9.5, 1.1
2020-05-01 23:13:43,420 - root - INFO - Completed generation 160; 2.5s elapsed, 1.8s avg, 3e+02s total. Expected time remaining: 7.4e+01s
2020-05-01 23:13:43,528 - root - INFO - #160 mean, min log_loss: 6.8, 1.0
2020-05-01 23:13:46,789 - root - INFO - Completed generation 161; 3.1s elapsed, 1.9s avg, 3e+02s total. Expected time remaining: 7.2e+01s
2020-05-01 23:13:46,858 - root - INFO - #161 mean, min log_loss: 1.2e+01, 1.0
2020-05-01 23:13:49,741 - root - INFO - Completed generation 162; 2.9s elapsed, 1.9s avg, 3e+02s total. Expected time remaining: 7.1e+01s
2020-05-01 23:13:49,808 - root - INFO - #162 mean, min log_loss: 5.7, 1.0
2020-05-01 23:13:52,607 - root - INFO - Completed generation 163; 2.8s elapsed, 1.9s avg, 3e+02s total. Expected time remaining: 6.9e+01s
2020-05-01 23:13:52,675 - root - INFO - #163 mean, min log_loss: 1.1e+01, 1.0
2020-05-01 23:13:54,617 - root - INFO - Completed generation 164; 1.9s elapsed, 1.9s avg, 3.1e+02s total. Expected time remaining: 6.7e+01s
2020-05-01 23:13:54,685 - root - INFO - #164 mean, min log_loss: 1.1e+01, 0.89
2020-05-01 23:13:56,388 - root - INFO - Completed generation 165; 1.7s elapsed, 1.9s avg, 3.1e+02s total. Expected time remaining: 6.5e+01s
2020-05-01 23:13:56,457 - root - INFO - #165 mean, min log_loss: 1.6e+01, 0.89
2020-05-01 23:13:58,422 - root - INFO - Completed generation 166; 2.0s elapsed, 1.9s avg, 3.1e+02s total. Expected time remaining: 6.4e+01s
2020-05-01 23:13:58,490 - root - INFO - #166 mean, min log_loss: 1.1e+01, 0.89
2020-05-01 23:14:00,288 - root - INFO - Completed generation 167; 1.8s elapsed, 1.9s avg, 3.1e+02s total. Expected time remaining: 6.2e+01s
2020-05-01 23:14:00,356 - root - INFO - #167 mean, min log_loss: 1.4e+01, 0.89
2020-05-01 23:14:03,273 - root - INFO - Completed generation 168; 2.9s elapsed, 1.9s avg, 3.1e+02s total. Expected time remaining: 6e+01s
2020-05-01 23:14:03,342 - root - INFO - #168 mean, min log_loss: 7.1, 0.89
2020-05-01 23:14:05,274 - root - INFO - Completed generation 169; 1.9s elapsed, 1.9s avg, 3.2e+02s total. Expected time remaining: 5.8e+01s
2020-05-01 23:14:05,343 - root - INFO - #169 mean, min log_loss: 1.3e+01, 0.84
2020-05-01 23:14:07,288 - root - INFO - Completed generation 170; 1.9s elapsed, 1.9s avg, 3.2e+02s total. Expected time remaining: 5.6e+01s
2020-05-01 23:14:07,399 - root - INFO - #170 mean, min log_loss: 1.3e+01, 0.84
2020-05-01 23:14:10,200 - root - INFO - Completed generation 171; 2.6s elapsed, 1.9s avg, 3.2e+02s total. Expected time remaining: 5.4e+01s
2020-05-01 23:14:10,268 - root - INFO - #171 mean, min log_loss: 1e+01, 0.82
2020-05-01 23:14:12,218 - root - INFO - Completed generation 172; 1.9s elapsed, 1.9s avg, 3.2e+02s total. Expected time remaining: 5.3e+01s
2020-05-01 23:14:12,287 - root - INFO - #172 mean, min log_loss: 9.2, 0.82
2020-05-01 23:14:13,863 - root - INFO - Completed generation 173; 1.6s elapsed, 1.9s avg, 3.2e+02s total. Expected time remaining: 5.1e+01s
2020-05-01 23:14:13,930 - root - INFO - #173 mean, min log_loss: 1.3e+01, 0.82
2020-05-01 23:14:16,830 - root - INFO - Completed generation 174; 2.9s elapsed, 1.9s avg, 3.3e+02s total. Expected time remaining: 4.9e+01s
2020-05-01 23:14:16,897 - root - INFO - #174 mean, min log_loss: 6.9, 0.73
2020-05-01 23:14:19,434 - root - INFO - Completed generation 175; 2.5s elapsed, 1.9s avg, 3.3e+02s total. Expected time remaining: 4.7e+01s
2020-05-01 23:14:19,501 - root - INFO - #175 mean, min log_loss: 2e+01, 0.69
2020-05-01 23:14:21,815 - root - INFO - Completed generation 176; 2.3s elapsed, 1.9s avg, 3.3e+02s total. Expected time remaining: 4.5e+01s
2020-05-01 23:14:21,882 - root - INFO - #176 mean, min log_loss: 1.6e+01, 0.58
2020-05-01 23:14:23,840 - root - INFO - Completed generation 177; 2.0s elapsed, 1.9s avg, 3.3e+02s total. Expected time remaining: 4.3e+01s
2020-05-01 23:14:23,909 - root - INFO - #177 mean, min log_loss: 1.8e+01, 0.58
2020-05-01 23:14:26,763 - root - INFO - Completed generation 178; 2.9s elapsed, 1.9s avg, 3.4e+02s total. Expected time remaining: 4.2e+01s
2020-05-01 23:14:26,874 - root - INFO - #178 mean, min log_loss: 1.6e+01, 0.54
2020-05-01 23:14:29,135 - root - INFO - Completed generation 179; 2.3s elapsed, 1.9s avg, 3.4e+02s total. Expected time remaining: 4e+01s
2020-05-01 23:14:29,204 - root - INFO - #179 mean, min log_loss: 2.3e+01, 0.54
2020-05-01 23:14:31,208 - root - INFO - Completed generation 180; 2.0s elapsed, 1.9s avg, 3.4e+02s total. Expected time remaining: 3.8e+01s
2020-05-01 23:14:31,278 - root - INFO - #180 mean, min log_loss: 1.9e+01, 0.5
2020-05-01 23:14:33,060 - root - INFO - Completed generation 181; 1.7s elapsed, 1.9s avg, 3.4e+02s total. Expected time remaining: 3.6e+01s
2020-05-01 23:14:33,128 - root - INFO - #181 mean, min log_loss: 1.9e+01, 0.5
2020-05-01 23:14:34,805 - root - INFO - Completed generation 182; 1.7s elapsed, 1.9s avg, 3.4e+02s total. Expected time remaining: 3.4e+01s
2020-05-01 23:14:34,874 - root - INFO - #182 mean, min log_loss: 1.8e+01, 0.5
2020-05-01 23:14:36,807 - root - INFO - Completed generation 183; 1.9s elapsed, 1.9s avg, 3.5e+02s total. Expected time remaining: 3.2e+01s
2020-05-01 23:14:36,876 - root - INFO - #183 mean, min log_loss: 9.2, 0.5
2020-05-01 23:14:38,555 - root - INFO - Completed generation 184; 1.7s elapsed, 1.9s avg, 3.5e+02s total. Expected time remaining: 3e+01s
2020-05-01 23:14:38,624 - root - INFO - #184 mean, min log_loss: 1.5e+01, 0.5
2020-05-01 23:14:40,225 - root - INFO - Completed generation 185; 1.6s elapsed, 1.9s avg, 3.5e+02s total. Expected time remaining: 2.8e+01s
2020-05-01 23:14:40,292 - root - INFO - #185 mean, min log_loss: 2.3e+01, 0.5
2020-05-01 23:14:41,739 - root - INFO - Completed generation 186; 1.4s elapsed, 1.9s avg, 3.5e+02s total. Expected time remaining: 2.6e+01s
2020-05-01 23:14:41,806 - root - INFO - #186 mean, min log_loss: 1.6e+01, 0.5
2020-05-01 23:14:43,792 - root - INFO - Completed generation 187; 2.0s elapsed, 1.9s avg, 3.5e+02s total. Expected time remaining: 2.5e+01s
2020-05-01 23:14:43,859 - root - INFO - #187 mean, min log_loss: 1.8e+01, 0.5
2020-05-01 23:14:46,196 - root - INFO - Completed generation 188; 2.3s elapsed, 1.9s avg, 3.6e+02s total. Expected time remaining: 2.3e+01s
2020-05-01 23:14:46,264 - root - INFO - #188 mean, min log_loss: 1.5e+01, 0.5
2020-05-01 23:14:47,732 - root - INFO - Completed generation 189; 1.5s elapsed, 1.9s avg, 3.6e+02s total. Expected time remaining: 2.1e+01s
2020-05-01 23:14:47,832 - root - INFO - #189 mean, min log_loss: 1.8e+01, 0.5
2020-05-01 23:14:49,643 - root - INFO - Completed generation 190; 1.8s elapsed, 1.9s avg, 3.6e+02s total. Expected time remaining: 1.9e+01s
2020-05-01 23:14:49,712 - root - INFO - #190 mean, min log_loss: 1.9e+01, 0.5
2020-05-01 23:14:52,093 - root - INFO - Completed generation 191; 2.3s elapsed, 1.9s avg, 3.6e+02s total. Expected time remaining: 1.7e+01s
2020-05-01 23:14:52,162 - root - INFO - #191 mean, min log_loss: 1.2e+01, 0.5
2020-05-01 23:14:54,784 - root - INFO - Completed generation 192; 2.6s elapsed, 1.9s avg, 3.6e+02s total. Expected time remaining: 1.5e+01s
2020-05-01 23:14:54,874 - root - INFO - #192 mean, min log_loss: 1.1e+01, 0.5
2020-05-01 23:14:57,055 - root - INFO - Completed generation 193; 2.2s elapsed, 1.9s avg, 3.7e+02s total. Expected time remaining: 1.3e+01s
2020-05-01 23:14:57,124 - root - INFO - #193 mean, min log_loss: 7.2, 0.49
2020-05-01 23:14:58,879 - root - INFO - Completed generation 194; 1.8s elapsed, 1.9s avg, 3.7e+02s total. Expected time remaining: 1.1e+01s
2020-05-01 23:14:58,947 - root - INFO - #194 mean, min log_loss: 1.6e+01, 0.49
2020-05-01 23:15:00,840 - root - INFO - Completed generation 195; 1.9s elapsed, 1.9s avg, 3.7e+02s total. Expected time remaining: 9.5s
2020-05-01 23:15:00,908 - root - INFO - #195 mean, min log_loss: 1.9e+01, 0.49
2020-05-01 23:15:02,631 - root - INFO - Completed generation 196; 1.7s elapsed, 1.9s avg, 3.7e+02s total. Expected time remaining: 7.6s
2020-05-01 23:15:02,741 - root - INFO - #196 mean, min log_loss: 1.6e+01, 0.49
2020-05-01 23:15:05,097 - root - INFO - Completed generation 197; 2.4s elapsed, 1.9s avg, 3.7e+02s total. Expected time remaining: 5.7s
2020-05-01 23:15:05,193 - root - INFO - #197 mean, min log_loss: 1.4e+01, 0.49
2020-05-01 23:15:07,563 - root - INFO - Completed generation 198; 2.4s elapsed, 1.9s avg, 3.8e+02s total. Expected time remaining: 3.8s
2020-05-01 23:15:07,631 - root - INFO - #198 mean, min log_loss: 2.2e+01, 0.46
2020-05-01 23:15:09,532 - root - INFO - Completed generation 199; 1.9s elapsed, 1.9s avg, 3.8e+02s total. Expected time remaining: 1.9s
2020-05-01 23:15:09,634 - root - INFO - #199 mean, min log_loss: 1.9e+01, 0.46
2020-05-01 23:15:11,469 - root - INFO - Completed generation 200; 1.8s elapsed, 1.9s avg, 3.8e+02s total. Expected time remaining: 0.0s
2020-05-01 23:15:11,537 - root - INFO - #200 mean, min log_loss: 1.6e+01, 0.44
2020-05-01 23:15:11,748 - root - INFO - Evaluating indivs in hall of fame.
2020-05-01 23:15:23,670 - root - INFO - Completed excution.
