2020-08-01 20:07:57,253 - root - INFO - Package version 0.1.1
2020-08-01 20:07:57,253 - root - INFO - Saving data at /vol/fob-vol1/mi15/plonerma/Lab/rewann/data/2020-08-01_Iris edge signs True uniform 1,5 2_000.
2020-08-01 20:07:57,253 - root - DEBUG - Loading training dataset
2020-08-01 20:07:57,315 - root - DEBUG - Loaded 150 samples.
2020-08-01 20:07:57,315 - root - DEBUG - Running experiments with the following parameters:
debug = false
experiment_name = "Iris edge signs True uniform 1,5 2"
experiment_path = "data/2020-08-01_Iris edge signs True uniform 1,5 2_000"

[config]
num_workers = 1
debug = true
backend = "numpy"

[postopt]
run_postopt = true
compile_report = false
num_weights = 100
num_samples = -1

[sampling]
seed = 2
post_init_seed = false
distribution = "uniform"
lower_bound = 1
upper_bound = 5
mean = 0
sigma = 1
num_weights_per_iteration = 5
num_samples_per_iteration = -1
hof_evaluation_iterations = 20

[task]
name = "iris"
sample_order_seed = 0
test_portion = 0.2
sample_length = 10
num_categories = 8

[storage]
data_base_path = "data"
log_filename = "execution.log"
commit_elite_freq = -1
commit_metrics_freq = 10

[population]
num_generations = 200
size = 100
initial_enabled_edge_prob = 0.05
initial_genes = "full"
hof_size = 10
enable_edge_signs = true
enabled_activation_funcs = "all"

[selection]
use_tournaments = true
elite_ratio = 0.1
culling_ratio = 0.2
tournament_size = 5
objectives = [ "-log_loss.min", "-log_loss.mean", "-n_hidden",]
recorded_metrics = [ "accuracy", "kappa", "log_loss",]
hof_metric = "accuracy.mean"

[mutation.new_edge]
probability = 0.2
strategy = "layer_agnostic"

[mutation.new_node]
probability = 0.3

[mutation.reenable_edge]
probability = 0.1

[mutation.change_activation]
probability = 0.4

[mutation.change_edge_sign]
probability = 0.4

[mutation.new_recurrent_edge]
probability = 0.2
strategy = "any"

2020-08-01 20:07:57,350 - root - INFO - Starting evolutionary algorithm
2020-08-01 20:07:57,372 - root - DEBUG - Sampled weight [4.72504821 4.41524796 4.89524198 2.32986733 2.69579507]
2020-08-01 20:07:58,411 - root - DEBUG - Updating hall of fame
2020-08-01 20:08:00,280 - root - INFO - Completed generation 1; 2.9s elapsed, 2.9s avg, 2.9s total. Expected time remaining: 5.8e+02s
2020-08-01 20:08:00,348 - root - INFO - #1 MAX:accuracy.mean: 0.67
2020-08-01 20:08:00,387 - root - DEBUG - Sampled weight [3.89253509 1.29002936 3.73107884 3.49439345 1.48352812]
2020-08-01 20:08:01,406 - root - DEBUG - Updating hall of fame
2020-08-01 20:08:03,290 - root - INFO - Completed generation 2; 2.9s elapsed, 2.9s avg, 5.9s total. Expected time remaining: 5.8e+02s
2020-08-01 20:08:03,353 - root - INFO - #2 MAX:accuracy.mean: 0.34
2020-08-01 20:08:03,395 - root - DEBUG - Sampled weight [4.20775699 2.75101401 2.25456741 2.26395019 4.07092471]
2020-08-01 20:08:04,486 - root - DEBUG - Updating hall of fame
2020-08-01 20:08:06,367 - root - INFO - Completed generation 3; 3.0s elapsed, 3.0s avg, 8.9s total. Expected time remaining: 5.8e+02s
2020-08-01 20:08:06,427 - root - INFO - #3 MAX:accuracy.mean: 0.37
2020-08-01 20:08:06,467 - root - DEBUG - Sampled weight [4.71734581 1.20281372 4.56631208 3.55639842 1.22731483]
2020-08-01 20:08:07,496 - root - DEBUG - Updating hall of fame
2020-08-01 20:08:08,933 - root - INFO - Completed generation 4; 2.5s elapsed, 2.8s avg, 1.1e+01s total. Expected time remaining: 5.6e+02s
2020-08-01 20:08:08,993 - root - INFO - #4 MAX:accuracy.mean: 0.38
2020-08-01 20:08:09,033 - root - DEBUG - Sampled weight [4.20199882 2.23262011 3.30642891 1.98930161 3.89005225]
2020-08-01 20:08:10,072 - root - DEBUG - Updating hall of fame
2020-08-01 20:08:11,338 - root - INFO - Completed generation 5; 2.3s elapsed, 2.7s avg, 1.4e+01s total. Expected time remaining: 5.4e+02s
2020-08-01 20:08:11,397 - root - INFO - #5 MAX:accuracy.mean: 0.4
2020-08-01 20:08:11,437 - root - DEBUG - Sampled weight [1.58943558 2.50927168 4.04917719 2.15363357 3.9279585 ]
2020-08-01 20:08:12,473 - root - DEBUG - Updating hall of fame
2020-08-01 20:08:13,923 - root - INFO - Completed generation 6; 2.5s elapsed, 2.7s avg, 1.6e+01s total. Expected time remaining: 5.3e+02s
2020-08-01 20:08:13,983 - root - INFO - #6 MAX:accuracy.mean: 0.35
2020-08-01 20:08:14,023 - root - DEBUG - Sampled weight [2.15330926 1.75673416 4.78030547 3.34172404 3.12817182]
2020-08-01 20:08:15,052 - root - DEBUG - Updating hall of fame
2020-08-01 20:08:16,833 - root - INFO - Completed generation 7; 2.8s elapsed, 2.7s avg, 1.9e+01s total. Expected time remaining: 5.3e+02s
2020-08-01 20:08:16,893 - root - INFO - #7 MAX:accuracy.mean: 0.65
2020-08-01 20:08:16,932 - root - DEBUG - Sampled weight [2.21157216 3.00043632 4.52861562 4.38338744 1.51147796]
2020-08-01 20:08:17,969 - root - DEBUG - Updating hall of fame
2020-08-01 20:08:19,587 - root - INFO - Completed generation 8; 2.7s elapsed, 2.7s avg, 2.2e+01s total. Expected time remaining: 5.2e+02s
2020-08-01 20:08:19,648 - root - INFO - #8 MAX:accuracy.mean: 0.64
2020-08-01 20:08:19,687 - root - DEBUG - Sampled weight [1.29854819 4.52522377 1.43970083 2.57227678 4.05019185]
2020-08-01 20:08:20,718 - root - DEBUG - Updating hall of fame
2020-08-01 20:08:22,150 - root - INFO - Completed generation 9; 2.5s elapsed, 2.7s avg, 2.4e+01s total. Expected time remaining: 5.2e+02s
2020-08-01 20:08:22,210 - root - INFO - #9 MAX:accuracy.mean: 0.66
2020-08-01 20:08:22,249 - root - DEBUG - Sampled weight [2.38184904 2.57570347 1.08076115 4.06275996 1.47879907]
2020-08-01 20:08:23,286 - root - DEBUG - Updating hall of fame
2020-08-01 20:08:24,379 - root - INFO - Completed generation 10; 2.2s elapsed, 2.6s avg, 2.6e+01s total. Expected time remaining: 5e+02s
2020-08-01 20:08:24,439 - root - INFO - #10 MAX:accuracy.mean: 0.67
2020-08-01 20:08:24,551 - root - DEBUG - Sampled weight [4.49126125 3.95614144 1.92906533 2.81429345 1.40974145]
2020-08-01 20:08:25,591 - root - DEBUG - Updating hall of fame
2020-08-01 20:08:26,846 - root - INFO - Completed generation 11; 2.3s elapsed, 2.6s avg, 2.9e+01s total. Expected time remaining: 5e+02s
2020-08-01 20:08:26,906 - root - INFO - #11 MAX:accuracy.mean: 0.66
2020-08-01 20:08:26,944 - root - DEBUG - Sampled weight [3.37347148 3.76778063 3.6622101  4.58274562 1.2323174 ]
2020-08-01 20:08:27,979 - root - DEBUG - Updating hall of fame
2020-08-01 20:08:29,073 - root - INFO - Completed generation 12; 2.2s elapsed, 2.6s avg, 3.1e+01s total. Expected time remaining: 4.9e+02s
2020-08-01 20:08:29,133 - root - INFO - #12 MAX:accuracy.mean: 0.67
2020-08-01 20:08:29,172 - root - DEBUG - Sampled weight [1.00487584 3.25018453 1.83129371 1.69507272 2.87826746]
2020-08-01 20:08:30,219 - root - DEBUG - Updating hall of fame
2020-08-01 20:08:31,694 - root - INFO - Completed generation 13; 2.6s elapsed, 2.6s avg, 3.4e+01s total. Expected time remaining: 4.8e+02s
2020-08-01 20:08:31,754 - root - INFO - #13 MAX:accuracy.mean: 0.67
2020-08-01 20:08:31,793 - root - DEBUG - Sampled weight [3.94918513 2.23332851 2.82567862 2.04989791 2.59607141]
2020-08-01 20:08:32,836 - root - DEBUG - Updating hall of fame
2020-08-01 20:08:34,094 - root - INFO - Completed generation 14; 2.3s elapsed, 2.6s avg, 3.6e+01s total. Expected time remaining: 4.8e+02s
2020-08-01 20:08:34,155 - root - INFO - #14 MAX:accuracy.mean: 0.67
2020-08-01 20:08:34,195 - root - DEBUG - Sampled weight [2.15643566 4.03317621 4.90392921 3.73255434 2.66663543]
2020-08-01 20:08:35,241 - root - DEBUG - Updating hall of fame
2020-08-01 20:08:36,320 - root - INFO - Completed generation 15; 2.2s elapsed, 2.5s avg, 3.8e+01s total. Expected time remaining: 4.7e+02s
2020-08-01 20:08:36,380 - root - INFO - #15 MAX:accuracy.mean: 0.67
2020-08-01 20:08:36,420 - root - DEBUG - Sampled weight [3.23612401 1.99167415 2.81459351 3.90260347 4.68830322]
2020-08-01 20:08:37,456 - root - DEBUG - Updating hall of fame
2020-08-01 20:08:38,014 - root - INFO - Completed generation 16; 1.6s elapsed, 2.5s avg, 4e+01s total. Expected time remaining: 4.6e+02s
2020-08-01 20:08:38,074 - root - INFO - #16 MAX:accuracy.mean: 0.67
2020-08-01 20:08:38,113 - root - DEBUG - Sampled weight [4.71104649 3.6264316  3.76760891 2.82579174 3.46705048]
2020-08-01 20:08:39,156 - root - DEBUG - Updating hall of fame
2020-08-01 20:08:39,887 - root - INFO - Completed generation 17; 1.8s elapsed, 2.4s avg, 4.1e+01s total. Expected time remaining: 4.5e+02s
2020-08-01 20:08:39,947 - root - INFO - #17 MAX:accuracy.mean: 0.67
2020-08-01 20:08:39,986 - root - DEBUG - Sampled weight [2.05648248 2.26077554 4.1266219  2.30894864 4.98587271]
2020-08-01 20:08:41,036 - root - DEBUG - Updating hall of fame
2020-08-01 20:08:42,532 - root - INFO - Completed generation 18; 2.6s elapsed, 2.4s avg, 4.4e+01s total. Expected time remaining: 4.5e+02s
2020-08-01 20:08:42,592 - root - INFO - #18 MAX:accuracy.mean: 0.67
2020-08-01 20:08:42,632 - root - DEBUG - Sampled weight [1.98561669 2.64014925 2.35317305 1.45179544 1.90741632]
2020-08-01 20:08:43,685 - root - DEBUG - Updating hall of fame
2020-08-01 20:08:44,986 - root - INFO - Completed generation 19; 2.4s elapsed, 2.4s avg, 4.6e+01s total. Expected time remaining: 4.4e+02s
2020-08-01 20:08:45,046 - root - INFO - #19 MAX:accuracy.mean: 0.72
2020-08-01 20:08:45,085 - root - DEBUG - Sampled weight [4.55948424 1.16429465 2.74670149 4.595497   2.65808185]
2020-08-01 20:08:46,136 - root - DEBUG - Updating hall of fame
2020-08-01 20:08:47,597 - root - INFO - Completed generation 20; 2.6s elapsed, 2.5s avg, 4.9e+01s total. Expected time remaining: 4.4e+02s
2020-08-01 20:08:47,656 - root - INFO - #20 MAX:accuracy.mean: 0.71
2020-08-01 20:08:47,754 - root - DEBUG - Sampled weight [1.83057437 3.12955623 2.55117997 3.35780155 4.56650156]
2020-08-01 20:08:48,804 - root - DEBUG - Updating hall of fame
2020-08-01 20:08:49,751 - root - INFO - Completed generation 21; 2.0s elapsed, 2.4s avg, 5.1e+01s total. Expected time remaining: 4.4e+02s
2020-08-01 20:08:49,811 - root - INFO - #21 MAX:accuracy.mean: 0.69
2020-08-01 20:08:49,851 - root - DEBUG - Sampled weight [4.12352164 1.30526878 3.45219412 4.28547548 4.71500681]
2020-08-01 20:08:50,910 - root - DEBUG - Updating hall of fame
2020-08-01 20:08:52,222 - root - INFO - Completed generation 22; 2.4s elapsed, 2.4s avg, 5.3e+01s total. Expected time remaining: 4.3e+02s
2020-08-01 20:08:52,282 - root - INFO - #22 MAX:accuracy.mean: 0.71
2020-08-01 20:08:52,323 - root - DEBUG - Sampled weight [4.01060606 4.40115795 3.9023903  2.68769695 3.30150079]
2020-08-01 20:08:53,374 - root - DEBUG - Updating hall of fame
2020-08-01 20:08:53,955 - root - INFO - Completed generation 23; 1.7s elapsed, 2.4s avg, 5.5e+01s total. Expected time remaining: 4.2e+02s
2020-08-01 20:08:54,015 - root - INFO - #23 MAX:accuracy.mean: 0.67
2020-08-01 20:08:54,054 - root - DEBUG - Sampled weight [2.52312998 3.55888117 2.45466769 4.61586419 2.97511328]
2020-08-01 20:08:55,116 - root - DEBUG - Updating hall of fame
2020-08-01 20:08:56,052 - root - INFO - Completed generation 24; 2.0s elapsed, 2.4s avg, 5.7e+01s total. Expected time remaining: 4.2e+02s
2020-08-01 20:08:56,113 - root - INFO - #24 MAX:accuracy.mean: 0.7
2020-08-01 20:08:56,152 - root - DEBUG - Sampled weight [1.19562522 1.9930645  2.93251363 4.85515469 1.33356474]
2020-08-01 20:08:57,202 - root - DEBUG - Updating hall of fame
2020-08-01 20:08:58,493 - root - INFO - Completed generation 25; 2.4s elapsed, 2.4s avg, 6e+01s total. Expected time remaining: 4.2e+02s
2020-08-01 20:08:58,554 - root - INFO - #25 MAX:accuracy.mean: 0.77
2020-08-01 20:08:58,593 - root - DEBUG - Sampled weight [3.65005302 4.96209608 1.71480168 2.00985674 3.87026718]
2020-08-01 20:08:59,641 - root - DEBUG - Updating hall of fame
2020-08-01 20:09:00,597 - root - INFO - Completed generation 26; 2.0s elapsed, 2.4s avg, 6.2e+01s total. Expected time remaining: 4.1e+02s
2020-08-01 20:09:00,656 - root - INFO - #26 MAX:accuracy.mean: 0.71
2020-08-01 20:09:00,696 - root - DEBUG - Sampled weight [1.32660091 2.66477205 2.35080136 4.41885434 1.40190717]
2020-08-01 20:09:01,751 - root - DEBUG - Updating hall of fame
2020-08-01 20:09:02,707 - root - INFO - Completed generation 27; 2.1s elapsed, 2.4s avg, 6.4e+01s total. Expected time remaining: 4.1e+02s
2020-08-01 20:09:02,767 - root - INFO - #27 MAX:accuracy.mean: 0.76
2020-08-01 20:09:02,808 - root - DEBUG - Sampled weight [4.17007521 2.30660845 1.49872515 4.18105175 3.03829331]
2020-08-01 20:09:03,920 - root - DEBUG - Updating hall of fame
2020-08-01 20:09:04,923 - root - INFO - Completed generation 28; 2.2s elapsed, 2.4s avg, 6.6e+01s total. Expected time remaining: 4e+02s
2020-08-01 20:09:04,988 - root - INFO - #28 MAX:accuracy.mean: 0.73
2020-08-01 20:09:05,031 - root - DEBUG - Sampled weight [2.02482509 2.18124251 2.07317591 2.22319167 2.39325584]
2020-08-01 20:09:06,174 - root - DEBUG - Updating hall of fame
2020-08-01 20:09:06,949 - root - INFO - Completed generation 29; 2.0s elapsed, 2.3s avg, 6.8e+01s total. Expected time remaining: 4e+02s
2020-08-01 20:09:07,011 - root - INFO - #29 MAX:accuracy.mean: 0.76
2020-08-01 20:09:07,052 - root - DEBUG - Sampled weight [3.646304   4.45330201 1.06111469 2.31260776 4.5368031 ]
2020-08-01 20:09:08,149 - root - DEBUG - Updating hall of fame
2020-08-01 20:09:09,305 - root - INFO - Completed generation 30; 2.3s elapsed, 2.3s avg, 7e+01s total. Expected time remaining: 4e+02s
2020-08-01 20:09:09,367 - root - INFO - #30 MAX:accuracy.mean: 0.71
2020-08-01 20:09:09,478 - root - DEBUG - Sampled weight [2.03280763 4.54065482 3.44401946 2.69999865 2.30555115]
2020-08-01 20:09:10,569 - root - DEBUG - Updating hall of fame
2020-08-01 20:09:11,128 - root - INFO - Completed generation 31; 1.7s elapsed, 2.3s avg, 7.2e+01s total. Expected time remaining: 3.9e+02s
2020-08-01 20:09:11,188 - root - INFO - #31 MAX:accuracy.mean: 0.71
2020-08-01 20:09:11,227 - root - DEBUG - Sampled weight [3.08056645 2.39267244 2.05975365 1.93823616 3.91419566]
2020-08-01 20:09:12,288 - root - DEBUG - Updating hall of fame
2020-08-01 20:09:13,401 - root - INFO - Completed generation 32; 2.2s elapsed, 2.3s avg, 7.4e+01s total. Expected time remaining: 3.9e+02s
2020-08-01 20:09:13,461 - root - INFO - #32 MAX:accuracy.mean: 0.77
2020-08-01 20:09:13,501 - root - DEBUG - Sampled weight [3.90181073 1.86152099 4.62994415 3.43121164 2.43334406]
2020-08-01 20:09:14,572 - root - DEBUG - Updating hall of fame
2020-08-01 20:09:15,693 - root - INFO - Completed generation 33; 2.2s elapsed, 2.3s avg, 7.6e+01s total. Expected time remaining: 3.9e+02s
2020-08-01 20:09:15,753 - root - INFO - #33 MAX:accuracy.mean: 0.74
2020-08-01 20:09:15,793 - root - DEBUG - Sampled weight [3.46027767 4.97413613 3.09479911 4.40642475 2.79081947]
2020-08-01 20:09:16,856 - root - DEBUG - Updating hall of fame
2020-08-01 20:09:17,622 - root - INFO - Completed generation 34; 1.9s elapsed, 2.3s avg, 7.8e+01s total. Expected time remaining: 3.8e+02s
2020-08-01 20:09:17,682 - root - INFO - #34 MAX:accuracy.mean: 0.72
2020-08-01 20:09:17,722 - root - DEBUG - Sampled weight [3.50826588 1.84288865 1.12833977 2.17390204 1.32173444]
2020-08-01 20:09:18,792 - root - DEBUG - Updating hall of fame
2020-08-01 20:09:19,181 - root - INFO - Completed generation 35; 1.5s elapsed, 2.3s avg, 8e+01s total. Expected time remaining: 3.8e+02s
2020-08-01 20:09:19,241 - root - INFO - #35 MAX:accuracy.mean: 0.79
2020-08-01 20:09:19,281 - root - DEBUG - Sampled weight [3.3179757  4.01623316 4.76414425 3.20851731 1.52999987]
2020-08-01 20:09:20,334 - root - DEBUG - Updating hall of fame
2020-08-01 20:09:21,454 - root - INFO - Completed generation 36; 2.2s elapsed, 2.3s avg, 8.2e+01s total. Expected time remaining: 3.7e+02s
2020-08-01 20:09:21,514 - root - INFO - #36 MAX:accuracy.mean: 0.71
2020-08-01 20:09:21,554 - root - DEBUG - Sampled weight [2.87323555 2.38486201 1.29502772 2.44408778 3.58469084]
2020-08-01 20:09:22,617 - root - DEBUG - Updating hall of fame
2020-08-01 20:09:23,194 - root - INFO - Completed generation 37; 1.7s elapsed, 2.3s avg, 8.3e+01s total. Expected time remaining: 3.7e+02s
2020-08-01 20:09:23,358 - root - INFO - #37 MAX:accuracy.mean: 0.75
2020-08-01 20:09:23,398 - root - DEBUG - Sampled weight [4.62315262 1.34042661 2.90861778 4.72290445 2.8548474 ]
2020-08-01 20:09:24,453 - root - DEBUG - Updating hall of fame
2020-08-01 20:09:25,726 - root - INFO - Completed generation 38; 2.4s elapsed, 2.3s avg, 8.6e+01s total. Expected time remaining: 3.7e+02s
2020-08-01 20:09:25,786 - root - INFO - #38 MAX:accuracy.mean: 0.72
2020-08-01 20:09:25,827 - root - DEBUG - Sampled weight [1.44630275 1.54428134 4.75153033 2.5223557  4.19260056]
2020-08-01 20:09:26,898 - root - DEBUG - Updating hall of fame
2020-08-01 20:09:27,499 - root - INFO - Completed generation 39; 1.7s elapsed, 2.2s avg, 8.8e+01s total. Expected time remaining: 3.6e+02s
2020-08-01 20:09:27,559 - root - INFO - #39 MAX:accuracy.mean: 0.74
2020-08-01 20:09:27,599 - root - DEBUG - Sampled weight [2.44912125 3.02904646 2.17144639 3.53564506 4.62585629]
2020-08-01 20:09:28,670 - root - DEBUG - Updating hall of fame
2020-08-01 20:09:29,632 - root - INFO - Completed generation 40; 2.1s elapsed, 2.2s avg, 9e+01s total. Expected time remaining: 3.6e+02s
2020-08-01 20:09:29,692 - root - INFO - #40 MAX:accuracy.mean: 0.72
2020-08-01 20:09:29,793 - root - DEBUG - Sampled weight [1.28538391 3.58191825 3.8285495  4.22296567 2.69273172]
2020-08-01 20:09:30,870 - root - DEBUG - Updating hall of fame
2020-08-01 20:09:31,816 - root - INFO - Completed generation 41; 2.1s elapsed, 2.2s avg, 9.2e+01s total. Expected time remaining: 3.6e+02s
2020-08-01 20:09:31,876 - root - INFO - #41 MAX:accuracy.mean: 0.72
2020-08-01 20:09:31,917 - root - DEBUG - Sampled weight [3.42273519 3.3729881  2.67365628 3.26204503 3.72422848]
2020-08-01 20:09:33,016 - root - DEBUG - Updating hall of fame
2020-08-01 20:09:33,855 - root - INFO - Completed generation 42; 2.0s elapsed, 2.2s avg, 9.4e+01s total. Expected time remaining: 3.5e+02s
2020-08-01 20:09:33,920 - root - INFO - #42 MAX:accuracy.mean: 0.71
2020-08-01 20:09:33,963 - root - DEBUG - Sampled weight [1.98823007 2.99725098 1.97694813 3.37490703 1.64121366]
2020-08-01 20:09:35,068 - root - DEBUG - Updating hall of fame
2020-08-01 20:09:36,011 - root - INFO - Completed generation 43; 2.1s elapsed, 2.2s avg, 9.6e+01s total. Expected time remaining: 3.5e+02s
2020-08-01 20:09:36,071 - root - INFO - #43 MAX:accuracy.mean: 0.74
2020-08-01 20:09:36,112 - root - DEBUG - Sampled weight [2.09743564 3.33612377 3.0455344  1.67028925 3.93019366]
2020-08-01 20:09:37,197 - root - DEBUG - Updating hall of fame
2020-08-01 20:09:38,146 - root - INFO - Completed generation 44; 2.1s elapsed, 2.2s avg, 9.8e+01s total. Expected time remaining: 3.5e+02s
2020-08-01 20:09:38,207 - root - INFO - #44 MAX:accuracy.mean: 0.87
2020-08-01 20:09:38,246 - root - DEBUG - Sampled weight [3.07393503 4.96856581 2.3386565  1.38904648 1.16282884]
2020-08-01 20:09:39,331 - root - DEBUG - Updating hall of fame
2020-08-01 20:09:40,098 - root - INFO - Completed generation 45; 1.9s elapsed, 2.2s avg, 1e+02s total. Expected time remaining: 3.4e+02s
2020-08-01 20:09:40,159 - root - INFO - #45 MAX:accuracy.mean: 0.79
2020-08-01 20:09:40,199 - root - DEBUG - Sampled weight [2.2977879  3.63922866 4.97086856 1.29496257 1.34411041]
2020-08-01 20:09:41,298 - root - DEBUG - Updating hall of fame
2020-08-01 20:09:41,885 - root - INFO - Completed generation 46; 1.7s elapsed, 2.2s avg, 1e+02s total. Expected time remaining: 3.4e+02s
2020-08-01 20:09:41,945 - root - INFO - #46 MAX:accuracy.mean: 0.75
2020-08-01 20:09:41,986 - root - DEBUG - Sampled weight [4.98296039 4.81529088 3.66378729 4.5481693  4.33724684]
2020-08-01 20:09:43,081 - root - DEBUG - Updating hall of fame
2020-08-01 20:09:43,676 - root - INFO - Completed generation 47; 1.7s elapsed, 2.2s avg, 1e+02s total. Expected time remaining: 3.4e+02s
2020-08-01 20:09:43,736 - root - INFO - #47 MAX:accuracy.mean: 0.72
2020-08-01 20:09:43,777 - root - DEBUG - Sampled weight [2.80224736 3.20020408 4.24057926 3.75665155 3.5322032 ]
2020-08-01 20:09:44,881 - root - DEBUG - Updating hall of fame
2020-08-01 20:09:45,261 - root - INFO - Completed generation 48; 1.5s elapsed, 2.2s avg, 1e+02s total. Expected time remaining: 3.3e+02s
2020-08-01 20:09:45,322 - root - INFO - #48 MAX:accuracy.mean: 0.71
2020-08-01 20:09:45,362 - root - DEBUG - Sampled weight [3.37496832 2.56232178 1.29776128 3.78286773 1.78228074]
2020-08-01 20:09:46,449 - root - DEBUG - Updating hall of fame
2020-08-01 20:09:47,598 - root - INFO - Completed generation 49; 2.3s elapsed, 2.2s avg, 1.1e+02s total. Expected time remaining: 3.3e+02s
2020-08-01 20:09:47,658 - root - INFO - #49 MAX:accuracy.mean: 0.77
2020-08-01 20:09:47,699 - root - DEBUG - Sampled weight [1.14762229 2.1481239  3.05215819 1.14454288 4.98218681]
2020-08-01 20:09:48,784 - root - DEBUG - Updating hall of fame
2020-08-01 20:09:49,545 - root - INFO - Completed generation 50; 1.9s elapsed, 2.2s avg, 1.1e+02s total. Expected time remaining: 3.3e+02s
2020-08-01 20:09:49,605 - root - INFO - #50 MAX:accuracy.mean: 0.75
2020-08-01 20:09:49,724 - root - DEBUG - Sampled weight [3.21437217 3.84962452 2.55754026 3.92348788 2.38714963]
2020-08-01 20:09:50,828 - root - DEBUG - Updating hall of fame
2020-08-01 20:09:51,232 - root - INFO - Completed generation 51; 1.5s elapsed, 2.2s avg, 1.1e+02s total. Expected time remaining: 3.2e+02s
2020-08-01 20:09:51,292 - root - INFO - #51 MAX:accuracy.mean: 0.72
2020-08-01 20:09:51,331 - root - DEBUG - Sampled weight [4.89815488 3.05062847 2.05821916 3.46437556 4.90136189]
2020-08-01 20:09:52,406 - root - DEBUG - Updating hall of fame
2020-08-01 20:09:53,149 - root - INFO - Completed generation 52; 1.9s elapsed, 2.2s avg, 1.1e+02s total. Expected time remaining: 3.2e+02s
2020-08-01 20:09:53,209 - root - INFO - #52 MAX:accuracy.mean: 0.71
2020-08-01 20:09:53,249 - root - DEBUG - Sampled weight [2.89699525 1.29852971 3.9975637  4.97772182 3.16367372]
2020-08-01 20:09:54,334 - root - DEBUG - Updating hall of fame
2020-08-01 20:09:54,719 - root - INFO - Completed generation 53; 1.5s elapsed, 2.1s avg, 1.1e+02s total. Expected time remaining: 3.2e+02s
2020-08-01 20:09:54,779 - root - INFO - #53 MAX:accuracy.mean: 0.71
2020-08-01 20:09:54,819 - root - DEBUG - Sampled weight [4.77410916 2.05204999 4.40297201 1.47305985 3.71409753]
2020-08-01 20:09:55,908 - root - DEBUG - Updating hall of fame
2020-08-01 20:09:56,507 - root - INFO - Completed generation 54; 1.7s elapsed, 2.1s avg, 1.2e+02s total. Expected time remaining: 3.1e+02s
2020-08-01 20:09:56,567 - root - INFO - #54 MAX:accuracy.mean: 0.71
2020-08-01 20:09:56,606 - root - DEBUG - Sampled weight [2.78156136 2.7161728  3.94516362 2.98052764 2.44948391]
2020-08-01 20:09:57,674 - root - DEBUG - Updating hall of fame
2020-08-01 20:09:57,872 - root - INFO - Completed generation 55; 1.3s elapsed, 2.1s avg, 1.2e+02s total. Expected time remaining: 3.1e+02s
2020-08-01 20:09:57,932 - root - INFO - #55 MAX:accuracy.mean: 0.72
2020-08-01 20:09:57,972 - root - DEBUG - Sampled weight [1.22644623 3.53327659 1.42666906 3.12201837 4.22550453]
2020-08-01 20:09:59,041 - root - DEBUG - Updating hall of fame
2020-08-01 20:10:00,179 - root - INFO - Completed generation 56; 2.2s elapsed, 2.1s avg, 1.2e+02s total. Expected time remaining: 3.1e+02s
2020-08-01 20:10:00,239 - root - INFO - #56 MAX:accuracy.mean: 0.74
2020-08-01 20:10:00,278 - root - DEBUG - Sampled weight [3.98433166 1.28046869 4.80977656 4.82705764 2.2950741 ]
2020-08-01 20:10:01,360 - root - DEBUG - Updating hall of fame
2020-08-01 20:10:01,941 - root - INFO - Completed generation 57; 1.7s elapsed, 2.1s avg, 1.2e+02s total. Expected time remaining: 3e+02s
2020-08-01 20:10:02,002 - root - INFO - #57 MAX:accuracy.mean: 0.72
2020-08-01 20:10:02,043 - root - DEBUG - Sampled weight [4.20339394 4.813607   4.45744001 1.17996652 2.99842809]
2020-08-01 20:10:03,155 - root - DEBUG - Updating hall of fame
2020-08-01 20:10:03,570 - root - INFO - Completed generation 58; 1.6s elapsed, 2.1s avg, 1.2e+02s total. Expected time remaining: 3e+02s
2020-08-01 20:10:03,634 - root - INFO - #58 MAX:accuracy.mean: 0.71
2020-08-01 20:10:03,677 - root - DEBUG - Sampled weight [3.32844162 4.33942274 2.56450993 2.10327112 3.14692647]
2020-08-01 20:10:04,817 - root - DEBUG - Updating hall of fame
2020-08-01 20:10:05,238 - root - INFO - Completed generation 59; 1.6s elapsed, 2.1s avg, 1.2e+02s total. Expected time remaining: 3e+02s
2020-08-01 20:10:05,302 - root - INFO - #59 MAX:accuracy.mean: 0.71
2020-08-01 20:10:05,346 - root - DEBUG - Sampled weight [4.696766   3.95218602 1.78950517 2.15926926 4.86386607]
2020-08-01 20:10:06,473 - root - DEBUG - Updating hall of fame
2020-08-01 20:10:07,216 - root - INFO - Completed generation 60; 1.9s elapsed, 2.1s avg, 1.3e+02s total. Expected time remaining: 2.9e+02s
2020-08-01 20:10:07,276 - root - INFO - #60 MAX:accuracy.mean: 0.71
2020-08-01 20:10:07,390 - root - DEBUG - Sampled weight [2.57166163 2.38909167 2.18743371 3.19625889 1.47515477]
2020-08-01 20:10:08,476 - root - DEBUG - Updating hall of fame
2020-08-01 20:10:08,476 - root - INFO - Completed generation 61; 1.1s elapsed, 2.1s avg, 1.3e+02s total. Expected time remaining: 2.9e+02s
2020-08-01 20:10:08,537 - root - INFO - #61 MAX:accuracy.mean: 0.75
2020-08-01 20:10:08,576 - root - DEBUG - Sampled weight [1.94893005 2.85837383 1.84539193 2.76578742 4.08645998]
2020-08-01 20:10:09,652 - root - DEBUG - Updating hall of fame
2020-08-01 20:10:10,209 - root - INFO - Completed generation 62; 1.7s elapsed, 2.1s avg, 1.3e+02s total. Expected time remaining: 2.9e+02s
2020-08-01 20:10:10,269 - root - INFO - #62 MAX:accuracy.mean: 0.72
2020-08-01 20:10:10,309 - root - DEBUG - Sampled weight [3.55486915 4.48676152 2.88947254 2.43060415 1.37170931]
2020-08-01 20:10:11,400 - root - DEBUG - Updating hall of fame
2020-08-01 20:10:11,807 - root - INFO - Completed generation 63; 1.5s elapsed, 2.1s avg, 1.3e+02s total. Expected time remaining: 2.8e+02s
2020-08-01 20:10:11,867 - root - INFO - #63 MAX:accuracy.mean: 0.73
2020-08-01 20:10:11,908 - root - DEBUG - Sampled weight [2.47412687 3.13586652 3.3595687  2.35384498 2.65933631]
2020-08-01 20:10:13,006 - root - DEBUG - Updating hall of fame
2020-08-01 20:10:13,573 - root - INFO - Completed generation 64; 1.7s elapsed, 2.1s avg, 1.3e+02s total. Expected time remaining: 2.8e+02s
2020-08-01 20:10:13,633 - root - INFO - #64 MAX:accuracy.mean: 0.72
2020-08-01 20:10:13,673 - root - DEBUG - Sampled weight [1.84060525 2.68959918 2.39159414 1.69285448 2.21660891]
2020-08-01 20:10:14,772 - root - DEBUG - Updating hall of fame
2020-08-01 20:10:15,529 - root - INFO - Completed generation 65; 1.9s elapsed, 2.1s avg, 1.3e+02s total. Expected time remaining: 2.8e+02s
2020-08-01 20:10:15,589 - root - INFO - #65 MAX:accuracy.mean: 0.75
2020-08-01 20:10:15,629 - root - DEBUG - Sampled weight [1.81429335 3.94108988 1.50274134 1.04786994 3.04534813]
2020-08-01 20:10:16,731 - root - DEBUG - Updating hall of fame
2020-08-01 20:10:17,290 - root - INFO - Completed generation 66; 1.7s elapsed, 2.1s avg, 1.4e+02s total. Expected time remaining: 2.8e+02s
2020-08-01 20:10:17,350 - root - INFO - #66 MAX:accuracy.mean: 0.75
2020-08-01 20:10:17,390 - root - DEBUG - Sampled weight [2.43277871 4.53855975 4.09320123 1.67282047 2.27589155]
2020-08-01 20:10:18,471 - root - DEBUG - Updating hall of fame
2020-08-01 20:10:18,471 - root - INFO - Completed generation 67; 1.1s elapsed, 2.0s avg, 1.4e+02s total. Expected time remaining: 2.7e+02s
2020-08-01 20:10:18,531 - root - INFO - #67 MAX:accuracy.mean: 0.71
2020-08-01 20:10:18,571 - root - DEBUG - Sampled weight [1.33943188 3.16414253 1.44153424 1.28990992 3.53753496]
2020-08-01 20:10:19,648 - root - DEBUG - Updating hall of fame
2020-08-01 20:10:20,196 - root - INFO - Completed generation 68; 1.7s elapsed, 2.0s avg, 1.4e+02s total. Expected time remaining: 2.7e+02s
2020-08-01 20:10:20,256 - root - INFO - #68 MAX:accuracy.mean: 0.78
2020-08-01 20:10:20,296 - root - DEBUG - Sampled weight [4.90490649 4.22058094 3.74583488 1.6719687  1.70338532]
2020-08-01 20:10:21,370 - root - DEBUG - Updating hall of fame
2020-08-01 20:10:21,958 - root - INFO - Completed generation 69; 1.7s elapsed, 2.0s avg, 1.4e+02s total. Expected time remaining: 2.7e+02s
2020-08-01 20:10:22,018 - root - INFO - #69 MAX:accuracy.mean: 0.76
2020-08-01 20:10:22,059 - root - DEBUG - Sampled weight [2.74740834 1.46181818 2.80474506 4.52443393 2.55691959]
2020-08-01 20:10:23,148 - root - DEBUG - Updating hall of fame
2020-08-01 20:10:23,530 - root - INFO - Completed generation 70; 1.5s elapsed, 2.0s avg, 1.4e+02s total. Expected time remaining: 2.6e+02s
2020-08-01 20:10:23,591 - root - INFO - #70 MAX:accuracy.mean: 0.74
2020-08-01 20:10:23,702 - root - DEBUG - Sampled weight [2.81303605 2.23128719 1.73101696 4.07970232 2.14735872]
2020-08-01 20:10:24,824 - root - DEBUG - Updating hall of fame
2020-08-01 20:10:25,961 - root - INFO - Completed generation 71; 2.3s elapsed, 2.0s avg, 1.4e+02s total. Expected time remaining: 2.6e+02s
2020-08-01 20:10:26,022 - root - INFO - #71 MAX:accuracy.mean: 0.73
2020-08-01 20:10:26,062 - root - DEBUG - Sampled weight [2.33827613 1.67562465 1.02225362 4.53643602 3.70697553]
2020-08-01 20:10:27,147 - root - DEBUG - Updating hall of fame
2020-08-01 20:10:27,721 - root - INFO - Completed generation 72; 1.7s elapsed, 2.0s avg, 1.5e+02s total. Expected time remaining: 2.6e+02s
2020-08-01 20:10:27,781 - root - INFO - #72 MAX:accuracy.mean: 0.73
2020-08-01 20:10:27,820 - root - DEBUG - Sampled weight [2.09300355 3.3627552  1.30316002 3.21947404 2.56433399]
2020-08-01 20:10:28,915 - root - DEBUG - Updating hall of fame
2020-08-01 20:10:29,484 - root - INFO - Completed generation 73; 1.7s elapsed, 2.0s avg, 1.5e+02s total. Expected time remaining: 2.6e+02s
2020-08-01 20:10:29,544 - root - INFO - #73 MAX:accuracy.mean: 0.84
2020-08-01 20:10:29,584 - root - DEBUG - Sampled weight [2.05088467 2.34071786 4.87071621 2.07661503 1.05696495]
2020-08-01 20:10:30,669 - root - DEBUG - Updating hall of fame
2020-08-01 20:10:31,239 - root - INFO - Completed generation 74; 1.7s elapsed, 2.0s avg, 1.5e+02s total. Expected time remaining: 2.5e+02s
2020-08-01 20:10:31,299 - root - INFO - #74 MAX:accuracy.mean: 0.75
2020-08-01 20:10:31,339 - root - DEBUG - Sampled weight [4.00724106 4.19385417 1.11021655 2.08353307 4.66486075]
2020-08-01 20:10:32,422 - root - DEBUG - Updating hall of fame
2020-08-01 20:10:32,422 - root - INFO - Completed generation 75; 1.1s elapsed, 2.0s avg, 1.5e+02s total. Expected time remaining: 2.5e+02s
2020-08-01 20:10:32,482 - root - INFO - #75 MAX:accuracy.mean: 0.76
2020-08-01 20:10:32,523 - root - DEBUG - Sampled weight [2.78630311 2.03980233 4.89119041 4.06108522 3.69259736]
2020-08-01 20:10:33,624 - root - DEBUG - Updating hall of fame
2020-08-01 20:10:33,990 - root - INFO - Completed generation 76; 1.5s elapsed, 2.0s avg, 1.5e+02s total. Expected time remaining: 2.5e+02s
2020-08-01 20:10:34,050 - root - INFO - #76 MAX:accuracy.mean: 0.72
2020-08-01 20:10:34,090 - root - DEBUG - Sampled weight [2.20937297 2.28078872 3.00568705 3.68325139 3.27354685]
2020-08-01 20:10:35,200 - root - DEBUG - Updating hall of fame
2020-08-01 20:10:35,775 - root - INFO - Completed generation 77; 1.7s elapsed, 2.0s avg, 1.5e+02s total. Expected time remaining: 2.4e+02s
2020-08-01 20:10:35,836 - root - INFO - #77 MAX:accuracy.mean: 0.79
2020-08-01 20:10:35,875 - root - DEBUG - Sampled weight [1.42436073 1.88654191 3.02682322 2.7054706  1.34415334]
2020-08-01 20:10:36,967 - root - DEBUG - Updating hall of fame
2020-08-01 20:10:37,914 - root - INFO - Completed generation 78; 2.1s elapsed, 2.0s avg, 1.6e+02s total. Expected time remaining: 2.4e+02s
2020-08-01 20:10:37,974 - root - INFO - #78 MAX:accuracy.mean: 0.77
2020-08-01 20:10:38,014 - root - DEBUG - Sampled weight [3.33916614 1.27435738 2.57288951 2.29592737 3.5158817 ]
2020-08-01 20:10:39,137 - root - DEBUG - Updating hall of fame
2020-08-01 20:10:39,726 - root - INFO - Completed generation 79; 1.8s elapsed, 2.0s avg, 1.6e+02s total. Expected time remaining: 2.4e+02s
2020-08-01 20:10:39,786 - root - INFO - #79 MAX:accuracy.mean: 0.75
2020-08-01 20:10:39,827 - root - DEBUG - Sampled weight [2.17977603 2.96616161 1.25501692 1.78899286 1.41263809]
2020-08-01 20:10:40,950 - root - DEBUG - Updating hall of fame
2020-08-01 20:10:41,512 - root - INFO - Completed generation 80; 1.7s elapsed, 2.0s avg, 1.6e+02s total. Expected time remaining: 2.4e+02s
2020-08-01 20:10:41,573 - root - INFO - #80 MAX:accuracy.mean: 0.78
2020-08-01 20:10:41,679 - root - DEBUG - Sampled weight [1.93634706 3.75228157 1.3473448  2.45254798 2.39717926]
2020-08-01 20:10:42,791 - root - DEBUG - Updating hall of fame
2020-08-01 20:10:44,002 - root - INFO - Completed generation 81; 2.4s elapsed, 2.0s avg, 1.6e+02s total. Expected time remaining: 2.4e+02s
2020-08-01 20:10:44,064 - root - INFO - #81 MAX:accuracy.mean: 0.76
2020-08-01 20:10:44,104 - root - DEBUG - Sampled weight [1.90024228 2.41990166 2.23974457 3.65618134 4.97642127]
2020-08-01 20:10:45,208 - root - DEBUG - Updating hall of fame
2020-08-01 20:10:45,983 - root - INFO - Completed generation 82; 1.9s elapsed, 2.0s avg, 1.6e+02s total. Expected time remaining: 2.3e+02s
2020-08-01 20:10:46,046 - root - INFO - #82 MAX:accuracy.mean: 0.72
2020-08-01 20:10:46,089 - root - DEBUG - Sampled weight [3.25192627 2.55066561 4.07200051 1.02598079 1.39267085]
2020-08-01 20:10:47,225 - root - DEBUG - Updating hall of fame
2020-08-01 20:10:47,439 - root - INFO - Completed generation 83; 1.4s elapsed, 2.0s avg, 1.6e+02s total. Expected time remaining: 2.3e+02s
2020-08-01 20:10:47,502 - root - INFO - #83 MAX:accuracy.mean: 0.74
2020-08-01 20:10:47,543 - root - DEBUG - Sampled weight [2.43400226 3.04024814 4.68584569 2.6024584  4.30171234]
2020-08-01 20:10:48,680 - root - DEBUG - Updating hall of fame
2020-08-01 20:10:48,681 - root - INFO - Completed generation 84; 1.2s elapsed, 2.0s avg, 1.7e+02s total. Expected time remaining: 2.3e+02s
2020-08-01 20:10:48,741 - root - INFO - #84 MAX:accuracy.mean: 0.72
2020-08-01 20:10:48,781 - root - DEBUG - Sampled weight [1.66485385 3.45154382 3.61221799 4.56441088 3.29025284]
2020-08-01 20:10:49,875 - root - DEBUG - Updating hall of fame
2020-08-01 20:10:51,055 - root - INFO - Completed generation 85; 2.3s elapsed, 2.0s avg, 1.7e+02s total. Expected time remaining: 2.3e+02s
2020-08-01 20:10:51,119 - root - INFO - #85 MAX:accuracy.mean: 0.72
2020-08-01 20:10:51,163 - root - DEBUG - Sampled weight [3.23748723 2.94537127 4.19768801 4.92187599 4.37725304]
2020-08-01 20:10:52,349 - root - DEBUG - Updating hall of fame
2020-08-01 20:10:52,563 - root - INFO - Completed generation 86; 1.4s elapsed, 2.0s avg, 1.7e+02s total. Expected time remaining: 2.2e+02s
2020-08-01 20:10:52,628 - root - INFO - #86 MAX:accuracy.mean: 0.72
2020-08-01 20:10:52,672 - root - DEBUG - Sampled weight [3.43954413 4.31661816 2.5825831  1.59030339 1.94474288]
2020-08-01 20:10:53,875 - root - DEBUG - Updating hall of fame
2020-08-01 20:10:54,691 - root - INFO - Completed generation 87; 2.1s elapsed, 2.0s avg, 1.7e+02s total. Expected time remaining: 2.2e+02s
2020-08-01 20:10:54,752 - root - INFO - #87 MAX:accuracy.mean: 0.73
2020-08-01 20:10:54,792 - root - DEBUG - Sampled weight [2.02127795 1.83313194 4.96665178 4.7264456  4.15588996]
2020-08-01 20:10:55,906 - root - DEBUG - Updating hall of fame
2020-08-01 20:10:56,643 - root - INFO - Completed generation 88; 1.9s elapsed, 2.0s avg, 1.7e+02s total. Expected time remaining: 2.2e+02s
2020-08-01 20:10:56,704 - root - INFO - #88 MAX:accuracy.mean: 0.72
2020-08-01 20:10:56,744 - root - DEBUG - Sampled weight [3.72793064 2.1394631  3.50708983 1.44958754 3.84610978]
2020-08-01 20:10:57,858 - root - DEBUG - Updating hall of fame
2020-08-01 20:10:58,047 - root - INFO - Completed generation 89; 1.3s elapsed, 2.0s avg, 1.7e+02s total. Expected time remaining: 2.2e+02s
2020-08-01 20:10:58,108 - root - INFO - #89 MAX:accuracy.mean: 0.73
2020-08-01 20:10:58,147 - root - DEBUG - Sampled weight [1.38356635 3.19147342 1.34667675 3.95082343 1.78441262]
2020-08-01 20:10:59,242 - root - DEBUG - Updating hall of fame
2020-08-01 20:10:59,976 - root - INFO - Completed generation 90; 1.9s elapsed, 2.0s avg, 1.8e+02s total. Expected time remaining: 2.2e+02s
2020-08-01 20:11:00,036 - root - INFO - #90 MAX:accuracy.mean: 0.78
2020-08-01 20:11:00,148 - root - DEBUG - Sampled weight [1.81505281 3.29249199 2.15735589 1.24329623 2.75647411]
2020-08-01 20:11:01,263 - root - DEBUG - Updating hall of fame
2020-08-01 20:11:01,462 - root - INFO - Completed generation 91; 1.4s elapsed, 2.0s avg, 1.8e+02s total. Expected time remaining: 2.1e+02s
2020-08-01 20:11:01,522 - root - INFO - #91 MAX:accuracy.mean: 0.76
2020-08-01 20:11:01,563 - root - DEBUG - Sampled weight [3.06535842 4.55306284 1.19276397 3.38835694 1.09725754]
2020-08-01 20:11:02,728 - root - DEBUG - Updating hall of fame
2020-08-01 20:11:03,113 - root - INFO - Completed generation 92; 1.6s elapsed, 2.0s avg, 1.8e+02s total. Expected time remaining: 2.1e+02s
2020-08-01 20:11:03,177 - root - INFO - #92 MAX:accuracy.mean: 0.75
2020-08-01 20:11:03,221 - root - DEBUG - Sampled weight [4.42241248 1.71978344 3.37778321 1.71467243 1.63772773]
2020-08-01 20:11:04,422 - root - DEBUG - Updating hall of fame
2020-08-01 20:11:05,056 - root - INFO - Completed generation 93; 1.9s elapsed, 2.0s avg, 1.8e+02s total. Expected time remaining: 2.1e+02s
2020-08-01 20:11:05,121 - root - INFO - #93 MAX:accuracy.mean: 0.77
2020-08-01 20:11:05,164 - root - DEBUG - Sampled weight [1.74323316 3.40144645 1.33248517 2.0390439  2.10347621]
2020-08-01 20:11:06,372 - root - DEBUG - Updating hall of fame
2020-08-01 20:11:07,142 - root - INFO - Completed generation 94; 2.0s elapsed, 2.0s avg, 1.8e+02s total. Expected time remaining: 2.1e+02s
2020-08-01 20:11:07,205 - root - INFO - #94 MAX:accuracy.mean: 0.77
2020-08-01 20:11:07,246 - root - DEBUG - Sampled weight [3.40651599 3.6646589  4.45418106 1.06205142 2.81217019]
2020-08-01 20:11:08,393 - root - DEBUG - Updating hall of fame
2020-08-01 20:11:08,969 - root - INFO - Completed generation 95; 1.8s elapsed, 1.9s avg, 1.9e+02s total. Expected time remaining: 2e+02s
2020-08-01 20:11:09,031 - root - INFO - #95 MAX:accuracy.mean: 0.72
2020-08-01 20:11:09,072 - root - DEBUG - Sampled weight [2.04691403 3.38569297 4.49119933 4.32631723 3.24059606]
2020-08-01 20:11:10,196 - root - DEBUG - Updating hall of fame
2020-08-01 20:11:10,795 - root - INFO - Completed generation 96; 1.8s elapsed, 1.9s avg, 1.9e+02s total. Expected time remaining: 2e+02s
2020-08-01 20:11:10,855 - root - INFO - #96 MAX:accuracy.mean: 0.76
2020-08-01 20:11:10,897 - root - DEBUG - Sampled weight [3.65464164 3.67378945 4.03686911 2.32266376 3.27768208]
2020-08-01 20:11:12,003 - root - DEBUG - Updating hall of fame
2020-08-01 20:11:12,782 - root - INFO - Completed generation 97; 1.9s elapsed, 1.9s avg, 1.9e+02s total. Expected time remaining: 2e+02s
2020-08-01 20:11:12,843 - root - INFO - #97 MAX:accuracy.mean: 0.72
2020-08-01 20:11:12,883 - root - DEBUG - Sampled weight [2.11535772 2.21878832 1.29175388 3.03607373 2.77680199]
2020-08-01 20:11:14,000 - root - DEBUG - Updating hall of fame
2020-08-01 20:11:14,572 - root - INFO - Completed generation 98; 1.7s elapsed, 1.9s avg, 1.9e+02s total. Expected time remaining: 2e+02s
2020-08-01 20:11:14,632 - root - INFO - #98 MAX:accuracy.mean: 0.76
2020-08-01 20:11:14,673 - root - DEBUG - Sampled weight [3.67478625 2.13495722 2.07512867 1.23965416 3.73338539]
2020-08-01 20:11:15,767 - root - DEBUG - Updating hall of fame
2020-08-01 20:11:16,531 - root - INFO - Completed generation 99; 1.9s elapsed, 1.9s avg, 1.9e+02s total. Expected time remaining: 2e+02s
2020-08-01 20:11:16,592 - root - INFO - #99 MAX:accuracy.mean: 0.75
2020-08-01 20:11:16,632 - root - DEBUG - Sampled weight [2.47985557 3.08083354 4.10160176 2.23342807 4.48964722]
2020-08-01 20:11:17,720 - root - DEBUG - Updating hall of fame
2020-08-01 20:11:18,320 - root - INFO - Completed generation 100; 1.7s elapsed, 1.9s avg, 1.9e+02s total. Expected time remaining: 1.9e+02s
2020-08-01 20:11:18,381 - root - INFO - #100 MAX:accuracy.mean: 0.72
2020-08-01 20:11:18,492 - root - DEBUG - Sampled weight [4.26646835 3.5986759  3.87331455 2.63249947 3.61582523]
2020-08-01 20:11:19,604 - root - DEBUG - Updating hall of fame
2020-08-01 20:11:20,373 - root - INFO - Completed generation 101; 1.9s elapsed, 1.9s avg, 2e+02s total. Expected time remaining: 1.9e+02s
2020-08-01 20:11:20,433 - root - INFO - #101 MAX:accuracy.mean: 0.72
2020-08-01 20:11:20,474 - root - DEBUG - Sampled weight [1.33113676 2.50704392 3.18333824 2.56063904 3.91751934]
2020-08-01 20:11:21,574 - root - DEBUG - Updating hall of fame
2020-08-01 20:11:21,977 - root - INFO - Completed generation 102; 1.5s elapsed, 1.9s avg, 2e+02s total. Expected time remaining: 1.9e+02s
2020-08-01 20:11:22,037 - root - INFO - #102 MAX:accuracy.mean: 0.73
2020-08-01 20:11:22,076 - root - DEBUG - Sampled weight [4.85087362 2.06272805 4.53986586 2.19491676 4.9777863 ]
2020-08-01 20:11:23,176 - root - DEBUG - Updating hall of fame
2020-08-01 20:11:23,939 - root - INFO - Completed generation 103; 1.9s elapsed, 1.9s avg, 2e+02s total. Expected time remaining: 1.9e+02s
2020-08-01 20:11:24,000 - root - INFO - #103 MAX:accuracy.mean: 0.72
2020-08-01 20:11:24,040 - root - DEBUG - Sampled weight [1.61191163 3.64724763 4.6928083  2.09852178 2.69155777]
2020-08-01 20:11:25,155 - root - DEBUG - Updating hall of fame
2020-08-01 20:11:25,155 - root - INFO - Completed generation 104; 1.2s elapsed, 1.9s avg, 2e+02s total. Expected time remaining: 1.9e+02s
2020-08-01 20:11:25,216 - root - INFO - #104 MAX:accuracy.mean: 0.75
2020-08-01 20:11:25,258 - root - DEBUG - Sampled weight [2.19042699 3.30068183 2.03911904 1.15393098 3.46333575]
2020-08-01 20:11:26,409 - root - DEBUG - Updating hall of fame
2020-08-01 20:11:27,365 - root - INFO - Completed generation 105; 2.1s elapsed, 1.9s avg, 2e+02s total. Expected time remaining: 1.8e+02s
2020-08-01 20:11:27,425 - root - INFO - #105 MAX:accuracy.mean: 0.8
2020-08-01 20:11:27,466 - root - DEBUG - Sampled weight [1.13580501 2.21245392 4.11750336 1.13174456 4.90788748]
2020-08-01 20:11:28,604 - root - DEBUG - Updating hall of fame
2020-08-01 20:11:29,188 - root - INFO - Completed generation 106; 1.8s elapsed, 1.9s avg, 2e+02s total. Expected time remaining: 1.8e+02s
2020-08-01 20:11:29,249 - root - INFO - #106 MAX:accuracy.mean: 0.74
2020-08-01 20:11:29,290 - root - DEBUG - Sampled weight [3.50146829 1.50530607 4.52063992 2.50585124 3.05201695]
2020-08-01 20:11:30,433 - root - DEBUG - Updating hall of fame
2020-08-01 20:11:31,040 - root - INFO - Completed generation 107; 1.8s elapsed, 1.9s avg, 2.1e+02s total. Expected time remaining: 1.8e+02s
2020-08-01 20:11:31,100 - root - INFO - #107 MAX:accuracy.mean: 0.84
2020-08-01 20:11:31,143 - root - DEBUG - Sampled weight [4.95772821 2.7121858  1.85606913 4.0565423  3.32424783]
2020-08-01 20:11:32,288 - root - DEBUG - Updating hall of fame
2020-08-01 20:11:32,695 - root - INFO - Completed generation 108; 1.6s elapsed, 1.9s avg, 2.1e+02s total. Expected time remaining: 1.8e+02s
2020-08-01 20:11:32,759 - root - INFO - #108 MAX:accuracy.mean: 0.76
2020-08-01 20:11:32,804 - root - DEBUG - Sampled weight [1.69125645 4.84178112 4.87461622 1.47418627 4.69047984]
2020-08-01 20:11:34,042 - root - DEBUG - Updating hall of fame
2020-08-01 20:11:35,078 - root - INFO - Completed generation 109; 2.3s elapsed, 1.9s avg, 2.1e+02s total. Expected time remaining: 1.8e+02s
2020-08-01 20:11:35,142 - root - INFO - #109 MAX:accuracy.mean: 0.74
2020-08-01 20:11:35,186 - root - DEBUG - Sampled weight [3.65045891 3.25600296 2.8223083  2.95554277 2.78367608]
2020-08-01 20:11:36,378 - root - DEBUG - Updating hall of fame
2020-08-01 20:11:36,599 - root - INFO - Completed generation 110; 1.5s elapsed, 1.9s avg, 2.1e+02s total. Expected time remaining: 1.7e+02s
2020-08-01 20:11:36,663 - root - INFO - #110 MAX:accuracy.mean: 0.71
2020-08-01 20:11:36,782 - root - DEBUG - Sampled weight [1.09555816 4.47183406 3.70779166 4.95294932 3.13318927]
2020-08-01 20:11:37,964 - root - DEBUG - Updating hall of fame
2020-08-01 20:11:38,550 - root - INFO - Completed generation 111; 1.8s elapsed, 1.9s avg, 2.1e+02s total. Expected time remaining: 1.7e+02s
2020-08-01 20:11:38,610 - root - INFO - #111 MAX:accuracy.mean: 0.69
2020-08-01 20:11:38,650 - root - DEBUG - Sampled weight [1.00610165 1.66702127 3.01688166 3.96908382 4.40812362]
2020-08-01 20:11:39,754 - root - DEBUG - Updating hall of fame
2020-08-01 20:11:39,754 - root - INFO - Completed generation 112; 1.1s elapsed, 1.9s avg, 2.1e+02s total. Expected time remaining: 1.7e+02s
2020-08-01 20:11:39,814 - root - INFO - #112 MAX:accuracy.mean: 0.7
2020-08-01 20:11:39,853 - root - DEBUG - Sampled weight [3.48956903 1.25763587 3.71909697 2.94625958 3.9400835 ]
2020-08-01 20:11:40,922 - root - DEBUG - Updating hall of fame
2020-08-01 20:11:41,103 - root - INFO - Completed generation 113; 1.3s elapsed, 1.9s avg, 2.2e+02s total. Expected time remaining: 1.7e+02s
2020-08-01 20:11:41,164 - root - INFO - #113 MAX:accuracy.mean: 0.69
2020-08-01 20:11:41,205 - root - DEBUG - Sampled weight [2.64616327 1.90802908 1.97876772 3.21044837 3.19741166]
2020-08-01 20:11:42,312 - root - DEBUG - Updating hall of fame
2020-08-01 20:11:42,690 - root - INFO - Completed generation 114; 1.5s elapsed, 1.9s avg, 2.2e+02s total. Expected time remaining: 1.6e+02s
2020-08-01 20:11:42,751 - root - INFO - #114 MAX:accuracy.mean: 0.77
2020-08-01 20:11:42,792 - root - DEBUG - Sampled weight [2.50910378 2.61843851 4.52937186 1.58382988 1.03275367]
2020-08-01 20:11:43,910 - root - DEBUG - Updating hall of fame
2020-08-01 20:11:44,675 - root - INFO - Completed generation 115; 1.9s elapsed, 1.9s avg, 2.2e+02s total. Expected time remaining: 1.6e+02s
2020-08-01 20:11:44,736 - root - INFO - #115 MAX:accuracy.mean: 0.8
2020-08-01 20:11:44,775 - root - DEBUG - Sampled weight [1.7490907  1.83843212 4.3584707  4.05366125 2.17745381]
2020-08-01 20:11:45,850 - root - DEBUG - Updating hall of fame
2020-08-01 20:11:46,213 - root - INFO - Completed generation 116; 1.5s elapsed, 1.9s avg, 2.2e+02s total. Expected time remaining: 1.6e+02s
2020-08-01 20:11:46,275 - root - INFO - #116 MAX:accuracy.mean: 0.82
2020-08-01 20:11:46,315 - root - DEBUG - Sampled weight [3.97818521 4.67595871 3.46842175 1.17192186 4.17542098]
2020-08-01 20:11:47,390 - root - DEBUG - Updating hall of fame
2020-08-01 20:11:48,122 - root - INFO - Completed generation 117; 1.8s elapsed, 1.9s avg, 2.2e+02s total. Expected time remaining: 1.6e+02s
2020-08-01 20:11:48,182 - root - INFO - #117 MAX:accuracy.mean: 0.7
2020-08-01 20:11:48,223 - root - DEBUG - Sampled weight [3.511949   1.12057071 4.85749056 2.46579194 3.50619917]
2020-08-01 20:11:49,328 - root - DEBUG - Updating hall of fame
2020-08-01 20:11:49,526 - root - INFO - Completed generation 118; 1.3s elapsed, 1.9s avg, 2.2e+02s total. Expected time remaining: 1.6e+02s
2020-08-01 20:11:49,587 - root - INFO - #118 MAX:accuracy.mean: 0.7
2020-08-01 20:11:49,627 - root - DEBUG - Sampled weight [1.4420706  3.86477352 4.14677235 3.27930934 3.94155052]
2020-08-01 20:11:50,745 - root - DEBUG - Updating hall of fame
2020-08-01 20:11:51,339 - root - INFO - Completed generation 119; 1.8s elapsed, 1.9s avg, 2.3e+02s total. Expected time remaining: 1.5e+02s
2020-08-01 20:11:51,399 - root - INFO - #119 MAX:accuracy.mean: 0.67
2020-08-01 20:11:51,439 - root - DEBUG - Sampled weight [1.85358634 1.11541265 3.45677949 4.93832156 2.183729  ]
2020-08-01 20:11:52,561 - root - DEBUG - Updating hall of fame
2020-08-01 20:11:53,160 - root - INFO - Completed generation 120; 1.8s elapsed, 1.9s avg, 2.3e+02s total. Expected time remaining: 1.5e+02s
2020-08-01 20:11:53,220 - root - INFO - #120 MAX:accuracy.mean: 0.67
2020-08-01 20:11:53,351 - root - DEBUG - Sampled weight [4.86359867 1.50681034 2.87638298 4.53670434 2.796242  ]
2020-08-01 20:11:54,477 - root - DEBUG - Updating hall of fame
2020-08-01 20:11:55,076 - root - INFO - Completed generation 121; 1.8s elapsed, 1.9s avg, 2.3e+02s total. Expected time remaining: 1.5e+02s
2020-08-01 20:11:55,136 - root - INFO - #121 MAX:accuracy.mean: 0.83
2020-08-01 20:11:55,177 - root - DEBUG - Sampled weight [3.34061404 2.68809292 2.45352965 4.6298245  2.73843235]
2020-08-01 20:11:56,290 - root - DEBUG - Updating hall of fame
2020-08-01 20:11:57,077 - root - INFO - Completed generation 122; 1.9s elapsed, 1.9s avg, 2.3e+02s total. Expected time remaining: 1.5e+02s
2020-08-01 20:11:57,138 - root - INFO - #122 MAX:accuracy.mean: 0.67
2020-08-01 20:11:57,179 - root - DEBUG - Sampled weight [2.34689935 3.29181492 2.47354501 2.5537441  2.76807173]
2020-08-01 20:11:58,275 - root - DEBUG - Updating hall of fame
2020-08-01 20:11:58,853 - root - INFO - Completed generation 123; 1.7s elapsed, 1.9s avg, 2.3e+02s total. Expected time remaining: 1.5e+02s
2020-08-01 20:11:58,913 - root - INFO - #123 MAX:accuracy.mean: 0.67
2020-08-01 20:11:58,953 - root - DEBUG - Sampled weight [3.05033598 4.70562431 3.28707414 1.79390411 1.02354388]
2020-08-01 20:12:00,073 - root - DEBUG - Updating hall of fame
2020-08-01 20:12:00,455 - root - INFO - Completed generation 124; 1.5s elapsed, 1.9s avg, 2.3e+02s total. Expected time remaining: 1.4e+02s
2020-08-01 20:12:00,516 - root - INFO - #124 MAX:accuracy.mean: 0.67
2020-08-01 20:12:00,556 - root - DEBUG - Sampled weight [2.17357066 1.10686149 1.78040181 4.54636976 4.63599196]
2020-08-01 20:12:01,677 - root - DEBUG - Updating hall of fame
2020-08-01 20:12:01,873 - root - INFO - Completed generation 125; 1.4s elapsed, 1.9s avg, 2.4e+02s total. Expected time remaining: 1.4e+02s
2020-08-01 20:12:01,938 - root - INFO - #125 MAX:accuracy.mean: 0.67
2020-08-01 20:12:01,982 - root - DEBUG - Sampled weight [4.19873796 3.99831808 3.21359994 4.6705365  3.35096919]
2020-08-01 20:12:03,111 - root - DEBUG - Updating hall of fame
2020-08-01 20:12:03,315 - root - INFO - Completed generation 126; 1.4s elapsed, 1.9s avg, 2.4e+02s total. Expected time remaining: 1.4e+02s
2020-08-01 20:12:03,375 - root - INFO - #126 MAX:accuracy.mean: 0.67
2020-08-01 20:12:03,415 - root - DEBUG - Sampled weight [2.3360368  3.73690661 2.1433735  2.55147541 2.31844846]
2020-08-01 20:12:04,506 - root - DEBUG - Updating hall of fame
2020-08-01 20:12:04,909 - root - INFO - Completed generation 127; 1.5s elapsed, 1.9s avg, 2.4e+02s total. Expected time remaining: 1.4e+02s
2020-08-01 20:12:04,969 - root - INFO - #127 MAX:accuracy.mean: 0.68
2020-08-01 20:12:05,009 - root - DEBUG - Sampled weight [3.80194479 3.61920553 4.47236479 1.25635251 1.76335184]
2020-08-01 20:12:06,124 - root - DEBUG - Updating hall of fame
2020-08-01 20:12:06,505 - root - INFO - Completed generation 128; 1.5s elapsed, 1.9s avg, 2.4e+02s total. Expected time remaining: 1.4e+02s
2020-08-01 20:12:06,565 - root - INFO - #128 MAX:accuracy.mean: 0.7
2020-08-01 20:12:06,605 - root - DEBUG - Sampled weight [2.99979011 3.86716407 4.3326105  3.87222692 4.99695805]
2020-08-01 20:12:07,699 - root - DEBUG - Updating hall of fame
2020-08-01 20:12:08,095 - root - INFO - Completed generation 129; 1.5s elapsed, 1.9s avg, 2.4e+02s total. Expected time remaining: 1.3e+02s
2020-08-01 20:12:08,155 - root - INFO - #129 MAX:accuracy.mean: 0.67
2020-08-01 20:12:08,196 - root - DEBUG - Sampled weight [3.34386318 2.70466196 2.46557782 2.10900518 3.59120112]
2020-08-01 20:12:09,290 - root - DEBUG - Updating hall of fame
2020-08-01 20:12:09,889 - root - INFO - Completed generation 130; 1.7s elapsed, 1.9s avg, 2.4e+02s total. Expected time remaining: 1.3e+02s
2020-08-01 20:12:09,950 - root - INFO - #130 MAX:accuracy.mean: 0.67
2020-08-01 20:12:10,071 - root - DEBUG - Sampled weight [3.35928752 2.00657417 4.56676235 4.32980409 2.92667078]
2020-08-01 20:12:11,213 - root - DEBUG - Updating hall of fame
2020-08-01 20:12:11,801 - root - INFO - Completed generation 131; 1.8s elapsed, 1.9s avg, 2.5e+02s total. Expected time remaining: 1.3e+02s
2020-08-01 20:12:11,862 - root - INFO - #131 MAX:accuracy.mean: 0.67
2020-08-01 20:12:11,902 - root - DEBUG - Sampled weight [1.35350595 3.02654435 2.91986588 2.71220835 1.80608103]
2020-08-01 20:12:13,034 - root - DEBUG - Updating hall of fame
2020-08-01 20:12:13,642 - root - INFO - Completed generation 132; 1.8s elapsed, 1.9s avg, 2.5e+02s total. Expected time remaining: 1.3e+02s
2020-08-01 20:12:13,702 - root - INFO - #132 MAX:accuracy.mean: 0.67
2020-08-01 20:12:13,742 - root - DEBUG - Sampled weight [3.70854907 2.82634722 1.63875894 4.46589526 3.89001046]
2020-08-01 20:12:14,879 - root - DEBUG - Updating hall of fame
2020-08-01 20:12:15,669 - root - INFO - Completed generation 133; 2.0s elapsed, 1.9s avg, 2.5e+02s total. Expected time remaining: 1.3e+02s
2020-08-01 20:12:15,729 - root - INFO - #133 MAX:accuracy.mean: 0.67
2020-08-01 20:12:15,771 - root - DEBUG - Sampled weight [3.97010753 4.14072892 3.89263793 3.98587943 3.83485402]
2020-08-01 20:12:16,872 - root - DEBUG - Updating hall of fame
2020-08-01 20:12:17,275 - root - INFO - Completed generation 134; 1.5s elapsed, 1.9s avg, 2.5e+02s total. Expected time remaining: 1.2e+02s
2020-08-01 20:12:17,335 - root - INFO - #134 MAX:accuracy.mean: 0.67
2020-08-01 20:12:17,375 - root - DEBUG - Sampled weight [1.2700227  1.96868114 2.06463744 3.45420871 2.41453466]
2020-08-01 20:12:18,480 - root - DEBUG - Updating hall of fame
2020-08-01 20:12:18,860 - root - INFO - Completed generation 135; 1.5s elapsed, 1.9s avg, 2.5e+02s total. Expected time remaining: 1.2e+02s
2020-08-01 20:12:18,920 - root - INFO - #135 MAX:accuracy.mean: 0.77
2020-08-01 20:12:18,962 - root - DEBUG - Sampled weight [1.56689259 3.53430683 4.77476942 4.25409255 2.2711621 ]
2020-08-01 20:12:20,090 - root - DEBUG - Updating hall of fame
2020-08-01 20:12:20,841 - root - INFO - Completed generation 136; 1.9s elapsed, 1.9s avg, 2.5e+02s total. Expected time remaining: 1.2e+02s
2020-08-01 20:12:20,901 - root - INFO - #136 MAX:accuracy.mean: 0.67
2020-08-01 20:12:20,942 - root - DEBUG - Sampled weight [4.08490495 3.62172333 4.85047679 3.99166952 2.13408053]
2020-08-01 20:12:22,053 - root - DEBUG - Updating hall of fame
2020-08-01 20:12:22,253 - root - INFO - Completed generation 137; 1.4s elapsed, 1.9s avg, 2.6e+02s total. Expected time remaining: 1.2e+02s
2020-08-01 20:12:22,313 - root - INFO - #137 MAX:accuracy.mean: 0.67
2020-08-01 20:12:22,352 - root - DEBUG - Sampled weight [3.41745902 1.32630892 3.16491507 3.81505551 1.08802509]
2020-08-01 20:12:23,455 - root - DEBUG - Updating hall of fame
2020-08-01 20:12:23,665 - root - INFO - Completed generation 138; 1.4s elapsed, 1.9s avg, 2.6e+02s total. Expected time remaining: 1.2e+02s
2020-08-01 20:12:23,725 - root - INFO - #138 MAX:accuracy.mean: 0.67
2020-08-01 20:12:23,766 - root - DEBUG - Sampled weight [3.83561978 3.17827226 3.76919253 4.78676757 2.98084076]
2020-08-01 20:12:24,870 - root - DEBUG - Updating hall of fame
2020-08-01 20:12:25,448 - root - INFO - Completed generation 139; 1.7s elapsed, 1.9s avg, 2.6e+02s total. Expected time remaining: 1.1e+02s
2020-08-01 20:12:25,508 - root - INFO - #139 MAX:accuracy.mean: 0.67
2020-08-01 20:12:25,548 - root - DEBUG - Sampled weight [3.55221059 2.151736   2.59036799 1.73439784 2.26711949]
2020-08-01 20:12:26,669 - root - DEBUG - Updating hall of fame
2020-08-01 20:12:27,428 - root - INFO - Completed generation 140; 1.9s elapsed, 1.9s avg, 2.6e+02s total. Expected time remaining: 1.1e+02s
2020-08-01 20:12:27,489 - root - INFO - #140 MAX:accuracy.mean: 0.78
2020-08-01 20:12:27,619 - root - DEBUG - Sampled weight [4.53009407 1.85074586 1.83391268 2.31830151 3.80925646]
2020-08-01 20:12:28,744 - root - DEBUG - Updating hall of fame
2020-08-01 20:12:29,305 - root - INFO - Completed generation 141; 1.7s elapsed, 1.9s avg, 2.6e+02s total. Expected time remaining: 1.1e+02s
2020-08-01 20:12:29,365 - root - INFO - #141 MAX:accuracy.mean: 0.67
2020-08-01 20:12:29,406 - root - DEBUG - Sampled weight [3.4500332  4.69734921 4.85678381 1.82889478 2.41987332]
2020-08-01 20:12:30,496 - root - DEBUG - Updating hall of fame
2020-08-01 20:12:30,892 - root - INFO - Completed generation 142; 1.5s elapsed, 1.9s avg, 2.6e+02s total. Expected time remaining: 1.1e+02s
2020-08-01 20:12:30,952 - root - INFO - #142 MAX:accuracy.mean: 0.67
2020-08-01 20:12:30,992 - root - DEBUG - Sampled weight [3.41980416 2.78723761 2.47913993 2.93164122 4.08076244]
2020-08-01 20:12:32,093 - root - DEBUG - Updating hall of fame
2020-08-01 20:12:32,474 - root - INFO - Completed generation 143; 1.5s elapsed, 1.9s avg, 2.7e+02s total. Expected time remaining: 1.1e+02s
2020-08-01 20:12:32,534 - root - INFO - #143 MAX:accuracy.mean: 0.76
2020-08-01 20:12:32,574 - root - DEBUG - Sampled weight [4.64654978 3.13040401 3.83265573 2.91460362 2.99573373]
2020-08-01 20:12:33,686 - root - DEBUG - Updating hall of fame
2020-08-01 20:12:34,634 - root - INFO - Completed generation 144; 2.1s elapsed, 1.9s avg, 2.7e+02s total. Expected time remaining: 1e+02s
2020-08-01 20:12:34,694 - root - INFO - #144 MAX:accuracy.mean: 0.85
2020-08-01 20:12:34,735 - root - DEBUG - Sampled weight [4.96293584 3.74285536 1.98306035 3.51632605 3.46202669]
2020-08-01 20:12:35,861 - root - DEBUG - Updating hall of fame
2020-08-01 20:12:36,261 - root - INFO - Completed generation 145; 1.6s elapsed, 1.9s avg, 2.7e+02s total. Expected time remaining: 1e+02s
2020-08-01 20:12:36,321 - root - INFO - #145 MAX:accuracy.mean: 0.77
2020-08-01 20:12:36,361 - root - DEBUG - Sampled weight [2.15487559 4.98237148 2.72834769 4.63644902 2.5584022 ]
2020-08-01 20:12:37,482 - root - DEBUG - Updating hall of fame
2020-08-01 20:12:37,842 - root - INFO - Completed generation 146; 1.5s elapsed, 1.9s avg, 2.7e+02s total. Expected time remaining: 1e+02s
2020-08-01 20:12:37,903 - root - INFO - #146 MAX:accuracy.mean: 0.68
2020-08-01 20:12:37,944 - root - DEBUG - Sampled weight [3.31855231 3.32992262 3.48319967 2.21019063 3.90796474]
2020-08-01 20:12:39,069 - root - DEBUG - Updating hall of fame
2020-08-01 20:12:39,668 - root - INFO - Completed generation 147; 1.8s elapsed, 1.9s avg, 2.7e+02s total. Expected time remaining: 9.8e+01s
2020-08-01 20:12:39,729 - root - INFO - #147 MAX:accuracy.mean: 0.7
2020-08-01 20:12:39,770 - root - DEBUG - Sampled weight [2.467989   4.62733243 4.32221403 1.08987408 4.13864209]
2020-08-01 20:12:40,905 - root - DEBUG - Updating hall of fame
2020-08-01 20:12:41,487 - root - INFO - Completed generation 148; 1.8s elapsed, 1.9s avg, 2.7e+02s total. Expected time remaining: 9.6e+01s
2020-08-01 20:12:41,547 - root - INFO - #148 MAX:accuracy.mean: 0.67
2020-08-01 20:12:41,587 - root - DEBUG - Sampled weight [2.01752803 2.99101903 1.8212763  2.5549973  1.05005514]
2020-08-01 20:12:42,690 - root - DEBUG - Updating hall of fame
2020-08-01 20:12:42,893 - root - INFO - Completed generation 149; 1.3s elapsed, 1.8s avg, 2.8e+02s total. Expected time remaining: 9.4e+01s
2020-08-01 20:12:42,953 - root - INFO - #149 MAX:accuracy.mean: 0.68
2020-08-01 20:12:42,992 - root - DEBUG - Sampled weight [4.46682162 2.81440973 4.26863064 2.93002923 3.79747844]
2020-08-01 20:12:44,084 - root - DEBUG - Updating hall of fame
2020-08-01 20:12:44,644 - root - INFO - Completed generation 150; 1.7s elapsed, 1.8s avg, 2.8e+02s total. Expected time remaining: 9.2e+01s
2020-08-01 20:12:44,705 - root - INFO - #150 MAX:accuracy.mean: 0.81
2020-08-01 20:12:44,841 - root - DEBUG - Sampled weight [4.26060886 3.68754979 3.63003365 1.46516503 3.87718356]
2020-08-01 20:12:45,938 - root - DEBUG - Updating hall of fame
2020-08-01 20:12:46,339 - root - INFO - Completed generation 151; 1.5s elapsed, 1.8s avg, 2.8e+02s total. Expected time remaining: 9e+01s
2020-08-01 20:12:46,399 - root - INFO - #151 MAX:accuracy.mean: 0.67
2020-08-01 20:12:46,440 - root - DEBUG - Sampled weight [3.19363287 1.12637086 2.27974465 4.24803243 3.13986275]
2020-08-01 20:12:47,511 - root - DEBUG - Updating hall of fame
2020-08-01 20:12:47,693 - root - INFO - Completed generation 152; 1.3s elapsed, 1.8s avg, 2.8e+02s total. Expected time remaining: 8.8e+01s
2020-08-01 20:12:47,753 - root - INFO - #152 MAX:accuracy.mean: 0.71
2020-08-01 20:12:47,793 - root - DEBUG - Sampled weight [4.67538485 2.40361453 4.55107948 1.320686   1.19488528]
2020-08-01 20:12:48,880 - root - DEBUG - Updating hall of fame
2020-08-01 20:12:49,276 - root - INFO - Completed generation 153; 1.5s elapsed, 1.8s avg, 2.8e+02s total. Expected time remaining: 8.6e+01s
2020-08-01 20:12:49,337 - root - INFO - #153 MAX:accuracy.mean: 0.7
2020-08-01 20:12:49,378 - root - DEBUG - Sampled weight [4.49084049 2.06010567 4.69695005 3.7049064  1.96895926]
2020-08-01 20:12:50,464 - root - DEBUG - Updating hall of fame
2020-08-01 20:12:50,860 - root - INFO - Completed generation 154; 1.5s elapsed, 1.8s avg, 2.8e+02s total. Expected time remaining: 8.5e+01s
2020-08-01 20:12:50,920 - root - INFO - #154 MAX:accuracy.mean: 0.67
2020-08-01 20:12:50,961 - root - DEBUG - Sampled weight [1.74382079 3.12588547 1.944547   3.30654711 2.73781018]
2020-08-01 20:12:52,066 - root - DEBUG - Updating hall of fame
2020-08-01 20:12:52,066 - root - INFO - Completed generation 155; 1.1s elapsed, 1.8s avg, 2.8e+02s total. Expected time remaining: 8.2e+01s
2020-08-01 20:12:52,127 - root - INFO - #155 MAX:accuracy.mean: 0.7
2020-08-01 20:12:52,167 - root - DEBUG - Sampled weight [1.81296691 2.43670727 3.28411964 4.98398806 3.7747645 ]
2020-08-01 20:12:53,274 - root - DEBUG - Updating hall of fame
2020-08-01 20:12:54,016 - root - INFO - Completed generation 156; 1.9s elapsed, 1.8s avg, 2.9e+02s total. Expected time remaining: 8.1e+01s
2020-08-01 20:12:54,076 - root - INFO - #156 MAX:accuracy.mean: 0.73
2020-08-01 20:12:54,117 - root - DEBUG - Sampled weight [4.71143783 1.30515604 4.75986672 4.0230596  4.18468   ]
2020-08-01 20:12:55,199 - root - DEBUG - Updating hall of fame
2020-08-01 20:12:55,584 - root - INFO - Completed generation 157; 1.5s elapsed, 1.8s avg, 2.9e+02s total. Expected time remaining: 7.9e+01s
2020-08-01 20:12:55,644 - root - INFO - #157 MAX:accuracy.mean: 0.67
2020-08-01 20:12:55,685 - root - DEBUG - Sampled weight [1.83443634 3.80037795 4.70620692 1.21931561 2.83523599]
2020-08-01 20:12:56,787 - root - DEBUG - Updating hall of fame
2020-08-01 20:12:57,169 - root - INFO - Completed generation 158; 1.5s elapsed, 1.8s avg, 2.9e+02s total. Expected time remaining: 7.7e+01s
2020-08-01 20:12:57,229 - root - INFO - #158 MAX:accuracy.mean: 0.73
2020-08-01 20:12:57,269 - root - DEBUG - Sampled weight [2.7903643  3.34513509 2.46185375 4.91464447 2.87505493]
2020-08-01 20:12:58,361 - root - DEBUG - Updating hall of fame
2020-08-01 20:12:59,323 - root - INFO - Completed generation 159; 2.1s elapsed, 1.8s avg, 2.9e+02s total. Expected time remaining: 7.5e+01s
2020-08-01 20:12:59,383 - root - INFO - #159 MAX:accuracy.mean: 0.67
2020-08-01 20:12:59,423 - root - DEBUG - Sampled weight [2.10551356 1.83691836 1.56419575 2.62677261 2.18083494]
2020-08-01 20:13:00,518 - root - DEBUG - Updating hall of fame
2020-08-01 20:13:01,278 - root - INFO - Completed generation 160; 1.9s elapsed, 1.8s avg, 2.9e+02s total. Expected time remaining: 7.3e+01s
2020-08-01 20:13:01,339 - root - INFO - #160 MAX:accuracy.mean: 0.7
2020-08-01 20:13:01,474 - root - DEBUG - Sampled weight [1.34365867 1.13893768 3.68247826 2.11927934 1.21205087]
2020-08-01 20:13:02,616 - root - DEBUG - Updating hall of fame
2020-08-01 20:13:03,559 - root - INFO - Completed generation 161; 2.1s elapsed, 1.8s avg, 3e+02s total. Expected time remaining: 7.1e+01s
2020-08-01 20:13:03,620 - root - INFO - #161 MAX:accuracy.mean: 0.78
2020-08-01 20:13:03,660 - root - DEBUG - Sampled weight [3.39813022 1.68364312 1.9703849  2.81864308 3.8120869 ]
2020-08-01 20:13:04,772 - root - DEBUG - Updating hall of fame
2020-08-01 20:13:05,368 - root - INFO - Completed generation 162; 1.7s elapsed, 1.8s avg, 3e+02s total. Expected time remaining: 7e+01s
2020-08-01 20:13:05,428 - root - INFO - #162 MAX:accuracy.mean: 0.8
2020-08-01 20:13:05,469 - root - DEBUG - Sampled weight [3.14866606 1.71575961 1.10276519 1.74168458 1.45638478]
2020-08-01 20:13:06,589 - root - DEBUG - Updating hall of fame
2020-08-01 20:13:06,971 - root - INFO - Completed generation 163; 1.5s elapsed, 1.8s avg, 3e+02s total. Expected time remaining: 6.8e+01s
2020-08-01 20:13:07,032 - root - INFO - #163 MAX:accuracy.mean: 0.76
2020-08-01 20:13:07,072 - root - DEBUG - Sampled weight [3.43456763 2.14995248 4.78069438 4.11374316 2.08190175]
2020-08-01 20:13:08,171 - root - DEBUG - Updating hall of fame
2020-08-01 20:13:08,930 - root - INFO - Completed generation 164; 1.9s elapsed, 1.8s avg, 3e+02s total. Expected time remaining: 6.6e+01s
2020-08-01 20:13:08,991 - root - INFO - #164 MAX:accuracy.mean: 0.68
2020-08-01 20:13:09,030 - root - DEBUG - Sampled weight [1.12465203 3.68210113 3.05730269 2.13656985 2.27846648]
2020-08-01 20:13:10,130 - root - DEBUG - Updating hall of fame
2020-08-01 20:13:10,329 - root - INFO - Completed generation 165; 1.3s elapsed, 1.8s avg, 3e+02s total. Expected time remaining: 6.4e+01s
2020-08-01 20:13:10,390 - root - INFO - #165 MAX:accuracy.mean: 0.76
2020-08-01 20:13:10,431 - root - DEBUG - Sampled weight [3.46413832 1.11040233 2.6494866  4.57908981 3.20447206]
2020-08-01 20:13:11,535 - root - DEBUG - Updating hall of fame
2020-08-01 20:13:12,493 - root - INFO - Completed generation 166; 2.1s elapsed, 1.8s avg, 3e+02s total. Expected time remaining: 6.2e+01s
2020-08-01 20:13:12,553 - root - INFO - #166 MAX:accuracy.mean: 0.73
2020-08-01 20:13:12,595 - root - DEBUG - Sampled weight [2.40308717 1.02133249 2.40128515 4.05937561 4.92774228]
2020-08-01 20:13:13,676 - root - DEBUG - Updating hall of fame
2020-08-01 20:13:13,875 - root - INFO - Completed generation 167; 1.3s elapsed, 1.8s avg, 3.1e+02s total. Expected time remaining: 6e+01s
2020-08-01 20:13:13,935 - root - INFO - #167 MAX:accuracy.mean: 0.68
2020-08-01 20:13:13,976 - root - DEBUG - Sampled weight [1.18140351 2.75600855 1.71483496 2.60715791 3.90341362]
2020-08-01 20:13:15,079 - root - DEBUG - Updating hall of fame
2020-08-01 20:13:15,080 - root - INFO - Completed generation 168; 1.1s elapsed, 1.8s avg, 3.1e+02s total. Expected time remaining: 5.8e+01s
2020-08-01 20:13:15,140 - root - INFO - #168 MAX:accuracy.mean: 0.78
2020-08-01 20:13:15,180 - root - DEBUG - Sampled weight [4.68515776 2.61276902 3.70342658 3.3260503  2.12941652]
2020-08-01 20:13:16,262 - root - DEBUG - Updating hall of fame
2020-08-01 20:13:17,022 - root - INFO - Completed generation 169; 1.9s elapsed, 1.8s avg, 3.1e+02s total. Expected time remaining: 5.7e+01s
2020-08-01 20:13:17,082 - root - INFO - #169 MAX:accuracy.mean: 0.69
2020-08-01 20:13:17,123 - root - DEBUG - Sampled weight [1.82862589 4.23128525 4.95313045 1.59741518 3.34485937]
2020-08-01 20:13:18,216 - root - DEBUG - Updating hall of fame
2020-08-01 20:13:18,956 - root - INFO - Completed generation 170; 1.9s elapsed, 1.8s avg, 3.1e+02s total. Expected time remaining: 5.5e+01s
2020-08-01 20:13:19,016 - root - INFO - #170 MAX:accuracy.mean: 0.69
2020-08-01 20:13:19,147 - root - DEBUG - Sampled weight [3.41658995 2.20972565 4.42440037 1.54212566 1.50125735]
2020-08-01 20:13:20,266 - root - DEBUG - Updating hall of fame
2020-08-01 20:13:20,648 - root - INFO - Completed generation 171; 1.5s elapsed, 1.8s avg, 3.1e+02s total. Expected time remaining: 5.3e+01s
2020-08-01 20:13:20,708 - root - INFO - #171 MAX:accuracy.mean: 0.72
2020-08-01 20:13:20,748 - root - DEBUG - Sampled weight [2.22268785 2.17437948 4.29975225 3.44664545 2.47194454]
2020-08-01 20:13:21,838 - root - DEBUG - Updating hall of fame
2020-08-01 20:13:22,234 - root - INFO - Completed generation 172; 1.5s elapsed, 1.8s avg, 3.1e+02s total. Expected time remaining: 5.1e+01s
2020-08-01 20:13:22,295 - root - INFO - #172 MAX:accuracy.mean: 0.96
2020-08-01 20:13:22,335 - root - DEBUG - Sampled weight [2.24141531 2.6216164  1.87093207 2.25739115 1.16105141]
2020-08-01 20:13:23,388 - root - DEBUG - Updating hall of fame
2020-08-01 20:13:24,113 - root - INFO - Completed generation 173; 1.8s elapsed, 1.8s avg, 3.1e+02s total. Expected time remaining: 4.9e+01s
2020-08-01 20:13:24,173 - root - INFO - #173 MAX:accuracy.mean: 0.94
2020-08-01 20:13:24,214 - root - DEBUG - Sampled weight [3.10611206 3.23908716 4.90490993 1.28781219 4.66165878]
2020-08-01 20:13:25,281 - root - DEBUG - Updating hall of fame
2020-08-01 20:13:26,030 - root - INFO - Completed generation 174; 1.9s elapsed, 1.8s avg, 3.2e+02s total. Expected time remaining: 4.7e+01s
2020-08-01 20:13:26,090 - root - INFO - #174 MAX:accuracy.mean: 0.94
2020-08-01 20:13:26,130 - root - DEBUG - Sampled weight [4.65013497 4.91429507 4.86670752 3.73580385 4.70154363]
2020-08-01 20:13:27,189 - root - DEBUG - Updating hall of fame
2020-08-01 20:13:27,756 - root - INFO - Completed generation 175; 1.7s elapsed, 1.8s avg, 3.2e+02s total. Expected time remaining: 4.5e+01s
2020-08-01 20:13:27,816 - root - INFO - #175 MAX:accuracy.mean: 0.94
2020-08-01 20:13:27,856 - root - DEBUG - Sampled weight [4.42381828 4.29940155 3.06688326 2.18673525 4.62095679]
2020-08-01 20:13:28,916 - root - DEBUG - Updating hall of fame
2020-08-01 20:13:29,309 - root - INFO - Completed generation 176; 1.5s elapsed, 1.8s avg, 3.2e+02s total. Expected time remaining: 4.4e+01s
2020-08-01 20:13:29,369 - root - INFO - #176 MAX:accuracy.mean: 0.95
2020-08-01 20:13:29,410 - root - DEBUG - Sampled weight [2.29581609 4.7969322  1.5646055  3.27457157 3.1446914 ]
2020-08-01 20:13:30,471 - root - DEBUG - Updating hall of fame
2020-08-01 20:13:30,862 - root - INFO - Completed generation 177; 1.5s elapsed, 1.8s avg, 3.2e+02s total. Expected time remaining: 4.2e+01s
2020-08-01 20:13:30,922 - root - INFO - #177 MAX:accuracy.mean: 0.96
2020-08-01 20:13:30,963 - root - DEBUG - Sampled weight [1.06185215 4.04089058 1.47421473 3.82418655 1.49816385]
2020-08-01 20:13:32,067 - root - DEBUG - Updating hall of fame
2020-08-01 20:13:32,844 - root - INFO - Completed generation 178; 1.9s elapsed, 1.8s avg, 3.2e+02s total. Expected time remaining: 4e+01s
2020-08-01 20:13:32,906 - root - INFO - #178 MAX:accuracy.mean: 0.95
2020-08-01 20:13:32,948 - root - DEBUG - Sampled weight [1.29663845 3.7513254  2.13742069 3.65531516 3.9035477 ]
2020-08-01 20:13:34,037 - root - DEBUG - Updating hall of fame
2020-08-01 20:13:34,606 - root - INFO - Completed generation 179; 1.7s elapsed, 1.8s avg, 3.3e+02s total. Expected time remaining: 3.8e+01s
2020-08-01 20:13:34,668 - root - INFO - #179 MAX:accuracy.mean: 0.96
2020-08-01 20:13:34,708 - root - DEBUG - Sampled weight [2.99298847 1.49775752 3.05006531 4.17948609 4.37312962]
2020-08-01 20:13:35,794 - root - DEBUG - Updating hall of fame
2020-08-01 20:13:36,936 - root - INFO - Completed generation 180; 2.3s elapsed, 1.8s avg, 3.3e+02s total. Expected time remaining: 3.6e+01s
2020-08-01 20:13:36,999 - root - INFO - #180 MAX:accuracy.mean: 0.95
2020-08-01 20:13:37,126 - root - DEBUG - Sampled weight [2.49815628 1.19287513 4.78044148 2.95150803 1.53664351]
2020-08-01 20:13:38,212 - root - DEBUG - Updating hall of fame
2020-08-01 20:13:38,600 - root - INFO - Completed generation 181; 1.5s elapsed, 1.8s avg, 3.3e+02s total. Expected time remaining: 3.5e+01s
2020-08-01 20:13:38,660 - root - INFO - #181 MAX:accuracy.mean: 0.95
2020-08-01 20:13:38,701 - root - DEBUG - Sampled weight [3.34110939 2.19143071 4.21089092 4.38431088 1.48687701]
2020-08-01 20:13:39,763 - root - DEBUG - Updating hall of fame
2020-08-01 20:13:40,142 - root - INFO - Completed generation 182; 1.5s elapsed, 1.8s avg, 3.3e+02s total. Expected time remaining: 3.3e+01s
2020-08-01 20:13:40,203 - root - INFO - #182 MAX:accuracy.mean: 0.95
2020-08-01 20:13:40,243 - root - DEBUG - Sampled weight [4.34641799 2.79206425 2.25171905 2.34073964 2.32956698]
2020-08-01 20:13:41,307 - root - DEBUG - Updating hall of fame
2020-08-01 20:13:42,235 - root - INFO - Completed generation 183; 2.0s elapsed, 1.8s avg, 3.3e+02s total. Expected time remaining: 3.1e+01s
2020-08-01 20:13:42,297 - root - INFO - #183 MAX:accuracy.mean: 0.96
2020-08-01 20:13:42,337 - root - DEBUG - Sampled weight [1.05309953 1.23280643 2.68011647 1.07806104 4.66877177]
2020-08-01 20:13:43,405 - root - DEBUG - Updating hall of fame
2020-08-01 20:13:44,327 - root - INFO - Completed generation 184; 2.0s elapsed, 1.8s avg, 3.3e+02s total. Expected time remaining: 2.9e+01s
2020-08-01 20:13:44,387 - root - INFO - #184 MAX:accuracy.mean: 0.94
2020-08-01 20:13:44,426 - root - DEBUG - Sampled weight [1.85975224 4.12122314 2.96825926 2.56815424 2.56420828]
2020-08-01 20:13:45,483 - root - DEBUG - Updating hall of fame
2020-08-01 20:13:45,871 - root - INFO - Completed generation 185; 1.5s elapsed, 1.8s avg, 3.4e+02s total. Expected time remaining: 2.7e+01s
2020-08-01 20:13:45,931 - root - INFO - #185 MAX:accuracy.mean: 0.96
2020-08-01 20:13:45,971 - root - DEBUG - Sampled weight [2.98384217 1.37945247 3.96152665 1.98648698 2.6973718 ]
2020-08-01 20:13:47,030 - root - DEBUG - Updating hall of fame
2020-08-01 20:13:47,962 - root - INFO - Completed generation 186; 2.0s elapsed, 1.8s avg, 3.4e+02s total. Expected time remaining: 2.5e+01s
2020-08-01 20:13:48,022 - root - INFO - #186 MAX:accuracy.mean: 0.96
2020-08-01 20:13:48,062 - root - DEBUG - Sampled weight [3.35523807 4.42543014 4.08144226 3.39550974 1.49774821]
2020-08-01 20:13:49,123 - root - DEBUG - Updating hall of fame
2020-08-01 20:13:49,693 - root - INFO - Completed generation 187; 1.7s elapsed, 1.8s avg, 3.4e+02s total. Expected time remaining: 2.4e+01s
2020-08-01 20:13:49,753 - root - INFO - #187 MAX:accuracy.mean: 0.95
2020-08-01 20:13:49,794 - root - DEBUG - Sampled weight [1.42896331 4.5786401  2.5497727  2.60959965 1.96046564]
2020-08-01 20:13:50,856 - root - DEBUG - Updating hall of fame
2020-08-01 20:13:51,422 - root - INFO - Completed generation 188; 1.7s elapsed, 1.8s avg, 3.4e+02s total. Expected time remaining: 2.2e+01s
2020-08-01 20:13:51,483 - root - INFO - #188 MAX:accuracy.mean: 0.95
2020-08-01 20:13:51,522 - root - DEBUG - Sampled weight [3.8463564  4.03927407 3.72590838 2.39505754 1.67984117]
2020-08-01 20:13:52,582 - root - DEBUG - Updating hall of fame
2020-08-01 20:13:53,515 - root - INFO - Completed generation 189; 2.0s elapsed, 1.8s avg, 3.4e+02s total. Expected time remaining: 2e+01s
2020-08-01 20:13:53,575 - root - INFO - #189 MAX:accuracy.mean: 0.96
2020-08-01 20:13:53,615 - root - DEBUG - Sampled weight [3.32241736 2.52404376 2.80869149 2.09710657 3.14770501]
2020-08-01 20:13:54,678 - root - DEBUG - Updating hall of fame
2020-08-01 20:13:55,791 - root - INFO - Completed generation 190; 2.2s elapsed, 1.8s avg, 3.5e+02s total. Expected time remaining: 1.8e+01s
2020-08-01 20:13:55,851 - root - INFO - #190 MAX:accuracy.mean: 0.97
2020-08-01 20:13:55,982 - root - DEBUG - Sampled weight [4.19321967 1.08416601 1.15738747 2.93655843 2.49520531]
2020-08-01 20:13:57,049 - root - DEBUG - Updating hall of fame
2020-08-01 20:13:57,611 - root - INFO - Completed generation 191; 1.7s elapsed, 1.8s avg, 3.5e+02s total. Expected time remaining: 1.6e+01s
2020-08-01 20:13:57,671 - root - INFO - #191 MAX:accuracy.mean: 0.95
2020-08-01 20:13:57,711 - root - DEBUG - Sampled weight [4.35609393 2.79885856 4.57272469 1.04095266 4.51032327]
2020-08-01 20:13:58,770 - root - DEBUG - Updating hall of fame
2020-08-01 20:13:58,952 - root - INFO - Completed generation 192; 1.3s elapsed, 1.8s avg, 3.5e+02s total. Expected time remaining: 1.5e+01s
2020-08-01 20:13:59,012 - root - INFO - #192 MAX:accuracy.mean: 0.93
2020-08-01 20:13:59,053 - root - DEBUG - Sampled weight [1.14813242 4.72589821 2.10147737 1.4239203  4.69765325]
2020-08-01 20:14:00,111 - root - DEBUG - Updating hall of fame
2020-08-01 20:14:00,112 - root - INFO - Completed generation 193; 1.1s elapsed, 1.8s avg, 3.5e+02s total. Expected time remaining: 1.3e+01s
2020-08-01 20:14:00,172 - root - INFO - #193 MAX:accuracy.mean: 0.94
2020-08-01 20:14:00,212 - root - DEBUG - Sampled weight [2.67956068 4.810972   4.73568395 1.47267223 4.07508277]
2020-08-01 20:14:01,270 - root - DEBUG - Updating hall of fame
2020-08-01 20:14:01,270 - root - INFO - Completed generation 194; 1.1s elapsed, 1.8s avg, 3.5e+02s total. Expected time remaining: 1.1e+01s
2020-08-01 20:14:01,330 - root - INFO - #194 MAX:accuracy.mean: 0.93
2020-08-01 20:14:01,371 - root - DEBUG - Sampled weight [4.76732994 1.01506013 1.34543665 2.47767226 4.27421104]
2020-08-01 20:14:02,484 - root - DEBUG - Updating hall of fame
2020-08-01 20:14:02,484 - root - INFO - Completed generation 195; 1.2s elapsed, 1.8s avg, 3.5e+02s total. Expected time remaining: 9.0s
2020-08-01 20:14:02,545 - root - INFO - #195 MAX:accuracy.mean: 0.93
2020-08-01 20:14:02,585 - root - DEBUG - Sampled weight [4.68084373 4.24332343 4.11805143 4.54079555 1.48805105]
2020-08-01 20:14:03,653 - root - DEBUG - Updating hall of fame
2020-08-01 20:14:03,847 - root - INFO - Completed generation 196; 1.3s elapsed, 1.8s avg, 3.5e+02s total. Expected time remaining: 7.2s
2020-08-01 20:14:03,911 - root - INFO - #196 MAX:accuracy.mean: 0.93
2020-08-01 20:14:03,953 - root - DEBUG - Sampled weight [4.12709642 1.12826133 2.07325625 4.36278536 1.94741559]
2020-08-01 20:14:05,086 - root - DEBUG - Updating hall of fame
2020-08-01 20:14:05,285 - root - INFO - Completed generation 197; 1.4s elapsed, 1.8s avg, 3.5e+02s total. Expected time remaining: 5.4s
2020-08-01 20:14:05,349 - root - INFO - #197 MAX:accuracy.mean: 0.93
2020-08-01 20:14:05,391 - root - DEBUG - Sampled weight [2.67063493 2.0047694  1.27094248 2.79802826 1.80880875]
2020-08-01 20:14:06,510 - root - DEBUG - Updating hall of fame
2020-08-01 20:14:06,699 - root - INFO - Completed generation 198; 1.3s elapsed, 1.8s avg, 3.6e+02s total. Expected time remaining: 3.6s
2020-08-01 20:14:06,760 - root - INFO - #198 MAX:accuracy.mean: 0.96
2020-08-01 20:14:06,800 - root - DEBUG - Sampled weight [3.82247858 4.29881026 4.04269695 1.57298453 2.73567315]
2020-08-01 20:14:07,875 - root - DEBUG - Updating hall of fame
2020-08-01 20:14:08,251 - root - INFO - Completed generation 199; 1.5s elapsed, 1.8s avg, 3.6e+02s total. Expected time remaining: 1.8s
2020-08-01 20:14:08,313 - root - INFO - #199 MAX:accuracy.mean: 0.94
2020-08-01 20:14:08,352 - root - DEBUG - Sampled weight [2.89170333 4.57559361 1.17790039 2.80426953 1.53786978]
2020-08-01 20:14:09,412 - root - DEBUG - Updating hall of fame
2020-08-01 20:14:09,778 - root - INFO - Completed generation 200; 1.5s elapsed, 1.8s avg, 3.6e+02s total. Expected time remaining: 0.0s
2020-08-01 20:14:09,838 - root - INFO - #200 MAX:accuracy.mean: 0.94
2020-08-01 20:14:10,004 - root - DEBUG - Loaded 150 samples.
2020-08-01 20:14:10,008 - root - INFO - Evaluating indivs in hall of fame.
2020-08-01 20:14:11,959 - root - INFO - Completed excution.
