2020-07-30 12:33:30,139 - root - INFO - Package version 0.1.1
2020-07-30 12:33:30,139 - root - INFO - Saving data at /vol/fob-vol1/mi15/plonerma/Lab/rewann/data/2020-07-30_Iris [3, 4, 5, 7, 8, 10]; lognormal 0,0.5; signed: True_000.
2020-07-30 12:33:30,139 - root - DEBUG - Loading training dataset
2020-07-30 12:33:30,201 - root - DEBUG - Loaded 150 samples.
2020-07-30 12:33:30,201 - root - DEBUG - Running experiments with the following parameters:
debug = true
experiment_name = "Iris [3, 4, 5, 7, 8, 10]; lognormal 0,0.5; signed: True"
experiment_path = "data/2020-07-30_Iris [3, 4, 5, 7, 8, 10]; lognormal 0,0.5; signed: True_000"

[config]
num_workers = 1
debug = true
backend = "numpy"

[postopt]
run_postopt = true
compile_report = false
num_weights = 100
num_samples = -1

[sampling]
seed = 0
post_init_seed = false
distribution = "lognormal"
lower_bound = -2
upper_bound = 2
mean = 0
sigma = 0.5
num_weights_per_iteration = 5
num_samples_per_iteration = -1
hof_evaluation_iterations = 20

[task]
name = "iris"
sample_order_seed = 0
test_portion = 0.2
sample_length = 10
num_categories = 8

[storage]
data_base_path = "data"
log_filename = "execution.log"
commit_elite_freq = -1
commit_metrics_freq = 10

[population]
num_generations = 200
size = 100
initial_enabled_edge_prob = 0.05
initial_genes = "full"
hof_size = 10
enable_edge_signs = true
enabled_activation_funcs = [ 3, 4, 5, 7, 8, 10,]

[selection]
use_tournaments = true
elite_ratio = 0.1
culling_ratio = 0.2
tournament_size = 5
objectives = [ "-log_loss.min", "-log_loss.mean", "-n_hidden",]
recorded_metrics = [ "accuracy", "kappa", "log_loss",]
hof_metric = "accuracy.mean"

[mutation.new_edge]
probability = 0.2
strategy = "layer_agnostic"
propability = 0.2

[mutation.new_node]
probability = 0.25
propability = 0.3

[mutation.reenable_edge]
probability = 0.05
propability = 0.1

[mutation.change_activation]
probability = 0.5
propability = 0.4

[mutation.change_edge_sign]
probability = 0.2

[mutation.new_recurrent_edge]
probability = 0.2
strategy = "any"

2020-07-30 12:33:30,209 - root - INFO - Starting evolutionary algorithm
2020-07-30 12:33:30,239 - root - DEBUG - Sampled weight [0.71894433 1.11238747 1.34943325 0.87971398 1.25909998]
2020-07-30 12:33:31,278 - root - DEBUG - Updating hall of fame
2020-07-30 12:33:33,157 - root - INFO - Completed generation 1; 2.9s elapsed, 2.9s avg, 2.9s total. Expected time remaining: 5.9e+02s
2020-07-30 12:33:33,216 - root - INFO - #1 MAX:accuracy.mean: 0.33
2020-07-30 12:33:33,257 - root - DEBUG - Sampled weight [0.745437   0.71541353 1.58119038 0.58716076 0.59267355]
2020-07-30 12:33:34,289 - root - DEBUG - Updating hall of fame
2020-07-30 12:33:36,095 - root - INFO - Completed generation 2; 2.9s elapsed, 2.9s avg, 5.8s total. Expected time remaining: 5.8e+02s
2020-07-30 12:33:36,148 - root - INFO - #2 MAX:accuracy.mean: 0.33
2020-07-30 12:33:36,189 - root - DEBUG - Sampled weight [0.74447793 0.50904321 3.13938934 0.38726323 1.05609064]
2020-07-30 12:33:37,232 - root - DEBUG - Updating hall of fame
2020-07-30 12:33:39,040 - root - INFO - Completed generation 3; 2.9s elapsed, 2.9s avg, 8.7s total. Expected time remaining: 5.7e+02s
2020-07-30 12:33:39,093 - root - INFO - #3 MAX:accuracy.mean: 0.34
2020-07-30 12:33:39,133 - root - DEBUG - Sampled weight [1.93336234 2.08637489 1.48154055 1.90216634 0.60704538]
2020-07-30 12:33:40,174 - root - DEBUG - Updating hall of fame
2020-07-30 12:33:41,674 - root - INFO - Completed generation 4; 2.6s elapsed, 2.8s avg, 1.1e+01s total. Expected time remaining: 5.5e+02s
2020-07-30 12:33:41,727 - root - INFO - #4 MAX:accuracy.mean: 0.37
2020-07-30 12:33:41,767 - root - DEBUG - Sampled weight [1.07551867 1.74730771 0.59766108 0.74051571 0.79064745]
2020-07-30 12:33:42,815 - root - DEBUG - Updating hall of fame
2020-07-30 12:33:44,265 - root - INFO - Completed generation 5; 2.5s elapsed, 2.8s avg, 1.4e+01s total. Expected time remaining: 5.4e+02s
2020-07-30 12:33:44,318 - root - INFO - #5 MAX:accuracy.mean: 0.37
2020-07-30 12:33:44,359 - root - DEBUG - Sampled weight [0.84717746 1.57148755 4.38504279 0.45276615 1.28216259]
2020-07-30 12:33:45,409 - root - DEBUG - Updating hall of fame
2020-07-30 12:33:46,882 - root - INFO - Completed generation 6; 2.6s elapsed, 2.7s avg, 1.6e+01s total. Expected time remaining: 5.3e+02s
2020-07-30 12:33:46,934 - root - INFO - #6 MAX:accuracy.mean: 0.4
2020-07-30 12:33:46,975 - root - DEBUG - Sampled weight [1.00102715 0.74390856 0.87246915 0.7799704  0.4715063 ]
2020-07-30 12:33:48,027 - root - DEBUG - Updating hall of fame
2020-07-30 12:33:48,982 - root - INFO - Completed generation 7; 2.0s elapsed, 2.6s avg, 1.8e+01s total. Expected time remaining: 5.1e+02s
2020-07-30 12:33:49,034 - root - INFO - #7 MAX:accuracy.mean: 0.53
2020-07-30 12:33:49,075 - root - DEBUG - Sampled weight [0.42894072 0.76049411 1.42775749 0.99163796 0.69378989]
2020-07-30 12:33:50,125 - root - DEBUG - Updating hall of fame
2020-07-30 12:33:51,426 - root - INFO - Completed generation 8; 2.4s elapsed, 2.6s avg, 2.1e+01s total. Expected time remaining: 5e+02s
2020-07-30 12:33:51,478 - root - INFO - #8 MAX:accuracy.mean: 0.64
2020-07-30 12:33:51,519 - root - DEBUG - Sampled weight [0.93543305 0.45694823 0.4171432  0.57046927 1.49074412]
2020-07-30 12:33:52,565 - root - DEBUG - Updating hall of fame
2020-07-30 12:33:53,882 - root - INFO - Completed generation 9; 2.4s elapsed, 2.6s avg, 2.3e+01s total. Expected time remaining: 4.9e+02s
2020-07-30 12:33:53,935 - root - INFO - #9 MAX:accuracy.mean: 0.57
2020-07-30 12:33:53,976 - root - DEBUG - Sampled weight [1.56845022 0.6935872  0.75109865 0.66254955 0.95418047]
2020-07-30 12:33:55,027 - root - DEBUG - Updating hall of fame
2020-07-30 12:33:56,163 - root - INFO - Completed generation 10; 2.2s elapsed, 2.5s avg, 2.5e+01s total. Expected time remaining: 4.8e+02s
2020-07-30 12:33:56,217 - root - INFO - #10 MAX:accuracy.mean: 0.57
2020-07-30 12:33:56,297 - root - DEBUG - Sampled weight [0.72422832 1.26462114 1.04937996 0.89887892 2.00938153]
2020-07-30 12:33:57,350 - root - DEBUG - Updating hall of fame
2020-07-30 12:33:58,486 - root - INFO - Completed generation 11; 2.2s elapsed, 2.5s avg, 2.8e+01s total. Expected time remaining: 4.8e+02s
2020-07-30 12:33:58,538 - root - INFO - #11 MAX:accuracy.mean: 0.8
2020-07-30 12:33:58,579 - root - DEBUG - Sampled weight [2.12546527 0.60864905 0.60660987 1.29219847 0.91725239]
2020-07-30 12:33:59,630 - root - DEBUG - Updating hall of fame
2020-07-30 12:34:00,938 - root - INFO - Completed generation 12; 2.4s elapsed, 2.5s avg, 3e+01s total. Expected time remaining: 4.7e+02s
2020-07-30 12:34:00,991 - root - INFO - #12 MAX:accuracy.mean: 0.69
2020-07-30 12:34:01,031 - root - DEBUG - Sampled weight [1.91198669 0.47824165 0.89771935 0.79375877 1.16327686]
2020-07-30 12:34:02,089 - root - DEBUG - Updating hall of fame
2020-07-30 12:34:03,217 - root - INFO - Completed generation 13; 2.2s elapsed, 2.5s avg, 3.2e+01s total. Expected time remaining: 4.7e+02s
2020-07-30 12:34:03,270 - root - INFO - #13 MAX:accuracy.mean: 0.75
2020-07-30 12:34:03,310 - root - DEBUG - Sampled weight [0.9405586  0.68563149 2.44122306 0.81171442 1.80495369]
2020-07-30 12:34:04,420 - root - DEBUG - Updating hall of fame
2020-07-30 12:34:05,605 - root - INFO - Completed generation 14; 2.3s elapsed, 2.5s avg, 3.5e+01s total. Expected time remaining: 4.6e+02s
2020-07-30 12:34:05,661 - root - INFO - #14 MAX:accuracy.mean: 0.75
2020-07-30 12:34:05,703 - root - DEBUG - Sampled weight [2.21011198 1.53380655 0.92227283 2.15552885 0.99068785]
2020-07-30 12:34:06,802 - root - DEBUG - Updating hall of fame
2020-07-30 12:34:08,176 - root - INFO - Completed generation 15; 2.5s elapsed, 2.5s avg, 3.7e+01s total. Expected time remaining: 4.6e+02s
2020-07-30 12:34:08,230 - root - INFO - #15 MAX:accuracy.mean: 0.82
2020-07-30 12:34:08,272 - root - DEBUG - Sampled weight [1.01112494 0.65584293 0.98136568 0.72713889 2.91969983]
2020-07-30 12:34:09,353 - root - DEBUG - Updating hall of fame
2020-07-30 12:34:10,839 - root - INFO - Completed generation 16; 2.6s elapsed, 2.5s avg, 4e+01s total. Expected time remaining: 4.6e+02s
2020-07-30 12:34:10,891 - root - INFO - #16 MAX:accuracy.mean: 0.79
2020-07-30 12:34:10,932 - root - DEBUG - Sampled weight [0.46155362 0.60748816 1.12905024 0.43371983 1.23717852]
2020-07-30 12:34:11,978 - root - DEBUG - Updating hall of fame
2020-07-30 12:34:12,928 - root - INFO - Completed generation 17; 2.0s elapsed, 2.5s avg, 4.2e+01s total. Expected time remaining: 4.5e+02s
2020-07-30 12:34:12,980 - root - INFO - #17 MAX:accuracy.mean: 0.89
2020-07-30 12:34:13,021 - root - DEBUG - Sampled weight [2.13213462 1.34588647 2.94000621 0.86656624 0.69755487]
2020-07-30 12:34:14,076 - root - DEBUG - Updating hall of fame
2020-07-30 12:34:15,024 - root - INFO - Completed generation 18; 2.0s elapsed, 2.4s avg, 4.4e+01s total. Expected time remaining: 4.4e+02s
2020-07-30 12:34:15,077 - root - INFO - #18 MAX:accuracy.mean: 0.78
2020-07-30 12:34:15,117 - root - DEBUG - Sampled weight [1.12097548 0.38517871 0.84163817 1.22594488 1.54637561]
2020-07-30 12:34:16,172 - root - DEBUG - Updating hall of fame
2020-07-30 12:34:17,117 - root - INFO - Completed generation 19; 2.0s elapsed, 2.4s avg, 4.6e+01s total. Expected time remaining: 4.4e+02s
2020-07-30 12:34:17,170 - root - INFO - #19 MAX:accuracy.mean: 0.8
2020-07-30 12:34:17,211 - root - DEBUG - Sampled weight [1.26303936 0.93299434 0.71083888 1.62564788 1.85193385]
2020-07-30 12:34:18,275 - root - DEBUG - Updating hall of fame
2020-07-30 12:34:19,605 - root - INFO - Completed generation 20; 2.4s elapsed, 2.4s avg, 4.8e+01s total. Expected time remaining: 4.4e+02s
2020-07-30 12:34:19,658 - root - INFO - #20 MAX:accuracy.mean: 0.82
2020-07-30 12:34:19,757 - root - DEBUG - Sampled weight [0.91464389 0.57379813 1.60359492 0.94599675 0.7433707 ]
2020-07-30 12:34:20,819 - root - DEBUG - Updating hall of fame
2020-07-30 12:34:22,300 - root - INFO - Completed generation 21; 2.6s elapsed, 2.4s avg, 5.1e+01s total. Expected time remaining: 4.3e+02s
2020-07-30 12:34:22,352 - root - INFO - #21 MAX:accuracy.mean: 0.85
2020-07-30 12:34:22,394 - root - DEBUG - Sampled weight [1.31754968 1.02178912 0.95049807 0.79483916 1.44160624]
2020-07-30 12:34:23,463 - root - DEBUG - Updating hall of fame
2020-07-30 12:34:24,423 - root - INFO - Completed generation 22; 2.1s elapsed, 2.4s avg, 5.3e+01s total. Expected time remaining: 4.3e+02s
2020-07-30 12:34:24,477 - root - INFO - #22 MAX:accuracy.mean: 0.8
2020-07-30 12:34:24,517 - root - DEBUG - Sampled weight [1.50997367 1.03389253 1.35400834 0.78393626 1.22445139]
2020-07-30 12:34:25,578 - root - DEBUG - Updating hall of fame
2020-07-30 12:34:26,878 - root - INFO - Completed generation 23; 2.4s elapsed, 2.4s avg, 5.5e+01s total. Expected time remaining: 4.3e+02s
2020-07-30 12:34:26,931 - root - INFO - #23 MAX:accuracy.mean: 0.79
2020-07-30 12:34:26,973 - root - DEBUG - Sampled weight [0.84471618 1.03177754 0.49051996 0.99316922 2.16890238]
2020-07-30 12:34:28,049 - root - DEBUG - Updating hall of fame
2020-07-30 12:34:28,805 - root - INFO - Completed generation 24; 1.9s elapsed, 2.4s avg, 5.7e+01s total. Expected time remaining: 4.2e+02s
2020-07-30 12:34:28,858 - root - INFO - #24 MAX:accuracy.mean: 0.66
2020-07-30 12:34:28,899 - root - DEBUG - Sampled weight [1.8192027  0.9568891  0.65543183 0.50876869 0.28425686]
2020-07-30 12:34:29,963 - root - DEBUG - Updating hall of fame
2020-07-30 12:34:29,963 - root - INFO - Completed generation 25; 1.1s elapsed, 2.3s avg, 5.8e+01s total. Expected time remaining: 4.1e+02s
2020-07-30 12:34:30,016 - root - INFO - #25 MAX:accuracy.mean: 0.64
2020-07-30 12:34:30,057 - root - DEBUG - Sampled weight [1.3921564  0.42805572 1.30058411 0.33080162 1.61779081]
2020-07-30 12:34:31,126 - root - DEBUG - Updating hall of fame
2020-07-30 12:34:31,126 - root - INFO - Completed generation 26; 1.1s elapsed, 2.3s avg, 5.9e+01s total. Expected time remaining: 4e+02s
2020-07-30 12:34:31,179 - root - INFO - #26 MAX:accuracy.mean: 0.71
2020-07-30 12:34:31,220 - root - DEBUG - Sampled weight [1.09858402 1.51284611 0.57576887 1.18001024 2.10402842]
2020-07-30 12:34:32,301 - root - DEBUG - Updating hall of fame
2020-07-30 12:34:32,686 - root - INFO - Completed generation 27; 1.5s elapsed, 2.3s avg, 6.1e+01s total. Expected time remaining: 3.9e+02s
2020-07-30 12:34:32,742 - root - INFO - #27 MAX:accuracy.mean: 0.87
2020-07-30 12:34:32,786 - root - DEBUG - Sampled weight [1.24008261 0.55278536 1.64743546 0.95547814 1.51707965]
2020-07-30 12:34:33,944 - root - DEBUG - Updating hall of fame
2020-07-30 12:34:34,742 - root - INFO - Completed generation 28; 2.0s elapsed, 2.2s avg, 6.3e+01s total. Expected time remaining: 3.9e+02s
2020-07-30 12:34:34,798 - root - INFO - #28 MAX:accuracy.mean: 0.89
2020-07-30 12:34:34,842 - root - DEBUG - Sampled weight [2.58095795 1.25769954 0.65412063 2.05157496 1.55852546]
2020-07-30 12:34:35,985 - root - DEBUG - Updating hall of fame
2020-07-30 12:34:36,587 - root - INFO - Completed generation 29; 1.8s elapsed, 2.2s avg, 6.5e+01s total. Expected time remaining: 3.8e+02s
2020-07-30 12:34:36,641 - root - INFO - #29 MAX:accuracy.mean: 0.79
2020-07-30 12:34:36,683 - root - DEBUG - Sampled weight [0.90113434 0.89764615 0.93242806 0.90427411 1.67216914]
2020-07-30 12:34:37,767 - root - DEBUG - Updating hall of fame
2020-07-30 12:34:38,505 - root - INFO - Completed generation 30; 1.9s elapsed, 2.2s avg, 6.7e+01s total. Expected time remaining: 3.8e+02s
2020-07-30 12:34:38,558 - root - INFO - #30 MAX:accuracy.mean: 0.96
2020-07-30 12:34:38,671 - root - DEBUG - Sampled weight [1.12020067 0.94547813 0.58030412 0.64340825 1.06757814]
2020-07-30 12:34:39,735 - root - DEBUG - Updating hall of fame
2020-07-30 12:34:40,115 - root - INFO - Completed generation 31; 1.5s elapsed, 2.2s avg, 6.8e+01s total. Expected time remaining: 3.7e+02s
2020-07-30 12:34:40,167 - root - INFO - #31 MAX:accuracy.mean: 0.83
2020-07-30 12:34:40,208 - root - DEBUG - Sampled weight [0.51802105 1.27265943 0.50666409 0.54185413 1.19910518]
2020-07-30 12:34:41,287 - root - DEBUG - Updating hall of fame
2020-07-30 12:34:41,670 - root - INFO - Completed generation 32; 1.5s elapsed, 2.2s avg, 7e+01s total. Expected time remaining: 3.7e+02s
2020-07-30 12:34:41,723 - root - INFO - #32 MAX:accuracy.mean: 0.81
2020-07-30 12:34:41,764 - root - DEBUG - Sampled weight [1.14494251 0.73918069 0.6896673  0.97502794 0.6828489 ]
2020-07-30 12:34:42,837 - root - DEBUG - Updating hall of fame
2020-07-30 12:34:43,219 - root - INFO - Completed generation 33; 1.5s elapsed, 2.2s avg, 7.1e+01s total. Expected time remaining: 3.6e+02s
2020-07-30 12:34:43,272 - root - INFO - #33 MAX:accuracy.mean: 0.83
2020-07-30 12:34:43,313 - root - DEBUG - Sampled weight [0.67064391 0.85661198 0.89240587 0.91720401 0.66668288]
2020-07-30 12:34:44,390 - root - DEBUG - Updating hall of fame
2020-07-30 12:34:44,769 - root - INFO - Completed generation 34; 1.5s elapsed, 2.1s avg, 7.3e+01s total. Expected time remaining: 3.5e+02s
2020-07-30 12:34:44,821 - root - INFO - #34 MAX:accuracy.mean: 0.83
2020-07-30 12:34:44,861 - root - DEBUG - Sampled weight [0.43623919 1.7493768  0.47410736 0.41947415 1.13290812]
2020-07-30 12:34:45,927 - root - DEBUG - Updating hall of fame
2020-07-30 12:34:46,482 - root - INFO - Completed generation 35; 1.7s elapsed, 2.1s avg, 7.4e+01s total. Expected time remaining: 3.5e+02s
2020-07-30 12:34:46,535 - root - INFO - #35 MAX:accuracy.mean: 0.72
2020-07-30 12:34:46,575 - root - DEBUG - Sampled weight [1.69505405 1.10453614 1.18379481 1.02477351 0.70141659]
2020-07-30 12:34:47,642 - root - DEBUG - Updating hall of fame
2020-07-30 12:34:47,829 - root - INFO - Completed generation 36; 1.3s elapsed, 2.1s avg, 7.6e+01s total. Expected time remaining: 3.4e+02s
2020-07-30 12:34:47,882 - root - INFO - #36 MAX:accuracy.mean: 0.86
2020-07-30 12:34:47,922 - root - DEBUG - Sampled weight [0.59029484 1.31059138 3.50593153 1.47778784 0.73286108]
2020-07-30 12:34:49,002 - root - DEBUG - Updating hall of fame
2020-07-30 12:34:49,933 - root - INFO - Completed generation 37; 2.1s elapsed, 2.1s avg, 7.8e+01s total. Expected time remaining: 3.4e+02s
2020-07-30 12:34:49,986 - root - INFO - #37 MAX:accuracy.mean: 0.82
2020-07-30 12:34:50,026 - root - DEBUG - Sampled weight [1.6239472  1.99673252 1.26529097 0.55444611 0.8378951 ]
2020-07-30 12:34:51,106 - root - DEBUG - Updating hall of fame
2020-07-30 12:34:51,297 - root - INFO - Completed generation 38; 1.3s elapsed, 2.1s avg, 7.9e+01s total. Expected time remaining: 3.4e+02s
2020-07-30 12:34:51,458 - root - INFO - #38 MAX:accuracy.mean: 0.83
2020-07-30 12:34:51,500 - root - DEBUG - Sampled weight [0.69857012 1.52997291 0.32687007 1.97608649 1.5505401 ]
2020-07-30 12:34:52,577 - root - DEBUG - Updating hall of fame
2020-07-30 12:34:53,513 - root - INFO - Completed generation 39; 2.1s elapsed, 2.1s avg, 8.1e+01s total. Expected time remaining: 3.3e+02s
2020-07-30 12:34:53,565 - root - INFO - #39 MAX:accuracy.mean: 0.8
2020-07-30 12:34:53,606 - root - DEBUG - Sampled weight [1.38465837 1.45620659 0.52996977 1.66517007 2.34293788]
2020-07-30 12:34:54,681 - root - DEBUG - Updating hall of fame
2020-07-30 12:34:54,872 - root - INFO - Completed generation 40; 1.3s elapsed, 2.1s avg, 8.2e+01s total. Expected time remaining: 3.3e+02s
2020-07-30 12:34:54,925 - root - INFO - #40 MAX:accuracy.mean: 0.8
2020-07-30 12:34:55,014 - root - DEBUG - Sampled weight [1.02571394 1.32000254 0.97971708 0.43845125 1.19361445]
2020-07-30 12:34:56,077 - root - DEBUG - Updating hall of fame
2020-07-30 12:34:56,830 - root - INFO - Completed generation 41; 1.9s elapsed, 2.1s avg, 8.4e+01s total. Expected time remaining: 3.3e+02s
2020-07-30 12:34:56,883 - root - INFO - #41 MAX:accuracy.mean: 0.83
2020-07-30 12:34:56,924 - root - DEBUG - Sampled weight [0.35427862 0.40774512 0.84071342 2.37989884 1.52492462]
2020-07-30 12:34:58,003 - root - DEBUG - Updating hall of fame
2020-07-30 12:34:58,578 - root - INFO - Completed generation 42; 1.7s elapsed, 2.0s avg, 8.6e+01s total. Expected time remaining: 3.2e+02s
2020-07-30 12:34:58,630 - root - INFO - #42 MAX:accuracy.mean: 0.71
2020-07-30 12:34:58,671 - root - DEBUG - Sampled weight [0.7141487  1.0875168  0.58883991 0.86706858 0.96528311]
2020-07-30 12:34:59,753 - root - DEBUG - Updating hall of fame
2020-07-30 12:34:59,753 - root - INFO - Completed generation 43; 1.1s elapsed, 2.0s avg, 8.7e+01s total. Expected time remaining: 3.2e+02s
2020-07-30 12:34:59,805 - root - INFO - #43 MAX:accuracy.mean: 0.76
2020-07-30 12:34:59,847 - root - DEBUG - Sampled weight [1.07218944 0.98025754 0.95832343 0.66828959 1.04888392]
2020-07-30 12:35:00,940 - root - DEBUG - Updating hall of fame
2020-07-30 12:35:01,498 - root - INFO - Completed generation 44; 1.7s elapsed, 2.0s avg, 8.9e+01s total. Expected time remaining: 3.1e+02s
2020-07-30 12:35:01,551 - root - INFO - #44 MAX:accuracy.mean: 0.86
2020-07-30 12:35:01,592 - root - DEBUG - Sampled weight [2.39057694 0.78191425 0.57527233 0.50045828 1.10202455]
2020-07-30 12:35:02,707 - root - DEBUG - Updating hall of fame
2020-07-30 12:35:03,454 - root - INFO - Completed generation 45; 1.9s elapsed, 2.0s avg, 9.1e+01s total. Expected time remaining: 3.1e+02s
2020-07-30 12:35:03,507 - root - INFO - #45 MAX:accuracy.mean: 0.75
2020-07-30 12:35:03,549 - root - DEBUG - Sampled weight [1.31853926 0.99443413 0.87574418 0.84729346 1.0066352 ]
2020-07-30 12:35:04,631 - root - DEBUG - Updating hall of fame
2020-07-30 12:35:04,631 - root - INFO - Completed generation 46; 1.1s elapsed, 2.0s avg, 9.2e+01s total. Expected time remaining: 3.1e+02s
2020-07-30 12:35:04,684 - root - INFO - #46 MAX:accuracy.mean: 0.95
2020-07-30 12:35:04,724 - root - DEBUG - Sampled weight [1.72865239 4.87260491 0.91439353 2.03090443 1.56829494]
2020-07-30 12:35:05,805 - root - DEBUG - Updating hall of fame
2020-07-30 12:35:06,744 - root - INFO - Completed generation 47; 2.1s elapsed, 2.0s avg, 9.4e+01s total. Expected time remaining: 3.1e+02s
2020-07-30 12:35:06,797 - root - INFO - #47 MAX:accuracy.mean: 0.76
2020-07-30 12:35:06,838 - root - DEBUG - Sampled weight [0.83082148 0.39115012 1.1053391  0.40697421 1.23372962]
2020-07-30 12:35:07,911 - root - DEBUG - Updating hall of fame
2020-07-30 12:35:07,911 - root - INFO - Completed generation 48; 1.1s elapsed, 2.0s avg, 9.5e+01s total. Expected time remaining: 3e+02s
2020-07-30 12:35:07,964 - root - INFO - #48 MAX:accuracy.mean: 0.75
2020-07-30 12:35:08,005 - root - DEBUG - Sampled weight [0.33465066 1.2253052  0.4653924  1.34644469 0.67983712]
2020-07-30 12:35:09,114 - root - DEBUG - Updating hall of fame
2020-07-30 12:35:09,314 - root - INFO - Completed generation 49; 1.4s elapsed, 2.0s avg, 9.6e+01s total. Expected time remaining: 3e+02s
2020-07-30 12:35:09,369 - root - INFO - #49 MAX:accuracy.mean: 0.75
2020-07-30 12:35:09,411 - root - DEBUG - Sampled weight [1.91103022 1.17603668 0.97673172 0.86018754 1.03146506]
2020-07-30 12:35:10,509 - root - DEBUG - Updating hall of fame
2020-07-30 12:35:10,509 - root - INFO - Completed generation 50; 1.1s elapsed, 1.9s avg, 9.7e+01s total. Expected time remaining: 2.9e+02s
2020-07-30 12:35:10,562 - root - INFO - #50 MAX:accuracy.mean: 0.93
2020-07-30 12:35:10,651 - root - DEBUG - Sampled weight [1.80401984 0.97072075 2.03454698 0.58997136 1.6984556 ]
2020-07-30 12:35:11,741 - root - DEBUG - Updating hall of fame
2020-07-30 12:35:12,864 - root - INFO - Completed generation 51; 2.3s elapsed, 2.0s avg, 1e+02s total. Expected time remaining: 2.9e+02s
2020-07-30 12:35:12,917 - root - INFO - #51 MAX:accuracy.mean: 0.8
2020-07-30 12:35:12,958 - root - DEBUG - Sampled weight [1.04380941 0.65059357 0.63279002 1.08944969 1.60175846]
2020-07-30 12:35:14,042 - root - DEBUG - Updating hall of fame
2020-07-30 12:35:14,234 - root - INFO - Completed generation 52; 1.3s elapsed, 1.9s avg, 1e+02s total. Expected time remaining: 2.9e+02s
2020-07-30 12:35:14,286 - root - INFO - #52 MAX:accuracy.mean: 0.76
2020-07-30 12:35:14,328 - root - DEBUG - Sampled weight [0.85994873 0.96912135 1.15491635 0.60653443 0.95033873]
2020-07-30 12:35:15,418 - root - DEBUG - Updating hall of fame
2020-07-30 12:35:16,164 - root - INFO - Completed generation 53; 1.9s elapsed, 1.9s avg, 1e+02s total. Expected time remaining: 2.9e+02s
2020-07-30 12:35:16,216 - root - INFO - #53 MAX:accuracy.mean: 0.87
2020-07-30 12:35:16,256 - root - DEBUG - Sampled weight [0.57110869 0.61381505 0.33961338 0.8990437  0.9519206 ]
2020-07-30 12:35:17,351 - root - DEBUG - Updating hall of fame
2020-07-30 12:35:18,478 - root - INFO - Completed generation 54; 2.3s elapsed, 1.9s avg, 1.1e+02s total. Expected time remaining: 2.8e+02s
2020-07-30 12:35:18,531 - root - INFO - #54 MAX:accuracy.mean: 0.79
2020-07-30 12:35:18,573 - root - DEBUG - Sampled weight [0.51113333 2.59612843 0.97743145 0.43722155 0.93411043]
2020-07-30 12:35:19,665 - root - DEBUG - Updating hall of fame
2020-07-30 12:35:20,053 - root - INFO - Completed generation 55; 1.5s elapsed, 1.9s avg, 1.1e+02s total. Expected time remaining: 2.8e+02s
2020-07-30 12:35:20,106 - root - INFO - #55 MAX:accuracy.mean: 0.78
2020-07-30 12:35:20,146 - root - DEBUG - Sampled weight [1.03181259 1.48352683 0.51400569 0.37789388 2.09685033]
2020-07-30 12:35:21,232 - root - DEBUG - Updating hall of fame
2020-07-30 12:35:21,802 - root - INFO - Completed generation 56; 1.7s elapsed, 1.9s avg, 1.1e+02s total. Expected time remaining: 2.8e+02s
2020-07-30 12:35:21,854 - root - INFO - #56 MAX:accuracy.mean: 0.78
2020-07-30 12:35:21,896 - root - DEBUG - Sampled weight [3.84361785 0.57513925 1.24230864 1.49979454 2.52393189]
2020-07-30 12:35:22,987 - root - DEBUG - Updating hall of fame
2020-07-30 12:35:23,365 - root - INFO - Completed generation 57; 1.5s elapsed, 1.9s avg, 1.1e+02s total. Expected time remaining: 2.8e+02s
2020-07-30 12:35:23,418 - root - INFO - #57 MAX:accuracy.mean: 0.77
2020-07-30 12:35:23,459 - root - DEBUG - Sampled weight [1.58817363 0.97593452 1.61819786 0.44407098 0.82536459]
2020-07-30 12:35:24,542 - root - DEBUG - Updating hall of fame
2020-07-30 12:35:25,300 - root - INFO - Completed generation 58; 1.9s elapsed, 1.9s avg, 1.1e+02s total. Expected time remaining: 2.7e+02s
2020-07-30 12:35:25,358 - root - INFO - #58 MAX:accuracy.mean: 0.8
2020-07-30 12:35:25,400 - root - DEBUG - Sampled weight [1.3941797  1.17456974 0.9529841  0.58086028 1.20875907]
2020-07-30 12:35:26,484 - root - DEBUG - Updating hall of fame
2020-07-30 12:35:27,064 - root - INFO - Completed generation 59; 1.7s elapsed, 1.9s avg, 1.1e+02s total. Expected time remaining: 2.7e+02s
2020-07-30 12:35:27,117 - root - INFO - #59 MAX:accuracy.mean: 0.87
2020-07-30 12:35:27,159 - root - DEBUG - Sampled weight [0.4687589  1.13942637 0.76052784 1.11259761 2.69858614]
2020-07-30 12:35:28,237 - root - DEBUG - Updating hall of fame
2020-07-30 12:35:29,158 - root - INFO - Completed generation 60; 2.0s elapsed, 1.9s avg, 1.2e+02s total. Expected time remaining: 2.7e+02s
2020-07-30 12:35:29,210 - root - INFO - #60 MAX:accuracy.mean: 0.73
2020-07-30 12:35:29,306 - root - DEBUG - Sampled weight [0.87810475 1.3040414  1.12872531 1.22249765 0.79379667]
2020-07-30 12:35:30,382 - root - DEBUG - Updating hall of fame
2020-07-30 12:35:30,566 - root - INFO - Completed generation 61; 1.3s elapsed, 1.9s avg, 1.2e+02s total. Expected time remaining: 2.7e+02s
2020-07-30 12:35:30,619 - root - INFO - #61 MAX:accuracy.mean: 0.94
2020-07-30 12:35:30,660 - root - DEBUG - Sampled weight [1.32613747 0.95507859 1.92378963 1.31782538 0.78563457]
2020-07-30 12:35:31,727 - root - DEBUG - Updating hall of fame
2020-07-30 12:35:32,644 - root - INFO - Completed generation 62; 2.0s elapsed, 1.9s avg, 1.2e+02s total. Expected time remaining: 2.6e+02s
2020-07-30 12:35:32,696 - root - INFO - #62 MAX:accuracy.mean: 0.9
2020-07-30 12:35:32,738 - root - DEBUG - Sampled weight [0.84876489 0.5352729  1.10363374 0.49203321 0.93567973]
2020-07-30 12:35:33,800 - root - DEBUG - Updating hall of fame
2020-07-30 12:35:34,162 - root - INFO - Completed generation 63; 1.5s elapsed, 1.9s avg, 1.2e+02s total. Expected time remaining: 2.6e+02s
2020-07-30 12:35:34,215 - root - INFO - #63 MAX:accuracy.mean: 0.75
2020-07-30 12:35:34,255 - root - DEBUG - Sampled weight [0.75799572 0.55114179 1.70194447 0.96316213 1.28678936]
2020-07-30 12:35:35,337 - root - DEBUG - Updating hall of fame
2020-07-30 12:35:35,338 - root - INFO - Completed generation 64; 1.1s elapsed, 1.9s avg, 1.2e+02s total. Expected time remaining: 2.6e+02s
2020-07-30 12:35:35,391 - root - INFO - #64 MAX:accuracy.mean: 0.76
2020-07-30 12:35:35,432 - root - DEBUG - Sampled weight [0.60180005 0.82517981 1.57778275 1.13025034 0.89536049]
2020-07-30 12:35:36,525 - root - DEBUG - Updating hall of fame
2020-07-30 12:35:37,637 - root - INFO - Completed generation 65; 2.2s elapsed, 1.9s avg, 1.2e+02s total. Expected time remaining: 2.6e+02s
2020-07-30 12:35:37,690 - root - INFO - #65 MAX:accuracy.mean: 0.86
2020-07-30 12:35:37,732 - root - DEBUG - Sampled weight [0.54864899 0.71338361 0.4300911  1.50636841 1.09906756]
2020-07-30 12:35:38,823 - root - DEBUG - Updating hall of fame
2020-07-30 12:35:39,375 - root - INFO - Completed generation 66; 1.7s elapsed, 1.9s avg, 1.3e+02s total. Expected time remaining: 2.5e+02s
2020-07-30 12:35:39,427 - root - INFO - #66 MAX:accuracy.mean: 0.83
2020-07-30 12:35:39,468 - root - DEBUG - Sampled weight [0.64663603 0.47096214 0.64838279 0.65743187 0.56526418]
2020-07-30 12:35:40,550 - root - DEBUG - Updating hall of fame
2020-07-30 12:35:41,104 - root - INFO - Completed generation 67; 1.7s elapsed, 1.9s avg, 1.3e+02s total. Expected time remaining: 2.5e+02s
2020-07-30 12:35:41,156 - root - INFO - #67 MAX:accuracy.mean: 0.82
2020-07-30 12:35:41,197 - root - DEBUG - Sampled weight [0.31721698 1.52828496 0.53818189 0.8368395  1.34990233]
2020-07-30 12:35:42,276 - root - DEBUG - Updating hall of fame
2020-07-30 12:35:42,466 - root - INFO - Completed generation 68; 1.3s elapsed, 1.9s avg, 1.3e+02s total. Expected time remaining: 2.5e+02s
2020-07-30 12:35:42,518 - root - INFO - #68 MAX:accuracy.mean: 0.81
2020-07-30 12:35:42,559 - root - DEBUG - Sampled weight [0.79323511 0.79225537 0.83630357 0.92746386 1.17201674]
2020-07-30 12:35:43,642 - root - DEBUG - Updating hall of fame
2020-07-30 12:35:43,833 - root - INFO - Completed generation 69; 1.3s elapsed, 1.9s avg, 1.3e+02s total. Expected time remaining: 2.5e+02s
2020-07-30 12:35:43,886 - root - INFO - #69 MAX:accuracy.mean: 0.96
2020-07-30 12:35:43,927 - root - DEBUG - Sampled weight [0.92728489 2.3636878  0.81969336 0.95570604 2.10124497]
2020-07-30 12:35:45,017 - root - DEBUG - Updating hall of fame
2020-07-30 12:35:45,947 - root - INFO - Completed generation 70; 2.1s elapsed, 1.9s avg, 1.3e+02s total. Expected time remaining: 2.4e+02s
2020-07-30 12:35:46,000 - root - INFO - #70 MAX:accuracy.mean: 0.87
2020-07-30 12:35:46,085 - root - DEBUG - Sampled weight [1.4558458  0.34517404 1.27688646 1.46835821 0.76078327]
2020-07-30 12:35:47,179 - root - DEBUG - Updating hall of fame
2020-07-30 12:35:47,563 - root - INFO - Completed generation 71; 1.5s elapsed, 1.9s avg, 1.3e+02s total. Expected time remaining: 2.4e+02s
2020-07-30 12:35:47,615 - root - INFO - #71 MAX:accuracy.mean: 0.81
2020-07-30 12:35:47,657 - root - DEBUG - Sampled weight [1.33075741 1.29595952 1.85934715 0.84266874 1.68482233]
2020-07-30 12:35:48,751 - root - DEBUG - Updating hall of fame
2020-07-30 12:35:49,330 - root - INFO - Completed generation 72; 1.7s elapsed, 1.9s avg, 1.3e+02s total. Expected time remaining: 2.4e+02s
2020-07-30 12:35:49,382 - root - INFO - #72 MAX:accuracy.mean: 0.93
2020-07-30 12:35:49,423 - root - DEBUG - Sampled weight [1.25829378 2.09775965 1.15025252 1.32560341 0.73193941]
2020-07-30 12:35:50,505 - root - DEBUG - Updating hall of fame
2020-07-30 12:35:51,281 - root - INFO - Completed generation 73; 1.9s elapsed, 1.9s avg, 1.4e+02s total. Expected time remaining: 2.4e+02s
2020-07-30 12:35:51,336 - root - INFO - #73 MAX:accuracy.mean: 0.9
2020-07-30 12:35:51,381 - root - DEBUG - Sampled weight [0.71653134 1.42978939 1.23874634 0.80099165 1.04119978]
2020-07-30 12:35:52,549 - root - DEBUG - Updating hall of fame
2020-07-30 12:35:52,972 - root - INFO - Completed generation 74; 1.6s elapsed, 1.9s avg, 1.4e+02s total. Expected time remaining: 2.4e+02s
2020-07-30 12:35:53,028 - root - INFO - #74 MAX:accuracy.mean: 0.9
2020-07-30 12:35:53,071 - root - DEBUG - Sampled weight [1.81341827 1.17446379 1.2478092  0.72867356 0.7377561 ]
2020-07-30 12:35:54,214 - root - DEBUG - Updating hall of fame
2020-07-30 12:35:55,336 - root - INFO - Completed generation 75; 2.3s elapsed, 1.9s avg, 1.4e+02s total. Expected time remaining: 2.3e+02s
2020-07-30 12:35:55,388 - root - INFO - #75 MAX:accuracy.mean: 0.91
2020-07-30 12:35:55,430 - root - DEBUG - Sampled weight [0.66621896 0.60623508 0.89940643 0.74755677 1.39015889]
2020-07-30 12:35:56,516 - root - DEBUG - Updating hall of fame
2020-07-30 12:35:57,252 - root - INFO - Completed generation 76; 1.9s elapsed, 1.9s avg, 1.4e+02s total. Expected time remaining: 2.3e+02s
2020-07-30 12:35:57,304 - root - INFO - #76 MAX:accuracy.mean: 0.82
2020-07-30 12:35:57,345 - root - DEBUG - Sampled weight [0.74769697 1.97022849 0.71414226 0.91324595 1.76401484]
2020-07-30 12:35:58,427 - root - DEBUG - Updating hall of fame
2020-07-30 12:35:58,802 - root - INFO - Completed generation 77; 1.5s elapsed, 1.9s avg, 1.4e+02s total. Expected time remaining: 2.3e+02s
2020-07-30 12:35:58,854 - root - INFO - #77 MAX:accuracy.mean: 0.94
2020-07-30 12:35:58,895 - root - DEBUG - Sampled weight [2.12354116 1.85858395 0.78739434 1.01354897 0.70092169]
2020-07-30 12:35:59,991 - root - DEBUG - Updating hall of fame
2020-07-30 12:36:00,553 - root - INFO - Completed generation 78; 1.7s elapsed, 1.9s avg, 1.5e+02s total. Expected time remaining: 2.3e+02s
2020-07-30 12:36:00,607 - root - INFO - #78 MAX:accuracy.mean: 0.93
2020-07-30 12:36:00,649 - root - DEBUG - Sampled weight [0.75244398 1.41438785 1.03021434 1.39138782 1.08496839]
2020-07-30 12:36:01,766 - root - DEBUG - Updating hall of fame
2020-07-30 12:36:02,748 - root - INFO - Completed generation 79; 2.1s elapsed, 1.9s avg, 1.5e+02s total. Expected time remaining: 2.3e+02s
2020-07-30 12:36:02,800 - root - INFO - #79 MAX:accuracy.mean: 0.92
2020-07-30 12:36:02,843 - root - DEBUG - Sampled weight [1.51948364 0.55867931 0.64554414 0.68430729 1.4899091 ]
2020-07-30 12:36:03,917 - root - DEBUG - Updating hall of fame
2020-07-30 12:36:04,848 - root - INFO - Completed generation 80; 2.0s elapsed, 1.9s avg, 1.5e+02s total. Expected time remaining: 2.2e+02s
2020-07-30 12:36:04,901 - root - INFO - #80 MAX:accuracy.mean: 0.82
2020-07-30 12:36:05,014 - root - DEBUG - Sampled weight [1.66997822 0.71503684 1.46168821 1.36959804 2.14665881]
2020-07-30 12:36:06,097 - root - DEBUG - Updating hall of fame
2020-07-30 12:36:06,663 - root - INFO - Completed generation 81; 1.7s elapsed, 1.9s avg, 1.5e+02s total. Expected time remaining: 2.2e+02s
2020-07-30 12:36:06,716 - root - INFO - #81 MAX:accuracy.mean: 0.84
2020-07-30 12:36:06,757 - root - DEBUG - Sampled weight [0.76653504 0.88868899 1.97366851 0.72378943 0.85798747]
2020-07-30 12:36:07,842 - root - DEBUG - Updating hall of fame
2020-07-30 12:36:08,791 - root - INFO - Completed generation 82; 2.1s elapsed, 1.9s avg, 1.5e+02s total. Expected time remaining: 2.2e+02s
2020-07-30 12:36:08,844 - root - INFO - #82 MAX:accuracy.mean: 0.95
2020-07-30 12:36:08,885 - root - DEBUG - Sampled weight [0.50363022 1.37711494 0.92056518 0.87135162 0.79605567]
2020-07-30 12:36:09,959 - root - DEBUG - Updating hall of fame
2020-07-30 12:36:10,534 - root - INFO - Completed generation 83; 1.7s elapsed, 1.9s avg, 1.6e+02s total. Expected time remaining: 2.2e+02s
2020-07-30 12:36:10,586 - root - INFO - #83 MAX:accuracy.mean: 0.88
2020-07-30 12:36:10,628 - root - DEBUG - Sampled weight [1.48881004 0.95808721 1.37218791 1.26738779 0.90087584]
2020-07-30 12:36:11,706 - root - DEBUG - Updating hall of fame
2020-07-30 12:36:12,288 - root - INFO - Completed generation 84; 1.7s elapsed, 1.9s avg, 1.6e+02s total. Expected time remaining: 2.2e+02s
2020-07-30 12:36:12,340 - root - INFO - #84 MAX:accuracy.mean: 0.9
2020-07-30 12:36:12,382 - root - DEBUG - Sampled weight [1.47473958 2.67968744 2.42899194 0.67092527 0.38935092]
2020-07-30 12:36:13,474 - root - DEBUG - Updating hall of fame
2020-07-30 12:36:14,806 - root - INFO - Completed generation 85; 2.5s elapsed, 1.9s avg, 1.6e+02s total. Expected time remaining: 2.2e+02s
2020-07-30 12:36:14,859 - root - INFO - #85 MAX:accuracy.mean: 0.81
2020-07-30 12:36:14,901 - root - DEBUG - Sampled weight [1.37887672 2.33103068 0.61975945 1.15781611 1.47276207]
2020-07-30 12:36:15,994 - root - DEBUG - Updating hall of fame
2020-07-30 12:36:16,548 - root - INFO - Completed generation 86; 1.7s elapsed, 1.9s avg, 1.6e+02s total. Expected time remaining: 2.1e+02s
2020-07-30 12:36:16,601 - root - INFO - #86 MAX:accuracy.mean: 0.81
2020-07-30 12:36:16,642 - root - DEBUG - Sampled weight [1.08154785 1.88657584 0.857316   0.91836964 1.92838993]
2020-07-30 12:36:17,715 - root - DEBUG - Updating hall of fame
2020-07-30 12:36:18,643 - root - INFO - Completed generation 87; 2.0s elapsed, 1.9s avg, 1.6e+02s total. Expected time remaining: 2.1e+02s
2020-07-30 12:36:18,695 - root - INFO - #87 MAX:accuracy.mean: 0.84
2020-07-30 12:36:18,736 - root - DEBUG - Sampled weight [1.11677444 0.32564259 0.77794015 1.33199631 0.78079946]
2020-07-30 12:36:19,812 - root - DEBUG - Updating hall of fame
2020-07-30 12:36:20,560 - root - INFO - Completed generation 88; 1.9s elapsed, 1.9s avg, 1.7e+02s total. Expected time remaining: 2.1e+02s
2020-07-30 12:36:20,612 - root - INFO - #88 MAX:accuracy.mean: 0.8
2020-07-30 12:36:20,654 - root - DEBUG - Sampled weight [0.7200216  0.88112851 1.59905436 0.60924171 1.05426472]
2020-07-30 12:36:21,757 - root - DEBUG - Updating hall of fame
2020-07-30 12:36:21,964 - root - INFO - Completed generation 89; 1.4s elapsed, 1.9s avg, 1.7e+02s total. Expected time remaining: 2.1e+02s
2020-07-30 12:36:22,017 - root - INFO - #89 MAX:accuracy.mean: 0.95
2020-07-30 12:36:22,058 - root - DEBUG - Sampled weight [1.02046554 1.04262812 0.75742899 0.69163315 0.8493742 ]
2020-07-30 12:36:23,168 - root - DEBUG - Updating hall of fame
2020-07-30 12:36:23,749 - root - INFO - Completed generation 90; 1.7s elapsed, 1.9s avg, 1.7e+02s total. Expected time remaining: 2.1e+02s
2020-07-30 12:36:23,802 - root - INFO - #90 MAX:accuracy.mean: 0.96
2020-07-30 12:36:23,909 - root - DEBUG - Sampled weight [0.72243868 0.62768247 2.31257141 1.25533014 1.0175707 ]
2020-07-30 12:36:25,020 - root - DEBUG - Updating hall of fame
2020-07-30 12:36:25,412 - root - INFO - Completed generation 91; 1.5s elapsed, 1.9s avg, 1.7e+02s total. Expected time remaining: 2e+02s
2020-07-30 12:36:25,465 - root - INFO - #91 MAX:accuracy.mean: 0.91
2020-07-30 12:36:25,507 - root - DEBUG - Sampled weight [1.76785558 1.12608964 0.42419012 0.47178459 2.37659713]
2020-07-30 12:36:26,627 - root - DEBUG - Updating hall of fame
2020-07-30 12:36:27,240 - root - INFO - Completed generation 92; 1.8s elapsed, 1.9s avg, 1.7e+02s total. Expected time remaining: 2e+02s
2020-07-30 12:36:27,293 - root - INFO - #92 MAX:accuracy.mean: 0.85
2020-07-30 12:36:27,335 - root - DEBUG - Sampled weight [2.07443147 1.06357295 0.74133939 0.96160943 1.12711376]
2020-07-30 12:36:28,457 - root - DEBUG - Updating hall of fame
2020-07-30 12:36:28,872 - root - INFO - Completed generation 93; 1.6s elapsed, 1.9s avg, 1.7e+02s total. Expected time remaining: 2e+02s
2020-07-30 12:36:28,924 - root - INFO - #93 MAX:accuracy.mean: 0.96
2020-07-30 12:36:28,966 - root - DEBUG - Sampled weight [1.42275264 0.92167323 0.43525553 1.13976934 0.74904322]
2020-07-30 12:36:30,074 - root - DEBUG - Updating hall of fame
2020-07-30 12:36:30,845 - root - INFO - Completed generation 94; 1.9s elapsed, 1.9s avg, 1.8e+02s total. Expected time remaining: 2e+02s
2020-07-30 12:36:30,897 - root - INFO - #94 MAX:accuracy.mean: 0.88
2020-07-30 12:36:30,937 - root - DEBUG - Sampled weight [1.28768767 1.69930176 1.22208178 1.3558243  0.803572  ]
2020-07-30 12:36:32,035 - root - DEBUG - Updating hall of fame
2020-07-30 12:36:32,843 - root - INFO - Completed generation 95; 1.9s elapsed, 1.9s avg, 1.8e+02s total. Expected time remaining: 2e+02s
2020-07-30 12:36:32,897 - root - INFO - #95 MAX:accuracy.mean: 0.94
2020-07-30 12:36:32,939 - root - DEBUG - Sampled weight [3.5678663  0.84397338 0.73177915 0.80986557 0.94052324]
2020-07-30 12:36:34,050 - root - DEBUG - Updating hall of fame
2020-07-30 12:36:34,986 - root - INFO - Completed generation 96; 2.1s elapsed, 1.9s avg, 1.8e+02s total. Expected time remaining: 1.9e+02s
2020-07-30 12:36:35,039 - root - INFO - #96 MAX:accuracy.mean: 0.89
2020-07-30 12:36:35,081 - root - DEBUG - Sampled weight [1.21902348 1.1785343  0.98371537 1.09461217 0.47235983]
2020-07-30 12:36:36,169 - root - DEBUG - Updating hall of fame
2020-07-30 12:36:36,169 - root - INFO - Completed generation 97; 1.1s elapsed, 1.9s avg, 1.8e+02s total. Expected time remaining: 1.9e+02s
2020-07-30 12:36:36,222 - root - INFO - #97 MAX:accuracy.mean: 0.82
2020-07-30 12:36:36,264 - root - DEBUG - Sampled weight [0.59262645 1.83921473 1.253912   1.90568113 1.19380065]
2020-07-30 12:36:37,357 - root - DEBUG - Updating hall of fame
2020-07-30 12:36:38,290 - root - INFO - Completed generation 98; 2.1s elapsed, 1.9s avg, 1.8e+02s total. Expected time remaining: 1.9e+02s
2020-07-30 12:36:38,342 - root - INFO - #98 MAX:accuracy.mean: 0.79
2020-07-30 12:36:38,383 - root - DEBUG - Sampled weight [1.44383034 1.08650364 0.57022819 2.03515963 0.74533835]
2020-07-30 12:36:39,475 - root - DEBUG - Updating hall of fame
2020-07-30 12:36:40,028 - root - INFO - Completed generation 99; 1.7s elapsed, 1.9s avg, 1.8e+02s total. Expected time remaining: 1.9e+02s
2020-07-30 12:36:40,081 - root - INFO - #99 MAX:accuracy.mean: 0.79
2020-07-30 12:36:40,124 - root - DEBUG - Sampled weight [0.73747178 0.74709754 1.22416381 0.85217514 1.08045045]
2020-07-30 12:36:41,215 - root - DEBUG - Updating hall of fame
2020-07-30 12:36:41,215 - root - INFO - Completed generation 100; 1.1s elapsed, 1.9s avg, 1.9e+02s total. Expected time remaining: 1.9e+02s
2020-07-30 12:36:41,268 - root - INFO - #100 MAX:accuracy.mean: 0.89
2020-07-30 12:36:41,359 - root - DEBUG - Sampled weight [0.6585563  0.72547956 1.20383663 0.43057777 1.30891502]
2020-07-30 12:36:42,452 - root - DEBUG - Updating hall of fame
2020-07-30 12:36:43,038 - root - INFO - Completed generation 101; 1.7s elapsed, 1.9s avg, 1.9e+02s total. Expected time remaining: 1.8e+02s
2020-07-30 12:36:43,091 - root - INFO - #101 MAX:accuracy.mean: 0.79
2020-07-30 12:36:43,132 - root - DEBUG - Sampled weight [1.47375991 0.83037547 0.71254607 1.89007198 0.73244043]
2020-07-30 12:36:44,222 - root - DEBUG - Updating hall of fame
2020-07-30 12:36:44,586 - root - INFO - Completed generation 102; 1.5s elapsed, 1.8s avg, 1.9e+02s total. Expected time remaining: 1.8e+02s
2020-07-30 12:36:44,639 - root - INFO - #102 MAX:accuracy.mean: 0.88
2020-07-30 12:36:44,681 - root - DEBUG - Sampled weight [1.39424085 1.28637338 1.07371541 0.62178812 0.79110211]
2020-07-30 12:36:45,773 - root - DEBUG - Updating hall of fame
2020-07-30 12:36:46,498 - root - INFO - Completed generation 103; 1.9s elapsed, 1.8s avg, 1.9e+02s total. Expected time remaining: 1.8e+02s
2020-07-30 12:36:46,550 - root - INFO - #103 MAX:accuracy.mean: 0.89
2020-07-30 12:36:46,592 - root - DEBUG - Sampled weight [0.76801924 1.65197774 1.30831981 0.68404821 1.81472273]
2020-07-30 12:36:47,697 - root - DEBUG - Updating hall of fame
2020-07-30 12:36:48,629 - root - INFO - Completed generation 104; 2.1s elapsed, 1.8s avg, 1.9e+02s total. Expected time remaining: 1.8e+02s
2020-07-30 12:36:48,682 - root - INFO - #104 MAX:accuracy.mean: 0.89
2020-07-30 12:36:48,723 - root - DEBUG - Sampled weight [3.19543445 0.50307752 1.2106429  0.93944216 5.6111993 ]
2020-07-30 12:36:49,810 - root - DEBUG - Updating hall of fame
2020-07-30 12:36:50,170 - root - INFO - Completed generation 105; 1.5s elapsed, 1.8s avg, 1.9e+02s total. Expected time remaining: 1.8e+02s
2020-07-30 12:36:50,223 - root - INFO - #105 MAX:accuracy.mean: 0.78
2020-07-30 12:36:50,263 - root - DEBUG - Sampled weight [0.60648132 2.9798934  1.74657753 0.84123338 1.14998442]
2020-07-30 12:36:51,346 - root - DEBUG - Updating hall of fame
2020-07-30 12:36:51,709 - root - INFO - Completed generation 106; 1.5s elapsed, 1.8s avg, 2e+02s total. Expected time remaining: 1.7e+02s
2020-07-30 12:36:51,761 - root - INFO - #106 MAX:accuracy.mean: 0.78
2020-07-30 12:36:51,803 - root - DEBUG - Sampled weight [2.1285335  1.07616196 1.03903085 0.63036789 0.45736892]
2020-07-30 12:36:52,891 - root - DEBUG - Updating hall of fame
2020-07-30 12:36:53,255 - root - INFO - Completed generation 107; 1.5s elapsed, 1.8s avg, 2e+02s total. Expected time remaining: 1.7e+02s
2020-07-30 12:36:53,307 - root - INFO - #107 MAX:accuracy.mean: 0.78
2020-07-30 12:36:53,348 - root - DEBUG - Sampled weight [0.69100821 0.73584594 0.59575772 0.59496251 0.26872778]
2020-07-30 12:36:54,419 - root - DEBUG - Updating hall of fame
2020-07-30 12:36:55,147 - root - INFO - Completed generation 108; 1.8s elapsed, 1.8s avg, 2e+02s total. Expected time remaining: 1.7e+02s
2020-07-30 12:36:55,199 - root - INFO - #108 MAX:accuracy.mean: 0.76
2020-07-30 12:36:55,241 - root - DEBUG - Sampled weight [1.94412974 2.01612212 1.87670562 0.60155046 0.68872749]
2020-07-30 12:36:56,302 - root - DEBUG - Updating hall of fame
2020-07-30 12:36:56,666 - root - INFO - Completed generation 109; 1.5s elapsed, 1.8s avg, 2e+02s total. Expected time remaining: 1.7e+02s
2020-07-30 12:36:56,719 - root - INFO - #109 MAX:accuracy.mean: 0.75
2020-07-30 12:36:56,760 - root - DEBUG - Sampled weight [0.93865319 0.93168433 0.87034477 2.47247171 0.64343536]
2020-07-30 12:36:57,824 - root - DEBUG - Updating hall of fame
2020-07-30 12:36:58,367 - root - INFO - Completed generation 110; 1.6s elapsed, 1.8s avg, 2e+02s total. Expected time remaining: 1.7e+02s
2020-07-30 12:36:58,420 - root - INFO - #110 MAX:accuracy.mean: 0.81
2020-07-30 12:36:58,526 - root - DEBUG - Sampled weight [1.13481808 0.81275529 1.48819371 1.10584061 1.39388115]
2020-07-30 12:36:59,589 - root - DEBUG - Updating hall of fame
2020-07-30 12:36:59,966 - root - INFO - Completed generation 111; 1.5s elapsed, 1.8s avg, 2e+02s total. Expected time remaining: 1.6e+02s
2020-07-30 12:37:00,018 - root - INFO - #111 MAX:accuracy.mean: 0.87
2020-07-30 12:37:00,062 - root - DEBUG - Sampled weight [0.80664188 1.57037573 0.54811509 1.19012989 0.59109756]
2020-07-30 12:37:01,152 - root - DEBUG - Updating hall of fame
2020-07-30 12:37:01,893 - root - INFO - Completed generation 112; 1.9s elapsed, 1.8s avg, 2.1e+02s total. Expected time remaining: 1.6e+02s
2020-07-30 12:37:01,946 - root - INFO - #112 MAX:accuracy.mean: 0.79
2020-07-30 12:37:01,990 - root - DEBUG - Sampled weight [0.93747307 0.91828538 1.05588786 0.21350621 0.94246183]
2020-07-30 12:37:03,148 - root - DEBUG - Updating hall of fame
2020-07-30 12:37:03,536 - root - INFO - Completed generation 113; 1.6s elapsed, 1.8s avg, 2.1e+02s total. Expected time remaining: 1.6e+02s
2020-07-30 12:37:03,592 - root - INFO - #113 MAX:accuracy.mean: 0.84
2020-07-30 12:37:03,635 - root - DEBUG - Sampled weight [0.89257996 0.38575644 0.48401516 1.31837363 2.65927362]
2020-07-30 12:37:04,749 - root - DEBUG - Updating hall of fame
2020-07-30 12:37:05,897 - root - INFO - Completed generation 114; 2.3s elapsed, 1.8s avg, 2.1e+02s total. Expected time remaining: 1.6e+02s
2020-07-30 12:37:05,952 - root - INFO - #114 MAX:accuracy.mean: 0.64
2020-07-30 12:37:05,993 - root - DEBUG - Sampled weight [0.97836042 1.18231101 0.94541143 0.61812705 1.54834457]
2020-07-30 12:37:07,043 - root - DEBUG - Updating hall of fame
2020-07-30 12:37:07,043 - root - INFO - Completed generation 115; 1.1s elapsed, 1.8s avg, 2.1e+02s total. Expected time remaining: 1.6e+02s
2020-07-30 12:37:07,096 - root - INFO - #115 MAX:accuracy.mean: 0.74
2020-07-30 12:37:07,137 - root - DEBUG - Sampled weight [1.27904976 1.24102709 0.46360948 1.16158462 1.36799515]
2020-07-30 12:37:08,192 - root - DEBUG - Updating hall of fame
2020-07-30 12:37:09,290 - root - INFO - Completed generation 116; 2.2s elapsed, 1.8s avg, 2.1e+02s total. Expected time remaining: 1.5e+02s
2020-07-30 12:37:09,343 - root - INFO - #116 MAX:accuracy.mean: 0.69
2020-07-30 12:37:09,384 - root - DEBUG - Sampled weight [0.56694512 0.73214123 0.28469162 0.69785301 0.84835699]
2020-07-30 12:37:10,431 - root - DEBUG - Updating hall of fame
2020-07-30 12:37:11,520 - root - INFO - Completed generation 117; 2.2s elapsed, 1.8s avg, 2.1e+02s total. Expected time remaining: 1.5e+02s
2020-07-30 12:37:11,573 - root - INFO - #117 MAX:accuracy.mean: 0.72
2020-07-30 12:37:11,614 - root - DEBUG - Sampled weight [0.78592771 0.83404029 0.99689235 1.22550227 0.29322068]
2020-07-30 12:37:12,668 - root - DEBUG - Updating hall of fame
2020-07-30 12:37:13,033 - root - INFO - Completed generation 118; 1.5s elapsed, 1.8s avg, 2.2e+02s total. Expected time remaining: 1.5e+02s
2020-07-30 12:37:13,086 - root - INFO - #118 MAX:accuracy.mean: 0.79
2020-07-30 12:37:13,127 - root - DEBUG - Sampled weight [1.52296759 0.30599556 1.61027371 0.71950477 0.71471212]
2020-07-30 12:37:14,181 - root - DEBUG - Updating hall of fame
2020-07-30 12:37:15,821 - root - INFO - Completed generation 119; 2.7s elapsed, 1.8s avg, 2.2e+02s total. Expected time remaining: 1.5e+02s
2020-07-30 12:37:15,874 - root - INFO - #119 MAX:accuracy.mean: 0.71
2020-07-30 12:37:15,915 - root - DEBUG - Sampled weight [3.0148388  0.50581485 2.14889507 1.35551767 0.74088959]
2020-07-30 12:37:16,964 - root - DEBUG - Updating hall of fame
2020-07-30 12:37:17,325 - root - INFO - Completed generation 120; 1.5s elapsed, 1.8s avg, 2.2e+02s total. Expected time remaining: 1.5e+02s
2020-07-30 12:37:17,378 - root - INFO - #120 MAX:accuracy.mean: 0.7
2020-07-30 12:37:17,501 - root - DEBUG - Sampled weight [1.76890123 1.30438586 1.52064981 1.3008693  2.02532799]
2020-07-30 12:37:18,551 - root - DEBUG - Updating hall of fame
2020-07-30 12:37:18,732 - root - INFO - Completed generation 121; 1.3s elapsed, 1.8s avg, 2.2e+02s total. Expected time remaining: 1.4e+02s
2020-07-30 12:37:18,784 - root - INFO - #121 MAX:accuracy.mean: 0.8
2020-07-30 12:37:18,825 - root - DEBUG - Sampled weight [1.41092722 1.64314772 1.42176461 0.78483845 0.88526987]
2020-07-30 12:37:19,873 - root - DEBUG - Updating hall of fame
2020-07-30 12:37:20,775 - root - INFO - Completed generation 122; 2.0s elapsed, 1.8s avg, 2.2e+02s total. Expected time remaining: 1.4e+02s
2020-07-30 12:37:20,828 - root - INFO - #122 MAX:accuracy.mean: 0.81
2020-07-30 12:37:20,868 - root - DEBUG - Sampled weight [1.40384559 0.68773026 1.30165228 0.92011099 1.29677598]
2020-07-30 12:37:21,913 - root - DEBUG - Updating hall of fame
2020-07-30 12:37:22,460 - root - INFO - Completed generation 123; 1.6s elapsed, 1.8s avg, 2.2e+02s total. Expected time remaining: 1.4e+02s
2020-07-30 12:37:22,513 - root - INFO - #123 MAX:accuracy.mean: 0.84
2020-07-30 12:37:22,554 - root - DEBUG - Sampled weight [0.86863061 1.59412963 1.53535575 2.26205827 0.58176733]
2020-07-30 12:37:23,605 - root - DEBUG - Updating hall of fame
2020-07-30 12:37:24,511 - root - INFO - Completed generation 124; 2.0s elapsed, 1.8s avg, 2.3e+02s total. Expected time remaining: 1.4e+02s
2020-07-30 12:37:24,564 - root - INFO - #124 MAX:accuracy.mean: 0.73
2020-07-30 12:37:24,604 - root - DEBUG - Sampled weight [0.1902197  0.83546236 0.88285072 0.43763827 0.37700967]
2020-07-30 12:37:25,653 - root - DEBUG - Updating hall of fame
2020-07-30 12:37:25,653 - root - INFO - Completed generation 125; 1.1s elapsed, 1.8s avg, 2.3e+02s total. Expected time remaining: 1.4e+02s
2020-07-30 12:37:25,706 - root - INFO - #125 MAX:accuracy.mean: 0.74
2020-07-30 12:37:25,746 - root - DEBUG - Sampled weight [0.60489738 1.01099353 0.50166895 1.19169504 0.88503459]
2020-07-30 12:37:26,811 - root - DEBUG - Updating hall of fame
2020-07-30 12:37:26,998 - root - INFO - Completed generation 126; 1.3s elapsed, 1.8s avg, 2.3e+02s total. Expected time remaining: 1.3e+02s
2020-07-30 12:37:27,055 - root - INFO - #126 MAX:accuracy.mean: 0.82
2020-07-30 12:37:27,099 - root - DEBUG - Sampled weight [2.01929821 1.41080947 0.64581301 0.52319413 0.44206347]
2020-07-30 12:37:28,227 - root - DEBUG - Updating hall of fame
2020-07-30 12:37:29,003 - root - INFO - Completed generation 127; 1.9s elapsed, 1.8s avg, 2.3e+02s total. Expected time remaining: 1.3e+02s
2020-07-30 12:37:29,061 - root - INFO - #127 MAX:accuracy.mean: 0.73
2020-07-30 12:37:29,104 - root - DEBUG - Sampled weight [1.40814516 4.06190645 0.90101384 1.07740291 1.11887861]
2020-07-30 12:37:30,208 - root - DEBUG - Updating hall of fame
2020-07-30 12:37:30,581 - root - INFO - Completed generation 128; 1.5s elapsed, 1.8s avg, 2.3e+02s total. Expected time remaining: 1.3e+02s
2020-07-30 12:37:30,635 - root - INFO - #128 MAX:accuracy.mean: 0.83
2020-07-30 12:37:30,675 - root - DEBUG - Sampled weight [0.63701943 0.41492718 1.62396212 1.72388413 0.65276632]
2020-07-30 12:37:31,728 - root - DEBUG - Updating hall of fame
2020-07-30 12:37:32,087 - root - INFO - Completed generation 129; 1.5s elapsed, 1.8s avg, 2.3e+02s total. Expected time remaining: 1.3e+02s
2020-07-30 12:37:32,140 - root - INFO - #129 MAX:accuracy.mean: 0.77
2020-07-30 12:37:32,181 - root - DEBUG - Sampled weight [1.42017885 0.88401062 2.07387655 0.83073242 1.05831856]
2020-07-30 12:37:33,233 - root - DEBUG - Updating hall of fame
2020-07-30 12:37:33,781 - root - INFO - Completed generation 130; 1.6s elapsed, 1.8s avg, 2.4e+02s total. Expected time remaining: 1.3e+02s
2020-07-30 12:37:33,833 - root - INFO - #130 MAX:accuracy.mean: 0.9
2020-07-30 12:37:33,930 - root - DEBUG - Sampled weight [0.81706533 0.83824528 0.9965862  1.03867518 3.15548057]
2020-07-30 12:37:34,976 - root - DEBUG - Updating hall of fame
2020-07-30 12:37:36,104 - root - INFO - Completed generation 131; 2.2s elapsed, 1.8s avg, 2.4e+02s total. Expected time remaining: 1.3e+02s
2020-07-30 12:37:36,159 - root - INFO - #131 MAX:accuracy.mean: 0.81
2020-07-30 12:37:36,202 - root - DEBUG - Sampled weight [1.07812369 1.84682821 2.03589751 1.33565856 0.84249924]
2020-07-30 12:37:37,273 - root - DEBUG - Updating hall of fame
2020-07-30 12:37:37,457 - root - INFO - Completed generation 132; 1.3s elapsed, 1.8s avg, 2.4e+02s total. Expected time remaining: 1.2e+02s
2020-07-30 12:37:37,511 - root - INFO - #132 MAX:accuracy.mean: 0.84
2020-07-30 12:37:37,552 - root - DEBUG - Sampled weight [1.50782424 0.84316906 1.44685997 1.15210528 1.3869963 ]
2020-07-30 12:37:38,656 - root - DEBUG - Updating hall of fame
2020-07-30 12:37:39,782 - root - INFO - Completed generation 133; 2.3s elapsed, 1.8s avg, 2.4e+02s total. Expected time remaining: 1.2e+02s
2020-07-30 12:37:39,837 - root - INFO - #133 MAX:accuracy.mean: 0.88
2020-07-30 12:37:39,879 - root - DEBUG - Sampled weight [1.43149602 1.48255817 1.05551938 0.45635217 1.32622621]
2020-07-30 12:37:40,945 - root - DEBUG - Updating hall of fame
2020-07-30 12:37:41,871 - root - INFO - Completed generation 134; 2.0s elapsed, 1.8s avg, 2.4e+02s total. Expected time remaining: 1.2e+02s
2020-07-30 12:37:41,924 - root - INFO - #134 MAX:accuracy.mean: 0.85
2020-07-30 12:37:41,966 - root - DEBUG - Sampled weight [0.72140543 0.81188824 1.52488043 1.69147388 1.07661901]
2020-07-30 12:37:43,031 - root - DEBUG - Updating hall of fame
2020-07-30 12:37:43,219 - root - INFO - Completed generation 135; 1.3s elapsed, 1.8s avg, 2.5e+02s total. Expected time remaining: 1.2e+02s
2020-07-30 12:37:43,272 - root - INFO - #135 MAX:accuracy.mean: 0.79
2020-07-30 12:37:43,313 - root - DEBUG - Sampled weight [0.69073498 0.74712789 2.66584882 2.64995155 1.08801491]
2020-07-30 12:37:44,380 - root - DEBUG - Updating hall of fame
2020-07-30 12:37:44,933 - root - INFO - Completed generation 136; 1.7s elapsed, 1.8s avg, 2.5e+02s total. Expected time remaining: 1.2e+02s
2020-07-30 12:37:44,987 - root - INFO - #136 MAX:accuracy.mean: 0.78
2020-07-30 12:37:45,027 - root - DEBUG - Sampled weight [2.2968097  1.38435969 0.74183255 0.45163826 2.06058099]
2020-07-30 12:37:46,091 - root - DEBUG - Updating hall of fame
2020-07-30 12:37:46,279 - root - INFO - Completed generation 137; 1.3s elapsed, 1.8s avg, 2.5e+02s total. Expected time remaining: 1.1e+02s
2020-07-30 12:37:46,333 - root - INFO - #137 MAX:accuracy.mean: 0.81
2020-07-30 12:37:46,376 - root - DEBUG - Sampled weight [1.63530727 0.94782741 1.83743281 0.69361794 0.93853848]
2020-07-30 12:37:47,475 - root - DEBUG - Updating hall of fame
2020-07-30 12:37:48,039 - root - INFO - Completed generation 138; 1.7s elapsed, 1.8s avg, 2.5e+02s total. Expected time remaining: 1.1e+02s
2020-07-30 12:37:48,094 - root - INFO - #138 MAX:accuracy.mean: 0.83
2020-07-30 12:37:48,137 - root - DEBUG - Sampled weight [1.02984857 0.47730227 0.65792712 0.94401354 1.20651778]
2020-07-30 12:37:49,220 - root - DEBUG - Updating hall of fame
2020-07-30 12:37:49,988 - root - INFO - Completed generation 139; 1.9s elapsed, 1.8s avg, 2.5e+02s total. Expected time remaining: 1.1e+02s
2020-07-30 12:37:50,043 - root - INFO - #139 MAX:accuracy.mean: 0.83
2020-07-30 12:37:50,085 - root - DEBUG - Sampled weight [0.22555346 1.20831598 2.33903849 0.86032953 0.67575691]
2020-07-30 12:37:51,157 - root - DEBUG - Updating hall of fame
2020-07-30 12:37:51,539 - root - INFO - Completed generation 140; 1.5s elapsed, 1.8s avg, 2.5e+02s total. Expected time remaining: 1.1e+02s
2020-07-30 12:37:51,592 - root - INFO - #140 MAX:accuracy.mean: 0.82
2020-07-30 12:37:51,689 - root - DEBUG - Sampled weight [1.27215018 2.0657173  0.62059375 1.12123237 1.28523984]
2020-07-30 12:37:52,770 - root - DEBUG - Updating hall of fame
2020-07-30 12:37:53,152 - root - INFO - Completed generation 141; 1.5s elapsed, 1.8s avg, 2.5e+02s total. Expected time remaining: 1.1e+02s
2020-07-30 12:37:53,205 - root - INFO - #141 MAX:accuracy.mean: 0.82
2020-07-30 12:37:53,246 - root - DEBUG - Sampled weight [0.8457889  0.50783292 0.58113704 1.27060885 0.9761772 ]
2020-07-30 12:37:54,321 - root - DEBUG - Updating hall of fame
2020-07-30 12:37:55,447 - root - INFO - Completed generation 142; 2.2s elapsed, 1.8s avg, 2.6e+02s total. Expected time remaining: 1e+02s
2020-07-30 12:37:55,501 - root - INFO - #142 MAX:accuracy.mean: 0.82
2020-07-30 12:37:55,543 - root - DEBUG - Sampled weight [0.623539   0.8917146  1.68333972 0.84960409 1.13188394]
2020-07-30 12:37:56,618 - root - DEBUG - Updating hall of fame
2020-07-30 12:37:57,001 - root - INFO - Completed generation 143; 1.5s elapsed, 1.8s avg, 2.6e+02s total. Expected time remaining: 1e+02s
2020-07-30 12:37:57,054 - root - INFO - #143 MAX:accuracy.mean: 0.89
2020-07-30 12:37:57,098 - root - DEBUG - Sampled weight [1.88046057 0.87477734 0.91937241 1.35718549 0.97729849]
2020-07-30 12:37:58,183 - root - DEBUG - Updating hall of fame
2020-07-30 12:37:59,319 - root - INFO - Completed generation 144; 2.3s elapsed, 1.8s avg, 2.6e+02s total. Expected time remaining: 1e+02s
2020-07-30 12:37:59,373 - root - INFO - #144 MAX:accuracy.mean: 0.89
2020-07-30 12:37:59,414 - root - DEBUG - Sampled weight [1.23102031 1.58996478 0.7578243  1.38443108 0.90505942]
2020-07-30 12:38:00,504 - root - DEBUG - Updating hall of fame
2020-07-30 12:38:01,464 - root - INFO - Completed generation 145; 2.1s elapsed, 1.8s avg, 2.6e+02s total. Expected time remaining: 1e+02s
2020-07-30 12:38:01,518 - root - INFO - #145 MAX:accuracy.mean: 0.9
2020-07-30 12:38:01,561 - root - DEBUG - Sampled weight [1.05809791 0.8333103  0.65089666 0.33504826 0.69585103]
2020-07-30 12:38:02,681 - root - DEBUG - Updating hall of fame
2020-07-30 12:38:03,470 - root - INFO - Completed generation 146; 2.0s elapsed, 1.8s avg, 2.6e+02s total. Expected time remaining: 9.8e+01s
2020-07-30 12:38:03,527 - root - INFO - #146 MAX:accuracy.mean: 0.83
2020-07-30 12:38:03,571 - root - DEBUG - Sampled weight [0.45898269 1.64143196 2.0742388  0.77263145 0.73597232]
2020-07-30 12:38:04,702 - root - DEBUG - Updating hall of fame
2020-07-30 12:38:04,906 - root - INFO - Completed generation 147; 1.4s elapsed, 1.8s avg, 2.7e+02s total. Expected time remaining: 9.6e+01s
2020-07-30 12:38:04,966 - root - INFO - #147 MAX:accuracy.mean: 0.89
2020-07-30 12:38:05,009 - root - DEBUG - Sampled weight [1.12655672 0.82057419 1.72826962 1.72507713 0.70898746]
2020-07-30 12:38:06,119 - root - DEBUG - Updating hall of fame
2020-07-30 12:38:06,715 - root - INFO - Completed generation 148; 1.7s elapsed, 1.8s avg, 2.7e+02s total. Expected time remaining: 9.4e+01s
2020-07-30 12:38:06,772 - root - INFO - #148 MAX:accuracy.mean: 0.87
2020-07-30 12:38:06,816 - root - DEBUG - Sampled weight [2.2784121  1.32284009 0.92631632 0.95166796 2.54121381]
2020-07-30 12:38:07,942 - root - DEBUG - Updating hall of fame
2020-07-30 12:38:08,904 - root - INFO - Completed generation 149; 2.1s elapsed, 1.8s avg, 2.7e+02s total. Expected time remaining: 9.2e+01s
2020-07-30 12:38:08,963 - root - INFO - #149 MAX:accuracy.mean: 0.88
2020-07-30 12:38:09,005 - root - DEBUG - Sampled weight [1.67408766 0.78853747 0.54238898 1.68332008 0.78798199]
2020-07-30 12:38:10,139 - root - DEBUG - Updating hall of fame
2020-07-30 12:38:10,725 - root - INFO - Completed generation 150; 1.8s elapsed, 1.8s avg, 2.7e+02s total. Expected time remaining: 9.1e+01s
2020-07-30 12:38:10,782 - root - INFO - #150 MAX:accuracy.mean: 0.86
2020-07-30 12:38:10,887 - root - DEBUG - Sampled weight [0.75419702 0.95059972 2.98493342 0.23311059 0.91116528]
2020-07-30 12:38:12,000 - root - DEBUG - Updating hall of fame
2020-07-30 12:38:12,191 - root - INFO - Completed generation 151; 1.3s elapsed, 1.8s avg, 2.7e+02s total. Expected time remaining: 8.9e+01s
2020-07-30 12:38:12,246 - root - INFO - #151 MAX:accuracy.mean: 0.85
2020-07-30 12:38:12,289 - root - DEBUG - Sampled weight [1.58967718 1.07849529 0.65547657 0.71280513 1.16403953]
2020-07-30 12:38:13,382 - root - DEBUG - Updating hall of fame
2020-07-30 12:38:13,571 - root - INFO - Completed generation 152; 1.3s elapsed, 1.8s avg, 2.7e+02s total. Expected time remaining: 8.7e+01s
2020-07-30 12:38:13,625 - root - INFO - #152 MAX:accuracy.mean: 0.9
2020-07-30 12:38:13,667 - root - DEBUG - Sampled weight [0.95700716 0.86909147 0.3849999  0.39336103 1.17723412]
2020-07-30 12:38:14,757 - root - DEBUG - Updating hall of fame
2020-07-30 12:38:15,504 - root - INFO - Completed generation 153; 1.9s elapsed, 1.8s avg, 2.8e+02s total. Expected time remaining: 8.5e+01s
2020-07-30 12:38:15,558 - root - INFO - #153 MAX:accuracy.mean: 0.86
2020-07-30 12:38:15,599 - root - DEBUG - Sampled weight [0.41232581 0.59831085 0.64005242 1.13254193 1.49739112]
2020-07-30 12:38:16,688 - root - DEBUG - Updating hall of fame
2020-07-30 12:38:16,887 - root - INFO - Completed generation 154; 1.3s elapsed, 1.8s avg, 2.8e+02s total. Expected time remaining: 8.3e+01s
2020-07-30 12:38:16,941 - root - INFO - #154 MAX:accuracy.mean: 0.91
2020-07-30 12:38:16,983 - root - DEBUG - Sampled weight [0.7938014  4.12255114 0.43733012 0.64635144 2.54034788]
2020-07-30 12:38:18,058 - root - DEBUG - Updating hall of fame
2020-07-30 12:38:18,254 - root - INFO - Completed generation 155; 1.3s elapsed, 1.8s avg, 2.8e+02s total. Expected time remaining: 8.1e+01s
2020-07-30 12:38:18,307 - root - INFO - #155 MAX:accuracy.mean: 0.85
2020-07-30 12:38:18,351 - root - DEBUG - Sampled weight [0.62496634 0.67738814 0.86440669 0.28026563 0.77800316]
2020-07-30 12:38:19,438 - root - DEBUG - Updating hall of fame
2020-07-30 12:38:19,640 - root - INFO - Completed generation 156; 1.3s elapsed, 1.8s avg, 2.8e+02s total. Expected time remaining: 7.9e+01s
2020-07-30 12:38:19,696 - root - INFO - #156 MAX:accuracy.mean: 0.87
2020-07-30 12:38:19,740 - root - DEBUG - Sampled weight [0.81506433 1.11595998 1.03490105 1.055747   1.03125535]
2020-07-30 12:38:20,869 - root - DEBUG - Updating hall of fame
2020-07-30 12:38:21,669 - root - INFO - Completed generation 157; 2.0s elapsed, 1.8s avg, 2.8e+02s total. Expected time remaining: 7.7e+01s
2020-07-30 12:38:21,728 - root - INFO - #157 MAX:accuracy.mean: 0.94
2020-07-30 12:38:21,774 - root - DEBUG - Sampled weight [1.82883514 1.87363168 0.85715571 1.18912396 1.01614352]
2020-07-30 12:38:22,901 - root - DEBUG - Updating hall of fame
2020-07-30 12:38:24,064 - root - INFO - Completed generation 158; 2.3s elapsed, 1.8s avg, 2.8e+02s total. Expected time remaining: 7.6e+01s
2020-07-30 12:38:24,120 - root - INFO - #158 MAX:accuracy.mean: 0.94
2020-07-30 12:38:24,162 - root - DEBUG - Sampled weight [0.84568929 1.82121487 1.70252133 0.68688201 1.0288367 ]
2020-07-30 12:38:25,242 - root - DEBUG - Updating hall of fame
2020-07-30 12:38:26,192 - root - INFO - Completed generation 159; 2.1s elapsed, 1.8s avg, 2.9e+02s total. Expected time remaining: 7.4e+01s
2020-07-30 12:38:26,246 - root - INFO - #159 MAX:accuracy.mean: 0.91
2020-07-30 12:38:26,288 - root - DEBUG - Sampled weight [0.91817618 0.71520739 0.69971032 1.34618512 1.09564686]
2020-07-30 12:38:27,382 - root - DEBUG - Updating hall of fame
2020-07-30 12:38:27,990 - root - INFO - Completed generation 160; 1.7s elapsed, 1.8s avg, 2.9e+02s total. Expected time remaining: 7.2e+01s
2020-07-30 12:38:28,049 - root - INFO - #160 MAX:accuracy.mean: 0.92
2020-07-30 12:38:28,169 - root - DEBUG - Sampled weight [1.85866677 1.19674858 1.38426251 1.09988689 0.75923198]
2020-07-30 12:38:29,316 - root - DEBUG - Updating hall of fame
2020-07-30 12:38:29,908 - root - INFO - Completed generation 161; 1.8s elapsed, 1.8s avg, 2.9e+02s total. Expected time remaining: 7e+01s
2020-07-30 12:38:29,962 - root - INFO - #161 MAX:accuracy.mean: 0.94
2020-07-30 12:38:30,006 - root - DEBUG - Sampled weight [2.1272358  0.48459919 0.61576389 0.64988663 0.84962762]
2020-07-30 12:38:31,107 - root - DEBUG - Updating hall of fame
2020-07-30 12:38:32,112 - root - INFO - Completed generation 162; 2.1s elapsed, 1.8s avg, 2.9e+02s total. Expected time remaining: 6.9e+01s
2020-07-30 12:38:32,170 - root - INFO - #162 MAX:accuracy.mean: 0.87
2020-07-30 12:38:32,215 - root - DEBUG - Sampled weight [0.60264773 0.81083451 0.98825564 1.12232313 0.40254734]
2020-07-30 12:38:33,337 - root - DEBUG - Updating hall of fame
2020-07-30 12:38:33,338 - root - INFO - Completed generation 163; 1.2s elapsed, 1.8s avg, 2.9e+02s total. Expected time remaining: 6.7e+01s
2020-07-30 12:38:33,392 - root - INFO - #163 MAX:accuracy.mean: 0.86
2020-07-30 12:38:33,435 - root - DEBUG - Sampled weight [0.59369962 3.4780959  1.21385415 1.4089825  0.75557663]
2020-07-30 12:38:34,554 - root - DEBUG - Updating hall of fame
2020-07-30 12:38:34,946 - root - INFO - Completed generation 164; 1.6s elapsed, 1.8s avg, 2.9e+02s total. Expected time remaining: 6.5e+01s
2020-07-30 12:38:35,003 - root - INFO - #164 MAX:accuracy.mean: 0.85
2020-07-30 12:38:35,049 - root - DEBUG - Sampled weight [1.4280701  0.6483809  2.51534286 1.34793834 1.19983317]
2020-07-30 12:38:36,235 - root - DEBUG - Updating hall of fame
2020-07-30 12:38:36,627 - root - INFO - Completed generation 165; 1.6s elapsed, 1.8s avg, 3e+02s total. Expected time remaining: 6.3e+01s
2020-07-30 12:38:36,685 - root - INFO - #165 MAX:accuracy.mean: 0.91
2020-07-30 12:38:36,731 - root - DEBUG - Sampled weight [0.81851448 1.03497165 1.90567243 1.39859952 0.60808728]
2020-07-30 12:38:37,890 - root - DEBUG - Updating hall of fame
2020-07-30 12:38:38,685 - root - INFO - Completed generation 166; 2.0s elapsed, 1.8s avg, 3e+02s total. Expected time remaining: 6.1e+01s
2020-07-30 12:38:38,743 - root - INFO - #166 MAX:accuracy.mean: 0.91
2020-07-30 12:38:38,788 - root - DEBUG - Sampled weight [0.92678248 1.43442699 1.30606184 0.84864884 1.87891256]
2020-07-30 12:38:39,936 - root - DEBUG - Updating hall of fame
2020-07-30 12:38:41,329 - root - INFO - Completed generation 167; 2.6s elapsed, 1.8s avg, 3e+02s total. Expected time remaining: 6e+01s
2020-07-30 12:38:41,387 - root - INFO - #167 MAX:accuracy.mean: 0.95
2020-07-30 12:38:41,431 - root - DEBUG - Sampled weight [1.02288568 0.93383514 0.54385354 1.05146069 1.24916721]
2020-07-30 12:38:42,576 - root - DEBUG - Updating hall of fame
2020-07-30 12:38:43,386 - root - INFO - Completed generation 168; 2.0s elapsed, 1.8s avg, 3e+02s total. Expected time remaining: 5.8e+01s
2020-07-30 12:38:43,445 - root - INFO - #168 MAX:accuracy.mean: 0.93
2020-07-30 12:38:43,490 - root - DEBUG - Sampled weight [2.24432861 0.83451159 0.91386061 1.17417141 1.42549894]
2020-07-30 12:38:44,640 - root - DEBUG - Updating hall of fame
2020-07-30 12:38:45,055 - root - INFO - Completed generation 169; 1.6s elapsed, 1.8s avg, 3e+02s total. Expected time remaining: 5.6e+01s
2020-07-30 12:38:45,112 - root - INFO - #169 MAX:accuracy.mean: 0.96
2020-07-30 12:38:45,157 - root - DEBUG - Sampled weight [1.04306675 0.8533874  0.87385167 1.9901065  1.16625005]
2020-07-30 12:38:46,308 - root - DEBUG - Updating hall of fame
2020-07-30 12:38:47,306 - root - INFO - Completed generation 170; 2.2s elapsed, 1.8s avg, 3.1e+02s total. Expected time remaining: 5.4e+01s
2020-07-30 12:38:47,365 - root - INFO - #170 MAX:accuracy.mean: 0.96
2020-07-30 12:38:47,485 - root - DEBUG - Sampled weight [0.66658728 0.30094883 0.88782105 0.71029525 1.83757924]
2020-07-30 12:38:48,591 - root - DEBUG - Updating hall of fame
2020-07-30 12:38:49,370 - root - INFO - Completed generation 171; 1.9s elapsed, 1.8s avg, 3.1e+02s total. Expected time remaining: 5.2e+01s
2020-07-30 12:38:49,424 - root - INFO - #171 MAX:accuracy.mean: 0.9
2020-07-30 12:38:49,466 - root - DEBUG - Sampled weight [0.45727502 1.65549888 1.05219084 1.05130089 1.22359861]
2020-07-30 12:38:50,563 - root - DEBUG - Updating hall of fame
2020-07-30 12:38:51,527 - root - INFO - Completed generation 172; 2.1s elapsed, 1.8s avg, 3.1e+02s total. Expected time remaining: 5.1e+01s
2020-07-30 12:38:51,580 - root - INFO - #172 MAX:accuracy.mean: 0.91
2020-07-30 12:38:51,623 - root - DEBUG - Sampled weight [1.75200736 0.72020697 2.03377436 1.01760431 1.15500897]
2020-07-30 12:38:52,708 - root - DEBUG - Updating hall of fame
2020-07-30 12:38:53,850 - root - INFO - Completed generation 173; 2.3s elapsed, 1.8s avg, 3.1e+02s total. Expected time remaining: 4.9e+01s
2020-07-30 12:38:53,903 - root - INFO - #173 MAX:accuracy.mean: 0.94
2020-07-30 12:38:53,946 - root - DEBUG - Sampled weight [2.74694432 1.93814511 1.19466867 0.99317683 1.91570491]
2020-07-30 12:38:55,045 - root - DEBUG - Updating hall of fame
2020-07-30 12:38:56,373 - root - INFO - Completed generation 174; 2.5s elapsed, 1.8s avg, 3.2e+02s total. Expected time remaining: 4.7e+01s
2020-07-30 12:38:56,427 - root - INFO - #174 MAX:accuracy.mean: 0.9
2020-07-30 12:38:56,468 - root - DEBUG - Sampled weight [0.67981799 1.42805921 1.04989326 1.57995097 1.21432316]
2020-07-30 12:38:57,610 - root - DEBUG - Updating hall of fame
2020-07-30 12:38:58,414 - root - INFO - Completed generation 175; 2.0s elapsed, 1.8s avg, 3.2e+02s total. Expected time remaining: 4.5e+01s
2020-07-30 12:38:58,473 - root - INFO - #175 MAX:accuracy.mean: 0.89
2020-07-30 12:38:58,517 - root - DEBUG - Sampled weight [0.86265772 0.85735459 0.47276398 0.70236945 1.35222466]
2020-07-30 12:38:59,675 - root - DEBUG - Updating hall of fame
2020-07-30 12:39:00,492 - root - INFO - Completed generation 176; 2.0s elapsed, 1.8s avg, 3.2e+02s total. Expected time remaining: 4.4e+01s
2020-07-30 12:39:00,550 - root - INFO - #176 MAX:accuracy.mean: 0.91
2020-07-30 12:39:00,594 - root - DEBUG - Sampled weight [1.25121755 1.18465259 0.50638939 0.99799168 1.46296803]
2020-07-30 12:39:01,763 - root - DEBUG - Updating hall of fame
2020-07-30 12:39:01,970 - root - INFO - Completed generation 177; 1.4s elapsed, 1.8s avg, 3.2e+02s total. Expected time remaining: 4.2e+01s
2020-07-30 12:39:02,028 - root - INFO - #177 MAX:accuracy.mean: 0.89
2020-07-30 12:39:02,074 - root - DEBUG - Sampled weight [0.73342613 1.93662361 0.2573394  0.81398146 2.1177217 ]
2020-07-30 12:39:03,261 - root - DEBUG - Updating hall of fame
2020-07-30 12:39:03,882 - root - INFO - Completed generation 178; 1.9s elapsed, 1.8s avg, 3.2e+02s total. Expected time remaining: 4e+01s
2020-07-30 12:39:03,945 - root - INFO - #178 MAX:accuracy.mean: 0.88
2020-07-30 12:39:03,992 - root - DEBUG - Sampled weight [0.58016693 0.7096108  1.08199463 1.58649752 0.93098307]
2020-07-30 12:39:05,199 - root - DEBUG - Updating hall of fame
2020-07-30 12:39:05,417 - root - INFO - Completed generation 179; 1.5s elapsed, 1.8s avg, 3.2e+02s total. Expected time remaining: 3.8e+01s
2020-07-30 12:39:05,479 - root - INFO - #179 MAX:accuracy.mean: 0.89
2020-07-30 12:39:05,528 - root - DEBUG - Sampled weight [0.97417484 1.02047368 2.24001014 0.55562944 1.23112464]
2020-07-30 12:39:06,777 - root - DEBUG - Updating hall of fame
2020-07-30 12:39:07,216 - root - INFO - Completed generation 180; 1.7s elapsed, 1.8s avg, 3.3e+02s total. Expected time remaining: 3.6e+01s
2020-07-30 12:39:07,277 - root - INFO - #180 MAX:accuracy.mean: 0.92
2020-07-30 12:39:07,415 - root - DEBUG - Sampled weight [0.35799208 0.84084926 0.99864045 3.96619773 0.97460237]
2020-07-30 12:39:08,662 - root - DEBUG - Updating hall of fame
2020-07-30 12:39:09,525 - root - INFO - Completed generation 181; 2.2s elapsed, 1.8s avg, 3.3e+02s total. Expected time remaining: 3.4e+01s
2020-07-30 12:39:09,586 - root - INFO - #181 MAX:accuracy.mean: 0.9
2020-07-30 12:39:09,634 - root - DEBUG - Sampled weight [0.65191021 0.7737708  1.44316463 0.97068124 1.19727471]
2020-07-30 12:39:10,863 - root - DEBUG - Updating hall of fame
2020-07-30 12:39:11,307 - root - INFO - Completed generation 182; 1.7s elapsed, 1.8s avg, 3.3e+02s total. Expected time remaining: 3.3e+01s
2020-07-30 12:39:11,368 - root - INFO - #182 MAX:accuracy.mean: 0.89
2020-07-30 12:39:11,415 - root - DEBUG - Sampled weight [0.90600206 0.31543286 1.10946795 1.63751624 0.27246564]
2020-07-30 12:39:12,656 - root - DEBUG - Updating hall of fame
2020-07-30 12:39:13,082 - root - INFO - Completed generation 183; 1.7s elapsed, 1.8s avg, 3.3e+02s total. Expected time remaining: 3.1e+01s
2020-07-30 12:39:13,141 - root - INFO - #183 MAX:accuracy.mean: 0.88
2020-07-30 12:39:13,187 - root - DEBUG - Sampled weight [0.34167645 1.36632332 0.75137504 0.66030221 1.942923  ]
2020-07-30 12:39:14,414 - root - DEBUG - Updating hall of fame
2020-07-30 12:39:14,414 - root - INFO - Completed generation 184; 1.3s elapsed, 1.8s avg, 3.3e+02s total. Expected time remaining: 2.9e+01s
2020-07-30 12:39:14,475 - root - INFO - #184 MAX:accuracy.mean: 0.88
2020-07-30 12:39:14,522 - root - DEBUG - Sampled weight [1.41738838 1.3803974  1.59228796 0.53265812 1.74063405]
2020-07-30 12:39:15,746 - root - DEBUG - Updating hall of fame
2020-07-30 12:39:16,174 - root - INFO - Completed generation 185; 1.7s elapsed, 1.8s avg, 3.3e+02s total. Expected time remaining: 2.7e+01s
2020-07-30 12:39:16,233 - root - INFO - #185 MAX:accuracy.mean: 0.92
2020-07-30 12:39:16,281 - root - DEBUG - Sampled weight [0.89490452 1.48664734 0.97828258 1.92949049 0.66692489]
2020-07-30 12:39:17,502 - root - DEBUG - Updating hall of fame
2020-07-30 12:39:18,341 - root - INFO - Completed generation 186; 2.1s elapsed, 1.8s avg, 3.4e+02s total. Expected time remaining: 2.5e+01s
2020-07-30 12:39:18,401 - root - INFO - #186 MAX:accuracy.mean: 0.91
2020-07-30 12:39:18,448 - root - DEBUG - Sampled weight [0.8986248  0.8421954  0.96371156 0.52586103 1.0023773 ]
2020-07-30 12:39:19,666 - root - DEBUG - Updating hall of fame
2020-07-30 12:39:19,667 - root - INFO - Completed generation 187; 1.3s elapsed, 1.8s avg, 3.4e+02s total. Expected time remaining: 2.4e+01s
2020-07-30 12:39:19,727 - root - INFO - #187 MAX:accuracy.mean: 0.94
2020-07-30 12:39:19,775 - root - DEBUG - Sampled weight [1.01078769 0.89422558 0.76154618 1.71429782 0.82757828]
2020-07-30 12:39:21,004 - root - DEBUG - Updating hall of fame
2020-07-30 12:39:21,640 - root - INFO - Completed generation 188; 1.9s elapsed, 1.8s avg, 3.4e+02s total. Expected time remaining: 2.2e+01s
2020-07-30 12:39:21,700 - root - INFO - #188 MAX:accuracy.mean: 0.94
2020-07-30 12:39:21,747 - root - DEBUG - Sampled weight [1.39683499 0.6043456  0.55428725 0.72714149 1.11643172]
2020-07-30 12:39:22,978 - root - DEBUG - Updating hall of fame
2020-07-30 12:39:23,616 - root - INFO - Completed generation 189; 1.9s elapsed, 1.8s avg, 3.4e+02s total. Expected time remaining: 2e+01s
2020-07-30 12:39:23,677 - root - INFO - #189 MAX:accuracy.mean: 0.88
2020-07-30 12:39:23,725 - root - DEBUG - Sampled weight [0.47910437 0.92525482 0.96442678 1.28887617 0.56723047]
2020-07-30 12:39:24,965 - root - DEBUG - Updating hall of fame
2020-07-30 12:39:24,965 - root - INFO - Completed generation 190; 1.3s elapsed, 1.8s avg, 3.4e+02s total. Expected time remaining: 1.8e+01s
2020-07-30 12:39:25,025 - root - INFO - #190 MAX:accuracy.mean: 0.89
2020-07-30 12:39:25,139 - root - DEBUG - Sampled weight [0.63753308 1.61762657 1.28527805 0.69318751 0.91038971]
2020-07-30 12:39:26,362 - root - DEBUG - Updating hall of fame
2020-07-30 12:39:26,362 - root - INFO - Completed generation 191; 1.3s elapsed, 1.8s avg, 3.4e+02s total. Expected time remaining: 1.6e+01s
2020-07-30 12:39:26,423 - root - INFO - #191 MAX:accuracy.mean: 0.88
2020-07-30 12:39:26,471 - root - DEBUG - Sampled weight [3.27721389 0.73492091 1.41809407 0.95380909 1.19370431]
2020-07-30 12:39:27,702 - root - DEBUG - Updating hall of fame
2020-07-30 12:39:28,544 - root - INFO - Completed generation 192; 2.1s elapsed, 1.8s avg, 3.5e+02s total. Expected time remaining: 1.4e+01s
2020-07-30 12:39:28,604 - root - INFO - #192 MAX:accuracy.mean: 0.9
2020-07-30 12:39:28,653 - root - DEBUG - Sampled weight [0.54017334 1.46664301 0.19592218 1.31049664 0.6769301 ]
2020-07-30 12:39:29,866 - root - DEBUG - Updating hall of fame
2020-07-30 12:39:30,249 - root - INFO - Completed generation 193; 1.6s elapsed, 1.8s avg, 3.5e+02s total. Expected time remaining: 1.3e+01s
2020-07-30 12:39:30,309 - root - INFO - #193 MAX:accuracy.mean: 0.87
2020-07-30 12:39:30,353 - root - DEBUG - Sampled weight [0.81875597 0.95900243 0.59920559 1.23043932 1.19075567]
2020-07-30 12:39:31,500 - root - DEBUG - Updating hall of fame
2020-07-30 12:39:31,500 - root - INFO - Completed generation 194; 1.2s elapsed, 1.8s avg, 3.5e+02s total. Expected time remaining: 1.1e+01s
2020-07-30 12:39:31,556 - root - INFO - #194 MAX:accuracy.mean: 0.94
2020-07-30 12:39:31,599 - root - DEBUG - Sampled weight [0.88015026 0.75188537 1.81010943 0.50436763 0.7085504 ]
2020-07-30 12:39:32,769 - root - DEBUG - Updating hall of fame
2020-07-30 12:39:33,571 - root - INFO - Completed generation 195; 2.0s elapsed, 1.8s avg, 3.5e+02s total. Expected time remaining: 9.0s
2020-07-30 12:39:33,628 - root - INFO - #195 MAX:accuracy.mean: 0.9
2020-07-30 12:39:33,675 - root - DEBUG - Sampled weight [2.21883071 0.68565868 0.69981267 1.23352023 0.4543962 ]
2020-07-30 12:39:34,865 - root - DEBUG - Updating hall of fame
2020-07-30 12:39:35,078 - root - INFO - Completed generation 196; 1.4s elapsed, 1.8s avg, 3.5e+02s total. Expected time remaining: 7.2s
2020-07-30 12:39:35,137 - root - INFO - #196 MAX:accuracy.mean: 0.88
2020-07-30 12:39:35,181 - root - DEBUG - Sampled weight [0.59475965 0.68547749 1.00163286 0.81478836 0.7104866 ]
2020-07-30 12:39:36,388 - root - DEBUG - Updating hall of fame
2020-07-30 12:39:36,604 - root - INFO - Completed generation 197; 1.5s elapsed, 1.8s avg, 3.5e+02s total. Expected time remaining: 5.4s
2020-07-30 12:39:36,663 - root - INFO - #197 MAX:accuracy.mean: 0.91
2020-07-30 12:39:36,710 - root - DEBUG - Sampled weight [0.43210022 0.99516437 1.06253681 1.8936792  0.58153459]
2020-07-30 12:39:37,914 - root - DEBUG - Updating hall of fame
2020-07-30 12:39:38,515 - root - INFO - Completed generation 198; 1.9s elapsed, 1.8s avg, 3.6e+02s total. Expected time remaining: 3.6s
2020-07-30 12:39:38,574 - root - INFO - #198 MAX:accuracy.mean: 0.88
2020-07-30 12:39:38,619 - root - DEBUG - Sampled weight [3.23882164 1.10456913 0.70471167 0.8250587  0.51352792]
2020-07-30 12:39:39,810 - root - DEBUG - Updating hall of fame
2020-07-30 12:39:40,439 - root - INFO - Completed generation 199; 1.9s elapsed, 1.8s avg, 3.6e+02s total. Expected time remaining: 1.8s
2020-07-30 12:39:40,499 - root - INFO - #199 MAX:accuracy.mean: 0.87
2020-07-30 12:39:40,546 - root - DEBUG - Sampled weight [0.6120773  1.10663855 0.54271079 0.87181283 1.28340876]
2020-07-30 12:39:41,779 - root - DEBUG - Updating hall of fame
2020-07-30 12:39:41,987 - root - INFO - Completed generation 200; 1.5s elapsed, 1.8s avg, 3.6e+02s total. Expected time remaining: 0.0s
2020-07-30 12:39:42,047 - root - INFO - #200 MAX:accuracy.mean: 0.87
2020-07-30 12:39:42,221 - root - DEBUG - Loaded 150 samples.
2020-07-30 12:39:42,226 - root - INFO - Evaluating indivs in hall of fame.
2020-07-30 12:39:44,404 - root - INFO - Completed excution.
