2020-07-29 15:10:03,313 - root - INFO - Package version 0.1.1
2020-07-29 15:10:03,314 - root - INFO - Saving data at /vol/fob-vol1/mi15/plonerma/Lab/rewann/data/2020-07-29_Iris [2, 3, 5, 7, 8, 9, 10]; lognormal 0,0.5; signed: True_000.
2020-07-29 15:10:03,314 - root - DEBUG - Loading training dataset
2020-07-29 15:10:03,379 - root - DEBUG - Loaded 150 samples.
2020-07-29 15:10:03,380 - root - DEBUG - Running experiments with the following parameters:
debug = true
experiment_name = "Iris [2, 3, 5, 7, 8, 9, 10]; lognormal 0,0.5; signed: True"
experiment_path = "data/2020-07-29_Iris [2, 3, 5, 7, 8, 9, 10]; lognormal 0,0.5; signed: True_000"

[config]
num_workers = 1
debug = true
backend = "numpy"

[postopt]
run_postopt = true
compile_report = false
num_weights = 100
num_samples = -1

[sampling]
seed = 0
post_init_seed = false
distribution = "lognormal"
lower_bound = -2
upper_bound = 2
mean = 0
sigma = 0.5
num_weights_per_iteration = 5
num_samples_per_iteration = -1
hof_evaluation_iterations = 20

[task]
name = "iris"
sample_order_seed = 0
test_portion = 0.2
sample_length = 10
num_categories = 8

[storage]
data_base_path = "data"
log_filename = "execution.log"
commit_elite_freq = -1
commit_metrics_freq = 10

[population]
num_generations = 200
size = 100
initial_enabled_edge_prob = 0.05
initial_genes = "full"
hof_size = 10
enable_edge_signs = true
enabled_activation_funcs = [ 2, 3, 5, 7, 8, 9, 10,]

[selection]
use_tournaments = true
elite_ratio = 0.1
culling_ratio = 0.2
tournament_size = 5
objectives = [ "-log_loss.min", "-log_loss.mean", "-n_hidden",]
recorded_metrics = [ "accuracy", "kappa", "log_loss",]
hof_metric = "accuracy.mean"

[mutation.new_edge]
probability = 0.2
strategy = "layer_agnostic"
propability = 0.2

[mutation.new_node]
probability = 0.25
propability = 0.3

[mutation.reenable_edge]
probability = 0.05
propability = 0.1

[mutation.change_activation]
probability = 0.5
propability = 0.4

[mutation.change_edge_sign]
probability = 0.2

[mutation.new_recurrent_edge]
probability = 0.2
strategy = "any"

2020-07-29 15:10:03,401 - root - INFO - Starting evolutionary algorithm
2020-07-29 15:10:03,423 - root - DEBUG - Sampled weight [0.71894433 1.11238747 1.34943325 0.87971398 1.25909998]
2020-07-29 15:10:04,536 - root - DEBUG - Updating hall of fame
2020-07-29 15:10:06,547 - root - INFO - Completed generation 1; 3.1s elapsed, 3.1s avg, 3.1s total. Expected time remaining: 6.3e+02s
2020-07-29 15:10:06,608 - root - INFO - #1 MAX:accuracy.mean: 0.34
2020-07-29 15:10:06,651 - root - DEBUG - Sampled weight [1.78318687 1.23270895 1.03807352 1.65147788 2.78030786]
2020-07-29 15:10:07,755 - root - DEBUG - Updating hall of fame
2020-07-29 15:10:09,687 - root - INFO - Completed generation 2; 3.1s elapsed, 3.1s avg, 6.2s total. Expected time remaining: 6.2e+02s
2020-07-29 15:10:09,745 - root - INFO - #2 MAX:accuracy.mean: 0.35
2020-07-29 15:10:09,789 - root - DEBUG - Sampled weight [1.44427117 1.53115708 0.78377086 1.11449062 1.20809671]
2020-07-29 15:10:10,892 - root - DEBUG - Updating hall of fame
2020-07-29 15:10:12,812 - root - INFO - Completed generation 3; 3.1s elapsed, 3.1s avg, 9.3s total. Expected time remaining: 6.1e+02s
2020-07-29 15:10:12,871 - root - INFO - #3 MAX:accuracy.mean: 0.44
2020-07-29 15:10:12,914 - root - DEBUG - Sampled weight [1.23676458 0.67720875 0.34705636 0.89804822 0.57577095]
2020-07-29 15:10:14,026 - root - DEBUG - Updating hall of fame
2020-07-29 15:10:15,943 - root - INFO - Completed generation 4; 3.1s elapsed, 3.1s avg, 1.2e+01s total. Expected time remaining: 6.1e+02s
2020-07-29 15:10:16,002 - root - INFO - #4 MAX:accuracy.mean: 0.57
2020-07-29 15:10:16,045 - root - DEBUG - Sampled weight [1.277783   1.25051641 3.55536276 1.09446099 0.67011382]
2020-07-29 15:10:17,153 - root - DEBUG - Updating hall of fame
2020-07-29 15:10:19,079 - root - INFO - Completed generation 5; 3.1s elapsed, 3.1s avg, 1.5e+01s total. Expected time remaining: 6e+02s
2020-07-29 15:10:19,138 - root - INFO - #5 MAX:accuracy.mean: 0.54
2020-07-29 15:10:19,182 - root - DEBUG - Sampled weight [0.38210887 0.43826957 1.8592144  0.91894187 0.3743442 ]
2020-07-29 15:10:20,294 - root - DEBUG - Updating hall of fame
2020-07-29 15:10:22,285 - root - INFO - Completed generation 6; 3.1s elapsed, 3.1s avg, 1.9e+01s total. Expected time remaining: 6e+02s
2020-07-29 15:10:22,344 - root - INFO - #6 MAX:accuracy.mean: 0.55
2020-07-29 15:10:22,388 - root - DEBUG - Sampled weight [2.31375385 0.75070828 1.29516883 1.1888513  0.53663242]
2020-07-29 15:10:23,502 - root - DEBUG - Updating hall of fame
2020-07-29 15:10:25,461 - root - INFO - Completed generation 7; 3.1s elapsed, 3.1s avg, 2.2e+01s total. Expected time remaining: 6e+02s
2020-07-29 15:10:25,520 - root - INFO - #7 MAX:accuracy.mean: 0.52
2020-07-29 15:10:25,564 - root - DEBUG - Sampled weight [2.2894576  1.12058448 1.73279239 1.07380323 1.18303296]
2020-07-29 15:10:26,688 - root - DEBUG - Updating hall of fame
2020-07-29 15:10:28,280 - root - INFO - Completed generation 8; 2.8s elapsed, 3.1s avg, 2.4e+01s total. Expected time remaining: 5.9e+02s
2020-07-29 15:10:28,340 - root - INFO - #8 MAX:accuracy.mean: 0.6
2020-07-29 15:10:28,384 - root - DEBUG - Sampled weight [1.81003872 0.65007483 0.88046646 0.78664338 0.38732746]
2020-07-29 15:10:29,511 - root - DEBUG - Updating hall of fame
2020-07-29 15:10:31,294 - root - INFO - Completed generation 9; 3.0s elapsed, 3.0s avg, 2.7e+01s total. Expected time remaining: 5.8e+02s
2020-07-29 15:10:31,353 - root - INFO - #9 MAX:accuracy.mean: 0.59
2020-07-29 15:10:31,397 - root - DEBUG - Sampled weight [0.4970818  0.5034316  0.59318175 0.87393666 0.4964861 ]
2020-07-29 15:10:32,527 - root - DEBUG - Updating hall of fame
2020-07-29 15:10:33,910 - root - INFO - Completed generation 10; 2.6s elapsed, 3.0s avg, 3e+01s total. Expected time remaining: 5.7e+02s
2020-07-29 15:10:33,970 - root - INFO - #10 MAX:accuracy.mean: 0.65
2020-07-29 15:10:34,070 - root - DEBUG - Sampled weight [1.29852851 2.34181593 1.81460021 3.54061681 0.61177805]
2020-07-29 15:10:35,206 - root - DEBUG - Updating hall of fame
2020-07-29 15:10:36,402 - root - INFO - Completed generation 11; 2.4s elapsed, 2.9s avg, 3.2e+01s total. Expected time remaining: 5.6e+02s
2020-07-29 15:10:36,461 - root - INFO - #11 MAX:accuracy.mean: 0.59
2020-07-29 15:10:36,505 - root - DEBUG - Sampled weight [0.68569938 0.75932689 0.85674432 0.54669272 1.57202679]
2020-07-29 15:10:37,641 - root - DEBUG - Updating hall of fame
2020-07-29 15:10:38,853 - root - INFO - Completed generation 12; 2.4s elapsed, 2.9s avg, 3.5e+01s total. Expected time remaining: 5.4e+02s
2020-07-29 15:10:38,912 - root - INFO - #12 MAX:accuracy.mean: 0.65
2020-07-29 15:10:38,956 - root - DEBUG - Sampled weight [0.381067   0.64843788 0.29779025 1.468832   0.64681743]
2020-07-29 15:10:40,094 - root - DEBUG - Updating hall of fame
2020-07-29 15:10:41,492 - root - INFO - Completed generation 13; 2.6s elapsed, 2.9s avg, 3.7e+01s total. Expected time remaining: 5.4e+02s
2020-07-29 15:10:41,551 - root - INFO - #13 MAX:accuracy.mean: 0.6
2020-07-29 15:10:41,595 - root - DEBUG - Sampled weight [1.17082904 1.05947003 0.97858019 0.48278026 1.40647466]
2020-07-29 15:10:42,725 - root - DEBUG - Updating hall of fame
2020-07-29 15:10:43,933 - root - INFO - Completed generation 14; 2.4s elapsed, 2.8s avg, 4e+01s total. Expected time remaining: 5.3e+02s
2020-07-29 15:10:43,992 - root - INFO - #14 MAX:accuracy.mean: 0.68
2020-07-29 15:10:44,035 - root - DEBUG - Sampled weight [1.96133103 0.8125661  1.18287218 1.42016944 1.86243376]
2020-07-29 15:10:45,174 - root - DEBUG - Updating hall of fame
2020-07-29 15:10:46,370 - root - INFO - Completed generation 15; 2.4s elapsed, 2.8s avg, 4.2e+01s total. Expected time remaining: 5.2e+02s
2020-07-29 15:10:46,429 - root - INFO - #15 MAX:accuracy.mean: 0.65
2020-07-29 15:10:46,472 - root - DEBUG - Sampled weight [0.58076887 1.51945385 0.75740003 1.11661083 0.53318742]
2020-07-29 15:10:47,614 - root - DEBUG - Updating hall of fame
2020-07-29 15:10:48,813 - root - INFO - Completed generation 16; 2.4s elapsed, 2.8s avg, 4.4e+01s total. Expected time remaining: 5.1e+02s
2020-07-29 15:10:48,872 - root - INFO - #16 MAX:accuracy.mean: 0.66
2020-07-29 15:10:48,915 - root - DEBUG - Sampled weight [1.11973088 0.58047712 0.77340134 1.51271466 0.52379948]
2020-07-29 15:10:50,061 - root - DEBUG - Updating hall of fame
2020-07-29 15:10:51,252 - root - INFO - Completed generation 17; 2.4s elapsed, 2.8s avg, 4.7e+01s total. Expected time remaining: 5e+02s
2020-07-29 15:10:51,312 - root - INFO - #17 MAX:accuracy.mean: 0.65
2020-07-29 15:10:51,355 - root - DEBUG - Sampled weight [0.53214863 1.11275783 0.47359557 0.75666773 0.34647203]
2020-07-29 15:10:52,500 - root - DEBUG - Updating hall of fame
2020-07-29 15:10:53,685 - root - INFO - Completed generation 18; 2.4s elapsed, 2.7s avg, 4.9e+01s total. Expected time remaining: 5e+02s
2020-07-29 15:10:53,745 - root - INFO - #18 MAX:accuracy.mean: 0.61
2020-07-29 15:10:53,789 - root - DEBUG - Sampled weight [0.99485062 1.23336161 0.85374644 0.85933329 0.77371267]
2020-07-29 15:10:54,937 - root - DEBUG - Updating hall of fame
2020-07-29 15:10:55,736 - root - INFO - Completed generation 19; 2.0s elapsed, 2.7s avg, 5.1e+01s total. Expected time remaining: 4.9e+02s
2020-07-29 15:10:55,795 - root - INFO - #19 MAX:accuracy.mean: 0.83
2020-07-29 15:10:55,838 - root - DEBUG - Sampled weight [0.52826772 0.98907611 0.79553594 0.30492562 0.74328671]
2020-07-29 15:10:56,976 - root - DEBUG - Updating hall of fame
2020-07-29 15:10:57,968 - root - INFO - Completed generation 20; 2.2s elapsed, 2.7s avg, 5.3e+01s total. Expected time remaining: 4.8e+02s
2020-07-29 15:10:58,028 - root - INFO - #20 MAX:accuracy.mean: 0.65
2020-07-29 15:10:58,130 - root - DEBUG - Sampled weight [1.44707837 2.36558133 1.36484492 1.76991273 1.10372896]
2020-07-29 15:10:59,276 - root - DEBUG - Updating hall of fame
2020-07-29 15:10:59,687 - root - INFO - Completed generation 21; 1.6s elapsed, 2.6s avg, 5.5e+01s total. Expected time remaining: 4.7e+02s
2020-07-29 15:10:59,746 - root - INFO - #21 MAX:accuracy.mean: 0.61
2020-07-29 15:10:59,791 - root - DEBUG - Sampled weight [1.06243009 0.62491151 0.69758088 2.55550599 1.60766349]
2020-07-29 15:11:00,927 - root - DEBUG - Updating hall of fame
2020-07-29 15:11:01,711 - root - INFO - Completed generation 22; 2.0s elapsed, 2.6s avg, 5.7e+01s total. Expected time remaining: 4.6e+02s
2020-07-29 15:11:01,771 - root - INFO - #22 MAX:accuracy.mean: 0.61
2020-07-29 15:11:01,814 - root - DEBUG - Sampled weight [0.82137586 1.26192514 1.0761477  0.75812502 1.77777159]
2020-07-29 15:11:02,948 - root - DEBUG - Updating hall of fame
2020-07-29 15:11:03,935 - root - INFO - Completed generation 23; 2.2s elapsed, 2.6s avg, 5.9e+01s total. Expected time remaining: 4.5e+02s
2020-07-29 15:11:03,994 - root - INFO - #23 MAX:accuracy.mean: 0.71
2020-07-29 15:11:04,038 - root - DEBUG - Sampled weight [1.28078968 0.82634438 1.78722747 0.84558942 0.6053357 ]
2020-07-29 15:11:05,189 - root - DEBUG - Updating hall of fame
2020-07-29 15:11:06,394 - root - INFO - Completed generation 24; 2.4s elapsed, 2.6s avg, 6.2e+01s total. Expected time remaining: 4.5e+02s
2020-07-29 15:11:06,453 - root - INFO - #24 MAX:accuracy.mean: 0.68
2020-07-29 15:11:06,496 - root - DEBUG - Sampled weight [0.93681955 1.73753413 2.14635064 1.57612428 0.60575632]
2020-07-29 15:11:07,637 - root - DEBUG - Updating hall of fame
2020-07-29 15:11:08,646 - root - INFO - Completed generation 25; 2.2s elapsed, 2.5s avg, 6.4e+01s total. Expected time remaining: 4.5e+02s
2020-07-29 15:11:08,705 - root - INFO - #25 MAX:accuracy.mean: 0.63
2020-07-29 15:11:08,749 - root - DEBUG - Sampled weight [0.64392196 0.84852434 0.51511793 1.03903537 1.4716167 ]
2020-07-29 15:11:09,873 - root - DEBUG - Updating hall of fame
2020-07-29 15:11:11,046 - root - INFO - Completed generation 26; 2.3s elapsed, 2.5s avg, 6.6e+01s total. Expected time remaining: 4.4e+02s
2020-07-29 15:11:11,105 - root - INFO - #26 MAX:accuracy.mean: 0.64
2020-07-29 15:11:11,149 - root - DEBUG - Sampled weight [0.9557646  0.41577715 1.42739463 1.0756864  0.93577384]
2020-07-29 15:11:12,303 - root - DEBUG - Updating hall of fame
2020-07-29 15:11:13,501 - root - INFO - Completed generation 27; 2.4s elapsed, 2.5s avg, 6.8e+01s total. Expected time remaining: 4.4e+02s
2020-07-29 15:11:13,561 - root - INFO - #27 MAX:accuracy.mean: 0.7
2020-07-29 15:11:13,605 - root - DEBUG - Sampled weight [0.77112025 0.7100773  0.64648095 0.86627318 1.04957713]
2020-07-29 15:11:14,753 - root - DEBUG - Updating hall of fame
2020-07-29 15:11:15,751 - root - INFO - Completed generation 28; 2.2s elapsed, 2.5s avg, 7.1e+01s total. Expected time remaining: 4.3e+02s
2020-07-29 15:11:15,809 - root - INFO - #28 MAX:accuracy.mean: 0.78
2020-07-29 15:11:15,855 - root - DEBUG - Sampled weight [1.39861337 1.63189472 1.92495936 0.56000653 0.64351964]
2020-07-29 15:11:16,995 - root - DEBUG - Updating hall of fame
2020-07-29 15:11:18,172 - root - INFO - Completed generation 29; 2.4s elapsed, 2.5s avg, 7.3e+01s total. Expected time remaining: 4.3e+02s
2020-07-29 15:11:18,230 - root - INFO - #29 MAX:accuracy.mean: 0.63
2020-07-29 15:11:18,272 - root - DEBUG - Sampled weight [0.51974836 1.47573507 1.31460376 3.96149243 1.6427793 ]
2020-07-29 15:11:19,380 - root - DEBUG - Updating hall of fame
2020-07-29 15:11:19,957 - root - INFO - Completed generation 30; 1.7s elapsed, 2.5s avg, 7.5e+01s total. Expected time remaining: 4.2e+02s
2020-07-29 15:11:20,015 - root - INFO - #30 MAX:accuracy.mean: 0.63
2020-07-29 15:11:20,101 - root - DEBUG - Sampled weight [1.02011855 0.67091462 0.32367541 0.71365476 2.33931354]
2020-07-29 15:11:21,173 - root - DEBUG - Updating hall of fame
2020-07-29 15:11:22,283 - root - INFO - Completed generation 31; 2.2s elapsed, 2.5s avg, 7.7e+01s total. Expected time remaining: 4.2e+02s
2020-07-29 15:11:22,338 - root - INFO - #31 MAX:accuracy.mean: 0.63
2020-07-29 15:11:22,380 - root - DEBUG - Sampled weight [1.39408751 0.9932438  0.71564793 1.05609993 1.5560081 ]
2020-07-29 15:11:23,450 - root - DEBUG - Updating hall of fame
2020-07-29 15:11:24,192 - root - INFO - Completed generation 32; 1.9s elapsed, 2.5s avg, 7.9e+01s total. Expected time remaining: 4.1e+02s
2020-07-29 15:11:24,246 - root - INFO - #32 MAX:accuracy.mean: 0.68
2020-07-29 15:11:24,288 - root - DEBUG - Sampled weight [1.13270036 0.68235883 0.62162474 1.45630734 0.95945626]
2020-07-29 15:11:25,356 - root - DEBUG - Updating hall of fame
2020-07-29 15:11:26,844 - root - INFO - Completed generation 33; 2.6s elapsed, 2.5s avg, 8.1e+01s total. Expected time remaining: 4.1e+02s
2020-07-29 15:11:26,899 - root - INFO - #33 MAX:accuracy.mean: 0.69
2020-07-29 15:11:26,940 - root - DEBUG - Sampled weight [1.25629721 0.39449825 2.09483834 1.16137115 1.46274602]
2020-07-29 15:11:28,023 - root - DEBUG - Updating hall of fame
2020-07-29 15:11:29,341 - root - INFO - Completed generation 34; 2.4s elapsed, 2.5s avg, 8.4e+01s total. Expected time remaining: 4.1e+02s
2020-07-29 15:11:29,396 - root - INFO - #34 MAX:accuracy.mean: 0.73
2020-07-29 15:11:29,437 - root - DEBUG - Sampled weight [0.54651892 0.3790926  0.66413568 1.44625646 0.92880102]
2020-07-29 15:11:30,515 - root - DEBUG - Updating hall of fame
2020-07-29 15:11:31,268 - root - INFO - Completed generation 35; 1.9s elapsed, 2.4s avg, 8.6e+01s total. Expected time remaining: 4e+02s
2020-07-29 15:11:31,322 - root - INFO - #35 MAX:accuracy.mean: 0.62
2020-07-29 15:11:31,364 - root - DEBUG - Sampled weight [2.02266097 0.63260483 1.68362438 0.73391219 1.39562583]
2020-07-29 15:11:32,440 - root - DEBUG - Updating hall of fame
2020-07-29 15:11:33,637 - root - INFO - Completed generation 36; 2.3s elapsed, 2.4s avg, 8.8e+01s total. Expected time remaining: 4e+02s
2020-07-29 15:11:33,696 - root - INFO - #36 MAX:accuracy.mean: 0.63
2020-07-29 15:11:33,739 - root - DEBUG - Sampled weight [1.2975659  0.45359222 0.65202387 3.43171043 0.95065855]
2020-07-29 15:11:34,866 - root - DEBUG - Updating hall of fame
2020-07-29 15:11:35,870 - root - INFO - Completed generation 37; 2.2s elapsed, 2.4s avg, 9e+01s total. Expected time remaining: 4e+02s
2020-07-29 15:11:35,928 - root - INFO - #37 MAX:accuracy.mean: 0.62
2020-07-29 15:11:35,971 - root - DEBUG - Sampled weight [1.88536796 0.40130742 0.73708486 0.65298467 3.46844779]
2020-07-29 15:11:37,102 - root - DEBUG - Updating hall of fame
2020-07-29 15:11:37,700 - root - INFO - Completed generation 38; 1.8s elapsed, 2.4s avg, 9.2e+01s total. Expected time remaining: 3.9e+02s
2020-07-29 15:11:37,758 - root - INFO - #38 MAX:accuracy.mean: 0.61
2020-07-29 15:11:37,801 - root - DEBUG - Sampled weight [1.23555101 1.6520439  1.73305882 1.47910345 1.22770577]
2020-07-29 15:11:38,896 - root - DEBUG - Updating hall of fame
2020-07-29 15:11:39,817 - root - INFO - Completed generation 39; 2.1s elapsed, 2.4s avg, 9.4e+01s total. Expected time remaining: 3.9e+02s
2020-07-29 15:11:39,872 - root - INFO - #39 MAX:accuracy.mean: 0.83
2020-07-29 15:11:39,913 - root - DEBUG - Sampled weight [1.71784072 0.69437504 1.08427346 0.66127043 0.44769174]
2020-07-29 15:11:40,998 - root - DEBUG - Updating hall of fame
2020-07-29 15:11:41,950 - root - INFO - Completed generation 40; 2.1s elapsed, 2.4s avg, 9.6e+01s total. Expected time remaining: 3.8e+02s
2020-07-29 15:11:42,041 - root - INFO - #40 MAX:accuracy.mean: 0.61
2020-07-29 15:11:42,144 - root - DEBUG - Sampled weight [1.90555095 0.96703831 0.60013647 1.4904078  1.24394075]
2020-07-29 15:11:43,217 - root - DEBUG - Updating hall of fame
2020-07-29 15:11:44,337 - root - INFO - Completed generation 41; 2.2s elapsed, 2.4s avg, 9.8e+01s total. Expected time remaining: 3.8e+02s
2020-07-29 15:11:44,392 - root - INFO - #41 MAX:accuracy.mean: 0.67
2020-07-29 15:11:44,433 - root - DEBUG - Sampled weight [0.43718939 0.90885879 0.61638369 1.15874666 1.26854911]
2020-07-29 15:11:45,515 - root - DEBUG - Updating hall of fame
2020-07-29 15:11:46,452 - root - INFO - Completed generation 42; 2.1s elapsed, 2.4s avg, 1e+02s total. Expected time remaining: 3.8e+02s
2020-07-29 15:11:46,506 - root - INFO - #42 MAX:accuracy.mean: 0.64
2020-07-29 15:11:46,546 - root - DEBUG - Sampled weight [1.05897051 0.56262646 1.02196929 0.92439623 1.70106718]
2020-07-29 15:11:47,639 - root - DEBUG - Updating hall of fame
2020-07-29 15:11:48,214 - root - INFO - Completed generation 43; 1.7s elapsed, 2.4s avg, 1e+02s total. Expected time remaining: 3.7e+02s
2020-07-29 15:11:48,268 - root - INFO - #43 MAX:accuracy.mean: 0.75
2020-07-29 15:11:48,310 - root - DEBUG - Sampled weight [1.20711071 0.89217809 1.29951894 0.85955727 0.75117299]
2020-07-29 15:11:49,394 - root - DEBUG - Updating hall of fame
2020-07-29 15:11:50,519 - root - INFO - Completed generation 44; 2.3s elapsed, 2.4s avg, 1e+02s total. Expected time remaining: 3.7e+02s
2020-07-29 15:11:50,573 - root - INFO - #44 MAX:accuracy.mean: 0.79
2020-07-29 15:11:50,614 - root - DEBUG - Sampled weight [0.80654167 0.42235784 0.36199146 0.46064683 0.82378351]
2020-07-29 15:11:51,700 - root - DEBUG - Updating hall of fame
2020-07-29 15:11:52,651 - root - INFO - Completed generation 45; 2.1s elapsed, 2.4s avg, 1.1e+02s total. Expected time remaining: 3.7e+02s
2020-07-29 15:11:52,705 - root - INFO - #45 MAX:accuracy.mean: 0.61
2020-07-29 15:11:52,747 - root - DEBUG - Sampled weight [1.37451788 1.30622399 1.34199061 1.10442846 0.91541873]
2020-07-29 15:11:53,833 - root - DEBUG - Updating hall of fame
2020-07-29 15:11:54,589 - root - INFO - Completed generation 46; 1.9s elapsed, 2.4s avg, 1.1e+02s total. Expected time remaining: 3.6e+02s
2020-07-29 15:11:54,644 - root - INFO - #46 MAX:accuracy.mean: 0.86
2020-07-29 15:11:54,686 - root - DEBUG - Sampled weight [1.3798059  0.81168458 0.74056334 0.872177   1.97814188]
2020-07-29 15:11:55,775 - root - DEBUG - Updating hall of fame
2020-07-29 15:11:56,930 - root - INFO - Completed generation 47; 2.3s elapsed, 2.4s avg, 1.1e+02s total. Expected time remaining: 3.6e+02s
2020-07-29 15:11:56,984 - root - INFO - #47 MAX:accuracy.mean: 0.77
2020-07-29 15:11:57,026 - root - DEBUG - Sampled weight [0.66811064 1.17318142 1.02095155 0.96362724 1.18308217]
2020-07-29 15:11:58,101 - root - DEBUG - Updating hall of fame
2020-07-29 15:11:59,052 - root - INFO - Completed generation 48; 2.1s elapsed, 2.3s avg, 1.1e+02s total. Expected time remaining: 3.6e+02s
2020-07-29 15:11:59,107 - root - INFO - #48 MAX:accuracy.mean: 0.8
2020-07-29 15:11:59,149 - root - DEBUG - Sampled weight [0.96391465 1.16932407 0.95266176 0.45606405 0.94389775]
2020-07-29 15:12:00,229 - root - DEBUG - Updating hall of fame
2020-07-29 15:12:01,565 - root - INFO - Completed generation 49; 2.5s elapsed, 2.3s avg, 1.2e+02s total. Expected time remaining: 3.5e+02s
2020-07-29 15:12:01,624 - root - INFO - #49 MAX:accuracy.mean: 0.79
2020-07-29 15:12:01,667 - root - DEBUG - Sampled weight [0.7133042  1.53409512 1.15138914 0.66128778 0.70372484]
2020-07-29 15:12:02,750 - root - DEBUG - Updating hall of fame
2020-07-29 15:12:03,695 - root - INFO - Completed generation 50; 2.1s elapsed, 2.3s avg, 1.2e+02s total. Expected time remaining: 3.5e+02s
2020-07-29 15:12:03,749 - root - INFO - #50 MAX:accuracy.mean: 0.72
2020-07-29 15:12:03,908 - root - DEBUG - Sampled weight [1.71982141 1.06211625 0.60283046 0.71681482 1.76870856]
2020-07-29 15:12:04,978 - root - DEBUG - Updating hall of fame
2020-07-29 15:12:05,755 - root - INFO - Completed generation 51; 1.9s elapsed, 2.3s avg, 1.2e+02s total. Expected time remaining: 3.5e+02s
2020-07-29 15:12:05,809 - root - INFO - #51 MAX:accuracy.mean: 0.66
2020-07-29 15:12:05,850 - root - DEBUG - Sampled weight [4.25250649 1.32865065 0.79767992 1.1248693  0.94232587]
2020-07-29 15:12:06,924 - root - DEBUG - Updating hall of fame
2020-07-29 15:12:08,054 - root - INFO - Completed generation 52; 2.2s elapsed, 2.3s avg, 1.2e+02s total. Expected time remaining: 3.5e+02s
2020-07-29 15:12:08,108 - root - INFO - #52 MAX:accuracy.mean: 0.72
2020-07-29 15:12:08,149 - root - DEBUG - Sampled weight [1.94103899 1.12242232 1.51554629 1.07572763 3.21018334]
2020-07-29 15:12:09,221 - root - DEBUG - Updating hall of fame
2020-07-29 15:12:10,184 - root - INFO - Completed generation 53; 2.1s elapsed, 2.3s avg, 1.2e+02s total. Expected time remaining: 3.4e+02s
2020-07-29 15:12:10,239 - root - INFO - #53 MAX:accuracy.mean: 0.69
2020-07-29 15:12:10,279 - root - DEBUG - Sampled weight [0.43740658 1.54008985 0.59398315 1.47578451 1.46752218]
2020-07-29 15:12:11,350 - root - DEBUG - Updating hall of fame
2020-07-29 15:12:12,290 - root - INFO - Completed generation 54; 2.1s elapsed, 2.3s avg, 1.3e+02s total. Expected time remaining: 3.4e+02s
2020-07-29 15:12:12,344 - root - INFO - #54 MAX:accuracy.mean: 0.76
2020-07-29 15:12:12,385 - root - DEBUG - Sampled weight [1.3836199  0.84241524 0.68303815 2.01264306 0.24710277]
2020-07-29 15:12:13,457 - root - DEBUG - Updating hall of fame
2020-07-29 15:12:14,386 - root - INFO - Completed generation 55; 2.0s elapsed, 2.3s avg, 1.3e+02s total. Expected time remaining: 3.4e+02s
2020-07-29 15:12:14,440 - root - INFO - #55 MAX:accuracy.mean: 0.74
2020-07-29 15:12:14,482 - root - DEBUG - Sampled weight [1.07362141 0.49732606 1.49773256 0.65046713 2.21163701]
2020-07-29 15:12:15,554 - root - DEBUG - Updating hall of fame
2020-07-29 15:12:16,478 - root - INFO - Completed generation 56; 2.0s elapsed, 2.3s avg, 1.3e+02s total. Expected time remaining: 3.3e+02s
2020-07-29 15:12:16,533 - root - INFO - #56 MAX:accuracy.mean: 0.75
2020-07-29 15:12:16,573 - root - DEBUG - Sampled weight [1.57705187 0.63740968 1.03867213 1.28958664 1.18225902]
2020-07-29 15:12:17,644 - root - DEBUG - Updating hall of fame
2020-07-29 15:12:18,396 - root - INFO - Completed generation 57; 1.9s elapsed, 2.3s avg, 1.3e+02s total. Expected time remaining: 3.3e+02s
2020-07-29 15:12:18,450 - root - INFO - #57 MAX:accuracy.mean: 0.74
2020-07-29 15:12:18,491 - root - DEBUG - Sampled weight [0.88001783 2.27592477 0.55088947 1.2347451  0.77347377]
2020-07-29 15:12:19,564 - root - DEBUG - Updating hall of fame
2020-07-29 15:12:20,861 - root - INFO - Completed generation 58; 2.4s elapsed, 2.3s avg, 1.3e+02s total. Expected time remaining: 3.3e+02s
2020-07-29 15:12:20,916 - root - INFO - #58 MAX:accuracy.mean: 0.67
2020-07-29 15:12:20,957 - root - DEBUG - Sampled weight [1.81794521 0.5999366  0.48377248 0.74965561 0.65865742]
2020-07-29 15:12:22,040 - root - DEBUG - Updating hall of fame
2020-07-29 15:12:22,593 - root - INFO - Completed generation 59; 1.7s elapsed, 2.3s avg, 1.4e+02s total. Expected time remaining: 3.2e+02s
2020-07-29 15:12:22,647 - root - INFO - #59 MAX:accuracy.mean: 0.65
2020-07-29 15:12:22,688 - root - DEBUG - Sampled weight [0.55838074 0.61961423 0.58104312 1.13225626 2.21097467]
2020-07-29 15:12:23,768 - root - DEBUG - Updating hall of fame
2020-07-29 15:12:23,950 - root - INFO - Completed generation 60; 1.3s elapsed, 2.3s avg, 1.4e+02s total. Expected time remaining: 3.2e+02s
2020-07-29 15:12:24,004 - root - INFO - #60 MAX:accuracy.mean: 0.7
2020-07-29 15:12:24,093 - root - DEBUG - Sampled weight [1.46875396 1.01088704 0.76468295 1.29302639 1.10909377]
2020-07-29 15:12:25,170 - root - DEBUG - Updating hall of fame
2020-07-29 15:12:25,535 - root - INFO - Completed generation 61; 1.5s elapsed, 2.3s avg, 1.4e+02s total. Expected time remaining: 3.2e+02s
2020-07-29 15:12:25,590 - root - INFO - #61 MAX:accuracy.mean: 0.75
2020-07-29 15:12:25,630 - root - DEBUG - Sampled weight [0.53989138 2.05991648 0.7051098  2.95983065 1.8706208 ]
2020-07-29 15:12:26,714 - root - DEBUG - Updating hall of fame
2020-07-29 15:12:27,831 - root - INFO - Completed generation 62; 2.2s elapsed, 2.3s avg, 1.4e+02s total. Expected time remaining: 3.1e+02s
2020-07-29 15:12:27,886 - root - INFO - #62 MAX:accuracy.mean: 0.65
2020-07-29 15:12:27,928 - root - DEBUG - Sampled weight [1.24610121 1.19626772 0.36642833 1.06233312 2.47673411]
2020-07-29 15:12:28,993 - root - DEBUG - Updating hall of fame
2020-07-29 15:12:29,360 - root - INFO - Completed generation 63; 1.5s elapsed, 2.3s avg, 1.4e+02s total. Expected time remaining: 3.1e+02s
2020-07-29 15:12:29,414 - root - INFO - #63 MAX:accuracy.mean: 0.67
2020-07-29 15:12:29,454 - root - DEBUG - Sampled weight [1.38613353 0.71463352 1.38850966 1.06973282 0.57072197]
2020-07-29 15:12:30,521 - root - DEBUG - Updating hall of fame
2020-07-29 15:12:31,074 - root - INFO - Completed generation 64; 1.7s elapsed, 2.2s avg, 1.4e+02s total. Expected time remaining: 3.1e+02s
2020-07-29 15:12:31,128 - root - INFO - #64 MAX:accuracy.mean: 0.73
2020-07-29 15:12:31,170 - root - DEBUG - Sampled weight [1.37724171 1.27745927 1.90512765 1.19624962 1.79125489]
2020-07-29 15:12:32,245 - root - DEBUG - Updating hall of fame
2020-07-29 15:12:32,801 - root - INFO - Completed generation 65; 1.7s elapsed, 2.2s avg, 1.5e+02s total. Expected time remaining: 3e+02s
2020-07-29 15:12:32,855 - root - INFO - #65 MAX:accuracy.mean: 0.66
2020-07-29 15:12:32,896 - root - DEBUG - Sampled weight [0.745271   0.68047561 1.69320344 0.86861367 0.90690887]
2020-07-29 15:12:33,967 - root - DEBUG - Updating hall of fame
2020-07-29 15:12:34,523 - root - INFO - Completed generation 66; 1.7s elapsed, 2.2s avg, 1.5e+02s total. Expected time remaining: 3e+02s
2020-07-29 15:12:34,578 - root - INFO - #66 MAX:accuracy.mean: 0.75
2020-07-29 15:12:34,619 - root - DEBUG - Sampled weight [2.23181432 0.71236059 1.97084929 0.51459001 1.48081634]
2020-07-29 15:12:35,688 - root - DEBUG - Updating hall of fame
2020-07-29 15:12:36,427 - root - INFO - Completed generation 67; 1.8s elapsed, 2.2s avg, 1.5e+02s total. Expected time remaining: 3e+02s
2020-07-29 15:12:36,481 - root - INFO - #67 MAX:accuracy.mean: 0.7
2020-07-29 15:12:36,522 - root - DEBUG - Sampled weight [0.82040109 0.44389245 0.40738287 0.68128268 0.98848512]
2020-07-29 15:12:37,591 - root - DEBUG - Updating hall of fame
2020-07-29 15:12:38,146 - root - INFO - Completed generation 68; 1.7s elapsed, 2.2s avg, 1.5e+02s total. Expected time remaining: 2.9e+02s
2020-07-29 15:12:38,201 - root - INFO - #68 MAX:accuracy.mean: 0.67
2020-07-29 15:12:38,242 - root - DEBUG - Sampled weight [1.70412992 0.80547767 0.4068217  0.31517278 1.03053694]
2020-07-29 15:12:39,313 - root - DEBUG - Updating hall of fame
2020-07-29 15:12:40,437 - root - INFO - Completed generation 69; 2.2s elapsed, 2.2s avg, 1.5e+02s total. Expected time remaining: 2.9e+02s
2020-07-29 15:12:40,492 - root - INFO - #69 MAX:accuracy.mean: 0.66
2020-07-29 15:12:40,532 - root - DEBUG - Sampled weight [0.64690055 0.99635099 1.42299414 0.54718032 0.62576833]
2020-07-29 15:12:41,610 - root - DEBUG - Updating hall of fame
2020-07-29 15:12:42,184 - root - INFO - Completed generation 70; 1.7s elapsed, 2.2s avg, 1.5e+02s total. Expected time remaining: 2.9e+02s
2020-07-29 15:12:42,239 - root - INFO - #70 MAX:accuracy.mean: 0.75
2020-07-29 15:12:42,333 - root - DEBUG - Sampled weight [0.61165976 1.16212861 0.56638251 1.34815462 0.85677237]
2020-07-29 15:12:43,417 - root - DEBUG - Updating hall of fame
2020-07-29 15:12:44,542 - root - INFO - Completed generation 71; 2.3s elapsed, 2.2s avg, 1.6e+02s total. Expected time remaining: 2.8e+02s
2020-07-29 15:12:44,597 - root - INFO - #71 MAX:accuracy.mean: 0.7
2020-07-29 15:12:44,638 - root - DEBUG - Sampled weight [1.7510867  0.83220322 1.45791404 0.57104991 0.94213738]
2020-07-29 15:12:45,719 - root - DEBUG - Updating hall of fame
2020-07-29 15:12:46,276 - root - INFO - Completed generation 72; 1.7s elapsed, 2.2s avg, 1.6e+02s total. Expected time remaining: 2.8e+02s
2020-07-29 15:12:46,330 - root - INFO - #72 MAX:accuracy.mean: 0.69
2020-07-29 15:12:46,372 - root - DEBUG - Sampled weight [1.84311958 0.82446409 1.41974554 1.00504536 0.76527213]
2020-07-29 15:12:47,448 - root - DEBUG - Updating hall of fame
2020-07-29 15:12:47,816 - root - INFO - Completed generation 73; 1.5s elapsed, 2.2s avg, 1.6e+02s total. Expected time remaining: 2.8e+02s
2020-07-29 15:12:47,870 - root - INFO - #73 MAX:accuracy.mean: 0.73
2020-07-29 15:12:47,911 - root - DEBUG - Sampled weight [1.18415879 1.17947477 0.71731059 1.38023184 0.73854641]
2020-07-29 15:12:48,982 - root - DEBUG - Updating hall of fame
2020-07-29 15:12:49,537 - root - INFO - Completed generation 74; 1.7s elapsed, 2.2s avg, 1.6e+02s total. Expected time remaining: 2.8e+02s
2020-07-29 15:12:49,591 - root - INFO - #74 MAX:accuracy.mean: 0.77
2020-07-29 15:12:49,632 - root - DEBUG - Sampled weight [0.59155711 1.29856387 0.81885097 2.11379222 1.39281196]
2020-07-29 15:12:50,710 - root - DEBUG - Updating hall of fame
2020-07-29 15:12:51,644 - root - INFO - Completed generation 75; 2.1s elapsed, 2.2s avg, 1.6e+02s total. Expected time remaining: 2.7e+02s
2020-07-29 15:12:51,699 - root - INFO - #75 MAX:accuracy.mean: 0.73
2020-07-29 15:12:51,739 - root - DEBUG - Sampled weight [0.94471563 1.36280315 1.79740978 0.63356416 0.57802065]
2020-07-29 15:12:52,812 - root - DEBUG - Updating hall of fame
2020-07-29 15:12:53,749 - root - INFO - Completed generation 76; 2.0s elapsed, 2.2s avg, 1.7e+02s total. Expected time remaining: 2.7e+02s
2020-07-29 15:12:53,803 - root - INFO - #76 MAX:accuracy.mean: 0.73
2020-07-29 15:12:53,843 - root - DEBUG - Sampled weight [3.31921512 1.52936671 1.42906193 1.2375404  0.87634316]
2020-07-29 15:12:54,921 - root - DEBUG - Updating hall of fame
2020-07-29 15:12:55,681 - root - INFO - Completed generation 77; 1.9s elapsed, 2.2s avg, 1.7e+02s total. Expected time remaining: 2.7e+02s
2020-07-29 15:12:55,736 - root - INFO - #77 MAX:accuracy.mean: 0.77
2020-07-29 15:12:55,777 - root - DEBUG - Sampled weight [0.73335749 0.73010499 0.78856888 0.62780962 0.81661211]
2020-07-29 15:12:56,850 - root - DEBUG - Updating hall of fame
2020-07-29 15:12:57,610 - root - INFO - Completed generation 78; 1.9s elapsed, 2.2s avg, 1.7e+02s total. Expected time remaining: 2.6e+02s
2020-07-29 15:12:57,665 - root - INFO - #78 MAX:accuracy.mean: 0.78
2020-07-29 15:12:57,706 - root - DEBUG - Sampled weight [0.63145446 0.46078691 0.60218769 0.62581792 0.9983513 ]
2020-07-29 15:12:58,775 - root - DEBUG - Updating hall of fame
2020-07-29 15:12:59,529 - root - INFO - Completed generation 79; 1.9s elapsed, 2.2s avg, 1.7e+02s total. Expected time remaining: 2.6e+02s
2020-07-29 15:12:59,583 - root - INFO - #79 MAX:accuracy.mean: 0.72
2020-07-29 15:12:59,625 - root - DEBUG - Sampled weight [1.30267683 0.62419259 0.93194745 2.60609449 1.34368945]
2020-07-29 15:13:00,704 - root - DEBUG - Updating hall of fame
2020-07-29 15:13:01,476 - root - INFO - Completed generation 80; 1.9s elapsed, 2.2s avg, 1.7e+02s total. Expected time remaining: 2.6e+02s
2020-07-29 15:13:01,531 - root - INFO - #80 MAX:accuracy.mean: 0.72
2020-07-29 15:13:01,620 - root - DEBUG - Sampled weight [1.41392156 0.41941374 0.8994537  0.39774613 0.82174233]
2020-07-29 15:13:02,707 - root - DEBUG - Updating hall of fame
2020-07-29 15:13:03,465 - root - INFO - Completed generation 81; 1.9s elapsed, 2.2s avg, 1.8e+02s total. Expected time remaining: 2.6e+02s
2020-07-29 15:13:03,519 - root - INFO - #81 MAX:accuracy.mean: 0.71
2020-07-29 15:13:03,560 - root - DEBUG - Sampled weight [1.38667469 2.33962487 2.51014703 0.48903688 1.34867009]
2020-07-29 15:13:04,645 - root - DEBUG - Updating hall of fame
2020-07-29 15:13:05,416 - root - INFO - Completed generation 82; 1.9s elapsed, 2.2s avg, 1.8e+02s total. Expected time remaining: 2.5e+02s
2020-07-29 15:13:05,470 - root - INFO - #82 MAX:accuracy.mean: 0.71
2020-07-29 15:13:05,511 - root - DEBUG - Sampled weight [0.84511062 0.83806837 0.64353104 0.47594556 1.3509295 ]
2020-07-29 15:13:06,582 - root - DEBUG - Updating hall of fame
2020-07-29 15:13:06,963 - root - INFO - Completed generation 83; 1.5s elapsed, 2.1s avg, 1.8e+02s total. Expected time remaining: 2.5e+02s
2020-07-29 15:13:07,017 - root - INFO - #83 MAX:accuracy.mean: 0.72
2020-07-29 15:13:07,057 - root - DEBUG - Sampled weight [0.6721591  0.69176642 2.23947549 1.53993017 1.89137889]
2020-07-29 15:13:08,131 - root - DEBUG - Updating hall of fame
2020-07-29 15:13:09,247 - root - INFO - Completed generation 84; 2.2s elapsed, 2.2s avg, 1.8e+02s total. Expected time remaining: 2.5e+02s
2020-07-29 15:13:09,302 - root - INFO - #84 MAX:accuracy.mean: 0.76
2020-07-29 15:13:09,343 - root - DEBUG - Sampled weight [0.80985715 1.056917   1.11436285 0.90051193 1.9738565 ]
2020-07-29 15:13:10,419 - root - DEBUG - Updating hall of fame
2020-07-29 15:13:11,355 - root - INFO - Completed generation 85; 2.1s elapsed, 2.1s avg, 1.8e+02s total. Expected time remaining: 2.5e+02s
2020-07-29 15:13:11,410 - root - INFO - #85 MAX:accuracy.mean: 0.78
2020-07-29 15:13:11,451 - root - DEBUG - Sampled weight [1.14331252 1.36991934 1.82099498 1.06503865 0.92630278]
2020-07-29 15:13:12,531 - root - DEBUG - Updating hall of fame
2020-07-29 15:13:13,291 - root - INFO - Completed generation 86; 1.9s elapsed, 2.1s avg, 1.8e+02s total. Expected time remaining: 2.4e+02s
2020-07-29 15:13:13,345 - root - INFO - #86 MAX:accuracy.mean: 0.82
2020-07-29 15:13:13,386 - root - DEBUG - Sampled weight [0.84606817 1.28719432 1.00378561 0.77636632 1.42336206]
2020-07-29 15:13:14,463 - root - DEBUG - Updating hall of fame
2020-07-29 15:13:15,014 - root - INFO - Completed generation 87; 1.7s elapsed, 2.1s avg, 1.9e+02s total. Expected time remaining: 2.4e+02s
2020-07-29 15:13:15,068 - root - INFO - #87 MAX:accuracy.mean: 0.77
2020-07-29 15:13:15,110 - root - DEBUG - Sampled weight [0.99858598 1.00510895 1.82379758 1.54064917 0.79192949]
2020-07-29 15:13:16,196 - root - DEBUG - Updating hall of fame
2020-07-29 15:13:16,760 - root - INFO - Completed generation 88; 1.7s elapsed, 2.1s avg, 1.9e+02s total. Expected time remaining: 2.4e+02s
2020-07-29 15:13:16,815 - root - INFO - #88 MAX:accuracy.mean: 0.81
2020-07-29 15:13:16,855 - root - DEBUG - Sampled weight [0.54657797 0.60684816 2.92975798 1.4571054  1.43995708]
2020-07-29 15:13:17,932 - root - DEBUG - Updating hall of fame
2020-07-29 15:13:18,488 - root - INFO - Completed generation 89; 1.7s elapsed, 2.1s avg, 1.9e+02s total. Expected time remaining: 2.4e+02s
2020-07-29 15:13:18,543 - root - INFO - #89 MAX:accuracy.mean: 0.69
2020-07-29 15:13:18,583 - root - DEBUG - Sampled weight [1.48055982 0.50967867 0.72554067 0.84407298 0.75946647]
2020-07-29 15:13:19,655 - root - DEBUG - Updating hall of fame
2020-07-29 15:13:20,198 - root - INFO - Completed generation 90; 1.7s elapsed, 2.1s avg, 1.9e+02s total. Expected time remaining: 2.3e+02s
2020-07-29 15:13:20,252 - root - INFO - #90 MAX:accuracy.mean: 0.83
2020-07-29 15:13:20,351 - root - DEBUG - Sampled weight [0.54338956 1.03547573 0.57499763 1.27941996 2.25610958]
2020-07-29 15:13:21,432 - root - DEBUG - Updating hall of fame
2020-07-29 15:13:22,727 - root - INFO - Completed generation 91; 2.4s elapsed, 2.1s avg, 1.9e+02s total. Expected time remaining: 2.3e+02s
2020-07-29 15:13:22,782 - root - INFO - #91 MAX:accuracy.mean: 0.72
2020-07-29 15:13:22,823 - root - DEBUG - Sampled weight [0.70230513 1.17513479 0.96070374 1.06215338 2.16300382]
2020-07-29 15:13:23,897 - root - DEBUG - Updating hall of fame
2020-07-29 15:13:24,473 - root - INFO - Completed generation 92; 1.7s elapsed, 2.1s avg, 2e+02s total. Expected time remaining: 2.3e+02s
2020-07-29 15:13:24,527 - root - INFO - #92 MAX:accuracy.mean: 0.72
2020-07-29 15:13:24,568 - root - DEBUG - Sampled weight [0.80235257 1.44584079 0.67849263 0.96140699 0.80557751]
2020-07-29 15:13:25,651 - root - DEBUG - Updating hall of fame
2020-07-29 15:13:26,951 - root - INFO - Completed generation 93; 2.4s elapsed, 2.1s avg, 2e+02s total. Expected time remaining: 2.3e+02s
2020-07-29 15:13:27,006 - root - INFO - #93 MAX:accuracy.mean: 0.77
2020-07-29 15:13:27,048 - root - DEBUG - Sampled weight [0.49926089 0.69354603 0.41084352 1.75195006 0.9711428 ]
2020-07-29 15:13:28,128 - root - DEBUG - Updating hall of fame
2020-07-29 15:13:29,238 - root - INFO - Completed generation 94; 2.2s elapsed, 2.1s avg, 2e+02s total. Expected time remaining: 2.3e+02s
2020-07-29 15:13:29,293 - root - INFO - #94 MAX:accuracy.mean: 0.74
2020-07-29 15:13:29,335 - root - DEBUG - Sampled weight [4.1778597  0.83776281 1.27174072 0.63970371 0.4673156 ]
2020-07-29 15:13:30,411 - root - DEBUG - Updating hall of fame
2020-07-29 15:13:30,777 - root - INFO - Completed generation 95; 1.5s elapsed, 2.1s avg, 2e+02s total. Expected time remaining: 2.2e+02s
2020-07-29 15:13:30,832 - root - INFO - #95 MAX:accuracy.mean: 0.73
2020-07-29 15:13:30,871 - root - DEBUG - Sampled weight [1.23246547 0.93746302 1.2294448  0.84037745 1.20123581]
2020-07-29 15:13:31,935 - root - DEBUG - Updating hall of fame
2020-07-29 15:13:32,671 - root - INFO - Completed generation 96; 1.8s elapsed, 2.1s avg, 2e+02s total. Expected time remaining: 2.2e+02s
2020-07-29 15:13:32,726 - root - INFO - #96 MAX:accuracy.mean: 0.8
2020-07-29 15:13:32,766 - root - DEBUG - Sampled weight [0.47932195 0.3546317  1.41695843 0.76700726 1.76291219]
2020-07-29 15:13:33,847 - root - DEBUG - Updating hall of fame
2020-07-29 15:13:34,591 - root - INFO - Completed generation 97; 1.9s elapsed, 2.1s avg, 2.1e+02s total. Expected time remaining: 2.2e+02s
2020-07-29 15:13:34,645 - root - INFO - #97 MAX:accuracy.mean: 0.66
2020-07-29 15:13:34,686 - root - DEBUG - Sampled weight [1.04845125 1.48265159 0.64627099 0.73226154 2.30754326]
2020-07-29 15:13:35,767 - root - DEBUG - Updating hall of fame
2020-07-29 15:13:36,318 - root - INFO - Completed generation 98; 1.7s elapsed, 2.1s avg, 2.1e+02s total. Expected time remaining: 2.2e+02s
2020-07-29 15:13:36,372 - root - INFO - #98 MAX:accuracy.mean: 0.7
2020-07-29 15:13:36,413 - root - DEBUG - Sampled weight [0.98787564 1.05211487 1.29720741 0.91478152 1.06766313]
2020-07-29 15:13:37,479 - root - DEBUG - Updating hall of fame
2020-07-29 15:13:38,216 - root - INFO - Completed generation 99; 1.8s elapsed, 2.1s avg, 2.1e+02s total. Expected time remaining: 2.1e+02s
2020-07-29 15:13:38,271 - root - INFO - #99 MAX:accuracy.mean: 0.88
2020-07-29 15:13:38,311 - root - DEBUG - Sampled weight [0.64144189 1.38502973 0.64453867 1.29877019 2.18803892]
2020-07-29 15:13:39,382 - root - DEBUG - Updating hall of fame
2020-07-29 15:13:40,121 - root - INFO - Completed generation 100; 1.9s elapsed, 2.1s avg, 2.1e+02s total. Expected time remaining: 2.1e+02s
2020-07-29 15:13:40,176 - root - INFO - #100 MAX:accuracy.mean: 0.76
2020-07-29 15:13:40,292 - root - DEBUG - Sampled weight [2.12080012 1.17624623 0.71592511 2.14419549 1.65135532]
2020-07-29 15:13:41,373 - root - DEBUG - Updating hall of fame
2020-07-29 15:13:42,110 - root - INFO - Completed generation 101; 1.9s elapsed, 2.1s avg, 2.1e+02s total. Expected time remaining: 2.1e+02s
2020-07-29 15:13:42,165 - root - INFO - #101 MAX:accuracy.mean: 0.7
2020-07-29 15:13:42,206 - root - DEBUG - Sampled weight [1.47270616 1.19869509 0.89845505 1.40440097 1.4269834 ]
2020-07-29 15:13:43,283 - root - DEBUG - Updating hall of fame
2020-07-29 15:13:43,659 - root - INFO - Completed generation 102; 1.5s elapsed, 2.1s avg, 2.1e+02s total. Expected time remaining: 2.1e+02s
2020-07-29 15:13:43,713 - root - INFO - #102 MAX:accuracy.mean: 0.76
2020-07-29 15:13:43,755 - root - DEBUG - Sampled weight [0.74924165 0.69712462 1.57134572 0.67220586 0.62103773]
2020-07-29 15:13:44,824 - root - DEBUG - Updating hall of fame
2020-07-29 15:13:45,573 - root - INFO - Completed generation 103; 1.9s elapsed, 2.1s avg, 2.2e+02s total. Expected time remaining: 2e+02s
2020-07-29 15:13:45,627 - root - INFO - #103 MAX:accuracy.mean: 0.83
2020-07-29 15:13:45,667 - root - DEBUG - Sampled weight [0.77658773 1.24627031 1.46951227 1.54142596 0.49513955]
2020-07-29 15:13:46,746 - root - DEBUG - Updating hall of fame
2020-07-29 15:13:47,488 - root - INFO - Completed generation 104; 1.9s elapsed, 2.1s avg, 2.2e+02s total. Expected time remaining: 2e+02s
2020-07-29 15:13:47,542 - root - INFO - #104 MAX:accuracy.mean: 0.72
2020-07-29 15:13:47,584 - root - DEBUG - Sampled weight [0.9723905  2.72046586 0.88219828 1.27501839 0.87962216]
2020-07-29 15:13:48,656 - root - DEBUG - Updating hall of fame
2020-07-29 15:13:49,231 - root - INFO - Completed generation 105; 1.7s elapsed, 2.1s avg, 2.2e+02s total. Expected time remaining: 2e+02s
2020-07-29 15:13:49,286 - root - INFO - #105 MAX:accuracy.mean: 0.71
2020-07-29 15:13:49,326 - root - DEBUG - Sampled weight [0.87899922 1.00376221 0.74897292 0.70059656 2.72550376]
2020-07-29 15:13:50,405 - root - DEBUG - Updating hall of fame
2020-07-29 15:13:50,975 - root - INFO - Completed generation 106; 1.7s elapsed, 2.1s avg, 2.2e+02s total. Expected time remaining: 2e+02s
2020-07-29 15:13:51,029 - root - INFO - #106 MAX:accuracy.mean: 0.71
2020-07-29 15:13:51,070 - root - DEBUG - Sampled weight [0.71669527 1.53177056 0.72177597 0.63991322 0.96841775]
2020-07-29 15:13:52,146 - root - DEBUG - Updating hall of fame
2020-07-29 15:13:53,081 - root - INFO - Completed generation 107; 2.1s elapsed, 2.1s avg, 2.2e+02s total. Expected time remaining: 1.9e+02s
2020-07-29 15:13:53,136 - root - INFO - #107 MAX:accuracy.mean: 0.83
2020-07-29 15:13:53,176 - root - DEBUG - Sampled weight [1.00354486 2.31545427 1.24981158 0.88073788 1.31232024]
2020-07-29 15:13:54,253 - root - DEBUG - Updating hall of fame
2020-07-29 15:13:54,996 - root - INFO - Completed generation 108; 1.9s elapsed, 2.1s avg, 2.2e+02s total. Expected time remaining: 1.9e+02s
2020-07-29 15:13:55,050 - root - INFO - #108 MAX:accuracy.mean: 0.74
2020-07-29 15:13:55,092 - root - DEBUG - Sampled weight [1.20095126 0.9699756  0.73628301 1.19152331 0.69457392]
2020-07-29 15:13:56,166 - root - DEBUG - Updating hall of fame
2020-07-29 15:13:56,730 - root - INFO - Completed generation 109; 1.7s elapsed, 2.1s avg, 2.3e+02s total. Expected time remaining: 1.9e+02s
2020-07-29 15:13:56,785 - root - INFO - #109 MAX:accuracy.mean: 0.81
2020-07-29 15:13:56,826 - root - DEBUG - Sampled weight [0.52075145 1.47497753 1.88217858 0.56407247 0.96706018]
2020-07-29 15:13:57,902 - root - DEBUG - Updating hall of fame
2020-07-29 15:13:58,826 - root - INFO - Completed generation 110; 2.0s elapsed, 2.1s avg, 2.3e+02s total. Expected time remaining: 1.9e+02s
2020-07-29 15:13:58,881 - root - INFO - #110 MAX:accuracy.mean: 0.73
2020-07-29 15:13:58,999 - root - DEBUG - Sampled weight [3.50482382 0.67875936 1.24635151 2.21865211 0.70929665]
2020-07-29 15:14:00,072 - root - DEBUG - Updating hall of fame
2020-07-29 15:14:00,813 - root - INFO - Completed generation 111; 1.9s elapsed, 2.1s avg, 2.3e+02s total. Expected time remaining: 1.8e+02s
2020-07-29 15:14:00,867 - root - INFO - #111 MAX:accuracy.mean: 0.78
2020-07-29 15:14:00,909 - root - DEBUG - Sampled weight [1.04714485 1.21842659 0.64396674 0.50677628 1.24655795]
2020-07-29 15:14:02,031 - root - DEBUG - Updating hall of fame
2020-07-29 15:14:03,166 - root - INFO - Completed generation 112; 2.3s elapsed, 2.1s avg, 2.3e+02s total. Expected time remaining: 1.8e+02s
2020-07-29 15:14:03,220 - root - INFO - #112 MAX:accuracy.mean: 0.81
2020-07-29 15:14:03,263 - root - DEBUG - Sampled weight [0.47810842 1.04147605 2.18368324 1.08716398 1.18184987]
2020-07-29 15:14:04,413 - root - DEBUG - Updating hall of fame
2020-07-29 15:14:05,605 - root - INFO - Completed generation 113; 2.4s elapsed, 2.1s avg, 2.4e+02s total. Expected time remaining: 1.8e+02s
2020-07-29 15:14:05,663 - root - INFO - #113 MAX:accuracy.mean: 0.75
2020-07-29 15:14:05,705 - root - DEBUG - Sampled weight [0.80115359 0.731208   0.6710714  1.2376085  1.69942888]
2020-07-29 15:14:06,860 - root - DEBUG - Updating hall of fame
2020-07-29 15:14:07,474 - root - INFO - Completed generation 114; 1.8s elapsed, 2.1s avg, 2.4e+02s total. Expected time remaining: 1.8e+02s
2020-07-29 15:14:07,531 - root - INFO - #114 MAX:accuracy.mean: 0.8
2020-07-29 15:14:07,574 - root - DEBUG - Sampled weight [1.33213968 1.22823819 0.37344307 1.03895156 0.38348128]
2020-07-29 15:14:08,703 - root - DEBUG - Updating hall of fame
2020-07-29 15:14:09,461 - root - INFO - Completed generation 115; 1.9s elapsed, 2.1s avg, 2.4e+02s total. Expected time remaining: 1.8e+02s
2020-07-29 15:14:09,518 - root - INFO - #115 MAX:accuracy.mean: 0.72
2020-07-29 15:14:09,560 - root - DEBUG - Sampled weight [0.81886663 0.53461671 1.92475247 1.11100684 1.32414311]
2020-07-29 15:14:10,669 - root - DEBUG - Updating hall of fame
2020-07-29 15:14:11,252 - root - INFO - Completed generation 116; 1.7s elapsed, 2.1s avg, 2.4e+02s total. Expected time remaining: 1.7e+02s
2020-07-29 15:14:11,307 - root - INFO - #116 MAX:accuracy.mean: 0.77
2020-07-29 15:14:11,348 - root - DEBUG - Sampled weight [1.4290199  1.14801079 1.24415844 0.48368088 1.76136178]
2020-07-29 15:14:12,446 - root - DEBUG - Updating hall of fame
2020-07-29 15:14:13,032 - root - INFO - Completed generation 117; 1.7s elapsed, 2.1s avg, 2.4e+02s total. Expected time remaining: 1.7e+02s
2020-07-29 15:14:13,087 - root - INFO - #117 MAX:accuracy.mean: 0.8
2020-07-29 15:14:13,128 - root - DEBUG - Sampled weight [0.90003667 1.50876482 0.95254323 1.28133095 1.70001899]
2020-07-29 15:14:14,232 - root - DEBUG - Updating hall of fame
2020-07-29 15:14:14,814 - root - INFO - Completed generation 118; 1.7s elapsed, 2.1s avg, 2.4e+02s total. Expected time remaining: 1.7e+02s
2020-07-29 15:14:14,868 - root - INFO - #118 MAX:accuracy.mean: 0.91
2020-07-29 15:14:14,909 - root - DEBUG - Sampled weight [1.04098927 1.51795589 2.80361371 0.77033715 2.91279525]
2020-07-29 15:14:16,009 - root - DEBUG - Updating hall of fame
2020-07-29 15:14:16,200 - root - INFO - Completed generation 119; 1.3s elapsed, 2.1s avg, 2.5e+02s total. Expected time remaining: 1.7e+02s
2020-07-29 15:14:16,254 - root - INFO - #119 MAX:accuracy.mean: 0.71
2020-07-29 15:14:16,296 - root - DEBUG - Sampled weight [0.75590128 1.63128037 0.66082184 1.03848103 0.67231861]
2020-07-29 15:14:17,392 - root - DEBUG - Updating hall of fame
2020-07-29 15:14:17,579 - root - INFO - Completed generation 120; 1.3s elapsed, 2.1s avg, 2.5e+02s total. Expected time remaining: 1.6e+02s
2020-07-29 15:14:17,633 - root - INFO - #120 MAX:accuracy.mean: 0.73
2020-07-29 15:14:17,731 - root - DEBUG - Sampled weight [1.22060166 0.77463809 0.55673994 0.70914397 1.07122762]
2020-07-29 15:14:18,836 - root - DEBUG - Updating hall of fame
2020-07-29 15:14:19,587 - root - INFO - Completed generation 121; 1.9s elapsed, 2.1s avg, 2.5e+02s total. Expected time remaining: 1.6e+02s
2020-07-29 15:14:19,641 - root - INFO - #121 MAX:accuracy.mean: 0.73
2020-07-29 15:14:19,682 - root - DEBUG - Sampled weight [0.72811205 1.72199133 1.48426524 0.93041515 1.28694939]
2020-07-29 15:14:20,782 - root - DEBUG - Updating hall of fame
2020-07-29 15:14:21,166 - root - INFO - Completed generation 122; 1.5s elapsed, 2.1s avg, 2.5e+02s total. Expected time remaining: 1.6e+02s
2020-07-29 15:14:21,220 - root - INFO - #122 MAX:accuracy.mean: 0.8
2020-07-29 15:14:21,262 - root - DEBUG - Sampled weight [1.22252101 0.4802504  1.30292003 0.39893524 1.61363501]
2020-07-29 15:14:22,362 - root - DEBUG - Updating hall of fame
2020-07-29 15:14:23,100 - root - INFO - Completed generation 123; 1.9s elapsed, 2.0s avg, 2.5e+02s total. Expected time remaining: 1.6e+02s
2020-07-29 15:14:23,155 - root - INFO - #123 MAX:accuracy.mean: 0.7
2020-07-29 15:14:23,197 - root - DEBUG - Sampled weight [0.68902204 0.62530357 0.34852676 1.91395911 0.42217912]
2020-07-29 15:14:24,294 - root - DEBUG - Updating hall of fame
2020-07-29 15:14:24,477 - root - INFO - Completed generation 124; 1.3s elapsed, 2.0s avg, 2.5e+02s total. Expected time remaining: 1.6e+02s
2020-07-29 15:14:24,531 - root - INFO - #124 MAX:accuracy.mean: 0.76
2020-07-29 15:14:24,573 - root - DEBUG - Sampled weight [0.84792    0.588257   0.91654338 1.67026756 1.80662499]
2020-07-29 15:14:25,670 - root - DEBUG - Updating hall of fame
2020-07-29 15:14:26,410 - root - INFO - Completed generation 125; 1.9s elapsed, 2.0s avg, 2.6e+02s total. Expected time remaining: 1.5e+02s
2020-07-29 15:14:26,465 - root - INFO - #125 MAX:accuracy.mean: 0.8
2020-07-29 15:14:26,506 - root - DEBUG - Sampled weight [0.75888849 0.75670121 0.92182742 1.13865839 0.78352689]
2020-07-29 15:14:27,599 - root - DEBUG - Updating hall of fame
2020-07-29 15:14:27,785 - root - INFO - Completed generation 126; 1.3s elapsed, 2.0s avg, 2.6e+02s total. Expected time remaining: 1.5e+02s
2020-07-29 15:14:27,839 - root - INFO - #126 MAX:accuracy.mean: 0.8
2020-07-29 15:14:27,881 - root - DEBUG - Sampled weight [1.89828805 1.96700149 0.37385651 0.98479951 0.62446389]
2020-07-29 15:14:28,964 - root - DEBUG - Updating hall of fame
2020-07-29 15:14:29,526 - root - INFO - Completed generation 127; 1.7s elapsed, 2.0s avg, 2.6e+02s total. Expected time remaining: 1.5e+02s
2020-07-29 15:14:29,580 - root - INFO - #127 MAX:accuracy.mean: 0.73
2020-07-29 15:14:29,622 - root - DEBUG - Sampled weight [1.34736822 0.60525481 0.83086028 0.88223765 0.70184056]
2020-07-29 15:14:30,717 - root - DEBUG - Updating hall of fame
2020-07-29 15:14:31,263 - root - INFO - Completed generation 128; 1.7s elapsed, 2.0s avg, 2.6e+02s total. Expected time remaining: 1.5e+02s
2020-07-29 15:14:31,317 - root - INFO - #128 MAX:accuracy.mean: 0.79
2020-07-29 15:14:31,360 - root - DEBUG - Sampled weight [0.86845697 1.81261918 0.72664142 1.89823308 0.69502521]
2020-07-29 15:14:32,454 - root - DEBUG - Updating hall of fame
2020-07-29 15:14:32,649 - root - INFO - Completed generation 129; 1.3s elapsed, 2.0s avg, 2.6e+02s total. Expected time remaining: 1.4e+02s
2020-07-29 15:14:32,707 - root - INFO - #129 MAX:accuracy.mean: 0.77
2020-07-29 15:14:32,750 - root - DEBUG - Sampled weight [1.42549113 0.53891163 1.68469058 1.03002411 2.18812184]
2020-07-29 15:14:33,913 - root - DEBUG - Updating hall of fame
2020-07-29 15:14:34,479 - root - INFO - Completed generation 130; 1.8s elapsed, 2.0s avg, 2.6e+02s total. Expected time remaining: 1.4e+02s
2020-07-29 15:14:34,533 - root - INFO - #130 MAX:accuracy.mean: 0.73
2020-07-29 15:14:34,645 - root - DEBUG - Sampled weight [1.89252585 1.04975081 1.63445534 1.08150526 1.28687708]
2020-07-29 15:14:35,736 - root - DEBUG - Updating hall of fame
2020-07-29 15:14:36,293 - root - INFO - Completed generation 131; 1.7s elapsed, 2.0s avg, 2.6e+02s total. Expected time remaining: 1.4e+02s
2020-07-29 15:14:36,347 - root - INFO - #131 MAX:accuracy.mean: 0.92
2020-07-29 15:14:36,390 - root - DEBUG - Sampled weight [1.74900673 0.79575996 1.03029901 0.4968757  0.44997374]
2020-07-29 15:14:37,484 - root - DEBUG - Updating hall of fame
2020-07-29 15:14:37,858 - root - INFO - Completed generation 132; 1.5s elapsed, 2.0s avg, 2.7e+02s total. Expected time remaining: 1.4e+02s
2020-07-29 15:14:37,913 - root - INFO - #132 MAX:accuracy.mean: 0.75
2020-07-29 15:14:37,956 - root - DEBUG - Sampled weight [1.20798313 0.93530349 1.9498474  0.47447278 1.1958643 ]
2020-07-29 15:14:39,052 - root - DEBUG - Updating hall of fame
2020-07-29 15:14:39,819 - root - INFO - Completed generation 133; 1.9s elapsed, 2.0s avg, 2.7e+02s total. Expected time remaining: 1.4e+02s
2020-07-29 15:14:39,873 - root - INFO - #133 MAX:accuracy.mean: 0.75
2020-07-29 15:14:39,914 - root - DEBUG - Sampled weight [1.28531333 1.18124606 1.00359228 1.23858154 0.7783428 ]
2020-07-29 15:14:41,011 - root - DEBUG - Updating hall of fame
2020-07-29 15:14:41,561 - root - INFO - Completed generation 134; 1.7s elapsed, 2.0s avg, 2.7e+02s total. Expected time remaining: 1.3e+02s
2020-07-29 15:14:41,615 - root - INFO - #134 MAX:accuracy.mean: 0.88
2020-07-29 15:14:41,657 - root - DEBUG - Sampled weight [0.67531939 1.02401294 1.3181753  0.79262527 1.37317308]
2020-07-29 15:14:42,754 - root - DEBUG - Updating hall of fame
2020-07-29 15:14:43,695 - root - INFO - Completed generation 135; 2.1s elapsed, 2.0s avg, 2.7e+02s total. Expected time remaining: 1.3e+02s
2020-07-29 15:14:43,751 - root - INFO - #135 MAX:accuracy.mean: 0.79
2020-07-29 15:14:43,792 - root - DEBUG - Sampled weight [0.62322113 0.46704488 0.47085066 0.67139724 0.43717192]
2020-07-29 15:14:44,895 - root - DEBUG - Updating hall of fame
2020-07-29 15:14:45,452 - root - INFO - Completed generation 136; 1.7s elapsed, 2.0s avg, 2.7e+02s total. Expected time remaining: 1.3e+02s
2020-07-29 15:14:45,507 - root - INFO - #136 MAX:accuracy.mean: 0.69
2020-07-29 15:14:45,548 - root - DEBUG - Sampled weight [0.25824161 0.9443276  0.77392925 1.17769444 0.9268877 ]
2020-07-29 15:14:46,646 - root - DEBUG - Updating hall of fame
2020-07-29 15:14:46,831 - root - INFO - Completed generation 137; 1.3s elapsed, 2.0s avg, 2.7e+02s total. Expected time remaining: 1.3e+02s
2020-07-29 15:14:46,887 - root - INFO - #137 MAX:accuracy.mean: 0.76
2020-07-29 15:14:46,930 - root - DEBUG - Sampled weight [2.06202415 0.82203972 0.55921913 0.74986688 0.68105142]
2020-07-29 15:14:48,045 - root - DEBUG - Updating hall of fame
2020-07-29 15:14:48,998 - root - INFO - Completed generation 138; 2.1s elapsed, 2.0s avg, 2.8e+02s total. Expected time remaining: 1.2e+02s
2020-07-29 15:14:49,052 - root - INFO - #138 MAX:accuracy.mean: 0.66
2020-07-29 15:14:49,094 - root - DEBUG - Sampled weight [0.83161354 2.59472916 0.5277053  0.52349436 1.03820104]
2020-07-29 15:14:50,191 - root - DEBUG - Updating hall of fame
2020-07-29 15:14:50,738 - root - INFO - Completed generation 139; 1.7s elapsed, 2.0s avg, 2.8e+02s total. Expected time remaining: 1.2e+02s
2020-07-29 15:14:50,793 - root - INFO - #139 MAX:accuracy.mean: 0.67
2020-07-29 15:14:50,835 - root - DEBUG - Sampled weight [0.69549998 0.57896518 0.69922528 1.16121995 0.91782633]
2020-07-29 15:14:51,922 - root - DEBUG - Updating hall of fame
2020-07-29 15:14:52,493 - root - INFO - Completed generation 140; 1.7s elapsed, 2.0s avg, 2.8e+02s total. Expected time remaining: 1.2e+02s
2020-07-29 15:14:52,547 - root - INFO - #140 MAX:accuracy.mean: 0.72
2020-07-29 15:14:52,653 - root - DEBUG - Sampled weight [1.15434688 1.29788944 2.09966107 0.90089832 1.01204728]
2020-07-29 15:14:53,738 - root - DEBUG - Updating hall of fame
2020-07-29 15:14:54,479 - root - INFO - Completed generation 141; 1.9s elapsed, 2.0s avg, 2.8e+02s total. Expected time remaining: 1.2e+02s
2020-07-29 15:14:54,533 - root - INFO - #141 MAX:accuracy.mean: 0.8
2020-07-29 15:14:54,574 - root - DEBUG - Sampled weight [1.77355441 0.54127261 1.01416055 0.44554057 0.9428876 ]
2020-07-29 15:14:55,661 - root - DEBUG - Updating hall of fame
2020-07-29 15:14:56,776 - root - INFO - Completed generation 142; 2.2s elapsed, 2.0s avg, 2.8e+02s total. Expected time remaining: 1.2e+02s
2020-07-29 15:14:56,831 - root - INFO - #142 MAX:accuracy.mean: 0.68
2020-07-29 15:14:56,872 - root - DEBUG - Sampled weight [0.6918992  0.54575713 2.2662071  0.67889864 0.5754717 ]
2020-07-29 15:14:57,979 - root - DEBUG - Updating hall of fame
2020-07-29 15:14:58,920 - root - INFO - Completed generation 143; 2.1s elapsed, 2.0s avg, 2.9e+02s total. Expected time remaining: 1.1e+02s
2020-07-29 15:14:58,975 - root - INFO - #143 MAX:accuracy.mean: 0.76
2020-07-29 15:14:59,017 - root - DEBUG - Sampled weight [0.71255074 0.55983906 0.63296876 0.79736092 0.69805289]
2020-07-29 15:15:00,108 - root - DEBUG - Updating hall of fame
2020-07-29 15:15:00,664 - root - INFO - Completed generation 144; 1.7s elapsed, 2.0s avg, 2.9e+02s total. Expected time remaining: 1.1e+02s
2020-07-29 15:15:00,719 - root - INFO - #144 MAX:accuracy.mean: 0.82
2020-07-29 15:15:00,760 - root - DEBUG - Sampled weight [2.57312733 2.06250942 1.30074693 1.05994791 0.95984439]
2020-07-29 15:15:01,854 - root - DEBUG - Updating hall of fame
2020-07-29 15:15:02,610 - root - INFO - Completed generation 145; 1.9s elapsed, 2.0s avg, 2.9e+02s total. Expected time remaining: 1.1e+02s
2020-07-29 15:15:02,665 - root - INFO - #145 MAX:accuracy.mean: 0.75
2020-07-29 15:15:02,706 - root - DEBUG - Sampled weight [1.09245893 1.13525956 0.46648178 1.42841818 1.72930746]
2020-07-29 15:15:03,792 - root - DEBUG - Updating hall of fame
2020-07-29 15:15:03,983 - root - INFO - Completed generation 146; 1.3s elapsed, 2.0s avg, 2.9e+02s total. Expected time remaining: 1.1e+02s
2020-07-29 15:15:04,037 - root - INFO - #146 MAX:accuracy.mean: 0.73
2020-07-29 15:15:04,078 - root - DEBUG - Sampled weight [1.90095364 1.46399171 0.80049199 0.75800531 3.2903318 ]
2020-07-29 15:15:05,168 - root - DEBUG - Updating hall of fame
2020-07-29 15:15:05,743 - root - INFO - Completed generation 147; 1.7s elapsed, 2.0s avg, 2.9e+02s total. Expected time remaining: 1.1e+02s
2020-07-29 15:15:05,797 - root - INFO - #147 MAX:accuracy.mean: 0.72
2020-07-29 15:15:05,839 - root - DEBUG - Sampled weight [0.63755965 1.27151371 1.97989557 0.80339384 0.67577249]
2020-07-29 15:15:06,925 - root - DEBUG - Updating hall of fame
2020-07-29 15:15:07,660 - root - INFO - Completed generation 148; 1.9s elapsed, 2.0s avg, 3e+02s total. Expected time remaining: 1e+02s
2020-07-29 15:15:07,715 - root - INFO - #148 MAX:accuracy.mean: 0.7
2020-07-29 15:15:07,757 - root - DEBUG - Sampled weight [2.4967699  0.73084626 1.36276599 1.11479651 0.64340188]
2020-07-29 15:15:08,846 - root - DEBUG - Updating hall of fame
2020-07-29 15:15:09,405 - root - INFO - Completed generation 149; 1.7s elapsed, 2.0s avg, 3e+02s total. Expected time remaining: 1e+02s
2020-07-29 15:15:09,459 - root - INFO - #149 MAX:accuracy.mean: 0.69
2020-07-29 15:15:09,501 - root - DEBUG - Sampled weight [0.26421258 1.67162241 4.16875757 1.28694608 1.2478513 ]
2020-07-29 15:15:10,587 - root - DEBUG - Updating hall of fame
2020-07-29 15:15:11,324 - root - INFO - Completed generation 150; 1.9s elapsed, 2.0s avg, 3e+02s total. Expected time remaining: 1e+02s
2020-07-29 15:15:11,378 - root - INFO - #150 MAX:accuracy.mean: 0.74
2020-07-29 15:15:11,482 - root - DEBUG - Sampled weight [0.72255388 1.17856932 0.57548832 0.28115281 0.79506545]
2020-07-29 15:15:12,572 - root - DEBUG - Updating hall of fame
2020-07-29 15:15:12,757 - root - INFO - Completed generation 151; 1.3s elapsed, 2.0s avg, 3e+02s total. Expected time remaining: 9.7e+01s
2020-07-29 15:15:12,811 - root - INFO - #151 MAX:accuracy.mean: 0.75
2020-07-29 15:15:12,853 - root - DEBUG - Sampled weight [0.93030409 1.54023295 0.74040222 1.20889839 1.0701131 ]
2020-07-29 15:15:13,947 - root - DEBUG - Updating hall of fame
2020-07-29 15:15:14,889 - root - INFO - Completed generation 152; 2.1s elapsed, 2.0s avg, 3e+02s total. Expected time remaining: 9.5e+01s
2020-07-29 15:15:14,943 - root - INFO - #152 MAX:accuracy.mean: 0.82
2020-07-29 15:15:14,986 - root - DEBUG - Sampled weight [1.84276822 1.41334692 1.03642126 1.58004992 1.25789992]
2020-07-29 15:15:16,075 - root - DEBUG - Updating hall of fame
2020-07-29 15:15:16,267 - root - INFO - Completed generation 153; 1.3s elapsed, 2.0s avg, 3e+02s total. Expected time remaining: 9.3e+01s
2020-07-29 15:15:16,321 - root - INFO - #153 MAX:accuracy.mean: 0.82
2020-07-29 15:15:16,364 - root - DEBUG - Sampled weight [1.3951666  1.69410528 1.21731521 1.0744918  0.98294627]
2020-07-29 15:15:17,455 - root - DEBUG - Updating hall of fame
2020-07-29 15:15:18,011 - root - INFO - Completed generation 154; 1.7s elapsed, 2.0s avg, 3.1e+02s total. Expected time remaining: 9.1e+01s
2020-07-29 15:15:18,066 - root - INFO - #154 MAX:accuracy.mean: 0.87
2020-07-29 15:15:18,106 - root - DEBUG - Sampled weight [0.58638304 0.85628913 1.15176664 1.05541613 0.91802854]
2020-07-29 15:15:19,205 - root - DEBUG - Updating hall of fame
2020-07-29 15:15:19,963 - root - INFO - Completed generation 155; 1.9s elapsed, 2.0s avg, 3.1e+02s total. Expected time remaining: 8.9e+01s
2020-07-29 15:15:20,018 - root - INFO - #155 MAX:accuracy.mean: 0.79
2020-07-29 15:15:20,058 - root - DEBUG - Sampled weight [1.84422884 1.330396   1.33238358 1.1529641  1.35632034]
2020-07-29 15:15:21,141 - root - DEBUG - Updating hall of fame
2020-07-29 15:15:21,884 - root - INFO - Completed generation 156; 1.9s elapsed, 2.0s avg, 3.1e+02s total. Expected time remaining: 8.7e+01s
2020-07-29 15:15:21,939 - root - INFO - #156 MAX:accuracy.mean: 0.82
2020-07-29 15:15:21,981 - root - DEBUG - Sampled weight [1.08737878 1.31617375 1.42859887 1.77307112 0.86904971]
2020-07-29 15:15:23,065 - root - DEBUG - Updating hall of fame
2020-07-29 15:15:23,431 - root - INFO - Completed generation 157; 1.5s elapsed, 2.0s avg, 3.1e+02s total. Expected time remaining: 8.5e+01s
2020-07-29 15:15:23,486 - root - INFO - #157 MAX:accuracy.mean: 0.81
2020-07-29 15:15:23,527 - root - DEBUG - Sampled weight [1.17945872 1.24458681 0.94341723 0.63716569 1.93116334]
2020-07-29 15:15:24,606 - root - DEBUG - Updating hall of fame
2020-07-29 15:15:24,979 - root - INFO - Completed generation 158; 1.5s elapsed, 2.0s avg, 3.1e+02s total. Expected time remaining: 8.3e+01s
2020-07-29 15:15:25,034 - root - INFO - #158 MAX:accuracy.mean: 0.76
2020-07-29 15:15:25,075 - root - DEBUG - Sampled weight [2.07087439 0.84817862 0.94990032 0.63530711 0.29997359]
2020-07-29 15:15:26,153 - root - DEBUG - Updating hall of fame
2020-07-29 15:15:26,694 - root - INFO - Completed generation 159; 1.7s elapsed, 2.0s avg, 3.1e+02s total. Expected time remaining: 8.1e+01s
2020-07-29 15:15:26,751 - root - INFO - #159 MAX:accuracy.mean: 0.71
2020-07-29 15:15:26,792 - root - DEBUG - Sampled weight [0.88358195 0.67182152 0.74586845 1.02912179 0.41671273]
2020-07-29 15:15:27,868 - root - DEBUG - Updating hall of fame
2020-07-29 15:15:28,235 - root - INFO - Completed generation 160; 1.5s elapsed, 2.0s avg, 3.1e+02s total. Expected time remaining: 7.9e+01s
2020-07-29 15:15:28,289 - root - INFO - #160 MAX:accuracy.mean: 0.76
2020-07-29 15:15:28,400 - root - DEBUG - Sampled weight [0.47961562 0.72342195 1.36531559 1.13988515 1.27682466]
2020-07-29 15:15:29,480 - root - DEBUG - Updating hall of fame
2020-07-29 15:15:29,859 - root - INFO - Completed generation 161; 1.5s elapsed, 2.0s avg, 3.2e+02s total. Expected time remaining: 7.7e+01s
2020-07-29 15:15:29,914 - root - INFO - #161 MAX:accuracy.mean: 0.71
2020-07-29 15:15:29,955 - root - DEBUG - Sampled weight [1.66156815 0.43707402 0.59702189 1.47570439 0.53661037]
2020-07-29 15:15:31,039 - root - DEBUG - Updating hall of fame
2020-07-29 15:15:31,588 - root - INFO - Completed generation 162; 1.7s elapsed, 2.0s avg, 3.2e+02s total. Expected time remaining: 7.5e+01s
2020-07-29 15:15:31,642 - root - INFO - #162 MAX:accuracy.mean: 0.79
2020-07-29 15:15:31,683 - root - DEBUG - Sampled weight [0.65873198 1.27197331 1.30308948 1.17118966 0.94278366]
2020-07-29 15:15:32,762 - root - DEBUG - Updating hall of fame
2020-07-29 15:15:32,944 - root - INFO - Completed generation 163; 1.3s elapsed, 2.0s avg, 3.2e+02s total. Expected time remaining: 7.3e+01s
2020-07-29 15:15:32,998 - root - INFO - #163 MAX:accuracy.mean: 0.83
2020-07-29 15:15:33,040 - root - DEBUG - Sampled weight [1.58624468 0.38862604 1.80869414 1.32755816 1.03833195]
2020-07-29 15:15:34,135 - root - DEBUG - Updating hall of fame
2020-07-29 15:15:34,887 - root - INFO - Completed generation 164; 1.9s elapsed, 2.0s avg, 3.2e+02s total. Expected time remaining: 7.1e+01s
2020-07-29 15:15:34,942 - root - INFO - #164 MAX:accuracy.mean: 0.79
2020-07-29 15:15:34,983 - root - DEBUG - Sampled weight [1.4882345  0.27780297 1.46178265 1.52650572 0.68960233]
2020-07-29 15:15:36,081 - root - DEBUG - Updating hall of fame
2020-07-29 15:15:36,447 - root - INFO - Completed generation 165; 1.5s elapsed, 2.0s avg, 3.2e+02s total. Expected time remaining: 6.8e+01s
2020-07-29 15:15:36,501 - root - INFO - #165 MAX:accuracy.mean: 0.71
2020-07-29 15:15:36,542 - root - DEBUG - Sampled weight [1.75228161 1.37297891 0.98452455 1.44635453 1.20810327]
2020-07-29 15:15:37,631 - root - DEBUG - Updating hall of fame
2020-07-29 15:15:38,005 - root - INFO - Completed generation 166; 1.5s elapsed, 2.0s avg, 3.2e+02s total. Expected time remaining: 6.6e+01s
2020-07-29 15:15:38,061 - root - INFO - #166 MAX:accuracy.mean: 0.86
2020-07-29 15:15:38,102 - root - DEBUG - Sampled weight [0.55856583 1.09969671 1.31209061 1.37214165 2.32500063]
2020-07-29 15:15:39,196 - root - DEBUG - Updating hall of fame
2020-07-29 15:15:39,743 - root - INFO - Completed generation 167; 1.7s elapsed, 2.0s avg, 3.3e+02s total. Expected time remaining: 6.4e+01s
2020-07-29 15:15:39,798 - root - INFO - #167 MAX:accuracy.mean: 0.76
2020-07-29 15:15:39,839 - root - DEBUG - Sampled weight [1.37592684 0.83877167 1.34758144 2.41976295 0.86843404]
2020-07-29 15:15:40,921 - root - DEBUG - Updating hall of fame
2020-07-29 15:15:41,296 - root - INFO - Completed generation 168; 1.5s elapsed, 1.9s avg, 3.3e+02s total. Expected time remaining: 6.2e+01s
2020-07-29 15:15:41,350 - root - INFO - #168 MAX:accuracy.mean: 0.78
2020-07-29 15:15:41,392 - root - DEBUG - Sampled weight [1.55325313 1.76714271 0.61389717 0.9113285  0.67472911]
2020-07-29 15:15:42,484 - root - DEBUG - Updating hall of fame
2020-07-29 15:15:42,666 - root - INFO - Completed generation 169; 1.3s elapsed, 1.9s avg, 3.3e+02s total. Expected time remaining: 6e+01s
2020-07-29 15:15:42,720 - root - INFO - #169 MAX:accuracy.mean: 0.73
2020-07-29 15:15:42,762 - root - DEBUG - Sampled weight [1.03980638 1.23533628 0.60942584 1.0762856  0.9039697 ]
2020-07-29 15:15:43,853 - root - DEBUG - Updating hall of fame
2020-07-29 15:15:44,591 - root - INFO - Completed generation 170; 1.9s elapsed, 1.9s avg, 3.3e+02s total. Expected time remaining: 5.8e+01s
2020-07-29 15:15:44,646 - root - INFO - #170 MAX:accuracy.mean: 0.82
2020-07-29 15:15:44,772 - root - DEBUG - Sampled weight [0.94418809 0.61660402 2.27155311 0.95468933 1.46509043]
2020-07-29 15:15:45,863 - root - DEBUG - Updating hall of fame
2020-07-29 15:15:46,423 - root - INFO - Completed generation 171; 1.7s elapsed, 1.9s avg, 3.3e+02s total. Expected time remaining: 5.6e+01s
2020-07-29 15:15:46,477 - root - INFO - #171 MAX:accuracy.mean: 0.75
2020-07-29 15:15:46,520 - root - DEBUG - Sampled weight [0.84064291 1.0043649  0.92964051 0.76056917 0.60155738]
2020-07-29 15:15:47,632 - root - DEBUG - Updating hall of fame
2020-07-29 15:15:48,205 - root - INFO - Completed generation 172; 1.7s elapsed, 1.9s avg, 3.3e+02s total. Expected time remaining: 5.4e+01s
2020-07-29 15:15:48,259 - root - INFO - #172 MAX:accuracy.mean: 0.76
2020-07-29 15:15:48,301 - root - DEBUG - Sampled weight [1.35959992 0.80185755 0.50923182 1.241042   0.75061371]
2020-07-29 15:15:49,430 - root - DEBUG - Updating hall of fame
2020-07-29 15:15:50,201 - root - INFO - Completed generation 173; 1.9s elapsed, 1.9s avg, 3.4e+02s total. Expected time remaining: 5.2e+01s
2020-07-29 15:15:50,256 - root - INFO - #173 MAX:accuracy.mean: 0.73
2020-07-29 15:15:50,297 - root - DEBUG - Sampled weight [1.15035418 0.88561148 1.54758633 1.67684372 1.59789616]
2020-07-29 15:15:51,462 - root - DEBUG - Updating hall of fame
2020-07-29 15:15:52,255 - root - INFO - Completed generation 174; 2.0s elapsed, 1.9s avg, 3.4e+02s total. Expected time remaining: 5.1e+01s
2020-07-29 15:15:52,313 - root - INFO - #174 MAX:accuracy.mean: 0.88
2020-07-29 15:15:52,358 - root - DEBUG - Sampled weight [1.25209624 0.67767541 1.11897159 0.51769397 1.16523272]
2020-07-29 15:15:53,484 - root - DEBUG - Updating hall of fame
2020-07-29 15:15:53,861 - root - INFO - Completed generation 175; 1.5s elapsed, 1.9s avg, 3.4e+02s total. Expected time remaining: 4.9e+01s
2020-07-29 15:15:53,915 - root - INFO - #175 MAX:accuracy.mean: 0.79
2020-07-29 15:15:53,956 - root - DEBUG - Sampled weight [0.70755086 1.03677265 1.45439351 1.35040548 0.68434471]
2020-07-29 15:15:55,040 - root - DEBUG - Updating hall of fame
2020-07-29 15:15:55,605 - root - INFO - Completed generation 176; 1.7s elapsed, 1.9s avg, 3.4e+02s total. Expected time remaining: 4.7e+01s
2020-07-29 15:15:55,660 - root - INFO - #176 MAX:accuracy.mean: 0.82
2020-07-29 15:15:55,701 - root - DEBUG - Sampled weight [1.07421693 2.93179126 0.33425276 0.41415175 0.58072222]
2020-07-29 15:15:56,783 - root - DEBUG - Updating hall of fame
2020-07-29 15:15:57,349 - root - INFO - Completed generation 177; 1.7s elapsed, 1.9s avg, 3.4e+02s total. Expected time remaining: 4.5e+01s
2020-07-29 15:15:57,403 - root - INFO - #177 MAX:accuracy.mean: 0.7
2020-07-29 15:15:57,445 - root - DEBUG - Sampled weight [0.92815597 1.29324462 0.8551184  0.67558268 1.80288335]
2020-07-29 15:15:58,545 - root - DEBUG - Updating hall of fame
2020-07-29 15:15:58,729 - root - INFO - Completed generation 178; 1.3s elapsed, 1.9s avg, 3.4e+02s total. Expected time remaining: 4.3e+01s
2020-07-29 15:15:58,783 - root - INFO - #178 MAX:accuracy.mean: 0.77
2020-07-29 15:15:58,826 - root - DEBUG - Sampled weight [0.85640165 1.04201614 2.20404194 1.43731192 1.74772874]
2020-07-29 15:15:59,926 - root - DEBUG - Updating hall of fame
2020-07-29 15:16:00,491 - root - INFO - Completed generation 179; 1.7s elapsed, 1.9s avg, 3.5e+02s total. Expected time remaining: 4.1e+01s
2020-07-29 15:16:00,545 - root - INFO - #179 MAX:accuracy.mean: 0.79
2020-07-29 15:16:00,588 - root - DEBUG - Sampled weight [1.34620639 1.31324601 0.61625535 0.50857946 1.40552104]
2020-07-29 15:16:01,698 - root - DEBUG - Updating hall of fame
2020-07-29 15:16:02,286 - root - INFO - Completed generation 180; 1.7s elapsed, 1.9s avg, 3.5e+02s total. Expected time remaining: 3.9e+01s
2020-07-29 15:16:02,342 - root - INFO - #180 MAX:accuracy.mean: 0.71
2020-07-29 15:16:02,525 - root - DEBUG - Sampled weight [1.74272542 0.51682032 0.72306344 1.17366288 1.6285003 ]
2020-07-29 15:16:03,626 - root - DEBUG - Updating hall of fame
2020-07-29 15:16:03,816 - root - INFO - Completed generation 181; 1.3s elapsed, 1.9s avg, 3.5e+02s total. Expected time remaining: 3.7e+01s
2020-07-29 15:16:03,871 - root - INFO - #181 MAX:accuracy.mean: 0.7
2020-07-29 15:16:03,912 - root - DEBUG - Sampled weight [0.54406824 1.29821708 1.21759287 1.04123862 0.92281358]
2020-07-29 15:16:05,007 - root - DEBUG - Updating hall of fame
2020-07-29 15:16:05,561 - root - INFO - Completed generation 182; 1.7s elapsed, 1.9s avg, 3.5e+02s total. Expected time remaining: 3.5e+01s
2020-07-29 15:16:05,615 - root - INFO - #182 MAX:accuracy.mean: 0.83
2020-07-29 15:16:05,657 - root - DEBUG - Sampled weight [1.94767594 1.19420562 1.36869061 0.87681525 1.18326268]
2020-07-29 15:16:06,744 - root - DEBUG - Updating hall of fame
2020-07-29 15:16:07,680 - root - INFO - Completed generation 183; 2.1s elapsed, 1.9s avg, 3.5e+02s total. Expected time remaining: 3.3e+01s
2020-07-29 15:16:07,735 - root - INFO - #183 MAX:accuracy.mean: 0.87
2020-07-29 15:16:07,778 - root - DEBUG - Sampled weight [0.53456923 2.18839283 1.33067584 1.30693059 0.53446714]
2020-07-29 15:16:08,884 - root - DEBUG - Updating hall of fame
2020-07-29 15:16:09,441 - root - INFO - Completed generation 184; 1.7s elapsed, 1.9s avg, 3.5e+02s total. Expected time remaining: 3.1e+01s
2020-07-29 15:16:09,496 - root - INFO - #184 MAX:accuracy.mean: 0.73
2020-07-29 15:16:09,538 - root - DEBUG - Sampled weight [0.59220708 1.05423969 1.07836882 1.11737048 0.61288182]
2020-07-29 15:16:10,639 - root - DEBUG - Updating hall of fame
2020-07-29 15:16:10,822 - root - INFO - Completed generation 185; 1.3s elapsed, 1.9s avg, 3.6e+02s total. Expected time remaining: 2.9e+01s
2020-07-29 15:16:10,876 - root - INFO - #185 MAX:accuracy.mean: 0.75
2020-07-29 15:16:10,917 - root - DEBUG - Sampled weight [1.15284758 1.32493094 0.65649895 0.58916982 0.60017436]
2020-07-29 15:16:12,004 - root - DEBUG - Updating hall of fame
2020-07-29 15:16:12,751 - root - INFO - Completed generation 186; 1.9s elapsed, 1.9s avg, 3.6e+02s total. Expected time remaining: 2.7e+01s
2020-07-29 15:16:12,805 - root - INFO - #186 MAX:accuracy.mean: 0.81
2020-07-29 15:16:12,845 - root - DEBUG - Sampled weight [0.80524151 0.98552419 1.77136788 0.84344842 0.37448054]
2020-07-29 15:16:13,931 - root - DEBUG - Updating hall of fame
2020-07-29 15:16:14,309 - root - INFO - Completed generation 187; 1.5s elapsed, 1.9s avg, 3.6e+02s total. Expected time remaining: 2.5e+01s
2020-07-29 15:16:14,364 - root - INFO - #187 MAX:accuracy.mean: 0.75
2020-07-29 15:16:14,405 - root - DEBUG - Sampled weight [1.33065107 1.30526366 1.06174929 1.04925269 0.45609886]
2020-07-29 15:16:15,498 - root - DEBUG - Updating hall of fame
2020-07-29 15:16:15,870 - root - INFO - Completed generation 188; 1.5s elapsed, 1.9s avg, 3.6e+02s total. Expected time remaining: 2.3e+01s
2020-07-29 15:16:15,924 - root - INFO - #188 MAX:accuracy.mean: 0.83
2020-07-29 15:16:15,966 - root - DEBUG - Sampled weight [1.06328308 0.97942294 1.87060941 2.60081429 0.84023654]
2020-07-29 15:16:17,067 - root - DEBUG - Updating hall of fame
2020-07-29 15:16:17,631 - root - INFO - Completed generation 189; 1.7s elapsed, 1.9s avg, 3.6e+02s total. Expected time remaining: 2.1e+01s
2020-07-29 15:16:17,685 - root - INFO - #189 MAX:accuracy.mean: 0.81
2020-07-29 15:16:17,726 - root - DEBUG - Sampled weight [1.7028118  0.88479679 1.13793446 0.84874497 0.67381399]
2020-07-29 15:16:18,808 - root - DEBUG - Updating hall of fame
2020-07-29 15:16:19,000 - root - INFO - Completed generation 190; 1.3s elapsed, 1.9s avg, 3.6e+02s total. Expected time remaining: 1.9e+01s
2020-07-29 15:16:19,054 - root - INFO - #190 MAX:accuracy.mean: 0.76
2020-07-29 15:16:19,174 - root - DEBUG - Sampled weight [2.79936309 0.83815459 1.87176487 1.00953146 1.05576183]
2020-07-29 15:16:20,267 - root - DEBUG - Updating hall of fame
2020-07-29 15:16:20,631 - root - INFO - Completed generation 191; 1.5s elapsed, 1.9s avg, 3.7e+02s total. Expected time remaining: 1.7e+01s
2020-07-29 15:16:20,685 - root - INFO - #191 MAX:accuracy.mean: 0.8
2020-07-29 15:16:20,728 - root - DEBUG - Sampled weight [0.83496389 0.99818336 2.2681735  3.31467218 0.56481597]
2020-07-29 15:16:21,829 - root - DEBUG - Updating hall of fame
2020-07-29 15:16:22,196 - root - INFO - Completed generation 192; 1.5s elapsed, 1.9s avg, 3.7e+02s total. Expected time remaining: 1.5e+01s
2020-07-29 15:16:22,251 - root - INFO - #192 MAX:accuracy.mean: 0.71
2020-07-29 15:16:22,293 - root - DEBUG - Sampled weight [2.91242174 0.7122038  1.00863385 1.37099939 1.71768874]
2020-07-29 15:16:23,392 - root - DEBUG - Updating hall of fame
2020-07-29 15:16:23,393 - root - INFO - Completed generation 193; 1.1s elapsed, 1.9s avg, 3.7e+02s total. Expected time remaining: 1.3e+01s
2020-07-29 15:16:23,447 - root - INFO - #193 MAX:accuracy.mean: 0.73
2020-07-29 15:16:23,489 - root - DEBUG - Sampled weight [0.37226371 0.78995992 1.0604453  0.68505479 0.59368391]
2020-07-29 15:16:24,584 - root - DEBUG - Updating hall of fame
2020-07-29 15:16:24,955 - root - INFO - Completed generation 194; 1.5s elapsed, 1.9s avg, 3.7e+02s total. Expected time remaining: 1.1e+01s
2020-07-29 15:16:25,009 - root - INFO - #194 MAX:accuracy.mean: 0.7
2020-07-29 15:16:25,050 - root - DEBUG - Sampled weight [1.07621784 1.10343908 0.97598503 1.14608247 1.64398537]
2020-07-29 15:16:26,153 - root - DEBUG - Updating hall of fame
2020-07-29 15:16:26,529 - root - INFO - Completed generation 195; 1.5s elapsed, 1.9s avg, 3.7e+02s total. Expected time remaining: 9.5s
2020-07-29 15:16:26,584 - root - INFO - #195 MAX:accuracy.mean: 0.93
2020-07-29 15:16:26,625 - root - DEBUG - Sampled weight [0.79425464 0.78679043 0.98996262 1.31468166 1.16826278]
2020-07-29 15:16:27,726 - root - DEBUG - Updating hall of fame
2020-07-29 15:16:28,096 - root - INFO - Completed generation 196; 1.5s elapsed, 1.9s avg, 3.7e+02s total. Expected time remaining: 7.6s
2020-07-29 15:16:28,150 - root - INFO - #196 MAX:accuracy.mean: 0.83
2020-07-29 15:16:28,192 - root - DEBUG - Sampled weight [0.58717054 0.96221256 1.72029444 1.16303163 0.6277167 ]
2020-07-29 15:16:29,287 - root - DEBUG - Updating hall of fame
2020-07-29 15:16:29,851 - root - INFO - Completed generation 197; 1.7s elapsed, 1.9s avg, 3.7e+02s total. Expected time remaining: 5.7s
2020-07-29 15:16:29,906 - root - INFO - #197 MAX:accuracy.mean: 0.77
2020-07-29 15:16:29,947 - root - DEBUG - Sampled weight [1.8812746  0.94914342 1.17864043 0.93988855 0.2803596 ]
2020-07-29 15:16:31,027 - root - DEBUG - Updating hall of fame
2020-07-29 15:16:31,398 - root - INFO - Completed generation 198; 1.5s elapsed, 1.9s avg, 3.8e+02s total. Expected time remaining: 3.8s
2020-07-29 15:16:31,453 - root - INFO - #198 MAX:accuracy.mean: 0.76
2020-07-29 15:16:31,495 - root - DEBUG - Sampled weight [1.20771432 1.13671154 0.79990521 0.89880565 0.97366243]
2020-07-29 15:16:32,612 - root - DEBUG - Updating hall of fame
2020-07-29 15:16:32,817 - root - INFO - Completed generation 199; 1.4s elapsed, 1.9s avg, 3.8e+02s total. Expected time remaining: 1.9s
2020-07-29 15:16:32,875 - root - INFO - #199 MAX:accuracy.mean: 0.93
2020-07-29 15:16:32,920 - root - DEBUG - Sampled weight [0.35874586 1.121906   3.86281661 1.68425831 0.68278465]
2020-07-29 15:16:34,098 - root - DEBUG - Updating hall of fame
2020-07-29 15:16:34,897 - root - INFO - Completed generation 200; 2.0s elapsed, 1.9s avg, 3.8e+02s total. Expected time remaining: 0.0s
2020-07-29 15:16:34,954 - root - INFO - #200 MAX:accuracy.mean: 0.74
2020-07-29 15:16:35,328 - root - DEBUG - Loaded 150 samples.
2020-07-29 15:16:35,333 - root - INFO - Evaluating indivs in hall of fame.
2020-07-29 15:16:37,389 - root - INFO - Completed excution.
