2020-07-18 20:43:02,366 - root - INFO - Package version 0.1.1
2020-07-18 20:43:02,366 - root - INFO - Saving data at /vol/fob-vol1/mi15/plonerma/Lab/rewann/data/2020-07-18_Iris [0, 1, 3, 5, 6, 7, 8, 9, 10]; lognormal 0,0.5; signed: False_000.
2020-07-18 20:43:02,366 - root - DEBUG - Loading training dataset
2020-07-18 20:43:02,429 - root - DEBUG - Loaded 150 samples.
2020-07-18 20:43:02,430 - root - DEBUG - Running experiments with the following parameters:
debug = true
experiment_name = "Iris [0, 1, 3, 5, 6, 7, 8, 9, 10]; lognormal 0,0.5; signed: False"
experiment_path = "data/2020-07-18_Iris [0, 1, 3, 5, 6, 7, 8, 9, 10]; lognormal 0,0.5; signed: False_000"

[config]
num_workers = 1
debug = true
backend = "numpy"

[postopt]
run_postopt = true
compile_report = false
num_weights = 100
num_samples = -1

[sampling]
seed = 0
post_init_seed = false
distribution = "lognormal"
lower_bound = -2
upper_bound = 2
mean = 0
sigma = 0.5
num_weights_per_iteration = 5
num_samples_per_iteration = -1
hof_evaluation_iterations = 20

[task]
name = "iris"
sample_order_seed = 0
test_portion = 0.2
sample_length = 10
num_categories = 8

[storage]
data_base_path = "data"
log_filename = "execution.log"
commit_elite_freq = -1
commit_metrics_freq = 10

[population]
num_generations = 200
size = 100
initial_enabled_edge_prob = 0.05
initial_genes = "full"
hof_size = 10
enable_edge_signs = false
enabled_activation_funcs = [ 0, 1, 3, 5, 6, 7, 8, 9, 10,]

[selection]
use_tournaments = true
elite_ratio = 0.1
culling_ratio = 0.2
tournament_size = 5
objectives = [ "-log_loss.min", "-log_loss.mean", "-n_hidden",]
recorded_metrics = [ "accuracy", "kappa", "log_loss",]
hof_metric = "accuracy.mean"

[mutation.new_edge]
probability = 0.2
strategy = "layer_agnostic"
propability = 0.2

[mutation.new_node]
probability = 0.25
propability = 0.3

[mutation.reenable_edge]
probability = 0.05
propability = 0.1

[mutation.change_activation]
probability = 0.5
propability = 0.4

[mutation.change_edge_sign]
probability = 0.2

[mutation.new_recurrent_edge]
probability = 0.2
strategy = "any"

2020-07-18 20:43:02,478 - root - INFO - Starting evolutionary algorithm
2020-07-18 20:43:02,494 - root - DEBUG - Sampled weight [1.8417063  0.90808171 0.98347836 0.46514702 1.10887419]
2020-07-18 20:43:03,542 - root - DEBUG - Updating hall of fame
2020-07-18 20:43:05,443 - root - INFO - Completed generation 1; 3.0s elapsed, 3.0s avg, 3.0s total. Expected time remaining: 5.9e+02s
2020-07-18 20:43:05,502 - root - INFO - #1 MAX:accuracy.mean: 0.67
2020-07-18 20:43:05,542 - root - DEBUG - Sampled weight [0.85989404 0.56567456 1.11892455 0.77789307 1.98937588]
2020-07-18 20:43:06,588 - root - DEBUG - Updating hall of fame
2020-07-18 20:43:08,422 - root - INFO - Completed generation 2; 2.9s elapsed, 2.9s avg, 5.9s total. Expected time remaining: 5.8e+02s
2020-07-18 20:43:08,479 - root - INFO - #2 MAX:accuracy.mean: 0.67
2020-07-18 20:43:08,520 - root - DEBUG - Sampled weight [1.50402085 0.74443253 1.89308881 0.51011282 0.59539553]
2020-07-18 20:43:09,574 - root - DEBUG - Updating hall of fame
2020-07-18 20:43:11,213 - root - INFO - Completed generation 3; 2.7s elapsed, 2.9s avg, 8.6s total. Expected time remaining: 5.7e+02s
2020-07-18 20:43:11,271 - root - INFO - #3 MAX:accuracy.mean: 0.67
2020-07-18 20:43:11,312 - root - DEBUG - Sampled weight [1.2639128  0.76018109 0.74693725 1.49624775 0.63945638]
2020-07-18 20:43:12,366 - root - DEBUG - Updating hall of fame
2020-07-18 20:43:14,190 - root - INFO - Completed generation 4; 2.9s elapsed, 2.9s avg, 1.2e+01s total. Expected time remaining: 5.7e+02s
2020-07-18 20:43:14,248 - root - INFO - #4 MAX:accuracy.mean: 0.66
2020-07-18 20:43:14,288 - root - DEBUG - Sampled weight [1.25651636 2.95377508 0.89358162 0.89765099 1.33423883]
2020-07-18 20:43:15,347 - root - DEBUG - Updating hall of fame
2020-07-18 20:43:17,172 - root - INFO - Completed generation 5; 2.9s elapsed, 2.9s avg, 1.4e+01s total. Expected time remaining: 5.6e+02s
2020-07-18 20:43:17,230 - root - INFO - #5 MAX:accuracy.mean: 0.65
2020-07-18 20:43:17,271 - root - DEBUG - Sampled weight [0.87343029 0.66979422 1.68923063 0.67652271 1.98127728]
2020-07-18 20:43:18,324 - root - DEBUG - Updating hall of fame
2020-07-18 20:43:18,884 - root - INFO - Completed generation 6; 1.7s elapsed, 2.7s avg, 1.6e+01s total. Expected time remaining: 5.2e+02s
2020-07-18 20:43:18,941 - root - INFO - #6 MAX:accuracy.mean: 0.66
2020-07-18 20:43:18,980 - root - DEBUG - Sampled weight [3.72485681 1.27087433 2.106363   1.71480003 2.11775953]
2020-07-18 20:43:20,039 - root - DEBUG - Updating hall of fame
2020-07-18 20:43:21,695 - root - INFO - Completed generation 7; 2.8s elapsed, 2.7s avg, 1.9e+01s total. Expected time remaining: 5.2e+02s
2020-07-18 20:43:21,754 - root - INFO - #7 MAX:accuracy.mean: 0.64
2020-07-18 20:43:21,794 - root - DEBUG - Sampled weight [1.05869109 0.9461867  1.991947   1.24480721 1.26900195]
2020-07-18 20:43:22,882 - root - DEBUG - Updating hall of fame
2020-07-18 20:43:23,287 - root - INFO - Completed generation 8; 1.5s elapsed, 2.6s avg, 2e+01s total. Expected time remaining: 4.9e+02s
2020-07-18 20:43:23,349 - root - INFO - #8 MAX:accuracy.mean: 0.67
2020-07-18 20:43:23,393 - root - DEBUG - Sampled weight [1.86466604 0.63442243 0.89638426 0.64777521 1.79648612]
2020-07-18 20:43:24,533 - root - DEBUG - Updating hall of fame
2020-07-18 20:43:25,919 - root - INFO - Completed generation 9; 2.6s elapsed, 2.6s avg, 2.3e+01s total. Expected time remaining: 4.9e+02s
2020-07-18 20:43:25,981 - root - INFO - #9 MAX:accuracy.mean: 0.66
2020-07-18 20:43:26,024 - root - DEBUG - Sampled weight [1.10280551 1.84614967 1.22234718 0.75472835 1.18142506]
2020-07-18 20:43:27,090 - root - DEBUG - Updating hall of fame
2020-07-18 20:43:27,846 - root - INFO - Completed generation 10; 1.9s elapsed, 2.5s avg, 2.5e+01s total. Expected time remaining: 4.7e+02s
2020-07-18 20:43:27,903 - root - INFO - #10 MAX:accuracy.mean: 0.69
2020-07-18 20:43:28,003 - root - DEBUG - Sampled weight [1.6674755  1.89644824 1.07736976 0.63096328 0.9905734 ]
2020-07-18 20:43:29,067 - root - DEBUG - Updating hall of fame
2020-07-18 20:43:30,175 - root - INFO - Completed generation 11; 2.2s elapsed, 2.5s avg, 2.7e+01s total. Expected time remaining: 4.6e+02s
2020-07-18 20:43:30,232 - root - INFO - #11 MAX:accuracy.mean: 0.66
2020-07-18 20:43:30,272 - root - DEBUG - Sampled weight [0.86964457 0.75662232 0.54260991 1.51734466 2.29105181]
2020-07-18 20:43:31,336 - root - DEBUG - Updating hall of fame
2020-07-18 20:43:31,899 - root - INFO - Completed generation 12; 1.7s elapsed, 2.4s avg, 2.9e+01s total. Expected time remaining: 4.5e+02s
2020-07-18 20:43:31,956 - root - INFO - #12 MAX:accuracy.mean: 0.7
2020-07-18 20:43:31,997 - root - DEBUG - Sampled weight [1.1700237  1.02146322 0.37531003 2.12267891 0.37194587]
2020-07-18 20:43:33,059 - root - DEBUG - Updating hall of fame
2020-07-18 20:43:33,801 - root - INFO - Completed generation 13; 1.8s elapsed, 2.4s avg, 3.1e+01s total. Expected time remaining: 4.4e+02s
2020-07-18 20:43:33,859 - root - INFO - #13 MAX:accuracy.mean: 0.66
2020-07-18 20:43:33,900 - root - DEBUG - Sampled weight [0.76650482 0.88818359 1.19210267 0.66047582 0.5906582 ]
2020-07-18 20:43:34,957 - root - DEBUG - Updating hall of fame
2020-07-18 20:43:35,890 - root - INFO - Completed generation 14; 2.0s elapsed, 2.3s avg, 3.3e+01s total. Expected time remaining: 4.3e+02s
2020-07-18 20:43:35,948 - root - INFO - #14 MAX:accuracy.mean: 0.77
2020-07-18 20:43:35,988 - root - DEBUG - Sampled weight [0.78693608 0.93800386 0.88116029 0.99249141 1.42490368]
2020-07-18 20:43:37,055 - root - DEBUG - Updating hall of fame
2020-07-18 20:43:38,726 - root - INFO - Completed generation 15; 2.8s elapsed, 2.4s avg, 3.5e+01s total. Expected time remaining: 4.4e+02s
2020-07-18 20:43:38,783 - root - INFO - #15 MAX:accuracy.mean: 0.83
2020-07-18 20:43:38,824 - root - DEBUG - Sampled weight [0.56828876 0.92696949 0.67657961 1.57766706 1.37884175]
2020-07-18 20:43:39,885 - root - DEBUG - Updating hall of fame
2020-07-18 20:43:40,639 - root - INFO - Completed generation 16; 1.9s elapsed, 2.3s avg, 3.7e+01s total. Expected time remaining: 4.3e+02s
2020-07-18 20:43:40,696 - root - INFO - #16 MAX:accuracy.mean: 0.72
2020-07-18 20:43:40,737 - root - DEBUG - Sampled weight [1.95572478 0.97658662 1.38011513 0.73924253 1.24879538]
2020-07-18 20:43:41,807 - root - DEBUG - Updating hall of fame
2020-07-18 20:43:43,126 - root - INFO - Completed generation 17; 2.4s elapsed, 2.3s avg, 4e+01s total. Expected time remaining: 4.3e+02s
2020-07-18 20:43:43,184 - root - INFO - #17 MAX:accuracy.mean: 0.7
2020-07-18 20:43:43,224 - root - DEBUG - Sampled weight [1.24528866 1.13826554 0.91817363 0.96769212 0.39638949]
2020-07-18 20:43:44,289 - root - DEBUG - Updating hall of fame
2020-07-18 20:43:45,426 - root - INFO - Completed generation 18; 2.2s elapsed, 2.3s avg, 4.2e+01s total. Expected time remaining: 4.2e+02s
2020-07-18 20:43:45,483 - root - INFO - #18 MAX:accuracy.mean: 0.72
2020-07-18 20:43:45,523 - root - DEBUG - Sampled weight [1.47277435 1.27458745 2.26165245 1.08065399 0.93156928]
2020-07-18 20:43:46,589 - root - DEBUG - Updating hall of fame
2020-07-18 20:43:48,264 - root - INFO - Completed generation 19; 2.8s elapsed, 2.4s avg, 4.5e+01s total. Expected time remaining: 4.3e+02s
2020-07-18 20:43:48,321 - root - INFO - #19 MAX:accuracy.mean: 0.68
2020-07-18 20:43:48,362 - root - DEBUG - Sampled weight [1.20234285 1.06381561 1.69178341 0.80814448 0.7173707 ]
2020-07-18 20:43:49,418 - root - DEBUG - Updating hall of fame
2020-07-18 20:43:50,185 - root - INFO - Completed generation 20; 1.9s elapsed, 2.3s avg, 4.7e+01s total. Expected time remaining: 4.2e+02s
2020-07-18 20:43:50,242 - root - INFO - #20 MAX:accuracy.mean: 0.72
2020-07-18 20:43:50,335 - root - DEBUG - Sampled weight [0.62068586 0.65531161 1.33456868 0.71048215 0.80071591]
2020-07-18 20:43:51,399 - root - DEBUG - Updating hall of fame
2020-07-18 20:43:52,704 - root - INFO - Completed generation 21; 2.4s elapsed, 2.3s avg, 4.9e+01s total. Expected time remaining: 4.2e+02s
2020-07-18 20:43:52,762 - root - INFO - #21 MAX:accuracy.mean: 0.74
2020-07-18 20:43:52,802 - root - DEBUG - Sampled weight [1.42003835 2.9809147  0.69905095 0.58514104 3.21397192]
2020-07-18 20:43:53,866 - root - DEBUG - Updating hall of fame
2020-07-18 20:43:55,172 - root - INFO - Completed generation 22; 2.4s elapsed, 2.3s avg, 5.1e+01s total. Expected time remaining: 4.2e+02s
2020-07-18 20:43:55,229 - root - INFO - #22 MAX:accuracy.mean: 0.68
2020-07-18 20:43:55,269 - root - DEBUG - Sampled weight [0.7981541  1.83666712 0.97573056 1.39805055 0.35370133]
2020-07-18 20:43:56,329 - root - DEBUG - Updating hall of fame
2020-07-18 20:43:56,898 - root - INFO - Completed generation 23; 1.7s elapsed, 2.3s avg, 5.3e+01s total. Expected time remaining: 4.1e+02s
2020-07-18 20:43:56,956 - root - INFO - #23 MAX:accuracy.mean: 0.68
2020-07-18 20:43:56,996 - root - DEBUG - Sampled weight [1.09684533 0.5240757  1.51702827 0.37665624 0.74089171]
2020-07-18 20:43:58,058 - root - DEBUG - Updating hall of fame
2020-07-18 20:43:59,176 - root - INFO - Completed generation 24; 2.2s elapsed, 2.3s avg, 5.5e+01s total. Expected time remaining: 4.1e+02s
2020-07-18 20:43:59,234 - root - INFO - #24 MAX:accuracy.mean: 0.7
2020-07-18 20:43:59,273 - root - DEBUG - Sampled weight [1.28725185 0.71729001 0.37096887 2.89890327 0.86863287]
2020-07-18 20:44:00,332 - root - DEBUG - Updating hall of fame
2020-07-18 20:44:01,648 - root - INFO - Completed generation 25; 2.4s elapsed, 2.3s avg, 5.8e+01s total. Expected time remaining: 4e+02s
2020-07-18 20:44:01,710 - root - INFO - #25 MAX:accuracy.mean: 0.67
2020-07-18 20:44:01,753 - root - DEBUG - Sampled weight [0.53615756 1.02925166 1.42626243 1.15439725 1.45019578]
2020-07-18 20:44:02,842 - root - DEBUG - Updating hall of fame
2020-07-18 20:44:03,598 - root - INFO - Completed generation 26; 1.9s elapsed, 2.3s avg, 6e+01s total. Expected time remaining: 4e+02s
2020-07-18 20:44:03,655 - root - INFO - #26 MAX:accuracy.mean: 0.7
2020-07-18 20:44:03,695 - root - DEBUG - Sampled weight [0.55171007 0.98583092 0.87321795 1.54669425 0.39154895]
2020-07-18 20:44:04,761 - root - DEBUG - Updating hall of fame
2020-07-18 20:44:05,878 - root - INFO - Completed generation 27; 2.2s elapsed, 2.3s avg, 6.2e+01s total. Expected time remaining: 4e+02s
2020-07-18 20:44:05,936 - root - INFO - #27 MAX:accuracy.mean: 0.7
2020-07-18 20:44:05,976 - root - DEBUG - Sampled weight [1.47787211 1.32560606 2.01174963 0.42119472 0.98320291]
2020-07-18 20:44:07,048 - root - DEBUG - Updating hall of fame
2020-07-18 20:44:08,177 - root - INFO - Completed generation 28; 2.2s elapsed, 2.3s avg, 6.4e+01s total. Expected time remaining: 3.9e+02s
2020-07-18 20:44:08,234 - root - INFO - #28 MAX:accuracy.mean: 0.67
2020-07-18 20:44:08,274 - root - DEBUG - Sampled weight [0.76429423 2.23270479 1.90609296 2.45001992 1.18969399]
2020-07-18 20:44:09,347 - root - DEBUG - Updating hall of fame
2020-07-18 20:44:09,911 - root - INFO - Completed generation 29; 1.7s elapsed, 2.3s avg, 6.6e+01s total. Expected time remaining: 3.9e+02s
2020-07-18 20:44:09,969 - root - INFO - #29 MAX:accuracy.mean: 0.72
2020-07-18 20:44:10,010 - root - DEBUG - Sampled weight [1.02678718 0.41131625 1.59210918 2.43971295 1.14921965]
2020-07-18 20:44:11,088 - root - DEBUG - Updating hall of fame
2020-07-18 20:44:11,659 - root - INFO - Completed generation 30; 1.7s elapsed, 2.2s avg, 6.7e+01s total. Expected time remaining: 3.8e+02s
2020-07-18 20:44:11,717 - root - INFO - #30 MAX:accuracy.mean: 0.71
2020-07-18 20:44:11,817 - root - DEBUG - Sampled weight [1.18495945 0.73734515 1.48454968 0.97185021 2.78158326]
2020-07-18 20:44:12,891 - root - DEBUG - Updating hall of fame
2020-07-18 20:44:13,845 - root - INFO - Completed generation 31; 2.1s elapsed, 2.2s avg, 6.9e+01s total. Expected time remaining: 3.8e+02s
2020-07-18 20:44:13,903 - root - INFO - #31 MAX:accuracy.mean: 0.8
2020-07-18 20:44:13,943 - root - DEBUG - Sampled weight [0.44796988 1.35338649 0.96338583 1.14412451 1.04269822]
2020-07-18 20:44:15,020 - root - DEBUG - Updating hall of fame
2020-07-18 20:44:15,797 - root - INFO - Completed generation 32; 1.9s elapsed, 2.2s avg, 7.1e+01s total. Expected time remaining: 3.7e+02s
2020-07-18 20:44:15,855 - root - INFO - #32 MAX:accuracy.mean: 0.79
2020-07-18 20:44:15,895 - root - DEBUG - Sampled weight [0.61061784 0.42023837 1.20726648 0.62052534 1.03971424]
2020-07-18 20:44:16,976 - root - DEBUG - Updating hall of fame
2020-07-18 20:44:18,306 - root - INFO - Completed generation 33; 2.5s elapsed, 2.2s avg, 7.4e+01s total. Expected time remaining: 3.7e+02s
2020-07-18 20:44:18,364 - root - INFO - #33 MAX:accuracy.mean: 0.73
2020-07-18 20:44:18,405 - root - DEBUG - Sampled weight [0.65994389 1.07801772 2.34843399 0.60988741 1.71460786]
2020-07-18 20:44:19,475 - root - DEBUG - Updating hall of fame
2020-07-18 20:44:20,418 - root - INFO - Completed generation 34; 2.1s elapsed, 2.2s avg, 7.6e+01s total. Expected time remaining: 3.7e+02s
2020-07-18 20:44:20,476 - root - INFO - #34 MAX:accuracy.mean: 0.72
2020-07-18 20:44:20,516 - root - DEBUG - Sampled weight [1.34814631 1.44297912 0.75207362 1.20069364 0.79346707]
2020-07-18 20:44:21,594 - root - DEBUG - Updating hall of fame
2020-07-18 20:44:22,366 - root - INFO - Completed generation 35; 1.9s elapsed, 2.2s avg, 7.8e+01s total. Expected time remaining: 3.7e+02s
2020-07-18 20:44:22,424 - root - INFO - #35 MAX:accuracy.mean: 0.82
2020-07-18 20:44:22,465 - root - DEBUG - Sampled weight [0.70029244 0.61117474 0.84355157 0.37210265 2.03680473]
2020-07-18 20:44:23,547 - root - DEBUG - Updating hall of fame
2020-07-18 20:44:24,673 - root - INFO - Completed generation 36; 2.2s elapsed, 2.2s avg, 8e+01s total. Expected time remaining: 3.6e+02s
2020-07-18 20:44:24,764 - root - INFO - #36 MAX:accuracy.mean: 0.72
2020-07-18 20:44:24,804 - root - DEBUG - Sampled weight [0.68345515 0.63421394 1.69921649 0.98842147 1.82944913]
2020-07-18 20:44:25,879 - root - DEBUG - Updating hall of fame
2020-07-18 20:44:27,007 - root - INFO - Completed generation 37; 2.2s elapsed, 2.2s avg, 8.2e+01s total. Expected time remaining: 3.6e+02s
2020-07-18 20:44:27,064 - root - INFO - #37 MAX:accuracy.mean: 0.73
2020-07-18 20:44:27,105 - root - DEBUG - Sampled weight [1.08999176 0.37193057 0.27923641 0.96521866 0.72265045]
2020-07-18 20:44:28,182 - root - DEBUG - Updating hall of fame
2020-07-18 20:44:28,946 - root - INFO - Completed generation 38; 1.9s elapsed, 2.2s avg, 8.4e+01s total. Expected time remaining: 3.6e+02s
2020-07-18 20:44:29,004 - root - INFO - #38 MAX:accuracy.mean: 0.71
2020-07-18 20:44:29,045 - root - DEBUG - Sampled weight [1.68289188 1.12502202 0.85596331 1.42636582 1.95782109]
2020-07-18 20:44:30,126 - root - DEBUG - Updating hall of fame
2020-07-18 20:44:31,253 - root - INFO - Completed generation 39; 2.2s elapsed, 2.2s avg, 8.6e+01s total. Expected time remaining: 3.6e+02s
2020-07-18 20:44:31,311 - root - INFO - #39 MAX:accuracy.mean: 0.79
2020-07-18 20:44:31,351 - root - DEBUG - Sampled weight [0.82121262 0.46697079 1.22020117 1.19754064 0.82313758]
2020-07-18 20:44:32,427 - root - DEBUG - Updating hall of fame
2020-07-18 20:44:33,194 - root - INFO - Completed generation 40; 1.9s elapsed, 2.2s avg, 8.8e+01s total. Expected time remaining: 3.5e+02s
2020-07-18 20:44:33,252 - root - INFO - #40 MAX:accuracy.mean: 0.78
2020-07-18 20:44:33,337 - root - DEBUG - Sampled weight [0.45923072 2.61122384 0.84270306 1.0938309  1.12550088]
2020-07-18 20:44:34,418 - root - DEBUG - Updating hall of fame
2020-07-18 20:44:35,367 - root - INFO - Completed generation 41; 2.1s elapsed, 2.2s avg, 9e+01s total. Expected time remaining: 3.5e+02s
2020-07-18 20:44:35,426 - root - INFO - #41 MAX:accuracy.mean: 0.75
2020-07-18 20:44:35,467 - root - DEBUG - Sampled weight [0.84320547 1.64896542 1.0180503  1.02326666 0.98561543]
2020-07-18 20:44:36,548 - root - DEBUG - Updating hall of fame
2020-07-18 20:44:37,119 - root - INFO - Completed generation 42; 1.7s elapsed, 2.2s avg, 9.2e+01s total. Expected time remaining: 3.5e+02s
2020-07-18 20:44:37,177 - root - INFO - #42 MAX:accuracy.mean: 0.88
2020-07-18 20:44:37,217 - root - DEBUG - Sampled weight [0.47014245 1.80851014 1.20961758 1.53075097 2.07094889]
2020-07-18 20:44:38,303 - root - DEBUG - Updating hall of fame
2020-07-18 20:44:39,245 - root - INFO - Completed generation 43; 2.1s elapsed, 2.2s avg, 9.4e+01s total. Expected time remaining: 3.4e+02s
2020-07-18 20:44:39,302 - root - INFO - #43 MAX:accuracy.mean: 0.75
2020-07-18 20:44:39,342 - root - DEBUG - Sampled weight [0.62262572 1.0801923  1.06723561 0.90210844 0.56550559]
2020-07-18 20:44:40,425 - root - DEBUG - Updating hall of fame
2020-07-18 20:44:41,004 - root - INFO - Completed generation 44; 1.7s elapsed, 2.2s avg, 9.6e+01s total. Expected time remaining: 3.4e+02s
2020-07-18 20:44:41,061 - root - INFO - #44 MAX:accuracy.mean: 0.85
2020-07-18 20:44:41,102 - root - DEBUG - Sampled weight [0.87317368 0.41482206 0.5916012  0.72486297 3.99015089]
2020-07-18 20:44:42,187 - root - DEBUG - Updating hall of fame
2020-07-18 20:44:42,944 - root - INFO - Completed generation 45; 1.9s elapsed, 2.2s avg, 9.8e+01s total. Expected time remaining: 3.4e+02s
2020-07-18 20:44:43,002 - root - INFO - #45 MAX:accuracy.mean: 0.69
2020-07-18 20:44:43,043 - root - DEBUG - Sampled weight [1.13711585 1.57655584 1.0504023  0.87552175 1.17678106]
2020-07-18 20:44:44,119 - root - DEBUG - Updating hall of fame
2020-07-18 20:44:44,304 - root - INFO - Completed generation 46; 1.3s elapsed, 2.2s avg, 9.9e+01s total. Expected time remaining: 3.3e+02s
2020-07-18 20:44:44,362 - root - INFO - #46 MAX:accuracy.mean: 0.87
2020-07-18 20:44:44,402 - root - DEBUG - Sampled weight [0.64763485 0.75059305 0.93447957 1.57452778 1.64123116]
2020-07-18 20:44:45,479 - root - DEBUG - Updating hall of fame
2020-07-18 20:44:46,414 - root - INFO - Completed generation 47; 2.1s elapsed, 2.1s avg, 1e+02s total. Expected time remaining: 3.3e+02s
2020-07-18 20:44:46,471 - root - INFO - #47 MAX:accuracy.mean: 0.74
2020-07-18 20:44:46,513 - root - DEBUG - Sampled weight [1.1692116  1.36502065 1.30785085 1.6977186  0.58312765]
2020-07-18 20:44:47,583 - root - DEBUG - Updating hall of fame
2020-07-18 20:44:47,967 - root - INFO - Completed generation 48; 1.5s elapsed, 2.1s avg, 1e+02s total. Expected time remaining: 3.2e+02s
2020-07-18 20:44:48,026 - root - INFO - #48 MAX:accuracy.mean: 0.72
2020-07-18 20:44:48,067 - root - DEBUG - Sampled weight [0.50918891 1.44268658 1.12587199 1.03509396 1.32543887]
2020-07-18 20:44:49,145 - root - DEBUG - Updating hall of fame
2020-07-18 20:44:50,083 - root - INFO - Completed generation 49; 2.1s elapsed, 2.1s avg, 1e+02s total. Expected time remaining: 3.2e+02s
2020-07-18 20:44:50,141 - root - INFO - #49 MAX:accuracy.mean: 0.76
2020-07-18 20:44:50,182 - root - DEBUG - Sampled weight [2.22443255 0.5608588  1.11576038 1.28877468 0.47883807]
2020-07-18 20:44:51,261 - root - DEBUG - Updating hall of fame
2020-07-18 20:44:52,016 - root - INFO - Completed generation 50; 1.9s elapsed, 2.1s avg, 1.1e+02s total. Expected time remaining: 3.2e+02s
2020-07-18 20:44:52,073 - root - INFO - #50 MAX:accuracy.mean: 0.7
2020-07-18 20:44:52,208 - root - DEBUG - Sampled weight [1.08202263 1.06465547 0.84447579 1.2476936  1.10338817]
2020-07-18 20:44:53,285 - root - DEBUG - Updating hall of fame
2020-07-18 20:44:53,286 - root - INFO - Completed generation 51; 1.1s elapsed, 2.1s avg, 1.1e+02s total. Expected time remaining: 3.1e+02s
2020-07-18 20:44:53,344 - root - INFO - #51 MAX:accuracy.mean: 0.93
2020-07-18 20:44:53,385 - root - DEBUG - Sampled weight [0.69129639 0.67513863 1.1427901  0.78853181 0.82078745]
2020-07-18 20:44:54,471 - root - DEBUG - Updating hall of fame
2020-07-18 20:44:55,220 - root - INFO - Completed generation 52; 1.9s elapsed, 2.1s avg, 1.1e+02s total. Expected time remaining: 3.1e+02s
2020-07-18 20:44:55,277 - root - INFO - #52 MAX:accuracy.mean: 0.86
2020-07-18 20:44:55,317 - root - DEBUG - Sampled weight [1.38474841 0.8227321  0.39497309 0.64028308 0.78223502]
2020-07-18 20:44:56,399 - root - DEBUG - Updating hall of fame
2020-07-18 20:44:57,340 - root - INFO - Completed generation 53; 2.1s elapsed, 2.1s avg, 1.1e+02s total. Expected time remaining: 3.1e+02s
2020-07-18 20:44:57,398 - root - INFO - #53 MAX:accuracy.mean: 0.75
2020-07-18 20:44:57,438 - root - DEBUG - Sampled weight [0.74849032 1.11826624 0.86478944 1.40510708 0.98628601]
2020-07-18 20:44:58,519 - root - DEBUG - Updating hall of fame
2020-07-18 20:44:59,279 - root - INFO - Completed generation 54; 1.9s elapsed, 2.1s avg, 1.1e+02s total. Expected time remaining: 3.1e+02s
2020-07-18 20:44:59,337 - root - INFO - #54 MAX:accuracy.mean: 0.89
2020-07-18 20:44:59,376 - root - DEBUG - Sampled weight [2.45330496 2.94726192 1.36074384 1.56153951 0.80098364]
2020-07-18 20:45:00,448 - root - DEBUG - Updating hall of fame
2020-07-18 20:45:01,389 - root - INFO - Completed generation 55; 2.1s elapsed, 2.1s avg, 1.2e+02s total. Expected time remaining: 3e+02s
2020-07-18 20:45:01,448 - root - INFO - #55 MAX:accuracy.mean: 0.73
2020-07-18 20:45:01,489 - root - DEBUG - Sampled weight [0.39732295 1.06467065 0.63929926 1.04342703 1.84607774]
2020-07-18 20:45:02,588 - root - DEBUG - Updating hall of fame
2020-07-18 20:45:03,336 - root - INFO - Completed generation 56; 1.9s elapsed, 2.1s avg, 1.2e+02s total. Expected time remaining: 3e+02s
2020-07-18 20:45:03,395 - root - INFO - #56 MAX:accuracy.mean: 0.73
2020-07-18 20:45:03,435 - root - DEBUG - Sampled weight [0.6835398  0.32919207 0.55451587 1.34320741 0.46061196]
2020-07-18 20:45:04,511 - root - DEBUG - Updating hall of fame
2020-07-18 20:45:05,443 - root - INFO - Completed generation 57; 2.0s elapsed, 2.1s avg, 1.2e+02s total. Expected time remaining: 3e+02s
2020-07-18 20:45:05,501 - root - INFO - #57 MAX:accuracy.mean: 0.76
2020-07-18 20:45:05,541 - root - DEBUG - Sampled weight [0.39689904 0.99849452 2.28095673 1.28887901 2.52992265]
2020-07-18 20:45:06,622 - root - DEBUG - Updating hall of fame
2020-07-18 20:45:07,365 - root - INFO - Completed generation 58; 1.9s elapsed, 2.1s avg, 1.2e+02s total. Expected time remaining: 3e+02s
2020-07-18 20:45:07,423 - root - INFO - #58 MAX:accuracy.mean: 0.68
2020-07-18 20:45:07,463 - root - DEBUG - Sampled weight [0.8090958  1.62350583 1.31202606 0.56128118 2.16419168]
2020-07-18 20:45:08,533 - root - DEBUG - Updating hall of fame
2020-07-18 20:45:08,721 - root - INFO - Completed generation 59; 1.3s elapsed, 2.1s avg, 1.2e+02s total. Expected time remaining: 2.9e+02s
2020-07-18 20:45:08,779 - root - INFO - #59 MAX:accuracy.mean: 0.69
2020-07-18 20:45:08,819 - root - DEBUG - Sampled weight [1.63483297 0.40525624 1.82468295 0.53857307 0.84444664]
2020-07-18 20:45:09,894 - root - DEBUG - Updating hall of fame
2020-07-18 20:45:10,448 - root - INFO - Completed generation 60; 1.7s elapsed, 2.1s avg, 1.2e+02s total. Expected time remaining: 2.9e+02s
2020-07-18 20:45:10,505 - root - INFO - #60 MAX:accuracy.mean: 0.66
2020-07-18 20:45:10,612 - root - DEBUG - Sampled weight [0.66137068 0.63921576 1.89590527 2.21047822 1.22800898]
2020-07-18 20:45:11,689 - root - DEBUG - Updating hall of fame
2020-07-18 20:45:12,066 - root - INFO - Completed generation 61; 1.5s elapsed, 2.1s avg, 1.3e+02s total. Expected time remaining: 2.9e+02s
2020-07-18 20:45:12,123 - root - INFO - #61 MAX:accuracy.mean: 0.73
2020-07-18 20:45:12,164 - root - DEBUG - Sampled weight [1.15454895 0.48503979 1.98270647 0.74028829 1.35491089]
2020-07-18 20:45:13,234 - root - DEBUG - Updating hall of fame
2020-07-18 20:45:13,431 - root - INFO - Completed generation 62; 1.3s elapsed, 2.0s avg, 1.3e+02s total. Expected time remaining: 2.8e+02s
2020-07-18 20:45:13,490 - root - INFO - #62 MAX:accuracy.mean: 0.73
2020-07-18 20:45:13,531 - root - DEBUG - Sampled weight [0.92276136 1.71663122 1.05745514 1.04765408 0.69076768]
2020-07-18 20:45:14,610 - root - DEBUG - Updating hall of fame
2020-07-18 20:45:15,177 - root - INFO - Completed generation 63; 1.7s elapsed, 2.0s avg, 1.3e+02s total. Expected time remaining: 2.8e+02s
2020-07-18 20:45:15,234 - root - INFO - #63 MAX:accuracy.mean: 0.86
2020-07-18 20:45:15,275 - root - DEBUG - Sampled weight [1.97766401 1.19658962 1.25025659 0.93500812 1.24166916]
2020-07-18 20:45:16,358 - root - DEBUG - Updating hall of fame
2020-07-18 20:45:17,101 - root - INFO - Completed generation 64; 1.9s elapsed, 2.0s avg, 1.3e+02s total. Expected time remaining: 2.8e+02s
2020-07-18 20:45:17,159 - root - INFO - #64 MAX:accuracy.mean: 0.86
2020-07-18 20:45:17,198 - root - DEBUG - Sampled weight [0.38022913 0.73538719 1.6983072  0.96018063 1.23324344]
2020-07-18 20:45:18,276 - root - DEBUG - Updating hall of fame
2020-07-18 20:45:18,855 - root - INFO - Completed generation 65; 1.7s elapsed, 2.0s avg, 1.3e+02s total. Expected time remaining: 2.7e+02s
2020-07-18 20:45:18,914 - root - INFO - #65 MAX:accuracy.mean: 0.74
2020-07-18 20:45:18,954 - root - DEBUG - Sampled weight [1.31864338 1.28108668 1.46528345 0.71362215 1.40373698]
2020-07-18 20:45:20,030 - root - DEBUG - Updating hall of fame
2020-07-18 20:45:20,798 - root - INFO - Completed generation 66; 1.9s elapsed, 2.0s avg, 1.3e+02s total. Expected time remaining: 2.7e+02s
2020-07-18 20:45:20,860 - root - INFO - #66 MAX:accuracy.mean: 0.81
2020-07-18 20:45:20,903 - root - DEBUG - Sampled weight [1.3424299  1.61361969 0.6379467  0.86249783 1.26059766]
2020-07-18 20:45:22,067 - root - DEBUG - Updating hall of fame
2020-07-18 20:45:22,480 - root - INFO - Completed generation 67; 1.6s elapsed, 2.0s avg, 1.4e+02s total. Expected time remaining: 2.7e+02s
2020-07-18 20:45:22,542 - root - INFO - #67 MAX:accuracy.mean: 0.75
2020-07-18 20:45:22,584 - root - DEBUG - Sampled weight [2.10554292 0.98380959 1.14807568 0.69500701 0.43976726]
2020-07-18 20:45:23,746 - root - DEBUG - Updating hall of fame
2020-07-18 20:45:24,353 - root - INFO - Completed generation 68; 1.8s elapsed, 2.0s avg, 1.4e+02s total. Expected time remaining: 2.7e+02s
2020-07-18 20:45:24,415 - root - INFO - #68 MAX:accuracy.mean: 0.74
2020-07-18 20:45:24,458 - root - DEBUG - Sampled weight [1.50292838 2.43662162 0.59979985 1.25857358 0.69074923]
2020-07-18 20:45:25,614 - root - DEBUG - Updating hall of fame
2020-07-18 20:45:26,204 - root - INFO - Completed generation 69; 1.8s elapsed, 2.0s avg, 1.4e+02s total. Expected time remaining: 2.6e+02s
2020-07-18 20:45:26,261 - root - INFO - #69 MAX:accuracy.mean: 0.74
2020-07-18 20:45:26,302 - root - DEBUG - Sampled weight [0.91493365 2.02301772 2.81997665 1.41951416 0.42420364]
2020-07-18 20:45:27,386 - root - DEBUG - Updating hall of fame
2020-07-18 20:45:27,954 - root - INFO - Completed generation 70; 1.7s elapsed, 2.0s avg, 1.4e+02s total. Expected time remaining: 2.6e+02s
2020-07-18 20:45:28,011 - root - INFO - #70 MAX:accuracy.mean: 0.74
2020-07-18 20:45:28,123 - root - DEBUG - Sampled weight [1.00180636 0.95192978 1.0019463  0.7146222  0.58086236]
2020-07-18 20:45:29,206 - root - DEBUG - Updating hall of fame
2020-07-18 20:45:29,584 - root - INFO - Completed generation 71; 1.5s elapsed, 2.0s avg, 1.4e+02s total. Expected time remaining: 2.6e+02s
2020-07-18 20:45:29,642 - root - INFO - #71 MAX:accuracy.mean: 0.81
2020-07-18 20:45:29,682 - root - DEBUG - Sampled weight [0.78395481 1.11940797 1.55950995 0.51866138 1.2266841 ]
2020-07-18 20:45:30,776 - root - DEBUG - Updating hall of fame
2020-07-18 20:45:31,537 - root - INFO - Completed generation 72; 1.9s elapsed, 2.0s avg, 1.4e+02s total. Expected time remaining: 2.6e+02s
2020-07-18 20:45:31,594 - root - INFO - #72 MAX:accuracy.mean: 0.74
2020-07-18 20:45:31,636 - root - DEBUG - Sampled weight [1.34417205 0.48322389 1.11777244 1.37151446 0.77746442]
2020-07-18 20:45:32,729 - root - DEBUG - Updating hall of fame
2020-07-18 20:45:32,921 - root - INFO - Completed generation 73; 1.3s elapsed, 2.0s avg, 1.5e+02s total. Expected time remaining: 2.5e+02s
2020-07-18 20:45:32,979 - root - INFO - #73 MAX:accuracy.mean: 0.77
2020-07-18 20:45:33,020 - root - DEBUG - Sampled weight [1.29429331 1.29592557 2.48195351 0.67396021 0.98403206]
2020-07-18 20:45:34,101 - root - DEBUG - Updating hall of fame
2020-07-18 20:45:34,850 - root - INFO - Completed generation 74; 1.9s elapsed, 2.0s avg, 1.5e+02s total. Expected time remaining: 2.5e+02s
2020-07-18 20:45:34,908 - root - INFO - #74 MAX:accuracy.mean: 0.81
2020-07-18 20:45:34,949 - root - DEBUG - Sampled weight [1.09005933 1.3646494  2.5897125  0.85087147 0.8680067 ]
2020-07-18 20:45:36,029 - root - DEBUG - Updating hall of fame
2020-07-18 20:45:36,399 - root - INFO - Completed generation 75; 1.5s elapsed, 2.0s avg, 1.5e+02s total. Expected time remaining: 2.5e+02s
2020-07-18 20:45:36,456 - root - INFO - #75 MAX:accuracy.mean: 0.84
2020-07-18 20:45:36,497 - root - DEBUG - Sampled weight [1.47453798 0.81524319 1.52967432 0.77783625 0.65277768]
2020-07-18 20:45:37,572 - root - DEBUG - Updating hall of fame
2020-07-18 20:45:38,134 - root - INFO - Completed generation 76; 1.7s elapsed, 2.0s avg, 1.5e+02s total. Expected time remaining: 2.5e+02s
2020-07-18 20:45:38,192 - root - INFO - #76 MAX:accuracy.mean: 0.75
2020-07-18 20:45:38,232 - root - DEBUG - Sampled weight [0.90326604 2.08374899 0.66079327 0.49397495 0.67236394]
2020-07-18 20:45:39,314 - root - DEBUG - Updating hall of fame
2020-07-18 20:45:40,249 - root - INFO - Completed generation 77; 2.1s elapsed, 2.0s avg, 1.5e+02s total. Expected time remaining: 2.4e+02s
2020-07-18 20:45:40,307 - root - INFO - #77 MAX:accuracy.mean: 0.75
2020-07-18 20:45:40,347 - root - DEBUG - Sampled weight [1.74660422 0.60724135 2.45900907 0.53571663 1.42184409]
2020-07-18 20:45:41,430 - root - DEBUG - Updating hall of fame
2020-07-18 20:45:42,376 - root - INFO - Completed generation 78; 2.1s elapsed, 2.0s avg, 1.5e+02s total. Expected time remaining: 2.4e+02s
2020-07-18 20:45:42,433 - root - INFO - #78 MAX:accuracy.mean: 0.72
2020-07-18 20:45:42,474 - root - DEBUG - Sampled weight [1.37018272 0.48213204 1.74031662 0.7586977  1.28884856]
2020-07-18 20:45:43,562 - root - DEBUG - Updating hall of fame
2020-07-18 20:45:43,940 - root - INFO - Completed generation 79; 1.5s elapsed, 2.0s avg, 1.6e+02s total. Expected time remaining: 2.4e+02s
2020-07-18 20:45:43,998 - root - INFO - #79 MAX:accuracy.mean: 0.72
2020-07-18 20:45:44,040 - root - DEBUG - Sampled weight [1.55785903 1.45876919 0.56706706 1.24308606 0.83885617]
2020-07-18 20:45:45,131 - root - DEBUG - Updating hall of fame
2020-07-18 20:45:45,897 - root - INFO - Completed generation 80; 1.9s elapsed, 2.0s avg, 1.6e+02s total. Expected time remaining: 2.4e+02s
2020-07-18 20:45:45,955 - root - INFO - #80 MAX:accuracy.mean: 0.74
2020-07-18 20:45:46,052 - root - DEBUG - Sampled weight [0.55903529 1.26218851 1.14502104 1.43156686 0.73217149]
2020-07-18 20:45:47,160 - root - DEBUG - Updating hall of fame
2020-07-18 20:45:47,950 - root - INFO - Completed generation 81; 1.9s elapsed, 2.0s avg, 1.6e+02s total. Expected time remaining: 2.4e+02s
2020-07-18 20:45:48,010 - root - INFO - #81 MAX:accuracy.mean: 0.8
2020-07-18 20:45:48,051 - root - DEBUG - Sampled weight [1.69045669 1.82745555 1.17936228 1.35870881 0.34679444]
2020-07-18 20:45:49,191 - root - DEBUG - Updating hall of fame
2020-07-18 20:45:49,953 - root - INFO - Completed generation 82; 1.9s elapsed, 2.0s avg, 1.6e+02s total. Expected time remaining: 2.3e+02s
2020-07-18 20:45:50,012 - root - INFO - #82 MAX:accuracy.mean: 0.74
2020-07-18 20:45:50,053 - root - DEBUG - Sampled weight [0.52284667 0.78609448 1.38103533 1.91144313 2.11919946]
2020-07-18 20:45:51,140 - root - DEBUG - Updating hall of fame
2020-07-18 20:45:51,332 - root - INFO - Completed generation 83; 1.3s elapsed, 2.0s avg, 1.6e+02s total. Expected time remaining: 2.3e+02s
2020-07-18 20:45:51,390 - root - INFO - #83 MAX:accuracy.mean: 0.72
2020-07-18 20:45:51,430 - root - DEBUG - Sampled weight [0.29532649 1.86890728 0.89083151 0.96843577 1.4808712 ]
2020-07-18 20:45:52,512 - root - DEBUG - Updating hall of fame
2020-07-18 20:45:52,697 - root - INFO - Completed generation 84; 1.3s elapsed, 2.0s avg, 1.6e+02s total. Expected time remaining: 2.3e+02s
2020-07-18 20:45:52,755 - root - INFO - #84 MAX:accuracy.mean: 0.72
2020-07-18 20:45:52,795 - root - DEBUG - Sampled weight [0.53419362 0.57686862 1.76188589 1.42421927 1.21943923]
2020-07-18 20:45:53,878 - root - DEBUG - Updating hall of fame
2020-07-18 20:45:54,438 - root - INFO - Completed generation 85; 1.7s elapsed, 2.0s avg, 1.7e+02s total. Expected time remaining: 2.3e+02s
2020-07-18 20:45:54,496 - root - INFO - #85 MAX:accuracy.mean: 0.73
2020-07-18 20:45:54,537 - root - DEBUG - Sampled weight [1.09682239 0.75380254 2.03378735 0.6399723  0.2139704 ]
2020-07-18 20:45:55,627 - root - DEBUG - Updating hall of fame
2020-07-18 20:45:56,382 - root - INFO - Completed generation 86; 1.9s elapsed, 2.0s avg, 1.7e+02s total. Expected time remaining: 2.2e+02s
2020-07-18 20:45:56,439 - root - INFO - #86 MAX:accuracy.mean: 0.7
2020-07-18 20:45:56,480 - root - DEBUG - Sampled weight [2.65103471 0.73935193 1.2538992  0.81712634 0.87600706]
2020-07-18 20:45:57,572 - root - DEBUG - Updating hall of fame
2020-07-18 20:45:57,757 - root - INFO - Completed generation 87; 1.3s elapsed, 2.0s avg, 1.7e+02s total. Expected time remaining: 2.2e+02s
2020-07-18 20:45:57,815 - root - INFO - #87 MAX:accuracy.mean: 0.82
2020-07-18 20:45:57,856 - root - DEBUG - Sampled weight [1.48286674 0.86514366 1.02814462 0.82715224 0.97345332]
2020-07-18 20:45:58,944 - root - DEBUG - Updating hall of fame
2020-07-18 20:45:59,128 - root - INFO - Completed generation 88; 1.3s elapsed, 1.9s avg, 1.7e+02s total. Expected time remaining: 2.2e+02s
2020-07-18 20:45:59,186 - root - INFO - #88 MAX:accuracy.mean: 0.89
2020-07-18 20:45:59,227 - root - DEBUG - Sampled weight [0.65400846 1.94140466 0.95590861 0.53327114 1.02536664]
2020-07-18 20:46:00,325 - root - DEBUG - Updating hall of fame
2020-07-18 20:46:01,528 - root - INFO - Completed generation 89; 2.3s elapsed, 1.9s avg, 1.7e+02s total. Expected time remaining: 2.2e+02s
2020-07-18 20:46:01,589 - root - INFO - #89 MAX:accuracy.mean: 0.74
2020-07-18 20:46:01,633 - root - DEBUG - Sampled weight [1.12045353 1.3820189  1.15717217 1.51629862 0.8068103 ]
2020-07-18 20:46:02,791 - root - DEBUG - Updating hall of fame
2020-07-18 20:46:03,199 - root - INFO - Completed generation 90; 1.6s elapsed, 1.9s avg, 1.8e+02s total. Expected time remaining: 2.1e+02s
2020-07-18 20:46:03,262 - root - INFO - #90 MAX:accuracy.mean: 0.85
2020-07-18 20:46:03,367 - root - DEBUG - Sampled weight [0.9135382  0.70775673 0.78805036 0.65148139 1.40495634]
2020-07-18 20:46:04,538 - root - DEBUG - Updating hall of fame
2020-07-18 20:46:05,143 - root - INFO - Completed generation 91; 1.8s elapsed, 1.9s avg, 1.8e+02s total. Expected time remaining: 2.1e+02s
2020-07-18 20:46:05,205 - root - INFO - #91 MAX:accuracy.mean: 0.84
2020-07-18 20:46:05,249 - root - DEBUG - Sampled weight [2.87520102 0.69331419 0.36407747 1.26177897 1.47322873]
2020-07-18 20:46:06,423 - root - DEBUG - Updating hall of fame
2020-07-18 20:46:07,428 - root - INFO - Completed generation 92; 2.2s elapsed, 1.9s avg, 1.8e+02s total. Expected time remaining: 2.1e+02s
2020-07-18 20:46:07,490 - root - INFO - #92 MAX:accuracy.mean: 0.75
2020-07-18 20:46:07,534 - root - DEBUG - Sampled weight [0.48903688 1.34867009 1.77571833 0.98611709 1.23894805]
2020-07-18 20:46:08,709 - root - DEBUG - Updating hall of fame
2020-07-18 20:46:09,304 - root - INFO - Completed generation 93; 1.8s elapsed, 1.9s avg, 1.8e+02s total. Expected time remaining: 2.1e+02s
2020-07-18 20:46:09,366 - root - INFO - #93 MAX:accuracy.mean: 0.8
2020-07-18 20:46:09,410 - root - DEBUG - Sampled weight [0.79904974 0.60563062 1.64495573 1.0016396  0.92235012]
2020-07-18 20:46:10,539 - root - DEBUG - Updating hall of fame
2020-07-18 20:46:11,099 - root - INFO - Completed generation 94; 1.7s elapsed, 1.9s avg, 1.8e+02s total. Expected time remaining: 2.1e+02s
2020-07-18 20:46:11,156 - root - INFO - #94 MAX:accuracy.mean: 0.8
2020-07-18 20:46:11,199 - root - DEBUG - Sampled weight [0.7869939  0.6011784  0.40545522 0.96617238 3.79720463]
2020-07-18 20:46:12,307 - root - DEBUG - Updating hall of fame
2020-07-18 20:46:13,253 - root - INFO - Completed generation 95; 2.1s elapsed, 1.9s avg, 1.8e+02s total. Expected time remaining: 2e+02s
2020-07-18 20:46:13,311 - root - INFO - #95 MAX:accuracy.mean: 0.77
2020-07-18 20:46:13,353 - root - DEBUG - Sampled weight [0.83612623 1.34489446 1.00861521 1.12039706 0.7822663 ]
2020-07-18 20:46:14,442 - root - DEBUG - Updating hall of fame
2020-07-18 20:46:14,813 - root - INFO - Completed generation 96; 1.5s elapsed, 1.9s avg, 1.9e+02s total. Expected time remaining: 2e+02s
2020-07-18 20:46:14,870 - root - INFO - #96 MAX:accuracy.mean: 0.91
2020-07-18 20:46:14,913 - root - DEBUG - Sampled weight [1.13221219 0.37622624 0.81105414 1.01790877 1.4741179 ]
2020-07-18 20:46:16,012 - root - DEBUG - Updating hall of fame
2020-07-18 20:46:17,327 - root - INFO - Completed generation 97; 2.5s elapsed, 1.9s avg, 1.9e+02s total. Expected time remaining: 2e+02s
2020-07-18 20:46:17,385 - root - INFO - #97 MAX:accuracy.mean: 0.79
2020-07-18 20:46:17,426 - root - DEBUG - Sampled weight [1.31663514 1.20644751 1.76450764 0.68506812 2.15438111]
2020-07-18 20:46:18,510 - root - DEBUG - Updating hall of fame
2020-07-18 20:46:19,104 - root - INFO - Completed generation 98; 1.7s elapsed, 1.9s avg, 1.9e+02s total. Expected time remaining: 2e+02s
2020-07-18 20:46:19,161 - root - INFO - #98 MAX:accuracy.mean: 0.76
2020-07-18 20:46:19,203 - root - DEBUG - Sampled weight [1.26040363 1.9978399  0.94870319 0.85375277 0.90840427]
2020-07-18 20:46:20,293 - root - DEBUG - Updating hall of fame
2020-07-18 20:46:20,492 - root - INFO - Completed generation 99; 1.3s elapsed, 1.9s avg, 1.9e+02s total. Expected time remaining: 2e+02s
2020-07-18 20:46:20,549 - root - INFO - #99 MAX:accuracy.mean: 0.87
2020-07-18 20:46:20,591 - root - DEBUG - Sampled weight [1.38154876 0.62404813 2.48830978 0.37362473 0.76266075]
2020-07-18 20:46:21,695 - root - DEBUG - Updating hall of fame
2020-07-18 20:46:22,458 - root - INFO - Completed generation 100; 1.9s elapsed, 1.9s avg, 1.9e+02s total. Expected time remaining: 1.9e+02s
2020-07-18 20:46:22,515 - root - INFO - #100 MAX:accuracy.mean: 0.75
2020-07-18 20:46:22,611 - root - DEBUG - Sampled weight [0.85702881 1.11091359 0.74910966 1.61840912 1.02146745]
2020-07-18 20:46:23,695 - root - DEBUG - Updating hall of fame
2020-07-18 20:46:23,879 - root - INFO - Completed generation 101; 1.3s elapsed, 1.9s avg, 1.9e+02s total. Expected time remaining: 1.9e+02s
2020-07-18 20:46:23,937 - root - INFO - #101 MAX:accuracy.mean: 0.9
2020-07-18 20:46:23,979 - root - DEBUG - Sampled weight [1.67417412 1.42963316 0.88717444 2.29970452 0.96163909]
2020-07-18 20:46:25,078 - root - DEBUG - Updating hall of fame
2020-07-18 20:46:26,210 - root - INFO - Completed generation 102; 2.3s elapsed, 1.9s avg, 2e+02s total. Expected time remaining: 1.9e+02s
2020-07-18 20:46:26,268 - root - INFO - #102 MAX:accuracy.mean: 0.85
2020-07-18 20:46:26,310 - root - DEBUG - Sampled weight [1.57817286 1.58864891 1.5269519  1.02933853 1.99958935]
2020-07-18 20:46:27,401 - root - DEBUG - Updating hall of fame
2020-07-18 20:46:28,167 - root - INFO - Completed generation 103; 1.9s elapsed, 1.9s avg, 2e+02s total. Expected time remaining: 1.9e+02s
2020-07-18 20:46:28,225 - root - INFO - #103 MAX:accuracy.mean: 0.85
2020-07-18 20:46:28,265 - root - DEBUG - Sampled weight [1.54306422 2.03131099 0.46706001 0.80347502 0.71049732]
2020-07-18 20:46:29,348 - root - DEBUG - Updating hall of fame
2020-07-18 20:46:30,318 - root - INFO - Completed generation 104; 2.1s elapsed, 1.9s avg, 2e+02s total. Expected time remaining: 1.9e+02s
2020-07-18 20:46:30,377 - root - INFO - #104 MAX:accuracy.mean: 0.76
2020-07-18 20:46:30,418 - root - DEBUG - Sampled weight [1.23471136 0.63840105 0.79884721 1.93550888 1.61256609]
2020-07-18 20:46:31,489 - root - DEBUG - Updating hall of fame
2020-07-18 20:46:32,441 - root - INFO - Completed generation 105; 2.1s elapsed, 1.9s avg, 2e+02s total. Expected time remaining: 1.8e+02s
2020-07-18 20:46:32,499 - root - INFO - #105 MAX:accuracy.mean: 0.79
2020-07-18 20:46:32,541 - root - DEBUG - Sampled weight [0.65101656 0.73125265 0.80576277 0.88935664 1.77125736]
2020-07-18 20:46:33,639 - root - DEBUG - Updating hall of fame
2020-07-18 20:46:34,397 - root - INFO - Completed generation 106; 1.9s elapsed, 1.9s avg, 2.1e+02s total. Expected time remaining: 1.8e+02s
2020-07-18 20:46:34,454 - root - INFO - #106 MAX:accuracy.mean: 0.85
2020-07-18 20:46:34,495 - root - DEBUG - Sampled weight [1.14547183 0.77263058 1.07380909 1.68289892 1.5010367 ]
2020-07-18 20:46:35,598 - root - DEBUG - Updating hall of fame
2020-07-18 20:46:36,167 - root - INFO - Completed generation 107; 1.7s elapsed, 1.9s avg, 2.1e+02s total. Expected time remaining: 1.8e+02s
2020-07-18 20:46:36,225 - root - INFO - #107 MAX:accuracy.mean: 0.88
2020-07-18 20:46:36,266 - root - DEBUG - Sampled weight [0.69143351 1.16857613 1.00560407 1.17626242 1.36295338]
2020-07-18 20:46:37,359 - root - DEBUG - Updating hall of fame
2020-07-18 20:46:38,323 - root - INFO - Completed generation 108; 2.1s elapsed, 1.9s avg, 2.1e+02s total. Expected time remaining: 1.8e+02s
2020-07-18 20:46:38,381 - root - INFO - #108 MAX:accuracy.mean: 0.91
2020-07-18 20:46:38,423 - root - DEBUG - Sampled weight [1.00055698 0.79445738 0.8824708  0.58753613 0.77314714]
2020-07-18 20:46:39,531 - root - DEBUG - Updating hall of fame
2020-07-18 20:46:40,494 - root - INFO - Completed generation 109; 2.1s elapsed, 1.9s avg, 2.1e+02s total. Expected time remaining: 1.8e+02s
2020-07-18 20:46:40,552 - root - INFO - #109 MAX:accuracy.mean: 0.85
2020-07-18 20:46:40,595 - root - DEBUG - Sampled weight [2.37444478 1.48765307 0.54159382 1.58592114 2.09893932]
2020-07-18 20:46:41,695 - root - DEBUG - Updating hall of fame
2020-07-18 20:46:42,453 - root - INFO - Completed generation 110; 1.9s elapsed, 1.9s avg, 2.1e+02s total. Expected time remaining: 1.7e+02s
2020-07-18 20:46:42,511 - root - INFO - #110 MAX:accuracy.mean: 0.77
2020-07-18 20:46:42,629 - root - DEBUG - Sampled weight [0.48468609 1.56570363 1.6536105  0.52436391 0.84924572]
2020-07-18 20:46:43,726 - root - DEBUG - Updating hall of fame
2020-07-18 20:46:43,919 - root - INFO - Completed generation 111; 1.3s elapsed, 1.9s avg, 2.1e+02s total. Expected time remaining: 1.7e+02s
2020-07-18 20:46:43,977 - root - INFO - #111 MAX:accuracy.mean: 0.76
2020-07-18 20:46:44,019 - root - DEBUG - Sampled weight [1.41490304 0.78985393 0.86663641 0.37654607 1.45251275]
2020-07-18 20:46:45,118 - root - DEBUG - Updating hall of fame
2020-07-18 20:46:46,261 - root - INFO - Completed generation 112; 2.3s elapsed, 1.9s avg, 2.2e+02s total. Expected time remaining: 1.7e+02s
2020-07-18 20:46:46,319 - root - INFO - #112 MAX:accuracy.mean: 0.79
2020-07-18 20:46:46,360 - root - DEBUG - Sampled weight [0.65819533 2.07375924 0.3805721  0.88893995 0.96689255]
2020-07-18 20:46:47,460 - root - DEBUG - Updating hall of fame
2020-07-18 20:46:48,600 - root - INFO - Completed generation 113; 2.3s elapsed, 1.9s avg, 2.2e+02s total. Expected time remaining: 1.7e+02s
2020-07-18 20:46:48,658 - root - INFO - #113 MAX:accuracy.mean: 0.78
2020-07-18 20:46:48,700 - root - DEBUG - Sampled weight [1.20411485 0.88836749 0.91892781 1.1166847  1.27370014]
2020-07-18 20:46:49,784 - root - DEBUG - Updating hall of fame
2020-07-18 20:46:50,532 - root - INFO - Completed generation 114; 1.9s elapsed, 1.9s avg, 2.2e+02s total. Expected time remaining: 1.7e+02s
2020-07-18 20:46:50,589 - root - INFO - #114 MAX:accuracy.mean: 0.95
2020-07-18 20:46:50,630 - root - DEBUG - Sampled weight [1.2171391  0.89754358 0.28659201 1.08963342 2.68077166]
2020-07-18 20:46:51,751 - root - DEBUG - Updating hall of fame
2020-07-18 20:46:52,536 - root - INFO - Completed generation 115; 1.9s elapsed, 1.9s avg, 2.2e+02s total. Expected time remaining: 1.6e+02s
2020-07-18 20:46:52,594 - root - INFO - #115 MAX:accuracy.mean: 0.77
2020-07-18 20:46:52,635 - root - DEBUG - Sampled weight [1.93168663 0.64779789 1.21636272 1.73042128 0.69945443]
2020-07-18 20:46:53,735 - root - DEBUG - Updating hall of fame
2020-07-18 20:46:54,513 - root - INFO - Completed generation 116; 1.9s elapsed, 1.9s avg, 2.2e+02s total. Expected time remaining: 1.6e+02s
2020-07-18 20:46:54,571 - root - INFO - #116 MAX:accuracy.mean: 0.77
2020-07-18 20:46:54,613 - root - DEBUG - Sampled weight [0.51386386 2.12857651 1.6282612  0.49817966 1.12991601]
2020-07-18 20:46:55,695 - root - DEBUG - Updating hall of fame
2020-07-18 20:46:56,261 - root - INFO - Completed generation 117; 1.7s elapsed, 1.9s avg, 2.3e+02s total. Expected time remaining: 1.6e+02s
2020-07-18 20:46:56,319 - root - INFO - #117 MAX:accuracy.mean: 0.76
2020-07-18 20:46:56,359 - root - DEBUG - Sampled weight [0.60133805 1.94417378 1.06884872 2.56108561 2.05876293]
2020-07-18 20:46:57,447 - root - DEBUG - Updating hall of fame
2020-07-18 20:46:58,033 - root - INFO - Completed generation 118; 1.7s elapsed, 1.9s avg, 2.3e+02s total. Expected time remaining: 1.6e+02s
2020-07-18 20:46:58,091 - root - INFO - #118 MAX:accuracy.mean: 0.77
2020-07-18 20:46:58,132 - root - DEBUG - Sampled weight [1.92732342 1.61899501 1.05087011 0.82624664 1.31468193]
2020-07-18 20:46:59,223 - root - DEBUG - Updating hall of fame
2020-07-18 20:46:59,618 - root - INFO - Completed generation 119; 1.5s elapsed, 1.9s avg, 2.3e+02s total. Expected time remaining: 1.6e+02s
2020-07-18 20:46:59,675 - root - INFO - #119 MAX:accuracy.mean: 0.9
2020-07-18 20:46:59,717 - root - DEBUG - Sampled weight [0.61412605 0.51561485 0.84631016 0.58915632 0.95094437]
2020-07-18 20:47:00,829 - root - DEBUG - Updating hall of fame
2020-07-18 20:47:01,640 - root - INFO - Completed generation 120; 2.0s elapsed, 1.9s avg, 2.3e+02s total. Expected time remaining: 1.5e+02s
2020-07-18 20:47:01,703 - root - INFO - #120 MAX:accuracy.mean: 0.8
2020-07-18 20:47:01,821 - root - DEBUG - Sampled weight [0.95189643 0.69293517 1.44481008 0.78359576 0.47482327]
2020-07-18 20:47:02,939 - root - DEBUG - Updating hall of fame
2020-07-18 20:47:03,505 - root - INFO - Completed generation 121; 1.7s elapsed, 1.9s avg, 2.3e+02s total. Expected time remaining: 1.5e+02s
2020-07-18 20:47:03,562 - root - INFO - #121 MAX:accuracy.mean: 0.78
2020-07-18 20:47:03,605 - root - DEBUG - Sampled weight [0.56696087 1.08637253 0.96818141 1.10601166 0.84311141]
2020-07-18 20:47:04,717 - root - DEBUG - Updating hall of fame
2020-07-18 20:47:05,669 - root - INFO - Completed generation 122; 2.1s elapsed, 1.9s avg, 2.4e+02s total. Expected time remaining: 1.5e+02s
2020-07-18 20:47:05,727 - root - INFO - #122 MAX:accuracy.mean: 0.85
2020-07-18 20:47:05,768 - root - DEBUG - Sampled weight [0.80160855 0.3084414  0.74972322 0.76340862 0.73847578]
2020-07-18 20:47:06,879 - root - DEBUG - Updating hall of fame
2020-07-18 20:47:07,635 - root - INFO - Completed generation 123; 1.9s elapsed, 1.9s avg, 2.4e+02s total. Expected time remaining: 1.5e+02s
2020-07-18 20:47:07,692 - root - INFO - #123 MAX:accuracy.mean: 0.83
2020-07-18 20:47:07,733 - root - DEBUG - Sampled weight [1.22021754 1.18362595 0.65745081 1.80023154 0.58421147]
2020-07-18 20:47:08,829 - root - DEBUG - Updating hall of fame
2020-07-18 20:47:09,769 - root - INFO - Completed generation 124; 2.1s elapsed, 1.9s avg, 2.4e+02s total. Expected time remaining: 1.5e+02s
2020-07-18 20:47:09,826 - root - INFO - #124 MAX:accuracy.mean: 0.78
2020-07-18 20:47:09,868 - root - DEBUG - Sampled weight [1.52033166 2.37152524 0.66346225 1.18147131 0.64640669]
2020-07-18 20:47:10,975 - root - DEBUG - Updating hall of fame
2020-07-18 20:47:11,538 - root - INFO - Completed generation 125; 1.7s elapsed, 1.9s avg, 2.4e+02s total. Expected time remaining: 1.4e+02s
2020-07-18 20:47:11,596 - root - INFO - #125 MAX:accuracy.mean: 0.82
2020-07-18 20:47:11,637 - root - DEBUG - Sampled weight [0.82523045 2.12735697 0.72722797 2.38246032 0.50281594]
2020-07-18 20:47:12,733 - root - DEBUG - Updating hall of fame
2020-07-18 20:47:12,930 - root - INFO - Completed generation 126; 1.3s elapsed, 1.9s avg, 2.4e+02s total. Expected time remaining: 1.4e+02s
2020-07-18 20:47:12,987 - root - INFO - #126 MAX:accuracy.mean: 0.77
2020-07-18 20:47:13,029 - root - DEBUG - Sampled weight [2.41113617 0.42559316 0.82969738 1.52411013 0.63864008]
2020-07-18 20:47:14,132 - root - DEBUG - Updating hall of fame
2020-07-18 20:47:14,692 - root - INFO - Completed generation 127; 1.7s elapsed, 1.9s avg, 2.4e+02s total. Expected time remaining: 1.4e+02s
2020-07-18 20:47:14,749 - root - INFO - #127 MAX:accuracy.mean: 0.76
2020-07-18 20:47:14,790 - root - DEBUG - Sampled weight [1.83346979 0.68494541 0.4557885  0.67296206 1.84324782]
2020-07-18 20:47:15,882 - root - DEBUG - Updating hall of fame
2020-07-18 20:47:16,672 - root - INFO - Completed generation 128; 1.9s elapsed, 1.9s avg, 2.5e+02s total. Expected time remaining: 1.4e+02s
2020-07-18 20:47:16,730 - root - INFO - #128 MAX:accuracy.mean: 0.77
2020-07-18 20:47:16,771 - root - DEBUG - Sampled weight [1.10524654 0.82827873 0.59602949 0.78541327 2.67240909]
2020-07-18 20:47:17,871 - root - DEBUG - Updating hall of fame
2020-07-18 20:47:18,822 - root - INFO - Completed generation 129; 2.1s elapsed, 1.9s avg, 2.5e+02s total. Expected time remaining: 1.4e+02s
2020-07-18 20:47:18,879 - root - INFO - #129 MAX:accuracy.mean: 0.81
2020-07-18 20:47:18,921 - root - DEBUG - Sampled weight [0.97284926 0.71845893 1.3111207  2.77666951 1.11629275]
2020-07-18 20:47:20,034 - root - DEBUG - Updating hall of fame
2020-07-18 20:47:20,813 - root - INFO - Completed generation 130; 1.9s elapsed, 1.9s avg, 2.5e+02s total. Expected time remaining: 1.3e+02s
2020-07-18 20:47:20,870 - root - INFO - #130 MAX:accuracy.mean: 0.86
2020-07-18 20:47:20,975 - root - DEBUG - Sampled weight [0.87279935 0.90926044 3.3750004  2.67091635 1.8396737 ]
2020-07-18 20:47:22,095 - root - DEBUG - Updating hall of fame
2020-07-18 20:47:23,057 - root - INFO - Completed generation 131; 2.1s elapsed, 1.9s avg, 2.5e+02s total. Expected time remaining: 1.3e+02s
2020-07-18 20:47:23,115 - root - INFO - #131 MAX:accuracy.mean: 0.79
2020-07-18 20:47:23,157 - root - DEBUG - Sampled weight [0.86812715 1.24314148 0.43500166 0.93882351 1.01722496]
2020-07-18 20:47:24,270 - root - DEBUG - Updating hall of fame
2020-07-18 20:47:25,025 - root - INFO - Completed generation 132; 1.9s elapsed, 1.9s avg, 2.5e+02s total. Expected time remaining: 1.3e+02s
2020-07-18 20:47:25,082 - root - INFO - #132 MAX:accuracy.mean: 0.83
2020-07-18 20:47:25,123 - root - DEBUG - Sampled weight [1.82729339 0.54583956 0.87929075 0.39623906 0.92558957]
2020-07-18 20:47:26,255 - root - DEBUG - Updating hall of fame
2020-07-18 20:47:26,839 - root - INFO - Completed generation 133; 1.8s elapsed, 1.9s avg, 2.6e+02s total. Expected time remaining: 1.3e+02s
2020-07-18 20:47:26,897 - root - INFO - #133 MAX:accuracy.mean: 0.78
2020-07-18 20:47:26,939 - root - DEBUG - Sampled weight [0.87862229 1.13871199 2.09824323 0.62848866 0.87663341]
2020-07-18 20:47:28,045 - root - DEBUG - Updating hall of fame
2020-07-18 20:47:28,829 - root - INFO - Completed generation 134; 1.9s elapsed, 1.9s avg, 2.6e+02s total. Expected time remaining: 1.3e+02s
2020-07-18 20:47:28,886 - root - INFO - #134 MAX:accuracy.mean: 0.86
2020-07-18 20:47:28,929 - root - DEBUG - Sampled weight [0.49821301 1.30477748 0.55772501 0.95613819 0.8741829 ]
2020-07-18 20:47:30,038 - root - DEBUG - Updating hall of fame
2020-07-18 20:47:30,795 - root - INFO - Completed generation 135; 1.9s elapsed, 1.9s avg, 2.6e+02s total. Expected time remaining: 1.3e+02s
2020-07-18 20:47:30,853 - root - INFO - #135 MAX:accuracy.mean: 0.78
2020-07-18 20:47:30,895 - root - DEBUG - Sampled weight [2.4545602  0.67306128 0.60634175 1.92434682 0.42984279]
2020-07-18 20:47:32,025 - root - DEBUG - Updating hall of fame
2020-07-18 20:47:33,185 - root - INFO - Completed generation 136; 2.3s elapsed, 1.9s avg, 2.6e+02s total. Expected time remaining: 1.2e+02s
2020-07-18 20:47:33,242 - root - INFO - #136 MAX:accuracy.mean: 0.77
2020-07-18 20:47:33,285 - root - DEBUG - Sampled weight [1.20695078 0.79894771 1.59861116 1.12340916 1.93690429]
2020-07-18 20:47:34,391 - root - DEBUG - Updating hall of fame
2020-07-18 20:47:34,590 - root - INFO - Completed generation 137; 1.3s elapsed, 1.9s avg, 2.6e+02s total. Expected time remaining: 1.2e+02s
2020-07-18 20:47:34,647 - root - INFO - #137 MAX:accuracy.mean: 0.91
2020-07-18 20:47:34,688 - root - DEBUG - Sampled weight [1.88421916 0.8601672  0.74312776 0.69713003 2.18004996]
2020-07-18 20:47:35,788 - root - DEBUG - Updating hall of fame
2020-07-18 20:47:36,368 - root - INFO - Completed generation 138; 1.7s elapsed, 1.9s avg, 2.7e+02s total. Expected time remaining: 1.2e+02s
2020-07-18 20:47:36,426 - root - INFO - #138 MAX:accuracy.mean: 0.83
2020-07-18 20:47:36,466 - root - DEBUG - Sampled weight [2.02408883 1.28009026 1.00734177 1.03347907 2.41061243]
2020-07-18 20:47:37,562 - root - DEBUG - Updating hall of fame
2020-07-18 20:47:38,124 - root - INFO - Completed generation 139; 1.7s elapsed, 1.9s avg, 2.7e+02s total. Expected time remaining: 1.2e+02s
2020-07-18 20:47:38,182 - root - INFO - #139 MAX:accuracy.mean: 0.88
2020-07-18 20:47:38,223 - root - DEBUG - Sampled weight [0.81150794 1.39910638 0.61796914 1.02375026 1.243068  ]
2020-07-18 20:47:39,319 - root - DEBUG - Updating hall of fame
2020-07-18 20:47:39,702 - root - INFO - Completed generation 140; 1.5s elapsed, 1.9s avg, 2.7e+02s total. Expected time remaining: 1.1e+02s
2020-07-18 20:47:39,759 - root - INFO - #140 MAX:accuracy.mean: 0.85
2020-07-18 20:47:39,886 - root - DEBUG - Sampled weight [1.64889196 0.70890386 0.9429412  2.32283391 0.8417457 ]
2020-07-18 20:47:41,008 - root - DEBUG - Updating hall of fame
2020-07-18 20:47:41,976 - root - INFO - Completed generation 141; 2.1s elapsed, 1.9s avg, 2.7e+02s total. Expected time remaining: 1.1e+02s
2020-07-18 20:47:42,034 - root - INFO - #141 MAX:accuracy.mean: 0.86
2020-07-18 20:47:42,076 - root - DEBUG - Sampled weight [1.55391442 0.99230743 1.28469246 1.55655318 0.44959377]
2020-07-18 20:47:43,194 - root - DEBUG - Updating hall of fame
2020-07-18 20:47:43,977 - root - INFO - Completed generation 142; 1.9s elapsed, 1.9s avg, 2.7e+02s total. Expected time remaining: 1.1e+02s
2020-07-18 20:47:44,035 - root - INFO - #142 MAX:accuracy.mean: 0.83
2020-07-18 20:47:44,077 - root - DEBUG - Sampled weight [2.34193472 0.67966865 2.9005578  3.94590325 0.78349131]
2020-07-18 20:47:45,214 - root - DEBUG - Updating hall of fame
2020-07-18 20:47:46,202 - root - INFO - Completed generation 143; 2.2s elapsed, 1.9s avg, 2.7e+02s total. Expected time remaining: 1.1e+02s
2020-07-18 20:47:46,260 - root - INFO - #143 MAX:accuracy.mean: 0.78
2020-07-18 20:47:46,301 - root - DEBUG - Sampled weight [0.87166773 1.20305778 0.57364091 1.63479155 0.46558199]
2020-07-18 20:47:47,387 - root - DEBUG - Updating hall of fame
2020-07-18 20:47:47,950 - root - INFO - Completed generation 144; 1.7s elapsed, 1.9s avg, 2.8e+02s total. Expected time remaining: 1.1e+02s
2020-07-18 20:47:48,007 - root - INFO - #144 MAX:accuracy.mean: 0.78
2020-07-18 20:47:48,050 - root - DEBUG - Sampled weight [1.27913683 0.62972392 0.65443632 0.37996642 2.34890476]
2020-07-18 20:47:49,164 - root - DEBUG - Updating hall of fame
2020-07-18 20:47:50,505 - root - INFO - Completed generation 145; 2.5s elapsed, 1.9s avg, 2.8e+02s total. Expected time remaining: 1.1e+02s
2020-07-18 20:47:50,564 - root - INFO - #145 MAX:accuracy.mean: 0.77
2020-07-18 20:47:50,605 - root - DEBUG - Sampled weight [0.73196032 0.86609201 1.04449595 0.85105716 1.38613691]
2020-07-18 20:47:51,718 - root - DEBUG - Updating hall of fame
2020-07-18 20:47:51,912 - root - INFO - Completed generation 146; 1.3s elapsed, 1.9s avg, 2.8e+02s total. Expected time remaining: 1e+02s
2020-07-18 20:47:51,970 - root - INFO - #146 MAX:accuracy.mean: 0.91
2020-07-18 20:47:52,012 - root - DEBUG - Sampled weight [2.46755694 1.67396574 0.50093354 1.36358346 1.08081294]
2020-07-18 20:47:53,146 - root - DEBUG - Updating hall of fame
2020-07-18 20:47:54,686 - root - INFO - Completed generation 147; 2.7s elapsed, 1.9s avg, 2.8e+02s total. Expected time remaining: 1e+02s
2020-07-18 20:47:54,743 - root - INFO - #147 MAX:accuracy.mean: 0.82
2020-07-18 20:47:54,785 - root - DEBUG - Sampled weight [1.48862184 1.86924405 0.46527169 0.56289866 1.80538145]
2020-07-18 20:47:55,908 - root - DEBUG - Updating hall of fame
2020-07-18 20:47:56,905 - root - INFO - Completed generation 148; 2.2s elapsed, 1.9s avg, 2.8e+02s total. Expected time remaining: 1e+02s
2020-07-18 20:47:56,962 - root - INFO - #148 MAX:accuracy.mean: 0.81
2020-07-18 20:47:57,004 - root - DEBUG - Sampled weight [1.52693458 0.70225972 2.01904065 1.19463336 0.44397711]
2020-07-18 20:47:58,116 - root - DEBUG - Updating hall of fame
2020-07-18 20:47:58,712 - root - INFO - Completed generation 149; 1.7s elapsed, 1.9s avg, 2.9e+02s total. Expected time remaining: 9.8e+01s
2020-07-18 20:47:58,770 - root - INFO - #149 MAX:accuracy.mean: 0.81
2020-07-18 20:47:58,811 - root - DEBUG - Sampled weight [1.48643723 3.121805   0.7426221  0.74911135 0.6020743 ]
2020-07-18 20:47:59,905 - root - DEBUG - Updating hall of fame
2020-07-18 20:48:00,684 - root - INFO - Completed generation 150; 1.9s elapsed, 1.9s avg, 2.9e+02s total. Expected time remaining: 9.6e+01s
2020-07-18 20:48:00,741 - root - INFO - #150 MAX:accuracy.mean: 0.79
2020-07-18 20:48:00,876 - root - DEBUG - Sampled weight [0.59501679 1.19767759 1.25516303 0.61079587 0.78180582]
2020-07-18 20:48:01,970 - root - DEBUG - Updating hall of fame
2020-07-18 20:48:02,381 - root - INFO - Completed generation 151; 1.5s elapsed, 1.9s avg, 2.9e+02s total. Expected time remaining: 9.4e+01s
2020-07-18 20:48:02,444 - root - INFO - #151 MAX:accuracy.mean: 0.78
2020-07-18 20:48:02,489 - root - DEBUG - Sampled weight [0.58568517 1.17955547 0.75136161 0.37993203 0.81183936]
2020-07-18 20:48:03,633 - root - DEBUG - Updating hall of fame
2020-07-18 20:48:04,619 - root - INFO - Completed generation 152; 2.2s elapsed, 1.9s avg, 2.9e+02s total. Expected time remaining: 9.2e+01s
2020-07-18 20:48:04,677 - root - INFO - #152 MAX:accuracy.mean: 0.78
2020-07-18 20:48:04,719 - root - DEBUG - Sampled weight [1.51307993 0.78010488 1.38872799 0.61145728 1.22119809]
2020-07-18 20:48:05,864 - root - DEBUG - Updating hall of fame
2020-07-18 20:48:06,477 - root - INFO - Completed generation 153; 1.8s elapsed, 1.9s avg, 2.9e+02s total. Expected time remaining: 9e+01s
2020-07-18 20:48:06,535 - root - INFO - #153 MAX:accuracy.mean: 0.84
2020-07-18 20:48:06,577 - root - DEBUG - Sampled weight [1.58467724 0.78745328 1.74057722 0.73756106 3.2218673 ]
2020-07-18 20:48:07,719 - root - DEBUG - Updating hall of fame
2020-07-18 20:48:08,494 - root - INFO - Completed generation 154; 2.0s elapsed, 1.9s avg, 3e+02s total. Expected time remaining: 8.8e+01s
2020-07-18 20:48:08,551 - root - INFO - #154 MAX:accuracy.mean: 0.84
2020-07-18 20:48:08,594 - root - DEBUG - Sampled weight [1.53789174 0.73306148 1.58096365 2.15090916 0.65691859]
2020-07-18 20:48:09,714 - root - DEBUG - Updating hall of fame
2020-07-18 20:48:10,112 - root - INFO - Completed generation 155; 1.6s elapsed, 1.9s avg, 3e+02s total. Expected time remaining: 8.6e+01s
2020-07-18 20:48:10,170 - root - INFO - #155 MAX:accuracy.mean: 0.81
2020-07-18 20:48:10,212 - root - DEBUG - Sampled weight [1.14037385 0.60082178 1.51077069 1.15019645 0.50632746]
2020-07-18 20:48:11,329 - root - DEBUG - Updating hall of fame
2020-07-18 20:48:12,283 - root - INFO - Completed generation 156; 2.1s elapsed, 1.9s avg, 3e+02s total. Expected time remaining: 8.5e+01s
2020-07-18 20:48:12,340 - root - INFO - #156 MAX:accuracy.mean: 0.78
2020-07-18 20:48:12,383 - root - DEBUG - Sampled weight [0.99227615 0.30752386 0.73651297 0.78514164 0.42404365]
2020-07-18 20:48:13,523 - root - DEBUG - Updating hall of fame
2020-07-18 20:48:14,513 - root - INFO - Completed generation 157; 2.2s elapsed, 1.9s avg, 3e+02s total. Expected time remaining: 8.3e+01s
2020-07-18 20:48:14,571 - root - INFO - #157 MAX:accuracy.mean: 0.78
2020-07-18 20:48:14,614 - root - DEBUG - Sampled weight [0.50825949 0.75211821 0.706393   1.92884978 0.85773947]
2020-07-18 20:48:15,744 - root - DEBUG - Updating hall of fame
2020-07-18 20:48:16,329 - root - INFO - Completed generation 158; 1.8s elapsed, 1.9s avg, 3e+02s total. Expected time remaining: 8.1e+01s
2020-07-18 20:48:16,387 - root - INFO - #158 MAX:accuracy.mean: 0.78
2020-07-18 20:48:16,428 - root - DEBUG - Sampled weight [0.73427513 1.74256456 1.25440991 0.65673279 1.50882231]
2020-07-18 20:48:17,545 - root - DEBUG - Updating hall of fame
2020-07-18 20:48:18,890 - root - INFO - Completed generation 159; 2.5s elapsed, 1.9s avg, 3.1e+02s total. Expected time remaining: 7.9e+01s
2020-07-18 20:48:18,949 - root - INFO - #159 MAX:accuracy.mean: 0.84
2020-07-18 20:48:18,990 - root - DEBUG - Sampled weight [0.66866373 1.08586018 0.87889803 0.80235316 0.65887255]
2020-07-18 20:48:20,116 - root - DEBUG - Updating hall of fame
2020-07-18 20:48:20,887 - root - INFO - Completed generation 160; 1.9s elapsed, 1.9s avg, 3.1e+02s total. Expected time remaining: 7.7e+01s
2020-07-18 20:48:20,945 - root - INFO - #160 MAX:accuracy.mean: 0.91
2020-07-18 20:48:21,054 - root - DEBUG - Sampled weight [0.55079462 1.08380113 0.95994765 0.44340808 1.04040292]
2020-07-18 20:48:22,202 - root - DEBUG - Updating hall of fame
2020-07-18 20:48:23,000 - root - INFO - Completed generation 161; 2.0s elapsed, 1.9s avg, 3.1e+02s total. Expected time remaining: 7.5e+01s
2020-07-18 20:48:23,061 - root - INFO - #161 MAX:accuracy.mean: 0.79
2020-07-18 20:48:23,105 - root - DEBUG - Sampled weight [0.32721792 0.65461848 0.57392266 0.65192853 0.69558235]
2020-07-18 20:48:24,280 - root - DEBUG - Updating hall of fame
2020-07-18 20:48:24,930 - root - INFO - Completed generation 162; 1.9s elapsed, 1.9s avg, 3.1e+02s total. Expected time remaining: 7.3e+01s
2020-07-18 20:48:24,992 - root - INFO - #162 MAX:accuracy.mean: 0.8
2020-07-18 20:48:25,060 - root - DEBUG - Sampled weight [1.61926217 0.52354305 0.96547675 1.24993469 0.93905761]
2020-07-18 20:48:26,249 - root - DEBUG - Updating hall of fame
2020-07-18 20:48:26,802 - root - INFO - Completed generation 163; 1.8s elapsed, 1.9s avg, 3.1e+02s total. Expected time remaining: 7.1e+01s
2020-07-18 20:48:26,859 - root - INFO - #163 MAX:accuracy.mean: 0.83
2020-07-18 20:48:26,901 - root - DEBUG - Sampled weight [0.60561032 2.19114156 0.31219422 0.58708249 1.37791808]
2020-07-18 20:48:28,005 - root - DEBUG - Updating hall of fame
2020-07-18 20:48:28,766 - root - INFO - Completed generation 164; 1.9s elapsed, 1.9s avg, 3.2e+02s total. Expected time remaining: 6.9e+01s
2020-07-18 20:48:28,824 - root - INFO - #164 MAX:accuracy.mean: 0.76
2020-07-18 20:48:28,865 - root - DEBUG - Sampled weight [0.79660475 1.44952037 2.5854024  0.77507804 1.84390055]
2020-07-18 20:48:29,968 - root - DEBUG - Updating hall of fame
2020-07-18 20:48:30,152 - root - INFO - Completed generation 165; 1.3s elapsed, 1.9s avg, 3.2e+02s total. Expected time remaining: 6.7e+01s
2020-07-18 20:48:30,212 - root - INFO - #165 MAX:accuracy.mean: 0.84
2020-07-18 20:48:30,255 - root - DEBUG - Sampled weight [0.51857249 0.96106877 0.97989726 0.61095815 0.42731387]
2020-07-18 20:48:31,356 - root - DEBUG - Updating hall of fame
2020-07-18 20:48:31,925 - root - INFO - Completed generation 166; 1.7s elapsed, 1.9s avg, 3.2e+02s total. Expected time remaining: 6.5e+01s
2020-07-18 20:48:31,983 - root - INFO - #166 MAX:accuracy.mean: 0.75
2020-07-18 20:48:32,022 - root - DEBUG - Sampled weight [0.78861556 0.4872201  1.51872456 0.76207203 1.07267046]
2020-07-18 20:48:33,153 - root - DEBUG - Updating hall of fame
2020-07-18 20:48:33,942 - root - INFO - Completed generation 167; 2.0s elapsed, 1.9s avg, 3.2e+02s total. Expected time remaining: 6.3e+01s
2020-07-18 20:48:34,000 - root - INFO - #167 MAX:accuracy.mean: 0.8
2020-07-18 20:48:34,040 - root - DEBUG - Sampled weight [1.57028036 0.73706941 0.50450889 1.18699892 1.39281171]
2020-07-18 20:48:35,151 - root - DEBUG - Updating hall of fame
2020-07-18 20:48:36,106 - root - INFO - Completed generation 168; 2.1s elapsed, 1.9s avg, 3.2e+02s total. Expected time remaining: 6.1e+01s
2020-07-18 20:48:36,163 - root - INFO - #168 MAX:accuracy.mean: 0.81
2020-07-18 20:48:36,206 - root - DEBUG - Sampled weight [0.80914687 1.32412767 0.68874628 0.80272623 0.72725575]
2020-07-18 20:48:37,358 - root - DEBUG - Updating hall of fame
2020-07-18 20:48:38,318 - root - INFO - Completed generation 169; 2.2s elapsed, 1.9s avg, 3.2e+02s total. Expected time remaining: 6e+01s
2020-07-18 20:48:38,376 - root - INFO - #169 MAX:accuracy.mean: 0.91
2020-07-18 20:48:38,418 - root - DEBUG - Sampled weight [1.15161499 1.66288685 0.55303832 1.4315726  0.93107712]
2020-07-18 20:48:39,538 - root - DEBUG - Updating hall of fame
2020-07-18 20:48:40,129 - root - INFO - Completed generation 170; 1.8s elapsed, 1.9s avg, 3.3e+02s total. Expected time remaining: 5.8e+01s
2020-07-18 20:48:40,187 - root - INFO - #170 MAX:accuracy.mean: 0.84
2020-07-18 20:48:40,316 - root - DEBUG - Sampled weight [0.67440881 0.3635737  0.63700881 0.66372881 1.05396559]
2020-07-18 20:48:41,462 - root - DEBUG - Updating hall of fame
2020-07-18 20:48:41,850 - root - INFO - Completed generation 171; 1.6s elapsed, 1.9s avg, 3.3e+02s total. Expected time remaining: 5.6e+01s
2020-07-18 20:48:41,908 - root - INFO - #171 MAX:accuracy.mean: 0.77
2020-07-18 20:48:41,950 - root - DEBUG - Sampled weight [1.33369134 0.82045582 0.90044025 2.64332138 0.43082336]
2020-07-18 20:48:43,070 - root - DEBUG - Updating hall of fame
2020-07-18 20:48:43,848 - root - INFO - Completed generation 172; 1.9s elapsed, 1.9s avg, 3.3e+02s total. Expected time remaining: 5.4e+01s
2020-07-18 20:48:43,906 - root - INFO - #172 MAX:accuracy.mean: 0.78
2020-07-18 20:48:43,948 - root - DEBUG - Sampled weight [0.8002822  1.68337965 0.73285337 0.53368364 1.07041357]
2020-07-18 20:48:45,068 - root - DEBUG - Updating hall of fame
2020-07-18 20:48:45,458 - root - INFO - Completed generation 173; 1.6s elapsed, 1.9s avg, 3.3e+02s total. Expected time remaining: 5.2e+01s
2020-07-18 20:48:45,526 - root - INFO - #173 MAX:accuracy.mean: 0.79
2020-07-18 20:48:45,568 - root - DEBUG - Sampled weight [1.97879043 1.16796915 0.4773368  1.49075486 1.12430393]
2020-07-18 20:48:46,685 - root - DEBUG - Updating hall of fame
2020-07-18 20:48:47,458 - root - INFO - Completed generation 174; 1.9s elapsed, 1.9s avg, 3.3e+02s total. Expected time remaining: 5e+01s
2020-07-18 20:48:47,515 - root - INFO - #174 MAX:accuracy.mean: 0.81
2020-07-18 20:48:47,558 - root - DEBUG - Sampled weight [0.93653088 0.56438158 0.68803607 1.57179232 1.2605296 ]
2020-07-18 20:48:48,690 - root - DEBUG - Updating hall of fame
2020-07-18 20:48:49,100 - root - INFO - Completed generation 175; 1.6s elapsed, 1.9s avg, 3.4e+02s total. Expected time remaining: 4.8e+01s
2020-07-18 20:48:49,158 - root - INFO - #175 MAX:accuracy.mean: 0.81
2020-07-18 20:48:49,200 - root - DEBUG - Sampled weight [1.67090133 1.34028537 2.27937607 0.88108449 1.50911006]
2020-07-18 20:48:50,335 - root - DEBUG - Updating hall of fame
2020-07-18 20:48:50,912 - root - INFO - Completed generation 176; 1.8s elapsed, 1.9s avg, 3.4e+02s total. Expected time remaining: 4.6e+01s
2020-07-18 20:48:50,970 - root - INFO - #176 MAX:accuracy.mean: 0.88
2020-07-18 20:48:51,013 - root - DEBUG - Sampled weight [0.834536   0.75000486 1.1311415  0.9257582  1.03617888]
2020-07-18 20:48:52,130 - root - DEBUG - Updating hall of fame
2020-07-18 20:48:52,509 - root - INFO - Completed generation 177; 1.5s elapsed, 1.9s avg, 3.4e+02s total. Expected time remaining: 4.4e+01s
2020-07-18 20:48:52,566 - root - INFO - #177 MAX:accuracy.mean: 0.95
2020-07-18 20:48:52,608 - root - DEBUG - Sampled weight [0.5378956  1.66088757 1.83815419 2.23912849 1.13190977]
2020-07-18 20:48:53,742 - root - DEBUG - Updating hall of fame
2020-07-18 20:48:54,707 - root - INFO - Completed generation 178; 2.1s elapsed, 1.9s avg, 3.4e+02s total. Expected time remaining: 4.2e+01s
2020-07-18 20:48:54,765 - root - INFO - #178 MAX:accuracy.mean: 0.82
2020-07-18 20:48:54,806 - root - DEBUG - Sampled weight [2.76507102 1.36295783 0.50948626 2.00650897 0.61731251]
2020-07-18 20:48:55,901 - root - DEBUG - Updating hall of fame
2020-07-18 20:48:56,471 - root - INFO - Completed generation 179; 1.7s elapsed, 1.9s avg, 3.4e+02s total. Expected time remaining: 4e+01s
2020-07-18 20:48:56,529 - root - INFO - #179 MAX:accuracy.mean: 0.81
2020-07-18 20:48:56,571 - root - DEBUG - Sampled weight [0.55707216 0.76401586 0.9788405  0.9306441  1.80864323]
2020-07-18 20:48:57,669 - root - DEBUG - Updating hall of fame
2020-07-18 20:48:58,417 - root - INFO - Completed generation 180; 1.9s elapsed, 1.9s avg, 3.4e+02s total. Expected time remaining: 3.8e+01s
2020-07-18 20:48:58,475 - root - INFO - #180 MAX:accuracy.mean: 0.8
2020-07-18 20:48:58,580 - root - DEBUG - Sampled weight [0.58237051 0.40255492 0.72277801 0.60691873 0.50364091]
2020-07-18 20:48:59,671 - root - DEBUG - Updating hall of fame
2020-07-18 20:49:00,804 - root - INFO - Completed generation 181; 2.3s elapsed, 1.9s avg, 3.5e+02s total. Expected time remaining: 3.6e+01s
2020-07-18 20:49:00,862 - root - INFO - #181 MAX:accuracy.mean: 0.84
2020-07-18 20:49:00,904 - root - DEBUG - Sampled weight [0.4833937  1.45444809 1.28031896 0.79650057 1.31360287]
2020-07-18 20:49:02,059 - root - DEBUG - Updating hall of fame
2020-07-18 20:49:02,649 - root - INFO - Completed generation 182; 1.8s elapsed, 1.9s avg, 3.5e+02s total. Expected time remaining: 3.4e+01s
2020-07-18 20:49:02,707 - root - INFO - #182 MAX:accuracy.mean: 0.81
2020-07-18 20:49:02,750 - root - DEBUG - Sampled weight [0.69446096 0.73642585 1.6081879  0.68190953 1.38934294]
2020-07-18 20:49:03,869 - root - DEBUG - Updating hall of fame
2020-07-18 20:49:04,447 - root - INFO - Completed generation 183; 1.7s elapsed, 1.9s avg, 3.5e+02s total. Expected time remaining: 3.3e+01s
2020-07-18 20:49:04,505 - root - INFO - #183 MAX:accuracy.mean: 0.88
2020-07-18 20:49:04,547 - root - DEBUG - Sampled weight [0.63568401 0.97280655 1.02149654 0.89539844 1.31861353]
2020-07-18 20:49:05,664 - root - DEBUG - Updating hall of fame
2020-07-18 20:49:06,033 - root - INFO - Completed generation 184; 1.5s elapsed, 1.9s avg, 3.5e+02s total. Expected time remaining: 3.1e+01s
2020-07-18 20:49:06,091 - root - INFO - #184 MAX:accuracy.mean: 0.87
2020-07-18 20:49:06,133 - root - DEBUG - Sampled weight [0.58206828 0.84240192 1.24890973 1.3564318  2.46298998]
2020-07-18 20:49:07,258 - root - DEBUG - Updating hall of fame
2020-07-18 20:49:08,217 - root - INFO - Completed generation 185; 2.1s elapsed, 1.9s avg, 3.5e+02s total. Expected time remaining: 2.9e+01s
2020-07-18 20:49:08,275 - root - INFO - #185 MAX:accuracy.mean: 0.79
2020-07-18 20:49:08,317 - root - DEBUG - Sampled weight [0.93995148 2.01287864 0.5349842  1.58386153 0.77583538]
2020-07-18 20:49:09,435 - root - DEBUG - Updating hall of fame
2020-07-18 20:49:09,805 - root - INFO - Completed generation 186; 1.5s elapsed, 1.9s avg, 3.6e+02s total. Expected time remaining: 2.7e+01s
2020-07-18 20:49:09,863 - root - INFO - #186 MAX:accuracy.mean: 0.78
2020-07-18 20:49:09,905 - root - DEBUG - Sampled weight [1.01852008 0.4818484  1.10221052 0.55628564 1.16052316]
2020-07-18 20:49:11,009 - root - DEBUG - Updating hall of fame
2020-07-18 20:49:11,746 - root - INFO - Completed generation 187; 1.9s elapsed, 1.9s avg, 3.6e+02s total. Expected time remaining: 2.5e+01s
2020-07-18 20:49:11,804 - root - INFO - #187 MAX:accuracy.mean: 0.78
2020-07-18 20:49:11,845 - root - DEBUG - Sampled weight [0.91519689 0.63601648 1.19628266 2.46652769 0.9850318 ]
2020-07-18 20:49:12,968 - root - DEBUG - Updating hall of fame
2020-07-18 20:49:14,131 - root - INFO - Completed generation 188; 2.3s elapsed, 1.9s avg, 3.6e+02s total. Expected time remaining: 2.3e+01s
2020-07-18 20:49:14,190 - root - INFO - #188 MAX:accuracy.mean: 0.84
2020-07-18 20:49:14,233 - root - DEBUG - Sampled weight [1.45877201 0.61647886 0.68391888 1.49049198 1.67959002]
2020-07-18 20:49:15,348 - root - DEBUG - Updating hall of fame
2020-07-18 20:49:15,535 - root - INFO - Completed generation 189; 1.3s elapsed, 1.9s avg, 3.6e+02s total. Expected time remaining: 2.1e+01s
2020-07-18 20:49:15,593 - root - INFO - #189 MAX:accuracy.mean: 0.79
2020-07-18 20:49:15,635 - root - DEBUG - Sampled weight [2.8976308  0.96519977 1.29485654 1.28102079 0.9772568 ]
2020-07-18 20:49:16,760 - root - DEBUG - Updating hall of fame
2020-07-18 20:49:17,331 - root - INFO - Completed generation 190; 1.7s elapsed, 1.9s avg, 3.6e+02s total. Expected time remaining: 1.9e+01s
2020-07-18 20:49:17,389 - root - INFO - #190 MAX:accuracy.mean: 0.88
2020-07-18 20:49:17,503 - root - DEBUG - Sampled weight [3.19304723 0.96058048 1.33879873 1.49728208 1.22484614]
2020-07-18 20:49:18,614 - root - DEBUG - Updating hall of fame
2020-07-18 20:49:18,983 - root - INFO - Completed generation 191; 1.5s elapsed, 1.9s avg, 3.6e+02s total. Expected time remaining: 1.7e+01s
2020-07-18 20:49:19,041 - root - INFO - #191 MAX:accuracy.mean: 0.88
2020-07-18 20:49:19,082 - root - DEBUG - Sampled weight [0.49353936 0.57078269 1.16412793 0.48946938 0.97961561]
2020-07-18 20:49:20,181 - root - DEBUG - Updating hall of fame
2020-07-18 20:49:20,736 - root - INFO - Completed generation 192; 1.7s elapsed, 1.9s avg, 3.7e+02s total. Expected time remaining: 1.5e+01s
2020-07-18 20:49:20,793 - root - INFO - #192 MAX:accuracy.mean: 0.78
2020-07-18 20:49:20,836 - root - DEBUG - Sampled weight [1.41063782 2.34225283 1.43367055 0.68292179 0.78220153]
2020-07-18 20:49:21,963 - root - DEBUG - Updating hall of fame
2020-07-18 20:49:22,726 - root - INFO - Completed generation 193; 1.9s elapsed, 1.9s avg, 3.7e+02s total. Expected time remaining: 1.3e+01s
2020-07-18 20:49:22,784 - root - INFO - #193 MAX:accuracy.mean: 0.79
2020-07-18 20:49:22,826 - root - DEBUG - Sampled weight [2.1197258  1.03423811 1.36618528 0.5153355  1.72593614]
2020-07-18 20:49:23,920 - root - DEBUG - Updating hall of fame
2020-07-18 20:49:24,103 - root - INFO - Completed generation 194; 1.3s elapsed, 1.9s avg, 3.7e+02s total. Expected time remaining: 1.1e+01s
2020-07-18 20:49:24,161 - root - INFO - #194 MAX:accuracy.mean: 0.78
2020-07-18 20:49:24,202 - root - DEBUG - Sampled weight [0.43513286 0.867357   1.7924084  0.77974573 0.9709994 ]
2020-07-18 20:49:25,293 - root - DEBUG - Updating hall of fame
2020-07-18 20:49:25,477 - root - INFO - Completed generation 195; 1.3s elapsed, 1.9s avg, 3.7e+02s total. Expected time remaining: 9.5s
2020-07-18 20:49:25,535 - root - INFO - #195 MAX:accuracy.mean: 0.78
2020-07-18 20:49:25,576 - root - DEBUG - Sampled weight [1.21316391 0.77759628 1.13364007 0.80245691 0.81882225]
2020-07-18 20:49:26,709 - root - DEBUG - Updating hall of fame
2020-07-18 20:49:27,866 - root - INFO - Completed generation 196; 2.3s elapsed, 1.9s avg, 3.7e+02s total. Expected time remaining: 7.6s
2020-07-18 20:49:27,924 - root - INFO - #196 MAX:accuracy.mean: 0.89
2020-07-18 20:49:27,968 - root - DEBUG - Sampled weight [4.35448484 0.90442691 1.28857208 0.36617417 2.70293793]
2020-07-18 20:49:29,116 - root - DEBUG - Updating hall of fame
2020-07-18 20:49:30,085 - root - INFO - Completed generation 197; 2.2s elapsed, 1.9s avg, 3.7e+02s total. Expected time remaining: 5.7s
2020-07-18 20:49:30,144 - root - INFO - #197 MAX:accuracy.mean: 0.75
2020-07-18 20:49:30,185 - root - DEBUG - Sampled weight [0.43688454 1.48560883 0.40187033 1.63885665 0.80415587]
2020-07-18 20:49:31,287 - root - DEBUG - Updating hall of fame
2020-07-18 20:49:31,471 - root - INFO - Completed generation 198; 1.3s elapsed, 1.9s avg, 3.8e+02s total. Expected time remaining: 3.8s
2020-07-18 20:49:31,529 - root - INFO - #198 MAX:accuracy.mean: 0.74
2020-07-18 20:49:31,573 - root - DEBUG - Sampled weight [0.56859492 1.20548865 0.63256863 0.76002446 0.74136536]
2020-07-18 20:49:32,672 - root - DEBUG - Updating hall of fame
2020-07-18 20:49:33,243 - root - INFO - Completed generation 199; 1.7s elapsed, 1.9s avg, 3.8e+02s total. Expected time remaining: 1.9s
2020-07-18 20:49:33,300 - root - INFO - #199 MAX:accuracy.mean: 0.78
2020-07-18 20:49:33,342 - root - DEBUG - Sampled weight [1.09626048 1.47355887 1.16441023 1.30480495 1.87093332]
2020-07-18 20:49:34,462 - root - DEBUG - Updating hall of fame
2020-07-18 20:49:34,832 - root - INFO - Completed generation 200; 1.5s elapsed, 1.9s avg, 3.8e+02s total. Expected time remaining: 0.0s
2020-07-18 20:49:34,890 - root - INFO - #200 MAX:accuracy.mean: 0.93
2020-07-18 20:49:35,066 - root - DEBUG - Loaded 150 samples.
2020-07-18 20:49:35,072 - root - INFO - Evaluating indivs in hall of fame.
2020-07-18 20:49:37,114 - root - INFO - Completed excution.
