2020-07-28 23:36:17,205 - root - INFO - Package version 0.1.1
2020-07-28 23:36:17,206 - root - INFO - Saving data at /vol/fob-vol1/mi15/plonerma/Lab/rewann/data/2020-07-28_Iris [1, 3, 8]; lognormal 0,0.5; signed: True_000.
2020-07-28 23:36:17,206 - root - DEBUG - Loading training dataset
2020-07-28 23:36:17,276 - root - DEBUG - Loaded 150 samples.
2020-07-28 23:36:17,277 - root - DEBUG - Running experiments with the following parameters:
debug = true
experiment_name = "Iris [1, 3, 8]; lognormal 0,0.5; signed: True"
experiment_path = "data/2020-07-28_Iris [1, 3, 8]; lognormal 0,0.5; signed: True_000"

[config]
num_workers = 1
debug = true
backend = "numpy"

[postopt]
run_postopt = true
compile_report = false
num_weights = 100
num_samples = -1

[sampling]
seed = 0
post_init_seed = false
distribution = "lognormal"
lower_bound = -2
upper_bound = 2
mean = 0
sigma = 0.5
num_weights_per_iteration = 5
num_samples_per_iteration = -1
hof_evaluation_iterations = 20

[task]
name = "iris"
sample_order_seed = 0
test_portion = 0.2
sample_length = 10
num_categories = 8

[storage]
data_base_path = "data"
log_filename = "execution.log"
commit_elite_freq = -1
commit_metrics_freq = 10

[population]
num_generations = 200
size = 100
initial_enabled_edge_prob = 0.05
initial_genes = "full"
hof_size = 10
enable_edge_signs = true
enabled_activation_funcs = [ 1, 3, 8,]

[selection]
use_tournaments = true
elite_ratio = 0.1
culling_ratio = 0.2
tournament_size = 5
objectives = [ "-log_loss.min", "-log_loss.mean", "-n_hidden",]
recorded_metrics = [ "accuracy", "kappa", "log_loss",]
hof_metric = "accuracy.mean"

[mutation.new_edge]
probability = 0.2
strategy = "layer_agnostic"
propability = 0.2

[mutation.new_node]
probability = 0.25
propability = 0.3

[mutation.reenable_edge]
probability = 0.05
propability = 0.1

[mutation.change_activation]
probability = 0.5
propability = 0.4

[mutation.change_edge_sign]
probability = 0.2

[mutation.new_recurrent_edge]
probability = 0.2
strategy = "any"

2020-07-28 23:36:17,285 - root - INFO - Starting evolutionary algorithm
2020-07-28 23:36:17,307 - root - DEBUG - Sampled weight [0.71894433 1.11238747 1.34943325 0.87971398 1.25909998]
2020-07-28 23:36:18,349 - root - DEBUG - Updating hall of fame
2020-07-28 23:36:20,240 - root - INFO - Completed generation 1; 3.0s elapsed, 3.0s avg, 3.0s total. Expected time remaining: 5.9e+02s
2020-07-28 23:36:20,293 - root - INFO - #1 MAX:accuracy.mean: 0.34
2020-07-28 23:36:20,334 - root - DEBUG - Sampled weight [1.47040456 0.95086921 1.6695103  0.56928686 1.30361522]
2020-07-28 23:36:21,373 - root - DEBUG - Updating hall of fame
2020-07-28 23:36:23,180 - root - INFO - Completed generation 2; 2.9s elapsed, 2.9s avg, 5.8s total. Expected time remaining: 5.8e+02s
2020-07-28 23:36:23,227 - root - INFO - #2 MAX:accuracy.mean: 0.62
2020-07-28 23:36:23,268 - root - DEBUG - Sampled weight [1.09141488 0.66780109 0.7569476  2.94949246 1.16154399]
2020-07-28 23:36:24,305 - root - DEBUG - Updating hall of fame
2020-07-28 23:36:26,105 - root - INFO - Completed generation 3; 2.9s elapsed, 2.9s avg, 8.7s total. Expected time remaining: 5.7e+02s
2020-07-28 23:36:26,154 - root - INFO - #3 MAX:accuracy.mean: 0.65
2020-07-28 23:36:26,194 - root - DEBUG - Sampled weight [2.37049855 3.77203767 1.43244665 0.2052601  1.31778155]
2020-07-28 23:36:27,236 - root - DEBUG - Updating hall of fame
2020-07-28 23:36:29,085 - root - INFO - Completed generation 4; 2.9s elapsed, 2.9s avg, 1.2e+01s total. Expected time remaining: 5.7e+02s
2020-07-28 23:36:29,133 - root - INFO - #4 MAX:accuracy.mean: 0.59
2020-07-28 23:36:29,174 - root - DEBUG - Sampled weight [0.86344008 1.7335975  1.83232079 0.44690052 0.57480441]
2020-07-28 23:36:30,221 - root - DEBUG - Updating hall of fame
2020-07-28 23:36:31,733 - root - INFO - Completed generation 5; 2.6s elapsed, 2.9s avg, 1.4e+01s total. Expected time remaining: 5.6e+02s
2020-07-28 23:36:31,782 - root - INFO - #5 MAX:accuracy.mean: 0.64
2020-07-28 23:36:31,823 - root - DEBUG - Sampled weight [1.87675339 1.27911315 0.66556529 1.31616881 0.77319605]
2020-07-28 23:36:32,898 - root - DEBUG - Updating hall of fame
2020-07-28 23:36:34,843 - root - INFO - Completed generation 6; 3.1s elapsed, 2.9s avg, 1.7e+01s total. Expected time remaining: 5.6e+02s
2020-07-28 23:36:34,894 - root - INFO - #6 MAX:accuracy.mean: 0.66
2020-07-28 23:36:34,937 - root - DEBUG - Sampled weight [0.54296552 0.97477669 0.73090127 1.57502137 0.41268553]
2020-07-28 23:36:36,055 - root - DEBUG - Updating hall of fame
2020-07-28 23:36:38,011 - root - INFO - Completed generation 7; 3.1s elapsed, 2.9s avg, 2e+01s total. Expected time remaining: 5.6e+02s
2020-07-28 23:36:38,062 - root - INFO - #7 MAX:accuracy.mean: 0.63
2020-07-28 23:36:38,106 - root - DEBUG - Sampled weight [0.79900203 0.56124598 0.97470285 0.81946382 1.21686797]
2020-07-28 23:36:39,157 - root - DEBUG - Updating hall of fame
2020-07-28 23:36:40,105 - root - INFO - Completed generation 8; 2.0s elapsed, 2.8s avg, 2.2e+01s total. Expected time remaining: 5.4e+02s
2020-07-28 23:36:40,153 - root - INFO - #8 MAX:accuracy.mean: 0.67
2020-07-28 23:36:40,193 - root - DEBUG - Sampled weight [1.25102652 0.6627489  0.60642807 2.19866625 0.52955236]
2020-07-28 23:36:41,233 - root - DEBUG - Updating hall of fame
2020-07-28 23:36:41,786 - root - INFO - Completed generation 9; 1.6s elapsed, 2.7s avg, 2.4e+01s total. Expected time remaining: 5.1e+02s
2020-07-28 23:36:41,834 - root - INFO - #9 MAX:accuracy.mean: 0.65
2020-07-28 23:36:41,875 - root - DEBUG - Sampled weight [1.70690184 0.78356808 1.69675398 0.77469345 0.74714189]
2020-07-28 23:36:42,916 - root - DEBUG - Updating hall of fame
2020-07-28 23:36:43,107 - root - INFO - Completed generation 10; 1.3s elapsed, 2.5s avg, 2.5e+01s total. Expected time remaining: 4.8e+02s
2020-07-28 23:36:43,155 - root - INFO - #10 MAX:accuracy.mean: 0.66
2020-07-28 23:36:43,232 - root - DEBUG - Sampled weight [0.98210984 0.35426999 1.31453421 0.61717908 1.45318029]
2020-07-28 23:36:44,276 - root - DEBUG - Updating hall of fame
2020-07-28 23:36:45,549 - root - INFO - Completed generation 11; 2.4s elapsed, 2.5s avg, 2.8e+01s total. Expected time remaining: 4.8e+02s
2020-07-28 23:36:45,597 - root - INFO - #11 MAX:accuracy.mean: 0.61
2020-07-28 23:36:45,637 - root - DEBUG - Sampled weight [1.98523338 1.21910566 0.28466966 0.47310581 0.88272457]
2020-07-28 23:36:46,678 - root - DEBUG - Updating hall of fame
2020-07-28 23:36:46,871 - root - INFO - Completed generation 12; 1.3s elapsed, 2.4s avg, 2.9e+01s total. Expected time remaining: 4.5e+02s
2020-07-28 23:36:46,919 - root - INFO - #12 MAX:accuracy.mean: 0.59
2020-07-28 23:36:46,959 - root - DEBUG - Sampled weight [0.89204706 0.71187558 1.47335332 1.39281952 0.67068958]
2020-07-28 23:36:47,999 - root - DEBUG - Updating hall of fame
2020-07-28 23:36:47,999 - root - INFO - Completed generation 13; 1.1s elapsed, 2.3s avg, 3e+01s total. Expected time remaining: 4.3e+02s
2020-07-28 23:36:48,047 - root - INFO - #13 MAX:accuracy.mean: 0.66
2020-07-28 23:36:48,087 - root - DEBUG - Sampled weight [0.37376596 1.00538262 0.8462868  1.16323259 0.60460698]
2020-07-28 23:36:49,125 - root - DEBUG - Updating hall of fame
2020-07-28 23:36:50,207 - root - INFO - Completed generation 14; 2.2s elapsed, 2.3s avg, 3.2e+01s total. Expected time remaining: 4.3e+02s
2020-07-28 23:36:50,255 - root - INFO - #14 MAX:accuracy.mean: 0.62
2020-07-28 23:36:50,296 - root - DEBUG - Sampled weight [0.56600475 1.15576346 1.55717964 1.45820607 1.31224737]
2020-07-28 23:36:51,339 - root - DEBUG - Updating hall of fame
2020-07-28 23:36:51,340 - root - INFO - Completed generation 15; 1.1s elapsed, 2.2s avg, 3.3e+01s total. Expected time remaining: 4.1e+02s
2020-07-28 23:36:51,388 - root - INFO - #15 MAX:accuracy.mean: 0.66
2020-07-28 23:36:51,429 - root - DEBUG - Sampled weight [1.78968064 0.79223949 0.45841094 0.78925944 0.96345077]
2020-07-28 23:36:52,465 - root - DEBUG - Updating hall of fame
2020-07-28 23:36:53,544 - root - INFO - Completed generation 16; 2.2s elapsed, 2.2s avg, 3.5e+01s total. Expected time remaining: 4.1e+02s
2020-07-28 23:36:53,592 - root - INFO - #16 MAX:accuracy.mean: 0.65
2020-07-28 23:36:53,633 - root - DEBUG - Sampled weight [0.7844074  0.82980741 0.36693634 1.13506234 0.51969156]
2020-07-28 23:36:54,671 - root - DEBUG - Updating hall of fame
2020-07-28 23:36:54,671 - root - INFO - Completed generation 17; 1.1s elapsed, 2.2s avg, 3.7e+01s total. Expected time remaining: 3.9e+02s
2020-07-28 23:36:54,719 - root - INFO - #17 MAX:accuracy.mean: 0.61
2020-07-28 23:36:54,760 - root - DEBUG - Sampled weight [1.52965495 0.3679346  0.78925068 0.71098839 0.36663241]
2020-07-28 23:36:55,801 - root - DEBUG - Updating hall of fame
2020-07-28 23:36:55,801 - root - INFO - Completed generation 18; 1.1s elapsed, 2.1s avg, 3.8e+01s total. Expected time remaining: 3.8e+02s
2020-07-28 23:36:55,849 - root - INFO - #18 MAX:accuracy.mean: 0.57
2020-07-28 23:36:55,889 - root - DEBUG - Sampled weight [0.47354447 0.59941956 0.97046449 1.03418406 1.21932765]
2020-07-28 23:36:56,926 - root - DEBUG - Updating hall of fame
2020-07-28 23:36:56,927 - root - INFO - Completed generation 19; 1.1s elapsed, 2.0s avg, 3.9e+01s total. Expected time remaining: 3.7e+02s
2020-07-28 23:36:56,975 - root - INFO - #19 MAX:accuracy.mean: 0.66
2020-07-28 23:36:57,015 - root - DEBUG - Sampled weight [1.16398462 1.3197118  1.01212539 0.80139543 0.99983419]
2020-07-28 23:36:58,053 - root - DEBUG - Updating hall of fame
2020-07-28 23:36:58,053 - root - INFO - Completed generation 20; 1.1s elapsed, 2.0s avg, 4e+01s total. Expected time remaining: 3.6e+02s
2020-07-28 23:36:58,101 - root - INFO - #20 MAX:accuracy.mean: 0.67
2020-07-28 23:36:58,178 - root - DEBUG - Sampled weight [0.53619909 1.26332992 0.68634119 1.32473172 1.95090557]
2020-07-28 23:36:59,218 - root - DEBUG - Updating hall of fame
2020-07-28 23:37:00,302 - root - INFO - Completed generation 21; 2.2s elapsed, 2.0s avg, 4.2e+01s total. Expected time remaining: 3.6e+02s
2020-07-28 23:37:00,349 - root - INFO - #21 MAX:accuracy.mean: 0.66
2020-07-28 23:37:00,389 - root - DEBUG - Sampled weight [0.9235663  0.9826416  1.07376982 0.9641866  1.87516437]
2020-07-28 23:37:01,432 - root - DEBUG - Updating hall of fame
2020-07-28 23:37:01,432 - root - INFO - Completed generation 22; 1.1s elapsed, 2.0s avg, 4.3e+01s total. Expected time remaining: 3.5e+02s
2020-07-28 23:37:01,480 - root - INFO - #22 MAX:accuracy.mean: 0.66
2020-07-28 23:37:01,520 - root - DEBUG - Sampled weight [0.44180962 1.00891833 1.66262472 0.42848959 1.03858712]
2020-07-28 23:37:02,601 - root - DEBUG - Updating hall of fame
2020-07-28 23:37:03,324 - root - INFO - Completed generation 23; 1.8s elapsed, 2.0s avg, 4.5e+01s total. Expected time remaining: 3.5e+02s
2020-07-28 23:37:03,372 - root - INFO - #23 MAX:accuracy.mean: 0.63
2020-07-28 23:37:03,412 - root - DEBUG - Sampled weight [1.03122824 0.80109155 0.75005523 0.75515923 1.24630478]
2020-07-28 23:37:04,448 - root - DEBUG - Updating hall of fame
2020-07-28 23:37:04,448 - root - INFO - Completed generation 24; 1.1s elapsed, 1.9s avg, 4.6e+01s total. Expected time remaining: 3.4e+02s
2020-07-28 23:37:04,496 - root - INFO - #24 MAX:accuracy.mean: 0.67
2020-07-28 23:37:04,536 - root - DEBUG - Sampled weight [1.62268689 2.17869201 0.60146205 0.80695414 0.44568827]
2020-07-28 23:37:05,574 - root - DEBUG - Updating hall of fame
2020-07-28 23:37:06,114 - root - INFO - Completed generation 25; 1.6s elapsed, 1.9s avg, 4.8e+01s total. Expected time remaining: 3.3e+02s
2020-07-28 23:37:06,162 - root - INFO - #25 MAX:accuracy.mean: 0.64
2020-07-28 23:37:06,201 - root - DEBUG - Sampled weight [1.2099081  0.41648619 3.53706406 1.29577303 1.0677239 ]
2020-07-28 23:37:07,236 - root - DEBUG - Updating hall of fame
2020-07-28 23:37:07,237 - root - INFO - Completed generation 26; 1.1s elapsed, 1.9s avg, 4.9e+01s total. Expected time remaining: 3.3e+02s
2020-07-28 23:37:07,285 - root - INFO - #26 MAX:accuracy.mean: 0.6
2020-07-28 23:37:07,325 - root - DEBUG - Sampled weight [0.88960226 1.53068096 0.67485032 0.78710143 1.50018757]
2020-07-28 23:37:08,363 - root - DEBUG - Updating hall of fame
2020-07-28 23:37:08,363 - root - INFO - Completed generation 27; 1.1s elapsed, 1.8s avg, 5e+01s total. Expected time remaining: 3.2e+02s
2020-07-28 23:37:08,411 - root - INFO - #27 MAX:accuracy.mean: 0.66
2020-07-28 23:37:08,452 - root - DEBUG - Sampled weight [1.31362469 0.82868464 0.62899712 2.60738125 0.59666645]
2020-07-28 23:37:09,488 - root - DEBUG - Updating hall of fame
2020-07-28 23:37:10,210 - root - INFO - Completed generation 28; 1.8s elapsed, 1.8s avg, 5.2e+01s total. Expected time remaining: 3.2e+02s
2020-07-28 23:37:10,258 - root - INFO - #28 MAX:accuracy.mean: 0.65
2020-07-28 23:37:10,299 - root - DEBUG - Sampled weight [0.54197637 0.26519325 1.50595229 1.46892377 1.76028906]
2020-07-28 23:37:11,335 - root - DEBUG - Updating hall of fame
2020-07-28 23:37:11,336 - root - INFO - Completed generation 29; 1.1s elapsed, 1.8s avg, 5.3e+01s total. Expected time remaining: 3.1e+02s
2020-07-28 23:37:11,384 - root - INFO - #29 MAX:accuracy.mean: 0.59
2020-07-28 23:37:11,426 - root - DEBUG - Sampled weight [0.59733505 0.59071432 0.66611878 0.8480403  0.5608846 ]
2020-07-28 23:37:12,464 - root - DEBUG - Updating hall of fame
2020-07-28 23:37:12,464 - root - INFO - Completed generation 30; 1.1s elapsed, 1.8s avg, 5.4e+01s total. Expected time remaining: 3e+02s
2020-07-28 23:37:12,513 - root - INFO - #30 MAX:accuracy.mean: 0.67
2020-07-28 23:37:12,588 - root - DEBUG - Sampled weight [0.30533644 2.03003916 1.92917811 1.15270634 0.84785946]
2020-07-28 23:37:13,630 - root - DEBUG - Updating hall of fame
2020-07-28 23:37:13,631 - root - INFO - Completed generation 31; 1.1s elapsed, 1.8s avg, 5.5e+01s total. Expected time remaining: 3e+02s
2020-07-28 23:37:13,678 - root - INFO - #31 MAX:accuracy.mean: 0.59
2020-07-28 23:37:13,719 - root - DEBUG - Sampled weight [0.43029653 1.10902424 0.91395565 0.80000078 0.30062296]
2020-07-28 23:37:14,762 - root - DEBUG - Updating hall of fame
2020-07-28 23:37:14,762 - root - INFO - Completed generation 32; 1.1s elapsed, 1.7s avg, 5.6e+01s total. Expected time remaining: 2.9e+02s
2020-07-28 23:37:14,810 - root - INFO - #32 MAX:accuracy.mean: 0.58
2020-07-28 23:37:14,850 - root - DEBUG - Sampled weight [0.49888874 1.77889463 0.74838026 1.23741279 0.61574214]
2020-07-28 23:37:15,889 - root - DEBUG - Updating hall of fame
2020-07-28 23:37:15,889 - root - INFO - Completed generation 33; 1.1s elapsed, 1.7s avg, 5.7e+01s total. Expected time remaining: 2.9e+02s
2020-07-28 23:37:15,937 - root - INFO - #33 MAX:accuracy.mean: 0.66
2020-07-28 23:37:15,977 - root - DEBUG - Sampled weight [0.75864137 1.57326575 0.74560205 0.40573788 1.09530092]
2020-07-28 23:37:17,012 - root - DEBUG - Updating hall of fame
2020-07-28 23:37:17,013 - root - INFO - Completed generation 34; 1.1s elapsed, 1.7s avg, 5.8e+01s total. Expected time remaining: 2.8e+02s
2020-07-28 23:37:17,061 - root - INFO - #34 MAX:accuracy.mean: 0.63
2020-07-28 23:37:17,101 - root - DEBUG - Sampled weight [0.7888245  1.36425353 1.06639974 1.22912377 0.66382067]
2020-07-28 23:37:18,141 - root - DEBUG - Updating hall of fame
2020-07-28 23:37:18,141 - root - INFO - Completed generation 35; 1.1s elapsed, 1.7s avg, 5.9e+01s total. Expected time remaining: 2.8e+02s
2020-07-28 23:37:18,189 - root - INFO - #35 MAX:accuracy.mean: 0.67
2020-07-28 23:37:18,230 - root - DEBUG - Sampled weight [1.15012975 0.94822379 1.44493289 1.33369379 1.30836007]
2020-07-28 23:37:19,270 - root - DEBUG - Updating hall of fame
2020-07-28 23:37:19,990 - root - INFO - Completed generation 36; 1.8s elapsed, 1.7s avg, 6.1e+01s total. Expected time remaining: 2.8e+02s
2020-07-28 23:37:20,038 - root - INFO - #36 MAX:accuracy.mean: 0.66
2020-07-28 23:37:20,078 - root - DEBUG - Sampled weight [1.05676758 1.09461187 0.61031048 0.52888193 1.62180417]
2020-07-28 23:37:21,115 - root - DEBUG - Updating hall of fame
2020-07-28 23:37:21,838 - root - INFO - Completed generation 37; 1.8s elapsed, 1.7s avg, 6.3e+01s total. Expected time remaining: 2.8e+02s
2020-07-28 23:37:21,886 - root - INFO - #37 MAX:accuracy.mean: 0.66
2020-07-28 23:37:21,926 - root - DEBUG - Sampled weight [1.62489523 1.17774516 1.65954358 1.69128357 1.07177649]
2020-07-28 23:37:22,966 - root - DEBUG - Updating hall of fame
2020-07-28 23:37:22,967 - root - INFO - Completed generation 38; 1.1s elapsed, 1.7s avg, 6.4e+01s total. Expected time remaining: 2.7e+02s
2020-07-28 23:37:23,119 - root - INFO - #38 MAX:accuracy.mean: 0.66
2020-07-28 23:37:23,160 - root - DEBUG - Sampled weight [0.74364597 0.45288824 0.99313019 1.04056377 2.5895423 ]
2020-07-28 23:37:24,198 - root - DEBUG - Updating hall of fame
2020-07-28 23:37:24,919 - root - INFO - Completed generation 39; 1.8s elapsed, 1.7s avg, 6.6e+01s total. Expected time remaining: 2.7e+02s
2020-07-28 23:37:24,967 - root - INFO - #39 MAX:accuracy.mean: 0.63
2020-07-28 23:37:25,007 - root - DEBUG - Sampled weight [0.44956923 0.97865916 0.50692773 1.40604457 0.64746427]
2020-07-28 23:37:26,051 - root - DEBUG - Updating hall of fame
2020-07-28 23:37:26,052 - root - INFO - Completed generation 40; 1.1s elapsed, 1.7s avg, 6.7e+01s total. Expected time remaining: 2.7e+02s
2020-07-28 23:37:26,100 - root - INFO - #40 MAX:accuracy.mean: 0.65
2020-07-28 23:37:26,185 - root - DEBUG - Sampled weight [3.91661214 2.78926179 0.99602353 1.80102493 1.03433688]
2020-07-28 23:37:27,226 - root - DEBUG - Updating hall of fame
2020-07-28 23:37:27,227 - root - INFO - Completed generation 41; 1.1s elapsed, 1.7s avg, 6.8e+01s total. Expected time remaining: 2.6e+02s
2020-07-28 23:37:27,274 - root - INFO - #41 MAX:accuracy.mean: 0.61
2020-07-28 23:37:27,314 - root - DEBUG - Sampled weight [1.40812808 2.04765179 1.32575632 0.59827204 2.57481987]
2020-07-28 23:37:28,352 - root - DEBUG - Updating hall of fame
2020-07-28 23:37:28,352 - root - INFO - Completed generation 42; 1.1s elapsed, 1.6s avg, 6.9e+01s total. Expected time remaining: 2.6e+02s
2020-07-28 23:37:28,400 - root - INFO - #42 MAX:accuracy.mean: 0.64
2020-07-28 23:37:28,440 - root - DEBUG - Sampled weight [0.55671788 0.90456671 2.11143127 0.8445217  1.73300967]
2020-07-28 23:37:29,481 - root - DEBUG - Updating hall of fame
2020-07-28 23:37:30,023 - root - INFO - Completed generation 43; 1.6s elapsed, 1.6s avg, 7e+01s total. Expected time remaining: 2.6e+02s
2020-07-28 23:37:30,071 - root - INFO - #43 MAX:accuracy.mean: 0.65
2020-07-28 23:37:30,113 - root - DEBUG - Sampled weight [1.79662943 0.64676136 1.00154696 0.24977416 1.07248811]
2020-07-28 23:37:31,155 - root - DEBUG - Updating hall of fame
2020-07-28 23:37:31,156 - root - INFO - Completed generation 44; 1.1s elapsed, 1.6s avg, 7.2e+01s total. Expected time remaining: 2.5e+02s
2020-07-28 23:37:31,203 - root - INFO - #44 MAX:accuracy.mean: 0.59
2020-07-28 23:37:31,244 - root - DEBUG - Sampled weight [1.26804445 0.83629133 1.42554306 1.01828711 1.26897782]
2020-07-28 23:37:32,286 - root - DEBUG - Updating hall of fame
2020-07-28 23:37:32,287 - root - INFO - Completed generation 45; 1.1s elapsed, 1.6s avg, 7.3e+01s total. Expected time remaining: 2.5e+02s
2020-07-28 23:37:32,335 - root - INFO - #45 MAX:accuracy.mean: 0.66
2020-07-28 23:37:32,377 - root - DEBUG - Sampled weight [2.76665167 1.29903145 0.43822323 1.09847248 0.64003487]
2020-07-28 23:37:33,416 - root - DEBUG - Updating hall of fame
2020-07-28 23:37:35,041 - root - INFO - Completed generation 46; 2.7s elapsed, 1.6s avg, 7.5e+01s total. Expected time remaining: 2.5e+02s
2020-07-28 23:37:35,089 - root - INFO - #46 MAX:accuracy.mean: 0.63
2020-07-28 23:37:35,130 - root - DEBUG - Sampled weight [1.5234935  0.55472207 0.72485767 1.21927903 2.60065108]
2020-07-28 23:37:36,167 - root - DEBUG - Updating hall of fame
2020-07-28 23:37:36,358 - root - INFO - Completed generation 47; 1.3s elapsed, 1.6s avg, 7.7e+01s total. Expected time remaining: 2.5e+02s
2020-07-28 23:37:36,406 - root - INFO - #47 MAX:accuracy.mean: 0.65
2020-07-28 23:37:36,446 - root - DEBUG - Sampled weight [0.58548803 1.54991657 1.23056527 0.7978159  2.10142848]
2020-07-28 23:37:37,482 - root - DEBUG - Updating hall of fame
2020-07-28 23:37:39,105 - root - INFO - Completed generation 48; 2.7s elapsed, 1.7s avg, 7.9e+01s total. Expected time remaining: 2.5e+02s
2020-07-28 23:37:39,153 - root - INFO - #48 MAX:accuracy.mean: 0.65
2020-07-28 23:37:39,192 - root - DEBUG - Sampled weight [1.46031251 0.94255421 1.2609179  1.46817791 0.57016305]
2020-07-28 23:37:40,230 - root - DEBUG - Updating hall of fame
2020-07-28 23:37:41,491 - root - INFO - Completed generation 49; 2.3s elapsed, 1.7s avg, 8.2e+01s total. Expected time remaining: 2.5e+02s
2020-07-28 23:37:41,539 - root - INFO - #49 MAX:accuracy.mean: 0.66
2020-07-28 23:37:41,579 - root - DEBUG - Sampled weight [0.53503584 1.42717311 0.27246071 0.67523585 1.17371243]
2020-07-28 23:37:42,618 - root - DEBUG - Updating hall of fame
2020-07-28 23:37:43,895 - root - INFO - Completed generation 50; 2.4s elapsed, 1.7s avg, 8.4e+01s total. Expected time remaining: 2.5e+02s
2020-07-28 23:37:43,945 - root - INFO - #50 MAX:accuracy.mean: 0.6
2020-07-28 23:37:44,039 - root - DEBUG - Sampled weight [1.13799996 1.34708693 1.05687085 3.94618564 0.81403363]
2020-07-28 23:37:45,099 - root - DEBUG - Updating hall of fame
2020-07-28 23:37:45,099 - root - INFO - Completed generation 51; 1.1s elapsed, 1.7s avg, 8.5e+01s total. Expected time remaining: 2.5e+02s
2020-07-28 23:37:45,150 - root - INFO - #51 MAX:accuracy.mean: 0.63
2020-07-28 23:37:45,192 - root - DEBUG - Sampled weight [1.5017943  1.49660393 0.6547607  0.76067092 0.92363595]
2020-07-28 23:37:46,270 - root - DEBUG - Updating hall of fame
2020-07-28 23:37:46,270 - root - INFO - Completed generation 52; 1.1s elapsed, 1.7s avg, 8.6e+01s total. Expected time remaining: 2.5e+02s
2020-07-28 23:37:46,320 - root - INFO - #52 MAX:accuracy.mean: 0.66
2020-07-28 23:37:46,362 - root - DEBUG - Sampled weight [0.56237245 0.9326548  1.11072061 1.16026744 2.31120676]
2020-07-28 23:37:47,421 - root - DEBUG - Updating hall of fame
2020-07-28 23:37:48,892 - root - INFO - Completed generation 53; 2.6s elapsed, 1.7s avg, 8.9e+01s total. Expected time remaining: 2.5e+02s
2020-07-28 23:37:48,942 - root - INFO - #53 MAX:accuracy.mean: 0.66
2020-07-28 23:37:48,983 - root - DEBUG - Sampled weight [1.10517462 1.28179801 1.13823511 1.23542076 1.08041518]
2020-07-28 23:37:50,023 - root - DEBUG - Updating hall of fame
2020-07-28 23:37:50,024 - root - INFO - Completed generation 54; 1.1s elapsed, 1.7s avg, 9e+01s total. Expected time remaining: 2.4e+02s
2020-07-28 23:37:50,071 - root - INFO - #54 MAX:accuracy.mean: 0.67
2020-07-28 23:37:50,113 - root - DEBUG - Sampled weight [1.16950613 1.03050373 0.95812654 1.4426168  1.14775086]
2020-07-28 23:37:51,154 - root - DEBUG - Updating hall of fame
2020-07-28 23:37:52,594 - root - INFO - Completed generation 55; 2.5s elapsed, 1.7s avg, 9.2e+01s total. Expected time remaining: 2.4e+02s
2020-07-28 23:37:52,641 - root - INFO - #55 MAX:accuracy.mean: 0.66
2020-07-28 23:37:52,682 - root - DEBUG - Sampled weight [4.26405861 0.76728322 0.71153342 1.19645932 0.78367394]
2020-07-28 23:37:53,718 - root - DEBUG - Updating hall of fame
2020-07-28 23:37:53,719 - root - INFO - Completed generation 56; 1.1s elapsed, 1.7s avg, 9.3e+01s total. Expected time remaining: 2.4e+02s
2020-07-28 23:37:53,767 - root - INFO - #56 MAX:accuracy.mean: 0.63
2020-07-28 23:37:53,807 - root - DEBUG - Sampled weight [1.387196   1.23568583 1.42836916 0.46580552 0.54925399]
2020-07-28 23:37:54,843 - root - DEBUG - Updating hall of fame
2020-07-28 23:37:54,843 - root - INFO - Completed generation 57; 1.1s elapsed, 1.7s avg, 9.5e+01s total. Expected time remaining: 2.4e+02s
2020-07-28 23:37:54,891 - root - INFO - #57 MAX:accuracy.mean: 0.66
2020-07-28 23:37:54,931 - root - DEBUG - Sampled weight [1.95875822 0.88128646 1.57135703 0.85096633 1.21462134]
2020-07-28 23:37:55,969 - root - DEBUG - Updating hall of fame
2020-07-28 23:37:55,969 - root - INFO - Completed generation 58; 1.1s elapsed, 1.6s avg, 9.6e+01s total. Expected time remaining: 2.3e+02s
2020-07-28 23:37:56,017 - root - INFO - #58 MAX:accuracy.mean: 0.66
2020-07-28 23:37:56,057 - root - DEBUG - Sampled weight [3.70528251 0.6268335  2.03922139 1.4970027  0.813113  ]
2020-07-28 23:37:57,092 - root - DEBUG - Updating hall of fame
2020-07-28 23:37:58,530 - root - INFO - Completed generation 59; 2.5s elapsed, 1.7s avg, 9.8e+01s total. Expected time remaining: 2.3e+02s
2020-07-28 23:37:58,578 - root - INFO - #59 MAX:accuracy.mean: 0.62
2020-07-28 23:37:58,620 - root - DEBUG - Sampled weight [1.41974695 1.00518642 0.88935997 1.27938172 2.36714421]
2020-07-28 23:37:59,655 - root - DEBUG - Updating hall of fame
2020-07-28 23:37:59,655 - root - INFO - Completed generation 60; 1.1s elapsed, 1.7s avg, 9.9e+01s total. Expected time remaining: 2.3e+02s
2020-07-28 23:37:59,703 - root - INFO - #60 MAX:accuracy.mean: 0.65
2020-07-28 23:37:59,785 - root - DEBUG - Sampled weight [1.08668721 2.03550211 0.43284866 1.12094185 1.96650901]
2020-07-28 23:38:00,826 - root - DEBUG - Updating hall of fame
2020-07-28 23:38:02,343 - root - INFO - Completed generation 61; 2.6s elapsed, 1.7s avg, 1e+02s total. Expected time remaining: 2.3e+02s
2020-07-28 23:38:02,391 - root - INFO - #61 MAX:accuracy.mean: 0.63
2020-07-28 23:38:02,433 - root - DEBUG - Sampled weight [0.81155072 0.38703296 0.79843746 1.86612985 1.31190796]
2020-07-28 23:38:03,472 - root - DEBUG - Updating hall of fame
2020-07-28 23:38:03,473 - root - INFO - Completed generation 62; 1.1s elapsed, 1.7s avg, 1e+02s total. Expected time remaining: 2.3e+02s
2020-07-28 23:38:03,521 - root - INFO - #62 MAX:accuracy.mean: 0.63
2020-07-28 23:38:03,562 - root - DEBUG - Sampled weight [0.45366087 0.57084206 1.68898764 0.90052199 1.01348458]
2020-07-28 23:38:04,598 - root - DEBUG - Updating hall of fame
2020-07-28 23:38:05,674 - root - INFO - Completed generation 63; 2.2s elapsed, 1.7s avg, 1.1e+02s total. Expected time remaining: 2.3e+02s
2020-07-28 23:38:05,722 - root - INFO - #63 MAX:accuracy.mean: 0.64
2020-07-28 23:38:05,762 - root - DEBUG - Sampled weight [0.66498841 0.78933777 1.20070287 0.69823825 0.76759901]
2020-07-28 23:38:06,798 - root - DEBUG - Updating hall of fame
2020-07-28 23:38:06,798 - root - INFO - Completed generation 64; 1.1s elapsed, 1.7s avg, 1.1e+02s total. Expected time remaining: 2.3e+02s
2020-07-28 23:38:06,846 - root - INFO - #64 MAX:accuracy.mean: 0.67
2020-07-28 23:38:06,886 - root - DEBUG - Sampled weight [0.33394087 0.56789528 0.8072404  0.75015753 1.09600629]
2020-07-28 23:38:07,926 - root - DEBUG - Updating hall of fame
2020-07-28 23:38:07,927 - root - INFO - Completed generation 65; 1.1s elapsed, 1.6s avg, 1.1e+02s total. Expected time remaining: 2.2e+02s
2020-07-28 23:38:07,975 - root - INFO - #65 MAX:accuracy.mean: 0.61
2020-07-28 23:38:08,015 - root - DEBUG - Sampled weight [1.02839149 0.911474   0.96998427 1.34589604 0.56296462]
2020-07-28 23:38:09,066 - root - DEBUG - Updating hall of fame
2020-07-28 23:38:09,067 - root - INFO - Completed generation 66; 1.1s elapsed, 1.6s avg, 1.1e+02s total. Expected time remaining: 2.2e+02s
2020-07-28 23:38:09,116 - root - INFO - #66 MAX:accuracy.mean: 0.67
2020-07-28 23:38:09,156 - root - DEBUG - Sampled weight [0.69749875 0.82138078 1.33102945 1.29980115 2.07269134]
2020-07-28 23:38:10,202 - root - DEBUG - Updating hall of fame
2020-07-28 23:38:11,643 - root - INFO - Completed generation 67; 2.5s elapsed, 1.7s avg, 1.1e+02s total. Expected time remaining: 2.2e+02s
2020-07-28 23:38:11,691 - root - INFO - #67 MAX:accuracy.mean: 0.65
2020-07-28 23:38:11,730 - root - DEBUG - Sampled weight [1.20521991 0.59593803 1.86862107 0.86635408 0.77974729]
2020-07-28 23:38:12,767 - root - DEBUG - Updating hall of fame
2020-07-28 23:38:13,667 - root - INFO - Completed generation 68; 2.0s elapsed, 1.7s avg, 1.1e+02s total. Expected time remaining: 2.2e+02s
2020-07-28 23:38:13,716 - root - INFO - #68 MAX:accuracy.mean: 0.66
2020-07-28 23:38:13,756 - root - DEBUG - Sampled weight [1.18311691 0.69961587 1.49332465 0.50664005 0.45832897]
2020-07-28 23:38:14,796 - root - DEBUG - Updating hall of fame
2020-07-28 23:38:15,157 - root - INFO - Completed generation 69; 1.4s elapsed, 1.7s avg, 1.1e+02s total. Expected time remaining: 2.2e+02s
2020-07-28 23:38:15,205 - root - INFO - #69 MAX:accuracy.mean: 0.65
2020-07-28 23:38:15,246 - root - DEBUG - Sampled weight [1.22679    0.75178185 1.6000092  0.32900495 1.12704648]
2020-07-28 23:38:16,285 - root - DEBUG - Updating hall of fame
2020-07-28 23:38:16,286 - root - INFO - Completed generation 70; 1.1s elapsed, 1.6s avg, 1.2e+02s total. Expected time remaining: 2.1e+02s
2020-07-28 23:38:16,334 - root - INFO - #70 MAX:accuracy.mean: 0.6
2020-07-28 23:38:16,423 - root - DEBUG - Sampled weight [0.48379486 0.91380543 0.53512879 2.37290681 0.7944635 ]
2020-07-28 23:38:17,464 - root - DEBUG - Updating hall of fame
2020-07-28 23:38:17,464 - root - INFO - Completed generation 71; 1.1s elapsed, 1.6s avg, 1.2e+02s total. Expected time remaining: 2.1e+02s
2020-07-28 23:38:17,512 - root - INFO - #71 MAX:accuracy.mean: 0.65
2020-07-28 23:38:17,553 - root - DEBUG - Sampled weight [1.3133072  0.81541032 1.24135254 1.171082   0.66791735]
2020-07-28 23:38:18,591 - root - DEBUG - Updating hall of fame
2020-07-28 23:38:18,592 - root - INFO - Completed generation 72; 1.1s elapsed, 1.6s avg, 1.2e+02s total. Expected time remaining: 2.1e+02s
2020-07-28 23:38:18,640 - root - INFO - #72 MAX:accuracy.mean: 0.67
2020-07-28 23:38:18,681 - root - DEBUG - Sampled weight [1.36112443 0.80791842 1.00766725 1.20630105 0.61456355]
2020-07-28 23:38:19,724 - root - DEBUG - Updating hall of fame
2020-07-28 23:38:21,167 - root - INFO - Completed generation 73; 2.5s elapsed, 1.6s avg, 1.2e+02s total. Expected time remaining: 2.1e+02s
2020-07-28 23:38:21,215 - root - INFO - #73 MAX:accuracy.mean: 0.67
2020-07-28 23:38:21,256 - root - DEBUG - Sampled weight [0.32357614 1.05964683 0.84756652 1.01706043 0.89226776]
2020-07-28 23:38:22,295 - root - DEBUG - Updating hall of fame
2020-07-28 23:38:22,295 - root - INFO - Completed generation 74; 1.1s elapsed, 1.6s avg, 1.2e+02s total. Expected time remaining: 2.1e+02s
2020-07-28 23:38:22,343 - root - INFO - #74 MAX:accuracy.mean: 0.61
2020-07-28 23:38:22,382 - root - DEBUG - Sampled weight [0.73076668 1.47417389 1.0649521  1.93509673 1.02163536]
2020-07-28 23:38:23,420 - root - DEBUG - Updating hall of fame
2020-07-28 23:38:23,420 - root - INFO - Completed generation 75; 1.1s elapsed, 1.6s avg, 1.2e+02s total. Expected time remaining: 2e+02s
2020-07-28 23:38:23,468 - root - INFO - #75 MAX:accuracy.mean: 0.66
2020-07-28 23:38:23,508 - root - DEBUG - Sampled weight [0.81533905 1.79890017 1.52965304 1.15215017 1.53853035]
2020-07-28 23:38:24,547 - root - DEBUG - Updating hall of fame
2020-07-28 23:38:25,989 - root - INFO - Completed generation 76; 2.5s elapsed, 1.6s avg, 1.2e+02s total. Expected time remaining: 2e+02s
2020-07-28 23:38:26,037 - root - INFO - #76 MAX:accuracy.mean: 0.66
2020-07-28 23:38:26,078 - root - DEBUG - Sampled weight [0.86362844 3.1497948  0.52961443 1.05490533 0.70546847]
2020-07-28 23:38:27,117 - root - DEBUG - Updating hall of fame
2020-07-28 23:38:28,016 - root - INFO - Completed generation 77; 2.0s elapsed, 1.6s avg, 1.3e+02s total. Expected time remaining: 2e+02s
2020-07-28 23:38:28,064 - root - INFO - #77 MAX:accuracy.mean: 0.65
2020-07-28 23:38:28,105 - root - DEBUG - Sampled weight [1.05395397 1.22731256 1.16326848 0.65341166 1.48654501]
2020-07-28 23:38:29,141 - root - DEBUG - Updating hall of fame
2020-07-28 23:38:29,142 - root - INFO - Completed generation 78; 1.1s elapsed, 1.6s avg, 1.3e+02s total. Expected time remaining: 2e+02s
2020-07-28 23:38:29,190 - root - INFO - #78 MAX:accuracy.mean: 0.66
2020-07-28 23:38:29,230 - root - DEBUG - Sampled weight [0.86256862 1.11124057 0.54553748 3.39483346 1.53356027]
2020-07-28 23:38:30,271 - root - DEBUG - Updating hall of fame
2020-07-28 23:38:31,731 - root - INFO - Completed generation 79; 2.5s elapsed, 1.6s avg, 1.3e+02s total. Expected time remaining: 2e+02s
2020-07-28 23:38:31,781 - root - INFO - #79 MAX:accuracy.mean: 0.63
2020-07-28 23:38:31,823 - root - DEBUG - Sampled weight [1.05863909 0.61542551 1.21269515 1.13071834 0.65644444]
2020-07-28 23:38:32,899 - root - DEBUG - Updating hall of fame
2020-07-28 23:38:32,899 - root - INFO - Completed generation 80; 1.1s elapsed, 1.6s avg, 1.3e+02s total. Expected time remaining: 2e+02s
2020-07-28 23:38:32,949 - root - INFO - #80 MAX:accuracy.mean: 0.67
2020-07-28 23:38:33,040 - root - DEBUG - Sampled weight [0.2784728  0.73085568 0.48078197 1.5410728  1.80627411]
2020-07-28 23:38:34,119 - root - DEBUG - Updating hall of fame
2020-07-28 23:38:34,868 - root - INFO - Completed generation 81; 1.9s elapsed, 1.6s avg, 1.3e+02s total. Expected time remaining: 2e+02s
2020-07-28 23:38:34,918 - root - INFO - #81 MAX:accuracy.mean: 0.59
2020-07-28 23:38:34,960 - root - DEBUG - Sampled weight [1.47510268 0.71128093 1.66190936 1.66535465 1.68858386]
2020-07-28 23:38:36,037 - root - DEBUG - Updating hall of fame
2020-07-28 23:38:36,037 - root - INFO - Completed generation 82; 1.1s elapsed, 1.6s avg, 1.3e+02s total. Expected time remaining: 1.9e+02s
2020-07-28 23:38:36,087 - root - INFO - #82 MAX:accuracy.mean: 0.65
2020-07-28 23:38:36,129 - root - DEBUG - Sampled weight [2.58386153 0.37134154 0.64129544 1.18920641 0.46343951]
2020-07-28 23:38:37,205 - root - DEBUG - Updating hall of fame
2020-07-28 23:38:37,953 - root - INFO - Completed generation 83; 1.9s elapsed, 1.6s avg, 1.4e+02s total. Expected time remaining: 1.9e+02s
2020-07-28 23:38:38,003 - root - INFO - #83 MAX:accuracy.mean: 0.6
2020-07-28 23:38:38,046 - root - DEBUG - Sampled weight [0.76621123 0.97018133 1.10297489 2.66616999 1.66547519]
2020-07-28 23:38:39,102 - root - DEBUG - Updating hall of fame
2020-07-28 23:38:39,102 - root - INFO - Completed generation 84; 1.1s elapsed, 1.6s avg, 1.4e+02s total. Expected time remaining: 1.9e+02s
2020-07-28 23:38:39,151 - root - INFO - #84 MAX:accuracy.mean: 0.65
2020-07-28 23:38:39,191 - root - DEBUG - Sampled weight [1.98558233 1.21399094 0.35898629 1.55367397 1.05765003]
2020-07-28 23:38:40,235 - root - DEBUG - Updating hall of fame
2020-07-28 23:38:40,956 - root - INFO - Completed generation 85; 1.8s elapsed, 1.6s avg, 1.4e+02s total. Expected time remaining: 1.9e+02s
2020-07-28 23:38:41,010 - root - INFO - #85 MAX:accuracy.mean: 0.61
2020-07-28 23:38:41,050 - root - DEBUG - Sampled weight [0.41339272 0.78820117 0.91367631 1.86655302 0.57462959]
2020-07-28 23:38:42,098 - root - DEBUG - Updating hall of fame
2020-07-28 23:38:42,099 - root - INFO - Completed generation 86; 1.1s elapsed, 1.6s avg, 1.4e+02s total. Expected time remaining: 1.9e+02s
2020-07-28 23:38:42,147 - root - INFO - #86 MAX:accuracy.mean: 0.63
2020-07-28 23:38:42,188 - root - DEBUG - Sampled weight [0.89231648 1.31194572 0.7232471  1.15151237 1.44122819]
2020-07-28 23:38:43,227 - root - DEBUG - Updating hall of fame
2020-07-28 23:38:43,228 - root - INFO - Completed generation 87; 1.1s elapsed, 1.6s avg, 1.4e+02s total. Expected time remaining: 1.8e+02s
2020-07-28 23:38:43,276 - root - INFO - #87 MAX:accuracy.mean: 0.66
2020-07-28 23:38:43,316 - root - DEBUG - Sampled weight [0.86654384 0.7784062  2.07193123 0.8005899  1.81635111]
2020-07-28 23:38:44,354 - root - DEBUG - Updating hall of fame
2020-07-28 23:38:45,437 - root - INFO - Completed generation 88; 2.2s elapsed, 1.6s avg, 1.4e+02s total. Expected time remaining: 1.8e+02s
2020-07-28 23:38:45,484 - root - INFO - #88 MAX:accuracy.mean: 0.65
2020-07-28 23:38:45,524 - root - DEBUG - Sampled weight [2.08194523 0.59714314 1.41357426 1.82147806 1.96377835]
2020-07-28 23:38:46,568 - root - DEBUG - Updating hall of fame
2020-07-28 23:38:46,953 - root - INFO - Completed generation 89; 1.5s elapsed, 1.6s avg, 1.4e+02s total. Expected time remaining: 1.8e+02s
2020-07-28 23:38:47,001 - root - INFO - #89 MAX:accuracy.mean: 0.64
2020-07-28 23:38:47,042 - root - DEBUG - Sampled weight [1.36884696 0.6173774  1.0008715  0.98839186 1.73434815]
2020-07-28 23:38:48,084 - root - DEBUG - Updating hall of fame
2020-07-28 23:38:49,170 - root - INFO - Completed generation 90; 2.2s elapsed, 1.6s avg, 1.5e+02s total. Expected time remaining: 1.8e+02s
2020-07-28 23:38:49,218 - root - INFO - #90 MAX:accuracy.mean: 0.66
2020-07-28 23:38:49,311 - root - DEBUG - Sampled weight [1.19320672 0.34601191 1.54734729 1.24117529 0.99030191]
2020-07-28 23:38:50,350 - root - DEBUG - Updating hall of fame
2020-07-28 23:38:51,070 - root - INFO - Completed generation 91; 1.8s elapsed, 1.6s avg, 1.5e+02s total. Expected time remaining: 1.8e+02s
2020-07-28 23:38:51,119 - root - INFO - #91 MAX:accuracy.mean: 0.61
2020-07-28 23:38:51,160 - root - DEBUG - Sampled weight [1.85661558 0.56825365 0.83192848 0.92583573 0.78908548]
2020-07-28 23:38:52,206 - root - DEBUG - Updating hall of fame
2020-07-28 23:38:52,388 - root - INFO - Completed generation 92; 1.3s elapsed, 1.6s avg, 1.5e+02s total. Expected time remaining: 1.8e+02s
2020-07-28 23:38:52,436 - root - INFO - #92 MAX:accuracy.mean: 0.66
2020-07-28 23:38:52,476 - root - DEBUG - Sampled weight [1.34526712 1.06462102 0.99276254 1.26752347 0.72457174]
2020-07-28 23:38:53,515 - root - DEBUG - Updating hall of fame
2020-07-28 23:38:53,516 - root - INFO - Completed generation 93; 1.1s elapsed, 1.6s avg, 1.5e+02s total. Expected time remaining: 1.7e+02s
2020-07-28 23:38:53,564 - root - INFO - #93 MAX:accuracy.mean: 0.66
2020-07-28 23:38:53,604 - root - DEBUG - Sampled weight [1.27668059 1.04622189 0.89266143 0.43612955 1.08802141]
2020-07-28 23:38:54,647 - root - DEBUG - Updating hall of fame
2020-07-28 23:38:55,731 - root - INFO - Completed generation 94; 2.2s elapsed, 1.6s avg, 1.5e+02s total. Expected time remaining: 1.7e+02s
2020-07-28 23:38:55,779 - root - INFO - #94 MAX:accuracy.mean: 0.65
2020-07-28 23:38:55,819 - root - DEBUG - Sampled weight [1.56572212 0.66267482 0.91045153 0.94077903 0.48928737]
2020-07-28 23:38:56,856 - root - DEBUG - Updating hall of fame
2020-07-28 23:38:56,856 - root - INFO - Completed generation 95; 1.1s elapsed, 1.6s avg, 1.5e+02s total. Expected time remaining: 1.7e+02s
2020-07-28 23:38:56,904 - root - INFO - #95 MAX:accuracy.mean: 0.66
2020-07-28 23:38:56,944 - root - DEBUG - Sampled weight [1.02372497 1.41323977 0.72303077 1.34082887 1.39448358]
2020-07-28 23:38:57,986 - root - DEBUG - Updating hall of fame
2020-07-28 23:38:57,986 - root - INFO - Completed generation 96; 1.1s elapsed, 1.6s avg, 1.6e+02s total. Expected time remaining: 1.7e+02s
2020-07-28 23:38:58,034 - root - INFO - #96 MAX:accuracy.mean: 0.66
2020-07-28 23:38:58,074 - root - DEBUG - Sampled weight [2.81477143 0.51033233 0.54996424 1.09527212 3.12636052]
2020-07-28 23:38:59,114 - root - DEBUG - Updating hall of fame
2020-07-28 23:39:00,196 - root - INFO - Completed generation 97; 2.2s elapsed, 1.6s avg, 1.6e+02s total. Expected time remaining: 1.7e+02s
2020-07-28 23:39:00,244 - root - INFO - #97 MAX:accuracy.mean: 0.63
2020-07-28 23:39:00,284 - root - DEBUG - Sampled weight [1.46654573 1.49746296 1.06119078 1.35876217 0.78603965]
2020-07-28 23:39:01,325 - root - DEBUG - Updating hall of fame
2020-07-28 23:39:01,326 - root - INFO - Completed generation 98; 1.1s elapsed, 1.6s avg, 1.6e+02s total. Expected time remaining: 1.7e+02s
2020-07-28 23:39:01,374 - root - INFO - #98 MAX:accuracy.mean: 0.66
2020-07-28 23:39:01,414 - root - DEBUG - Sampled weight [0.57101229 0.94808895 0.95596215 0.41576019 0.54004058]
2020-07-28 23:39:02,494 - root - DEBUG - Updating hall of fame
2020-07-28 23:39:03,628 - root - INFO - Completed generation 99; 2.3s elapsed, 1.6s avg, 1.6e+02s total. Expected time remaining: 1.6e+02s
2020-07-28 23:39:03,679 - root - INFO - #99 MAX:accuracy.mean: 0.64
2020-07-28 23:39:03,723 - root - DEBUG - Sampled weight [1.50124171 0.8211235  1.09785613 0.76410833 1.19144983]
2020-07-28 23:39:04,842 - root - DEBUG - Updating hall of fame
2020-07-28 23:39:04,842 - root - INFO - Completed generation 100; 1.2s elapsed, 1.6s avg, 1.6e+02s total. Expected time remaining: 1.6e+02s
2020-07-28 23:39:04,894 - root - INFO - #100 MAX:accuracy.mean: 0.66
2020-07-28 23:39:04,991 - root - DEBUG - Sampled weight [1.33367962 2.69506735 1.31943387 1.09893909 3.5678663 ]
2020-07-28 23:39:06,108 - root - DEBUG - Updating hall of fame
2020-07-28 23:39:07,264 - root - INFO - Completed generation 101; 2.3s elapsed, 1.6s avg, 1.6e+02s total. Expected time remaining: 1.6e+02s
2020-07-28 23:39:07,315 - root - INFO - #101 MAX:accuracy.mean: 0.62
2020-07-28 23:39:07,358 - root - DEBUG - Sampled weight [0.49509267 1.55216899 0.76949288 0.94213851 1.14369142]
2020-07-28 23:39:08,475 - root - DEBUG - Updating hall of fame
2020-07-28 23:39:08,475 - root - INFO - Completed generation 102; 1.2s elapsed, 1.6s avg, 1.7e+02s total. Expected time remaining: 1.6e+02s
2020-07-28 23:39:08,527 - root - INFO - #102 MAX:accuracy.mean: 0.66
2020-07-28 23:39:08,570 - root - DEBUG - Sampled weight [0.90840884 0.6303211  1.15383338 2.68194409 2.13763894]
2020-07-28 23:39:09,679 - root - DEBUG - Updating hall of fame
2020-07-28 23:39:10,804 - root - INFO - Completed generation 103; 2.3s elapsed, 1.6s avg, 1.7e+02s total. Expected time remaining: 1.6e+02s
2020-07-28 23:39:10,852 - root - INFO - #103 MAX:accuracy.mean: 0.64
2020-07-28 23:39:10,892 - root - DEBUG - Sampled weight [0.93840107 1.81248323 0.83570583 0.66458532 0.83531147]
2020-07-28 23:39:11,934 - root - DEBUG - Updating hall of fame
2020-07-28 23:39:11,934 - root - INFO - Completed generation 104; 1.1s elapsed, 1.6s avg, 1.7e+02s total. Expected time remaining: 1.6e+02s
2020-07-28 23:39:11,982 - root - INFO - #104 MAX:accuracy.mean: 0.66
2020-07-28 23:39:12,023 - root - DEBUG - Sampled weight [1.79180262 0.67973781 0.63476909 0.81293159 3.52688547]
2020-07-28 23:39:13,059 - root - DEBUG - Updating hall of fame
2020-07-28 23:39:14,140 - root - INFO - Completed generation 105; 2.2s elapsed, 1.6s avg, 1.7e+02s total. Expected time remaining: 1.5e+02s
2020-07-28 23:39:14,187 - root - INFO - #105 MAX:accuracy.mean: 0.63
2020-07-28 23:39:14,229 - root - DEBUG - Sampled weight [0.95102477 0.49200677 1.01093951 0.54974268 0.72801359]
2020-07-28 23:39:15,267 - root - DEBUG - Updating hall of fame
2020-07-28 23:39:15,649 - root - INFO - Completed generation 106; 1.5s elapsed, 1.6s avg, 1.7e+02s total. Expected time remaining: 1.5e+02s
2020-07-28 23:39:15,697 - root - INFO - #106 MAX:accuracy.mean: 0.66
2020-07-28 23:39:15,737 - root - DEBUG - Sampled weight [0.39447951 1.03761124 1.76813648 0.68867099 1.02657085]
2020-07-28 23:39:16,776 - root - DEBUG - Updating hall of fame
2020-07-28 23:39:16,967 - root - INFO - Completed generation 107; 1.3s elapsed, 1.6s avg, 1.7e+02s total. Expected time remaining: 1.5e+02s
2020-07-28 23:39:17,015 - root - INFO - #107 MAX:accuracy.mean: 0.63
2020-07-28 23:39:17,055 - root - DEBUG - Sampled weight [1.43593657 0.86244935 0.74062229 1.31615053 2.81922009]
2020-07-28 23:39:18,094 - root - DEBUG - Updating hall of fame
2020-07-28 23:39:18,286 - root - INFO - Completed generation 108; 1.3s elapsed, 1.6s avg, 1.8e+02s total. Expected time remaining: 1.5e+02s
2020-07-28 23:39:18,333 - root - INFO - #108 MAX:accuracy.mean: 0.65
2020-07-28 23:39:18,373 - root - DEBUG - Sampled weight [1.31552611 1.81325328 0.83703959 0.89182633 0.76676632]
2020-07-28 23:39:19,413 - root - DEBUG - Updating hall of fame
2020-07-28 23:39:21,030 - root - INFO - Completed generation 109; 2.7s elapsed, 1.6s avg, 1.8e+02s total. Expected time remaining: 1.5e+02s
2020-07-28 23:39:21,078 - root - INFO - #109 MAX:accuracy.mean: 0.66
2020-07-28 23:39:21,119 - root - DEBUG - Sampled weight [1.5087241  1.74386743 0.75153669 0.62347248 1.21698123]
2020-07-28 23:39:22,157 - root - DEBUG - Updating hall of fame
2020-07-28 23:39:23,239 - root - INFO - Completed generation 110; 2.2s elapsed, 1.6s avg, 1.8e+02s total. Expected time remaining: 1.5e+02s
2020-07-28 23:39:23,286 - root - INFO - #110 MAX:accuracy.mean: 0.66
2020-07-28 23:39:23,387 - root - DEBUG - Sampled weight [0.75486879 0.78041964 0.51247717 0.45798605 0.74432597]
2020-07-28 23:39:24,428 - root - DEBUG - Updating hall of fame
2020-07-28 23:39:24,790 - root - INFO - Completed generation 111; 1.4s elapsed, 1.6s avg, 1.8e+02s total. Expected time remaining: 1.5e+02s
2020-07-28 23:39:24,838 - root - INFO - #111 MAX:accuracy.mean: 0.66
2020-07-28 23:39:24,878 - root - DEBUG - Sampled weight [0.58321735 0.92362008 2.22717758 0.96193731 0.72047242]
2020-07-28 23:39:25,917 - root - DEBUG - Updating hall of fame
2020-07-28 23:39:25,918 - root - INFO - Completed generation 112; 1.1s elapsed, 1.6s avg, 1.8e+02s total. Expected time remaining: 1.4e+02s
2020-07-28 23:39:25,966 - root - INFO - #112 MAX:accuracy.mean: 0.66
2020-07-28 23:39:26,006 - root - DEBUG - Sampled weight [3.37465696 1.55067979 0.71168271 0.8360451  0.61576117]
2020-07-28 23:39:27,045 - root - DEBUG - Updating hall of fame
2020-07-28 23:39:28,124 - root - INFO - Completed generation 113; 2.2s elapsed, 1.6s avg, 1.8e+02s total. Expected time remaining: 1.4e+02s
2020-07-28 23:39:28,172 - root - INFO - #113 MAX:accuracy.mean: 0.63
2020-07-28 23:39:28,213 - root - DEBUG - Sampled weight [3.20022    0.81960642 0.87462948 1.27336197 1.07932609]
2020-07-28 23:39:29,251 - root - DEBUG - Updating hall of fame
2020-07-28 23:39:29,251 - root - INFO - Completed generation 114; 1.1s elapsed, 1.6s avg, 1.9e+02s total. Expected time remaining: 1.4e+02s
2020-07-28 23:39:29,299 - root - INFO - #114 MAX:accuracy.mean: 0.65
2020-07-28 23:39:29,340 - root - DEBUG - Sampled weight [0.97212069 2.2448806  2.44324674 0.67949116 0.96585121]
2020-07-28 23:39:30,380 - root - DEBUG - Updating hall of fame
2020-07-28 23:39:30,562 - root - INFO - Completed generation 115; 1.3s elapsed, 1.6s avg, 1.9e+02s total. Expected time remaining: 1.4e+02s
2020-07-28 23:39:30,610 - root - INFO - #115 MAX:accuracy.mean: 0.65
2020-07-28 23:39:30,650 - root - DEBUG - Sampled weight [1.785698   1.96758064 0.64230317 1.73521672 3.04207425]
2020-07-28 23:39:31,691 - root - DEBUG - Updating hall of fame
2020-07-28 23:39:32,806 - root - INFO - Completed generation 116; 2.2s elapsed, 1.6s avg, 1.9e+02s total. Expected time remaining: 1.4e+02s
2020-07-28 23:39:32,857 - root - INFO - #116 MAX:accuracy.mean: 0.63
2020-07-28 23:39:32,901 - root - DEBUG - Sampled weight [0.37635441 0.31469248 1.53492236 0.85657507 0.53792037]
2020-07-28 23:39:34,020 - root - DEBUG - Updating hall of fame
2020-07-28 23:39:34,021 - root - INFO - Completed generation 117; 1.2s elapsed, 1.6s avg, 1.9e+02s total. Expected time remaining: 1.4e+02s
2020-07-28 23:39:34,072 - root - INFO - #117 MAX:accuracy.mean: 0.57
2020-07-28 23:39:34,116 - root - DEBUG - Sampled weight [1.15189585 1.08433837 2.52890096 1.9445446  0.48561382]
2020-07-28 23:39:35,173 - root - DEBUG - Updating hall of fame
2020-07-28 23:39:35,173 - root - INFO - Completed generation 118; 1.1s elapsed, 1.6s avg, 1.9e+02s total. Expected time remaining: 1.3e+02s
2020-07-28 23:39:35,221 - root - INFO - #118 MAX:accuracy.mean: 0.64
2020-07-28 23:39:35,262 - root - DEBUG - Sampled weight [0.65269046 1.87470268 2.28681513 1.28776309 0.66888947]
2020-07-28 23:39:36,301 - root - DEBUG - Updating hall of fame
2020-07-28 23:39:37,561 - root - INFO - Completed generation 119; 2.3s elapsed, 1.6s avg, 1.9e+02s total. Expected time remaining: 1.3e+02s
2020-07-28 23:39:37,609 - root - INFO - #119 MAX:accuracy.mean: 0.65
2020-07-28 23:39:37,650 - root - DEBUG - Sampled weight [0.87633064 1.00586054 0.94722663 0.64048972 0.8778384 ]
2020-07-28 23:39:38,690 - root - DEBUG - Updating hall of fame
2020-07-28 23:39:40,311 - root - INFO - Completed generation 120; 2.7s elapsed, 1.6s avg, 2e+02s total. Expected time remaining: 1.3e+02s
2020-07-28 23:39:40,359 - root - INFO - #120 MAX:accuracy.mean: 0.67
2020-07-28 23:39:40,464 - root - DEBUG - Sampled weight [0.80096036 1.23116213 1.17554624 0.35293343 0.85098284]
2020-07-28 23:39:41,504 - root - DEBUG - Updating hall of fame
2020-07-28 23:39:42,770 - root - INFO - Completed generation 121; 2.3s elapsed, 1.6s avg, 2e+02s total. Expected time remaining: 1.3e+02s
2020-07-28 23:39:42,818 - root - INFO - #121 MAX:accuracy.mean: 0.61
2020-07-28 23:39:42,858 - root - DEBUG - Sampled weight [0.62831195 0.52574184 0.97637728 0.6110046  0.63108826]
2020-07-28 23:39:43,896 - root - DEBUG - Updating hall of fame
2020-07-28 23:39:43,897 - root - INFO - Completed generation 122; 1.1s elapsed, 1.6s avg, 2e+02s total. Expected time remaining: 1.3e+02s
2020-07-28 23:39:43,944 - root - INFO - #122 MAX:accuracy.mean: 0.67
2020-07-28 23:39:43,985 - root - DEBUG - Sampled weight [1.35257669 1.38599163 0.83918353 0.93747641 1.16019404]
2020-07-28 23:39:45,027 - root - DEBUG - Updating hall of fame
2020-07-28 23:39:45,028 - root - INFO - Completed generation 123; 1.1s elapsed, 1.6s avg, 2e+02s total. Expected time remaining: 1.3e+02s
2020-07-28 23:39:45,076 - root - INFO - #123 MAX:accuracy.mean: 0.66
2020-07-28 23:39:45,117 - root - DEBUG - Sampled weight [0.54306542 1.65213713 2.16344084 0.92180773 1.89608335]
2020-07-28 23:39:46,156 - root - DEBUG - Updating hall of fame
2020-07-28 23:39:46,697 - root - INFO - Completed generation 124; 1.6s elapsed, 1.6s avg, 2e+02s total. Expected time remaining: 1.2e+02s
2020-07-28 23:39:46,745 - root - INFO - #124 MAX:accuracy.mean: 0.65
2020-07-28 23:39:46,786 - root - DEBUG - Sampled weight [0.93708544 0.50326365 0.76931204 0.53663662 0.45962333]
2020-07-28 23:39:47,823 - root - DEBUG - Updating hall of fame
2020-07-28 23:39:47,824 - root - INFO - Completed generation 125; 1.1s elapsed, 1.6s avg, 2e+02s total. Expected time remaining: 1.2e+02s
2020-07-28 23:39:47,872 - root - INFO - #125 MAX:accuracy.mean: 0.66
2020-07-28 23:39:47,912 - root - DEBUG - Sampled weight [0.77388426 0.82874681 0.62614834 1.21552669 6.78651033]
2020-07-28 23:39:48,952 - root - DEBUG - Updating hall of fame
2020-07-28 23:39:48,952 - root - INFO - Completed generation 126; 1.1s elapsed, 1.6s avg, 2e+02s total. Expected time remaining: 1.2e+02s
2020-07-28 23:39:49,000 - root - INFO - #126 MAX:accuracy.mean: 0.62
2020-07-28 23:39:49,041 - root - DEBUG - Sampled weight [1.48669063 0.95874837 1.17228429 1.18092552 1.0226128 ]
2020-07-28 23:39:50,075 - root - DEBUG - Updating hall of fame
2020-07-28 23:39:50,075 - root - INFO - Completed generation 127; 1.1s elapsed, 1.6s avg, 2.1e+02s total. Expected time remaining: 1.2e+02s
2020-07-28 23:39:50,124 - root - INFO - #127 MAX:accuracy.mean: 0.66
2020-07-28 23:39:50,165 - root - DEBUG - Sampled weight [0.9912982  1.72350738 0.92254622 0.33438626 0.94783701]
2020-07-28 23:39:51,204 - root - DEBUG - Updating hall of fame
2020-07-28 23:39:52,465 - root - INFO - Completed generation 128; 2.3s elapsed, 1.6s avg, 2.1e+02s total. Expected time remaining: 1.2e+02s
2020-07-28 23:39:52,515 - root - INFO - #128 MAX:accuracy.mean: 0.6
2020-07-28 23:39:52,556 - root - DEBUG - Sampled weight [0.54948927 0.90704121 1.38494915 0.6861715  1.16481158]
2020-07-28 23:39:53,595 - root - DEBUG - Updating hall of fame
2020-07-28 23:39:53,596 - root - INFO - Completed generation 129; 1.1s elapsed, 1.6s avg, 2.1e+02s total. Expected time remaining: 1.2e+02s
2020-07-28 23:39:53,644 - root - INFO - #129 MAX:accuracy.mean: 0.67
2020-07-28 23:39:53,684 - root - DEBUG - Sampled weight [1.73564944 0.41974053 0.34629899 1.09710535 2.46241547]
2020-07-28 23:39:54,725 - root - DEBUG - Updating hall of fame
2020-07-28 23:39:55,986 - root - INFO - Completed generation 130; 2.3s elapsed, 1.6s avg, 2.1e+02s total. Expected time remaining: 1.1e+02s
2020-07-28 23:39:56,034 - root - INFO - #130 MAX:accuracy.mean: 0.58
2020-07-28 23:39:56,143 - root - DEBUG - Sampled weight [1.5073586  0.49036648 1.42317386 0.5143797  0.91573278]
2020-07-28 23:39:57,183 - root - DEBUG - Updating hall of fame
2020-07-28 23:39:57,184 - root - INFO - Completed generation 131; 1.1s elapsed, 1.6s avg, 2.1e+02s total. Expected time remaining: 1.1e+02s
2020-07-28 23:39:57,232 - root - INFO - #131 MAX:accuracy.mean: 0.66
2020-07-28 23:39:57,271 - root - DEBUG - Sampled weight [1.10352046 2.21614481 0.91962816 0.62334764 0.88434092]
2020-07-28 23:39:58,317 - root - DEBUG - Updating hall of fame
2020-07-28 23:39:59,583 - root - INFO - Completed generation 132; 2.4s elapsed, 1.6s avg, 2.2e+02s total. Expected time remaining: 1.1e+02s
2020-07-28 23:39:59,631 - root - INFO - #132 MAX:accuracy.mean: 0.66
2020-07-28 23:39:59,673 - root - DEBUG - Sampled weight [2.03156248 1.56647599 2.79760893 1.24512991 1.40364799]
2020-07-28 23:40:00,714 - root - DEBUG - Updating hall of fame
2020-07-28 23:40:02,014 - root - INFO - Completed generation 133; 2.4s elapsed, 1.6s avg, 2.2e+02s total. Expected time remaining: 1.1e+02s
2020-07-28 23:40:02,066 - root - INFO - #133 MAX:accuracy.mean: 0.64
2020-07-28 23:40:02,110 - root - DEBUG - Sampled weight [0.92934107 0.75685467 0.78884979 1.41509872 0.51452207]
2020-07-28 23:40:03,166 - root - DEBUG - Updating hall of fame
2020-07-28 23:40:04,431 - root - INFO - Completed generation 134; 2.4s elapsed, 1.6s avg, 2.2e+02s total. Expected time remaining: 1.1e+02s
2020-07-28 23:40:04,479 - root - INFO - #134 MAX:accuracy.mean: 0.66
2020-07-28 23:40:04,519 - root - DEBUG - Sampled weight [2.0876462  1.62304226 1.22681297 1.42819521 1.20808693]
2020-07-28 23:40:05,571 - root - DEBUG - Updating hall of fame
2020-07-28 23:40:05,572 - root - INFO - Completed generation 135; 1.1s elapsed, 1.6s avg, 2.2e+02s total. Expected time remaining: 1.1e+02s
2020-07-28 23:40:05,621 - root - INFO - #135 MAX:accuracy.mean: 0.65
2020-07-28 23:40:05,663 - root - DEBUG - Sampled weight [0.37328526 0.85742868 1.40832195 0.90108044 0.61686466]
2020-07-28 23:40:06,737 - root - DEBUG - Updating hall of fame
2020-07-28 23:40:08,415 - root - INFO - Completed generation 136; 2.8s elapsed, 1.6s avg, 2.2e+02s total. Expected time remaining: 1.1e+02s
2020-07-28 23:40:08,464 - root - INFO - #136 MAX:accuracy.mean: 0.62
2020-07-28 23:40:08,506 - root - DEBUG - Sampled weight [0.87563689 0.91480876 2.91875601 1.34043789 1.50311011]
2020-07-28 23:40:09,585 - root - DEBUG - Updating hall of fame
2020-07-28 23:40:09,585 - root - INFO - Completed generation 137; 1.1s elapsed, 1.6s avg, 2.2e+02s total. Expected time remaining: 1e+02s
2020-07-28 23:40:09,635 - root - INFO - #137 MAX:accuracy.mean: 0.65
2020-07-28 23:40:09,677 - root - DEBUG - Sampled weight [1.17847802 1.29434657 0.75073327 0.73131576 0.58979884]
2020-07-28 23:40:10,723 - root - DEBUG - Updating hall of fame
2020-07-28 23:40:12,348 - root - INFO - Completed generation 138; 2.7s elapsed, 1.6s avg, 2.3e+02s total. Expected time remaining: 1e+02s
2020-07-28 23:40:12,396 - root - INFO - #138 MAX:accuracy.mean: 0.67
2020-07-28 23:40:12,436 - root - DEBUG - Sampled weight [1.2773972  0.8243634  1.24583358 0.83660462 0.94730922]
2020-07-28 23:40:13,478 - root - DEBUG - Updating hall of fame
2020-07-28 23:40:13,478 - root - INFO - Completed generation 139; 1.1s elapsed, 1.6s avg, 2.3e+02s total. Expected time remaining: 1e+02s
2020-07-28 23:40:13,526 - root - INFO - #139 MAX:accuracy.mean: 0.67
2020-07-28 23:40:13,567 - root - DEBUG - Sampled weight [0.6857648  0.90556102 0.40783343 0.58960772 0.45499614]
2020-07-28 23:40:14,612 - root - DEBUG - Updating hall of fame
2020-07-28 23:40:16,241 - root - INFO - Completed generation 140; 2.7s elapsed, 1.7s avg, 2.3e+02s total. Expected time remaining: 9.9e+01s
2020-07-28 23:40:16,292 - root - INFO - #140 MAX:accuracy.mean: 0.63
2020-07-28 23:40:16,397 - root - DEBUG - Sampled weight [0.58598672 0.60406979 0.98380134 0.96778984 0.93904041]
2020-07-28 23:40:17,441 - root - DEBUG - Updating hall of fame
2020-07-28 23:40:17,441 - root - INFO - Completed generation 141; 1.1s elapsed, 1.6s avg, 2.3e+02s total. Expected time remaining: 9.7e+01s
2020-07-28 23:40:17,489 - root - INFO - #141 MAX:accuracy.mean: 0.67
2020-07-28 23:40:17,529 - root - DEBUG - Sampled weight [0.54522447 1.28142712 0.71528304 1.0190386  2.84552043]
2020-07-28 23:40:18,594 - root - DEBUG - Updating hall of fame
2020-07-28 23:40:18,595 - root - INFO - Completed generation 142; 1.1s elapsed, 1.6s avg, 2.3e+02s total. Expected time remaining: 9.5e+01s
2020-07-28 23:40:18,646 - root - INFO - #142 MAX:accuracy.mean: 0.65
2020-07-28 23:40:18,689 - root - DEBUG - Sampled weight [0.54834245 0.53999096 0.81171676 0.84068598 0.61992877]
2020-07-28 23:40:19,743 - root - DEBUG - Updating hall of fame
2020-07-28 23:40:19,744 - root - INFO - Completed generation 143; 1.1s elapsed, 1.6s avg, 2.3e+02s total. Expected time remaining: 9.4e+01s
2020-07-28 23:40:19,791 - root - INFO - #143 MAX:accuracy.mean: 0.67
2020-07-28 23:40:19,832 - root - DEBUG - Sampled weight [1.26108633 1.56309397 1.2055657  0.65189162 0.58768074]
2020-07-28 23:40:20,869 - root - DEBUG - Updating hall of fame
2020-07-28 23:40:20,869 - root - INFO - Completed generation 144; 1.1s elapsed, 1.6s avg, 2.4e+02s total. Expected time remaining: 9.2e+01s
2020-07-28 23:40:20,917 - root - INFO - #144 MAX:accuracy.mean: 0.66
2020-07-28 23:40:20,958 - root - DEBUG - Sampled weight [1.25691372 0.89781534 2.65492655 1.03886431 1.15344526]
2020-07-28 23:40:21,999 - root - DEBUG - Updating hall of fame
2020-07-28 23:40:23,625 - root - INFO - Completed generation 145; 2.7s elapsed, 1.6s avg, 2.4e+02s total. Expected time remaining: 9e+01s
2020-07-28 23:40:23,673 - root - INFO - #145 MAX:accuracy.mean: 0.65
2020-07-28 23:40:23,714 - root - DEBUG - Sampled weight [1.6886912  0.55252803 0.43162734 0.42194068 1.68645529]
2020-07-28 23:40:24,761 - root - DEBUG - Updating hall of fame
2020-07-28 23:40:25,693 - root - INFO - Completed generation 146; 2.0s elapsed, 1.6s avg, 2.4e+02s total. Expected time remaining: 8.9e+01s
2020-07-28 23:40:25,744 - root - INFO - #146 MAX:accuracy.mean: 0.62
2020-07-28 23:40:25,785 - root - DEBUG - Sampled weight [0.50991792 3.24722695 0.63093246 0.68051834 1.10453527]
2020-07-28 23:40:26,846 - root - DEBUG - Updating hall of fame
2020-07-28 23:40:26,846 - root - INFO - Completed generation 147; 1.1s elapsed, 1.6s avg, 2.4e+02s total. Expected time remaining: 8.7e+01s
2020-07-28 23:40:26,895 - root - INFO - #147 MAX:accuracy.mean: 0.65
2020-07-28 23:40:26,935 - root - DEBUG - Sampled weight [0.45245097 1.14032136 1.4577971  2.75181999 0.88451161]
2020-07-28 23:40:27,974 - root - DEBUG - Updating hall of fame
2020-07-28 23:40:27,974 - root - INFO - Completed generation 148; 1.1s elapsed, 1.6s avg, 2.4e+02s total. Expected time remaining: 8.5e+01s
2020-07-28 23:40:28,022 - root - INFO - #148 MAX:accuracy.mean: 0.63
2020-07-28 23:40:28,062 - root - DEBUG - Sampled weight [2.44854709 1.23203176 1.45102289 0.9998785  0.63618762]
2020-07-28 23:40:29,099 - root - DEBUG - Updating hall of fame
2020-07-28 23:40:29,100 - root - INFO - Completed generation 149; 1.1s elapsed, 1.6s avg, 2.4e+02s total. Expected time remaining: 8.3e+01s
2020-07-28 23:40:29,148 - root - INFO - #149 MAX:accuracy.mean: 0.65
2020-07-28 23:40:29,188 - root - DEBUG - Sampled weight [1.5278127  1.00793444 0.59569181 1.46644707 2.03129173]
2020-07-28 23:40:30,230 - root - DEBUG - Updating hall of fame
2020-07-28 23:40:31,494 - root - INFO - Completed generation 150; 2.3s elapsed, 1.6s avg, 2.5e+02s total. Expected time remaining: 8.2e+01s
2020-07-28 23:40:31,542 - root - INFO - #150 MAX:accuracy.mean: 0.65
2020-07-28 23:40:31,649 - root - DEBUG - Sampled weight [0.70030944 1.84713594 0.47650052 0.4069322  0.25155023]
2020-07-28 23:40:32,691 - root - DEBUG - Updating hall of fame
2020-07-28 23:40:33,591 - root - INFO - Completed generation 151; 2.0s elapsed, 1.6s avg, 2.5e+02s total. Expected time remaining: 8.1e+01s
2020-07-28 23:40:33,640 - root - INFO - #151 MAX:accuracy.mean: 0.57
2020-07-28 23:40:33,681 - root - DEBUG - Sampled weight [0.87520675 0.84714994 0.34768508 0.62068268 1.46531043]
2020-07-28 23:40:34,721 - root - DEBUG - Updating hall of fame
2020-07-28 23:40:34,721 - root - INFO - Completed generation 152; 1.1s elapsed, 1.6s avg, 2.5e+02s total. Expected time remaining: 7.9e+01s
2020-07-28 23:40:34,769 - root - INFO - #152 MAX:accuracy.mean: 0.61
2020-07-28 23:40:34,809 - root - DEBUG - Sampled weight [0.45151176 0.66359462 0.67430481 0.96177253 0.50149281]
2020-07-28 23:40:35,850 - root - DEBUG - Updating hall of fame
2020-07-28 23:40:35,851 - root - INFO - Completed generation 153; 1.1s elapsed, 1.6s avg, 2.5e+02s total. Expected time remaining: 7.7e+01s
2020-07-28 23:40:35,898 - root - INFO - #153 MAX:accuracy.mean: 0.65
2020-07-28 23:40:35,940 - root - DEBUG - Sampled weight [1.7570327  0.53883754 1.59950023 1.72070073 0.95902489]
2020-07-28 23:40:36,983 - root - DEBUG - Updating hall of fame
2020-07-28 23:40:36,984 - root - INFO - Completed generation 154; 1.1s elapsed, 1.6s avg, 2.5e+02s total. Expected time remaining: 7.5e+01s
2020-07-28 23:40:37,032 - root - INFO - #154 MAX:accuracy.mean: 0.65
2020-07-28 23:40:37,073 - root - DEBUG - Sampled weight [0.39867904 1.59433481 0.95880355 3.60271114 0.65640875]
2020-07-28 23:40:38,115 - root - DEBUG - Updating hall of fame
2020-07-28 23:40:39,377 - root - INFO - Completed generation 155; 2.3s elapsed, 1.6s avg, 2.5e+02s total. Expected time remaining: 7.4e+01s
2020-07-28 23:40:39,426 - root - INFO - #155 MAX:accuracy.mean: 0.6
2020-07-28 23:40:39,467 - root - DEBUG - Sampled weight [0.8214884  0.79283646 0.53706649 2.34572966 2.25043392]
2020-07-28 23:40:40,508 - root - DEBUG - Updating hall of fame
2020-07-28 23:40:40,509 - root - INFO - Completed generation 156; 1.1s elapsed, 1.6s avg, 2.5e+02s total. Expected time remaining: 7.2e+01s
2020-07-28 23:40:40,557 - root - INFO - #156 MAX:accuracy.mean: 0.65
2020-07-28 23:40:40,597 - root - DEBUG - Sampled weight [1.19789107 0.67219782 0.83513567 0.82004495 0.86614426]
2020-07-28 23:40:41,639 - root - DEBUG - Updating hall of fame
2020-07-28 23:40:41,639 - root - INFO - Completed generation 157; 1.1s elapsed, 1.6s avg, 2.6e+02s total. Expected time remaining: 7e+01s
2020-07-28 23:40:41,688 - root - INFO - #157 MAX:accuracy.mean: 0.67
2020-07-28 23:40:41,728 - root - DEBUG - Sampled weight [1.9602995  1.24117176 0.5970477  1.57100945 0.5913662 ]
2020-07-28 23:40:42,776 - root - DEBUG - Updating hall of fame
2020-07-28 23:40:44,038 - root - INFO - Completed generation 158; 2.3s elapsed, 1.6s avg, 2.6e+02s total. Expected time remaining: 6.9e+01s
2020-07-28 23:40:44,085 - root - INFO - #158 MAX:accuracy.mean: 0.66
2020-07-28 23:40:44,126 - root - DEBUG - Sampled weight [2.02508908 1.09180998 0.40912405 1.88878899 0.49296229]
2020-07-28 23:40:45,164 - root - DEBUG - Updating hall of fame
2020-07-28 23:40:45,165 - root - INFO - Completed generation 159; 1.1s elapsed, 1.6s avg, 2.6e+02s total. Expected time remaining: 6.7e+01s
2020-07-28 23:40:45,213 - root - INFO - #159 MAX:accuracy.mean: 0.62
2020-07-28 23:40:45,253 - root - DEBUG - Sampled weight [0.32599363 0.87635766 1.32374567 1.86377278 0.58575464]
2020-07-28 23:40:46,293 - root - DEBUG - Updating hall of fame
2020-07-28 23:40:46,294 - root - INFO - Completed generation 160; 1.1s elapsed, 1.6s avg, 2.6e+02s total. Expected time remaining: 6.5e+01s
2020-07-28 23:40:46,342 - root - INFO - #160 MAX:accuracy.mean: 0.6
2020-07-28 23:40:46,442 - root - DEBUG - Sampled weight [0.54467446 0.63281799 0.80167476 0.56061806 1.01183978]
2020-07-28 23:40:47,483 - root - DEBUG - Updating hall of fame
2020-07-28 23:40:47,483 - root - INFO - Completed generation 161; 1.1s elapsed, 1.6s avg, 2.6e+02s total. Expected time remaining: 6.3e+01s
2020-07-28 23:40:47,531 - root - INFO - #161 MAX:accuracy.mean: 0.67
2020-07-28 23:40:47,572 - root - DEBUG - Sampled weight [1.37474973 1.6926705  1.08036106 1.15304277 1.48218959]
2020-07-28 23:40:48,614 - root - DEBUG - Updating hall of fame
2020-07-28 23:40:48,614 - root - INFO - Completed generation 162; 1.1s elapsed, 1.6s avg, 2.6e+02s total. Expected time remaining: 6.2e+01s
2020-07-28 23:40:48,662 - root - INFO - #162 MAX:accuracy.mean: 0.66
2020-07-28 23:40:48,703 - root - DEBUG - Sampled weight [1.16681068 0.33485846 1.88709215 2.34266579 0.54982969]
2020-07-28 23:40:49,743 - root - DEBUG - Updating hall of fame
2020-07-28 23:40:50,480 - root - INFO - Completed generation 163; 1.8s elapsed, 1.6s avg, 2.6e+02s total. Expected time remaining: 6e+01s
2020-07-28 23:40:50,532 - root - INFO - #163 MAX:accuracy.mean: 0.59
2020-07-28 23:40:50,575 - root - DEBUG - Sampled weight [1.08474698 1.58781338 0.43187354 0.67479212 1.06655057]
2020-07-28 23:40:51,697 - root - DEBUG - Updating hall of fame
2020-07-28 23:40:51,697 - root - INFO - Completed generation 164; 1.2s elapsed, 1.6s avg, 2.7e+02s total. Expected time remaining: 5.8e+01s
2020-07-28 23:40:51,748 - root - INFO - #164 MAX:accuracy.mean: 0.65
2020-07-28 23:40:51,791 - root - DEBUG - Sampled weight [0.37174896 1.0970031  1.58348011 1.42857851 0.58817595]
2020-07-28 23:40:52,910 - root - DEBUG - Updating hall of fame
2020-07-28 23:40:53,880 - root - INFO - Completed generation 165; 2.1s elapsed, 1.6s avg, 2.7e+02s total. Expected time remaining: 5.7e+01s
2020-07-28 23:40:53,931 - root - INFO - #165 MAX:accuracy.mean: 0.62
2020-07-28 23:40:53,973 - root - DEBUG - Sampled weight [0.39989221 0.98324494 0.81267266 1.01059167 0.99878534]
2020-07-28 23:40:55,035 - root - DEBUG - Updating hall of fame
2020-07-28 23:40:55,035 - root - INFO - Completed generation 166; 1.1s elapsed, 1.6s avg, 2.7e+02s total. Expected time remaining: 5.5e+01s
2020-07-28 23:40:55,084 - root - INFO - #166 MAX:accuracy.mean: 0.63
2020-07-28 23:40:55,124 - root - DEBUG - Sampled weight [1.81188162 0.91591242 0.59148559 1.61166917 0.6679637 ]
2020-07-28 23:40:56,160 - root - DEBUG - Updating hall of fame
2020-07-28 23:40:56,161 - root - INFO - Completed generation 167; 1.1s elapsed, 1.6s avg, 2.7e+02s total. Expected time remaining: 5.3e+01s
2020-07-28 23:40:56,209 - root - INFO - #167 MAX:accuracy.mean: 0.66
2020-07-28 23:40:56,249 - root - DEBUG - Sampled weight [0.61731251 0.68275695 0.52855047 0.5675187  0.56078116]
2020-07-28 23:40:57,285 - root - DEBUG - Updating hall of fame
2020-07-28 23:40:58,545 - root - INFO - Completed generation 168; 2.3s elapsed, 1.6s avg, 2.7e+02s total. Expected time remaining: 5.2e+01s
2020-07-28 23:40:58,593 - root - INFO - #168 MAX:accuracy.mean: 0.67
2020-07-28 23:40:58,633 - root - DEBUG - Sampled weight [0.40242077 1.37426841 2.20857529 1.34076458 0.51862234]
2020-07-28 23:40:59,673 - root - DEBUG - Updating hall of fame
2020-07-28 23:40:59,673 - root - INFO - Completed generation 169; 1.1s elapsed, 1.6s avg, 2.7e+02s total. Expected time remaining: 5e+01s
2020-07-28 23:40:59,721 - root - INFO - #169 MAX:accuracy.mean: 0.62
2020-07-28 23:40:59,761 - root - DEBUG - Sampled weight [2.80358124 1.5519979  0.92648262 1.12270169 0.97781523]
2020-07-28 23:41:00,798 - root - DEBUG - Updating hall of fame
2020-07-28 23:41:00,798 - root - INFO - Completed generation 170; 1.1s elapsed, 1.6s avg, 2.7e+02s total. Expected time remaining: 4.8e+01s
2020-07-28 23:41:00,846 - root - INFO - #170 MAX:accuracy.mean: 0.65
2020-07-28 23:41:00,955 - root - DEBUG - Sampled weight [2.09368369 0.78166096 0.9495228  1.45777089 0.87623704]
2020-07-28 23:41:02,066 - root - DEBUG - Updating hall of fame
2020-07-28 23:41:02,987 - root - INFO - Completed generation 171; 2.1s elapsed, 1.6s avg, 2.8e+02s total. Expected time remaining: 4.7e+01s
2020-07-28 23:41:03,036 - root - INFO - #171 MAX:accuracy.mean: 0.65
2020-07-28 23:41:03,078 - root - DEBUG - Sampled weight [1.05552374 0.9571007  0.75094697 0.75968112 0.87189764]
2020-07-28 23:41:04,121 - root - DEBUG - Updating hall of fame
2020-07-28 23:41:05,387 - root - INFO - Completed generation 172; 2.4s elapsed, 1.6s avg, 2.8e+02s total. Expected time remaining: 4.5e+01s
2020-07-28 23:41:05,435 - root - INFO - #172 MAX:accuracy.mean: 0.67
2020-07-28 23:41:05,476 - root - DEBUG - Sampled weight [0.60298506 1.69881266 1.07323203 1.00854472 1.01102028]
2020-07-28 23:41:06,517 - root - DEBUG - Updating hall of fame
2020-07-28 23:41:06,518 - root - INFO - Completed generation 173; 1.1s elapsed, 1.6s avg, 2.8e+02s total. Expected time remaining: 4.4e+01s
2020-07-28 23:41:06,566 - root - INFO - #173 MAX:accuracy.mean: 0.66
2020-07-28 23:41:06,606 - root - DEBUG - Sampled weight [1.87085634 1.04932682 2.09736937 1.6137628  1.17256022]
2020-07-28 23:41:07,645 - root - DEBUG - Updating hall of fame
2020-07-28 23:41:08,905 - root - INFO - Completed generation 174; 2.3s elapsed, 1.6s avg, 2.8e+02s total. Expected time remaining: 4.2e+01s
2020-07-28 23:41:08,953 - root - INFO - #174 MAX:accuracy.mean: 0.65
2020-07-28 23:41:08,993 - root - DEBUG - Sampled weight [1.1183988  1.42509036 0.77652227 1.00003867 0.79888126]
2020-07-28 23:41:10,033 - root - DEBUG - Updating hall of fame
2020-07-28 23:41:11,294 - root - INFO - Completed generation 175; 2.3s elapsed, 1.6s avg, 2.8e+02s total. Expected time remaining: 4.1e+01s
2020-07-28 23:41:11,342 - root - INFO - #175 MAX:accuracy.mean: 0.67
2020-07-28 23:41:11,382 - root - DEBUG - Sampled weight [2.00404596 0.70995293 0.98583604 1.27229569 1.79024489]
2020-07-28 23:41:12,423 - root - DEBUG - Updating hall of fame
2020-07-28 23:41:12,423 - root - INFO - Completed generation 176; 1.1s elapsed, 1.6s avg, 2.9e+02s total. Expected time remaining: 3.9e+01s
2020-07-28 23:41:12,471 - root - INFO - #176 MAX:accuracy.mean: 0.65
2020-07-28 23:41:12,512 - root - DEBUG - Sampled weight [1.54011985 1.69707604 1.43860152 1.75905232 1.06033534]
2020-07-28 23:41:13,554 - root - DEBUG - Updating hall of fame
2020-07-28 23:41:14,274 - root - INFO - Completed generation 177; 1.8s elapsed, 1.6s avg, 2.9e+02s total. Expected time remaining: 3.7e+01s
2020-07-28 23:41:14,322 - root - INFO - #177 MAX:accuracy.mean: 0.65
2020-07-28 23:41:14,364 - root - DEBUG - Sampled weight [1.52729507 0.76604402 1.4422565  0.94649821 1.0367007 ]
2020-07-28 23:41:15,402 - root - DEBUG - Updating hall of fame
2020-07-28 23:41:16,121 - root - INFO - Completed generation 178; 1.8s elapsed, 1.6s avg, 2.9e+02s total. Expected time remaining: 3.6e+01s
2020-07-28 23:41:16,169 - root - INFO - #178 MAX:accuracy.mean: 0.66
2020-07-28 23:41:16,209 - root - DEBUG - Sampled weight [1.75298623 0.58357866 0.78932512 0.52552616 0.74452072]
2020-07-28 23:41:17,249 - root - DEBUG - Updating hall of fame
2020-07-28 23:41:17,250 - root - INFO - Completed generation 179; 1.1s elapsed, 1.6s avg, 2.9e+02s total. Expected time remaining: 3.4e+01s
2020-07-28 23:41:17,301 - root - INFO - #179 MAX:accuracy.mean: 0.66
2020-07-28 23:41:17,341 - root - DEBUG - Sampled weight [0.9885524  2.0432001  1.05684928 0.53701523 1.02572306]
2020-07-28 23:41:18,382 - root - DEBUG - Updating hall of fame
2020-07-28 23:41:18,383 - root - INFO - Completed generation 180; 1.1s elapsed, 1.6s avg, 2.9e+02s total. Expected time remaining: 3.2e+01s
2020-07-28 23:41:18,431 - root - INFO - #180 MAX:accuracy.mean: 0.66
2020-07-28 23:41:18,523 - root - DEBUG - Sampled weight [3.62067933 1.11472815 0.4070757  0.700128   0.85518445]
2020-07-28 23:41:19,564 - root - DEBUG - Updating hall of fame
2020-07-28 23:41:20,467 - root - INFO - Completed generation 181; 2.0s elapsed, 1.6s avg, 2.9e+02s total. Expected time remaining: 3.1e+01s
2020-07-28 23:41:20,515 - root - INFO - #181 MAX:accuracy.mean: 0.61
2020-07-28 23:41:20,555 - root - DEBUG - Sampled weight [1.00557385 0.88390078 0.68363446 1.74086693 2.2060684 ]
2020-07-28 23:41:21,596 - root - DEBUG - Updating hall of fame
2020-07-28 23:41:21,597 - root - INFO - Completed generation 182; 1.1s elapsed, 1.6s avg, 2.9e+02s total. Expected time remaining: 2.9e+01s
2020-07-28 23:41:21,644 - root - INFO - #182 MAX:accuracy.mean: 0.65
2020-07-28 23:41:21,684 - root - DEBUG - Sampled weight [1.92772529 1.31340065 1.00381006 0.34531271 0.68664265]
2020-07-28 23:41:22,724 - root - DEBUG - Updating hall of fame
2020-07-28 23:41:23,625 - root - INFO - Completed generation 183; 2.0s elapsed, 1.6s avg, 3e+02s total. Expected time remaining: 2.8e+01s
2020-07-28 23:41:23,673 - root - INFO - #183 MAX:accuracy.mean: 0.6
2020-07-28 23:41:23,714 - root - DEBUG - Sampled weight [0.5741132  0.69432608 1.12207309 1.16291303 1.88921967]
2020-07-28 23:41:24,753 - root - DEBUG - Updating hall of fame
2020-07-28 23:41:24,753 - root - INFO - Completed generation 184; 1.1s elapsed, 1.6s avg, 3e+02s total. Expected time remaining: 2.6e+01s
2020-07-28 23:41:24,801 - root - INFO - #184 MAX:accuracy.mean: 0.66
2020-07-28 23:41:24,843 - root - DEBUG - Sampled weight [2.26491037 2.8719547  0.7993598  1.02652096 0.32869411]
2020-07-28 23:41:25,883 - root - DEBUG - Updating hall of fame
2020-07-28 23:41:26,784 - root - INFO - Completed generation 185; 2.0s elapsed, 1.6s avg, 3e+02s total. Expected time remaining: 2.4e+01s
2020-07-28 23:41:26,832 - root - INFO - #185 MAX:accuracy.mean: 0.58
2020-07-28 23:41:26,873 - root - DEBUG - Sampled weight [0.31437238 0.88549946 0.35706007 0.57181507 0.79064642]
2020-07-28 23:41:27,912 - root - DEBUG - Updating hall of fame
2020-07-28 23:41:27,912 - root - INFO - Completed generation 186; 1.1s elapsed, 1.6s avg, 3e+02s total. Expected time remaining: 2.3e+01s
2020-07-28 23:41:27,960 - root - INFO - #186 MAX:accuracy.mean: 0.57
2020-07-28 23:41:28,000 - root - DEBUG - Sampled weight [1.03097592 1.06583701 0.89549255 0.45152922 2.22024586]
2020-07-28 23:41:29,037 - root - DEBUG - Updating hall of fame
2020-07-28 23:41:29,037 - root - INFO - Completed generation 187; 1.1s elapsed, 1.6s avg, 3e+02s total. Expected time remaining: 2.1e+01s
2020-07-28 23:41:29,085 - root - INFO - #187 MAX:accuracy.mean: 0.64
2020-07-28 23:41:29,126 - root - DEBUG - Sampled weight [0.8095044  1.44836819 1.05236517 0.68595267 1.18924591]
2020-07-28 23:41:30,166 - root - DEBUG - Updating hall of fame
2020-07-28 23:41:30,166 - root - INFO - Completed generation 188; 1.1s elapsed, 1.6s avg, 3e+02s total. Expected time remaining: 1.9e+01s
2020-07-28 23:41:30,214 - root - INFO - #188 MAX:accuracy.mean: 0.66
2020-07-28 23:41:30,255 - root - DEBUG - Sampled weight [0.82103515 1.02186817 0.91401972 0.88664801 1.25105874]
2020-07-28 23:41:31,294 - root - DEBUG - Updating hall of fame
2020-07-28 23:41:32,195 - root - INFO - Completed generation 189; 2.0s elapsed, 1.6s avg, 3e+02s total. Expected time remaining: 1.8e+01s
2020-07-28 23:41:32,243 - root - INFO - #189 MAX:accuracy.mean: 0.67
2020-07-28 23:41:32,284 - root - DEBUG - Sampled weight [1.40171469 0.73838117 0.87072897 2.41889712 1.1000162 ]
2020-07-28 23:41:33,394 - root - DEBUG - Updating hall of fame
2020-07-28 23:41:34,170 - root - INFO - Completed generation 190; 1.9s elapsed, 1.6s avg, 3.1e+02s total. Expected time remaining: 1.6e+01s
2020-07-28 23:41:34,221 - root - INFO - #190 MAX:accuracy.mean: 0.65
2020-07-28 23:41:34,346 - root - DEBUG - Sampled weight [1.42044255 0.827979   0.90018283 0.58581037 0.61321363]
2020-07-28 23:41:35,390 - root - DEBUG - Updating hall of fame
2020-07-28 23:41:35,391 - root - INFO - Completed generation 191; 1.1s elapsed, 1.6s avg, 3.1e+02s total. Expected time remaining: 1.5e+01s
2020-07-28 23:41:35,439 - root - INFO - #191 MAX:accuracy.mean: 0.67
2020-07-28 23:41:35,480 - root - DEBUG - Sampled weight [1.0467646  0.51177454 0.79067678 1.2572048  2.26135205]
2020-07-28 23:41:36,522 - root - DEBUG - Updating hall of fame
2020-07-28 23:41:36,523 - root - INFO - Completed generation 192; 1.1s elapsed, 1.6s avg, 3.1e+02s total. Expected time remaining: 1.3e+01s
2020-07-28 23:41:36,571 - root - INFO - #192 MAX:accuracy.mean: 0.65
2020-07-28 23:41:36,611 - root - DEBUG - Sampled weight [0.72303656 0.93875967 0.89414292 0.84345806 0.68510813]
2020-07-28 23:41:37,656 - root - DEBUG - Updating hall of fame
2020-07-28 23:41:38,200 - root - INFO - Completed generation 193; 1.6s elapsed, 1.6s avg, 3.1e+02s total. Expected time remaining: 1.1e+01s
2020-07-28 23:41:38,249 - root - INFO - #193 MAX:accuracy.mean: 0.67
2020-07-28 23:41:38,290 - root - DEBUG - Sampled weight [0.79542845 0.52827488 0.52710469 1.13085348 0.74248416]
2020-07-28 23:41:39,335 - root - DEBUG - Updating hall of fame
2020-07-28 23:41:39,336 - root - INFO - Completed generation 194; 1.1s elapsed, 1.6s avg, 3.1e+02s total. Expected time remaining: 9.6s
2020-07-28 23:41:39,384 - root - INFO - #194 MAX:accuracy.mean: 0.67
2020-07-28 23:41:39,425 - root - DEBUG - Sampled weight [1.24608337 1.39232723 1.53322955 0.80182846 0.76905398]
2020-07-28 23:41:40,467 - root - DEBUG - Updating hall of fame
2020-07-28 23:41:40,660 - root - INFO - Completed generation 195; 1.3s elapsed, 1.6s avg, 3.1e+02s total. Expected time remaining: 8.0s
2020-07-28 23:41:40,708 - root - INFO - #195 MAX:accuracy.mean: 0.66
2020-07-28 23:41:40,748 - root - DEBUG - Sampled weight [1.00584578 0.81992046 0.39398215 1.00599182 0.80255192]
2020-07-28 23:41:41,792 - root - DEBUG - Updating hall of fame
2020-07-28 23:41:42,882 - root - INFO - Completed generation 196; 2.2s elapsed, 1.6s avg, 3.1e+02s total. Expected time remaining: 6.4s
2020-07-28 23:41:42,930 - root - INFO - #196 MAX:accuracy.mean: 0.63
2020-07-28 23:41:42,970 - root - DEBUG - Sampled weight [0.9816557  0.70602823 1.3732238  0.50274323 2.43810935]
2020-07-28 23:41:44,009 - root - DEBUG - Updating hall of fame
2020-07-28 23:41:44,010 - root - INFO - Completed generation 197; 1.1s elapsed, 1.6s avg, 3.2e+02s total. Expected time remaining: 4.8s
2020-07-28 23:41:44,058 - root - INFO - #197 MAX:accuracy.mean: 0.65
2020-07-28 23:41:44,099 - root - DEBUG - Sampled weight [0.85985022 0.71623728 1.71410202 1.13133817 1.56775054]
2020-07-28 23:41:45,142 - root - DEBUG - Updating hall of fame
2020-07-28 23:41:45,142 - root - INFO - Completed generation 198; 1.1s elapsed, 1.6s avg, 3.2e+02s total. Expected time remaining: 3.2s
2020-07-28 23:41:45,190 - root - INFO - #198 MAX:accuracy.mean: 0.66
2020-07-28 23:41:45,231 - root - DEBUG - Sampled weight [1.63754542 1.65588935 0.95234509 1.2358573  1.268006  ]
2020-07-28 23:41:46,276 - root - DEBUG - Updating hall of fame
2020-07-28 23:41:47,001 - root - INFO - Completed generation 199; 1.8s elapsed, 1.6s avg, 3.2e+02s total. Expected time remaining: 1.6s
2020-07-28 23:41:47,049 - root - INFO - #199 MAX:accuracy.mean: 0.66
2020-07-28 23:41:47,089 - root - DEBUG - Sampled weight [1.27941337 2.02712408 0.47148766 0.47016608 0.52667587]
2020-07-28 23:41:48,129 - root - DEBUG - Updating hall of fame
2020-07-28 23:41:48,852 - root - INFO - Completed generation 200; 1.8s elapsed, 1.6s avg, 3.2e+02s total. Expected time remaining: 0.0s
2020-07-28 23:41:48,900 - root - INFO - #200 MAX:accuracy.mean: 0.64
2020-07-28 23:41:49,112 - root - DEBUG - Loaded 150 samples.
2020-07-28 23:41:49,115 - root - INFO - Evaluating indivs in hall of fame.
2020-07-28 23:41:51,030 - root - INFO - Completed excution.
