2020-07-30 16:28:36,611 - root - INFO - Package version 0.1.1
2020-07-30 16:28:36,611 - root - INFO - Saving data at /vol/fob-vol1/mi15/plonerma/Lab/rewann/data/2020-07-30_Iris [3, 5, 6, 8, 10]; uniform -2,2; signed: True_000.
2020-07-30 16:28:36,612 - root - DEBUG - Loading training dataset
2020-07-30 16:28:36,680 - root - DEBUG - Loaded 150 samples.
2020-07-30 16:28:36,681 - root - DEBUG - Running experiments with the following parameters:
debug = true
experiment_name = "Iris [3, 5, 6, 8, 10]; uniform -2,2; signed: True"
experiment_path = "data/2020-07-30_Iris [3, 5, 6, 8, 10]; uniform -2,2; signed: True_000"

[config]
num_workers = 1
debug = true
backend = "numpy"

[postopt]
run_postopt = true
compile_report = false
num_weights = 100
num_samples = -1

[sampling]
seed = 0
post_init_seed = false
distribution = "uniform"
lower_bound = -2
upper_bound = 2
mean = 0
sigma = 1
num_weights_per_iteration = 5
num_samples_per_iteration = -1
hof_evaluation_iterations = 20

[task]
name = "iris"
sample_order_seed = 0
test_portion = 0.2
sample_length = 10
num_categories = 8

[storage]
data_base_path = "data"
log_filename = "execution.log"
commit_elite_freq = -1
commit_metrics_freq = 10

[population]
num_generations = 200
size = 100
initial_enabled_edge_prob = 0.05
initial_genes = "full"
hof_size = 10
enable_edge_signs = true
enabled_activation_funcs = [ 3, 5, 6, 8, 10,]

[selection]
use_tournaments = true
elite_ratio = 0.1
culling_ratio = 0.2
tournament_size = 5
objectives = [ "-log_loss.min", "-log_loss.mean", "-n_hidden",]
recorded_metrics = [ "accuracy", "kappa", "log_loss",]
hof_metric = "accuracy.mean"

[mutation.new_edge]
probability = 0.2
strategy = "layer_agnostic"
propability = 0.2

[mutation.new_node]
probability = 0.25
propability = 0.3

[mutation.reenable_edge]
probability = 0.05
propability = 0.1

[mutation.change_activation]
probability = 0.5
propability = 0.4

[mutation.change_edge_sign]
probability = 0.2

[mutation.new_recurrent_edge]
probability = 0.2
strategy = "any"

2020-07-30 16:28:36,692 - root - INFO - Starting evolutionary algorithm
2020-07-30 16:28:36,722 - root - DEBUG - Sampled weight [ 1.97960763  0.98266634  0.5447582  -1.68770058 -0.7071392 ]
2020-07-30 16:28:37,790 - root - DEBUG - Updating hall of fame
2020-07-30 16:28:39,761 - root - INFO - Completed generation 1; 3.1s elapsed, 3.1s avg, 3.1s total. Expected time remaining: 6.1e+02s
2020-07-30 16:28:39,819 - root - INFO - #1 MAX:accuracy.mean: 0.33
2020-07-30 16:28:39,861 - root - DEBUG - Sampled weight [-1.33893833  0.23619229  1.83436534  1.31906418 -0.63957268]
2020-07-30 16:28:40,954 - root - DEBUG - Updating hall of fame
2020-07-30 16:28:42,881 - root - INFO - Completed generation 2; 3.1s elapsed, 3.1s avg, 6.1s total. Expected time remaining: 6.1e+02s
2020-07-30 16:28:42,936 - root - INFO - #2 MAX:accuracy.mean: 0.33
2020-07-30 16:28:42,978 - root - DEBUG - Sampled weight [-0.02640596  1.10987931  0.11375793 -1.22059861  1.25676281]
2020-07-30 16:28:44,071 - root - DEBUG - Updating hall of fame
2020-07-30 16:28:46,011 - root - INFO - Completed generation 3; 3.1s elapsed, 3.1s avg, 9.2s total. Expected time remaining: 6e+02s
2020-07-30 16:28:46,067 - root - INFO - #3 MAX:accuracy.mean: 0.33
2020-07-30 16:28:46,110 - root - DEBUG - Sampled weight [ 1.98285676  1.28263608  1.70591378 -1.27814683  0.49892117]
2020-07-30 16:28:47,222 - root - DEBUG - Updating hall of fame
2020-07-30 16:28:48,835 - root - INFO - Completed generation 4; 2.8s elapsed, 3.0s avg, 1.2e+01s total. Expected time remaining: 5.9e+02s
2020-07-30 16:28:48,889 - root - INFO - #4 MAX:accuracy.mean: 0.33
2020-07-30 16:28:48,932 - root - DEBUG - Sampled weight [-0.26217436 -1.37776707 -1.22290793  1.12694814  1.474966  ]
2020-07-30 16:28:50,026 - root - DEBUG - Updating hall of fame
2020-07-30 16:28:51,763 - root - INFO - Completed generation 5; 2.9s elapsed, 3.0s avg, 1.5e+01s total. Expected time remaining: 5.8e+02s
2020-07-30 16:28:51,817 - root - INFO - #5 MAX:accuracy.mean: 0.33
2020-07-30 16:28:51,860 - root - DEBUG - Sampled weight [-1.57055627 -1.75829481 -1.23108099  0.44137945  1.76425499]
2020-07-30 16:28:52,979 - root - DEBUG - Updating hall of fame
2020-07-30 16:28:54,549 - root - INFO - Completed generation 6; 2.7s elapsed, 2.9s avg, 1.8e+01s total. Expected time remaining: 5.7e+02s
2020-07-30 16:28:54,604 - root - INFO - #6 MAX:accuracy.mean: 0.33
2020-07-30 16:28:54,648 - root - DEBUG - Sampled weight [ 0.52832512 -1.80814777  1.66268969 -1.65639682 -1.77254904]
2020-07-30 16:28:55,757 - root - DEBUG - Updating hall of fame
2020-07-30 16:28:57,498 - root - INFO - Completed generation 7; 2.9s elapsed, 2.9s avg, 2e+01s total. Expected time remaining: 5.6e+02s
2020-07-30 16:28:57,554 - root - INFO - #7 MAX:accuracy.mean: 0.33
2020-07-30 16:28:57,597 - root - DEBUG - Sampled weight [-1.44954746  0.91709517 -1.9878356  -1.37356438 -0.36335222]
2020-07-30 16:28:58,698 - root - DEBUG - Updating hall of fame
2020-07-30 16:29:00,285 - root - INFO - Completed generation 8; 2.7s elapsed, 2.9s avg, 2.3e+01s total. Expected time remaining: 5.6e+02s
2020-07-30 16:29:00,340 - root - INFO - #8 MAX:accuracy.mean: 0.33
2020-07-30 16:29:00,383 - root - DEBUG - Sampled weight [-1.69109458 -0.00694797  1.13840972  0.6017647   1.9681739 ]
2020-07-30 16:29:01,519 - root - DEBUG - Updating hall of fame
2020-07-30 16:29:03,348 - root - INFO - Completed generation 9; 3.0s elapsed, 2.9s avg, 2.6e+01s total. Expected time remaining: 5.6e+02s
2020-07-30 16:29:03,404 - root - INFO - #9 MAX:accuracy.mean: 0.33
2020-07-30 16:29:03,449 - root - DEBUG - Sampled weight [ 1.15105395e+00  6.70633971e-04 -9.04893939e-01 -1.65067746e+00
 -6.52476380e-01]
2020-07-30 16:29:04,568 - root - DEBUG - Updating hall of fame
2020-07-30 16:29:04,979 - root - INFO - Completed generation 10; 1.6s elapsed, 2.8s avg, 2.8e+01s total. Expected time remaining: 5.3e+02s
2020-07-30 16:29:05,034 - root - INFO - #10 MAX:accuracy.mean: 0.33
2020-07-30 16:29:05,111 - root - DEBUG - Sampled weight [-1.00096577 -1.87030498 -0.98395696 -0.75936791  0.58353168]
2020-07-30 16:29:06,221 - root - DEBUG - Updating hall of fame
2020-07-30 16:29:06,822 - root - INFO - Completed generation 11; 1.8s elapsed, 2.7s avg, 3e+01s total. Expected time remaining: 5.1e+02s
2020-07-30 16:29:06,878 - root - INFO - #11 MAX:accuracy.mean: 0.33
2020-07-30 16:29:06,921 - root - DEBUG - Sampled weight [-1.33512821 -1.01881464 -0.60489889  0.34372186 -1.99854345]
2020-07-30 16:29:08,033 - root - DEBUG - Updating hall of fame
2020-07-30 16:29:09,388 - root - INFO - Completed generation 12; 2.5s elapsed, 2.7s avg, 3.2e+01s total. Expected time remaining: 5e+02s
2020-07-30 16:29:09,442 - root - INFO - #12 MAX:accuracy.mean: 0.33
2020-07-30 16:29:09,484 - root - DEBUG - Sampled weight [-0.62236386  0.02801944 -1.96120091 -0.52169866  0.80893675]
2020-07-30 16:29:10,573 - root - DEBUG - Updating hall of fame
2020-07-30 16:29:11,804 - root - INFO - Completed generation 13; 2.4s elapsed, 2.6s avg, 3.4e+01s total. Expected time remaining: 5e+02s
2020-07-30 16:29:11,860 - root - INFO - #13 MAX:accuracy.mean: 0.33
2020-07-30 16:29:11,903 - root - DEBUG - Sampled weight [-0.90287571  0.9929835   0.25914859  0.24102375 -1.79455623]
2020-07-30 16:29:13,024 - root - DEBUG - Updating hall of fame
2020-07-30 16:29:13,432 - root - INFO - Completed generation 14; 1.6s elapsed, 2.6s avg, 3.6e+01s total. Expected time remaining: 4.8e+02s
2020-07-30 16:29:13,485 - root - INFO - #14 MAX:accuracy.mean: 0.33
2020-07-30 16:29:13,527 - root - DEBUG - Sampled weight [ 0.63164863  0.64613499 -0.21491524 -0.59534937 -0.1177328 ]
2020-07-30 16:29:14,618 - root - DEBUG - Updating hall of fame
2020-07-30 16:29:14,618 - root - INFO - Completed generation 15; 1.1s elapsed, 2.5s avg, 3.7e+01s total. Expected time remaining: 4.6e+02s
2020-07-30 16:29:14,671 - root - INFO - #15 MAX:accuracy.mean: 0.33
2020-07-30 16:29:14,714 - root - DEBUG - Sampled weight [-0.81605509 -1.19170641 -1.63055469  1.18842393 -0.51670014]
2020-07-30 16:29:15,833 - root - DEBUG - Updating hall of fame
2020-07-30 16:29:15,834 - root - INFO - Completed generation 16; 1.2s elapsed, 2.4s avg, 3.8e+01s total. Expected time remaining: 4.4e+02s
2020-07-30 16:29:15,889 - root - INFO - #16 MAX:accuracy.mean: 0.33
2020-07-30 16:29:15,932 - root - DEBUG - Sampled weight [ 0.41648725  1.12593064 -0.50328009 -0.60668551 -0.26055018]
2020-07-30 16:29:17,052 - root - DEBUG - Updating hall of fame
2020-07-30 16:29:18,422 - root - INFO - Completed generation 17; 2.5s elapsed, 2.4s avg, 4.1e+01s total. Expected time remaining: 4.4e+02s
2020-07-30 16:29:18,477 - root - INFO - #17 MAX:accuracy.mean: 0.33
2020-07-30 16:29:18,522 - root - DEBUG - Sampled weight [-0.67819633  0.27433694  0.64302831 -0.54264891  1.8444001 ]
2020-07-30 16:29:19,634 - root - DEBUG - Updating hall of fame
2020-07-30 16:29:20,879 - root - INFO - Completed generation 18; 2.4s elapsed, 2.4s avg, 4.3e+01s total. Expected time remaining: 4.4e+02s
2020-07-30 16:29:20,935 - root - INFO - #18 MAX:accuracy.mean: 0.33
2020-07-30 16:29:20,978 - root - DEBUG - Sampled weight [-0.17603739  0.68851424  0.22605379  0.426554   -1.39227273]
2020-07-30 16:29:22,112 - root - DEBUG - Updating hall of fame
2020-07-30 16:29:22,528 - root - INFO - Completed generation 19; 1.6s elapsed, 2.4s avg, 4.5e+01s total. Expected time remaining: 4.3e+02s
2020-07-30 16:29:22,584 - root - INFO - #19 MAX:accuracy.mean: 0.33
2020-07-30 16:29:22,627 - root - DEBUG - Sampled weight [ 1.89843809  0.17534468 -0.5398089  -1.578154    0.40272611]
2020-07-30 16:29:23,744 - root - DEBUG - Updating hall of fame
2020-07-30 16:29:23,955 - root - INFO - Completed generation 20; 1.4s elapsed, 2.3s avg, 4.6e+01s total. Expected time remaining: 4.2e+02s
2020-07-30 16:29:24,011 - root - INFO - #20 MAX:accuracy.mean: 0.33
2020-07-30 16:29:24,092 - root - DEBUG - Sampled weight [ 0.12218826  1.48545989  1.51400325  0.88416671 -0.22828429]
2020-07-30 16:29:25,225 - root - DEBUG - Updating hall of fame
2020-07-30 16:29:25,225 - root - INFO - Completed generation 21; 1.2s elapsed, 2.3s avg, 4.7e+01s total. Expected time remaining: 4e+02s
2020-07-30 16:29:25,280 - root - INFO - #21 MAX:accuracy.mean: 0.33
2020-07-30 16:29:25,324 - root - DEBUG - Sampled weight [-0.82701149 -0.44802218 -0.64688224 -1.94953248 -0.83230785]
2020-07-30 16:29:26,454 - root - DEBUG - Updating hall of fame
2020-07-30 16:29:26,455 - root - INFO - Completed generation 22; 1.2s elapsed, 2.2s avg, 4.9e+01s total. Expected time remaining: 3.9e+02s
2020-07-30 16:29:26,510 - root - INFO - #22 MAX:accuracy.mean: 0.33
2020-07-30 16:29:26,553 - root - DEBUG - Sampled weight [-1.87619608 -0.15143703  1.45831683 -0.97505994 -0.05598763]
2020-07-30 16:29:27,685 - root - DEBUG - Updating hall of fame
2020-07-30 16:29:27,685 - root - INFO - Completed generation 23; 1.2s elapsed, 2.2s avg, 5e+01s total. Expected time remaining: 3.8e+02s
2020-07-30 16:29:27,741 - root - INFO - #23 MAX:accuracy.mean: 0.33
2020-07-30 16:29:27,786 - root - DEBUG - Sampled weight [-1.3850502   0.70343443 -0.51378516 -1.70683154  0.40785015]
2020-07-30 16:29:28,933 - root - DEBUG - Updating hall of fame
2020-07-30 16:29:28,933 - root - INFO - Completed generation 24; 1.2s elapsed, 2.1s avg, 5.1e+01s total. Expected time remaining: 3.7e+02s
2020-07-30 16:29:28,989 - root - INFO - #24 MAX:accuracy.mean: 0.33
2020-07-30 16:29:29,034 - root - DEBUG - Sampled weight [ 1.76831873  0.73985863  0.73290334  1.8632462  -0.37623658]
2020-07-30 16:29:30,169 - root - DEBUG - Updating hall of fame
2020-07-30 16:29:30,169 - root - INFO - Completed generation 25; 1.2s elapsed, 2.1s avg, 5.2e+01s total. Expected time remaining: 3.6e+02s
2020-07-30 16:29:30,225 - root - INFO - #25 MAX:accuracy.mean: 0.33
2020-07-30 16:29:30,268 - root - DEBUG - Sampled weight [ 1.67565491  0.31954143 -0.44176201 -1.92685212  1.33819822]
2020-07-30 16:29:31,403 - root - DEBUG - Updating hall of fame
2020-07-30 16:29:33,173 - root - INFO - Completed generation 26; 2.9s elapsed, 2.1s avg, 5.5e+01s total. Expected time remaining: 3.7e+02s
2020-07-30 16:29:33,229 - root - INFO - #26 MAX:accuracy.mean: 0.33
2020-07-30 16:29:33,272 - root - DEBUG - Sampled weight [-0.25017365  1.01687166 -0.63953914  0.54605393  1.13170978]
2020-07-30 16:29:34,373 - root - DEBUG - Updating hall of fame
2020-07-30 16:29:36,021 - root - INFO - Completed generation 27; 2.8s elapsed, 2.1s avg, 5.8e+01s total. Expected time remaining: 3.7e+02s
2020-07-30 16:29:36,076 - root - INFO - #27 MAX:accuracy.mean: 0.33
2020-07-30 16:29:36,119 - root - DEBUG - Sampled weight [ 1.00494888  0.29811684  1.3987598   0.52078119 -0.45938953]
2020-07-30 16:29:37,238 - root - DEBUG - Updating hall of fame
2020-07-30 16:29:37,650 - root - INFO - Completed generation 28; 1.6s elapsed, 2.1s avg, 5.9e+01s total. Expected time remaining: 3.6e+02s
2020-07-30 16:29:37,705 - root - INFO - #28 MAX:accuracy.mean: 0.33
2020-07-30 16:29:37,748 - root - DEBUG - Sampled weight [ 1.3423268   0.35870563 -1.67043892 -1.65832024  0.22887333]
2020-07-30 16:29:38,872 - root - DEBUG - Updating hall of fame
2020-07-30 16:29:38,872 - root - INFO - Completed generation 29; 1.2s elapsed, 2.1s avg, 6.1e+01s total. Expected time remaining: 3.6e+02s
2020-07-30 16:29:38,928 - root - INFO - #29 MAX:accuracy.mean: 0.33
2020-07-30 16:29:38,971 - root - DEBUG - Sampled weight [ 1.70720241  0.54876782 -0.97977887  1.85443901  0.79677017]
2020-07-30 16:29:40,095 - root - DEBUG - Updating hall of fame
2020-07-30 16:29:40,096 - root - INFO - Completed generation 30; 1.2s elapsed, 2.1s avg, 6.2e+01s total. Expected time remaining: 3.5e+02s
2020-07-30 16:29:40,151 - root - INFO - #30 MAX:accuracy.mean: 0.33
2020-07-30 16:29:40,275 - root - DEBUG - Sampled weight [-0.79442496 -1.15172286 -1.50998023  0.69438032 -0.33546706]
2020-07-30 16:29:41,406 - root - DEBUG - Updating hall of fame
2020-07-30 16:29:43,184 - root - INFO - Completed generation 31; 3.0s elapsed, 2.1s avg, 6.5e+01s total. Expected time remaining: 3.5e+02s
2020-07-30 16:29:43,240 - root - INFO - #31 MAX:accuracy.mean: 0.33
2020-07-30 16:29:43,283 - root - DEBUG - Sampled weight [-1.34233992  1.40258949 -0.94321324  0.37925118  1.03852979]
2020-07-30 16:29:44,417 - root - DEBUG - Updating hall of fame
2020-07-30 16:29:46,088 - root - INFO - Completed generation 32; 2.8s elapsed, 2.1s avg, 6.8e+01s total. Expected time remaining: 3.5e+02s
2020-07-30 16:29:46,144 - root - INFO - #32 MAX:accuracy.mean: 0.33
2020-07-30 16:29:46,188 - root - DEBUG - Sampled weight [ 1.04760912 -0.35998864 -1.0981057  -1.36892031 -0.294802  ]
2020-07-30 16:29:47,330 - root - DEBUG - Updating hall of fame
2020-07-30 16:29:49,114 - root - INFO - Completed generation 33; 3.0s elapsed, 2.1s avg, 7e+01s total. Expected time remaining: 3.6e+02s
2020-07-30 16:29:49,170 - root - INFO - #33 MAX:accuracy.mean: 0.33
2020-07-30 16:29:49,214 - root - DEBUG - Sampled weight [ 1.74087994 -1.84983721  0.49726803 -0.79100015  0.23874892]
2020-07-30 16:29:50,351 - root - DEBUG - Updating hall of fame
2020-07-30 16:29:52,028 - root - INFO - Completed generation 34; 2.9s elapsed, 2.2s avg, 7.3e+01s total. Expected time remaining: 3.6e+02s
2020-07-30 16:29:52,084 - root - INFO - #34 MAX:accuracy.mean: 0.33
2020-07-30 16:29:52,127 - root - DEBUG - Sampled weight [-1.50455402  0.14765551 -1.82546836 -0.05518549 -0.75755522]
2020-07-30 16:29:53,259 - root - DEBUG - Updating hall of fame
2020-07-30 16:29:53,672 - root - INFO - Completed generation 35; 1.6s elapsed, 2.1s avg, 7.5e+01s total. Expected time remaining: 3.5e+02s
2020-07-30 16:29:53,728 - root - INFO - #35 MAX:accuracy.mean: 0.33
2020-07-30 16:29:53,772 - root - DEBUG - Sampled weight [-0.9169121   0.27081513  1.02818563  0.80639353  0.69058741]
2020-07-30 16:29:54,897 - root - DEBUG - Updating hall of fame
2020-07-30 16:29:55,106 - root - INFO - Completed generation 36; 1.4s elapsed, 2.1s avg, 7.6e+01s total. Expected time remaining: 3.5e+02s
2020-07-30 16:29:55,161 - root - INFO - #36 MAX:accuracy.mean: 0.33
2020-07-30 16:29:55,205 - root - DEBUG - Sampled weight [-1.3329296   1.18568783  1.03630686  0.99011124  0.18168189]
2020-07-30 16:29:56,322 - root - DEBUG - Updating hall of fame
2020-07-30 16:29:56,531 - root - INFO - Completed generation 37; 1.4s elapsed, 2.1s avg, 7.8e+01s total. Expected time remaining: 3.4e+02s
2020-07-30 16:29:56,585 - root - INFO - #37 MAX:accuracy.mean: 0.33
2020-07-30 16:29:56,628 - root - DEBUG - Sampled weight [-0.34391701  1.81765947  0.49388521  1.90172756 -0.35495021]
2020-07-30 16:29:57,747 - root - DEBUG - Updating hall of fame
2020-07-30 16:29:59,313 - root - INFO - Completed generation 38; 2.7s elapsed, 2.1s avg, 8e+01s total. Expected time remaining: 3.4e+02s
2020-07-30 16:29:59,368 - root - INFO - #38 MAX:accuracy.mean: 0.33
2020-07-30 16:29:59,412 - root - DEBUG - Sampled weight [ 1.46445467  0.10127082  0.66846185  1.83830216 -1.49456057]
2020-07-30 16:30:00,546 - root - DEBUG - Updating hall of fame
2020-07-30 16:30:02,288 - root - INFO - Completed generation 39; 2.9s elapsed, 2.1s avg, 8.3e+01s total. Expected time remaining: 3.4e+02s
2020-07-30 16:30:02,345 - root - INFO - #39 MAX:accuracy.mean: 0.33
2020-07-30 16:30:02,388 - root - DEBUG - Sampled weight [-0.78928479  1.25287079 -0.03372947 -1.83703865 -1.50408667]
2020-07-30 16:30:03,509 - root - DEBUG - Updating hall of fame
2020-07-30 16:30:04,305 - root - INFO - Completed generation 40; 2.0s elapsed, 2.1s avg, 8.5e+01s total. Expected time remaining: 3.4e+02s
2020-07-30 16:30:04,361 - root - INFO - #40 MAX:accuracy.mean: 0.33
2020-07-30 16:30:04,456 - root - DEBUG - Sampled weight [ 0.18246823 -0.30492176  1.95090858  1.28934592  1.00047108]
2020-07-30 16:30:05,616 - root - DEBUG - Updating hall of fame
2020-07-30 16:30:06,625 - root - INFO - Completed generation 41; 2.2s elapsed, 2.1s avg, 8.8e+01s total. Expected time remaining: 3.4e+02s
2020-07-30 16:30:06,682 - root - INFO - #41 MAX:accuracy.mean: 0.33
2020-07-30 16:30:06,726 - root - DEBUG - Sampled weight [-0.45126351 -1.05070499 -0.76602698  1.74175193  1.90398275]
2020-07-30 16:30:07,892 - root - DEBUG - Updating hall of fame
2020-07-30 16:30:08,964 - root - INFO - Completed generation 42; 2.3s elapsed, 2.1s avg, 9e+01s total. Expected time remaining: 3.4e+02s
2020-07-30 16:30:09,021 - root - INFO - #42 MAX:accuracy.mean: 0.33
2020-07-30 16:30:09,066 - root - DEBUG - Sampled weight [ 0.86116127  0.47255182  0.85906843  1.45324338 -0.57546671]
2020-07-30 16:30:10,227 - root - DEBUG - Updating hall of fame
2020-07-30 16:30:11,464 - root - INFO - Completed generation 43; 2.4s elapsed, 2.1s avg, 9.2e+01s total. Expected time remaining: 3.4e+02s
2020-07-30 16:30:11,520 - root - INFO - #43 MAX:accuracy.mean: 0.33
2020-07-30 16:30:11,565 - root - DEBUG - Sampled weight [ 0.32446092  0.01392197  1.59582178 -1.6109259  -1.81899549]
2020-07-30 16:30:12,724 - root - DEBUG - Updating hall of fame
2020-07-30 16:30:13,360 - root - INFO - Completed generation 44; 1.8s elapsed, 2.1s avg, 9.4e+01s total. Expected time remaining: 3.3e+02s
2020-07-30 16:30:13,417 - root - INFO - #44 MAX:accuracy.mean: 0.33
2020-07-30 16:30:13,462 - root - DEBUG - Sampled weight [ 0.95656266  0.70293563 -1.80391686 -1.7895538  -0.83886409]
2020-07-30 16:30:14,614 - root - DEBUG - Updating hall of fame
2020-07-30 16:30:15,248 - root - INFO - Completed generation 45; 1.8s elapsed, 2.1s avg, 9.6e+01s total. Expected time remaining: 3.3e+02s
2020-07-30 16:30:15,304 - root - INFO - #45 MAX:accuracy.mean: 0.33
2020-07-30 16:30:15,349 - root - DEBUG - Sampled weight [-1.09669846 -1.6805737   1.115805   -1.53459175 -1.45072614]
2020-07-30 16:30:16,494 - root - DEBUG - Updating hall of fame
2020-07-30 16:30:17,301 - root - INFO - Completed generation 46; 2.0s elapsed, 2.1s avg, 9.8e+01s total. Expected time remaining: 3.3e+02s
2020-07-30 16:30:17,436 - root - INFO - #46 MAX:accuracy.mean: 0.33
2020-07-30 16:30:17,482 - root - DEBUG - Sampled weight [ 1.0540151   1.3762426  -1.58070789 -0.22516994 -1.55011872]
2020-07-30 16:30:18,634 - root - DEBUG - Updating hall of fame
2020-07-30 16:30:19,636 - root - INFO - Completed generation 47; 2.2s elapsed, 2.1s avg, 1e+02s total. Expected time remaining: 3.3e+02s
2020-07-30 16:30:19,693 - root - INFO - #47 MAX:accuracy.mean: 0.33
2020-07-30 16:30:19,738 - root - DEBUG - Sampled weight [-0.3403523   0.10853882  1.51786215 -0.25411783 -1.42775484]
2020-07-30 16:30:20,893 - root - DEBUG - Updating hall of fame
2020-07-30 16:30:21,962 - root - INFO - Completed generation 48; 2.3s elapsed, 2.1s avg, 1e+02s total. Expected time remaining: 3.2e+02s
2020-07-30 16:30:22,020 - root - INFO - #48 MAX:accuracy.mean: 0.33
2020-07-30 16:30:22,065 - root - DEBUG - Sampled weight [ 1.37559878  0.80241922 -1.03068123  0.03385428  0.10914766]
2020-07-30 16:30:23,236 - root - DEBUG - Updating hall of fame
2020-07-30 16:30:23,886 - root - INFO - Completed generation 49; 1.9s elapsed, 2.1s avg, 1e+02s total. Expected time remaining: 3.2e+02s
2020-07-30 16:30:23,943 - root - INFO - #49 MAX:accuracy.mean: 0.33
2020-07-30 16:30:23,989 - root - DEBUG - Sampled weight [-0.36250207  1.7742031   1.07144227  0.65609589 -1.9751311 ]
2020-07-30 16:30:25,144 - root - DEBUG - Updating hall of fame
2020-07-30 16:30:25,357 - root - INFO - Completed generation 50; 1.4s elapsed, 2.1s avg, 1.1e+02s total. Expected time remaining: 3.2e+02s
2020-07-30 16:30:25,412 - root - INFO - #50 MAX:accuracy.mean: 0.33
2020-07-30 16:30:25,515 - root - DEBUG - Sampled weight [-1.26623103  1.86844615  1.19717469 -1.65614043 -1.90578872]
2020-07-30 16:30:26,675 - root - DEBUG - Updating hall of fame
2020-07-30 16:30:27,679 - root - INFO - Completed generation 51; 2.2s elapsed, 2.1s avg, 1.1e+02s total. Expected time remaining: 3.2e+02s
2020-07-30 16:30:27,736 - root - INFO - #51 MAX:accuracy.mean: 0.33
2020-07-30 16:30:27,782 - root - DEBUG - Sampled weight [-0.38123941 -0.25476777  1.61680804  0.20770183 -0.69096524]
2020-07-30 16:30:28,947 - root - DEBUG - Updating hall of fame
2020-07-30 16:30:30,376 - root - INFO - Completed generation 52; 2.6s elapsed, 2.1s avg, 1.1e+02s total. Expected time remaining: 3.1e+02s
2020-07-30 16:30:30,434 - root - INFO - #52 MAX:accuracy.mean: 0.33
2020-07-30 16:30:30,479 - root - DEBUG - Sampled weight [-1.93999166  1.79311452 -0.26869381  1.88776794  0.44998771]
2020-07-30 16:30:31,652 - root - DEBUG - Updating hall of fame
2020-07-30 16:30:33,167 - root - INFO - Completed generation 53; 2.7s elapsed, 2.1s avg, 1.1e+02s total. Expected time remaining: 3.1e+02s
2020-07-30 16:30:33,225 - root - INFO - #53 MAX:accuracy.mean: 0.33
2020-07-30 16:30:33,272 - root - DEBUG - Sampled weight [ 1.05688497  0.05982801  1.07688952  1.78218649 -1.01253671]
2020-07-30 16:30:34,442 - root - DEBUG - Updating hall of fame
2020-07-30 16:30:35,302 - root - INFO - Completed generation 54; 2.1s elapsed, 2.1s avg, 1.2e+02s total. Expected time remaining: 3.1e+02s
2020-07-30 16:30:35,359 - root - INFO - #54 MAX:accuracy.mean: 0.33
2020-07-30 16:30:35,404 - root - DEBUG - Sampled weight [-1.23050334  1.3843171   0.23423851 -0.64062989 -1.8324026 ]
2020-07-30 16:30:36,576 - root - DEBUG - Updating hall of fame
2020-07-30 16:30:38,033 - root - INFO - Completed generation 55; 2.7s elapsed, 2.1s avg, 1.2e+02s total. Expected time remaining: 3.1e+02s
2020-07-30 16:30:38,092 - root - INFO - #55 MAX:accuracy.mean: 0.33
2020-07-30 16:30:38,139 - root - DEBUG - Sampled weight [ 1.90319352  0.96632121 -0.86458627 -0.1133129   1.89275666]
2020-07-30 16:30:39,326 - root - DEBUG - Updating hall of fame
2020-07-30 16:30:40,625 - root - INFO - Completed generation 56; 2.5s elapsed, 2.2s avg, 1.2e+02s total. Expected time remaining: 3.1e+02s
2020-07-30 16:30:40,684 - root - INFO - #56 MAX:accuracy.mean: 0.33
2020-07-30 16:30:40,730 - root - DEBUG - Sampled weight [-0.09655254  0.41175867 -0.74431853  1.23268545 -1.87273805]
2020-07-30 16:30:41,921 - root - DEBUG - Updating hall of fame
2020-07-30 16:30:43,183 - root - INFO - Completed generation 57; 2.5s elapsed, 2.2s avg, 1.2e+02s total. Expected time remaining: 3.1e+02s
2020-07-30 16:30:43,241 - root - INFO - #57 MAX:accuracy.mean: 0.33
2020-07-30 16:30:43,286 - root - DEBUG - Sampled weight [ 1.35089487  1.56904635 -1.95599639 -1.06802565 -1.52882655]
2020-07-30 16:30:44,481 - root - DEBUG - Updating hall of fame
2020-07-30 16:30:45,764 - root - INFO - Completed generation 58; 2.5s elapsed, 2.2s avg, 1.3e+02s total. Expected time remaining: 3.1e+02s
2020-07-30 16:30:45,822 - root - INFO - #58 MAX:accuracy.mean: 0.33
2020-07-30 16:30:45,866 - root - DEBUG - Sampled weight [ 1.07783362 -1.82078953  0.24567953 -0.09109028 -1.37086227]
2020-07-30 16:30:47,047 - root - DEBUG - Updating hall of fame
2020-07-30 16:30:48,304 - root - INFO - Completed generation 59; 2.5s elapsed, 2.2s avg, 1.3e+02s total. Expected time remaining: 3.1e+02s
2020-07-30 16:30:48,363 - root - INFO - #59 MAX:accuracy.mean: 0.33
2020-07-30 16:30:48,411 - root - DEBUG - Sampled weight [ 0.67473364  0.84161801  1.28961531 -0.28794463 -0.11133498]
2020-07-30 16:30:49,617 - root - DEBUG - Updating hall of fame
2020-07-30 16:30:50,919 - root - INFO - Completed generation 60; 2.6s elapsed, 2.2s avg, 1.3e+02s total. Expected time remaining: 3e+02s
2020-07-30 16:30:50,976 - root - INFO - #60 MAX:accuracy.mean: 0.33
2020-07-30 16:30:51,084 - root - DEBUG - Sampled weight [ 0.18246502 -1.04675312  1.80940913  1.68597794 -1.68803137]
2020-07-30 16:30:52,220 - root - DEBUG - Updating hall of fame
2020-07-30 16:30:52,628 - root - INFO - Completed generation 61; 1.6s elapsed, 2.2s avg, 1.3e+02s total. Expected time remaining: 3e+02s
2020-07-30 16:30:52,684 - root - INFO - #61 MAX:accuracy.mean: 0.33
2020-07-30 16:30:52,727 - root - DEBUG - Sampled weight [-0.00213024 -0.81980967  0.16944287 -0.5063441  -0.98427777]
2020-07-30 16:30:53,830 - root - DEBUG - Updating hall of fame
2020-07-30 16:30:55,000 - root - INFO - Completed generation 62; 2.3s elapsed, 2.2s avg, 1.3e+02s total. Expected time remaining: 3e+02s
2020-07-30 16:30:55,054 - root - INFO - #62 MAX:accuracy.mean: 0.39
2020-07-30 16:30:55,096 - root - DEBUG - Sampled weight [-0.17521785 -1.69192032  1.28410962  1.66401609  0.65803473]
2020-07-30 16:30:56,201 - root - DEBUG - Updating hall of fame
2020-07-30 16:30:57,440 - root - INFO - Completed generation 63; 2.4s elapsed, 2.2s avg, 1.4e+02s total. Expected time remaining: 3e+02s
2020-07-30 16:30:57,496 - root - INFO - #63 MAX:accuracy.mean: 0.33
2020-07-30 16:30:57,540 - root - DEBUG - Sampled weight [-1.02508653  1.67464067  1.37786106  1.8738776  -1.58944897]
2020-07-30 16:30:58,684 - root - DEBUG - Updating hall of fame
2020-07-30 16:30:59,315 - root - INFO - Completed generation 64; 1.8s elapsed, 2.2s avg, 1.4e+02s total. Expected time remaining: 2.9e+02s
2020-07-30 16:30:59,372 - root - INFO - #64 MAX:accuracy.mean: 0.33
2020-07-30 16:30:59,416 - root - DEBUG - Sampled weight [-1.18298449  1.25282551 -0.3177884  -0.64643755 -1.90793993]
2020-07-30 16:31:00,563 - root - DEBUG - Updating hall of fame
2020-07-30 16:31:01,582 - root - INFO - Completed generation 65; 2.2s elapsed, 2.2s avg, 1.4e+02s total. Expected time remaining: 2.9e+02s
2020-07-30 16:31:01,638 - root - INFO - #65 MAX:accuracy.mean: 0.33
2020-07-30 16:31:01,685 - root - DEBUG - Sampled weight [-1.26887067 -0.40082827 -0.27812277 -1.20620503 -1.35920654]
2020-07-30 16:31:02,786 - root - DEBUG - Updating hall of fame
2020-07-30 16:31:03,773 - root - INFO - Completed generation 66; 2.1s elapsed, 2.2s avg, 1.4e+02s total. Expected time remaining: 2.9e+02s
2020-07-30 16:31:03,827 - root - INFO - #66 MAX:accuracy.mean: 0.33
2020-07-30 16:31:03,869 - root - DEBUG - Sampled weight [ 1.260757    1.46589363  1.76841137 -0.87882362 -0.63651113]
2020-07-30 16:31:04,966 - root - DEBUG - Updating hall of fame
2020-07-30 16:31:05,372 - root - INFO - Completed generation 67; 1.5s elapsed, 2.2s avg, 1.4e+02s total. Expected time remaining: 2.9e+02s
2020-07-30 16:31:05,426 - root - INFO - #67 MAX:accuracy.mean: 0.33
2020-07-30 16:31:05,468 - root - DEBUG - Sampled weight [-0.88635292  1.73619273 -0.62134721  0.11155977 -0.59167862]
2020-07-30 16:31:06,573 - root - DEBUG - Updating hall of fame
2020-07-30 16:31:07,525 - root - INFO - Completed generation 68; 2.1s elapsed, 2.2s avg, 1.5e+02s total. Expected time remaining: 2.8e+02s
2020-07-30 16:31:07,578 - root - INFO - #68 MAX:accuracy.mean: 0.33
2020-07-30 16:31:07,620 - root - DEBUG - Sampled weight [-0.76298534  1.91799467 -1.46778071  1.40111086 -1.71901727]
2020-07-30 16:31:08,706 - root - DEBUG - Updating hall of fame
2020-07-30 16:31:09,516 - root - INFO - Completed generation 69; 1.9s elapsed, 2.2s avg, 1.5e+02s total. Expected time remaining: 2.8e+02s
2020-07-30 16:31:09,570 - root - INFO - #69 MAX:accuracy.mean: 0.33
2020-07-30 16:31:09,612 - root - DEBUG - Sampled weight [ 1.99582472 -0.4620452  -0.11948101 -0.44464851  0.84848514]
2020-07-30 16:31:10,715 - root - DEBUG - Updating hall of fame
2020-07-30 16:31:11,685 - root - INFO - Completed generation 70; 2.1s elapsed, 2.2s avg, 1.5e+02s total. Expected time remaining: 2.8e+02s
2020-07-30 16:31:11,740 - root - INFO - #70 MAX:accuracy.mean: 0.33
2020-07-30 16:31:11,837 - root - DEBUG - Sampled weight [ 0.42040025 -0.18121786 -0.97821485  0.56036934 -1.18651509]
2020-07-30 16:31:12,935 - root - DEBUG - Updating hall of fame
2020-07-30 16:31:13,749 - root - INFO - Completed generation 71; 2.0s elapsed, 2.2s avg, 1.5e+02s total. Expected time remaining: 2.8e+02s
2020-07-30 16:31:13,804 - root - INFO - #71 MAX:accuracy.mean: 0.33
2020-07-30 16:31:13,846 - root - DEBUG - Sampled weight [-0.72721612  0.4886127  -1.84843729  1.17891862 -1.01435335]
2020-07-30 16:31:14,963 - root - DEBUG - Updating hall of fame
2020-07-30 16:31:15,791 - root - INFO - Completed generation 72; 2.0s elapsed, 2.1s avg, 1.5e+02s total. Expected time remaining: 2.7e+02s
2020-07-30 16:31:15,846 - root - INFO - #72 MAX:accuracy.mean: 0.33
2020-07-30 16:31:15,889 - root - DEBUG - Sampled weight [ 0.33697691 -0.65984242  1.21972376 -0.90306609  0.28365281]
2020-07-30 16:31:17,018 - root - DEBUG - Updating hall of fame
2020-07-30 16:31:18,000 - root - INFO - Completed generation 73; 2.2s elapsed, 2.1s avg, 1.6e+02s total. Expected time remaining: 2.7e+02s
2020-07-30 16:31:18,054 - root - INFO - #73 MAX:accuracy.mean: 0.33
2020-07-30 16:31:18,098 - root - DEBUG - Sampled weight [-0.48755474 -0.67351563 -1.88617767 -1.01570693  1.79252053]
2020-07-30 16:31:19,230 - root - DEBUG - Updating hall of fame
2020-07-30 16:31:20,244 - root - INFO - Completed generation 74; 2.2s elapsed, 2.1s avg, 1.6e+02s total. Expected time remaining: 2.7e+02s
2020-07-30 16:31:20,300 - root - INFO - #74 MAX:accuracy.mean: 0.33
2020-07-30 16:31:20,344 - root - DEBUG - Sampled weight [ 0.46801601 -0.99391685  1.75197372  0.04585443 -0.6724015 ]
2020-07-30 16:31:21,473 - root - DEBUG - Updating hall of fame
2020-07-30 16:31:23,077 - root - INFO - Completed generation 75; 2.8s elapsed, 2.2s avg, 1.6e+02s total. Expected time remaining: 2.7e+02s
2020-07-30 16:31:23,134 - root - INFO - #75 MAX:accuracy.mean: 0.33
2020-07-30 16:31:23,178 - root - DEBUG - Sampled weight [-1.70117954 -1.72194939  0.25652337  0.20079648 -0.89162627]
2020-07-30 16:31:24,332 - root - DEBUG - Updating hall of fame
2020-07-30 16:31:25,828 - root - INFO - Completed generation 76; 2.7s elapsed, 2.2s avg, 1.6e+02s total. Expected time remaining: 2.7e+02s
2020-07-30 16:31:25,885 - root - INFO - #76 MAX:accuracy.mean: 0.34
2020-07-30 16:31:25,929 - root - DEBUG - Sampled weight [ 0.94853979 -0.87614424  1.10646229  0.8423317   1.93254334]
2020-07-30 16:31:27,081 - root - DEBUG - Updating hall of fame
2020-07-30 16:31:27,500 - root - INFO - Completed generation 77; 1.6s elapsed, 2.2s avg, 1.7e+02s total. Expected time remaining: 2.7e+02s
2020-07-30 16:31:27,557 - root - INFO - #77 MAX:accuracy.mean: 0.33
2020-07-30 16:31:27,601 - root - DEBUG - Sampled weight [-1.64186275  0.90951851 -1.79543427 -0.45288465 -1.96958547]
2020-07-30 16:31:28,759 - root - DEBUG - Updating hall of fame
2020-07-30 16:31:29,562 - root - INFO - Completed generation 78; 2.0s elapsed, 2.2s avg, 1.7e+02s total. Expected time remaining: 2.6e+02s
2020-07-30 16:31:29,619 - root - INFO - #78 MAX:accuracy.mean: 0.33
2020-07-30 16:31:29,663 - root - DEBUG - Sampled weight [ 1.07957666 -1.3246224  -1.60090458  0.1927936  -1.90570469]
2020-07-30 16:31:30,825 - root - DEBUG - Updating hall of fame
2020-07-30 16:31:31,680 - root - INFO - Completed generation 79; 2.1s elapsed, 2.2s avg, 1.7e+02s total. Expected time remaining: 2.6e+02s
2020-07-30 16:31:31,738 - root - INFO - #79 MAX:accuracy.mean: 0.33
2020-07-30 16:31:31,783 - root - DEBUG - Sampled weight [ 0.62607074  0.29311888 -0.37639603  1.95823727  0.59512934]
2020-07-30 16:31:32,944 - root - DEBUG - Updating hall of fame
2020-07-30 16:31:34,137 - root - INFO - Completed generation 80; 2.4s elapsed, 2.2s avg, 1.7e+02s total. Expected time remaining: 2.6e+02s
2020-07-30 16:31:34,194 - root - INFO - #80 MAX:accuracy.mean: 0.33
2020-07-30 16:31:34,296 - root - DEBUG - Sampled weight [ 1.34205061  1.7277163  -0.77271463 -0.56324543 -1.99541028]
2020-07-30 16:31:35,419 - root - DEBUG - Updating hall of fame
2020-07-30 16:31:35,833 - root - INFO - Completed generation 81; 1.6s elapsed, 2.1s avg, 1.7e+02s total. Expected time remaining: 2.6e+02s
2020-07-30 16:31:35,889 - root - INFO - #81 MAX:accuracy.mean: 0.33
2020-07-30 16:31:35,933 - root - DEBUG - Sampled weight [ 0.34846009 -1.24896717 -1.31218578 -1.87273067 -1.73258287]
2020-07-30 16:31:37,064 - root - DEBUG - Updating hall of fame
2020-07-30 16:31:37,852 - root - INFO - Completed generation 82; 2.0s elapsed, 2.1s avg, 1.8e+02s total. Expected time remaining: 2.5e+02s
2020-07-30 16:31:37,907 - root - INFO - #82 MAX:accuracy.mean: 0.33
2020-07-30 16:31:37,951 - root - DEBUG - Sampled weight [ 0.76689518  1.59905396  1.9523201  -1.24758636 -1.00931794]
2020-07-30 16:31:39,076 - root - DEBUG - Updating hall of fame
2020-07-30 16:31:39,910 - root - INFO - Completed generation 83; 2.0s elapsed, 2.1s avg, 1.8e+02s total. Expected time remaining: 2.5e+02s
2020-07-30 16:31:39,965 - root - INFO - #83 MAX:accuracy.mean: 0.33
2020-07-30 16:31:40,009 - root - DEBUG - Sampled weight [ 1.04962928  1.98860722 -1.67119045 -1.15237931  0.32405768]
2020-07-30 16:31:41,140 - root - DEBUG - Updating hall of fame
2020-07-30 16:31:42,716 - root - INFO - Completed generation 84; 2.8s elapsed, 2.2s avg, 1.8e+02s total. Expected time remaining: 2.5e+02s
2020-07-30 16:31:42,771 - root - INFO - #84 MAX:accuracy.mean: 0.33
2020-07-30 16:31:42,814 - root - DEBUG - Sampled weight [-0.44222158 -1.83919008 -1.13862666  1.81476063 -1.21765416]
2020-07-30 16:31:43,937 - root - DEBUG - Updating hall of fame
2020-07-30 16:31:44,948 - root - INFO - Completed generation 85; 2.2s elapsed, 2.2s avg, 1.8e+02s total. Expected time remaining: 2.5e+02s
2020-07-30 16:31:45,004 - root - INFO - #85 MAX:accuracy.mean: 0.33
2020-07-30 16:31:45,048 - root - DEBUG - Sampled weight [ 1.96190212 -1.23182573 -0.37787627  1.99247967  1.97072372]
2020-07-30 16:31:46,172 - root - DEBUG - Updating hall of fame
2020-07-30 16:31:47,762 - root - INFO - Completed generation 86; 2.8s elapsed, 2.2s avg, 1.9e+02s total. Expected time remaining: 2.5e+02s
2020-07-30 16:31:47,818 - root - INFO - #86 MAX:accuracy.mean: 0.33
2020-07-30 16:31:47,862 - root - DEBUG - Sampled weight [-1.72970952  0.88032824 -1.62412689  1.02573666 -0.96927567]
2020-07-30 16:31:48,992 - root - DEBUG - Updating hall of fame
2020-07-30 16:31:50,232 - root - INFO - Completed generation 87; 2.4s elapsed, 2.2s avg, 1.9e+02s total. Expected time remaining: 2.4e+02s
2020-07-30 16:31:50,288 - root - INFO - #87 MAX:accuracy.mean: 0.33
2020-07-30 16:31:50,332 - root - DEBUG - Sampled weight [-1.71756755 -0.87797121 -1.9983846   1.08366561  0.70191183]
2020-07-30 16:31:51,464 - root - DEBUG - Updating hall of fame
2020-07-30 16:31:53,051 - root - INFO - Completed generation 88; 2.8s elapsed, 2.2s avg, 1.9e+02s total. Expected time remaining: 2.4e+02s
2020-07-30 16:31:53,107 - root - INFO - #88 MAX:accuracy.mean: 0.33
2020-07-30 16:31:53,151 - root - DEBUG - Sampled weight [ 0.38483906 -0.25491485 -0.84256235 -0.11863577  1.20885813]
2020-07-30 16:31:54,281 - root - DEBUG - Updating hall of fame
2020-07-30 16:31:55,324 - root - INFO - Completed generation 89; 2.2s elapsed, 2.2s avg, 1.9e+02s total. Expected time remaining: 2.4e+02s
2020-07-30 16:31:55,379 - root - INFO - #89 MAX:accuracy.mean: 0.33
2020-07-30 16:31:55,423 - root - DEBUG - Sampled weight [ 0.59334709  1.14983515  1.62517374  1.67796737 -0.98323642]
2020-07-30 16:31:56,561 - root - DEBUG - Updating hall of fame
2020-07-30 16:31:57,188 - root - INFO - Completed generation 90; 1.8s elapsed, 2.2s avg, 1.9e+02s total. Expected time remaining: 2.4e+02s
2020-07-30 16:31:57,243 - root - INFO - #90 MAX:accuracy.mean: 0.33
2020-07-30 16:31:57,359 - root - DEBUG - Sampled weight [ 0.60170769 -1.0889113   0.76426071  0.11715725  0.61588292]
2020-07-30 16:31:58,499 - root - DEBUG - Updating hall of fame
2020-07-30 16:31:59,883 - root - INFO - Completed generation 91; 2.6s elapsed, 2.2s avg, 2e+02s total. Expected time remaining: 2.4e+02s
2020-07-30 16:31:59,939 - root - INFO - #91 MAX:accuracy.mean: 0.33
2020-07-30 16:31:59,983 - root - DEBUG - Sampled weight [ 0.87431244 -1.9008684   1.69312588 -0.49938603  0.27190347]
2020-07-30 16:32:01,118 - root - DEBUG - Updating hall of fame
2020-07-30 16:32:02,208 - root - INFO - Completed generation 92; 2.3s elapsed, 2.2s avg, 2e+02s total. Expected time remaining: 2.3e+02s
2020-07-30 16:32:02,264 - root - INFO - #92 MAX:accuracy.mean: 0.33
2020-07-30 16:32:02,313 - root - DEBUG - Sampled weight [ 0.70142643 -1.22018894  0.73026283  1.85044654  0.54874798]
2020-07-30 16:32:03,425 - root - DEBUG - Updating hall of fame
2020-07-30 16:32:03,839 - root - INFO - Completed generation 93; 1.6s elapsed, 2.2s avg, 2e+02s total. Expected time remaining: 2.3e+02s
2020-07-30 16:32:03,895 - root - INFO - #93 MAX:accuracy.mean: 0.33
2020-07-30 16:32:03,939 - root - DEBUG - Sampled weight [-0.0038541  -0.69964625 -1.24827781  0.23060202  0.56886735]
2020-07-30 16:32:05,047 - root - DEBUG - Updating hall of fame
2020-07-30 16:32:06,018 - root - INFO - Completed generation 94; 2.1s elapsed, 2.2s avg, 2e+02s total. Expected time remaining: 2.3e+02s
2020-07-30 16:32:06,073 - root - INFO - #94 MAX:accuracy.mean: 0.33
2020-07-30 16:32:06,116 - root - DEBUG - Sampled weight [ 0.48967829  1.95081616  0.02566442  0.18972503 -0.52716694]
2020-07-30 16:32:07,243 - root - DEBUG - Updating hall of fame
2020-07-30 16:32:08,243 - root - INFO - Completed generation 95; 2.2s elapsed, 2.2s avg, 2.1e+02s total. Expected time remaining: 2.3e+02s
2020-07-30 16:32:08,299 - root - INFO - #95 MAX:accuracy.mean: 0.33
2020-07-30 16:32:08,344 - root - DEBUG - Sampled weight [ 0.7836225  -1.81623446 -1.71991333  1.759059   -1.02184285]
2020-07-30 16:32:09,483 - root - DEBUG - Updating hall of fame
2020-07-30 16:32:10,314 - root - INFO - Completed generation 96; 2.0s elapsed, 2.2s avg, 2.1e+02s total. Expected time remaining: 2.3e+02s
2020-07-30 16:32:10,370 - root - INFO - #96 MAX:accuracy.mean: 0.33
2020-07-30 16:32:10,414 - root - DEBUG - Sampled weight [-1.8168692  -1.40964382 -0.18065719 -1.51519418  1.41255113]
2020-07-30 16:32:11,549 - root - DEBUG - Updating hall of fame
2020-07-30 16:32:12,748 - root - INFO - Completed generation 97; 2.4s elapsed, 2.2s avg, 2.1e+02s total. Expected time remaining: 2.2e+02s
2020-07-30 16:32:12,804 - root - INFO - #97 MAX:accuracy.mean: 0.33
2020-07-30 16:32:12,849 - root - DEBUG - Sampled weight [-0.76356205 -1.89781454  0.37918293  1.79680726 -0.47944256]
2020-07-30 16:32:13,994 - root - DEBUG - Updating hall of fame
2020-07-30 16:32:14,404 - root - INFO - Completed generation 98; 1.6s elapsed, 2.2s avg, 2.1e+02s total. Expected time remaining: 2.2e+02s
2020-07-30 16:32:14,461 - root - INFO - #98 MAX:accuracy.mean: 0.33
2020-07-30 16:32:14,505 - root - DEBUG - Sampled weight [-0.62410529 -0.80330248  1.76234585  0.1227058  -0.08555707]
2020-07-30 16:32:15,644 - root - DEBUG - Updating hall of fame
2020-07-30 16:32:16,468 - root - INFO - Completed generation 99; 2.0s elapsed, 2.2s avg, 2.1e+02s total. Expected time remaining: 2.2e+02s
2020-07-30 16:32:16,524 - root - INFO - #99 MAX:accuracy.mean: 0.33
2020-07-30 16:32:16,569 - root - DEBUG - Sampled weight [ 1.90857951  0.63834023 -0.58869779  0.2944284  -0.92004412]
2020-07-30 16:32:17,711 - root - DEBUG - Updating hall of fame
2020-07-30 16:32:17,928 - root - INFO - Completed generation 100; 1.4s elapsed, 2.2s avg, 2.2e+02s total. Expected time remaining: 2.2e+02s
2020-07-30 16:32:17,984 - root - INFO - #100 MAX:accuracy.mean: 0.33
2020-07-30 16:32:18,081 - root - DEBUG - Sampled weight [-0.67212533  0.55225385 -0.60877448 -1.55771529  1.87338964]
2020-07-30 16:32:19,225 - root - DEBUG - Updating hall of fame
2020-07-30 16:32:19,226 - root - INFO - Completed generation 101; 1.2s elapsed, 2.1s avg, 2.2e+02s total. Expected time remaining: 2.1e+02s
2020-07-30 16:32:19,282 - root - INFO - #101 MAX:accuracy.mean: 0.33
2020-07-30 16:32:19,326 - root - DEBUG - Sampled weight [-0.87197356 -0.00311106 -0.54262955  1.27600273 -0.53650562]
2020-07-30 16:32:20,465 - root - DEBUG - Updating hall of fame
2020-07-30 16:32:21,847 - root - INFO - Completed generation 102; 2.6s elapsed, 2.1s avg, 2.2e+02s total. Expected time remaining: 2.1e+02s
2020-07-30 16:32:21,904 - root - INFO - #102 MAX:accuracy.mean: 0.33
2020-07-30 16:32:21,947 - root - DEBUG - Sampled weight [-1.09344934 -0.83591155  0.67005117  0.03185276 -1.01280607]
2020-07-30 16:32:23,087 - root - DEBUG - Updating hall of fame
2020-07-30 16:32:23,938 - root - INFO - Completed generation 103; 2.0s elapsed, 2.1s avg, 2.2e+02s total. Expected time remaining: 2.1e+02s
2020-07-30 16:32:23,995 - root - INFO - #103 MAX:accuracy.mean: 0.33
2020-07-30 16:32:24,041 - root - DEBUG - Sampled weight [ 1.3177169  -0.26427669 -0.4248124   0.25744894  0.9761529 ]
2020-07-30 16:32:25,195 - root - DEBUG - Updating hall of fame
2020-07-30 16:32:25,619 - root - INFO - Completed generation 104; 1.6s elapsed, 2.1s avg, 2.2e+02s total. Expected time remaining: 2.1e+02s
2020-07-30 16:32:25,674 - root - INFO - #104 MAX:accuracy.mean: 0.33
2020-07-30 16:32:25,719 - root - DEBUG - Sampled weight [-0.75428932  0.22229047  0.00156282 -1.08583022 -1.15735877]
2020-07-30 16:32:26,861 - root - DEBUG - Updating hall of fame
2020-07-30 16:32:26,861 - root - INFO - Completed generation 105; 1.2s elapsed, 2.1s avg, 2.2e+02s total. Expected time remaining: 2e+02s
2020-07-30 16:32:26,918 - root - INFO - #105 MAX:accuracy.mean: 0.33
2020-07-30 16:32:26,963 - root - DEBUG - Sampled weight [ 1.43334848 -0.8500385  -0.51099887  1.72095561  1.29922729]
2020-07-30 16:32:28,111 - root - DEBUG - Updating hall of fame
2020-07-30 16:32:28,111 - root - INFO - Completed generation 106; 1.2s elapsed, 2.1s avg, 2.2e+02s total. Expected time remaining: 2e+02s
2020-07-30 16:32:28,168 - root - INFO - #106 MAX:accuracy.mean: 0.33
2020-07-30 16:32:28,211 - root - DEBUG - Sampled weight [-0.40401961  0.73027166 -1.23243123  0.24811337  0.21328932]
2020-07-30 16:32:29,354 - root - DEBUG - Updating hall of fame
2020-07-30 16:32:30,739 - root - INFO - Completed generation 107; 2.6s elapsed, 2.1s avg, 2.3e+02s total. Expected time remaining: 2e+02s
2020-07-30 16:32:30,794 - root - INFO - #107 MAX:accuracy.mean: 0.33
2020-07-30 16:32:30,838 - root - DEBUG - Sampled weight [ 1.80196279 -1.14561737 -0.14592988 -0.57813467  1.60456276]
2020-07-30 16:32:31,969 - root - DEBUG - Updating hall of fame
2020-07-30 16:32:33,004 - root - INFO - Completed generation 108; 2.2s elapsed, 2.1s avg, 2.3e+02s total. Expected time remaining: 2e+02s
2020-07-30 16:32:33,061 - root - INFO - #108 MAX:accuracy.mean: 0.33
2020-07-30 16:32:33,106 - root - DEBUG - Sampled weight [-0.90201761  1.3076728  -0.82033224 -0.08567372 -0.46435145]
2020-07-30 16:32:34,248 - root - DEBUG - Updating hall of fame
2020-07-30 16:32:35,658 - root - INFO - Completed generation 109; 2.6s elapsed, 2.1s avg, 2.3e+02s total. Expected time remaining: 1.9e+02s
2020-07-30 16:32:35,714 - root - INFO - #109 MAX:accuracy.mean: 0.33
2020-07-30 16:32:35,759 - root - DEBUG - Sampled weight [ 0.56008224 -1.84600133 -1.80297845 -0.0777049  -0.24079815]
2020-07-30 16:32:36,906 - root - DEBUG - Updating hall of fame
2020-07-30 16:32:37,750 - root - INFO - Completed generation 110; 2.0s elapsed, 2.1s avg, 2.3e+02s total. Expected time remaining: 1.9e+02s
2020-07-30 16:32:37,806 - root - INFO - #110 MAX:accuracy.mean: 0.33
2020-07-30 16:32:37,921 - root - DEBUG - Sampled weight [ 1.04790524  1.55626633  1.27764029 -0.38183687 -0.45991692]
2020-07-30 16:32:39,070 - root - DEBUG - Updating hall of fame
2020-07-30 16:32:39,691 - root - INFO - Completed generation 111; 1.8s elapsed, 2.1s avg, 2.4e+02s total. Expected time remaining: 1.9e+02s
2020-07-30 16:32:39,747 - root - INFO - #111 MAX:accuracy.mean: 0.33
2020-07-30 16:32:39,792 - root - DEBUG - Sampled weight [ 1.92019753  0.53268027  1.28693178 -0.0738061   1.35881535]
2020-07-30 16:32:40,923 - root - DEBUG - Updating hall of fame
2020-07-30 16:32:42,531 - root - INFO - Completed generation 112; 2.8s elapsed, 2.1s avg, 2.4e+02s total. Expected time remaining: 1.9e+02s
2020-07-30 16:32:42,587 - root - INFO - #112 MAX:accuracy.mean: 0.33
2020-07-30 16:32:42,632 - root - DEBUG - Sampled weight [-0.82181253 -0.83531245  1.05746326 -1.54278448 -1.13432893]
2020-07-30 16:32:43,775 - root - DEBUG - Updating hall of fame
2020-07-30 16:32:44,617 - root - INFO - Completed generation 113; 2.0s elapsed, 2.1s avg, 2.4e+02s total. Expected time remaining: 1.9e+02s
2020-07-30 16:32:44,674 - root - INFO - #113 MAX:accuracy.mean: 0.33
2020-07-30 16:32:44,719 - root - DEBUG - Sampled weight [ 1.08547191  0.00482412  0.93138654 -0.27964881 -1.35421191]
2020-07-30 16:32:45,848 - root - DEBUG - Updating hall of fame
2020-07-30 16:32:46,853 - root - INFO - Completed generation 114; 2.2s elapsed, 2.1s avg, 2.4e+02s total. Expected time remaining: 1.8e+02s
2020-07-30 16:32:46,909 - root - INFO - #114 MAX:accuracy.mean: 0.33
2020-07-30 16:32:46,953 - root - DEBUG - Sampled weight [ 0.88375818  0.29724514 -0.70947305 -1.21359278 -0.01179876]
2020-07-30 16:32:48,101 - root - DEBUG - Updating hall of fame
2020-07-30 16:32:48,940 - root - INFO - Completed generation 115; 2.0s elapsed, 2.1s avg, 2.5e+02s total. Expected time remaining: 1.8e+02s
2020-07-30 16:32:48,996 - root - INFO - #115 MAX:accuracy.mean: 0.33
2020-07-30 16:32:49,041 - root - DEBUG - Sampled weight [-0.8796473  -1.5948691   0.22098381 -1.80638764 -0.17327725]
2020-07-30 16:32:50,179 - root - DEBUG - Updating hall of fame
2020-07-30 16:32:50,594 - root - INFO - Completed generation 116; 1.6s elapsed, 2.1s avg, 2.5e+02s total. Expected time remaining: 1.8e+02s
2020-07-30 16:32:50,649 - root - INFO - #116 MAX:accuracy.mean: 0.33
2020-07-30 16:32:50,695 - root - DEBUG - Sampled weight [ 1.20517568 -1.19536695 -0.8829178  -1.33842785  1.63418225]
2020-07-30 16:32:51,831 - root - DEBUG - Updating hall of fame
2020-07-30 16:32:52,461 - root - INFO - Completed generation 117; 1.8s elapsed, 2.1s avg, 2.5e+02s total. Expected time remaining: 1.8e+02s
2020-07-30 16:32:52,517 - root - INFO - #117 MAX:accuracy.mean: 0.33
2020-07-30 16:32:52,562 - root - DEBUG - Sampled weight [-1.62539717  1.68253446  1.48628974 -1.62514967 -0.58894818]
2020-07-30 16:32:53,698 - root - DEBUG - Updating hall of fame
2020-07-30 16:32:55,114 - root - INFO - Completed generation 118; 2.6s elapsed, 2.1s avg, 2.5e+02s total. Expected time remaining: 1.7e+02s
2020-07-30 16:32:55,170 - root - INFO - #118 MAX:accuracy.mean: 0.33
2020-07-30 16:32:55,213 - root - DEBUG - Sampled weight [ 0.53810632  1.25016911 -1.9908298  -1.66419778 -0.06886783]
2020-07-30 16:32:56,358 - root - DEBUG - Updating hall of fame
2020-07-30 16:32:56,987 - root - INFO - Completed generation 119; 1.8s elapsed, 2.1s avg, 2.5e+02s total. Expected time remaining: 1.7e+02s
2020-07-30 16:32:57,044 - root - INFO - #119 MAX:accuracy.mean: 0.33
2020-07-30 16:32:57,088 - root - DEBUG - Sampled weight [ 1.99427877 -1.13397817 -0.93625344 -1.08744366  0.36811178]
2020-07-30 16:32:58,227 - root - DEBUG - Updating hall of fame
2020-07-30 16:32:59,055 - root - INFO - Completed generation 120; 2.0s elapsed, 2.1s avg, 2.5e+02s total. Expected time remaining: 1.7e+02s
2020-07-30 16:32:59,112 - root - INFO - #120 MAX:accuracy.mean: 0.33
2020-07-30 16:32:59,225 - root - DEBUG - Sampled weight [-0.24016746 -1.51460067  1.51511008  1.06706261  0.50137662]
2020-07-30 16:33:00,371 - root - DEBUG - Updating hall of fame
2020-07-30 16:33:01,600 - root - INFO - Completed generation 121; 2.4s elapsed, 2.1s avg, 2.6e+02s total. Expected time remaining: 1.7e+02s
2020-07-30 16:33:01,658 - root - INFO - #121 MAX:accuracy.mean: 0.33
2020-07-30 16:33:01,703 - root - DEBUG - Sampled weight [ 0.52053301 -0.76020821  1.84666649  0.13252285  0.84164053]
2020-07-30 16:33:02,844 - root - DEBUG - Updating hall of fame
2020-07-30 16:33:03,475 - root - INFO - Completed generation 122; 1.8s elapsed, 2.1s avg, 2.6e+02s total. Expected time remaining: 1.7e+02s
2020-07-30 16:33:03,532 - root - INFO - #122 MAX:accuracy.mean: 0.33
2020-07-30 16:33:03,578 - root - DEBUG - Sampled weight [-1.83028923 -0.98580032  0.2888755  -0.14956587 -0.41862718]
2020-07-30 16:33:04,706 - root - DEBUG - Updating hall of fame
2020-07-30 16:33:05,123 - root - INFO - Completed generation 123; 1.6s elapsed, 2.1s avg, 2.6e+02s total. Expected time remaining: 1.6e+02s
2020-07-30 16:33:05,179 - root - INFO - #123 MAX:accuracy.mean: 0.33
2020-07-30 16:33:05,223 - root - DEBUG - Sampled weight [ 0.7404284  -1.10352551  0.18463571 -1.40509625  0.16578498]
2020-07-30 16:33:06,363 - root - DEBUG - Updating hall of fame
2020-07-30 16:33:06,783 - root - INFO - Completed generation 124; 1.6s elapsed, 2.1s avg, 2.6e+02s total. Expected time remaining: 1.6e+02s
2020-07-30 16:33:06,839 - root - INFO - #124 MAX:accuracy.mean: 0.33
2020-07-30 16:33:06,883 - root - DEBUG - Sampled weight [-1.0424106  -1.37386274  0.3592216   0.60210224  1.65315361]
2020-07-30 16:33:08,037 - root - DEBUG - Updating hall of fame
2020-07-30 16:33:08,460 - root - INFO - Completed generation 125; 1.6s elapsed, 2.1s avg, 2.6e+02s total. Expected time remaining: 1.6e+02s
2020-07-30 16:33:08,516 - root - INFO - #125 MAX:accuracy.mean: 0.33
2020-07-30 16:33:08,561 - root - DEBUG - Sampled weight [ 0.98521142 -1.40694951 -1.64048232 -1.01585113  0.30034998]
2020-07-30 16:33:09,710 - root - DEBUG - Updating hall of fame
2020-07-30 16:33:11,136 - root - INFO - Completed generation 126; 2.6s elapsed, 2.1s avg, 2.7e+02s total. Expected time remaining: 1.6e+02s
2020-07-30 16:33:11,193 - root - INFO - #126 MAX:accuracy.mean: 0.33
2020-07-30 16:33:11,237 - root - DEBUG - Sampled weight [8.77660074e-01 1.13380167e+00 1.67108867e+00 8.12945443e-05
 4.85702261e-01]
2020-07-30 16:33:12,387 - root - DEBUG - Updating hall of fame
2020-07-30 16:33:13,812 - root - INFO - Completed generation 127; 2.6s elapsed, 2.1s avg, 2.7e+02s total. Expected time remaining: 1.5e+02s
2020-07-30 16:33:13,869 - root - INFO - #127 MAX:accuracy.mean: 0.4
2020-07-30 16:33:13,914 - root - DEBUG - Sampled weight [ 0.64202496  1.23217038 -1.94058962  0.03328325 -0.279191  ]
2020-07-30 16:33:15,084 - root - DEBUG - Updating hall of fame
2020-07-30 16:33:15,728 - root - INFO - Completed generation 128; 1.9s elapsed, 2.1s avg, 2.7e+02s total. Expected time remaining: 1.5e+02s
2020-07-30 16:33:15,785 - root - INFO - #128 MAX:accuracy.mean: 0.33
2020-07-30 16:33:15,831 - root - DEBUG - Sampled weight [ 0.01212391 -1.32865918  0.52899449  1.39561608  0.79971702]
2020-07-30 16:33:16,993 - root - DEBUG - Updating hall of fame
2020-07-30 16:33:17,425 - root - INFO - Completed generation 129; 1.6s elapsed, 2.1s avg, 2.7e+02s total. Expected time remaining: 1.5e+02s
2020-07-30 16:33:17,483 - root - INFO - #129 MAX:accuracy.mean: 0.33
2020-07-30 16:33:17,528 - root - DEBUG - Sampled weight [-0.5702668   1.12786262 -1.24758313  0.93918372  1.84304254]
2020-07-30 16:33:18,692 - root - DEBUG - Updating hall of fame
2020-07-30 16:33:19,119 - root - INFO - Completed generation 130; 1.6s elapsed, 2.1s avg, 2.7e+02s total. Expected time remaining: 1.5e+02s
2020-07-30 16:33:19,176 - root - INFO - #130 MAX:accuracy.mean: 0.33
2020-07-30 16:33:19,290 - root - DEBUG - Sampled weight [ 1.08089208  1.79647212  1.46418075 -0.81402998  0.9884224 ]
2020-07-30 16:33:20,449 - root - DEBUG - Updating hall of fame
2020-07-30 16:33:22,068 - root - INFO - Completed generation 131; 2.8s elapsed, 2.1s avg, 2.8e+02s total. Expected time remaining: 1.5e+02s
2020-07-30 16:33:22,125 - root - INFO - #131 MAX:accuracy.mean: 0.33
2020-07-30 16:33:22,171 - root - DEBUG - Sampled weight [ 1.51030476 -0.55167964 -0.23619334  1.03085527 -1.0814334 ]
2020-07-30 16:33:23,347 - root - DEBUG - Updating hall of fame
2020-07-30 16:33:24,763 - root - INFO - Completed generation 132; 2.6s elapsed, 2.1s avg, 2.8e+02s total. Expected time remaining: 1.4e+02s
2020-07-30 16:33:24,821 - root - INFO - #132 MAX:accuracy.mean: 0.33
2020-07-30 16:33:24,867 - root - DEBUG - Sampled weight [ 0.63293148 -1.44163299  1.90274033 -1.74124342 -1.92777303]
2020-07-30 16:33:26,012 - root - DEBUG - Updating hall of fame
2020-07-30 16:33:26,436 - root - INFO - Completed generation 133; 1.6s elapsed, 2.1s avg, 2.8e+02s total. Expected time remaining: 1.4e+02s
2020-07-30 16:33:26,491 - root - INFO - #133 MAX:accuracy.mean: 0.33
2020-07-30 16:33:26,535 - root - DEBUG - Sampled weight [ 1.20178744 -1.34166847  0.71420119 -0.60001131 -0.26289206]
2020-07-30 16:33:27,695 - root - DEBUG - Updating hall of fame
2020-07-30 16:33:29,118 - root - INFO - Completed generation 134; 2.6s elapsed, 2.1s avg, 2.8e+02s total. Expected time remaining: 1.4e+02s
2020-07-30 16:33:29,174 - root - INFO - #134 MAX:accuracy.mean: 0.33
2020-07-30 16:33:29,219 - root - DEBUG - Sampled weight [ 0.22926361 -0.35660683  1.06182172  1.74552303  0.09287277]
2020-07-30 16:33:30,362 - root - DEBUG - Updating hall of fame
2020-07-30 16:33:30,782 - root - INFO - Completed generation 135; 1.6s elapsed, 2.1s avg, 2.9e+02s total. Expected time remaining: 1.4e+02s
2020-07-30 16:33:30,838 - root - INFO - #135 MAX:accuracy.mean: 0.33
2020-07-30 16:33:30,883 - root - DEBUG - Sampled weight [ 1.78494673  1.90062844 -0.4516121  -0.24175848 -1.67176806]
2020-07-30 16:33:32,037 - root - DEBUG - Updating hall of fame
2020-07-30 16:33:32,465 - root - INFO - Completed generation 136; 1.6s elapsed, 2.1s avg, 2.9e+02s total. Expected time remaining: 1.4e+02s
2020-07-30 16:33:32,522 - root - INFO - #136 MAX:accuracy.mean: 0.33
2020-07-30 16:33:32,567 - root - DEBUG - Sampled weight [ 1.9329589  -0.17879846  1.45797578 -0.99068946 -0.58179526]
2020-07-30 16:33:33,733 - root - DEBUG - Updating hall of fame
2020-07-30 16:33:33,948 - root - INFO - Completed generation 137; 1.4s elapsed, 2.1s avg, 2.9e+02s total. Expected time remaining: 1.3e+02s
2020-07-30 16:33:34,004 - root - INFO - #137 MAX:accuracy.mean: 0.33
2020-07-30 16:33:34,048 - root - DEBUG - Sampled weight [-1.79532899  0.2955212  -0.7749906  -1.72502905 -1.91380477]
2020-07-30 16:33:35,186 - root - DEBUG - Updating hall of fame
2020-07-30 16:33:35,395 - root - INFO - Completed generation 138; 1.4s elapsed, 2.1s avg, 2.9e+02s total. Expected time remaining: 1.3e+02s
2020-07-30 16:33:35,452 - root - INFO - #138 MAX:accuracy.mean: 0.33
2020-07-30 16:33:35,496 - root - DEBUG - Sampled weight [ 0.24305862 -1.9723636  -0.74623559  1.44877283  0.31494706]
2020-07-30 16:33:36,636 - root - DEBUG - Updating hall of fame
2020-07-30 16:33:38,235 - root - INFO - Completed generation 139; 2.8s elapsed, 2.1s avg, 2.9e+02s total. Expected time remaining: 1.3e+02s
2020-07-30 16:33:38,292 - root - INFO - #139 MAX:accuracy.mean: 0.33
2020-07-30 16:33:38,337 - root - DEBUG - Sampled weight [ 0.58711505  1.2878947  -1.59028294  1.90542493 -0.58299709]
2020-07-30 16:33:39,494 - root - DEBUG - Updating hall of fame
2020-07-30 16:33:39,919 - root - INFO - Completed generation 140; 1.6s elapsed, 2.1s avg, 2.9e+02s total. Expected time remaining: 1.3e+02s
2020-07-30 16:33:39,976 - root - INFO - #140 MAX:accuracy.mean: 0.33
2020-07-30 16:33:40,097 - root - DEBUG - Sampled weight [ 0.79503586 -0.49994025 -0.4413058   0.50674897  0.35514688]
2020-07-30 16:33:41,258 - root - DEBUG - Updating hall of fame
2020-07-30 16:33:42,487 - root - INFO - Completed generation 141; 2.4s elapsed, 2.1s avg, 3e+02s total. Expected time remaining: 1.2e+02s
2020-07-30 16:33:42,544 - root - INFO - #141 MAX:accuracy.mean: 0.33
2020-07-30 16:33:42,590 - root - DEBUG - Sampled weight [-1.95802294 -1.69785337 -1.57317395 -0.7402852  -1.75202948]
2020-07-30 16:33:43,758 - root - DEBUG - Updating hall of fame
2020-07-30 16:33:44,188 - root - INFO - Completed generation 142; 1.6s elapsed, 2.1s avg, 3e+02s total. Expected time remaining: 1.2e+02s
2020-07-30 16:33:44,245 - root - INFO - #142 MAX:accuracy.mean: 0.33
2020-07-30 16:33:44,291 - root - DEBUG - Sampled weight [ 1.53973058  1.86051371  0.74769192  1.23162107 -0.22541076]
2020-07-30 16:33:45,458 - root - DEBUG - Updating hall of fame
2020-07-30 16:33:47,284 - root - INFO - Completed generation 143; 3.0s elapsed, 2.1s avg, 3e+02s total. Expected time remaining: 1.2e+02s
2020-07-30 16:33:47,341 - root - INFO - #143 MAX:accuracy.mean: 0.33
2020-07-30 16:33:47,386 - root - DEBUG - Sampled weight [-1.69015094 -0.31724954  0.18045254  1.35579525 -1.57850553]
2020-07-30 16:33:48,541 - root - DEBUG - Updating hall of fame
2020-07-30 16:33:48,962 - root - INFO - Completed generation 144; 1.6s elapsed, 2.1s avg, 3e+02s total. Expected time remaining: 1.2e+02s
2020-07-30 16:33:49,018 - root - INFO - #144 MAX:accuracy.mean: 0.33
2020-07-30 16:33:49,063 - root - DEBUG - Sampled weight [-0.03586955 -1.01901538  0.88481672  0.66036288  1.03266462]
2020-07-30 16:33:50,201 - root - DEBUG - Updating hall of fame
2020-07-30 16:33:50,620 - root - INFO - Completed generation 145; 1.6s elapsed, 2.1s avg, 3e+02s total. Expected time remaining: 1.2e+02s
2020-07-30 16:33:50,678 - root - INFO - #145 MAX:accuracy.mean: 0.33
2020-07-30 16:33:50,722 - root - DEBUG - Sampled weight [-1.58156989  1.29627978 -0.17021087 -0.78541151  1.59748479]
2020-07-30 16:33:51,883 - root - DEBUG - Updating hall of fame
2020-07-30 16:33:52,098 - root - INFO - Completed generation 146; 1.4s elapsed, 2.1s avg, 3.1e+02s total. Expected time remaining: 1.1e+02s
2020-07-30 16:33:52,155 - root - INFO - #146 MAX:accuracy.mean: 0.33
2020-07-30 16:33:52,201 - root - DEBUG - Sampled weight [-1.88269138 -0.11497939 -0.64485944  1.9577654  -0.14459805]
2020-07-30 16:33:53,364 - root - DEBUG - Updating hall of fame
2020-07-30 16:33:54,388 - root - INFO - Completed generation 147; 2.2s elapsed, 2.1s avg, 3.1e+02s total. Expected time remaining: 1.1e+02s
2020-07-30 16:33:54,444 - root - INFO - #147 MAX:accuracy.mean: 0.33
2020-07-30 16:33:54,489 - root - DEBUG - Sampled weight [-0.56577632  0.95187615  0.74229566 -1.49369938 -1.92735999]
2020-07-30 16:33:55,650 - root - DEBUG - Updating hall of fame
2020-07-30 16:33:56,079 - root - INFO - Completed generation 148; 1.6s elapsed, 2.1s avg, 3.1e+02s total. Expected time remaining: 1.1e+02s
2020-07-30 16:33:56,136 - root - INFO - #148 MAX:accuracy.mean: 0.33
2020-07-30 16:33:56,180 - root - DEBUG - Sampled weight [ 1.62814516 -1.36399105  0.74832197 -1.98428494  0.61862917]
2020-07-30 16:33:57,339 - root - DEBUG - Updating hall of fame
2020-07-30 16:33:58,957 - root - INFO - Completed generation 149; 2.8s elapsed, 2.1s avg, 3.1e+02s total. Expected time remaining: 1.1e+02s
2020-07-30 16:33:59,013 - root - INFO - #149 MAX:accuracy.mean: 0.33
2020-07-30 16:33:59,059 - root - DEBUG - Sampled weight [-0.33299681 -1.7992657  -1.94886909  0.87943467  0.10972579]
2020-07-30 16:34:00,173 - root - DEBUG - Updating hall of fame
2020-07-30 16:34:01,556 - root - INFO - Completed generation 150; 2.5s elapsed, 2.1s avg, 3.2e+02s total. Expected time remaining: 1.1e+02s
2020-07-30 16:34:01,612 - root - INFO - #150 MAX:accuracy.mean: 0.33
2020-07-30 16:34:01,752 - root - DEBUG - Sampled weight [-1.40667059  1.60938347  1.55222432  1.41279465 -0.9466305 ]
2020-07-30 16:34:02,885 - root - DEBUG - Updating hall of fame
2020-07-30 16:34:03,295 - root - INFO - Completed generation 151; 1.6s elapsed, 2.1s avg, 3.2e+02s total. Expected time remaining: 1e+02s
2020-07-30 16:34:03,356 - root - INFO - #151 MAX:accuracy.mean: 0.33
2020-07-30 16:34:03,401 - root - DEBUG - Sampled weight [ 1.29237031  0.29958142 -0.69563356 -1.61407183  0.6766599 ]
2020-07-30 16:34:04,516 - root - DEBUG - Updating hall of fame
2020-07-30 16:34:05,869 - root - INFO - Completed generation 152; 2.5s elapsed, 2.1s avg, 3.2e+02s total. Expected time remaining: 1e+02s
2020-07-30 16:34:05,925 - root - INFO - #152 MAX:accuracy.mean: 0.33
2020-07-30 16:34:05,968 - root - DEBUG - Sampled weight [-0.61805556 -0.27943341  0.86631437  1.93725203 -0.50779299]
2020-07-30 16:34:07,075 - root - DEBUG - Updating hall of fame
2020-07-30 16:34:07,481 - root - INFO - Completed generation 153; 1.6s elapsed, 2.1s avg, 3.2e+02s total. Expected time remaining: 9.9e+01s
2020-07-30 16:34:07,536 - root - INFO - #153 MAX:accuracy.mean: 0.33
2020-07-30 16:34:07,579 - root - DEBUG - Sampled weight [-1.56768727  1.97682661 -0.40243579  1.0779577  -0.51081398]
2020-07-30 16:34:08,687 - root - DEBUG - Updating hall of fame
2020-07-30 16:34:09,102 - root - INFO - Completed generation 154; 1.6s elapsed, 2.1s avg, 3.2e+02s total. Expected time remaining: 9.6e+01s
2020-07-30 16:34:09,157 - root - INFO - #154 MAX:accuracy.mean: 0.33
2020-07-30 16:34:09,200 - root - DEBUG - Sampled weight [-1.31182689 -1.39537778 -0.69661754 -0.62626251 -1.32493223]
2020-07-30 16:34:10,312 - root - DEBUG - Updating hall of fame
2020-07-30 16:34:11,293 - root - INFO - Completed generation 155; 2.1s elapsed, 2.1s avg, 3.2e+02s total. Expected time remaining: 9.4e+01s
2020-07-30 16:34:11,348 - root - INFO - #155 MAX:accuracy.mean: 0.33
2020-07-30 16:34:11,391 - root - DEBUG - Sampled weight [-1.10560017  0.20173233 -1.49322275 -0.43538388 -1.30748465]
2020-07-30 16:34:12,510 - root - DEBUG - Updating hall of fame
2020-07-30 16:34:13,491 - root - INFO - Completed generation 156; 2.1s elapsed, 2.1s avg, 3.3e+02s total. Expected time remaining: 9.2e+01s
2020-07-30 16:34:13,546 - root - INFO - #156 MAX:accuracy.mean: 0.33
2020-07-30 16:34:13,590 - root - DEBUG - Sampled weight [-1.06937752 -1.29362481 -1.15437155 -1.78058095 -0.55045526]
2020-07-30 16:34:14,704 - root - DEBUG - Updating hall of fame
2020-07-30 16:34:15,118 - root - INFO - Completed generation 157; 1.6s elapsed, 2.1s avg, 3.3e+02s total. Expected time remaining: 9e+01s
2020-07-30 16:34:15,173 - root - INFO - #157 MAX:accuracy.mean: 0.33
2020-07-30 16:34:15,218 - root - DEBUG - Sampled weight [ 0.14156892  1.3322458  -1.20607923 -1.07326816  1.23555056]
2020-07-30 16:34:16,334 - root - DEBUG - Updating hall of fame
2020-07-30 16:34:17,898 - root - INFO - Completed generation 158; 2.7s elapsed, 2.1s avg, 3.3e+02s total. Expected time remaining: 8.8e+01s
2020-07-30 16:34:17,957 - root - INFO - #158 MAX:accuracy.mean: 0.33
2020-07-30 16:34:18,000 - root - DEBUG - Sampled weight [-0.15837237 -0.43077348  1.27883185  0.03871224  1.34267297]
2020-07-30 16:34:19,119 - root - DEBUG - Updating hall of fame
2020-07-30 16:34:20,114 - root - INFO - Completed generation 159; 2.2s elapsed, 2.1s avg, 3.3e+02s total. Expected time remaining: 8.6e+01s
2020-07-30 16:34:20,170 - root - INFO - #159 MAX:accuracy.mean: 0.33
2020-07-30 16:34:20,213 - root - DEBUG - Sampled weight [ 1.38252598 -1.82005015 -0.3805232  -1.18479038 -1.57388284]
2020-07-30 16:34:21,341 - root - DEBUG - Updating hall of fame
2020-07-30 16:34:21,732 - root - INFO - Completed generation 160; 1.6s elapsed, 2.1s avg, 3.4e+02s total. Expected time remaining: 8.4e+01s
2020-07-30 16:34:21,788 - root - INFO - #160 MAX:accuracy.mean: 0.33
2020-07-30 16:34:21,915 - root - DEBUG - Sampled weight [-1.99494486  0.44413355 -0.08816277  1.45369156 -0.91413726]
2020-07-30 16:34:23,041 - root - DEBUG - Updating hall of fame
2020-07-30 16:34:24,222 - root - INFO - Completed generation 161; 2.4s elapsed, 2.1s avg, 3.4e+02s total. Expected time remaining: 8.2e+01s
2020-07-30 16:34:24,278 - root - INFO - #161 MAX:accuracy.mean: 0.33
2020-07-30 16:34:24,322 - root - DEBUG - Sampled weight [-1.89729374  0.39267155  0.75504191  0.6452037  -0.13589238]
2020-07-30 16:34:25,456 - root - DEBUG - Updating hall of fame
2020-07-30 16:34:25,664 - root - INFO - Completed generation 162; 1.4s elapsed, 2.1s avg, 3.4e+02s total. Expected time remaining: 7.9e+01s
2020-07-30 16:34:25,720 - root - INFO - #162 MAX:accuracy.mean: 0.33
2020-07-30 16:34:25,763 - root - DEBUG - Sampled weight [ 1.30228366 -0.27126511 -1.15107886 -1.92171928  1.56151857]
2020-07-30 16:34:26,906 - root - DEBUG - Updating hall of fame
2020-07-30 16:34:27,118 - root - INFO - Completed generation 163; 1.4s elapsed, 2.1s avg, 3.4e+02s total. Expected time remaining: 7.7e+01s
2020-07-30 16:34:27,175 - root - INFO - #163 MAX:accuracy.mean: 0.33
2020-07-30 16:34:27,220 - root - DEBUG - Sampled weight [-1.45450603 -0.72688455 -1.53017072  0.14218379 -1.66959291]
2020-07-30 16:34:28,373 - root - DEBUG - Updating hall of fame
2020-07-30 16:34:30,173 - root - INFO - Completed generation 164; 3.0s elapsed, 2.1s avg, 3.4e+02s total. Expected time remaining: 7.5e+01s
2020-07-30 16:34:30,230 - root - INFO - #164 MAX:accuracy.mean: 0.33
2020-07-30 16:34:30,275 - root - DEBUG - Sampled weight [ 0.38093398  1.838868   -1.34395649  0.8592876   0.50926445]
2020-07-30 16:34:31,428 - root - DEBUG - Updating hall of fame
2020-07-30 16:34:31,641 - root - INFO - Completed generation 165; 1.4s elapsed, 2.1s avg, 3.4e+02s total. Expected time remaining: 7.3e+01s
2020-07-30 16:34:31,698 - root - INFO - #165 MAX:accuracy.mean: 0.33
2020-07-30 16:34:31,742 - root - DEBUG - Sampled weight [ 0.77369046  0.2999098   0.99841761 -1.43218164 -1.20787086]
2020-07-30 16:34:32,897 - root - DEBUG - Updating hall of fame
2020-07-30 16:34:33,108 - root - INFO - Completed generation 166; 1.4s elapsed, 2.1s avg, 3.5e+02s total. Expected time remaining: 7.1e+01s
2020-07-30 16:34:33,164 - root - INFO - #166 MAX:accuracy.mean: 0.33
2020-07-30 16:34:33,208 - root - DEBUG - Sampled weight [ 1.67407174  1.05260412 -1.50322439  1.89891075 -1.90097342]
2020-07-30 16:34:34,316 - root - DEBUG - Updating hall of fame
2020-07-30 16:34:35,463 - root - INFO - Completed generation 167; 2.3s elapsed, 2.1s avg, 3.5e+02s total. Expected time remaining: 6.9e+01s
2020-07-30 16:34:35,518 - root - INFO - #167 MAX:accuracy.mean: 0.33
2020-07-30 16:34:35,560 - root - DEBUG - Sampled weight [ 1.54092134  1.19897782 -0.45947927 -1.42586475 -0.64549732]
2020-07-30 16:34:36,668 - root - DEBUG - Updating hall of fame
2020-07-30 16:34:37,830 - root - INFO - Completed generation 168; 2.3s elapsed, 2.1s avg, 3.5e+02s total. Expected time remaining: 6.7e+01s
2020-07-30 16:34:37,886 - root - INFO - #168 MAX:accuracy.mean: 0.33
2020-07-30 16:34:37,930 - root - DEBUG - Sampled weight [-1.16457656  0.2642919   1.39455058 -0.34427188 -1.71825871]
2020-07-30 16:34:39,063 - root - DEBUG - Updating hall of fame
2020-07-30 16:34:39,273 - root - INFO - Completed generation 169; 1.4s elapsed, 2.1s avg, 3.5e+02s total. Expected time remaining: 6.5e+01s
2020-07-30 16:34:39,328 - root - INFO - #169 MAX:accuracy.mean: 0.33
2020-07-30 16:34:39,371 - root - DEBUG - Sampled weight [-1.02245718 -1.33666507  0.95262197  1.86995092  0.68888619]
2020-07-30 16:34:40,496 - root - DEBUG - Updating hall of fame
2020-07-30 16:34:40,705 - root - INFO - Completed generation 170; 1.4s elapsed, 2.1s avg, 3.5e+02s total. Expected time remaining: 6.2e+01s
2020-07-30 16:34:40,761 - root - INFO - #170 MAX:accuracy.mean: 0.33
2020-07-30 16:34:40,883 - root - DEBUG - Sampled weight [-1.33726271 -1.82154767 -1.44091928  1.65749727 -0.08989712]
2020-07-30 16:34:42,022 - root - DEBUG - Updating hall of fame
2020-07-30 16:34:43,407 - root - INFO - Completed generation 171; 2.6s elapsed, 2.1s avg, 3.6e+02s total. Expected time remaining: 6e+01s
2020-07-30 16:34:43,463 - root - INFO - #171 MAX:accuracy.mean: 0.33
2020-07-30 16:34:43,507 - root - DEBUG - Sampled weight [ 1.02025673 -0.58875716 -0.97270485 -0.83508459 -1.2322064 ]
2020-07-30 16:34:44,639 - root - DEBUG - Updating hall of fame
2020-07-30 16:34:45,424 - root - INFO - Completed generation 172; 2.0s elapsed, 2.1s avg, 3.6e+02s total. Expected time remaining: 5.8e+01s
2020-07-30 16:34:45,479 - root - INFO - #172 MAX:accuracy.mean: 0.33
2020-07-30 16:34:45,521 - root - DEBUG - Sampled weight [-1.86006768  0.69488575 -0.97768752  0.11765982  0.95637809]
2020-07-30 16:34:46,665 - root - DEBUG - Updating hall of fame
2020-07-30 16:34:47,645 - root - INFO - Completed generation 173; 2.2s elapsed, 2.1s avg, 3.6e+02s total. Expected time remaining: 5.6e+01s
2020-07-30 16:34:47,701 - root - INFO - #173 MAX:accuracy.mean: 0.62
2020-07-30 16:34:47,745 - root - DEBUG - Sampled weight [ 0.80750412 -0.90023006  0.40401369 -1.15342137  0.22452627]
2020-07-30 16:34:48,879 - root - DEBUG - Updating hall of fame
2020-07-30 16:34:49,478 - root - INFO - Completed generation 174; 1.8s elapsed, 2.1s avg, 3.6e+02s total. Expected time remaining: 5.4e+01s
2020-07-30 16:34:49,533 - root - INFO - #174 MAX:accuracy.mean: 0.67
2020-07-30 16:34:49,577 - root - DEBUG - Sampled weight [1.43530168 1.48126217 1.36567242 1.93748987 0.34737703]
2020-07-30 16:34:50,719 - root - DEBUG - Updating hall of fame
2020-07-30 16:34:51,945 - root - INFO - Completed generation 175; 2.4s elapsed, 2.1s avg, 3.6e+02s total. Expected time remaining: 5.2e+01s
2020-07-30 16:34:52,000 - root - INFO - #175 MAX:accuracy.mean: 0.62
2020-07-30 16:34:52,044 - root - DEBUG - Sampled weight [ 1.46940182 -0.84156541 -0.56314811 -0.32947546  1.20186967]
2020-07-30 16:34:53,173 - root - DEBUG - Updating hall of fame
2020-07-30 16:34:55,153 - root - INFO - Completed generation 176; 3.2s elapsed, 2.1s avg, 3.7e+02s total. Expected time remaining: 5e+01s
2020-07-30 16:34:55,208 - root - INFO - #176 MAX:accuracy.mean: 0.66
2020-07-30 16:34:55,253 - root - DEBUG - Sampled weight [-0.42374284  1.86383256  1.63532411 -1.8884852   0.86594985]
2020-07-30 16:34:56,392 - root - DEBUG - Updating hall of fame
2020-07-30 16:34:58,257 - root - INFO - Completed generation 177; 3.0s elapsed, 2.1s avg, 3.7e+02s total. Expected time remaining: 4.8e+01s
2020-07-30 16:34:58,312 - root - INFO - #177 MAX:accuracy.mean: 0.65
2020-07-30 16:34:58,356 - root - DEBUG - Sampled weight [1.86610151 1.94785666 0.53756926 0.44798047 1.96599569]
2020-07-30 16:34:59,484 - root - DEBUG - Updating hall of fame
2020-07-30 16:35:01,259 - root - INFO - Completed generation 178; 2.9s elapsed, 2.1s avg, 3.7e+02s total. Expected time remaining: 4.6e+01s
2020-07-30 16:35:01,315 - root - INFO - #178 MAX:accuracy.mean: 0.63
2020-07-30 16:35:01,359 - root - DEBUG - Sampled weight [ 1.4964719   1.8405574  -0.68141442  1.76009638  1.83683594]
2020-07-30 16:35:02,499 - root - DEBUG - Updating hall of fame
2020-07-30 16:35:03,884 - root - INFO - Completed generation 179; 2.6s elapsed, 2.1s avg, 3.8e+02s total. Expected time remaining: 4.4e+01s
2020-07-30 16:35:03,939 - root - INFO - #179 MAX:accuracy.mean: 0.64
2020-07-30 16:35:03,982 - root - DEBUG - Sampled weight [ 0.98574099  0.40170402 -1.1033537   0.44707805 -0.1653152 ]
2020-07-30 16:35:05,101 - root - DEBUG - Updating hall of fame
2020-07-30 16:35:06,304 - root - INFO - Completed generation 180; 2.4s elapsed, 2.1s avg, 3.8e+02s total. Expected time remaining: 4.2e+01s
2020-07-30 16:35:06,357 - root - INFO - #180 MAX:accuracy.mean: 0.67
2020-07-30 16:35:06,481 - root - DEBUG - Sampled weight [-1.07520623  1.53363429  1.17036431  0.53975311  0.42000814]
2020-07-30 16:35:07,584 - root - DEBUG - Updating hall of fame
2020-07-30 16:35:08,589 - root - INFO - Completed generation 181; 2.2s elapsed, 2.1s avg, 3.8e+02s total. Expected time remaining: 4e+01s
2020-07-30 16:35:08,645 - root - INFO - #181 MAX:accuracy.mean: 0.64
2020-07-30 16:35:08,688 - root - DEBUG - Sampled weight [ 1.91223201  1.36589837  0.29623913 -0.23485142 -0.31459282]
2020-07-30 16:35:09,827 - root - DEBUG - Updating hall of fame
2020-07-30 16:35:11,046 - root - INFO - Completed generation 182; 2.4s elapsed, 2.1s avg, 3.8e+02s total. Expected time remaining: 3.8e+01s
2020-07-30 16:35:11,103 - root - INFO - #182 MAX:accuracy.mean: 0.67
2020-07-30 16:35:11,147 - root - DEBUG - Sampled weight [-1.32654077  0.8377875  -0.50550671  0.29655731 -0.75268466]
2020-07-30 16:35:12,295 - root - DEBUG - Updating hall of fame
2020-07-30 16:35:13,304 - root - INFO - Completed generation 183; 2.2s elapsed, 2.1s avg, 3.9e+02s total. Expected time remaining: 3.6e+01s
2020-07-30 16:35:13,360 - root - INFO - #183 MAX:accuracy.mean: 0.74
2020-07-30 16:35:13,405 - root - DEBUG - Sampled weight [ 0.62789904  0.89915899  0.7474533  -0.62463175 -0.23866793]
2020-07-30 16:35:14,534 - root - DEBUG - Updating hall of fame
2020-07-30 16:35:16,318 - root - INFO - Completed generation 184; 3.0s elapsed, 2.1s avg, 3.9e+02s total. Expected time remaining: 3.4e+01s
2020-07-30 16:35:16,375 - root - INFO - #184 MAX:accuracy.mean: 0.75
2020-07-30 16:35:16,420 - root - DEBUG - Sampled weight [-0.80156881  0.22754506  0.25594376  1.96817895  0.87316838]
2020-07-30 16:35:17,573 - root - DEBUG - Updating hall of fame
2020-07-30 16:35:19,555 - root - INFO - Completed generation 185; 3.2s elapsed, 2.1s avg, 3.9e+02s total. Expected time remaining: 3.2e+01s
2020-07-30 16:35:19,610 - root - INFO - #185 MAX:accuracy.mean: 0.67
2020-07-30 16:35:19,656 - root - DEBUG - Sampled weight [1.68676902 1.62673651 0.36053132 1.78570084 1.19663325]
2020-07-30 16:35:20,814 - root - DEBUG - Updating hall of fame
2020-07-30 16:35:22,049 - root - INFO - Completed generation 186; 2.4s elapsed, 2.1s avg, 3.9e+02s total. Expected time remaining: 3e+01s
2020-07-30 16:35:22,106 - root - INFO - #186 MAX:accuracy.mean: 0.67
2020-07-30 16:35:22,151 - root - DEBUG - Sampled weight [-1.54544286 -1.38387244  0.20430864  1.51531672  0.98235493]
2020-07-30 16:35:23,304 - root - DEBUG - Updating hall of fame
2020-07-30 16:35:24,905 - root - INFO - Completed generation 187; 2.8s elapsed, 2.1s avg, 4e+02s total. Expected time remaining: 2.8e+01s
2020-07-30 16:35:24,960 - root - INFO - #187 MAX:accuracy.mean: 0.65
2020-07-30 16:35:25,004 - root - DEBUG - Sampled weight [ 0.5166656  -0.12710059 -0.32124169  1.00529181 -1.73411777]
2020-07-30 16:35:26,154 - root - DEBUG - Updating hall of fame
2020-07-30 16:35:27,365 - root - INFO - Completed generation 188; 2.4s elapsed, 2.1s avg, 4e+02s total. Expected time remaining: 2.5e+01s
2020-07-30 16:35:27,422 - root - INFO - #188 MAX:accuracy.mean: 0.73
2020-07-30 16:35:27,467 - root - DEBUG - Sampled weight [ 1.11266938 -0.00907998  1.59423817 -0.87027977  0.56520613]
2020-07-30 16:35:28,629 - root - DEBUG - Updating hall of fame
2020-07-30 16:35:29,441 - root - INFO - Completed generation 189; 2.0s elapsed, 2.1s avg, 4e+02s total. Expected time remaining: 2.3e+01s
2020-07-30 16:35:29,497 - root - INFO - #189 MAX:accuracy.mean: 0.71
2020-07-30 16:35:29,543 - root - DEBUG - Sampled weight [-1.96883475  0.97901702 -1.06532478 -1.46977651  1.28219414]
2020-07-30 16:35:30,708 - root - DEBUG - Updating hall of fame
2020-07-30 16:35:31,332 - root - INFO - Completed generation 190; 1.8s elapsed, 2.1s avg, 4e+02s total. Expected time remaining: 2.1e+01s
2020-07-30 16:35:31,389 - root - INFO - #190 MAX:accuracy.mean: 0.75
2020-07-30 16:35:31,514 - root - DEBUG - Sampled weight [ 1.27491579 -1.1636605   1.20911601  1.75609768  1.21242887]
2020-07-30 16:35:32,693 - root - DEBUG - Updating hall of fame
2020-07-30 16:35:33,905 - root - INFO - Completed generation 191; 2.4s elapsed, 2.1s avg, 4.1e+02s total. Expected time remaining: 1.9e+01s
2020-07-30 16:35:33,962 - root - INFO - #191 MAX:accuracy.mean: 0.72
2020-07-30 16:35:34,007 - root - DEBUG - Sampled weight [-1.4151995   0.04952946  1.1562628   0.87006966 -1.75220463]
2020-07-30 16:35:35,095 - root - DEBUG - Updating hall of fame
2020-07-30 16:35:36,433 - root - INFO - Completed generation 192; 2.5s elapsed, 2.1s avg, 4.1e+02s total. Expected time remaining: 1.7e+01s
2020-07-30 16:35:36,488 - root - INFO - #192 MAX:accuracy.mean: 0.69
2020-07-30 16:35:36,531 - root - DEBUG - Sampled weight [-1.2970462  -0.33589476  1.0198914  -0.99426675 -0.0704554 ]
2020-07-30 16:35:37,654 - root - DEBUG - Updating hall of fame
2020-07-30 16:35:38,606 - root - INFO - Completed generation 193; 2.1s elapsed, 2.1s avg, 4.1e+02s total. Expected time remaining: 1.5e+01s
2020-07-30 16:35:38,657 - root - INFO - #193 MAX:accuracy.mean: 0.68
2020-07-30 16:35:38,699 - root - DEBUG - Sampled weight [ 1.71611827 -0.68957854 -0.69891491 -0.49494072  1.36204188]
2020-07-30 16:35:40,858 - root - DEBUG - Updating hall of fame
2020-07-30 16:35:41,554 - root - INFO - Completed generation 194; 2.9s elapsed, 2.1s avg, 4.1e+02s total. Expected time remaining: 1.3e+01s
2020-07-30 16:35:41,617 - root - INFO - #194 MAX:accuracy.mean: 0.68
2020-07-30 16:35:41,669 - root - DEBUG - Sampled weight [-1.39914173 -0.23977297  0.44105383 -0.0225384  -1.03058941]
2020-07-30 16:35:42,876 - root - DEBUG - Updating hall of fame
2020-07-30 16:35:43,463 - root - INFO - Completed generation 195; 1.8s elapsed, 2.1s avg, 4.1e+02s total. Expected time remaining: 1.1e+01s
2020-07-30 16:35:43,524 - root - INFO - #195 MAX:accuracy.mean: 0.67
2020-07-30 16:35:43,568 - root - DEBUG - Sampled weight [ 0.1818294  -1.90351969 -1.86369357 -0.90380635  1.39065981]
2020-07-30 16:35:44,692 - root - DEBUG - Updating hall of fame
2020-07-30 16:35:45,114 - root - INFO - Completed generation 196; 1.6s elapsed, 2.1s avg, 4.2e+02s total. Expected time remaining: 8.5s
2020-07-30 16:35:45,177 - root - INFO - #196 MAX:accuracy.mean: 0.76
2020-07-30 16:35:45,227 - root - DEBUG - Sampled weight [-0.04441989 -1.34291311  0.42685018  1.94064176 -0.80232572]
2020-07-30 16:35:46,386 - root - DEBUG - Updating hall of fame
2020-07-30 16:35:47,203 - root - INFO - Completed generation 197; 2.0s elapsed, 2.1s avg, 4.2e+02s total. Expected time remaining: 6.4s
2020-07-30 16:35:47,260 - root - INFO - #197 MAX:accuracy.mean: 0.74
2020-07-30 16:35:47,318 - root - DEBUG - Sampled weight [ 0.62032767  1.82589956 -1.91684319 -1.96359072  0.78384167]
2020-07-30 16:35:48,606 - root - DEBUG - Updating hall of fame
2020-07-30 16:35:49,442 - root - INFO - Completed generation 198; 2.2s elapsed, 2.1s avg, 4.2e+02s total. Expected time remaining: 4.2s
2020-07-30 16:35:49,500 - root - INFO - #198 MAX:accuracy.mean: 0.83
2020-07-30 16:35:49,546 - root - DEBUG - Sampled weight [-1.27086889 -1.11682081  1.72387499  1.45266472 -0.99758779]
2020-07-30 16:35:50,700 - root - DEBUG - Updating hall of fame
2020-07-30 16:35:51,333 - root - INFO - Completed generation 199; 1.8s elapsed, 2.1s avg, 4.2e+02s total. Expected time remaining: 2.1s
2020-07-30 16:35:51,391 - root - INFO - #199 MAX:accuracy.mean: 0.9
2020-07-30 16:35:51,436 - root - DEBUG - Sampled weight [-0.07893725 -1.7419939  -1.80538112  1.22792334  1.04580717]
2020-07-30 16:35:52,616 - root - DEBUG - Updating hall of fame
2020-07-30 16:35:54,308 - root - INFO - Completed generation 200; 2.9s elapsed, 2.1s avg, 4.3e+02s total. Expected time remaining: 0.0s
2020-07-30 16:35:54,365 - root - INFO - #200 MAX:accuracy.mean: 0.77
2020-07-30 16:35:54,563 - root - DEBUG - Loaded 150 samples.
2020-07-30 16:35:54,567 - root - INFO - Evaluating indivs in hall of fame.
2020-07-30 16:35:56,659 - root - INFO - Completed excution.
