2020-07-20 01:55:50,405 - root - INFO - Package version 0.1.1
2020-07-20 01:55:50,406 - root - INFO - Saving data at /vol/fob-vol1/mi15/plonerma/Lab/rewann/data/2020-07-20_Iris [0, 2, 4, 7, 8]; lognormal 0,0.5; signed: False_000.
2020-07-20 01:55:50,406 - root - DEBUG - Loading training dataset
2020-07-20 01:55:50,480 - root - DEBUG - Loaded 150 samples.
2020-07-20 01:55:50,480 - root - DEBUG - Running experiments with the following parameters:
debug = true
experiment_name = "Iris [0, 2, 4, 7, 8]; lognormal 0,0.5; signed: False"
experiment_path = "data/2020-07-20_Iris [0, 2, 4, 7, 8]; lognormal 0,0.5; signed: False_000"

[config]
num_workers = 1
debug = true
backend = "numpy"

[postopt]
run_postopt = true
compile_report = false
num_weights = 100
num_samples = -1

[sampling]
seed = 0
post_init_seed = false
distribution = "lognormal"
lower_bound = -2
upper_bound = 2
mean = 0
sigma = 0.5
num_weights_per_iteration = 5
num_samples_per_iteration = -1
hof_evaluation_iterations = 20

[task]
name = "iris"
sample_order_seed = 0
test_portion = 0.2
sample_length = 10
num_categories = 8

[storage]
data_base_path = "data"
log_filename = "execution.log"
commit_elite_freq = -1
commit_metrics_freq = 10

[population]
num_generations = 200
size = 100
initial_enabled_edge_prob = 0.05
initial_genes = "full"
hof_size = 10
enable_edge_signs = false
enabled_activation_funcs = [ 0, 2, 4, 7, 8,]

[selection]
use_tournaments = true
elite_ratio = 0.1
culling_ratio = 0.2
tournament_size = 5
objectives = [ "-log_loss.min", "-log_loss.mean", "-n_hidden",]
recorded_metrics = [ "accuracy", "kappa", "log_loss",]
hof_metric = "accuracy.mean"

[mutation.new_edge]
probability = 0.2
strategy = "layer_agnostic"
propability = 0.2

[mutation.new_node]
probability = 0.25
propability = 0.3

[mutation.reenable_edge]
probability = 0.05
propability = 0.1

[mutation.change_activation]
probability = 0.5
propability = 0.4

[mutation.change_edge_sign]
probability = 0.2

[mutation.new_recurrent_edge]
probability = 0.2
strategy = "any"

2020-07-20 01:55:50,490 - root - INFO - Starting evolutionary algorithm
2020-07-20 01:55:50,506 - root - DEBUG - Sampled weight [1.8417063  0.90808171 0.98347836 0.46514702 1.10887419]
2020-07-20 01:55:51,547 - root - DEBUG - Updating hall of fame
2020-07-20 01:55:53,440 - root - INFO - Completed generation 1; 2.9s elapsed, 2.9s avg, 2.9s total. Expected time remaining: 5.9e+02s
2020-07-20 01:55:53,493 - root - INFO - #1 MAX:accuracy.mean: 0.67
2020-07-20 01:55:53,532 - root - DEBUG - Sampled weight [0.85989404 0.56567456 1.11892455 0.77789307 1.98937588]
2020-07-20 01:55:54,573 - root - DEBUG - Updating hall of fame
2020-07-20 01:55:56,398 - root - INFO - Completed generation 2; 2.9s elapsed, 2.9s avg, 5.9s total. Expected time remaining: 5.8e+02s
2020-07-20 01:55:56,449 - root - INFO - #2 MAX:accuracy.mean: 0.67
2020-07-20 01:55:56,490 - root - DEBUG - Sampled weight [0.42445143 1.22450923 0.49390521 1.08595129 0.86583084]
2020-07-20 01:55:57,534 - root - DEBUG - Updating hall of fame
2020-07-20 01:55:59,355 - root - INFO - Completed generation 3; 2.9s elapsed, 2.9s avg, 8.8s total. Expected time remaining: 5.8e+02s
2020-07-20 01:55:59,406 - root - INFO - #3 MAX:accuracy.mean: 0.67
2020-07-20 01:55:59,446 - root - DEBUG - Sampled weight [1.96543144 0.69137093 0.63388721 1.75234287 2.00655379]
2020-07-20 01:56:00,502 - root - DEBUG - Updating hall of fame
2020-07-20 01:56:02,434 - root - INFO - Completed generation 4; 3.0s elapsed, 2.9s avg, 1.2e+01s total. Expected time remaining: 5.8e+02s
2020-07-20 01:56:02,489 - root - INFO - #4 MAX:accuracy.mean: 0.67
2020-07-20 01:56:02,531 - root - DEBUG - Sampled weight [1.00022706 1.63630606 0.95354401 1.12230291 1.32013864]
2020-07-20 01:56:03,656 - root - DEBUG - Updating hall of fame
2020-07-20 01:56:05,668 - root - INFO - Completed generation 5; 3.2s elapsed, 3.0s avg, 1.5e+01s total. Expected time remaining: 5.8e+02s
2020-07-20 01:56:05,723 - root - INFO - #5 MAX:accuracy.mean: 0.67
2020-07-20 01:56:05,766 - root - DEBUG - Sampled weight [2.52083978 0.67337917 0.49597987 1.09453287 1.16962027]
2020-07-20 01:56:06,904 - root - DEBUG - Updating hall of fame
2020-07-20 01:56:08,688 - root - INFO - Completed generation 6; 3.0s elapsed, 3.0s avg, 1.8e+01s total. Expected time remaining: 5.8e+02s
2020-07-20 01:56:08,744 - root - INFO - #6 MAX:accuracy.mean: 0.67
2020-07-20 01:56:08,787 - root - DEBUG - Sampled weight [0.79471696 2.28173816 0.60167139 1.88670726 1.00066492]
2020-07-20 01:56:09,914 - root - DEBUG - Updating hall of fame
2020-07-20 01:56:11,196 - root - INFO - Completed generation 7; 2.5s elapsed, 2.9s avg, 2e+01s total. Expected time remaining: 5.6e+02s
2020-07-20 01:56:11,247 - root - INFO - #7 MAX:accuracy.mean: 0.67
2020-07-20 01:56:11,288 - root - DEBUG - Sampled weight [1.14549551 0.42165051 1.24823432 0.70301319 1.30505596]
2020-07-20 01:56:12,339 - root - DEBUG - Updating hall of fame
2020-07-20 01:56:13,615 - root - INFO - Completed generation 8; 2.4s elapsed, 2.8s avg, 2.3e+01s total. Expected time remaining: 5.5e+02s
2020-07-20 01:56:13,667 - root - INFO - #8 MAX:accuracy.mean: 0.67
2020-07-20 01:56:13,707 - root - DEBUG - Sampled weight [0.9579109  0.45153699 0.72492514 0.76289398 1.99311449]
2020-07-20 01:56:14,766 - root - DEBUG - Updating hall of fame
2020-07-20 01:56:14,952 - root - INFO - Completed generation 9; 1.3s elapsed, 2.7s avg, 2.4e+01s total. Expected time remaining: 5.1e+02s
2020-07-20 01:56:15,003 - root - INFO - #9 MAX:accuracy.mean: 0.69
2020-07-20 01:56:15,042 - root - DEBUG - Sampled weight [2.49035942 1.27894929 1.00104311 1.46204139 2.18555899]
2020-07-20 01:56:16,097 - root - DEBUG - Updating hall of fame
2020-07-20 01:56:16,281 - root - INFO - Completed generation 10; 1.3s elapsed, 2.5s avg, 2.5e+01s total. Expected time remaining: 4.8e+02s
2020-07-20 01:56:16,332 - root - INFO - #10 MAX:accuracy.mean: 0.67
2020-07-20 01:56:16,410 - root - DEBUG - Sampled weight [0.94772674 0.95761993 0.6471854  0.60741314 1.32964906]
2020-07-20 01:56:17,462 - root - DEBUG - Updating hall of fame
2020-07-20 01:56:18,557 - root - INFO - Completed generation 11; 2.2s elapsed, 2.5s avg, 2.8e+01s total. Expected time remaining: 4.7e+02s
2020-07-20 01:56:18,608 - root - INFO - #11 MAX:accuracy.mean: 0.67
2020-07-20 01:56:18,648 - root - DEBUG - Sampled weight [0.95552044 1.89709969 1.10890173 1.72652922 1.19878885]
2020-07-20 01:56:19,707 - root - DEBUG - Updating hall of fame
2020-07-20 01:56:20,263 - root - INFO - Completed generation 12; 1.7s elapsed, 2.4s avg, 2.9e+01s total. Expected time remaining: 4.6e+02s
2020-07-20 01:56:20,314 - root - INFO - #12 MAX:accuracy.mean: 0.68
2020-07-20 01:56:20,355 - root - DEBUG - Sampled weight [0.27372621 0.51907561 0.93187693 0.43417501 0.4983167 ]
2020-07-20 01:56:21,405 - root - DEBUG - Updating hall of fame
2020-07-20 01:56:22,875 - root - INFO - Completed generation 13; 2.6s elapsed, 2.4s avg, 3.2e+01s total. Expected time remaining: 4.6e+02s
2020-07-20 01:56:22,927 - root - INFO - #13 MAX:accuracy.mean: 0.67
2020-07-20 01:56:22,968 - root - DEBUG - Sampled weight [1.61755949 0.78253958 1.97727271 0.89706707 1.41784704]
2020-07-20 01:56:24,025 - root - DEBUG - Updating hall of fame
2020-07-20 01:56:24,774 - root - INFO - Completed generation 14; 1.8s elapsed, 2.4s avg, 3.4e+01s total. Expected time remaining: 4.5e+02s
2020-07-20 01:56:24,825 - root - INFO - #14 MAX:accuracy.mean: 0.67
2020-07-20 01:56:24,865 - root - DEBUG - Sampled weight [1.13516631 0.79491382 0.61055685 1.19883337 0.58478907]
2020-07-20 01:56:25,919 - root - DEBUG - Updating hall of fame
2020-07-20 01:56:27,382 - root - INFO - Completed generation 15; 2.6s elapsed, 2.4s avg, 3.6e+01s total. Expected time remaining: 4.5e+02s
2020-07-20 01:56:27,434 - root - INFO - #15 MAX:accuracy.mean: 0.67
2020-07-20 01:56:27,474 - root - DEBUG - Sampled weight [0.91703857 1.43165611 0.66086498 1.3282271  0.93524239]
2020-07-20 01:56:28,529 - root - DEBUG - Updating hall of fame
2020-07-20 01:56:29,107 - root - INFO - Completed generation 16; 1.7s elapsed, 2.4s avg, 3.8e+01s total. Expected time remaining: 4.3e+02s
2020-07-20 01:56:29,158 - root - INFO - #16 MAX:accuracy.mean: 0.67
2020-07-20 01:56:29,198 - root - DEBUG - Sampled weight [1.28591136 0.5396161  0.89182622 0.39954683 0.57354312]
2020-07-20 01:56:30,259 - root - DEBUG - Updating hall of fame
2020-07-20 01:56:31,199 - root - INFO - Completed generation 17; 2.0s elapsed, 2.3s avg, 4e+01s total. Expected time remaining: 4.3e+02s
2020-07-20 01:56:31,250 - root - INFO - #17 MAX:accuracy.mean: 0.71
2020-07-20 01:56:31,289 - root - DEBUG - Sampled weight [1.01848309 1.95080737 0.72775709 1.71190671 1.0808207 ]
2020-07-20 01:56:32,340 - root - DEBUG - Updating hall of fame
2020-07-20 01:56:33,088 - root - INFO - Completed generation 18; 1.8s elapsed, 2.3s avg, 4.2e+01s total. Expected time remaining: 4.2e+02s
2020-07-20 01:56:33,140 - root - INFO - #18 MAX:accuracy.mean: 0.67
2020-07-20 01:56:33,179 - root - DEBUG - Sampled weight [2.12815726 2.24780341 0.36572863 0.80448628 0.57015263]
2020-07-20 01:56:34,233 - root - DEBUG - Updating hall of fame
2020-07-20 01:56:35,531 - root - INFO - Completed generation 19; 2.4s elapsed, 2.3s avg, 4.4e+01s total. Expected time remaining: 4.2e+02s
2020-07-20 01:56:35,582 - root - INFO - #19 MAX:accuracy.mean: 0.67
2020-07-20 01:56:35,622 - root - DEBUG - Sampled weight [1.1108188  1.25009843 0.37583487 0.4884874  1.04116285]
2020-07-20 01:56:36,682 - root - DEBUG - Updating hall of fame
2020-07-20 01:56:37,642 - root - INFO - Completed generation 20; 2.1s elapsed, 2.3s avg, 4.6e+01s total. Expected time remaining: 4.2e+02s
2020-07-20 01:56:37,693 - root - INFO - #20 MAX:accuracy.mean: 0.67
2020-07-20 01:56:37,776 - root - DEBUG - Sampled weight [1.2302461  1.08417593 3.30974513 1.43796892 0.73403078]
2020-07-20 01:56:38,833 - root - DEBUG - Updating hall of fame
2020-07-20 01:56:39,783 - root - INFO - Completed generation 21; 2.0s elapsed, 2.3s avg, 4.8e+01s total. Expected time remaining: 4.1e+02s
2020-07-20 01:56:39,834 - root - INFO - #21 MAX:accuracy.mean: 0.67
2020-07-20 01:56:39,873 - root - DEBUG - Sampled weight [0.62884508 0.88398587 0.64961048 1.54480261 1.21986469]
2020-07-20 01:56:40,933 - root - DEBUG - Updating hall of fame
2020-07-20 01:56:41,872 - root - INFO - Completed generation 22; 2.0s elapsed, 2.3s avg, 5e+01s total. Expected time remaining: 4.1e+02s
2020-07-20 01:56:41,923 - root - INFO - #22 MAX:accuracy.mean: 0.67
2020-07-20 01:56:41,964 - root - DEBUG - Sampled weight [0.58494634 1.00470664 0.81748553 0.98907611 0.79553594]
2020-07-20 01:56:43,017 - root - DEBUG - Updating hall of fame
2020-07-20 01:56:43,777 - root - INFO - Completed generation 23; 1.9s elapsed, 2.3s avg, 5.2e+01s total. Expected time remaining: 4e+02s
2020-07-20 01:56:43,828 - root - INFO - #23 MAX:accuracy.mean: 0.67
2020-07-20 01:56:43,868 - root - DEBUG - Sampled weight [0.82867468 1.57996761 0.54029237 1.05917028 0.81097374]
2020-07-20 01:56:44,922 - root - DEBUG - Updating hall of fame
2020-07-20 01:56:45,663 - root - INFO - Completed generation 24; 1.8s elapsed, 2.2s avg, 5.4e+01s total. Expected time remaining: 4e+02s
2020-07-20 01:56:45,714 - root - INFO - #24 MAX:accuracy.mean: 0.86
2020-07-20 01:56:45,755 - root - DEBUG - Sampled weight [1.09152648 0.68075773 0.89895194 0.54272166 0.76447957]
2020-07-20 01:56:46,806 - root - DEBUG - Updating hall of fame
2020-07-20 01:56:47,366 - root - INFO - Completed generation 25; 1.7s elapsed, 2.2s avg, 5.6e+01s total. Expected time remaining: 3.9e+02s
2020-07-20 01:56:47,417 - root - INFO - #25 MAX:accuracy.mean: 0.86
2020-07-20 01:56:47,459 - root - DEBUG - Sampled weight [0.49792701 0.96061517 0.44822485 0.75921598 1.37906323]
2020-07-20 01:56:48,520 - root - DEBUG - Updating hall of fame
2020-07-20 01:56:49,081 - root - INFO - Completed generation 26; 1.7s elapsed, 2.2s avg, 5.7e+01s total. Expected time remaining: 3.8e+02s
2020-07-20 01:56:49,132 - root - INFO - #26 MAX:accuracy.mean: 0.86
2020-07-20 01:56:49,172 - root - DEBUG - Sampled weight [1.3308123  0.85862519 1.08812874 0.91321107 1.41936313]
2020-07-20 01:56:50,227 - root - DEBUG - Updating hall of fame
2020-07-20 01:56:50,423 - root - INFO - Completed generation 27; 1.3s elapsed, 2.2s avg, 5.9e+01s total. Expected time remaining: 3.7e+02s
2020-07-20 01:56:50,474 - root - INFO - #27 MAX:accuracy.mean: 0.86
2020-07-20 01:56:50,515 - root - DEBUG - Sampled weight [0.97844848 0.74613448 1.52698345 0.9482572  1.46959381]
2020-07-20 01:56:51,572 - root - DEBUG - Updating hall of fame
2020-07-20 01:56:52,483 - root - INFO - Completed generation 28; 2.0s elapsed, 2.2s avg, 6.1e+01s total. Expected time remaining: 3.7e+02s
2020-07-20 01:56:52,534 - root - INFO - #28 MAX:accuracy.mean: 0.67
2020-07-20 01:56:52,574 - root - DEBUG - Sampled weight [1.35809096 1.20046511 0.76453263 0.80286451 0.34221725]
2020-07-20 01:56:53,631 - root - DEBUG - Updating hall of fame
2020-07-20 01:56:54,756 - root - INFO - Completed generation 29; 2.2s elapsed, 2.2s avg, 6.3e+01s total. Expected time remaining: 3.7e+02s
2020-07-20 01:56:54,807 - root - INFO - #29 MAX:accuracy.mean: 0.67
2020-07-20 01:56:54,847 - root - DEBUG - Sampled weight [1.0371713  0.68026728 0.51260164 1.33405821 1.14212316]
2020-07-20 01:56:55,902 - root - DEBUG - Updating hall of fame
2020-07-20 01:56:56,287 - root - INFO - Completed generation 30; 1.5s elapsed, 2.1s avg, 6.4e+01s total. Expected time remaining: 3.6e+02s
2020-07-20 01:56:56,338 - root - INFO - #30 MAX:accuracy.mean: 0.71
2020-07-20 01:56:56,448 - root - DEBUG - Sampled weight [0.5572577  1.04905114 0.37442756 1.52582317 0.58745869]
2020-07-20 01:56:57,505 - root - DEBUG - Updating hall of fame
2020-07-20 01:56:58,439 - root - INFO - Completed generation 31; 2.0s elapsed, 2.1s avg, 6.6e+01s total. Expected time remaining: 3.6e+02s
2020-07-20 01:56:58,490 - root - INFO - #31 MAX:accuracy.mean: 0.67
2020-07-20 01:56:58,530 - root - DEBUG - Sampled weight [0.80524114 0.31715124 1.54790967 1.23317586 1.0806621 ]
2020-07-20 01:56:59,584 - root - DEBUG - Updating hall of fame
2020-07-20 01:57:00,154 - root - INFO - Completed generation 32; 1.7s elapsed, 2.1s avg, 6.8e+01s total. Expected time remaining: 3.6e+02s
2020-07-20 01:57:00,206 - root - INFO - #32 MAX:accuracy.mean: 0.67
2020-07-20 01:57:00,245 - root - DEBUG - Sampled weight [2.97478408 1.27741421 1.08446667 2.08864171 0.32355801]
2020-07-20 01:57:01,302 - root - DEBUG - Updating hall of fame
2020-07-20 01:57:02,451 - root - INFO - Completed generation 33; 2.2s elapsed, 2.1s avg, 7e+01s total. Expected time remaining: 3.6e+02s
2020-07-20 01:57:02,502 - root - INFO - #33 MAX:accuracy.mean: 0.67
2020-07-20 01:57:02,543 - root - DEBUG - Sampled weight [0.59323366 1.74837623 1.81760837 0.94576868 2.91430705]
2020-07-20 01:57:03,599 - root - DEBUG - Updating hall of fame
2020-07-20 01:57:04,146 - root - INFO - Completed generation 34; 1.6s elapsed, 2.1s avg, 7.2e+01s total. Expected time remaining: 3.5e+02s
2020-07-20 01:57:04,198 - root - INFO - #34 MAX:accuracy.mean: 0.67
2020-07-20 01:57:04,238 - root - DEBUG - Sampled weight [1.04528771 1.70423044 1.04090269 1.66842603 1.42661582]
2020-07-20 01:57:05,292 - root - DEBUG - Updating hall of fame
2020-07-20 01:57:06,035 - root - INFO - Completed generation 35; 1.8s elapsed, 2.1s avg, 7.4e+01s total. Expected time remaining: 3.5e+02s
2020-07-20 01:57:06,086 - root - INFO - #35 MAX:accuracy.mean: 0.78
2020-07-20 01:57:06,127 - root - DEBUG - Sampled weight [1.23410219 1.36481136 2.02813656 2.50404382 0.92814214]
2020-07-20 01:57:07,178 - root - DEBUG - Updating hall of fame
2020-07-20 01:57:07,907 - root - INFO - Completed generation 36; 1.8s elapsed, 2.1s avg, 7.5e+01s total. Expected time remaining: 3.4e+02s
2020-07-20 01:57:07,958 - root - INFO - #36 MAX:accuracy.mean: 0.69
2020-07-20 01:57:07,998 - root - DEBUG - Sampled weight [1.36183836 0.72309926 2.88521611 1.45072988 0.60188952]
2020-07-20 01:57:09,049 - root - DEBUG - Updating hall of fame
2020-07-20 01:57:09,783 - root - INFO - Completed generation 37; 1.8s elapsed, 2.1s avg, 7.7e+01s total. Expected time remaining: 3.4e+02s
2020-07-20 01:57:09,835 - root - INFO - #37 MAX:accuracy.mean: 0.72
2020-07-20 01:57:09,875 - root - DEBUG - Sampled weight [1.09320451 0.82502021 1.11548781 1.65889838 1.33950152]
2020-07-20 01:57:10,930 - root - DEBUG - Updating hall of fame
2020-07-20 01:57:11,675 - root - INFO - Completed generation 38; 1.8s elapsed, 2.1s avg, 7.9e+01s total. Expected time remaining: 3.4e+02s
2020-07-20 01:57:11,726 - root - INFO - #38 MAX:accuracy.mean: 0.71
2020-07-20 01:57:11,767 - root - DEBUG - Sampled weight [2.01778275 0.86106971 1.47688295 0.37651828 0.55921435]
2020-07-20 01:57:12,821 - root - DEBUG - Updating hall of fame
2020-07-20 01:57:13,943 - root - INFO - Completed generation 39; 2.2s elapsed, 2.1s avg, 8.1e+01s total. Expected time remaining: 3.4e+02s
2020-07-20 01:57:14,027 - root - INFO - #39 MAX:accuracy.mean: 0.74
2020-07-20 01:57:14,068 - root - DEBUG - Sampled weight [0.97241268 3.66224249 0.94114543 1.02306744 1.65772864]
2020-07-20 01:57:15,130 - root - DEBUG - Updating hall of fame
2020-07-20 01:57:16,071 - root - INFO - Completed generation 40; 2.0s elapsed, 2.1s avg, 8.3e+01s total. Expected time remaining: 3.3e+02s
2020-07-20 01:57:16,124 - root - INFO - #40 MAX:accuracy.mean: 0.83
2020-07-20 01:57:16,218 - root - DEBUG - Sampled weight [0.73188428 0.56212609 2.99818657 1.10127349 1.10541857]
2020-07-20 01:57:17,275 - root - DEBUG - Updating hall of fame
2020-07-20 01:57:18,237 - root - INFO - Completed generation 41; 2.1s elapsed, 2.1s avg, 8.5e+01s total. Expected time remaining: 3.3e+02s
2020-07-20 01:57:18,289 - root - INFO - #41 MAX:accuracy.mean: 0.74
2020-07-20 01:57:18,329 - root - DEBUG - Sampled weight [1.00163237 1.44186805 1.07825282 0.4076122  0.73605323]
2020-07-20 01:57:19,389 - root - DEBUG - Updating hall of fame
2020-07-20 01:57:19,963 - root - INFO - Completed generation 42; 1.7s elapsed, 2.1s avg, 8.7e+01s total. Expected time remaining: 3.3e+02s
2020-07-20 01:57:20,015 - root - INFO - #42 MAX:accuracy.mean: 0.74
2020-07-20 01:57:20,055 - root - DEBUG - Sampled weight [0.94455946 0.92461704 1.4664988  1.16715298 0.74479362]
2020-07-20 01:57:21,105 - root - DEBUG - Updating hall of fame
2020-07-20 01:57:22,046 - root - INFO - Completed generation 43; 2.0s elapsed, 2.1s avg, 8.9e+01s total. Expected time remaining: 3.3e+02s
2020-07-20 01:57:22,097 - root - INFO - #43 MAX:accuracy.mean: 0.73
2020-07-20 01:57:22,138 - root - DEBUG - Sampled weight [1.48197411 0.31477005 0.63484294 2.29704104 1.71272165]
2020-07-20 01:57:23,192 - root - DEBUG - Updating hall of fame
2020-07-20 01:57:24,310 - root - INFO - Completed generation 44; 2.2s elapsed, 2.1s avg, 9.1e+01s total. Expected time remaining: 3.2e+02s
2020-07-20 01:57:24,361 - root - INFO - #44 MAX:accuracy.mean: 0.74
2020-07-20 01:57:24,401 - root - DEBUG - Sampled weight [0.87792315 2.52229224 0.69924837 1.19747129 1.14829146]
2020-07-20 01:57:25,459 - root - DEBUG - Updating hall of fame
2020-07-20 01:57:26,210 - root - INFO - Completed generation 45; 1.8s elapsed, 2.1s avg, 9.3e+01s total. Expected time remaining: 3.2e+02s
2020-07-20 01:57:26,261 - root - INFO - #45 MAX:accuracy.mean: 0.77
2020-07-20 01:57:26,301 - root - DEBUG - Sampled weight [0.5098758  0.63266237 0.51101979 0.35617257 0.72869656]
2020-07-20 01:57:27,356 - root - DEBUG - Updating hall of fame
2020-07-20 01:57:28,299 - root - INFO - Completed generation 46; 2.0s elapsed, 2.1s avg, 9.5e+01s total. Expected time remaining: 3.2e+02s
2020-07-20 01:57:28,351 - root - INFO - #46 MAX:accuracy.mean: 0.74
2020-07-20 01:57:28,391 - root - DEBUG - Sampled weight [1.06191109 1.29053483 0.64459492 0.76568391 0.61263115]
2020-07-20 01:57:29,446 - root - DEBUG - Updating hall of fame
2020-07-20 01:57:30,014 - root - INFO - Completed generation 47; 1.7s elapsed, 2.1s avg, 9.7e+01s total. Expected time remaining: 3.2e+02s
2020-07-20 01:57:30,065 - root - INFO - #47 MAX:accuracy.mean: 0.73
2020-07-20 01:57:30,106 - root - DEBUG - Sampled weight [1.31779831 0.81543105 1.90273317 1.33094452 0.48731387]
2020-07-20 01:57:31,153 - root - DEBUG - Updating hall of fame
2020-07-20 01:57:32,084 - root - INFO - Completed generation 48; 2.0s elapsed, 2.1s avg, 9.9e+01s total. Expected time remaining: 3.1e+02s
2020-07-20 01:57:32,135 - root - INFO - #48 MAX:accuracy.mean: 0.74
2020-07-20 01:57:32,176 - root - DEBUG - Sampled weight [0.71804816 0.69307647 1.2853069  0.63996366 0.90772619]
2020-07-20 01:57:33,228 - root - DEBUG - Updating hall of fame
2020-07-20 01:57:33,984 - root - INFO - Completed generation 49; 1.8s elapsed, 2.1s avg, 1e+02s total. Expected time remaining: 3.1e+02s
2020-07-20 01:57:34,035 - root - INFO - #49 MAX:accuracy.mean: 0.74
2020-07-20 01:57:34,075 - root - DEBUG - Sampled weight [0.87705132 1.47855796 0.54752925 0.93631865 0.61558501]
2020-07-20 01:57:35,126 - root - DEBUG - Updating hall of fame
2020-07-20 01:57:36,058 - root - INFO - Completed generation 50; 2.0s elapsed, 2.1s avg, 1e+02s total. Expected time remaining: 3.1e+02s
2020-07-20 01:57:36,109 - root - INFO - #50 MAX:accuracy.mean: 0.74
2020-07-20 01:57:36,196 - root - DEBUG - Sampled weight [1.76931322 1.32300565 1.38214191 1.42253096 1.22533396]
2020-07-20 01:57:37,251 - root - DEBUG - Updating hall of fame
2020-07-20 01:57:37,819 - root - INFO - Completed generation 51; 1.7s elapsed, 2.0s avg, 1e+02s total. Expected time remaining: 3.1e+02s
2020-07-20 01:57:37,870 - root - INFO - #51 MAX:accuracy.mean: 0.75
2020-07-20 01:57:37,910 - root - DEBUG - Sampled weight [1.21591183 2.18891072 0.66355198 0.87703105 1.01803173]
2020-07-20 01:57:38,972 - root - DEBUG - Updating hall of fame
2020-07-20 01:57:40,258 - root - INFO - Completed generation 52; 2.4s elapsed, 2.1s avg, 1.1e+02s total. Expected time remaining: 3e+02s
2020-07-20 01:57:40,309 - root - INFO - #52 MAX:accuracy.mean: 0.69
2020-07-20 01:57:40,349 - root - DEBUG - Sampled weight [1.31114179 1.08708068 0.87189179 0.72038083 0.714703  ]
2020-07-20 01:57:41,407 - root - DEBUG - Updating hall of fame
2020-07-20 01:57:41,607 - root - INFO - Completed generation 53; 1.3s elapsed, 2.0s avg, 1.1e+02s total. Expected time remaining: 3e+02s
2020-07-20 01:57:41,658 - root - INFO - #53 MAX:accuracy.mean: 0.69
2020-07-20 01:57:41,699 - root - DEBUG - Sampled weight [0.96829693 0.8133696  2.09620987 0.76055709 1.5033762 ]
2020-07-20 01:57:42,760 - root - DEBUG - Updating hall of fame
2020-07-20 01:57:43,501 - root - INFO - Completed generation 54; 1.8s elapsed, 2.0s avg, 1.1e+02s total. Expected time remaining: 3e+02s
2020-07-20 01:57:43,553 - root - INFO - #54 MAX:accuracy.mean: 0.69
2020-07-20 01:57:43,594 - root - DEBUG - Sampled weight [1.74926941 0.4536893  0.51916302 0.88219341 0.60446165]
2020-07-20 01:57:44,661 - root - DEBUG - Updating hall of fame
2020-07-20 01:57:45,406 - root - INFO - Completed generation 55; 1.9s elapsed, 2.0s avg, 1.1e+02s total. Expected time remaining: 2.9e+02s
2020-07-20 01:57:45,458 - root - INFO - #55 MAX:accuracy.mean: 0.76
2020-07-20 01:57:45,499 - root - DEBUG - Sampled weight [0.87198217 2.42580776 0.46878411 1.09478286 1.12508309]
2020-07-20 01:57:46,551 - root - DEBUG - Updating hall of fame
2020-07-20 01:57:46,744 - root - INFO - Completed generation 56; 1.3s elapsed, 2.0s avg, 1.1e+02s total. Expected time remaining: 2.9e+02s
2020-07-20 01:57:46,795 - root - INFO - #56 MAX:accuracy.mean: 0.69
2020-07-20 01:57:46,835 - root - DEBUG - Sampled weight [1.40609825 1.11001287 3.11053142 0.6263383  0.84383139]
2020-07-20 01:57:47,894 - root - DEBUG - Updating hall of fame
2020-07-20 01:57:48,637 - root - INFO - Completed generation 57; 1.8s elapsed, 2.0s avg, 1.1e+02s total. Expected time remaining: 2.9e+02s
2020-07-20 01:57:48,688 - root - INFO - #57 MAX:accuracy.mean: 0.7
2020-07-20 01:57:48,728 - root - DEBUG - Sampled weight [0.66934355 0.57533925 0.64860389 0.26593678 0.6336487 ]
2020-07-20 01:57:49,779 - root - DEBUG - Updating hall of fame
2020-07-20 01:57:50,155 - root - INFO - Completed generation 58; 1.5s elapsed, 2.0s avg, 1.2e+02s total. Expected time remaining: 2.9e+02s
2020-07-20 01:57:50,207 - root - INFO - #58 MAX:accuracy.mean: 0.68
2020-07-20 01:57:50,247 - root - DEBUG - Sampled weight [1.15376432 1.57573727 0.89230814 0.62609718 0.7415327 ]
2020-07-20 01:57:51,295 - root - DEBUG - Updating hall of fame
2020-07-20 01:57:51,672 - root - INFO - Completed generation 59; 1.5s elapsed, 2.0s avg, 1.2e+02s total. Expected time remaining: 2.8e+02s
2020-07-20 01:57:51,723 - root - INFO - #59 MAX:accuracy.mean: 0.75
2020-07-20 01:57:51,764 - root - DEBUG - Sampled weight [1.05871777 0.85096259 1.02554884 0.75881764 0.90267117]
2020-07-20 01:57:52,822 - root - DEBUG - Updating hall of fame
2020-07-20 01:57:53,382 - root - INFO - Completed generation 60; 1.7s elapsed, 2.0s avg, 1.2e+02s total. Expected time remaining: 2.8e+02s
2020-07-20 01:57:53,434 - root - INFO - #60 MAX:accuracy.mean: 0.71
2020-07-20 01:57:53,517 - root - DEBUG - Sampled weight [0.36907954 0.71809595 0.76233472 0.72503596 0.71584187]
2020-07-20 01:57:54,587 - root - DEBUG - Updating hall of fame
2020-07-20 01:57:55,342 - root - INFO - Completed generation 61; 1.9s elapsed, 2.0s avg, 1.2e+02s total. Expected time remaining: 2.8e+02s
2020-07-20 01:57:55,393 - root - INFO - #61 MAX:accuracy.mean: 0.68
2020-07-20 01:57:55,433 - root - DEBUG - Sampled weight [1.17315004 0.40176899 0.64836458 1.00759136 1.10828   ]
2020-07-20 01:57:56,487 - root - DEBUG - Updating hall of fame
2020-07-20 01:57:56,859 - root - INFO - Completed generation 62; 1.5s elapsed, 2.0s avg, 1.2e+02s total. Expected time remaining: 2.7e+02s
2020-07-20 01:57:56,911 - root - INFO - #62 MAX:accuracy.mean: 0.68
2020-07-20 01:57:56,951 - root - DEBUG - Sampled weight [1.69214412 1.51958384 2.37497416 2.01522876 1.44451919]
2020-07-20 01:57:58,009 - root - DEBUG - Updating hall of fame
2020-07-20 01:57:58,566 - root - INFO - Completed generation 63; 1.7s elapsed, 2.0s avg, 1.2e+02s total. Expected time remaining: 2.7e+02s
2020-07-20 01:57:58,618 - root - INFO - #63 MAX:accuracy.mean: 0.68
2020-07-20 01:57:58,657 - root - DEBUG - Sampled weight [0.75305246 0.39306629 1.0410573  0.68946237 0.60919546]
2020-07-20 01:57:59,710 - root - DEBUG - Updating hall of fame
2020-07-20 01:58:00,806 - root - INFO - Completed generation 64; 2.2s elapsed, 2.0s avg, 1.3e+02s total. Expected time remaining: 2.7e+02s
2020-07-20 01:58:00,857 - root - INFO - #64 MAX:accuracy.mean: 0.67
2020-07-20 01:58:00,897 - root - DEBUG - Sampled weight [0.79507805 0.53584261 0.89882499 0.87409113 2.83425631]
2020-07-20 01:58:01,955 - root - DEBUG - Updating hall of fame
2020-07-20 01:58:02,540 - root - INFO - Completed generation 65; 1.7s elapsed, 2.0s avg, 1.3e+02s total. Expected time remaining: 2.7e+02s
2020-07-20 01:58:02,595 - root - INFO - #65 MAX:accuracy.mean: 0.67
2020-07-20 01:58:02,638 - root - DEBUG - Sampled weight [0.70989084 1.54964346 1.17047911 1.35291576 0.6477119 ]
2020-07-20 01:58:03,771 - root - DEBUG - Updating hall of fame
2020-07-20 01:58:04,162 - root - INFO - Completed generation 66; 1.6s elapsed, 2.0s avg, 1.3e+02s total. Expected time remaining: 2.6e+02s
2020-07-20 01:58:04,217 - root - INFO - #66 MAX:accuracy.mean: 0.67
2020-07-20 01:58:04,260 - root - DEBUG - Sampled weight [0.33280096 0.8605327  1.24665796 1.38006037 1.29414551]
2020-07-20 01:58:05,400 - root - DEBUG - Updating hall of fame
2020-07-20 01:58:06,169 - root - INFO - Completed generation 67; 2.0s elapsed, 2.0s avg, 1.3e+02s total. Expected time remaining: 2.6e+02s
2020-07-20 01:58:06,221 - root - INFO - #67 MAX:accuracy.mean: 0.68
2020-07-20 01:58:06,262 - root - DEBUG - Sampled weight [0.39390174 1.23238327 1.25814962 1.01727673 6.02237167]
2020-07-20 01:58:07,315 - root - DEBUG - Updating hall of fame
2020-07-20 01:58:08,041 - root - INFO - Completed generation 68; 1.8s elapsed, 2.0s avg, 1.3e+02s total. Expected time remaining: 2.6e+02s
2020-07-20 01:58:08,092 - root - INFO - #68 MAX:accuracy.mean: 0.67
2020-07-20 01:58:08,133 - root - DEBUG - Sampled weight [0.67437757 0.65229653 0.99351503 0.89970374 1.90282213]
2020-07-20 01:58:09,197 - root - DEBUG - Updating hall of fame
2020-07-20 01:58:09,571 - root - INFO - Completed generation 69; 1.5s elapsed, 2.0s avg, 1.4e+02s total. Expected time remaining: 2.6e+02s
2020-07-20 01:58:09,623 - root - INFO - #69 MAX:accuracy.mean: 0.75
2020-07-20 01:58:09,664 - root - DEBUG - Sampled weight [0.88844811 0.87344254 0.41953843 0.38467667 0.33659933]
2020-07-20 01:58:10,731 - root - DEBUG - Updating hall of fame
2020-07-20 01:58:11,278 - root - INFO - Completed generation 70; 1.7s elapsed, 2.0s avg, 1.4e+02s total. Expected time remaining: 2.5e+02s
2020-07-20 01:58:11,330 - root - INFO - #70 MAX:accuracy.mean: 0.72
2020-07-20 01:58:11,436 - root - DEBUG - Sampled weight [0.65686897 0.64647914 1.5426267  0.2419206  1.40630826]
2020-07-20 01:58:12,500 - root - DEBUG - Updating hall of fame
2020-07-20 01:58:13,227 - root - INFO - Completed generation 71; 1.8s elapsed, 2.0s avg, 1.4e+02s total. Expected time remaining: 2.5e+02s
2020-07-20 01:58:13,279 - root - INFO - #71 MAX:accuracy.mean: 0.67
2020-07-20 01:58:13,320 - root - DEBUG - Sampled weight [1.65832063 0.88680671 0.86617908 0.5821116  0.37865334]
2020-07-20 01:58:14,386 - root - DEBUG - Updating hall of fame
2020-07-20 01:58:14,750 - root - INFO - Completed generation 72; 1.5s elapsed, 1.9s avg, 1.4e+02s total. Expected time remaining: 2.5e+02s
2020-07-20 01:58:14,801 - root - INFO - #72 MAX:accuracy.mean: 0.75
2020-07-20 01:58:14,842 - root - DEBUG - Sampled weight [0.94549537 0.94513436 0.79821004 0.9024563  0.72533203]
2020-07-20 01:58:15,913 - root - DEBUG - Updating hall of fame
2020-07-20 01:58:16,276 - root - INFO - Completed generation 73; 1.5s elapsed, 1.9s avg, 1.4e+02s total. Expected time remaining: 2.5e+02s
2020-07-20 01:58:16,327 - root - INFO - #73 MAX:accuracy.mean: 0.72
2020-07-20 01:58:16,369 - root - DEBUG - Sampled weight [0.53489236 1.24651713 0.52872196 0.61691537 1.17337428]
2020-07-20 01:58:17,443 - root - DEBUG - Updating hall of fame
2020-07-20 01:58:18,185 - root - INFO - Completed generation 74; 1.9s elapsed, 1.9s avg, 1.4e+02s total. Expected time remaining: 2.4e+02s
2020-07-20 01:58:18,237 - root - INFO - #74 MAX:accuracy.mean: 0.82
2020-07-20 01:58:18,278 - root - DEBUG - Sampled weight [0.76648882 0.86116323 1.12546507 1.01951592 1.87922065]
2020-07-20 01:58:19,333 - root - DEBUG - Updating hall of fame
2020-07-20 01:58:19,519 - root - INFO - Completed generation 75; 1.3s elapsed, 1.9s avg, 1.4e+02s total. Expected time remaining: 2.4e+02s
2020-07-20 01:58:19,570 - root - INFO - #75 MAX:accuracy.mean: 0.7
2020-07-20 01:58:19,611 - root - DEBUG - Sampled weight [1.97007925 0.82457175 1.08491418 1.18648746 0.3817088 ]
2020-07-20 01:58:20,667 - root - DEBUG - Updating hall of fame
2020-07-20 01:58:21,578 - root - INFO - Completed generation 76; 2.0s elapsed, 1.9s avg, 1.5e+02s total. Expected time remaining: 2.4e+02s
2020-07-20 01:58:21,630 - root - INFO - #76 MAX:accuracy.mean: 0.67
2020-07-20 01:58:21,670 - root - DEBUG - Sampled weight [2.42106117 1.74197585 0.82323544 0.99241136 2.15036994]
2020-07-20 01:58:22,745 - root - DEBUG - Updating hall of fame
2020-07-20 01:58:23,314 - root - INFO - Completed generation 77; 1.7s elapsed, 1.9s avg, 1.5e+02s total. Expected time remaining: 2.4e+02s
2020-07-20 01:58:23,368 - root - INFO - #77 MAX:accuracy.mean: 0.68
2020-07-20 01:58:23,411 - root - DEBUG - Sampled weight [0.85296037 1.89110596 1.72493517 1.71714623 0.7048022 ]
2020-07-20 01:58:24,505 - root - DEBUG - Updating hall of fame
2020-07-20 01:58:25,236 - root - INFO - Completed generation 78; 1.9s elapsed, 1.9s avg, 1.5e+02s total. Expected time remaining: 2.4e+02s
2020-07-20 01:58:25,287 - root - INFO - #78 MAX:accuracy.mean: 0.75
2020-07-20 01:58:25,328 - root - DEBUG - Sampled weight [0.72447885 0.76874427 0.68813635 1.08374796 1.1456896 ]
2020-07-20 01:58:26,393 - root - DEBUG - Updating hall of fame
2020-07-20 01:58:26,944 - root - INFO - Completed generation 79; 1.7s elapsed, 1.9s avg, 1.5e+02s total. Expected time remaining: 2.3e+02s
2020-07-20 01:58:26,996 - root - INFO - #79 MAX:accuracy.mean: 0.73
2020-07-20 01:58:27,036 - root - DEBUG - Sampled weight [1.61661627 2.2715517  0.68091109 1.31724589 0.64607674]
2020-07-20 01:58:28,094 - root - DEBUG - Updating hall of fame
2020-07-20 01:58:28,833 - root - INFO - Completed generation 80; 1.8s elapsed, 1.9s avg, 1.5e+02s total. Expected time remaining: 2.3e+02s
2020-07-20 01:58:28,884 - root - INFO - #80 MAX:accuracy.mean: 0.72
2020-07-20 01:58:28,969 - root - DEBUG - Sampled weight [0.35842929 0.71933702 1.42682142 1.18893564 4.63211017]
2020-07-20 01:58:30,032 - root - DEBUG - Updating hall of fame
2020-07-20 01:58:30,960 - root - INFO - Completed generation 81; 2.0s elapsed, 1.9s avg, 1.6e+02s total. Expected time remaining: 2.3e+02s
2020-07-20 01:58:31,012 - root - INFO - #81 MAX:accuracy.mean: 0.72
2020-07-20 01:58:31,052 - root - DEBUG - Sampled weight [1.30821149 0.69396736 1.36356514 2.59128861 0.78364478]
2020-07-20 01:58:32,106 - root - DEBUG - Updating hall of fame
2020-07-20 01:58:32,650 - root - INFO - Completed generation 82; 1.6s elapsed, 1.9s avg, 1.6e+02s total. Expected time remaining: 2.3e+02s
2020-07-20 01:58:32,701 - root - INFO - #82 MAX:accuracy.mean: 0.68
2020-07-20 01:58:32,741 - root - DEBUG - Sampled weight [0.95871277 0.64433339 0.45461796 1.39140123 0.69621515]
2020-07-20 01:58:33,805 - root - DEBUG - Updating hall of fame
2020-07-20 01:58:34,545 - root - INFO - Completed generation 83; 1.8s elapsed, 1.9s avg, 1.6e+02s total. Expected time remaining: 2.2e+02s
2020-07-20 01:58:34,596 - root - INFO - #83 MAX:accuracy.mean: 0.76
2020-07-20 01:58:34,636 - root - DEBUG - Sampled weight [0.91029019 0.65421852 0.77635497 0.7148996  0.79074395]
2020-07-20 01:58:35,698 - root - DEBUG - Updating hall of fame
2020-07-20 01:58:36,245 - root - INFO - Completed generation 84; 1.6s elapsed, 1.9s avg, 1.6e+02s total. Expected time remaining: 2.2e+02s
2020-07-20 01:58:36,297 - root - INFO - #84 MAX:accuracy.mean: 0.7
2020-07-20 01:58:36,338 - root - DEBUG - Sampled weight [1.05682504 1.39951018 1.51307919 0.77004365 0.94637899]
2020-07-20 01:58:37,397 - root - DEBUG - Updating hall of fame
2020-07-20 01:58:38,127 - root - INFO - Completed generation 85; 1.8s elapsed, 1.9s avg, 1.6e+02s total. Expected time remaining: 2.2e+02s
2020-07-20 01:58:38,178 - root - INFO - #85 MAX:accuracy.mean: 0.67
2020-07-20 01:58:38,219 - root - DEBUG - Sampled weight [1.08348321 1.23534946 3.41686164 0.9276547  0.34156852]
2020-07-20 01:58:39,282 - root - DEBUG - Updating hall of fame
2020-07-20 01:58:40,015 - root - INFO - Completed generation 86; 1.8s elapsed, 1.9s avg, 1.6e+02s total. Expected time remaining: 2.2e+02s
2020-07-20 01:58:40,066 - root - INFO - #86 MAX:accuracy.mean: 0.67
2020-07-20 01:58:40,107 - root - DEBUG - Sampled weight [1.7356876  0.84389709 1.29284366 0.74486527 1.02449232]
2020-07-20 01:58:41,163 - root - DEBUG - Updating hall of fame
2020-07-20 01:58:41,707 - root - INFO - Completed generation 87; 1.6s elapsed, 1.9s avg, 1.7e+02s total. Expected time remaining: 2.2e+02s
2020-07-20 01:58:41,759 - root - INFO - #87 MAX:accuracy.mean: 0.75
2020-07-20 01:58:41,800 - root - DEBUG - Sampled weight [0.74990859 2.49552359 1.51322448 0.43185572 0.9761526 ]
2020-07-20 01:58:42,858 - root - DEBUG - Updating hall of fame
2020-07-20 01:58:43,588 - root - INFO - Completed generation 88; 1.8s elapsed, 1.9s avg, 1.7e+02s total. Expected time remaining: 2.1e+02s
2020-07-20 01:58:43,639 - root - INFO - #88 MAX:accuracy.mean: 0.67
2020-07-20 01:58:43,679 - root - DEBUG - Sampled weight [1.06102012 3.69310738 1.24661849 1.9048168  0.66108916]
2020-07-20 01:58:44,736 - root - DEBUG - Updating hall of fame
2020-07-20 01:58:45,098 - root - INFO - Completed generation 89; 1.5s elapsed, 1.9s avg, 1.7e+02s total. Expected time remaining: 2.1e+02s
2020-07-20 01:58:45,149 - root - INFO - #89 MAX:accuracy.mean: 0.67
2020-07-20 01:58:45,190 - root - DEBUG - Sampled weight [0.42159923 0.86814013 1.3820189  1.15717217 1.51629862]
2020-07-20 01:58:46,252 - root - DEBUG - Updating hall of fame
2020-07-20 01:58:46,628 - root - INFO - Completed generation 90; 1.5s elapsed, 1.9s avg, 1.7e+02s total. Expected time remaining: 2.1e+02s
2020-07-20 01:58:46,679 - root - INFO - #90 MAX:accuracy.mean: 0.67
2020-07-20 01:58:46,770 - root - DEBUG - Sampled weight [1.08199267 0.73636471 0.70900228 0.96085341 0.62053223]
2020-07-20 01:58:47,837 - root - DEBUG - Updating hall of fame
2020-07-20 01:58:48,564 - root - INFO - Completed generation 91; 1.8s elapsed, 1.9s avg, 1.7e+02s total. Expected time remaining: 2.1e+02s
2020-07-20 01:58:48,616 - root - INFO - #91 MAX:accuracy.mean: 0.71
2020-07-20 01:58:48,656 - root - DEBUG - Sampled weight [1.99567518 2.33029129 1.03303457 1.23191563 0.99106525]
2020-07-20 01:58:49,708 - root - DEBUG - Updating hall of fame
2020-07-20 01:58:50,251 - root - INFO - Completed generation 92; 1.6s elapsed, 1.9s avg, 1.7e+02s total. Expected time remaining: 2e+02s
2020-07-20 01:58:50,302 - root - INFO - #92 MAX:accuracy.mean: 0.69
2020-07-20 01:58:50,343 - root - DEBUG - Sampled weight [0.92088118 0.82839495 0.97479299 0.90641392 1.3242078 ]
2020-07-20 01:58:51,403 - root - DEBUG - Updating hall of fame
2020-07-20 01:58:52,499 - root - INFO - Completed generation 93; 2.2s elapsed, 1.9s avg, 1.8e+02s total. Expected time remaining: 2e+02s
2020-07-20 01:58:52,550 - root - INFO - #93 MAX:accuracy.mean: 0.7
2020-07-20 01:58:52,590 - root - DEBUG - Sampled weight [0.47849719 0.80091794 1.36224906 0.97239731 1.25763706]
2020-07-20 01:58:53,647 - root - DEBUG - Updating hall of fame
2020-07-20 01:58:54,374 - root - INFO - Completed generation 94; 1.8s elapsed, 1.9s avg, 1.8e+02s total. Expected time remaining: 2e+02s
2020-07-20 01:58:54,425 - root - INFO - #94 MAX:accuracy.mean: 0.72
2020-07-20 01:58:54,465 - root - DEBUG - Sampled weight [0.8735319  0.67474086 1.81694743 0.45093204 0.73348162]
2020-07-20 01:58:55,523 - root - DEBUG - Updating hall of fame
2020-07-20 01:58:55,886 - root - INFO - Completed generation 95; 1.5s elapsed, 1.9s avg, 1.8e+02s total. Expected time remaining: 2e+02s
2020-07-20 01:58:55,937 - root - INFO - #95 MAX:accuracy.mean: 0.67
2020-07-20 01:58:55,978 - root - DEBUG - Sampled weight [0.49579986 1.50583717 1.2068718  0.31736504 1.34489446]
2020-07-20 01:58:57,033 - root - DEBUG - Updating hall of fame
2020-07-20 01:58:57,396 - root - INFO - Completed generation 96; 1.5s elapsed, 1.9s avg, 1.8e+02s total. Expected time remaining: 2e+02s
2020-07-20 01:58:57,447 - root - INFO - #96 MAX:accuracy.mean: 0.67
2020-07-20 01:58:57,488 - root - DEBUG - Sampled weight [1.19851265 1.13221219 0.37622624 0.81105414 1.01790877]
2020-07-20 01:58:58,542 - root - DEBUG - Updating hall of fame
2020-07-20 01:58:59,085 - root - INFO - Completed generation 97; 1.6s elapsed, 1.9s avg, 1.8e+02s total. Expected time remaining: 1.9e+02s
2020-07-20 01:58:59,137 - root - INFO - #97 MAX:accuracy.mean: 0.67
2020-07-20 01:58:59,177 - root - DEBUG - Sampled weight [0.85010239 1.12844926 1.74092789 1.90873761 1.08689834]
2020-07-20 01:59:00,230 - root - DEBUG - Updating hall of fame
2020-07-20 01:59:00,594 - root - INFO - Completed generation 98; 1.5s elapsed, 1.9s avg, 1.8e+02s total. Expected time remaining: 1.9e+02s
2020-07-20 01:59:00,645 - root - INFO - #98 MAX:accuracy.mean: 0.67
2020-07-20 01:59:00,687 - root - DEBUG - Sampled weight [1.38681016 0.47040946 0.58988934 1.17967122 1.24946471]
2020-07-20 01:59:01,757 - root - DEBUG - Updating hall of fame
2020-07-20 01:59:02,743 - root - INFO - Completed generation 99; 2.1s elapsed, 1.9s avg, 1.9e+02s total. Expected time remaining: 1.9e+02s
2020-07-20 01:59:02,797 - root - INFO - #99 MAX:accuracy.mean: 0.68
2020-07-20 01:59:02,841 - root - DEBUG - Sampled weight [1.14458573 0.62765843 0.75718467 0.82021192 0.81039478]
2020-07-20 01:59:03,970 - root - DEBUG - Updating hall of fame
2020-07-20 01:59:04,944 - root - INFO - Completed generation 100; 2.1s elapsed, 1.9s avg, 1.9e+02s total. Expected time remaining: 1.9e+02s
2020-07-20 01:59:04,999 - root - INFO - #100 MAX:accuracy.mean: 0.75
2020-07-20 01:59:05,091 - root - DEBUG - Sampled weight [1.10382745 1.17324624 0.50781238 0.21246887 2.44954097]
2020-07-20 01:59:06,207 - root - DEBUG - Updating hall of fame
2020-07-20 01:59:06,578 - root - INFO - Completed generation 101; 1.5s elapsed, 1.9s avg, 1.9e+02s total. Expected time remaining: 1.9e+02s
2020-07-20 01:59:06,629 - root - INFO - #101 MAX:accuracy.mean: 0.64
2020-07-20 01:59:06,670 - root - DEBUG - Sampled weight [0.95369408 1.11885451 0.80958357 1.21008242 1.42963316]
2020-07-20 01:59:07,723 - root - DEBUG - Updating hall of fame
2020-07-20 01:59:08,450 - root - INFO - Completed generation 102; 1.8s elapsed, 1.9s avg, 1.9e+02s total. Expected time remaining: 1.8e+02s
2020-07-20 01:59:08,501 - root - INFO - #102 MAX:accuracy.mean: 0.81
2020-07-20 01:59:08,541 - root - DEBUG - Sampled weight [1.31861099 1.32415297 0.67109333 0.5022913  1.50453017]
2020-07-20 01:59:09,606 - root - DEBUG - Updating hall of fame
2020-07-20 01:59:10,520 - root - INFO - Completed generation 103; 2.0s elapsed, 1.9s avg, 1.9e+02s total. Expected time remaining: 1.8e+02s
2020-07-20 01:59:10,571 - root - INFO - #103 MAX:accuracy.mean: 0.86
2020-07-20 01:59:10,612 - root - DEBUG - Sampled weight [0.69798155 1.13241916 0.72014283 0.5093336  1.0599499 ]
2020-07-20 01:59:11,668 - root - DEBUG - Updating hall of fame
2020-07-20 01:59:12,041 - root - INFO - Completed generation 104; 1.5s elapsed, 1.9s avg, 2e+02s total. Expected time remaining: 1.8e+02s
2020-07-20 01:59:12,092 - root - INFO - #104 MAX:accuracy.mean: 0.71
2020-07-20 01:59:12,133 - root - DEBUG - Sampled weight [1.42919755 1.13612672 0.47861748 0.53793325 1.84539247]
2020-07-20 01:59:13,192 - root - DEBUG - Updating hall of fame
2020-07-20 01:59:13,748 - root - INFO - Completed generation 105; 1.7s elapsed, 1.9s avg, 2e+02s total. Expected time remaining: 1.8e+02s
2020-07-20 01:59:13,800 - root - INFO - #105 MAX:accuracy.mean: 0.86
2020-07-20 01:59:13,839 - root - DEBUG - Sampled weight [1.50009415 0.3362662  0.59775875 1.099588   1.69416771]
2020-07-20 01:59:14,899 - root - DEBUG - Updating hall of fame
2020-07-20 01:59:15,447 - root - INFO - Completed generation 106; 1.6s elapsed, 1.9s avg, 2e+02s total. Expected time remaining: 1.8e+02s
2020-07-20 01:59:15,499 - root - INFO - #106 MAX:accuracy.mean: 0.85
2020-07-20 01:59:15,539 - root - DEBUG - Sampled weight [0.819191   0.48088237 0.85497348 0.88687552 0.95575026]
2020-07-20 01:59:16,602 - root - DEBUG - Updating hall of fame
2020-07-20 01:59:17,342 - root - INFO - Completed generation 107; 1.8s elapsed, 1.9s avg, 2e+02s total. Expected time remaining: 1.7e+02s
2020-07-20 01:59:17,393 - root - INFO - #107 MAX:accuracy.mean: 0.88
2020-07-20 01:59:17,435 - root - DEBUG - Sampled weight [2.00207395 1.61454602 2.63843043 1.51998468 1.45106071]
2020-07-20 01:59:18,498 - root - DEBUG - Updating hall of fame
2020-07-20 01:59:19,061 - root - INFO - Completed generation 108; 1.7s elapsed, 1.9s avg, 2e+02s total. Expected time remaining: 1.7e+02s
2020-07-20 01:59:19,113 - root - INFO - #108 MAX:accuracy.mean: 0.85
2020-07-20 01:59:19,153 - root - DEBUG - Sampled weight [0.87120363 0.8682204  0.33137469 1.64060192 0.98702011]
2020-07-20 01:59:20,212 - root - DEBUG - Updating hall of fame
2020-07-20 01:59:21,498 - root - INFO - Completed generation 109; 2.4s elapsed, 1.9s avg, 2e+02s total. Expected time remaining: 1.7e+02s
2020-07-20 01:59:21,550 - root - INFO - #109 MAX:accuracy.mean: 0.87
2020-07-20 01:59:21,590 - root - DEBUG - Sampled weight [1.63102032 1.16688095 0.91541927 1.04309448 0.72279194]
2020-07-20 01:59:22,648 - root - DEBUG - Updating hall of fame
2020-07-20 01:59:23,569 - root - INFO - Completed generation 110; 2.0s elapsed, 1.9s avg, 2.1e+02s total. Expected time remaining: 1.7e+02s
2020-07-20 01:59:23,620 - root - INFO - #110 MAX:accuracy.mean: 0.86
2020-07-20 01:59:23,713 - root - DEBUG - Sampled weight [0.70735763 1.40504278 0.71680506 1.66188798 2.06765677]
2020-07-20 01:59:24,777 - root - DEBUG - Updating hall of fame
2020-07-20 01:59:25,902 - root - INFO - Completed generation 111; 2.2s elapsed, 1.9s avg, 2.1e+02s total. Expected time remaining: 1.7e+02s
2020-07-20 01:59:25,954 - root - INFO - #111 MAX:accuracy.mean: 0.87
2020-07-20 01:59:25,994 - root - DEBUG - Sampled weight [1.21835795 0.55802311 1.44312851 1.69394867 0.68369938]
2020-07-20 01:59:27,060 - root - DEBUG - Updating hall of fame
2020-07-20 01:59:27,821 - root - INFO - Completed generation 112; 1.9s elapsed, 1.9s avg, 2.1e+02s total. Expected time remaining: 1.7e+02s
2020-07-20 01:59:27,872 - root - INFO - #112 MAX:accuracy.mean: 0.87
2020-07-20 01:59:27,913 - root - DEBUG - Sampled weight [0.73636533 1.20690691 1.91928141 0.72817093 1.31055671]
2020-07-20 01:59:28,977 - root - DEBUG - Updating hall of fame
2020-07-20 01:59:29,734 - root - INFO - Completed generation 113; 1.9s elapsed, 1.9s avg, 2.1e+02s total. Expected time remaining: 1.6e+02s
2020-07-20 01:59:29,785 - root - INFO - #113 MAX:accuracy.mean: 0.87
2020-07-20 01:59:29,826 - root - DEBUG - Sampled weight [0.80292387 0.73447571 1.22721502 0.35809438 0.59942358]
2020-07-20 01:59:30,892 - root - DEBUG - Updating hall of fame
2020-07-20 01:59:32,029 - root - INFO - Completed generation 114; 2.2s elapsed, 1.9s avg, 2.2e+02s total. Expected time remaining: 1.6e+02s
2020-07-20 01:59:32,080 - root - INFO - #114 MAX:accuracy.mean: 0.87
2020-07-20 01:59:32,120 - root - DEBUG - Sampled weight [0.94546698 1.2141262  0.62002962 0.80152398 1.1451709 ]
2020-07-20 01:59:33,178 - root - DEBUG - Updating hall of fame
2020-07-20 01:59:33,746 - root - INFO - Completed generation 115; 1.7s elapsed, 1.9s avg, 2.2e+02s total. Expected time remaining: 1.6e+02s
2020-07-20 01:59:33,797 - root - INFO - #115 MAX:accuracy.mean: 0.87
2020-07-20 01:59:33,837 - root - DEBUG - Sampled weight [4.1131126  1.24430802 0.54120034 0.49893084 0.6572448 ]
2020-07-20 01:59:34,897 - root - DEBUG - Updating hall of fame
2020-07-20 01:59:35,827 - root - INFO - Completed generation 116; 2.0s elapsed, 1.9s avg, 2.2e+02s total. Expected time remaining: 1.6e+02s
2020-07-20 01:59:35,878 - root - INFO - #116 MAX:accuracy.mean: 0.88
2020-07-20 01:59:35,920 - root - DEBUG - Sampled weight [1.29764454 0.83775008 0.8183488  2.28362833 0.55925556]
2020-07-20 01:59:36,983 - root - DEBUG - Updating hall of fame
2020-07-20 01:59:37,905 - root - INFO - Completed generation 117; 2.0s elapsed, 1.9s avg, 2.2e+02s total. Expected time remaining: 1.6e+02s
2020-07-20 01:59:37,957 - root - INFO - #117 MAX:accuracy.mean: 0.83
2020-07-20 01:59:37,998 - root - DEBUG - Sampled weight [1.61571163 0.6143555  0.96854809 0.84013578 0.77163878]
2020-07-20 01:59:39,069 - root - DEBUG - Updating hall of fame
2020-07-20 01:59:39,998 - root - INFO - Completed generation 118; 2.0s elapsed, 1.9s avg, 2.2e+02s total. Expected time remaining: 1.5e+02s
2020-07-20 01:59:40,049 - root - INFO - #118 MAX:accuracy.mean: 0.84
2020-07-20 01:59:40,089 - root - DEBUG - Sampled weight [1.61899501 1.05087011 0.82624664 1.31468193 1.50106865]
2020-07-20 01:59:41,151 - root - DEBUG - Updating hall of fame
2020-07-20 01:59:42,068 - root - INFO - Completed generation 119; 2.0s elapsed, 1.9s avg, 2.2e+02s total. Expected time remaining: 1.5e+02s
2020-07-20 01:59:42,119 - root - INFO - #119 MAX:accuracy.mean: 0.83
2020-07-20 01:59:42,160 - root - DEBUG - Sampled weight [0.68556468 0.67221086 0.88457937 0.84395347 2.01006194]
2020-07-20 01:59:43,219 - root - DEBUG - Updating hall of fame
2020-07-20 01:59:44,151 - root - INFO - Completed generation 120; 2.0s elapsed, 1.9s avg, 2.3e+02s total. Expected time remaining: 1.5e+02s
2020-07-20 01:59:44,203 - root - INFO - #120 MAX:accuracy.mean: 0.84
2020-07-20 01:59:44,296 - root - DEBUG - Sampled weight [0.75390217 1.54368061 1.71098888 1.7722135  1.1148416 ]
2020-07-20 01:59:45,361 - root - DEBUG - Updating hall of fame
2020-07-20 01:59:45,922 - root - INFO - Completed generation 121; 1.7s elapsed, 1.9s avg, 2.3e+02s total. Expected time remaining: 1.5e+02s
2020-07-20 01:59:45,974 - root - INFO - #121 MAX:accuracy.mean: 0.85
2020-07-20 01:59:46,015 - root - DEBUG - Sampled weight [0.37982124 3.79097895 0.57246813 1.04940868 1.94683823]
2020-07-20 01:59:47,081 - root - DEBUG - Updating hall of fame
2020-07-20 01:59:48,205 - root - INFO - Completed generation 122; 2.2s elapsed, 1.9s avg, 2.3e+02s total. Expected time remaining: 1.5e+02s
2020-07-20 01:59:48,256 - root - INFO - #122 MAX:accuracy.mean: 0.81
2020-07-20 01:59:48,296 - root - DEBUG - Sampled weight [1.37742133 1.99333907 0.34421791 0.73121677 1.09473984]
2020-07-20 01:59:49,367 - root - DEBUG - Updating hall of fame
2020-07-20 01:59:49,745 - root - INFO - Completed generation 123; 1.5s elapsed, 1.9s avg, 2.3e+02s total. Expected time remaining: 1.5e+02s
2020-07-20 01:59:49,796 - root - INFO - #123 MAX:accuracy.mean: 0.86
2020-07-20 01:59:49,836 - root - DEBUG - Sampled weight [0.82073961 0.82666954 0.919371   0.34483008 0.67489736]
2020-07-20 01:59:50,914 - root - DEBUG - Updating hall of fame
2020-07-20 01:59:51,848 - root - INFO - Completed generation 124; 2.1s elapsed, 1.9s avg, 2.3e+02s total. Expected time remaining: 1.4e+02s
2020-07-20 01:59:51,900 - root - INFO - #124 MAX:accuracy.mean: 0.8
2020-07-20 01:59:51,940 - root - DEBUG - Sampled weight [0.95489627 1.29773695 1.2867405  1.59574619 2.42904419]
2020-07-20 01:59:53,002 - root - DEBUG - Updating hall of fame
2020-07-20 01:59:54,105 - root - INFO - Completed generation 125; 2.2s elapsed, 1.9s avg, 2.4e+02s total. Expected time remaining: 1.4e+02s
2020-07-20 01:59:54,156 - root - INFO - #125 MAX:accuracy.mean: 0.85
2020-07-20 01:59:54,196 - root - DEBUG - Sampled weight [0.3702053  1.41628229 1.81843631 0.96205047 1.67952889]
2020-07-20 01:59:55,271 - root - DEBUG - Updating hall of fame
2020-07-20 01:59:56,576 - root - INFO - Completed generation 126; 2.4s elapsed, 1.9s avg, 2.4e+02s total. Expected time remaining: 1.4e+02s
2020-07-20 01:59:56,627 - root - INFO - #126 MAX:accuracy.mean: 0.8
2020-07-20 01:59:56,668 - root - DEBUG - Sampled weight [2.41113617 0.42559316 0.82969738 1.52411013 0.63864008]
2020-07-20 01:59:57,736 - root - DEBUG - Updating hall of fame
2020-07-20 01:59:58,311 - root - INFO - Completed generation 127; 1.7s elapsed, 1.9s avg, 2.4e+02s total. Expected time remaining: 1.4e+02s
2020-07-20 01:59:58,362 - root - INFO - #127 MAX:accuracy.mean: 0.8
2020-07-20 01:59:58,401 - root - DEBUG - Sampled weight [0.99301607 1.18224196 0.63685009 1.06560847 0.63466081]
2020-07-20 01:59:59,475 - root - DEBUG - Updating hall of fame
2020-07-20 02:00:00,223 - root - INFO - Completed generation 128; 1.9s elapsed, 1.9s avg, 2.4e+02s total. Expected time remaining: 1.4e+02s
2020-07-20 02:00:00,274 - root - INFO - #128 MAX:accuracy.mean: 0.82
2020-07-20 02:00:00,315 - root - DEBUG - Sampled weight [0.79303082 1.1164621  1.09841995 0.55245485 2.41615419]
2020-07-20 02:00:01,393 - root - DEBUG - Updating hall of fame
2020-07-20 02:00:02,152 - root - INFO - Completed generation 129; 1.9s elapsed, 1.9s avg, 2.4e+02s total. Expected time remaining: 1.3e+02s
2020-07-20 02:00:02,204 - root - INFO - #129 MAX:accuracy.mean: 0.84
2020-07-20 02:00:02,244 - root - DEBUG - Sampled weight [1.12826267 0.85298794 0.45818956 0.79297844 0.9857384 ]
2020-07-20 02:00:03,327 - root - DEBUG - Updating hall of fame
2020-07-20 02:00:04,257 - root - INFO - Completed generation 130; 2.1s elapsed, 1.9s avg, 2.5e+02s total. Expected time remaining: 1.3e+02s
2020-07-20 02:00:04,308 - root - INFO - #130 MAX:accuracy.mean: 0.82
2020-07-20 02:00:04,405 - root - DEBUG - Sampled weight [0.96534632 0.45592991 0.96058526 0.30386271 0.67114953]
2020-07-20 02:00:05,473 - root - DEBUG - Updating hall of fame
2020-07-20 02:00:06,213 - root - INFO - Completed generation 131; 1.8s elapsed, 1.9s avg, 2.5e+02s total. Expected time remaining: 1.3e+02s
2020-07-20 02:00:06,264 - root - INFO - #131 MAX:accuracy.mean: 0.81
2020-07-20 02:00:06,305 - root - DEBUG - Sampled weight [1.40900233 0.82418294 1.48474452 0.64293277 0.58442337]
2020-07-20 02:00:07,365 - root - DEBUG - Updating hall of fame
2020-07-20 02:00:07,558 - root - INFO - Completed generation 132; 1.3s elapsed, 1.9s avg, 2.5e+02s total. Expected time remaining: 1.3e+02s
2020-07-20 02:00:07,609 - root - INFO - #132 MAX:accuracy.mean: 0.81
2020-07-20 02:00:07,649 - root - DEBUG - Sampled weight [0.82793002 1.87030285 0.64466756 1.82729339 0.54583956]
2020-07-20 02:00:08,713 - root - DEBUG - Updating hall of fame
2020-07-20 02:00:09,458 - root - INFO - Completed generation 133; 1.8s elapsed, 1.9s avg, 2.5e+02s total. Expected time remaining: 1.3e+02s
2020-07-20 02:00:09,510 - root - INFO - #133 MAX:accuracy.mean: 0.88
2020-07-20 02:00:09,550 - root - DEBUG - Sampled weight [0.51274264 2.9530253  0.49221572 0.45873473 0.93695001]
2020-07-20 02:00:10,614 - root - DEBUG - Updating hall of fame
2020-07-20 02:00:11,180 - root - INFO - Completed generation 134; 1.7s elapsed, 1.9s avg, 2.5e+02s total. Expected time remaining: 1.2e+02s
2020-07-20 02:00:11,231 - root - INFO - #134 MAX:accuracy.mean: 0.84
2020-07-20 02:00:11,273 - root - DEBUG - Sampled weight [0.50482012 1.41947626 1.32513053 1.20467803 1.76890123]
2020-07-20 02:00:12,331 - root - DEBUG - Updating hall of fame
2020-07-20 02:00:12,715 - root - INFO - Completed generation 135; 1.5s elapsed, 1.9s avg, 2.5e+02s total. Expected time remaining: 1.2e+02s
2020-07-20 02:00:12,766 - root - INFO - #135 MAX:accuracy.mean: 0.81
2020-07-20 02:00:12,808 - root - DEBUG - Sampled weight [0.80667066 0.7510792  0.48165389 0.55059258 1.12002703]
2020-07-20 02:00:13,892 - root - DEBUG - Updating hall of fame
2020-07-20 02:00:14,457 - root - INFO - Completed generation 136; 1.7s elapsed, 1.9s avg, 2.6e+02s total. Expected time remaining: 1.2e+02s
2020-07-20 02:00:14,509 - root - INFO - #136 MAX:accuracy.mean: 0.82
2020-07-20 02:00:14,549 - root - DEBUG - Sampled weight [0.96455951 1.07758455 1.23432789 0.80457278 2.09719881]
2020-07-20 02:00:15,618 - root - DEBUG - Updating hall of fame
2020-07-20 02:00:16,185 - root - INFO - Completed generation 137; 1.7s elapsed, 1.9s avg, 2.6e+02s total. Expected time remaining: 1.2e+02s
2020-07-20 02:00:16,236 - root - INFO - #137 MAX:accuracy.mean: 0.85
2020-07-20 02:00:16,277 - root - DEBUG - Sampled weight [2.93475781 0.60136282 0.91673715 0.72990341 0.62756531]
2020-07-20 02:00:17,342 - root - DEBUG - Updating hall of fame
2020-07-20 02:00:18,271 - root - INFO - Completed generation 138; 2.0s elapsed, 1.9s avg, 2.6e+02s total. Expected time remaining: 1.2e+02s
2020-07-20 02:00:18,323 - root - INFO - #138 MAX:accuracy.mean: 0.81
2020-07-20 02:00:18,363 - root - DEBUG - Sampled weight [0.58573031 0.62953057 0.61580737 0.8900007  1.09826838]
2020-07-20 02:00:19,442 - root - DEBUG - Updating hall of fame
2020-07-20 02:00:19,999 - root - INFO - Completed generation 139; 1.7s elapsed, 1.9s avg, 2.6e+02s total. Expected time remaining: 1.1e+02s
2020-07-20 02:00:20,050 - root - INFO - #139 MAX:accuracy.mean: 0.87
2020-07-20 02:00:20,092 - root - DEBUG - Sampled weight [0.55465078 1.04171557 1.93858752 0.78995876 0.4217562 ]
2020-07-20 02:00:21,222 - root - DEBUG - Updating hall of fame
2020-07-20 02:00:21,828 - root - INFO - Completed generation 140; 1.8s elapsed, 1.9s avg, 2.6e+02s total. Expected time remaining: 1.1e+02s
2020-07-20 02:00:21,882 - root - INFO - #140 MAX:accuracy.mean: 0.81
2020-07-20 02:00:22,002 - root - DEBUG - Sampled weight [0.34852676 0.60452943 1.73708713 0.33889877 0.86110125]
2020-07-20 02:00:23,158 - root - DEBUG - Updating hall of fame
2020-07-20 02:00:23,755 - root - INFO - Completed generation 141; 1.8s elapsed, 1.9s avg, 2.7e+02s total. Expected time remaining: 1.1e+02s
2020-07-20 02:00:23,809 - root - INFO - #141 MAX:accuracy.mean: 0.82
2020-07-20 02:00:23,853 - root - DEBUG - Sampled weight [1.62100664 1.49527287 1.28927465 1.46880437 0.95030163]
2020-07-20 02:00:24,998 - root - DEBUG - Updating hall of fame
2020-07-20 02:00:25,590 - root - INFO - Completed generation 142; 1.8s elapsed, 1.9s avg, 2.7e+02s total. Expected time remaining: 1.1e+02s
2020-07-20 02:00:25,644 - root - INFO - #142 MAX:accuracy.mean: 0.84
2020-07-20 02:00:25,688 - root - DEBUG - Sampled weight [0.62447524 1.53643731 1.14509943 1.80502472 0.65826913]
2020-07-20 02:00:26,792 - root - DEBUG - Updating hall of fame
2020-07-20 02:00:27,920 - root - INFO - Completed generation 143; 2.3s elapsed, 1.9s avg, 2.7e+02s total. Expected time remaining: 1.1e+02s
2020-07-20 02:00:27,972 - root - INFO - #143 MAX:accuracy.mean: 0.86
2020-07-20 02:00:28,013 - root - DEBUG - Sampled weight [0.48393932 1.22160133 1.54888854 0.77954127 0.60809997]
2020-07-20 02:00:29,095 - root - DEBUG - Updating hall of fame
2020-07-20 02:00:29,480 - root - INFO - Completed generation 144; 1.5s elapsed, 1.9s avg, 2.7e+02s total. Expected time remaining: 1.1e+02s
2020-07-20 02:00:29,531 - root - INFO - #144 MAX:accuracy.mean: 0.83
2020-07-20 02:00:29,571 - root - DEBUG - Sampled weight [1.6914462  1.14893543 1.62919072 0.24495286 1.66466535]
2020-07-20 02:00:30,640 - root - DEBUG - Updating hall of fame
2020-07-20 02:00:31,377 - root - INFO - Completed generation 145; 1.8s elapsed, 1.9s avg, 2.7e+02s total. Expected time remaining: 1e+02s
2020-07-20 02:00:31,428 - root - INFO - #145 MAX:accuracy.mean: 0.83
2020-07-20 02:00:31,468 - root - DEBUG - Sampled weight [1.47024703 1.29618366 1.84641793 0.3797872  1.11378174]
2020-07-20 02:00:32,545 - root - DEBUG - Updating hall of fame
2020-07-20 02:00:33,112 - root - INFO - Completed generation 146; 1.7s elapsed, 1.9s avg, 2.7e+02s total. Expected time remaining: 1e+02s
2020-07-20 02:00:33,163 - root - INFO - #146 MAX:accuracy.mean: 0.83
2020-07-20 02:00:33,205 - root - DEBUG - Sampled weight [0.68774611 0.38793567 1.42174604 0.73888604 1.33610761]
2020-07-20 02:00:34,289 - root - DEBUG - Updating hall of fame
2020-07-20 02:00:35,039 - root - INFO - Completed generation 147; 1.9s elapsed, 1.9s avg, 2.8e+02s total. Expected time remaining: 1e+02s
2020-07-20 02:00:35,090 - root - INFO - #147 MAX:accuracy.mean: 0.83
2020-07-20 02:00:35,132 - root - DEBUG - Sampled weight [1.05610203 1.02594355 0.89519424 1.57796946 0.32525605]
2020-07-20 02:00:36,201 - root - DEBUG - Updating hall of fame
2020-07-20 02:00:36,589 - root - INFO - Completed generation 148; 1.5s elapsed, 1.9s avg, 2.8e+02s total. Expected time remaining: 9.8e+01s
2020-07-20 02:00:36,641 - root - INFO - #148 MAX:accuracy.mean: 0.83
2020-07-20 02:00:36,681 - root - DEBUG - Sampled weight [0.71410065 1.18014468 1.12243144 0.45780831 1.22654857]
2020-07-20 02:00:37,759 - root - DEBUG - Updating hall of fame
2020-07-20 02:00:38,506 - root - INFO - Completed generation 149; 1.9s elapsed, 1.9s avg, 2.8e+02s total. Expected time remaining: 9.6e+01s
2020-07-20 02:00:38,558 - root - INFO - #149 MAX:accuracy.mean: 0.83
2020-07-20 02:00:38,599 - root - DEBUG - Sampled weight [0.8463178  1.44756996 0.74474419 0.62284939 1.45963923]
2020-07-20 02:00:39,693 - root - DEBUG - Updating hall of fame
2020-07-20 02:00:40,267 - root - INFO - Completed generation 150; 1.7s elapsed, 1.9s avg, 2.8e+02s total. Expected time remaining: 9.4e+01s
2020-07-20 02:00:40,320 - root - INFO - #150 MAX:accuracy.mean: 0.83
2020-07-20 02:00:40,439 - root - DEBUG - Sampled weight [1.03312975 0.95306678 2.72685714 0.93087324 0.82210419]
2020-07-20 02:00:41,561 - root - DEBUG - Updating hall of fame
2020-07-20 02:00:42,512 - root - INFO - Completed generation 151; 2.1s elapsed, 1.9s avg, 2.8e+02s total. Expected time remaining: 9.2e+01s
2020-07-20 02:00:42,563 - root - INFO - #151 MAX:accuracy.mean: 0.83
2020-07-20 02:00:42,605 - root - DEBUG - Sampled weight [1.06135375 2.15308759 1.13983439 1.26195585 1.4083547 ]
2020-07-20 02:00:43,690 - root - DEBUG - Updating hall of fame
2020-07-20 02:00:44,638 - root - INFO - Completed generation 152; 2.1s elapsed, 1.9s avg, 2.9e+02s total. Expected time remaining: 9e+01s
2020-07-20 02:00:44,689 - root - INFO - #152 MAX:accuracy.mean: 0.83
2020-07-20 02:00:44,731 - root - DEBUG - Sampled weight [1.22631597 0.83424529 1.05553872 0.93868437 0.94558864]
2020-07-20 02:00:45,816 - root - DEBUG - Updating hall of fame
2020-07-20 02:00:46,938 - root - INFO - Completed generation 153; 2.2s elapsed, 1.9s avg, 2.9e+02s total. Expected time remaining: 8.8e+01s
2020-07-20 02:00:46,989 - root - INFO - #153 MAX:accuracy.mean: 0.83
2020-07-20 02:00:47,030 - root - DEBUG - Sampled weight [1.60898458 1.35169006 2.65784812 0.72265116 0.35079242]
2020-07-20 02:00:48,104 - root - DEBUG - Updating hall of fame
2020-07-20 02:00:49,216 - root - INFO - Completed generation 154; 2.2s elapsed, 1.9s avg, 2.9e+02s total. Expected time remaining: 8.7e+01s
2020-07-20 02:00:49,269 - root - INFO - #154 MAX:accuracy.mean: 0.83
2020-07-20 02:00:49,309 - root - DEBUG - Sampled weight [1.89774735 0.81446495 2.5723206  0.60404097 1.28264098]
2020-07-20 02:00:50,408 - root - DEBUG - Updating hall of fame
2020-07-20 02:00:51,344 - root - INFO - Completed generation 155; 2.1s elapsed, 1.9s avg, 2.9e+02s total. Expected time remaining: 8.5e+01s
2020-07-20 02:00:51,395 - root - INFO - #155 MAX:accuracy.mean: 0.83
2020-07-20 02:00:51,435 - root - DEBUG - Sampled weight [1.61455592 1.69693603 0.37848175 0.85501079 0.71457707]
2020-07-20 02:00:52,520 - root - DEBUG - Updating hall of fame
2020-07-20 02:00:53,853 - root - INFO - Completed generation 156; 2.5s elapsed, 1.9s avg, 2.9e+02s total. Expected time remaining: 8.3e+01s
2020-07-20 02:00:53,904 - root - INFO - #156 MAX:accuracy.mean: 0.85
2020-07-20 02:00:53,945 - root - DEBUG - Sampled weight [1.34109935 0.63207859 1.35572905 1.15320354 1.05000383]
2020-07-20 02:00:55,017 - root - DEBUG - Updating hall of fame
2020-07-20 02:00:55,958 - root - INFO - Completed generation 157; 2.1s elapsed, 1.9s avg, 3e+02s total. Expected time remaining: 8.1e+01s
2020-07-20 02:00:56,009 - root - INFO - #157 MAX:accuracy.mean: 0.83
2020-07-20 02:00:56,051 - root - DEBUG - Sampled weight [0.5064147  0.96475652 1.04899414 0.77571839 1.19830566]
2020-07-20 02:00:57,143 - root - DEBUG - Updating hall of fame
2020-07-20 02:00:57,914 - root - INFO - Completed generation 158; 1.9s elapsed, 1.9s avg, 3e+02s total. Expected time remaining: 7.9e+01s
2020-07-20 02:00:57,965 - root - INFO - #158 MAX:accuracy.mean: 0.85
2020-07-20 02:00:58,006 - root - DEBUG - Sampled weight [0.81039512 0.89750207 0.68359478 1.67428489 1.44928378]
2020-07-20 02:00:59,081 - root - DEBUG - Updating hall of fame
2020-07-20 02:00:59,833 - root - INFO - Completed generation 159; 1.9s elapsed, 1.9s avg, 3e+02s total. Expected time remaining: 7.7e+01s
2020-07-20 02:00:59,884 - root - INFO - #159 MAX:accuracy.mean: 0.87
2020-07-20 02:00:59,925 - root - DEBUG - Sampled weight [1.97774365 3.17181956 1.15038435 2.23806587 1.38690042]
2020-07-20 02:01:01,059 - root - DEBUG - Updating hall of fame
2020-07-20 02:01:01,463 - root - INFO - Completed generation 160; 1.6s elapsed, 1.9s avg, 3e+02s total. Expected time remaining: 7.5e+01s
2020-07-20 02:01:01,518 - root - INFO - #160 MAX:accuracy.mean: 0.79
2020-07-20 02:01:01,649 - root - DEBUG - Sampled weight [1.19900901 0.97108026 0.81996861 0.76841854 1.191604  ]
2020-07-20 02:01:02,840 - root - DEBUG - Updating hall of fame
2020-07-20 02:01:03,633 - root - INFO - Completed generation 161; 2.0s elapsed, 1.9s avg, 3e+02s total. Expected time remaining: 7.4e+01s
2020-07-20 02:01:03,689 - root - INFO - #161 MAX:accuracy.mean: 0.79
2020-07-20 02:01:03,733 - root - DEBUG - Sampled weight [1.2182841  1.73461887 0.87221051 1.15947431 0.59779399]
2020-07-20 02:01:04,888 - root - DEBUG - Updating hall of fame
2020-07-20 02:01:05,679 - root - INFO - Completed generation 162; 2.0s elapsed, 1.9s avg, 3.1e+02s total. Expected time remaining: 7.2e+01s
2020-07-20 02:01:05,734 - root - INFO - #162 MAX:accuracy.mean: 0.79
2020-07-20 02:01:05,778 - root - DEBUG - Sampled weight [0.81283378 2.09652074 1.76108988 0.48584606 1.6677897 ]
2020-07-20 02:01:06,931 - root - DEBUG - Updating hall of fame
2020-07-20 02:01:07,530 - root - INFO - Completed generation 163; 1.8s elapsed, 1.9s avg, 3.1e+02s total. Expected time remaining: 7e+01s
2020-07-20 02:01:07,585 - root - INFO - #163 MAX:accuracy.mean: 0.79
2020-07-20 02:01:07,628 - root - DEBUG - Sampled weight [1.50503962 1.11706349 0.76404951 1.25996505 0.57431189]
2020-07-20 02:01:08,790 - root - DEBUG - Updating hall of fame
2020-07-20 02:01:09,579 - root - INFO - Completed generation 164; 2.0s elapsed, 1.9s avg, 3.1e+02s total. Expected time remaining: 6.8e+01s
2020-07-20 02:01:09,633 - root - INFO - #164 MAX:accuracy.mean: 0.83
2020-07-20 02:01:09,675 - root - DEBUG - Sampled weight [1.41755851 0.90589694 0.47027327 0.36012664 1.34116963]
2020-07-20 02:01:10,754 - root - DEBUG - Updating hall of fame
2020-07-20 02:01:11,482 - root - INFO - Completed generation 165; 1.8s elapsed, 1.9s avg, 3.1e+02s total. Expected time remaining: 6.6e+01s
2020-07-20 02:01:11,534 - root - INFO - #165 MAX:accuracy.mean: 0.79
2020-07-20 02:01:11,573 - root - DEBUG - Sampled weight [0.62318719 0.81778609 0.54281809 1.72453328 0.43490776]
2020-07-20 02:01:12,646 - root - DEBUG - Updating hall of fame
2020-07-20 02:01:12,828 - root - INFO - Completed generation 166; 1.3s elapsed, 1.9s avg, 3.1e+02s total. Expected time remaining: 6.4e+01s
2020-07-20 02:01:12,880 - root - INFO - #166 MAX:accuracy.mean: 0.86
2020-07-20 02:01:12,920 - root - DEBUG - Sampled weight [1.25581796 1.67366103 0.96668985 1.21533641 0.81756566]
2020-07-20 02:01:13,996 - root - DEBUG - Updating hall of fame
2020-07-20 02:01:13,997 - root - INFO - Completed generation 167; 1.1s elapsed, 1.9s avg, 3.1e+02s total. Expected time remaining: 6.2e+01s
2020-07-20 02:01:14,048 - root - INFO - #167 MAX:accuracy.mean: 0.8
2020-07-20 02:01:14,089 - root - DEBUG - Sampled weight [0.84142088 1.18976284 1.26162855 1.03247317 0.99640885]
2020-07-20 02:01:15,153 - root - DEBUG - Updating hall of fame
2020-07-20 02:01:16,282 - root - INFO - Completed generation 168; 2.2s elapsed, 1.9s avg, 3.2e+02s total. Expected time remaining: 6e+01s
2020-07-20 02:01:16,333 - root - INFO - #168 MAX:accuracy.mean: 0.79
2020-07-20 02:01:16,374 - root - DEBUG - Sampled weight [1.27986121 0.69798187 0.48226207 2.67964066 1.36381507]
2020-07-20 02:01:17,458 - root - DEBUG - Updating hall of fame
2020-07-20 02:01:18,006 - root - INFO - Completed generation 169; 1.7s elapsed, 1.9s avg, 3.2e+02s total. Expected time remaining: 5.8e+01s
2020-07-20 02:01:18,057 - root - INFO - #169 MAX:accuracy.mean: 0.79
2020-07-20 02:01:18,098 - root - DEBUG - Sampled weight [1.05878011 1.64402806 0.65549483 0.86146717 0.73058578]
2020-07-20 02:01:19,196 - root - DEBUG - Updating hall of fame
2020-07-20 02:01:20,144 - root - INFO - Completed generation 170; 2.1s elapsed, 1.9s avg, 3.2e+02s total. Expected time remaining: 5.6e+01s
2020-07-20 02:01:20,196 - root - INFO - #170 MAX:accuracy.mean: 0.88
2020-07-20 02:01:20,340 - root - DEBUG - Sampled weight [0.50475762 0.58815001 1.27467982 0.72238341 0.71169972]
2020-07-20 02:01:21,446 - root - DEBUG - Updating hall of fame
2020-07-20 02:01:22,397 - root - INFO - Completed generation 171; 2.1s elapsed, 1.9s avg, 3.2e+02s total. Expected time remaining: 5.5e+01s
2020-07-20 02:01:22,449 - root - INFO - #171 MAX:accuracy.mean: 0.91
2020-07-20 02:01:22,488 - root - DEBUG - Sampled weight [0.63408725 0.58343568 1.03795384 1.32482294 0.96811699]
2020-07-20 02:01:23,575 - root - DEBUG - Updating hall of fame
2020-07-20 02:01:23,939 - root - INFO - Completed generation 172; 1.5s elapsed, 1.9s avg, 3.2e+02s total. Expected time remaining: 5.3e+01s
2020-07-20 02:01:23,990 - root - INFO - #172 MAX:accuracy.mean: 0.83
2020-07-20 02:01:24,031 - root - DEBUG - Sampled weight [0.73735742 1.18007689 2.007471   0.9057047  1.14567063]
2020-07-20 02:01:25,112 - root - DEBUG - Updating hall of fame
2020-07-20 02:01:25,661 - root - INFO - Completed generation 173; 1.7s elapsed, 1.9s avg, 3.3e+02s total. Expected time remaining: 5.1e+01s
2020-07-20 02:01:25,715 - root - INFO - #173 MAX:accuracy.mean: 0.86
2020-07-20 02:01:25,756 - root - DEBUG - Sampled weight [0.38761306 0.81001761 0.8042366  1.21078596 1.73879154]
2020-07-20 02:01:26,836 - root - DEBUG - Updating hall of fame
2020-07-20 02:01:27,793 - root - INFO - Completed generation 174; 2.1s elapsed, 1.9s avg, 3.3e+02s total. Expected time remaining: 4.9e+01s
2020-07-20 02:01:27,844 - root - INFO - #174 MAX:accuracy.mean: 0.8
2020-07-20 02:01:27,884 - root - DEBUG - Sampled weight [0.6120303  0.75728125 1.2720515  0.25832643 1.21018244]
2020-07-20 02:01:28,965 - root - DEBUG - Updating hall of fame
2020-07-20 02:01:29,703 - root - INFO - Completed generation 175; 1.9s elapsed, 1.9s avg, 3.3e+02s total. Expected time remaining: 4.7e+01s
2020-07-20 02:01:29,755 - root - INFO - #175 MAX:accuracy.mean: 0.84
2020-07-20 02:01:29,796 - root - DEBUG - Sampled weight [1.34627455 0.89545494 0.68285159 0.80278229 2.37372344]
2020-07-20 02:01:30,881 - root - DEBUG - Updating hall of fame
2020-07-20 02:01:31,246 - root - INFO - Completed generation 176; 1.5s elapsed, 1.9s avg, 3.3e+02s total. Expected time remaining: 4.5e+01s
2020-07-20 02:01:31,298 - root - INFO - #176 MAX:accuracy.mean: 0.85
2020-07-20 02:01:31,338 - root - DEBUG - Sampled weight [0.99790673 2.00770492 0.97609079 1.14407456 0.79289876]
2020-07-20 02:01:32,417 - root - DEBUG - Updating hall of fame
2020-07-20 02:01:33,002 - root - INFO - Completed generation 177; 1.7s elapsed, 1.9s avg, 3.3e+02s total. Expected time remaining: 4.3e+01s
2020-07-20 02:01:33,054 - root - INFO - #177 MAX:accuracy.mean: 0.85
2020-07-20 02:01:33,095 - root - DEBUG - Sampled weight [1.06027025 1.09002635 0.54036254 0.92959795 1.42100157]
2020-07-20 02:01:34,211 - root - DEBUG - Updating hall of fame
2020-07-20 02:01:34,969 - root - INFO - Completed generation 178; 1.9s elapsed, 1.9s avg, 3.3e+02s total. Expected time remaining: 4.1e+01s
2020-07-20 02:01:35,020 - root - INFO - #178 MAX:accuracy.mean: 0.84
2020-07-20 02:01:35,063 - root - DEBUG - Sampled weight [0.46143351 1.04576983 0.65991974 1.34923901 0.95464945]
2020-07-20 02:01:36,140 - root - DEBUG - Updating hall of fame
2020-07-20 02:01:36,901 - root - INFO - Completed generation 179; 1.9s elapsed, 1.9s avg, 3.4e+02s total. Expected time remaining: 3.9e+01s
2020-07-20 02:01:36,953 - root - INFO - #179 MAX:accuracy.mean: 0.86
2020-07-20 02:01:36,993 - root - DEBUG - Sampled weight [0.67400582 0.73149557 2.34630484 1.49940496 0.98074063]
2020-07-20 02:01:38,083 - root - DEBUG - Updating hall of fame
2020-07-20 02:01:38,820 - root - INFO - Completed generation 180; 1.9s elapsed, 1.9s avg, 3.4e+02s total. Expected time remaining: 3.8e+01s
2020-07-20 02:01:38,872 - root - INFO - #180 MAX:accuracy.mean: 0.88
2020-07-20 02:01:39,075 - root - DEBUG - Sampled weight [1.57051832 1.55624872 3.50251499 2.61501046 1.35633262]
2020-07-20 02:01:40,169 - root - DEBUG - Updating hall of fame
2020-07-20 02:01:41,314 - root - INFO - Completed generation 181; 2.3s elapsed, 1.9s avg, 3.4e+02s total. Expected time remaining: 3.6e+01s
2020-07-20 02:01:41,366 - root - INFO - #181 MAX:accuracy.mean: 0.84
2020-07-20 02:01:41,406 - root - DEBUG - Sampled weight [1.29245318 0.8114265  1.04503275 0.92418063 0.77102056]
2020-07-20 02:01:42,469 - root - DEBUG - Updating hall of fame
2020-07-20 02:01:43,791 - root - INFO - Completed generation 182; 2.4s elapsed, 1.9s avg, 3.4e+02s total. Expected time remaining: 3.4e+01s
2020-07-20 02:01:43,842 - root - INFO - #182 MAX:accuracy.mean: 0.84
2020-07-20 02:01:43,882 - root - DEBUG - Sampled weight [1.94920563 1.30419781 1.39220553 0.93279089 0.62508575]
2020-07-20 02:01:44,966 - root - DEBUG - Updating hall of fame
2020-07-20 02:01:45,883 - root - INFO - Completed generation 183; 2.0s elapsed, 1.9s avg, 3.4e+02s total. Expected time remaining: 3.2e+01s
2020-07-20 02:01:45,936 - root - INFO - #183 MAX:accuracy.mean: 0.72
2020-07-20 02:01:45,978 - root - DEBUG - Sampled weight [1.02200519 2.47453835 0.65497112 1.10803794 1.25653421]
2020-07-20 02:01:47,105 - root - DEBUG - Updating hall of fame
2020-07-20 02:01:47,887 - root - INFO - Completed generation 184; 2.0s elapsed, 1.9s avg, 3.5e+02s total. Expected time remaining: 3e+01s
2020-07-20 02:01:47,938 - root - INFO - #184 MAX:accuracy.mean: 0.71
2020-07-20 02:01:47,981 - root - DEBUG - Sampled weight [0.87936222 0.91011555 1.03195255 0.34208363 1.76034903]
2020-07-20 02:01:49,111 - root - DEBUG - Updating hall of fame
2020-07-20 02:01:49,909 - root - INFO - Completed generation 185; 2.0s elapsed, 1.9s avg, 3.5e+02s total. Expected time remaining: 2.8e+01s
2020-07-20 02:01:49,961 - root - INFO - #185 MAX:accuracy.mean: 0.72
2020-07-20 02:01:50,002 - root - DEBUG - Sampled weight [0.53624535 0.66847499 1.42019893 1.04657431 1.50552234]
2020-07-20 02:01:51,136 - root - DEBUG - Updating hall of fame
2020-07-20 02:01:51,499 - root - INFO - Completed generation 186; 1.5s elapsed, 1.9s avg, 3.5e+02s total. Expected time remaining: 2.6e+01s
2020-07-20 02:01:51,550 - root - INFO - #186 MAX:accuracy.mean: 0.78
2020-07-20 02:01:51,591 - root - DEBUG - Sampled weight [0.75524805 0.42354299 1.56260286 2.44932439 1.58749244]
2020-07-20 02:01:52,688 - root - DEBUG - Updating hall of fame
2020-07-20 02:01:53,245 - root - INFO - Completed generation 187; 1.7s elapsed, 1.9s avg, 3.5e+02s total. Expected time remaining: 2.4e+01s
2020-07-20 02:01:53,296 - root - INFO - #187 MAX:accuracy.mean: 0.79
2020-07-20 02:01:53,336 - root - DEBUG - Sampled weight [2.72653661 0.85307626 1.4186849  2.05113865 0.69611578]
2020-07-20 02:01:54,421 - root - DEBUG - Updating hall of fame
2020-07-20 02:01:55,378 - root - INFO - Completed generation 188; 2.1s elapsed, 1.9s avg, 3.5e+02s total. Expected time remaining: 2.3e+01s
2020-07-20 02:01:55,430 - root - INFO - #188 MAX:accuracy.mean: 0.8
2020-07-20 02:01:55,471 - root - DEBUG - Sampled weight [1.11885408 0.56891231 0.55959305 0.6243138  1.09424322]
2020-07-20 02:01:56,552 - root - DEBUG - Updating hall of fame
2020-07-20 02:01:57,329 - root - INFO - Completed generation 189; 1.9s elapsed, 1.9s avg, 3.6e+02s total. Expected time remaining: 2.1e+01s
2020-07-20 02:01:57,380 - root - INFO - #189 MAX:accuracy.mean: 0.71
2020-07-20 02:01:57,422 - root - DEBUG - Sampled weight [0.67605847 0.96061844 0.56583974 1.69725718 0.7173318 ]
2020-07-20 02:01:58,508 - root - DEBUG - Updating hall of fame
2020-07-20 02:01:59,055 - root - INFO - Completed generation 190; 1.7s elapsed, 1.9s avg, 3.6e+02s total. Expected time remaining: 1.9e+01s
2020-07-20 02:01:59,106 - root - INFO - #190 MAX:accuracy.mean: 0.85
2020-07-20 02:01:59,273 - root - DEBUG - Sampled weight [0.75525718 1.91529209 0.6887614  1.624736   1.45634587]
2020-07-20 02:02:00,348 - root - DEBUG - Updating hall of fame
2020-07-20 02:02:00,900 - root - INFO - Completed generation 191; 1.7s elapsed, 1.9s avg, 3.6e+02s total. Expected time remaining: 1.7e+01s
2020-07-20 02:02:00,951 - root - INFO - #191 MAX:accuracy.mean: 0.77
2020-07-20 02:02:00,993 - root - DEBUG - Sampled weight [0.96914226 1.30557773 2.2584972  0.98473786 1.95708904]
2020-07-20 02:02:02,158 - root - DEBUG - Updating hall of fame
2020-07-20 02:02:03,280 - root - INFO - Completed generation 192; 2.3s elapsed, 1.9s avg, 3.6e+02s total. Expected time remaining: 1.5e+01s
2020-07-20 02:02:03,331 - root - INFO - #192 MAX:accuracy.mean: 0.77
2020-07-20 02:02:03,372 - root - DEBUG - Sampled weight [1.77940621 1.19189701 1.24758253 0.91277305 0.52268555]
2020-07-20 02:02:04,461 - root - DEBUG - Updating hall of fame
2020-07-20 02:02:05,032 - root - INFO - Completed generation 193; 1.7s elapsed, 1.9s avg, 3.6e+02s total. Expected time remaining: 1.3e+01s
2020-07-20 02:02:05,083 - root - INFO - #193 MAX:accuracy.mean: 0.75
2020-07-20 02:02:05,124 - root - DEBUG - Sampled weight [1.61629203 0.46441008 0.84034737 1.97303686 0.55908358]
2020-07-20 02:02:06,222 - root - DEBUG - Updating hall of fame
2020-07-20 02:02:06,769 - root - INFO - Completed generation 194; 1.7s elapsed, 1.9s avg, 3.6e+02s total. Expected time remaining: 1.1e+01s
2020-07-20 02:02:06,820 - root - INFO - #194 MAX:accuracy.mean: 0.75
2020-07-20 02:02:06,861 - root - DEBUG - Sampled weight [0.95041774 0.33485953 0.85986577 1.81646241 0.84615579]
2020-07-20 02:02:07,937 - root - DEBUG - Updating hall of fame
2020-07-20 02:02:08,120 - root - INFO - Completed generation 195; 1.3s elapsed, 1.9s avg, 3.7e+02s total. Expected time remaining: 9.4s
2020-07-20 02:02:08,171 - root - INFO - #195 MAX:accuracy.mean: 0.78
2020-07-20 02:02:08,212 - root - DEBUG - Sampled weight [0.57196396 0.86677924 0.81590618 1.19969826 2.05637262]
2020-07-20 02:02:09,277 - root - DEBUG - Updating hall of fame
2020-07-20 02:02:09,639 - root - INFO - Completed generation 196; 1.5s elapsed, 1.9s avg, 3.7e+02s total. Expected time remaining: 7.5s
2020-07-20 02:02:09,692 - root - INFO - #196 MAX:accuracy.mean: 0.86
2020-07-20 02:02:09,733 - root - DEBUG - Sampled weight [1.04181629 1.3892531  1.30890098 1.75243743 1.20605466]
2020-07-20 02:02:10,805 - root - DEBUG - Updating hall of fame
2020-07-20 02:02:11,366 - root - INFO - Completed generation 197; 1.7s elapsed, 1.9s avg, 3.7e+02s total. Expected time remaining: 5.6s
2020-07-20 02:02:11,417 - root - INFO - #197 MAX:accuracy.mean: 0.84
2020-07-20 02:02:11,458 - root - DEBUG - Sampled weight [0.57558985 0.89240046 1.31371795 2.70917549 0.47633605]
2020-07-20 02:02:12,542 - root - DEBUG - Updating hall of fame
2020-07-20 02:02:13,463 - root - INFO - Completed generation 198; 2.0s elapsed, 1.9s avg, 3.7e+02s total. Expected time remaining: 3.8s
2020-07-20 02:02:13,516 - root - INFO - #198 MAX:accuracy.mean: 0.84
2020-07-20 02:02:13,556 - root - DEBUG - Sampled weight [0.90188619 1.42377373 0.99382368 1.66427105 2.53411475]
2020-07-20 02:02:14,634 - root - DEBUG - Updating hall of fame
2020-07-20 02:02:15,377 - root - INFO - Completed generation 199; 1.9s elapsed, 1.9s avg, 3.7e+02s total. Expected time remaining: 1.9s
2020-07-20 02:02:15,429 - root - INFO - #199 MAX:accuracy.mean: 0.86
2020-07-20 02:02:15,469 - root - DEBUG - Sampled weight [0.6136408  0.93675068 0.92450684 0.83266329 0.80344904]
2020-07-20 02:02:16,550 - root - DEBUG - Updating hall of fame
2020-07-20 02:02:17,672 - root - INFO - Completed generation 200; 2.2s elapsed, 1.9s avg, 3.8e+02s total. Expected time remaining: 0.0s
2020-07-20 02:02:17,724 - root - INFO - #200 MAX:accuracy.mean: 0.82
2020-07-20 02:02:17,879 - root - DEBUG - Loaded 150 samples.
2020-07-20 02:02:17,883 - root - INFO - Evaluating indivs in hall of fame.
2020-07-20 02:02:19,847 - root - INFO - Completed excution.
