2020-07-28 03:02:27,103 - root - INFO - Package version 0.1.1
2020-07-28 03:02:27,104 - root - INFO - Saving data at /vol/fob-vol1/mi15/plonerma/Lab/rewann/data/2020-07-28_Iris [1, 2, 3, 6, 9, 10]; uniform -2,2; signed: True_000.
2020-07-28 03:02:27,104 - root - DEBUG - Loading training dataset
2020-07-28 03:02:27,198 - root - DEBUG - Loaded 150 samples.
2020-07-28 03:02:27,199 - root - DEBUG - Running experiments with the following parameters:
debug = true
experiment_name = "Iris [1, 2, 3, 6, 9, 10]; uniform -2,2; signed: True"
experiment_path = "data/2020-07-28_Iris [1, 2, 3, 6, 9, 10]; uniform -2,2; signed: True_000"

[config]
num_workers = 1
debug = true
backend = "numpy"

[postopt]
run_postopt = true
compile_report = false
num_weights = 100
num_samples = -1

[sampling]
seed = 0
post_init_seed = false
distribution = "uniform"
lower_bound = -2
upper_bound = 2
mean = 0
sigma = 1
num_weights_per_iteration = 5
num_samples_per_iteration = -1
hof_evaluation_iterations = 20

[task]
name = "iris"
sample_order_seed = 0
test_portion = 0.2
sample_length = 10
num_categories = 8

[storage]
data_base_path = "data"
log_filename = "execution.log"
commit_elite_freq = -1
commit_metrics_freq = 10

[population]
num_generations = 200
size = 100
initial_enabled_edge_prob = 0.05
initial_genes = "full"
hof_size = 10
enable_edge_signs = true
enabled_activation_funcs = [ 1, 2, 3, 6, 9, 10,]

[selection]
use_tournaments = true
elite_ratio = 0.1
culling_ratio = 0.2
tournament_size = 5
objectives = [ "-log_loss.min", "-log_loss.mean", "-n_hidden",]
recorded_metrics = [ "accuracy", "kappa", "log_loss",]
hof_metric = "accuracy.mean"

[mutation.new_edge]
probability = 0.2
strategy = "layer_agnostic"
propability = 0.2

[mutation.new_node]
probability = 0.25
propability = 0.3

[mutation.reenable_edge]
probability = 0.05
propability = 0.1

[mutation.change_activation]
probability = 0.5
propability = 0.4

[mutation.change_edge_sign]
probability = 0.2

[mutation.new_recurrent_edge]
probability = 0.2
strategy = "any"

2020-07-28 03:02:27,239 - root - INFO - Starting evolutionary algorithm
2020-07-28 03:02:27,267 - root - DEBUG - Sampled weight [ 1.97960763  0.98266634  0.5447582  -1.68770058 -0.7071392 ]
2020-07-28 03:02:28,556 - root - DEBUG - Updating hall of fame
2020-07-28 03:02:30,486 - root - INFO - Completed generation 1; 3.2s elapsed, 3.2s avg, 3.2s total. Expected time remaining: 6.5e+02s
2020-07-28 03:02:30,546 - root - INFO - #1 MAX:accuracy.mean: 0.45
2020-07-28 03:02:30,587 - root - DEBUG - Sampled weight [-1.98789401 -0.28641954  0.37448859  1.90480553 -0.5365461 ]
2020-07-28 03:02:31,642 - root - DEBUG - Updating hall of fame
2020-07-28 03:02:33,486 - root - INFO - Completed generation 2; 2.9s elapsed, 3.1s avg, 6.2s total. Expected time remaining: 6.1e+02s
2020-07-28 03:02:33,538 - root - INFO - #2 MAX:accuracy.mean: 0.53
2020-07-28 03:02:33,580 - root - DEBUG - Sampled weight [-1.04510533 -1.79564092 -0.89268884 -1.29438638 -1.889157  ]
2020-07-28 03:02:34,643 - root - DEBUG - Updating hall of fame
2020-07-28 03:02:36,483 - root - INFO - Completed generation 3; 2.9s elapsed, 3.0s avg, 9.1s total. Expected time remaining: 6e+02s
2020-07-28 03:02:36,536 - root - INFO - #3 MAX:accuracy.mean: 0.62
2020-07-28 03:02:36,578 - root - DEBUG - Sampled weight [ 0.94288216  0.45762736 -0.50085529 -0.27998939  0.28035605]
2020-07-28 03:02:37,647 - root - DEBUG - Updating hall of fame
2020-07-28 03:02:39,522 - root - INFO - Completed generation 4; 3.0s elapsed, 3.0s avg, 1.2e+01s total. Expected time remaining: 5.9e+02s
2020-07-28 03:02:39,576 - root - INFO - #4 MAX:accuracy.mean: 0.65
2020-07-28 03:02:39,617 - root - DEBUG - Sampled weight [-0.8494065  -1.81734713  0.33213516  1.37060602  1.08125061]
2020-07-28 03:02:40,677 - root - DEBUG - Updating hall of fame
2020-07-28 03:02:42,525 - root - INFO - Completed generation 5; 2.9s elapsed, 3.0s avg, 1.5e+01s total. Expected time remaining: 5.9e+02s
2020-07-28 03:02:42,579 - root - INFO - #5 MAX:accuracy.mean: 0.55
2020-07-28 03:02:42,619 - root - DEBUG - Sampled weight [-1.69538673  1.81788332 -0.44378094  0.26463215  1.04509798]
2020-07-28 03:02:43,683 - root - DEBUG - Updating hall of fame
2020-07-28 03:02:44,462 - root - INFO - Completed generation 6; 1.9s elapsed, 2.8s avg, 1.7e+01s total. Expected time remaining: 5.5e+02s
2020-07-28 03:02:44,516 - root - INFO - #6 MAX:accuracy.mean: 0.52
2020-07-28 03:02:44,557 - root - DEBUG - Sampled weight [ 1.18665982 -0.72023139 -0.97951267  0.73642283  1.08562398]
2020-07-28 03:02:45,618 - root - DEBUG - Updating hall of fame
2020-07-28 03:02:46,748 - root - INFO - Completed generation 7; 2.2s elapsed, 2.7s avg, 1.9e+01s total. Expected time remaining: 5.3e+02s
2020-07-28 03:02:46,802 - root - INFO - #7 MAX:accuracy.mean: 0.66
2020-07-28 03:02:46,843 - root - DEBUG - Sampled weight [-1.65726084 -1.45310707 -1.99960259 -1.76671149  1.13702173]
2020-07-28 03:02:47,913 - root - DEBUG - Updating hall of fame
2020-07-28 03:02:49,037 - root - INFO - Completed generation 8; 2.2s elapsed, 2.7s avg, 2.1e+01s total. Expected time remaining: 5.1e+02s
2020-07-28 03:02:49,091 - root - INFO - #8 MAX:accuracy.mean: 0.67
2020-07-28 03:02:49,132 - root - DEBUG - Sampled weight [ 0.33302751  1.09533821  1.42124777 -1.58801478  0.13084466]
2020-07-28 03:02:50,195 - root - DEBUG - Updating hall of fame
2020-07-28 03:02:51,115 - root - INFO - Completed generation 9; 2.0s elapsed, 2.6s avg, 2.3e+01s total. Expected time remaining: 5e+02s
2020-07-28 03:02:51,169 - root - INFO - #9 MAX:accuracy.mean: 0.61
2020-07-28 03:02:51,210 - root - DEBUG - Sampled weight [-1.82432908  0.57348221 -0.50106426  1.54615704 -0.97527752]
2020-07-28 03:02:52,274 - root - DEBUG - Updating hall of fame
2020-07-28 03:02:53,611 - root - INFO - Completed generation 10; 2.4s elapsed, 2.6s avg, 2.6e+01s total. Expected time remaining: 4.9e+02s
2020-07-28 03:02:53,664 - root - INFO - #10 MAX:accuracy.mean: 0.57
2020-07-28 03:02:53,752 - root - DEBUG - Sampled weight [-1.67164622  0.97378751  1.88123572  0.7769406  -0.385238  ]
2020-07-28 03:02:54,816 - root - DEBUG - Updating hall of fame
2020-07-28 03:02:55,746 - root - INFO - Completed generation 11; 2.0s elapsed, 2.5s avg, 2.8e+01s total. Expected time remaining: 4.8e+02s
2020-07-28 03:02:55,800 - root - INFO - #11 MAX:accuracy.mean: 0.6
2020-07-28 03:02:55,840 - root - DEBUG - Sampled weight [-1.36336545  1.60066948  1.9226463  -0.55008158 -1.16059456]
2020-07-28 03:02:56,912 - root - DEBUG - Updating hall of fame
2020-07-28 03:02:57,665 - root - INFO - Completed generation 12; 1.9s elapsed, 2.5s avg, 3e+01s total. Expected time remaining: 4.7e+02s
2020-07-28 03:02:57,718 - root - INFO - #12 MAX:accuracy.mean: 0.65
2020-07-28 03:02:57,760 - root - DEBUG - Sampled weight [-0.59014481  1.94482915  0.4917121   0.16164555  1.37327068]
2020-07-28 03:02:58,834 - root - DEBUG - Updating hall of fame
2020-07-28 03:02:59,773 - root - INFO - Completed generation 13; 2.1s elapsed, 2.4s avg, 3.2e+01s total. Expected time remaining: 4.6e+02s
2020-07-28 03:02:59,827 - root - INFO - #13 MAX:accuracy.mean: 0.52
2020-07-28 03:02:59,867 - root - DEBUG - Sampled weight [ 0.76750885  1.65963626  1.77168008 -1.4521724   1.06960458]
2020-07-28 03:03:00,945 - root - DEBUG - Updating hall of fame
2020-07-28 03:03:02,073 - root - INFO - Completed generation 14; 2.2s elapsed, 2.4s avg, 3.4e+01s total. Expected time remaining: 4.5e+02s
2020-07-28 03:03:02,128 - root - INFO - #14 MAX:accuracy.mean: 0.66
2020-07-28 03:03:02,169 - root - DEBUG - Sampled weight [ 1.76405508  0.7375274   0.67574964 -0.44042355 -0.36631931]
2020-07-28 03:03:03,241 - root - DEBUG - Updating hall of fame
2020-07-28 03:03:03,804 - root - INFO - Completed generation 15; 1.7s elapsed, 2.4s avg, 3.6e+01s total. Expected time remaining: 4.4e+02s
2020-07-28 03:03:03,857 - root - INFO - #15 MAX:accuracy.mean: 0.65
2020-07-28 03:03:03,898 - root - DEBUG - Sampled weight [-1.22629204 -0.47185487 -0.83064149  1.30387744  1.58706176]
2020-07-28 03:03:04,980 - root - DEBUG - Updating hall of fame
2020-07-28 03:03:05,928 - root - INFO - Completed generation 16; 2.1s elapsed, 2.4s avg, 3.8e+01s total. Expected time remaining: 4.4e+02s
2020-07-28 03:03:05,982 - root - INFO - #16 MAX:accuracy.mean: 0.57
2020-07-28 03:03:06,023 - root - DEBUG - Sampled weight [ 1.41399331 -1.09282411  0.18609049  0.02580287  1.97224636]
2020-07-28 03:03:07,098 - root - DEBUG - Updating hall of fame
2020-07-28 03:03:07,844 - root - INFO - Completed generation 17; 1.9s elapsed, 2.3s avg, 4e+01s total. Expected time remaining: 4.3e+02s
2020-07-28 03:03:07,898 - root - INFO - #17 MAX:accuracy.mean: 0.53
2020-07-28 03:03:07,939 - root - DEBUG - Sampled weight [ 1.18486291  0.57114311 -0.02155567 -1.12132623  1.37985199]
2020-07-28 03:03:09,018 - root - DEBUG - Updating hall of fame
2020-07-28 03:03:09,387 - root - INFO - Completed generation 18; 1.5s elapsed, 2.3s avg, 4.1e+01s total. Expected time remaining: 4.2e+02s
2020-07-28 03:03:09,441 - root - INFO - #18 MAX:accuracy.mean: 0.59
2020-07-28 03:03:09,482 - root - DEBUG - Sampled weight [-1.90400249  0.7244755   1.94447535 -0.49288893 -0.29615364]
2020-07-28 03:03:10,560 - root - DEBUG - Updating hall of fame
2020-07-28 03:03:11,305 - root - INFO - Completed generation 19; 1.9s elapsed, 2.3s avg, 4.3e+01s total. Expected time remaining: 4.1e+02s
2020-07-28 03:03:11,360 - root - INFO - #19 MAX:accuracy.mean: 0.59
2020-07-28 03:03:11,403 - root - DEBUG - Sampled weight [ 0.44842684 -1.55836069 -1.17252629 -1.35820857 -1.16697573]
2020-07-28 03:03:12,489 - root - DEBUG - Updating hall of fame
2020-07-28 03:03:13,247 - root - INFO - Completed generation 20; 1.9s elapsed, 2.2s avg, 4.5e+01s total. Expected time remaining: 4e+02s
2020-07-28 03:03:13,301 - root - INFO - #20 MAX:accuracy.mean: 0.65
2020-07-28 03:03:13,391 - root - DEBUG - Sampled weight [ 1.95816507 -0.20071117 -1.75370399 -0.46499216 -1.0297695 ]
2020-07-28 03:03:14,477 - root - DEBUG - Updating hall of fame
2020-07-28 03:03:15,228 - root - INFO - Completed generation 21; 1.9s elapsed, 2.2s avg, 4.7e+01s total. Expected time remaining: 4e+02s
2020-07-28 03:03:15,282 - root - INFO - #21 MAX:accuracy.mean: 0.58
2020-07-28 03:03:15,324 - root - DEBUG - Sampled weight [ 1.88079582  1.60051294  1.17054069  1.42412696 -1.67875903]
2020-07-28 03:03:16,419 - root - DEBUG - Updating hall of fame
2020-07-28 03:03:17,770 - root - INFO - Completed generation 22; 2.5s elapsed, 2.2s avg, 4.9e+01s total. Expected time remaining: 4e+02s
2020-07-28 03:03:17,824 - root - INFO - #22 MAX:accuracy.mean: 0.66
2020-07-28 03:03:17,864 - root - DEBUG - Sampled weight [0.24379002 0.52160215 0.94756052 1.87152288 0.78959943]
2020-07-28 03:03:18,952 - root - DEBUG - Updating hall of fame
2020-07-28 03:03:19,709 - root - INFO - Completed generation 23; 1.9s elapsed, 2.2s avg, 5.1e+01s total. Expected time remaining: 3.9e+02s
2020-07-28 03:03:19,763 - root - INFO - #23 MAX:accuracy.mean: 0.65
2020-07-28 03:03:19,804 - root - DEBUG - Sampled weight [-0.50236847  0.01922061  1.18771205 -1.29424471  1.24284473]
2020-07-28 03:03:20,884 - root - DEBUG - Updating hall of fame
2020-07-28 03:03:21,835 - root - INFO - Completed generation 24; 2.1s elapsed, 2.2s avg, 5.3e+01s total. Expected time remaining: 3.9e+02s
2020-07-28 03:03:21,889 - root - INFO - #24 MAX:accuracy.mean: 0.59
2020-07-28 03:03:21,930 - root - DEBUG - Sampled weight [ 1.38005275  1.34828071  1.28637434 -1.20526589  0.56939126]
2020-07-28 03:03:23,020 - root - DEBUG - Updating hall of fame
2020-07-28 03:03:23,960 - root - INFO - Completed generation 25; 2.1s elapsed, 2.2s avg, 5.5e+01s total. Expected time remaining: 3.9e+02s
2020-07-28 03:03:24,014 - root - INFO - #25 MAX:accuracy.mean: 0.59
2020-07-28 03:03:24,056 - root - DEBUG - Sampled weight [ 0.12270419 -0.29263053 -0.41651202 -0.2919325  -0.37218692]
2020-07-28 03:03:25,138 - root - DEBUG - Updating hall of fame
2020-07-28 03:03:25,893 - root - INFO - Completed generation 26; 1.9s elapsed, 2.2s avg, 5.7e+01s total. Expected time remaining: 3.8e+02s
2020-07-28 03:03:25,947 - root - INFO - #26 MAX:accuracy.mean: 0.75
2020-07-28 03:03:25,990 - root - DEBUG - Sampled weight [ 1.51514168 -0.72795488 -1.59513205  1.58344753  0.36348452]
2020-07-28 03:03:27,078 - root - DEBUG - Updating hall of fame
2020-07-28 03:03:28,028 - root - INFO - Completed generation 27; 2.1s elapsed, 2.2s avg, 5.9e+01s total. Expected time remaining: 3.8e+02s
2020-07-28 03:03:28,082 - root - INFO - #27 MAX:accuracy.mean: 0.6
2020-07-28 03:03:28,123 - root - DEBUG - Sampled weight [-1.24849965 -0.13869042 -0.58914544  0.59638958  1.80007081]
2020-07-28 03:03:29,198 - root - DEBUG - Updating hall of fame
2020-07-28 03:03:29,566 - root - INFO - Completed generation 28; 1.5s elapsed, 2.2s avg, 6.1e+01s total. Expected time remaining: 3.7e+02s
2020-07-28 03:03:29,620 - root - INFO - #28 MAX:accuracy.mean: 0.54
2020-07-28 03:03:29,661 - root - DEBUG - Sampled weight [ 1.38323305  0.76818029 -0.55532828  0.84117025  1.2577653 ]
2020-07-28 03:03:30,743 - root - DEBUG - Updating hall of fame
2020-07-28 03:03:31,684 - root - INFO - Completed generation 29; 2.1s elapsed, 2.2s avg, 6.3e+01s total. Expected time remaining: 3.7e+02s
2020-07-28 03:03:31,738 - root - INFO - #29 MAX:accuracy.mean: 0.66
2020-07-28 03:03:31,780 - root - DEBUG - Sampled weight [-0.50149771  0.24139961 -1.35561866  0.08363441  0.29763674]
2020-07-28 03:03:32,871 - root - DEBUG - Updating hall of fame
2020-07-28 03:03:34,386 - root - INFO - Completed generation 30; 2.6s elapsed, 2.2s avg, 6.5e+01s total. Expected time remaining: 3.7e+02s
2020-07-28 03:03:34,440 - root - INFO - #30 MAX:accuracy.mean: 0.6
2020-07-28 03:03:34,538 - root - DEBUG - Sampled weight [-0.05351155 -1.50494864 -1.99623344  1.75177903  1.13943378]
2020-07-28 03:03:35,640 - root - DEBUG - Updating hall of fame
2020-07-28 03:03:36,986 - root - INFO - Completed generation 31; 2.5s elapsed, 2.2s avg, 6.8e+01s total. Expected time remaining: 3.7e+02s
2020-07-28 03:03:37,039 - root - INFO - #31 MAX:accuracy.mean: 0.55
2020-07-28 03:03:37,080 - root - DEBUG - Sampled weight [-0.18637887  1.19962997  1.73108248  1.26874015  0.35715506]
2020-07-28 03:03:38,171 - root - DEBUG - Updating hall of fame
2020-07-28 03:03:38,556 - root - INFO - Completed generation 32; 1.5s elapsed, 2.2s avg, 6.9e+01s total. Expected time remaining: 3.6e+02s
2020-07-28 03:03:38,609 - root - INFO - #32 MAX:accuracy.mean: 0.58
2020-07-28 03:03:38,652 - root - DEBUG - Sampled weight [-1.14993426  1.61670072  0.9161461   0.81373589  0.8322704 ]
2020-07-28 03:03:39,747 - root - DEBUG - Updating hall of fame
2020-07-28 03:03:40,317 - root - INFO - Completed generation 33; 1.7s elapsed, 2.2s avg, 7.1e+01s total. Expected time remaining: 3.6e+02s
2020-07-28 03:03:40,371 - root - INFO - #33 MAX:accuracy.mean: 0.81
2020-07-28 03:03:40,412 - root - DEBUG - Sampled weight [ 0.76807447 -1.95086363 -0.84157379  1.85176959 -0.90473029]
2020-07-28 03:03:41,504 - root - DEBUG - Updating hall of fame
2020-07-28 03:03:42,259 - root - INFO - Completed generation 34; 1.9s elapsed, 2.1s avg, 7.3e+01s total. Expected time remaining: 3.6e+02s
2020-07-28 03:03:42,318 - root - INFO - #34 MAX:accuracy.mean: 0.68
2020-07-28 03:03:42,361 - root - DEBUG - Sampled weight [ 0.76567229 -1.551782    0.0146495  -1.99775035  1.39746553]
2020-07-28 03:03:43,450 - root - DEBUG - Updating hall of fame
2020-07-28 03:03:44,040 - root - INFO - Completed generation 35; 1.7s elapsed, 2.1s avg, 7.5e+01s total. Expected time remaining: 3.5e+02s
2020-07-28 03:03:44,094 - root - INFO - #35 MAX:accuracy.mean: 0.58
2020-07-28 03:03:44,134 - root - DEBUG - Sampled weight [-1.31152588 -1.89899311  1.30794362  1.1731406   1.48395908]
2020-07-28 03:03:45,221 - root - DEBUG - Updating hall of fame
2020-07-28 03:03:45,607 - root - INFO - Completed generation 36; 1.5s elapsed, 2.1s avg, 7.6e+01s total. Expected time remaining: 3.5e+02s
2020-07-28 03:03:45,661 - root - INFO - #36 MAX:accuracy.mean: 0.66
2020-07-28 03:03:45,701 - root - DEBUG - Sampled weight [1.86315535 1.10413486 1.29763203 1.00666927 0.7840179 ]
2020-07-28 03:03:46,803 - root - DEBUG - Updating hall of fame
2020-07-28 03:03:47,175 - root - INFO - Completed generation 37; 1.5s elapsed, 2.1s avg, 7.8e+01s total. Expected time remaining: 3.4e+02s
2020-07-28 03:03:47,228 - root - INFO - #37 MAX:accuracy.mean: 0.73
2020-07-28 03:03:47,269 - root - DEBUG - Sampled weight [ 1.05856703  0.04637225  1.28675024 -0.08666921  0.10131831]
2020-07-28 03:03:48,370 - root - DEBUG - Updating hall of fame
2020-07-28 03:03:49,136 - root - INFO - Completed generation 38; 1.9s elapsed, 2.1s avg, 8e+01s total. Expected time remaining: 3.4e+02s
2020-07-28 03:03:49,190 - root - INFO - #38 MAX:accuracy.mean: 0.57
2020-07-28 03:03:49,231 - root - DEBUG - Sampled weight [-0.3906393  -1.98639155 -0.27056877 -0.35929914  1.42534174]
2020-07-28 03:03:50,328 - root - DEBUG - Updating hall of fame
2020-07-28 03:03:50,710 - root - INFO - Completed generation 39; 1.5s elapsed, 2.1s avg, 8.1e+01s total. Expected time remaining: 3.4e+02s
2020-07-28 03:03:50,763 - root - INFO - #39 MAX:accuracy.mean: 0.66
2020-07-28 03:03:50,804 - root - DEBUG - Sampled weight [-1.73298043  1.70001105 -0.74973464 -0.04643719  0.358115  ]
2020-07-28 03:03:51,892 - root - DEBUG - Updating hall of fame
2020-07-28 03:03:52,848 - root - INFO - Completed generation 40; 2.1s elapsed, 2.1s avg, 8.3e+01s total. Expected time remaining: 3.3e+02s
2020-07-28 03:03:53,007 - root - INFO - #40 MAX:accuracy.mean: 0.56
2020-07-28 03:03:53,104 - root - DEBUG - Sampled weight [-0.44414911 -0.40471207  0.65127914 -0.27435762  1.62161845]
2020-07-28 03:03:54,189 - root - DEBUG - Updating hall of fame
2020-07-28 03:03:54,744 - root - INFO - Completed generation 41; 1.7s elapsed, 2.1s avg, 8.5e+01s total. Expected time remaining: 3.3e+02s
2020-07-28 03:03:54,799 - root - INFO - #41 MAX:accuracy.mean: 0.7
2020-07-28 03:03:54,840 - root - DEBUG - Sampled weight [ 1.88632514 -0.13742707  1.77535247 -0.5186704  -1.04667314]
2020-07-28 03:03:55,935 - root - DEBUG - Updating hall of fame
2020-07-28 03:03:57,270 - root - INFO - Completed generation 42; 2.5s elapsed, 2.1s avg, 8.7e+01s total. Expected time remaining: 3.3e+02s
2020-07-28 03:03:57,325 - root - INFO - #42 MAX:accuracy.mean: 0.64
2020-07-28 03:03:57,365 - root - DEBUG - Sampled weight [-0.68757756  1.04499124 -1.17638335 -0.69978996  1.06327915]
2020-07-28 03:03:58,463 - root - DEBUG - Updating hall of fame
2020-07-28 03:03:59,606 - root - INFO - Completed generation 43; 2.3s elapsed, 2.1s avg, 9e+01s total. Expected time remaining: 3.3e+02s
2020-07-28 03:03:59,660 - root - INFO - #43 MAX:accuracy.mean: 0.79
2020-07-28 03:03:59,702 - root - DEBUG - Sampled weight [ 0.6932342   0.54062751 -1.28344863  0.832404   -0.78546198]
2020-07-28 03:04:00,800 - root - DEBUG - Updating hall of fame
2020-07-28 03:04:01,375 - root - INFO - Completed generation 44; 1.7s elapsed, 2.1s avg, 9.1e+01s total. Expected time remaining: 3.2e+02s
2020-07-28 03:04:01,432 - root - INFO - #44 MAX:accuracy.mean: 0.85
2020-07-28 03:04:01,474 - root - DEBUG - Sampled weight [-1.84772265 -0.51342479  0.44324402  1.689269   -0.03494703]
2020-07-28 03:04:02,572 - root - DEBUG - Updating hall of fame
2020-07-28 03:04:03,132 - root - INFO - Completed generation 45; 1.7s elapsed, 2.1s avg, 9.3e+01s total. Expected time remaining: 3.2e+02s
2020-07-28 03:04:03,187 - root - INFO - #45 MAX:accuracy.mean: 0.64
2020-07-28 03:04:03,228 - root - DEBUG - Sampled weight [-1.68724074 -0.16753779  0.83315795  1.07671365 -0.79182677]
2020-07-28 03:04:04,354 - root - DEBUG - Updating hall of fame
2020-07-28 03:04:04,955 - root - INFO - Completed generation 46; 1.8s elapsed, 2.1s avg, 9.5e+01s total. Expected time remaining: 3.2e+02s
2020-07-28 03:04:05,011 - root - INFO - #46 MAX:accuracy.mean: 0.65
2020-07-28 03:04:05,055 - root - DEBUG - Sampled weight [-1.12875173 -1.00771086  1.03676936  0.1769853   1.00281648]
2020-07-28 03:04:06,171 - root - DEBUG - Updating hall of fame
2020-07-28 03:04:07,116 - root - INFO - Completed generation 47; 2.1s elapsed, 2.1s avg, 9.7e+01s total. Expected time remaining: 3.2e+02s
2020-07-28 03:04:07,170 - root - INFO - #47 MAX:accuracy.mean: 0.71
2020-07-28 03:04:07,211 - root - DEBUG - Sampled weight [-0.98533672  0.38216509 -0.22326881 -1.91978627  1.95375599]
2020-07-28 03:04:08,286 - root - DEBUG - Updating hall of fame
2020-07-28 03:04:09,027 - root - INFO - Completed generation 48; 1.9s elapsed, 2.1s avg, 9.9e+01s total. Expected time remaining: 3.1e+02s
2020-07-28 03:04:09,081 - root - INFO - #48 MAX:accuracy.mean: 0.66
2020-07-28 03:04:09,123 - root - DEBUG - Sampled weight [-1.45167178  1.38034512 -0.08125486 -1.29025562  0.54435991]
2020-07-28 03:04:10,207 - root - DEBUG - Updating hall of fame
2020-07-28 03:04:10,973 - root - INFO - Completed generation 49; 1.9s elapsed, 2.1s avg, 1e+02s total. Expected time remaining: 3.1e+02s
2020-07-28 03:04:11,027 - root - INFO - #49 MAX:accuracy.mean: 0.69
2020-07-28 03:04:11,069 - root - DEBUG - Sampled weight [-0.65189502 -0.9826687  -0.03356448 -1.99696616 -1.10824565]
2020-07-28 03:04:12,152 - root - DEBUG - Updating hall of fame
2020-07-28 03:04:13,099 - root - INFO - Completed generation 50; 2.1s elapsed, 2.1s avg, 1e+02s total. Expected time remaining: 3.1e+02s
2020-07-28 03:04:13,154 - root - INFO - #50 MAX:accuracy.mean: 0.67
2020-07-28 03:04:13,242 - root - DEBUG - Sampled weight [-0.06845822  0.91766232  1.00638977  1.81030162 -1.59188662]
2020-07-28 03:04:14,326 - root - DEBUG - Updating hall of fame
2020-07-28 03:04:15,096 - root - INFO - Completed generation 51; 1.9s elapsed, 2.1s avg, 1e+02s total. Expected time remaining: 3.1e+02s
2020-07-28 03:04:15,150 - root - INFO - #51 MAX:accuracy.mean: 0.73
2020-07-28 03:04:15,191 - root - DEBUG - Sampled weight [0.03269577 1.30764763 1.87885444 0.41953434 0.26838532]
2020-07-28 03:04:16,268 - root - DEBUG - Updating hall of fame
2020-07-28 03:04:16,847 - root - INFO - Completed generation 52; 1.7s elapsed, 2.0s avg, 1.1e+02s total. Expected time remaining: 3e+02s
2020-07-28 03:04:16,901 - root - INFO - #52 MAX:accuracy.mean: 0.67
2020-07-28 03:04:16,942 - root - DEBUG - Sampled weight [ 0.65722663 -0.95537496 -0.78006246 -0.44958649 -1.70793621]
2020-07-28 03:04:18,029 - root - DEBUG - Updating hall of fame
2020-07-28 03:04:18,991 - root - INFO - Completed generation 53; 2.1s elapsed, 2.0s avg, 1.1e+02s total. Expected time remaining: 3e+02s
2020-07-28 03:04:19,044 - root - INFO - #53 MAX:accuracy.mean: 0.66
2020-07-28 03:04:19,085 - root - DEBUG - Sampled weight [ 0.1663386   1.9236397  -0.89245297  0.79209744 -0.23972916]
2020-07-28 03:04:20,186 - root - DEBUG - Updating hall of fame
2020-07-28 03:04:21,146 - root - INFO - Completed generation 54; 2.1s elapsed, 2.0s avg, 1.1e+02s total. Expected time remaining: 3e+02s
2020-07-28 03:04:21,200 - root - INFO - #54 MAX:accuracy.mean: 0.69
2020-07-28 03:04:21,242 - root - DEBUG - Sampled weight [-0.43335453  1.82350429 -0.94186743  0.23846574  0.64656226]
2020-07-28 03:04:22,353 - root - DEBUG - Updating hall of fame
2020-07-28 03:04:23,117 - root - INFO - Completed generation 55; 1.9s elapsed, 2.0s avg, 1.1e+02s total. Expected time remaining: 3e+02s
2020-07-28 03:04:23,171 - root - INFO - #55 MAX:accuracy.mean: 0.63
2020-07-28 03:04:23,213 - root - DEBUG - Sampled weight [-0.64164759 -1.07101004  0.62629028  0.18241656 -1.37095634]
2020-07-28 03:04:24,320 - root - DEBUG - Updating hall of fame
2020-07-28 03:04:25,273 - root - INFO - Completed generation 56; 2.1s elapsed, 2.0s avg, 1.1e+02s total. Expected time remaining: 2.9e+02s
2020-07-28 03:04:25,328 - root - INFO - #56 MAX:accuracy.mean: 0.79
2020-07-28 03:04:25,369 - root - DEBUG - Sampled weight [ 0.84288204  1.09443061  0.23932095  0.10473927 -0.94960258]
2020-07-28 03:04:26,475 - root - DEBUG - Updating hall of fame
2020-07-28 03:04:27,034 - root - INFO - Completed generation 57; 1.7s elapsed, 2.0s avg, 1.2e+02s total. Expected time remaining: 2.9e+02s
2020-07-28 03:04:27,088 - root - INFO - #57 MAX:accuracy.mean: 0.73
2020-07-28 03:04:27,130 - root - DEBUG - Sampled weight [ 0.62308489 -1.64464807 -0.1774444   0.2912542   1.80216845]
2020-07-28 03:04:28,230 - root - DEBUG - Updating hall of fame
2020-07-28 03:04:28,432 - root - INFO - Completed generation 58; 1.3s elapsed, 2.0s avg, 1.2e+02s total. Expected time remaining: 2.9e+02s
2020-07-28 03:04:28,486 - root - INFO - #58 MAX:accuracy.mean: 0.68
2020-07-28 03:04:28,528 - root - DEBUG - Sampled weight [-1.43216613 -0.62143904  1.47056471 -0.50451932 -1.83666522]
2020-07-28 03:04:29,637 - root - DEBUG - Updating hall of fame
2020-07-28 03:04:30,598 - root - INFO - Completed generation 59; 2.1s elapsed, 2.0s avg, 1.2e+02s total. Expected time remaining: 2.9e+02s
2020-07-28 03:04:30,652 - root - INFO - #59 MAX:accuracy.mean: 0.71
2020-07-28 03:04:30,694 - root - DEBUG - Sampled weight [-1.24671227 -1.08178679 -1.77473183  0.60498979  0.73395379]
2020-07-28 03:04:31,782 - root - DEBUG - Updating hall of fame
2020-07-28 03:04:32,938 - root - INFO - Completed generation 60; 2.3s elapsed, 2.0s avg, 1.2e+02s total. Expected time remaining: 2.8e+02s
2020-07-28 03:04:32,995 - root - INFO - #60 MAX:accuracy.mean: 0.68
2020-07-28 03:04:33,084 - root - DEBUG - Sampled weight [1.28410962 1.66401609 0.65803473 0.9351966  0.58968691]
2020-07-28 03:04:34,182 - root - DEBUG - Updating hall of fame
2020-07-28 03:04:34,942 - root - INFO - Completed generation 61; 1.9s elapsed, 2.0s avg, 1.2e+02s total. Expected time remaining: 2.8e+02s
2020-07-28 03:04:34,996 - root - INFO - #61 MAX:accuracy.mean: 0.79
2020-07-28 03:04:35,037 - root - DEBUG - Sampled weight [-0.22262924 -0.24858649  0.92000432 -0.71664326 -1.60542741]
2020-07-28 03:04:36,138 - root - DEBUG - Updating hall of fame
2020-07-28 03:04:37,083 - root - INFO - Completed generation 62; 2.1s elapsed, 2.0s avg, 1.3e+02s total. Expected time remaining: 2.8e+02s
2020-07-28 03:04:37,137 - root - INFO - #62 MAX:accuracy.mean: 0.72
2020-07-28 03:04:37,179 - root - DEBUG - Sampled weight [-0.76165638 -0.93628251 -1.64034853 -1.51287578 -0.13192097]
2020-07-28 03:04:38,286 - root - DEBUG - Updating hall of fame
2020-07-28 03:04:38,857 - root - INFO - Completed generation 63; 1.7s elapsed, 2.0s avg, 1.3e+02s total. Expected time remaining: 2.8e+02s
2020-07-28 03:04:38,911 - root - INFO - #63 MAX:accuracy.mean: 0.72
2020-07-28 03:04:38,951 - root - DEBUG - Sampled weight [-1.31434723  1.84234303 -0.86043807 -0.10830695 -1.97307084]
2020-07-28 03:04:40,047 - root - DEBUG - Updating hall of fame
2020-07-28 03:04:40,425 - root - INFO - Completed generation 64; 1.5s elapsed, 2.0s avg, 1.3e+02s total. Expected time remaining: 2.7e+02s
2020-07-28 03:04:40,479 - root - INFO - #64 MAX:accuracy.mean: 0.63
2020-07-28 03:04:40,520 - root - DEBUG - Sampled weight [ 0.4673075   1.97493795 -0.86508954  0.64628735 -1.23113512]
2020-07-28 03:04:41,613 - root - DEBUG - Updating hall of fame
2020-07-28 03:04:41,986 - root - INFO - Completed generation 65; 1.5s elapsed, 2.0s avg, 1.3e+02s total. Expected time remaining: 2.7e+02s
2020-07-28 03:04:42,040 - root - INFO - #65 MAX:accuracy.mean: 0.66
2020-07-28 03:04:42,080 - root - DEBUG - Sampled weight [-1.114639   -1.45622102 -0.5781988  -1.36824013 -0.33586549]
2020-07-28 03:04:43,176 - root - DEBUG - Updating hall of fame
2020-07-28 03:04:44,117 - root - INFO - Completed generation 66; 2.1s elapsed, 2.0s avg, 1.3e+02s total. Expected time remaining: 2.7e+02s
2020-07-28 03:04:44,171 - root - INFO - #66 MAX:accuracy.mean: 0.72
2020-07-28 03:04:44,213 - root - DEBUG - Sampled weight [ 0.87325027 -0.47119561  0.29055718  0.24092866  1.5602355 ]
2020-07-28 03:04:45,308 - root - DEBUG - Updating hall of fame
2020-07-28 03:04:46,245 - root - INFO - Completed generation 67; 2.1s elapsed, 2.0s avg, 1.4e+02s total. Expected time remaining: 2.7e+02s
2020-07-28 03:04:46,299 - root - INFO - #67 MAX:accuracy.mean: 0.68
2020-07-28 03:04:46,342 - root - DEBUG - Sampled weight [-1.7569814  -1.8809232   1.14450063 -1.10799758  1.68349251]
2020-07-28 03:04:47,457 - root - DEBUG - Updating hall of fame
2020-07-28 03:04:48,222 - root - INFO - Completed generation 68; 1.9s elapsed, 2.0s avg, 1.4e+02s total. Expected time remaining: 2.7e+02s
2020-07-28 03:04:48,276 - root - INFO - #68 MAX:accuracy.mean: 0.58
2020-07-28 03:04:48,318 - root - DEBUG - Sampled weight [-1.5016981  -0.22860412 -0.11761648 -0.48767989 -1.86250066]
2020-07-28 03:04:49,410 - root - DEBUG - Updating hall of fame
2020-07-28 03:04:49,410 - root - INFO - Completed generation 69; 1.1s elapsed, 2.0s avg, 1.4e+02s total. Expected time remaining: 2.6e+02s
2020-07-28 03:04:49,464 - root - INFO - #69 MAX:accuracy.mean: 0.64
2020-07-28 03:04:49,506 - root - DEBUG - Sampled weight [ 1.08907663  0.67362756  1.72997798  1.74292218 -1.61014114]
2020-07-28 03:04:50,607 - root - DEBUG - Updating hall of fame
2020-07-28 03:04:51,558 - root - INFO - Completed generation 70; 2.1s elapsed, 2.0s avg, 1.4e+02s total. Expected time remaining: 2.6e+02s
2020-07-28 03:04:51,612 - root - INFO - #70 MAX:accuracy.mean: 0.56
2020-07-28 03:04:51,721 - root - DEBUG - Sampled weight [-0.41667864 -0.26732251  1.73546632 -0.7512664  -1.02497037]
2020-07-28 03:04:52,821 - root - DEBUG - Updating hall of fame
2020-07-28 03:04:53,378 - root - INFO - Completed generation 71; 1.7s elapsed, 2.0s avg, 1.4e+02s total. Expected time remaining: 2.6e+02s
2020-07-28 03:04:53,433 - root - INFO - #71 MAX:accuracy.mean: 0.67
2020-07-28 03:04:53,473 - root - DEBUG - Sampled weight [1.23300357 0.2742689  1.69145784 0.04189811 1.29221264]
2020-07-28 03:04:54,575 - root - DEBUG - Updating hall of fame
2020-07-28 03:04:55,146 - root - INFO - Completed generation 72; 1.7s elapsed, 2.0s avg, 1.4e+02s total. Expected time remaining: 2.6e+02s
2020-07-28 03:04:55,199 - root - INFO - #72 MAX:accuracy.mean: 0.64
2020-07-28 03:04:55,240 - root - DEBUG - Sampled weight [-1.2320506   0.24002729 -1.51093897 -1.14383546  1.46481907]
2020-07-28 03:04:56,339 - root - DEBUG - Updating hall of fame
2020-07-28 03:04:56,527 - root - INFO - Completed generation 73; 1.3s elapsed, 2.0s avg, 1.4e+02s total. Expected time remaining: 2.5e+02s
2020-07-28 03:04:56,581 - root - INFO - #73 MAX:accuracy.mean: 0.64
2020-07-28 03:04:56,622 - root - DEBUG - Sampled weight [-1.90635976 -1.11557873 -0.6740307  -1.5549788   0.3845816 ]
2020-07-28 03:04:57,726 - root - DEBUG - Updating hall of fame
2020-07-28 03:04:58,100 - root - INFO - Completed generation 74; 1.5s elapsed, 2.0s avg, 1.5e+02s total. Expected time remaining: 2.5e+02s
2020-07-28 03:04:58,154 - root - INFO - #74 MAX:accuracy.mean: 0.66
2020-07-28 03:04:58,195 - root - DEBUG - Sampled weight [-1.13646386 -0.94450733 -0.78135928 -0.03337731  0.07696022]
2020-07-28 03:04:59,290 - root - DEBUG - Updating hall of fame
2020-07-28 03:05:00,034 - root - INFO - Completed generation 75; 1.9s elapsed, 2.0s avg, 1.5e+02s total. Expected time remaining: 2.5e+02s
2020-07-28 03:05:00,088 - root - INFO - #75 MAX:accuracy.mean: 0.76
2020-07-28 03:05:00,130 - root - DEBUG - Sampled weight [ 0.46231834 -0.60264147 -0.07542293  0.83960841  0.3695088 ]
2020-07-28 03:05:01,224 - root - DEBUG - Updating hall of fame
2020-07-28 03:05:01,597 - root - INFO - Completed generation 76; 1.5s elapsed, 2.0s avg, 1.5e+02s total. Expected time remaining: 2.4e+02s
2020-07-28 03:05:01,651 - root - INFO - #76 MAX:accuracy.mean: 0.79
2020-07-28 03:05:01,692 - root - DEBUG - Sampled weight [1.67937009 0.8838434  1.59323207 0.76042558 1.70217203]
2020-07-28 03:05:02,807 - root - DEBUG - Updating hall of fame
2020-07-28 03:05:03,563 - root - INFO - Completed generation 77; 1.9s elapsed, 2.0s avg, 1.5e+02s total. Expected time remaining: 2.4e+02s
2020-07-28 03:05:03,617 - root - INFO - #77 MAX:accuracy.mean: 0.7
2020-07-28 03:05:03,658 - root - DEBUG - Sampled weight [ 1.45425149  0.83471952  0.21105383 -0.95654941  0.4113865 ]
2020-07-28 03:05:04,749 - root - DEBUG - Updating hall of fame
2020-07-28 03:05:05,684 - root - INFO - Completed generation 78; 2.1s elapsed, 2.0s avg, 1.5e+02s total. Expected time remaining: 2.4e+02s
2020-07-28 03:05:05,738 - root - INFO - #78 MAX:accuracy.mean: 0.75
2020-07-28 03:05:05,779 - root - DEBUG - Sampled weight [-0.20079345  0.47046304  1.21125852 -1.84746651 -0.8143373 ]
2020-07-28 03:05:06,875 - root - DEBUG - Updating hall of fame
2020-07-28 03:05:07,650 - root - INFO - Completed generation 79; 1.9s elapsed, 2.0s avg, 1.6e+02s total. Expected time remaining: 2.4e+02s
2020-07-28 03:05:07,704 - root - INFO - #79 MAX:accuracy.mean: 0.68
2020-07-28 03:05:07,746 - root - DEBUG - Sampled weight [-1.14517646  0.57680932 -0.99593438 -1.54689193 -1.58436419]
2020-07-28 03:05:08,841 - root - DEBUG - Updating hall of fame
2020-07-28 03:05:09,605 - root - INFO - Completed generation 80; 1.9s elapsed, 2.0s avg, 1.6e+02s total. Expected time remaining: 2.4e+02s
2020-07-28 03:05:09,659 - root - INFO - #80 MAX:accuracy.mean: 0.79
2020-07-28 03:05:09,755 - root - DEBUG - Sampled weight [-1.04962765  1.55819162  1.79410193 -1.60069341  1.19067336]
2020-07-28 03:05:10,848 - root - DEBUG - Updating hall of fame
2020-07-28 03:05:11,408 - root - INFO - Completed generation 81; 1.7s elapsed, 2.0s avg, 1.6e+02s total. Expected time remaining: 2.3e+02s
2020-07-28 03:05:11,463 - root - INFO - #81 MAX:accuracy.mean: 0.8
2020-07-28 03:05:11,504 - root - DEBUG - Sampled weight [ 1.09209757  0.01616529  1.27420401 -0.84054566  1.57282552]
2020-07-28 03:05:12,600 - root - DEBUG - Updating hall of fame
2020-07-28 03:05:13,166 - root - INFO - Completed generation 82; 1.7s elapsed, 2.0s avg, 1.6e+02s total. Expected time remaining: 2.3e+02s
2020-07-28 03:05:13,221 - root - INFO - #82 MAX:accuracy.mean: 0.72
2020-07-28 03:05:13,261 - root - DEBUG - Sampled weight [-0.86500485  1.51535908  1.56383868  0.43621264 -1.67550683]
2020-07-28 03:05:14,350 - root - DEBUG - Updating hall of fame
2020-07-28 03:05:14,924 - root - INFO - Completed generation 83; 1.7s elapsed, 2.0s avg, 1.6e+02s total. Expected time remaining: 2.3e+02s
2020-07-28 03:05:14,977 - root - INFO - #83 MAX:accuracy.mean: 0.74
2020-07-28 03:05:15,019 - root - DEBUG - Sampled weight [-1.55120579 -0.82480853 -1.07227947 -0.09550574 -0.36785339]
2020-07-28 03:05:16,114 - root - DEBUG - Updating hall of fame
2020-07-28 03:05:16,862 - root - INFO - Completed generation 84; 1.9s elapsed, 2.0s avg, 1.6e+02s total. Expected time remaining: 2.3e+02s
2020-07-28 03:05:16,917 - root - INFO - #84 MAX:accuracy.mean: 0.79
2020-07-28 03:05:16,958 - root - DEBUG - Sampled weight [-0.39536562 -0.13980379  0.93733549 -1.75870509 -1.42568182]
2020-07-28 03:05:18,056 - root - DEBUG - Updating hall of fame
2020-07-28 03:05:18,618 - root - INFO - Completed generation 85; 1.7s elapsed, 2.0s avg, 1.7e+02s total. Expected time remaining: 2.2e+02s
2020-07-28 03:05:18,671 - root - INFO - #85 MAX:accuracy.mean: 0.77
2020-07-28 03:05:18,711 - root - DEBUG - Sampled weight [-0.30961887  0.75478998  1.80020287 -1.60929037 -1.72423809]
2020-07-28 03:05:19,799 - root - DEBUG - Updating hall of fame
2020-07-28 03:05:20,577 - root - INFO - Completed generation 86; 1.9s elapsed, 2.0s avg, 1.7e+02s total. Expected time remaining: 2.2e+02s
2020-07-28 03:05:20,631 - root - INFO - #86 MAX:accuracy.mean: 0.74
2020-07-28 03:05:20,672 - root - DEBUG - Sampled weight [ 1.05184019 -0.86901055 -1.73369075 -0.06817303  1.31776468]
2020-07-28 03:05:21,767 - root - DEBUG - Updating hall of fame
2020-07-28 03:05:22,519 - root - INFO - Completed generation 87; 1.9s elapsed, 2.0s avg, 1.7e+02s total. Expected time remaining: 2.2e+02s
2020-07-28 03:05:22,573 - root - INFO - #87 MAX:accuracy.mean: 0.75
2020-07-28 03:05:22,614 - root - DEBUG - Sampled weight [-0.61485061  0.20171752  0.86360891  1.90294398  0.52799764]
2020-07-28 03:05:23,711 - root - DEBUG - Updating hall of fame
2020-07-28 03:05:24,286 - root - INFO - Completed generation 88; 1.7s elapsed, 2.0s avg, 1.7e+02s total. Expected time remaining: 2.2e+02s
2020-07-28 03:05:24,341 - root - INFO - #88 MAX:accuracy.mean: 0.73
2020-07-28 03:05:24,381 - root - DEBUG - Sampled weight [ 0.05496991  1.68627872 -1.95861285  1.3010915  -1.13964294]
2020-07-28 03:05:25,473 - root - DEBUG - Updating hall of fame
2020-07-28 03:05:26,438 - root - INFO - Completed generation 89; 2.1s elapsed, 2.0s avg, 1.7e+02s total. Expected time remaining: 2.2e+02s
2020-07-28 03:05:26,492 - root - INFO - #89 MAX:accuracy.mean: 0.76
2020-07-28 03:05:26,534 - root - DEBUG - Sampled weight [ 1.88311342  0.77799714 -0.34671723  0.8493764   0.33095878]
2020-07-28 03:05:27,643 - root - DEBUG - Updating hall of fame
2020-07-28 03:05:28,218 - root - INFO - Completed generation 90; 1.7s elapsed, 2.0s avg, 1.8e+02s total. Expected time remaining: 2.1e+02s
2020-07-28 03:05:28,272 - root - INFO - #90 MAX:accuracy.mean: 0.74
2020-07-28 03:05:28,373 - root - DEBUG - Sampled weight [-1.27336456 -0.04830967  0.51095197  0.23333203 -0.50488306]
2020-07-28 03:05:29,466 - root - DEBUG - Updating hall of fame
2020-07-28 03:05:30,210 - root - INFO - Completed generation 91; 1.9s elapsed, 2.0s avg, 1.8e+02s total. Expected time remaining: 2.1e+02s
2020-07-28 03:05:30,264 - root - INFO - #91 MAX:accuracy.mean: 0.69
2020-07-28 03:05:30,306 - root - DEBUG - Sampled weight [ 1.99981369 -1.19051034 -0.11603313 -0.74774449 -1.53566095]
2020-07-28 03:05:31,410 - root - DEBUG - Updating hall of fame
2020-07-28 03:05:31,980 - root - INFO - Completed generation 92; 1.7s elapsed, 1.9s avg, 1.8e+02s total. Expected time remaining: 2.1e+02s
2020-07-28 03:05:32,034 - root - INFO - #92 MAX:accuracy.mean: 0.64
2020-07-28 03:05:32,075 - root - DEBUG - Sampled weight [ 1.51953795 -0.74584314  0.01510508  1.71550919 -1.28403626]
2020-07-28 03:05:33,175 - root - DEBUG - Updating hall of fame
2020-07-28 03:05:33,556 - root - INFO - Completed generation 93; 1.5s elapsed, 1.9s avg, 1.8e+02s total. Expected time remaining: 2.1e+02s
2020-07-28 03:05:33,609 - root - INFO - #93 MAX:accuracy.mean: 0.64
2020-07-28 03:05:33,651 - root - DEBUG - Sampled weight [-1.39035936  0.11656428  1.53857544  1.01654735  0.15863889]
2020-07-28 03:05:34,752 - root - DEBUG - Updating hall of fame
2020-07-28 03:05:35,324 - root - INFO - Completed generation 94; 1.7s elapsed, 1.9s avg, 1.8e+02s total. Expected time remaining: 2.1e+02s
2020-07-28 03:05:35,378 - root - INFO - #94 MAX:accuracy.mean: 0.8
2020-07-28 03:05:35,420 - root - DEBUG - Sampled weight [ 1.33858427 -1.6647666  -1.58354852  0.49479431 -1.45429061]
2020-07-28 03:05:36,523 - root - DEBUG - Updating hall of fame
2020-07-28 03:05:36,523 - root - INFO - Completed generation 95; 1.1s elapsed, 1.9s avg, 1.8e+02s total. Expected time remaining: 2e+02s
2020-07-28 03:05:36,577 - root - INFO - #95 MAX:accuracy.mean: 0.86
2020-07-28 03:05:36,617 - root - DEBUG - Sampled weight [-1.34208843 -0.41473061  0.28837182 -0.78587675 -1.08699204]
2020-07-28 03:05:37,713 - root - DEBUG - Updating hall of fame
2020-07-28 03:05:38,473 - root - INFO - Completed generation 96; 1.9s elapsed, 1.9s avg, 1.9e+02s total. Expected time remaining: 2e+02s
2020-07-28 03:05:38,528 - root - INFO - #96 MAX:accuracy.mean: 0.75
2020-07-28 03:05:38,569 - root - DEBUG - Sampled weight [ 1.1165065   0.87491687  1.68061633  1.54165853 -0.18263832]
2020-07-28 03:05:39,673 - root - DEBUG - Updating hall of fame
2020-07-28 03:05:40,242 - root - INFO - Completed generation 97; 1.7s elapsed, 1.9s avg, 1.9e+02s total. Expected time remaining: 2e+02s
2020-07-28 03:05:40,295 - root - INFO - #97 MAX:accuracy.mean: 0.68
2020-07-28 03:05:40,337 - root - DEBUG - Sampled weight [-1.99438245  1.22581306  1.97670727  1.55654069 -1.12930026]
2020-07-28 03:05:41,446 - root - DEBUG - Updating hall of fame
2020-07-28 03:05:41,833 - root - INFO - Completed generation 98; 1.5s elapsed, 1.9s avg, 1.9e+02s total. Expected time remaining: 2e+02s
2020-07-28 03:05:41,888 - root - INFO - #98 MAX:accuracy.mean: 0.66
2020-07-28 03:05:41,929 - root - DEBUG - Sampled weight [-0.29129949  1.15706116  1.91974803  1.23977246  0.6797437 ]
2020-07-28 03:05:43,039 - root - DEBUG - Updating hall of fame
2020-07-28 03:05:43,235 - root - INFO - Completed generation 99; 1.3s elapsed, 1.9s avg, 1.9e+02s total. Expected time remaining: 1.9e+02s
2020-07-28 03:05:43,289 - root - INFO - #99 MAX:accuracy.mean: 0.77
2020-07-28 03:05:43,330 - root - DEBUG - Sampled weight [ 1.63691944  1.72663986  1.74341257 -1.27002264 -1.8900741 ]
2020-07-28 03:05:44,430 - root - DEBUG - Updating hall of fame
2020-07-28 03:05:45,181 - root - INFO - Completed generation 100; 1.9s elapsed, 1.9s avg, 1.9e+02s total. Expected time remaining: 1.9e+02s
2020-07-28 03:05:45,236 - root - INFO - #100 MAX:accuracy.mean: 0.81
2020-07-28 03:05:45,348 - root - DEBUG - Sampled weight [-0.76876444  0.20459033 -1.27311789  0.66488965  0.46570047]
2020-07-28 03:05:46,456 - root - DEBUG - Updating hall of fame
2020-07-28 03:05:47,227 - root - INFO - Completed generation 101; 1.9s elapsed, 1.9s avg, 1.9e+02s total. Expected time remaining: 1.9e+02s
2020-07-28 03:05:47,281 - root - INFO - #101 MAX:accuracy.mean: 0.71
2020-07-28 03:05:47,324 - root - DEBUG - Sampled weight [-0.79944647  1.6906868  -0.46932998  0.08925862 -1.66268237]
2020-07-28 03:05:48,447 - root - DEBUG - Updating hall of fame
2020-07-28 03:05:49,015 - root - INFO - Completed generation 102; 1.7s elapsed, 1.9s avg, 2e+02s total. Expected time remaining: 1.9e+02s
2020-07-28 03:05:49,069 - root - INFO - #102 MAX:accuracy.mean: 0.71
2020-07-28 03:05:49,111 - root - DEBUG - Sampled weight [-1.25584946 -0.83471022  1.61319153 -0.62619088 -1.5458436 ]
2020-07-28 03:05:50,220 - root - DEBUG - Updating hall of fame
2020-07-28 03:05:50,599 - root - INFO - Completed generation 103; 1.5s elapsed, 1.9s avg, 2e+02s total. Expected time remaining: 1.9e+02s
2020-07-28 03:05:50,655 - root - INFO - #103 MAX:accuracy.mean: 0.87
2020-07-28 03:05:50,698 - root - DEBUG - Sampled weight [ 1.77613181 -1.37766599 -0.22008094  1.08130998  1.12432522]
2020-07-28 03:05:51,848 - root - DEBUG - Updating hall of fame
2020-07-28 03:05:52,609 - root - INFO - Completed generation 104; 2.0s elapsed, 1.9s avg, 2e+02s total. Expected time remaining: 1.8e+02s
2020-07-28 03:05:52,663 - root - INFO - #104 MAX:accuracy.mean: 0.78
2020-07-28 03:05:52,705 - root - DEBUG - Sampled weight [ 0.4750469   0.71329624  1.41586374 -1.3437874   0.61516483]
2020-07-28 03:05:53,820 - root - DEBUG - Updating hall of fame
2020-07-28 03:05:54,591 - root - INFO - Completed generation 105; 1.9s elapsed, 1.9s avg, 2e+02s total. Expected time remaining: 1.8e+02s
2020-07-28 03:05:54,645 - root - INFO - #105 MAX:accuracy.mean: 0.78
2020-07-28 03:05:54,686 - root - DEBUG - Sampled weight [ 0.35231254  0.03992703  0.10285158  0.75712521 -0.75305442]
2020-07-28 03:05:55,796 - root - DEBUG - Updating hall of fame
2020-07-28 03:05:57,147 - root - INFO - Completed generation 106; 2.5s elapsed, 1.9s avg, 2e+02s total. Expected time remaining: 1.8e+02s
2020-07-28 03:05:57,201 - root - INFO - #106 MAX:accuracy.mean: 0.79
2020-07-28 03:05:57,244 - root - DEBUG - Sampled weight [ 0.46962354 -0.94353675 -1.02028003 -0.4304398  -1.55314179]
2020-07-28 03:05:58,367 - root - DEBUG - Updating hall of fame
2020-07-28 03:05:59,340 - root - INFO - Completed generation 107; 2.1s elapsed, 1.9s avg, 2.1e+02s total. Expected time remaining: 1.8e+02s
2020-07-28 03:05:59,394 - root - INFO - #107 MAX:accuracy.mean: 0.79
2020-07-28 03:05:59,435 - root - DEBUG - Sampled weight [-0.70005143  0.5682254  -1.43041135 -0.05268721  0.57765024]
2020-07-28 03:06:00,543 - root - DEBUG - Updating hall of fame
2020-07-28 03:06:01,899 - root - INFO - Completed generation 108; 2.5s elapsed, 1.9s avg, 2.1e+02s total. Expected time remaining: 1.8e+02s
2020-07-28 03:06:01,953 - root - INFO - #108 MAX:accuracy.mean: 0.78
2020-07-28 03:06:01,994 - root - DEBUG - Sampled weight [-0.53552171 -0.69572825  1.06709341  1.01136103  1.87424716]
2020-07-28 03:06:03,098 - root - DEBUG - Updating hall of fame
2020-07-28 03:06:03,674 - root - INFO - Completed generation 109; 1.7s elapsed, 1.9s avg, 2.1e+02s total. Expected time remaining: 1.8e+02s
2020-07-28 03:06:03,728 - root - INFO - #109 MAX:accuracy.mean: 0.78
2020-07-28 03:06:03,769 - root - DEBUG - Sampled weight [ 0.0251576   1.31675122  0.7633242  -1.45992944 -1.20580599]
2020-07-28 03:06:04,888 - root - DEBUG - Updating hall of fame
2020-07-28 03:06:06,235 - root - INFO - Completed generation 110; 2.5s elapsed, 1.9s avg, 2.1e+02s total. Expected time remaining: 1.7e+02s
2020-07-28 03:06:06,290 - root - INFO - #110 MAX:accuracy.mean: 0.74
2020-07-28 03:06:06,389 - root - DEBUG - Sampled weight [-1.32782019  0.28618854  0.2545912  -1.79056335  0.22671817]
2020-07-28 03:06:07,510 - root - DEBUG - Updating hall of fame
2020-07-28 03:06:07,885 - root - INFO - Completed generation 111; 1.5s elapsed, 1.9s avg, 2.1e+02s total. Expected time remaining: 1.7e+02s
2020-07-28 03:06:07,939 - root - INFO - #111 MAX:accuracy.mean: 0.76
2020-07-28 03:06:07,981 - root - DEBUG - Sampled weight [ 1.88143364 -1.74514395 -1.2650945  -0.00826166 -1.28260733]
2020-07-28 03:06:09,077 - root - DEBUG - Updating hall of fame
2020-07-28 03:06:09,268 - root - INFO - Completed generation 112; 1.3s elapsed, 1.9s avg, 2.2e+02s total. Expected time remaining: 1.7e+02s
2020-07-28 03:06:09,322 - root - INFO - #112 MAX:accuracy.mean: 0.75
2020-07-28 03:06:09,364 - root - DEBUG - Sampled weight [-1.09539258  1.607173   -0.6969174  -1.43958887 -1.27163103]
2020-07-28 03:06:10,476 - root - DEBUG - Updating hall of fame
2020-07-28 03:06:10,847 - root - INFO - Completed generation 113; 1.5s elapsed, 1.9s avg, 2.2e+02s total. Expected time remaining: 1.7e+02s
2020-07-28 03:06:10,901 - root - INFO - #113 MAX:accuracy.mean: 0.75
2020-07-28 03:06:10,944 - root - DEBUG - Sampled weight [-1.94802733  0.07032569 -0.04753464 -0.35236402  1.42845207]
2020-07-28 03:06:12,044 - root - DEBUG - Updating hall of fame
2020-07-28 03:06:12,797 - root - INFO - Completed generation 114; 1.9s elapsed, 1.9s avg, 2.2e+02s total. Expected time remaining: 1.6e+02s
2020-07-28 03:06:12,851 - root - INFO - #114 MAX:accuracy.mean: 0.71
2020-07-28 03:06:12,892 - root - DEBUG - Sampled weight [ 1.67384984 -0.09389545 -1.11604059  0.22165647 -1.08036803]
2020-07-28 03:06:13,999 - root - DEBUG - Updating hall of fame
2020-07-28 03:06:13,999 - root - INFO - Completed generation 115; 1.1s elapsed, 1.9s avg, 2.2e+02s total. Expected time remaining: 1.6e+02s
2020-07-28 03:06:14,053 - root - INFO - #115 MAX:accuracy.mean: 0.74
2020-07-28 03:06:14,095 - root - DEBUG - Sampled weight [ 0.65039257 -1.73783577 -0.67860026 -0.98752546 -0.70436189]
2020-07-28 03:06:15,193 - root - DEBUG - Updating hall of fame
2020-07-28 03:06:15,381 - root - INFO - Completed generation 116; 1.3s elapsed, 1.9s avg, 2.2e+02s total. Expected time remaining: 1.6e+02s
2020-07-28 03:06:15,435 - root - INFO - #116 MAX:accuracy.mean: 0.84
2020-07-28 03:06:15,476 - root - DEBUG - Sampled weight [-1.31177405 -0.65776815 -0.02639565 -1.36164049  0.22518579]
2020-07-28 03:06:16,581 - root - DEBUG - Updating hall of fame
2020-07-28 03:06:17,333 - root - INFO - Completed generation 117; 1.9s elapsed, 1.9s avg, 2.2e+02s total. Expected time remaining: 1.6e+02s
2020-07-28 03:06:17,387 - root - INFO - #117 MAX:accuracy.mean: 0.77
2020-07-28 03:06:17,428 - root - DEBUG - Sampled weight [ 1.77747853 -0.6698653  -1.3145144   0.14737501 -1.80484384]
2020-07-28 03:06:18,537 - root - DEBUG - Updating hall of fame
2020-07-28 03:06:18,921 - root - INFO - Completed generation 118; 1.5s elapsed, 1.9s avg, 2.2e+02s total. Expected time remaining: 1.6e+02s
2020-07-28 03:06:18,975 - root - INFO - #118 MAX:accuracy.mean: 0.72
2020-07-28 03:06:19,016 - root - DEBUG - Sampled weight [-1.18105896 -1.10754501  0.73641814  0.68556962 -1.70691615]
2020-07-28 03:06:20,132 - root - DEBUG - Updating hall of fame
2020-07-28 03:06:20,519 - root - INFO - Completed generation 119; 1.5s elapsed, 1.9s avg, 2.3e+02s total. Expected time remaining: 1.5e+02s
2020-07-28 03:06:20,573 - root - INFO - #119 MAX:accuracy.mean: 0.84
2020-07-28 03:06:20,614 - root - DEBUG - Sampled weight [ 1.45753087 -0.76509466 -0.77829029  0.23823065 -0.93682091]
2020-07-28 03:06:21,713 - root - DEBUG - Updating hall of fame
2020-07-28 03:06:22,466 - root - INFO - Completed generation 120; 1.9s elapsed, 1.9s avg, 2.3e+02s total. Expected time remaining: 1.5e+02s
2020-07-28 03:06:22,520 - root - INFO - #120 MAX:accuracy.mean: 0.81
2020-07-28 03:06:22,641 - root - DEBUG - Sampled weight [0.92808384 1.13539259 0.90152136 0.49570662 0.85306478]
2020-07-28 03:06:23,739 - root - DEBUG - Updating hall of fame
2020-07-28 03:06:24,305 - root - INFO - Completed generation 121; 1.7s elapsed, 1.9s avg, 2.3e+02s total. Expected time remaining: 1.5e+02s
2020-07-28 03:06:24,359 - root - INFO - #121 MAX:accuracy.mean: 0.91
2020-07-28 03:06:24,399 - root - DEBUG - Sampled weight [-0.30006427 -1.05458172  0.31790034  1.64104136 -1.92567142]
2020-07-28 03:06:25,502 - root - DEBUG - Updating hall of fame
2020-07-28 03:06:26,090 - root - INFO - Completed generation 122; 1.7s elapsed, 1.9s avg, 2.3e+02s total. Expected time remaining: 1.5e+02s
2020-07-28 03:06:26,144 - root - INFO - #122 MAX:accuracy.mean: 0.73
2020-07-28 03:06:26,185 - root - DEBUG - Sampled weight [-0.95121822  1.65181671 -1.4760443   1.33021511  0.66923918]
2020-07-28 03:06:27,293 - root - DEBUG - Updating hall of fame
2020-07-28 03:06:27,872 - root - INFO - Completed generation 123; 1.7s elapsed, 1.9s avg, 2.3e+02s total. Expected time remaining: 1.5e+02s
2020-07-28 03:06:27,926 - root - INFO - #123 MAX:accuracy.mean: 0.78
2020-07-28 03:06:27,967 - root - DEBUG - Sampled weight [-1.11582218  0.24315391  0.17254598  0.93006942 -1.21606273]
2020-07-28 03:06:29,073 - root - DEBUG - Updating hall of fame
2020-07-28 03:06:30,006 - root - INFO - Completed generation 124; 2.1s elapsed, 1.9s avg, 2.4e+02s total. Expected time remaining: 1.4e+02s
2020-07-28 03:06:30,060 - root - INFO - #124 MAX:accuracy.mean: 0.82
2020-07-28 03:06:30,102 - root - DEBUG - Sampled weight [-0.67812749 -1.04770946  0.19465846  0.3747795   1.18330116]
2020-07-28 03:06:31,210 - root - DEBUG - Updating hall of fame
2020-07-28 03:06:31,766 - root - INFO - Completed generation 125; 1.7s elapsed, 1.9s avg, 2.4e+02s total. Expected time remaining: 1.4e+02s
2020-07-28 03:06:31,821 - root - INFO - #125 MAX:accuracy.mean: 0.79
2020-07-28 03:06:31,861 - root - DEBUG - Sampled weight [ 0.66135239 -0.07067743  0.96462109 -0.18650416 -0.58314447]
2020-07-28 03:06:32,993 - root - DEBUG - Updating hall of fame
2020-07-28 03:06:33,971 - root - INFO - Completed generation 126; 2.2s elapsed, 1.9s avg, 2.4e+02s total. Expected time remaining: 1.4e+02s
2020-07-28 03:06:34,027 - root - INFO - #126 MAX:accuracy.mean: 0.83
2020-07-28 03:06:34,070 - root - DEBUG - Sampled weight [ 0.37721998 -1.99299157 -0.26035132 -0.0590751  -1.6413722 ]
2020-07-28 03:06:35,232 - root - DEBUG - Updating hall of fame
2020-07-28 03:06:35,816 - root - INFO - Completed generation 127; 1.8s elapsed, 1.9s avg, 2.4e+02s total. Expected time remaining: 1.4e+02s
2020-07-28 03:06:35,871 - root - INFO - #127 MAX:accuracy.mean: 0.73
2020-07-28 03:06:35,914 - root - DEBUG - Sampled weight [ 1.44491654  1.70723334  0.1977225  -0.24641637 -1.34098513]
2020-07-28 03:06:37,029 - root - DEBUG - Updating hall of fame
2020-07-28 03:06:37,417 - root - INFO - Completed generation 128; 1.5s elapsed, 1.9s avg, 2.4e+02s total. Expected time remaining: 1.4e+02s
2020-07-28 03:06:37,471 - root - INFO - #128 MAX:accuracy.mean: 0.77
2020-07-28 03:06:37,512 - root - DEBUG - Sampled weight [ 1.16485102  1.08725551 -0.97964572 -1.19155493 -0.27325699]
2020-07-28 03:06:38,618 - root - DEBUG - Updating hall of fame
2020-07-28 03:06:39,367 - root - INFO - Completed generation 129; 1.9s elapsed, 1.9s avg, 2.4e+02s total. Expected time remaining: 1.3e+02s
2020-07-28 03:06:39,421 - root - INFO - #129 MAX:accuracy.mean: 0.82
2020-07-28 03:06:39,461 - root - DEBUG - Sampled weight [-1.43795607  0.05117494  1.79274862 -1.45170232 -1.92488545]
2020-07-28 03:06:40,565 - root - DEBUG - Updating hall of fame
2020-07-28 03:06:41,136 - root - INFO - Completed generation 130; 1.7s elapsed, 1.9s avg, 2.5e+02s total. Expected time remaining: 1.3e+02s
2020-07-28 03:06:41,190 - root - INFO - #130 MAX:accuracy.mean: 0.75
2020-07-28 03:06:41,347 - root - DEBUG - Sampled weight [ 1.4714203  -0.35123091  1.17520073  0.02761009 -0.44482476]
2020-07-28 03:06:42,455 - root - DEBUG - Updating hall of fame
2020-07-28 03:06:42,651 - root - INFO - Completed generation 131; 1.3s elapsed, 1.9s avg, 2.5e+02s total. Expected time remaining: 1.3e+02s
2020-07-28 03:06:42,705 - root - INFO - #131 MAX:accuracy.mean: 0.8
2020-07-28 03:06:42,746 - root - DEBUG - Sampled weight [ 0.30695958  1.14495203 -0.16988751  1.91043479  0.31962728]
2020-07-28 03:06:43,862 - root - DEBUG - Updating hall of fame
2020-07-28 03:06:44,432 - root - INFO - Completed generation 132; 1.7s elapsed, 1.9s avg, 2.5e+02s total. Expected time remaining: 1.3e+02s
2020-07-28 03:06:44,486 - root - INFO - #132 MAX:accuracy.mean: 0.75
2020-07-28 03:06:44,527 - root - DEBUG - Sampled weight [ 0.68341881 -1.86049344  0.5826886  -0.3136792   1.52496091]
2020-07-28 03:06:45,628 - root - DEBUG - Updating hall of fame
2020-07-28 03:06:45,628 - root - INFO - Completed generation 133; 1.1s elapsed, 1.9s avg, 2.5e+02s total. Expected time remaining: 1.3e+02s
2020-07-28 03:06:45,681 - root - INFO - #133 MAX:accuracy.mean: 0.76
2020-07-28 03:06:45,723 - root - DEBUG - Sampled weight [ 1.97527007 -0.62562833  1.51399323 -1.36712801  1.68133884]
2020-07-28 03:06:46,829 - root - DEBUG - Updating hall of fame
2020-07-28 03:06:47,582 - root - INFO - Completed generation 134; 1.9s elapsed, 1.9s avg, 2.5e+02s total. Expected time remaining: 1.2e+02s
2020-07-28 03:06:47,636 - root - INFO - #134 MAX:accuracy.mean: 0.71
2020-07-28 03:06:47,677 - root - DEBUG - Sampled weight [ 0.51540143 -0.48754205 -1.63131721 -1.10333182  0.80747582]
2020-07-28 03:06:48,773 - root - DEBUG - Updating hall of fame
2020-07-28 03:06:49,333 - root - INFO - Completed generation 135; 1.7s elapsed, 1.9s avg, 2.5e+02s total. Expected time remaining: 1.2e+02s
2020-07-28 03:06:49,386 - root - INFO - #135 MAX:accuracy.mean: 0.81
2020-07-28 03:06:49,428 - root - DEBUG - Sampled weight [-1.82969369  0.3117383  -1.33405391  0.60941127  0.79464318]
2020-07-28 03:06:50,552 - root - DEBUG - Updating hall of fame
2020-07-28 03:06:51,702 - root - INFO - Completed generation 136; 2.3s elapsed, 1.9s avg, 2.6e+02s total. Expected time remaining: 1.2e+02s
2020-07-28 03:06:51,756 - root - INFO - #136 MAX:accuracy.mean: 0.71
2020-07-28 03:06:51,799 - root - DEBUG - Sampled weight [ 0.81717192 -0.28743025  0.08696775 -0.22451057 -0.16576686]
2020-07-28 03:06:52,915 - root - DEBUG - Updating hall of fame
2020-07-28 03:06:53,292 - root - INFO - Completed generation 137; 1.5s elapsed, 1.9s avg, 2.6e+02s total. Expected time remaining: 1.2e+02s
2020-07-28 03:06:53,345 - root - INFO - #137 MAX:accuracy.mean: 0.71
2020-07-28 03:06:53,386 - root - DEBUG - Sampled weight [-0.32676201  0.79596576 -0.9450628  -1.25498263 -0.34766615]
2020-07-28 03:06:54,495 - root - DEBUG - Updating hall of fame
2020-07-28 03:06:54,680 - root - INFO - Completed generation 138; 1.3s elapsed, 1.9s avg, 2.6e+02s total. Expected time remaining: 1.2e+02s
2020-07-28 03:06:54,734 - root - INFO - #138 MAX:accuracy.mean: 0.78
2020-07-28 03:06:54,775 - root - DEBUG - Sampled weight [ 1.67085754e+00 -4.22905367e-01  3.74752635e-02  6.90401871e-04
  1.32866791e+00]
2020-07-28 03:06:55,880 - root - DEBUG - Updating hall of fame
2020-07-28 03:06:56,826 - root - INFO - Completed generation 139; 2.1s elapsed, 1.9s avg, 2.6e+02s total. Expected time remaining: 1.1e+02s
2020-07-28 03:06:56,880 - root - INFO - #139 MAX:accuracy.mean: 0.71
2020-07-28 03:06:56,921 - root - DEBUG - Sampled weight [0.00345323 1.09387044 0.01266361 1.45773191 0.35104682]
2020-07-28 03:06:58,023 - root - DEBUG - Updating hall of fame
2020-07-28 03:06:58,395 - root - INFO - Completed generation 140; 1.5s elapsed, 1.9s avg, 2.6e+02s total. Expected time remaining: 1.1e+02s
2020-07-28 03:06:58,448 - root - INFO - #140 MAX:accuracy.mean: 0.71
2020-07-28 03:06:58,546 - root - DEBUG - Sampled weight [ 0.09099272 -1.35775074 -1.35412116  1.26066881 -0.0395538 ]
2020-07-28 03:06:59,657 - root - DEBUG - Updating hall of fame
2020-07-28 03:06:59,851 - root - INFO - Completed generation 141; 1.3s elapsed, 1.9s avg, 2.6e+02s total. Expected time remaining: 1.1e+02s
2020-07-28 03:06:59,905 - root - INFO - #141 MAX:accuracy.mean: 0.75
2020-07-28 03:06:59,946 - root - DEBUG - Sampled weight [ 1.57369629  1.40169532 -1.32174897 -1.52410411  1.82213312]
2020-07-28 03:07:01,057 - root - DEBUG - Updating hall of fame
2020-07-28 03:07:01,058 - root - INFO - Completed generation 142; 1.2s elapsed, 1.9s avg, 2.7e+02s total. Expected time remaining: 1.1e+02s
2020-07-28 03:07:01,113 - root - INFO - #142 MAX:accuracy.mean: 0.71
2020-07-28 03:07:01,156 - root - DEBUG - Sampled weight [-0.58503327  1.82492283  1.07305363 -0.35881646  1.50650317]
2020-07-28 03:07:02,270 - root - DEBUG - Updating hall of fame
2020-07-28 03:07:02,834 - root - INFO - Completed generation 143; 1.7s elapsed, 1.9s avg, 2.7e+02s total. Expected time remaining: 1.1e+02s
2020-07-28 03:07:02,887 - root - INFO - #143 MAX:accuracy.mean: 0.71
2020-07-28 03:07:02,929 - root - DEBUG - Sampled weight [-1.49614766  1.99425981 -0.81313304  0.31227205  1.33214623]
2020-07-28 03:07:04,054 - root - DEBUG - Updating hall of fame
2020-07-28 03:07:04,637 - root - INFO - Completed generation 144; 1.7s elapsed, 1.9s avg, 2.7e+02s total. Expected time remaining: 1e+02s
2020-07-28 03:07:04,691 - root - INFO - #144 MAX:accuracy.mean: 0.7
2020-07-28 03:07:04,732 - root - DEBUG - Sampled weight [-1.80326854  0.07892515  0.3704322   1.80030356  0.94570904]
2020-07-28 03:07:05,843 - root - DEBUG - Updating hall of fame
2020-07-28 03:07:06,410 - root - INFO - Completed generation 145; 1.7s elapsed, 1.9s avg, 2.7e+02s total. Expected time remaining: 1e+02s
2020-07-28 03:07:06,464 - root - INFO - #145 MAX:accuracy.mean: 0.7
2020-07-28 03:07:06,507 - root - DEBUG - Sampled weight [-0.06273457 -1.90736834 -0.99749337 -0.84124527  1.72103467]
2020-07-28 03:07:07,618 - root - DEBUG - Updating hall of fame
2020-07-28 03:07:07,619 - root - INFO - Completed generation 146; 1.2s elapsed, 1.9s avg, 2.7e+02s total. Expected time remaining: 1e+02s
2020-07-28 03:07:07,672 - root - INFO - #146 MAX:accuracy.mean: 0.71
2020-07-28 03:07:07,714 - root - DEBUG - Sampled weight [ 0.15516216 -1.57118546 -0.5558395   1.47449493 -1.24569191]
2020-07-28 03:07:08,819 - root - DEBUG - Updating hall of fame
2020-07-28 03:07:09,190 - root - INFO - Completed generation 147; 1.5s elapsed, 1.9s avg, 2.7e+02s total. Expected time remaining: 9.8e+01s
2020-07-28 03:07:09,244 - root - INFO - #147 MAX:accuracy.mean: 0.73
2020-07-28 03:07:09,285 - root - DEBUG - Sampled weight [-0.42707329 -0.70984834  1.06644027  1.99141336  1.17445026]
2020-07-28 03:07:10,392 - root - DEBUG - Updating hall of fame
2020-07-28 03:07:10,969 - root - INFO - Completed generation 148; 1.7s elapsed, 1.9s avg, 2.7e+02s total. Expected time remaining: 9.7e+01s
2020-07-28 03:07:11,023 - root - INFO - #148 MAX:accuracy.mean: 0.72
2020-07-28 03:07:11,065 - root - DEBUG - Sampled weight [ 1.75716378 -0.4831191   0.13014228 -0.69423357  0.39519418]
2020-07-28 03:07:12,192 - root - DEBUG - Updating hall of fame
2020-07-28 03:07:13,142 - root - INFO - Completed generation 149; 2.1s elapsed, 1.9s avg, 2.8e+02s total. Expected time remaining: 9.5e+01s
2020-07-28 03:07:13,195 - root - INFO - #149 MAX:accuracy.mean: 0.72
2020-07-28 03:07:13,237 - root - DEBUG - Sampled weight [ 1.6453756   1.15232712  0.96054156 -1.42746309 -1.54399625]
2020-07-28 03:07:14,359 - root - DEBUG - Updating hall of fame
2020-07-28 03:07:14,941 - root - INFO - Completed generation 150; 1.7s elapsed, 1.9s avg, 2.8e+02s total. Expected time remaining: 9.3e+01s
2020-07-28 03:07:14,995 - root - INFO - #150 MAX:accuracy.mean: 0.88
2020-07-28 03:07:15,098 - root - DEBUG - Sampled weight [ 1.11694385  0.39279886 -1.4274025  -0.79733082 -1.50862579]
2020-07-28 03:07:16,208 - root - DEBUG - Updating hall of fame
2020-07-28 03:07:16,957 - root - INFO - Completed generation 151; 1.9s elapsed, 1.9s avg, 2.8e+02s total. Expected time remaining: 9.1e+01s
2020-07-28 03:07:17,012 - root - INFO - #151 MAX:accuracy.mean: 0.85
2020-07-28 03:07:17,052 - root - DEBUG - Sampled weight [ 0.9403071   1.25150342  1.11575077 -1.61043354  1.26893442]
2020-07-28 03:07:18,166 - root - DEBUG - Updating hall of fame
2020-07-28 03:07:18,748 - root - INFO - Completed generation 152; 1.7s elapsed, 1.9s avg, 2.8e+02s total. Expected time remaining: 8.9e+01s
2020-07-28 03:07:18,801 - root - INFO - #152 MAX:accuracy.mean: 0.91
2020-07-28 03:07:18,843 - root - DEBUG - Sampled weight [ 1.78907896 -1.43881351  0.80968773  1.76475967 -0.55790363]
2020-07-28 03:07:19,945 - root - DEBUG - Updating hall of fame
2020-07-28 03:07:20,711 - root - INFO - Completed generation 153; 1.9s elapsed, 1.9s avg, 2.8e+02s total. Expected time remaining: 8.7e+01s
2020-07-28 03:07:20,765 - root - INFO - #153 MAX:accuracy.mean: 0.8
2020-07-28 03:07:20,807 - root - DEBUG - Sampled weight [ 0.16028984 -0.4492717  -0.3726307  -1.77346457  1.54285997]
2020-07-28 03:07:21,912 - root - DEBUG - Updating hall of fame
2020-07-28 03:07:22,887 - root - INFO - Completed generation 154; 2.1s elapsed, 1.9s avg, 2.9e+02s total. Expected time remaining: 8.6e+01s
2020-07-28 03:07:22,941 - root - INFO - #154 MAX:accuracy.mean: 0.8
2020-07-28 03:07:22,983 - root - DEBUG - Sampled weight [-1.72210434 -1.16900014  0.98718412  1.05560906  0.14114744]
2020-07-28 03:07:24,085 - root - DEBUG - Updating hall of fame
2020-07-28 03:07:25,062 - root - INFO - Completed generation 155; 2.1s elapsed, 1.9s avg, 2.9e+02s total. Expected time remaining: 8.4e+01s
2020-07-28 03:07:25,116 - root - INFO - #155 MAX:accuracy.mean: 0.81
2020-07-28 03:07:25,159 - root - DEBUG - Sampled weight [ 1.07602786  1.39097566 -0.12441692 -0.99938399 -0.17585466]
2020-07-28 03:07:26,276 - root - DEBUG - Updating hall of fame
2020-07-28 03:07:26,872 - root - INFO - Completed generation 156; 1.8s elapsed, 1.9s avg, 2.9e+02s total. Expected time remaining: 8.2e+01s
2020-07-28 03:07:26,927 - root - INFO - #156 MAX:accuracy.mean: 0.84
2020-07-28 03:07:26,968 - root - DEBUG - Sampled weight [-1.76411471 -0.36441168 -0.61388217  1.94740837  1.68653478]
2020-07-28 03:07:28,073 - root - DEBUG - Updating hall of fame
2020-07-28 03:07:28,665 - root - INFO - Completed generation 157; 1.7s elapsed, 1.9s avg, 2.9e+02s total. Expected time remaining: 8e+01s
2020-07-28 03:07:28,719 - root - INFO - #157 MAX:accuracy.mean: 0.85
2020-07-28 03:07:28,760 - root - DEBUG - Sampled weight [-0.9156609   1.19771068 -0.56206205 -0.17919581 -0.77868993]
2020-07-28 03:07:29,865 - root - DEBUG - Updating hall of fame
2020-07-28 03:07:30,635 - root - INFO - Completed generation 158; 1.9s elapsed, 1.9s avg, 2.9e+02s total. Expected time remaining: 7.8e+01s
2020-07-28 03:07:30,688 - root - INFO - #158 MAX:accuracy.mean: 0.86
2020-07-28 03:07:30,730 - root - DEBUG - Sampled weight [-1.96817251  0.95408598  0.6346866  -1.65392974  0.82782885]
2020-07-28 03:07:31,856 - root - DEBUG - Updating hall of fame
2020-07-28 03:07:33,189 - root - INFO - Completed generation 159; 2.5s elapsed, 1.9s avg, 3e+02s total. Expected time remaining: 7.6e+01s
2020-07-28 03:07:33,243 - root - INFO - #159 MAX:accuracy.mean: 0.83
2020-07-28 03:07:33,285 - root - DEBUG - Sampled weight [ 1.89791764  0.74602485 -0.51395098  1.39318419  1.85358092]
2020-07-28 03:07:34,404 - root - DEBUG - Updating hall of fame
2020-07-28 03:07:34,615 - root - INFO - Completed generation 160; 1.4s elapsed, 1.9s avg, 3e+02s total. Expected time remaining: 7.4e+01s
2020-07-28 03:07:34,668 - root - INFO - #160 MAX:accuracy.mean: 0.83
2020-07-28 03:07:34,800 - root - DEBUG - Sampled weight [ 1.545427    0.87709756  0.24736475 -0.01914142  0.77399851]
2020-07-28 03:07:35,913 - root - DEBUG - Updating hall of fame
2020-07-28 03:07:37,249 - root - INFO - Completed generation 161; 2.5s elapsed, 1.9s avg, 3e+02s total. Expected time remaining: 7.3e+01s
2020-07-28 03:07:37,304 - root - INFO - #161 MAX:accuracy.mean: 0.76
2020-07-28 03:07:37,346 - root - DEBUG - Sampled weight [-0.15491677 -0.4401204  -0.20507748 -1.92436226 -0.70069683]
2020-07-28 03:07:38,464 - root - DEBUG - Updating hall of fame
2020-07-28 03:07:38,846 - root - INFO - Completed generation 162; 1.5s elapsed, 1.9s avg, 3e+02s total. Expected time remaining: 7.1e+01s
2020-07-28 03:07:38,900 - root - INFO - #162 MAX:accuracy.mean: 0.71
2020-07-28 03:07:38,943 - root - DEBUG - Sampled weight [ 1.45743618  1.72563767  0.29504267 -1.1601292   1.94753006]
2020-07-28 03:07:40,060 - root - DEBUG - Updating hall of fame
2020-07-28 03:07:40,639 - root - INFO - Completed generation 163; 1.7s elapsed, 1.9s avg, 3e+02s total. Expected time remaining: 6.9e+01s
2020-07-28 03:07:40,693 - root - INFO - #163 MAX:accuracy.mean: 0.7
2020-07-28 03:07:40,735 - root - DEBUG - Sampled weight [ 1.29689837  0.78085639 -0.49131457  1.55346063  0.88427863]
2020-07-28 03:07:41,846 - root - DEBUG - Updating hall of fame
2020-07-28 03:07:42,222 - root - INFO - Completed generation 164; 1.5s elapsed, 1.9s avg, 3.1e+02s total. Expected time remaining: 6.7e+01s
2020-07-28 03:07:42,275 - root - INFO - #164 MAX:accuracy.mean: 0.78
2020-07-28 03:07:42,320 - root - DEBUG - Sampled weight [-1.73945769 -1.66962884 -0.48280359 -0.47726677  0.4351903 ]
2020-07-28 03:07:43,426 - root - DEBUG - Updating hall of fame
2020-07-28 03:07:44,368 - root - INFO - Completed generation 165; 2.1s elapsed, 1.9s avg, 3.1e+02s total. Expected time remaining: 6.5e+01s
2020-07-28 03:07:44,422 - root - INFO - #165 MAX:accuracy.mean: 0.71
2020-07-28 03:07:44,463 - root - DEBUG - Sampled weight [-1.09584565 -0.01371932 -1.18382809  1.09784731 -1.70505606]
2020-07-28 03:07:45,567 - root - DEBUG - Updating hall of fame
2020-07-28 03:07:46,535 - root - INFO - Completed generation 166; 2.1s elapsed, 1.9s avg, 3.1e+02s total. Expected time remaining: 6.3e+01s
2020-07-28 03:07:46,589 - root - INFO - #166 MAX:accuracy.mean: 0.75
2020-07-28 03:07:46,630 - root - DEBUG - Sampled weight [ 0.04479072  1.4533246   1.69566883 -1.5321614  -1.58291643]
2020-07-28 03:07:47,737 - root - DEBUG - Updating hall of fame
2020-07-28 03:07:47,925 - root - INFO - Completed generation 167; 1.3s elapsed, 1.9s avg, 3.1e+02s total. Expected time remaining: 6.1e+01s
2020-07-28 03:07:47,980 - root - INFO - #167 MAX:accuracy.mean: 0.83
2020-07-28 03:07:48,021 - root - DEBUG - Sampled weight [-0.43215475  1.26758895 -0.03100406 -1.652629    0.75778626]
2020-07-28 03:07:49,118 - root - DEBUG - Updating hall of fame
2020-07-28 03:07:49,676 - root - INFO - Completed generation 168; 1.7s elapsed, 1.9s avg, 3.1e+02s total. Expected time remaining: 5.9e+01s
2020-07-28 03:07:49,729 - root - INFO - #168 MAX:accuracy.mean: 0.78
2020-07-28 03:07:49,771 - root - DEBUG - Sampled weight [ 1.96439029 -1.83616263  1.67071474  1.68115748 -1.87129481]
2020-07-28 03:07:50,877 - root - DEBUG - Updating hall of fame
2020-07-28 03:07:52,026 - root - INFO - Completed generation 169; 2.3s elapsed, 1.9s avg, 3.1e+02s total. Expected time remaining: 5.8e+01s
2020-07-28 03:07:52,079 - root - INFO - #169 MAX:accuracy.mean: 0.8
2020-07-28 03:07:52,122 - root - DEBUG - Sampled weight [-1.57219698  0.81271602 -0.74381459 -0.36114297 -0.51830153]
2020-07-28 03:07:53,233 - root - DEBUG - Updating hall of fame
2020-07-28 03:07:54,015 - root - INFO - Completed generation 170; 1.9s elapsed, 1.9s avg, 3.2e+02s total. Expected time remaining: 5.6e+01s
2020-07-28 03:07:54,068 - root - INFO - #170 MAX:accuracy.mean: 0.89
2020-07-28 03:07:54,238 - root - DEBUG - Sampled weight [ 0.89414399 -1.01527507 -0.19649684 -0.55760671 -0.0708333 ]
2020-07-28 03:07:55,350 - root - DEBUG - Updating hall of fame
2020-07-28 03:07:56,712 - root - INFO - Completed generation 171; 2.5s elapsed, 1.9s avg, 3.2e+02s total. Expected time remaining: 5.4e+01s
2020-07-28 03:07:56,766 - root - INFO - #171 MAX:accuracy.mean: 0.8
2020-07-28 03:07:56,808 - root - DEBUG - Sampled weight [-1.75174087 -0.79920063  1.76303991  0.77710489 -1.27055071]
2020-07-28 03:07:57,924 - root - DEBUG - Updating hall of fame
2020-07-28 03:07:58,503 - root - INFO - Completed generation 172; 1.7s elapsed, 1.9s avg, 3.2e+02s total. Expected time remaining: 5.2e+01s
2020-07-28 03:07:58,557 - root - INFO - #172 MAX:accuracy.mean: 0.8
2020-07-28 03:07:58,598 - root - DEBUG - Sampled weight [-1.17176142 -0.9534751  -0.78163348  0.67408502 -0.19849737]
2020-07-28 03:07:59,699 - root - DEBUG - Updating hall of fame
2020-07-28 03:08:01,027 - root - INFO - Completed generation 173; 2.5s elapsed, 1.9s avg, 3.2e+02s total. Expected time remaining: 5e+01s
2020-07-28 03:08:01,081 - root - INFO - #173 MAX:accuracy.mean: 0.8
2020-07-28 03:08:01,123 - root - DEBUG - Sampled weight [ 0.60092171 -0.74060039 -0.37043843  0.64864065 -1.45871725]
2020-07-28 03:08:02,242 - root - DEBUG - Updating hall of fame
2020-07-28 03:08:03,183 - root - INFO - Completed generation 174; 2.1s elapsed, 1.9s avg, 3.3e+02s total. Expected time remaining: 4.9e+01s
2020-07-28 03:08:03,237 - root - INFO - #174 MAX:accuracy.mean: 0.87
2020-07-28 03:08:03,279 - root - DEBUG - Sampled weight [ 1.39547031  0.95875829 -0.52573785  0.65216768  1.38123961]
2020-07-28 03:08:04,387 - root - DEBUG - Updating hall of fame
2020-07-28 03:08:05,521 - root - INFO - Completed generation 175; 2.3s elapsed, 1.9s avg, 3.3e+02s total. Expected time remaining: 4.7e+01s
2020-07-28 03:08:05,575 - root - INFO - #175 MAX:accuracy.mean: 0.83
2020-07-28 03:08:05,616 - root - DEBUG - Sampled weight [ 0.63280233 -1.77639645 -0.55003284  1.73209031  1.14752612]
2020-07-28 03:08:06,708 - root - DEBUG - Updating hall of fame
2020-07-28 03:08:07,283 - root - INFO - Completed generation 176; 1.7s elapsed, 1.9s avg, 3.3e+02s total. Expected time remaining: 4.5e+01s
2020-07-28 03:08:07,338 - root - INFO - #176 MAX:accuracy.mean: 0.74
2020-07-28 03:08:07,379 - root - DEBUG - Sampled weight [-1.68675772  0.71899355 -0.22658535  1.77263839 -0.24523106]
2020-07-28 03:08:08,478 - root - DEBUG - Updating hall of fame
2020-07-28 03:08:09,422 - root - INFO - Completed generation 177; 2.1s elapsed, 1.9s avg, 3.3e+02s total. Expected time remaining: 4.3e+01s
2020-07-28 03:08:09,476 - root - INFO - #177 MAX:accuracy.mean: 0.75
2020-07-28 03:08:09,517 - root - DEBUG - Sampled weight [ 1.01333373 -0.52409136  0.67576418  0.61674194  0.66713515]
2020-07-28 03:08:10,606 - root - DEBUG - Updating hall of fame
2020-07-28 03:08:10,976 - root - INFO - Completed generation 178; 1.5s elapsed, 1.9s avg, 3.3e+02s total. Expected time remaining: 4.1e+01s
2020-07-28 03:08:11,030 - root - INFO - #178 MAX:accuracy.mean: 0.92
2020-07-28 03:08:11,072 - root - DEBUG - Sampled weight [ 1.66152509  1.40746901 -1.97189174  1.8035822   0.95878585]
2020-07-28 03:08:12,189 - root - DEBUG - Updating hall of fame
2020-07-28 03:08:13,714 - root - INFO - Completed generation 179; 2.7s elapsed, 1.9s avg, 3.4e+02s total. Expected time remaining: 3.9e+01s
2020-07-28 03:08:13,768 - root - INFO - #179 MAX:accuracy.mean: 0.72
2020-07-28 03:08:13,811 - root - DEBUG - Sampled weight [-1.74411677 -0.27431048  1.55130144 -0.86095913 -0.02237586]
2020-07-28 03:08:14,917 - root - DEBUG - Updating hall of fame
2020-07-28 03:08:15,295 - root - INFO - Completed generation 180; 1.5s elapsed, 1.9s avg, 3.4e+02s total. Expected time remaining: 3.7e+01s
2020-07-28 03:08:15,349 - root - INFO - #180 MAX:accuracy.mean: 0.72
2020-07-28 03:08:15,476 - root - DEBUG - Sampled weight [-0.60031469  0.42538825 -0.04695136 -0.45431188  1.87160434]
2020-07-28 03:08:16,587 - root - DEBUG - Updating hall of fame
2020-07-28 03:08:17,148 - root - INFO - Completed generation 181; 1.7s elapsed, 1.9s avg, 3.4e+02s total. Expected time remaining: 3.6e+01s
2020-07-28 03:08:17,202 - root - INFO - #181 MAX:accuracy.mean: 0.75
2020-07-28 03:08:17,243 - root - DEBUG - Sampled weight [-1.7371837   1.86089829 -0.9091051   0.25355368  0.98919925]
2020-07-28 03:08:18,360 - root - DEBUG - Updating hall of fame
2020-07-28 03:08:19,123 - root - INFO - Completed generation 182; 1.9s elapsed, 1.9s avg, 3.4e+02s total. Expected time remaining: 3.4e+01s
2020-07-28 03:08:19,177 - root - INFO - #182 MAX:accuracy.mean: 0.71
2020-07-28 03:08:19,218 - root - DEBUG - Sampled weight [-0.00355735 -0.93243452  0.57929658 -0.91877323 -1.04421277]
2020-07-28 03:08:20,312 - root - DEBUG - Updating hall of fame
2020-07-28 03:08:20,497 - root - INFO - Completed generation 183; 1.3s elapsed, 1.9s avg, 3.4e+02s total. Expected time remaining: 3.2e+01s
2020-07-28 03:08:20,550 - root - INFO - #183 MAX:accuracy.mean: 0.8
2020-07-28 03:08:20,592 - root - DEBUG - Sampled weight [-0.92891152 -1.66748421 -0.89588476  1.89568666 -1.75712772]
2020-07-28 03:08:21,699 - root - DEBUG - Updating hall of fame
2020-07-28 03:08:22,274 - root - INFO - Completed generation 184; 1.7s elapsed, 1.9s avg, 3.4e+02s total. Expected time remaining: 3e+01s
2020-07-28 03:08:22,329 - root - INFO - #184 MAX:accuracy.mean: 0.71
2020-07-28 03:08:22,371 - root - DEBUG - Sampled weight [ 0.09197246 -1.02744089  0.92736911 -1.53374869 -0.94389547]
2020-07-28 03:08:23,473 - root - DEBUG - Updating hall of fame
2020-07-28 03:08:23,658 - root - INFO - Completed generation 185; 1.3s elapsed, 1.9s avg, 3.5e+02s total. Expected time remaining: 2.8e+01s
2020-07-28 03:08:23,712 - root - INFO - #185 MAX:accuracy.mean: 0.81
2020-07-28 03:08:23,754 - root - DEBUG - Sampled weight [-0.88379433 -1.3957403  -0.58275521  1.4052175  -1.02669637]
2020-07-28 03:08:24,857 - root - DEBUG - Updating hall of fame
2020-07-28 03:08:25,437 - root - INFO - Completed generation 186; 1.7s elapsed, 1.9s avg, 3.5e+02s total. Expected time remaining: 2.6e+01s
2020-07-28 03:08:25,491 - root - INFO - #186 MAX:accuracy.mean: 0.81
2020-07-28 03:08:25,532 - root - DEBUG - Sampled weight [-1.52074272 -0.45878388  0.54190473 -1.5409379   0.56264801]
2020-07-28 03:08:26,633 - root - DEBUG - Updating hall of fame
2020-07-28 03:08:27,393 - root - INFO - Completed generation 187; 1.9s elapsed, 1.9s avg, 3.5e+02s total. Expected time remaining: 2.4e+01s
2020-07-28 03:08:27,446 - root - INFO - #187 MAX:accuracy.mean: 0.81
2020-07-28 03:08:27,489 - root - DEBUG - Sampled weight [ 1.70067765  0.83504433 -1.48394233  1.18745991  1.15570776]
2020-07-28 03:08:28,621 - root - DEBUG - Updating hall of fame
2020-07-28 03:08:29,574 - root - INFO - Completed generation 188; 2.1s elapsed, 1.9s avg, 3.5e+02s total. Expected time remaining: 2.2e+01s
2020-07-28 03:08:29,628 - root - INFO - #188 MAX:accuracy.mean: 0.82
2020-07-28 03:08:29,669 - root - DEBUG - Sampled weight [ 0.10471403 -0.27223423 -0.92317828  0.7493525   1.86365351]
2020-07-28 03:08:30,793 - root - DEBUG - Updating hall of fame
2020-07-28 03:08:31,179 - root - INFO - Completed generation 189; 1.6s elapsed, 1.9s avg, 3.5e+02s total. Expected time remaining: 2.1e+01s
2020-07-28 03:08:31,233 - root - INFO - #189 MAX:accuracy.mean: 0.74
2020-07-28 03:08:31,275 - root - DEBUG - Sampled weight [ 1.91487128  1.14507781  0.39855657 -1.05572785 -0.47574917]
2020-07-28 03:08:32,402 - root - DEBUG - Updating hall of fame
2020-07-28 03:08:33,159 - root - INFO - Completed generation 190; 1.9s elapsed, 1.9s avg, 3.5e+02s total. Expected time remaining: 1.9e+01s
2020-07-28 03:08:33,213 - root - INFO - #190 MAX:accuracy.mean: 0.75
2020-07-28 03:08:33,316 - root - DEBUG - Sampled weight [-1.75207912  0.34315003 -1.40644013  1.92294502  0.36129488]
2020-07-28 03:08:34,435 - root - DEBUG - Updating hall of fame
2020-07-28 03:08:35,372 - root - INFO - Completed generation 191; 2.1s elapsed, 1.9s avg, 3.6e+02s total. Expected time remaining: 1.7e+01s
2020-07-28 03:08:35,426 - root - INFO - #191 MAX:accuracy.mean: 0.71
2020-07-28 03:08:35,467 - root - DEBUG - Sampled weight [ 1.52637459 -0.31856688 -0.7409298  -0.14127331 -1.63316258]
2020-07-28 03:08:36,578 - root - DEBUG - Updating hall of fame
2020-07-28 03:08:36,958 - root - INFO - Completed generation 192; 1.5s elapsed, 1.9s avg, 3.6e+02s total. Expected time remaining: 1.5e+01s
2020-07-28 03:08:37,012 - root - INFO - #192 MAX:accuracy.mean: 0.65
2020-07-28 03:08:37,053 - root - DEBUG - Sampled weight [-1.30938429 -1.43139783  1.50517701  0.05047634  0.6612093 ]
2020-07-28 03:08:38,149 - root - DEBUG - Updating hall of fame
2020-07-28 03:08:38,520 - root - INFO - Completed generation 193; 1.5s elapsed, 1.9s avg, 3.6e+02s total. Expected time remaining: 1.3e+01s
2020-07-28 03:08:38,573 - root - INFO - #193 MAX:accuracy.mean: 0.73
2020-07-28 03:08:38,616 - root - DEBUG - Sampled weight [-1.64002231 -1.92869771 -0.38467441 -1.75466939 -0.51921465]
2020-07-28 03:08:39,719 - root - DEBUG - Updating hall of fame
2020-07-28 03:08:39,906 - root - INFO - Completed generation 194; 1.3s elapsed, 1.9s avg, 3.6e+02s total. Expected time remaining: 1.1e+01s
2020-07-28 03:08:39,959 - root - INFO - #194 MAX:accuracy.mean: 0.65
2020-07-28 03:08:40,000 - root - DEBUG - Sampled weight [1.0074451  1.30626059 1.75188807 1.6592281  1.59972697]
2020-07-28 03:08:41,099 - root - DEBUG - Updating hall of fame
2020-07-28 03:08:42,057 - root - INFO - Completed generation 195; 2.1s elapsed, 1.9s avg, 3.6e+02s total. Expected time remaining: 9.3s
2020-07-28 03:08:42,111 - root - INFO - #195 MAX:accuracy.mean: 0.64
2020-07-28 03:08:42,153 - root - DEBUG - Sampled weight [-1.91750851 -1.73353422  1.46757955 -0.25296161 -1.89396214]
2020-07-28 03:08:43,259 - root - DEBUG - Updating hall of fame
2020-07-28 03:08:43,445 - root - INFO - Completed generation 196; 1.3s elapsed, 1.9s avg, 3.6e+02s total. Expected time remaining: 7.4s
2020-07-28 03:08:43,499 - root - INFO - #196 MAX:accuracy.mean: 0.64
2020-07-28 03:08:43,540 - root - DEBUG - Sampled weight [-1.74163848  0.35351552 -1.96114519  0.53829817 -1.32922756]
2020-07-28 03:08:44,630 - root - DEBUG - Updating hall of fame
2020-07-28 03:08:45,000 - root - INFO - Completed generation 197; 1.5s elapsed, 1.9s avg, 3.7e+02s total. Expected time remaining: 5.6s
2020-07-28 03:08:45,053 - root - INFO - #197 MAX:accuracy.mean: 0.75
2020-07-28 03:08:45,094 - root - DEBUG - Sampled weight [-1.14088107 -1.48395198 -0.72904089 -1.03570202 -0.18265456]
2020-07-28 03:08:46,191 - root - DEBUG - Updating hall of fame
2020-07-28 03:08:46,566 - root - INFO - Completed generation 198; 1.5s elapsed, 1.9s avg, 3.7e+02s total. Expected time remaining: 3.7s
2020-07-28 03:08:46,620 - root - INFO - #198 MAX:accuracy.mean: 0.71
2020-07-28 03:08:46,662 - root - DEBUG - Sampled weight [ 1.61764693  1.20191014 -0.71569004  0.53393747 -0.98370878]
2020-07-28 03:08:47,763 - root - DEBUG - Updating hall of fame
2020-07-28 03:08:48,326 - root - INFO - Completed generation 199; 1.7s elapsed, 1.9s avg, 3.7e+02s total. Expected time remaining: 1.9s
2020-07-28 03:08:48,380 - root - INFO - #199 MAX:accuracy.mean: 0.72
2020-07-28 03:08:48,423 - root - DEBUG - Sampled weight [ 1.06725471  0.35612615 -0.24405794 -1.52240126 -1.06951275]
2020-07-28 03:08:49,514 - root - DEBUG - Updating hall of fame
2020-07-28 03:08:50,083 - root - INFO - Completed generation 200; 1.7s elapsed, 1.9s avg, 3.7e+02s total. Expected time remaining: 0.0s
2020-07-28 03:08:50,137 - root - INFO - #200 MAX:accuracy.mean: 0.71
2020-07-28 03:08:50,308 - root - DEBUG - Loaded 150 samples.
2020-07-28 03:08:50,312 - root - INFO - Evaluating indivs in hall of fame.
2020-07-28 03:08:52,292 - root - INFO - Completed excution.
