2020-07-29 14:49:32,608 - root - INFO - Package version 0.1.1
2020-07-29 14:49:32,608 - root - INFO - Saving data at /vol/fob-vol1/mi15/plonerma/Lab/rewann/data/2020-07-29_Iris [2, 3, 5, 6, 8, 9]; uniform -2,2; signed: False_000.
2020-07-29 14:49:32,608 - root - DEBUG - Loading training dataset
2020-07-29 14:49:32,702 - root - DEBUG - Loaded 150 samples.
2020-07-29 14:49:32,703 - root - DEBUG - Running experiments with the following parameters:
debug = true
experiment_name = "Iris [2, 3, 5, 6, 8, 9]; uniform -2,2; signed: False"
experiment_path = "data/2020-07-29_Iris [2, 3, 5, 6, 8, 9]; uniform -2,2; signed: False_000"

[config]
num_workers = 1
debug = true
backend = "numpy"

[postopt]
run_postopt = true
compile_report = false
num_weights = 100
num_samples = -1

[sampling]
seed = 0
post_init_seed = false
distribution = "uniform"
lower_bound = -2
upper_bound = 2
mean = 0
sigma = 1
num_weights_per_iteration = 5
num_samples_per_iteration = -1
hof_evaluation_iterations = 20

[task]
name = "iris"
sample_order_seed = 0
test_portion = 0.2
sample_length = 10
num_categories = 8

[storage]
data_base_path = "data"
log_filename = "execution.log"
commit_elite_freq = -1
commit_metrics_freq = 10

[population]
num_generations = 200
size = 100
initial_enabled_edge_prob = 0.05
initial_genes = "full"
hof_size = 10
enable_edge_signs = false
enabled_activation_funcs = [ 2, 3, 5, 6, 8, 9,]

[selection]
use_tournaments = true
elite_ratio = 0.1
culling_ratio = 0.2
tournament_size = 5
objectives = [ "-log_loss.min", "-log_loss.mean", "-n_hidden",]
recorded_metrics = [ "accuracy", "kappa", "log_loss",]
hof_metric = "accuracy.mean"

[mutation.new_edge]
probability = 0.2
strategy = "layer_agnostic"
propability = 0.2

[mutation.new_node]
probability = 0.25
propability = 0.3

[mutation.reenable_edge]
probability = 0.05
propability = 0.1

[mutation.change_activation]
probability = 0.5
propability = 0.4

[mutation.change_edge_sign]
probability = 0.2

[mutation.new_recurrent_edge]
probability = 0.2
strategy = "any"

2020-07-29 14:49:32,713 - root - INFO - Starting evolutionary algorithm
2020-07-29 14:49:32,739 - root - DEBUG - Sampled weight [-0.21282672  1.34796146 -1.11270388 -0.02421898  1.71847496]
2020-07-29 14:49:34,202 - root - DEBUG - Updating hall of fame
2020-07-29 14:49:36,761 - root - INFO - Completed generation 1; 4.0s elapsed, 4.0s avg, 4.0s total. Expected time remaining: 8.1e+02s
2020-07-29 14:49:36,844 - root - INFO - #1 MAX:accuracy.mean: 0.47
2020-07-29 14:49:36,900 - root - DEBUG - Sampled weight [ 1.32189241 -1.71303469  1.4144993  -1.93536474 -0.18043859]
2020-07-29 14:49:38,255 - root - DEBUG - Updating hall of fame
2020-07-29 14:49:40,630 - root - INFO - Completed generation 2; 3.8s elapsed, 3.9s avg, 7.8s total. Expected time remaining: 7.8e+02s
2020-07-29 14:49:40,699 - root - INFO - #2 MAX:accuracy.mean: 0.47
2020-07-29 14:49:40,754 - root - DEBUG - Sampled weight [ 0.31627016  1.40279405  1.82817268 -0.94990357  0.71816774]
2020-07-29 14:49:42,123 - root - DEBUG - Updating hall of fame
2020-07-29 14:49:44,527 - root - INFO - Completed generation 3; 3.8s elapsed, 3.9s avg, 1.2e+01s total. Expected time remaining: 7.7e+02s
2020-07-29 14:49:44,597 - root - INFO - #3 MAX:accuracy.mean: 0.36
2020-07-29 14:49:44,651 - root - DEBUG - Sampled weight [ 1.37809592  0.46261829  1.99648135  1.93868331 -1.0452205 ]
2020-07-29 14:49:46,039 - root - DEBUG - Updating hall of fame
2020-07-29 14:49:48,482 - root - INFO - Completed generation 4; 3.9s elapsed, 3.9s avg, 1.6e+01s total. Expected time remaining: 7.6e+02s
2020-07-29 14:49:48,554 - root - INFO - #4 MAX:accuracy.mean: 0.4
2020-07-29 14:49:48,606 - root - DEBUG - Sampled weight [ 7.23506820e-04  1.17637403e+00  1.66416859e+00  1.82044493e+00
 -7.50528295e-01]
2020-07-29 14:49:50,013 - root - DEBUG - Updating hall of fame
2020-07-29 14:49:52,498 - root - INFO - Completed generation 5; 3.9s elapsed, 3.9s avg, 1.9e+01s total. Expected time remaining: 7.6e+02s
2020-07-29 14:49:52,568 - root - INFO - #5 MAX:accuracy.mean: 0.52
2020-07-29 14:49:52,623 - root - DEBUG - Sampled weight [ 1.474966    0.40561083  1.81465128  1.14388816 -0.22098058]
2020-07-29 14:49:54,004 - root - DEBUG - Updating hall of fame
2020-07-29 14:49:56,484 - root - INFO - Completed generation 6; 3.9s elapsed, 3.9s avg, 2.3e+01s total. Expected time remaining: 7.6e+02s
2020-07-29 14:49:56,556 - root - INFO - #6 MAX:accuracy.mean: 0.53
2020-07-29 14:49:56,611 - root - DEBUG - Sampled weight [-1.83633267 -0.98865936  1.58955527  1.73108395 -1.16930033]
2020-07-29 14:49:58,026 - root - DEBUG - Updating hall of fame
2020-07-29 14:50:00,248 - root - INFO - Completed generation 7; 3.7s elapsed, 3.9s avg, 2.7e+01s total. Expected time remaining: 7.5e+02s
2020-07-29 14:50:00,317 - root - INFO - #7 MAX:accuracy.mean: 0.47
2020-07-29 14:50:00,371 - root - DEBUG - Sampled weight [ 0.79319436  1.57754681  1.66449689  0.01853265 -0.33519486]
2020-07-29 14:50:01,751 - root - DEBUG - Updating hall of fame
2020-07-29 14:50:03,227 - root - INFO - Completed generation 8; 2.9s elapsed, 3.8s avg, 3e+01s total. Expected time remaining: 7.2e+02s
2020-07-29 14:50:03,299 - root - INFO - #8 MAX:accuracy.mean: 0.4
2020-07-29 14:50:03,356 - root - DEBUG - Sampled weight [ 0.94410987 -0.69976202 -1.32617308 -1.52603793  0.79029446]
2020-07-29 14:50:04,782 - root - DEBUG - Updating hall of fame
2020-07-29 14:50:05,764 - root - INFO - Completed generation 9; 2.5s elapsed, 3.6s avg, 3.2e+01s total. Expected time remaining: 6.9e+02s
2020-07-29 14:50:05,837 - root - INFO - #9 MAX:accuracy.mean: 0.44
2020-07-29 14:50:05,892 - root - DEBUG - Sampled weight [-0.49809473  1.7629692  -1.36129195  1.40226962 -1.27166393]
2020-07-29 14:50:07,296 - root - DEBUG - Updating hall of fame
2020-07-29 14:50:08,767 - root - INFO - Completed generation 10; 2.9s elapsed, 3.5s avg, 3.5e+01s total. Expected time remaining: 6.7e+02s
2020-07-29 14:50:08,841 - root - INFO - #10 MAX:accuracy.mean: 0.44
2020-07-29 14:50:08,942 - root - DEBUG - Sampled weight [ 1.84173048 -0.44076485  1.27165326  1.7566896  -1.85063378]
2020-07-29 14:50:10,335 - root - DEBUG - Updating hall of fame
2020-07-29 14:50:11,544 - root - INFO - Completed generation 11; 2.7s elapsed, 3.5s avg, 3.8e+01s total. Expected time remaining: 6.5e+02s
2020-07-29 14:50:11,610 - root - INFO - #11 MAX:accuracy.mean: 0.41
2020-07-29 14:50:11,661 - root - DEBUG - Sampled weight [-0.06712053 -1.36303713 -1.12808259  1.7685496  -1.23909237]
2020-07-29 14:50:13,045 - root - DEBUG - Updating hall of fame
2020-07-29 14:50:14,243 - root - INFO - Completed generation 12; 2.6s elapsed, 3.4s avg, 4.1e+01s total. Expected time remaining: 6.4e+02s
2020-07-29 14:50:14,311 - root - INFO - #12 MAX:accuracy.mean: 0.4
2020-07-29 14:50:14,365 - root - DEBUG - Sampled weight [ 1.47753752 -0.11657259  0.28058592  0.09452338 -0.89507189]
2020-07-29 14:50:15,716 - root - DEBUG - Updating hall of fame
2020-07-29 14:50:16,911 - root - INFO - Completed generation 13; 2.6s elapsed, 3.3s avg, 4.3e+01s total. Expected time remaining: 6.2e+02s
2020-07-29 14:50:16,981 - root - INFO - #13 MAX:accuracy.mean: 0.46
2020-07-29 14:50:17,034 - root - DEBUG - Sampled weight [-0.56375609 -0.48567622  0.09467789  0.00741017  1.33084157]
2020-07-29 14:50:18,380 - root - DEBUG - Updating hall of fame
2020-07-29 14:50:20,032 - root - INFO - Completed generation 14; 3.1s elapsed, 3.3s avg, 4.6e+01s total. Expected time remaining: 6.2e+02s
2020-07-29 14:50:20,104 - root - INFO - #14 MAX:accuracy.mean: 0.41
2020-07-29 14:50:20,155 - root - DEBUG - Sampled weight [ 1.05824417 -1.72020197 -0.70469031 -0.02678963  1.72358135]
2020-07-29 14:50:21,462 - root - DEBUG - Updating hall of fame
2020-07-29 14:50:22,374 - root - INFO - Completed generation 15; 2.3s elapsed, 3.2s avg, 4.9e+01s total. Expected time remaining: 6e+02s
2020-07-29 14:50:22,444 - root - INFO - #15 MAX:accuracy.mean: 0.52
2020-07-29 14:50:22,498 - root - DEBUG - Sampled weight [ 1.08190971  1.66498001 -1.96303291 -1.08091719 -1.09052492]
2020-07-29 14:50:23,803 - root - DEBUG - Updating hall of fame
2020-07-29 14:50:24,482 - root - INFO - Completed generation 16; 2.0s elapsed, 3.2s avg, 5.1e+01s total. Expected time remaining: 5.8e+02s
2020-07-29 14:50:24,555 - root - INFO - #16 MAX:accuracy.mean: 0.47
2020-07-29 14:50:24,599 - root - DEBUG - Sampled weight [-1.3949344  -0.19953694 -0.88647767 -1.91021358  0.81039035]
2020-07-29 14:50:25,928 - root - DEBUG - Updating hall of fame
2020-07-29 14:50:26,636 - root - INFO - Completed generation 17; 2.1s elapsed, 3.1s avg, 5.3e+01s total. Expected time remaining: 5.7e+02s
2020-07-29 14:50:26,706 - root - INFO - #17 MAX:accuracy.mean: 0.4
2020-07-29 14:50:26,760 - root - DEBUG - Sampled weight [ 1.50957928  0.63988786  1.59109895 -1.84612778 -0.48724879]
2020-07-29 14:50:28,082 - root - DEBUG - Updating hall of fame
2020-07-29 14:50:29,033 - root - INFO - Completed generation 18; 2.3s elapsed, 3.1s avg, 5.5e+01s total. Expected time remaining: 5.6e+02s
2020-07-29 14:50:29,101 - root - INFO - #18 MAX:accuracy.mean: 0.46
2020-07-29 14:50:29,152 - root - DEBUG - Sampled weight [ 1.98822145  0.55881435 -1.43371983 -1.00491002  1.07513992]
2020-07-29 14:50:30,509 - root - DEBUG - Updating hall of fame
2020-07-29 14:50:31,703 - root - INFO - Completed generation 19; 2.6s elapsed, 3.0s avg, 5.8e+01s total. Expected time remaining: 5.5e+02s
2020-07-29 14:50:31,769 - root - INFO - #19 MAX:accuracy.mean: 0.53
2020-07-29 14:50:31,821 - root - DEBUG - Sampled weight [ 0.32647203  1.27275266  1.00027291 -1.8957048   0.4103985 ]
2020-07-29 14:50:33,174 - root - DEBUG - Updating hall of fame
2020-07-29 14:50:33,935 - root - INFO - Completed generation 20; 2.2s elapsed, 3.0s avg, 6e+01s total. Expected time remaining: 5.4e+02s
2020-07-29 14:50:34,007 - root - INFO - #20 MAX:accuracy.mean: 0.5
2020-07-29 14:50:34,106 - root - DEBUG - Sampled weight [ 1.77197124  0.81417595 -1.2432246  -0.2356629   1.01175824]
2020-07-29 14:50:35,536 - root - DEBUG - Updating hall of fame
2020-07-29 14:50:37,301 - root - INFO - Completed generation 21; 3.3s elapsed, 3.0s avg, 6.3e+01s total. Expected time remaining: 5.4e+02s
2020-07-29 14:50:37,373 - root - INFO - #21 MAX:accuracy.mean: 0.48
2020-07-29 14:50:37,428 - root - DEBUG - Sampled weight [ 1.55699161  1.73582385  1.28715727 -0.11935974 -0.26325581]
2020-07-29 14:50:38,853 - root - DEBUG - Updating hall of fame
2020-07-29 14:50:39,856 - root - INFO - Completed generation 22; 2.5s elapsed, 3.0s avg, 6.6e+01s total. Expected time remaining: 5.3e+02s
2020-07-29 14:50:39,927 - root - INFO - #22 MAX:accuracy.mean: 0.53
2020-07-29 14:50:39,982 - root - DEBUG - Sampled weight [ 1.04682565  0.38623982 -0.69843748 -1.24130062 -1.44478493]
2020-07-29 14:50:41,418 - root - DEBUG - Updating hall of fame
2020-07-29 14:50:42,915 - root - INFO - Completed generation 23; 3.0s elapsed, 3.0s avg, 6.9e+01s total. Expected time remaining: 5.3e+02s
2020-07-29 14:50:42,988 - root - INFO - #23 MAX:accuracy.mean: 0.39
2020-07-29 14:50:43,042 - root - DEBUG - Sampled weight [-0.56701017 -0.33642446 -1.00990557 -1.22653159  0.22460831]
2020-07-29 14:50:44,480 - root - DEBUG - Updating hall of fame
2020-07-29 14:50:45,715 - root - INFO - Completed generation 24; 2.7s elapsed, 3.0s avg, 7.1e+01s total. Expected time remaining: 5.2e+02s
2020-07-29 14:50:45,786 - root - INFO - #24 MAX:accuracy.mean: 0.47
2020-07-29 14:50:45,839 - root - DEBUG - Sampled weight [-1.81818539  1.23291524 -1.64570591  1.97162147  0.23266854]
2020-07-29 14:50:47,251 - root - DEBUG - Updating hall of fame
2020-07-29 14:50:48,964 - root - INFO - Completed generation 25; 3.2s elapsed, 3.0s avg, 7.4e+01s total. Expected time remaining: 5.2e+02s
2020-07-29 14:50:49,035 - root - INFO - #25 MAX:accuracy.mean: 0.43
2020-07-29 14:50:49,089 - root - DEBUG - Sampled weight [ 0.2237178   0.54242833 -0.86724615  1.53465476  1.51012127]
2020-07-29 14:50:50,504 - root - DEBUG - Updating hall of fame
2020-07-29 14:50:51,712 - root - INFO - Completed generation 26; 2.7s elapsed, 3.0s avg, 7.7e+01s total. Expected time remaining: 5.2e+02s
2020-07-29 14:50:51,780 - root - INFO - #26 MAX:accuracy.mean: 0.45
2020-07-29 14:50:51,831 - root - DEBUG - Sampled weight [-1.32380598  0.10873582 -0.01825018  1.75178925 -1.32449486]
2020-07-29 14:50:53,246 - root - DEBUG - Updating hall of fame
2020-07-29 14:50:54,492 - root - INFO - Completed generation 27; 2.7s elapsed, 3.0s avg, 8e+01s total. Expected time remaining: 5.1e+02s
2020-07-29 14:50:54,571 - root - INFO - #27 MAX:accuracy.mean: 0.53
2020-07-29 14:50:54,626 - root - DEBUG - Sampled weight [ 0.17997966  1.22227469  0.41519565 -1.35626076 -0.61780104]
2020-07-29 14:50:56,091 - root - DEBUG - Updating hall of fame
2020-07-29 14:50:57,353 - root - INFO - Completed generation 28; 2.8s elapsed, 3.0s avg, 8.3e+01s total. Expected time remaining: 5.1e+02s
2020-07-29 14:50:57,424 - root - INFO - #28 MAX:accuracy.mean: 0.49
2020-07-29 14:50:57,479 - root - DEBUG - Sampled weight [ 1.55634253  0.20431894  0.77618041 -0.99651947 -0.80560514]
2020-07-29 14:50:58,899 - root - DEBUG - Updating hall of fame
2020-07-29 14:50:59,867 - root - INFO - Completed generation 29; 2.4s elapsed, 2.9s avg, 8.5e+01s total. Expected time remaining: 5e+02s
2020-07-29 14:50:59,938 - root - INFO - #29 MAX:accuracy.mean: 0.42
2020-07-29 14:50:59,992 - root - DEBUG - Sampled weight [-0.01251901 -1.59629368 -0.79610978 -0.56072595 -1.50264417]
2020-07-29 14:51:01,413 - root - DEBUG - Updating hall of fame
2020-07-29 14:51:02,386 - root - INFO - Completed generation 30; 2.4s elapsed, 2.9s avg, 8.8e+01s total. Expected time remaining: 5e+02s
2020-07-29 14:51:02,460 - root - INFO - #30 MAX:accuracy.mean: 0.47
2020-07-29 14:51:02,566 - root - DEBUG - Sampled weight [ 1.43323799  1.01112607  0.15414623  0.23867171 -0.00566704]
2020-07-29 14:51:04,053 - root - DEBUG - Updating hall of fame
2020-07-29 14:51:05,343 - root - INFO - Completed generation 31; 2.8s elapsed, 2.9s avg, 9e+01s total. Expected time remaining: 4.9e+02s
2020-07-29 14:51:05,416 - root - INFO - #31 MAX:accuracy.mean: 0.53
2020-07-29 14:51:05,474 - root - DEBUG - Sampled weight [ 0.07571626 -1.34543018 -0.50644272 -1.47116997 -1.85083405]
2020-07-29 14:51:06,965 - root - DEBUG - Updating hall of fame
2020-07-29 14:51:07,999 - root - INFO - Completed generation 32; 2.6s elapsed, 2.9s avg, 9.3e+01s total. Expected time remaining: 4.9e+02s
2020-07-29 14:51:08,073 - root - INFO - #32 MAX:accuracy.mean: 0.51
2020-07-29 14:51:08,129 - root - DEBUG - Sampled weight [-1.30503517  0.44304168  0.01675629  0.85453103  0.32513877]
2020-07-29 14:51:09,603 - root - DEBUG - Updating hall of fame
2020-07-29 14:51:10,631 - root - INFO - Completed generation 33; 2.6s elapsed, 2.9s avg, 9.5e+01s total. Expected time remaining: 4.8e+02s
2020-07-29 14:51:10,704 - root - INFO - #33 MAX:accuracy.mean: 0.52
2020-07-29 14:51:10,762 - root - DEBUG - Sampled weight [ 0.87979045 -1.05026189 -0.98550755 -1.18977647 -0.30345341]
2020-07-29 14:51:12,267 - root - DEBUG - Updating hall of fame
2020-07-29 14:51:13,542 - root - INFO - Completed generation 34; 2.8s elapsed, 2.9s avg, 9.8e+01s total. Expected time remaining: 4.8e+02s
2020-07-29 14:51:13,616 - root - INFO - #34 MAX:accuracy.mean: 0.56
2020-07-29 14:51:13,673 - root - DEBUG - Sampled weight [-1.19328108 -0.94751022  0.76458936  1.47621241 -1.82911352]
2020-07-29 14:51:15,175 - root - DEBUG - Updating hall of fame
2020-07-29 14:51:16,961 - root - INFO - Completed generation 35; 3.3s elapsed, 2.9s avg, 1e+02s total. Expected time remaining: 4.8e+02s
2020-07-29 14:51:17,034 - root - INFO - #35 MAX:accuracy.mean: 0.54
2020-07-29 14:51:17,088 - root - DEBUG - Sampled weight [ 1.27464444 -1.4503455  -0.35152858  0.47631736 -0.37223591]
2020-07-29 14:51:18,460 - root - DEBUG - Updating hall of fame
2020-07-29 14:51:19,189 - root - INFO - Completed generation 36; 2.2s elapsed, 2.9s avg, 1e+02s total. Expected time remaining: 4.7e+02s
2020-07-29 14:51:19,256 - root - INFO - #36 MAX:accuracy.mean: 0.56
2020-07-29 14:51:19,306 - root - DEBUG - Sampled weight [-0.74889548 -0.85905911 -1.03494972  1.81312755 -1.93882859]
2020-07-29 14:51:20,631 - root - DEBUG - Updating hall of fame
2020-07-29 14:51:21,651 - root - INFO - Completed generation 37; 2.4s elapsed, 2.9s avg, 1.1e+02s total. Expected time remaining: 4.7e+02s
2020-07-29 14:51:21,707 - root - INFO - #37 MAX:accuracy.mean: 0.59
2020-07-29 14:51:21,749 - root - DEBUG - Sampled weight [ 1.24568621 -1.85839184  0.7175454  -1.57629083 -0.82756802]
2020-07-29 14:51:22,949 - root - DEBUG - Updating hall of fame
2020-07-29 14:51:24,568 - root - INFO - Completed generation 38; 2.9s elapsed, 2.9s avg, 1.1e+02s total. Expected time remaining: 4.7e+02s
2020-07-29 14:51:24,717 - root - INFO - #38 MAX:accuracy.mean: 0.59
2020-07-29 14:51:24,762 - root - DEBUG - Sampled weight [-1.39805703 -0.04621822 -0.33198737  0.67438976 -0.68187611]
2020-07-29 14:51:25,913 - root - DEBUG - Updating hall of fame
2020-07-29 14:51:27,315 - root - INFO - Completed generation 39; 2.6s elapsed, 2.9s avg, 1.1e+02s total. Expected time remaining: 4.6e+02s
2020-07-29 14:51:27,373 - root - INFO - #39 MAX:accuracy.mean: 0.62
2020-07-29 14:51:27,417 - root - DEBUG - Sampled weight [ 1.41202574  1.13622871 -1.96607521  0.71071555 -1.20661734]
2020-07-29 14:51:28,560 - root - DEBUG - Updating hall of fame
2020-07-29 14:51:30,376 - root - INFO - Completed generation 40; 3.0s elapsed, 2.9s avg, 1.1e+02s total. Expected time remaining: 4.6e+02s
2020-07-29 14:51:30,434 - root - INFO - #40 MAX:accuracy.mean: 0.57
2020-07-29 14:51:30,523 - root - DEBUG - Sampled weight [-0.22693845 -1.57043117  0.49508525  0.98544682 -1.74842337]
2020-07-29 14:51:31,681 - root - DEBUG - Updating hall of fame
2020-07-29 14:51:33,134 - root - INFO - Completed generation 41; 2.7s elapsed, 2.9s avg, 1.2e+02s total. Expected time remaining: 4.6e+02s
2020-07-29 14:51:33,192 - root - INFO - #41 MAX:accuracy.mean: 0.75
2020-07-29 14:51:33,236 - root - DEBUG - Sampled weight [ 1.95259191  1.29356845  1.10653823  0.28272442 -0.70359113]
2020-07-29 14:51:34,378 - root - DEBUG - Updating hall of fame
2020-07-29 14:51:36,233 - root - INFO - Completed generation 42; 3.0s elapsed, 2.9s avg, 1.2e+02s total. Expected time remaining: 4.5e+02s
2020-07-29 14:51:36,295 - root - INFO - #42 MAX:accuracy.mean: 0.68
2020-07-29 14:51:36,342 - root - DEBUG - Sampled weight [ 0.53505392 -0.74919414  0.93597875 -1.8230815   0.64836108]
2020-07-29 14:51:37,479 - root - DEBUG - Updating hall of fame
2020-07-29 14:51:38,734 - root - INFO - Completed generation 43; 2.4s elapsed, 2.9s avg, 1.2e+02s total. Expected time remaining: 4.5e+02s
2020-07-29 14:51:38,793 - root - INFO - #43 MAX:accuracy.mean: 0.77
2020-07-29 14:51:38,837 - root - DEBUG - Sampled weight [ 0.10481621  1.48743844  0.98637801 -1.98086722  1.24564143]
2020-07-29 14:51:39,979 - root - DEBUG - Updating hall of fame
2020-07-29 14:51:41,372 - root - INFO - Completed generation 44; 2.6s elapsed, 2.8s avg, 1.3e+02s total. Expected time remaining: 4.4e+02s
2020-07-29 14:51:41,430 - root - INFO - #44 MAX:accuracy.mean: 0.71
2020-07-29 14:51:41,474 - root - DEBUG - Sampled weight [ 1.50527617 -0.84900176  0.50607256 -0.84514992 -1.03545736]
2020-07-29 14:51:42,613 - root - DEBUG - Updating hall of fame
2020-07-29 14:51:43,627 - root - INFO - Completed generation 45; 2.2s elapsed, 2.8s avg, 1.3e+02s total. Expected time remaining: 4.4e+02s
2020-07-29 14:51:43,685 - root - INFO - #45 MAX:accuracy.mean: 0.76
2020-07-29 14:51:43,729 - root - DEBUG - Sampled weight [ 1.13206012 -0.52337797 -1.17867319 -1.74072165 -0.98709233]
2020-07-29 14:51:44,873 - root - DEBUG - Updating hall of fame
2020-07-29 14:51:46,500 - root - INFO - Completed generation 46; 2.8s elapsed, 2.8s avg, 1.3e+02s total. Expected time remaining: 4.4e+02s
2020-07-29 14:51:46,558 - root - INFO - #46 MAX:accuracy.mean: 0.77
2020-07-29 14:51:46,602 - root - DEBUG - Sampled weight [ 0.3542944  -1.3681465  -0.02970558 -0.19153368 -0.49319641]
2020-07-29 14:51:47,748 - root - DEBUG - Updating hall of fame
2020-07-29 14:51:48,974 - root - INFO - Completed generation 47; 2.4s elapsed, 2.8s avg, 1.3e+02s total. Expected time remaining: 4.3e+02s
2020-07-29 14:51:49,034 - root - INFO - #47 MAX:accuracy.mean: 0.74
2020-07-29 14:51:49,077 - root - DEBUG - Sampled weight [-1.49654543  0.99081482 -0.91629115  1.57675846  0.51723478]
2020-07-29 14:51:50,222 - root - DEBUG - Updating hall of fame
2020-07-29 14:51:51,250 - root - INFO - Completed generation 48; 2.2s elapsed, 2.8s avg, 1.4e+02s total. Expected time remaining: 4.3e+02s
2020-07-29 14:51:51,309 - root - INFO - #48 MAX:accuracy.mean: 0.72
2020-07-29 14:51:51,352 - root - DEBUG - Sampled weight [-0.10093162 -1.31362215  1.34451676  1.23861092  0.99669439]
2020-07-29 14:51:52,494 - root - DEBUG - Updating hall of fame
2020-07-29 14:51:54,080 - root - INFO - Completed generation 49; 2.8s elapsed, 2.8s avg, 1.4e+02s total. Expected time remaining: 4.2e+02s
2020-07-29 14:51:54,139 - root - INFO - #49 MAX:accuracy.mean: 0.8
2020-07-29 14:51:54,184 - root - DEBUG - Sampled weight [-0.46741032  0.86356074  1.59160774  0.34358561 -0.29814424]
2020-07-29 14:51:55,323 - root - DEBUG - Updating hall of fame
2020-07-29 14:51:56,534 - root - INFO - Completed generation 50; 2.4s elapsed, 2.8s avg, 1.4e+02s total. Expected time remaining: 4.2e+02s
2020-07-29 14:51:56,592 - root - INFO - #50 MAX:accuracy.mean: 0.7
2020-07-29 14:51:56,679 - root - DEBUG - Sampled weight [-0.63035555 -1.75297556  0.12841896 -1.65011031  1.26548232]
2020-07-29 14:51:57,823 - root - DEBUG - Updating hall of fame
2020-07-29 14:51:58,838 - root - INFO - Completed generation 51; 2.2s elapsed, 2.8s avg, 1.4e+02s total. Expected time remaining: 4.2e+02s
2020-07-29 14:51:58,897 - root - INFO - #51 MAX:accuracy.mean: 0.73
2020-07-29 14:51:58,940 - root - DEBUG - Sampled weight [-0.96184969 -1.44294479 -1.03733216  1.15838004 -0.3931075 ]
2020-07-29 14:52:00,088 - root - DEBUG - Updating hall of fame
2020-07-29 14:52:00,894 - root - INFO - Completed generation 52; 2.0s elapsed, 2.8s avg, 1.4e+02s total. Expected time remaining: 4.1e+02s
2020-07-29 14:52:00,953 - root - INFO - #52 MAX:accuracy.mean: 0.78
2020-07-29 14:52:00,997 - root - DEBUG - Sampled weight [-1.94586771  1.14379316 -0.06707987 -1.68956205 -1.11740574]
2020-07-29 14:52:02,152 - root - DEBUG - Updating hall of fame
2020-07-29 14:52:03,537 - root - INFO - Completed generation 53; 2.6s elapsed, 2.8s avg, 1.5e+02s total. Expected time remaining: 4.1e+02s
2020-07-29 14:52:03,598 - root - INFO - #53 MAX:accuracy.mean: 0.73
2020-07-29 14:52:03,641 - root - DEBUG - Sampled weight [ 1.58711207  0.2161327  -0.86185442  1.8743655   0.47825473]
2020-07-29 14:52:04,788 - root - DEBUG - Updating hall of fame
2020-07-29 14:52:05,797 - root - INFO - Completed generation 54; 2.2s elapsed, 2.8s avg, 1.5e+02s total. Expected time remaining: 4e+02s
2020-07-29 14:52:05,855 - root - INFO - #54 MAX:accuracy.mean: 0.69
2020-07-29 14:52:05,900 - root - DEBUG - Sampled weight [ 1.4293696   0.83404444 -0.12600122  0.76049584  1.34298264]
2020-07-29 14:52:07,050 - root - DEBUG - Updating hall of fame
2020-07-29 14:52:07,858 - root - INFO - Completed generation 55; 2.0s elapsed, 2.7s avg, 1.5e+02s total. Expected time remaining: 4e+02s
2020-07-29 14:52:07,917 - root - INFO - #55 MAX:accuracy.mean: 0.78
2020-07-29 14:52:07,960 - root - DEBUG - Sampled weight [ 0.58899337  1.16544057 -1.60970995 -1.56120497  1.98978921]
2020-07-29 14:52:09,103 - root - DEBUG - Updating hall of fame
2020-07-29 14:52:09,894 - root - INFO - Completed generation 56; 2.0s elapsed, 2.7s avg, 1.5e+02s total. Expected time remaining: 3.9e+02s
2020-07-29 14:52:09,952 - root - INFO - #56 MAX:accuracy.mean: 0.82
2020-07-29 14:52:09,996 - root - DEBUG - Sampled weight [-1.81327483  1.42610276  0.56768745 -0.26981667 -0.13446527]
2020-07-29 14:52:11,143 - root - DEBUG - Updating hall of fame
2020-07-29 14:52:11,547 - root - INFO - Completed generation 57; 1.6s elapsed, 2.7s avg, 1.5e+02s total. Expected time remaining: 3.9e+02s
2020-07-29 14:52:11,605 - root - INFO - #57 MAX:accuracy.mean: 0.71
2020-07-29 14:52:11,649 - root - DEBUG - Sampled weight [ 0.20038086 -0.33911558  0.61988824  1.47812514  0.97090815]
2020-07-29 14:52:12,797 - root - DEBUG - Updating hall of fame
2020-07-29 14:52:13,196 - root - INFO - Completed generation 58; 1.6s elapsed, 2.7s avg, 1.6e+02s total. Expected time remaining: 3.8e+02s
2020-07-29 14:52:13,254 - root - INFO - #58 MAX:accuracy.mean: 0.7
2020-07-29 14:52:13,298 - root - DEBUG - Sampled weight [0.69330651 0.90196454 0.70846374 0.40104583 0.16945273]
2020-07-29 14:52:14,450 - root - DEBUG - Updating hall of fame
2020-07-29 14:52:15,456 - root - INFO - Completed generation 59; 2.2s elapsed, 2.7s avg, 1.6e+02s total. Expected time remaining: 3.8e+02s
2020-07-29 14:52:15,515 - root - INFO - #59 MAX:accuracy.mean: 0.67
2020-07-29 14:52:15,559 - root - DEBUG - Sampled weight [-0.89830638 -1.20902016  1.22489732 -1.11181994  1.86806548]
2020-07-29 14:52:16,709 - root - DEBUG - Updating hall of fame
2020-07-29 14:52:17,518 - root - INFO - Completed generation 60; 2.0s elapsed, 2.7s avg, 1.6e+02s total. Expected time remaining: 3.7e+02s
2020-07-29 14:52:17,576 - root - INFO - #60 MAX:accuracy.mean: 0.84
2020-07-29 14:52:17,663 - root - DEBUG - Sampled weight [ 0.89150704  1.40922194 -1.47779157  0.77597231 -0.14190917]
2020-07-29 14:52:18,814 - root - DEBUG - Updating hall of fame
2020-07-29 14:52:20,030 - root - INFO - Completed generation 61; 2.4s elapsed, 2.7s avg, 1.6e+02s total. Expected time remaining: 3.7e+02s
2020-07-29 14:52:20,089 - root - INFO - #61 MAX:accuracy.mean: 0.79
2020-07-29 14:52:20,133 - root - DEBUG - Sampled weight [ 0.45455277  1.34802645 -1.8104323  -0.38263609 -1.04227092]
2020-07-29 14:52:21,290 - root - DEBUG - Updating hall of fame
2020-07-29 14:52:22,303 - root - INFO - Completed generation 62; 2.2s elapsed, 2.7s avg, 1.7e+02s total. Expected time remaining: 3.7e+02s
2020-07-29 14:52:22,361 - root - INFO - #62 MAX:accuracy.mean: 0.74
2020-07-29 14:52:22,406 - root - DEBUG - Sampled weight [ 1.3327776  -1.60448672  1.82027714 -1.48407934 -1.01565728]
2020-07-29 14:52:23,565 - root - DEBUG - Updating hall of fame
2020-07-29 14:52:24,789 - root - INFO - Completed generation 63; 2.4s elapsed, 2.7s avg, 1.7e+02s total. Expected time remaining: 3.6e+02s
2020-07-29 14:52:24,848 - root - INFO - #63 MAX:accuracy.mean: 0.83
2020-07-29 14:52:24,893 - root - DEBUG - Sampled weight [-0.3508503  -1.96451011  0.72377641 -1.35657599  1.9388683 ]
2020-07-29 14:52:26,057 - root - DEBUG - Updating hall of fame
2020-07-29 14:52:27,074 - root - INFO - Completed generation 64; 2.2s elapsed, 2.7s avg, 1.7e+02s total. Expected time remaining: 3.6e+02s
2020-07-29 14:52:27,133 - root - INFO - #64 MAX:accuracy.mean: 0.7
2020-07-29 14:52:27,177 - root - DEBUG - Sampled weight [-0.18483657  0.44867429  1.8137429   0.28557007  1.56667878]
2020-07-29 14:52:28,335 - root - DEBUG - Updating hall of fame
2020-07-29 14:52:29,145 - root - INFO - Completed generation 65; 2.0s elapsed, 2.6s avg, 1.7e+02s total. Expected time remaining: 3.6e+02s
2020-07-29 14:52:29,203 - root - INFO - #65 MAX:accuracy.mean: 0.67
2020-07-29 14:52:29,247 - root - DEBUG - Sampled weight [-1.30698894 -0.68295811 -1.48325872  0.80041637  1.68546349]
2020-07-29 14:52:30,398 - root - DEBUG - Updating hall of fame
2020-07-29 14:52:31,393 - root - INFO - Completed generation 66; 2.2s elapsed, 2.6s avg, 1.7e+02s total. Expected time remaining: 3.5e+02s
2020-07-29 14:52:31,451 - root - INFO - #66 MAX:accuracy.mean: 0.8
2020-07-29 14:52:31,495 - root - DEBUG - Sampled weight [-1.05616806  0.18580572  1.109468   -1.00507277  1.5719616 ]
2020-07-29 14:52:32,669 - root - DEBUG - Updating hall of fame
2020-07-29 14:52:33,673 - root - INFO - Completed generation 67; 2.2s elapsed, 2.6s avg, 1.8e+02s total. Expected time remaining: 3.5e+02s
2020-07-29 14:52:33,731 - root - INFO - #67 MAX:accuracy.mean: 0.73
2020-07-29 14:52:33,775 - root - DEBUG - Sampled weight [ 1.87059196 -1.67666734 -1.05706816  1.48991758  0.23050811]
2020-07-29 14:52:34,948 - root - DEBUG - Updating hall of fame
2020-07-29 14:52:35,573 - root - INFO - Completed generation 68; 1.8s elapsed, 2.6s avg, 1.8e+02s total. Expected time remaining: 3.5e+02s
2020-07-29 14:52:35,631 - root - INFO - #68 MAX:accuracy.mean: 0.79
2020-07-29 14:52:35,676 - root - DEBUG - Sampled weight [-1.2122099  -1.02503394  0.18944395 -0.80680494  1.03258584]
2020-07-29 14:52:36,849 - root - DEBUG - Updating hall of fame
2020-07-29 14:52:37,466 - root - INFO - Completed generation 69; 1.8s elapsed, 2.6s avg, 1.8e+02s total. Expected time remaining: 3.4e+02s
2020-07-29 14:52:37,524 - root - INFO - #69 MAX:accuracy.mean: 0.75
2020-07-29 14:52:37,569 - root - DEBUG - Sampled weight [ 1.65254795 -0.5892097   1.72916203  0.58930785  1.77997103]
2020-07-29 14:52:38,747 - root - DEBUG - Updating hall of fame
2020-07-29 14:52:39,348 - root - INFO - Completed generation 70; 1.8s elapsed, 2.6s avg, 1.8e+02s total. Expected time remaining: 3.4e+02s
2020-07-29 14:52:39,406 - root - INFO - #70 MAX:accuracy.mean: 0.82
2020-07-29 14:52:39,498 - root - DEBUG - Sampled weight [ 1.65952359 -0.70961428  1.08247892 -1.79966098  0.57461809]
2020-07-29 14:52:40,680 - root - DEBUG - Updating hall of fame
2020-07-29 14:52:41,494 - root - INFO - Completed generation 71; 2.0s elapsed, 2.6s avg, 1.8e+02s total. Expected time remaining: 3.3e+02s
2020-07-29 14:52:41,552 - root - INFO - #71 MAX:accuracy.mean: 0.74
2020-07-29 14:52:41,599 - root - DEBUG - Sampled weight [-0.13253135  1.00212711 -1.51441895 -0.90150378  1.29243404]
2020-07-29 14:52:42,787 - root - DEBUG - Updating hall of fame
2020-07-29 14:52:43,409 - root - INFO - Completed generation 72; 1.9s elapsed, 2.6s avg, 1.9e+02s total. Expected time remaining: 3.3e+02s
2020-07-29 14:52:43,467 - root - INFO - #72 MAX:accuracy.mean: 0.75
2020-07-29 14:52:43,512 - root - DEBUG - Sampled weight [ 1.15069899 -0.03785727 -1.65814408 -0.75688697 -1.72317721]
2020-07-29 14:52:44,683 - root - DEBUG - Updating hall of fame
2020-07-29 14:52:45,489 - root - INFO - Completed generation 73; 2.0s elapsed, 2.6s avg, 1.9e+02s total. Expected time remaining: 3.3e+02s
2020-07-29 14:52:45,547 - root - INFO - #73 MAX:accuracy.mean: 0.78
2020-07-29 14:52:45,592 - root - DEBUG - Sampled weight [ 1.9353074  -1.95060327  0.33824449 -0.3935887   0.99385736]
2020-07-29 14:52:46,764 - root - DEBUG - Updating hall of fame
2020-07-29 14:52:47,160 - root - INFO - Completed generation 74; 1.6s elapsed, 2.6s avg, 1.9e+02s total. Expected time remaining: 3.2e+02s
2020-07-29 14:52:47,218 - root - INFO - #74 MAX:accuracy.mean: 0.68
2020-07-29 14:52:47,263 - root - DEBUG - Sampled weight [ 1.97804692 -0.76992514 -1.83053724 -0.51396153  1.57008432]
2020-07-29 14:52:48,453 - root - DEBUG - Updating hall of fame
2020-07-29 14:52:49,881 - root - INFO - Completed generation 75; 2.7s elapsed, 2.6s avg, 1.9e+02s total. Expected time remaining: 3.2e+02s
2020-07-29 14:52:49,939 - root - INFO - #75 MAX:accuracy.mean: 0.74
2020-07-29 14:52:49,985 - root - DEBUG - Sampled weight [ 0.96274246  1.37953659  0.92230459  1.27953015 -0.87247474]
2020-07-29 14:52:51,183 - root - DEBUG - Updating hall of fame
2020-07-29 14:52:52,014 - root - INFO - Completed generation 76; 2.1s elapsed, 2.6s avg, 1.9e+02s total. Expected time remaining: 3.2e+02s
2020-07-29 14:52:52,072 - root - INFO - #76 MAX:accuracy.mean: 0.83
2020-07-29 14:52:52,118 - root - DEBUG - Sampled weight [-1.36374912 -1.21801548  0.18188237 -1.85140127  1.10976509]
2020-07-29 14:52:53,315 - root - DEBUG - Updating hall of fame
2020-07-29 14:52:54,134 - root - INFO - Completed generation 77; 2.1s elapsed, 2.5s avg, 2e+02s total. Expected time remaining: 3.1e+02s
2020-07-29 14:52:54,193 - root - INFO - #77 MAX:accuracy.mean: 0.79
2020-07-29 14:52:54,237 - root - DEBUG - Sampled weight [ 0.60315243 -0.91461193 -0.09542086  1.02508968  1.14331755]
2020-07-29 14:52:55,425 - root - DEBUG - Updating hall of fame
2020-07-29 14:52:55,855 - root - INFO - Completed generation 78; 1.7s elapsed, 2.5s avg, 2e+02s total. Expected time remaining: 3.1e+02s
2020-07-29 14:52:55,913 - root - INFO - #78 MAX:accuracy.mean: 0.75
2020-07-29 14:52:55,958 - root - DEBUG - Sampled weight [-0.59847834 -0.46656881  0.42687481 -0.28891878  0.58888863]
2020-07-29 14:52:57,144 - root - DEBUG - Updating hall of fame
2020-07-29 14:52:57,971 - root - INFO - Completed generation 79; 2.1s elapsed, 2.5s avg, 2e+02s total. Expected time remaining: 3.1e+02s
2020-07-29 14:52:58,029 - root - INFO - #79 MAX:accuracy.mean: 0.68
2020-07-29 14:52:58,075 - root - DEBUG - Sampled weight [-0.28053143 -1.62178708  0.83993148  1.57305187  1.52454391]
2020-07-29 14:52:59,275 - root - DEBUG - Updating hall of fame
2020-07-29 14:52:59,694 - root - INFO - Completed generation 80; 1.7s elapsed, 2.5s avg, 2e+02s total. Expected time remaining: 3e+02s
2020-07-29 14:52:59,752 - root - INFO - #80 MAX:accuracy.mean: 0.72
2020-07-29 14:52:59,845 - root - DEBUG - Sampled weight [ 2.66126988e-01 -8.56665176e-02  1.43665398e+00 -1.82534194e+00
  1.63143443e-03]
2020-07-29 14:53:01,039 - root - DEBUG - Updating hall of fame
2020-07-29 14:53:01,873 - root - INFO - Completed generation 81; 2.1s elapsed, 2.5s avg, 2e+02s total. Expected time remaining: 3e+02s
2020-07-29 14:53:01,932 - root - INFO - #81 MAX:accuracy.mean: 0.7
2020-07-29 14:53:01,977 - root - DEBUG - Sampled weight [-0.94122479 -0.74819322 -1.00844313 -1.99340434 -1.16651843]
2020-07-29 14:53:03,175 - root - DEBUG - Updating hall of fame
2020-07-29 14:53:03,608 - root - INFO - Completed generation 82; 1.7s elapsed, 2.5s avg, 2.1e+02s total. Expected time remaining: 3e+02s
2020-07-29 14:53:03,666 - root - INFO - #82 MAX:accuracy.mean: 0.81
2020-07-29 14:53:03,711 - root - DEBUG - Sampled weight [ 1.36804726  0.81408091  0.80565694  1.30709072 -1.45915523]
2020-07-29 14:53:04,907 - root - DEBUG - Updating hall of fame
2020-07-29 14:53:05,329 - root - INFO - Completed generation 83; 1.7s elapsed, 2.5s avg, 2.1e+02s total. Expected time remaining: 2.9e+02s
2020-07-29 14:53:05,388 - root - INFO - #83 MAX:accuracy.mean: 0.82
2020-07-29 14:53:05,433 - root - DEBUG - Sampled weight [-0.51359746  0.05135156  0.20991285  0.03547559 -0.50198075]
2020-07-29 14:53:06,630 - root - DEBUG - Updating hall of fame
2020-07-29 14:53:07,045 - root - INFO - Completed generation 84; 1.7s elapsed, 2.5s avg, 2.1e+02s total. Expected time remaining: 2.9e+02s
2020-07-29 14:53:07,103 - root - INFO - #84 MAX:accuracy.mean: 0.68
2020-07-29 14:53:07,148 - root - DEBUG - Sampled weight [-1.96552619  1.78053242 -1.32758225 -0.74829258  0.64037292]
2020-07-29 14:53:08,335 - root - DEBUG - Updating hall of fame
2020-07-29 14:53:08,729 - root - INFO - Completed generation 85; 1.6s elapsed, 2.5s avg, 2.1e+02s total. Expected time remaining: 2.8e+02s
2020-07-29 14:53:08,787 - root - INFO - #85 MAX:accuracy.mean: 0.75
2020-07-29 14:53:08,831 - root - DEBUG - Sampled weight [-0.30293933 -0.23469661  1.54002111  1.85900862  1.94805162]
2020-07-29 14:53:10,026 - root - DEBUG - Updating hall of fame
2020-07-29 14:53:10,638 - root - INFO - Completed generation 86; 1.9s elapsed, 2.5s avg, 2.1e+02s total. Expected time remaining: 2.8e+02s
2020-07-29 14:53:10,697 - root - INFO - #86 MAX:accuracy.mean: 0.72
2020-07-29 14:53:10,741 - root - DEBUG - Sampled weight [ 1.15136518 -0.87317722 -1.42509601 -0.73233897 -1.0972496 ]
2020-07-29 14:53:11,925 - root - DEBUG - Updating hall of fame
2020-07-29 14:53:12,942 - root - INFO - Completed generation 87; 2.2s elapsed, 2.5s avg, 2.1e+02s total. Expected time remaining: 2.8e+02s
2020-07-29 14:53:13,000 - root - INFO - #87 MAX:accuracy.mean: 0.67
2020-07-29 14:53:13,044 - root - DEBUG - Sampled weight [ 0.14283982 -1.00677649  1.82736935  1.93762596  1.69012663]
2020-07-29 14:53:14,216 - root - DEBUG - Updating hall of fame
2020-07-29 14:53:14,826 - root - INFO - Completed generation 88; 1.8s elapsed, 2.5s avg, 2.2e+02s total. Expected time remaining: 2.8e+02s
2020-07-29 14:53:14,885 - root - INFO - #88 MAX:accuracy.mean: 0.77
2020-07-29 14:53:14,930 - root - DEBUG - Sampled weight [-0.79354907 -1.24119051 -0.14440201 -1.41691854  1.88213893]
2020-07-29 14:53:16,109 - root - DEBUG - Updating hall of fame
2020-07-29 14:53:17,125 - root - INFO - Completed generation 89; 2.2s elapsed, 2.5s avg, 2.2e+02s total. Expected time remaining: 2.7e+02s
2020-07-29 14:53:17,183 - root - INFO - #89 MAX:accuracy.mean: 0.78
2020-07-29 14:53:17,228 - root - DEBUG - Sampled weight [ 0.94078526  0.10741556 -0.63624342  1.53923618 -1.38299258]
2020-07-29 14:53:18,416 - root - DEBUG - Updating hall of fame
2020-07-29 14:53:19,034 - root - INFO - Completed generation 90; 1.8s elapsed, 2.4s avg, 2.2e+02s total. Expected time remaining: 2.7e+02s
2020-07-29 14:53:19,093 - root - INFO - #90 MAX:accuracy.mean: 0.78
2020-07-29 14:53:19,187 - root - DEBUG - Sampled weight [-1.5117056   0.85854148 -0.63927747 -0.54834016  1.83066971]
2020-07-29 14:53:20,361 - root - DEBUG - Updating hall of fame
2020-07-29 14:53:20,758 - root - INFO - Completed generation 91; 1.6s elapsed, 2.4s avg, 2.2e+02s total. Expected time remaining: 2.7e+02s
2020-07-29 14:53:20,816 - root - INFO - #91 MAX:accuracy.mean: 0.69
2020-07-29 14:53:20,863 - root - DEBUG - Sampled weight [-0.34149873  1.84096693  0.5669299   0.24499663 -1.09336226]
2020-07-29 14:53:22,050 - root - DEBUG - Updating hall of fame
2020-07-29 14:53:22,470 - root - INFO - Completed generation 92; 1.7s elapsed, 2.4s avg, 2.2e+02s total. Expected time remaining: 2.6e+02s
2020-07-29 14:53:22,529 - root - INFO - #92 MAX:accuracy.mean: 0.69
2020-07-29 14:53:22,574 - root - DEBUG - Sampled weight [-1.36026141  1.89661112 -0.07231795 -1.03519968  1.3672539 ]
2020-07-29 14:53:23,753 - root - DEBUG - Updating hall of fame
2020-07-29 14:53:24,561 - root - INFO - Completed generation 93; 2.0s elapsed, 2.4s avg, 2.3e+02s total. Expected time remaining: 2.6e+02s
2020-07-29 14:53:24,620 - root - INFO - #93 MAX:accuracy.mean: 0.79
2020-07-29 14:53:24,666 - root - DEBUG - Sampled weight [ 1.37979345 -0.92493908 -1.27689213  0.92471227  0.9310932 ]
2020-07-29 14:53:25,858 - root - DEBUG - Updating hall of fame
2020-07-29 14:53:26,274 - root - INFO - Completed generation 94; 1.7s elapsed, 2.4s avg, 2.3e+02s total. Expected time remaining: 2.6e+02s
2020-07-29 14:53:26,333 - root - INFO - #94 MAX:accuracy.mean: 0.87
2020-07-29 14:53:26,379 - root - DEBUG - Sampled weight [-1.36423715 -0.87108178 -1.1143724  -0.36869036 -1.18929922]
2020-07-29 14:53:27,575 - root - DEBUG - Updating hall of fame
2020-07-29 14:53:28,385 - root - INFO - Completed generation 95; 2.1s elapsed, 2.4s avg, 2.3e+02s total. Expected time remaining: 2.5e+02s
2020-07-29 14:53:28,444 - root - INFO - #95 MAX:accuracy.mean: 0.79
2020-07-29 14:53:28,491 - root - DEBUG - Sampled weight [-1.53787302 -1.26014431  0.34830002  0.01368688 -1.30640743]
2020-07-29 14:53:29,675 - root - DEBUG - Updating hall of fame
2020-07-29 14:53:30,485 - root - INFO - Completed generation 96; 2.0s elapsed, 2.4s avg, 2.3e+02s total. Expected time remaining: 2.5e+02s
2020-07-29 14:53:30,544 - root - INFO - #96 MAX:accuracy.mean: 0.74
2020-07-29 14:53:30,590 - root - DEBUG - Sampled weight [-0.14367651 -1.01641289 -0.1982402  -1.06860222 -1.34660994]
2020-07-29 14:53:31,774 - root - DEBUG - Updating hall of fame
2020-07-29 14:53:32,192 - root - INFO - Completed generation 97; 1.6s elapsed, 2.4s avg, 2.3e+02s total. Expected time remaining: 2.5e+02s
2020-07-29 14:53:32,251 - root - INFO - #97 MAX:accuracy.mean: 0.73
2020-07-29 14:53:32,296 - root - DEBUG - Sampled weight [ 1.06596231  0.09186822 -1.50359988 -1.35180608  0.78381374]
2020-07-29 14:53:33,475 - root - DEBUG - Updating hall of fame
2020-07-29 14:53:34,292 - root - INFO - Completed generation 98; 2.0s elapsed, 2.4s avg, 2.3e+02s total. Expected time remaining: 2.4e+02s
2020-07-29 14:53:34,350 - root - INFO - #98 MAX:accuracy.mean: 0.77
2020-07-29 14:53:34,396 - root - DEBUG - Sampled weight [0.27717    0.67849793 1.22920646 1.51122724 0.2250096 ]
2020-07-29 14:53:35,580 - root - DEBUG - Updating hall of fame
2020-07-29 14:53:36,202 - root - INFO - Completed generation 99; 1.9s elapsed, 2.4s avg, 2.4e+02s total. Expected time remaining: 2.4e+02s
2020-07-29 14:53:36,261 - root - INFO - #99 MAX:accuracy.mean: 0.73
2020-07-29 14:53:36,308 - root - DEBUG - Sampled weight [-0.4370532  -0.43538639 -1.96316565 -0.76253941 -0.20515177]
2020-07-29 14:53:37,499 - root - DEBUG - Updating hall of fame
2020-07-29 14:53:38,522 - root - INFO - Completed generation 100; 2.3s elapsed, 2.4s avg, 2.4e+02s total. Expected time remaining: 2.4e+02s
2020-07-29 14:53:38,580 - root - INFO - #100 MAX:accuracy.mean: 0.72
2020-07-29 14:53:38,674 - root - DEBUG - Sampled weight [ 0.07815388  1.03408595  1.11365744  0.09104537 -0.55093955]
2020-07-29 14:53:39,866 - root - DEBUG - Updating hall of fame
2020-07-29 14:53:40,698 - root - INFO - Completed generation 101; 2.1s elapsed, 2.4s avg, 2.4e+02s total. Expected time remaining: 2.4e+02s
2020-07-29 14:53:40,757 - root - INFO - #101 MAX:accuracy.mean: 0.72
2020-07-29 14:53:40,801 - root - DEBUG - Sampled weight [-0.3790619   0.14050472 -1.63502134 -0.89896726 -0.28632659]
2020-07-29 14:53:41,979 - root - DEBUG - Updating hall of fame
2020-07-29 14:53:42,599 - root - INFO - Completed generation 102; 1.8s elapsed, 2.4s avg, 2.4e+02s total. Expected time remaining: 2.3e+02s
2020-07-29 14:53:42,657 - root - INFO - #102 MAX:accuracy.mean: 0.71
2020-07-29 14:53:42,703 - root - DEBUG - Sampled weight [ 0.84426521 -1.99279888 -0.5256986   1.60636125  0.94714872]
2020-07-29 14:53:43,888 - root - DEBUG - Updating hall of fame
2020-07-29 14:53:44,502 - root - INFO - Completed generation 103; 1.8s elapsed, 2.4s avg, 2.4e+02s total. Expected time remaining: 2.3e+02s
2020-07-29 14:53:44,561 - root - INFO - #103 MAX:accuracy.mean: 0.81
2020-07-29 14:53:44,605 - root - DEBUG - Sampled weight [-0.64571123  1.98329046  0.79056084 -1.04473933  1.43020349]
2020-07-29 14:53:45,785 - root - DEBUG - Updating hall of fame
2020-07-29 14:53:46,614 - root - INFO - Completed generation 104; 2.1s elapsed, 2.4s avg, 2.5e+02s total. Expected time remaining: 2.3e+02s
2020-07-29 14:53:46,673 - root - INFO - #104 MAX:accuracy.mean: 0.81
2020-07-29 14:53:46,720 - root - DEBUG - Sampled weight [ 1.27556272  0.50212372  1.63298236 -1.03615526 -0.41601581]
2020-07-29 14:53:47,913 - root - DEBUG - Updating hall of fame
2020-07-29 14:53:48,942 - root - INFO - Completed generation 105; 2.3s elapsed, 2.4s avg, 2.5e+02s total. Expected time remaining: 2.3e+02s
2020-07-29 14:53:49,001 - root - INFO - #105 MAX:accuracy.mean: 0.71
2020-07-29 14:53:49,046 - root - DEBUG - Sampled weight [ 1.11042657 -0.40806398  0.86853025  0.89187171  0.95461784]
2020-07-29 14:53:50,246 - root - DEBUG - Updating hall of fame
2020-07-29 14:53:51,073 - root - INFO - Completed generation 106; 2.1s elapsed, 2.4s avg, 2.5e+02s total. Expected time remaining: 2.2e+02s
2020-07-29 14:53:51,131 - root - INFO - #106 MAX:accuracy.mean: 0.82
2020-07-29 14:53:51,177 - root - DEBUG - Sampled weight [-1.30021668 -0.63810834 -0.75714492  0.09386713  0.20228824]
2020-07-29 14:53:52,363 - root - DEBUG - Updating hall of fame
2020-07-29 14:53:52,777 - root - INFO - Completed generation 107; 1.6s elapsed, 2.4s avg, 2.5e+02s total. Expected time remaining: 2.2e+02s
2020-07-29 14:53:52,835 - root - INFO - #107 MAX:accuracy.mean: 0.67
2020-07-29 14:53:52,881 - root - DEBUG - Sampled weight [-1.75456002  1.70242048 -1.06689265  0.11725615  0.44285143]
2020-07-29 14:53:54,068 - root - DEBUG - Updating hall of fame
2020-07-29 14:53:54,463 - root - INFO - Completed generation 108; 1.6s elapsed, 2.4s avg, 2.5e+02s total. Expected time remaining: 2.2e+02s
2020-07-29 14:53:54,521 - root - INFO - #108 MAX:accuracy.mean: 0.67
2020-07-29 14:53:54,567 - root - DEBUG - Sampled weight [-0.39216217  0.92853659 -1.30891495 -1.63173118 -0.24485039]
2020-07-29 14:53:55,766 - root - DEBUG - Updating hall of fame
2020-07-29 14:53:56,572 - root - INFO - Completed generation 109; 2.1s elapsed, 2.4s avg, 2.6e+02s total. Expected time remaining: 2.1e+02s
2020-07-29 14:53:56,630 - root - INFO - #109 MAX:accuracy.mean: 0.72
2020-07-29 14:53:56,675 - root - DEBUG - Sampled weight [-0.44135795  0.28681554  1.68065517  0.4692529  -1.05371547]
2020-07-29 14:53:57,857 - root - DEBUG - Updating hall of fame
2020-07-29 14:53:58,462 - root - INFO - Completed generation 110; 1.8s elapsed, 2.3s avg, 2.6e+02s total. Expected time remaining: 2.1e+02s
2020-07-29 14:53:58,520 - root - INFO - #110 MAX:accuracy.mean: 0.66
2020-07-29 14:53:58,618 - root - DEBUG - Sampled weight [ 1.8766858  -1.46033457 -0.82308355 -0.87627914 -1.68395586]
2020-07-29 14:53:59,801 - root - DEBUG - Updating hall of fame
2020-07-29 14:54:00,817 - root - INFO - Completed generation 111; 2.2s elapsed, 2.3s avg, 2.6e+02s total. Expected time remaining: 2.1e+02s
2020-07-29 14:54:00,875 - root - INFO - #111 MAX:accuracy.mean: 0.78
2020-07-29 14:54:00,920 - root - DEBUG - Sampled weight [-1.745915    0.38399715 -0.1198964  -0.69297879 -0.41917552]
2020-07-29 14:54:02,096 - root - DEBUG - Updating hall of fame
2020-07-29 14:54:02,896 - root - INFO - Completed generation 112; 2.0s elapsed, 2.3s avg, 2.6e+02s total. Expected time remaining: 2.1e+02s
2020-07-29 14:54:02,955 - root - INFO - #112 MAX:accuracy.mean: 0.65
2020-07-29 14:54:03,000 - root - DEBUG - Sampled weight [-0.42003677 -0.06670887 -1.39919723  1.48644434  0.40949892]
2020-07-29 14:54:04,186 - root - DEBUG - Updating hall of fame
2020-07-29 14:54:04,584 - root - INFO - Completed generation 113; 1.6s elapsed, 2.3s avg, 2.6e+02s total. Expected time remaining: 2e+02s
2020-07-29 14:54:04,643 - root - INFO - #113 MAX:accuracy.mean: 0.65
2020-07-29 14:54:04,688 - root - DEBUG - Sampled weight [-0.27674192  0.01335769 -1.87489988 -1.95507215  1.5866812 ]
2020-07-29 14:54:05,868 - root - DEBUG - Updating hall of fame
2020-07-29 14:54:06,676 - root - INFO - Completed generation 114; 2.0s elapsed, 2.3s avg, 2.7e+02s total. Expected time remaining: 2e+02s
2020-07-29 14:54:06,734 - root - INFO - #114 MAX:accuracy.mean: 0.69
2020-07-29 14:54:06,780 - root - DEBUG - Sampled weight [0.64690507 1.54761408 1.28788907 1.84320151 1.36292443]
2020-07-29 14:54:07,969 - root - DEBUG - Updating hall of fame
2020-07-29 14:54:08,599 - root - INFO - Completed generation 115; 1.9s elapsed, 2.3s avg, 2.7e+02s total. Expected time remaining: 2e+02s
2020-07-29 14:54:08,658 - root - INFO - #115 MAX:accuracy.mean: 0.85
2020-07-29 14:54:08,702 - root - DEBUG - Sampled weight [-0.25027412  1.64561047  1.15409863  0.54231785  0.38332029]
2020-07-29 14:54:09,874 - root - DEBUG - Updating hall of fame
2020-07-29 14:54:10,286 - root - INFO - Completed generation 116; 1.6s elapsed, 2.3s avg, 2.7e+02s total. Expected time remaining: 2e+02s
2020-07-29 14:54:10,345 - root - INFO - #116 MAX:accuracy.mean: 0.67
2020-07-29 14:54:10,390 - root - DEBUG - Sampled weight [1.1368625  1.09928788 0.11606276 1.89002615 1.58124853]
2020-07-29 14:54:11,575 - root - DEBUG - Updating hall of fame
2020-07-29 14:54:11,971 - root - INFO - Completed generation 117; 1.6s elapsed, 2.3s avg, 2.7e+02s total. Expected time remaining: 1.9e+02s
2020-07-29 14:54:12,030 - root - INFO - #117 MAX:accuracy.mean: 0.76
2020-07-29 14:54:12,076 - root - DEBUG - Sampled weight [-0.66662466 -1.10187128 -0.84575402 -0.05681955 -1.75241791]
2020-07-29 14:54:13,279 - root - DEBUG - Updating hall of fame
2020-07-29 14:54:14,110 - root - INFO - Completed generation 118; 2.1s elapsed, 2.3s avg, 2.7e+02s total. Expected time remaining: 1.9e+02s
2020-07-29 14:54:14,169 - root - INFO - #118 MAX:accuracy.mean: 0.77
2020-07-29 14:54:14,214 - root - DEBUG - Sampled weight [ 0.10457881 -1.88776724 -0.4006894  -1.00231229  0.386929  ]
2020-07-29 14:54:15,407 - root - DEBUG - Updating hall of fame
2020-07-29 14:54:16,029 - root - INFO - Completed generation 119; 1.9s elapsed, 2.3s avg, 2.8e+02s total. Expected time remaining: 1.9e+02s
2020-07-29 14:54:16,088 - root - INFO - #119 MAX:accuracy.mean: 0.7
2020-07-29 14:54:16,132 - root - DEBUG - Sampled weight [-0.7537045  -1.37947834  0.70838112  0.78995263  1.42145698]
2020-07-29 14:54:17,314 - root - DEBUG - Updating hall of fame
2020-07-29 14:54:17,708 - root - INFO - Completed generation 120; 1.6s elapsed, 2.3s avg, 2.8e+02s total. Expected time remaining: 1.8e+02s
2020-07-29 14:54:17,766 - root - INFO - #120 MAX:accuracy.mean: 0.7
2020-07-29 14:54:17,863 - root - DEBUG - Sampled weight [-0.07815299 -0.45512582 -0.89165282  0.33523087  1.18292132]
2020-07-29 14:54:19,063 - root - DEBUG - Updating hall of fame
2020-07-29 14:54:19,877 - root - INFO - Completed generation 121; 2.1s elapsed, 2.3s avg, 2.8e+02s total. Expected time remaining: 1.8e+02s
2020-07-29 14:54:19,935 - root - INFO - #121 MAX:accuracy.mean: 0.69
2020-07-29 14:54:19,982 - root - DEBUG - Sampled weight [ 1.23220489  0.44022109 -1.77668369 -0.8333074   1.87968253]
2020-07-29 14:54:21,171 - root - DEBUG - Updating hall of fame
2020-07-29 14:54:21,377 - root - INFO - Completed generation 122; 1.4s elapsed, 2.3s avg, 2.8e+02s total. Expected time remaining: 1.8e+02s
2020-07-29 14:54:21,436 - root - INFO - #122 MAX:accuracy.mean: 0.78
2020-07-29 14:54:21,482 - root - DEBUG - Sampled weight [ 0.13353791  1.057435    0.66697734  1.10906647 -1.49810137]
2020-07-29 14:54:22,697 - root - DEBUG - Updating hall of fame
2020-07-29 14:54:23,515 - root - INFO - Completed generation 123; 2.1s elapsed, 2.3s avg, 2.8e+02s total. Expected time remaining: 1.8e+02s
2020-07-29 14:54:23,574 - root - INFO - #123 MAX:accuracy.mean: 0.75
2020-07-29 14:54:23,619 - root - DEBUG - Sampled weight [-1.97926458 -0.43188325 -0.94351353 -0.81742604 -1.81778021]
2020-07-29 14:54:24,819 - root - DEBUG - Updating hall of fame
2020-07-29 14:54:25,430 - root - INFO - Completed generation 124; 1.9s elapsed, 2.3s avg, 2.8e+02s total. Expected time remaining: 1.7e+02s
2020-07-29 14:54:25,488 - root - INFO - #124 MAX:accuracy.mean: 0.8
2020-07-29 14:54:25,534 - root - DEBUG - Sampled weight [-1.20872157  0.46253744  0.39102989 -1.54451871  1.38913182]
2020-07-29 14:54:26,718 - root - DEBUG - Updating hall of fame
2020-07-29 14:54:27,540 - root - INFO - Completed generation 125; 2.1s elapsed, 2.3s avg, 2.9e+02s total. Expected time remaining: 1.7e+02s
2020-07-29 14:54:27,599 - root - INFO - #125 MAX:accuracy.mean: 0.64
2020-07-29 14:54:27,643 - root - DEBUG - Sampled weight [-1.35371289  1.24036814  0.1118766  -0.10131865 -1.31400737]
2020-07-29 14:54:28,839 - root - DEBUG - Updating hall of fame
2020-07-29 14:54:29,843 - root - INFO - Completed generation 126; 2.2s elapsed, 2.3s avg, 2.9e+02s total. Expected time remaining: 1.7e+02s
2020-07-29 14:54:29,902 - root - INFO - #126 MAX:accuracy.mean: 0.64
2020-07-29 14:54:29,948 - root - DEBUG - Sampled weight [-1.02216846  0.94421765  0.65241493  1.49804042 -0.10136187]
2020-07-29 14:54:31,147 - root - DEBUG - Updating hall of fame
2020-07-29 14:54:31,950 - root - INFO - Completed generation 127; 2.0s elapsed, 2.3s avg, 2.9e+02s total. Expected time remaining: 1.7e+02s
2020-07-29 14:54:32,009 - root - INFO - #127 MAX:accuracy.mean: 0.65
2020-07-29 14:54:32,052 - root - DEBUG - Sampled weight [ 0.41395445 -1.38359289 -1.75255563 -1.6606722   1.94783461]
2020-07-29 14:54:33,240 - root - DEBUG - Updating hall of fame
2020-07-29 14:54:33,843 - root - INFO - Completed generation 128; 1.8s elapsed, 2.3s avg, 2.9e+02s total. Expected time remaining: 1.6e+02s
2020-07-29 14:54:33,902 - root - INFO - #128 MAX:accuracy.mean: 0.83
2020-07-29 14:54:33,947 - root - DEBUG - Sampled weight [-1.66897083 -0.00704407 -0.18354189  0.56793419  1.79315107]
2020-07-29 14:54:35,140 - root - DEBUG - Updating hall of fame
2020-07-29 14:54:35,553 - root - INFO - Completed generation 129; 1.7s elapsed, 2.3s avg, 2.9e+02s total. Expected time remaining: 1.6e+02s
2020-07-29 14:54:35,611 - root - INFO - #129 MAX:accuracy.mean: 0.7
2020-07-29 14:54:35,660 - root - DEBUG - Sampled weight [-0.24402053 -0.04544791  0.2345492  -1.40323752 -1.49741187]
2020-07-29 14:54:36,854 - root - DEBUG - Updating hall of fame
2020-07-29 14:54:37,066 - root - INFO - Completed generation 130; 1.5s elapsed, 2.3s avg, 3e+02s total. Expected time remaining: 1.6e+02s
2020-07-29 14:54:37,124 - root - INFO - #130 MAX:accuracy.mean: 0.67
2020-07-29 14:54:37,225 - root - DEBUG - Sampled weight [-1.23725123  0.99401013 -0.12297465  0.6783314  -0.20472194]
2020-07-29 14:54:38,420 - root - DEBUG - Updating hall of fame
2020-07-29 14:54:38,827 - root - INFO - Completed generation 131; 1.6s elapsed, 2.3s avg, 3e+02s total. Expected time remaining: 1.6e+02s
2020-07-29 14:54:38,886 - root - INFO - #131 MAX:accuracy.mean: 0.72
2020-07-29 14:54:38,930 - root - DEBUG - Sampled weight [-0.56950791 -1.37054075 -0.28118247 -1.73312693  1.86630236]
2020-07-29 14:54:40,134 - root - DEBUG - Updating hall of fame
2020-07-29 14:54:40,747 - root - INFO - Completed generation 132; 1.9s elapsed, 2.3s avg, 3e+02s total. Expected time remaining: 1.5e+02s
2020-07-29 14:54:40,806 - root - INFO - #132 MAX:accuracy.mean: 0.76
2020-07-29 14:54:40,853 - root - DEBUG - Sampled weight [-1.18579875 -0.44501827  0.01036568  1.05373419 -0.38952813]
2020-07-29 14:54:42,069 - root - DEBUG - Updating hall of fame
2020-07-29 14:54:42,878 - root - INFO - Completed generation 133; 2.1s elapsed, 2.3s avg, 3e+02s total. Expected time remaining: 1.5e+02s
2020-07-29 14:54:42,937 - root - INFO - #133 MAX:accuracy.mean: 0.67
2020-07-29 14:54:42,982 - root - DEBUG - Sampled weight [-0.06570384 -0.33840323  0.28942607  1.77055965 -1.51869993]
2020-07-29 14:54:44,167 - root - DEBUG - Updating hall of fame
2020-07-29 14:54:44,777 - root - INFO - Completed generation 134; 1.8s elapsed, 2.3s avg, 3e+02s total. Expected time remaining: 1.5e+02s
2020-07-29 14:54:44,836 - root - INFO - #134 MAX:accuracy.mean: 0.65
2020-07-29 14:54:44,881 - root - DEBUG - Sampled weight [ 0.68008672 -0.82699732 -0.1149188   1.08922065 -0.10903018]
2020-07-29 14:54:46,071 - root - DEBUG - Updating hall of fame
2020-07-29 14:54:46,269 - root - INFO - Completed generation 135; 1.4s elapsed, 2.3s avg, 3e+02s total. Expected time remaining: 1.5e+02s
2020-07-29 14:54:46,327 - root - INFO - #135 MAX:accuracy.mean: 0.65
2020-07-29 14:54:46,370 - root - DEBUG - Sampled weight [-0.78679115 -0.87381199 -0.01652741  0.84850916  1.92989238]
2020-07-29 14:54:47,551 - root - DEBUG - Updating hall of fame
2020-07-29 14:54:48,160 - root - INFO - Completed generation 136; 1.8s elapsed, 2.3s avg, 3.1e+02s total. Expected time remaining: 1.4e+02s
2020-07-29 14:54:48,220 - root - INFO - #136 MAX:accuracy.mean: 0.69
2020-07-29 14:54:48,264 - root - DEBUG - Sampled weight [ 0.93087057  1.13140902 -1.83020382  0.46666682  0.44260927]
2020-07-29 14:54:49,453 - root - DEBUG - Updating hall of fame
2020-07-29 14:54:49,869 - root - INFO - Completed generation 137; 1.6s elapsed, 2.2s avg, 3.1e+02s total. Expected time remaining: 1.4e+02s
2020-07-29 14:54:49,928 - root - INFO - #137 MAX:accuracy.mean: 0.78
2020-07-29 14:54:49,973 - root - DEBUG - Sampled weight [-1.23979288  1.3815421   0.89115279 -0.735793    0.35808819]
2020-07-29 14:54:51,176 - root - DEBUG - Updating hall of fame
2020-07-29 14:54:52,199 - root - INFO - Completed generation 138; 2.3s elapsed, 2.2s avg, 3.1e+02s total. Expected time remaining: 1.4e+02s
2020-07-29 14:54:52,259 - root - INFO - #138 MAX:accuracy.mean: 0.71
2020-07-29 14:54:52,304 - root - DEBUG - Sampled weight [ 0.22802134 -1.63710822 -1.28755313  0.34323319  1.53077082]
2020-07-29 14:54:53,514 - root - DEBUG - Updating hall of fame
2020-07-29 14:54:53,920 - root - INFO - Completed generation 139; 1.7s elapsed, 2.2s avg, 3.1e+02s total. Expected time remaining: 1.4e+02s
2020-07-29 14:54:53,979 - root - INFO - #139 MAX:accuracy.mean: 0.72
2020-07-29 14:54:54,024 - root - DEBUG - Sampled weight [-1.19674284 -0.87268153  0.00751062 -1.55582829 -0.97128468]
2020-07-29 14:54:55,238 - root - DEBUG - Updating hall of fame
2020-07-29 14:54:55,859 - root - INFO - Completed generation 140; 1.9s elapsed, 2.2s avg, 3.1e+02s total. Expected time remaining: 1.3e+02s
2020-07-29 14:54:55,917 - root - INFO - #140 MAX:accuracy.mean: 0.79
2020-07-29 14:54:56,018 - root - DEBUG - Sampled weight [-0.92074431  1.31546017  0.49805494 -1.34527445 -0.82622472]
2020-07-29 14:54:57,229 - root - DEBUG - Updating hall of fame
2020-07-29 14:54:58,038 - root - INFO - Completed generation 141; 2.1s elapsed, 2.2s avg, 3.2e+02s total. Expected time remaining: 1.3e+02s
2020-07-29 14:54:58,095 - root - INFO - #141 MAX:accuracy.mean: 0.74
2020-07-29 14:54:58,140 - root - DEBUG - Sampled weight [-1.34108941 -0.84838033 -1.91901991  0.53311857  0.00621604]
2020-07-29 14:54:59,329 - root - DEBUG - Updating hall of fame
2020-07-29 14:55:00,128 - root - INFO - Completed generation 142; 2.0s elapsed, 2.2s avg, 3.2e+02s total. Expected time remaining: 1.3e+02s
2020-07-29 14:55:00,185 - root - INFO - #142 MAX:accuracy.mean: 0.74
2020-07-29 14:55:00,229 - root - DEBUG - Sampled weight [ 0.09121156 -0.1422259   1.9672175   0.56603412 -0.01172245]
2020-07-29 14:55:01,392 - root - DEBUG - Updating hall of fame
2020-07-29 14:55:02,019 - root - INFO - Completed generation 143; 1.8s elapsed, 2.2s avg, 3.2e+02s total. Expected time remaining: 1.3e+02s
2020-07-29 14:55:02,078 - root - INFO - #143 MAX:accuracy.mean: 0.71
2020-07-29 14:55:02,124 - root - DEBUG - Sampled weight [ 1.17633338 -0.47017828 -0.91748852 -1.59464766 -1.10832761]
2020-07-29 14:55:03,293 - root - DEBUG - Updating hall of fame
2020-07-29 14:55:04,270 - root - INFO - Completed generation 144; 2.2s elapsed, 2.2s avg, 3.2e+02s total. Expected time remaining: 1.3e+02s
2020-07-29 14:55:04,326 - root - INFO - #144 MAX:accuracy.mean: 0.77
2020-07-29 14:55:04,369 - root - DEBUG - Sampled weight [ 1.18588156 -1.78131546 -1.41278607  0.20765676  0.9326948 ]
2020-07-29 14:55:05,497 - root - DEBUG - Updating hall of fame
2020-07-29 14:55:06,092 - root - INFO - Completed generation 145; 1.8s elapsed, 2.2s avg, 3.2e+02s total. Expected time remaining: 1.2e+02s
2020-07-29 14:55:06,147 - root - INFO - #145 MAX:accuracy.mean: 0.77
2020-07-29 14:55:06,190 - root - DEBUG - Sampled weight [ 1.53162813 -0.84777316 -1.15490248  0.60057375  1.48212858]
2020-07-29 14:55:07,320 - root - DEBUG - Updating hall of fame
2020-07-29 14:55:08,083 - root - INFO - Completed generation 146; 1.9s elapsed, 2.2s avg, 3.3e+02s total. Expected time remaining: 1.2e+02s
2020-07-29 14:55:08,137 - root - INFO - #146 MAX:accuracy.mean: 0.83
2020-07-29 14:55:08,178 - root - DEBUG - Sampled weight [-1.14706928  0.43213219 -1.54998954 -1.68124891  1.65307895]
2020-07-29 14:55:09,333 - root - DEBUG - Updating hall of fame
2020-07-29 14:55:10,324 - root - INFO - Completed generation 147; 2.2s elapsed, 2.2s avg, 3.3e+02s total. Expected time remaining: 1.2e+02s
2020-07-29 14:55:10,378 - root - INFO - #147 MAX:accuracy.mean: 0.85
2020-07-29 14:55:10,423 - root - DEBUG - Sampled weight [-1.62846094  1.5519624   1.33930137 -0.31758572  1.85886239]
2020-07-29 14:55:11,578 - root - DEBUG - Updating hall of fame
2020-07-29 14:55:12,183 - root - INFO - Completed generation 148; 1.8s elapsed, 2.2s avg, 3.3e+02s total. Expected time remaining: 1.2e+02s
2020-07-29 14:55:12,238 - root - INFO - #148 MAX:accuracy.mean: 0.89
2020-07-29 14:55:12,280 - root - DEBUG - Sampled weight [-0.2026599   1.45592799  1.46013155 -0.14573714  0.84942864]
2020-07-29 14:55:13,401 - root - DEBUG - Updating hall of fame
2020-07-29 14:55:14,184 - root - INFO - Completed generation 149; 1.9s elapsed, 2.2s avg, 3.3e+02s total. Expected time remaining: 1.1e+02s
2020-07-29 14:55:14,239 - root - INFO - #149 MAX:accuracy.mean: 0.74
2020-07-29 14:55:14,279 - root - DEBUG - Sampled weight [-1.24077036 -0.39829076 -0.07296891  1.5200497   0.41954189]
2020-07-29 14:55:15,390 - root - DEBUG - Updating hall of fame
2020-07-29 14:55:15,963 - root - INFO - Completed generation 150; 1.7s elapsed, 2.2s avg, 3.3e+02s total. Expected time remaining: 1.1e+02s
2020-07-29 14:55:16,018 - root - INFO - #150 MAX:accuracy.mean: 0.75
2020-07-29 14:55:16,117 - root - DEBUG - Sampled weight [-1.70717539  1.55913005 -1.73407736 -0.63191669 -0.55821686]
2020-07-29 14:55:17,235 - root - DEBUG - Updating hall of fame
2020-07-29 14:55:18,204 - root - INFO - Completed generation 151; 2.1s elapsed, 2.2s avg, 3.4e+02s total. Expected time remaining: 1.1e+02s
2020-07-29 14:55:18,258 - root - INFO - #151 MAX:accuracy.mean: 0.92
2020-07-29 14:55:18,299 - root - DEBUG - Sampled weight [1.4683766  1.22518042 0.42911676 1.43017743 1.30550414]
2020-07-29 14:55:19,431 - root - DEBUG - Updating hall of fame
2020-07-29 14:55:20,021 - root - INFO - Completed generation 152; 1.8s elapsed, 2.2s avg, 3.4e+02s total. Expected time remaining: 1.1e+02s
2020-07-29 14:55:20,076 - root - INFO - #152 MAX:accuracy.mean: 0.87
2020-07-29 14:55:20,118 - root - DEBUG - Sampled weight [ 1.58642455  0.79028927  0.95545363  0.46851726 -1.28333433]
2020-07-29 14:55:21,243 - root - DEBUG - Updating hall of fame
2020-07-29 14:55:22,021 - root - INFO - Completed generation 153; 1.9s elapsed, 2.2s avg, 3.4e+02s total. Expected time remaining: 1e+02s
2020-07-29 14:55:22,075 - root - INFO - #153 MAX:accuracy.mean: 0.8
2020-07-29 14:55:22,118 - root - DEBUG - Sampled weight [-1.80503993  1.68102836 -1.57583063 -1.74040594 -0.35482208]
2020-07-29 14:55:23,248 - root - DEBUG - Updating hall of fame
2020-07-29 14:55:24,211 - root - INFO - Completed generation 154; 2.1s elapsed, 2.2s avg, 3.4e+02s total. Expected time remaining: 1e+02s
2020-07-29 14:55:24,267 - root - INFO - #154 MAX:accuracy.mean: 0.84
2020-07-29 14:55:24,311 - root - DEBUG - Sampled weight [-0.14468808 -1.76475847  1.41040664  0.28503563  1.77632394]
2020-07-29 14:55:25,470 - root - DEBUG - Updating hall of fame
2020-07-29 14:55:26,263 - root - INFO - Completed generation 155; 2.0s elapsed, 2.2s avg, 3.4e+02s total. Expected time remaining: 1e+02s
2020-07-29 14:55:26,320 - root - INFO - #155 MAX:accuracy.mean: 0.71
2020-07-29 14:55:26,363 - root - DEBUG - Sampled weight [ 1.91724    -0.44519267 -1.85727535  0.81993711  1.73867163]
2020-07-29 14:55:27,487 - root - DEBUG - Updating hall of fame
2020-07-29 14:55:28,261 - root - INFO - Completed generation 156; 1.9s elapsed, 2.2s avg, 3.5e+02s total. Expected time remaining: 9.7e+01s
2020-07-29 14:55:28,316 - root - INFO - #156 MAX:accuracy.mean: 0.86
2020-07-29 14:55:28,357 - root - DEBUG - Sampled weight [ 0.78388658  1.59935965  1.17076245 -1.06667275  0.77075044]
2020-07-29 14:55:29,478 - root - DEBUG - Updating hall of fame
2020-07-29 14:55:30,067 - root - INFO - Completed generation 157; 1.8s elapsed, 2.2s avg, 3.5e+02s total. Expected time remaining: 9.5e+01s
2020-07-29 14:55:30,121 - root - INFO - #157 MAX:accuracy.mean: 0.87
2020-07-29 14:55:30,163 - root - DEBUG - Sampled weight [-1.10176694 -1.81720017  0.85386276  0.22389488  1.79615578]
2020-07-29 14:55:31,288 - root - DEBUG - Updating hall of fame
2020-07-29 14:55:32,048 - root - INFO - Completed generation 158; 1.9s elapsed, 2.2s avg, 3.5e+02s total. Expected time remaining: 9.3e+01s
2020-07-29 14:55:32,102 - root - INFO - #158 MAX:accuracy.mean: 0.79
2020-07-29 14:55:32,145 - root - DEBUG - Sampled weight [ 0.69151198 -1.25766004 -0.13757278 -1.81436073 -1.93346524]
2020-07-29 14:55:33,292 - root - DEBUG - Updating hall of fame
2020-07-29 14:55:34,088 - root - INFO - Completed generation 159; 2.0s elapsed, 2.2s avg, 3.5e+02s total. Expected time remaining: 9e+01s
2020-07-29 14:55:34,143 - root - INFO - #159 MAX:accuracy.mean: 0.8
2020-07-29 14:55:34,187 - root - DEBUG - Sampled weight [ 1.39743116 -0.6364051  -0.23669756 -1.65555776 -0.09494279]
2020-07-29 14:55:35,342 - root - DEBUG - Updating hall of fame
2020-07-29 14:55:35,929 - root - INFO - Completed generation 160; 1.8s elapsed, 2.2s avg, 3.5e+02s total. Expected time remaining: 8.8e+01s
2020-07-29 14:55:35,983 - root - INFO - #160 MAX:accuracy.mean: 0.81
2020-07-29 14:55:36,083 - root - DEBUG - Sampled weight [-0.89594753  0.55986516 -1.77717075 -1.04697313 -0.96541375]
2020-07-29 14:55:37,220 - root - DEBUG - Updating hall of fame
2020-07-29 14:55:37,816 - root - INFO - Completed generation 161; 1.8s elapsed, 2.2s avg, 3.5e+02s total. Expected time remaining: 8.6e+01s
2020-07-29 14:55:37,871 - root - INFO - #161 MAX:accuracy.mean: 0.9
2020-07-29 14:55:37,914 - root - DEBUG - Sampled weight [-0.6382828   1.12988014 -0.3851241   1.46307757  1.83202443]
2020-07-29 14:55:39,063 - root - DEBUG - Updating hall of fame
2020-07-29 14:55:39,856 - root - INFO - Completed generation 162; 2.0s elapsed, 2.2s avg, 3.6e+02s total. Expected time remaining: 8.4e+01s
2020-07-29 14:55:39,910 - root - INFO - #162 MAX:accuracy.mean: 0.89
2020-07-29 14:55:39,953 - root - DEBUG - Sampled weight [-0.44351702  1.41715461 -1.55166858  0.42788321  1.28920447]
2020-07-29 14:55:41,090 - root - DEBUG - Updating hall of fame
2020-07-29 14:55:41,882 - root - INFO - Completed generation 163; 2.0s elapsed, 2.2s avg, 3.6e+02s total. Expected time remaining: 8.1e+01s
2020-07-29 14:55:41,937 - root - INFO - #163 MAX:accuracy.mean: 0.88
2020-07-29 14:55:41,980 - root - DEBUG - Sampled weight [-0.81910126 -1.8378635  -1.00000911 -0.02228907  1.5964509 ]
2020-07-29 14:55:43,099 - root - DEBUG - Updating hall of fame
2020-07-29 14:55:44,062 - root - INFO - Completed generation 164; 2.1s elapsed, 2.2s avg, 3.6e+02s total. Expected time remaining: 7.9e+01s
2020-07-29 14:55:44,116 - root - INFO - #164 MAX:accuracy.mean: 0.75
2020-07-29 14:55:44,159 - root - DEBUG - Sampled weight [-0.7579048  -0.10838215  0.18196712 -0.65002983 -0.27395289]
2020-07-29 14:55:45,303 - root - DEBUG - Updating hall of fame
2020-07-29 14:55:46,098 - root - INFO - Completed generation 165; 2.0s elapsed, 2.2s avg, 3.6e+02s total. Expected time remaining: 7.7e+01s
2020-07-29 14:55:46,153 - root - INFO - #165 MAX:accuracy.mean: 0.74
2020-07-29 14:55:46,197 - root - DEBUG - Sampled weight [-1.27610459 -1.3209204  -0.2602176  -1.48557387  1.45269727]
2020-07-29 14:55:47,324 - root - DEBUG - Updating hall of fame
2020-07-29 14:55:48,093 - root - INFO - Completed generation 166; 1.9s elapsed, 2.2s avg, 3.6e+02s total. Expected time remaining: 7.5e+01s
2020-07-29 14:55:48,147 - root - INFO - #166 MAX:accuracy.mean: 0.85
2020-07-29 14:55:48,189 - root - DEBUG - Sampled weight [ 0.02930266  1.38913103 -0.24125487 -1.84533901 -0.44805432]
2020-07-29 14:55:49,306 - root - DEBUG - Updating hall of fame
2020-07-29 14:55:49,897 - root - INFO - Completed generation 167; 1.7s elapsed, 2.2s avg, 3.7e+02s total. Expected time remaining: 7.2e+01s
2020-07-29 14:55:49,952 - root - INFO - #167 MAX:accuracy.mean: 0.74
2020-07-29 14:55:49,995 - root - DEBUG - Sampled weight [-1.21395516  0.18450698  1.91672375  1.32764468  0.93648147]
2020-07-29 14:55:51,195 - root - DEBUG - Updating hall of fame
2020-07-29 14:55:52,012 - root - INFO - Completed generation 168; 2.1s elapsed, 2.2s avg, 3.7e+02s total. Expected time remaining: 7e+01s
2020-07-29 14:55:52,070 - root - INFO - #168 MAX:accuracy.mean: 0.77
2020-07-29 14:55:52,114 - root - DEBUG - Sampled weight [ 0.22809723  1.97205498 -1.33694837 -1.61928884 -0.83268764]
2020-07-29 14:55:53,330 - root - DEBUG - Updating hall of fame
2020-07-29 14:55:54,170 - root - INFO - Completed generation 169; 2.1s elapsed, 2.2s avg, 3.7e+02s total. Expected time remaining: 6.8e+01s
2020-07-29 14:55:54,228 - root - INFO - #169 MAX:accuracy.mean: 0.77
2020-07-29 14:55:54,274 - root - DEBUG - Sampled weight [-0.55232667 -1.22340414  0.30204851  1.24752385 -0.82451699]
2020-07-29 14:55:55,451 - root - DEBUG - Updating hall of fame
2020-07-29 14:55:56,055 - root - INFO - Completed generation 170; 1.8s elapsed, 2.2s avg, 3.7e+02s total. Expected time remaining: 6.6e+01s
2020-07-29 14:55:56,112 - root - INFO - #170 MAX:accuracy.mean: 0.75
2020-07-29 14:55:56,219 - root - DEBUG - Sampled weight [-0.82048832 -0.51386937  1.27088449  1.33383676  1.9014241 ]
2020-07-29 14:55:57,362 - root - DEBUG - Updating hall of fame
2020-07-29 14:55:57,759 - root - INFO - Completed generation 171; 1.6s elapsed, 2.2s avg, 3.7e+02s total. Expected time remaining: 6.3e+01s
2020-07-29 14:55:57,815 - root - INFO - #171 MAX:accuracy.mean: 0.81
2020-07-29 14:55:57,858 - root - DEBUG - Sampled weight [0.38508166 0.72838559 0.91823122 1.10442089 0.20455729]
2020-07-29 14:55:59,019 - root - DEBUG - Updating hall of fame
2020-07-29 14:55:59,431 - root - INFO - Completed generation 172; 1.6s elapsed, 2.2s avg, 3.8e+02s total. Expected time remaining: 6.1e+01s
2020-07-29 14:55:59,488 - root - INFO - #172 MAX:accuracy.mean: 0.76
2020-07-29 14:55:59,532 - root - DEBUG - Sampled weight [ 0.9796911  -1.35934411  1.01086642 -1.6565966   1.67830468]
2020-07-29 14:56:00,684 - root - DEBUG - Updating hall of fame
2020-07-29 14:56:01,070 - root - INFO - Completed generation 173; 1.6s elapsed, 2.2s avg, 3.8e+02s total. Expected time remaining: 5.9e+01s
2020-07-29 14:56:01,124 - root - INFO - #173 MAX:accuracy.mean: 0.88
2020-07-29 14:56:01,167 - root - DEBUG - Sampled weight [ 0.83282694 -1.35195032  1.51815206  0.14758494  0.60800151]
2020-07-29 14:56:02,315 - root - DEBUG - Updating hall of fame
2020-07-29 14:56:03,097 - root - INFO - Completed generation 174; 2.0s elapsed, 2.2s avg, 3.8e+02s total. Expected time remaining: 5.7e+01s
2020-07-29 14:56:03,151 - root - INFO - #174 MAX:accuracy.mean: 0.73
2020-07-29 14:56:03,192 - root - DEBUG - Sampled weight [-1.14415104 -0.40844286  0.90059525  1.37937703 -0.35050577]
2020-07-29 14:56:04,342 - root - DEBUG - Updating hall of fame
2020-07-29 14:56:04,712 - root - INFO - Completed generation 175; 1.6s elapsed, 2.2s avg, 3.8e+02s total. Expected time remaining: 5.4e+01s
2020-07-29 14:56:04,766 - root - INFO - #175 MAX:accuracy.mean: 0.74
2020-07-29 14:56:04,809 - root - DEBUG - Sampled weight [ 0.92449558 -1.89807034  1.98548865 -1.81919539  0.83547448]
2020-07-29 14:56:05,953 - root - DEBUG - Updating hall of fame
2020-07-29 14:56:06,148 - root - INFO - Completed generation 176; 1.4s elapsed, 2.2s avg, 3.8e+02s total. Expected time remaining: 5.2e+01s
2020-07-29 14:56:06,203 - root - INFO - #176 MAX:accuracy.mean: 0.83
2020-07-29 14:56:06,245 - root - DEBUG - Sampled weight [-0.81069487  0.76487321 -1.91986675 -0.09430278 -0.53493442]
2020-07-29 14:56:07,392 - root - DEBUG - Updating hall of fame
2020-07-29 14:56:07,976 - root - INFO - Completed generation 177; 1.8s elapsed, 2.2s avg, 3.8e+02s total. Expected time remaining: 5e+01s
2020-07-29 14:56:08,030 - root - INFO - #177 MAX:accuracy.mean: 0.7
2020-07-29 14:56:08,072 - root - DEBUG - Sampled weight [-0.37617958  1.60345233  0.54413406 -1.18726495  0.00894272]
2020-07-29 14:56:09,212 - root - DEBUG - Updating hall of fame
2020-07-29 14:56:09,397 - root - INFO - Completed generation 178; 1.4s elapsed, 2.2s avg, 3.8e+02s total. Expected time remaining: 4.8e+01s
2020-07-29 14:56:09,452 - root - INFO - #178 MAX:accuracy.mean: 0.74
2020-07-29 14:56:09,494 - root - DEBUG - Sampled weight [ 1.34109455  1.6867052  -0.08195226 -1.16970564 -0.82487137]
2020-07-29 14:56:10,620 - root - DEBUG - Updating hall of fame
2020-07-29 14:56:11,018 - root - INFO - Completed generation 179; 1.6s elapsed, 2.2s avg, 3.9e+02s total. Expected time remaining: 4.5e+01s
2020-07-29 14:56:11,072 - root - INFO - #179 MAX:accuracy.mean: 0.76
2020-07-29 14:56:11,114 - root - DEBUG - Sampled weight [-0.9756398  -0.70519098  1.49093019  0.33115414 -1.71163086]
2020-07-29 14:56:12,267 - root - DEBUG - Updating hall of fame
2020-07-29 14:56:12,852 - root - INFO - Completed generation 180; 1.8s elapsed, 2.2s avg, 3.9e+02s total. Expected time remaining: 4.3e+01s
2020-07-29 14:56:12,907 - root - INFO - #180 MAX:accuracy.mean: 0.82
2020-07-29 14:56:13,007 - root - DEBUG - Sampled weight [ 1.03526207 -1.37499999 -0.11556986  0.36862839 -0.68092948]
2020-07-29 14:56:14,135 - root - DEBUG - Updating hall of fame
2020-07-29 14:56:14,542 - root - INFO - Completed generation 181; 1.6s elapsed, 2.2s avg, 3.9e+02s total. Expected time remaining: 4.1e+01s
2020-07-29 14:56:14,596 - root - INFO - #181 MAX:accuracy.mean: 0.73
2020-07-29 14:56:14,638 - root - DEBUG - Sampled weight [ 1.97880923  1.98549298  0.69775813 -1.56813436  0.07058558]
2020-07-29 14:56:15,782 - root - DEBUG - Updating hall of fame
2020-07-29 14:56:16,165 - root - INFO - Completed generation 182; 1.6s elapsed, 2.2s avg, 3.9e+02s total. Expected time remaining: 3.9e+01s
2020-07-29 14:56:16,219 - root - INFO - #182 MAX:accuracy.mean: 0.85
2020-07-29 14:56:16,261 - root - DEBUG - Sampled weight [ 0.59411941  0.59626894 -1.68228352 -1.83869349  1.29648065]
2020-07-29 14:56:17,396 - root - DEBUG - Updating hall of fame
2020-07-29 14:56:17,599 - root - INFO - Completed generation 183; 1.4s elapsed, 2.1s avg, 3.9e+02s total. Expected time remaining: 3.6e+01s
2020-07-29 14:56:17,653 - root - INFO - #183 MAX:accuracy.mean: 0.9
2020-07-29 14:56:17,695 - root - DEBUG - Sampled weight [ 0.74317555  0.48001753 -1.19179908  0.37736747 -0.52887428]
2020-07-29 14:56:18,814 - root - DEBUG - Updating hall of fame
2020-07-29 14:56:19,619 - root - INFO - Completed generation 184; 2.0s elapsed, 2.1s avg, 3.9e+02s total. Expected time remaining: 3.4e+01s
2020-07-29 14:56:19,673 - root - INFO - #184 MAX:accuracy.mean: 0.79
2020-07-29 14:56:19,717 - root - DEBUG - Sampled weight [-1.98998545  1.57685251  1.20406612  0.13612461  0.79050491]
2020-07-29 14:56:20,869 - root - DEBUG - Updating hall of fame
2020-07-29 14:56:21,056 - root - INFO - Completed generation 185; 1.4s elapsed, 2.1s avg, 4e+02s total. Expected time remaining: 3.2e+01s
2020-07-29 14:56:21,109 - root - INFO - #185 MAX:accuracy.mean: 0.79
2020-07-29 14:56:21,152 - root - DEBUG - Sampled weight [-1.74236435  1.32334945 -0.20077846 -1.9003272   1.1739791 ]
2020-07-29 14:56:22,306 - root - DEBUG - Updating hall of fame
2020-07-29 14:56:22,894 - root - INFO - Completed generation 186; 1.8s elapsed, 2.1s avg, 4e+02s total. Expected time remaining: 3e+01s
2020-07-29 14:56:22,948 - root - INFO - #186 MAX:accuracy.mean: 0.83
2020-07-29 14:56:22,992 - root - DEBUG - Sampled weight [-1.02276676 -1.5771791   1.59464641 -1.9407264   0.89486488]
2020-07-29 14:56:24,157 - root - DEBUG - Updating hall of fame
2020-07-29 14:56:24,956 - root - INFO - Completed generation 187; 2.0s elapsed, 2.1s avg, 4e+02s total. Expected time remaining: 2.8e+01s
2020-07-29 14:56:25,010 - root - INFO - #187 MAX:accuracy.mean: 0.84
2020-07-29 14:56:25,054 - root - DEBUG - Sampled weight [ 1.42069922  1.92427173  0.47227664 -0.73336236  1.57432128]
2020-07-29 14:56:26,226 - root - DEBUG - Updating hall of fame
2020-07-29 14:56:26,632 - root - INFO - Completed generation 188; 1.6s elapsed, 2.1s avg, 4e+02s total. Expected time remaining: 2.6e+01s
2020-07-29 14:56:26,686 - root - INFO - #188 MAX:accuracy.mean: 0.86
2020-07-29 14:56:26,729 - root - DEBUG - Sampled weight [-1.21559214  1.59367989 -0.43107498 -0.16083359  0.47766055]
2020-07-29 14:56:27,894 - root - DEBUG - Updating hall of fame
2020-07-29 14:56:28,093 - root - INFO - Completed generation 189; 1.4s elapsed, 2.1s avg, 4e+02s total. Expected time remaining: 2.3e+01s
2020-07-29 14:56:28,147 - root - INFO - #189 MAX:accuracy.mean: 0.75
2020-07-29 14:56:28,190 - root - DEBUG - Sampled weight [-1.56164917  1.5020675   1.61085568 -0.32570487  0.63782894]
2020-07-29 14:56:29,361 - root - DEBUG - Updating hall of fame
2020-07-29 14:56:29,548 - root - INFO - Completed generation 190; 1.4s elapsed, 2.1s avg, 4e+02s total. Expected time remaining: 2.1e+01s
2020-07-29 14:56:29,602 - root - INFO - #190 MAX:accuracy.mean: 0.83
2020-07-29 14:56:29,717 - root - DEBUG - Sampled weight [-1.75054258 -1.15992796  0.70883917  0.28383649  1.49042656]
2020-07-29 14:56:30,887 - root - DEBUG - Updating hall of fame
2020-07-29 14:56:31,698 - root - INFO - Completed generation 191; 2.0s elapsed, 2.1s avg, 4.1e+02s total. Expected time remaining: 1.9e+01s
2020-07-29 14:56:31,752 - root - INFO - #191 MAX:accuracy.mean: 0.82
2020-07-29 14:56:31,795 - root - DEBUG - Sampled weight [ 0.67697414  0.31512459  1.14847699 -1.81981948 -1.65485667]
2020-07-29 14:56:32,982 - root - DEBUG - Updating hall of fame
2020-07-29 14:56:33,414 - root - INFO - Completed generation 192; 1.7s elapsed, 2.1s avg, 4.1e+02s total. Expected time remaining: 1.7e+01s
2020-07-29 14:56:33,472 - root - INFO - #192 MAX:accuracy.mean: 0.88
2020-07-29 14:56:33,518 - root - DEBUG - Sampled weight [ 1.66956057  1.07779201 -1.82795589  0.26335146  0.77675736]
2020-07-29 14:56:34,724 - root - DEBUG - Updating hall of fame
2020-07-29 14:56:35,527 - root - INFO - Completed generation 193; 2.1s elapsed, 2.1s avg, 4.1e+02s total. Expected time remaining: 1.5e+01s
2020-07-29 14:56:35,582 - root - INFO - #193 MAX:accuracy.mean: 0.89
2020-07-29 14:56:35,625 - root - DEBUG - Sampled weight [ 1.98523018 -0.66536408  0.31100844 -0.38952294  1.3684665 ]
2020-07-29 14:56:36,784 - root - DEBUG - Updating hall of fame
2020-07-29 14:56:37,387 - root - INFO - Completed generation 194; 1.8s elapsed, 2.1s avg, 4.1e+02s total. Expected time remaining: 1.3e+01s
2020-07-29 14:56:37,442 - root - INFO - #194 MAX:accuracy.mean: 0.75
2020-07-29 14:56:37,485 - root - DEBUG - Sampled weight [ 1.98771931 -0.15642383 -0.14192843 -1.57637712 -1.38632674]
2020-07-29 14:56:38,662 - root - DEBUG - Updating hall of fame
2020-07-29 14:56:39,466 - root - INFO - Completed generation 195; 2.0s elapsed, 2.1s avg, 4.1e+02s total. Expected time remaining: 1.1e+01s
2020-07-29 14:56:39,520 - root - INFO - #195 MAX:accuracy.mean: 0.74
2020-07-29 14:56:39,564 - root - DEBUG - Sampled weight [-1.453465   -1.42794157 -0.04615318  1.95490692 -0.77418301]
2020-07-29 14:56:40,740 - root - DEBUG - Updating hall of fame
2020-07-29 14:56:41,310 - root - INFO - Completed generation 196; 1.8s elapsed, 2.1s avg, 4.2e+02s total. Expected time remaining: 8.5s
2020-07-29 14:56:41,364 - root - INFO - #196 MAX:accuracy.mean: 0.79
2020-07-29 14:56:41,407 - root - DEBUG - Sampled weight [-0.19918033 -0.44946386 -1.45790141  1.73411878  1.4964719 ]
2020-07-29 14:56:42,557 - root - DEBUG - Updating hall of fame
2020-07-29 14:56:43,336 - root - INFO - Completed generation 197; 2.0s elapsed, 2.1s avg, 4.2e+02s total. Expected time remaining: 6.4s
2020-07-29 14:56:43,390 - root - INFO - #197 MAX:accuracy.mean: 0.8
2020-07-29 14:56:43,433 - root - DEBUG - Sampled weight [-1.87137247  0.26054082 -1.0018633  -1.18233869 -1.33712813]
2020-07-29 14:56:44,603 - root - DEBUG - Updating hall of fame
2020-07-29 14:56:45,194 - root - INFO - Completed generation 198; 1.8s elapsed, 2.1s avg, 4.2e+02s total. Expected time remaining: 4.2s
2020-07-29 14:56:45,248 - root - INFO - #198 MAX:accuracy.mean: 0.8
2020-07-29 14:56:45,291 - root - DEBUG - Sampled weight [ 0.52649026 -1.83086027 -1.75546508  0.05481476  0.03263021]
2020-07-29 14:56:46,467 - root - DEBUG - Updating hall of fame
2020-07-29 14:56:46,878 - root - INFO - Completed generation 199; 1.6s elapsed, 2.1s avg, 4.2e+02s total. Expected time remaining: 2.1s
2020-07-29 14:56:46,933 - root - INFO - #199 MAX:accuracy.mean: 0.8
2020-07-29 14:56:46,976 - root - DEBUG - Sampled weight [ 0.25323017  0.76470605  1.78414809 -0.85771279  1.41201288]
2020-07-29 14:56:48,148 - root - DEBUG - Updating hall of fame
2020-07-29 14:56:48,357 - root - INFO - Completed generation 200; 1.4s elapsed, 2.1s avg, 4.2e+02s total. Expected time remaining: 0.0s
2020-07-29 14:56:48,411 - root - INFO - #200 MAX:accuracy.mean: 0.88
2020-07-29 14:56:48,566 - root - DEBUG - Loaded 150 samples.
2020-07-29 14:56:48,572 - root - INFO - Evaluating indivs in hall of fame.
2020-07-29 14:56:50,591 - root - INFO - Completed excution.
