2020-07-28 02:49:33,152 - root - INFO - Package version 0.1.1
2020-07-28 02:49:33,153 - root - INFO - Saving data at /vol/fob-vol1/mi15/plonerma/Lab/rewann/data/2020-07-28_Iris [1, 2, 3, 6, 9, 10]; lognormal 0,0.5; signed: True_000.
2020-07-28 02:49:33,153 - root - DEBUG - Loading training dataset
2020-07-28 02:49:33,255 - root - DEBUG - Loaded 150 samples.
2020-07-28 02:49:33,256 - root - DEBUG - Running experiments with the following parameters:
debug = true
experiment_name = "Iris [1, 2, 3, 6, 9, 10]; lognormal 0,0.5; signed: True"
experiment_path = "data/2020-07-28_Iris [1, 2, 3, 6, 9, 10]; lognormal 0,0.5; signed: True_000"

[config]
num_workers = 1
debug = true
backend = "numpy"

[postopt]
run_postopt = true
compile_report = false
num_weights = 100
num_samples = -1

[sampling]
seed = 0
post_init_seed = false
distribution = "lognormal"
lower_bound = -2
upper_bound = 2
mean = 0
sigma = 0.5
num_weights_per_iteration = 5
num_samples_per_iteration = -1
hof_evaluation_iterations = 20

[task]
name = "iris"
sample_order_seed = 0
test_portion = 0.2
sample_length = 10
num_categories = 8

[storage]
data_base_path = "data"
log_filename = "execution.log"
commit_elite_freq = -1
commit_metrics_freq = 10

[population]
num_generations = 200
size = 100
initial_enabled_edge_prob = 0.05
initial_genes = "full"
hof_size = 10
enable_edge_signs = true
enabled_activation_funcs = [ 1, 2, 3, 6, 9, 10,]

[selection]
use_tournaments = true
elite_ratio = 0.1
culling_ratio = 0.2
tournament_size = 5
objectives = [ "-log_loss.min", "-log_loss.mean", "-n_hidden",]
recorded_metrics = [ "accuracy", "kappa", "log_loss",]
hof_metric = "accuracy.mean"

[mutation.new_edge]
probability = 0.2
strategy = "layer_agnostic"
propability = 0.2

[mutation.new_node]
probability = 0.25
propability = 0.3

[mutation.reenable_edge]
probability = 0.05
propability = 0.1

[mutation.change_activation]
probability = 0.5
propability = 0.4

[mutation.change_edge_sign]
probability = 0.2

[mutation.new_recurrent_edge]
probability = 0.2
strategy = "any"

2020-07-28 02:49:33,267 - root - INFO - Starting evolutionary algorithm
2020-07-28 02:49:33,295 - root - DEBUG - Sampled weight [0.71894433 1.11238747 1.34943325 0.87971398 1.25909998]
2020-07-28 02:49:34,486 - root - DEBUG - Updating hall of fame
2020-07-28 02:49:36,407 - root - INFO - Completed generation 1; 3.1s elapsed, 3.1s avg, 3.1s total. Expected time remaining: 6.2e+02s
2020-07-28 02:49:36,469 - root - INFO - #1 MAX:accuracy.mean: 0.34
2020-07-28 02:49:36,510 - root - DEBUG - Sampled weight [2.33654476 0.75329263 0.60554108 1.09124014 1.63421651]
2020-07-28 02:49:37,569 - root - DEBUG - Updating hall of fame
2020-07-28 02:49:39,403 - root - INFO - Completed generation 2; 2.9s elapsed, 3.0s avg, 6.1s total. Expected time remaining: 6e+02s
2020-07-28 02:49:39,456 - root - INFO - #2 MAX:accuracy.mean: 0.63
2020-07-28 02:49:39,498 - root - DEBUG - Sampled weight [0.92793392 1.44427117 1.53115708 0.78377086 1.11449062]
2020-07-28 02:49:40,560 - root - DEBUG - Updating hall of fame
2020-07-28 02:49:42,417 - root - INFO - Completed generation 3; 3.0s elapsed, 3.0s avg, 9.0s total. Expected time remaining: 5.9e+02s
2020-07-28 02:49:42,471 - root - INFO - #3 MAX:accuracy.mean: 0.64
2020-07-28 02:49:42,511 - root - DEBUG - Sampled weight [0.91911923 0.50342788 0.65134606 0.43143249 0.92746583]
2020-07-28 02:49:43,576 - root - DEBUG - Updating hall of fame
2020-07-28 02:49:45,424 - root - INFO - Completed generation 4; 3.0s elapsed, 3.0s avg, 1.2e+01s total. Expected time remaining: 5.9e+02s
2020-07-28 02:49:45,478 - root - INFO - #4 MAX:accuracy.mean: 0.67
2020-07-28 02:49:45,519 - root - DEBUG - Sampled weight [0.72802335 0.78215768 1.92968102 1.40532468 0.8957465 ]
2020-07-28 02:49:46,582 - root - DEBUG - Updating hall of fame
2020-07-28 02:49:48,424 - root - INFO - Completed generation 5; 2.9s elapsed, 3.0s avg, 1.5e+01s total. Expected time remaining: 5.8e+02s
2020-07-28 02:49:48,478 - root - INFO - #5 MAX:accuracy.mean: 0.55
2020-07-28 02:49:48,518 - root - DEBUG - Sampled weight [1.16574121 1.12665018 1.59308446 1.44650043 0.98640153]
2020-07-28 02:49:49,584 - root - DEBUG - Updating hall of fame
2020-07-28 02:49:50,912 - root - INFO - Completed generation 6; 2.4s elapsed, 2.9s avg, 1.7e+01s total. Expected time remaining: 5.6e+02s
2020-07-28 02:49:50,965 - root - INFO - #6 MAX:accuracy.mean: 0.66
2020-07-28 02:49:51,006 - root - DEBUG - Sampled weight [0.78013799 0.79078415 0.65111832 1.77839419 1.07152339]
2020-07-28 02:49:52,078 - root - DEBUG - Updating hall of fame
2020-07-28 02:49:53,200 - root - INFO - Completed generation 7; 2.2s elapsed, 2.8s avg, 2e+01s total. Expected time remaining: 5.4e+02s
2020-07-28 02:49:53,254 - root - INFO - #7 MAX:accuracy.mean: 0.66
2020-07-28 02:49:53,295 - root - DEBUG - Sampled weight [1.641697   0.50651516 0.75035674 2.4475802  0.6008877 ]
2020-07-28 02:49:54,363 - root - DEBUG - Updating hall of fame
2020-07-28 02:49:56,028 - root - INFO - Completed generation 8; 2.8s elapsed, 2.8s avg, 2.2e+01s total. Expected time remaining: 5.4e+02s
2020-07-28 02:49:56,082 - root - INFO - #8 MAX:accuracy.mean: 0.65
2020-07-28 02:49:56,124 - root - DEBUG - Sampled weight [0.83184313 0.99048086 0.77999547 0.30293826 0.80239206]
2020-07-28 02:49:57,190 - root - DEBUG - Updating hall of fame
2020-07-28 02:49:58,691 - root - INFO - Completed generation 9; 2.6s elapsed, 2.8s avg, 2.5e+01s total. Expected time remaining: 5.3e+02s
2020-07-28 02:49:58,744 - root - INFO - #9 MAX:accuracy.mean: 0.64
2020-07-28 02:49:58,786 - root - DEBUG - Sampled weight [1.70358321 0.62933112 0.78765439 0.86247867 0.53882241]
2020-07-28 02:49:59,845 - root - DEBUG - Updating hall of fame
2020-07-28 02:50:01,129 - root - INFO - Completed generation 10; 2.4s elapsed, 2.7s avg, 2.7e+01s total. Expected time remaining: 5.2e+02s
2020-07-28 02:50:01,184 - root - INFO - #10 MAX:accuracy.mean: 0.66
2020-07-28 02:50:01,268 - root - DEBUG - Sampled weight [1.02162728 1.16917116 0.57230771 0.87127731 0.97488565]
2020-07-28 02:50:02,347 - root - DEBUG - Updating hall of fame
2020-07-28 02:50:04,189 - root - INFO - Completed generation 11; 3.0s elapsed, 2.8s avg, 3e+01s total. Expected time remaining: 5.2e+02s
2020-07-28 02:50:04,242 - root - INFO - #11 MAX:accuracy.mean: 0.67
2020-07-28 02:50:04,283 - root - DEBUG - Sampled weight [1.58251263 0.77974682 0.73676832 1.66584777 0.78411753]
2020-07-28 02:50:05,348 - root - DEBUG - Updating hall of fame
2020-07-28 02:50:05,720 - root - INFO - Completed generation 12; 1.5s elapsed, 2.7s avg, 3.2e+01s total. Expected time remaining: 5e+02s
2020-07-28 02:50:05,774 - root - INFO - #12 MAX:accuracy.mean: 0.79
2020-07-28 02:50:05,814 - root - DEBUG - Sampled weight [1.32815052 1.49582782 2.6141672  0.68935032 1.01759376]
2020-07-28 02:50:06,882 - root - DEBUG - Updating hall of fame
2020-07-28 02:50:07,253 - root - INFO - Completed generation 13; 1.5s elapsed, 2.6s avg, 3.3e+01s total. Expected time remaining: 4.8e+02s
2020-07-28 02:50:07,307 - root - INFO - #13 MAX:accuracy.mean: 0.69
2020-07-28 02:50:07,348 - root - DEBUG - Sampled weight [0.83300368 1.00616569 2.38916728 0.65162126 0.92840186]
2020-07-28 02:50:08,411 - root - DEBUG - Updating hall of fame
2020-07-28 02:50:08,972 - root - INFO - Completed generation 14; 1.7s elapsed, 2.5s avg, 3.5e+01s total. Expected time remaining: 4.6e+02s
2020-07-28 02:50:09,025 - root - INFO - #14 MAX:accuracy.mean: 0.82
2020-07-28 02:50:09,065 - root - DEBUG - Sampled weight [0.55601926 1.87356967 0.8213026  0.88624742 0.47176952]
2020-07-28 02:50:10,131 - root - DEBUG - Updating hall of fame
2020-07-28 02:50:11,441 - root - INFO - Completed generation 15; 2.4s elapsed, 2.5s avg, 3.7e+01s total. Expected time remaining: 4.6e+02s
2020-07-28 02:50:11,495 - root - INFO - #15 MAX:accuracy.mean: 0.7
2020-07-28 02:50:11,535 - root - DEBUG - Sampled weight [0.83980228 2.10955059 1.93550591 0.68207223 0.60116693]
2020-07-28 02:50:12,607 - root - DEBUG - Updating hall of fame
2020-07-28 02:50:13,734 - root - INFO - Completed generation 16; 2.2s elapsed, 2.5s avg, 4e+01s total. Expected time remaining: 4.6e+02s
2020-07-28 02:50:13,789 - root - INFO - #16 MAX:accuracy.mean: 0.68
2020-07-28 02:50:13,830 - root - DEBUG - Sampled weight [1.0852838  1.45106794 0.89477768 0.57797849 1.46877546]
2020-07-28 02:50:14,907 - root - DEBUG - Updating hall of fame
2020-07-28 02:50:15,291 - root - INFO - Completed generation 17; 1.5s elapsed, 2.4s avg, 4.1e+01s total. Expected time remaining: 4.4e+02s
2020-07-28 02:50:15,345 - root - INFO - #17 MAX:accuracy.mean: 0.73
2020-07-28 02:50:15,386 - root - DEBUG - Sampled weight [2.26953361 1.1662103  0.4931143  1.02196817 0.48640433]
2020-07-28 02:50:16,462 - root - DEBUG - Updating hall of fame
2020-07-28 02:50:17,584 - root - INFO - Completed generation 18; 2.2s elapsed, 2.4s avg, 4.3e+01s total. Expected time remaining: 4.4e+02s
2020-07-28 02:50:17,637 - root - INFO - #18 MAX:accuracy.mean: 0.64
2020-07-28 02:50:17,679 - root - DEBUG - Sampled weight [0.67043208 1.42290926 0.83655354 1.00259421 3.96662872]
2020-07-28 02:50:18,771 - root - DEBUG - Updating hall of fame
2020-07-28 02:50:19,324 - root - INFO - Completed generation 19; 1.7s elapsed, 2.4s avg, 4.5e+01s total. Expected time remaining: 4.3e+02s
2020-07-28 02:50:19,378 - root - INFO - #19 MAX:accuracy.mean: 0.72
2020-07-28 02:50:19,418 - root - DEBUG - Sampled weight [0.58494634 0.36545394 2.32404824 1.45551864 1.66300808]
2020-07-28 02:50:20,488 - root - DEBUG - Updating hall of fame
2020-07-28 02:50:22,162 - root - INFO - Completed generation 20; 2.8s elapsed, 2.4s avg, 4.8e+01s total. Expected time remaining: 4.3e+02s
2020-07-28 02:50:22,216 - root - INFO - #20 MAX:accuracy.mean: 0.68
2020-07-28 02:50:22,309 - root - DEBUG - Sampled weight [0.93138039 1.13287537 0.65183717 0.70594007 0.88803729]
2020-07-28 02:50:23,384 - root - DEBUG - Updating hall of fame
2020-07-28 02:50:24,901 - root - INFO - Completed generation 21; 2.6s elapsed, 2.4s avg, 5e+01s total. Expected time remaining: 4.3e+02s
2020-07-28 02:50:24,955 - root - INFO - #21 MAX:accuracy.mean: 0.87
2020-07-28 02:50:24,996 - root - DEBUG - Sampled weight [0.96334418 0.6964107  1.11307286 0.7197861  0.43674596]
2020-07-28 02:50:26,065 - root - DEBUG - Updating hall of fame
2020-07-28 02:50:27,592 - root - INFO - Completed generation 22; 2.6s elapsed, 2.4s avg, 5.3e+01s total. Expected time remaining: 4.3e+02s
2020-07-28 02:50:27,646 - root - INFO - #22 MAX:accuracy.mean: 0.84
2020-07-28 02:50:27,687 - root - DEBUG - Sampled weight [1.98108348 1.57528889 1.01410868 0.82864535 0.76850009]
2020-07-28 02:50:28,760 - root - DEBUG - Updating hall of fame
2020-07-28 02:50:30,477 - root - INFO - Completed generation 23; 2.8s elapsed, 2.4s avg, 5.6e+01s total. Expected time remaining: 4.3e+02s
2020-07-28 02:50:30,531 - root - INFO - #23 MAX:accuracy.mean: 0.74
2020-07-28 02:50:30,572 - root - DEBUG - Sampled weight [0.74354352 1.70990498 1.38456174 1.07581251 1.17117107]
2020-07-28 02:50:31,645 - root - DEBUG - Updating hall of fame
2020-07-28 02:50:33,212 - root - INFO - Completed generation 24; 2.7s elapsed, 2.4s avg, 5.9e+01s total. Expected time remaining: 4.3e+02s
2020-07-28 02:50:33,266 - root - INFO - #24 MAX:accuracy.mean: 0.84
2020-07-28 02:50:33,307 - root - DEBUG - Sampled weight [1.30447481 0.80398943 0.83377181 0.91638572 1.80883293]
2020-07-28 02:50:34,387 - root - DEBUG - Updating hall of fame
2020-07-28 02:50:35,928 - root - INFO - Completed generation 25; 2.7s elapsed, 2.5s avg, 6.1e+01s total. Expected time remaining: 4.3e+02s
2020-07-28 02:50:35,981 - root - INFO - #25 MAX:accuracy.mean: 0.92
2020-07-28 02:50:36,022 - root - DEBUG - Sampled weight [0.77974212 0.65988027 0.84683648 0.22878236 0.50626176]
2020-07-28 02:50:37,092 - root - DEBUG - Updating hall of fame
2020-07-28 02:50:38,439 - root - INFO - Completed generation 26; 2.5s elapsed, 2.5s avg, 6.4e+01s total. Expected time remaining: 4.3e+02s
2020-07-28 02:50:38,493 - root - INFO - #26 MAX:accuracy.mean: 0.86
2020-07-28 02:50:38,534 - root - DEBUG - Sampled weight [2.25109609 0.96822145 1.73847139 1.96149022 0.99165671]
2020-07-28 02:50:39,604 - root - DEBUG - Updating hall of fame
2020-07-28 02:50:40,534 - root - INFO - Completed generation 27; 2.0s elapsed, 2.4s avg, 6.6e+01s total. Expected time remaining: 4.2e+02s
2020-07-28 02:50:40,587 - root - INFO - #27 MAX:accuracy.mean: 0.85
2020-07-28 02:50:40,629 - root - DEBUG - Sampled weight [1.40448879 1.16746321 0.90320722 0.73517683 2.00885364]
2020-07-28 02:50:41,703 - root - DEBUG - Updating hall of fame
2020-07-28 02:50:42,658 - root - INFO - Completed generation 28; 2.1s elapsed, 2.4s avg, 6.8e+01s total. Expected time remaining: 4.2e+02s
2020-07-28 02:50:42,711 - root - INFO - #28 MAX:accuracy.mean: 0.88
2020-07-28 02:50:42,753 - root - DEBUG - Sampled weight [1.05916136 1.30227388 0.84826621 1.34678149 0.85522975]
2020-07-28 02:50:43,824 - root - DEBUG - Updating hall of fame
2020-07-28 02:50:45,134 - root - INFO - Completed generation 29; 2.4s elapsed, 2.4s avg, 7e+01s total. Expected time remaining: 4.1e+02s
2020-07-28 02:50:45,188 - root - INFO - #29 MAX:accuracy.mean: 0.95
2020-07-28 02:50:45,229 - root - DEBUG - Sampled weight [0.6538772  0.58632976 1.69186203 1.19961251 1.01225828]
2020-07-28 02:50:46,307 - root - DEBUG - Updating hall of fame
2020-07-28 02:50:47,270 - root - INFO - Completed generation 30; 2.1s elapsed, 2.4s avg, 7.2e+01s total. Expected time remaining: 4.1e+02s
2020-07-28 02:50:47,325 - root - INFO - #30 MAX:accuracy.mean: 0.91
2020-07-28 02:50:47,420 - root - DEBUG - Sampled weight [0.75792367 0.7698327  0.49555244 0.70959253 2.67847942]
2020-07-28 02:50:48,500 - root - DEBUG - Updating hall of fame
2020-07-28 02:50:49,456 - root - INFO - Completed generation 31; 2.1s elapsed, 2.4s avg, 7.4e+01s total. Expected time remaining: 4.1e+02s
2020-07-28 02:50:49,510 - root - INFO - #31 MAX:accuracy.mean: 0.88
2020-07-28 02:50:49,551 - root - DEBUG - Sampled weight [0.70966491 2.04916074 0.83601592 1.81833539 3.14621161]
2020-07-28 02:50:50,640 - root - DEBUG - Updating hall of fame
2020-07-28 02:50:51,440 - root - INFO - Completed generation 32; 1.9s elapsed, 2.4s avg, 7.6e+01s total. Expected time remaining: 4e+02s
2020-07-28 02:50:51,496 - root - INFO - #32 MAX:accuracy.mean: 0.88
2020-07-28 02:50:51,539 - root - DEBUG - Sampled weight [0.81849712 0.93876551 1.38099307 0.31650551 0.68747319]
2020-07-28 02:50:52,666 - root - DEBUG - Updating hall of fame
2020-07-28 02:50:53,458 - root - INFO - Completed generation 33; 2.0s elapsed, 2.4s avg, 7.8e+01s total. Expected time remaining: 4e+02s
2020-07-28 02:50:53,511 - root - INFO - #33 MAX:accuracy.mean: 0.88
2020-07-28 02:50:53,552 - root - DEBUG - Sampled weight [1.74188372 0.54567931 0.82066173 0.72266759 0.63176807]
2020-07-28 02:50:54,627 - root - DEBUG - Updating hall of fame
2020-07-28 02:50:55,764 - root - INFO - Completed generation 34; 2.3s elapsed, 2.4s avg, 8.1e+01s total. Expected time remaining: 3.9e+02s
2020-07-28 02:50:55,817 - root - INFO - #34 MAX:accuracy.mean: 0.9
2020-07-28 02:50:55,858 - root - DEBUG - Sampled weight [0.65414946 1.28586091 2.77501303 0.81711093 1.36289556]
2020-07-28 02:50:56,939 - root - DEBUG - Updating hall of fame
2020-07-28 02:50:58,281 - root - INFO - Completed generation 35; 2.5s elapsed, 2.4s avg, 8.3e+01s total. Expected time remaining: 3.9e+02s
2020-07-28 02:50:58,334 - root - INFO - #35 MAX:accuracy.mean: 0.91
2020-07-28 02:50:58,376 - root - DEBUG - Sampled weight [0.684953   0.58263463 0.40767022 0.42012549 1.10793624]
2020-07-28 02:50:59,447 - root - DEBUG - Updating hall of fame
2020-07-28 02:51:00,405 - root - INFO - Completed generation 36; 2.1s elapsed, 2.4s avg, 8.5e+01s total. Expected time remaining: 3.9e+02s
2020-07-28 02:51:00,458 - root - INFO - #36 MAX:accuracy.mean: 0.88
2020-07-28 02:51:00,500 - root - DEBUG - Sampled weight [2.43993366 0.62392757 0.92671541 1.8099002  0.71769014]
2020-07-28 02:51:01,582 - root - DEBUG - Updating hall of fame
2020-07-28 02:51:02,722 - root - INFO - Completed generation 37; 2.3s elapsed, 2.4s avg, 8.7e+01s total. Expected time remaining: 3.8e+02s
2020-07-28 02:51:02,775 - root - INFO - #37 MAX:accuracy.mean: 0.86
2020-07-28 02:51:02,815 - root - DEBUG - Sampled weight [0.56551125 1.39365504 1.35672029 0.8007603  1.01936706]
2020-07-28 02:51:03,894 - root - DEBUG - Updating hall of fame
2020-07-28 02:51:04,096 - root - INFO - Completed generation 38; 1.3s elapsed, 2.3s avg, 8.9e+01s total. Expected time remaining: 3.8e+02s
2020-07-28 02:51:04,150 - root - INFO - #38 MAX:accuracy.mean: 0.92
2020-07-28 02:51:04,192 - root - DEBUG - Sampled weight [0.52143716 0.51569682 0.6816706  1.04837682 0.95882868]
2020-07-28 02:51:05,268 - root - DEBUG - Updating hall of fame
2020-07-28 02:51:06,012 - root - INFO - Completed generation 39; 1.9s elapsed, 2.3s avg, 9.1e+01s total. Expected time remaining: 3.7e+02s
2020-07-28 02:51:06,169 - root - INFO - #39 MAX:accuracy.mean: 0.9
2020-07-28 02:51:06,211 - root - DEBUG - Sampled weight [0.62006283 0.88957721 1.87692684 0.6524839  1.90051927]
2020-07-28 02:51:07,294 - root - DEBUG - Updating hall of fame
2020-07-28 02:51:08,057 - root - INFO - Completed generation 40; 1.9s elapsed, 2.3s avg, 9.2e+01s total. Expected time remaining: 3.7e+02s
2020-07-28 02:51:08,112 - root - INFO - #40 MAX:accuracy.mean: 0.88
2020-07-28 02:51:08,202 - root - DEBUG - Sampled weight [0.34015459 1.66301221 1.00519181 1.37142164 1.47317064]
2020-07-28 02:51:09,287 - root - DEBUG - Updating hall of fame
2020-07-28 02:51:09,685 - root - INFO - Completed generation 41; 1.5s elapsed, 2.3s avg, 9.4e+01s total. Expected time remaining: 3.6e+02s
2020-07-28 02:51:09,739 - root - INFO - #41 MAX:accuracy.mean: 0.88
2020-07-28 02:51:09,781 - root - DEBUG - Sampled weight [0.9541684  0.76496565 1.90612635 0.43614965 1.00167232]
2020-07-28 02:51:10,863 - root - DEBUG - Updating hall of fame
2020-07-28 02:51:11,262 - root - INFO - Completed generation 42; 1.5s elapsed, 2.3s avg, 9.5e+01s total. Expected time remaining: 3.6e+02s
2020-07-28 02:51:11,316 - root - INFO - #42 MAX:accuracy.mean: 0.87
2020-07-28 02:51:11,358 - root - DEBUG - Sampled weight [1.82767713 1.31470517 0.69823385 1.18633122 1.74602339]
2020-07-28 02:51:12,450 - root - DEBUG - Updating hall of fame
2020-07-28 02:51:12,846 - root - INFO - Completed generation 43; 1.5s elapsed, 2.3s avg, 9.7e+01s total. Expected time remaining: 3.5e+02s
2020-07-28 02:51:12,900 - root - INFO - #43 MAX:accuracy.mean: 0.87
2020-07-28 02:51:12,941 - root - DEBUG - Sampled weight [0.72631368 0.50674256 0.96315708 1.71323911 1.55360858]
2020-07-28 02:51:14,027 - root - DEBUG - Updating hall of fame
2020-07-28 02:51:14,611 - root - INFO - Completed generation 44; 1.7s elapsed, 2.2s avg, 9.9e+01s total. Expected time remaining: 3.5e+02s
2020-07-28 02:51:14,665 - root - INFO - #44 MAX:accuracy.mean: 0.89
2020-07-28 02:51:14,706 - root - DEBUG - Sampled weight [1.73950425 0.94350341 0.84545957 0.9527481  1.15948857]
2020-07-28 02:51:15,790 - root - DEBUG - Updating hall of fame
2020-07-28 02:51:15,992 - root - INFO - Completed generation 45; 1.3s elapsed, 2.2s avg, 1e+02s total. Expected time remaining: 3.4e+02s
2020-07-28 02:51:16,046 - root - INFO - #45 MAX:accuracy.mean: 0.93
2020-07-28 02:51:16,087 - root - DEBUG - Sampled weight [1.69811877 0.8606187  0.56922565 0.43707344 1.45947391]
2020-07-28 02:51:17,170 - root - DEBUG - Updating hall of fame
2020-07-28 02:51:18,128 - root - INFO - Completed generation 46; 2.1s elapsed, 2.2s avg, 1e+02s total. Expected time remaining: 3.4e+02s
2020-07-28 02:51:18,182 - root - INFO - #46 MAX:accuracy.mean: 0.87
2020-07-28 02:51:18,223 - root - DEBUG - Sampled weight [0.73501548 0.646964   0.96078953 1.0655511  1.0236598 ]
2020-07-28 02:51:19,303 - root - DEBUG - Updating hall of fame
2020-07-28 02:51:19,865 - root - INFO - Completed generation 47; 1.7s elapsed, 2.2s avg, 1e+02s total. Expected time remaining: 3.4e+02s
2020-07-28 02:51:19,918 - root - INFO - #47 MAX:accuracy.mean: 0.95
2020-07-28 02:51:19,960 - root - DEBUG - Sampled weight [0.65579831 2.43371615 2.67353402 0.26397686 0.32669763]
2020-07-28 02:51:21,044 - root - DEBUG - Updating hall of fame
2020-07-28 02:51:21,801 - root - INFO - Completed generation 48; 1.9s elapsed, 2.2s avg, 1.1e+02s total. Expected time remaining: 3.3e+02s
2020-07-28 02:51:21,855 - root - INFO - #48 MAX:accuracy.mean: 0.88
2020-07-28 02:51:21,898 - root - DEBUG - Sampled weight [1.57296582 1.13107229 1.19878557 1.02462607 1.02217579]
2020-07-28 02:51:22,988 - root - DEBUG - Updating hall of fame
2020-07-28 02:51:23,192 - root - INFO - Completed generation 49; 1.3s elapsed, 2.2s avg, 1.1e+02s total. Expected time remaining: 3.3e+02s
2020-07-28 02:51:23,245 - root - INFO - #49 MAX:accuracy.mean: 0.94
2020-07-28 02:51:23,287 - root - DEBUG - Sampled weight [0.97359825 1.29130319 1.09998863 0.85811523 1.25214546]
2020-07-28 02:51:24,375 - root - DEBUG - Updating hall of fame
2020-07-28 02:51:25,512 - root - INFO - Completed generation 50; 2.3s elapsed, 2.2s avg, 1.1e+02s total. Expected time remaining: 3.3e+02s
2020-07-28 02:51:25,566 - root - INFO - #50 MAX:accuracy.mean: 0.96
2020-07-28 02:51:25,663 - root - DEBUG - Sampled weight [2.90173446 0.63134796 1.96547987 1.08585776 0.62000264]
2020-07-28 02:51:26,751 - root - DEBUG - Updating hall of fame
2020-07-28 02:51:27,505 - root - INFO - Completed generation 51; 1.9s elapsed, 2.2s avg, 1.1e+02s total. Expected time remaining: 3.2e+02s
2020-07-28 02:51:27,558 - root - INFO - #51 MAX:accuracy.mean: 0.86
2020-07-28 02:51:27,600 - root - DEBUG - Sampled weight [0.8750685  1.12569141 1.17775982 0.48424457 0.93415453]
2020-07-28 02:51:28,687 - root - DEBUG - Updating hall of fame
2020-07-28 02:51:28,687 - root - INFO - Completed generation 52; 1.1s elapsed, 2.2s avg, 1.1e+02s total. Expected time remaining: 3.2e+02s
2020-07-28 02:51:28,741 - root - INFO - #52 MAX:accuracy.mean: 0.92
2020-07-28 02:51:28,782 - root - DEBUG - Sampled weight [1.62966097 1.35205998 1.18256995 0.52724434 1.60941073]
2020-07-28 02:51:29,871 - root - DEBUG - Updating hall of fame
2020-07-28 02:51:30,803 - root - INFO - Completed generation 53; 2.1s elapsed, 2.2s avg, 1.1e+02s total. Expected time remaining: 3.2e+02s
2020-07-28 02:51:30,856 - root - INFO - #53 MAX:accuracy.mean: 0.9
2020-07-28 02:51:30,898 - root - DEBUG - Sampled weight [1.58340619 1.72365909 1.03265358 1.63808454 1.00310656]
2020-07-28 02:51:31,992 - root - DEBUG - Updating hall of fame
2020-07-28 02:51:32,782 - root - INFO - Completed generation 54; 1.9s elapsed, 2.2s avg, 1.2e+02s total. Expected time remaining: 3.1e+02s
2020-07-28 02:51:32,837 - root - INFO - #54 MAX:accuracy.mean: 0.89
2020-07-28 02:51:32,880 - root - DEBUG - Sampled weight [0.66036261 0.9602874  0.7713636  0.75518268 0.81156257]
2020-07-28 02:51:34,010 - root - DEBUG - Updating hall of fame
2020-07-28 02:51:34,386 - root - INFO - Completed generation 55; 1.5s elapsed, 2.1s avg, 1.2e+02s total. Expected time remaining: 3.1e+02s
2020-07-28 02:51:34,440 - root - INFO - #55 MAX:accuracy.mean: 0.96
2020-07-28 02:51:34,481 - root - DEBUG - Sampled weight [0.72982372 0.78314882 0.60981236 0.84491492 1.13494587]
2020-07-28 02:51:35,565 - root - DEBUG - Updating hall of fame
2020-07-28 02:51:36,505 - root - INFO - Completed generation 56; 2.1s elapsed, 2.1s avg, 1.2e+02s total. Expected time remaining: 3.1e+02s
2020-07-28 02:51:36,559 - root - INFO - #56 MAX:accuracy.mean: 0.95
2020-07-28 02:51:36,601 - root - DEBUG - Sampled weight [0.84935556 1.84282922 0.28713034 0.92831183 0.76520404]
2020-07-28 02:51:37,696 - root - DEBUG - Updating hall of fame
2020-07-28 02:51:38,093 - root - INFO - Completed generation 57; 1.5s elapsed, 2.1s avg, 1.2e+02s total. Expected time remaining: 3e+02s
2020-07-28 02:51:38,147 - root - INFO - #57 MAX:accuracy.mean: 0.87
2020-07-28 02:51:38,189 - root - DEBUG - Sampled weight [1.91249992 0.57649149 0.79991454 1.65389205 0.49815917]
2020-07-28 02:51:39,288 - root - DEBUG - Updating hall of fame
2020-07-28 02:51:39,847 - root - INFO - Completed generation 58; 1.7s elapsed, 2.1s avg, 1.2e+02s total. Expected time remaining: 3e+02s
2020-07-28 02:51:39,901 - root - INFO - #58 MAX:accuracy.mean: 0.86
2020-07-28 02:51:39,942 - root - DEBUG - Sampled weight [1.03840826 1.49808934 1.62859564 0.92044821 1.67477634]
2020-07-28 02:51:41,032 - root - DEBUG - Updating hall of fame
2020-07-28 02:51:41,221 - root - INFO - Completed generation 59; 1.3s elapsed, 2.1s avg, 1.2e+02s total. Expected time remaining: 3e+02s
2020-07-28 02:51:41,276 - root - INFO - #59 MAX:accuracy.mean: 0.89
2020-07-28 02:51:41,316 - root - DEBUG - Sampled weight [0.68956836 0.76736034 0.87896352 0.82388223 1.77432583]
2020-07-28 02:51:42,405 - root - DEBUG - Updating hall of fame
2020-07-28 02:51:42,595 - root - INFO - Completed generation 60; 1.3s elapsed, 2.1s avg, 1.3e+02s total. Expected time remaining: 2.9e+02s
2020-07-28 02:51:42,649 - root - INFO - #60 MAX:accuracy.mean: 0.92
2020-07-28 02:51:42,778 - root - DEBUG - Sampled weight [0.9117135  0.85253278 0.93724175 0.55198852 0.35740836]
2020-07-28 02:51:43,860 - root - DEBUG - Updating hall of fame
2020-07-28 02:51:44,416 - root - INFO - Completed generation 61; 1.7s elapsed, 2.1s avg, 1.3e+02s total. Expected time remaining: 2.9e+02s
2020-07-28 02:51:44,470 - root - INFO - #61 MAX:accuracy.mean: 0.94
2020-07-28 02:51:44,511 - root - DEBUG - Sampled weight [1.44382463 0.73304973 0.71320072 1.36927323 1.11056693]
2020-07-28 02:51:45,596 - root - DEBUG - Updating hall of fame
2020-07-28 02:51:46,350 - root - INFO - Completed generation 62; 1.9s elapsed, 2.1s avg, 1.3e+02s total. Expected time remaining: 2.9e+02s
2020-07-28 02:51:46,403 - root - INFO - #62 MAX:accuracy.mean: 0.95
2020-07-28 02:51:46,444 - root - DEBUG - Sampled weight [1.67520366 0.49308834 0.99512708 0.94221615 2.8514055 ]
2020-07-28 02:51:47,539 - root - DEBUG - Updating hall of fame
2020-07-28 02:51:48,497 - root - INFO - Completed generation 63; 2.1s elapsed, 2.1s avg, 1.3e+02s total. Expected time remaining: 2.9e+02s
2020-07-28 02:51:48,550 - root - INFO - #63 MAX:accuracy.mean: 0.9
2020-07-28 02:51:48,591 - root - DEBUG - Sampled weight [0.47978416 0.83683287 1.09555092 1.06234857 0.52699568]
2020-07-28 02:51:49,668 - root - DEBUG - Updating hall of fame
2020-07-28 02:51:50,242 - root - INFO - Completed generation 64; 1.7s elapsed, 2.1s avg, 1.3e+02s total. Expected time remaining: 2.8e+02s
2020-07-28 02:51:50,296 - root - INFO - #64 MAX:accuracy.mean: 0.91
2020-07-28 02:51:50,338 - root - DEBUG - Sampled weight [0.71421219 0.64966186 1.77081483 1.23269932 1.53284687]
2020-07-28 02:51:51,420 - root - DEBUG - Updating hall of fame
2020-07-28 02:51:52,941 - root - INFO - Completed generation 65; 2.6s elapsed, 2.1s avg, 1.4e+02s total. Expected time remaining: 2.8e+02s
2020-07-28 02:51:52,995 - root - INFO - #65 MAX:accuracy.mean: 0.91
2020-07-28 02:51:53,036 - root - DEBUG - Sampled weight [2.31010825 0.91727249 1.00131519 0.33302434 2.16693293]
2020-07-28 02:51:54,125 - root - DEBUG - Updating hall of fame
2020-07-28 02:51:54,518 - root - INFO - Completed generation 66; 1.5s elapsed, 2.1s avg, 1.4e+02s total. Expected time remaining: 2.8e+02s
2020-07-28 02:51:54,572 - root - INFO - #66 MAX:accuracy.mean: 0.89
2020-07-28 02:51:54,613 - root - DEBUG - Sampled weight [0.56653675 0.98609534 0.67471634 0.2855871  0.54024717]
2020-07-28 02:51:55,699 - root - DEBUG - Updating hall of fame
2020-07-28 02:51:56,102 - root - INFO - Completed generation 67; 1.5s elapsed, 2.1s avg, 1.4e+02s total. Expected time remaining: 2.8e+02s
2020-07-28 02:51:56,156 - root - INFO - #67 MAX:accuracy.mean: 0.89
2020-07-28 02:51:56,197 - root - DEBUG - Sampled weight [2.85130638 0.96523311 1.70924657 0.8980746  1.60415331]
2020-07-28 02:51:57,294 - root - DEBUG - Updating hall of fame
2020-07-28 02:51:58,252 - root - INFO - Completed generation 68; 2.1s elapsed, 2.1s avg, 1.4e+02s total. Expected time remaining: 2.7e+02s
2020-07-28 02:51:58,307 - root - INFO - #68 MAX:accuracy.mean: 0.89
2020-07-28 02:51:58,348 - root - DEBUG - Sampled weight [0.42073387 0.9164059  1.64942329 0.56327471 1.37949789]
2020-07-28 02:51:59,449 - root - DEBUG - Updating hall of fame
2020-07-28 02:52:00,212 - root - INFO - Completed generation 69; 1.9s elapsed, 2.1s avg, 1.4e+02s total. Expected time remaining: 2.7e+02s
2020-07-28 02:52:00,265 - root - INFO - #69 MAX:accuracy.mean: 0.89
2020-07-28 02:52:00,307 - root - DEBUG - Sampled weight [0.71210122 1.11474988 0.72934509 1.37532662 1.24407606]
2020-07-28 02:52:01,405 - root - DEBUG - Updating hall of fame
2020-07-28 02:52:02,352 - root - INFO - Completed generation 70; 2.1s elapsed, 2.1s avg, 1.4e+02s total. Expected time remaining: 2.7e+02s
2020-07-28 02:52:02,406 - root - INFO - #70 MAX:accuracy.mean: 0.95
2020-07-28 02:52:02,507 - root - DEBUG - Sampled weight [0.95950112 2.41180278 0.47714471 0.79541913 1.16551999]
2020-07-28 02:52:03,602 - root - DEBUG - Updating hall of fame
2020-07-28 02:52:04,362 - root - INFO - Completed generation 71; 1.9s elapsed, 2.1s avg, 1.5e+02s total. Expected time remaining: 2.7e+02s
2020-07-28 02:52:04,416 - root - INFO - #71 MAX:accuracy.mean: 0.89
2020-07-28 02:52:04,457 - root - DEBUG - Sampled weight [0.93211488 0.99272805 1.60695744 1.40857906 0.54083129]
2020-07-28 02:52:05,538 - root - DEBUG - Updating hall of fame
2020-07-28 02:52:06,120 - root - INFO - Completed generation 72; 1.7s elapsed, 2.1s avg, 1.5e+02s total. Expected time remaining: 2.6e+02s
2020-07-28 02:52:06,174 - root - INFO - #72 MAX:accuracy.mean: 0.92
2020-07-28 02:52:06,215 - root - DEBUG - Sampled weight [0.68990398 2.21548486 0.90898799 1.08932218 0.48355849]
2020-07-28 02:52:07,311 - root - DEBUG - Updating hall of fame
2020-07-28 02:52:08,076 - root - INFO - Completed generation 73; 1.9s elapsed, 2.1s avg, 1.5e+02s total. Expected time remaining: 2.6e+02s
2020-07-28 02:52:08,130 - root - INFO - #73 MAX:accuracy.mean: 0.89
2020-07-28 02:52:08,172 - root - DEBUG - Sampled weight [2.26218975 0.36941459 0.81551609 2.37936645 1.04668819]
2020-07-28 02:52:09,252 - root - DEBUG - Updating hall of fame
2020-07-28 02:52:10,023 - root - INFO - Completed generation 74; 1.9s elapsed, 2.1s avg, 1.5e+02s total. Expected time remaining: 2.6e+02s
2020-07-28 02:52:10,076 - root - INFO - #74 MAX:accuracy.mean: 0.88
2020-07-28 02:52:10,118 - root - DEBUG - Sampled weight [1.44500268 1.38502027 0.79016474 0.7817108  0.97539457]
2020-07-28 02:52:11,208 - root - DEBUG - Updating hall of fame
2020-07-28 02:52:11,414 - root - INFO - Completed generation 75; 1.3s elapsed, 2.0s avg, 1.5e+02s total. Expected time remaining: 2.6e+02s
2020-07-28 02:52:11,468 - root - INFO - #75 MAX:accuracy.mean: 0.94
2020-07-28 02:52:11,509 - root - DEBUG - Sampled weight [1.48660582 1.54143981 0.58824765 2.02666744 0.90580143]
2020-07-28 02:52:12,594 - root - DEBUG - Updating hall of fame
2020-07-28 02:52:13,347 - root - INFO - Completed generation 76; 1.9s elapsed, 2.0s avg, 1.6e+02s total. Expected time remaining: 2.5e+02s
2020-07-28 02:52:13,401 - root - INFO - #76 MAX:accuracy.mean: 0.88
2020-07-28 02:52:13,442 - root - DEBUG - Sampled weight [1.43899391 1.712213   0.93204772 1.32216456 0.61037509]
2020-07-28 02:52:14,523 - root - DEBUG - Updating hall of fame
2020-07-28 02:52:14,722 - root - INFO - Completed generation 77; 1.3s elapsed, 2.0s avg, 1.6e+02s total. Expected time remaining: 2.5e+02s
2020-07-28 02:52:14,776 - root - INFO - #77 MAX:accuracy.mean: 0.91
2020-07-28 02:52:14,817 - root - DEBUG - Sampled weight [0.28785064 1.10704401 1.04179528 0.71396652 0.80288326]
2020-07-28 02:52:15,890 - root - DEBUG - Updating hall of fame
2020-07-28 02:52:16,650 - root - INFO - Completed generation 78; 1.9s elapsed, 2.0s avg, 1.6e+02s total. Expected time remaining: 2.5e+02s
2020-07-28 02:52:16,704 - root - INFO - #78 MAX:accuracy.mean: 0.88
2020-07-28 02:52:16,745 - root - DEBUG - Sampled weight [1.23216859 0.65801465 0.7161294  0.96069267 0.623782  ]
2020-07-28 02:52:17,827 - root - DEBUG - Updating hall of fame
2020-07-28 02:52:18,392 - root - INFO - Completed generation 79; 1.7s elapsed, 2.0s avg, 1.6e+02s total. Expected time remaining: 2.5e+02s
2020-07-28 02:52:18,445 - root - INFO - #79 MAX:accuracy.mean: 0.95
2020-07-28 02:52:18,487 - root - DEBUG - Sampled weight [1.26254042 0.68724171 2.45690214 0.5863609  0.55379788]
2020-07-28 02:52:19,579 - root - DEBUG - Updating hall of fame
2020-07-28 02:52:20,135 - root - INFO - Completed generation 80; 1.7s elapsed, 2.0s avg, 1.6e+02s total. Expected time remaining: 2.4e+02s
2020-07-28 02:52:20,189 - root - INFO - #80 MAX:accuracy.mean: 0.89
2020-07-28 02:52:20,337 - root - DEBUG - Sampled weight [2.4020504  1.87901633 1.45214261 0.9156708  0.42612822]
2020-07-28 02:52:21,423 - root - DEBUG - Updating hall of fame
2020-07-28 02:52:21,800 - root - INFO - Completed generation 81; 1.5s elapsed, 2.0s avg, 1.6e+02s total. Expected time remaining: 2.4e+02s
2020-07-28 02:52:21,854 - root - INFO - #81 MAX:accuracy.mean: 0.86
2020-07-28 02:52:21,896 - root - DEBUG - Sampled weight [1.01850444 1.25882082 0.61798539 0.88315832 1.31416517]
2020-07-28 02:52:22,988 - root - DEBUG - Updating hall of fame
2020-07-28 02:52:22,988 - root - INFO - Completed generation 82; 1.1s elapsed, 2.0s avg, 1.6e+02s total. Expected time remaining: 2.4e+02s
2020-07-28 02:52:23,042 - root - INFO - #82 MAX:accuracy.mean: 0.95
2020-07-28 02:52:23,083 - root - DEBUG - Sampled weight [1.45378077 0.97965277 1.44810802 1.17864239 0.53287663]
2020-07-28 02:52:24,180 - root - DEBUG - Updating hall of fame
2020-07-28 02:52:24,927 - root - INFO - Completed generation 83; 1.9s elapsed, 2.0s avg, 1.7e+02s total. Expected time remaining: 2.3e+02s
2020-07-28 02:52:24,980 - root - INFO - #83 MAX:accuracy.mean: 0.88
2020-07-28 02:52:25,022 - root - DEBUG - Sampled weight [1.11224916 0.68686941 0.91957606 0.7755031  0.56812652]
2020-07-28 02:52:26,117 - root - DEBUG - Updating hall of fame
2020-07-28 02:52:26,493 - root - INFO - Completed generation 84; 1.5s elapsed, 2.0s avg, 1.7e+02s total. Expected time remaining: 2.3e+02s
2020-07-28 02:52:26,546 - root - INFO - #84 MAX:accuracy.mean: 0.94
2020-07-28 02:52:26,587 - root - DEBUG - Sampled weight [0.26598338 0.54563719 0.68059711 0.75230033 1.01635773]
2020-07-28 02:52:27,685 - root - DEBUG - Updating hall of fame
2020-07-28 02:52:28,438 - root - INFO - Completed generation 85; 1.9s elapsed, 2.0s avg, 1.7e+02s total. Expected time remaining: 2.3e+02s
2020-07-28 02:52:28,492 - root - INFO - #85 MAX:accuracy.mean: 0.88
2020-07-28 02:52:28,534 - root - DEBUG - Sampled weight [0.59987698 1.44276642 1.50368557 0.97612337 0.54292771]
2020-07-28 02:52:29,623 - root - DEBUG - Updating hall of fame
2020-07-28 02:52:29,809 - root - INFO - Completed generation 86; 1.3s elapsed, 2.0s avg, 1.7e+02s total. Expected time remaining: 2.3e+02s
2020-07-28 02:52:29,862 - root - INFO - #86 MAX:accuracy.mean: 0.87
2020-07-28 02:52:29,904 - root - DEBUG - Sampled weight [0.94831694 0.78811674 0.7013386  0.67242966 2.25501752]
2020-07-28 02:52:31,012 - root - DEBUG - Updating hall of fame
2020-07-28 02:52:31,774 - root - INFO - Completed generation 87; 1.9s elapsed, 2.0s avg, 1.7e+02s total. Expected time remaining: 2.3e+02s
2020-07-28 02:52:31,828 - root - INFO - #87 MAX:accuracy.mean: 0.93
2020-07-28 02:52:31,869 - root - DEBUG - Sampled weight [1.22008628 0.47670919 0.54429077 2.06952372 0.77102443]
2020-07-28 02:52:32,973 - root - DEBUG - Updating hall of fame
2020-07-28 02:52:33,548 - root - INFO - Completed generation 88; 1.7s elapsed, 2.0s avg, 1.7e+02s total. Expected time remaining: 2.2e+02s
2020-07-28 02:52:33,602 - root - INFO - #88 MAX:accuracy.mean: 0.87
2020-07-28 02:52:33,643 - root - DEBUG - Sampled weight [0.73950871 0.65362378 0.63241976 0.67402874 1.48788123]
2020-07-28 02:52:34,736 - root - DEBUG - Updating hall of fame
2020-07-28 02:52:34,736 - root - INFO - Completed generation 89; 1.1s elapsed, 2.0s avg, 1.8e+02s total. Expected time remaining: 2.2e+02s
2020-07-28 02:52:34,790 - root - INFO - #89 MAX:accuracy.mean: 0.89
2020-07-28 02:52:34,830 - root - DEBUG - Sampled weight [0.33092461 1.00566626 0.62341102 0.47766339 1.03275941]
2020-07-28 02:52:35,905 - root - DEBUG - Updating hall of fame
2020-07-28 02:52:36,643 - root - INFO - Completed generation 90; 1.9s elapsed, 2.0s avg, 1.8e+02s total. Expected time remaining: 2.2e+02s
2020-07-28 02:52:36,697 - root - INFO - #90 MAX:accuracy.mean: 0.85
2020-07-28 02:52:36,836 - root - DEBUG - Sampled weight [1.49907329 0.77755885 1.2457941  0.62426078 1.09271694]
2020-07-28 02:52:37,927 - root - DEBUG - Updating hall of fame
2020-07-28 02:52:38,299 - root - INFO - Completed generation 91; 1.5s elapsed, 2.0s avg, 1.8e+02s total. Expected time remaining: 2.1e+02s
2020-07-28 02:52:38,354 - root - INFO - #91 MAX:accuracy.mean: 0.9
2020-07-28 02:52:38,394 - root - DEBUG - Sampled weight [0.553064   0.89132533 0.90718973 1.31640337 0.8730918 ]
2020-07-28 02:52:39,482 - root - DEBUG - Updating hall of fame
2020-07-28 02:52:40,234 - root - INFO - Completed generation 92; 1.9s elapsed, 2.0s avg, 1.8e+02s total. Expected time remaining: 2.1e+02s
2020-07-28 02:52:40,288 - root - INFO - #92 MAX:accuracy.mean: 0.94
2020-07-28 02:52:40,330 - root - DEBUG - Sampled weight [0.76785212 1.20392888 0.59420319 1.25300889 1.60237238]
2020-07-28 02:52:41,431 - root - DEBUG - Updating hall of fame
2020-07-28 02:52:42,190 - root - INFO - Completed generation 93; 1.9s elapsed, 2.0s avg, 1.8e+02s total. Expected time remaining: 2.1e+02s
2020-07-28 02:52:42,243 - root - INFO - #93 MAX:accuracy.mean: 0.89
2020-07-28 02:52:42,285 - root - DEBUG - Sampled weight [0.49701124 1.55769662 1.14772276 0.44918287 1.32442795]
2020-07-28 02:52:43,380 - root - DEBUG - Updating hall of fame
2020-07-28 02:52:43,766 - root - INFO - Completed generation 94; 1.5s elapsed, 2.0s avg, 1.8e+02s total. Expected time remaining: 2.1e+02s
2020-07-28 02:52:43,819 - root - INFO - #94 MAX:accuracy.mean: 0.88
2020-07-28 02:52:43,861 - root - DEBUG - Sampled weight [1.08338217 1.36078766 1.07526827 0.70140267 1.87923763]
2020-07-28 02:52:44,961 - root - DEBUG - Updating hall of fame
2020-07-28 02:52:45,711 - root - INFO - Completed generation 95; 1.9s elapsed, 2.0s avg, 1.9e+02s total. Expected time remaining: 2.1e+02s
2020-07-28 02:52:45,765 - root - INFO - #95 MAX:accuracy.mean: 0.92
2020-07-28 02:52:45,807 - root - DEBUG - Sampled weight [1.64510779 1.2848309  1.13940883 1.35709029 1.42034084]
2020-07-28 02:52:46,926 - root - DEBUG - Updating hall of fame
2020-07-28 02:52:47,712 - root - INFO - Completed generation 96; 1.9s elapsed, 2.0s avg, 1.9e+02s total. Expected time remaining: 2e+02s
2020-07-28 02:52:47,765 - root - INFO - #96 MAX:accuracy.mean: 0.95
2020-07-28 02:52:47,807 - root - DEBUG - Sampled weight [0.72279194 1.20333193 0.3491775  0.98613272 0.64726343]
2020-07-28 02:52:48,907 - root - DEBUG - Updating hall of fame
2020-07-28 02:52:49,690 - root - INFO - Completed generation 97; 1.9s elapsed, 2.0s avg, 1.9e+02s total. Expected time remaining: 2e+02s
2020-07-28 02:52:49,744 - root - INFO - #97 MAX:accuracy.mean: 0.88
2020-07-28 02:52:49,786 - root - DEBUG - Sampled weight [1.73586478 0.56055132 0.41087026 1.61609728 0.68836112]
2020-07-28 02:52:50,906 - root - DEBUG - Updating hall of fame
2020-07-28 02:52:51,092 - root - INFO - Completed generation 98; 1.3s elapsed, 2.0s avg, 1.9e+02s total. Expected time remaining: 2e+02s
2020-07-28 02:52:51,146 - root - INFO - #98 MAX:accuracy.mean: 0.88
2020-07-28 02:52:51,187 - root - DEBUG - Sampled weight [0.60937804 1.09610466 2.02733875 1.50686135 0.63986894]
2020-07-28 02:52:52,311 - root - DEBUG - Updating hall of fame
2020-07-28 02:52:52,683 - root - INFO - Completed generation 99; 1.5s elapsed, 2.0s avg, 1.9e+02s total. Expected time remaining: 2e+02s
2020-07-28 02:52:52,737 - root - INFO - #99 MAX:accuracy.mean: 0.91
2020-07-28 02:52:52,779 - root - DEBUG - Sampled weight [1.08860271 1.10166713 1.74127017 2.52695045 0.72367221]
2020-07-28 02:52:53,898 - root - DEBUG - Updating hall of fame
2020-07-28 02:52:54,271 - root - INFO - Completed generation 100; 1.5s elapsed, 1.9s avg, 1.9e+02s total. Expected time remaining: 1.9e+02s
2020-07-28 02:52:54,325 - root - INFO - #100 MAX:accuracy.mean: 0.89
2020-07-28 02:52:54,453 - root - DEBUG - Sampled weight [0.79101874 0.76182193 1.26341989 1.19509315 1.25938448]
2020-07-28 02:52:55,555 - root - DEBUG - Updating hall of fame
2020-07-28 02:52:55,754 - root - INFO - Completed generation 101; 1.3s elapsed, 1.9s avg, 2e+02s total. Expected time remaining: 1.9e+02s
2020-07-28 02:52:55,808 - root - INFO - #101 MAX:accuracy.mean: 0.96
2020-07-28 02:52:55,849 - root - DEBUG - Sampled weight [1.17211944 0.39120961 0.97164305 1.97113294 2.12962589]
2020-07-28 02:52:56,954 - root - DEBUG - Updating hall of fame
2020-07-28 02:52:57,711 - root - INFO - Completed generation 102; 1.9s elapsed, 1.9s avg, 2e+02s total. Expected time remaining: 1.9e+02s
2020-07-28 02:52:57,764 - root - INFO - #102 MAX:accuracy.mean: 0.9
2020-07-28 02:52:57,807 - root - DEBUG - Sampled weight [0.587087   1.21946465 1.62774811 1.73933167 1.3733225 ]
2020-07-28 02:52:58,910 - root - DEBUG - Updating hall of fame
2020-07-28 02:52:59,303 - root - INFO - Completed generation 103; 1.5s elapsed, 1.9s avg, 2e+02s total. Expected time remaining: 1.9e+02s
2020-07-28 02:52:59,357 - root - INFO - #103 MAX:accuracy.mean: 0.91
2020-07-28 02:52:59,399 - root - DEBUG - Sampled weight [1.39105916 0.84569225 1.70314559 1.07452947 0.90498674]
2020-07-28 02:53:00,512 - root - DEBUG - Updating hall of fame
2020-07-28 02:53:00,895 - root - INFO - Completed generation 104; 1.5s elapsed, 1.9s avg, 2e+02s total. Expected time remaining: 1.9e+02s
2020-07-28 02:53:00,949 - root - INFO - #104 MAX:accuracy.mean: 0.94
2020-07-28 02:53:00,990 - root - DEBUG - Sampled weight [1.03566439 1.90164429 1.21220272 0.48834675 1.73587036]
2020-07-28 02:53:02,104 - root - DEBUG - Updating hall of fame
2020-07-28 02:53:02,889 - root - INFO - Completed generation 105; 1.9s elapsed, 1.9s avg, 2e+02s total. Expected time remaining: 1.8e+02s
2020-07-28 02:53:02,943 - root - INFO - #105 MAX:accuracy.mean: 0.9
2020-07-28 02:53:02,986 - root - DEBUG - Sampled weight [2.68578604 0.35598619 0.58096144 0.52724828 0.72673226]
2020-07-28 02:53:04,093 - root - DEBUG - Updating hall of fame
2020-07-28 02:53:04,681 - root - INFO - Completed generation 106; 1.7s elapsed, 1.9s avg, 2e+02s total. Expected time remaining: 1.8e+02s
2020-07-28 02:53:04,735 - root - INFO - #106 MAX:accuracy.mean: 0.89
2020-07-28 02:53:04,777 - root - DEBUG - Sampled weight [0.75925287 0.59611495 1.857921   0.91923849 1.36440832]
2020-07-28 02:53:05,898 - root - DEBUG - Updating hall of fame
2020-07-28 02:53:06,293 - root - INFO - Completed generation 107; 1.6s elapsed, 1.9s avg, 2.1e+02s total. Expected time remaining: 1.8e+02s
2020-07-28 02:53:06,347 - root - INFO - #107 MAX:accuracy.mean: 0.92
2020-07-28 02:53:06,389 - root - DEBUG - Sampled weight [0.72323656 0.82136395 0.71009667 0.59681092 1.72731522]
2020-07-28 02:53:07,509 - root - DEBUG - Updating hall of fame
2020-07-28 02:53:08,089 - root - INFO - Completed generation 108; 1.7s elapsed, 1.9s avg, 2.1e+02s total. Expected time remaining: 1.8e+02s
2020-07-28 02:53:08,142 - root - INFO - #108 MAX:accuracy.mean: 0.93
2020-07-28 02:53:08,184 - root - DEBUG - Sampled weight [0.6055344  1.48423582 1.40667446 1.74793332 0.53349832]
2020-07-28 02:53:09,298 - root - DEBUG - Updating hall of fame
2020-07-28 02:53:09,867 - root - INFO - Completed generation 109; 1.7s elapsed, 1.9s avg, 2.1e+02s total. Expected time remaining: 1.8e+02s
2020-07-28 02:53:09,921 - root - INFO - #109 MAX:accuracy.mean: 0.91
2020-07-28 02:53:09,964 - root - DEBUG - Sampled weight [1.62029456 2.4580932  0.76589813 1.57282072 0.97373577]
2020-07-28 02:53:11,072 - root - DEBUG - Updating hall of fame
2020-07-28 02:53:11,458 - root - INFO - Completed generation 110; 1.5s elapsed, 1.9s avg, 2.1e+02s total. Expected time remaining: 1.7e+02s
2020-07-28 02:53:11,512 - root - INFO - #110 MAX:accuracy.mean: 0.89
2020-07-28 02:53:11,616 - root - DEBUG - Sampled weight [1.82814336 0.89536764 0.44031292 0.41416263 0.9903698 ]
2020-07-28 02:53:12,721 - root - DEBUG - Updating hall of fame
2020-07-28 02:53:13,119 - root - INFO - Completed generation 111; 1.5s elapsed, 1.9s avg, 2.1e+02s total. Expected time remaining: 1.7e+02s
2020-07-28 02:53:13,172 - root - INFO - #111 MAX:accuracy.mean: 0.87
2020-07-28 02:53:13,215 - root - DEBUG - Sampled weight [0.93659862 1.52854818 1.19006283 2.30392804 0.65372706]
2020-07-28 02:53:14,342 - root - DEBUG - Updating hall of fame
2020-07-28 02:53:14,712 - root - INFO - Completed generation 112; 1.5s elapsed, 1.9s avg, 2.1e+02s total. Expected time remaining: 1.7e+02s
2020-07-28 02:53:14,765 - root - INFO - #112 MAX:accuracy.mean: 0.91
2020-07-28 02:53:14,808 - root - DEBUG - Sampled weight [0.70390257 0.7825985  1.36667174 3.25666993 1.18582714]
2020-07-28 02:53:15,924 - root - DEBUG - Updating hall of fame
2020-07-28 02:53:16,525 - root - INFO - Completed generation 113; 1.8s elapsed, 1.9s avg, 2.2e+02s total. Expected time remaining: 1.7e+02s
2020-07-28 02:53:16,578 - root - INFO - #113 MAX:accuracy.mean: 0.91
2020-07-28 02:53:16,620 - root - DEBUG - Sampled weight [1.32682839 0.69673477 2.06094471 1.44150651 1.22597692]
2020-07-28 02:53:17,732 - root - DEBUG - Updating hall of fame
2020-07-28 02:53:17,733 - root - INFO - Completed generation 114; 1.2s elapsed, 1.9s avg, 2.2e+02s total. Expected time remaining: 1.6e+02s
2020-07-28 02:53:17,787 - root - INFO - #114 MAX:accuracy.mean: 0.91
2020-07-28 02:53:17,828 - root - DEBUG - Sampled weight [1.15068952 0.79545005 1.90538396 0.46102465 1.30032293]
2020-07-28 02:53:18,941 - root - DEBUG - Updating hall of fame
2020-07-28 02:53:19,343 - root - INFO - Completed generation 115; 1.6s elapsed, 1.9s avg, 2.2e+02s total. Expected time remaining: 1.6e+02s
2020-07-28 02:53:19,396 - root - INFO - #115 MAX:accuracy.mean: 0.88
2020-07-28 02:53:19,438 - root - DEBUG - Sampled weight [0.71344292 0.35029155 0.64393074 1.06060742 0.62321519]
2020-07-28 02:53:20,536 - root - DEBUG - Updating hall of fame
2020-07-28 02:53:20,739 - root - INFO - Completed generation 116; 1.3s elapsed, 1.9s avg, 2.2e+02s total. Expected time remaining: 1.6e+02s
2020-07-28 02:53:20,792 - root - INFO - #116 MAX:accuracy.mean: 0.9
2020-07-28 02:53:20,834 - root - DEBUG - Sampled weight [0.64181424 1.33361935 0.26457629 1.26617485 1.26467275]
2020-07-28 02:53:21,940 - root - DEBUG - Updating hall of fame
2020-07-28 02:53:22,501 - root - INFO - Completed generation 117; 1.7s elapsed, 1.9s avg, 2.2e+02s total. Expected time remaining: 1.6e+02s
2020-07-28 02:53:22,555 - root - INFO - #117 MAX:accuracy.mean: 0.88
2020-07-28 02:53:22,596 - root - DEBUG - Sampled weight [0.81890829 1.05702013 0.90701526 0.68690106 1.50417756]
2020-07-28 02:53:23,700 - root - DEBUG - Updating hall of fame
2020-07-28 02:53:23,898 - root - INFO - Completed generation 118; 1.3s elapsed, 1.9s avg, 2.2e+02s total. Expected time remaining: 1.6e+02s
2020-07-28 02:53:23,952 - root - INFO - #118 MAX:accuracy.mean: 0.95
2020-07-28 02:53:23,994 - root - DEBUG - Sampled weight [1.35104059 0.70429632 1.20750165 0.65700152 0.41048635]
2020-07-28 02:53:25,121 - root - DEBUG - Updating hall of fame
2020-07-28 02:53:26,258 - root - INFO - Completed generation 119; 2.3s elapsed, 1.9s avg, 2.3e+02s total. Expected time remaining: 1.5e+02s
2020-07-28 02:53:26,313 - root - INFO - #119 MAX:accuracy.mean: 0.91
2020-07-28 02:53:26,356 - root - DEBUG - Sampled weight [1.26559786 1.28317509 1.17520247 0.92310562 0.4854331 ]
2020-07-28 02:53:27,485 - root - DEBUG - Updating hall of fame
2020-07-28 02:53:28,469 - root - INFO - Completed generation 120; 2.2s elapsed, 1.9s avg, 2.3e+02s total. Expected time remaining: 1.5e+02s
2020-07-28 02:53:28,522 - root - INFO - #120 MAX:accuracy.mean: 0.93
2020-07-28 02:53:28,636 - root - DEBUG - Sampled weight [1.29424608 1.97836844 0.82719261 1.18856603 1.07338761]
2020-07-28 02:53:29,773 - root - DEBUG - Updating hall of fame
2020-07-28 02:53:30,743 - root - INFO - Completed generation 121; 2.2s elapsed, 1.9s avg, 2.3e+02s total. Expected time remaining: 1.5e+02s
2020-07-28 02:53:30,797 - root - INFO - #121 MAX:accuracy.mean: 0.92
2020-07-28 02:53:30,839 - root - DEBUG - Sampled weight [1.26591566 1.28903002 2.05690775 2.04043859 0.56988875]
2020-07-28 02:53:31,973 - root - DEBUG - Updating hall of fame
2020-07-28 02:53:32,380 - root - INFO - Completed generation 122; 1.6s elapsed, 1.9s avg, 2.3e+02s total. Expected time remaining: 1.5e+02s
2020-07-28 02:53:32,434 - root - INFO - #122 MAX:accuracy.mean: 0.89
2020-07-28 02:53:32,476 - root - DEBUG - Sampled weight [3.16217293 1.20153981 1.01738589 1.4235623  1.94152692]
2020-07-28 02:53:33,598 - root - DEBUG - Updating hall of fame
2020-07-28 02:53:34,183 - root - INFO - Completed generation 123; 1.7s elapsed, 1.9s avg, 2.3e+02s total. Expected time remaining: 1.5e+02s
2020-07-28 02:53:34,237 - root - INFO - #123 MAX:accuracy.mean: 0.89
2020-07-28 02:53:34,278 - root - DEBUG - Sampled weight [2.02627498 0.9322831  0.5337279  1.38734605 0.62552124]
2020-07-28 02:53:35,404 - root - DEBUG - Updating hall of fame
2020-07-28 02:53:35,788 - root - INFO - Completed generation 124; 1.6s elapsed, 1.9s avg, 2.3e+02s total. Expected time remaining: 1.4e+02s
2020-07-28 02:53:35,842 - root - INFO - #124 MAX:accuracy.mean: 0.89
2020-07-28 02:53:35,882 - root - DEBUG - Sampled weight [0.92462792 0.71591112 0.27526245 2.98421604 0.91814094]
2020-07-28 02:53:37,013 - root - DEBUG - Updating hall of fame
2020-07-28 02:53:37,014 - root - INFO - Completed generation 125; 1.2s elapsed, 1.9s avg, 2.4e+02s total. Expected time remaining: 1.4e+02s
2020-07-28 02:53:37,068 - root - INFO - #125 MAX:accuracy.mean: 0.88
2020-07-28 02:53:37,109 - root - DEBUG - Sampled weight [0.68618116 0.68168332 0.66727252 0.6545283  1.47968068]
2020-07-28 02:53:38,216 - root - DEBUG - Updating hall of fame
2020-07-28 02:53:38,216 - root - INFO - Completed generation 126; 1.1s elapsed, 1.9s avg, 2.4e+02s total. Expected time remaining: 1.4e+02s
2020-07-28 02:53:38,270 - root - INFO - #126 MAX:accuracy.mean: 0.94
2020-07-28 02:53:38,311 - root - DEBUG - Sampled weight [1.3992066  2.11586829 0.88730757 4.60178798 1.19121942]
2020-07-28 02:53:39,415 - root - DEBUG - Updating hall of fame
2020-07-28 02:53:39,968 - root - INFO - Completed generation 127; 1.7s elapsed, 1.9s avg, 2.4e+02s total. Expected time remaining: 1.4e+02s
2020-07-28 02:53:40,021 - root - INFO - #127 MAX:accuracy.mean: 0.89
2020-07-28 02:53:40,063 - root - DEBUG - Sampled weight [1.9756859  1.23465072 1.22467103 1.79514778 1.72878725]
2020-07-28 02:53:41,173 - root - DEBUG - Updating hall of fame
2020-07-28 02:53:41,573 - root - INFO - Completed generation 128; 1.6s elapsed, 1.9s avg, 2.4e+02s total. Expected time remaining: 1.4e+02s
2020-07-28 02:53:41,631 - root - INFO - #128 MAX:accuracy.mean: 0.85
2020-07-28 02:53:41,673 - root - DEBUG - Sampled weight [0.82660368 0.99660946 0.60249336 2.09816004 0.67249708]
2020-07-28 02:53:42,802 - root - DEBUG - Updating hall of fame
2020-07-28 02:53:42,990 - root - INFO - Completed generation 129; 1.4s elapsed, 1.9s avg, 2.4e+02s total. Expected time remaining: 1.3e+02s
2020-07-28 02:53:43,044 - root - INFO - #129 MAX:accuracy.mean: 0.91
2020-07-28 02:53:43,087 - root - DEBUG - Sampled weight [0.86587618 0.56167257 2.0663726  2.17581206 0.66958531]
2020-07-28 02:53:44,215 - root - DEBUG - Updating hall of fame
2020-07-28 02:53:45,154 - root - INFO - Completed generation 130; 2.1s elapsed, 1.9s avg, 2.4e+02s total. Expected time remaining: 1.3e+02s
2020-07-28 02:53:45,207 - root - INFO - #130 MAX:accuracy.mean: 0.87
2020-07-28 02:53:45,345 - root - DEBUG - Sampled weight [0.77093915 0.8372184  2.32060122 3.71768532 1.11030595]
2020-07-28 02:53:46,483 - root - DEBUG - Updating hall of fame
2020-07-28 02:53:46,671 - root - INFO - Completed generation 131; 1.4s elapsed, 1.9s avg, 2.5e+02s total. Expected time remaining: 1.3e+02s
2020-07-28 02:53:46,725 - root - INFO - #131 MAX:accuracy.mean: 0.89
2020-07-28 02:53:46,769 - root - DEBUG - Sampled weight [1.76334853 1.02116003 0.72528095 0.96270351 0.67287953]
2020-07-28 02:53:47,877 - root - DEBUG - Updating hall of fame
2020-07-28 02:53:48,453 - root - INFO - Completed generation 132; 1.7s elapsed, 1.9s avg, 2.5e+02s total. Expected time remaining: 1.3e+02s
2020-07-28 02:53:48,506 - root - INFO - #132 MAX:accuracy.mean: 0.91
2020-07-28 02:53:48,547 - root - DEBUG - Sampled weight [1.54462262 0.73298861 0.36621672 0.69699299 1.62436608]
2020-07-28 02:53:49,674 - root - DEBUG - Updating hall of fame
2020-07-28 02:53:50,231 - root - INFO - Completed generation 133; 1.7s elapsed, 1.9s avg, 2.5e+02s total. Expected time remaining: 1.3e+02s
2020-07-28 02:53:50,285 - root - INFO - #133 MAX:accuracy.mean: 0.87
2020-07-28 02:53:50,326 - root - DEBUG - Sampled weight [0.71606853 0.96922889 0.35888286 1.1501325  1.08200063]
2020-07-28 02:53:51,439 - root - DEBUG - Updating hall of fame
2020-07-28 02:53:51,628 - root - INFO - Completed generation 134; 1.3s elapsed, 1.9s avg, 2.5e+02s total. Expected time remaining: 1.2e+02s
2020-07-28 02:53:51,682 - root - INFO - #134 MAX:accuracy.mean: 0.88
2020-07-28 02:53:51,723 - root - DEBUG - Sampled weight [0.62479882 1.76302408 1.21821595 0.63112395 0.92186025]
2020-07-28 02:53:52,850 - root - DEBUG - Updating hall of fame
2020-07-28 02:53:53,235 - root - INFO - Completed generation 135; 1.6s elapsed, 1.9s avg, 2.5e+02s total. Expected time remaining: 1.2e+02s
2020-07-28 02:53:53,289 - root - INFO - #135 MAX:accuracy.mean: 0.92
2020-07-28 02:53:53,331 - root - DEBUG - Sampled weight [1.38853998 2.1869135  1.35096543 0.99356968 0.72544264]
2020-07-28 02:53:54,463 - root - DEBUG - Updating hall of fame
2020-07-28 02:53:55,020 - root - INFO - Completed generation 136; 1.7s elapsed, 1.9s avg, 2.5e+02s total. Expected time remaining: 1.2e+02s
2020-07-28 02:53:55,074 - root - INFO - #136 MAX:accuracy.mean: 0.93
2020-07-28 02:53:55,116 - root - DEBUG - Sampled weight [1.03753537 1.36924248 1.95250549 1.94285447 2.04851506]
2020-07-28 02:53:56,249 - root - DEBUG - Updating hall of fame
2020-07-28 02:53:56,635 - root - INFO - Completed generation 137; 1.6s elapsed, 1.9s avg, 2.5e+02s total. Expected time remaining: 1.2e+02s
2020-07-28 02:53:56,689 - root - INFO - #137 MAX:accuracy.mean: 0.86
2020-07-28 02:53:56,731 - root - DEBUG - Sampled weight [0.60051443 2.28977286 1.22806965 1.06359856 0.62756342]
2020-07-28 02:53:57,859 - root - DEBUG - Updating hall of fame
2020-07-28 02:53:58,060 - root - INFO - Completed generation 138; 1.4s elapsed, 1.9s avg, 2.6e+02s total. Expected time remaining: 1.2e+02s
2020-07-28 02:53:58,115 - root - INFO - #138 MAX:accuracy.mean: 0.92
2020-07-28 02:53:58,156 - root - DEBUG - Sampled weight [0.86855866 2.03428329 0.56880991 1.34988518 1.00331669]
2020-07-28 02:53:59,277 - root - DEBUG - Updating hall of fame
2020-07-28 02:54:00,247 - root - INFO - Completed generation 139; 2.1s elapsed, 1.9s avg, 2.6e+02s total. Expected time remaining: 1.1e+02s
2020-07-28 02:54:00,302 - root - INFO - #139 MAX:accuracy.mean: 0.91
2020-07-28 02:54:00,344 - root - DEBUG - Sampled weight [1.925664   0.5565731  0.39329642 0.81690119 0.58944905]
2020-07-28 02:54:01,462 - root - DEBUG - Updating hall of fame
2020-07-28 02:54:01,874 - root - INFO - Completed generation 140; 1.6s elapsed, 1.9s avg, 2.6e+02s total. Expected time remaining: 1.1e+02s
2020-07-28 02:54:01,928 - root - INFO - #140 MAX:accuracy.mean: 0.86
2020-07-28 02:54:02,052 - root - DEBUG - Sampled weight [1.47320338 0.99280772 1.02527939 0.90272036 0.91361848]
2020-07-28 02:54:03,151 - root - DEBUG - Updating hall of fame
2020-07-28 02:54:03,929 - root - INFO - Completed generation 141; 1.9s elapsed, 1.9s avg, 2.6e+02s total. Expected time remaining: 1.1e+02s
2020-07-28 02:54:03,985 - root - INFO - #141 MAX:accuracy.mean: 0.94
2020-07-28 02:54:04,028 - root - DEBUG - Sampled weight [2.39584461 1.78477755 1.22936764 0.82426875 0.80329664]
2020-07-28 02:54:05,166 - root - DEBUG - Updating hall of fame
2020-07-28 02:54:05,566 - root - INFO - Completed generation 142; 1.6s elapsed, 1.9s avg, 2.6e+02s total. Expected time remaining: 1.1e+02s
2020-07-28 02:54:05,621 - root - INFO - #142 MAX:accuracy.mean: 0.87
2020-07-28 02:54:05,664 - root - DEBUG - Sampled weight [1.5112238  0.23133646 1.82435583 0.54941479 0.52546875]
2020-07-28 02:54:06,800 - root - DEBUG - Updating hall of fame
2020-07-28 02:54:07,000 - root - INFO - Completed generation 143; 1.4s elapsed, 1.9s avg, 2.6e+02s total. Expected time remaining: 1.1e+02s
2020-07-28 02:54:07,054 - root - INFO - #143 MAX:accuracy.mean: 0.88
2020-07-28 02:54:07,096 - root - DEBUG - Sampled weight [0.62352516 1.04672378 0.62730819 0.86295014 0.99308651]
2020-07-28 02:54:08,223 - root - DEBUG - Updating hall of fame
2020-07-28 02:54:08,603 - root - INFO - Completed generation 144; 1.5s elapsed, 1.9s avg, 2.7e+02s total. Expected time remaining: 1e+02s
2020-07-28 02:54:08,656 - root - INFO - #144 MAX:accuracy.mean: 0.96
2020-07-28 02:54:08,699 - root - DEBUG - Sampled weight [1.22371465 0.85718621 1.36601538 0.74434854 0.75075554]
2020-07-28 02:54:09,819 - root - DEBUG - Updating hall of fame
2020-07-28 02:54:10,584 - root - INFO - Completed generation 145; 1.9s elapsed, 1.9s avg, 2.7e+02s total. Expected time remaining: 1e+02s
2020-07-28 02:54:10,638 - root - INFO - #145 MAX:accuracy.mean: 0.96
2020-07-28 02:54:10,681 - root - DEBUG - Sampled weight [0.78578948 0.45513    1.57370134 1.25488213 1.20308074]
2020-07-28 02:54:11,810 - root - DEBUG - Updating hall of fame
2020-07-28 02:54:12,406 - root - INFO - Completed generation 146; 1.8s elapsed, 1.9s avg, 2.7e+02s total. Expected time remaining: 1e+02s
2020-07-28 02:54:12,461 - root - INFO - #146 MAX:accuracy.mean: 0.88
2020-07-28 02:54:12,503 - root - DEBUG - Sampled weight [0.98149281 1.63873618 1.16391299 0.64682321 0.68763326]
2020-07-28 02:54:13,622 - root - DEBUG - Updating hall of fame
2020-07-28 02:54:13,810 - root - INFO - Completed generation 147; 1.3s elapsed, 1.8s avg, 2.7e+02s total. Expected time remaining: 9.8e+01s
2020-07-28 02:54:13,864 - root - INFO - #147 MAX:accuracy.mean: 0.94
2020-07-28 02:54:13,906 - root - DEBUG - Sampled weight [0.31319548 0.67754668 1.33431423 1.60692941 0.76146496]
2020-07-28 02:54:15,014 - root - DEBUG - Updating hall of fame
2020-07-28 02:54:15,586 - root - INFO - Completed generation 148; 1.7s elapsed, 1.8s avg, 2.7e+02s total. Expected time remaining: 9.6e+01s
2020-07-28 02:54:15,640 - root - INFO - #148 MAX:accuracy.mean: 0.91
2020-07-28 02:54:15,682 - root - DEBUG - Sampled weight [0.79314882 1.11390439 1.44904579 1.6532313  0.7303822 ]
2020-07-28 02:54:16,786 - root - DEBUG - Updating hall of fame
2020-07-28 02:54:16,988 - root - INFO - Completed generation 149; 1.3s elapsed, 1.8s avg, 2.7e+02s total. Expected time remaining: 9.4e+01s
2020-07-28 02:54:17,041 - root - INFO - #149 MAX:accuracy.mean: 0.92
2020-07-28 02:54:17,084 - root - DEBUG - Sampled weight [1.3046817  0.57640648 2.9535279  1.10994618 1.49392828]
2020-07-28 02:54:18,221 - root - DEBUG - Updating hall of fame
2020-07-28 02:54:18,996 - root - INFO - Completed generation 150; 2.0s elapsed, 1.8s avg, 2.8e+02s total. Expected time remaining: 9.2e+01s
2020-07-28 02:54:19,050 - root - INFO - #150 MAX:accuracy.mean: 0.9
2020-07-28 02:54:19,165 - root - DEBUG - Sampled weight [1.27004503 0.69076642 1.54354179 1.71971736 0.64142197]
2020-07-28 02:54:20,272 - root - DEBUG - Updating hall of fame
2020-07-28 02:54:20,674 - root - INFO - Completed generation 151; 1.6s elapsed, 1.8s avg, 2.8e+02s total. Expected time remaining: 9e+01s
2020-07-28 02:54:20,727 - root - INFO - #151 MAX:accuracy.mean: 0.92
2020-07-28 02:54:20,769 - root - DEBUG - Sampled weight [0.93810443 1.85262443 1.30425423 1.12056815 3.6237683 ]
2020-07-28 02:54:21,880 - root - DEBUG - Updating hall of fame
2020-07-28 02:54:22,653 - root - INFO - Completed generation 152; 1.9s elapsed, 1.8s avg, 2.8e+02s total. Expected time remaining: 8.8e+01s
2020-07-28 02:54:22,706 - root - INFO - #152 MAX:accuracy.mean: 0.9
2020-07-28 02:54:22,749 - root - DEBUG - Sampled weight [0.60482245 0.90063344 0.92613649 0.3025637  1.53646372]
2020-07-28 02:54:23,850 - root - DEBUG - Updating hall of fame
2020-07-28 02:54:24,250 - root - INFO - Completed generation 153; 1.5s elapsed, 1.8s avg, 2.8e+02s total. Expected time remaining: 8.7e+01s
2020-07-28 02:54:24,303 - root - INFO - #153 MAX:accuracy.mean: 0.89
2020-07-28 02:54:24,346 - root - DEBUG - Sampled weight [0.87615924 0.96348592 1.43425268 2.79258941 0.56690668]
2020-07-28 02:54:25,451 - root - DEBUG - Updating hall of fame
2020-07-28 02:54:25,840 - root - INFO - Completed generation 154; 1.5s elapsed, 1.8s avg, 2.8e+02s total. Expected time remaining: 8.5e+01s
2020-07-28 02:54:25,894 - root - INFO - #154 MAX:accuracy.mean: 0.89
2020-07-28 02:54:25,939 - root - DEBUG - Sampled weight [1.0551329  1.08391346 1.32214535 2.08280449 0.65126552]
2020-07-28 02:54:27,037 - root - DEBUG - Updating hall of fame
2020-07-28 02:54:27,252 - root - INFO - Completed generation 155; 1.4s elapsed, 1.8s avg, 2.8e+02s total. Expected time remaining: 8.3e+01s
2020-07-28 02:54:27,306 - root - INFO - #155 MAX:accuracy.mean: 0.91
2020-07-28 02:54:27,347 - root - DEBUG - Sampled weight [1.37862229 1.67977979 0.85213724 1.22091389 1.72308674]
2020-07-28 02:54:28,445 - root - DEBUG - Updating hall of fame
2020-07-28 02:54:29,218 - root - INFO - Completed generation 156; 1.9s elapsed, 1.8s avg, 2.9e+02s total. Expected time remaining: 8.1e+01s
2020-07-28 02:54:29,271 - root - INFO - #156 MAX:accuracy.mean: 0.91
2020-07-28 02:54:29,313 - root - DEBUG - Sampled weight [0.69744155 0.73470377 1.01903537 2.29220585 1.15134599]
2020-07-28 02:54:30,444 - root - DEBUG - Updating hall of fame
2020-07-28 02:54:31,001 - root - INFO - Completed generation 157; 1.7s elapsed, 1.8s avg, 2.9e+02s total. Expected time remaining: 7.9e+01s
2020-07-28 02:54:31,055 - root - INFO - #157 MAX:accuracy.mean: 0.92
2020-07-28 02:54:31,096 - root - DEBUG - Sampled weight [1.14651492 1.54863278 0.61995531 1.74707943 1.71850437]
2020-07-28 02:54:32,210 - root - DEBUG - Updating hall of fame
2020-07-28 02:54:32,828 - root - INFO - Completed generation 158; 1.8s elapsed, 1.8s avg, 2.9e+02s total. Expected time remaining: 7.7e+01s
2020-07-28 02:54:32,885 - root - INFO - #158 MAX:accuracy.mean: 0.86
2020-07-28 02:54:32,928 - root - DEBUG - Sampled weight [0.96998981 0.73243988 0.74976018 1.44924201 0.77554147]
2020-07-28 02:54:34,054 - root - DEBUG - Updating hall of fame
2020-07-28 02:54:34,611 - root - INFO - Completed generation 159; 1.7s elapsed, 1.8s avg, 2.9e+02s total. Expected time remaining: 7.5e+01s
2020-07-28 02:54:34,664 - root - INFO - #159 MAX:accuracy.mean: 0.94
2020-07-28 02:54:34,705 - root - DEBUG - Sampled weight [1.61552388 1.51596694 2.18225702 1.34993481 1.3445838 ]
2020-07-28 02:54:35,814 - root - DEBUG - Updating hall of fame
2020-07-28 02:54:36,391 - root - INFO - Completed generation 160; 1.7s elapsed, 1.8s avg, 2.9e+02s total. Expected time remaining: 7.3e+01s
2020-07-28 02:54:36,445 - root - INFO - #160 MAX:accuracy.mean: 0.87
2020-07-28 02:54:36,551 - root - DEBUG - Sampled weight [0.73056702 0.69743054 2.47396895 2.10771405 0.78460594]
2020-07-28 02:54:37,689 - root - DEBUG - Updating hall of fame
2020-07-28 02:54:38,472 - root - INFO - Completed generation 161; 2.0s elapsed, 1.8s avg, 3e+02s total. Expected time remaining: 7.2e+01s
2020-07-28 02:54:38,525 - root - INFO - #161 MAX:accuracy.mean: 0.87
2020-07-28 02:54:38,567 - root - DEBUG - Sampled weight [1.88457403 0.59028748 1.00418042 2.07545431 0.64164456]
2020-07-28 02:54:39,708 - root - DEBUG - Updating hall of fame
2020-07-28 02:54:39,915 - root - INFO - Completed generation 162; 1.4s elapsed, 1.8s avg, 3e+02s total. Expected time remaining: 7e+01s
2020-07-28 02:54:39,969 - root - INFO - #162 MAX:accuracy.mean: 0.87
2020-07-28 02:54:40,012 - root - DEBUG - Sampled weight [2.63696498 1.41588946 2.85321054 0.71935229 0.82375705]
2020-07-28 02:54:41,147 - root - DEBUG - Updating hall of fame
2020-07-28 02:54:41,910 - root - INFO - Completed generation 163; 1.9s elapsed, 1.8s avg, 3e+02s total. Expected time remaining: 6.8e+01s
2020-07-28 02:54:41,964 - root - INFO - #163 MAX:accuracy.mean: 0.87
2020-07-28 02:54:42,006 - root - DEBUG - Sampled weight [1.96167047 1.2465052  2.22469707 0.72082713 0.70771504]
2020-07-28 02:54:43,139 - root - DEBUG - Updating hall of fame
2020-07-28 02:54:43,346 - root - INFO - Completed generation 164; 1.4s elapsed, 1.8s avg, 3e+02s total. Expected time remaining: 6.6e+01s
2020-07-28 02:54:43,400 - root - INFO - #164 MAX:accuracy.mean: 0.87
2020-07-28 02:54:43,442 - root - DEBUG - Sampled weight [1.67783507 1.58576523 0.77074705 1.13767335 1.60230505]
2020-07-28 02:54:44,576 - root - DEBUG - Updating hall of fame
2020-07-28 02:54:44,784 - root - INFO - Completed generation 165; 1.4s elapsed, 1.8s avg, 3e+02s total. Expected time remaining: 6.4e+01s
2020-07-28 02:54:44,838 - root - INFO - #165 MAX:accuracy.mean: 0.89
2020-07-28 02:54:44,879 - root - DEBUG - Sampled weight [2.48461069 1.06883075 0.46176504 0.87240707 0.95412266]
2020-07-28 02:54:45,994 - root - DEBUG - Updating hall of fame
2020-07-28 02:54:46,367 - root - INFO - Completed generation 166; 1.5s elapsed, 1.8s avg, 3e+02s total. Expected time remaining: 6.2e+01s
2020-07-28 02:54:46,421 - root - INFO - #166 MAX:accuracy.mean: 0.88
2020-07-28 02:54:46,462 - root - DEBUG - Sampled weight [2.18081892 0.43194271 0.70860133 1.71514181 1.26441745]
2020-07-28 02:54:47,577 - root - DEBUG - Updating hall of fame
2020-07-28 02:54:47,974 - root - INFO - Completed generation 167; 1.6s elapsed, 1.8s avg, 3e+02s total. Expected time remaining: 6e+01s
2020-07-28 02:54:48,028 - root - INFO - #167 MAX:accuracy.mean: 0.9
2020-07-28 02:54:48,070 - root - DEBUG - Sampled weight [1.15048853 0.50837999 1.58411674 0.7129738  0.76766912]
2020-07-28 02:54:49,196 - root - DEBUG - Updating hall of fame
2020-07-28 02:54:49,588 - root - INFO - Completed generation 168; 1.6s elapsed, 1.8s avg, 3.1e+02s total. Expected time remaining: 5.8e+01s
2020-07-28 02:54:49,642 - root - INFO - #168 MAX:accuracy.mean: 0.9
2020-07-28 02:54:49,685 - root - DEBUG - Sampled weight [0.75591058 0.88669326 2.59714625 1.52480766 1.34591805]
2020-07-28 02:54:50,822 - root - DEBUG - Updating hall of fame
2020-07-28 02:54:51,599 - root - INFO - Completed generation 169; 2.0s elapsed, 1.8s avg, 3.1e+02s total. Expected time remaining: 5.6e+01s
2020-07-28 02:54:51,653 - root - INFO - #169 MAX:accuracy.mean: 0.91
2020-07-28 02:54:51,694 - root - DEBUG - Sampled weight [0.63260187 0.35960658 1.7271251  1.27712742 1.40109488]
2020-07-28 02:54:52,809 - root - DEBUG - Updating hall of fame
2020-07-28 02:54:53,207 - root - INFO - Completed generation 170; 1.6s elapsed, 1.8s avg, 3.1e+02s total. Expected time remaining: 5.5e+01s
2020-07-28 02:54:53,260 - root - INFO - #170 MAX:accuracy.mean: 0.87
2020-07-28 02:54:53,416 - root - DEBUG - Sampled weight [1.26584445 2.09191982 1.42460288 2.08260631 0.95781105]
2020-07-28 02:54:54,543 - root - DEBUG - Updating hall of fame
2020-07-28 02:54:54,735 - root - INFO - Completed generation 171; 1.4s elapsed, 1.8s avg, 3.1e+02s total. Expected time remaining: 5.3e+01s
2020-07-28 02:54:54,789 - root - INFO - #171 MAX:accuracy.mean: 0.88
2020-07-28 02:54:54,830 - root - DEBUG - Sampled weight [0.97813518 1.77796714 1.01814655 0.76817501 2.38710921]
2020-07-28 02:54:55,960 - root - DEBUG - Updating hall of fame
2020-07-28 02:54:56,173 - root - INFO - Completed generation 172; 1.4s elapsed, 1.8s avg, 3.1e+02s total. Expected time remaining: 5.1e+01s
2020-07-28 02:54:56,227 - root - INFO - #172 MAX:accuracy.mean: 0.88
2020-07-28 02:54:56,269 - root - DEBUG - Sampled weight [2.10527906 1.2131016  0.74285017 0.61937532 3.87261076]
2020-07-28 02:54:57,421 - root - DEBUG - Updating hall of fame
2020-07-28 02:54:57,422 - root - INFO - Completed generation 173; 1.2s elapsed, 1.8s avg, 3.1e+02s total. Expected time remaining: 4.9e+01s
2020-07-28 02:54:57,476 - root - INFO - #173 MAX:accuracy.mean: 0.88
2020-07-28 02:54:57,520 - root - DEBUG - Sampled weight [3.25232682 1.94680369 1.32094956 1.58851513 2.3351215 ]
2020-07-28 02:54:58,668 - root - DEBUG - Updating hall of fame
2020-07-28 02:54:59,272 - root - INFO - Completed generation 174; 1.8s elapsed, 1.8s avg, 3.2e+02s total. Expected time remaining: 4.7e+01s
2020-07-28 02:54:59,326 - root - INFO - #174 MAX:accuracy.mean: 0.88
2020-07-28 02:54:59,368 - root - DEBUG - Sampled weight [2.85799863 1.82094149 0.94481926 1.26004144 0.81597859]
2020-07-28 02:55:00,485 - root - DEBUG - Updating hall of fame
2020-07-28 02:55:00,485 - root - INFO - Completed generation 175; 1.2s elapsed, 1.8s avg, 3.2e+02s total. Expected time remaining: 4.5e+01s
2020-07-28 02:55:00,539 - root - INFO - #175 MAX:accuracy.mean: 0.88
2020-07-28 02:55:00,580 - root - DEBUG - Sampled weight [1.89889054 1.5156825  1.33834701 1.40336335 0.57531309]
2020-07-28 02:55:01,703 - root - DEBUG - Updating hall of fame
2020-07-28 02:55:01,891 - root - INFO - Completed generation 176; 1.4s elapsed, 1.8s avg, 3.2e+02s total. Expected time remaining: 4.3e+01s
2020-07-28 02:55:01,946 - root - INFO - #176 MAX:accuracy.mean: 0.91
2020-07-28 02:55:01,989 - root - DEBUG - Sampled weight [1.53272114 0.87897765 1.36259318 0.56659088 0.84759845]
2020-07-28 02:55:03,114 - root - DEBUG - Updating hall of fame
2020-07-28 02:55:03,507 - root - INFO - Completed generation 177; 1.6s elapsed, 1.8s avg, 3.2e+02s total. Expected time remaining: 4.1e+01s
2020-07-28 02:55:03,561 - root - INFO - #177 MAX:accuracy.mean: 0.93
2020-07-28 02:55:03,603 - root - DEBUG - Sampled weight [2.10537201 0.84946321 1.72461721 1.47600661 1.92414128]
2020-07-28 02:55:04,742 - root - DEBUG - Updating hall of fame
2020-07-28 02:55:05,138 - root - INFO - Completed generation 178; 1.6s elapsed, 1.8s avg, 3.2e+02s total. Expected time remaining: 4e+01s
2020-07-28 02:55:05,191 - root - INFO - #178 MAX:accuracy.mean: 0.88
2020-07-28 02:55:05,233 - root - DEBUG - Sampled weight [1.18312412 0.61734352 0.68857094 2.10745919 0.47453907]
2020-07-28 02:55:06,357 - root - DEBUG - Updating hall of fame
2020-07-28 02:55:06,543 - root - INFO - Completed generation 179; 1.4s elapsed, 1.8s avg, 3.2e+02s total. Expected time remaining: 3.8e+01s
2020-07-28 02:55:06,596 - root - INFO - #179 MAX:accuracy.mean: 0.88
2020-07-28 02:55:06,638 - root - DEBUG - Sampled weight [1.32598992 0.81284451 0.63058744 0.91840162 0.77162092]
2020-07-28 02:55:07,754 - root - DEBUG - Updating hall of fame
2020-07-28 02:55:08,529 - root - INFO - Completed generation 180; 1.9s elapsed, 1.8s avg, 3.2e+02s total. Expected time remaining: 3.6e+01s
2020-07-28 02:55:08,583 - root - INFO - #180 MAX:accuracy.mean: 0.95
2020-07-28 02:55:08,699 - root - DEBUG - Sampled weight [1.39362329 0.97012052 0.56799679 0.81322961 0.84041352]
2020-07-28 02:55:09,847 - root - DEBUG - Updating hall of fame
2020-07-28 02:55:10,811 - root - INFO - Completed generation 181; 2.2s elapsed, 1.8s avg, 3.3e+02s total. Expected time remaining: 3.4e+01s
2020-07-28 02:55:10,865 - root - INFO - #181 MAX:accuracy.mean: 0.95
2020-07-28 02:55:10,906 - root - DEBUG - Sampled weight [0.57915127 1.4236783  0.56903698 0.96619513 0.35993069]
2020-07-28 02:55:12,030 - root - DEBUG - Updating hall of fame
2020-07-28 02:55:12,622 - root - INFO - Completed generation 182; 1.8s elapsed, 1.8s avg, 3.3e+02s total. Expected time remaining: 3.2e+01s
2020-07-28 02:55:12,675 - root - INFO - #182 MAX:accuracy.mean: 0.88
2020-07-28 02:55:12,716 - root - DEBUG - Sampled weight [1.03112807 0.4693922  0.68791606 1.44793322 0.21430417]
2020-07-28 02:55:13,836 - root - DEBUG - Updating hall of fame
2020-07-28 02:55:14,400 - root - INFO - Completed generation 183; 1.7s elapsed, 1.8s avg, 3.3e+02s total. Expected time remaining: 3.1e+01s
2020-07-28 02:55:14,454 - root - INFO - #183 MAX:accuracy.mean: 0.88
2020-07-28 02:55:14,496 - root - DEBUG - Sampled weight [1.38631741 1.58969906 0.77988537 0.59711645 0.7441356 ]
2020-07-28 02:55:15,599 - root - DEBUG - Updating hall of fame
2020-07-28 02:55:15,974 - root - INFO - Completed generation 184; 1.5s elapsed, 1.8s avg, 3.3e+02s total. Expected time remaining: 2.9e+01s
2020-07-28 02:55:16,027 - root - INFO - #184 MAX:accuracy.mean: 0.89
2020-07-28 02:55:16,069 - root - DEBUG - Sampled weight [0.87936315 0.5924003  0.82987632 1.63551118 0.48299531]
2020-07-28 02:55:17,178 - root - DEBUG - Updating hall of fame
2020-07-28 02:55:17,931 - root - INFO - Completed generation 185; 1.9s elapsed, 1.8s avg, 3.3e+02s total. Expected time remaining: 2.7e+01s
2020-07-28 02:55:17,986 - root - INFO - #185 MAX:accuracy.mean: 0.88
2020-07-28 02:55:18,028 - root - DEBUG - Sampled weight [1.47477872 1.57055706 1.61189193 0.90228152 0.88124799]
2020-07-28 02:55:19,152 - root - DEBUG - Updating hall of fame
2020-07-28 02:55:19,724 - root - INFO - Completed generation 186; 1.7s elapsed, 1.8s avg, 3.4e+02s total. Expected time remaining: 2.5e+01s
2020-07-28 02:55:19,778 - root - INFO - #186 MAX:accuracy.mean: 0.88
2020-07-28 02:55:19,820 - root - DEBUG - Sampled weight [1.3015768  1.0373021  0.71626587 0.82700135 1.61181106]
2020-07-28 02:55:20,936 - root - DEBUG - Updating hall of fame
2020-07-28 02:55:21,148 - root - INFO - Completed generation 187; 1.4s elapsed, 1.8s avg, 3.4e+02s total. Expected time remaining: 2.3e+01s
2020-07-28 02:55:21,202 - root - INFO - #187 MAX:accuracy.mean: 0.9
2020-07-28 02:55:21,244 - root - DEBUG - Sampled weight [0.4611682  0.82854062 0.9992436  1.45270675 1.64915107]
2020-07-28 02:55:22,374 - root - DEBUG - Updating hall of fame
2020-07-28 02:55:23,358 - root - INFO - Completed generation 188; 2.2s elapsed, 1.8s avg, 3.4e+02s total. Expected time remaining: 2.2e+01s
2020-07-28 02:55:23,412 - root - INFO - #188 MAX:accuracy.mean: 0.89
2020-07-28 02:55:23,454 - root - DEBUG - Sampled weight [1.81789996 0.39475545 0.57906213 1.78097987 0.96992359]
2020-07-28 02:55:24,610 - root - DEBUG - Updating hall of fame
2020-07-28 02:55:25,034 - root - INFO - Completed generation 189; 1.6s elapsed, 1.8s avg, 3.4e+02s total. Expected time remaining: 2e+01s
2020-07-28 02:55:25,088 - root - INFO - #189 MAX:accuracy.mean: 0.89
2020-07-28 02:55:25,131 - root - DEBUG - Sampled weight [0.84594547 0.95209162 0.86605303 0.74419017 0.64330428]
2020-07-28 02:55:26,255 - root - DEBUG - Updating hall of fame
2020-07-28 02:55:26,851 - root - INFO - Completed generation 190; 1.8s elapsed, 1.8s avg, 3.4e+02s total. Expected time remaining: 1.8e+01s
2020-07-28 02:55:26,905 - root - INFO - #190 MAX:accuracy.mean: 0.95
2020-07-28 02:55:27,087 - root - DEBUG - Sampled weight [0.76691579 0.93137109 0.26674893 1.32261136 1.36161578]
2020-07-28 02:55:28,241 - root - DEBUG - Updating hall of fame
2020-07-28 02:55:29,458 - root - INFO - Completed generation 191; 2.4s elapsed, 1.8s avg, 3.4e+02s total. Expected time remaining: 1.6e+01s
2020-07-28 02:55:29,512 - root - INFO - #191 MAX:accuracy.mean: 0.89
2020-07-28 02:55:29,554 - root - DEBUG - Sampled weight [0.49630992 0.84491121 0.44958073 0.5136961  1.51465243]
2020-07-28 02:55:30,669 - root - DEBUG - Updating hall of fame
2020-07-28 02:55:31,069 - root - INFO - Completed generation 192; 1.6s elapsed, 1.8s avg, 3.5e+02s total. Expected time remaining: 1.4e+01s
2020-07-28 02:55:31,123 - root - INFO - #192 MAX:accuracy.mean: 0.89
2020-07-28 02:55:31,165 - root - DEBUG - Sampled weight [3.15636799 2.59972013 0.72472569 1.2796568  0.50365117]
2020-07-28 02:55:32,292 - root - DEBUG - Updating hall of fame
2020-07-28 02:55:33,114 - root - INFO - Completed generation 193; 2.0s elapsed, 1.8s avg, 3.5e+02s total. Expected time remaining: 1.3e+01s
2020-07-28 02:55:33,168 - root - INFO - #193 MAX:accuracy.mean: 0.89
2020-07-28 02:55:33,210 - root - DEBUG - Sampled weight [0.80153412 0.37578739 1.84863366 0.39252153 1.03683853]
2020-07-28 02:55:34,323 - root - DEBUG - Updating hall of fame
2020-07-28 02:55:34,727 - root - INFO - Completed generation 194; 1.6s elapsed, 1.8s avg, 3.5e+02s total. Expected time remaining: 1.1e+01s
2020-07-28 02:55:34,781 - root - INFO - #194 MAX:accuracy.mean: 0.88
2020-07-28 02:55:34,822 - root - DEBUG - Sampled weight [0.70009917 0.75632609 0.88907774 1.3879789  0.81315407]
2020-07-28 02:55:35,941 - root - DEBUG - Updating hall of fame
2020-07-28 02:55:36,713 - root - INFO - Completed generation 195; 1.9s elapsed, 1.8s avg, 3.5e+02s total. Expected time remaining: 9.0s
2020-07-28 02:55:36,768 - root - INFO - #195 MAX:accuracy.mean: 0.95
2020-07-28 02:55:36,810 - root - DEBUG - Sampled weight [1.48781339 1.53264947 0.9717031  1.03147641 0.73968695]
2020-07-28 02:55:37,962 - root - DEBUG - Updating hall of fame
2020-07-28 02:55:38,743 - root - INFO - Completed generation 196; 2.0s elapsed, 1.8s avg, 3.5e+02s total. Expected time remaining: 7.2s
2020-07-28 02:55:38,797 - root - INFO - #196 MAX:accuracy.mean: 0.94
2020-07-28 02:55:38,839 - root - DEBUG - Sampled weight [1.36351536 0.48588121 1.87535109 0.41758813 1.10527531]
2020-07-28 02:55:39,953 - root - DEBUG - Updating hall of fame
2020-07-28 02:55:40,372 - root - INFO - Completed generation 197; 1.6s elapsed, 1.8s avg, 3.5e+02s total. Expected time remaining: 5.4s
2020-07-28 02:55:40,425 - root - INFO - #197 MAX:accuracy.mean: 0.89
2020-07-28 02:55:40,467 - root - DEBUG - Sampled weight [0.57608651 0.80759389 1.82912344 0.94097682 0.94372703]
2020-07-28 02:55:41,594 - root - DEBUG - Updating hall of fame
2020-07-28 02:55:42,173 - root - INFO - Completed generation 198; 1.7s elapsed, 1.8s avg, 3.6e+02s total. Expected time remaining: 3.6s
2020-07-28 02:55:42,226 - root - INFO - #198 MAX:accuracy.mean: 0.9
2020-07-28 02:55:42,269 - root - DEBUG - Sampled weight [1.17195046 1.32469219 0.99078439 2.03611228 0.70550141]
2020-07-28 02:55:43,390 - root - DEBUG - Updating hall of fame
2020-07-28 02:55:44,355 - root - INFO - Completed generation 199; 2.1s elapsed, 1.8s avg, 3.6e+02s total. Expected time remaining: 1.8s
2020-07-28 02:55:44,409 - root - INFO - #199 MAX:accuracy.mean: 0.91
2020-07-28 02:55:44,451 - root - DEBUG - Sampled weight [3.91508807 0.78532917 0.61596697 0.50282172 0.95569911]
2020-07-28 02:55:45,621 - root - DEBUG - Updating hall of fame
2020-07-28 02:55:46,237 - root - INFO - Completed generation 200; 1.8s elapsed, 1.8s avg, 3.6e+02s total. Expected time remaining: 0.0s
2020-07-28 02:55:46,292 - root - INFO - #200 MAX:accuracy.mean: 0.9
2020-07-28 02:55:46,451 - root - DEBUG - Loaded 150 samples.
2020-07-28 02:55:46,457 - root - INFO - Evaluating indivs in hall of fame.
2020-07-28 02:55:48,489 - root - INFO - Completed excution.
