2020-05-01 23:42:26,724 - root - INFO - Package version 0.1a0
2020-05-01 23:42:26,725 - root - INFO - Saving data at /vol/fob-vol1/mi15/plonerma/Lab/rewann/data/2020-05-01_Iris Uniform Distribution [1, 17] run 7_000.
2020-05-01 23:42:26,825 - root - INFO - Starting evolutionary algorithm
2020-05-01 23:42:30,730 - root - INFO - Completed generation 1; 3.9s elapsed, 3.9s avg, 3.9s total. Expected time remaining: 7.8e+02s
2020-05-01 23:42:30,824 - root - INFO - #1 mean, min log_loss: 1.2, 1.1
2020-05-01 23:42:34,000 - root - INFO - Completed generation 2; 3.2s elapsed, 3.5s avg, 7.1s total. Expected time remaining: 7e+02s
2020-05-01 23:42:34,069 - root - INFO - #2 mean, min log_loss: 1.2, 1.1
2020-05-01 23:42:36,880 - root - INFO - Completed generation 3; 2.8s elapsed, 3.3s avg, 9.9s total. Expected time remaining: 6.5e+02s
2020-05-01 23:42:36,948 - root - INFO - #3 mean, min log_loss: 1.2, 1.1
2020-05-01 23:42:39,842 - root - INFO - Completed generation 4; 2.9s elapsed, 3.2s avg, 1.3e+01s total. Expected time remaining: 6.3e+02s
2020-05-01 23:42:39,910 - root - INFO - #4 mean, min log_loss: 1.2, 1.1
2020-05-01 23:42:42,765 - root - INFO - Completed generation 5; 2.9s elapsed, 3.1s avg, 1.6e+01s total. Expected time remaining: 6.1e+02s
2020-05-01 23:42:42,857 - root - INFO - #5 mean, min log_loss: 1.2, 1.1
2020-05-01 23:42:45,682 - root - INFO - Completed generation 6; 2.8s elapsed, 3.1s avg, 1.8e+01s total. Expected time remaining: 6e+02s
2020-05-01 23:42:45,788 - root - INFO - #6 mean, min log_loss: 1.2, 1.1
2020-05-01 23:42:48,876 - root - INFO - Completed generation 7; 3.1s elapsed, 3.1s avg, 2.2e+01s total. Expected time remaining: 5.9e+02s
2020-05-01 23:42:48,977 - root - INFO - #7 mean, min log_loss: 1.2, 1.1
2020-05-01 23:42:51,862 - root - INFO - Completed generation 8; 2.9s elapsed, 3.1s avg, 2.4e+01s total. Expected time remaining: 5.9e+02s
2020-05-01 23:42:51,930 - root - INFO - #8 mean, min log_loss: 1.2, 1.1
2020-05-01 23:42:54,890 - root - INFO - Completed generation 9; 3.0s elapsed, 3.0s avg, 2.7e+01s total. Expected time remaining: 5.8e+02s
2020-05-01 23:42:54,958 - root - INFO - #9 mean, min log_loss: 1.2, 1.1
2020-05-01 23:42:57,829 - root - INFO - Completed generation 10; 2.9s elapsed, 3.0s avg, 3e+01s total. Expected time remaining: 5.8e+02s
2020-05-01 23:42:57,897 - root - INFO - #10 mean, min log_loss: 1.2, 1.1
2020-05-01 23:43:00,997 - root - INFO - Completed generation 11; 3.0s elapsed, 3.0s avg, 3.3e+01s total. Expected time remaining: 5.7e+02s
2020-05-01 23:43:01,065 - root - INFO - #11 mean, min log_loss: 1.2, 1.1
2020-05-01 23:43:04,041 - root - INFO - Completed generation 12; 3.0s elapsed, 3.0s avg, 3.6e+01s total. Expected time remaining: 5.7e+02s
2020-05-01 23:43:04,150 - root - INFO - #12 mean, min log_loss: 1.2, 1.1
2020-05-01 23:43:07,106 - root - INFO - Completed generation 13; 3.0s elapsed, 3.0s avg, 3.9e+01s total. Expected time remaining: 5.6e+02s
2020-05-01 23:43:07,198 - root - INFO - #13 mean, min log_loss: 1.2, 1.1
2020-05-01 23:43:10,044 - root - INFO - Completed generation 14; 2.8s elapsed, 3.0s avg, 4.2e+01s total. Expected time remaining: 5.6e+02s
2020-05-01 23:43:10,113 - root - INFO - #14 mean, min log_loss: 1.2, 1.1
2020-05-01 23:43:13,224 - root - INFO - Completed generation 15; 3.1s elapsed, 3.0s avg, 4.5e+01s total. Expected time remaining: 5.6e+02s
2020-05-01 23:43:13,294 - root - INFO - #15 mean, min log_loss: 1.2, 1.1
2020-05-01 23:43:16,265 - root - INFO - Completed generation 16; 3.0s elapsed, 3.0s avg, 4.8e+01s total. Expected time remaining: 5.5e+02s
2020-05-01 23:43:16,359 - root - INFO - #16 mean, min log_loss: 1.2, 1.1
2020-05-01 23:43:19,252 - root - INFO - Completed generation 17; 2.9s elapsed, 3.0s avg, 5.1e+01s total. Expected time remaining: 5.5e+02s
2020-05-01 23:43:19,320 - root - INFO - #17 mean, min log_loss: 1.2, 1.1
2020-05-01 23:43:22,306 - root - INFO - Completed generation 18; 3.0s elapsed, 3.0s avg, 5.4e+01s total. Expected time remaining: 5.5e+02s
2020-05-01 23:43:22,376 - root - INFO - #18 mean, min log_loss: 1.2, 1.1
2020-05-01 23:43:25,475 - root - INFO - Completed generation 19; 3.1s elapsed, 3.0s avg, 5.7e+01s total. Expected time remaining: 5.4e+02s
2020-05-01 23:43:25,545 - root - INFO - #19 mean, min log_loss: 1.2, 1.1
2020-05-01 23:43:28,640 - root - INFO - Completed generation 20; 3.1s elapsed, 3.0s avg, 6e+01s total. Expected time remaining: 5.4e+02s
2020-05-01 23:43:28,709 - root - INFO - #20 mean, min log_loss: 1.2, 1.1
2020-05-01 23:43:31,670 - root - INFO - Completed generation 21; 2.9s elapsed, 3.0s avg, 6.3e+01s total. Expected time remaining: 5.4e+02s
2020-05-01 23:43:31,736 - root - INFO - #21 mean, min log_loss: 1.2, 1.1
2020-05-01 23:43:34,644 - root - INFO - Completed generation 22; 2.9s elapsed, 3.0s avg, 6.6e+01s total. Expected time remaining: 5.3e+02s
2020-05-01 23:43:34,710 - root - INFO - #22 mean, min log_loss: 1.2, 1.1
2020-05-01 23:43:37,457 - root - INFO - Completed generation 23; 2.7s elapsed, 3.0s avg, 6.9e+01s total. Expected time remaining: 5.3e+02s
2020-05-01 23:43:37,524 - root - INFO - #23 mean, min log_loss: 1.2, 1.1
2020-05-01 23:43:40,435 - root - INFO - Completed generation 24; 2.9s elapsed, 3.0s avg, 7.2e+01s total. Expected time remaining: 5.3e+02s
2020-05-01 23:43:40,503 - root - INFO - #24 mean, min log_loss: 1.2, 1.1
2020-05-01 23:43:43,618 - root - INFO - Completed generation 25; 3.1s elapsed, 3.0s avg, 7.5e+01s total. Expected time remaining: 5.2e+02s
2020-05-01 23:43:43,686 - root - INFO - #25 mean, min log_loss: 1.2, 1.1
2020-05-01 23:43:46,451 - root - INFO - Completed generation 26; 2.8s elapsed, 3.0s avg, 7.8e+01s total. Expected time remaining: 5.2e+02s
2020-05-01 23:43:46,518 - root - INFO - #26 mean, min log_loss: 1.2, 1.1
2020-05-01 23:43:49,375 - root - INFO - Completed generation 27; 2.9s elapsed, 3.0s avg, 8e+01s total. Expected time remaining: 5.2e+02s
2020-05-01 23:43:49,442 - root - INFO - #27 mean, min log_loss: 1.2, 1.1
2020-05-01 23:43:52,734 - root - INFO - Completed generation 28; 3.3s elapsed, 3.0s avg, 8.4e+01s total. Expected time remaining: 5.1e+02s
2020-05-01 23:43:52,802 - root - INFO - #28 mean, min log_loss: 1.2, 1.1
2020-05-01 23:43:56,502 - root - INFO - Completed generation 29; 3.7s elapsed, 3.0s avg, 8.7e+01s total. Expected time remaining: 5.2e+02s
2020-05-01 23:43:56,570 - root - INFO - #29 mean, min log_loss: 1.2, 1.1
2020-05-01 23:43:57,966 - root - INFO - Completed generation 30; 1.4s elapsed, 3.0s avg, 8.9e+01s total. Expected time remaining: 5e+02s
2020-05-01 23:43:58,036 - root - INFO - #30 mean, min log_loss: 1.2, 1.1
2020-05-01 23:43:59,161 - root - INFO - Completed generation 31; 1.1s elapsed, 2.9s avg, 9e+01s total. Expected time remaining: 4.9e+02s
2020-05-01 23:43:59,231 - root - INFO - #31 mean, min log_loss: 1.2, 1.1
2020-05-01 23:44:00,273 - root - INFO - Completed generation 32; 1.0s elapsed, 2.8s avg, 9.1e+01s total. Expected time remaining: 4.8e+02s
2020-05-01 23:44:00,343 - root - INFO - #32 mean, min log_loss: 1.2, 1.1
2020-05-01 23:44:01,341 - root - INFO - Completed generation 33; 1.0s elapsed, 2.8s avg, 9.2e+01s total. Expected time remaining: 4.7e+02s
2020-05-01 23:44:01,437 - root - INFO - #33 mean, min log_loss: 1.2, 1.1
2020-05-01 23:44:02,488 - root - INFO - Completed generation 34; 1.1s elapsed, 2.7s avg, 9.3e+01s total. Expected time remaining: 4.5e+02s
2020-05-01 23:44:02,579 - root - INFO - #34 mean, min log_loss: 1.2, 1.1
2020-05-01 23:44:03,869 - root - INFO - Completed generation 35; 1.3s elapsed, 2.7s avg, 9.4e+01s total. Expected time remaining: 4.4e+02s
2020-05-01 23:44:03,937 - root - INFO - #35 mean, min log_loss: 1.2, 1.1
2020-05-01 23:44:04,911 - root - INFO - Completed generation 36; 0.97s elapsed, 2.6s avg, 9.5e+01s total. Expected time remaining: 4.3e+02s
2020-05-01 23:44:04,978 - root - INFO - #36 mean, min log_loss: 1.2, 1.1
2020-05-01 23:44:05,965 - root - INFO - Completed generation 37; 0.99s elapsed, 2.6s avg, 9.6e+01s total. Expected time remaining: 4.2e+02s
2020-05-01 23:44:06,093 - root - INFO - #37 mean, min log_loss: 1.2, 1.1
2020-05-01 23:44:07,151 - root - INFO - Completed generation 38; 1.1s elapsed, 2.6s avg, 9.7e+01s total. Expected time remaining: 4.1e+02s
2020-05-01 23:44:07,248 - root - INFO - #38 mean, min log_loss: 1.2, 1.1
2020-05-01 23:44:08,269 - root - INFO - Completed generation 39; 1.0s elapsed, 2.5s avg, 9.8e+01s total. Expected time remaining: 4.1e+02s
2020-05-01 23:44:08,338 - root - INFO - #39 mean, min log_loss: 1.2, 1.1
2020-05-01 23:44:09,411 - root - INFO - Completed generation 40; 1.1s elapsed, 2.5s avg, 9.9e+01s total. Expected time remaining: 4e+02s
2020-05-01 23:44:09,478 - root - INFO - #40 mean, min log_loss: 1.2, 1.1
2020-05-01 23:44:10,623 - root - INFO - Completed generation 41; 1.1s elapsed, 2.5s avg, 1e+02s total. Expected time remaining: 3.9e+02s
2020-05-01 23:44:10,690 - root - INFO - #41 mean, min log_loss: 1.2, 1.1
2020-05-01 23:44:11,689 - root - INFO - Completed generation 42; 1.0s elapsed, 2.4s avg, 1e+02s total. Expected time remaining: 3.8e+02s
2020-05-01 23:44:11,758 - root - INFO - #42 mean, min log_loss: 1.2, 1.1
2020-05-01 23:44:12,814 - root - INFO - Completed generation 43; 1.1s elapsed, 2.4s avg, 1e+02s total. Expected time remaining: 3.7e+02s
2020-05-01 23:44:12,883 - root - INFO - #43 mean, min log_loss: 1.2, 1.1
2020-05-01 23:44:13,969 - root - INFO - Completed generation 44; 1.1s elapsed, 2.4s avg, 1e+02s total. Expected time remaining: 3.7e+02s
2020-05-01 23:44:14,038 - root - INFO - #44 mean, min log_loss: 1.2, 1.1
2020-05-01 23:44:15,043 - root - INFO - Completed generation 45; 1.0s elapsed, 2.3s avg, 1e+02s total. Expected time remaining: 3.6e+02s
2020-05-01 23:44:15,113 - root - INFO - #45 mean, min log_loss: 1.2, 1.1
2020-05-01 23:44:16,158 - root - INFO - Completed generation 46; 1.0s elapsed, 2.3s avg, 1.1e+02s total. Expected time remaining: 3.5e+02s
2020-05-01 23:44:16,227 - root - INFO - #46 mean, min log_loss: 1.2, 1.1
2020-05-01 23:44:17,270 - root - INFO - Completed generation 47; 1.0s elapsed, 2.3s avg, 1.1e+02s total. Expected time remaining: 3.5e+02s
2020-05-01 23:44:17,338 - root - INFO - #47 mean, min log_loss: 1.2, 1.1
2020-05-01 23:44:18,415 - root - INFO - Completed generation 48; 1.1s elapsed, 2.2s avg, 1.1e+02s total. Expected time remaining: 3.4e+02s
2020-05-01 23:44:18,485 - root - INFO - #48 mean, min log_loss: 1.2, 1.1
2020-05-01 23:44:19,551 - root - INFO - Completed generation 49; 1.1s elapsed, 2.2s avg, 1.1e+02s total. Expected time remaining: 3.4e+02s
2020-05-01 23:44:19,621 - root - INFO - #49 mean, min log_loss: 1.2, 1.1
2020-05-01 23:44:20,819 - root - INFO - Completed generation 50; 1.2s elapsed, 2.2s avg, 1.1e+02s total. Expected time remaining: 3.3e+02s
2020-05-01 23:44:20,887 - root - INFO - #50 mean, min log_loss: 1.2, 1.1
2020-05-01 23:44:21,981 - root - INFO - Completed generation 51; 1.1s elapsed, 2.2s avg, 1.1e+02s total. Expected time remaining: 3.2e+02s
2020-05-01 23:44:22,050 - root - INFO - #51 mean, min log_loss: 1.2, 1.1
2020-05-01 23:44:23,133 - root - INFO - Completed generation 52; 1.1s elapsed, 2.2s avg, 1.1e+02s total. Expected time remaining: 3.2e+02s
2020-05-01 23:44:23,203 - root - INFO - #52 mean, min log_loss: 1.2, 1.1
2020-05-01 23:44:24,442 - root - INFO - Completed generation 53; 1.2s elapsed, 2.1s avg, 1.1e+02s total. Expected time remaining: 3.1e+02s
2020-05-01 23:44:24,534 - root - INFO - #53 mean, min log_loss: 1.2, 1.1
2020-05-01 23:44:25,725 - root - INFO - Completed generation 54; 1.2s elapsed, 2.1s avg, 1.1e+02s total. Expected time remaining: 3.1e+02s
2020-05-01 23:44:25,828 - root - INFO - #54 mean, min log_loss: 1.2, 1.1
2020-05-01 23:44:26,856 - root - INFO - Completed generation 55; 1.0s elapsed, 2.1s avg, 1.2e+02s total. Expected time remaining: 3e+02s
2020-05-01 23:44:26,951 - root - INFO - #55 mean, min log_loss: 1.2, 1.1
2020-05-01 23:44:27,989 - root - INFO - Completed generation 56; 1.0s elapsed, 2.1s avg, 1.2e+02s total. Expected time remaining: 3e+02s
2020-05-01 23:44:28,060 - root - INFO - #56 mean, min log_loss: 1.2, 1.1
2020-05-01 23:44:29,126 - root - INFO - Completed generation 57; 1.1s elapsed, 2.1s avg, 1.2e+02s total. Expected time remaining: 3e+02s
2020-05-01 23:44:29,195 - root - INFO - #57 mean, min log_loss: 1.2, 1.1
2020-05-01 23:44:30,267 - root - INFO - Completed generation 58; 1.1s elapsed, 2.0s avg, 1.2e+02s total. Expected time remaining: 2.9e+02s
2020-05-01 23:44:30,337 - root - INFO - #58 mean, min log_loss: 1.2, 1.1
2020-05-01 23:44:31,388 - root - INFO - Completed generation 59; 1.1s elapsed, 2.0s avg, 1.2e+02s total. Expected time remaining: 2.9e+02s
2020-05-01 23:44:31,459 - root - INFO - #59 mean, min log_loss: 1.2, 1.1
2020-05-01 23:44:32,628 - root - INFO - Completed generation 60; 1.2s elapsed, 2.0s avg, 1.2e+02s total. Expected time remaining: 2.8e+02s
2020-05-01 23:44:32,697 - root - INFO - #60 mean, min log_loss: 1.2, 1.1
2020-05-01 23:44:33,809 - root - INFO - Completed generation 61; 1.0s elapsed, 2.0s avg, 1.2e+02s total. Expected time remaining: 2.8e+02s
2020-05-01 23:44:33,878 - root - INFO - #61 mean, min log_loss: 1.2, 1.1
2020-05-01 23:44:34,935 - root - INFO - Completed generation 62; 1.1s elapsed, 2.0s avg, 1.2e+02s total. Expected time remaining: 2.7e+02s
2020-05-01 23:44:35,007 - root - INFO - #62 mean, min log_loss: 1.2, 1.1
2020-05-01 23:44:36,075 - root - INFO - Completed generation 63; 1.1s elapsed, 2.0s avg, 1.2e+02s total. Expected time remaining: 2.7e+02s
2020-05-01 23:44:36,149 - root - INFO - #63 mean, min log_loss: 1.2, 1.1
2020-05-01 23:44:37,152 - root - INFO - Completed generation 64; 1.0s elapsed, 2.0s avg, 1.3e+02s total. Expected time remaining: 2.7e+02s
2020-05-01 23:44:37,222 - root - INFO - #64 mean, min log_loss: 1.2, 1.1
2020-05-01 23:44:38,240 - root - INFO - Completed generation 65; 1.0s elapsed, 1.9s avg, 1.3e+02s total. Expected time remaining: 2.6e+02s
2020-05-01 23:44:38,340 - root - INFO - #65 mean, min log_loss: 1.2, 1.1
2020-05-01 23:44:39,502 - root - INFO - Completed generation 66; 1.2s elapsed, 1.9s avg, 1.3e+02s total. Expected time remaining: 2.6e+02s
2020-05-01 23:44:39,570 - root - INFO - #66 mean, min log_loss: 1.2, 1.1
2020-05-01 23:44:40,588 - root - INFO - Completed generation 67; 1.0s elapsed, 1.9s avg, 1.3e+02s total. Expected time remaining: 2.5e+02s
2020-05-01 23:44:40,657 - root - INFO - #67 mean, min log_loss: 1.2, 1.1
2020-05-01 23:44:41,680 - root - INFO - Completed generation 68; 1.0s elapsed, 1.9s avg, 1.3e+02s total. Expected time remaining: 2.5e+02s
2020-05-01 23:44:41,765 - root - INFO - #68 mean, min log_loss: 1.2, 1.1
2020-05-01 23:44:42,817 - root - INFO - Completed generation 69; 1.1s elapsed, 1.9s avg, 1.3e+02s total. Expected time remaining: 2.5e+02s
2020-05-01 23:44:42,886 - root - INFO - #69 mean, min log_loss: 1.2, 1.1
2020-05-01 23:44:43,916 - root - INFO - Completed generation 70; 1.0s elapsed, 1.9s avg, 1.3e+02s total. Expected time remaining: 2.4e+02s
2020-05-01 23:44:43,987 - root - INFO - #70 mean, min log_loss: 1.2, 1.1
2020-05-01 23:44:47,155 - root - INFO - Completed generation 71; 3.1s elapsed, 1.9s avg, 1.3e+02s total. Expected time remaining: 2.4e+02s
2020-05-01 23:44:47,223 - root - INFO - #71 mean, min log_loss: 1.2, 1.1
2020-05-01 23:44:49,986 - root - INFO - Completed generation 72; 2.8s elapsed, 1.9s avg, 1.4e+02s total. Expected time remaining: 2.4e+02s
2020-05-01 23:44:50,052 - root - INFO - #72 mean, min log_loss: 1.2, 1.1
2020-05-01 23:44:52,899 - root - INFO - Completed generation 73; 2.8s elapsed, 1.9s avg, 1.4e+02s total. Expected time remaining: 2.4e+02s
2020-05-01 23:44:52,967 - root - INFO - #73 mean, min log_loss: 1.2, 1.1
2020-05-01 23:44:55,958 - root - INFO - Completed generation 74; 3.0s elapsed, 1.9s avg, 1.4e+02s total. Expected time remaining: 2.4e+02s
2020-05-01 23:44:56,027 - root - INFO - #74 mean, min log_loss: 1.2, 1.1
2020-05-01 23:44:58,889 - root - INFO - Completed generation 75; 2.9s elapsed, 1.9s avg, 1.5e+02s total. Expected time remaining: 2.4e+02s
2020-05-01 23:44:58,956 - root - INFO - #75 mean, min log_loss: 1.2, 1.1
2020-05-01 23:45:01,826 - root - INFO - Completed generation 76; 2.9s elapsed, 2.0s avg, 1.5e+02s total. Expected time remaining: 2.4e+02s
2020-05-01 23:45:01,894 - root - INFO - #76 mean, min log_loss: 1.2, 1.1
2020-05-01 23:45:04,724 - root - INFO - Completed generation 77; 2.8s elapsed, 2.0s avg, 1.5e+02s total. Expected time remaining: 2.4e+02s
2020-05-01 23:45:04,833 - root - INFO - #77 mean, min log_loss: 1.2, 1.1
2020-05-01 23:45:06,083 - root - INFO - Completed generation 78; 1.2s elapsed, 2.0s avg, 1.5e+02s total. Expected time remaining: 2.4e+02s
2020-05-01 23:45:06,151 - root - INFO - #78 mean, min log_loss: 2.1e+01, 1.1
2020-05-01 23:45:07,123 - root - INFO - Completed generation 79; 0.97s elapsed, 1.9s avg, 1.5e+02s total. Expected time remaining: 2.4e+02s
2020-05-01 23:45:07,190 - root - INFO - #79 mean, min log_loss: 2.3e+01, 1.1
2020-05-01 23:45:08,258 - root - INFO - Completed generation 80; 1.1s elapsed, 1.9s avg, 1.6e+02s total. Expected time remaining: 2.3e+02s
2020-05-01 23:45:08,333 - root - INFO - #80 mean, min log_loss: 1e+01, 1.1
2020-05-01 23:45:09,467 - root - INFO - Completed generation 81; 1.1s elapsed, 1.9s avg, 1.6e+02s total. Expected time remaining: 2.3e+02s
2020-05-01 23:45:09,535 - root - INFO - #81 mean, min log_loss: 1.7e+01, 1.1
2020-05-01 23:45:10,603 - root - INFO - Completed generation 82; 1.1s elapsed, 1.9s avg, 1.6e+02s total. Expected time remaining: 2.3e+02s
2020-05-01 23:45:10,672 - root - INFO - #82 mean, min log_loss: 1.2, 1.1
2020-05-01 23:45:11,855 - root - INFO - Completed generation 83; 1.2s elapsed, 1.9s avg, 1.6e+02s total. Expected time remaining: 2.2e+02s
2020-05-01 23:45:11,923 - root - INFO - #83 mean, min log_loss: 5.6, 1.1
2020-05-01 23:45:12,925 - root - INFO - Completed generation 84; 1.0s elapsed, 1.9s avg, 1.6e+02s total. Expected time remaining: 2.2e+02s
2020-05-01 23:45:12,995 - root - INFO - #84 mean, min log_loss: 1.5e+01, 1.1
2020-05-01 23:45:15,536 - root - INFO - Completed generation 85; 2.5s elapsed, 1.9s avg, 1.6e+02s total. Expected time remaining: 2.2e+02s
2020-05-01 23:45:15,607 - root - INFO - #85 mean, min log_loss: 1e+01, 1.1
2020-05-01 23:45:18,175 - root - INFO - Completed generation 86; 2.6s elapsed, 1.9s avg, 1.6e+02s total. Expected time remaining: 2.2e+02s
2020-05-01 23:45:18,245 - root - INFO - #86 mean, min log_loss: 1.2e+01, 1.1
2020-05-01 23:45:21,406 - root - INFO - Completed generation 87; 3.2s elapsed, 1.9s avg, 1.7e+02s total. Expected time remaining: 2.2e+02s
2020-05-01 23:45:21,519 - root - INFO - #87 mean, min log_loss: 1e+01, 1.1
2020-05-01 23:45:24,527 - root - INFO - Completed generation 88; 3.0s elapsed, 1.9s avg, 1.7e+02s total. Expected time remaining: 2.2e+02s
2020-05-01 23:45:24,597 - root - INFO - #88 mean, min log_loss: 1e+01, 1.1
2020-05-01 23:45:27,487 - root - INFO - Completed generation 89; 2.9s elapsed, 2.0s avg, 1.7e+02s total. Expected time remaining: 2.2e+02s
2020-05-01 23:45:27,576 - root - INFO - #89 mean, min log_loss: 5.9, 1.1
2020-05-01 23:45:30,570 - root - INFO - Completed generation 90; 3.0s elapsed, 2.0s avg, 1.8e+02s total. Expected time remaining: 2.2e+02s
2020-05-01 23:45:30,637 - root - INFO - #90 mean, min log_loss: 2e+01, 1.1
2020-05-01 23:45:33,619 - root - INFO - Completed generation 91; 2.9s elapsed, 2.0s avg, 1.8e+02s total. Expected time remaining: 2.1e+02s
2020-05-01 23:45:33,688 - root - INFO - #91 mean, min log_loss: 1.2e+01, 1.1
2020-05-01 23:45:36,491 - root - INFO - Completed generation 92; 2.8s elapsed, 2.0s avg, 1.8e+02s total. Expected time remaining: 2.1e+02s
2020-05-01 23:45:36,558 - root - INFO - #92 mean, min log_loss: 2.2e+01, 1.1
2020-05-01 23:45:39,412 - root - INFO - Completed generation 93; 2.9s elapsed, 2.0s avg, 1.9e+02s total. Expected time remaining: 2.1e+02s
2020-05-01 23:45:39,480 - root - INFO - #93 mean, min log_loss: 1.2, 1.1
2020-05-01 23:45:42,389 - root - INFO - Completed generation 94; 2.9s elapsed, 2.0s avg, 1.9e+02s total. Expected time remaining: 2.1e+02s
2020-05-01 23:45:42,457 - root - INFO - #94 mean, min log_loss: 1.5e+01, 1.1
2020-05-01 23:45:45,308 - root - INFO - Completed generation 95; 2.9s elapsed, 2.0s avg, 1.9e+02s total. Expected time remaining: 2.1e+02s
2020-05-01 23:45:45,375 - root - INFO - #95 mean, min log_loss: 1.1e+01, 1.1
2020-05-01 23:45:48,293 - root - INFO - Completed generation 96; 2.9s elapsed, 2.0s avg, 1.9e+02s total. Expected time remaining: 2.1e+02s
2020-05-01 23:45:48,360 - root - INFO - #96 mean, min log_loss: 1.8e+01, 1.1
2020-05-01 23:45:51,242 - root - INFO - Completed generation 97; 2.9s elapsed, 2.0s avg, 2e+02s total. Expected time remaining: 2.1e+02s
2020-05-01 23:45:51,310 - root - INFO - #97 mean, min log_loss: 1.7e+01, 1.1
2020-05-01 23:45:54,363 - root - INFO - Completed generation 98; 3.1s elapsed, 2.0s avg, 2e+02s total. Expected time remaining: 2.1e+02s
2020-05-01 23:45:54,470 - root - INFO - #98 mean, min log_loss: 2.2e+01, 1.1
2020-05-01 23:45:57,767 - root - INFO - Completed generation 99; 3.3s elapsed, 2.1s avg, 2e+02s total. Expected time remaining: 2.1e+02s
2020-05-01 23:45:57,834 - root - INFO - #99 mean, min log_loss: 8.6, 1.1
2020-05-01 23:46:00,628 - root - INFO - Completed generation 100; 2.8s elapsed, 2.1s avg, 2.1e+02s total. Expected time remaining: 2.1e+02s
2020-05-01 23:46:00,694 - root - INFO - #100 mean, min log_loss: 1.2, 1.1
2020-05-01 23:46:03,874 - root - INFO - Completed generation 101; 3.1s elapsed, 2.1s avg, 2.1e+02s total. Expected time remaining: 2e+02s
2020-05-01 23:46:03,942 - root - INFO - #101 mean, min log_loss: 3.0, 1.1
2020-05-01 23:46:06,851 - root - INFO - Completed generation 102; 2.9s elapsed, 2.1s avg, 2.1e+02s total. Expected time remaining: 2e+02s
2020-05-01 23:46:06,921 - root - INFO - #102 mean, min log_loss: 6.6, 1.1
2020-05-01 23:46:09,853 - root - INFO - Completed generation 103; 2.9s elapsed, 2.1s avg, 2.1e+02s total. Expected time remaining: 2e+02s
2020-05-01 23:46:09,941 - root - INFO - #103 mean, min log_loss: 1.6e+01, 1.1
2020-05-01 23:46:12,849 - root - INFO - Completed generation 104; 2.9s elapsed, 2.1s avg, 2.2e+02s total. Expected time remaining: 2e+02s
2020-05-01 23:46:12,917 - root - INFO - #104 mean, min log_loss: 1.1e+01, 1.1
2020-05-01 23:46:16,063 - root - INFO - Completed generation 105; 3.1s elapsed, 2.1s avg, 2.2e+02s total. Expected time remaining: 2e+02s
2020-05-01 23:46:16,129 - root - INFO - #105 mean, min log_loss: 1.5e+01, 1.1
2020-05-01 23:46:17,530 - root - INFO - Completed generation 106; 1.4s elapsed, 2.1s avg, 2.2e+02s total. Expected time remaining: 2e+02s
2020-05-01 23:46:17,598 - root - INFO - #106 mean, min log_loss: 7.0, 1.1
2020-05-01 23:46:18,657 - root - INFO - Completed generation 107; 1.1s elapsed, 2.1s avg, 2.2e+02s total. Expected time remaining: 1.9e+02s
2020-05-01 23:46:18,739 - root - INFO - #107 mean, min log_loss: 8.6, 1.1
2020-05-01 23:46:19,732 - root - INFO - Completed generation 108; 0.99s elapsed, 2.1s avg, 2.2e+02s total. Expected time remaining: 1.9e+02s
2020-05-01 23:46:19,800 - root - INFO - #108 mean, min log_loss: 1.1e+01, 1.1
2020-05-01 23:46:21,062 - root - INFO - Completed generation 109; 1.3s elapsed, 2.1s avg, 2.3e+02s total. Expected time remaining: 1.9e+02s
2020-05-01 23:46:21,157 - root - INFO - #109 mean, min log_loss: 2.1e+01, 1.1
2020-05-01 23:46:22,127 - root - INFO - Completed generation 110; 0.97s elapsed, 2.1s avg, 2.3e+02s total. Expected time remaining: 1.9e+02s
2020-05-01 23:46:22,193 - root - INFO - #110 mean, min log_loss: 1.3e+01, 1.1
2020-05-01 23:46:23,311 - root - INFO - Completed generation 111; 0.97s elapsed, 2.0s avg, 2.3e+02s total. Expected time remaining: 1.8e+02s
2020-05-01 23:46:23,377 - root - INFO - #111 mean, min log_loss: 2.3e+01, 1.1
2020-05-01 23:46:24,381 - root - INFO - Completed generation 112; 1.0s elapsed, 2.0s avg, 2.3e+02s total. Expected time remaining: 1.8e+02s
2020-05-01 23:46:24,478 - root - INFO - #112 mean, min log_loss: 2e+01, 1.1
2020-05-01 23:46:25,476 - root - INFO - Completed generation 113; 1.0s elapsed, 2.0s avg, 2.3e+02s total. Expected time remaining: 1.8e+02s
2020-05-01 23:46:25,544 - root - INFO - #113 mean, min log_loss: 1.2e+01, 1.1
2020-05-01 23:46:26,507 - root - INFO - Completed generation 114; 0.96s elapsed, 2.0s avg, 2.3e+02s total. Expected time remaining: 1.7e+02s
2020-05-01 23:46:26,573 - root - INFO - #114 mean, min log_loss: 7.9, 1.1
2020-05-01 23:46:27,573 - root - INFO - Completed generation 115; 1.0s elapsed, 2.0s avg, 2.3e+02s total. Expected time remaining: 1.7e+02s
2020-05-01 23:46:27,640 - root - INFO - #115 mean, min log_loss: 1.9e+01, 1.1
2020-05-01 23:46:28,618 - root - INFO - Completed generation 116; 0.98s elapsed, 2.0s avg, 2.3e+02s total. Expected time remaining: 1.7e+02s
2020-05-01 23:46:28,686 - root - INFO - #116 mean, min log_loss: 9.8, 1.1
2020-05-01 23:46:29,692 - root - INFO - Completed generation 117; 1.0s elapsed, 2.0s avg, 2.3e+02s total. Expected time remaining: 1.7e+02s
2020-05-01 23:46:29,778 - root - INFO - #117 mean, min log_loss: 2.2e+01, 1.1
2020-05-01 23:46:30,782 - root - INFO - Completed generation 118; 1.0s elapsed, 2.0s avg, 2.3e+02s total. Expected time remaining: 1.6e+02s
2020-05-01 23:46:30,852 - root - INFO - #118 mean, min log_loss: 1.2e+01, 1.1
2020-05-01 23:46:31,837 - root - INFO - Completed generation 119; 0.99s elapsed, 2.0s avg, 2.4e+02s total. Expected time remaining: 1.6e+02s
2020-05-01 23:46:31,905 - root - INFO - #119 mean, min log_loss: 6.5, 1.1
2020-05-01 23:46:32,940 - root - INFO - Completed generation 120; 1.0s elapsed, 2.0s avg, 2.4e+02s total. Expected time remaining: 1.6e+02s
2020-05-01 23:46:33,010 - root - INFO - #120 mean, min log_loss: 2e+01, 1.1
2020-05-01 23:46:34,164 - root - INFO - Completed generation 121; 1.1s elapsed, 2.0s avg, 2.4e+02s total. Expected time remaining: 1.6e+02s
2020-05-01 23:46:34,232 - root - INFO - #121 mean, min log_loss: 1.1e+01, 1.1
2020-05-01 23:46:35,276 - root - INFO - Completed generation 122; 1.0s elapsed, 2.0s avg, 2.4e+02s total. Expected time remaining: 1.5e+02s
2020-05-01 23:46:35,369 - root - INFO - #122 mean, min log_loss: 4.8, 1.1
2020-05-01 23:46:36,446 - root - INFO - Completed generation 123; 1.1s elapsed, 1.9s avg, 2.4e+02s total. Expected time remaining: 1.5e+02s
2020-05-01 23:46:36,512 - root - INFO - #123 mean, min log_loss: 6.9, 1.1
2020-05-01 23:46:37,480 - root - INFO - Completed generation 124; 0.97s elapsed, 1.9s avg, 2.4e+02s total. Expected time remaining: 1.5e+02s
2020-05-01 23:46:37,563 - root - INFO - #124 mean, min log_loss: 1e+01, 1.1
2020-05-01 23:46:38,689 - root - INFO - Completed generation 125; 1.1s elapsed, 1.9s avg, 2.4e+02s total. Expected time remaining: 1.5e+02s
2020-05-01 23:46:38,758 - root - INFO - #125 mean, min log_loss: 2.3e+01, 1.1
2020-05-01 23:46:39,753 - root - INFO - Completed generation 126; 0.99s elapsed, 1.9s avg, 2.4e+02s total. Expected time remaining: 1.4e+02s
2020-05-01 23:46:39,821 - root - INFO - #126 mean, min log_loss: 1.1e+01, 1.1
2020-05-01 23:46:41,012 - root - INFO - Completed generation 127; 1.2s elapsed, 1.9s avg, 2.4e+02s total. Expected time remaining: 1.4e+02s
2020-05-01 23:46:41,081 - root - INFO - #127 mean, min log_loss: 1.3e+01, 1.1
2020-05-01 23:46:42,094 - root - INFO - Completed generation 128; 1.0s elapsed, 1.9s avg, 2.4e+02s total. Expected time remaining: 1.4e+02s
2020-05-01 23:46:42,162 - root - INFO - #128 mean, min log_loss: 1.2e+01, 1.1
2020-05-01 23:46:43,281 - root - INFO - Completed generation 129; 1.1s elapsed, 1.9s avg, 2.5e+02s total. Expected time remaining: 1.4e+02s
2020-05-01 23:46:43,348 - root - INFO - #129 mean, min log_loss: 8.8, 1.1
2020-05-01 23:46:44,374 - root - INFO - Completed generation 130; 1.0s elapsed, 1.9s avg, 2.5e+02s total. Expected time remaining: 1.3e+02s
2020-05-01 23:46:44,443 - root - INFO - #130 mean, min log_loss: 1e+01, 1.1
2020-05-01 23:46:45,706 - root - INFO - Completed generation 131; 1.2s elapsed, 1.9s avg, 2.5e+02s total. Expected time remaining: 1.3e+02s
2020-05-01 23:46:45,796 - root - INFO - #131 mean, min log_loss: 1e+01, 1.1
2020-05-01 23:46:46,947 - root - INFO - Completed generation 132; 1.2s elapsed, 1.9s avg, 2.5e+02s total. Expected time remaining: 1.3e+02s
2020-05-01 23:46:47,079 - root - INFO - #132 mean, min log_loss: 3.3, 1.1
2020-05-01 23:46:48,228 - root - INFO - Completed generation 133; 1.1s elapsed, 1.9s avg, 2.5e+02s total. Expected time remaining: 1.3e+02s
2020-05-01 23:46:48,294 - root - INFO - #133 mean, min log_loss: 1.2e+01, 1.1
2020-05-01 23:46:49,263 - root - INFO - Completed generation 134; 0.97s elapsed, 1.9s avg, 2.5e+02s total. Expected time remaining: 1.2e+02s
2020-05-01 23:46:49,334 - root - INFO - #134 mean, min log_loss: 8.3, 1.1
2020-05-01 23:46:50,398 - root - INFO - Completed generation 135; 1.1s elapsed, 1.9s avg, 2.5e+02s total. Expected time remaining: 1.2e+02s
2020-05-01 23:46:50,465 - root - INFO - #135 mean, min log_loss: 2.3e+01, 1.1
2020-05-01 23:46:51,474 - root - INFO - Completed generation 136; 1.0s elapsed, 1.9s avg, 2.5e+02s total. Expected time remaining: 1.2e+02s
2020-05-01 23:46:51,541 - root - INFO - #136 mean, min log_loss: 2e+01, 1.1
2020-05-01 23:46:52,601 - root - INFO - Completed generation 137; 1.1s elapsed, 1.9s avg, 2.5e+02s total. Expected time remaining: 1.2e+02s
2020-05-01 23:46:52,683 - root - INFO - #137 mean, min log_loss: 1.4e+01, 1.1
2020-05-01 23:46:53,656 - root - INFO - Completed generation 138; 0.97s elapsed, 1.9s avg, 2.6e+02s total. Expected time remaining: 1.1e+02s
2020-05-01 23:46:53,723 - root - INFO - #138 mean, min log_loss: 1.5e+01, 1.1
2020-05-01 23:46:54,831 - root - INFO - Completed generation 139; 1.1s elapsed, 1.8s avg, 2.6e+02s total. Expected time remaining: 1.1e+02s
2020-05-01 23:46:54,898 - root - INFO - #139 mean, min log_loss: 2e+01, 1.1
2020-05-01 23:46:55,959 - root - INFO - Completed generation 140; 1.1s elapsed, 1.8s avg, 2.6e+02s total. Expected time remaining: 1.1e+02s
2020-05-01 23:46:56,027 - root - INFO - #140 mean, min log_loss: 1e+01, 1.1
2020-05-01 23:46:57,069 - root - INFO - Completed generation 141; 0.98s elapsed, 1.8s avg, 2.6e+02s total. Expected time remaining: 1.1e+02s
2020-05-01 23:46:57,137 - root - INFO - #141 mean, min log_loss: 1.8e+01, 1.1
2020-05-01 23:46:58,157 - root - INFO - Completed generation 142; 1.0s elapsed, 1.8s avg, 2.6e+02s total. Expected time remaining: 1.1e+02s
2020-05-01 23:46:58,227 - root - INFO - #142 mean, min log_loss: 1.7e+01, 1.1
2020-05-01 23:46:59,219 - root - INFO - Completed generation 143; 0.99s elapsed, 1.8s avg, 2.6e+02s total. Expected time remaining: 1e+02s
2020-05-01 23:46:59,288 - root - INFO - #143 mean, min log_loss: 1.9e+01, 1.1
2020-05-01 23:47:00,348 - root - INFO - Completed generation 144; 1.1s elapsed, 1.8s avg, 2.6e+02s total. Expected time remaining: 1e+02s
2020-05-01 23:47:00,414 - root - INFO - #144 mean, min log_loss: 2.1e+01, 1.1
2020-05-01 23:47:01,530 - root - INFO - Completed generation 145; 1.1s elapsed, 1.8s avg, 2.6e+02s total. Expected time remaining: 1e+02s
2020-05-01 23:47:01,601 - root - INFO - #145 mean, min log_loss: 1.2e+01, 1.1
2020-05-01 23:47:02,661 - root - INFO - Completed generation 146; 1.1s elapsed, 1.8s avg, 2.6e+02s total. Expected time remaining: 9.8e+01s
2020-05-01 23:47:02,740 - root - INFO - #146 mean, min log_loss: 1.8e+01, 1.1
2020-05-01 23:47:05,300 - root - INFO - Completed generation 147; 2.6s elapsed, 1.8s avg, 2.7e+02s total. Expected time remaining: 9.6e+01s
2020-05-01 23:47:05,369 - root - INFO - #147 mean, min log_loss: 1.3e+01, 1.1
2020-05-01 23:47:08,409 - root - INFO - Completed generation 148; 3.0s elapsed, 1.8s avg, 2.7e+02s total. Expected time remaining: 9.5e+01s
2020-05-01 23:47:08,478 - root - INFO - #148 mean, min log_loss: 1.1e+01, 1.1
2020-05-01 23:47:11,604 - root - INFO - Completed generation 149; 3.1s elapsed, 1.8s avg, 2.7e+02s total. Expected time remaining: 9.3e+01s
2020-05-01 23:47:11,698 - root - INFO - #149 mean, min log_loss: 7.3, 1.1
2020-05-01 23:47:14,701 - root - INFO - Completed generation 150; 3.0s elapsed, 1.8s avg, 2.8e+02s total. Expected time remaining: 9.2e+01s
2020-05-01 23:47:14,810 - root - INFO - #150 mean, min log_loss: 9.9, 1.1
2020-05-01 23:47:17,816 - root - INFO - Completed generation 151; 2.9s elapsed, 1.8s avg, 2.8e+02s total. Expected time remaining: 9e+01s
2020-05-01 23:47:17,899 - root - INFO - #151 mean, min log_loss: 2.1e+01, 1.1
2020-05-01 23:47:20,765 - root - INFO - Completed generation 152; 2.9s elapsed, 1.9s avg, 2.8e+02s total. Expected time remaining: 8.9e+01s
2020-05-01 23:47:20,833 - root - INFO - #152 mean, min log_loss: 1.6e+01, 1.1
2020-05-01 23:47:23,746 - root - INFO - Completed generation 153; 2.9s elapsed, 1.9s avg, 2.8e+02s total. Expected time remaining: 8.7e+01s
2020-05-01 23:47:23,813 - root - INFO - #153 mean, min log_loss: 2.1e+01, 1.1
2020-05-01 23:47:24,784 - root - INFO - Completed generation 154; 0.97s elapsed, 1.9s avg, 2.9e+02s total. Expected time remaining: 8.5e+01s
2020-05-01 23:47:24,851 - root - INFO - #154 mean, min log_loss: 9.0, 1.1
2020-05-01 23:47:25,866 - root - INFO - Completed generation 155; 1.0s elapsed, 1.8s avg, 2.9e+02s total. Expected time remaining: 8.3e+01s
2020-05-01 23:47:25,933 - root - INFO - #155 mean, min log_loss: 2.2e+01, 1.1
2020-05-01 23:47:27,118 - root - INFO - Completed generation 156; 1.2s elapsed, 1.8s avg, 2.9e+02s total. Expected time remaining: 8.1e+01s
2020-05-01 23:47:27,186 - root - INFO - #156 mean, min log_loss: 7.9, 1.1
2020-05-01 23:47:28,188 - root - INFO - Completed generation 157; 1.0s elapsed, 1.8s avg, 2.9e+02s total. Expected time remaining: 7.9e+01s
2020-05-01 23:47:28,256 - root - INFO - #157 mean, min log_loss: 2.3e+01, 1.1
2020-05-01 23:47:29,362 - root - INFO - Completed generation 158; 1.1s elapsed, 1.8s avg, 2.9e+02s total. Expected time remaining: 7.7e+01s
2020-05-01 23:47:29,458 - root - INFO - #158 mean, min log_loss: 2.3e+01, 1.1
2020-05-01 23:47:30,581 - root - INFO - Completed generation 159; 1.1s elapsed, 1.8s avg, 2.9e+02s total. Expected time remaining: 7.5e+01s
2020-05-01 23:47:30,687 - root - INFO - #159 mean, min log_loss: 2.2e+01, 1.1
2020-05-01 23:47:31,902 - root - INFO - Completed generation 160; 1.2s elapsed, 1.8s avg, 2.9e+02s total. Expected time remaining: 7.3e+01s
2020-05-01 23:47:31,969 - root - INFO - #160 mean, min log_loss: 1.8e+01, 1.1
2020-05-01 23:47:34,564 - root - INFO - Completed generation 161; 2.5s elapsed, 1.8s avg, 2.9e+02s total. Expected time remaining: 7.1e+01s
2020-05-01 23:47:34,633 - root - INFO - #161 mean, min log_loss: 6.1, 1.0
2020-05-01 23:47:37,336 - root - INFO - Completed generation 162; 2.7s elapsed, 1.8s avg, 3e+02s total. Expected time remaining: 7e+01s
2020-05-01 23:47:37,403 - root - INFO - #162 mean, min log_loss: 8.8, 0.95
2020-05-01 23:47:39,907 - root - INFO - Completed generation 163; 2.5s elapsed, 1.8s avg, 3e+02s total. Expected time remaining: 6.8e+01s
2020-05-01 23:47:39,976 - root - INFO - #163 mean, min log_loss: 1.9e+01, 0.94
2020-05-01 23:47:41,773 - root - INFO - Completed generation 164; 1.8s elapsed, 1.8s avg, 3e+02s total. Expected time remaining: 6.6e+01s
2020-05-01 23:47:41,842 - root - INFO - #164 mean, min log_loss: 2.3e+01, 0.94
2020-05-01 23:47:43,702 - root - INFO - Completed generation 165; 1.9s elapsed, 1.8s avg, 3e+02s total. Expected time remaining: 6.4e+01s
2020-05-01 23:47:43,772 - root - INFO - #165 mean, min log_loss: 2.2e+01, 0.94
2020-05-01 23:47:46,325 - root - INFO - Completed generation 166; 2.6s elapsed, 1.8s avg, 3.1e+02s total. Expected time remaining: 6.3e+01s
2020-05-01 23:47:46,424 - root - INFO - #166 mean, min log_loss: 1.7e+01, 0.94
2020-05-01 23:47:48,252 - root - INFO - Completed generation 167; 1.8s elapsed, 1.8s avg, 3.1e+02s total. Expected time remaining: 6.1e+01s
2020-05-01 23:47:48,350 - root - INFO - #167 mean, min log_loss: 9.6, 0.94
2020-05-01 23:47:50,409 - root - INFO - Completed generation 168; 2.1s elapsed, 1.8s avg, 3.1e+02s total. Expected time remaining: 5.9e+01s
2020-05-01 23:47:50,477 - root - INFO - #168 mean, min log_loss: 1.5e+01, 0.94
2020-05-01 23:47:51,549 - root - INFO - Completed generation 169; 1.1s elapsed, 1.8s avg, 3.1e+02s total. Expected time remaining: 5.7e+01s
2020-05-01 23:47:51,621 - root - INFO - #169 mean, min log_loss: 1.2e+01, 0.94
2020-05-01 23:47:53,414 - root - INFO - Completed generation 170; 1.8s elapsed, 1.8s avg, 3.1e+02s total. Expected time remaining: 5.5e+01s
2020-05-01 23:47:53,482 - root - INFO - #170 mean, min log_loss: 1e+01, 0.94
2020-05-01 23:47:54,625 - root - INFO - Completed generation 171; 1.0s elapsed, 1.8s avg, 3.1e+02s total. Expected time remaining: 5.3e+01s
2020-05-01 23:47:54,695 - root - INFO - #171 mean, min log_loss: 1.1e+01, 0.94
2020-05-01 23:47:55,707 - root - INFO - Completed generation 172; 1.0s elapsed, 1.8s avg, 3.1e+02s total. Expected time remaining: 5.1e+01s
2020-05-01 23:47:55,776 - root - INFO - #172 mean, min log_loss: 1.4e+01, 0.94
2020-05-01 23:47:57,079 - root - INFO - Completed generation 173; 1.3s elapsed, 1.8s avg, 3.2e+02s total. Expected time remaining: 4.9e+01s
2020-05-01 23:47:57,161 - root - INFO - #173 mean, min log_loss: 1.2e+01, 0.94
2020-05-01 23:47:58,559 - root - INFO - Completed generation 174; 1.4s elapsed, 1.8s avg, 3.2e+02s total. Expected time remaining: 4.7e+01s
2020-05-01 23:47:58,628 - root - INFO - #174 mean, min log_loss: 1.2e+01, 0.94
2020-05-01 23:48:01,279 - root - INFO - Completed generation 175; 2.7s elapsed, 1.8s avg, 3.2e+02s total. Expected time remaining: 4.6e+01s
2020-05-01 23:48:01,351 - root - INFO - #175 mean, min log_loss: 7.9, 0.94
2020-05-01 23:48:03,580 - root - INFO - Completed generation 176; 2.2s elapsed, 1.8s avg, 3.2e+02s total. Expected time remaining: 4.4e+01s
2020-05-01 23:48:03,649 - root - INFO - #176 mean, min log_loss: 7.0, 0.93
2020-05-01 23:48:05,884 - root - INFO - Completed generation 177; 2.2s elapsed, 1.8s avg, 3.2e+02s total. Expected time remaining: 4.2e+01s
2020-05-01 23:48:05,952 - root - INFO - #177 mean, min log_loss: 1.1e+01, 0.93
2020-05-01 23:48:07,331 - root - INFO - Completed generation 178; 1.4s elapsed, 1.8s avg, 3.3e+02s total. Expected time remaining: 4e+01s
2020-05-01 23:48:07,401 - root - INFO - #178 mean, min log_loss: 1.2e+01, 0.93
2020-05-01 23:48:09,224 - root - INFO - Completed generation 179; 1.8s elapsed, 1.8s avg, 3.3e+02s total. Expected time remaining: 3.8e+01s
2020-05-01 23:48:09,294 - root - INFO - #179 mean, min log_loss: 1.1e+01, 0.93
2020-05-01 23:48:10,696 - root - INFO - Completed generation 180; 1.4s elapsed, 1.8s avg, 3.3e+02s total. Expected time remaining: 3.7e+01s
2020-05-01 23:48:10,800 - root - INFO - #180 mean, min log_loss: 1.2e+01, 0.93
2020-05-01 23:48:13,054 - root - INFO - Completed generation 181; 2.2s elapsed, 1.8s avg, 3.3e+02s total. Expected time remaining: 3.5e+01s
2020-05-01 23:48:13,122 - root - INFO - #181 mean, min log_loss: 1e+01, 0.89
2020-05-01 23:48:14,680 - root - INFO - Completed generation 182; 1.6s elapsed, 1.8s avg, 3.3e+02s total. Expected time remaining: 3.3e+01s
2020-05-01 23:48:14,748 - root - INFO - #182 mean, min log_loss: 1.3e+01, 0.89
2020-05-01 23:48:17,493 - root - INFO - Completed generation 183; 2.7s elapsed, 1.8s avg, 3.4e+02s total. Expected time remaining: 3.1e+01s
2020-05-01 23:48:17,561 - root - INFO - #183 mean, min log_loss: 8.4, 0.87
2020-05-01 23:48:18,764 - root - INFO - Completed generation 184; 1.2s elapsed, 1.8s avg, 3.4e+02s total. Expected time remaining: 2.9e+01s
2020-05-01 23:48:18,832 - root - INFO - #184 mean, min log_loss: 1.3e+01, 0.87
2020-05-01 23:48:20,085 - root - INFO - Completed generation 185; 1.3s elapsed, 1.8s avg, 3.4e+02s total. Expected time remaining: 2.7e+01s
2020-05-01 23:48:20,152 - root - INFO - #185 mean, min log_loss: 2.1e+01, 0.87
2020-05-01 23:48:22,630 - root - INFO - Completed generation 186; 2.5s elapsed, 1.8s avg, 3.4e+02s total. Expected time remaining: 2.6e+01s
2020-05-01 23:48:22,724 - root - INFO - #186 mean, min log_loss: 1.8e+01, 0.87
2020-05-01 23:48:25,558 - root - INFO - Completed generation 187; 2.8s elapsed, 1.8s avg, 3.4e+02s total. Expected time remaining: 2.4e+01s
2020-05-01 23:48:25,627 - root - INFO - #187 mean, min log_loss: 9.8, 0.87
2020-05-01 23:48:27,553 - root - INFO - Completed generation 188; 1.9s elapsed, 1.8s avg, 3.5e+02s total. Expected time remaining: 2.2e+01s
2020-05-01 23:48:27,620 - root - INFO - #188 mean, min log_loss: 1e+01, 0.86
2020-05-01 23:48:30,056 - root - INFO - Completed generation 189; 2.4s elapsed, 1.8s avg, 3.5e+02s total. Expected time remaining: 2e+01s
2020-05-01 23:48:30,125 - root - INFO - #189 mean, min log_loss: 9.8, 0.85
2020-05-01 23:48:33,042 - root - INFO - Completed generation 190; 2.9s elapsed, 1.8s avg, 3.5e+02s total. Expected time remaining: 1.8e+01s
2020-05-01 23:48:33,110 - root - INFO - #190 mean, min log_loss: 6.2, 0.84
2020-05-01 23:48:35,162 - root - INFO - Completed generation 191; 1.9s elapsed, 1.8s avg, 3.5e+02s total. Expected time remaining: 1.7e+01s
2020-05-01 23:48:35,232 - root - INFO - #191 mean, min log_loss: 1.2e+01, 0.84
2020-05-01 23:48:37,024 - root - INFO - Completed generation 192; 1.8s elapsed, 1.8s avg, 3.5e+02s total. Expected time remaining: 1.5e+01s
2020-05-01 23:48:37,091 - root - INFO - #192 mean, min log_loss: 9.4, 0.84
2020-05-01 23:48:40,105 - root - INFO - Completed generation 193; 3.0s elapsed, 1.9s avg, 3.6e+02s total. Expected time remaining: 1.3e+01s
2020-05-01 23:48:40,173 - root - INFO - #193 mean, min log_loss: 6.6, 0.76
2020-05-01 23:48:42,418 - root - INFO - Completed generation 194; 2.2s elapsed, 1.9s avg, 3.6e+02s total. Expected time remaining: 1.1e+01s
2020-05-01 23:48:42,488 - root - INFO - #194 mean, min log_loss: 1.2e+01, 0.75
2020-05-01 23:48:44,579 - root - INFO - Completed generation 195; 2.1s elapsed, 1.9s avg, 3.6e+02s total. Expected time remaining: 9.3s
2020-05-01 23:48:44,674 - root - INFO - #195 mean, min log_loss: 1.9e+01, 0.75
2020-05-01 23:48:46,580 - root - INFO - Completed generation 196; 1.9s elapsed, 1.9s avg, 3.6e+02s total. Expected time remaining: 7.4s
2020-05-01 23:48:46,660 - root - INFO - #196 mean, min log_loss: 1.9e+01, 0.75
2020-05-01 23:48:48,305 - root - INFO - Completed generation 197; 1.6s elapsed, 1.9s avg, 3.7e+02s total. Expected time remaining: 5.6s
2020-05-01 23:48:48,373 - root - INFO - #197 mean, min log_loss: 2.1e+01, 0.75
2020-05-01 23:48:50,384 - root - INFO - Completed generation 198; 2.0s elapsed, 1.9s avg, 3.7e+02s total. Expected time remaining: 3.7s
2020-05-01 23:48:50,456 - root - INFO - #198 mean, min log_loss: 1.9e+01, 0.48
2020-05-01 23:48:52,739 - root - INFO - Completed generation 199; 2.3s elapsed, 1.9s avg, 3.7e+02s total. Expected time remaining: 1.9s
2020-05-01 23:48:52,807 - root - INFO - #199 mean, min log_loss: 1.9e+01, 0.48
2020-05-01 23:48:55,018 - root - INFO - Completed generation 200; 2.2s elapsed, 1.9s avg, 3.7e+02s total. Expected time remaining: 0.0s
2020-05-01 23:48:55,090 - root - INFO - #200 mean, min log_loss: 2.2e+01, 0.48
2020-05-01 23:48:55,297 - root - INFO - Evaluating indivs in hall of fame.
2020-05-01 23:49:06,401 - root - INFO - Completed excution.
