2020-08-23 20:52:06,764 - root - INFO - Package version 0.1.1
2020-08-23 20:52:06,764 - root - INFO - Saving data at /vol/fob-vol1/mi15/plonerma/Lab/rewann/gruenau7/complexity_measure/data/2020-08-23_Iris -n_total_edges; uniform -2,2; signed: False; seed: 3_000.
2020-08-23 20:52:06,764 - root - DEBUG - Loading training dataset
2020-08-23 20:52:06,855 - root - DEBUG - Loaded 150 samples.
2020-08-23 20:52:06,856 - root - DEBUG - Running experiments with the following parameters:
debug = true
experiment_name = "Iris -n_total_edges; uniform -2,2; signed: False; seed: 3"
experiment_path = "data/2020-08-23_Iris -n_total_edges; uniform -2,2; signed: False; seed: 3_000"

[config]
num_workers = 1
debug = true
backend = "numpy"

[postopt]
run_postopt = true
compile_report = false
num_weights = 100
num_samples = -1

[sampling]
seed = 3
post_init_seed = false
distribution = "uniform"
lower_bound = -2
upper_bound = 2
mean = 0
sigma = 1
num_weights_per_iteration = 5
num_samples_per_iteration = -1
hof_evaluation_iterations = 20

[task]
name = "iris"
sample_order_seed = 0
test_portion = 0.2
sample_length = 10
num_categories = 8

[storage]
data_base_path = "data"
log_filename = "execution.log"
commit_elite_freq = -1
commit_metrics_freq = 10

[population]
num_generations = 200
size = 100
initial_enabled_edge_prob = 0.05
initial_genes = "full"
initial_func = "random"
hof_size = 10
enable_edge_signs = false
enabled_activation_funcs = "all"

[selection]
use_tournaments = true
elite_ratio = 0.1
culling_ratio = 0.2
tournament_size = 5
objectives = [ "-log_loss.min", "-log_loss.mean", "-n_total_edges",]
recorded_metrics = [ "accuracy", "kappa", "log_loss",]
hof_metric = "accuracy.mean"

[mutation.new_edge]
probability = 0.2
strategy = "layer_agnostic"
propability = 0.2

[mutation.new_node]
probability = 0.25
propability = 0.3

[mutation.reenable_edge]
probability = 0.05
propability = 0.1

[mutation.change_activation]
probability = 0.5
propability = 0.4

[mutation.change_edge_sign]
probability = 0.2

[mutation.new_recurrent_edge]
probability = 0.2
strategy = "any"

2020-08-23 20:52:06,882 - root - INFO - Starting evolutionary algorithm
2020-08-23 20:52:06,901 - root - DEBUG - Sampled weight [-0.107903    1.35201339  0.35209137  0.12000223  0.26351307]
2020-08-23 20:52:07,944 - root - DEBUG - Updating hall of fame
2020-08-23 20:52:09,830 - root - INFO - Completed generation 1; 2.9s elapsed, 2.9s avg, 2.9s total. Expected time remaining: 5.9e+02s
2020-08-23 20:52:09,892 - root - INFO - #1 MAX:accuracy.mean: 0.53
2020-08-23 20:52:09,932 - root - DEBUG - Sampled weight [ 0.43776212 -0.81757319 -0.8390955   1.61140374  0.97589236]
2020-08-23 20:52:10,972 - root - DEBUG - Updating hall of fame
2020-08-23 20:52:12,784 - root - INFO - Completed generation 2; 2.9s elapsed, 2.9s avg, 5.8s total. Expected time remaining: 5.8e+02s
2020-08-23 20:52:12,844 - root - INFO - #2 MAX:accuracy.mean: 0.65
2020-08-23 20:52:12,884 - root - DEBUG - Sampled weight [-1.43914982 -1.28416881  0.64880717  1.73596775 -1.31086022]
2020-08-23 20:52:13,925 - root - DEBUG - Updating hall of fame
2020-08-23 20:52:15,740 - root - INFO - Completed generation 3; 2.9s elapsed, 2.9s avg, 8.7s total. Expected time remaining: 5.7e+02s
2020-08-23 20:52:15,800 - root - INFO - #3 MAX:accuracy.mean: 0.66
2020-08-23 20:52:15,840 - root - DEBUG - Sampled weight [ 0.88876253 -0.84056464  1.92816474 -0.37105468 -0.04718994]
2020-08-23 20:52:16,883 - root - DEBUG - Updating hall of fame
2020-08-23 20:52:18,364 - root - INFO - Completed generation 4; 2.6s elapsed, 2.8s avg, 1.1e+01s total. Expected time remaining: 5.5e+02s
2020-08-23 20:52:18,425 - root - INFO - #4 MAX:accuracy.mean: 0.56
2020-08-23 20:52:18,464 - root - DEBUG - Sampled weight [ 1.65130635  0.33259205 -0.28222209  1.95150923 -1.90857888]
2020-08-23 20:52:19,506 - root - DEBUG - Updating hall of fame
2020-08-23 20:52:20,824 - root - INFO - Completed generation 5; 2.4s elapsed, 2.7s avg, 1.4e+01s total. Expected time remaining: 5.3e+02s
2020-08-23 20:52:20,884 - root - INFO - #5 MAX:accuracy.mean: 0.61
2020-08-23 20:52:20,925 - root - DEBUG - Sampled weight [ 1.48035018  1.46651634 -1.53371408 -0.02606777 -1.84988864]
2020-08-23 20:52:21,971 - root - DEBUG - Updating hall of fame
2020-08-23 20:52:22,900 - root - INFO - Completed generation 6; 2.0s elapsed, 2.6s avg, 1.6e+01s total. Expected time remaining: 5.1e+02s
2020-08-23 20:52:22,960 - root - INFO - #6 MAX:accuracy.mean: 0.6
2020-08-23 20:52:23,000 - root - DEBUG - Sampled weight [ 1.90216265 -1.52027396 -1.45790993  1.47264941 -1.85831411]
2020-08-23 20:52:24,048 - root - DEBUG - Updating hall of fame
2020-08-23 20:52:24,782 - root - INFO - Completed generation 7; 1.8s elapsed, 2.5s avg, 1.8e+01s total. Expected time remaining: 4.8e+02s
2020-08-23 20:52:24,843 - root - INFO - #7 MAX:accuracy.mean: 0.65
2020-08-23 20:52:24,883 - root - DEBUG - Sampled weight [-1.41330492  0.76367685  0.08619811  1.95914209 -0.43819512]
2020-08-23 20:52:25,930 - root - DEBUG - Updating hall of fame
2020-08-23 20:52:26,474 - root - INFO - Completed generation 8; 1.6s elapsed, 2.4s avg, 1.9e+01s total. Expected time remaining: 4.6e+02s
2020-08-23 20:52:26,535 - root - INFO - #8 MAX:accuracy.mean: 0.58
2020-08-23 20:52:26,576 - root - DEBUG - Sampled weight [-1.31892104 -0.04622062  1.59588755  0.56789881  1.87048303]
2020-08-23 20:52:27,619 - root - DEBUG - Updating hall of fame
2020-08-23 20:52:27,619 - root - INFO - Completed generation 9; 1.1s elapsed, 2.3s avg, 2e+01s total. Expected time remaining: 4.3e+02s
2020-08-23 20:52:27,680 - root - INFO - #9 MAX:accuracy.mean: 0.59
2020-08-23 20:52:27,720 - root - DEBUG - Sampled weight [-0.44760068 -0.82071981  1.44656536 -0.16953104 -1.42064454]
2020-08-23 20:52:28,766 - root - DEBUG - Updating hall of fame
2020-08-23 20:52:29,675 - root - INFO - Completed generation 10; 2.0s elapsed, 2.2s avg, 2.2e+01s total. Expected time remaining: 4.2e+02s
2020-08-23 20:52:29,735 - root - INFO - #10 MAX:accuracy.mean: 0.59
2020-08-23 20:52:29,822 - root - DEBUG - Sampled weight [-1.84172632  0.62888501 -1.54519645 -1.54903576  1.59346499]
2020-08-23 20:52:30,868 - root - DEBUG - Updating hall of fame
2020-08-23 20:52:32,128 - root - INFO - Completed generation 11; 2.3s elapsed, 2.2s avg, 2.5e+01s total. Expected time remaining: 4.2e+02s
2020-08-23 20:52:32,189 - root - INFO - #11 MAX:accuracy.mean: 0.66
2020-08-23 20:52:32,227 - root - DEBUG - Sampled weight [-1.08595136  1.90900394 -0.18478523  1.30818148  1.87974166]
2020-08-23 20:52:33,267 - root - DEBUG - Updating hall of fame
2020-08-23 20:52:33,629 - root - INFO - Completed generation 12; 1.4s elapsed, 2.2s avg, 2.6e+01s total. Expected time remaining: 4.1e+02s
2020-08-23 20:52:33,690 - root - INFO - #12 MAX:accuracy.mean: 0.61
2020-08-23 20:52:33,729 - root - DEBUG - Sampled weight [-0.48775559 -0.14797509  0.29893089  1.73822414  0.87295427]
2020-08-23 20:52:34,769 - root - DEBUG - Updating hall of fame
2020-08-23 20:52:35,142 - root - INFO - Completed generation 13; 1.5s elapsed, 2.1s avg, 2.7e+01s total. Expected time remaining: 4e+02s
2020-08-23 20:52:35,202 - root - INFO - #13 MAX:accuracy.mean: 0.61
2020-08-23 20:52:35,242 - root - DEBUG - Sampled weight [-1.65778708  0.18425055  0.8069289   0.42030222 -0.30661181]
2020-08-23 20:52:36,281 - root - DEBUG - Updating hall of fame
2020-08-23 20:52:37,014 - root - INFO - Completed generation 14; 1.8s elapsed, 2.1s avg, 2.9e+01s total. Expected time remaining: 3.9e+02s
2020-08-23 20:52:37,074 - root - INFO - #14 MAX:accuracy.mean: 0.64
2020-08-23 20:52:37,114 - root - DEBUG - Sampled weight [-0.4655481   1.45183907 -0.83354648 -0.05597465 -0.28242662]
2020-08-23 20:52:38,155 - root - DEBUG - Updating hall of fame
2020-08-23 20:52:39,430 - root - INFO - Completed generation 15; 2.4s elapsed, 2.1s avg, 3.2e+01s total. Expected time remaining: 3.9e+02s
2020-08-23 20:52:39,491 - root - INFO - #15 MAX:accuracy.mean: 0.63
2020-08-23 20:52:39,531 - root - DEBUG - Sampled weight [-0.00439187 -0.85932277 -1.7105332   0.44855917  1.04327859]
2020-08-23 20:52:40,578 - root - DEBUG - Updating hall of fame
2020-08-23 20:52:41,488 - root - INFO - Completed generation 16; 2.0s elapsed, 2.1s avg, 3.4e+01s total. Expected time remaining: 3.9e+02s
2020-08-23 20:52:41,549 - root - INFO - #16 MAX:accuracy.mean: 0.69
2020-08-23 20:52:41,589 - root - DEBUG - Sampled weight [-1.52182142e+00 -7.54723857e-01 -6.58252150e-04  5.68960123e-01
  5.25912912e-01]
2020-08-23 20:52:42,639 - root - DEBUG - Updating hall of fame
2020-08-23 20:52:43,368 - root - INFO - Completed generation 17; 1.8s elapsed, 2.1s avg, 3.5e+01s total. Expected time remaining: 3.8e+02s
2020-08-23 20:52:43,428 - root - INFO - #17 MAX:accuracy.mean: 0.75
2020-08-23 20:52:43,469 - root - DEBUG - Sampled weight [-0.96045903  1.53473563  1.69438536 -0.28903849 -1.21141727]
2020-08-23 20:52:44,516 - root - DEBUG - Updating hall of fame
2020-08-23 20:52:45,602 - root - INFO - Completed generation 18; 2.2s elapsed, 2.1s avg, 3.8e+01s total. Expected time remaining: 3.8e+02s
2020-08-23 20:52:45,663 - root - INFO - #18 MAX:accuracy.mean: 0.66
2020-08-23 20:52:45,702 - root - DEBUG - Sampled weight [-1.49918197 -1.87492965  0.43687193  0.37153489  1.74911017]
2020-08-23 20:52:46,748 - root - DEBUG - Updating hall of fame
2020-08-23 20:52:47,302 - root - INFO - Completed generation 19; 1.6s elapsed, 2.1s avg, 3.9e+01s total. Expected time remaining: 3.7e+02s
2020-08-23 20:52:47,362 - root - INFO - #19 MAX:accuracy.mean: 0.61
2020-08-23 20:52:47,402 - root - DEBUG - Sampled weight [-1.31933608 -0.47781804 -1.24518459  0.20120518  1.39134191]
2020-08-23 20:52:48,447 - root - DEBUG - Updating hall of fame
2020-08-23 20:52:48,629 - root - INFO - Completed generation 20; 1.3s elapsed, 2.0s avg, 4.1e+01s total. Expected time remaining: 3.6e+02s
2020-08-23 20:52:48,689 - root - INFO - #20 MAX:accuracy.mean: 0.59
2020-08-23 20:52:48,776 - root - DEBUG - Sampled weight [ 1.97392296 -1.04069527  1.12511462 -0.75868168  1.07023898]
2020-08-23 20:52:49,841 - root - DEBUG - Updating hall of fame
2020-08-23 20:52:50,946 - root - INFO - Completed generation 21; 2.2s elapsed, 2.0s avg, 4.3e+01s total. Expected time remaining: 3.6e+02s
2020-08-23 20:52:51,008 - root - INFO - #21 MAX:accuracy.mean: 0.65
2020-08-23 20:52:51,049 - root - DEBUG - Sampled weight [ 0.01123793 -1.62277018 -1.87013816  0.70896601 -1.296755  ]
2020-08-23 20:52:52,112 - root - DEBUG - Updating hall of fame
2020-08-23 20:52:53,216 - root - INFO - Completed generation 22; 2.2s elapsed, 2.0s avg, 4.5e+01s total. Expected time remaining: 3.6e+02s
2020-08-23 20:52:53,277 - root - INFO - #22 MAX:accuracy.mean: 0.59
2020-08-23 20:52:53,318 - root - DEBUG - Sampled weight [ 0.05849999 -0.05101099 -1.89597845 -1.05829014 -1.78074739]
2020-08-23 20:52:54,381 - root - DEBUG - Updating hall of fame
2020-08-23 20:52:55,117 - root - INFO - Completed generation 23; 1.8s elapsed, 2.0s avg, 4.7e+01s total. Expected time remaining: 3.6e+02s
2020-08-23 20:52:55,179 - root - INFO - #23 MAX:accuracy.mean: 0.53
2020-08-23 20:52:55,219 - root - DEBUG - Sampled weight [1.97624903 1.52991215 1.65621634 1.03545352 1.0783557 ]
2020-08-23 20:52:56,296 - root - DEBUG - Updating hall of fame
2020-08-23 20:52:56,482 - root - INFO - Completed generation 24; 1.3s elapsed, 2.0s avg, 4.8e+01s total. Expected time remaining: 3.5e+02s
2020-08-23 20:52:56,544 - root - INFO - #24 MAX:accuracy.mean: 0.67
2020-08-23 20:52:56,586 - root - DEBUG - Sampled weight [ 1.94377355 -1.07952248 -1.82983274  1.93963945 -1.3963652 ]
2020-08-23 20:52:57,656 - root - DEBUG - Updating hall of fame
2020-08-23 20:52:58,207 - root - INFO - Completed generation 25; 1.7s elapsed, 2.0s avg, 5e+01s total. Expected time remaining: 3.5e+02s
2020-08-23 20:52:58,268 - root - INFO - #25 MAX:accuracy.mean: 0.63
2020-08-23 20:52:58,309 - root - DEBUG - Sampled weight [ 0.32312818  0.13279538  1.45913701 -1.74086878  1.77180301]
2020-08-23 20:52:59,378 - root - DEBUG - Updating hall of fame
2020-08-23 20:52:59,751 - root - INFO - Completed generation 26; 1.5s elapsed, 2.0s avg, 5.1e+01s total. Expected time remaining: 3.4e+02s
2020-08-23 20:52:59,812 - root - INFO - #26 MAX:accuracy.mean: 0.54
2020-08-23 20:52:59,853 - root - DEBUG - Sampled weight [-1.73815031  1.82754185  1.94117283  1.35393778 -0.7046477 ]
2020-08-23 20:53:00,919 - root - DEBUG - Updating hall of fame
2020-08-23 20:53:00,919 - root - INFO - Completed generation 27; 1.1s elapsed, 1.9s avg, 5.2e+01s total. Expected time remaining: 3.4e+02s
2020-08-23 20:53:00,980 - root - INFO - #27 MAX:accuracy.mean: 0.65
2020-08-23 20:53:01,021 - root - DEBUG - Sampled weight [ 1.15706507 -0.0251807   1.62062012  0.83154682  0.65811576]
2020-08-23 20:53:02,099 - root - DEBUG - Updating hall of fame
2020-08-23 20:53:02,476 - root - INFO - Completed generation 28; 1.5s elapsed, 1.9s avg, 5.4e+01s total. Expected time remaining: 3.3e+02s
2020-08-23 20:53:02,541 - root - INFO - #28 MAX:accuracy.mean: 0.6
2020-08-23 20:53:02,587 - root - DEBUG - Sampled weight [ 1.16322214  1.01308587  0.61634574 -0.81143922 -0.66846358]
2020-08-23 20:53:03,732 - root - DEBUG - Updating hall of fame
2020-08-23 20:53:04,127 - root - INFO - Completed generation 29; 1.6s elapsed, 1.9s avg, 5.5e+01s total. Expected time remaining: 3.3e+02s
2020-08-23 20:53:04,192 - root - INFO - #29 MAX:accuracy.mean: 0.77
2020-08-23 20:53:04,236 - root - DEBUG - Sampled weight [-0.7976702   0.52606093 -1.06819634  1.90501555 -1.63147965]
2020-08-23 20:53:05,377 - root - DEBUG - Updating hall of fame
2020-08-23 20:53:06,513 - root - INFO - Completed generation 30; 2.3s elapsed, 1.9s avg, 5.8e+01s total. Expected time remaining: 3.3e+02s
2020-08-23 20:53:06,574 - root - INFO - #30 MAX:accuracy.mean: 0.66
2020-08-23 20:53:06,675 - root - DEBUG - Sampled weight [ 1.62145746  1.90250966 -1.27148159  1.39895946 -0.33943026]
2020-08-23 20:53:07,750 - root - DEBUG - Updating hall of fame
2020-08-23 20:53:08,497 - root - INFO - Completed generation 31; 1.9s elapsed, 1.9s avg, 6e+01s total. Expected time remaining: 3.3e+02s
2020-08-23 20:53:08,558 - root - INFO - #31 MAX:accuracy.mean: 0.6
2020-08-23 20:53:08,600 - root - DEBUG - Sampled weight [ 1.30347476  0.19115922 -0.61141128 -1.14332981 -1.49617978]
2020-08-23 20:53:09,674 - root - DEBUG - Updating hall of fame
2020-08-23 20:53:10,225 - root - INFO - Completed generation 32; 1.7s elapsed, 1.9s avg, 6.1e+01s total. Expected time remaining: 3.2e+02s
2020-08-23 20:53:10,287 - root - INFO - #32 MAX:accuracy.mean: 0.62
2020-08-23 20:53:10,328 - root - DEBUG - Sampled weight [-0.42465246 -1.57028355  0.91258923  0.39739977 -1.64766423]
2020-08-23 20:53:11,400 - root - DEBUG - Updating hall of fame
2020-08-23 20:53:12,135 - root - INFO - Completed generation 33; 1.8s elapsed, 1.9s avg, 6.3e+01s total. Expected time remaining: 3.2e+02s
2020-08-23 20:53:12,197 - root - INFO - #33 MAX:accuracy.mean: 0.63
2020-08-23 20:53:12,237 - root - DEBUG - Sampled weight [ 1.60433811 -0.31316718  0.86033684 -0.40886027 -0.96633559]
2020-08-23 20:53:13,307 - root - DEBUG - Updating hall of fame
2020-08-23 20:53:13,308 - root - INFO - Completed generation 34; 1.1s elapsed, 1.9s avg, 6.4e+01s total. Expected time remaining: 3.1e+02s
2020-08-23 20:53:13,369 - root - INFO - #34 MAX:accuracy.mean: 0.65
2020-08-23 20:53:13,411 - root - DEBUG - Sampled weight [-1.16657582  1.52282761 -0.09109692  0.63319234 -1.73951796]
2020-08-23 20:53:14,490 - root - DEBUG - Updating hall of fame
2020-08-23 20:53:15,420 - root - INFO - Completed generation 35; 2.1s elapsed, 1.9s avg, 6.6e+01s total. Expected time remaining: 3.1e+02s
2020-08-23 20:53:15,481 - root - INFO - #35 MAX:accuracy.mean: 0.6
2020-08-23 20:53:15,523 - root - DEBUG - Sampled weight [-0.45530783 -0.87056275  1.19005671 -0.67331763 -1.16710279]
2020-08-23 20:53:16,600 - root - DEBUG - Updating hall of fame
2020-08-23 20:53:16,970 - root - INFO - Completed generation 36; 1.5s elapsed, 1.9s avg, 6.8e+01s total. Expected time remaining: 3.1e+02s
2020-08-23 20:53:17,069 - root - INFO - #36 MAX:accuracy.mean: 0.67
2020-08-23 20:53:17,112 - root - DEBUG - Sampled weight [-0.67611112 -1.99769155  1.28720701  1.39630172  1.61042777]
2020-08-23 20:53:18,196 - root - DEBUG - Updating hall of fame
2020-08-23 20:53:18,750 - root - INFO - Completed generation 37; 1.7s elapsed, 1.9s avg, 6.9e+01s total. Expected time remaining: 3.1e+02s
2020-08-23 20:53:18,812 - root - INFO - #37 MAX:accuracy.mean: 0.65
2020-08-23 20:53:18,853 - root - DEBUG - Sampled weight [ 1.22446589  0.74214749  1.67308705 -0.14349924 -0.00585795]
2020-08-23 20:53:19,932 - root - DEBUG - Updating hall of fame
2020-08-23 20:53:19,933 - root - INFO - Completed generation 38; 1.1s elapsed, 1.9s avg, 7.1e+01s total. Expected time remaining: 3e+02s
2020-08-23 20:53:19,994 - root - INFO - #38 MAX:accuracy.mean: 0.53
2020-08-23 20:53:20,036 - root - DEBUG - Sampled weight [-1.03174148 -0.02118323  0.46326264  0.40420056  1.82815748]
2020-08-23 20:53:21,116 - root - DEBUG - Updating hall of fame
2020-08-23 20:53:21,676 - root - INFO - Completed generation 39; 1.7s elapsed, 1.9s avg, 7.2e+01s total. Expected time remaining: 3e+02s
2020-08-23 20:53:21,737 - root - INFO - #39 MAX:accuracy.mean: 0.6
2020-08-23 20:53:21,778 - root - DEBUG - Sampled weight [-1.0003748   1.38648097  0.62659393  0.41865325 -0.84599209]
2020-08-23 20:53:22,855 - root - DEBUG - Updating hall of fame
2020-08-23 20:53:23,233 - root - INFO - Completed generation 40; 1.5s elapsed, 1.8s avg, 7.4e+01s total. Expected time remaining: 3e+02s
2020-08-23 20:53:23,294 - root - INFO - #40 MAX:accuracy.mean: 0.67
2020-08-23 20:53:23,403 - root - DEBUG - Sampled weight [ 0.91187404  0.35209198 -0.94452196  0.79142926 -1.38629198]
2020-08-23 20:53:24,494 - root - DEBUG - Updating hall of fame
2020-08-23 20:53:25,633 - root - INFO - Completed generation 41; 2.3s elapsed, 1.9s avg, 7.6e+01s total. Expected time remaining: 2.9e+02s
2020-08-23 20:53:25,695 - root - INFO - #41 MAX:accuracy.mean: 0.65
2020-08-23 20:53:25,735 - root - DEBUG - Sampled weight [-1.12093051 -0.53534849 -0.75581903  0.28566198 -1.395543  ]
2020-08-23 20:53:26,827 - root - DEBUG - Updating hall of fame
2020-08-23 20:53:27,596 - root - INFO - Completed generation 42; 1.9s elapsed, 1.9s avg, 7.8e+01s total. Expected time remaining: 2.9e+02s
2020-08-23 20:53:27,658 - root - INFO - #42 MAX:accuracy.mean: 0.67
2020-08-23 20:53:27,700 - root - DEBUG - Sampled weight [ 1.68683819  1.32937317  1.12051004 -1.15187317 -0.1195321 ]
2020-08-23 20:53:28,786 - root - DEBUG - Updating hall of fame
2020-08-23 20:53:29,538 - root - INFO - Completed generation 43; 1.9s elapsed, 1.9s avg, 8e+01s total. Expected time remaining: 2.9e+02s
2020-08-23 20:53:29,600 - root - INFO - #43 MAX:accuracy.mean: 0.6
2020-08-23 20:53:29,642 - root - DEBUG - Sampled weight [-0.65070901  1.52519422 -1.1585099  -0.9099683   0.60141082]
2020-08-23 20:53:30,730 - root - DEBUG - Updating hall of fame
2020-08-23 20:53:31,478 - root - INFO - Completed generation 44; 1.9s elapsed, 1.9s avg, 8.2e+01s total. Expected time remaining: 2.9e+02s
2020-08-23 20:53:31,539 - root - INFO - #44 MAX:accuracy.mean: 0.67
2020-08-23 20:53:31,581 - root - DEBUG - Sampled weight [ 1.01568057 -1.62672341  1.6615412   1.36262277  1.57500609]
2020-08-23 20:53:32,678 - root - DEBUG - Updating hall of fame
2020-08-23 20:53:33,253 - root - INFO - Completed generation 45; 1.7s elapsed, 1.9s avg, 8.3e+01s total. Expected time remaining: 2.9e+02s
2020-08-23 20:53:33,315 - root - INFO - #45 MAX:accuracy.mean: 0.63
2020-08-23 20:53:33,356 - root - DEBUG - Sampled weight [ 0.12011511 -1.53715763 -0.86133008  1.4101666   1.25214095]
2020-08-23 20:53:34,447 - root - DEBUG - Updating hall of fame
2020-08-23 20:53:34,650 - root - INFO - Completed generation 46; 1.3s elapsed, 1.8s avg, 8.5e+01s total. Expected time remaining: 2.8e+02s
2020-08-23 20:53:34,711 - root - INFO - #46 MAX:accuracy.mean: 0.6
2020-08-23 20:53:34,752 - root - DEBUG - Sampled weight [-1.32288796 -1.94892281 -1.70957899 -0.16487068 -0.30158646]
2020-08-23 20:53:35,841 - root - DEBUG - Updating hall of fame
2020-08-23 20:53:36,227 - root - INFO - Completed generation 47; 1.5s elapsed, 1.8s avg, 8.6e+01s total. Expected time remaining: 2.8e+02s
2020-08-23 20:53:36,289 - root - INFO - #47 MAX:accuracy.mean: 0.6
2020-08-23 20:53:36,329 - root - DEBUG - Sampled weight [ 0.905755    0.28809193 -0.17141962 -0.58987007  1.04678687]
2020-08-23 20:53:37,418 - root - DEBUG - Updating hall of fame
2020-08-23 20:53:37,799 - root - INFO - Completed generation 48; 1.5s elapsed, 1.8s avg, 8.8e+01s total. Expected time remaining: 2.8e+02s
2020-08-23 20:53:37,861 - root - INFO - #48 MAX:accuracy.mean: 0.62
2020-08-23 20:53:37,903 - root - DEBUG - Sampled weight [-1.37046607  1.77026861  1.5458468  -1.25759073  1.0012379 ]
2020-08-23 20:53:38,992 - root - DEBUG - Updating hall of fame
2020-08-23 20:53:39,763 - root - INFO - Completed generation 49; 1.9s elapsed, 1.8s avg, 9e+01s total. Expected time remaining: 2.8e+02s
2020-08-23 20:53:39,825 - root - INFO - #49 MAX:accuracy.mean: 0.63
2020-08-23 20:53:39,866 - root - DEBUG - Sampled weight [-1.91372325 -1.25505842  1.0290684   1.09538527 -1.18557561]
2020-08-23 20:53:40,962 - root - DEBUG - Updating hall of fame
2020-08-23 20:53:41,730 - root - INFO - Completed generation 50; 1.9s elapsed, 1.8s avg, 9.2e+01s total. Expected time remaining: 2.7e+02s
2020-08-23 20:53:41,792 - root - INFO - #50 MAX:accuracy.mean: 0.67
2020-08-23 20:53:41,910 - root - DEBUG - Sampled weight [ 1.09845118  0.24933001 -1.83353813 -0.30248627 -0.58071681]
2020-08-23 20:53:43,001 - root - DEBUG - Updating hall of fame
2020-08-23 20:53:43,581 - root - INFO - Completed generation 51; 1.7s elapsed, 1.8s avg, 9.3e+01s total. Expected time remaining: 2.7e+02s
2020-08-23 20:53:43,642 - root - INFO - #51 MAX:accuracy.mean: 0.63
2020-08-23 20:53:43,684 - root - DEBUG - Sampled weight [ 1.29433824  1.32097831  1.78532557 -0.99765179  0.71296312]
2020-08-23 20:53:44,775 - root - DEBUG - Updating hall of fame
2020-08-23 20:53:45,177 - root - INFO - Completed generation 52; 1.5s elapsed, 1.8s avg, 9.5e+01s total. Expected time remaining: 2.7e+02s
2020-08-23 20:53:45,239 - root - INFO - #52 MAX:accuracy.mean: 0.69
2020-08-23 20:53:45,280 - root - DEBUG - Sampled weight [-0.32572838 -1.47105184  0.53035039  0.88934056 -1.09823287]
2020-08-23 20:53:46,372 - root - DEBUG - Updating hall of fame
2020-08-23 20:53:46,757 - root - INFO - Completed generation 53; 1.5s elapsed, 1.8s avg, 9.6e+01s total. Expected time remaining: 2.7e+02s
2020-08-23 20:53:46,819 - root - INFO - #53 MAX:accuracy.mean: 0.69
2020-08-23 20:53:46,859 - root - DEBUG - Sampled weight [-1.56929747 -0.23006347 -0.87367767 -0.22497642 -0.81506179]
2020-08-23 20:53:47,951 - root - DEBUG - Updating hall of fame
2020-08-23 20:53:48,512 - root - INFO - Completed generation 54; 1.7s elapsed, 1.8s avg, 9.8e+01s total. Expected time remaining: 2.7e+02s
2020-08-23 20:53:48,574 - root - INFO - #54 MAX:accuracy.mean: 0.67
2020-08-23 20:53:48,615 - root - DEBUG - Sampled weight [ 1.74447282  1.99167929 -1.21743224 -1.51865324 -1.05335586]
2020-08-23 20:53:49,709 - root - DEBUG - Updating hall of fame
2020-08-23 20:53:50,464 - root - INFO - Completed generation 55; 1.9s elapsed, 1.8s avg, 1e+02s total. Expected time remaining: 2.6e+02s
2020-08-23 20:53:50,526 - root - INFO - #55 MAX:accuracy.mean: 0.67
2020-08-23 20:53:50,567 - root - DEBUG - Sampled weight [-1.90236642 -0.28076362 -0.35427663 -1.4360068  -1.0256822 ]
2020-08-23 20:53:51,650 - root - DEBUG - Updating hall of fame
2020-08-23 20:53:52,394 - root - INFO - Completed generation 56; 1.9s elapsed, 1.8s avg, 1e+02s total. Expected time remaining: 2.6e+02s
2020-08-23 20:53:52,456 - root - INFO - #56 MAX:accuracy.mean: 0.58
2020-08-23 20:53:52,498 - root - DEBUG - Sampled weight [-0.45772735  0.38667271 -1.03542023  1.51222154  1.27085954]
2020-08-23 20:53:53,582 - root - DEBUG - Updating hall of fame
2020-08-23 20:53:53,952 - root - INFO - Completed generation 57; 1.5s elapsed, 1.8s avg, 1e+02s total. Expected time remaining: 2.6e+02s
2020-08-23 20:53:54,014 - root - INFO - #57 MAX:accuracy.mean: 0.64
2020-08-23 20:53:54,054 - root - DEBUG - Sampled weight [-1.02588112  0.62461276  0.19811597  1.88458547 -1.54408072]
2020-08-23 20:53:55,134 - root - DEBUG - Updating hall of fame
2020-08-23 20:53:55,876 - root - INFO - Completed generation 58; 1.9s elapsed, 1.8s avg, 1.1e+02s total. Expected time remaining: 2.6e+02s
2020-08-23 20:53:55,938 - root - INFO - #58 MAX:accuracy.mean: 0.59
2020-08-23 20:53:55,979 - root - DEBUG - Sampled weight [ 0.58705103  0.84225441 -1.62493806 -0.96097811 -0.55792263]
2020-08-23 20:53:57,069 - root - DEBUG - Updating hall of fame
2020-08-23 20:53:57,443 - root - INFO - Completed generation 59; 1.5s elapsed, 1.8s avg, 1.1e+02s total. Expected time remaining: 2.5e+02s
2020-08-23 20:53:57,505 - root - INFO - #59 MAX:accuracy.mean: 0.7
2020-08-23 20:53:57,547 - root - DEBUG - Sampled weight [-0.03361998 -1.74325655  0.30473035 -0.21912936 -0.28577626]
2020-08-23 20:53:58,624 - root - DEBUG - Updating hall of fame
2020-08-23 20:53:59,561 - root - INFO - Completed generation 60; 2.1s elapsed, 1.8s avg, 1.1e+02s total. Expected time remaining: 2.5e+02s
2020-08-23 20:53:59,623 - root - INFO - #60 MAX:accuracy.mean: 0.6
2020-08-23 20:53:59,719 - root - DEBUG - Sampled weight [-1.36185434 -1.50963912 -0.15725505 -1.07704953  1.79069026]
2020-08-23 20:54:00,808 - root - DEBUG - Updating hall of fame
2020-08-23 20:54:00,809 - root - INFO - Completed generation 61; 1.1s elapsed, 1.8s avg, 1.1e+02s total. Expected time remaining: 2.5e+02s
2020-08-23 20:54:00,870 - root - INFO - #61 MAX:accuracy.mean: 0.61
2020-08-23 20:54:00,911 - root - DEBUG - Sampled weight [ 1.75137797  0.55066384 -1.42705402 -1.07068767 -0.43854241]
2020-08-23 20:54:02,008 - root - DEBUG - Updating hall of fame
2020-08-23 20:54:02,404 - root - INFO - Completed generation 62; 1.5s elapsed, 1.8s avg, 1.1e+02s total. Expected time remaining: 2.5e+02s
2020-08-23 20:54:02,470 - root - INFO - #62 MAX:accuracy.mean: 0.68
2020-08-23 20:54:02,513 - root - DEBUG - Sampled weight [ 1.83765744 -1.43519206 -0.37414924 -0.0512537  -1.91157914]
2020-08-23 20:54:03,626 - root - DEBUG - Updating hall of fame
2020-08-23 20:54:04,597 - root - INFO - Completed generation 63; 2.1s elapsed, 1.8s avg, 1.1e+02s total. Expected time remaining: 2.5e+02s
2020-08-23 20:54:04,660 - root - INFO - #63 MAX:accuracy.mean: 0.64
2020-08-23 20:54:04,703 - root - DEBUG - Sampled weight [-1.30653959  0.39923946 -0.63176337 -1.86882425  0.91770245]
2020-08-23 20:54:05,808 - root - DEBUG - Updating hall of fame
2020-08-23 20:54:06,206 - root - INFO - Completed generation 64; 1.5s elapsed, 1.8s avg, 1.2e+02s total. Expected time remaining: 2.4e+02s
2020-08-23 20:54:06,268 - root - INFO - #64 MAX:accuracy.mean: 0.74
2020-08-23 20:54:06,309 - root - DEBUG - Sampled weight [ 1.5255708  -0.81230536  0.40120194  0.90289233  0.69083606]
2020-08-23 20:54:07,385 - root - DEBUG - Updating hall of fame
2020-08-23 20:54:08,512 - root - INFO - Completed generation 65; 2.2s elapsed, 1.8s avg, 1.2e+02s total. Expected time remaining: 2.4e+02s
2020-08-23 20:54:08,580 - root - INFO - #65 MAX:accuracy.mean: 0.67
2020-08-23 20:54:08,625 - root - DEBUG - Sampled weight [ 0.24409581 -1.38570052  0.80169796  0.58920335 -1.07733925]
2020-08-23 20:54:09,779 - root - DEBUG - Updating hall of fame
2020-08-23 20:54:10,999 - root - INFO - Completed generation 66; 2.4s elapsed, 1.8s avg, 1.2e+02s total. Expected time remaining: 2.4e+02s
2020-08-23 20:54:11,065 - root - INFO - #66 MAX:accuracy.mean: 0.67
2020-08-23 20:54:11,110 - root - DEBUG - Sampled weight [-0.66073186 -1.47495187  1.33583783  0.80182074 -1.14817798]
2020-08-23 20:54:12,259 - root - DEBUG - Updating hall of fame
2020-08-23 20:54:13,486 - root - INFO - Completed generation 67; 2.4s elapsed, 1.8s avg, 1.2e+02s total. Expected time remaining: 2.4e+02s
2020-08-23 20:54:13,552 - root - INFO - #67 MAX:accuracy.mean: 0.69
2020-08-23 20:54:13,597 - root - DEBUG - Sampled weight [-1.88362087  1.10359707 -1.50131227 -0.77251195  0.47325154]
2020-08-23 20:54:14,703 - root - DEBUG - Updating hall of fame
2020-08-23 20:54:16,031 - root - INFO - Completed generation 68; 2.5s elapsed, 1.8s avg, 1.2e+02s total. Expected time remaining: 2.4e+02s
2020-08-23 20:54:16,092 - root - INFO - #68 MAX:accuracy.mean: 0.78
2020-08-23 20:54:16,135 - root - DEBUG - Sampled weight [ 1.82665261 -1.11370228  0.40795198  1.03989479  0.35374577]
2020-08-23 20:54:17,214 - root - DEBUG - Updating hall of fame
2020-08-23 20:54:18,180 - root - INFO - Completed generation 69; 2.1s elapsed, 1.8s avg, 1.3e+02s total. Expected time remaining: 2.4e+02s
2020-08-23 20:54:18,242 - root - INFO - #69 MAX:accuracy.mean: 0.8
2020-08-23 20:54:18,283 - root - DEBUG - Sampled weight [ 1.61503662 -1.21066597 -1.49425246  0.14175847  1.26680259]
2020-08-23 20:54:19,365 - root - DEBUG - Updating hall of fame
2020-08-23 20:54:20,505 - root - INFO - Completed generation 70; 2.3s elapsed, 1.8s avg, 1.3e+02s total. Expected time remaining: 2.4e+02s
2020-08-23 20:54:20,566 - root - INFO - #70 MAX:accuracy.mean: 0.81
2020-08-23 20:54:20,677 - root - DEBUG - Sampled weight [ 0.17073275 -1.39769123 -0.58605409  1.45128262 -1.70003793]
2020-08-23 20:54:21,766 - root - DEBUG - Updating hall of fame
2020-08-23 20:54:22,544 - root - INFO - Completed generation 71; 1.9s elapsed, 1.8s avg, 1.3e+02s total. Expected time remaining: 2.4e+02s
2020-08-23 20:54:22,606 - root - INFO - #71 MAX:accuracy.mean: 0.79
2020-08-23 20:54:22,647 - root - DEBUG - Sampled weight [-0.64718605  1.85942816 -0.6873465  -0.10366677 -1.62273984]
2020-08-23 20:54:23,736 - root - DEBUG - Updating hall of fame
2020-08-23 20:54:24,721 - root - INFO - Completed generation 72; 2.1s elapsed, 1.8s avg, 1.3e+02s total. Expected time remaining: 2.4e+02s
2020-08-23 20:54:24,783 - root - INFO - #72 MAX:accuracy.mean: 0.77
2020-08-23 20:54:24,824 - root - DEBUG - Sampled weight [ 1.9776851   1.58924836 -1.29487576  0.54612728  1.44523631]
2020-08-23 20:54:25,915 - root - DEBUG - Updating hall of fame
2020-08-23 20:54:26,896 - root - INFO - Completed generation 73; 2.1s elapsed, 1.9s avg, 1.4e+02s total. Expected time remaining: 2.4e+02s
2020-08-23 20:54:26,959 - root - INFO - #73 MAX:accuracy.mean: 0.83
2020-08-23 20:54:27,001 - root - DEBUG - Sampled weight [ 0.6270209   1.79988956 -0.11018396  1.62796568  0.95488373]
2020-08-23 20:54:28,090 - root - DEBUG - Updating hall of fame
2020-08-23 20:54:29,244 - root - INFO - Completed generation 74; 2.3s elapsed, 1.9s avg, 1.4e+02s total. Expected time remaining: 2.3e+02s
2020-08-23 20:54:29,306 - root - INFO - #74 MAX:accuracy.mean: 0.78
2020-08-23 20:54:29,347 - root - DEBUG - Sampled weight [ 1.17597705  0.99259635 -1.26853429  0.12291921 -0.71998723]
2020-08-23 20:54:30,442 - root - DEBUG - Updating hall of fame
2020-08-23 20:54:31,621 - root - INFO - Completed generation 75; 2.3s elapsed, 1.9s avg, 1.4e+02s total. Expected time remaining: 2.3e+02s
2020-08-23 20:54:31,684 - root - INFO - #75 MAX:accuracy.mean: 0.77
2020-08-23 20:54:31,725 - root - DEBUG - Sampled weight [-0.74034599  1.86713088  0.02253682 -0.15745334 -1.6974402 ]
2020-08-23 20:54:32,886 - root - DEBUG - Updating hall of fame
2020-08-23 20:54:34,139 - root - INFO - Completed generation 76; 2.5s elapsed, 1.9s avg, 1.4e+02s total. Expected time remaining: 2.3e+02s
2020-08-23 20:54:34,206 - root - INFO - #76 MAX:accuracy.mean: 0.77
2020-08-23 20:54:34,252 - root - DEBUG - Sampled weight [ 1.72317844 -1.84519138 -0.12721569  0.40961431  1.47581978]
2020-08-23 20:54:35,421 - root - DEBUG - Updating hall of fame
2020-08-23 20:54:36,063 - root - INFO - Completed generation 77; 1.9s elapsed, 1.9s avg, 1.4e+02s total. Expected time remaining: 2.3e+02s
2020-08-23 20:54:36,130 - root - INFO - #77 MAX:accuracy.mean: 0.81
2020-08-23 20:54:36,174 - root - DEBUG - Sampled weight [ 0.15516868 -1.45241584  0.14842418 -1.66989538 -1.42000694]
2020-08-23 20:54:37,340 - root - DEBUG - Updating hall of fame
2020-08-23 20:54:38,350 - root - INFO - Completed generation 78; 2.2s elapsed, 1.9s avg, 1.5e+02s total. Expected time remaining: 2.3e+02s
2020-08-23 20:54:38,413 - root - INFO - #78 MAX:accuracy.mean: 0.81
2020-08-23 20:54:38,455 - root - DEBUG - Sampled weight [-1.03496037  0.52284891  0.35846411 -0.32144131  1.82814029]
2020-08-23 20:54:39,550 - root - DEBUG - Updating hall of fame
2020-08-23 20:54:40,146 - root - INFO - Completed generation 79; 1.7s elapsed, 1.9s avg, 1.5e+02s total. Expected time remaining: 2.3e+02s
2020-08-23 20:54:40,208 - root - INFO - #79 MAX:accuracy.mean: 0.76
2020-08-23 20:54:40,249 - root - DEBUG - Sampled weight [ 0.99336158  1.51045852 -1.0455058  -0.13979914  1.00980571]
2020-08-23 20:54:41,341 - root - DEBUG - Updating hall of fame
2020-08-23 20:54:42,683 - root - INFO - Completed generation 80; 2.5s elapsed, 1.9s avg, 1.5e+02s total. Expected time remaining: 2.3e+02s
2020-08-23 20:54:42,745 - root - INFO - #80 MAX:accuracy.mean: 0.76
2020-08-23 20:54:42,866 - root - DEBUG - Sampled weight [ 1.06123015  1.59380804 -1.30233971 -1.01380684  0.92211615]
2020-08-23 20:54:43,964 - root - DEBUG - Updating hall of fame
2020-08-23 20:54:44,553 - root - INFO - Completed generation 81; 1.7s elapsed, 1.9s avg, 1.5e+02s total. Expected time remaining: 2.2e+02s
2020-08-23 20:54:44,615 - root - INFO - #81 MAX:accuracy.mean: 0.78
2020-08-23 20:54:44,657 - root - DEBUG - Sampled weight [-0.81503544  1.07247189  0.53369982  1.33792241  1.22509522]
2020-08-23 20:54:45,755 - root - DEBUG - Updating hall of fame
2020-08-23 20:54:46,537 - root - INFO - Completed generation 82; 1.9s elapsed, 1.9s avg, 1.5e+02s total. Expected time remaining: 2.2e+02s
2020-08-23 20:54:46,599 - root - INFO - #82 MAX:accuracy.mean: 0.79
2020-08-23 20:54:46,641 - root - DEBUG - Sampled weight [ 0.55956512  0.79172169 -1.71788668  1.89691313  0.57233117]
2020-08-23 20:54:47,737 - root - DEBUG - Updating hall of fame
2020-08-23 20:54:48,901 - root - INFO - Completed generation 83; 2.3s elapsed, 1.9s avg, 1.6e+02s total. Expected time remaining: 2.2e+02s
2020-08-23 20:54:48,963 - root - INFO - #83 MAX:accuracy.mean: 0.77
2020-08-23 20:54:49,005 - root - DEBUG - Sampled weight [ 0.02644607  1.61495067 -1.97688892 -1.46244669 -1.91836393]
2020-08-23 20:54:50,104 - root - DEBUG - Updating hall of fame
2020-08-23 20:54:51,074 - root - INFO - Completed generation 84; 2.1s elapsed, 1.9s avg, 1.6e+02s total. Expected time remaining: 2.2e+02s
2020-08-23 20:54:51,136 - root - INFO - #84 MAX:accuracy.mean: 0.85
2020-08-23 20:54:51,178 - root - DEBUG - Sampled weight [ 0.91128716 -0.67391763 -1.68563594 -0.35299287  1.52459658]
2020-08-23 20:54:52,273 - root - DEBUG - Updating hall of fame
2020-08-23 20:54:53,063 - root - INFO - Completed generation 85; 1.9s elapsed, 1.9s avg, 1.6e+02s total. Expected time remaining: 2.2e+02s
2020-08-23 20:54:53,125 - root - INFO - #85 MAX:accuracy.mean: 0.78
2020-08-23 20:54:53,167 - root - DEBUG - Sampled weight [-1.95023295  0.42565807  1.9815012  -0.21556076 -1.68508031]
2020-08-23 20:54:54,265 - root - DEBUG - Updating hall of fame
2020-08-23 20:54:55,432 - root - INFO - Completed generation 86; 2.3s elapsed, 1.9s avg, 1.6e+02s total. Expected time remaining: 2.2e+02s
2020-08-23 20:54:55,494 - root - INFO - #86 MAX:accuracy.mean: 0.8
2020-08-23 20:54:55,535 - root - DEBUG - Sampled weight [-0.85501388 -0.2153213   1.29412084  0.99670862  1.91503383]
2020-08-23 20:54:56,629 - root - DEBUG - Updating hall of fame
2020-08-23 20:54:57,405 - root - INFO - Completed generation 87; 1.9s elapsed, 1.9s avg, 1.6e+02s total. Expected time remaining: 2.1e+02s
2020-08-23 20:54:57,468 - root - INFO - #87 MAX:accuracy.mean: 0.78
2020-08-23 20:54:57,510 - root - DEBUG - Sampled weight [ 0.94770976  0.43820184  0.86157226  0.54039433 -0.80393352]
2020-08-23 20:54:58,609 - root - DEBUG - Updating hall of fame
2020-08-23 20:54:59,590 - root - INFO - Completed generation 88; 2.1s elapsed, 1.9s avg, 1.7e+02s total. Expected time remaining: 2.1e+02s
2020-08-23 20:54:59,652 - root - INFO - #88 MAX:accuracy.mean: 0.77
2020-08-23 20:54:59,693 - root - DEBUG - Sampled weight [-0.04955394 -0.46382902  1.34259925  1.27679946 -0.41825843]
2020-08-23 20:55:00,784 - root - DEBUG - Updating hall of fame
2020-08-23 20:55:01,945 - root - INFO - Completed generation 89; 2.3s elapsed, 1.9s avg, 1.7e+02s total. Expected time remaining: 2.1e+02s
2020-08-23 20:55:02,008 - root - INFO - #89 MAX:accuracy.mean: 0.77
2020-08-23 20:55:02,053 - root - DEBUG - Sampled weight [ 0.56970709 -0.65156515  1.60126908  0.01091935  0.71193529]
2020-08-23 20:55:03,216 - root - DEBUG - Updating hall of fame
2020-08-23 20:55:04,250 - root - INFO - Completed generation 90; 2.2s elapsed, 1.9s avg, 1.7e+02s total. Expected time remaining: 2.1e+02s
2020-08-23 20:55:04,317 - root - INFO - #90 MAX:accuracy.mean: 0.78
2020-08-23 20:55:04,422 - root - DEBUG - Sampled weight [-0.88009865 -0.23392519  0.74952582 -1.19774283 -1.85615902]
2020-08-23 20:55:05,589 - root - DEBUG - Updating hall of fame
2020-08-23 20:55:06,817 - root - INFO - Completed generation 91; 2.4s elapsed, 1.9s avg, 1.7e+02s total. Expected time remaining: 2.1e+02s
2020-08-23 20:55:06,883 - root - INFO - #91 MAX:accuracy.mean: 0.77
2020-08-23 20:55:06,927 - root - DEBUG - Sampled weight [ 0.41551865  0.74501348 -1.21649649 -0.2225868  -1.5010897 ]
2020-08-23 20:55:08,083 - root - DEBUG - Updating hall of fame
2020-08-23 20:55:08,705 - root - INFO - Completed generation 92; 1.8s elapsed, 1.9s avg, 1.8e+02s total. Expected time remaining: 2.1e+02s
2020-08-23 20:55:08,771 - root - INFO - #92 MAX:accuracy.mean: 0.76
2020-08-23 20:55:08,816 - root - DEBUG - Sampled weight [ 1.54177259  1.15402834  0.0068303   0.47928213 -1.60592735]
2020-08-23 20:55:09,965 - root - DEBUG - Updating hall of fame
2020-08-23 20:55:10,917 - root - INFO - Completed generation 93; 2.1s elapsed, 1.9s avg, 1.8e+02s total. Expected time remaining: 2e+02s
2020-08-23 20:55:10,979 - root - INFO - #93 MAX:accuracy.mean: 0.79
2020-08-23 20:55:11,021 - root - DEBUG - Sampled weight [ 0.36549329  0.72310218 -0.57533508  0.65830776  0.0406711 ]
2020-08-23 20:55:12,104 - root - DEBUG - Updating hall of fame
2020-08-23 20:55:12,873 - root - INFO - Completed generation 94; 1.9s elapsed, 1.9s avg, 1.8e+02s total. Expected time remaining: 2e+02s
2020-08-23 20:55:12,934 - root - INFO - #94 MAX:accuracy.mean: 0.76
2020-08-23 20:55:12,976 - root - DEBUG - Sampled weight [ 1.31111153 -0.23689967  1.08927008  1.53879593  0.83076113]
2020-08-23 20:55:14,066 - root - DEBUG - Updating hall of fame
2020-08-23 20:55:15,209 - root - INFO - Completed generation 95; 2.3s elapsed, 1.9s avg, 1.8e+02s total. Expected time remaining: 2e+02s
2020-08-23 20:55:15,271 - root - INFO - #95 MAX:accuracy.mean: 0.77
2020-08-23 20:55:15,313 - root - DEBUG - Sampled weight [ 0.13966255 -1.2596399  -1.0287342  -1.97890803 -1.99989978]
2020-08-23 20:55:16,397 - root - DEBUG - Updating hall of fame
2020-08-23 20:55:16,967 - root - INFO - Completed generation 96; 1.7s elapsed, 1.9s avg, 1.8e+02s total. Expected time remaining: 2e+02s
2020-08-23 20:55:17,029 - root - INFO - #96 MAX:accuracy.mean: 0.77
2020-08-23 20:55:17,071 - root - DEBUG - Sampled weight [-1.20352591  1.0480671   1.89434618  0.39910645  1.73750336]
2020-08-23 20:55:18,158 - root - DEBUG - Updating hall of fame
2020-08-23 20:55:18,931 - root - INFO - Completed generation 97; 1.9s elapsed, 1.9s avg, 1.9e+02s total. Expected time remaining: 2e+02s
2020-08-23 20:55:18,993 - root - INFO - #97 MAX:accuracy.mean: 0.8
2020-08-23 20:55:19,034 - root - DEBUG - Sampled weight [ 1.05504489 -0.99780756 -0.62963384 -1.40194263  1.21736642]
2020-08-23 20:55:20,129 - root - DEBUG - Updating hall of fame
2020-08-23 20:55:20,890 - root - INFO - Completed generation 98; 1.9s elapsed, 1.9s avg, 1.9e+02s total. Expected time remaining: 2e+02s
2020-08-23 20:55:20,952 - root - INFO - #98 MAX:accuracy.mean: 0.77
2020-08-23 20:55:20,994 - root - DEBUG - Sampled weight [-1.67743489 -0.42968638 -1.15061611  1.61957086 -1.06513251]
2020-08-23 20:55:22,085 - root - DEBUG - Updating hall of fame
2020-08-23 20:55:22,657 - root - INFO - Completed generation 99; 1.7s elapsed, 1.9s avg, 1.9e+02s total. Expected time remaining: 1.9e+02s
2020-08-23 20:55:22,719 - root - INFO - #99 MAX:accuracy.mean: 0.79
2020-08-23 20:55:22,760 - root - DEBUG - Sampled weight [ 1.82605281 -1.35724693 -1.70804078  1.14735486  0.04335977]
2020-08-23 20:55:23,847 - root - DEBUG - Updating hall of fame
2020-08-23 20:55:24,604 - root - INFO - Completed generation 100; 1.9s elapsed, 1.9s avg, 1.9e+02s total. Expected time remaining: 1.9e+02s
2020-08-23 20:55:24,666 - root - INFO - #100 MAX:accuracy.mean: 0.77
2020-08-23 20:55:24,794 - root - DEBUG - Sampled weight [ 0.72299106  0.56645262  1.23366636 -0.65721953  1.30748118]
2020-08-23 20:55:25,897 - root - DEBUG - Updating hall of fame
2020-08-23 20:55:26,474 - root - INFO - Completed generation 101; 1.7s elapsed, 1.9s avg, 1.9e+02s total. Expected time remaining: 1.9e+02s
2020-08-23 20:55:26,536 - root - INFO - #101 MAX:accuracy.mean: 0.78
2020-08-23 20:55:26,578 - root - DEBUG - Sampled weight [ 1.70917138  0.9375592   0.01678705  1.07697366 -0.81418697]
2020-08-23 20:55:27,671 - root - DEBUG - Updating hall of fame
2020-08-23 20:55:28,426 - root - INFO - Completed generation 102; 1.9s elapsed, 1.9s avg, 1.9e+02s total. Expected time remaining: 1.9e+02s
2020-08-23 20:55:28,488 - root - INFO - #102 MAX:accuracy.mean: 0.77
2020-08-23 20:55:28,530 - root - DEBUG - Sampled weight [ 0.27380214 -1.88816131  1.25421028  0.55476045  1.50434271]
2020-08-23 20:55:29,615 - root - DEBUG - Updating hall of fame
2020-08-23 20:55:30,001 - root - INFO - Completed generation 103; 1.5s elapsed, 1.9s avg, 2e+02s total. Expected time remaining: 1.8e+02s
2020-08-23 20:55:30,063 - root - INFO - #103 MAX:accuracy.mean: 0.79
2020-08-23 20:55:30,105 - root - DEBUG - Sampled weight [-1.19720551 -0.05961452  0.72981016  1.27739598 -1.27318719]
2020-08-23 20:55:31,195 - root - DEBUG - Updating hall of fame
2020-08-23 20:55:31,958 - root - INFO - Completed generation 104; 1.9s elapsed, 1.9s avg, 2e+02s total. Expected time remaining: 1.8e+02s
2020-08-23 20:55:32,020 - root - INFO - #104 MAX:accuracy.mean: 0.77
2020-08-23 20:55:32,063 - root - DEBUG - Sampled weight [-0.99945751  1.3915812   0.97039579  0.50846344 -0.09696072]
2020-08-23 20:55:33,153 - root - DEBUG - Updating hall of fame
2020-08-23 20:55:33,732 - root - INFO - Completed generation 105; 1.7s elapsed, 1.9s avg, 2e+02s total. Expected time remaining: 1.8e+02s
2020-08-23 20:55:33,794 - root - INFO - #105 MAX:accuracy.mean: 0.77
2020-08-23 20:55:33,836 - root - DEBUG - Sampled weight [ 1.5070085   1.81532163 -0.33434522  1.23367307  0.10745943]
2020-08-23 20:55:34,926 - root - DEBUG - Updating hall of fame
2020-08-23 20:55:35,886 - root - INFO - Completed generation 106; 2.1s elapsed, 1.9s avg, 2e+02s total. Expected time remaining: 1.8e+02s
2020-08-23 20:55:35,952 - root - INFO - #106 MAX:accuracy.mean: 0.79
2020-08-23 20:55:35,996 - root - DEBUG - Sampled weight [-1.66278607 -1.73933623 -0.05797676  0.2928289   0.79960471]
2020-08-23 20:55:37,100 - root - DEBUG - Updating hall of fame
2020-08-23 20:55:37,490 - root - INFO - Completed generation 107; 1.5s elapsed, 1.9s avg, 2e+02s total. Expected time remaining: 1.8e+02s
2020-08-23 20:55:37,556 - root - INFO - #107 MAX:accuracy.mean: 0.78
2020-08-23 20:55:37,601 - root - DEBUG - Sampled weight [ 1.14337703 -0.11982374  1.66821732  1.8125226   0.46675129]
2020-08-23 20:55:38,754 - root - DEBUG - Updating hall of fame
2020-08-23 20:55:39,159 - root - INFO - Completed generation 108; 1.6s elapsed, 1.9s avg, 2e+02s total. Expected time remaining: 1.7e+02s
2020-08-23 20:55:39,226 - root - INFO - #108 MAX:accuracy.mean: 0.78
2020-08-23 20:55:39,271 - root - DEBUG - Sampled weight [-1.17075925  0.40319601  1.21811511 -1.47940627 -0.69808198]
2020-08-23 20:55:40,403 - root - DEBUG - Updating hall of fame
2020-08-23 20:55:41,572 - root - INFO - Completed generation 109; 2.3s elapsed, 1.9s avg, 2.1e+02s total. Expected time remaining: 1.7e+02s
2020-08-23 20:55:41,636 - root - INFO - #109 MAX:accuracy.mean: 0.76
2020-08-23 20:55:41,678 - root - DEBUG - Sampled weight [-0.72520299  0.57200965  1.24209204  0.10827027 -1.44467154]
2020-08-23 20:55:42,769 - root - DEBUG - Updating hall of fame
2020-08-23 20:55:43,711 - root - INFO - Completed generation 110; 2.1s elapsed, 1.9s avg, 2.1e+02s total. Expected time remaining: 1.7e+02s
2020-08-23 20:55:43,773 - root - INFO - #110 MAX:accuracy.mean: 0.73
2020-08-23 20:55:43,891 - root - DEBUG - Sampled weight [ 1.78782152 -0.06333388 -1.49977485 -1.48927192 -1.06292411]
2020-08-23 20:55:44,972 - root - DEBUG - Updating hall of fame
2020-08-23 20:55:45,716 - root - INFO - Completed generation 111; 1.9s elapsed, 1.9s avg, 2.1e+02s total. Expected time remaining: 1.7e+02s
2020-08-23 20:55:45,778 - root - INFO - #111 MAX:accuracy.mean: 0.82
2020-08-23 20:55:45,820 - root - DEBUG - Sampled weight [ 0.31812975 -1.10564663  1.76393634 -0.27846154 -0.79115714]
2020-08-23 20:55:46,900 - root - DEBUG - Updating hall of fame
2020-08-23 20:55:47,464 - root - INFO - Completed generation 112; 1.7s elapsed, 1.9s avg, 2.1e+02s total. Expected time remaining: 1.7e+02s
2020-08-23 20:55:47,525 - root - INFO - #112 MAX:accuracy.mean: 0.73
2020-08-23 20:55:47,566 - root - DEBUG - Sampled weight [ 1.85610469 -0.13858655  0.57538303 -0.52667179  0.92083625]
2020-08-23 20:55:48,650 - root - DEBUG - Updating hall of fame
2020-08-23 20:55:49,396 - root - INFO - Completed generation 113; 1.9s elapsed, 1.9s avg, 2.1e+02s total. Expected time remaining: 1.7e+02s
2020-08-23 20:55:49,457 - root - INFO - #113 MAX:accuracy.mean: 0.73
2020-08-23 20:55:49,499 - root - DEBUG - Sampled weight [-0.30624847  0.00556685 -0.06258142 -1.60112802 -0.65793585]
2020-08-23 20:55:50,578 - root - DEBUG - Updating hall of fame
2020-08-23 20:55:51,134 - root - INFO - Completed generation 114; 1.7s elapsed, 1.9s avg, 2.2e+02s total. Expected time remaining: 1.6e+02s
2020-08-23 20:55:51,195 - root - INFO - #114 MAX:accuracy.mean: 0.73
2020-08-23 20:55:51,236 - root - DEBUG - Sampled weight [-0.53823001  1.81003696  0.53742403  0.63486211  0.81899996]
2020-08-23 20:55:52,323 - root - DEBUG - Updating hall of fame
2020-08-23 20:55:52,509 - root - INFO - Completed generation 115; 1.3s elapsed, 1.9s avg, 2.2e+02s total. Expected time remaining: 1.6e+02s
2020-08-23 20:55:52,570 - root - INFO - #115 MAX:accuracy.mean: 0.72
2020-08-23 20:55:52,610 - root - DEBUG - Sampled weight [-0.34852064  0.18040452  0.46576115 -0.21490379  0.76569703]
2020-08-23 20:55:53,687 - root - DEBUG - Updating hall of fame
2020-08-23 20:55:54,429 - root - INFO - Completed generation 116; 1.9s elapsed, 1.9s avg, 2.2e+02s total. Expected time remaining: 1.6e+02s
2020-08-23 20:55:54,490 - root - INFO - #116 MAX:accuracy.mean: 0.72
2020-08-23 20:55:54,532 - root - DEBUG - Sampled weight [ 1.2891708  -1.53589961 -1.49096161 -1.17990064  1.59594022]
2020-08-23 20:55:55,614 - root - DEBUG - Updating hall of fame
2020-08-23 20:55:56,168 - root - INFO - Completed generation 117; 1.7s elapsed, 1.9s avg, 2.2e+02s total. Expected time remaining: 1.6e+02s
2020-08-23 20:55:56,229 - root - INFO - #117 MAX:accuracy.mean: 0.91
2020-08-23 20:55:56,272 - root - DEBUG - Sampled weight [-0.70608785  0.75728366  1.39865142  0.17788994  0.01819195]
2020-08-23 20:55:57,352 - root - DEBUG - Updating hall of fame
2020-08-23 20:55:57,921 - root - INFO - Completed generation 118; 1.7s elapsed, 1.9s avg, 2.2e+02s total. Expected time remaining: 1.5e+02s
2020-08-23 20:55:57,983 - root - INFO - #118 MAX:accuracy.mean: 0.75
2020-08-23 20:55:58,024 - root - DEBUG - Sampled weight [0.02307819 1.4164566  0.3246505  0.60317797 1.1628696 ]
2020-08-23 20:55:59,110 - root - DEBUG - Updating hall of fame
2020-08-23 20:55:59,482 - root - INFO - Completed generation 119; 1.5s elapsed, 1.9s avg, 2.2e+02s total. Expected time remaining: 1.5e+02s
2020-08-23 20:55:59,544 - root - INFO - #119 MAX:accuracy.mean: 0.75
2020-08-23 20:55:59,584 - root - DEBUG - Sampled weight [ 0.55390116  1.11582967  0.04709823  1.61522167 -0.17943716]
2020-08-23 20:56:00,658 - root - DEBUG - Updating hall of fame
2020-08-23 20:56:01,026 - root - INFO - Completed generation 120; 1.5s elapsed, 1.9s avg, 2.3e+02s total. Expected time remaining: 1.5e+02s
2020-08-23 20:56:01,088 - root - INFO - #120 MAX:accuracy.mean: 0.76
2020-08-23 20:56:01,217 - root - DEBUG - Sampled weight [-1.14471859 -0.39835236  1.49854407 -1.379106   -1.0550291 ]
2020-08-23 20:56:02,311 - root - DEBUG - Updating hall of fame
2020-08-23 20:56:02,909 - root - INFO - Completed generation 121; 1.7s elapsed, 1.9s avg, 2.3e+02s total. Expected time remaining: 1.5e+02s
2020-08-23 20:56:02,974 - root - INFO - #121 MAX:accuracy.mean: 0.81
2020-08-23 20:56:03,018 - root - DEBUG - Sampled weight [-0.75994662  1.15378921 -1.95822988  0.10677502 -0.66463649]
2020-08-23 20:56:04,156 - root - DEBUG - Updating hall of fame
2020-08-23 20:56:04,953 - root - INFO - Completed generation 122; 2.0s elapsed, 1.9s avg, 2.3e+02s total. Expected time remaining: 1.5e+02s
2020-08-23 20:56:05,018 - root - INFO - #122 MAX:accuracy.mean: 0.76
2020-08-23 20:56:05,062 - root - DEBUG - Sampled weight [ 1.88493394  1.65916236  0.38293166  0.72234344 -1.49897166]
2020-08-23 20:56:06,178 - root - DEBUG - Updating hall of fame
2020-08-23 20:56:06,366 - root - INFO - Completed generation 123; 1.3s elapsed, 1.9s avg, 2.3e+02s total. Expected time remaining: 1.4e+02s
2020-08-23 20:56:06,429 - root - INFO - #123 MAX:accuracy.mean: 0.82
2020-08-23 20:56:06,470 - root - DEBUG - Sampled weight [-1.0532941  -1.54815948 -1.11878125 -0.75147045  1.31878085]
2020-08-23 20:56:07,578 - root - DEBUG - Updating hall of fame
2020-08-23 20:56:08,155 - root - INFO - Completed generation 124; 1.7s elapsed, 1.9s avg, 2.3e+02s total. Expected time remaining: 1.4e+02s
2020-08-23 20:56:08,218 - root - INFO - #124 MAX:accuracy.mean: 0.87
2020-08-23 20:56:08,260 - root - DEBUG - Sampled weight [ 1.60018929  1.06993564  1.81920322 -0.07985082  1.41064901]
2020-08-23 20:56:09,364 - root - DEBUG - Updating hall of fame
2020-08-23 20:56:10,114 - root - INFO - Completed generation 125; 1.9s elapsed, 1.9s avg, 2.3e+02s total. Expected time remaining: 1.4e+02s
2020-08-23 20:56:10,175 - root - INFO - #125 MAX:accuracy.mean: 0.82
2020-08-23 20:56:10,216 - root - DEBUG - Sampled weight [-1.80168213 -0.45071722 -0.97816297 -1.92523713 -0.44860031]
2020-08-23 20:56:11,292 - root - DEBUG - Updating hall of fame
2020-08-23 20:56:12,033 - root - INFO - Completed generation 126; 1.9s elapsed, 1.9s avg, 2.4e+02s total. Expected time remaining: 1.4e+02s
2020-08-23 20:56:12,094 - root - INFO - #126 MAX:accuracy.mean: 0.78
2020-08-23 20:56:12,134 - root - DEBUG - Sampled weight [ 0.34458924  0.84325492 -0.85371092 -1.65469275  1.35385018]
2020-08-23 20:56:13,208 - root - DEBUG - Updating hall of fame
2020-08-23 20:56:13,972 - root - INFO - Completed generation 127; 1.9s elapsed, 1.9s avg, 2.4e+02s total. Expected time remaining: 1.4e+02s
2020-08-23 20:56:14,033 - root - INFO - #127 MAX:accuracy.mean: 0.79
2020-08-23 20:56:14,074 - root - DEBUG - Sampled weight [-1.7805915  -0.96833608  0.34568155  0.8898427   1.98620815]
2020-08-23 20:56:15,156 - root - DEBUG - Updating hall of fame
2020-08-23 20:56:15,913 - root - INFO - Completed generation 128; 1.9s elapsed, 1.9s avg, 2.4e+02s total. Expected time remaining: 1.4e+02s
2020-08-23 20:56:15,974 - root - INFO - #128 MAX:accuracy.mean: 0.87
2020-08-23 20:56:16,015 - root - DEBUG - Sampled weight [ 0.3322108  -0.86163539  1.20407441  0.6652014  -0.77490022]
2020-08-23 20:56:17,101 - root - DEBUG - Updating hall of fame
2020-08-23 20:56:17,675 - root - INFO - Completed generation 129; 1.7s elapsed, 1.9s avg, 2.4e+02s total. Expected time remaining: 1.3e+02s
2020-08-23 20:56:17,736 - root - INFO - #129 MAX:accuracy.mean: 0.85
2020-08-23 20:56:17,778 - root - DEBUG - Sampled weight [1.78986808 1.58230676 0.96132466 0.47817216 1.44779277]
2020-08-23 20:56:18,866 - root - DEBUG - Updating hall of fame
2020-08-23 20:56:19,426 - root - INFO - Completed generation 130; 1.7s elapsed, 1.9s avg, 2.4e+02s total. Expected time remaining: 1.3e+02s
2020-08-23 20:56:19,486 - root - INFO - #130 MAX:accuracy.mean: 0.92
2020-08-23 20:56:19,614 - root - DEBUG - Sampled weight [ 0.24477701 -0.40082471  0.20779369 -1.77366753  1.65474453]
2020-08-23 20:56:20,710 - root - DEBUG - Updating hall of fame
2020-08-23 20:56:21,459 - root - INFO - Completed generation 131; 1.9s elapsed, 1.9s avg, 2.5e+02s total. Expected time remaining: 1.3e+02s
2020-08-23 20:56:21,520 - root - INFO - #131 MAX:accuracy.mean: 0.85
2020-08-23 20:56:21,562 - root - DEBUG - Sampled weight [-1.49703383  1.25868925  0.92410602  1.49604634 -0.59806314]
2020-08-23 20:56:22,647 - root - DEBUG - Updating hall of fame
2020-08-23 20:56:23,420 - root - INFO - Completed generation 132; 1.9s elapsed, 1.9s avg, 2.5e+02s total. Expected time remaining: 1.3e+02s
2020-08-23 20:56:23,481 - root - INFO - #132 MAX:accuracy.mean: 0.94
2020-08-23 20:56:23,522 - root - DEBUG - Sampled weight [ 0.6343252  -1.02767386  1.63597409 -0.03412062  1.81405286]
2020-08-23 20:56:24,616 - root - DEBUG - Updating hall of fame
2020-08-23 20:56:25,558 - root - INFO - Completed generation 133; 2.1s elapsed, 1.9s avg, 2.5e+02s total. Expected time remaining: 1.3e+02s
2020-08-23 20:56:25,619 - root - INFO - #133 MAX:accuracy.mean: 0.86
2020-08-23 20:56:25,660 - root - DEBUG - Sampled weight [ 1.48252133  0.55269677 -0.64086056 -1.47322662 -0.05499716]
2020-08-23 20:56:26,750 - root - DEBUG - Updating hall of fame
2020-08-23 20:56:27,511 - root - INFO - Completed generation 134; 1.9s elapsed, 1.9s avg, 2.5e+02s total. Expected time remaining: 1.2e+02s
2020-08-23 20:56:27,572 - root - INFO - #134 MAX:accuracy.mean: 0.86
2020-08-23 20:56:27,613 - root - DEBUG - Sampled weight [ 1.20907229  1.60826019 -1.70138898  0.79953178  1.30302994]
2020-08-23 20:56:28,713 - root - DEBUG - Updating hall of fame
2020-08-23 20:56:29,665 - root - INFO - Completed generation 135; 2.1s elapsed, 1.9s avg, 2.5e+02s total. Expected time remaining: 1.2e+02s
2020-08-23 20:56:29,727 - root - INFO - #135 MAX:accuracy.mean: 0.95
2020-08-23 20:56:29,768 - root - DEBUG - Sampled weight [ 0.30778745  0.67438836 -0.24184682 -1.16740244 -0.42121926]
2020-08-23 20:56:30,876 - root - DEBUG - Updating hall of fame
2020-08-23 20:56:31,681 - root - INFO - Completed generation 136; 2.0s elapsed, 1.9s avg, 2.6e+02s total. Expected time remaining: 1.2e+02s
2020-08-23 20:56:31,747 - root - INFO - #136 MAX:accuracy.mean: 0.86
2020-08-23 20:56:31,791 - root - DEBUG - Sampled weight [ 0.64432202  0.38054792 -1.70519625 -0.17904165 -1.71750101]
2020-08-23 20:56:32,962 - root - DEBUG - Updating hall of fame
2020-08-23 20:56:33,984 - root - INFO - Completed generation 137; 2.2s elapsed, 1.9s avg, 2.6e+02s total. Expected time remaining: 1.2e+02s
2020-08-23 20:56:34,049 - root - INFO - #137 MAX:accuracy.mean: 0.86
2020-08-23 20:56:34,094 - root - DEBUG - Sampled weight [ 1.5813837   1.80205303 -0.45786363 -1.43867761  0.07092206]
2020-08-23 20:56:35,249 - root - DEBUG - Updating hall of fame
2020-08-23 20:56:35,668 - root - INFO - Completed generation 138; 1.6s elapsed, 1.9s avg, 2.6e+02s total. Expected time remaining: 1.2e+02s
2020-08-23 20:56:35,733 - root - INFO - #138 MAX:accuracy.mean: 0.86
2020-08-23 20:56:35,779 - root - DEBUG - Sampled weight [ 0.88573599 -1.33279359  1.77171828  1.43728854 -1.37065572]
2020-08-23 20:56:36,952 - root - DEBUG - Updating hall of fame
2020-08-23 20:56:37,773 - root - INFO - Completed generation 139; 2.0s elapsed, 1.9s avg, 2.6e+02s total. Expected time remaining: 1.1e+02s
2020-08-23 20:56:37,838 - root - INFO - #139 MAX:accuracy.mean: 0.96
2020-08-23 20:56:37,883 - root - DEBUG - Sampled weight [ 1.09678497  0.40726077  0.16381357  1.73380886 -1.7164005 ]
2020-08-23 20:56:39,053 - root - DEBUG - Updating hall of fame
2020-08-23 20:56:39,867 - root - INFO - Completed generation 140; 2.0s elapsed, 1.9s avg, 2.6e+02s total. Expected time remaining: 1.1e+02s
2020-08-23 20:56:39,932 - root - INFO - #140 MAX:accuracy.mean: 0.87
2020-08-23 20:56:40,069 - root - DEBUG - Sampled weight [-1.12192296 -1.56695353  0.61411083 -1.11141385  0.99334239]
2020-08-23 20:56:41,254 - root - DEBUG - Updating hall of fame
2020-08-23 20:56:41,476 - root - INFO - Completed generation 141; 1.5s elapsed, 1.9s avg, 2.6e+02s total. Expected time remaining: 1.1e+02s
2020-08-23 20:56:41,541 - root - INFO - #141 MAX:accuracy.mean: 0.95
2020-08-23 20:56:41,585 - root - DEBUG - Sampled weight [ 0.07588803 -0.68083806  1.29421062  1.11394278  1.51089507]
2020-08-23 20:56:42,698 - root - DEBUG - Updating hall of fame
2020-08-23 20:56:43,447 - root - INFO - Completed generation 142; 1.9s elapsed, 1.9s avg, 2.7e+02s total. Expected time remaining: 1.1e+02s
2020-08-23 20:56:43,508 - root - INFO - #142 MAX:accuracy.mean: 0.9
2020-08-23 20:56:43,549 - root - DEBUG - Sampled weight [-1.10207513  0.74533183  0.39729947 -0.38662618 -0.91420623]
2020-08-23 20:56:44,655 - root - DEBUG - Updating hall of fame
2020-08-23 20:56:45,415 - root - INFO - Completed generation 143; 1.9s elapsed, 1.9s avg, 2.7e+02s total. Expected time remaining: 1.1e+02s
2020-08-23 20:56:45,476 - root - INFO - #143 MAX:accuracy.mean: 0.87
2020-08-23 20:56:45,517 - root - DEBUG - Sampled weight [-0.31748667 -0.41449236 -1.6751371  -0.90518962  0.41537735]
2020-08-23 20:56:46,602 - root - DEBUG - Updating hall of fame
2020-08-23 20:56:46,989 - root - INFO - Completed generation 144; 1.5s elapsed, 1.9s avg, 2.7e+02s total. Expected time remaining: 1.1e+02s
2020-08-23 20:56:47,049 - root - INFO - #144 MAX:accuracy.mean: 0.86
2020-08-23 20:56:47,090 - root - DEBUG - Sampled weight [-0.19266352  0.51430574 -0.47022701 -0.70968115  0.92796417]
2020-08-23 20:56:48,174 - root - DEBUG - Updating hall of fame
2020-08-23 20:56:48,552 - root - INFO - Completed generation 145; 1.5s elapsed, 1.9s avg, 2.7e+02s total. Expected time remaining: 1e+02s
2020-08-23 20:56:48,613 - root - INFO - #145 MAX:accuracy.mean: 0.86
2020-08-23 20:56:48,654 - root - DEBUG - Sampled weight [-1.2339803   1.81620611  0.47652784  1.06136016 -0.21805148]
2020-08-23 20:56:49,752 - root - DEBUG - Updating hall of fame
2020-08-23 20:56:50,313 - root - INFO - Completed generation 146; 1.7s elapsed, 1.9s avg, 2.7e+02s total. Expected time remaining: 1e+02s
2020-08-23 20:56:50,374 - root - INFO - #146 MAX:accuracy.mean: 0.88
2020-08-23 20:56:50,415 - root - DEBUG - Sampled weight [-0.67135671  1.84554751  0.08563165  0.42589597 -0.67408474]
2020-08-23 20:56:51,507 - root - DEBUG - Updating hall of fame
2020-08-23 20:56:51,715 - root - INFO - Completed generation 147; 1.3s elapsed, 1.9s avg, 2.7e+02s total. Expected time remaining: 9.9e+01s
2020-08-23 20:56:51,776 - root - INFO - #147 MAX:accuracy.mean: 0.85
2020-08-23 20:56:51,817 - root - DEBUG - Sampled weight [ 0.31923695  0.06837893  0.91803708 -0.56493593 -1.54674464]
2020-08-23 20:56:52,908 - root - DEBUG - Updating hall of fame
2020-08-23 20:56:53,667 - root - INFO - Completed generation 148; 1.9s elapsed, 1.9s avg, 2.8e+02s total. Expected time remaining: 9.7e+01s
2020-08-23 20:56:53,728 - root - INFO - #148 MAX:accuracy.mean: 0.85
2020-08-23 20:56:53,769 - root - DEBUG - Sampled weight [ 0.25517313 -0.14777602 -0.98275583  0.04993773  0.67491727]
2020-08-23 20:56:54,853 - root - DEBUG - Updating hall of fame
2020-08-23 20:56:55,427 - root - INFO - Completed generation 149; 1.7s elapsed, 1.9s avg, 2.8e+02s total. Expected time remaining: 9.5e+01s
2020-08-23 20:56:55,488 - root - INFO - #149 MAX:accuracy.mean: 0.84
2020-08-23 20:56:55,529 - root - DEBUG - Sampled weight [-0.40829281 -1.65748783 -1.98223291  0.68598362 -0.00399426]
2020-08-23 20:56:56,619 - root - DEBUG - Updating hall of fame
2020-08-23 20:56:57,179 - root - INFO - Completed generation 150; 1.7s elapsed, 1.9s avg, 2.8e+02s total. Expected time remaining: 9.3e+01s
2020-08-23 20:56:57,240 - root - INFO - #150 MAX:accuracy.mean: 0.84
2020-08-23 20:56:57,372 - root - DEBUG - Sampled weight [ 0.8675761  -1.98010368 -0.38417875 -1.05853247 -1.6109493 ]
2020-08-23 20:56:58,459 - root - DEBUG - Updating hall of fame
2020-08-23 20:56:59,201 - root - INFO - Completed generation 151; 1.9s elapsed, 1.9s avg, 2.8e+02s total. Expected time remaining: 9.1e+01s
2020-08-23 20:56:59,262 - root - INFO - #151 MAX:accuracy.mean: 0.9
2020-08-23 20:56:59,303 - root - DEBUG - Sampled weight [ 0.14398308 -1.09827421  0.08465093  1.45417906  1.35743224]
2020-08-23 20:57:00,408 - root - DEBUG - Updating hall of fame
2020-08-23 20:57:01,168 - root - INFO - Completed generation 152; 1.9s elapsed, 1.9s avg, 2.8e+02s total. Expected time remaining: 9e+01s
2020-08-23 20:57:01,234 - root - INFO - #152 MAX:accuracy.mean: 0.89
2020-08-23 20:57:01,278 - root - DEBUG - Sampled weight [ 1.34754669  0.8149082   1.89585735  0.5070826  -0.19635914]
2020-08-23 20:57:02,411 - root - DEBUG - Updating hall of fame
2020-08-23 20:57:03,008 - root - INFO - Completed generation 153; 1.8s elapsed, 1.9s avg, 2.9e+02s total. Expected time remaining: 8.8e+01s
2020-08-23 20:57:03,069 - root - INFO - #153 MAX:accuracy.mean: 0.89
2020-08-23 20:57:03,110 - root - DEBUG - Sampled weight [-1.35254457  0.36725408  1.57377035 -1.55180678 -1.42905354]
2020-08-23 20:57:04,204 - root - DEBUG - Updating hall of fame
2020-08-23 20:57:04,774 - root - INFO - Completed generation 154; 1.7s elapsed, 1.9s avg, 2.9e+02s total. Expected time remaining: 8.6e+01s
2020-08-23 20:57:04,835 - root - INFO - #154 MAX:accuracy.mean: 0.92
2020-08-23 20:57:04,876 - root - DEBUG - Sampled weight [ 0.05685544  0.10900035 -1.18642208 -0.71709747  1.85787837]
2020-08-23 20:57:05,973 - root - DEBUG - Updating hall of fame
2020-08-23 20:57:06,543 - root - INFO - Completed generation 155; 1.7s elapsed, 1.9s avg, 2.9e+02s total. Expected time remaining: 8.4e+01s
2020-08-23 20:57:06,604 - root - INFO - #155 MAX:accuracy.mean: 0.88
2020-08-23 20:57:06,645 - root - DEBUG - Sampled weight [-0.3814387   0.32824808 -0.7435554  -1.45672807  1.16771342]
2020-08-23 20:57:07,728 - root - DEBUG - Updating hall of fame
2020-08-23 20:57:08,295 - root - INFO - Completed generation 156; 1.7s elapsed, 1.9s avg, 2.9e+02s total. Expected time remaining: 8.2e+01s
2020-08-23 20:57:08,355 - root - INFO - #156 MAX:accuracy.mean: 0.88
2020-08-23 20:57:08,396 - root - DEBUG - Sampled weight [ 1.39851756  0.04896591  1.0035592  -0.78541512 -1.43510344]
2020-08-23 20:57:09,492 - root - DEBUG - Updating hall of fame
2020-08-23 20:57:10,244 - root - INFO - Completed generation 157; 1.9s elapsed, 1.9s avg, 2.9e+02s total. Expected time remaining: 8e+01s
2020-08-23 20:57:10,304 - root - INFO - #157 MAX:accuracy.mean: 0.88
2020-08-23 20:57:10,346 - root - DEBUG - Sampled weight [-0.063021    1.25141706  0.56260013  0.01342633 -1.47512328]
2020-08-23 20:57:11,448 - root - DEBUG - Updating hall of fame
2020-08-23 20:57:12,031 - root - INFO - Completed generation 158; 1.7s elapsed, 1.9s avg, 2.9e+02s total. Expected time remaining: 7.8e+01s
2020-08-23 20:57:12,092 - root - INFO - #158 MAX:accuracy.mean: 0.87
2020-08-23 20:57:12,132 - root - DEBUG - Sampled weight [ 0.26106779 -1.64080714  0.02448272 -0.83640889 -1.23813075]
2020-08-23 20:57:13,223 - root - DEBUG - Updating hall of fame
2020-08-23 20:57:13,809 - root - INFO - Completed generation 159; 1.7s elapsed, 1.9s avg, 3e+02s total. Expected time remaining: 7.6e+01s
2020-08-23 20:57:13,870 - root - INFO - #159 MAX:accuracy.mean: 0.86
2020-08-23 20:57:13,911 - root - DEBUG - Sampled weight [-0.67725642 -0.06747057  0.13160635 -1.54890571  1.94058743]
2020-08-23 20:57:15,008 - root - DEBUG - Updating hall of fame
2020-08-23 20:57:15,413 - root - INFO - Completed generation 160; 1.5s elapsed, 1.9s avg, 3e+02s total. Expected time remaining: 7.4e+01s
2020-08-23 20:57:15,473 - root - INFO - #160 MAX:accuracy.mean: 0.86
2020-08-23 20:57:15,601 - root - DEBUG - Sampled weight [1.32508935 1.45856136 0.26484627 0.64795162 1.87263719]
2020-08-23 20:57:16,703 - root - DEBUG - Updating hall of fame
2020-08-23 20:57:16,896 - root - INFO - Completed generation 161; 1.3s elapsed, 1.9s avg, 3e+02s total. Expected time remaining: 7.2e+01s
2020-08-23 20:57:16,956 - root - INFO - #161 MAX:accuracy.mean: 0.89
2020-08-23 20:57:16,999 - root - DEBUG - Sampled weight [-0.47706507 -0.81221384  0.62101992  1.86808478  1.63897561]
2020-08-23 20:57:18,106 - root - DEBUG - Updating hall of fame
2020-08-23 20:57:18,680 - root - INFO - Completed generation 162; 1.7s elapsed, 1.9s avg, 3e+02s total. Expected time remaining: 7.1e+01s
2020-08-23 20:57:18,740 - root - INFO - #162 MAX:accuracy.mean: 0.84
2020-08-23 20:57:18,781 - root - DEBUG - Sampled weight [ 0.94668669 -1.94455337  0.27386104  0.35331712  1.57592981]
2020-08-23 20:57:19,867 - root - DEBUG - Updating hall of fame
2020-08-23 20:57:20,429 - root - INFO - Completed generation 163; 1.7s elapsed, 1.9s avg, 3e+02s total. Expected time remaining: 6.9e+01s
2020-08-23 20:57:20,490 - root - INFO - #163 MAX:accuracy.mean: 0.85
2020-08-23 20:57:20,531 - root - DEBUG - Sampled weight [-0.44271511  1.66513568 -1.57499374 -0.20174789 -1.91543524]
2020-08-23 20:57:21,639 - root - DEBUG - Updating hall of fame
2020-08-23 20:57:22,215 - root - INFO - Completed generation 164; 1.7s elapsed, 1.9s avg, 3e+02s total. Expected time remaining: 6.7e+01s
2020-08-23 20:57:22,276 - root - INFO - #164 MAX:accuracy.mean: 0.86
2020-08-23 20:57:22,318 - root - DEBUG - Sampled weight [ 0.51614874  1.81964937 -0.20476357 -1.72446146  1.86699866]
2020-08-23 20:57:23,429 - root - DEBUG - Updating hall of fame
2020-08-23 20:57:24,189 - root - INFO - Completed generation 165; 1.9s elapsed, 1.9s avg, 3.1e+02s total. Expected time remaining: 6.5e+01s
2020-08-23 20:57:24,249 - root - INFO - #165 MAX:accuracy.mean: 0.88
2020-08-23 20:57:24,292 - root - DEBUG - Sampled weight [-1.9165004  -1.39250523 -1.20475389  0.88484819 -0.31022744]
2020-08-23 20:57:25,405 - root - DEBUG - Updating hall of fame
2020-08-23 20:57:26,180 - root - INFO - Completed generation 166; 1.9s elapsed, 1.9s avg, 3.1e+02s total. Expected time remaining: 6.3e+01s
2020-08-23 20:57:26,241 - root - INFO - #166 MAX:accuracy.mean: 0.9
2020-08-23 20:57:26,281 - root - DEBUG - Sampled weight [ 1.6237101  -1.07291804  0.30267542 -1.5079437   1.25151775]
2020-08-23 20:57:27,383 - root - DEBUG - Updating hall of fame
2020-08-23 20:57:28,714 - root - INFO - Completed generation 167; 2.5s elapsed, 1.9s avg, 3.1e+02s total. Expected time remaining: 6.1e+01s
2020-08-23 20:57:28,775 - root - INFO - #167 MAX:accuracy.mean: 0.9
2020-08-23 20:57:28,816 - root - DEBUG - Sampled weight [-1.3075754   1.85061258 -0.40318353  1.6991314  -1.7494927 ]
2020-08-23 20:57:29,924 - root - DEBUG - Updating hall of fame
2020-08-23 20:57:30,683 - root - INFO - Completed generation 168; 1.9s elapsed, 1.9s avg, 3.1e+02s total. Expected time remaining: 5.9e+01s
2020-08-23 20:57:30,743 - root - INFO - #168 MAX:accuracy.mean: 0.9
2020-08-23 20:57:30,785 - root - DEBUG - Sampled weight [ 0.5081835  -0.98559611 -1.20686703 -0.74871304  0.07870684]
2020-08-23 20:57:31,890 - root - DEBUG - Updating hall of fame
2020-08-23 20:57:32,663 - root - INFO - Completed generation 169; 1.9s elapsed, 1.9s avg, 3.1e+02s total. Expected time remaining: 5.8e+01s
2020-08-23 20:57:32,723 - root - INFO - #169 MAX:accuracy.mean: 0.9
2020-08-23 20:57:32,765 - root - DEBUG - Sampled weight [-1.66378649  0.92867314 -1.31396036  0.55316186  1.34162297]
2020-08-23 20:57:33,873 - root - DEBUG - Updating hall of fame
2020-08-23 20:57:34,825 - root - INFO - Completed generation 170; 2.1s elapsed, 1.9s avg, 3.2e+02s total. Expected time remaining: 5.6e+01s
2020-08-23 20:57:34,885 - root - INFO - #170 MAX:accuracy.mean: 0.93
2020-08-23 20:57:35,023 - root - DEBUG - Sampled weight [ 1.67256889  1.30516265  0.82565275 -0.08759078 -0.42821826]
2020-08-23 20:57:36,157 - root - DEBUG - Updating hall of fame
2020-08-23 20:57:37,318 - root - INFO - Completed generation 171; 2.3s elapsed, 1.9s avg, 3.2e+02s total. Expected time remaining: 5.4e+01s
2020-08-23 20:57:37,379 - root - INFO - #171 MAX:accuracy.mean: 0.88
2020-08-23 20:57:37,422 - root - DEBUG - Sampled weight [ 0.95797624  1.4117993  -0.57706911 -0.02701642  1.96333407]
2020-08-23 20:57:38,528 - root - DEBUG - Updating hall of fame
2020-08-23 20:57:39,302 - root - INFO - Completed generation 172; 1.9s elapsed, 1.9s avg, 3.2e+02s total. Expected time remaining: 5.2e+01s
2020-08-23 20:57:39,364 - root - INFO - #172 MAX:accuracy.mean: 0.88
2020-08-23 20:57:39,406 - root - DEBUG - Sampled weight [-0.46303236  0.62060122  0.0119745  -0.57479456  1.02489149]
2020-08-23 20:57:40,519 - root - DEBUG - Updating hall of fame
2020-08-23 20:57:41,303 - root - INFO - Completed generation 173; 1.9s elapsed, 1.9s avg, 3.2e+02s total. Expected time remaining: 5e+01s
2020-08-23 20:57:41,365 - root - INFO - #173 MAX:accuracy.mean: 0.87
2020-08-23 20:57:41,406 - root - DEBUG - Sampled weight [ 1.34518685  1.4849465  -1.89066537 -1.39901003 -1.11111951]
2020-08-23 20:57:42,525 - root - DEBUG - Updating hall of fame
2020-08-23 20:57:43,472 - root - INFO - Completed generation 174; 2.1s elapsed, 1.9s avg, 3.2e+02s total. Expected time remaining: 4.8e+01s
2020-08-23 20:57:43,535 - root - INFO - #174 MAX:accuracy.mean: 0.95
2020-08-23 20:57:43,579 - root - DEBUG - Sampled weight [-0.32079072 -1.66712095  1.82855525  0.78668767 -0.95648903]
2020-08-23 20:57:44,718 - root - DEBUG - Updating hall of fame
2020-08-23 20:57:45,723 - root - INFO - Completed generation 175; 2.2s elapsed, 1.9s avg, 3.3e+02s total. Expected time remaining: 4.7e+01s
2020-08-23 20:57:45,785 - root - INFO - #175 MAX:accuracy.mean: 0.89
2020-08-23 20:57:45,828 - root - DEBUG - Sampled weight [-1.61331343 -1.57325671  1.14916816  1.74637736 -1.43372911]
2020-08-23 20:57:46,952 - root - DEBUG - Updating hall of fame
2020-08-23 20:57:47,725 - root - INFO - Completed generation 176; 1.9s elapsed, 1.9s avg, 3.3e+02s total. Expected time remaining: 4.5e+01s
2020-08-23 20:57:47,787 - root - INFO - #176 MAX:accuracy.mean: 0.96
2020-08-23 20:57:47,827 - root - DEBUG - Sampled weight [-1.77214503  1.46034954  1.80903078  1.98731956  0.3498509 ]
2020-08-23 20:57:48,944 - root - DEBUG - Updating hall of fame
2020-08-23 20:57:49,730 - root - INFO - Completed generation 177; 1.9s elapsed, 1.9s avg, 3.3e+02s total. Expected time remaining: 4.3e+01s
2020-08-23 20:57:49,791 - root - INFO - #177 MAX:accuracy.mean: 0.91
2020-08-23 20:57:49,833 - root - DEBUG - Sampled weight [-0.29682422  1.43122554  1.49842917 -1.65771978  1.31701903]
2020-08-23 20:57:50,946 - root - DEBUG - Updating hall of fame
2020-08-23 20:57:51,721 - root - INFO - Completed generation 178; 1.9s elapsed, 1.9s avg, 3.3e+02s total. Expected time remaining: 4.1e+01s
2020-08-23 20:57:51,782 - root - INFO - #178 MAX:accuracy.mean: 0.89
2020-08-23 20:57:51,825 - root - DEBUG - Sampled weight [-0.76569063 -0.91794659 -1.34905019  1.24081188 -0.10663139]
2020-08-23 20:57:52,946 - root - DEBUG - Updating hall of fame
2020-08-23 20:57:54,099 - root - INFO - Completed generation 179; 2.3s elapsed, 1.9s avg, 3.3e+02s total. Expected time remaining: 3.9e+01s
2020-08-23 20:57:54,161 - root - INFO - #179 MAX:accuracy.mean: 0.89
2020-08-23 20:57:54,203 - root - DEBUG - Sampled weight [-0.64191752  0.86066741 -1.88103661 -0.60269162  1.11022235]
2020-08-23 20:57:55,320 - root - DEBUG - Updating hall of fame
2020-08-23 20:57:55,907 - root - INFO - Completed generation 180; 1.7s elapsed, 1.9s avg, 3.4e+02s total. Expected time remaining: 3.7e+01s
2020-08-23 20:57:55,969 - root - INFO - #180 MAX:accuracy.mean: 0.95
2020-08-23 20:57:56,130 - root - DEBUG - Sampled weight [-1.44458634 -0.20389408 -0.43330097  1.39603573 -1.81606101]
2020-08-23 20:57:57,249 - root - DEBUG - Updating hall of fame
2020-08-23 20:57:58,030 - root - INFO - Completed generation 181; 1.9s elapsed, 1.9s avg, 3.4e+02s total. Expected time remaining: 3.6e+01s
2020-08-23 20:57:58,091 - root - INFO - #181 MAX:accuracy.mean: 0.88
2020-08-23 20:57:58,134 - root - DEBUG - Sampled weight [ 1.66941501  0.01183044 -1.83913248  1.84974089  1.0669306 ]
2020-08-23 20:57:59,239 - root - DEBUG - Updating hall of fame
2020-08-23 20:58:00,013 - root - INFO - Completed generation 182; 1.9s elapsed, 1.9s avg, 3.4e+02s total. Expected time remaining: 3.4e+01s
2020-08-23 20:58:00,074 - root - INFO - #182 MAX:accuracy.mean: 0.9
2020-08-23 20:58:00,117 - root - DEBUG - Sampled weight [-0.99219084 -1.78768887 -1.88689122  0.54504899  1.30358214]
2020-08-23 20:58:01,241 - root - DEBUG - Updating hall of fame
2020-08-23 20:58:02,245 - root - INFO - Completed generation 183; 2.2s elapsed, 1.9s avg, 3.4e+02s total. Expected time remaining: 3.2e+01s
2020-08-23 20:58:02,309 - root - INFO - #183 MAX:accuracy.mean: 0.91
2020-08-23 20:58:02,353 - root - DEBUG - Sampled weight [ 0.73423208 -0.6651964   0.22773369  1.39028098 -0.42240486]
2020-08-23 20:58:03,563 - root - DEBUG - Updating hall of fame
2020-08-23 20:58:04,405 - root - INFO - Completed generation 184; 2.1s elapsed, 1.9s avg, 3.4e+02s total. Expected time remaining: 3e+01s
2020-08-23 20:58:04,471 - root - INFO - #184 MAX:accuracy.mean: 0.87
2020-08-23 20:58:04,517 - root - DEBUG - Sampled weight [ 0.17691336 -1.41666887 -0.2021942  -1.84237888  1.57892325]
2020-08-23 20:58:05,719 - root - DEBUG - Updating hall of fame
2020-08-23 20:58:06,303 - root - INFO - Completed generation 185; 1.8s elapsed, 1.9s avg, 3.5e+02s total. Expected time remaining: 2.8e+01s
2020-08-23 20:58:06,364 - root - INFO - #185 MAX:accuracy.mean: 0.87
2020-08-23 20:58:06,408 - root - DEBUG - Sampled weight [ 0.42558585  1.33443458  0.89693263 -0.87377027 -0.26246881]
2020-08-23 20:58:07,548 - root - DEBUG - Updating hall of fame
2020-08-23 20:58:07,946 - root - INFO - Completed generation 186; 1.6s elapsed, 1.9s avg, 3.5e+02s total. Expected time remaining: 2.6e+01s
2020-08-23 20:58:08,008 - root - INFO - #186 MAX:accuracy.mean: 0.87
2020-08-23 20:58:08,051 - root - DEBUG - Sampled weight [-1.06217753 -1.55354231  0.37602092 -1.32636928 -1.31504769]
2020-08-23 20:58:09,185 - root - DEBUG - Updating hall of fame
2020-08-23 20:58:09,954 - root - INFO - Completed generation 187; 1.9s elapsed, 1.9s avg, 3.5e+02s total. Expected time remaining: 2.4e+01s
2020-08-23 20:58:10,016 - root - INFO - #187 MAX:accuracy.mean: 0.9
2020-08-23 20:58:10,059 - root - DEBUG - Sampled weight [ 0.44976112  0.52770635  0.04990435 -1.63350565  0.23531758]
2020-08-23 20:58:11,170 - root - DEBUG - Updating hall of fame
2020-08-23 20:58:11,957 - root - INFO - Completed generation 188; 1.9s elapsed, 1.9s avg, 3.5e+02s total. Expected time remaining: 2.2e+01s
2020-08-23 20:58:12,019 - root - INFO - #188 MAX:accuracy.mean: 0.85
2020-08-23 20:58:12,060 - root - DEBUG - Sampled weight [ 1.87347311  1.74979515 -1.83308459  1.07642425  1.3243526 ]
2020-08-23 20:58:13,203 - root - DEBUG - Updating hall of fame
2020-08-23 20:58:13,782 - root - INFO - Completed generation 189; 1.8s elapsed, 1.9s avg, 3.5e+02s total. Expected time remaining: 2.1e+01s
2020-08-23 20:58:13,845 - root - INFO - #189 MAX:accuracy.mean: 0.85
2020-08-23 20:58:13,887 - root - DEBUG - Sampled weight [-0.83493193  0.10065544 -1.86443317 -1.75539825 -1.67780923]
2020-08-23 20:58:14,985 - root - DEBUG - Updating hall of fame
2020-08-23 20:58:15,386 - root - INFO - Completed generation 190; 1.5s elapsed, 1.9s avg, 3.6e+02s total. Expected time remaining: 1.9e+01s
2020-08-23 20:58:15,447 - root - INFO - #190 MAX:accuracy.mean: 0.86
2020-08-23 20:58:15,607 - root - DEBUG - Sampled weight [-1.50260271  0.61811236  1.49906769 -0.12469283 -0.05574642]
2020-08-23 20:58:16,738 - root - DEBUG - Updating hall of fame
2020-08-23 20:58:17,515 - root - INFO - Completed generation 191; 2.0s elapsed, 1.9s avg, 3.6e+02s total. Expected time remaining: 1.7e+01s
2020-08-23 20:58:17,578 - root - INFO - #191 MAX:accuracy.mean: 0.74
2020-08-23 20:58:17,619 - root - DEBUG - Sampled weight [-1.5604885   1.56965079  0.0214209  -0.00633577  1.70231279]
2020-08-23 20:58:18,722 - root - DEBUG - Updating hall of fame
2020-08-23 20:58:18,915 - root - INFO - Completed generation 192; 1.3s elapsed, 1.9s avg, 3.6e+02s total. Expected time remaining: 1.5e+01s
2020-08-23 20:58:18,977 - root - INFO - #192 MAX:accuracy.mean: 0.74
2020-08-23 20:58:19,019 - root - DEBUG - Sampled weight [-1.98403767 -1.81635549  1.42815885 -1.45400109  0.8618946 ]
2020-08-23 20:58:20,124 - root - DEBUG - Updating hall of fame
2020-08-23 20:58:20,505 - root - INFO - Completed generation 193; 1.5s elapsed, 1.9s avg, 3.6e+02s total. Expected time remaining: 1.3e+01s
2020-08-23 20:58:20,567 - root - INFO - #193 MAX:accuracy.mean: 0.96
2020-08-23 20:58:20,609 - root - DEBUG - Sampled weight [ 1.41009627  0.44734481 -0.21294604 -0.36732334 -1.4539168 ]
2020-08-23 20:58:21,735 - root - DEBUG - Updating hall of fame
2020-08-23 20:58:22,519 - root - INFO - Completed generation 194; 2.0s elapsed, 1.9s avg, 3.6e+02s total. Expected time remaining: 1.1e+01s
2020-08-23 20:58:22,581 - root - INFO - #194 MAX:accuracy.mean: 0.82
2020-08-23 20:58:22,624 - root - DEBUG - Sampled weight [ 0.13915276 -0.31320638 -0.03141006  0.69178615  1.70140669]
2020-08-23 20:58:23,756 - root - DEBUG - Updating hall of fame
2020-08-23 20:58:23,945 - root - INFO - Completed generation 195; 1.4s elapsed, 1.9s avg, 3.6e+02s total. Expected time remaining: 9.3s
2020-08-23 20:58:24,007 - root - INFO - #195 MAX:accuracy.mean: 0.81
2020-08-23 20:58:24,049 - root - DEBUG - Sampled weight [ 1.59234853  0.63173924  1.22830418 -1.03355442  1.40961696]
2020-08-23 20:58:25,169 - root - DEBUG - Updating hall of fame
2020-08-23 20:58:25,359 - root - INFO - Completed generation 196; 1.4s elapsed, 1.9s avg, 3.6e+02s total. Expected time remaining: 7.4s
2020-08-23 20:58:25,421 - root - INFO - #196 MAX:accuracy.mean: 0.94
2020-08-23 20:58:25,464 - root - DEBUG - Sampled weight [-1.94526188 -0.13256333 -0.00335041 -0.1663637  -1.75512976]
2020-08-23 20:58:26,583 - root - DEBUG - Updating hall of fame
2020-08-23 20:58:27,160 - root - INFO - Completed generation 197; 1.7s elapsed, 1.9s avg, 3.7e+02s total. Expected time remaining: 5.6s
2020-08-23 20:58:27,222 - root - INFO - #197 MAX:accuracy.mean: 0.86
2020-08-23 20:58:27,264 - root - DEBUG - Sampled weight [ 0.46047586 -1.48381695  0.21620977 -0.95261211 -1.87421539]
2020-08-23 20:58:28,391 - root - DEBUG - Updating hall of fame
2020-08-23 20:58:28,391 - root - INFO - Completed generation 198; 1.2s elapsed, 1.9s avg, 3.7e+02s total. Expected time remaining: 3.7s
2020-08-23 20:58:28,453 - root - INFO - #198 MAX:accuracy.mean: 0.86
2020-08-23 20:58:28,495 - root - DEBUG - Sampled weight [ 0.27128357 -0.03455242  0.57187353 -1.56060255  1.40091931]
2020-08-23 20:58:29,620 - root - DEBUG - Updating hall of fame
2020-08-23 20:58:30,387 - root - INFO - Completed generation 199; 1.9s elapsed, 1.9s avg, 3.7e+02s total. Expected time remaining: 1.9s
2020-08-23 20:58:30,449 - root - INFO - #199 MAX:accuracy.mean: 0.85
2020-08-23 20:58:30,492 - root - DEBUG - Sampled weight [-1.16056473  1.47225111 -1.41242616  0.72756282 -0.81919922]
2020-08-23 20:58:31,620 - root - DEBUG - Updating hall of fame
2020-08-23 20:58:31,994 - root - INFO - Completed generation 200; 1.5s elapsed, 1.9s avg, 3.7e+02s total. Expected time remaining: 0.0s
2020-08-23 20:58:32,056 - root - INFO - #200 MAX:accuracy.mean: 0.96
2020-08-23 20:58:32,255 - root - DEBUG - Loaded 150 samples.
2020-08-23 20:58:32,260 - root - INFO - Evaluating indivs in hall of fame.
2020-08-23 20:58:34,299 - root - INFO - Completed excution.
