2020-07-20 08:26:02,561 - root - INFO - Package version 0.1.1
2020-07-20 08:26:02,561 - root - INFO - Saving data at /vol/fob-vol1/mi15/plonerma/Lab/rewann/data/2020-07-20_Iris [0, 3, 4, 5, 6, 9, 10]; lognormal 0,0.5; signed: True_000.
2020-07-20 08:26:02,562 - root - DEBUG - Loading training dataset
2020-07-20 08:26:02,623 - root - DEBUG - Loaded 150 samples.
2020-07-20 08:26:02,624 - root - DEBUG - Running experiments with the following parameters:
debug = true
experiment_name = "Iris [0, 3, 4, 5, 6, 9, 10]; lognormal 0,0.5; signed: True"
experiment_path = "data/2020-07-20_Iris [0, 3, 4, 5, 6, 9, 10]; lognormal 0,0.5; signed: True_000"

[config]
num_workers = 1
debug = true
backend = "numpy"

[postopt]
run_postopt = true
compile_report = false
num_weights = 100
num_samples = -1

[sampling]
seed = 0
post_init_seed = false
distribution = "lognormal"
lower_bound = -2
upper_bound = 2
mean = 0
sigma = 0.5
num_weights_per_iteration = 5
num_samples_per_iteration = -1
hof_evaluation_iterations = 20

[task]
name = "iris"
sample_order_seed = 0
test_portion = 0.2
sample_length = 10
num_categories = 8

[storage]
data_base_path = "data"
log_filename = "execution.log"
commit_elite_freq = -1
commit_metrics_freq = 10

[population]
num_generations = 200
size = 100
initial_enabled_edge_prob = 0.05
initial_genes = "full"
hof_size = 10
enable_edge_signs = true
enabled_activation_funcs = [ 0, 3, 4, 5, 6, 9, 10,]

[selection]
use_tournaments = true
elite_ratio = 0.1
culling_ratio = 0.2
tournament_size = 5
objectives = [ "-log_loss.min", "-log_loss.mean", "-n_hidden",]
recorded_metrics = [ "accuracy", "kappa", "log_loss",]
hof_metric = "accuracy.mean"

[mutation.new_edge]
probability = 0.2
strategy = "layer_agnostic"
propability = 0.2

[mutation.new_node]
probability = 0.25
propability = 0.3

[mutation.reenable_edge]
probability = 0.05
propability = 0.1

[mutation.change_activation]
probability = 0.5
propability = 0.4

[mutation.change_edge_sign]
probability = 0.2

[mutation.new_recurrent_edge]
probability = 0.2
strategy = "any"

2020-07-20 08:26:02,648 - root - INFO - Starting evolutionary algorithm
2020-07-20 08:26:02,671 - root - DEBUG - Sampled weight [0.71894433 1.11238747 1.34943325 0.87971398 1.25909998]
2020-07-20 08:26:03,811 - root - DEBUG - Updating hall of fame
2020-07-20 08:26:05,883 - root - INFO - Completed generation 1; 3.2s elapsed, 3.2s avg, 3.2s total. Expected time remaining: 6.4e+02s
2020-07-20 08:26:05,943 - root - INFO - #1 MAX:accuracy.mean: 0.34
2020-07-20 08:26:05,987 - root - DEBUG - Sampled weight [1.27111431 0.98818427 1.06775141 0.82859365 0.91583412]
2020-07-20 08:26:07,055 - root - DEBUG - Updating hall of fame
2020-07-20 08:26:08,929 - root - INFO - Completed generation 2; 3.0s elapsed, 3.1s avg, 6.2s total. Expected time remaining: 6.2e+02s
2020-07-20 08:26:08,984 - root - INFO - #2 MAX:accuracy.mean: 0.67
2020-07-20 08:26:09,025 - root - DEBUG - Sampled weight [0.36350174 0.93652202 0.67327667 1.22339054 2.11571358]
2020-07-20 08:26:10,093 - root - DEBUG - Updating hall of fame
2020-07-20 08:26:11,955 - root - INFO - Completed generation 3; 3.0s elapsed, 3.1s avg, 9.2s total. Expected time remaining: 6e+02s
2020-07-20 08:26:12,010 - root - INFO - #3 MAX:accuracy.mean: 0.63
2020-07-20 08:26:12,051 - root - DEBUG - Sampled weight [2.02579618 1.89913134 0.75818915 0.54001284 1.34973518]
2020-07-20 08:26:13,120 - root - DEBUG - Updating hall of fame
2020-07-20 08:26:14,999 - root - INFO - Completed generation 4; 3.0s elapsed, 3.0s avg, 1.2e+01s total. Expected time remaining: 6e+02s
2020-07-20 08:26:15,054 - root - INFO - #4 MAX:accuracy.mean: 0.64
2020-07-20 08:26:15,095 - root - DEBUG - Sampled weight [0.88008787 0.85032043 0.62116968 0.85364672 0.83851005]
2020-07-20 08:26:16,164 - root - DEBUG - Updating hall of fame
2020-07-20 08:26:18,038 - root - INFO - Completed generation 5; 3.0s elapsed, 3.0s avg, 1.5e+01s total. Expected time remaining: 5.9e+02s
2020-07-20 08:26:18,094 - root - INFO - #5 MAX:accuracy.mean: 0.66
2020-07-20 08:26:18,136 - root - DEBUG - Sampled weight [0.73653071 0.89577118 0.62209378 1.42092837 1.05475344]
2020-07-20 08:26:19,209 - root - DEBUG - Updating hall of fame
2020-07-20 08:26:20,507 - root - INFO - Completed generation 6; 2.4s elapsed, 2.9s avg, 1.8e+01s total. Expected time remaining: 5.7e+02s
2020-07-20 08:26:20,562 - root - INFO - #6 MAX:accuracy.mean: 0.67
2020-07-20 08:26:20,604 - root - DEBUG - Sampled weight [0.7706918  1.31551619 1.05452015 1.02214949 1.14493451]
2020-07-20 08:26:21,677 - root - DEBUG - Updating hall of fame
2020-07-20 08:26:22,609 - root - INFO - Completed generation 7; 2.0s elapsed, 2.8s avg, 2e+01s total. Expected time remaining: 5.4e+02s
2020-07-20 08:26:22,665 - root - INFO - #7 MAX:accuracy.mean: 0.66
2020-07-20 08:26:22,706 - root - DEBUG - Sampled weight [0.76281484 1.20362846 0.81288272 1.84457974 0.41452705]
2020-07-20 08:26:23,780 - root - DEBUG - Updating hall of fame
2020-07-20 08:26:24,525 - root - INFO - Completed generation 8; 1.9s elapsed, 2.7s avg, 2.1e+01s total. Expected time remaining: 5.2e+02s
2020-07-20 08:26:24,580 - root - INFO - #8 MAX:accuracy.mean: 0.64
2020-07-20 08:26:24,622 - root - DEBUG - Sampled weight [1.44219304 0.92659221 0.96834584 1.31618078 0.66534944]
2020-07-20 08:26:25,700 - root - DEBUG - Updating hall of fame
2020-07-20 08:26:25,888 - root - INFO - Completed generation 9; 1.3s elapsed, 2.5s avg, 2.3e+01s total. Expected time remaining: 4.8e+02s
2020-07-20 08:26:25,944 - root - INFO - #9 MAX:accuracy.mean: 0.66
2020-07-20 08:26:25,986 - root - DEBUG - Sampled weight [1.51365081 0.97309097 1.43291762 2.99433213 1.18904455]
2020-07-20 08:26:27,056 - root - DEBUG - Updating hall of fame
2020-07-20 08:26:28,169 - root - INFO - Completed generation 10; 2.2s elapsed, 2.5s avg, 2.5e+01s total. Expected time remaining: 4.8e+02s
2020-07-20 08:26:28,225 - root - INFO - #10 MAX:accuracy.mean: 0.65
2020-07-20 08:26:28,309 - root - DEBUG - Sampled weight [1.31877948 0.37540407 0.46178683 0.6139707  0.49452048]
2020-07-20 08:26:29,384 - root - DEBUG - Updating hall of fame
2020-07-20 08:26:29,759 - root - INFO - Completed generation 11; 1.5s elapsed, 2.4s avg, 2.7e+01s total. Expected time remaining: 4.6e+02s
2020-07-20 08:26:29,814 - root - INFO - #11 MAX:accuracy.mean: 0.65
2020-07-20 08:26:29,856 - root - DEBUG - Sampled weight [0.85334651 1.13668934 1.08595632 1.44847066 1.83059974]
2020-07-20 08:26:30,933 - root - DEBUG - Updating hall of fame
2020-07-20 08:26:32,045 - root - INFO - Completed generation 12; 2.2s elapsed, 2.4s avg, 2.9e+01s total. Expected time remaining: 4.5e+02s
2020-07-20 08:26:32,100 - root - INFO - #12 MAX:accuracy.mean: 0.67
2020-07-20 08:26:32,142 - root - DEBUG - Sampled weight [1.61405472 0.81328741 0.52187074 0.56894963 0.71470939]
2020-07-20 08:26:33,220 - root - DEBUG - Updating hall of fame
2020-07-20 08:26:34,529 - root - INFO - Completed generation 13; 2.4s elapsed, 2.4s avg, 3.1e+01s total. Expected time remaining: 4.5e+02s
2020-07-20 08:26:34,585 - root - INFO - #13 MAX:accuracy.mean: 0.72
2020-07-20 08:26:34,626 - root - DEBUG - Sampled weight [1.38130927 1.09200075 1.35136279 0.73018957 1.10807143]
2020-07-20 08:26:35,697 - root - DEBUG - Updating hall of fame
2020-07-20 08:26:36,067 - root - INFO - Completed generation 14; 1.5s elapsed, 2.3s avg, 3.3e+01s total. Expected time remaining: 4.3e+02s
2020-07-20 08:26:36,122 - root - INFO - #14 MAX:accuracy.mean: 0.65
2020-07-20 08:26:36,162 - root - DEBUG - Sampled weight [1.02818145 2.90917247 2.13015198 2.06905313 0.44075212]
2020-07-20 08:26:37,231 - root - DEBUG - Updating hall of fame
2020-07-20 08:26:37,974 - root - INFO - Completed generation 15; 1.9s elapsed, 2.3s avg, 3.5e+01s total. Expected time remaining: 4.3e+02s
2020-07-20 08:26:38,031 - root - INFO - #15 MAX:accuracy.mean: 0.64
2020-07-20 08:26:38,073 - root - DEBUG - Sampled weight [0.43646847 0.7306493  0.57851637 0.89565862 1.4074721 ]
2020-07-20 08:26:39,152 - root - DEBUG - Updating hall of fame
2020-07-20 08:26:39,526 - root - INFO - Completed generation 16; 1.5s elapsed, 2.2s avg, 3.6e+01s total. Expected time remaining: 4.1e+02s
2020-07-20 08:26:39,581 - root - INFO - #16 MAX:accuracy.mean: 0.58
2020-07-20 08:26:39,623 - root - DEBUG - Sampled weight [1.90892375 1.52128494 0.68738529 1.49530296 0.62316808]
2020-07-20 08:26:40,697 - root - DEBUG - Updating hall of fame
2020-07-20 08:26:41,436 - root - INFO - Completed generation 17; 1.9s elapsed, 2.2s avg, 3.8e+01s total. Expected time remaining: 4.1e+02s
2020-07-20 08:26:41,491 - root - INFO - #17 MAX:accuracy.mean: 0.67
2020-07-20 08:26:41,533 - root - DEBUG - Sampled weight [0.93567325 1.37687361 0.43769005 1.54008442 0.71552247]
2020-07-20 08:26:42,607 - root - DEBUG - Updating hall of fame
2020-07-20 08:26:43,352 - root - INFO - Completed generation 18; 1.9s elapsed, 2.2s avg, 4e+01s total. Expected time remaining: 4e+02s
2020-07-20 08:26:43,408 - root - INFO - #18 MAX:accuracy.mean: 0.67
2020-07-20 08:26:43,449 - root - DEBUG - Sampled weight [1.16010878 0.78081803 1.55535707 0.99554642 2.49563665]
2020-07-20 08:26:44,521 - root - DEBUG - Updating hall of fame
2020-07-20 08:26:45,262 - root - INFO - Completed generation 19; 1.9s elapsed, 2.2s avg, 4.2e+01s total. Expected time remaining: 4e+02s
2020-07-20 08:26:45,318 - root - INFO - #19 MAX:accuracy.mean: 0.67
2020-07-20 08:26:45,359 - root - DEBUG - Sampled weight [1.37725995 1.28213609 0.51596534 1.81995872 1.09035124]
2020-07-20 08:26:46,437 - root - DEBUG - Updating hall of fame
2020-07-20 08:26:47,554 - root - INFO - Completed generation 20; 2.2s elapsed, 2.2s avg, 4.4e+01s total. Expected time remaining: 3.9e+02s
2020-07-20 08:26:47,609 - root - INFO - #20 MAX:accuracy.mean: 0.71
2020-07-20 08:26:47,705 - root - DEBUG - Sampled weight [0.6763752  0.95963403 2.15723198 1.86993229 1.31509377]
2020-07-20 08:26:48,785 - root - DEBUG - Updating hall of fame
2020-07-20 08:26:49,944 - root - INFO - Completed generation 21; 2.3s elapsed, 2.2s avg, 4.6e+01s total. Expected time remaining: 3.9e+02s
2020-07-20 08:26:49,999 - root - INFO - #21 MAX:accuracy.mean: 0.67
2020-07-20 08:26:50,042 - root - DEBUG - Sampled weight [1.12606675 1.47917361 0.82139932 2.21781715 2.12909794]
2020-07-20 08:26:51,116 - root - DEBUG - Updating hall of fame
2020-07-20 08:26:52,283 - root - INFO - Completed generation 22; 2.3s elapsed, 2.2s avg, 4.8e+01s total. Expected time remaining: 3.9e+02s
2020-07-20 08:26:52,339 - root - INFO - #22 MAX:accuracy.mean: 0.67
2020-07-20 08:26:52,380 - root - DEBUG - Sampled weight [1.44160624 1.16419539 0.88248039 0.58656335 0.95641016]
2020-07-20 08:26:53,460 - root - DEBUG - Updating hall of fame
2020-07-20 08:26:54,815 - root - INFO - Completed generation 23; 2.5s elapsed, 2.2s avg, 5.1e+01s total. Expected time remaining: 3.9e+02s
2020-07-20 08:26:54,871 - root - INFO - #23 MAX:accuracy.mean: 0.67
2020-07-20 08:26:54,913 - root - DEBUG - Sampled weight [1.15987875 1.33188391 0.50225312 0.56206578 1.00797477]
2020-07-20 08:26:55,989 - root - DEBUG - Updating hall of fame
2020-07-20 08:26:57,704 - root - INFO - Completed generation 24; 2.8s elapsed, 2.2s avg, 5.4e+01s total. Expected time remaining: 3.9e+02s
2020-07-20 08:26:57,759 - root - INFO - #24 MAX:accuracy.mean: 0.76
2020-07-20 08:26:57,800 - root - DEBUG - Sampled weight [1.28814996 0.97259114 1.01874386 0.86082127 1.52577935]
2020-07-20 08:26:58,874 - root - DEBUG - Updating hall of fame
2020-07-20 08:27:00,385 - root - INFO - Completed generation 25; 2.6s elapsed, 2.3s avg, 5.6e+01s total. Expected time remaining: 3.9e+02s
2020-07-20 08:27:00,440 - root - INFO - #25 MAX:accuracy.mean: 0.67
2020-07-20 08:27:00,481 - root - DEBUG - Sampled weight [0.58835879 0.47246457 0.70325168 1.58475801 1.61885019]
2020-07-20 08:27:01,567 - root - DEBUG - Updating hall of fame
2020-07-20 08:27:02,894 - root - INFO - Completed generation 26; 2.5s elapsed, 2.3s avg, 5.9e+01s total. Expected time remaining: 3.9e+02s
2020-07-20 08:27:02,949 - root - INFO - #26 MAX:accuracy.mean: 0.74
2020-07-20 08:27:02,991 - root - DEBUG - Sampled weight [1.33405821 0.37803693 1.53819773 1.22184809 1.28859583]
2020-07-20 08:27:04,064 - root - DEBUG - Updating hall of fame
2020-07-20 08:27:04,827 - root - INFO - Completed generation 27; 1.9s elapsed, 2.2s avg, 6.1e+01s total. Expected time remaining: 3.9e+02s
2020-07-20 08:27:04,882 - root - INFO - #27 MAX:accuracy.mean: 0.68
2020-07-20 08:27:04,925 - root - DEBUG - Sampled weight [0.8838894  2.6403292  1.3000228  0.52724091 1.1160773 ]
2020-07-20 08:27:06,000 - root - DEBUG - Updating hall of fame
2020-07-20 08:27:06,567 - root - INFO - Completed generation 28; 1.7s elapsed, 2.2s avg, 6.2e+01s total. Expected time remaining: 3.8e+02s
2020-07-20 08:27:06,622 - root - INFO - #28 MAX:accuracy.mean: 0.69
2020-07-20 08:27:06,663 - root - DEBUG - Sampled weight [1.21526369 1.90895194 1.19643586 1.0560415  3.27131797]
2020-07-20 08:27:07,738 - root - DEBUG - Updating hall of fame
2020-07-20 08:27:08,501 - root - INFO - Completed generation 29; 1.9s elapsed, 2.2s avg, 6.4e+01s total. Expected time remaining: 3.8e+02s
2020-07-20 08:27:08,557 - root - INFO - #29 MAX:accuracy.mean: 0.67
2020-07-20 08:27:08,599 - root - DEBUG - Sampled weight [0.60097375 0.63973256 0.89454864 0.9898641  1.76346783]
2020-07-20 08:27:09,675 - root - DEBUG - Updating hall of fame
2020-07-20 08:27:10,436 - root - INFO - Completed generation 30; 1.9s elapsed, 2.2s avg, 6.6e+01s total. Expected time remaining: 3.7e+02s
2020-07-20 08:27:10,491 - root - INFO - #30 MAX:accuracy.mean: 0.76
2020-07-20 08:27:10,593 - root - DEBUG - Sampled weight [1.11267389 1.39111942 1.98949839 0.59971493 0.66484245]
2020-07-20 08:27:11,665 - root - DEBUG - Updating hall of fame
2020-07-20 08:27:13,047 - root - INFO - Completed generation 31; 2.5s elapsed, 2.2s avg, 6.9e+01s total. Expected time remaining: 3.7e+02s
2020-07-20 08:27:13,106 - root - INFO - #31 MAX:accuracy.mean: 0.69
2020-07-20 08:27:13,150 - root - DEBUG - Sampled weight [1.08100881 0.88488714 2.68101124 0.5132719  2.47088116]
2020-07-20 08:27:14,380 - root - DEBUG - Updating hall of fame
2020-07-20 08:27:15,293 - root - INFO - Completed generation 32; 2.2s elapsed, 2.2s avg, 7.1e+01s total. Expected time remaining: 3.7e+02s
2020-07-20 08:27:15,368 - root - INFO - #32 MAX:accuracy.mean: 0.67
2020-07-20 08:27:15,413 - root - DEBUG - Sampled weight [0.67880914 1.89093642 1.56062689 0.68404121 2.60664264]
2020-07-20 08:27:16,513 - root - DEBUG - Updating hall of fame
2020-07-20 08:27:16,914 - root - INFO - Completed generation 33; 1.5s elapsed, 2.2s avg, 7.2e+01s total. Expected time remaining: 3.7e+02s
2020-07-20 08:27:16,971 - root - INFO - #33 MAX:accuracy.mean: 0.67
2020-07-20 08:27:17,012 - root - DEBUG - Sampled weight [1.1757555  0.34830271 2.386597   0.73535205 0.71888174]
2020-07-20 08:27:18,115 - root - DEBUG - Updating hall of fame
2020-07-20 08:27:18,902 - root - INFO - Completed generation 34; 1.9s elapsed, 2.2s avg, 7.4e+01s total. Expected time remaining: 3.6e+02s
2020-07-20 08:27:18,965 - root - INFO - #34 MAX:accuracy.mean: 0.67
2020-07-20 08:27:19,010 - root - DEBUG - Sampled weight [0.84217139 0.35146537 1.0086895  0.85956086 2.63621392]
2020-07-20 08:27:20,148 - root - DEBUG - Updating hall of fame
2020-07-20 08:27:20,358 - root - INFO - Completed generation 35; 1.4s elapsed, 2.2s avg, 7.6e+01s total. Expected time remaining: 3.6e+02s
2020-07-20 08:27:20,418 - root - INFO - #35 MAX:accuracy.mean: 0.67
2020-07-20 08:27:20,463 - root - DEBUG - Sampled weight [0.68030703 1.07338263 0.72878038 1.78595586 1.57108065]
2020-07-20 08:27:21,606 - root - DEBUG - Updating hall of fame
2020-07-20 08:27:21,986 - root - INFO - Completed generation 36; 1.6s elapsed, 2.1s avg, 7.7e+01s total. Expected time remaining: 3.5e+02s
2020-07-20 08:27:22,043 - root - INFO - #36 MAX:accuracy.mean: 0.67
2020-07-20 08:27:22,085 - root - DEBUG - Sampled weight [0.8745659  0.58744076 1.53784718 0.63606662 1.65566274]
2020-07-20 08:27:23,147 - root - DEBUG - Updating hall of fame
2020-07-20 08:27:24,066 - root - INFO - Completed generation 37; 2.0s elapsed, 2.1s avg, 7.9e+01s total. Expected time remaining: 3.5e+02s
2020-07-20 08:27:24,121 - root - INFO - #37 MAX:accuracy.mean: 0.76
2020-07-20 08:27:24,162 - root - DEBUG - Sampled weight [0.79680021 0.65659776 1.50105073 1.66142225 0.84665254]
2020-07-20 08:27:25,232 - root - DEBUG - Updating hall of fame
2020-07-20 08:27:26,173 - root - INFO - Completed generation 38; 2.1s elapsed, 2.1s avg, 8.1e+01s total. Expected time remaining: 3.5e+02s
2020-07-20 08:27:26,362 - root - INFO - #38 MAX:accuracy.mean: 0.67
2020-07-20 08:27:26,405 - root - DEBUG - Sampled weight [0.62820308 0.34546115 0.59990671 0.67708373 0.98145743]
2020-07-20 08:27:27,466 - root - DEBUG - Updating hall of fame
2020-07-20 08:27:28,388 - root - INFO - Completed generation 39; 2.0s elapsed, 2.1s avg, 8.3e+01s total. Expected time remaining: 3.4e+02s
2020-07-20 08:27:28,443 - root - INFO - #39 MAX:accuracy.mean: 0.68
2020-07-20 08:27:28,483 - root - DEBUG - Sampled weight [0.88966948 0.86022088 1.0812772  1.02571394 0.87187532]
2020-07-20 08:27:29,537 - root - DEBUG - Updating hall of fame
2020-07-20 08:27:30,461 - root - INFO - Completed generation 40; 2.0s elapsed, 2.1s avg, 8.5e+01s total. Expected time remaining: 3.4e+02s
2020-07-20 08:27:30,519 - root - INFO - #40 MAX:accuracy.mean: 0.79
2020-07-20 08:27:30,608 - root - DEBUG - Sampled weight [0.59459473 1.30071149 0.35837098 2.01492459 0.82563472]
2020-07-20 08:27:31,657 - root - DEBUG - Updating hall of fame
2020-07-20 08:27:32,036 - root - INFO - Completed generation 41; 1.5s elapsed, 2.1s avg, 8.7e+01s total. Expected time remaining: 3.4e+02s
2020-07-20 08:27:32,090 - root - INFO - #41 MAX:accuracy.mean: 0.71
2020-07-20 08:27:32,131 - root - DEBUG - Sampled weight [2.84704717 0.56206893 2.18707855 1.02948908 1.25564567]
2020-07-20 08:27:33,184 - root - DEBUG - Updating hall of fame
2020-07-20 08:27:34,289 - root - INFO - Completed generation 42; 2.2s elapsed, 2.1s avg, 8.9e+01s total. Expected time remaining: 3.3e+02s
2020-07-20 08:27:34,344 - root - INFO - #42 MAX:accuracy.mean: 0.72
2020-07-20 08:27:34,385 - root - DEBUG - Sampled weight [0.58229729 0.82916791 0.51278372 1.0777105  0.83181982]
2020-07-20 08:27:35,440 - root - DEBUG - Updating hall of fame
2020-07-20 08:27:36,545 - root - INFO - Completed generation 43; 2.2s elapsed, 2.1s avg, 9.1e+01s total. Expected time remaining: 3.3e+02s
2020-07-20 08:27:36,599 - root - INFO - #43 MAX:accuracy.mean: 0.78
2020-07-20 08:27:36,639 - root - DEBUG - Sampled weight [0.94364965 0.33602215 0.47154134 0.56071749 1.70459514]
2020-07-20 08:27:37,693 - root - DEBUG - Updating hall of fame
2020-07-20 08:27:39,020 - root - INFO - Completed generation 44; 2.4s elapsed, 2.1s avg, 9.4e+01s total. Expected time remaining: 3.3e+02s
2020-07-20 08:27:39,075 - root - INFO - #44 MAX:accuracy.mean: 0.73
2020-07-20 08:27:39,115 - root - DEBUG - Sampled weight [0.68782182 2.02342097 1.1827726  0.82935972 1.53218713]
2020-07-20 08:27:40,168 - root - DEBUG - Updating hall of fame
2020-07-20 08:27:40,937 - root - INFO - Completed generation 45; 1.9s elapsed, 2.1s avg, 9.5e+01s total. Expected time remaining: 3.3e+02s
2020-07-20 08:27:40,991 - root - INFO - #45 MAX:accuracy.mean: 0.69
2020-07-20 08:27:41,032 - root - DEBUG - Sampled weight [1.43282013 1.08969673 0.85888594 1.81072445 0.82398359]
2020-07-20 08:27:42,092 - root - DEBUG - Updating hall of fame
2020-07-20 08:27:43,393 - root - INFO - Completed generation 46; 2.4s elapsed, 2.1s avg, 9.8e+01s total. Expected time remaining: 3.3e+02s
2020-07-20 08:27:43,447 - root - INFO - #46 MAX:accuracy.mean: 0.74
2020-07-20 08:27:43,488 - root - DEBUG - Sampled weight [0.47052051 0.37422324 0.28914274 1.04329068 1.59774177]
2020-07-20 08:27:44,546 - root - DEBUG - Updating hall of fame
2020-07-20 08:27:45,847 - root - INFO - Completed generation 47; 2.4s elapsed, 2.1s avg, 1e+02s total. Expected time remaining: 3.3e+02s
2020-07-20 08:27:45,901 - root - INFO - #47 MAX:accuracy.mean: 0.71
2020-07-20 08:27:45,942 - root - DEBUG - Sampled weight [0.62401752 0.81474719 0.89436092 0.606984   1.03207087]
2020-07-20 08:27:47,001 - root - DEBUG - Updating hall of fame
2020-07-20 08:27:48,142 - root - INFO - Completed generation 48; 2.2s elapsed, 2.1s avg, 1e+02s total. Expected time remaining: 3.2e+02s
2020-07-20 08:27:48,197 - root - INFO - #48 MAX:accuracy.mean: 0.79
2020-07-20 08:27:48,239 - root - DEBUG - Sampled weight [1.11867363 0.91912226 0.87530215 0.7133042  0.99184693]
2020-07-20 08:27:49,331 - root - DEBUG - Updating hall of fame
2020-07-20 08:27:50,868 - root - INFO - Completed generation 49; 2.7s elapsed, 2.1s avg, 1.1e+02s total. Expected time remaining: 3.2e+02s
2020-07-20 08:27:50,925 - root - INFO - #49 MAX:accuracy.mean: 0.7
2020-07-20 08:27:50,967 - root - DEBUG - Sampled weight [0.71567318 0.64929465 1.15646523 1.20691077 1.51439438]
2020-07-20 08:27:52,045 - root - DEBUG - Updating hall of fame
2020-07-20 08:27:53,168 - root - INFO - Completed generation 50; 2.2s elapsed, 2.1s avg, 1.1e+02s total. Expected time remaining: 3.2e+02s
2020-07-20 08:27:53,222 - root - INFO - #50 MAX:accuracy.mean: 0.77
2020-07-20 08:27:53,326 - root - DEBUG - Sampled weight [1.07207068 0.48802126 0.35164716 0.67264307 2.43338843]
2020-07-20 08:27:54,383 - root - DEBUG - Updating hall of fame
2020-07-20 08:27:56,042 - root - INFO - Completed generation 51; 2.8s elapsed, 2.2s avg, 1.1e+02s total. Expected time remaining: 3.2e+02s
2020-07-20 08:27:56,097 - root - INFO - #51 MAX:accuracy.mean: 0.74
2020-07-20 08:27:56,137 - root - DEBUG - Sampled weight [2.05848424 0.56817229 0.70025567 1.23767039 0.47714224]
2020-07-20 08:27:57,196 - root - DEBUG - Updating hall of fame
2020-07-20 08:27:58,170 - root - INFO - Completed generation 52; 2.1s elapsed, 2.2s avg, 1.1e+02s total. Expected time remaining: 3.2e+02s
2020-07-20 08:27:58,224 - root - INFO - #52 MAX:accuracy.mean: 0.8
2020-07-20 08:27:58,265 - root - DEBUG - Sampled weight [1.17193664 1.47667861 0.68825823 0.45670512 0.40528519]
2020-07-20 08:27:59,321 - root - DEBUG - Updating hall of fame
2020-07-20 08:28:00,095 - root - INFO - Completed generation 53; 1.9s elapsed, 2.2s avg, 1.1e+02s total. Expected time remaining: 3.2e+02s
2020-07-20 08:28:00,149 - root - INFO - #53 MAX:accuracy.mean: 0.74
2020-07-20 08:28:00,190 - root - DEBUG - Sampled weight [0.63787205 1.38704616 1.15844008 0.48385008 0.78927548]
2020-07-20 08:28:01,256 - root - DEBUG - Updating hall of fame
2020-07-20 08:28:02,403 - root - INFO - Completed generation 54; 2.3s elapsed, 2.2s avg, 1.2e+02s total. Expected time remaining: 3.1e+02s
2020-07-20 08:28:02,457 - root - INFO - #54 MAX:accuracy.mean: 0.77
2020-07-20 08:28:02,498 - root - DEBUG - Sampled weight [0.88558652 0.8881303  0.66036261 0.9602874  0.7713636 ]
2020-07-20 08:28:03,562 - root - DEBUG - Updating hall of fame
2020-07-20 08:28:04,671 - root - INFO - Completed generation 55; 2.2s elapsed, 2.2s avg, 1.2e+02s total. Expected time remaining: 3.1e+02s
2020-07-20 08:28:04,725 - root - INFO - #55 MAX:accuracy.mean: 0.79
2020-07-20 08:28:04,765 - root - DEBUG - Sampled weight [1.08213515 0.6039335  0.50793707 1.25089624 1.89134111]
2020-07-20 08:28:05,828 - root - DEBUG - Updating hall of fame
2020-07-20 08:28:07,117 - root - INFO - Completed generation 56; 2.4s elapsed, 2.2s avg, 1.2e+02s total. Expected time remaining: 3.1e+02s
2020-07-20 08:28:07,171 - root - INFO - #56 MAX:accuracy.mean: 0.76
2020-07-20 08:28:07,212 - root - DEBUG - Sampled weight [0.86656062 1.60456557 0.94484467 0.56812715 0.72438273]
2020-07-20 08:28:08,261 - root - DEBUG - Updating hall of fame
2020-07-20 08:28:08,643 - root - INFO - Completed generation 57; 1.5s elapsed, 2.1s avg, 1.2e+02s total. Expected time remaining: 3.1e+02s
2020-07-20 08:28:08,697 - root - INFO - #57 MAX:accuracy.mean: 0.79
2020-07-20 08:28:08,737 - root - DEBUG - Sampled weight [3.74351601 0.74382985 1.8155656  0.66759675 0.85055365]
2020-07-20 08:28:09,800 - root - DEBUG - Updating hall of fame
2020-07-20 08:28:10,910 - root - INFO - Completed generation 58; 2.2s elapsed, 2.1s avg, 1.2e+02s total. Expected time remaining: 3.1e+02s
2020-07-20 08:28:10,965 - root - INFO - #58 MAX:accuracy.mean: 0.77
2020-07-20 08:28:11,006 - root - DEBUG - Sampled weight [2.26882269 1.09869858 0.80198036 1.84146032 1.09193213]
2020-07-20 08:28:12,062 - root - DEBUG - Updating hall of fame
2020-07-20 08:28:12,796 - root - INFO - Completed generation 59; 1.8s elapsed, 2.1s avg, 1.3e+02s total. Expected time remaining: 3e+02s
2020-07-20 08:28:12,850 - root - INFO - #59 MAX:accuracy.mean: 0.73
2020-07-20 08:28:12,891 - root - DEBUG - Sampled weight [2.38422743 0.43514559 1.25027775 1.61420428 1.39543046]
2020-07-20 08:28:13,950 - root - DEBUG - Updating hall of fame
2020-07-20 08:28:15,234 - root - INFO - Completed generation 60; 2.4s elapsed, 2.1s avg, 1.3e+02s total. Expected time remaining: 3e+02s
2020-07-20 08:28:15,289 - root - INFO - #60 MAX:accuracy.mean: 0.75
2020-07-20 08:28:15,418 - root - DEBUG - Sampled weight [0.9816987  0.42665462 0.7377942  2.0112459  0.6992141 ]
2020-07-20 08:28:16,471 - root - DEBUG - Updating hall of fame
2020-07-20 08:28:17,021 - root - INFO - Completed generation 61; 1.6s elapsed, 2.1s avg, 1.3e+02s total. Expected time remaining: 3e+02s
2020-07-20 08:28:17,075 - root - INFO - #61 MAX:accuracy.mean: 0.79
2020-07-20 08:28:17,115 - root - DEBUG - Sampled weight [1.60825999 1.33478045 0.56759919 0.9205216  1.95629921]
2020-07-20 08:28:18,164 - root - DEBUG - Updating hall of fame
2020-07-20 08:28:19,632 - root - INFO - Completed generation 62; 2.6s elapsed, 2.1s avg, 1.3e+02s total. Expected time remaining: 3e+02s
2020-07-20 08:28:19,686 - root - INFO - #62 MAX:accuracy.mean: 0.74
2020-07-20 08:28:19,726 - root - DEBUG - Sampled weight [0.51663453 0.31643891 0.60440336 0.51431026 1.09111381]
2020-07-20 08:28:20,774 - root - DEBUG - Updating hall of fame
2020-07-20 08:28:21,511 - root - INFO - Completed generation 63; 1.8s elapsed, 2.1s avg, 1.3e+02s total. Expected time remaining: 2.9e+02s
2020-07-20 08:28:21,565 - root - INFO - #63 MAX:accuracy.mean: 0.8
2020-07-20 08:28:21,605 - root - DEBUG - Sampled weight [1.61607874 0.89443528 1.54200278 1.3798276  0.84468478]
2020-07-20 08:28:22,660 - root - DEBUG - Updating hall of fame
2020-07-20 08:28:23,426 - root - INFO - Completed generation 64; 1.9s elapsed, 2.1s avg, 1.4e+02s total. Expected time remaining: 2.9e+02s
2020-07-20 08:28:23,481 - root - INFO - #64 MAX:accuracy.mean: 0.73
2020-07-20 08:28:23,523 - root - DEBUG - Sampled weight [0.994294   1.87229865 0.61691101 0.67974057 1.04764176]
2020-07-20 08:28:24,612 - root - DEBUG - Updating hall of fame
2020-07-20 08:28:25,189 - root - INFO - Completed generation 65; 1.7s elapsed, 2.1s avg, 1.4e+02s total. Expected time remaining: 2.9e+02s
2020-07-20 08:28:25,245 - root - INFO - #65 MAX:accuracy.mean: 0.78
2020-07-20 08:28:25,287 - root - DEBUG - Sampled weight [1.06150601 0.66981857 1.06633195 0.87459673 1.76185019]
2020-07-20 08:28:26,375 - root - DEBUG - Updating hall of fame
2020-07-20 08:28:27,127 - root - INFO - Completed generation 66; 1.9s elapsed, 2.1s avg, 1.4e+02s total. Expected time remaining: 2.8e+02s
2020-07-20 08:28:27,182 - root - INFO - #66 MAX:accuracy.mean: 0.73
2020-07-20 08:28:27,225 - root - DEBUG - Sampled weight [1.12418415 0.91232807 0.30866281 1.12388109 0.55231983]
2020-07-20 08:28:28,289 - root - DEBUG - Updating hall of fame
2020-07-20 08:28:28,836 - root - INFO - Completed generation 67; 1.7s elapsed, 2.1s avg, 1.4e+02s total. Expected time remaining: 2.8e+02s
2020-07-20 08:28:28,890 - root - INFO - #67 MAX:accuracy.mean: 0.72
2020-07-20 08:28:28,930 - root - DEBUG - Sampled weight [1.3552778  1.46245095 0.66089041 0.65291046 0.64555676]
2020-07-20 08:28:29,979 - root - DEBUG - Updating hall of fame
2020-07-20 08:28:30,702 - root - INFO - Completed generation 68; 1.8s elapsed, 2.1s avg, 1.4e+02s total. Expected time remaining: 2.8e+02s
2020-07-20 08:28:30,757 - root - INFO - #68 MAX:accuracy.mean: 0.84
2020-07-20 08:28:30,798 - root - DEBUG - Sampled weight [1.63765483 1.14661082 1.24534078 0.57328663 1.74959202]
2020-07-20 08:28:31,849 - root - DEBUG - Updating hall of fame
2020-07-20 08:28:32,035 - root - INFO - Completed generation 69; 1.3s elapsed, 2.1s avg, 1.5e+02s total. Expected time remaining: 2.8e+02s
2020-07-20 08:28:32,089 - root - INFO - #69 MAX:accuracy.mean: 0.72
2020-07-20 08:28:32,129 - root - DEBUG - Sampled weight [1.0211215  0.51393002 1.22317752 0.9208411  0.91132161]
2020-07-20 08:28:33,193 - root - DEBUG - Updating hall of fame
2020-07-20 08:28:33,557 - root - INFO - Completed generation 70; 1.5s elapsed, 2.1s avg, 1.5e+02s total. Expected time remaining: 2.7e+02s
2020-07-20 08:28:33,612 - root - INFO - #70 MAX:accuracy.mean: 0.75
2020-07-20 08:28:33,702 - root - DEBUG - Sampled weight [2.08585415 0.73593774 1.15185466 1.01062533 1.41777357]
2020-07-20 08:28:34,755 - root - DEBUG - Updating hall of fame
2020-07-20 08:28:35,484 - root - INFO - Completed generation 71; 1.8s elapsed, 2.1s avg, 1.5e+02s total. Expected time remaining: 2.7e+02s
2020-07-20 08:28:35,538 - root - INFO - #71 MAX:accuracy.mean: 0.77
2020-07-20 08:28:35,583 - root - DEBUG - Sampled weight [0.576302   0.54223213 0.88774719 0.5940485  0.95111927]
2020-07-20 08:28:36,635 - root - DEBUG - Updating hall of fame
2020-07-20 08:28:37,190 - root - INFO - Completed generation 72; 1.6s elapsed, 2.1s avg, 1.5e+02s total. Expected time remaining: 2.7e+02s
2020-07-20 08:28:37,244 - root - INFO - #72 MAX:accuracy.mean: 0.73
2020-07-20 08:28:37,284 - root - DEBUG - Sampled weight [1.21682356 1.71957005 1.30840636 1.25087169 1.01829627]
2020-07-20 08:28:38,337 - root - DEBUG - Updating hall of fame
2020-07-20 08:28:39,059 - root - INFO - Completed generation 73; 1.8s elapsed, 2.1s avg, 1.5e+02s total. Expected time remaining: 2.6e+02s
2020-07-20 08:28:39,113 - root - INFO - #73 MAX:accuracy.mean: 0.75
2020-07-20 08:28:39,154 - root - DEBUG - Sampled weight [1.1741023  1.62755571 0.75974593 0.97200813 1.43585351]
2020-07-20 08:28:40,208 - root - DEBUG - Updating hall of fame
2020-07-20 08:28:40,575 - root - INFO - Completed generation 74; 1.5s elapsed, 2.1s avg, 1.5e+02s total. Expected time remaining: 2.6e+02s
2020-07-20 08:28:40,629 - root - INFO - #74 MAX:accuracy.mean: 0.75
2020-07-20 08:28:40,670 - root - DEBUG - Sampled weight [0.70514955 1.7586211  1.09682239 0.52147537 0.74497702]
2020-07-20 08:28:41,723 - root - DEBUG - Updating hall of fame
2020-07-20 08:28:42,455 - root - INFO - Completed generation 75; 1.8s elapsed, 2.1s avg, 1.6e+02s total. Expected time remaining: 2.6e+02s
2020-07-20 08:28:42,509 - root - INFO - #75 MAX:accuracy.mean: 0.78
2020-07-20 08:28:42,549 - root - DEBUG - Sampled weight [1.92769176 0.57739555 0.83849198 2.36756446 0.80366636]
2020-07-20 08:28:43,598 - root - DEBUG - Updating hall of fame
2020-07-20 08:28:44,505 - root - INFO - Completed generation 76; 2.0s elapsed, 2.1s avg, 1.6e+02s total. Expected time remaining: 2.6e+02s
2020-07-20 08:28:44,559 - root - INFO - #76 MAX:accuracy.mean: 0.79
2020-07-20 08:28:44,599 - root - DEBUG - Sampled weight [0.81911431 0.78404918 0.4838687  1.17243208 0.68555183]
2020-07-20 08:28:45,649 - root - DEBUG - Updating hall of fame
2020-07-20 08:28:46,204 - root - INFO - Completed generation 77; 1.6s elapsed, 2.1s avg, 1.6e+02s total. Expected time remaining: 2.5e+02s
2020-07-20 08:28:46,259 - root - INFO - #77 MAX:accuracy.mean: 0.8
2020-07-20 08:28:46,299 - root - DEBUG - Sampled weight [0.57783582 1.28305066 0.7792859  0.78116208 0.82656862]
2020-07-20 08:28:47,354 - root - DEBUG - Updating hall of fame
2020-07-20 08:28:48,263 - root - INFO - Completed generation 78; 2.0s elapsed, 2.1s avg, 1.6e+02s total. Expected time remaining: 2.5e+02s
2020-07-20 08:28:48,317 - root - INFO - #78 MAX:accuracy.mean: 0.87
2020-07-20 08:28:48,357 - root - DEBUG - Sampled weight [2.65389113 1.45393159 1.70104281 0.94039657 1.52207748]
2020-07-20 08:28:49,418 - root - DEBUG - Updating hall of fame
2020-07-20 08:28:49,977 - root - INFO - Completed generation 79; 1.7s elapsed, 2.1s avg, 1.6e+02s total. Expected time remaining: 2.5e+02s
2020-07-20 08:28:50,031 - root - INFO - #79 MAX:accuracy.mean: 0.76
2020-07-20 08:28:50,073 - root - DEBUG - Sampled weight [0.52930141 1.23972801 0.98199701 1.10464978 0.7455551 ]
2020-07-20 08:28:51,136 - root - DEBUG - Updating hall of fame
2020-07-20 08:28:51,519 - root - INFO - Completed generation 80; 1.5s elapsed, 2.0s avg, 1.6e+02s total. Expected time remaining: 2.5e+02s
2020-07-20 08:28:51,573 - root - INFO - #80 MAX:accuracy.mean: 0.8
2020-07-20 08:28:51,700 - root - DEBUG - Sampled weight [1.49647947 0.94734043 1.10966022 1.31113188 1.00296743]
2020-07-20 08:28:52,771 - root - DEBUG - Updating hall of fame
2020-07-20 08:28:53,898 - root - INFO - Completed generation 81; 2.2s elapsed, 2.1s avg, 1.7e+02s total. Expected time remaining: 2.4e+02s
2020-07-20 08:28:53,953 - root - INFO - #81 MAX:accuracy.mean: 0.81
2020-07-20 08:28:53,995 - root - DEBUG - Sampled weight [1.54165635 1.74748548 1.86425121 1.75804486 0.95407421]
2020-07-20 08:28:55,090 - root - DEBUG - Updating hall of fame
2020-07-20 08:28:55,851 - root - INFO - Completed generation 82; 1.9s elapsed, 2.0s avg, 1.7e+02s total. Expected time remaining: 2.4e+02s
2020-07-20 08:28:55,908 - root - INFO - #82 MAX:accuracy.mean: 0.77
2020-07-20 08:28:55,950 - root - DEBUG - Sampled weight [1.65800929 0.80776344 1.12742213 0.58155046 0.48075126]
2020-07-20 08:28:57,049 - root - DEBUG - Updating hall of fame
2020-07-20 08:28:57,250 - root - INFO - Completed generation 83; 1.3s elapsed, 2.0s avg, 1.7e+02s total. Expected time remaining: 2.4e+02s
2020-07-20 08:28:57,306 - root - INFO - #83 MAX:accuracy.mean: 0.77
2020-07-20 08:28:57,349 - root - DEBUG - Sampled weight [0.27150676 1.14660223 0.93923785 2.04286434 1.12913638]
2020-07-20 08:28:58,438 - root - DEBUG - Updating hall of fame
2020-07-20 08:28:59,195 - root - INFO - Completed generation 84; 1.9s elapsed, 2.0s avg, 1.7e+02s total. Expected time remaining: 2.4e+02s
2020-07-20 08:28:59,249 - root - INFO - #84 MAX:accuracy.mean: 0.77
2020-07-20 08:28:59,290 - root - DEBUG - Sampled weight [1.31262996 1.73123621 0.53266774 0.82137577 0.5207123 ]
2020-07-20 08:29:00,370 - root - DEBUG - Updating hall of fame
2020-07-20 08:29:00,746 - root - INFO - Completed generation 85; 1.5s elapsed, 2.0s avg, 1.7e+02s total. Expected time remaining: 2.3e+02s
2020-07-20 08:29:00,800 - root - INFO - #85 MAX:accuracy.mean: 0.78
2020-07-20 08:29:00,841 - root - DEBUG - Sampled weight [0.65829252 0.66946551 0.89918558 1.42913202 1.36991934]
2020-07-20 08:29:01,968 - root - DEBUG - Updating hall of fame
2020-07-20 08:29:02,528 - root - INFO - Completed generation 86; 1.7s elapsed, 2.0s avg, 1.7e+02s total. Expected time remaining: 2.3e+02s
2020-07-20 08:29:02,582 - root - INFO - #86 MAX:accuracy.mean: 0.82
2020-07-20 08:29:02,623 - root - DEBUG - Sampled weight [0.84387397 0.36203057 0.69283052 2.35007483 0.4067496 ]
2020-07-20 08:29:03,691 - root - DEBUG - Updating hall of fame
2020-07-20 08:29:04,241 - root - INFO - Completed generation 87; 1.7s elapsed, 2.0s avg, 1.8e+02s total. Expected time remaining: 2.3e+02s
2020-07-20 08:29:04,295 - root - INFO - #87 MAX:accuracy.mean: 0.74
2020-07-20 08:29:04,335 - root - DEBUG - Sampled weight [1.09616064 1.15833163 1.84872095 1.4308981  0.63854433]
2020-07-20 08:29:05,398 - root - DEBUG - Updating hall of fame
2020-07-20 08:29:05,399 - root - INFO - Completed generation 88; 1.1s elapsed, 2.0s avg, 1.8e+02s total. Expected time remaining: 2.3e+02s
2020-07-20 08:29:05,453 - root - INFO - #88 MAX:accuracy.mean: 0.75
2020-07-20 08:29:05,494 - root - DEBUG - Sampled weight [0.80633689 0.88370749 0.78325205 1.46465992 1.14584992]
2020-07-20 08:29:06,565 - root - DEBUG - Updating hall of fame
2020-07-20 08:29:07,309 - root - INFO - Completed generation 89; 1.9s elapsed, 2.0s avg, 1.8e+02s total. Expected time remaining: 2.2e+02s
2020-07-20 08:29:07,363 - root - INFO - #89 MAX:accuracy.mean: 0.81
2020-07-20 08:29:07,404 - root - DEBUG - Sampled weight [1.38274324 2.10413053 0.91295855 2.01529434 0.64157781]
2020-07-20 08:29:08,473 - root - DEBUG - Updating hall of fame
2020-07-20 08:29:09,215 - root - INFO - Completed generation 90; 1.9s elapsed, 2.0s avg, 1.8e+02s total. Expected time remaining: 2.2e+02s
2020-07-20 08:29:09,269 - root - INFO - #90 MAX:accuracy.mean: 0.73
2020-07-20 08:29:09,382 - root - DEBUG - Sampled weight [0.78521051 0.6654569  1.17053871 0.91010482 1.23471771]
2020-07-20 08:29:10,453 - root - DEBUG - Updating hall of fame
2020-07-20 08:29:11,015 - root - INFO - Completed generation 91; 1.7s elapsed, 2.0s avg, 1.8e+02s total. Expected time remaining: 2.2e+02s
2020-07-20 08:29:11,069 - root - INFO - #91 MAX:accuracy.mean: 0.74
2020-07-20 08:29:11,110 - root - DEBUG - Sampled weight [0.72499481 0.43362161 0.41694834 0.70601782 2.35882557]
2020-07-20 08:29:12,176 - root - DEBUG - Updating hall of fame
2020-07-20 08:29:13,282 - root - INFO - Completed generation 92; 2.2s elapsed, 2.0s avg, 1.8e+02s total. Expected time remaining: 2.2e+02s
2020-07-20 08:29:13,336 - root - INFO - #92 MAX:accuracy.mean: 0.79
2020-07-20 08:29:13,376 - root - DEBUG - Sampled weight [1.90536463 0.86564353 0.54998097 0.95762274 1.47954256]
2020-07-20 08:29:14,441 - root - DEBUG - Updating hall of fame
2020-07-20 08:29:14,633 - root - INFO - Completed generation 93; 1.3s elapsed, 2.0s avg, 1.9e+02s total. Expected time remaining: 2.1e+02s
2020-07-20 08:29:14,687 - root - INFO - #93 MAX:accuracy.mean: 0.78
2020-07-20 08:29:14,727 - root - DEBUG - Sampled weight [1.18864981 1.24410566 0.68485604 1.04911214 1.46572394]
2020-07-20 08:29:15,784 - root - DEBUG - Updating hall of fame
2020-07-20 08:29:16,510 - root - INFO - Completed generation 94; 1.8s elapsed, 2.0s avg, 1.9e+02s total. Expected time remaining: 2.1e+02s
2020-07-20 08:29:16,565 - root - INFO - #94 MAX:accuracy.mean: 0.74
2020-07-20 08:29:16,608 - root - DEBUG - Sampled weight [1.77591802 0.68865292 0.74799575 0.7962604  1.13750334]
2020-07-20 08:29:17,673 - root - DEBUG - Updating hall of fame
2020-07-20 08:29:18,595 - root - INFO - Completed generation 95; 2.0s elapsed, 2.0s avg, 1.9e+02s total. Expected time remaining: 2.1e+02s
2020-07-20 08:29:18,649 - root - INFO - #95 MAX:accuracy.mean: 0.7
2020-07-20 08:29:18,690 - root - DEBUG - Sampled weight [1.43460534 1.4573299  2.82321268 0.734625   0.77180157]
2020-07-20 08:29:19,769 - root - DEBUG - Updating hall of fame
2020-07-20 08:29:20,515 - root - INFO - Completed generation 96; 1.9s elapsed, 2.0s avg, 1.9e+02s total. Expected time remaining: 2.1e+02s
2020-07-20 08:29:20,569 - root - INFO - #96 MAX:accuracy.mean: 0.73
2020-07-20 08:29:20,609 - root - DEBUG - Sampled weight [1.71513644 1.79862917 1.1539293  0.53754865 0.68220349]
2020-07-20 08:29:21,680 - root - DEBUG - Updating hall of fame
2020-07-20 08:29:22,440 - root - INFO - Completed generation 97; 1.9s elapsed, 2.0s avg, 1.9e+02s total. Expected time remaining: 2.1e+02s
2020-07-20 08:29:22,494 - root - INFO - #97 MAX:accuracy.mean: 0.76
2020-07-20 08:29:22,535 - root - DEBUG - Sampled weight [0.97451425 1.93529983 1.14841758 0.94672592 2.50013756]
2020-07-20 08:29:23,618 - root - DEBUG - Updating hall of fame
2020-07-20 08:29:24,366 - root - INFO - Completed generation 98; 1.9s elapsed, 2.0s avg, 2e+02s total. Expected time remaining: 2e+02s
2020-07-20 08:29:24,420 - root - INFO - #98 MAX:accuracy.mean: 0.7
2020-07-20 08:29:24,460 - root - DEBUG - Sampled weight [0.5459198  1.32190461 2.23453195 0.91664506 1.32771408]
2020-07-20 08:29:25,545 - root - DEBUG - Updating hall of fame
2020-07-20 08:29:25,735 - root - INFO - Completed generation 99; 1.3s elapsed, 2.0s avg, 2e+02s total. Expected time remaining: 2e+02s
2020-07-20 08:29:25,789 - root - INFO - #99 MAX:accuracy.mean: 0.72
2020-07-20 08:29:25,831 - root - DEBUG - Sampled weight [0.47795483 0.67641524 1.03574345 0.72839155 0.60204235]
2020-07-20 08:29:26,902 - root - DEBUG - Updating hall of fame
2020-07-20 08:29:27,472 - root - INFO - Completed generation 100; 1.7s elapsed, 2.0s avg, 2e+02s total. Expected time remaining: 2e+02s
2020-07-20 08:29:27,526 - root - INFO - #100 MAX:accuracy.mean: 0.76
2020-07-20 08:29:27,639 - root - DEBUG - Sampled weight [0.51640603 0.54613374 1.55243146 1.47050794 1.2393105 ]
2020-07-20 08:29:28,708 - root - DEBUG - Updating hall of fame
2020-07-20 08:29:29,261 - root - INFO - Completed generation 101; 1.7s elapsed, 2.0s avg, 2e+02s total. Expected time remaining: 2e+02s
2020-07-20 08:29:29,315 - root - INFO - #101 MAX:accuracy.mean: 0.75
2020-07-20 08:29:29,355 - root - DEBUG - Sampled weight [0.53779359 0.80632763 1.5939857  2.97032296 1.17070808]
2020-07-20 08:29:30,427 - root - DEBUG - Updating hall of fame
2020-07-20 08:29:30,427 - root - INFO - Completed generation 102; 1.1s elapsed, 2.0s avg, 2e+02s total. Expected time remaining: 1.9e+02s
2020-07-20 08:29:30,481 - root - INFO - #102 MAX:accuracy.mean: 0.73
2020-07-20 08:29:30,522 - root - DEBUG - Sampled weight [1.43589739 2.24835931 0.43344801 1.56245359 1.96738694]
2020-07-20 08:29:31,591 - root - DEBUG - Updating hall of fame
2020-07-20 08:29:31,781 - root - INFO - Completed generation 103; 1.3s elapsed, 2.0s avg, 2e+02s total. Expected time remaining: 1.9e+02s
2020-07-20 08:29:31,835 - root - INFO - #103 MAX:accuracy.mean: 0.74
2020-07-20 08:29:31,877 - root - DEBUG - Sampled weight [2.17001464 0.97554912 1.25185153 0.38721246 1.03936388]
2020-07-20 08:29:32,961 - root - DEBUG - Updating hall of fame
2020-07-20 08:29:32,962 - root - INFO - Completed generation 104; 1.1s elapsed, 2.0s avg, 2e+02s total. Expected time remaining: 1.9e+02s
2020-07-20 08:29:33,016 - root - INFO - #104 MAX:accuracy.mean: 0.75
2020-07-20 08:29:33,058 - root - DEBUG - Sampled weight [0.71598632 1.2317847  0.52917453 1.13852189 0.78437626]
2020-07-20 08:29:34,132 - root - DEBUG - Updating hall of fame
2020-07-20 08:29:34,862 - root - INFO - Completed generation 105; 1.8s elapsed, 2.0s avg, 2.1e+02s total. Expected time remaining: 1.9e+02s
2020-07-20 08:29:34,916 - root - INFO - #105 MAX:accuracy.mean: 0.73
2020-07-20 08:29:34,958 - root - DEBUG - Sampled weight [1.09060872 0.59722519 1.80752361 0.74093691 0.50789103]
2020-07-20 08:29:36,035 - root - DEBUG - Updating hall of fame
2020-07-20 08:29:36,773 - root - INFO - Completed generation 106; 1.9s elapsed, 2.0s avg, 2.1e+02s total. Expected time remaining: 1.8e+02s
2020-07-20 08:29:36,827 - root - INFO - #106 MAX:accuracy.mean: 0.72
2020-07-20 08:29:36,867 - root - DEBUG - Sampled weight [1.53686844 1.24622668 0.54676582 4.72011196 1.13928398]
2020-07-20 08:29:37,954 - root - DEBUG - Updating hall of fame
2020-07-20 08:29:38,146 - root - INFO - Completed generation 107; 1.3s elapsed, 2.0s avg, 2.1e+02s total. Expected time remaining: 1.8e+02s
2020-07-20 08:29:38,200 - root - INFO - #107 MAX:accuracy.mean: 0.7
2020-07-20 08:29:38,241 - root - DEBUG - Sampled weight [1.10284582 0.67995349 1.26410995 3.2135737  1.45155603]
2020-07-20 08:29:39,313 - root - DEBUG - Updating hall of fame
2020-07-20 08:29:39,692 - root - INFO - Completed generation 108; 1.5s elapsed, 1.9s avg, 2.1e+02s total. Expected time remaining: 1.8e+02s
2020-07-20 08:29:39,746 - root - INFO - #108 MAX:accuracy.mean: 0.75
2020-07-20 08:29:39,786 - root - DEBUG - Sampled weight [0.60410238 1.22644941 0.71934148 1.05809548 1.42850798]
2020-07-20 08:29:40,861 - root - DEBUG - Updating hall of fame
2020-07-20 08:29:41,242 - root - INFO - Completed generation 109; 1.5s elapsed, 1.9s avg, 2.1e+02s total. Expected time remaining: 1.8e+02s
2020-07-20 08:29:41,296 - root - INFO - #109 MAX:accuracy.mean: 0.74
2020-07-20 08:29:41,337 - root - DEBUG - Sampled weight [1.18861826 0.74594462 1.50005034 0.98926269 0.81988885]
2020-07-20 08:29:42,425 - root - DEBUG - Updating hall of fame
2020-07-20 08:29:43,352 - root - INFO - Completed generation 110; 2.1s elapsed, 1.9s avg, 2.1e+02s total. Expected time remaining: 1.8e+02s
2020-07-20 08:29:43,406 - root - INFO - #110 MAX:accuracy.mean: 0.72
2020-07-20 08:29:43,512 - root - DEBUG - Sampled weight [0.58368056 1.60581729 0.81776475 1.41795891 0.91695171]
2020-07-20 08:29:44,592 - root - DEBUG - Updating hall of fame
2020-07-20 08:29:44,966 - root - INFO - Completed generation 111; 1.5s elapsed, 1.9s avg, 2.2e+02s total. Expected time remaining: 1.7e+02s
2020-07-20 08:29:45,020 - root - INFO - #111 MAX:accuracy.mean: 0.72
2020-07-20 08:29:45,061 - root - DEBUG - Sampled weight [0.98702389 0.48937185 0.5341015  1.38525226 1.97956217]
2020-07-20 08:29:46,149 - root - DEBUG - Updating hall of fame
2020-07-20 08:29:46,331 - root - INFO - Completed generation 112; 1.3s elapsed, 1.9s avg, 2.2e+02s total. Expected time remaining: 1.7e+02s
2020-07-20 08:29:46,385 - root - INFO - #112 MAX:accuracy.mean: 0.74
2020-07-20 08:29:46,427 - root - DEBUG - Sampled weight [0.91850565 1.31717607 1.35188563 2.32035349 0.85606605]
2020-07-20 08:29:47,491 - root - DEBUG - Updating hall of fame
2020-07-20 08:29:47,491 - root - INFO - Completed generation 113; 1.1s elapsed, 1.9s avg, 2.2e+02s total. Expected time remaining: 1.7e+02s
2020-07-20 08:29:47,545 - root - INFO - #113 MAX:accuracy.mean: 0.7
2020-07-20 08:29:47,586 - root - DEBUG - Sampled weight [1.60552384 1.15791187 0.619431   0.68655568 1.23635635]
2020-07-20 08:29:48,667 - root - DEBUG - Updating hall of fame
2020-07-20 08:29:49,051 - root - INFO - Completed generation 114; 1.5s elapsed, 1.9s avg, 2.2e+02s total. Expected time remaining: 1.7e+02s
2020-07-20 08:29:49,105 - root - INFO - #114 MAX:accuracy.mean: 0.76
2020-07-20 08:29:49,146 - root - DEBUG - Sampled weight [1.5799723  3.65847565 2.02515115 0.92161649 0.76764081]
2020-07-20 08:29:50,229 - root - DEBUG - Updating hall of fame
2020-07-20 08:29:50,792 - root - INFO - Completed generation 115; 1.7s elapsed, 1.9s avg, 2.2e+02s total. Expected time remaining: 1.6e+02s
2020-07-20 08:29:50,846 - root - INFO - #115 MAX:accuracy.mean: 0.72
2020-07-20 08:29:50,888 - root - DEBUG - Sampled weight [0.65954746 0.71088939 0.41439898 1.38260753 0.99956919]
2020-07-20 08:29:51,979 - root - DEBUG - Updating hall of fame
2020-07-20 08:29:52,172 - root - INFO - Completed generation 116; 1.3s elapsed, 1.9s avg, 2.2e+02s total. Expected time remaining: 1.6e+02s
2020-07-20 08:29:52,228 - root - INFO - #116 MAX:accuracy.mean: 0.76
2020-07-20 08:29:52,269 - root - DEBUG - Sampled weight [1.11229646 2.23560025 1.08482157 0.7215562  1.84844464]
2020-07-20 08:29:53,335 - root - DEBUG - Updating hall of fame
2020-07-20 08:29:54,259 - root - INFO - Completed generation 117; 2.0s elapsed, 1.9s avg, 2.2e+02s total. Expected time remaining: 1.6e+02s
2020-07-20 08:29:54,313 - root - INFO - #117 MAX:accuracy.mean: 0.73
2020-07-20 08:29:54,355 - root - DEBUG - Sampled weight [1.12932714 1.53565019 1.3858941  2.61068694 1.39499977]
2020-07-20 08:29:55,425 - root - DEBUG - Updating hall of fame
2020-07-20 08:29:55,803 - root - INFO - Completed generation 118; 1.5s elapsed, 1.9s avg, 2.3e+02s total. Expected time remaining: 1.6e+02s
2020-07-20 08:29:55,857 - root - INFO - #118 MAX:accuracy.mean: 0.7
2020-07-20 08:29:55,898 - root - DEBUG - Sampled weight [0.49795912 1.03027537 1.05383808 1.17993923 1.34741038]
2020-07-20 08:29:56,971 - root - DEBUG - Updating hall of fame
2020-07-20 08:29:57,153 - root - INFO - Completed generation 119; 1.3s elapsed, 1.9s avg, 2.3e+02s total. Expected time remaining: 1.5e+02s
2020-07-20 08:29:57,207 - root - INFO - #119 MAX:accuracy.mean: 0.72
2020-07-20 08:29:57,247 - root - DEBUG - Sampled weight [0.92744578 1.67244125 1.0171268  0.43935765 0.75896064]
2020-07-20 08:29:58,309 - root - DEBUG - Updating hall of fame
2020-07-20 08:29:58,850 - root - INFO - Completed generation 120; 1.6s elapsed, 1.9s avg, 2.3e+02s total. Expected time remaining: 1.5e+02s
2020-07-20 08:29:58,904 - root - INFO - #120 MAX:accuracy.mean: 0.7
2020-07-20 08:29:59,013 - root - DEBUG - Sampled weight [1.28737896 1.19160887 0.75218959 1.76099493 0.89960081]
2020-07-20 08:30:00,074 - root - DEBUG - Updating hall of fame
2020-07-20 08:30:00,256 - root - INFO - Completed generation 121; 1.3s elapsed, 1.9s avg, 2.3e+02s total. Expected time remaining: 1.5e+02s
2020-07-20 08:30:00,310 - root - INFO - #121 MAX:accuracy.mean: 0.75
2020-07-20 08:30:00,350 - root - DEBUG - Sampled weight [1.60660388 1.52022255 0.70234925 0.65958622 1.21300366]
2020-07-20 08:30:01,420 - root - DEBUG - Updating hall of fame
2020-07-20 08:30:01,983 - root - INFO - Completed generation 122; 1.7s elapsed, 1.9s avg, 2.3e+02s total. Expected time remaining: 1.5e+02s
2020-07-20 08:30:02,041 - root - INFO - #122 MAX:accuracy.mean: 0.77
2020-07-20 08:30:02,085 - root - DEBUG - Sampled weight [0.47369493 1.2989159  0.55904472 1.44200252 1.28201417]
2020-07-20 08:30:03,234 - root - DEBUG - Updating hall of fame
2020-07-20 08:30:04,032 - root - INFO - Completed generation 123; 2.0s elapsed, 1.9s avg, 2.3e+02s total. Expected time remaining: 1.5e+02s
2020-07-20 08:30:04,090 - root - INFO - #123 MAX:accuracy.mean: 0.72
2020-07-20 08:30:04,132 - root - DEBUG - Sampled weight [0.35795475 0.36384354 1.00123077 1.77182172 1.68467489]
2020-07-20 08:30:05,263 - root - DEBUG - Updating hall of fame
2020-07-20 08:30:05,843 - root - INFO - Completed generation 124; 1.8s elapsed, 1.9s avg, 2.4e+02s total. Expected time remaining: 1.4e+02s
2020-07-20 08:30:05,899 - root - INFO - #124 MAX:accuracy.mean: 0.7
2020-07-20 08:30:05,940 - root - DEBUG - Sampled weight [0.79140258 0.58980825 2.84155256 0.40555782 1.02173423]
2020-07-20 08:30:06,994 - root - DEBUG - Updating hall of fame
2020-07-20 08:30:06,994 - root - INFO - Completed generation 125; 1.1s elapsed, 1.9s avg, 2.4e+02s total. Expected time remaining: 1.4e+02s
2020-07-20 08:30:07,048 - root - INFO - #125 MAX:accuracy.mean: 0.72
2020-07-20 08:30:07,089 - root - DEBUG - Sampled weight [1.22067941 1.98442703 0.93733233 1.31536502 1.30256616]
2020-07-20 08:30:08,148 - root - DEBUG - Updating hall of fame
2020-07-20 08:30:08,352 - root - INFO - Completed generation 126; 1.3s elapsed, 1.9s avg, 2.4e+02s total. Expected time remaining: 1.4e+02s
2020-07-20 08:30:08,410 - root - INFO - #126 MAX:accuracy.mean: 0.7
2020-07-20 08:30:08,454 - root - DEBUG - Sampled weight [2.66746148 0.769804   0.91484191 2.23660903 1.82609448]
2020-07-20 08:30:09,585 - root - DEBUG - Updating hall of fame
2020-07-20 08:30:10,153 - root - INFO - Completed generation 127; 1.7s elapsed, 1.9s avg, 2.4e+02s total. Expected time remaining: 1.4e+02s
2020-07-20 08:30:10,209 - root - INFO - #127 MAX:accuracy.mean: 0.72
2020-07-20 08:30:10,251 - root - DEBUG - Sampled weight [0.62037533 0.66798591 1.03876766 0.69231042 3.00998194]
2020-07-20 08:30:11,347 - root - DEBUG - Updating hall of fame
2020-07-20 08:30:11,735 - root - INFO - Completed generation 128; 1.5s elapsed, 1.9s avg, 2.4e+02s total. Expected time remaining: 1.4e+02s
2020-07-20 08:30:11,791 - root - INFO - #128 MAX:accuracy.mean: 0.79
2020-07-20 08:30:11,832 - root - DEBUG - Sampled weight [0.65735209 0.8430804  1.87817932 0.83384386 0.76339528]
2020-07-20 08:30:12,915 - root - DEBUG - Updating hall of fame
2020-07-20 08:30:13,481 - root - INFO - Completed generation 129; 1.7s elapsed, 1.9s avg, 2.4e+02s total. Expected time remaining: 1.3e+02s
2020-07-20 08:30:13,535 - root - INFO - #129 MAX:accuracy.mean: 0.74
2020-07-20 08:30:13,577 - root - DEBUG - Sampled weight [1.10593073 0.73976044 0.51780928 1.38178887 0.83353911]
2020-07-20 08:30:14,651 - root - DEBUG - Updating hall of fame
2020-07-20 08:30:14,833 - root - INFO - Completed generation 130; 1.3s elapsed, 1.9s avg, 2.4e+02s total. Expected time remaining: 1.3e+02s
2020-07-20 08:30:14,887 - root - INFO - #130 MAX:accuracy.mean: 0.73
2020-07-20 08:30:14,999 - root - DEBUG - Sampled weight [2.38483088 3.04517056 1.10994867 0.62180491 0.57279929]
2020-07-20 08:30:16,072 - root - DEBUG - Updating hall of fame
2020-07-20 08:30:16,622 - root - INFO - Completed generation 131; 1.7s elapsed, 1.9s avg, 2.5e+02s total. Expected time remaining: 1.3e+02s
2020-07-20 08:30:16,676 - root - INFO - #131 MAX:accuracy.mean: 0.74
2020-07-20 08:30:16,717 - root - DEBUG - Sampled weight [1.13376983 0.75425727 0.67148623 0.48776568 0.62978818]
2020-07-20 08:30:17,801 - root - DEBUG - Updating hall of fame
2020-07-20 08:30:18,725 - root - INFO - Completed generation 132; 2.0s elapsed, 1.9s avg, 2.5e+02s total. Expected time remaining: 1.3e+02s
2020-07-20 08:30:18,780 - root - INFO - #132 MAX:accuracy.mean: 0.82
2020-07-20 08:30:18,820 - root - DEBUG - Sampled weight [0.36557095 1.33822421 1.62389791 0.98649627 0.50729118]
2020-07-20 08:30:19,892 - root - DEBUG - Updating hall of fame
2020-07-20 08:30:21,061 - root - INFO - Completed generation 133; 2.3s elapsed, 1.9s avg, 2.5e+02s total. Expected time remaining: 1.3e+02s
2020-07-20 08:30:21,119 - root - INFO - #133 MAX:accuracy.mean: 0.72
2020-07-20 08:30:21,163 - root - DEBUG - Sampled weight [1.54848022 0.47386543 0.97126255 1.27609341 0.58513757]
2020-07-20 08:30:22,303 - root - DEBUG - Updating hall of fame
2020-07-20 08:30:22,496 - root - INFO - Completed generation 134; 1.4s elapsed, 1.9s avg, 2.5e+02s total. Expected time remaining: 1.2e+02s
2020-07-20 08:30:22,554 - root - INFO - #134 MAX:accuracy.mean: 0.72
2020-07-20 08:30:22,597 - root - DEBUG - Sampled weight [0.58907423 0.87984314 2.02956143 0.95847854 0.59093701]
2020-07-20 08:30:23,730 - root - DEBUG - Updating hall of fame
2020-07-20 08:30:24,511 - root - INFO - Completed generation 135; 2.0s elapsed, 1.9s avg, 2.5e+02s total. Expected time remaining: 1.2e+02s
2020-07-20 08:30:24,568 - root - INFO - #135 MAX:accuracy.mean: 0.77
2020-07-20 08:30:24,611 - root - DEBUG - Sampled weight [1.33693878 0.53999096 0.81171676 0.84068598 0.61992877]
2020-07-20 08:30:25,747 - root - DEBUG - Updating hall of fame
2020-07-20 08:30:26,126 - root - INFO - Completed generation 136; 1.6s elapsed, 1.9s avg, 2.6e+02s total. Expected time remaining: 1.2e+02s
2020-07-20 08:30:26,181 - root - INFO - #136 MAX:accuracy.mean: 0.76
2020-07-20 08:30:26,221 - root - DEBUG - Sampled weight [0.7233125  1.19084934 1.6526442  1.60483474 0.59800213]
2020-07-20 08:30:27,280 - root - DEBUG - Updating hall of fame
2020-07-20 08:30:28,016 - root - INFO - Completed generation 137; 1.8s elapsed, 1.9s avg, 2.6e+02s total. Expected time remaining: 1.2e+02s
2020-07-20 08:30:28,070 - root - INFO - #137 MAX:accuracy.mean: 0.75
2020-07-20 08:30:28,111 - root - DEBUG - Sampled weight [0.89037558 0.47328477 0.66983821 0.45270236 0.30286341]
2020-07-20 08:30:29,177 - root - DEBUG - Updating hall of fame
2020-07-20 08:30:29,737 - root - INFO - Completed generation 138; 1.7s elapsed, 1.9s avg, 2.6e+02s total. Expected time remaining: 1.2e+02s
2020-07-20 08:30:29,791 - root - INFO - #138 MAX:accuracy.mean: 0.83
2020-07-20 08:30:29,832 - root - DEBUG - Sampled weight [1.49444206 1.01575216 0.60504513 1.04388949 1.23449797]
2020-07-20 08:30:30,894 - root - DEBUG - Updating hall of fame
2020-07-20 08:30:31,437 - root - INFO - Completed generation 139; 1.6s elapsed, 1.9s avg, 2.6e+02s total. Expected time remaining: 1.1e+02s
2020-07-20 08:30:31,491 - root - INFO - #139 MAX:accuracy.mean: 0.81
2020-07-20 08:30:31,532 - root - DEBUG - Sampled weight [2.56578453 0.33137009 0.66067553 0.8994417  1.22809883]
2020-07-20 08:30:32,600 - root - DEBUG - Updating hall of fame
2020-07-20 08:30:33,343 - root - INFO - Completed generation 140; 1.9s elapsed, 1.9s avg, 2.6e+02s total. Expected time remaining: 1.1e+02s
2020-07-20 08:30:33,398 - root - INFO - #140 MAX:accuracy.mean: 0.78
2020-07-20 08:30:33,513 - root - DEBUG - Sampled weight [3.34307355 1.33721535 2.05163053 0.56353809 1.01799842]
2020-07-20 08:30:34,586 - root - DEBUG - Updating hall of fame
2020-07-20 08:30:35,155 - root - INFO - Completed generation 141; 1.7s elapsed, 1.9s avg, 2.6e+02s total. Expected time remaining: 1.1e+02s
2020-07-20 08:30:35,209 - root - INFO - #141 MAX:accuracy.mean: 0.78
2020-07-20 08:30:35,249 - root - DEBUG - Sampled weight [1.09636108 0.80786898 0.68086368 0.3725283  0.6735366 ]
2020-07-20 08:30:36,310 - root - DEBUG - Updating hall of fame
2020-07-20 08:30:37,051 - root - INFO - Completed generation 142; 1.8s elapsed, 1.9s avg, 2.7e+02s total. Expected time remaining: 1.1e+02s
2020-07-20 08:30:37,105 - root - INFO - #142 MAX:accuracy.mean: 0.84
2020-07-20 08:30:37,145 - root - DEBUG - Sampled weight [1.03427472 1.0040655  0.97918395 1.12105619 1.41054022]
2020-07-20 08:30:38,226 - root - DEBUG - Updating hall of fame
2020-07-20 08:30:39,353 - root - INFO - Completed generation 143; 2.2s elapsed, 1.9s avg, 2.7e+02s total. Expected time remaining: 1.1e+02s
2020-07-20 08:30:39,408 - root - INFO - #143 MAX:accuracy.mean: 0.78
2020-07-20 08:30:39,449 - root - DEBUG - Sampled weight [0.8697364  1.17198318 1.02073738 0.77067039 0.99855512]
2020-07-20 08:30:40,533 - root - DEBUG - Updating hall of fame
2020-07-20 08:30:41,091 - root - INFO - Completed generation 144; 1.7s elapsed, 1.9s avg, 2.7e+02s total. Expected time remaining: 1e+02s
2020-07-20 08:30:41,147 - root - INFO - #144 MAX:accuracy.mean: 0.86
2020-07-20 08:30:41,189 - root - DEBUG - Sampled weight [1.11611816 1.4075758  0.70148507 0.25079857 1.46287315]
2020-07-20 08:30:42,301 - root - DEBUG - Updating hall of fame
2020-07-20 08:30:43,069 - root - INFO - Completed generation 145; 1.9s elapsed, 1.9s avg, 2.7e+02s total. Expected time remaining: 1e+02s
2020-07-20 08:30:43,125 - root - INFO - #145 MAX:accuracy.mean: 0.68
2020-07-20 08:30:43,168 - root - DEBUG - Sampled weight [2.16618144 0.86427068 0.74806951 0.81722341 0.63813226]
2020-07-20 08:30:44,266 - root - DEBUG - Updating hall of fame
2020-07-20 08:30:44,656 - root - INFO - Completed generation 146; 1.5s elapsed, 1.9s avg, 2.7e+02s total. Expected time remaining: 1e+02s
2020-07-20 08:30:44,711 - root - INFO - #146 MAX:accuracy.mean: 0.79
2020-07-20 08:30:44,754 - root - DEBUG - Sampled weight [0.95111527 1.12689446 1.15511449 0.68478141 0.61618843]
2020-07-20 08:30:45,860 - root - DEBUG - Updating hall of fame
2020-07-20 08:30:46,417 - root - INFO - Completed generation 147; 1.7s elapsed, 1.9s avg, 2.7e+02s total. Expected time remaining: 9.9e+01s
2020-07-20 08:30:46,472 - root - INFO - #147 MAX:accuracy.mean: 0.75
2020-07-20 08:30:46,512 - root - DEBUG - Sampled weight [0.66664873 1.18844049 0.82972483 0.56121523 1.58176698]
2020-07-20 08:30:47,583 - root - DEBUG - Updating hall of fame
2020-07-20 08:30:48,326 - root - INFO - Completed generation 148; 1.9s elapsed, 1.9s avg, 2.8e+02s total. Expected time remaining: 9.7e+01s
2020-07-20 08:30:48,380 - root - INFO - #148 MAX:accuracy.mean: 0.83
2020-07-20 08:30:48,421 - root - DEBUG - Sampled weight [0.87703486 1.34474556 0.83846858 1.94954345 0.63023884]
2020-07-20 08:30:49,499 - root - DEBUG - Updating hall of fame
2020-07-20 08:30:49,882 - root - INFO - Completed generation 149; 1.5s elapsed, 1.9s avg, 2.8e+02s total. Expected time remaining: 9.5e+01s
2020-07-20 08:30:49,936 - root - INFO - #149 MAX:accuracy.mean: 0.81
2020-07-20 08:30:49,978 - root - DEBUG - Sampled weight [1.46776084 1.3087784  0.98419492 3.01857025 2.02508908]
2020-07-20 08:30:51,048 - root - DEBUG - Updating hall of fame
2020-07-20 08:30:51,977 - root - INFO - Completed generation 150; 2.0s elapsed, 1.9s avg, 2.8e+02s total. Expected time remaining: 9.3e+01s
2020-07-20 08:30:52,031 - root - INFO - #150 MAX:accuracy.mean: 0.76
2020-07-20 08:30:52,132 - root - DEBUG - Sampled weight [0.88986293 1.48601553 1.25722864 0.936481   0.45547506]
2020-07-20 08:30:53,195 - root - DEBUG - Updating hall of fame
2020-07-20 08:30:53,587 - root - INFO - Completed generation 151; 1.5s elapsed, 1.9s avg, 2.8e+02s total. Expected time remaining: 9.1e+01s
2020-07-20 08:30:53,641 - root - INFO - #151 MAX:accuracy.mean: 0.79
2020-07-20 08:30:53,682 - root - DEBUG - Sampled weight [1.90189097 0.65167065 2.2066372  0.48183793 1.45161005]
2020-07-20 08:30:54,744 - root - DEBUG - Updating hall of fame
2020-07-20 08:30:55,484 - root - INFO - Completed generation 152; 1.8s elapsed, 1.9s avg, 2.8e+02s total. Expected time remaining: 8.9e+01s
2020-07-20 08:30:55,538 - root - INFO - #152 MAX:accuracy.mean: 0.76
2020-07-20 08:30:55,579 - root - DEBUG - Sampled weight [0.66428682 1.27362064 1.05114301 1.25040111 1.00015662]
2020-07-20 08:30:56,647 - root - DEBUG - Updating hall of fame
2020-07-20 08:30:57,039 - root - INFO - Completed generation 153; 1.5s elapsed, 1.9s avg, 2.8e+02s total. Expected time remaining: 8.8e+01s
2020-07-20 08:30:57,093 - root - INFO - #153 MAX:accuracy.mean: 0.79
2020-07-20 08:30:57,133 - root - DEBUG - Sampled weight [1.02757559 1.88483507 1.59690542 0.51471515 0.32538031]
2020-07-20 08:30:58,197 - root - DEBUG - Updating hall of fame
2020-07-20 08:30:58,936 - root - INFO - Completed generation 154; 1.8s elapsed, 1.9s avg, 2.9e+02s total. Expected time remaining: 8.6e+01s
2020-07-20 08:30:58,990 - root - INFO - #154 MAX:accuracy.mean: 0.76
2020-07-20 08:30:59,031 - root - DEBUG - Sampled weight [0.98965285 1.2865223  0.88505171 0.87659529 1.38590374]
2020-07-20 08:31:00,091 - root - DEBUG - Updating hall of fame
2020-07-20 08:31:00,468 - root - INFO - Completed generation 155; 1.5s elapsed, 1.9s avg, 2.9e+02s total. Expected time remaining: 8.4e+01s
2020-07-20 08:31:00,522 - root - INFO - #155 MAX:accuracy.mean: 0.83
2020-07-20 08:31:00,563 - root - DEBUG - Sampled weight [0.66526936 1.4459651  0.85102562 1.30142745 1.49911693]
2020-07-20 08:31:01,666 - root - DEBUG - Updating hall of fame
2020-07-20 08:31:02,448 - root - INFO - Completed generation 156; 1.9s elapsed, 1.9s avg, 2.9e+02s total. Expected time remaining: 8.2e+01s
2020-07-20 08:31:02,504 - root - INFO - #156 MAX:accuracy.mean: 0.77
2020-07-20 08:31:02,546 - root - DEBUG - Sampled weight [1.16827452 1.2049854  1.17221322 0.85128953 2.98806455]
2020-07-20 08:31:03,648 - root - DEBUG - Updating hall of fame
2020-07-20 08:31:04,222 - root - INFO - Completed generation 157; 1.7s elapsed, 1.9s avg, 2.9e+02s total. Expected time remaining: 8e+01s
2020-07-20 08:31:04,279 - root - INFO - #157 MAX:accuracy.mean: 0.77
2020-07-20 08:31:04,321 - root - DEBUG - Sampled weight [0.57911717 1.21275076 2.10165745 1.81646053 1.19575913]
2020-07-20 08:31:05,420 - root - DEBUG - Updating hall of fame
2020-07-20 08:31:05,987 - root - INFO - Completed generation 158; 1.7s elapsed, 1.9s avg, 2.9e+02s total. Expected time remaining: 7.8e+01s
2020-07-20 08:31:06,041 - root - INFO - #158 MAX:accuracy.mean: 0.76
2020-07-20 08:31:06,081 - root - DEBUG - Sampled weight [0.71717118 0.97917406 0.65032406 1.44675948 0.61492092]
2020-07-20 08:31:07,142 - root - DEBUG - Updating hall of fame
2020-07-20 08:31:07,326 - root - INFO - Completed generation 159; 1.3s elapsed, 1.9s avg, 2.9e+02s total. Expected time remaining: 7.6e+01s
2020-07-20 08:31:07,379 - root - INFO - #159 MAX:accuracy.mean: 0.84
2020-07-20 08:31:07,420 - root - DEBUG - Sampled weight [0.88294807 1.72495243 2.87329937 0.467251   0.58286313]
2020-07-20 08:31:08,484 - root - DEBUG - Updating hall of fame
2020-07-20 08:31:09,039 - root - INFO - Completed generation 160; 1.7s elapsed, 1.9s avg, 3e+02s total. Expected time remaining: 7.4e+01s
2020-07-20 08:31:09,094 - root - INFO - #160 MAX:accuracy.mean: 0.76
2020-07-20 08:31:09,191 - root - DEBUG - Sampled weight [0.63099949 2.83325888 3.70759426 1.04526038 0.95274827]
2020-07-20 08:31:10,261 - root - DEBUG - Updating hall of fame
2020-07-20 08:31:10,639 - root - INFO - Completed generation 161; 1.5s elapsed, 1.9s avg, 3e+02s total. Expected time remaining: 7.2e+01s
2020-07-20 08:31:10,693 - root - INFO - #161 MAX:accuracy.mean: 0.77
2020-07-20 08:31:10,734 - root - DEBUG - Sampled weight [1.32252672 1.09821157 1.72909922 1.73431475 1.63256389]
2020-07-20 08:31:11,814 - root - DEBUG - Updating hall of fame
2020-07-20 08:31:12,592 - root - INFO - Completed generation 162; 1.9s elapsed, 1.9s avg, 3e+02s total. Expected time remaining: 7e+01s
2020-07-20 08:31:12,648 - root - INFO - #162 MAX:accuracy.mean: 0.76
2020-07-20 08:31:12,690 - root - DEBUG - Sampled weight [1.24704624 0.33654844 1.01785021 0.54142328 2.54621145]
2020-07-20 08:31:13,792 - root - DEBUG - Updating hall of fame
2020-07-20 08:31:14,362 - root - INFO - Completed generation 163; 1.7s elapsed, 1.9s avg, 3e+02s total. Expected time remaining: 6.8e+01s
2020-07-20 08:31:14,419 - root - INFO - #163 MAX:accuracy.mean: 0.75
2020-07-20 08:31:14,461 - root - DEBUG - Sampled weight [0.31554797 0.87884397 0.9568157  0.82371917 1.91145232]
2020-07-20 08:31:15,562 - root - DEBUG - Updating hall of fame
2020-07-20 08:31:16,125 - root - INFO - Completed generation 164; 1.7s elapsed, 1.8s avg, 3e+02s total. Expected time remaining: 6.7e+01s
2020-07-20 08:31:16,181 - root - INFO - #164 MAX:accuracy.mean: 0.82
2020-07-20 08:31:16,223 - root - DEBUG - Sampled weight [0.8945692  0.70609809 0.90262948 0.49652166 1.90108145]
2020-07-20 08:31:17,322 - root - DEBUG - Updating hall of fame
2020-07-20 08:31:17,885 - root - INFO - Completed generation 165; 1.7s elapsed, 1.8s avg, 3e+02s total. Expected time remaining: 6.5e+01s
2020-07-20 08:31:17,941 - root - INFO - #165 MAX:accuracy.mean: 0.84
2020-07-20 08:31:17,983 - root - DEBUG - Sampled weight [0.80606775 1.87631137 0.69515199 2.70607255 1.63633812]
2020-07-20 08:31:19,067 - root - DEBUG - Updating hall of fame
2020-07-20 08:31:19,998 - root - INFO - Completed generation 166; 2.1s elapsed, 1.8s avg, 3.1e+02s total. Expected time remaining: 6.3e+01s
2020-07-20 08:31:20,052 - root - INFO - #166 MAX:accuracy.mean: 0.78
2020-07-20 08:31:20,094 - root - DEBUG - Sampled weight [1.23873012 0.64984771 2.38971928 1.18295283 2.51956199]
2020-07-20 08:31:21,172 - root - DEBUG - Updating hall of fame
2020-07-20 08:31:21,363 - root - INFO - Completed generation 167; 1.3s elapsed, 1.8s avg, 3.1e+02s total. Expected time remaining: 6.1e+01s
2020-07-20 08:31:21,417 - root - INFO - #167 MAX:accuracy.mean: 0.76
2020-07-20 08:31:21,460 - root - DEBUG - Sampled weight [0.63537829 1.30882532 0.84879738 4.19023312 1.02739265]
2020-07-20 08:31:22,549 - root - DEBUG - Updating hall of fame
2020-07-20 08:31:22,928 - root - INFO - Completed generation 168; 1.5s elapsed, 1.8s avg, 3.1e+02s total. Expected time remaining: 5.9e+01s
2020-07-20 08:31:22,983 - root - INFO - #168 MAX:accuracy.mean: 0.82
2020-07-20 08:31:23,024 - root - DEBUG - Sampled weight [1.17640952 0.41162607 0.97761512 0.81751275 1.00667572]
2020-07-20 08:31:24,101 - root - DEBUG - Updating hall of fame
2020-07-20 08:31:24,287 - root - INFO - Completed generation 169; 1.3s elapsed, 1.8s avg, 3.1e+02s total. Expected time remaining: 5.7e+01s
2020-07-20 08:31:24,342 - root - INFO - #169 MAX:accuracy.mean: 0.79
2020-07-20 08:31:24,382 - root - DEBUG - Sampled weight [1.10590133 0.8348654  0.74336856 1.94275717 0.94450331]
2020-07-20 08:31:25,459 - root - DEBUG - Updating hall of fame
2020-07-20 08:31:25,822 - root - INFO - Completed generation 170; 1.5s elapsed, 1.8s avg, 3.1e+02s total. Expected time remaining: 5.5e+01s
2020-07-20 08:31:25,877 - root - INFO - #170 MAX:accuracy.mean: 0.84
2020-07-20 08:31:27,784 - root - DEBUG - Sampled weight [1.01680467 1.88988369 0.91490818 2.56994213 0.52828313]
2020-07-20 08:31:28,856 - root - DEBUG - Updating hall of fame
2020-07-20 08:31:29,243 - root - INFO - Completed generation 171; 1.5s elapsed, 1.8s avg, 3.1e+02s total. Expected time remaining: 5.3e+01s
2020-07-20 08:31:29,297 - root - INFO - #171 MAX:accuracy.mean: 0.76
2020-07-20 08:31:29,339 - root - DEBUG - Sampled weight [0.52940724 0.35927572 1.07583646 0.70913548 0.51968016]
2020-07-20 08:31:30,416 - root - DEBUG - Updating hall of fame
2020-07-20 08:31:30,608 - root - INFO - Completed generation 172; 1.3s elapsed, 1.8s avg, 3.2e+02s total. Expected time remaining: 5.1e+01s
2020-07-20 08:31:30,662 - root - INFO - #172 MAX:accuracy.mean: 0.83
2020-07-20 08:31:30,703 - root - DEBUG - Sampled weight [2.46044731 1.18160274 0.77548468 2.01283498 0.92592143]
2020-07-20 08:31:31,770 - root - DEBUG - Updating hall of fame
2020-07-20 08:31:32,511 - root - INFO - Completed generation 173; 1.8s elapsed, 1.8s avg, 3.2e+02s total. Expected time remaining: 5e+01s
2020-07-20 08:31:32,565 - root - INFO - #173 MAX:accuracy.mean: 0.76
2020-07-20 08:31:32,606 - root - DEBUG - Sampled weight [1.55069679 0.56080471 0.88352279 0.40880369 1.15297339]
2020-07-20 08:31:33,683 - root - DEBUG - Updating hall of fame
2020-07-20 08:31:34,233 - root - INFO - Completed generation 174; 1.7s elapsed, 1.8s avg, 3.2e+02s total. Expected time remaining: 4.8e+01s
2020-07-20 08:31:34,288 - root - INFO - #174 MAX:accuracy.mean: 0.79
2020-07-20 08:31:34,329 - root - DEBUG - Sampled weight [0.58474654 2.43386426 1.08015905 1.98511332 0.59552966]
2020-07-20 08:31:35,411 - root - DEBUG - Updating hall of fame
2020-07-20 08:31:36,157 - root - INFO - Completed generation 175; 1.9s elapsed, 1.8s avg, 3.2e+02s total. Expected time remaining: 4.6e+01s
2020-07-20 08:31:36,211 - root - INFO - #175 MAX:accuracy.mean: 0.81
2020-07-20 08:31:36,252 - root - DEBUG - Sampled weight [1.2379354  0.74435182 2.11103943 0.77608167 0.77358933]
2020-07-20 08:31:37,332 - root - DEBUG - Updating hall of fame
2020-07-20 08:31:37,914 - root - INFO - Completed generation 176; 1.7s elapsed, 1.8s avg, 3.2e+02s total. Expected time remaining: 4.4e+01s
2020-07-20 08:31:37,968 - root - INFO - #176 MAX:accuracy.mean: 0.84
2020-07-20 08:31:38,008 - root - DEBUG - Sampled weight [0.67786454 1.54877885 0.27326882 0.726046   2.12290829]
2020-07-20 08:31:39,088 - root - DEBUG - Updating hall of fame
2020-07-20 08:31:39,660 - root - INFO - Completed generation 177; 1.7s elapsed, 1.8s avg, 3.2e+02s total. Expected time remaining: 4.2e+01s
2020-07-20 08:31:39,714 - root - INFO - #177 MAX:accuracy.mean: 0.77
2020-07-20 08:31:39,755 - root - DEBUG - Sampled weight [2.69879335 2.41728813 0.81227244 1.31372414 0.58648106]
2020-07-20 08:31:40,824 - root - DEBUG - Updating hall of fame
2020-07-20 08:31:41,201 - root - INFO - Completed generation 178; 1.5s elapsed, 1.8s avg, 3.3e+02s total. Expected time remaining: 4e+01s
2020-07-20 08:31:41,255 - root - INFO - #178 MAX:accuracy.mean: 0.76
2020-07-20 08:31:41,296 - root - DEBUG - Sampled weight [1.97117335 1.09867388 0.63666644 1.95914226 0.61597991]
2020-07-20 08:31:42,367 - root - DEBUG - Updating hall of fame
2020-07-20 08:31:42,560 - root - INFO - Completed generation 179; 1.3s elapsed, 1.8s avg, 3.3e+02s total. Expected time remaining: 3.8e+01s
2020-07-20 08:31:42,614 - root - INFO - #179 MAX:accuracy.mean: 0.79
2020-07-20 08:31:42,655 - root - DEBUG - Sampled weight [0.81486446 0.8189756  2.30139076 0.74980127 0.59098453]
2020-07-20 08:31:43,739 - root - DEBUG - Updating hall of fame
2020-07-20 08:31:44,309 - root - INFO - Completed generation 180; 1.7s elapsed, 1.8s avg, 3.3e+02s total. Expected time remaining: 3.7e+01s
2020-07-20 08:31:44,363 - root - INFO - #180 MAX:accuracy.mean: 0.87
2020-07-20 08:31:44,473 - root - DEBUG - Sampled weight [1.32693215 1.30435018 1.25076267 0.42259843 0.86067815]
2020-07-20 08:31:45,560 - root - DEBUG - Updating hall of fame
2020-07-20 08:31:46,325 - root - INFO - Completed generation 181; 1.9s elapsed, 1.8s avg, 3.3e+02s total. Expected time remaining: 3.5e+01s
2020-07-20 08:31:46,380 - root - INFO - #181 MAX:accuracy.mean: 0.76
2020-07-20 08:31:46,421 - root - DEBUG - Sampled weight [1.34932655 1.21058856 2.63682444 1.23818693 0.77467404]
2020-07-20 08:31:47,509 - root - DEBUG - Updating hall of fame
2020-07-20 08:31:48,268 - root - INFO - Completed generation 182; 1.9s elapsed, 1.8s avg, 3.3e+02s total. Expected time remaining: 3.3e+01s
2020-07-20 08:31:48,322 - root - INFO - #182 MAX:accuracy.mean: 0.76
2020-07-20 08:31:48,363 - root - DEBUG - Sampled weight [0.57510571 1.83550778 2.73890036 1.1551985  0.52875488]
2020-07-20 08:31:49,431 - root - DEBUG - Updating hall of fame
2020-07-20 08:31:49,998 - root - INFO - Completed generation 183; 1.7s elapsed, 1.8s avg, 3.3e+02s total. Expected time remaining: 3.1e+01s
2020-07-20 08:31:50,053 - root - INFO - #183 MAX:accuracy.mean: 0.79
2020-07-20 08:31:50,094 - root - DEBUG - Sampled weight [1.20147536 0.76214289 2.58975715 0.70685373 1.0261533 ]
2020-07-20 08:31:51,165 - root - DEBUG - Updating hall of fame
2020-07-20 08:31:51,541 - root - INFO - Completed generation 184; 1.5s elapsed, 1.8s avg, 3.4e+02s total. Expected time remaining: 2.9e+01s
2020-07-20 08:31:51,595 - root - INFO - #184 MAX:accuracy.mean: 0.84
2020-07-20 08:31:51,639 - root - DEBUG - Sampled weight [0.67785225 0.68030869 1.08284945 0.5983179  0.63325703]
2020-07-20 08:31:52,717 - root - DEBUG - Updating hall of fame
2020-07-20 08:31:53,290 - root - INFO - Completed generation 185; 1.7s elapsed, 1.8s avg, 3.4e+02s total. Expected time remaining: 2.7e+01s
2020-07-20 08:31:53,344 - root - INFO - #185 MAX:accuracy.mean: 0.92
2020-07-20 08:31:53,386 - root - DEBUG - Sampled weight [2.79925193 0.56637305 1.96891974 1.03567927 0.68301628]
2020-07-20 08:31:54,476 - root - DEBUG - Updating hall of fame
2020-07-20 08:31:55,609 - root - INFO - Completed generation 186; 2.3s elapsed, 1.8s avg, 3.4e+02s total. Expected time remaining: 2.6e+01s
2020-07-20 08:31:55,664 - root - INFO - #186 MAX:accuracy.mean: 0.77
2020-07-20 08:31:55,704 - root - DEBUG - Sampled weight [2.0551433  0.34734323 1.57675102 0.7260056  0.37523176]
2020-07-20 08:31:56,792 - root - DEBUG - Updating hall of fame
2020-07-20 08:31:57,186 - root - INFO - Completed generation 187; 1.5s elapsed, 1.8s avg, 3.4e+02s total. Expected time remaining: 2.4e+01s
2020-07-20 08:31:57,241 - root - INFO - #187 MAX:accuracy.mean: 0.76
2020-07-20 08:31:57,281 - root - DEBUG - Sampled weight [1.29439954 1.30918347 0.73776269 1.02256964 1.19273802]
2020-07-20 08:31:58,372 - root - DEBUG - Updating hall of fame
2020-07-20 08:31:58,946 - root - INFO - Completed generation 188; 1.7s elapsed, 1.8s avg, 3.4e+02s total. Expected time remaining: 2.2e+01s
2020-07-20 08:31:59,000 - root - INFO - #188 MAX:accuracy.mean: 0.77
2020-07-20 08:31:59,041 - root - DEBUG - Sampled weight [1.58494838 1.48589816 1.97249397 1.08311029 2.20062241]
2020-07-20 08:32:00,114 - root - DEBUG - Updating hall of fame
2020-07-20 08:32:00,867 - root - INFO - Completed generation 189; 1.9s elapsed, 1.8s avg, 3.4e+02s total. Expected time remaining: 2e+01s
2020-07-20 08:32:00,921 - root - INFO - #189 MAX:accuracy.mean: 0.76
2020-07-20 08:32:00,963 - root - DEBUG - Sampled weight [1.81763926 1.10481608 0.15661585 1.17397555 1.45709268]
2020-07-20 08:32:02,054 - root - DEBUG - Updating hall of fame
2020-07-20 08:32:02,459 - root - INFO - Completed generation 190; 1.5s elapsed, 1.8s avg, 3.5e+02s total. Expected time remaining: 1.8e+01s
2020-07-20 08:32:02,520 - root - INFO - #190 MAX:accuracy.mean: 0.76
2020-07-20 08:32:02,643 - root - DEBUG - Sampled weight [1.26627634 0.85174692 1.30897985 1.8871167  2.3464676 ]
2020-07-20 08:32:03,754 - root - DEBUG - Updating hall of fame
2020-07-20 08:32:03,960 - root - INFO - Completed generation 191; 1.4s elapsed, 1.8s avg, 3.5e+02s total. Expected time remaining: 1.6e+01s
2020-07-20 08:32:04,015 - root - INFO - #191 MAX:accuracy.mean: 0.76
2020-07-20 08:32:04,058 - root - DEBUG - Sampled weight [2.27449828 0.83032844 0.29717286 0.64120877 0.9552426 ]
2020-07-20 08:32:05,158 - root - DEBUG - Updating hall of fame
2020-07-20 08:32:05,534 - root - INFO - Completed generation 192; 1.5s elapsed, 1.8s avg, 3.5e+02s total. Expected time remaining: 1.5e+01s
2020-07-20 08:32:05,589 - root - INFO - #192 MAX:accuracy.mean: 0.76
2020-07-20 08:32:05,630 - root - DEBUG - Sampled weight [1.58304483 2.58119308 1.54313089 1.02018436 0.89470541]
2020-07-20 08:32:06,716 - root - DEBUG - Updating hall of fame
2020-07-20 08:32:06,917 - root - INFO - Completed generation 193; 1.3s elapsed, 1.8s avg, 3.5e+02s total. Expected time remaining: 1.3e+01s
2020-07-20 08:32:06,971 - root - INFO - #193 MAX:accuracy.mean: 0.79
2020-07-20 08:32:07,012 - root - DEBUG - Sampled weight [0.88403127 1.72694029 1.07599599 1.06167749 0.50007916]
2020-07-20 08:32:08,093 - root - DEBUG - Updating hall of fame
2020-07-20 08:32:08,644 - root - INFO - Completed generation 194; 1.7s elapsed, 1.8s avg, 3.5e+02s total. Expected time remaining: 1.1e+01s
2020-07-20 08:32:08,698 - root - INFO - #194 MAX:accuracy.mean: 0.8
2020-07-20 08:32:08,739 - root - DEBUG - Sampled weight [0.98482351 1.80276603 0.4352989  1.00196829 0.58853898]
2020-07-20 08:32:09,830 - root - DEBUG - Updating hall of fame
2020-07-20 08:32:10,386 - root - INFO - Completed generation 195; 1.7s elapsed, 1.8s avg, 3.5e+02s total. Expected time remaining: 9.1s
2020-07-20 08:32:10,440 - root - INFO - #195 MAX:accuracy.mean: 0.79
2020-07-20 08:32:10,481 - root - DEBUG - Sampled weight [3.04654655 1.16393111 1.19929005 1.41718431 1.85176994]
2020-07-20 08:32:11,565 - root - DEBUG - Updating hall of fame
2020-07-20 08:32:11,772 - root - INFO - Completed generation 196; 1.3s elapsed, 1.8s avg, 3.6e+02s total. Expected time remaining: 7.2s
2020-07-20 08:32:11,826 - root - INFO - #196 MAX:accuracy.mean: 0.77
2020-07-20 08:32:11,867 - root - DEBUG - Sampled weight [0.81043    1.69256267 0.47963472 0.95043962 0.66640726]
2020-07-20 08:32:12,946 - root - DEBUG - Updating hall of fame
2020-07-20 08:32:13,145 - root - INFO - Completed generation 197; 1.3s elapsed, 1.8s avg, 3.6e+02s total. Expected time remaining: 5.4s
2020-07-20 08:32:13,199 - root - INFO - #197 MAX:accuracy.mean: 0.81
2020-07-20 08:32:13,240 - root - DEBUG - Sampled weight [0.9800151  1.37436225 1.97888845 0.79482743 0.4429337 ]
2020-07-20 08:32:14,327 - root - DEBUG - Updating hall of fame
2020-07-20 08:32:14,898 - root - INFO - Completed generation 198; 1.7s elapsed, 1.8s avg, 3.6e+02s total. Expected time remaining: 3.6s
2020-07-20 08:32:14,952 - root - INFO - #198 MAX:accuracy.mean: 0.77
2020-07-20 08:32:14,994 - root - DEBUG - Sampled weight [0.49707802 1.79861159 0.83508073 3.17706744 2.08056819]
2020-07-20 08:32:16,078 - root - DEBUG - Updating hall of fame
2020-07-20 08:32:16,464 - root - INFO - Completed generation 199; 1.5s elapsed, 1.8s avg, 3.6e+02s total. Expected time remaining: 1.8s
2020-07-20 08:32:16,518 - root - INFO - #199 MAX:accuracy.mean: 0.77
2020-07-20 08:32:16,560 - root - DEBUG - Sampled weight [0.36544838 3.86281661 1.68425831 0.68278465 0.72585079]
2020-07-20 08:32:17,645 - root - DEBUG - Updating hall of fame
2020-07-20 08:32:18,034 - root - INFO - Completed generation 200; 1.5s elapsed, 1.8s avg, 3.6e+02s total. Expected time remaining: 0.0s
2020-07-20 08:32:18,088 - root - INFO - #200 MAX:accuracy.mean: 0.76
2020-07-20 08:32:18,273 - root - DEBUG - Loaded 150 samples.
2020-07-20 08:32:18,277 - root - INFO - Evaluating indivs in hall of fame.
2020-07-20 08:32:20,224 - root - INFO - Completed excution.
