2020-08-01 18:01:44,977 - root - INFO - Package version 0.1.1
2020-08-01 18:01:44,977 - root - INFO - Saving data at /vol/fob-vol1/mi15/plonerma/Lab/rewann/data/2020-08-01_Iris edge signs False uniform -2,2 2_000.
2020-08-01 18:01:44,977 - root - DEBUG - Loading training dataset
2020-08-01 18:01:45,039 - root - DEBUG - Loaded 150 samples.
2020-08-01 18:01:45,040 - root - DEBUG - Running experiments with the following parameters:
debug = false
experiment_name = "Iris edge signs False uniform -2,2 2"
experiment_path = "data/2020-08-01_Iris edge signs False uniform -2,2 2_000"

[config]
num_workers = 1
debug = true
backend = "numpy"

[postopt]
run_postopt = true
compile_report = false
num_weights = 100
num_samples = -1

[sampling]
seed = 2
post_init_seed = false
distribution = "uniform"
lower_bound = -2
upper_bound = 2
mean = 0
sigma = 1
num_weights_per_iteration = 5
num_samples_per_iteration = -1
hof_evaluation_iterations = 20

[task]
name = "iris"
sample_order_seed = 0
test_portion = 0.2
sample_length = 10
num_categories = 8

[storage]
data_base_path = "data"
log_filename = "execution.log"
commit_elite_freq = -1
commit_metrics_freq = 10

[population]
num_generations = 200
size = 100
initial_enabled_edge_prob = 0.05
initial_genes = "full"
hof_size = 10
enable_edge_signs = false
enabled_activation_funcs = "all"

[selection]
use_tournaments = true
elite_ratio = 0.1
culling_ratio = 0.2
tournament_size = 5
objectives = [ "-log_loss.min", "-log_loss.mean", "-n_hidden",]
recorded_metrics = [ "accuracy", "kappa", "log_loss",]
hof_metric = "accuracy.mean"

[mutation.new_edge]
probability = 0.2
strategy = "layer_agnostic"

[mutation.new_node]
probability = 0.3

[mutation.reenable_edge]
probability = 0.1

[mutation.change_activation]
probability = 0.4

[mutation.change_edge_sign]
probability = 0.4

[mutation.new_recurrent_edge]
probability = 0.2
strategy = "any"

2020-08-01 18:01:45,234 - root - INFO - Starting evolutionary algorithm
2020-08-01 18:01:45,252 - root - DEBUG - Sampled weight [-0.66995778 -1.55275732 -0.34633419 -1.44111157 -0.54446521]
2020-08-01 18:01:46,293 - root - DEBUG - Updating hall of fame
2020-08-01 18:01:48,268 - root - INFO - Completed generation 1; 3.0s elapsed, 3.0s avg, 3.0s total. Expected time remaining: 6e+02s
2020-08-01 18:01:48,337 - root - INFO - #1 MAX:accuracy.mean: 0.33
2020-08-01 18:01:48,377 - root - DEBUG - Sampled weight [ 1.52682374 -0.98127084 -1.41148752  1.00485871 -0.15296453]
2020-08-01 18:01:49,405 - root - DEBUG - Updating hall of fame
2020-08-01 18:01:51,204 - root - INFO - Completed generation 2; 2.9s elapsed, 3.0s avg, 5.9s total. Expected time remaining: 5.8e+02s
2020-08-01 18:01:51,264 - root - INFO - #2 MAX:accuracy.mean: 0.36
2020-08-01 18:01:51,303 - root - DEBUG - Sampled weight [-1.69850585  1.99463406  0.49838227  1.75712576 -1.50822135]
2020-08-01 18:01:52,333 - root - DEBUG - Updating hall of fame
2020-08-01 18:01:54,138 - root - INFO - Completed generation 3; 2.9s elapsed, 2.9s avg, 8.8s total. Expected time remaining: 5.8e+02s
2020-08-01 18:01:54,198 - root - INFO - #3 MAX:accuracy.mean: 0.53
2020-08-01 18:01:54,237 - root - DEBUG - Sampled weight [-0.30385617 -1.90929916 -0.5151522  -0.65180615 -0.23377566]
2020-08-01 18:01:55,273 - root - DEBUG - Updating hall of fame
2020-08-01 18:01:57,087 - root - INFO - Completed generation 4; 2.9s elapsed, 2.9s avg, 1.2e+01s total. Expected time remaining: 5.7e+02s
2020-08-01 18:01:57,147 - root - INFO - #4 MAX:accuracy.mean: 0.47
2020-08-01 18:01:57,186 - root - DEBUG - Sampled weight [-1.25994239  1.57349048 -0.43381499  1.28335623 -0.8317572 ]
2020-08-01 18:01:58,215 - root - DEBUG - Updating hall of fame
2020-08-01 18:01:59,849 - root - INFO - Completed generation 5; 2.7s elapsed, 2.9s avg, 1.4e+01s total. Expected time remaining: 5.6e+02s
2020-08-01 18:01:59,909 - root - INFO - #5 MAX:accuracy.mean: 0.44
2020-08-01 18:01:59,948 - root - DEBUG - Sampled weight [ 0.83857139  1.35716103 -1.60027491 -0.88600662 -0.61116994]
2020-08-01 18:02:00,982 - root - DEBUG - Updating hall of fame
2020-08-01 18:02:02,877 - root - INFO - Completed generation 6; 3.0s elapsed, 2.9s avg, 1.7e+01s total. Expected time remaining: 5.6e+02s
2020-08-01 18:02:02,941 - root - INFO - #6 MAX:accuracy.mean: 0.66
2020-08-01 18:02:02,983 - root - DEBUG - Sampled weight [ 1.31750219  0.27476085 -1.93154752  1.92317589  0.28142277]
2020-08-01 18:02:04,085 - root - DEBUG - Updating hall of fame
2020-08-01 18:02:05,988 - root - INFO - Completed generation 7; 3.0s elapsed, 2.9s avg, 2e+01s total. Expected time remaining: 5.6e+02s
2020-08-01 18:02:06,052 - root - INFO - #7 MAX:accuracy.mean: 0.64
2020-08-01 18:02:06,093 - root - DEBUG - Sampled weight [-0.49422384 -1.44011288  1.53639901  0.19302699 -1.94274659]
2020-08-01 18:02:07,172 - root - DEBUG - Updating hall of fame
2020-08-01 18:02:09,084 - root - INFO - Completed generation 8; 3.0s elapsed, 2.9s avg, 2.3e+01s total. Expected time remaining: 5.6e+02s
2020-08-01 18:02:09,148 - root - INFO - #8 MAX:accuracy.mean: 0.68
2020-08-01 18:02:09,188 - root - DEBUG - Sampled weight [-1.77736868  0.39134111 -1.3255385   1.58820305 -0.29019937]
2020-08-01 18:02:10,249 - root - DEBUG - Updating hall of fame
2020-08-01 18:02:11,878 - root - INFO - Completed generation 9; 2.7s elapsed, 2.9s avg, 2.6e+01s total. Expected time remaining: 5.5e+02s
2020-08-01 18:02:11,937 - root - INFO - #9 MAX:accuracy.mean: 0.65
2020-08-01 18:02:11,977 - root - DEBUG - Sampled weight [ 0.03204998  0.53305923 -1.04976786 -1.26661281  1.11562557]
2020-08-01 18:02:13,009 - root - DEBUG - Updating hall of fame
2020-08-01 18:02:13,737 - root - INFO - Completed generation 10; 1.8s elapsed, 2.8s avg, 2.8e+01s total. Expected time remaining: 5.3e+02s
2020-08-01 18:02:13,797 - root - INFO - #10 MAX:accuracy.mean: 0.64
2020-08-01 18:02:13,902 - root - DEBUG - Sampled weight [ 1.37968741  1.02411694  0.55003679 -1.01934321  0.58829366]
2020-08-01 18:02:14,944 - root - DEBUG - Updating hall of fame
2020-08-01 18:02:16,022 - root - INFO - Completed generation 11; 2.2s elapsed, 2.7s avg, 3e+01s total. Expected time remaining: 5.2e+02s
2020-08-01 18:02:16,082 - root - INFO - #11 MAX:accuracy.mean: 0.67
2020-08-01 18:02:16,121 - root - DEBUG - Sampled weight [ 0.69061653 -1.29632021 -1.84798552  0.29107821  1.28862914]
2020-08-01 18:02:17,162 - root - DEBUG - Updating hall of fame
2020-08-01 18:02:18,423 - root - INFO - Completed generation 12; 2.3s elapsed, 2.7s avg, 3.2e+01s total. Expected time remaining: 5.1e+02s
2020-08-01 18:02:18,483 - root - INFO - #12 MAX:accuracy.mean: 0.63
2020-08-01 18:02:18,523 - root - DEBUG - Sampled weight [ 1.99793693 -1.8741459   0.41376311  0.42492635 -1.73002711]
2020-08-01 18:02:19,558 - root - DEBUG - Updating hall of fame
2020-08-01 18:02:20,474 - root - INFO - Completed generation 13; 2.0s elapsed, 2.6s avg, 3.4e+01s total. Expected time remaining: 5e+02s
2020-08-01 18:02:20,534 - root - INFO - #13 MAX:accuracy.mean: 0.67
2020-08-01 18:02:20,573 - root - DEBUG - Sampled weight [ 1.75623331  0.64025371  1.89915907 -0.56842595 -1.83145209]
2020-08-01 18:02:21,614 - root - DEBUG - Updating hall of fame
2020-08-01 18:02:22,352 - root - INFO - Completed generation 14; 1.8s elapsed, 2.6s avg, 3.6e+01s total. Expected time remaining: 4.8e+02s
2020-08-01 18:02:22,412 - root - INFO - #14 MAX:accuracy.mean: 0.63
2020-08-01 18:02:22,450 - root - DEBUG - Sampled weight [-1.25488191 -0.47833641  0.54359036  0.60341518  1.89471205]
2020-08-01 18:02:23,485 - root - DEBUG - Updating hall of fame
2020-08-01 18:02:24,569 - root - INFO - Completed generation 15; 2.2s elapsed, 2.6s avg, 3.8e+01s total. Expected time remaining: 4.7e+02s
2020-08-01 18:02:24,628 - root - INFO - #15 MAX:accuracy.mean: 0.77
2020-08-01 18:02:24,668 - root - DEBUG - Sampled weight [-0.28127524  0.28833443  0.17955983  1.24498731  1.75188272]
2020-08-01 18:02:25,705 - root - DEBUG - Updating hall of fame
2020-08-01 18:02:26,602 - root - INFO - Completed generation 16; 2.0s elapsed, 2.5s avg, 4e+01s total. Expected time remaining: 4.6e+02s
2020-08-01 18:02:26,663 - root - INFO - #16 MAX:accuracy.mean: 0.6
2020-08-01 18:02:26,701 - root - DEBUG - Sampled weight [ 1.52158141  1.68918496  0.432118   -1.73938955 -0.50714458]
2020-08-01 18:02:27,742 - root - DEBUG - Updating hall of fame
2020-08-01 18:02:27,933 - root - INFO - Completed generation 17; 1.3s elapsed, 2.5s avg, 4.2e+01s total. Expected time remaining: 4.5e+02s
2020-08-01 18:02:27,993 - root - INFO - #17 MAX:accuracy.mean: 0.63
2020-08-01 18:02:28,032 - root - DEBUG - Sampled weight [-0.4817051  -1.38711531 -0.1486102   0.8605871  -1.880384  ]
2020-08-01 18:02:29,068 - root - DEBUG - Updating hall of fame
2020-08-01 18:02:29,613 - root - INFO - Completed generation 18; 1.6s elapsed, 2.4s avg, 4.3e+01s total. Expected time remaining: 4.4e+02s
2020-08-01 18:02:29,673 - root - INFO - #18 MAX:accuracy.mean: 0.59
2020-08-01 18:02:29,713 - root - DEBUG - Sampled weight [-1.17487427  1.19105908 -0.45076694 -0.39905326  1.11651178]
2020-08-01 18:02:30,757 - root - DEBUG - Updating hall of fame
2020-08-01 18:02:31,301 - root - INFO - Completed generation 19; 1.6s elapsed, 2.4s avg, 4.5e+01s total. Expected time remaining: 4.3e+02s
2020-08-01 18:02:31,361 - root - INFO - #19 MAX:accuracy.mean: 0.72
2020-08-01 18:02:31,400 - root - DEBUG - Sampled weight [-0.48711101 -0.35167006  1.9242367  -1.03847616  1.45668723]
2020-08-01 18:02:32,440 - root - DEBUG - Updating hall of fame
2020-08-01 18:02:33,521 - root - INFO - Completed generation 20; 2.2s elapsed, 2.4s avg, 4.7e+01s total. Expected time remaining: 4.2e+02s
2020-08-01 18:02:33,581 - root - INFO - #20 MAX:accuracy.mean: 0.63
2020-08-01 18:02:33,692 - root - DEBUG - Sampled weight [-1.93567062  0.05978647  0.38705661 -0.55454408  1.52701776]
2020-08-01 18:02:34,727 - root - DEBUG - Updating hall of fame
2020-08-01 18:02:34,907 - root - INFO - Completed generation 21; 1.3s elapsed, 2.3s avg, 4.8e+01s total. Expected time remaining: 4.1e+02s
2020-08-01 18:02:34,967 - root - INFO - #21 MAX:accuracy.mean: 0.56
2020-08-01 18:02:35,007 - root - DEBUG - Sampled weight [-1.96086886 -1.13968504 -0.29018988 -0.37313834 -1.34895996]
2020-08-01 18:02:36,051 - root - DEBUG - Updating hall of fame
2020-08-01 18:02:36,592 - root - INFO - Completed generation 22; 1.6s elapsed, 2.3s avg, 5e+01s total. Expected time remaining: 4e+02s
2020-08-01 18:02:36,652 - root - INFO - #22 MAX:accuracy.mean: 0.58
2020-08-01 18:02:36,691 - root - DEBUG - Sampled weight [-1.36274243  0.68141197 -1.85553313 -1.79141821 -0.52562531]
2020-08-01 18:02:37,725 - root - DEBUG - Updating hall of fame
2020-08-01 18:02:38,264 - root - INFO - Completed generation 23; 1.6s elapsed, 2.2s avg, 5.2e+01s total. Expected time remaining: 4e+02s
2020-08-01 18:02:38,324 - root - INFO - #23 MAX:accuracy.mean: 0.6
2020-08-01 18:02:38,363 - root - DEBUG - Sampled weight [ 1.35180685 -1.16942563  0.12955623 -0.44882003  0.35780155]
2020-08-01 18:02:39,400 - root - DEBUG - Updating hall of fame
2020-08-01 18:02:40,481 - root - INFO - Completed generation 24; 2.2s elapsed, 2.2s avg, 5.4e+01s total. Expected time remaining: 3.9e+02s
2020-08-01 18:02:40,541 - root - INFO - #24 MAX:accuracy.mean: 0.63
2020-08-01 18:02:40,580 - root - DEBUG - Sampled weight [-1.89216184 -0.40571287  0.55391474 -0.06963205  0.17202483]
2020-08-01 18:02:41,625 - root - DEBUG - Updating hall of fame
2020-08-01 18:02:42,727 - root - INFO - Completed generation 25; 2.2s elapsed, 2.2s avg, 5.6e+01s total. Expected time remaining: 3.9e+02s
2020-08-01 18:02:42,791 - root - INFO - #25 MAX:accuracy.mean: 0.61
2020-08-01 18:02:42,830 - root - DEBUG - Sampled weight [-0.27345056 -1.35486289 -1.71714901  0.25547575  1.53697438]
2020-08-01 18:02:43,868 - root - DEBUG - Updating hall of fame
2020-08-01 18:02:44,049 - root - INFO - Completed generation 26; 1.3s elapsed, 2.2s avg, 5.7e+01s total. Expected time remaining: 3.8e+02s
2020-08-01 18:02:44,109 - root - INFO - #26 MAX:accuracy.mean: 0.62
2020-08-01 18:02:44,148 - root - DEBUG - Sampled weight [ 1.02915621  1.25680191 -0.74782836 -1.99845877 -0.77365938]
2020-08-01 18:02:45,186 - root - DEBUG - Updating hall of fame
2020-08-01 18:02:45,367 - root - INFO - Completed generation 27; 1.3s elapsed, 2.2s avg, 5.8e+01s total. Expected time remaining: 3.7e+02s
2020-08-01 18:02:45,427 - root - INFO - #27 MAX:accuracy.mean: 0.6
2020-08-01 18:02:45,466 - root - DEBUG - Sampled weight [ 0.79916308  1.11645423  1.2853797  -1.70288538 -1.80338564]
2020-08-01 18:02:46,511 - root - DEBUG - Updating hall of fame
2020-08-01 18:02:47,235 - root - INFO - Completed generation 28; 1.8s elapsed, 2.2s avg, 6e+01s total. Expected time remaining: 3.7e+02s
2020-08-01 18:02:47,294 - root - INFO - #28 MAX:accuracy.mean: 0.59
2020-08-01 18:02:47,334 - root - DEBUG - Sampled weight [ 0.82907249  1.51964557  1.63065001 -0.67517631 -1.75105365]
2020-08-01 18:02:48,372 - root - DEBUG - Updating hall of fame
2020-08-01 18:02:48,911 - root - INFO - Completed generation 29; 1.6s elapsed, 2.1s avg, 6.2e+01s total. Expected time remaining: 3.6e+02s
2020-08-01 18:02:48,971 - root - INFO - #29 MAX:accuracy.mean: 0.63
2020-08-01 18:02:49,010 - root - DEBUG - Sampled weight [ 0.21954072 -1.92977351 -0.2701068   1.79967927  0.72731499]
2020-08-01 18:02:50,049 - root - DEBUG - Updating hall of fame
2020-08-01 18:02:50,589 - root - INFO - Completed generation 30; 1.6s elapsed, 2.1s avg, 6.3e+01s total. Expected time remaining: 3.6e+02s
2020-08-01 18:02:50,649 - root - INFO - #30 MAX:accuracy.mean: 0.56
2020-08-01 18:02:50,735 - root - DEBUG - Sampled weight [-0.50875651  1.95522958 -0.86934163 -1.42520796 -0.705058  ]
2020-08-01 18:02:51,778 - root - DEBUG - Updating hall of fame
2020-08-01 18:02:51,958 - root - INFO - Completed generation 31; 1.3s elapsed, 2.1s avg, 6.5e+01s total. Expected time remaining: 3.5e+02s
2020-08-01 18:02:52,018 - root - INFO - #31 MAX:accuracy.mean: 0.62
2020-08-01 18:02:52,056 - root - DEBUG - Sampled weight [ 1.09028755 -0.79286533  1.56893286  0.24542407  0.31420102]
2020-08-01 18:02:53,102 - root - DEBUG - Updating hall of fame
2020-08-01 18:02:54,548 - root - INFO - Completed generation 32; 2.5s elapsed, 2.1s avg, 6.7e+01s total. Expected time remaining: 3.5e+02s
2020-08-01 18:02:54,609 - root - INFO - #32 MAX:accuracy.mean: 0.63
2020-08-01 18:02:54,648 - root - DEBUG - Sampled weight [ 0.02262054  0.07795101 -1.40791153  1.78501955  1.51322107]
2020-08-01 18:02:55,700 - root - DEBUG - Updating hall of fame
2020-08-01 18:02:56,429 - root - INFO - Completed generation 33; 1.8s elapsed, 2.1s avg, 6.9e+01s total. Expected time remaining: 3.5e+02s
2020-08-01 18:02:56,489 - root - INFO - #33 MAX:accuracy.mean: 0.54
2020-08-01 18:02:56,528 - root - DEBUG - Sampled weight [ 1.26623204 -1.00765927 -1.93180053 -1.85321404 -0.1139772 ]
2020-08-01 18:02:57,573 - root - DEBUG - Updating hall of fame
2020-08-01 18:02:57,934 - root - INFO - Completed generation 34; 1.4s elapsed, 2.1s avg, 7.1e+01s total. Expected time remaining: 3.4e+02s
2020-08-01 18:02:57,994 - root - INFO - #34 MAX:accuracy.mean: 0.56
2020-08-01 18:02:58,032 - root - DEBUG - Sampled weight [ 0.01113915  1.37146494  0.06593769  0.58854068 -0.70694431]
2020-08-01 18:02:59,078 - root - DEBUG - Updating hall of fame
2020-08-01 18:02:59,439 - root - INFO - Completed generation 35; 1.4s elapsed, 2.1s avg, 7.2e+01s total. Expected time remaining: 3.4e+02s
2020-08-01 18:02:59,499 - root - INFO - #35 MAX:accuracy.mean: 0.61
2020-08-01 18:02:59,539 - root - DEBUG - Sampled weight [-0.45554944 -0.84929925 -0.25219141  1.30802194 -0.65673641]
2020-08-01 18:03:00,596 - root - DEBUG - Updating hall of fame
2020-08-01 18:03:01,515 - root - INFO - Completed generation 36; 2.0s elapsed, 2.1s avg, 7.4e+01s total. Expected time remaining: 3.4e+02s
2020-08-01 18:03:01,579 - root - INFO - #36 MAX:accuracy.mean: 0.69
2020-08-01 18:03:01,621 - root - DEBUG - Sampled weight [-0.04934043 -1.82163295  0.28311245 -0.30254004  1.43777681]
2020-08-01 18:03:02,717 - root - DEBUG - Updating hall of fame
2020-08-01 18:03:03,803 - root - INFO - Completed generation 37; 2.2s elapsed, 2.1s avg, 7.6e+01s total. Expected time remaining: 3.4e+02s
2020-08-01 18:03:03,979 - root - INFO - #37 MAX:accuracy.mean: 0.58
2020-08-01 18:03:04,020 - root - DEBUG - Sampled weight [-0.20136865  0.63352163 -1.53131537 -0.86740209 -1.95887535]
2020-08-01 18:03:05,069 - root - DEBUG - Updating hall of fame
2020-08-01 18:03:05,810 - root - INFO - Completed generation 38; 1.8s elapsed, 2.1s avg, 7.8e+01s total. Expected time remaining: 3.3e+02s
2020-08-01 18:03:05,870 - root - INFO - #38 MAX:accuracy.mean: 0.62
2020-08-01 18:03:05,909 - root - DEBUG - Sampled weight [ 1.03750876 -0.70140863  0.59522814 -1.35641653  0.67004698]
2020-08-01 18:03:06,960 - root - DEBUG - Updating hall of fame
2020-08-01 18:03:07,532 - root - INFO - Completed generation 39; 1.7s elapsed, 2.0s avg, 8e+01s total. Expected time remaining: 3.3e+02s
2020-08-01 18:03:07,592 - root - INFO - #39 MAX:accuracy.mean: 0.7
2020-08-01 18:03:07,631 - root - DEBUG - Sampled weight [-0.16325032  0.57905396 -1.61327972 -0.68222796  1.6786085 ]
2020-08-01 18:03:08,689 - root - DEBUG - Updating hall of fame
2020-08-01 18:03:10,167 - root - INFO - Completed generation 40; 2.6s elapsed, 2.1s avg, 8.2e+01s total. Expected time remaining: 3.3e+02s
2020-08-01 18:03:10,227 - root - INFO - #40 MAX:accuracy.mean: 0.6
2020-08-01 18:03:10,315 - root - DEBUG - Sampled weight [-1.9050252  -1.3086433   0.62393689  0.77851995 -1.03031658]
2020-08-01 18:03:11,379 - root - DEBUG - Updating hall of fame
2020-08-01 18:03:12,493 - root - INFO - Completed generation 41; 2.2s elapsed, 2.1s avg, 8.4e+01s total. Expected time remaining: 3.3e+02s
2020-08-01 18:03:12,552 - root - INFO - #41 MAX:accuracy.mean: 0.62
2020-08-01 18:03:12,592 - root - DEBUG - Sampled weight [ 1.74846032  0.3088343  -0.60777506  1.98781095 -0.19142796]
2020-08-01 18:03:13,643 - root - DEBUG - Updating hall of fame
2020-08-01 18:03:14,376 - root - INFO - Completed generation 42; 1.8s elapsed, 2.1s avg, 8.6e+01s total. Expected time remaining: 3.2e+02s
2020-08-01 18:03:14,436 - root - INFO - #42 MAX:accuracy.mean: 0.63
2020-08-01 18:03:14,476 - root - DEBUG - Sampled weight [ 1.45396571  0.42925918  0.33331243 -1.45223571  0.18868058]
2020-08-01 18:03:15,522 - root - DEBUG - Updating hall of fame
2020-08-01 18:03:16,067 - root - INFO - Completed generation 43; 1.6s elapsed, 2.0s avg, 8.8e+01s total. Expected time remaining: 3.2e+02s
2020-08-01 18:03:16,127 - root - INFO - #43 MAX:accuracy.mean: 0.67
2020-08-01 18:03:16,166 - root - DEBUG - Sampled weight [-1.60705625 -0.67079115 -1.60664777 -1.32872881  1.31763988]
2020-08-01 18:03:17,209 - root - DEBUG - Updating hall of fame
2020-08-01 18:03:18,114 - root - INFO - Completed generation 44; 2.0s elapsed, 2.0s avg, 9e+01s total. Expected time remaining: 3.2e+02s
2020-08-01 18:03:18,173 - root - INFO - #44 MAX:accuracy.mean: 0.59
2020-08-01 18:03:18,213 - root - DEBUG - Sampled weight [-1.05306334 -1.01190448  1.34293419 -1.01213303 -1.10753069]
2020-08-01 18:03:19,263 - root - DEBUG - Updating hall of fame
2020-08-01 18:03:19,626 - root - INFO - Completed generation 45; 1.5s elapsed, 2.0s avg, 9.1e+01s total. Expected time remaining: 3.1e+02s
2020-08-01 18:03:19,685 - root - INFO - #45 MAX:accuracy.mean: 0.61
2020-08-01 18:03:19,725 - root - DEBUG - Sampled weight [-0.94812134 -0.01603499  0.9664092  -1.64492117 -1.83958229]
2020-08-01 18:03:20,771 - root - DEBUG - Updating hall of fame
2020-08-01 18:03:20,954 - root - INFO - Completed generation 46; 1.3s elapsed, 2.0s avg, 9.3e+01s total. Expected time remaining: 3.1e+02s
2020-08-01 18:03:21,014 - root - INFO - #46 MAX:accuracy.mean: 0.58
2020-08-01 18:03:21,054 - root - DEBUG - Sampled weight [-0.01377519  0.6766306  -1.08838091 -0.95652912 -0.86352436]
2020-08-01 18:03:22,099 - root - DEBUG - Updating hall of fame
2020-08-01 18:03:22,281 - root - INFO - Completed generation 47; 1.3s elapsed, 2.0s avg, 9.4e+01s total. Expected time remaining: 3.1e+02s
2020-08-01 18:03:22,341 - root - INFO - #47 MAX:accuracy.mean: 0.59
2020-08-01 18:03:22,380 - root - DEBUG - Sampled weight [ 0.47835619  1.85451658 -1.69050279 -1.84137098 -1.64305144]
2020-08-01 18:03:23,433 - root - DEBUG - Updating hall of fame
2020-08-01 18:03:24,159 - root - INFO - Completed generation 48; 1.8s elapsed, 2.0s avg, 9.6e+01s total. Expected time remaining: 3e+02s
2020-08-01 18:03:24,220 - root - INFO - #48 MAX:accuracy.mean: 0.57
2020-08-01 18:03:24,260 - root - DEBUG - Sampled weight [-0.36574692  1.86400899  1.19509739  0.17006123 -1.02742956]
2020-08-01 18:03:25,304 - root - DEBUG - Updating hall of fame
2020-08-01 18:03:25,668 - root - INFO - Completed generation 49; 1.4s elapsed, 2.0s avg, 9.7e+01s total. Expected time remaining: 3e+02s
2020-08-01 18:03:25,727 - root - INFO - #49 MAX:accuracy.mean: 0.63
2020-08-01 18:03:25,767 - root - DEBUG - Sampled weight [ 0.84580264  0.21587394 -0.25768282 -1.21684944  0.27430937]
2020-08-01 18:03:26,808 - root - DEBUG - Updating hall of fame
2020-08-01 18:03:27,708 - root - INFO - Completed generation 50; 2.0s elapsed, 2.0s avg, 9.9e+01s total. Expected time remaining: 3e+02s
2020-08-01 18:03:27,768 - root - INFO - #50 MAX:accuracy.mean: 0.64
2020-08-01 18:03:27,861 - root - DEBUG - Sampled weight [-1.41299872  1.24706669  0.81920748 -0.68194961 -1.67012007]
2020-08-01 18:03:28,917 - root - DEBUG - Updating hall of fame
2020-08-01 18:03:29,827 - root - INFO - Completed generation 51; 2.0s elapsed, 2.0s avg, 1e+02s total. Expected time remaining: 3e+02s
2020-08-01 18:03:29,887 - root - INFO - #51 MAX:accuracy.mean: 0.62
2020-08-01 18:03:29,927 - root - DEBUG - Sampled weight [-1.36167422  0.31947437 -1.25810668  1.51081232  1.76016832]
2020-08-01 18:03:30,978 - root - DEBUG - Updating hall of fame
2020-08-01 18:03:31,891 - root - INFO - Completed generation 52; 2.0s elapsed, 2.0s avg, 1e+02s total. Expected time remaining: 2.9e+02s
2020-08-01 18:03:31,951 - root - INFO - #52 MAX:accuracy.mean: 0.6
2020-08-01 18:03:31,990 - root - DEBUG - Sampled weight [ 0.44398238  0.02562826 -0.18511082  0.53843587 -0.85948894]
2020-08-01 18:03:33,040 - root - DEBUG - Updating hall of fame
2020-08-01 18:03:33,221 - root - INFO - Completed generation 53; 1.3s elapsed, 2.0s avg, 1e+02s total. Expected time remaining: 2.9e+02s
2020-08-01 18:03:33,281 - root - INFO - #53 MAX:accuracy.mean: 0.6
2020-08-01 18:03:33,320 - root - DEBUG - Sampled weight [ 1.81356836  1.93264916  1.56190418 -0.5784153  -0.49398197]
2020-08-01 18:03:34,373 - root - DEBUG - Updating hall of fame
2020-08-01 18:03:35,282 - root - INFO - Completed generation 54; 2.0s elapsed, 2.0s avg, 1.1e+02s total. Expected time remaining: 2.9e+02s
2020-08-01 18:03:35,341 - root - INFO - #54 MAX:accuracy.mean: 0.7
2020-08-01 18:03:35,381 - root - DEBUG - Sampled weight [-0.77522825  1.34242148  0.09221764 -0.64835216 -1.20255539]
2020-08-01 18:03:36,429 - root - DEBUG - Updating hall of fame
2020-08-01 18:03:36,974 - root - INFO - Completed generation 55; 1.6s elapsed, 2.0s avg, 1.1e+02s total. Expected time remaining: 2.8e+02s
2020-08-01 18:03:37,034 - root - INFO - #55 MAX:accuracy.mean: 0.59
2020-08-01 18:03:37,073 - root - DEBUG - Sampled weight [-0.62678028 -1.15218172  1.72437576  0.20688088  1.8457091 ]
2020-08-01 18:03:38,131 - root - DEBUG - Updating hall of fame
2020-08-01 18:03:39,047 - root - INFO - Completed generation 56; 2.0s elapsed, 2.0s avg, 1.1e+02s total. Expected time remaining: 2.8e+02s
2020-08-01 18:03:39,107 - root - INFO - #56 MAX:accuracy.mean: 0.61
2020-08-01 18:03:39,145 - root - DEBUG - Sampled weight [ 1.95912034  0.0721162   0.45701757 -1.08870953  1.39143151]
2020-08-01 18:03:40,203 - root - DEBUG - Updating hall of fame
2020-08-01 18:03:40,935 - root - INFO - Completed generation 57; 1.8s elapsed, 2.0s avg, 1.1e+02s total. Expected time remaining: 2.8e+02s
2020-08-01 18:03:40,995 - root - INFO - #57 MAX:accuracy.mean: 0.6
2020-08-01 18:03:41,034 - root - DEBUG - Sampled weight [ 0.32424117  0.45130114  1.62252998 -1.3808971  -1.78315243]
2020-08-01 18:03:42,095 - root - DEBUG - Updating hall of fame
2020-08-01 18:03:42,462 - root - INFO - Completed generation 58; 1.5s elapsed, 2.0s avg, 1.1e+02s total. Expected time remaining: 2.8e+02s
2020-08-01 18:03:42,521 - root - INFO - #58 MAX:accuracy.mean: 0.65
2020-08-01 18:03:42,561 - root - DEBUG - Sampled weight [-1.66234094 -0.74582051 -1.56502575  0.42861384 -0.90984616]
2020-08-01 18:03:43,616 - root - DEBUG - Updating hall of fame
2020-08-01 18:03:43,617 - root - INFO - Completed generation 59; 1.1s elapsed, 1.9s avg, 1.1e+02s total. Expected time remaining: 2.7e+02s
2020-08-01 18:03:43,677 - root - INFO - #59 MAX:accuracy.mean: 0.68
2020-08-01 18:03:43,716 - root - DEBUG - Sampled weight [-0.44805824 -1.21575311 -0.02785354  1.17212239  1.62917854]
2020-08-01 18:03:44,774 - root - DEBUG - Updating hall of fame
2020-08-01 18:03:45,874 - root - INFO - Completed generation 60; 2.2s elapsed, 1.9s avg, 1.2e+02s total. Expected time remaining: 2.7e+02s
2020-08-01 18:03:45,934 - root - INFO - #60 MAX:accuracy.mean: 0.57
2020-08-01 18:03:46,043 - root - DEBUG - Sampled weight [ 1.52136981  0.24004123 -1.89969759  1.05695769  1.66999684]
2020-08-01 18:03:47,112 - root - DEBUG - Updating hall of fame
2020-08-01 18:03:47,668 - root - INFO - Completed generation 61; 1.7s elapsed, 1.9s avg, 1.2e+02s total. Expected time remaining: 2.7e+02s
2020-08-01 18:03:47,728 - root - INFO - #61 MAX:accuracy.mean: 0.58
2020-08-01 18:03:47,768 - root - DEBUG - Sampled weight [ 0.80111134  1.70325026 -1.36683513  0.47506017  1.66208708]
2020-08-01 18:03:48,831 - root - DEBUG - Updating hall of fame
2020-08-01 18:03:49,197 - root - INFO - Completed generation 62; 1.5s elapsed, 1.9s avg, 1.2e+02s total. Expected time remaining: 2.7e+02s
2020-08-01 18:03:49,257 - root - INFO - #62 MAX:accuracy.mean: 0.7
2020-08-01 18:03:49,297 - root - DEBUG - Sampled weight [ 1.04618929  0.08440841 -0.34482422  1.32168802 -1.58312454]
2020-08-01 18:03:50,357 - root - DEBUG - Updating hall of fame
2020-08-01 18:03:51,089 - root - INFO - Completed generation 63; 1.8s elapsed, 1.9s avg, 1.2e+02s total. Expected time remaining: 2.6e+02s
2020-08-01 18:03:51,149 - root - INFO - #63 MAX:accuracy.mean: 0.67
2020-08-01 18:03:51,188 - root - DEBUG - Sampled weight [ 0.85809267 -1.41790646 -0.77348751  1.87708051 -1.33605091]
2020-08-01 18:03:52,251 - root - DEBUG - Updating hall of fame
2020-08-01 18:03:52,799 - root - INFO - Completed generation 64; 1.6s elapsed, 1.9s avg, 1.2e+02s total. Expected time remaining: 2.6e+02s
2020-08-01 18:03:52,859 - root - INFO - #64 MAX:accuracy.mean: 0.63
2020-08-01 18:03:52,898 - root - DEBUG - Sampled weight [ 0.11426635  1.47364721  1.42080132 -0.69559012  1.89964389]
2020-08-01 18:03:53,955 - root - DEBUG - Updating hall of fame
2020-08-01 18:03:54,509 - root - INFO - Completed generation 65; 1.6s elapsed, 1.9s avg, 1.2e+02s total. Expected time remaining: 2.6e+02s
2020-08-01 18:03:54,569 - root - INFO - #65 MAX:accuracy.mean: 0.59
2020-08-01 18:03:54,608 - root - DEBUG - Sampled weight [-0.51862665  1.4644      0.78034266  0.00303424  0.28302137]
2020-08-01 18:03:55,669 - root - DEBUG - Updating hall of fame
2020-08-01 18:03:56,034 - root - INFO - Completed generation 66; 1.5s elapsed, 1.9s avg, 1.3e+02s total. Expected time remaining: 2.6e+02s
2020-08-01 18:03:56,094 - root - INFO - #66 MAX:accuracy.mean: 0.61
2020-08-01 18:03:56,135 - root - DEBUG - Sampled weight [-1.85105493 -1.92216085 -0.41387571 -0.13390234  1.06047859]
2020-08-01 18:03:57,191 - root - DEBUG - Updating hall of fame
2020-08-01 18:03:57,930 - root - INFO - Completed generation 67; 1.8s elapsed, 1.9s avg, 1.3e+02s total. Expected time remaining: 2.5e+02s
2020-08-01 18:03:57,990 - root - INFO - #67 MAX:accuracy.mean: 0.59
2020-08-01 18:03:58,030 - root - DEBUG - Sampled weight [-1.23085688 -0.49512368 -0.3627909   0.35789966  0.09282791]
2020-08-01 18:03:59,096 - root - DEBUG - Updating hall of fame
2020-08-01 18:03:59,096 - root - INFO - Completed generation 68; 1.1s elapsed, 1.9s avg, 1.3e+02s total. Expected time remaining: 2.5e+02s
2020-08-01 18:03:59,156 - root - INFO - #68 MAX:accuracy.mean: 0.74
2020-08-01 18:03:59,195 - root - DEBUG - Sampled weight [ 0.12066331 -0.70956403 -1.08887917  0.32169163 -1.24740905]
2020-08-01 18:04:00,244 - root - DEBUG - Updating hall of fame
2020-08-01 18:04:01,544 - root - INFO - Completed generation 69; 2.4s elapsed, 1.9s avg, 1.3e+02s total. Expected time remaining: 2.5e+02s
2020-08-01 18:04:01,609 - root - INFO - #69 MAX:accuracy.mean: 0.6
2020-08-01 18:04:01,652 - root - DEBUG - Sampled weight [ 0.98548308 -0.56667117 -1.44485533  1.48754277  0.16685386]
2020-08-01 18:04:02,761 - root - DEBUG - Updating hall of fame
2020-08-01 18:04:03,325 - root - INFO - Completed generation 70; 1.7s elapsed, 1.9s avg, 1.3e+02s total. Expected time remaining: 2.5e+02s
2020-08-01 18:04:03,389 - root - INFO - #70 MAX:accuracy.mean: 0.65
2020-08-01 18:04:03,487 - root - DEBUG - Sampled weight [ 0.38054898 -0.8080362  -0.66183194 -1.84591799  1.64574151]
2020-08-01 18:04:04,624 - root - DEBUG - Updating hall of fame
2020-08-01 18:04:05,602 - root - INFO - Completed generation 71; 2.2s elapsed, 1.9s avg, 1.4e+02s total. Expected time remaining: 2.5e+02s
2020-08-01 18:04:05,667 - root - INFO - #71 MAX:accuracy.mean: 0.68
2020-08-01 18:04:05,709 - root - DEBUG - Sampled weight [ 1.98345921  1.52027132 -1.55939709 -0.12138351 -0.50350124]
2020-08-01 18:04:06,834 - root - DEBUG - Updating hall of fame
2020-08-01 18:04:07,224 - root - INFO - Completed generation 72; 1.6s elapsed, 1.9s avg, 1.4e+02s total. Expected time remaining: 2.4e+02s
2020-08-01 18:04:07,288 - root - INFO - #72 MAX:accuracy.mean: 0.55
2020-08-01 18:04:07,330 - root - DEBUG - Sampled weight [-0.72987883 -0.57472571 -0.10446617  1.1142309   1.20050329]
2020-08-01 18:04:08,455 - root - DEBUG - Updating hall of fame
2020-08-01 18:04:08,653 - root - INFO - Completed generation 73; 1.4s elapsed, 1.9s avg, 1.4e+02s total. Expected time remaining: 2.4e+02s
2020-08-01 18:04:08,717 - root - INFO - #73 MAX:accuracy.mean: 0.67
2020-08-01 18:04:08,760 - root - DEBUG - Sampled weight [-0.09298066 -0.66003569  0.09201159  1.89591735  1.37161994]
2020-08-01 18:04:09,882 - root - DEBUG - Updating hall of fame
2020-08-01 18:04:10,641 - root - INFO - Completed generation 74; 1.9s elapsed, 1.9s avg, 1.4e+02s total. Expected time remaining: 2.4e+02s
2020-08-01 18:04:10,701 - root - INFO - #74 MAX:accuracy.mean: 0.56
2020-08-01 18:04:10,742 - root - DEBUG - Sampled weight [-0.85946711  1.03947403 -0.17142419  1.78878014 -1.46693934]
2020-08-01 18:04:11,796 - root - DEBUG - Updating hall of fame
2020-08-01 18:04:11,978 - root - INFO - Completed generation 75; 1.3s elapsed, 1.9s avg, 1.4e+02s total. Expected time remaining: 2.4e+02s
2020-08-01 18:04:12,038 - root - INFO - #75 MAX:accuracy.mean: 0.6
2020-08-01 18:04:12,077 - root - DEBUG - Sampled weight [ 1.84287121 -1.823351   -1.67614223  1.08299439  1.85286004]
2020-08-01 18:04:13,136 - root - DEBUG - Updating hall of fame
2020-08-01 18:04:13,319 - root - INFO - Completed generation 76; 1.3s elapsed, 1.9s avg, 1.4e+02s total. Expected time remaining: 2.3e+02s
2020-08-01 18:04:13,379 - root - INFO - #76 MAX:accuracy.mean: 0.58
2020-08-01 18:04:13,419 - root - DEBUG - Sampled weight [ 0.30266806  1.03584318  1.68953907 -0.77599798 -0.21028475]
2020-08-01 18:04:14,477 - root - DEBUG - Updating hall of fame
2020-08-01 18:04:14,658 - root - INFO - Completed generation 77; 1.3s elapsed, 1.9s avg, 1.4e+02s total. Expected time remaining: 2.3e+02s
2020-08-01 18:04:14,718 - root - INFO - #77 MAX:accuracy.mean: 0.61
2020-08-01 18:04:14,758 - root - DEBUG - Sampled weight [-1.80811792 -1.92508984  1.56581296  0.82161082  1.31981141]
2020-08-01 18:04:15,814 - root - DEBUG - Updating hall of fame
2020-08-01 18:04:16,356 - root - INFO - Completed generation 78; 1.6s elapsed, 1.9s avg, 1.5e+02s total. Expected time remaining: 2.3e+02s
2020-08-01 18:04:16,416 - root - INFO - #78 MAX:accuracy.mean: 0.59
2020-08-01 18:04:16,456 - root - DEBUG - Sampled weight [-0.82511465  1.19466614  1.20900737 -1.9028564  -0.44633446]
2020-08-01 18:04:17,509 - root - DEBUG - Updating hall of fame
2020-08-01 18:04:17,509 - root - INFO - Completed generation 79; 1.1s elapsed, 1.9s avg, 1.5e+02s total. Expected time remaining: 2.3e+02s
2020-08-01 18:04:17,569 - root - INFO - #79 MAX:accuracy.mean: 0.61
2020-08-01 18:04:17,609 - root - DEBUG - Sampled weight [ 1.63089703  1.21716412 -1.79124368  1.77323679  1.08114287]
2020-08-01 18:04:18,671 - root - DEBUG - Updating hall of fame
2020-08-01 18:04:19,215 - root - INFO - Completed generation 80; 1.6s elapsed, 1.9s avg, 1.5e+02s total. Expected time remaining: 2.2e+02s
2020-08-01 18:04:19,275 - root - INFO - #80 MAX:accuracy.mean: 0.58
2020-08-01 18:04:19,368 - root - DEBUG - Sampled weight [-1.24420903  1.22669227  0.65413019 -1.08044118 -1.554373  ]
2020-08-01 18:04:20,428 - root - DEBUG - Updating hall of fame
2020-08-01 18:04:20,428 - root - INFO - Completed generation 81; 1.1s elapsed, 1.8s avg, 1.5e+02s total. Expected time remaining: 2.2e+02s
2020-08-01 18:04:20,488 - root - INFO - #81 MAX:accuracy.mean: 0.64
2020-08-01 18:04:20,528 - root - DEBUG - Sampled weight [-1.30147711  1.15768526  1.75508566 -0.97378185  1.70561893]
2020-08-01 18:04:21,580 - root - DEBUG - Updating hall of fame
2020-08-01 18:04:22,306 - root - INFO - Completed generation 82; 1.8s elapsed, 1.8s avg, 1.5e+02s total. Expected time remaining: 2.2e+02s
2020-08-01 18:04:22,366 - root - INFO - #82 MAX:accuracy.mean: 0.66
2020-08-01 18:04:22,407 - root - DEBUG - Sampled weight [-1.83209897  1.65311111  1.29755545  1.23446829  0.66067637]
2020-08-01 18:04:23,462 - root - DEBUG - Updating hall of fame
2020-08-01 18:04:24,007 - root - INFO - Completed generation 83; 1.6s elapsed, 1.8s avg, 1.5e+02s total. Expected time remaining: 2.2e+02s
2020-08-01 18:04:24,066 - root - INFO - #83 MAX:accuracy.mean: 0.66
2020-08-01 18:04:24,106 - root - DEBUG - Sampled weight [ 1.98593042 -0.92545699  1.27067929 -1.78204785 -1.71342161]
2020-08-01 18:04:25,161 - root - DEBUG - Updating hall of fame
2020-08-01 18:04:25,525 - root - INFO - Completed generation 84; 1.5s elapsed, 1.8s avg, 1.5e+02s total. Expected time remaining: 2.1e+02s
2020-08-01 18:04:25,585 - root - INFO - #84 MAX:accuracy.mean: 0.59
2020-08-01 18:04:25,625 - root - DEBUG - Sampled weight [-1.98905519  0.09803084  1.93669749 -0.78185099  0.76026866]
2020-08-01 18:04:26,680 - root - DEBUG - Updating hall of fame
2020-08-01 18:04:27,224 - root - INFO - Completed generation 85; 1.6s elapsed, 1.8s avg, 1.6e+02s total. Expected time remaining: 2.1e+02s
2020-08-01 18:04:27,284 - root - INFO - #85 MAX:accuracy.mean: 0.57
2020-08-01 18:04:27,323 - root - DEBUG - Sampled weight [-1.97487046  0.66131132 -0.95937466  1.43202213 -1.34977623]
2020-08-01 18:04:28,374 - root - DEBUG - Updating hall of fame
2020-08-01 18:04:28,560 - root - INFO - Completed generation 86; 1.3s elapsed, 1.8s avg, 1.6e+02s total. Expected time remaining: 2.1e+02s
2020-08-01 18:04:28,620 - root - INFO - #86 MAX:accuracy.mean: 0.62
2020-08-01 18:04:28,659 - root - DEBUG - Sampled weight [-1.66623324  1.93177413  1.14708829 -0.71596825  0.12157229]
2020-08-01 18:04:29,714 - root - DEBUG - Updating hall of fame
2020-08-01 18:04:30,078 - root - INFO - Completed generation 87; 1.5s elapsed, 1.8s avg, 1.6e+02s total. Expected time remaining: 2.1e+02s
2020-08-01 18:04:30,139 - root - INFO - #87 MAX:accuracy.mean: 0.6
2020-08-01 18:04:30,178 - root - DEBUG - Sampled weight [ 1.20364679 -0.44160747 -0.13918482  1.7848476  -0.08142102]
2020-08-01 18:04:31,230 - root - DEBUG - Updating hall of fame
2020-08-01 18:04:31,591 - root - INFO - Completed generation 88; 1.5s elapsed, 1.8s avg, 1.6e+02s total. Expected time remaining: 2e+02s
2020-08-01 18:04:31,652 - root - INFO - #88 MAX:accuracy.mean: 0.56
2020-08-01 18:04:31,692 - root - DEBUG - Sampled weight [0.97782036 0.94235364 1.41471943 0.26733403 1.02723493]
2020-08-01 18:04:32,768 - root - DEBUG - Updating hall of fame
2020-08-01 18:04:33,168 - root - INFO - Completed generation 89; 1.5s elapsed, 1.8s avg, 1.6e+02s total. Expected time remaining: 2e+02s
2020-08-01 18:04:33,232 - root - INFO - #89 MAX:accuracy.mean: 0.64
2020-08-01 18:04:33,275 - root - DEBUG - Sampled weight [ 0.21284062  1.36986938  1.80506907 -1.63808504  0.74024596]
2020-08-01 18:04:34,404 - root - DEBUG - Updating hall of fame
2020-08-01 18:04:34,792 - root - INFO - Completed generation 90; 1.6s elapsed, 1.8s avg, 1.6e+02s total. Expected time remaining: 2e+02s
2020-08-01 18:04:34,856 - root - INFO - #90 MAX:accuracy.mean: 0.61
2020-08-01 18:04:34,982 - root - DEBUG - Sampled weight [ 0.05821363  0.15354508  0.81066814  1.6185156  -1.70609308]
2020-08-01 18:04:36,111 - root - DEBUG - Updating hall of fame
2020-08-01 18:04:36,304 - root - INFO - Completed generation 91; 1.4s elapsed, 1.8s avg, 1.6e+02s total. Expected time remaining: 2e+02s
2020-08-01 18:04:36,368 - root - INFO - #91 MAX:accuracy.mean: 0.56
2020-08-01 18:04:36,411 - root - DEBUG - Sampled weight [ 1.87269508 -0.26704441 -0.84102088  0.99028402 -1.53521153]
2020-08-01 18:04:37,537 - root - DEBUG - Updating hall of fame
2020-08-01 18:04:37,732 - root - INFO - Completed generation 92; 1.4s elapsed, 1.8s avg, 1.7e+02s total. Expected time remaining: 2e+02s
2020-08-01 18:04:37,796 - root - INFO - #92 MAX:accuracy.mean: 0.62
2020-08-01 18:04:37,838 - root - DEBUG - Sampled weight [-1.36926373 -0.81572402 -0.00264084  1.77699256  0.63797391]
2020-08-01 18:04:38,926 - root - DEBUG - Updating hall of fame
2020-08-01 18:04:39,291 - root - INFO - Completed generation 93; 1.5s elapsed, 1.8s avg, 1.7e+02s total. Expected time remaining: 1.9e+02s
2020-08-01 18:04:39,351 - root - INFO - #93 MAX:accuracy.mean: 0.59
2020-08-01 18:04:39,391 - root - DEBUG - Sampled weight [-0.23642252 -1.17824373  0.91513007 -0.68868394  1.88964732]
2020-08-01 18:04:40,456 - root - DEBUG - Updating hall of fame
2020-08-01 18:04:41,011 - root - INFO - Completed generation 94; 1.7s elapsed, 1.8s avg, 1.7e+02s total. Expected time remaining: 1.9e+02s
2020-08-01 18:04:41,071 - root - INFO - #94 MAX:accuracy.mean: 0.61
2020-08-01 18:04:41,111 - root - DEBUG - Sampled weight [-0.84433564  0.12180705 -0.25662203  0.50204008  1.40699783]
2020-08-01 18:04:42,177 - root - DEBUG - Updating hall of fame
2020-08-01 18:04:42,912 - root - INFO - Completed generation 95; 1.8s elapsed, 1.8s avg, 1.7e+02s total. Expected time remaining: 1.9e+02s
2020-08-01 18:04:42,972 - root - INFO - #95 MAX:accuracy.mean: 0.65
2020-08-01 18:04:43,011 - root - DEBUG - Sampled weight [-1.45394592  1.99734643  0.68383229 -1.97348289 -0.82821123]
2020-08-01 18:04:44,070 - root - DEBUG - Updating hall of fame
2020-08-01 18:04:44,634 - root - INFO - Completed generation 96; 1.7s elapsed, 1.8s avg, 1.7e+02s total. Expected time remaining: 1.9e+02s
2020-08-01 18:04:44,694 - root - INFO - #96 MAX:accuracy.mean: 0.62
2020-08-01 18:04:44,734 - root - DEBUG - Sampled weight [ 0.73360179 -0.83954821  0.77587553 -0.05683444 -0.398926  ]
2020-08-01 18:04:45,795 - root - DEBUG - Updating hall of fame
2020-08-01 18:04:46,540 - root - INFO - Completed generation 97; 1.8s elapsed, 1.8s avg, 1.7e+02s total. Expected time remaining: 1.9e+02s
2020-08-01 18:04:46,600 - root - INFO - #97 MAX:accuracy.mean: 0.66
2020-08-01 18:04:46,640 - root - DEBUG - Sampled weight [-1.76022756  0.84449141 -0.44457281  1.9628291   0.89891407]
2020-08-01 18:04:47,716 - root - DEBUG - Updating hall of fame
2020-08-01 18:04:48,652 - root - INFO - Completed generation 98; 2.1s elapsed, 1.8s avg, 1.8e+02s total. Expected time remaining: 1.8e+02s
2020-08-01 18:04:48,712 - root - INFO - #98 MAX:accuracy.mean: 0.66
2020-08-01 18:04:48,751 - root - DEBUG - Sampled weight [-0.89066474  0.46743744  1.15857695  0.68232998  0.93023806]
2020-08-01 18:04:49,803 - root - DEBUG - Updating hall of fame
2020-08-01 18:04:50,361 - root - INFO - Completed generation 99; 1.6s elapsed, 1.8s avg, 1.8e+02s total. Expected time remaining: 1.8e+02s
2020-08-01 18:04:50,421 - root - INFO - #99 MAX:accuracy.mean: 0.74
2020-08-01 18:04:50,461 - root - DEBUG - Sampled weight [ 0.98676395  1.43432864  0.86414878 -0.24523483  0.00237362]
2020-08-01 18:04:51,522 - root - DEBUG - Updating hall of fame
2020-08-01 18:04:52,620 - root - INFO - Completed generation 100; 2.2s elapsed, 1.8s avg, 1.8e+02s total. Expected time remaining: 1.8e+02s
2020-08-01 18:04:52,680 - root - INFO - #100 MAX:accuracy.mean: 0.63
2020-08-01 18:04:52,899 - root - DEBUG - Sampled weight [-1.16097179 -0.00692187  1.70028278 -0.12550959 -0.55240371]
2020-08-01 18:04:53,959 - root - DEBUG - Updating hall of fame
2020-08-01 18:04:54,338 - root - INFO - Completed generation 101; 1.5s elapsed, 1.8s avg, 1.8e+02s total. Expected time remaining: 1.8e+02s
2020-08-01 18:04:54,398 - root - INFO - #101 MAX:accuracy.mean: 0.63
2020-08-01 18:04:54,438 - root - DEBUG - Sampled weight [-0.1345303   0.27823407  0.48282656  1.33862333  0.74442678]
2020-08-01 18:04:55,494 - root - DEBUG - Updating hall of fame
2020-08-01 18:04:56,243 - root - INFO - Completed generation 102; 1.8s elapsed, 1.8s avg, 1.8e+02s total. Expected time remaining: 1.8e+02s
2020-08-01 18:04:56,303 - root - INFO - #102 MAX:accuracy.mean: 0.63
2020-08-01 18:04:56,343 - root - DEBUG - Sampled weight [ 1.75102117  0.7354858   0.87776401  0.30694545 -1.13881669]
2020-08-01 18:04:57,404 - root - DEBUG - Updating hall of fame
2020-08-01 18:04:57,950 - root - INFO - Completed generation 103; 1.6s elapsed, 1.8s avg, 1.9e+02s total. Expected time remaining: 1.7e+02s
2020-08-01 18:04:58,010 - root - INFO - #103 MAX:accuracy.mean: 0.66
2020-08-01 18:04:58,050 - root - DEBUG - Sampled weight [-1.30809208 -0.82055455  0.69686466 -1.95764332  1.77871039]
2020-08-01 18:04:59,108 - root - DEBUG - Updating hall of fame
2020-08-01 18:05:00,026 - root - INFO - Completed generation 104; 2.0s elapsed, 1.8s avg, 1.9e+02s total. Expected time remaining: 1.7e+02s
2020-08-01 18:05:00,086 - root - INFO - #104 MAX:accuracy.mean: 0.63
2020-08-01 18:05:00,127 - root - DEBUG - Sampled weight [ 0.50711685  0.26400821 -1.47965604 -0.50859259 -1.68920013]
2020-08-01 18:05:01,186 - root - DEBUG - Updating hall of fame
2020-08-01 18:05:01,742 - root - INFO - Completed generation 105; 1.7s elapsed, 1.8s avg, 1.9e+02s total. Expected time remaining: 1.7e+02s
2020-08-01 18:05:01,806 - root - INFO - #105 MAX:accuracy.mean: 0.68
2020-08-01 18:05:01,849 - root - DEBUG - Sampled weight [-0.6730525  -0.4381628  -1.18570258 -0.64635053 -1.85670277]
2020-08-01 18:05:02,996 - root - DEBUG - Updating hall of fame
2020-08-01 18:05:03,781 - root - INFO - Completed generation 106; 2.0s elapsed, 1.8s avg, 1.9e+02s total. Expected time remaining: 1.7e+02s
2020-08-01 18:05:03,845 - root - INFO - #106 MAX:accuracy.mean: 0.72
2020-08-01 18:05:03,888 - root - DEBUG - Sampled weight [-0.6234577  -0.78199443 -1.8963756   0.9830041  -0.92204126]
2020-08-01 18:05:05,023 - root - DEBUG - Updating hall of fame
2020-08-01 18:05:05,995 - root - INFO - Completed generation 107; 2.1s elapsed, 1.8s avg, 1.9e+02s total. Expected time remaining: 1.7e+02s
2020-08-01 18:05:06,058 - root - INFO - #107 MAX:accuracy.mean: 0.65
2020-08-01 18:05:06,099 - root - DEBUG - Sampled weight [ 1.10272215  0.96920979  1.97928231 -1.81599488  0.2403639 ]
2020-08-01 18:05:07,173 - root - DEBUG - Updating hall of fame
2020-08-01 18:05:07,541 - root - INFO - Completed generation 108; 1.5s elapsed, 1.8s avg, 1.9e+02s total. Expected time remaining: 1.7e+02s
2020-08-01 18:05:07,601 - root - INFO - #108 MAX:accuracy.mean: 0.6
2020-08-01 18:05:07,641 - root - DEBUG - Sampled weight [ 1.74089567  0.76199132 -1.34668313  1.70739234 -1.09380463]
2020-08-01 18:05:08,704 - root - DEBUG - Updating hall of fame
2020-08-01 18:05:08,886 - root - INFO - Completed generation 109; 1.3s elapsed, 1.8s avg, 2e+02s total. Expected time remaining: 1.6e+02s
2020-08-01 18:05:08,946 - root - INFO - #109 MAX:accuracy.mean: 0.61
2020-08-01 18:05:08,986 - root - DEBUG - Sampled weight [ 1.04950894  1.76809952  0.3367081   1.84040856 -1.82860873]
2020-08-01 18:05:10,046 - root - DEBUG - Updating hall of fame
2020-08-01 18:05:10,589 - root - INFO - Completed generation 110; 1.6s elapsed, 1.8s avg, 2e+02s total. Expected time remaining: 1.6e+02s
2020-08-01 18:05:10,649 - root - INFO - #110 MAX:accuracy.mean: 0.59
2020-08-01 18:05:10,768 - root - DEBUG - Sampled weight [-1.82731207 -0.03414144 -1.20010077  1.42338344  1.54941182]
2020-08-01 18:05:11,832 - root - DEBUG - Updating hall of fame
2020-08-01 18:05:12,013 - root - INFO - Completed generation 111; 1.3s elapsed, 1.8s avg, 2e+02s total. Expected time remaining: 1.6e+02s
2020-08-01 18:05:12,072 - root - INFO - #111 MAX:accuracy.mean: 0.57
2020-08-01 18:05:12,114 - root - DEBUG - Sampled weight [ 0.29869239 -1.22398982 -0.06465346 -0.67683268 -0.02344918]
2020-08-01 18:05:13,182 - root - DEBUG - Updating hall of fame
2020-08-01 18:05:13,182 - root - INFO - Completed generation 112; 1.1s elapsed, 1.8s avg, 2e+02s total. Expected time remaining: 1.6e+02s
2020-08-01 18:05:13,242 - root - INFO - #112 MAX:accuracy.mean: 0.64
2020-08-01 18:05:13,282 - root - DEBUG - Sampled weight [-1.62843506 -0.6872452  -1.28165686  1.22583861 -1.70625483]
2020-08-01 18:05:14,354 - root - DEBUG - Updating hall of fame
2020-08-01 18:05:14,908 - root - INFO - Completed generation 113; 1.7s elapsed, 1.8s avg, 2e+02s total. Expected time remaining: 1.6e+02s
2020-08-01 18:05:14,968 - root - INFO - #113 MAX:accuracy.mean: 0.65
2020-08-01 18:05:15,008 - root - DEBUG - Sampled weight [ 0.61494884 -1.12201334  0.43846813 -0.84386142 -1.13106455]
2020-08-01 18:05:16,084 - root - DEBUG - Updating hall of fame
2020-08-01 18:05:17,028 - root - INFO - Completed generation 114; 2.1s elapsed, 1.8s avg, 2e+02s total. Expected time remaining: 1.5e+02s
2020-08-01 18:05:17,090 - root - INFO - #114 MAX:accuracy.mean: 0.7
2020-08-01 18:05:17,132 - root - DEBUG - Sampled weight [-1.06005856 -0.47433631  1.3319345   1.91174972  1.20963822]
2020-08-01 18:05:18,240 - root - DEBUG - Updating hall of fame
2020-08-01 18:05:19,007 - root - INFO - Completed generation 115; 1.9s elapsed, 1.8s avg, 2.1e+02s total. Expected time remaining: 1.5e+02s
2020-08-01 18:05:19,069 - root - INFO - #115 MAX:accuracy.mean: 0.61
2020-08-01 18:05:19,111 - root - DEBUG - Sampled weight [-1.42624762  0.23649274 -1.42024671  0.25055493  1.72249575]
2020-08-01 18:05:20,214 - root - DEBUG - Updating hall of fame
2020-08-01 18:05:20,596 - root - INFO - Completed generation 116; 1.5s elapsed, 1.8s avg, 2.1e+02s total. Expected time remaining: 1.5e+02s
2020-08-01 18:05:20,659 - root - INFO - #116 MAX:accuracy.mean: 0.65
2020-08-01 18:05:20,699 - root - DEBUG - Sampled weight [ 0.14092751  1.5679203   1.22825938  0.73254734 -1.71308997]
2020-08-01 18:05:21,800 - root - DEBUG - Updating hall of fame
2020-08-01 18:05:21,801 - root - INFO - Completed generation 117; 1.1s elapsed, 1.8s avg, 2.1e+02s total. Expected time remaining: 1.5e+02s
2020-08-01 18:05:21,861 - root - INFO - #117 MAX:accuracy.mean: 0.57
2020-08-01 18:05:21,901 - root - DEBUG - Sampled weight [ 0.45516547 -0.29744964 -1.44659985  1.39111217  1.065485  ]
2020-08-01 18:05:22,976 - root - DEBUG - Updating hall of fame
2020-08-01 18:05:23,340 - root - INFO - Completed generation 118; 1.5s elapsed, 1.8s avg, 2.1e+02s total. Expected time remaining: 1.5e+02s
2020-08-01 18:05:23,400 - root - INFO - #118 MAX:accuracy.mean: 0.64
2020-08-01 18:05:23,440 - root - DEBUG - Sampled weight [-0.72679058 -0.00519003  1.30442402  1.8637116  -1.68010088]
2020-08-01 18:05:24,506 - root - DEBUG - Updating hall of fame
2020-08-01 18:05:24,506 - root - INFO - Completed generation 119; 1.1s elapsed, 1.8s avg, 2.1e+02s total. Expected time remaining: 1.4e+02s
2020-08-01 18:05:24,566 - root - INFO - #119 MAX:accuracy.mean: 0.57
2020-08-01 18:05:24,605 - root - DEBUG - Sampled weight [ 1.52355143 -1.97172853 -1.70953243 -0.65167367 -0.93186008]
2020-08-01 18:05:25,669 - root - DEBUG - Updating hall of fame
2020-08-01 18:05:25,852 - root - INFO - Completed generation 120; 1.3s elapsed, 1.8s avg, 2.1e+02s total. Expected time remaining: 1.4e+02s
2020-08-01 18:05:25,912 - root - INFO - #120 MAX:accuracy.mean: 0.6
2020-08-01 18:05:26,018 - root - DEBUG - Sampled weight [ 1.62561798  1.7242242  -0.95586876 -0.05917363 -1.83106881]
2020-08-01 18:05:27,091 - root - DEBUG - Updating hall of fame
2020-08-01 18:05:27,643 - root - INFO - Completed generation 121; 1.7s elapsed, 1.8s avg, 2.1e+02s total. Expected time remaining: 1.4e+02s
2020-08-01 18:05:27,703 - root - INFO - #121 MAX:accuracy.mean: 0.56
2020-08-01 18:05:27,742 - root - DEBUG - Sampled weight [ 1.91900963 -0.63980921  0.65964639  1.44938855  1.62673865]
2020-08-01 18:05:28,807 - root - DEBUG - Updating hall of fame
2020-08-01 18:05:28,807 - root - INFO - Completed generation 122; 1.1s elapsed, 1.8s avg, 2.2e+02s total. Expected time remaining: 1.4e+02s
2020-08-01 18:05:28,867 - root - INFO - #122 MAX:accuracy.mean: 0.62
2020-08-01 18:05:28,906 - root - DEBUG - Sampled weight [-1.52443461  1.58532207  1.3000862   0.83444185  1.2437938 ]
2020-08-01 18:05:29,967 - root - DEBUG - Updating hall of fame
2020-08-01 18:05:30,330 - root - INFO - Completed generation 123; 1.5s elapsed, 1.8s avg, 2.2e+02s total. Expected time remaining: 1.4e+02s
2020-08-01 18:05:30,390 - root - INFO - #123 MAX:accuracy.mean: 0.61
2020-08-01 18:05:30,430 - root - DEBUG - Sampled weight [-1.29989231 -1.40543652  0.22175611 -1.95424228 -0.76082637]
2020-08-01 18:05:31,488 - root - DEBUG - Updating hall of fame
2020-08-01 18:05:32,027 - root - INFO - Completed generation 124; 1.6s elapsed, 1.8s avg, 2.2e+02s total. Expected time remaining: 1.3e+02s
2020-08-01 18:05:32,087 - root - INFO - #124 MAX:accuracy.mean: 0.63
2020-08-01 18:05:32,128 - root - DEBUG - Sampled weight [ 0.63080378 -0.64146096 -0.86104416 -1.5999411   0.15174028]
2020-08-01 18:05:33,191 - root - DEBUG - Updating hall of fame
2020-08-01 18:05:33,191 - root - INFO - Completed generation 125; 1.1s elapsed, 1.8s avg, 2.2e+02s total. Expected time remaining: 1.3e+02s
2020-08-01 18:05:33,252 - root - INFO - #125 MAX:accuracy.mean: 0.63
2020-08-01 18:05:33,292 - root - DEBUG - Sampled weight [-1.71952234 -1.89822873 -0.23165072  1.71138668 -1.04192489]
2020-08-01 18:05:34,361 - root - DEBUG - Updating hall of fame
2020-08-01 18:05:35,282 - root - INFO - Completed generation 126; 2.0s elapsed, 1.8s avg, 2.2e+02s total. Expected time remaining: 1.3e+02s
2020-08-01 18:05:35,342 - root - INFO - #126 MAX:accuracy.mean: 0.56
2020-08-01 18:05:35,381 - root - DEBUG - Sampled weight [1.16867611 0.25190363 0.38274034 1.86732467 0.39750847]
2020-08-01 18:05:36,445 - root - DEBUG - Updating hall of fame
2020-08-01 18:05:36,625 - root - INFO - Completed generation 127; 1.3s elapsed, 1.8s avg, 2.2e+02s total. Expected time remaining: 1.3e+02s
2020-08-01 18:05:36,685 - root - INFO - #127 MAX:accuracy.mean: 0.73
2020-08-01 18:05:36,726 - root - DEBUG - Sampled weight [-0.557      -1.71780395  1.9763721   0.51327585  0.93861618]
2020-08-01 18:05:37,794 - root - DEBUG - Updating hall of fame
2020-08-01 18:05:38,523 - root - INFO - Completed generation 128; 1.8s elapsed, 1.8s avg, 2.2e+02s total. Expected time remaining: 1.3e+02s
2020-08-01 18:05:38,583 - root - INFO - #128 MAX:accuracy.mean: 0.69
2020-08-01 18:05:38,623 - root - DEBUG - Sampled weight [-1.88238839  0.90902611  0.72746948  0.07085516  1.7162873 ]
2020-08-01 18:05:39,686 - root - DEBUG - Updating hall of fame
2020-08-01 18:05:40,048 - root - INFO - Completed generation 129; 1.5s elapsed, 1.8s avg, 2.3e+02s total. Expected time remaining: 1.2e+02s
2020-08-01 18:05:40,108 - root - INFO - #129 MAX:accuracy.mean: 0.56
2020-08-01 18:05:40,148 - root - DEBUG - Sampled weight [ 0.66094086 -1.14038392  1.57377778  0.83528724 -1.59752745]
2020-08-01 18:05:41,213 - root - DEBUG - Updating hall of fame
2020-08-01 18:05:41,935 - root - INFO - Completed generation 130; 1.8s elapsed, 1.8s avg, 2.3e+02s total. Expected time remaining: 1.2e+02s
2020-08-01 18:05:41,995 - root - INFO - #130 MAX:accuracy.mean: 0.61
2020-08-01 18:05:42,118 - root - DEBUG - Sampled weight [ 0.32560035  0.16269555 -0.36227517 -0.41331065  1.29517379]
2020-08-01 18:05:43,188 - root - DEBUG - Updating hall of fame
2020-08-01 18:05:44,118 - root - INFO - Completed generation 131; 2.0s elapsed, 1.8s avg, 2.3e+02s total. Expected time remaining: 1.2e+02s
2020-08-01 18:05:44,178 - root - INFO - #131 MAX:accuracy.mean: 0.65
2020-08-01 18:05:44,218 - root - DEBUG - Sampled weight [-0.80344241 -0.98711247  1.06573635  0.19439416  0.8668652 ]
2020-08-01 18:05:45,286 - root - DEBUG - Updating hall of fame
2020-08-01 18:05:46,018 - root - INFO - Completed generation 132; 1.8s elapsed, 1.8s avg, 2.3e+02s total. Expected time remaining: 1.2e+02s
2020-08-01 18:05:46,078 - root - INFO - #132 MAX:accuracy.mean: 0.65
2020-08-01 18:05:46,120 - root - DEBUG - Sampled weight [ 1.2147643   1.87591152 -1.96218302 -0.01886347 -1.3722317 ]
2020-08-01 18:05:47,198 - root - DEBUG - Updating hall of fame
2020-08-01 18:05:47,751 - root - INFO - Completed generation 133; 1.7s elapsed, 1.8s avg, 2.3e+02s total. Expected time remaining: 1.2e+02s
2020-08-01 18:05:47,811 - root - INFO - #133 MAX:accuracy.mean: 0.57
2020-08-01 18:05:47,852 - root - DEBUG - Sampled weight [-1.06420345 -0.81363366 -1.0476392   0.20298471  1.33809779]
2020-08-01 18:05:48,921 - root - DEBUG - Updating hall of fame
2020-08-01 18:05:48,921 - root - INFO - Completed generation 134; 1.1s elapsed, 1.8s avg, 2.3e+02s total. Expected time remaining: 1.2e+02s
2020-08-01 18:05:48,982 - root - INFO - #134 MAX:accuracy.mean: 0.6
2020-08-01 18:05:49,021 - root - DEBUG - Sampled weight [-0.19493763  0.73112366  0.28418884  1.74123562  0.35932567]
2020-08-01 18:05:50,084 - root - DEBUG - Updating hall of fame
2020-08-01 18:05:50,465 - root - INFO - Completed generation 135; 1.5s elapsed, 1.7s avg, 2.4e+02s total. Expected time remaining: 1.1e+02s
2020-08-01 18:05:50,529 - root - INFO - #135 MAX:accuracy.mean: 0.64
2020-08-01 18:05:50,572 - root - DEBUG - Sampled weight [-0.13435476  1.1037701  -1.99488075 -1.08168215 -0.58131025]
2020-08-01 18:05:51,731 - root - DEBUG - Updating hall of fame
2020-08-01 18:05:52,725 - root - INFO - Completed generation 136; 2.2s elapsed, 1.8s avg, 2.4e+02s total. Expected time remaining: 1.1e+02s
2020-08-01 18:05:52,790 - root - INFO - #136 MAX:accuracy.mean: 0.6
2020-08-01 18:05:52,832 - root - DEBUG - Sampled weight [-0.60724676 -0.67844873  0.95265847 -0.58613368  0.38321981]
2020-08-01 18:05:53,975 - root - DEBUG - Updating hall of fame
2020-08-01 18:05:54,559 - root - INFO - Completed generation 137; 1.8s elapsed, 1.8s avg, 2.4e+02s total. Expected time remaining: 1.1e+02s
2020-08-01 18:05:54,619 - root - INFO - #137 MAX:accuracy.mean: 0.84
2020-08-01 18:05:54,659 - root - DEBUG - Sampled weight [ 0.36492378 -1.9554474   0.07996097 -0.60921266  0.78677144]
2020-08-01 18:05:55,745 - root - DEBUG - Updating hall of fame
2020-08-01 18:05:56,681 - root - INFO - Completed generation 138; 2.1s elapsed, 1.8s avg, 2.4e+02s total. Expected time remaining: 1.1e+02s
2020-08-01 18:05:56,741 - root - INFO - #138 MAX:accuracy.mean: 0.68
2020-08-01 18:05:56,781 - root - DEBUG - Sampled weight [-1.08014571  1.79566286  1.51033884  0.8193927   1.19023178]
2020-08-01 18:05:57,864 - root - DEBUG - Updating hall of fame
2020-08-01 18:05:58,426 - root - INFO - Completed generation 139; 1.7s elapsed, 1.8s avg, 2.4e+02s total. Expected time remaining: 1.1e+02s
2020-08-01 18:05:58,486 - root - INFO - #139 MAX:accuracy.mean: 0.58
2020-08-01 18:05:58,526 - root - DEBUG - Sampled weight [-1.81515011  1.79255929  0.69590171  0.60008407  1.41362586]
2020-08-01 18:05:59,590 - root - DEBUG - Updating hall of fame
2020-08-01 18:05:59,770 - root - INFO - Completed generation 140; 1.3s elapsed, 1.8s avg, 2.5e+02s total. Expected time remaining: 1.1e+02s
2020-08-01 18:05:59,830 - root - INFO - #140 MAX:accuracy.mean: 0.68
2020-08-01 18:05:59,947 - root - DEBUG - Sampled weight [ 0.99755736  1.47193395 -0.5325891  -0.45557592  1.34650453]
2020-08-01 18:06:01,004 - root - DEBUG - Updating hall of fame
2020-08-01 18:06:01,368 - root - INFO - Completed generation 141; 1.5s elapsed, 1.7s avg, 2.5e+02s total. Expected time remaining: 1e+02s
2020-08-01 18:06:01,433 - root - INFO - #141 MAX:accuracy.mean: 0.67
2020-08-01 18:06:01,475 - root - DEBUG - Sampled weight [-1.24991362 -1.32040229  0.36503314 -1.93512012 -0.04662558]
2020-08-01 18:06:02,605 - root - DEBUG - Updating hall of fame
2020-08-01 18:06:03,158 - root - INFO - Completed generation 142; 1.7s elapsed, 1.7s avg, 2.5e+02s total. Expected time remaining: 1e+02s
2020-08-01 18:06:03,219 - root - INFO - #142 MAX:accuracy.mean: 0.58
2020-08-01 18:06:03,259 - root - DEBUG - Sampled weight [-1.31456547 -0.9902837   0.13094163 -0.6866495   0.94063847]
2020-08-01 18:06:04,318 - root - DEBUG - Updating hall of fame
2020-08-01 18:06:04,318 - root - INFO - Completed generation 143; 1.1s elapsed, 1.7s avg, 2.5e+02s total. Expected time remaining: 9.9e+01s
2020-08-01 18:06:04,378 - root - INFO - #143 MAX:accuracy.mean: 0.6
2020-08-01 18:06:04,419 - root - DEBUG - Sampled weight [-0.57916156 -0.57574244 -0.49911201 -1.22283809  1.0204015 ]
2020-08-01 18:06:05,485 - root - DEBUG - Updating hall of fame
2020-08-01 18:06:06,223 - root - INFO - Completed generation 144; 1.8s elapsed, 1.7s avg, 2.5e+02s total. Expected time remaining: 9.8e+01s
2020-08-01 18:06:06,283 - root - INFO - #144 MAX:accuracy.mean: 0.76
2020-08-01 18:06:06,322 - root - DEBUG - Sampled weight [ 0.14577614 -1.19914775 -1.15785045 -1.23951153 -0.84477417]
2020-08-01 18:06:07,389 - root - DEBUG - Updating hall of fame
2020-08-01 18:06:08,318 - root - INFO - Completed generation 145; 2.0s elapsed, 1.7s avg, 2.5e+02s total. Expected time remaining: 9.6e+01s
2020-08-01 18:06:08,378 - root - INFO - #145 MAX:accuracy.mean: 0.63
2020-08-01 18:06:08,417 - root - DEBUG - Sampled weight [ 1.32391789  1.22667184  1.1540497  -1.79459622 -0.82356477]
2020-08-01 18:06:09,475 - root - DEBUG - Updating hall of fame
2020-08-01 18:06:09,670 - root - INFO - Completed generation 146; 1.3s elapsed, 1.7s avg, 2.5e+02s total. Expected time remaining: 9.4e+01s
2020-08-01 18:06:09,730 - root - INFO - #146 MAX:accuracy.mean: 0.59
2020-08-01 18:06:09,770 - root - DEBUG - Sampled weight [ 0.05065793 -1.17838482  1.8322946  -0.77002791  0.99911297]
2020-08-01 18:06:10,819 - root - DEBUG - Updating hall of fame
2020-08-01 18:06:11,741 - root - INFO - Completed generation 147; 2.0s elapsed, 1.7s avg, 2.6e+02s total. Expected time remaining: 9.2e+01s
2020-08-01 18:06:11,801 - root - INFO - #147 MAX:accuracy.mean: 0.58
2020-08-01 18:06:11,839 - root - DEBUG - Sampled weight [-1.85084821  0.17957356 -1.13668792  1.41086294 -0.43513762]
2020-08-01 18:06:12,894 - root - DEBUG - Updating hall of fame
2020-08-01 18:06:13,085 - root - INFO - Completed generation 148; 1.3s elapsed, 1.7s avg, 2.6e+02s total. Expected time remaining: 9.1e+01s
2020-08-01 18:06:13,145 - root - INFO - #148 MAX:accuracy.mean: 0.61
2020-08-01 18:06:13,185 - root - DEBUG - Sampled weight [ 0.23905059  0.43014752  0.36729941  0.32561299 -0.01276481]
2020-08-01 18:06:14,239 - root - DEBUG - Updating hall of fame
2020-08-01 18:06:14,976 - root - INFO - Completed generation 149; 1.8s elapsed, 1.7s avg, 2.6e+02s total. Expected time remaining: 8.9e+01s
2020-08-01 18:06:15,036 - root - INFO - #149 MAX:accuracy.mean: 0.73
2020-08-01 18:06:15,075 - root - DEBUG - Sampled weight [-1.39965755 -0.92084221 -0.86735194 -0.65580052 -1.30525311]
2020-08-01 18:06:16,142 - root - DEBUG - Updating hall of fame
2020-08-01 18:06:17,074 - root - INFO - Completed generation 150; 2.0s elapsed, 1.7s avg, 2.6e+02s total. Expected time remaining: 8.7e+01s
2020-08-01 18:06:17,134 - root - INFO - #150 MAX:accuracy.mean: 0.66
2020-08-01 18:06:17,270 - root - DEBUG - Sampled weight [ 1.6844378  -1.94104041 -1.17907965  1.95004459  1.61796251]
2020-08-01 18:06:18,342 - root - DEBUG - Updating hall of fame
2020-08-01 18:06:19,093 - root - INFO - Completed generation 151; 1.9s elapsed, 1.7s avg, 2.6e+02s total. Expected time remaining: 8.6e+01s
2020-08-01 18:06:19,153 - root - INFO - #151 MAX:accuracy.mean: 0.61
2020-08-01 18:06:19,193 - root - DEBUG - Sampled weight [-1.80643768 -1.26398693 -0.76786964 -0.36344679 -1.8952805 ]
2020-08-01 18:06:20,284 - root - DEBUG - Updating hall of fame
2020-08-01 18:06:20,682 - root - INFO - Completed generation 152; 1.5s elapsed, 1.7s avg, 2.7e+02s total. Expected time remaining: 8.4e+01s
2020-08-01 18:06:20,746 - root - INFO - #152 MAX:accuracy.mean: 0.63
2020-08-01 18:06:20,789 - root - DEBUG - Sampled weight [ 0.1683007  -0.28947423 -1.07892063 -1.51248587 -1.47245619]
2020-08-01 18:06:21,917 - root - DEBUG - Updating hall of fame
2020-08-01 18:06:22,711 - root - INFO - Completed generation 153; 2.0s elapsed, 1.7s avg, 2.7e+02s total. Expected time remaining: 8.2e+01s
2020-08-01 18:06:22,776 - root - INFO - #153 MAX:accuracy.mean: 0.63
2020-08-01 18:06:22,818 - root - DEBUG - Sampled weight [ 0.65339505  1.33055526  0.12689833 -1.1509749  -0.13188091]
2020-08-01 18:06:23,943 - root - DEBUG - Updating hall of fame
2020-08-01 18:06:24,156 - root - INFO - Completed generation 154; 1.4s elapsed, 1.7s avg, 2.7e+02s total. Expected time remaining: 8e+01s
2020-08-01 18:06:24,220 - root - INFO - #154 MAX:accuracy.mean: 0.58
2020-08-01 18:06:24,263 - root - DEBUG - Sampled weight [-1.01756124  0.65249992 -1.67822639 -0.59520295  0.14700685]
2020-08-01 18:06:25,394 - root - DEBUG - Updating hall of fame
2020-08-01 18:06:26,176 - root - INFO - Completed generation 155; 2.0s elapsed, 1.7s avg, 2.7e+02s total. Expected time remaining: 7.8e+01s
2020-08-01 18:06:26,238 - root - INFO - #155 MAX:accuracy.mean: 0.65
2020-08-01 18:06:26,278 - root - DEBUG - Sampled weight [ 1.16739601 -1.52161491  1.38006311 -1.05098622 -0.58111191]
2020-08-01 18:06:27,342 - root - DEBUG - Updating hall of fame
2020-08-01 18:06:28,255 - root - INFO - Completed generation 156; 2.0s elapsed, 1.7s avg, 2.7e+02s total. Expected time remaining: 7.7e+01s
2020-08-01 18:06:28,315 - root - INFO - #156 MAX:accuracy.mean: 0.64
2020-08-01 18:06:28,355 - root - DEBUG - Sampled weight [-1.10452420e+00 -6.64144976e-06  1.86653518e+00 -1.07096947e+00
 -1.97593712e+00]
2020-08-01 18:06:29,413 - root - DEBUG - Updating hall of fame
2020-08-01 18:06:29,973 - root - INFO - Completed generation 157; 1.7s elapsed, 1.7s avg, 2.7e+02s total. Expected time remaining: 7.5e+01s
2020-08-01 18:06:30,033 - root - INFO - #157 MAX:accuracy.mean: 0.57
2020-08-01 18:06:30,073 - root - DEBUG - Sampled weight [-0.32280312 -0.88129221 -0.42830735  1.91015249  0.60459228]
2020-08-01 18:06:31,133 - root - DEBUG - Updating hall of fame
2020-08-01 18:06:31,133 - root - INFO - Completed generation 158; 1.1s elapsed, 1.7s avg, 2.8e+02s total. Expected time remaining: 7.3e+01s
2020-08-01 18:06:31,193 - root - INFO - #158 MAX:accuracy.mean: 0.65
2020-08-01 18:06:31,234 - root - DEBUG - Sampled weight [ 1.95199285 -1.43582126 -1.54148021 -1.4981208   1.72095923]
2020-08-01 18:06:32,300 - root - DEBUG - Updating hall of fame
2020-08-01 18:06:32,879 - root - INFO - Completed generation 159; 1.7s elapsed, 1.7s avg, 2.8e+02s total. Expected time remaining: 7.1e+01s
2020-08-01 18:06:32,944 - root - INFO - #159 MAX:accuracy.mean: 0.57
2020-08-01 18:06:32,987 - root - DEBUG - Sampled weight [-1.65471333 -1.60189045  1.32301607 -0.25759471  0.96215081]
2020-08-01 18:06:34,133 - root - DEBUG - Updating hall of fame
2020-08-01 18:06:34,327 - root - INFO - Completed generation 160; 1.4s elapsed, 1.7s avg, 2.8e+02s total. Expected time remaining: 7e+01s
2020-08-01 18:06:34,391 - root - INFO - #160 MAX:accuracy.mean: 0.58
2020-08-01 18:06:34,524 - root - DEBUG - Sampled weight [ 1.43788069  0.99441529 -1.19976862  0.60640122  0.74142666]
2020-08-01 18:06:35,663 - root - DEBUG - Updating hall of fame
2020-08-01 18:06:36,053 - root - INFO - Completed generation 161; 1.6s elapsed, 1.7s avg, 2.8e+02s total. Expected time remaining: 6.8e+01s
2020-08-01 18:06:36,117 - root - INFO - #161 MAX:accuracy.mean: 0.66
2020-08-01 18:06:36,160 - root - DEBUG - Sampled weight [-1.05303056  1.51027098  0.41623423 -1.14835504  0.23337105]
2020-08-01 18:06:37,300 - root - DEBUG - Updating hall of fame
2020-08-01 18:06:38,285 - root - INFO - Completed generation 162; 2.2s elapsed, 1.7s avg, 2.8e+02s total. Expected time remaining: 6.6e+01s
2020-08-01 18:06:38,348 - root - INFO - #162 MAX:accuracy.mean: 0.61
2020-08-01 18:06:38,389 - root - DEBUG - Sampled weight [ 0.90119073 -0.42404719  0.79604315 -0.10946078  1.77278624]
2020-08-01 18:06:39,456 - root - DEBUG - Updating hall of fame
2020-08-01 18:06:39,640 - root - INFO - Completed generation 163; 1.3s elapsed, 1.7s avg, 2.8e+02s total. Expected time remaining: 6.4e+01s
2020-08-01 18:06:39,700 - root - INFO - #163 MAX:accuracy.mean: 0.57
2020-08-01 18:06:39,740 - root - DEBUG - Sampled weight [0.16733496 1.37001137 0.33122179 0.43131783 0.76138698]
2020-08-01 18:06:40,810 - root - DEBUG - Updating hall of fame
2020-08-01 18:06:41,724 - root - INFO - Completed generation 164; 2.0s elapsed, 1.7s avg, 2.9e+02s total. Expected time remaining: 6.3e+01s
2020-08-01 18:06:41,784 - root - INFO - #164 MAX:accuracy.mean: 0.64
2020-08-01 18:06:41,823 - root - DEBUG - Sampled weight [ 0.00768503 -0.50414205  1.31846285  0.69555454 -0.98510257]
2020-08-01 18:06:42,888 - root - DEBUG - Updating hall of fame
2020-08-01 18:06:43,812 - root - INFO - Completed generation 165; 2.0s elapsed, 1.7s avg, 2.9e+02s total. Expected time remaining: 6.1e+01s
2020-08-01 18:06:43,872 - root - INFO - #165 MAX:accuracy.mean: 0.63
2020-08-01 18:06:43,912 - root - DEBUG - Sampled weight [-0.85928656  1.67773597 -1.58398047 -1.29755038  1.61579304]
2020-08-01 18:06:44,977 - root - DEBUG - Updating hall of fame
2020-08-01 18:06:45,709 - root - INFO - Completed generation 166; 1.8s elapsed, 1.7s avg, 2.9e+02s total. Expected time remaining: 5.9e+01s
2020-08-01 18:06:45,769 - root - INFO - #166 MAX:accuracy.mean: 0.56
2020-08-01 18:06:45,809 - root - DEBUG - Sampled weight [ 0.77644545  1.39527543 -0.2522544  -0.7743751  -0.51508788]
2020-08-01 18:06:46,870 - root - DEBUG - Updating hall of fame
2020-08-01 18:06:46,870 - root - INFO - Completed generation 167; 1.1s elapsed, 1.7s avg, 2.9e+02s total. Expected time remaining: 5.7e+01s
2020-08-01 18:06:46,930 - root - INFO - #167 MAX:accuracy.mean: 0.7
2020-08-01 18:06:46,969 - root - DEBUG - Sampled weight [-1.45700614  1.16820165  1.8282149  -1.54772469 -1.82004889]
2020-08-01 18:06:48,034 - root - DEBUG - Updating hall of fame
2020-08-01 18:06:48,947 - root - INFO - Completed generation 168; 2.0s elapsed, 1.7s avg, 2.9e+02s total. Expected time remaining: 5.6e+01s
2020-08-01 18:06:49,007 - root - INFO - #168 MAX:accuracy.mean: 0.56
2020-08-01 18:06:49,046 - root - DEBUG - Sampled weight [ 0.23723441  0.82430859  0.75650016 -1.86254868 -0.60326846]
2020-08-01 18:06:50,105 - root - DEBUG - Updating hall of fame
2020-08-01 18:06:50,105 - root - INFO - Completed generation 169; 1.1s elapsed, 1.7s avg, 2.9e+02s total. Expected time remaining: 5.4e+01s
2020-08-01 18:06:50,165 - root - INFO - #169 MAX:accuracy.mean: 0.63
2020-08-01 18:06:50,205 - root - DEBUG - Sampled weight [-0.68715731 -0.8734207   1.23848483 -0.73306923 -1.7130399 ]
2020-08-01 18:06:51,263 - root - DEBUG - Updating hall of fame
2020-08-01 18:06:52,168 - root - INFO - Completed generation 170; 2.0s elapsed, 1.7s avg, 3e+02s total. Expected time remaining: 5.2e+01s
2020-08-01 18:06:52,228 - root - INFO - #170 MAX:accuracy.mean: 0.62
2020-08-01 18:06:52,385 - root - DEBUG - Sampled weight [-1.98563768  1.01605903 -1.45401474  1.62664054 -0.74429813]
2020-08-01 18:06:53,461 - root - DEBUG - Updating hall of fame
2020-08-01 18:06:53,652 - root - INFO - Completed generation 171; 1.3s elapsed, 1.7s avg, 3e+02s total. Expected time remaining: 5e+01s
2020-08-01 18:06:53,712 - root - INFO - #171 MAX:accuracy.mean: 0.65
2020-08-01 18:06:53,753 - root - DEBUG - Sampled weight [-0.67725571 -1.46377305  0.87658648  1.21023016 -1.65302692]
2020-08-01 18:06:54,823 - root - DEBUG - Updating hall of fame
2020-08-01 18:06:55,186 - root - INFO - Completed generation 172; 1.5s elapsed, 1.7s avg, 3e+02s total. Expected time remaining: 4.9e+01s
2020-08-01 18:06:55,246 - root - INFO - #172 MAX:accuracy.mean: 0.63
2020-08-01 18:06:55,286 - root - DEBUG - Sampled weight [ 1.07293349 -0.19632967  0.76115557 -0.87728064 -0.55148561]
2020-08-01 18:06:56,356 - root - DEBUG - Updating hall of fame
2020-08-01 18:06:56,909 - root - INFO - Completed generation 173; 1.7s elapsed, 1.7s avg, 3e+02s total. Expected time remaining: 4.7e+01s
2020-08-01 18:06:56,969 - root - INFO - #173 MAX:accuracy.mean: 0.62
2020-08-01 18:06:57,009 - root - DEBUG - Sampled weight [ 0.60476707 -1.82194773 -1.04418386  1.30506865 -0.90030708]
2020-08-01 18:06:58,083 - root - DEBUG - Updating hall of fame
2020-08-01 18:06:58,995 - root - INFO - Completed generation 174; 2.0s elapsed, 1.7s avg, 3e+02s total. Expected time remaining: 4.5e+01s
2020-08-01 18:06:59,055 - root - INFO - #174 MAX:accuracy.mean: 0.66
2020-08-01 18:06:59,095 - root - DEBUG - Sampled weight [-1.94552593 -1.86616764 -1.28260095 -1.43891927 -1.08877107]
2020-08-01 18:07:00,167 - root - DEBUG - Updating hall of fame
2020-08-01 18:07:00,546 - root - INFO - Completed generation 175; 1.5s elapsed, 1.7s avg, 3e+02s total. Expected time remaining: 4.3e+01s
2020-08-01 18:07:00,606 - root - INFO - #175 MAX:accuracy.mean: 0.66
2020-08-01 18:07:00,646 - root - DEBUG - Sampled weight [ 1.00114843 -0.13083838 -1.15570519  1.2643317  -0.80555498]
2020-08-01 18:07:01,703 - root - DEBUG - Updating hall of fame
2020-08-01 18:07:01,888 - root - INFO - Completed generation 176; 1.3s elapsed, 1.7s avg, 3e+02s total. Expected time remaining: 4.2e+01s
2020-08-01 18:07:01,950 - root - INFO - #176 MAX:accuracy.mean: 0.58
2020-08-01 18:07:01,991 - root - DEBUG - Sampled weight [ 0.5307551   0.47831124 -0.01958183  1.62796055 -0.07932574]
2020-08-01 18:07:03,134 - root - DEBUG - Updating hall of fame
2020-08-01 18:07:03,922 - root - INFO - Completed generation 177; 2.0s elapsed, 1.7s avg, 3.1e+02s total. Expected time remaining: 4e+01s
2020-08-01 18:07:03,986 - root - INFO - #177 MAX:accuracy.mean: 0.59
2020-08-01 18:07:04,029 - root - DEBUG - Sampled weight [0.56710807 1.40541592 0.32741764 1.16173174 0.02319637]
2020-08-01 18:07:05,177 - root - DEBUG - Updating hall of fame
2020-08-01 18:07:05,785 - root - INFO - Completed generation 178; 1.8s elapsed, 1.7s avg, 3.1e+02s total. Expected time remaining: 3.8e+01s
2020-08-01 18:07:05,848 - root - INFO - #178 MAX:accuracy.mean: 0.61
2020-08-01 18:07:05,889 - root - DEBUG - Sampled weight [-1.18629842  1.37534488  0.19272255 -0.78169953  1.97645083]
2020-08-01 18:07:06,970 - root - DEBUG - Updating hall of fame
2020-08-01 18:07:07,708 - root - INFO - Completed generation 179; 1.9s elapsed, 1.7s avg, 3.1e+02s total. Expected time remaining: 3.6e+01s
2020-08-01 18:07:07,768 - root - INFO - #179 MAX:accuracy.mean: 0.57
2020-08-01 18:07:07,810 - root - DEBUG - Sampled weight [ 1.7367944   1.20850634  0.78862528 -1.93589178  0.66256607]
2020-08-01 18:07:08,880 - root - DEBUG - Updating hall of fame
2020-08-01 18:07:08,880 - root - INFO - Completed generation 180; 1.1s elapsed, 1.7s avg, 3.1e+02s total. Expected time remaining: 3.5e+01s
2020-08-01 18:07:08,941 - root - INFO - #180 MAX:accuracy.mean: 0.6
2020-08-01 18:07:09,091 - root - DEBUG - Sampled weight [ 1.69353235  1.00542719  1.06374134  1.8881483  -0.23688383]
2020-08-01 18:07:10,168 - root - DEBUG - Updating hall of fame
2020-08-01 18:07:10,531 - root - INFO - Completed generation 181; 1.5s elapsed, 1.7s avg, 3.1e+02s total. Expected time remaining: 3.3e+01s
2020-08-01 18:07:10,591 - root - INFO - #181 MAX:accuracy.mean: 0.59
2020-08-01 18:07:10,631 - root - DEBUG - Sampled weight [-1.43489811  1.26368063 -1.60540822  1.04170969 -1.87784157]
2020-08-01 18:07:11,702 - root - DEBUG - Updating hall of fame
2020-08-01 18:07:11,886 - root - INFO - Completed generation 182; 1.3s elapsed, 1.7s avg, 3.1e+02s total. Expected time remaining: 3.1e+01s
2020-08-01 18:07:11,946 - root - INFO - #182 MAX:accuracy.mean: 0.57
2020-08-01 18:07:11,987 - root - DEBUG - Sampled weight [-1.910044   -0.61958917 -1.24712583 -1.20670874  1.79215139]
2020-08-01 18:07:13,063 - root - DEBUG - Updating hall of fame
2020-08-01 18:07:13,427 - root - INFO - Completed generation 183; 1.5s elapsed, 1.7s avg, 3.2e+02s total. Expected time remaining: 2.9e+01s
2020-08-01 18:07:13,487 - root - INFO - #183 MAX:accuracy.mean: 0.65
2020-08-01 18:07:13,527 - root - DEBUG - Sampled weight [ 1.49025413 -0.0798815   0.97355338 -0.73211819 -1.55885704]
2020-08-01 18:07:14,593 - root - DEBUG - Updating hall of fame
2020-08-01 18:07:14,593 - root - INFO - Completed generation 184; 1.1s elapsed, 1.7s avg, 3.2e+02s total. Expected time remaining: 2.8e+01s
2020-08-01 18:07:14,653 - root - INFO - #184 MAX:accuracy.mean: 0.56
2020-08-01 18:07:14,693 - root - DEBUG - Sampled weight [-0.98891502 -0.71624844  1.50282969 -0.86446918  1.07999951]
2020-08-01 18:07:15,759 - root - DEBUG - Updating hall of fame
2020-08-01 18:07:16,124 - root - INFO - Completed generation 185; 1.5s elapsed, 1.7s avg, 3.2e+02s total. Expected time remaining: 2.6e+01s
2020-08-01 18:07:16,183 - root - INFO - #185 MAX:accuracy.mean: 0.65
2020-08-01 18:07:16,224 - root - DEBUG - Sampled weight [-0.67959171 -0.13466931  1.86280475  0.65132133  0.50984416]
2020-08-01 18:07:17,297 - root - DEBUG - Updating hall of fame
2020-08-01 18:07:18,043 - root - INFO - Completed generation 186; 1.9s elapsed, 1.7s avg, 3.2e+02s total. Expected time remaining: 2.4e+01s
2020-08-01 18:07:18,103 - root - INFO - #186 MAX:accuracy.mean: 0.64
2020-08-01 18:07:18,143 - root - DEBUG - Sampled weight [-0.0388314   0.06684703 -1.88507298  1.19371788 -0.67693077]
2020-08-01 18:07:19,217 - root - DEBUG - Updating hall of fame
2020-08-01 18:07:19,951 - root - INFO - Completed generation 187; 1.8s elapsed, 1.7s avg, 3.2e+02s total. Expected time remaining: 2.2e+01s
2020-08-01 18:07:20,011 - root - INFO - #187 MAX:accuracy.mean: 0.56
2020-08-01 18:07:20,052 - root - DEBUG - Sampled weight [-1.35909518  1.48989579 -0.04749637  1.63034136  0.46310564]
2020-08-01 18:07:21,122 - root - DEBUG - Updating hall of fame
2020-08-01 18:07:21,502 - root - INFO - Completed generation 188; 1.5s elapsed, 1.7s avg, 3.2e+02s total. Expected time remaining: 2.1e+01s
2020-08-01 18:07:21,562 - root - INFO - #188 MAX:accuracy.mean: 0.56
2020-08-01 18:07:21,601 - root - DEBUG - Sampled weight [ 0.97712727  0.05280115  0.16719632  1.66774553 -1.86722165]
2020-08-01 18:07:22,660 - root - DEBUG - Updating hall of fame
2020-08-01 18:07:23,206 - root - INFO - Completed generation 189; 1.6s elapsed, 1.7s avg, 3.2e+02s total. Expected time remaining: 1.9e+01s
2020-08-01 18:07:23,266 - root - INFO - #189 MAX:accuracy.mean: 0.56
2020-08-01 18:07:23,306 - root - DEBUG - Sampled weight [ 1.1930517  -1.11897988  0.65381649 -1.10996933  0.52990171]
2020-08-01 18:07:24,380 - root - DEBUG - Updating hall of fame
2020-08-01 18:07:24,561 - root - INFO - Completed generation 190; 1.3s elapsed, 1.7s avg, 3.3e+02s total. Expected time remaining: 1.7e+01s
2020-08-01 18:07:24,621 - root - INFO - #190 MAX:accuracy.mean: 0.66
2020-08-01 18:07:24,814 - root - DEBUG - Sampled weight [ 0.56735243  1.44296017  0.99644383  1.2482323  -0.97967393]
2020-08-01 18:07:25,895 - root - DEBUG - Updating hall of fame
2020-08-01 18:07:26,814 - root - INFO - Completed generation 191; 2.0s elapsed, 1.7s avg, 3.3e+02s total. Expected time remaining: 1.5e+01s
2020-08-01 18:07:26,875 - root - INFO - #191 MAX:accuracy.mean: 0.66
2020-08-01 18:07:26,915 - root - DEBUG - Sampled weight [-0.43488162  0.40715391 -0.88843247  0.51949253  0.32468653]
2020-08-01 18:07:27,983 - root - DEBUG - Updating hall of fame
2020-08-01 18:07:28,710 - root - INFO - Completed generation 192; 1.8s elapsed, 1.7s avg, 3.3e+02s total. Expected time remaining: 1.4e+01s
2020-08-01 18:07:28,770 - root - INFO - #192 MAX:accuracy.mean: 0.77
2020-08-01 18:07:28,810 - root - DEBUG - Sampled weight [-1.10468039 -0.89263481  0.74027484 -0.11353833 -0.71417836]
2020-08-01 18:07:29,887 - root - DEBUG - Updating hall of fame
2020-08-01 18:07:30,614 - root - INFO - Completed generation 193; 1.8s elapsed, 1.7s avg, 3.3e+02s total. Expected time remaining: 1.2e+01s
2020-08-01 18:07:30,674 - root - INFO - #193 MAX:accuracy.mean: 0.64
2020-08-01 18:07:30,714 - root - DEBUG - Sampled weight [-0.32748692 -0.40545962  1.00470313 -1.01359345 -1.68030762]
2020-08-01 18:07:31,771 - root - DEBUG - Updating hall of fame
2020-08-01 18:07:32,700 - root - INFO - Completed generation 194; 2.0s elapsed, 1.7s avg, 3.3e+02s total. Expected time remaining: 1e+01s
2020-08-01 18:07:32,760 - root - INFO - #194 MAX:accuracy.mean: 0.65
2020-08-01 18:07:32,800 - root - DEBUG - Sampled weight [-0.87020468  1.97840122  1.23367402  0.76866215 -0.49928053]
2020-08-01 18:07:33,878 - root - DEBUG - Updating hall of fame
2020-08-01 18:07:34,248 - root - INFO - Completed generation 195; 1.5s elapsed, 1.7s avg, 3.4e+02s total. Expected time remaining: 8.6s
2020-08-01 18:07:34,309 - root - INFO - #195 MAX:accuracy.mean: 0.68
2020-08-01 18:07:34,349 - root - DEBUG - Sampled weight [-0.18080184  1.67405413 -1.3955261   0.72154104  1.39742362]
2020-08-01 18:07:35,424 - root - DEBUG - Updating hall of fame
2020-08-01 18:07:36,352 - root - INFO - Completed generation 196; 2.0s elapsed, 1.7s avg, 3.4e+02s total. Expected time remaining: 6.9s
2020-08-01 18:07:36,412 - root - INFO - #196 MAX:accuracy.mean: 0.56
2020-08-01 18:07:36,452 - root - DEBUG - Sampled weight [-0.56573671 -1.49672306  1.42541168 -0.86457342 -1.4445871 ]
2020-08-01 18:07:37,516 - root - DEBUG - Updating hall of fame
2020-08-01 18:07:37,698 - root - INFO - Completed generation 197; 1.3s elapsed, 1.7s avg, 3.4e+02s total. Expected time remaining: 5.2s
2020-08-01 18:07:37,759 - root - INFO - #197 MAX:accuracy.mean: 0.63
2020-08-01 18:07:37,799 - root - DEBUG - Sampled weight [-0.50034795  0.22457954 -1.57207206  1.90930325 -0.28769816]
2020-08-01 18:07:38,872 - root - DEBUG - Updating hall of fame
2020-08-01 18:07:39,792 - root - INFO - Completed generation 198; 2.0s elapsed, 1.7s avg, 3.4e+02s total. Expected time remaining: 3.4s
2020-08-01 18:07:39,853 - root - INFO - #198 MAX:accuracy.mean: 0.62
2020-08-01 18:07:39,893 - root - DEBUG - Sampled weight [-0.84802514 -1.3784241   1.56241233  1.63816156 -0.97221226]
2020-08-01 18:07:40,963 - root - DEBUG - Updating hall of fame
2020-08-01 18:07:41,517 - root - INFO - Completed generation 199; 1.7s elapsed, 1.7s avg, 3.4e+02s total. Expected time remaining: 1.7s
2020-08-01 18:07:41,578 - root - INFO - #199 MAX:accuracy.mean: 0.58
2020-08-01 18:07:41,618 - root - DEBUG - Sampled weight [ 1.49727229  1.57335742 -0.30776216 -1.01560103  0.70991085]
2020-08-01 18:07:42,695 - root - DEBUG - Updating hall of fame
2020-08-01 18:07:42,879 - root - INFO - Completed generation 200; 1.3s elapsed, 1.7s avg, 3.4e+02s total. Expected time remaining: 0.0s
2020-08-01 18:07:42,939 - root - INFO - #200 MAX:accuracy.mean: 0.61
2020-08-01 18:07:43,143 - root - DEBUG - Loaded 150 samples.
2020-08-01 18:07:43,146 - root - INFO - Evaluating indivs in hall of fame.
2020-08-01 18:07:45,078 - root - INFO - Completed excution.
